EAL: Detected 44 lcore(s)
EAL: Detected 1 NUMA nodes
EAL: Multi-process socket /var/run/dpdk/rte/mp_socket
EAL: Selected IOVA mode 'PA'
EAL: No available hugepages reported in hugepages-1048576kB
[INFO] 单个Log Size为:1 GB
[INFO] 运行proto
[INFO] 运行cleanup
[INFO] 运行reload
[INFO] reload kv size 8
EAL: Probing VFIO support...
EAL: VFIO support initialized
EAL: PCI device 0000:03:00.0 on NUMA socket 0
EAL:   probe driver: 15b3:1017 net_mlx5
WEN: There are 1 device(s) available
starting port 0...
querying port 0...
port 0: 100 Gbps (full-duplex)
Adding UDP filter for each endpoint.
port_id/queue_id/udp_port = 0 0 0
Flow is created with src_port = 0, dst_port = 0
port_id/queue_id/udp_port = 0 1 1
Flow is created with src_port = 0, dst_port = 1
port_id/queue_id/udp_port = 0 2 2
Flow is created with src_port = 0, dst_port = 2
port_id/queue_id/udp_port = 0 3 3
Flow is created with src_port = 0, dst_port = 3
MEM: Initializing pages...
 == [STAT] Workers Start (4 threads in total) == 
trigger:90.000000 

[INFO]Current Time:       6.35 s

[P]indexs Load Factor:    0.0502 %

[P]full bucket LFactor:   0.0000 %

[P]set request:           34441 
[P]get request:           22312 

[P]Get Hit Rate:          44.6038 %
[P]ACC Hit Rate:          44.6038 %

[P]total cuckoo num:      0 
[P]total cuckoo path:     0 
[P]total cp perset:       0.000000 / set
[P]total cp percuckoo:    -nan / cuckoo num

[P]cuckoo path / s:       0 / s
[P]cp per set * s:        0 / set * s

[P]break loop / s:        0 / s
[P]break / set :          0 %

[P]Throughput:            82954.524 ops
[P]all request:           56753 o

[P]GetThroughput:         32612.925 ops
[P]SetThroughput:         50341.599 ops

[P]Valid Entries:         48648.978 / s
[P]set success:           50151.581 / s

[P]get found:             14546.604 / s

----------------------------------

[INFO]Current Time:       7.09 s

[P]indexs Load Factor:    0.2067 %

[P]full bucket LFactor:   0.0000 %

[P]set request:           149296 
[P]get request:           102212 

[P]Get Hit Rate:          54.4531 %
[P]ACC Hit Rate:          52.3031 %

[P]total cuckoo num:      0 
[P]total cuckoo path:     0 
[P]total cp perset:       0.000000 / set
[P]total cp percuckoo:    -nan / cuckoo num

[P]cuckoo path / s:       0 / s
[P]cp per set * s:        0 / set * s

[P]break loop / s:        0 / s
[P]break / set :          0 %

[P]Throughput:            263706.991 ops
[P]all request:           251508 o

[P]GetThroughput:         108188.178 ops
[P]SetThroughput:         155518.813 ops

[P]Valid Entries:         153939.997 / s
[P]set success:           156067.201 / s

[P]get found:             58911.780 / s

----------------------------------

[INFO]Current Time:       7.83 s

[P]indexs Load Factor:    1.8885 %

[P]full bucket LFactor:   0.0000 %

[P]set request:           1247083 
[P]get request:           899945 

[P]Get Hit Rate:          59.1326 %
[P]ACC Hit Rate:          58.3569 %

[P]total cuckoo num:      0 
[P]total cuckoo path:     0 
[P]total cp perset:       0.000000 / set
[P]total cp percuckoo:    -nan / cuckoo num

[P]cuckoo path / s:       0 / s
[P]cp per set * s:        0 / set * s

[P]break loop / s:        0 / s
[P]break / set :          0 %

[P]Throughput:            2566354.668 ops
[P]all request:           2147028 o

[P]GetThroughput:         1080054.976 ops
[P]SetThroughput:         1486299.692 ops

[P]Valid Entries:         1469448.986 / s
[P]set success:           1473317.094 / s

[P]get found:             638664.232 / s

----------------------------------

[INFO]Current Time:       8.57 s

[P]indexs Load Factor:    4.5754 %

[P]full bucket LFactor:   0.0002 %

[P]set request:           3574600 
[P]get request:           2721662 

[P]Get Hit Rate:          64.2014 %
[P]ACC Hit Rate:          62.2689 %

[P]total cuckoo num:      0 
[P]total cuckoo path:     0 
[P]total cp perset:       0.000000 / set
[P]total cp percuckoo:    -nan / cuckoo num

[P]cuckoo path / s:       0 / s
[P]cp per set * s:        0 / set * s

[P]break loop / s:        0 / s
[P]break / set :          0 %

[P]Throughput:            5628491.301 ops
[P]all request:           6296262 o

[P]GetThroughput:         2471183.425 ops
[P]SetThroughput:         3157307.876 ops

[P]Valid Entries:         3213276.260 / s
[P]set success:           3186729.294 / s

[P]get found:             1586534.602 / s

----------------------------------

[INFO]Current Time:       9.36 s

[P]indexs Load Factor:    7.3123 %

[P]full bucket LFactor:   0.0033 %

[P]set request:           6032582 
[P]get request:           4618436 

[P]Get Hit Rate:          70.8059 %
[P]ACC Hit Rate:          65.7750 %

[P]total cuckoo num:      0 
[P]total cuckoo path:     0 
[P]total cp perset:       0.000000 / set
[P]total cp percuckoo:    -nan / cuckoo num

[P]cuckoo path / s:       0 / s
[P]cp per set * s:        0 / set * s

[P]break loop / s:        0 / s
[P]break / set :          0 %

[P]Throughput:            5497811.584 ops
[P]all request:           10651018 o

[P]GetThroughput:         2394647.615 ops
[P]SetThroughput:         3103163.969 ops

[P]Valid Entries:         3066838.505 / s
[P]set success:           3120799.614 / s

[P]get found:             1695551.920 / s

----------------------------------

[INFO]Current Time:       10.20 s

[P]indexs Load Factor:    10.0972 %

[P]full bucket LFactor:   0.0193 %

[P]set request:           8577636 
[P]get request:           6675460 

[P]Get Hit Rate:          72.5409 %
[P]ACC Hit Rate:          67.8599 %

[P]total cuckoo num:      0 
[P]total cuckoo path:     0 
[P]total cp perset:       0.000000 / set
[P]total cp percuckoo:    -nan / cuckoo num

[P]cuckoo path / s:       0 / s
[P]cp per set * s:        0 / set * s

[P]break loop / s:        0 / s
[P]break / set :          0 %

[P]Throughput:            5470486.427 ops
[P]all request:           15253097 o

[P]GetThroughput:         2445182.247 ops
[P]SetThroughput:         3025302.991 ops

[P]Valid Entries:         2969056.134 / s
[P]set success:           2825913.008 / s

[P]get found:             1773757.538 / s

----------------------------------

[INFO]Current Time:       11.07 s

[P]indexs Load Factor:    12.9030 %

[P]full bucket LFactor:   0.0687 %

[P]set request:           11112939 
[P]get request:           8828995 

[P]Get Hit Rate:          75.1725 %
[P]ACC Hit Rate:          69.6436 %

[P]total cuckoo num:      0 
[P]total cuckoo path:     0 
[P]total cp perset:       0.000000 / set
[P]total cp percuckoo:    -nan / cuckoo num

[P]cuckoo path / s:       0 / s
[P]cp per set * s:        0 / set * s

[P]break loop / s:        0 / s
[P]break / set :          0 %

[P]Throughput:            5370443.023 ops
[P]all request:           19941935 o

[P]GetThroughput:         2466589.167 ops
[P]SetThroughput:         2903853.856 ops

[P]Valid Entries:         2932997.734 / s
[P]set success:           3007659.665 / s

[P]get found:             1854197.775 / s

----------------------------------

[INFO]Current Time:       11.96 s

[P]indexs Load Factor:    15.7038 %

[P]full bucket LFactor:   0.1806 %

[P]set request:           13770376 
[P]get request:           10973789 

[P]Get Hit Rate:          78.4298 %
[P]ACC Hit Rate:          71.3608 %

[P]total cuckoo num:      3 
[P]total cuckoo path:     0 
[P]total cp perset:       0.000000 / set
[P]total cp percuckoo:    0.000000 / cuckoo num

[P]cuckoo path / s:       0 / s
[P]cp per set * s:        0 / set * s

[P]break loop / s:        0 / s
[P]break / set :          0 %

[P]Throughput:            5387472.062 ops
[P]all request:           24744165 o

[P]GetThroughput:         2406177.495 ops
[P]SetThroughput:         2981295.688 ops

[P]Valid Entries:         2858182.927 / s
[P]set success:           2938788.079 / s

[P]get found:             1887159.474 / s

----------------------------------

[INFO]Current Time:       12.87 s

[P]indexs Load Factor:    18.5056 %

[P]full bucket LFactor:   0.3897 %

[P]set request:           16395310 
[P]get request:           13149363 

[P]Get Hit Rate:          81.5113 %
[P]ACC Hit Rate:          73.0402 %

[P]total cuckoo num:      20 
[P]total cuckoo path:     0 
[P]total cp perset:       0.000000 / set
[P]total cp percuckoo:    0.000000 / cuckoo num

[P]cuckoo path / s:       0 / s
[P]cp per set * s:        0 / set * s

[P]break loop / s:        0 / s
[P]break / set :          0 %

[P]Throughput:            5276041.910 ops
[P]all request:           29544673 o

[P]GetThroughput:         2391084.361 ops
[P]SetThroughput:         2884957.549 ops

[P]Valid Entries:         2801308.162 / s
[P]set success:           2839208.116 / s

[P]get found:             1949004.331 / s

----------------------------------

[INFO]Current Time:       13.80 s

[P]indexs Load Factor:    21.3124 %

[P]full bucket LFactor:   0.7303 %

[P]set request:           19075618 
[P]get request:           15362141 

[P]Get Hit Rate:          82.7996 %
[P]ACC Hit Rate:          74.4460 %

[P]total cuckoo num:      112 
[P]total cuckoo path:     0 
[P]total cp perset:       0.000000 / set
[P]total cp percuckoo:    0.000000 / cuckoo num

[P]cuckoo path / s:       0 / s
[P]cp per set * s:        0 / set * s

[P]break loop / s:        0 / s
[P]break / set :          0 %

[P]Throughput:            5308042.590 ops
[P]all request:           34437759 o

[P]GetThroughput:         2400431.929 ops
[P]SetThroughput:         2907610.661 ops

[P]Valid Entries:         2776278.782 / s
[P]set success:           2863172.722 / s

[P]get found:             1987547.674 / s

----------------------------------

[INFO]Current Time:       14.73 s

[P]indexs Load Factor:    24.1310 %

[P]full bucket LFactor:   1.2376 %

[P]set request:           21752879 
[P]get request:           17662742 

[P]Get Hit Rate:          80.1407 %
[P]ACC Hit Rate:          75.1877 %

[P]total cuckoo num:      433 
[P]total cuckoo path:     3 
[P]total cp perset:       0.000000 / set
[P]total cp percuckoo:    0.006928 / cuckoo num

[P]cuckoo path / s:       3.221 / s
[P]cp per set * s:        0.000001 / set * s

[P]break loop / s:        0 / s
[P]break / set :          0 %

[P]Throughput:            5345241.036 ops
[P]all request:           39415621 o

[P]GetThroughput:         2470391.279 ops
[P]SetThroughput:         2874849.757 ops

[P]Valid Entries:         2779875.141 / s
[P]set success:           2828082.433 / s

[P]get found:             1979789.137 / s

----------------------------------

[INFO]Current Time:       15.66 s

[P]indexs Load Factor:    26.9365 %

[P]full bucket LFactor:   1.9366 %

[P]set request:           24452459 
[P]get request:           19931349 

[P]Get Hit Rate:          85.0674 %
[P]ACC Hit Rate:          76.3122 %

[P]total cuckoo num:      1231 
[P]total cuckoo path:     16 
[P]total cp perset:       0.000001 / set
[P]total cp percuckoo:    0.012998 / cuckoo num

[P]cuckoo path / s:       13.858 / s
[P]cp per set * s:        0.000005 / set * s

[P]break loop / s:        0 / s
[P]break / set :          0 %

[P]Throughput:            5296014.842 ops
[P]all request:           44383808 o

[P]GetThroughput:         2418301.957 ops
[P]SetThroughput:         2877712.885 ops

[P]Valid Entries:         2738377.933 / s
[P]set success:           2748098.654 / s

[P]get found:             2057185.542 / s

----------------------------------

[INFO]Current Time:       16.61 s

[P]indexs Load Factor:    29.7213 %

[P]full bucket LFactor:   2.8310 %

[P]set request:           27100352 
[P]get request:           22102862 

[P]Get Hit Rate:          87.3324 %
[P]ACC Hit Rate:          77.3949 %

[P]total cuckoo num:      3020 
[P]total cuckoo path:     64 
[P]total cp perset:       0.000002 / set
[P]total cp percuckoo:    0.021192 / cuckoo num

[P]cuckoo path / s:       50.649 / s
[P]cp per set * s:        0.000019 / set * s

[P]break loop / s:        0 / s
[P]break / set :          0 %

[P]Throughput:            5085397.638 ops
[P]all request:           49203214 o

[P]GetThroughput:         2291362.687 ops
[P]SetThroughput:         2794034.951 ops

[P]Valid Entries:         2694146.276 / s
[P]set success:           2704065.078 / s

[P]get found:             2001102.640 / s

----------------------------------

[INFO]Current Time:       17.56 s

[P]indexs Load Factor:    32.4198 %

[P]full bucket LFactor:   3.8903 %

[P]set request:           29645021 
[P]get request:           24376190 

[P]Get Hit Rate:          85.4230 %
[P]ACC Hit Rate:          78.1436 %

[P]total cuckoo num:      6719 
[P]total cuckoo path:     172 
[P]total cp perset:       0.000006 / set
[P]total cp percuckoo:    0.025599 / cuckoo num

[P]cuckoo path / s:       113.534 / s
[P]cp per set * s:        0.000042 / set * s

[P]break loop / s:        0 / s
[P]break / set :          0 %

[P]Throughput:            5064890.715 ops
[P]all request:           54021211 o

[P]GetThroughput:         2389822.551 ops
[P]SetThroughput:         2675068.164 ops

[P]Valid Entries:         2619380.613 / s
[P]set success:           2712394.687 / s

[P]get found:             2041459.192 / s

----------------------------------

[INFO]Current Time:       18.52 s

[P]indexs Load Factor:    35.1971 %

[P]full bucket LFactor:   5.1916 %

[P]set request:           32258168 
[P]get request:           26685668 

[P]Get Hit Rate:          86.1560 %
[P]ACC Hit Rate:          78.8370 %

[P]total cuckoo num:      13401 
[P]total cuckoo path:     464 
[P]total cp perset:       0.000015 / set
[P]total cp percuckoo:    0.034624 / cuckoo num

[P]cuckoo path / s:       304.921 / s
[P]cp per set * s:        0.000114 / set * s

[P]break loop / s:        0 / s
[P]break / set :          0 %

[P]Throughput:            5140446.754 ops
[P]all request:           58943837 o

[P]GetThroughput:         2411669.846 ops
[P]SetThroughput:         2728775.864 ops

[P]Valid Entries:         2625821.277 / s
[P]set success:           2677489.668 / s

[P]get found:             2077797.369 / s

----------------------------------

[INFO]Current Time:       19.48 s

[P]indexs Load Factor:    37.8959 %

[P]full bucket LFactor:   6.6515 %

[P]set request:           34815947 
[P]get request:           28964477 

[P]Get Hit Rate:          86.6331 %
[P]ACC Hit Rate:          79.4504 %

[P]total cuckoo num:      24712 
[P]total cuckoo path:     1054 
[P]total cp perset:       0.000031 / set
[P]total cp percuckoo:    0.042651 / cuckoo num

[P]cuckoo path / s:       614.509 / s
[P]cp per set * s:        0.000231 / set * s

[P]break loop / s:        0 / s
[P]break / set :          0 %

[P]Throughput:            5037499.272 ops
[P]all request:           63780425 o

[P]GetThroughput:         2373470.446 ops
[P]SetThroughput:         2664028.826 ops

[P]Valid Entries:         2604752.708 / s
[P]set success:           2660387.603 / s

[P]get found:             2056210.109 / s

----------------------------------

[INFO]Current Time:       20.43 s

[P]indexs Load Factor:    40.6412 %

[P]full bucket LFactor:   8.3385 %

[P]set request:           37415725 
[P]get request:           31216742 

[P]Get Hit Rate:          90.1663 %
[P]ACC Hit Rate:          80.2235 %

[P]total cuckoo num:      43192 
[P]total cuckoo path:     2286 
[P]total cp perset:       0.000062 / set
[P]total cp percuckoo:    0.052926 / cuckoo num

[P]cuckoo path / s:       1301.818 / s
[P]cp per set * s:        0.000482 / set * s

[P]break loop / s:        0 / s
[P]break / set :          0 %

[P]Throughput:            5127007.671 ops
[P]all request:           68632467 o

[P]GetThroughput:         2379901.067 ops
[P]SetThroughput:         2747107.661 ops

[P]Valid Entries:         2639861.986 / s
[P]set success:           2698247.236 / s

[P]get found:             2145869.775 / s

----------------------------------

[INFO]Current Time:       21.39 s

[P]indexs Load Factor:    43.3480 %

[P]full bucket LFactor:   10.1797 %

[P]set request:           39974497 
[P]get request:           33513558 

[P]Get Hit Rate:          88.1162 %
[P]ACC Hit Rate:          80.7645 %

[P]total cuckoo num:      71372 
[P]total cuckoo path:     4455 
[P]total cp perset:       0.000113 / set
[P]total cp percuckoo:    0.062419 / cuckoo num

[P]cuckoo path / s:       2258.185 / s
[P]cp per set * s:        0.000850 / set * s

[P]break loop / s:        0 / s
[P]break / set :          0 %

[P]Throughput:            5055239.832 ops
[P]all request:           73488055 o

[P]GetThroughput:         2391256.369 ops
[P]SetThroughput:         2663983.463 ops

[P]Valid Entries:         2597334.215 / s
[P]set success:           2657834.621 / s

[P]get found:             2107085.306 / s

----------------------------------

[INFO]Current Time:       22.35 s

[P]indexs Load Factor:    45.9816 %

[P]full bucket LFactor:   12.1367 %

[P]set request:           42563396 
[P]get request:           35778441 

[P]Get Hit Rate:          89.8637 %
[P]ACC Hit Rate:          81.3405 %

[P]total cuckoo num:      111907 
[P]total cuckoo path:     8486 
[P]total cp perset:       0.000202 / set
[P]total cp percuckoo:    0.075831 / cuckoo num

[P]cuckoo path / s:       4192.979 / s
[P]cp per set * s:        0.001583 / set * s

[P]break loop / s:        0 / s
[P]break / set :          0 %

[P]Throughput:            5048822.887 ops
[P]all request:           78341837 o

[P]GetThroughput:         2355893.430 ops
[P]SetThroughput:         2692929.457 ops

[P]Valid Entries:         2548157.788 / s
[P]set success:           2647959.213 / s

[P]get found:             2117093.354 / s

----------------------------------

[INFO]Current Time:       23.30 s

[P]indexs Load Factor:    48.5940 %

[P]full bucket LFactor:   14.2256 %

[P]set request:           45083258 
[P]get request:           38032251 

[P]Get Hit Rate:          90.2253 %
[P]ACC Hit Rate:          81.8670 %

[P]total cuckoo num:      167974 
[P]total cuckoo path:     15205 
[P]total cp perset:       0.000341 / set
[P]total cp percuckoo:    0.090520 / cuckoo num

[P]cuckoo path / s:       7085.244 / s
[P]cp per set * s:        0.002667 / set * s

[P]break loop / s:        0 / s
[P]break / set :          0 %

[P]Throughput:            5033878.491 ops
[P]all request:           83115509 o

[P]GetThroughput:         2376662.176 ops
[P]SetThroughput:         2657216.316 ops

[P]Valid Entries:         2554989.082 / s
[P]set success:           2656347.400 / s

[P]get found:             2144350.753 / s

----------------------------------

[INFO]Current Time:       24.25 s

[P]indexs Load Factor:    51.1173 %

[P]full bucket LFactor:   16.3889 %

[P]set request:           47568141 
[P]get request:           40227052 

[P]Get Hit Rate:          89.3132 %
[P]ACC Hit Rate:          82.2733 %

[P]total cuckoo num:      241638 
[P]total cuckoo path:     25643 
[P]total cp perset:       0.000546 / set
[P]total cp percuckoo:    0.106122 / cuckoo num

[P]cuckoo path / s:       10944.328 / s
[P]cp per set * s:        0.004394 / set * s

[P]break loop / s:        0 / s
[P]break / set :          0 %

[P]Throughput:            4906686.622 ops
[P]all request:           87795193 o

[P]GetThroughput:         2301266.646 ops
[P]SetThroughput:         2605419.976 ops

[P]Valid Entries:         2469326.769 / s
[P]set success:           2490509.778 / s

[P]get found:             2055334.875 / s

----------------------------------

[INFO]Current Time:       25.21 s

[P]indexs Load Factor:    53.5152 %

[P]full bucket LFactor:   18.5525 %

[P]set request:           49924960 
[P]get request:           42379317 

[P]Get Hit Rate:          88.0073 %
[P]ACC Hit Rate:          82.5645 %

[P]total cuckoo num:      334262 
[P]total cuckoo path:     41239 
[P]total cp perset:       0.000837 / set
[P]total cp percuckoo:    0.123373 / cuckoo num

[P]cuckoo path / s:       16356.327 / s
[P]cp per set * s:        0.006597 / set * s

[P]break loop / s:        0 / s
[P]break / set :          0 %

[P]Throughput:            4728909.223 ops
[P]all request:           92304278 o

[P]GetThroughput:         2257190.940 ops
[P]SetThroughput:         2471717.234 ops

[P]Valid Entries:         2383071.522 / s
[P]set success:           2479209.514 / s

[P]get found:             1986493.520 / s

----------------------------------

[INFO]Current Time:       26.16 s

[P]indexs Load Factor:    55.8253 %

[P]full bucket LFactor:   20.7072 %

[P]set request:           52142708 
[P]get request:           44371848 

[P]Get Hit Rate:          90.4298 %
[P]ACC Hit Rate:          82.9177 %

[P]total cuckoo num:      444360 
[P]total cuckoo path:     63146 
[P]total cp perset:       0.001226 / set
[P]total cp percuckoo:    0.142106 / cuckoo num

[P]cuckoo path / s:       22981.209 / s
[P]cp per set * s:        0.009959 / set * s

[P]break loop / s:        0 / s
[P]break / set :          0 %

[P]Throughput:            4416728.783 ops
[P]all request:           96514556 o

[P]GetThroughput:         2090234.664 ops
[P]SetThroughput:         2326495.168 ops

[P]Valid Entries:         2254852.375 / s
[P]set success:           2307550.646 / s

[P]get found:             1890195.237 / s

----------------------------------

[INFO]Current Time:       27.11 s

[P]indexs Load Factor:    58.1049 %

[P]full bucket LFactor:   22.9426 %

[P]set request:           54304386 
[P]get request:           46368253 

[P]Get Hit Rate:          88.3380 %
[P]ACC Hit Rate:          83.1510 %

[P]total cuckoo num:      582313 
[P]total cuckoo path:     95656 
[P]total cp perset:       0.001780 / set
[P]total cp percuckoo:    0.164269 / cuckoo num

[P]cuckoo path / s:       34296.183 / s
[P]cp per set * s:        0.014453 / set * s

[P]break loop / s:        0 / s
[P]break / set :          0 %

[P]Throughput:            4386538.801 ops
[P]all request:           100672639 o

[P]GetThroughput:         2106092.638 ops
[P]SetThroughput:         2280446.163 ops

[P]Valid Entries:         2284932.834 / s
[P]set success:           2372891.836 / s

[P]get found:             1860480.907 / s

----------------------------------

[INFO]Current Time:       28.05 s

[P]indexs Load Factor:    60.3106 %

[P]full bucket LFactor:   25.1804 %

[P]set request:           56441297 
[P]get request:           48327849 

[P]Get Hit Rate:          87.7071 %
[P]ACC Hit Rate:          83.3358 %

[P]total cuckoo num:      746052 
[P]total cuckoo path:     140124 
[P]total cp perset:       0.002506 / set
[P]total cp percuckoo:    0.187821 / cuckoo num

[P]cuckoo path / s:       47141.734 / s
[P]cp per set * s:        0.020325 / set * s

[P]break loop / s:        0 / s
[P]break / set :          0 %

[P]Throughput:            4342818.272 ops
[P]all request:           104769146 o

[P]GetThroughput:         2077420.914 ops
[P]SetThroughput:         2265397.358 ops

[P]Valid Entries:         2236882.058 / s
[P]set success:           2319342.988 / s

[P]get found:             1822044.765 / s

----------------------------------

[INFO]Current Time:       28.99 s

[P]indexs Load Factor:    62.3929 %

[P]full bucket LFactor:   27.3550 %

[P]set request:           58524249 
[P]get request:           50149318 

[P]Get Hit Rate:          88.5580 %
[P]ACC Hit Rate:          83.5255 %

[P]total cuckoo num:      931825 
[P]total cuckoo path:     197613 
[P]total cp perset:       0.003407 / set
[P]total cp percuckoo:    0.212071 / cuckoo num

[P]cuckoo path / s:       61340.242 / s
[P]cp per set * s:        0.027738 / set * s

[P]break loop / s:        0 / s
[P]break / set :          0 %

[P]Throughput:            4165981.793 ops
[P]all request:           108673567 o

[P]GetThroughput:         1943490.902 ops
[P]SetThroughput:         2222490.891 ops

[P]Valid Entries:         2135293.191 / s
[P]set success:           2211447.535 / s

[P]get found:             1721117.188 / s

----------------------------------

[INFO]Current Time:       29.92 s

[P]indexs Load Factor:    64.3569 %

[P]full bucket LFactor:   29.4663 %

[P]set request:           60505211 
[P]get request:           51901930 

[P]Get Hit Rate:          86.6957 %
[P]ACC Hit Rate:          83.6325 %

[P]total cuckoo num:      1139214 
[P]total cuckoo path:     269482 
[P]total cp perset:       0.004494 / set
[P]total cp percuckoo:    0.236551 / cuckoo num

[P]cuckoo path / s:       76884.654 / s
[P]cp per set * s:        0.036421 / set * s

[P]break loop / s:        0 / s
[P]break / set :          0 %

[P]Throughput:            3994135.810 ops
[P]all request:           112407141 o

[P]GetThroughput:         1874924.764 ops
[P]SetThroughput:         2119211.046 ops

[P]Valid Entries:         2040116.208 / s
[P]set success:           2111023.952 / s

[P]get found:             1625478.890 / s

----------------------------------

[INFO]Current Time:       30.85 s

[P]indexs Load Factor:    66.2091 %

[P]full bucket LFactor:   31.5010 %

[P]set request:           62370142 
[P]get request:           53547513 

[P]Get Hit Rate:          86.3380 %
[P]ACC Hit Rate:          83.7157 %

[P]total cuckoo num:      1364156 
[P]total cuckoo path:     356208 
[P]total cp perset:       0.005761 / set
[P]total cp percuckoo:    0.261120 / cuckoo num

[P]cuckoo path / s:       93697.370 / s
[P]cp per set * s:        0.046649 / set * s

[P]break loop / s:        0 / s
[P]break / set :          0 %

[P]Throughput:            3792702.635 ops
[P]all request:           115917655 o

[P]GetThroughput:         1777861.299 ops
[P]SetThroughput:         2014841.336 ops

[P]Valid Entries:         1943262.664 / s
[P]set success:           2008545.939 / s

[P]get found:             1534970.482 / s

----------------------------------

[INFO]Current Time:       31.77 s

[P]indexs Load Factor:    67.9484 %

[P]full bucket LFactor:   33.4580 %

[P]set request:           64075175 
[P]get request:           55072363 

[P]Get Hit Rate:          86.0783 %
[P]ACC Hit Rate:          83.7811 %

[P]total cuckoo num:      1605117 
[P]total cuckoo path:     458209 
[P]total cp perset:       0.007210 / set
[P]total cp percuckoo:    0.285468 / cuckoo num

[P]cuckoo path / s:       110006.614 / s
[P]cp per set * s:        0.059084 / set * s

[P]break loop / s:        0 / s
[P]break / set :          0 %

[P]Throughput:            3483382.442 ops
[P]all request:           119147538 o

[P]GetThroughput:         1644528.832 ops
[P]SetThroughput:         1838853.610 ops

[P]Valid Entries:         1831401.274 / s
[P]set success:           1861883.593 / s

[P]get found:             1415582.507 / s

----------------------------------

[INFO]Current Time:       32.69 s

[P]indexs Load Factor:    69.5737 %

[P]full bucket LFactor:   35.3257 %

[P]set request:           65737043 
[P]get request:           56531803 

[P]Get Hit Rate:          85.7739 %
[P]ACC Hit Rate:          83.8325 %

[P]total cuckoo num:      1859454 
[P]total cuckoo path:     576209 
[P]total cp perset:       0.008836 / set
[P]total cp percuckoo:    0.309881 / cuckoo num

[P]cuckoo path / s:       128229.090 / s
[P]cp per set * s:        0.071161 / set * s

[P]break loop / s:        0 / s
[P]break / set :          0 %

[P]Throughput:            3391885.473 ops
[P]all request:           122268846 o

[P]GetThroughput:         1585954.777 ops
[P]SetThroughput:         1805930.695 ops

[P]Valid Entries:         1746639.955 / s
[P]set success:           1801954.507 / s

[P]get found:             1360335.693 / s

----------------------------------

[INFO]Current Time:       33.61 s

[P]indexs Load Factor:    71.0454 %

[P]full bucket LFactor:   37.0758 %

[P]set request:           67280716 
[P]get request:           57864430 

[P]Get Hit Rate:          86.9546 %
[P]ACC Hit Rate:          83.9044 %

[P]total cuckoo num:      2122267 
[P]total cuckoo path:     710201 
[P]total cp perset:       0.010639 / set
[P]total cp percuckoo:    0.334643 / cuckoo num

[P]cuckoo path / s:       147065.544 / s
[P]cp per set * s:        0.086986 / set * s

[P]break loop / s:        0 / s
[P]break / set :          0 %

[P]Throughput:            3156939.399 ops
[P]all request:           125145146 o

[P]GetThroughput:         1462650.864 ops
[P]SetThroughput:         1694288.535 ops

[P]Valid Entries:         1640677.748 / s
[P]set success:           1690685.214 / s

[P]get found:             1271841.684 / s

----------------------------------

[INFO]Current Time:       34.52 s

[P]indexs Load Factor:    72.3917 %

[P]full bucket LFactor:   38.6603 %

[P]set request:           68632205 
[P]get request:           59047165 

[P]Get Hit Rate:          85.3335 %
[P]ACC Hit Rate:          83.9330 %

[P]total cuckoo num:      2373531 
[P]total cuckoo path:     848531 
[P]total cp perset:       0.012459 / set
[P]total cp percuckoo:    0.357497 / cuckoo num

[P]cuckoo path / s:       151754.487 / s
[P]cp per set * s:        0.102557 / set * s

[P]break loop / s:        0 / s
[P]break / set :          0 %

[P]Throughput:            2780162.379 ops
[P]all request:           127679370 o

[P]GetThroughput:         1297515.670 ops
[P]SetThroughput:         1482646.709 ops

[P]Valid Entries:         1437383.654 / s
[P]set success:           1479705.527 / s

[P]get found:             1107215.347 / s

----------------------------------

[INFO]Current Time:       35.42 s

[P]indexs Load Factor:    73.6876 %

[P]full bucket LFactor:   40.2464 %

[P]set request:           69970402 
[P]get request:           60216520 

[P]Get Hit Rate:          85.2166 %
[P]ACC Hit Rate:          83.9580 %

[P]total cuckoo num:      2644600 
[P]total cuckoo path:     1008510 
[P]total cp perset:       0.014528 / set
[P]total cp percuckoo:    0.381347 / cuckoo num

[P]cuckoo path / s:       177356.992 / s
[P]cp per set * s:        0.121686 / set * s

[P]break loop / s:        0 / s
[P]break / set :          0 %

[P]Throughput:            2779939.113 ops
[P]all request:           130186922 o

[P]GetThroughput:         1296378.181 ops
[P]SetThroughput:         1483560.932 ops

[P]Valid Entries:         1438861.103 / s
[P]set success:           1457500.444 / s

[P]get found:             1104728.774 / s

----------------------------------

[INFO]Current Time:       36.31 s

[P]indexs Load Factor:    74.9120 %

[P]full bucket LFactor:   41.7439 %

[P]set request:           71188043 
[P]get request:           61279019 

[P]Get Hit Rate:          85.0264 %
[P]ACC Hit Rate:          83.9765 %

[P]total cuckoo num:      2910539 
[P]total cuckoo path:     1176564 
[P]total cp perset:       0.016657 / set
[P]total cp percuckoo:    0.404243 / cuckoo num

[P]cuckoo path / s:       187784.093 / s
[P]cp per set * s:        0.138334 / set * s

[P]break loop / s:        0 / s
[P]break / set :          0 %

[P]Throughput:            2547835.947 ops
[P]all request:           132467062 o

[P]GetThroughput:         1187239.882 ops
[P]SetThroughput:         1360596.064 ops

[P]Valid Entries:         1320121.482 / s
[P]set success:           1357466.218 / s

[P]get found:             1009467.723 / s

----------------------------------

[INFO]Current Time:       37.21 s

[P]indexs Load Factor:    76.0940 %

[P]full bucket LFactor:   43.2392 %

[P]set request:           72405998 
[P]get request:           62340381 

[P]Get Hit Rate:          84.8254 %
[P]ACC Hit Rate:          83.9909 %

[P]total cuckoo num:      3195952 
[P]total cuckoo path:     1370364 
[P]total cp perset:       0.019073 / set
[P]total cp percuckoo:    0.428781 / cuckoo num

[P]cuckoo path / s:       215645.049 / s
[P]cp per set * s:        0.159444 / set * s

[P]break loop / s:        0 / s
[P]break / set :          0 %

[P]Throughput:            2536240.594 ops
[P]all request:           134746379 o

[P]GetThroughput:         1180998.250 ops
[P]SetThroughput:         1355242.343 ops

[P]Valid Entries:         1316176.985 / s
[P]set success:           1352477.235 / s

[P]get found:             1001786.977 / s

----------------------------------

[INFO]Current Time:       38.11 s

[P]indexs Load Factor:    77.1559 %

[P]full bucket LFactor:   44.6013 %

[P]set request:           73504652 
[P]get request:           63296775 

[P]Get Hit Rate:          84.7312 %
[P]ACC Hit Rate:          84.0021 %

[P]total cuckoo num:      3471157 
[P]total cuckoo path:     1568883 
[P]total cp perset:       0.021508 / set
[P]total cp percuckoo:    0.451977 / cuckoo num

[P]cuckoo path / s:       221700.689 / s
[P]cp per set * s:        0.181077 / set * s

[P]break loop / s:        0 / s
[P]break / set :          0 %

[P]Throughput:            2295022.425 ops
[P]all request:           136801427 o

[P]GetThroughput:         1068075.138 ops
[P]SetThroughput:         1226947.286 ops

[P]Valid Entries:         1192274.831 / s
[P]set success:           1224341.855 / s

[P]get found:             904992.756 / s

----------------------------------

[INFO]Current Time:       38.99 s

[P]indexs Load Factor:    78.1533 %

[P]full bucket LFactor:   45.8941 %

[P]set request:           74523605 
[P]get request:           64183944 

[P]Get Hit Rate:          84.6966 %
[P]ACC Hit Rate:          84.0117 %

[P]total cuckoo num:      3742250 
[P]total cuckoo path:     1777521 
[P]total cp perset:       0.024033 / set
[P]total cp percuckoo:    0.474987 / cuckoo num

[P]cuckoo path / s:       235675.696 / s
[P]cp per set * s:        0.205084 / set * s

[P]break loop / s:        0 / s
[P]break / set :          0 %

[P]Throughput:            2153139.069 ops
[P]all request:           138707549 o

[P]GetThroughput:         1002138.496 ops
[P]SetThroughput:         1151000.573 ops

[P]Valid Entries:         1119733.482 / s
[P]set success:           1149164.987 / s

[P]get found:             848777.257 / s

----------------------------------

[INFO]Current Time:       39.88 s

[P]indexs Load Factor:    79.1433 %

[P]full bucket LFactor:   47.2079 %

[P]set request:           75538100 
[P]get request:           65065803 

[P]Get Hit Rate:          84.5053 %
[P]ACC Hit Rate:          84.0184 %

[P]total cuckoo num:      4028961 
[P]total cuckoo path:     2012791 
[P]total cp perset:       0.026846 / set
[P]total cp percuckoo:    0.499581 / cuckoo num

[P]cuckoo path / s:       264633.409 / s
[P]cp per set * s:        0.232260 / set * s

[P]break loop / s:        0 / s
[P]break / set :          0 %

[P]Throughput:            2133032.790 ops
[P]all request:           140603903 o

[P]GetThroughput:         991921.426 ops
[P]SetThroughput:         1141111.364 ops

[P]Valid Entries:         1110948.532 / s
[P]set success:           1139384.785 / s

[P]get found:             838226.634 / s

----------------------------------

[INFO]Current Time:       40.77 s

[P]indexs Load Factor:    80.0747 %

[P]full bucket LFactor:   48.4671 %

[P]set request:           76498338 
[P]get request:           65886749 

[P]Get Hit Rate:          85.6373 %
[P]ACC Hit Rate:          84.0386 %

[P]total cuckoo num:      4314346 
[P]total cuckoo path:     2260143 
[P]total cp perset:       0.029765 / set
[P]total cp percuckoo:    0.523867 / cuckoo num

[P]cuckoo path / s:       280121.125 / s
[P]cp per set * s:        0.257990 / set * s

[P]break loop / s:        0 / s
[P]break / set :          0 %

[P]Throughput:            2017154.765 ops
[P]all request:           142385087 o

[P]GetThroughput:         929704.700 ops
[P]SetThroughput:         1087450.065 ops

[P]Valid Entries:         1059113.158 / s
[P]set success:           1085780.790 / s

[P]get found:             796174.015 / s

----------------------------------

[INFO]Current Time:       41.64 s

[P]indexs Load Factor:    80.8827 %

[P]full bucket LFactor:   49.5870 %

[P]set request:           77356343 
[P]get request:           66642396 

[P]Get Hit Rate:          84.2138 %
[P]ACC Hit Rate:          84.0406 %

[P]total cuckoo num:      4588069 
[P]total cuckoo path:     2512311 
[P]total cp perset:       0.032711 / set
[P]total cp percuckoo:    0.547575 / cuckoo num

[P]cuckoo path / s:       287749.401 / s
[P]cp per set * s:        0.289682 / set * s

[P]break loop / s:        0 / s
[P]break / set :          0 %

[P]Throughput:            1841341.473 ops
[P]all request:           143998739 o

[P]GetThroughput:         862270.279 ops
[P]SetThroughput:         979071.194 ops

[P]Valid Entries:         969830.550 / s
[P]set success:           993328.122 / s

[P]get found:             726150.507 / s

----------------------------------

[INFO]Current Time:       42.52 s

[P]indexs Load Factor:    81.6938 %

[P]full bucket LFactor:   50.7144 %

[P]set request:           78156383 
[P]get request:           67335505 

[P]Get Hit Rate:          84.1723 %
[P]ACC Hit Rate:          84.0419 %

[P]total cuckoo num:      4849440 
[P]total cuckoo path:     2765346 
[P]total cp perset:       0.035635 / set
[P]total cp percuckoo:    0.570240 / cuckoo num

[P]cuckoo path / s:       289541.903 / s
[P]cp per set * s:        0.316775 / set * s

[P]break loop / s:        0 / s
[P]break / set :          0 %

[P]Throughput:            1708574.717 ops
[P]all request:           145491888 o

[P]GetThroughput:         793108.064 ops
[P]SetThroughput:         915466.652 ops

[P]Valid Entries:         892782.523 / s
[P]set success:           914029.441 / s

[P]get found:             667577.543 / s

----------------------------------

[INFO]Current Time:       43.39 s

[P]indexs Load Factor:    82.4735 %

[P]full bucket LFactor:   51.8206 %

[P]set request:           78963749 
[P]get request:           68033740 

[P]Get Hit Rate:          84.0418 %
[P]ACC Hit Rate:          84.0419 %

[P]total cuckoo num:      5126115 
[P]total cuckoo path:     3047468 
[P]total cp perset:       0.038867 / set
[P]total cp percuckoo:    0.594499 / cuckoo num

[P]cuckoo path / s:       322393.079 / s
[P]cp per set * s:        0.350137 / set * s

[P]break loop / s:        0 / s
[P]break / set :          0 %

[P]Throughput:            1720515.744 ops
[P]all request:           146997489 o

[P]GetThroughput:         797903.502 ops
[P]SetThroughput:         922612.242 ops

[P]Valid Entries:         899909.357 / s
[P]set success:           920763.283 / s

[P]get found:             670572.166 / s

----------------------------------

[INFO]Current Time:       44.26 s

[P]indexs Load Factor:    83.2098 %

[P]full bucket LFactor:   52.8857 %

[P]set request:           79714949 
[P]get request:           68694040 

[P]Get Hit Rate:          82.7219 %
[P]ACC Hit Rate:          84.0292 %

[P]total cuckoo num:      5398198 
[P]total cuckoo path:     3341658 
[P]total cp perset:       0.042208 / set
[P]total cp percuckoo:    0.619032 / cuckoo num

[P]cuckoo path / s:       338760.698 / s
[P]cp per set * s:        0.386117 / set * s

[P]break loop / s:        0 / s
[P]break / set :          0 %

[P]Throughput:            1625346.633 ops
[P]all request:           148408989 o

[P]GetThroughput:         760337.500 ops
[P]SetThroughput:         865009.133 ops

[P]Valid Entries:         858044.842 / s
[P]set success:           877352.094 / s

[P]get found:             628965.966 / s

----------------------------------

[INFO]Current Time:       45.12 s

[P]indexs Load Factor:    83.9086 %

[P]full bucket LFactor:   53.9129 %

[P]set request:           80433280 
[P]get request:           69305677 

[P]Get Hit Rate:          85.4116 %
[P]ACC Hit Rate:          84.0414 %

[P]total cuckoo num:      5664736 
[P]total cuckoo path:     3643503 
[P]total cp perset:       0.045608 / set
[P]total cp percuckoo:    0.643190 / cuckoo num

[P]cuckoo path / s:       349296.207 / s
[P]cp per set * s:        0.420969 / set * s

[P]break loop / s:        0 / s
[P]break / set :          0 %

[P]Throughput:            1539044.138 ops
[P]all request:           149738957 o

[P]GetThroughput:         707788.713 ops
[P]SetThroughput:         831255.425 ops

[P]Valid Entries:         811535.513 / s
[P]set success:           829744.116 / s

[P]get found:             604533.725 / s

----------------------------------

[INFO]Current Time:       45.99 s

[P]indexs Load Factor:    84.5673 %

[P]full bucket LFactor:   54.8997 %

[P]set request:           81117254 
[P]get request:           69896514 

[P]Get Hit Rate:          83.9614 %
[P]ACC Hit Rate:          84.0408 %

[P]total cuckoo num:      5928380 
[P]total cuckoo path:     3957964 
[P]total cp perset:       0.049124 / set
[P]total cp percuckoo:    0.667630 / cuckoo num

[P]cuckoo path / s:       362766.212 / s
[P]cp per set * s:        0.460656 / set * s

[P]break loop / s:        0 / s
[P]break / set :          0 %

[P]Throughput:            1470638.194 ops
[P]all request:           151013768 o

[P]GetThroughput:         681597.083 ops
[P]SetThroughput:         789041.111 ops

[P]Valid Entries:         770698.669 / s
[P]set success:           787499.885 / s

[P]get found:             572278.434 / s

----------------------------------

[INFO]Current Time:       46.85 s

[P]indexs Load Factor:    85.1884 %

[P]full bucket LFactor:   55.8417 %

[P]set request:           81761027 
[P]get request:           70451997 

[P]Get Hit Rate:          83.7907 %
[P]ACC Hit Rate:          84.0388 %

[P]total cuckoo num:      6185412 
[P]total cuckoo path:     4281503 
[P]total cp perset:       0.052719 / set
[P]total cp percuckoo:    0.692194 / cuckoo num

[P]cuckoo path / s:       375330.081 / s
[P]cp per set * s:        0.503319 / set * s

[P]break loop / s:        0 / s
[P]break / set :          0 %

[P]Throughput:            1391229.038 ops
[P]all request:           152213024 o

[P]GetThroughput:         644402.930 ops
[P]SetThroughput:         746826.109 ops

[P]Valid Entries:         730169.726 / s
[P]set success:           745710.115 / s

[P]get found:             539949.617 / s

----------------------------------

[INFO]Current Time:       47.71 s

[P]indexs Load Factor:    85.7716 %

[P]full bucket LFactor:   56.7387 %

[P]set request:           82369815 
[P]get request:           70977134 

[P]Get Hit Rate:          83.7290 %
[P]ACC Hit Rate:          84.0365 %

[P]total cuckoo num:      6436619 
[P]total cuckoo path:     4614220 
[P]total cp perset:       0.056394 / set
[P]total cp percuckoo:    0.716870 / cuckoo num

[P]cuckoo path / s:       385827.760 / s
[P]cp per set * s:        0.547559 / set * s

[P]break loop / s:        0 / s
[P]break / set :          0 %

[P]Throughput:            1314930.535 ops
[P]all request:           153346949 o

[P]GetThroughput:         608963.270 ops
[P]SetThroughput:         705967.264 ops

[P]Valid Entries:         690056.016 / s
[P]set success:           704632.533 / s

[P]get found:             509878.904 / s

----------------------------------

[INFO]Current Time:       48.57 s

[P]indexs Load Factor:    86.3180 %

[P]full bucket LFactor:   57.5974 %

[P]set request:           82942407 
[P]get request:           71470865 

[P]Get Hit Rate:          83.7158 %
[P]ACC Hit Rate:          84.0343 %

[P]total cuckoo num:      6680414 
[P]total cuckoo path:     4953087 
[P]total cp perset:       0.060123 / set
[P]total cp percuckoo:    0.741434 / cuckoo num

[P]cuckoo path / s:       396417.686 / s
[P]cp per set * s:        0.602728 / set * s

[P]break loop / s:        0 / s
[P]break / set :          0 %

[P]Throughput:            1247419.477 ops
[P]all request:           154413272 o

[P]GetThroughput:         577582.652 ops
[P]SetThroughput:         669836.825 ops

[P]Valid Entries:         655243.163 / s
[P]set success:           657705.661 / s

[P]get found:             483528.105 / s

----------------------------------

[INFO]Current Time:       49.42 s

[P]indexs Load Factor:    86.8334 %

[P]full bucket LFactor:   58.4243 %

[P]set request:           83477845 
[P]get request:           71932508 

[P]Get Hit Rate:          83.7491 %
[P]ACC Hit Rate:          84.0325 %

[P]total cuckoo num:      6915845 
[P]total cuckoo path:     5298072 
[P]total cp perset:       0.063896 / set
[P]total cp percuckoo:    0.766077 / cuckoo num

[P]cuckoo path / s:       405719.086 / s
[P]cp per set * s:        0.645466 / set * s

[P]break loop / s:        0 / s
[P]break / set :          0 %

[P]Throughput:            1172615.598 ops
[P]all request:           155410353 o

[P]GetThroughput:         542914.550 ops
[P]SetThroughput:         629701.048 ops

[P]Valid Entries:         616379.947 / s
[P]set success:           628567.337 / s

[P]get found:             454686.217 / s

----------------------------------

[INFO]Current Time:       50.27 s

[P]indexs Load Factor:    87.3050 %

[P]full bucket LFactor:   59.1838 %

[P]set request:           83975146 
[P]get request:           72353745 

[P]Get Hit Rate:          85.0315 %
[P]ACC Hit Rate:          84.0383 %

[P]total cuckoo num:      7139977 
[P]total cuckoo path:     5641469 
[P]total cp perset:       0.067632 / set
[P]total cp percuckoo:    0.790124 / cuckoo num

[P]cuckoo path / s:       404160.554 / s
[P]cp per set * s:        0.691445 / set * s

[P]break loop / s:        0 / s
[P]break / set :          0 %

[P]Throughput:            1081071.840 ops
[P]all request:           156328891 o

[P]GetThroughput:         495774.218 ops
[P]SetThroughput:         585297.622 ops

[P]Valid Entries:         573238.608 / s
[P]set success:           584516.128 / s

[P]get found:             421564.090 / s

----------------------------------

[INFO]Current Time:       51.11 s

[P]indexs Load Factor:    87.7498 %

[P]full bucket LFactor:   59.9135 %

[P]set request:           84450965 
[P]get request:           72763407 

[P]Get Hit Rate:          83.5528 %
[P]ACC Hit Rate:          84.0355 %

[P]total cuckoo num:      7360066 
[P]total cuckoo path:     5994433 
[P]total cp perset:       0.071457 / set
[P]total cp percuckoo:    0.814454 / cuckoo num

[P]cuckoo path / s:       418358.913 / s
[P]cp per set * s:        0.742849 / set * s

[P]break loop / s:        0 / s
[P]break / set :          0 %

[P]Throughput:            1049537.257 ops
[P]all request:           157214372 o

[P]GetThroughput:         485561.556 ops
[P]SetThroughput:         563975.701 ops

[P]Valid Entries:         552505.809 / s
[P]set success:           563181.568 / s

[P]get found:             405700.191 / s

----------------------------------

[INFO]Current Time:       51.96 s

[P]indexs Load Factor:    88.1806 %

[P]full bucket LFactor:   60.6301 %

[P]set request:           84878664 
[P]get request:           73137954 

[P]Get Hit Rate:          83.6127 %
[P]ACC Hit Rate:          84.0334 %

[P]total cuckoo num:      7566215 
[P]total cuckoo path:     6342148 
[P]total cp perset:       0.075212 / set
[P]total cp percuckoo:    0.838219 / cuckoo num

[P]cuckoo path / s:       410579.759 / s
[P]cp per set * s:        0.800722 / set * s

[P]break loop / s:        0 / s
[P]break / set :          0 %

[P]Throughput:            947287.202 ops
[P]all request:           158016618 o

[P]GetThroughput:         442262.822 ops
[P]SetThroughput:         505024.380 ops

[P]Valid Entries:         503357.099 / s
[P]set success:           512762.123 / s

[P]get found:             369788.052 / s

----------------------------------

[INFO]Current Time:       52.80 s

[P]indexs Load Factor:    88.5901 %

[P]full bucket LFactor:   61.3211 %

[P]set request:           85308075 
[P]get request:           73507389 

[P]Get Hit Rate:          83.4767 %
[P]ACC Hit Rate:          84.0306 %

[P]total cuckoo num:      7773953 
[P]total cuckoo path:     6709052 
[P]total cp perset:       0.079161 / set
[P]total cp percuckoo:    0.863017 / cuckoo num

[P]cuckoo path / s:       434870.321 / s
[P]cp per set * s:        0.855571 / set * s

[P]break loop / s:        0 / s
[P]break / set :          0 %

[P]Throughput:            946826.462 ops
[P]all request:           158815464 o

[P]GetThroughput:         437870.170 ops
[P]SetThroughput:         508956.292 ops

[P]Valid Entries:         498871.061 / s
[P]set success:           508280.703 / s

[P]get found:             365519.395 / s

----------------------------------

[INFO]Current Time:       53.65 s

[P]indexs Load Factor:    88.9727 %

[P]full bucket LFactor:   61.9769 %

[P]set request:           85718633 
[P]get request:           73860615 

[P]Get Hit Rate:          83.5493 %
[P]ACC Hit Rate:          84.0283 %

[P]total cuckoo num:      7977420 
[P]total cuckoo path:     7084119 
[P]total cp perset:       0.083184 / set
[P]total cp percuckoo:    0.888021 / cuckoo num

[P]cuckoo path / s:       443249.318 / s
[P]cp per set * s:        0.915112 / set * s

[P]break loop / s:        0 / s
[P]break / set :          0 %

[P]Throughput:            902630.028 ops
[P]all request:           159579248 o

[P]GetThroughput:         417437.907 ops
[P]SetThroughput:         485192.121 ops

[P]Valid Entries:         475668.100 / s
[P]set success:           484366.052 / s

[P]get found:             348766.626 / s

----------------------------------

[INFO]Current Time:       54.48 s

[P]indexs Load Factor:    89.3362 %

[P]full bucket LFactor:   62.6076 %

[P]set request:           86100175 
[P]get request:           74188867 

[P]Get Hit Rate:          83.5489 %
[P]ACC Hit Rate:          84.0262 %

[P]total cuckoo num:      8170289 
[P]total cuckoo path:     7457860 
[P]total cp perset:       0.087183 / set
[P]total cp percuckoo:    0.912802 / cuckoo num

[P]cuckoo path / s:       450623.717 / s
[P]cp per set * s:        0.981205 / set * s

[P]break loop / s:        0 / s
[P]break / set :          0 %

[P]Throughput:            855806.589 ops
[P]all request:           160289042 o

[P]GetThroughput:         395777.119 ops
[P]SetThroughput:         460029.470 ops

[P]Valid Entries:         450916.704 / s
[P]set success:           459255.403 / s

[P]get found:             330667.507 / s

----------------------------------

[INFO]Current Time:       55.31 s

[P]indexs Load Factor:    89.6770 %

[P]full bucket LFactor:   63.2061 %

[P]set request:           86460274 
[P]get request:           74498739 

[P]Get Hit Rate:          83.5329 %
[P]ACC Hit Rate:          84.0241 %

[P]total cuckoo num:      8356373 
[P]total cuckoo path:     7834789 
[P]total cp perset:       0.091205 / set
[P]total cp percuckoo:    0.937582 / cuckoo num

[P]cuckoo path / s:       451795.090 / s
[P]cp per set * s:        1.047866 / set * s

[P]break loop / s:        0 / s
[P]break / set :          0 %

[P]Throughput:            803041.444 ops
[P]all request:           160959013 o

[P]GetThroughput:         371419.148 ops
[P]SetThroughput:         431622.295 ops

[P]Valid Entries:         423661.053 / s
[P]set success:           431157.230 / s

[P]get found:             310257.104 / s

----------------------------------

[INFO]Current Time:       56.15 s

[P]indexs Load Factor:    90.0009 %

[P]full bucket LFactor:   63.7821 %

[P]set request:           86801914 
[P]get request:           74792231 

[P]Get Hit Rate:          83.3989 %
[P]ACC Hit Rate:          84.0217 %

[P]total cuckoo num:      8536068 
[P]total cuckoo path:     8218657 
[P]total cp perset:       0.095296 / set
[P]total cp percuckoo:    0.962815 / cuckoo num

[P]cuckoo path / s:       459890.609 / s
[P]cp per set * s:        1.125138 / set * s

[P]break loop / s:        0 / s
[P]break / set :          0 %

[P]Throughput:            760915.842 ops
[P]all request:           161594145 o

[P]GetThroughput:         351616.219 ops
[P]SetThroughput:         409299.623 ops

[P]Valid Entries:         401698.037 / s
[P]set success:           408741.335 / s

[P]get found:             293243.940 / s

----------------------------------

[INFO]Current Time:       56.98 s

[P]indexs Load Factor:    90.8545 %

[P]full bucket LFactor:   65.4002 %

[P]set request:           87788826 
[P]get request:           75666745 

[P]Get Hit Rate:          84.2828 %
[P]ACC Hit Rate:          84.0247 %

[P]total cuckoo num:      8650229 
[P]total cuckoo path:     8469248 
[P]total cp perset:       0.097045 / set
[P]total cp percuckoo:    0.979078 / cuckoo num

[P]cuckoo path / s:       299740.695 / s
[P]cp per set * s:        0.243923 / set * s

[P]break loop / s:        0 / s
[P]break / set :          0 %

[P]Throughput:            2226517.003 ops
[P]all request:           163455571 o

[P]GetThroughput:         1046036.904 ops
[P]SetThroughput:         1180480.099 ops

[P]Valid Entries:         697731.928 / s
[P]set success:           1228832.665 / s

[P]expire scan persec:    4240259.511 / s
[P]total expire scan:     3544967
[P]expire hit persec:     544679.263 / s
[P]total expire hit:      455366

[P]expire hit rate:       12.845423 %
[P]total expire hit rate: 12.845423 %

[P]get found:             881629.329 / s

----------------------------------

[INFO]Current Time:       57.81 s

[P]indexs Load Factor:    91.8302 %

[P]full bucket LFactor:   67.3823 %

[P]set request:           89927998 
[P]get request:           77560021 

[P]Get Hit Rate:          82.2622 %
[P]ACC Hit Rate:          83.9816 %

[P]total cuckoo num:      8652416 
[P]total cuckoo path:     8474568 
[P]total cp perset:       0.094695 / set
[P]total cp percuckoo:    0.979445 / cuckoo num

[P]cuckoo path / s:       6417.092 / s
[P]cp per set * s:        0.002394 / set * s

[P]break loop / s:        0 / s
[P]break / set :          0 %

[P]Throughput:            4864020.396 ops
[P]all request:           167488019 o

[P]GetThroughput:         2283707.832 ops
[P]SetThroughput:         2580312.564 ops

[P]Valid Entries:         1167851.581 / s
[P]set success:           2680686.975 / s

[P]expire scan persec:    11687037.753 / s
[P]total expire scan:     13233942
[P]expire hit persec:     1531419.630 / s
[P]total expire hit:      1724968

[P]expire hit rate:       13.103574 %
[P]total expire hit rate: 13.034423 %

[P]get found:             1878627.713 / s

----------------------------------

[INFO]Current Time:       58.64 s

[P]indexs Load Factor:    92.7116 %

[P]full bucket LFactor:   69.2193 %

[P]set request:           92146184 
[P]get request:           79450709 

[P]Get Hit Rate:          83.3441 %
[P]ACC Hit Rate:          83.9665 %

[P]total cuckoo num:      8654631 
[P]total cuckoo path:     8480697 
[P]total cp perset:       0.092501 / set
[P]total cp percuckoo:    0.979903 / cuckoo num

[P]cuckoo path / s:       7433.299 / s
[P]cp per set * s:        0.002800 / set * s

[P]break loop / s:        0 / s
[P]break / set :          0 %

[P]Throughput:            4983274.255 ops
[P]all request:           171596893 o

[P]GetThroughput:         2293041.070 ops
[P]SetThroughput:         2690233.185 ops

[P]Valid Entries:         1087491.969 / s
[P]set success:           2654808.283 / s

[P]expire scan persec:    11823717.388 / s
[P]total expire scan:     22982987
[P]expire hit persec:     1656657.797 / s
[P]total expire hit:      3090937

[P]expire hit rate:       14.011311 %
[P]total expire hit rate: 13.448805 %

[P]get found:             1911114.567 / s

----------------------------------

[INFO]Current Time:       59.45 s

[P]indexs Load Factor:    93.5104 %

[P]full bucket LFactor:   70.9316 %

[P]set request:           94282658 
[P]get request:           81267311 

[P]Get Hit Rate:          84.5371 %
[P]ACC Hit Rate:          83.9792 %

[P]total cuckoo num:      8656927 
[P]total cuckoo path:     8487965 
[P]total cp perset:       0.090421 / set
[P]total cp percuckoo:    0.980482 / cuckoo num

[P]cuckoo path / s:       8939.940 / s
[P]cp per set * s:        0.003320 / set * s

[P]break loop / s:        0 / s
[P]break / set :          0 %

[P]Throughput:            4862446.396 ops
[P]all request:           175549969 o

[P]GetThroughput:         2234495.327 ops
[P]SetThroughput:         2627951.069 ops

[P]Valid Entries:         994736.789 / s
[P]set success:           2692888.635 / s

[P]expire scan persec:    11833532.762 / s
[P]total expire scan:     32603423
[P]expire hit persec:     1735793.568 / s
[P]total expire hit:      4502104

[P]expire hit rate:       14.668431 %
[P]total expire hit rate: 13.808685 %

[P]get found:             1888976.750 / s

----------------------------------

[INFO]Current Time:       60.26 s

[P]indexs Load Factor:    94.2158 %

[P]full bucket LFactor:   72.4832 %

[P]set request:           96363401 
[P]get request:           83098934 

[P]Get Hit Rate:          82.7480 %
[P]ACC Hit Rate:          83.9521 %

[P]total cuckoo num:      8659135 
[P]total cuckoo path:     8495769 
[P]total cp perset:       0.088450 / set
[P]total cp percuckoo:    0.981134 / cuckoo num

[P]cuckoo path / s:       9681.961 / s
[P]cp per set * s:        0.003580 / set * s

[P]break loop / s:        0 / s
[P]break / set :          0 %

[P]Throughput:            4853841.083 ops
[P]all request:           179462335 o

[P]GetThroughput:         2272386.317 ops
[P]SetThroughput:         2581454.766 ops

[P]Valid Entries:         912992.565 / s
[P]set success:           2704649.162 / s

[P]expire scan persec:    11895547.343 / s
[P]total expire scan:     42191651
[P]expire hit persec:     1820362.545 / s
[P]total expire hit:      5969380

[P]expire hit rate:       15.302890 %
[P]total expire hit rate: 14.148249 %

[P]get found:             1880353.733 / s

----------------------------------

[INFO]Current Time:       61.06 s

[P]indexs Load Factor:    94.8566 %

[P]full bucket LFactor:   73.9267 %

[P]set request:           98345374 
[P]get request:           84808523 

[P]Get Hit Rate:          82.3797 %
[P]ACC Hit Rate:          83.9204 %

[P]total cuckoo num:      8661238 
[P]total cuckoo path:     8504325 
[P]total cp perset:       0.086693 / set
[P]total cp percuckoo:    0.981883 / cuckoo num

[P]cuckoo path / s:       10689.881 / s
[P]cp per set * s:        0.004184 / set * s

[P]break loop / s:        0 / s
[P]break / set :          0 %

[P]Throughput:            4612243.864 ops
[P]all request:           183153897 o

[P]GetThroughput:         2135963.415 ops
[P]SetThroughput:         2476280.449 ops

[P]Valid Entries:         805448.050 / s
[P]set success:           2555222.647 / s

[P]expire scan persec:    11462929.569 / s
[P]total expire scan:     51366386
[P]expire hit persec:     1821235.376 / s
[P]total expire hit:      7427066

[P]expire hit rate:       15.888045 %
[P]total expire hit rate: 14.459000 %

[P]get found:             1759599.891 / s

----------------------------------

[INFO]Current Time:       61.86 s

[P]indexs Load Factor:    95.4335 %

[P]full bucket LFactor:   75.2545 %

[P]set request:           100410200 
[P]get request:           86519828 

[P]Get Hit Rate:          83.6580 %
[P]ACC Hit Rate:          83.9152 %

[P]total cuckoo num:      8663250 
[P]total cuckoo path:     8513405 
[P]total cp perset:       0.084972 / set
[P]total cp percuckoo:    0.982703 / cuckoo num

[P]cuckoo path / s:       11328.265 / s
[P]cp per set * s:        0.004336 / set * s

[P]break loop / s:        0 / s
[P]break / set :          0 %

[P]Throughput:            4711124.920 ops
[P]all request:           186930028 o

[P]GetThroughput:         2135034.942 ops
[P]SetThroughput:         2576089.978 ops

[P]Valid Entries:         736012.875 / s
[P]set success:           2612487.645 / s

[P]expire scan persec:    11498663.504 / s
[P]total expire scan:     60582966
[P]expire hit persec:     1891186.543 / s
[P]total expire hit:      8942918

[P]expire hit rate:       16.447012 %
[P]total expire hit rate: 14.761440 %

[P]get found:             1786126.862 / s

----------------------------------

[INFO]Current Time:       62.65 s

[P]indexs Load Factor:    95.9652 %

[P]full bucket LFactor:   76.5067 %

[P]set request:           102404945 
[P]get request:           88235163 

[P]Get Hit Rate:          81.7729 %
[P]ACC Hit Rate:          83.8736 %

[P]total cuckoo num:      8665310 
[P]total cuckoo path:     8523309 
[P]total cp perset:       0.083350 / set
[P]total cp percuckoo:    0.983613 / cuckoo num

[P]cuckoo path / s:       12460.932 / s
[P]cp per set * s:        0.004789 / set * s

[P]break loop / s:        0 / s
[P]break / set :          0 %

[P]Throughput:            4667917.563 ops
[P]all request:           190640108 o

[P]GetThroughput:         2158185.908 ops
[P]SetThroughput:         2509731.655 ops

[P]Valid Entries:         678911.951 / s
[P]set success:           2602024.838 / s

[P]expire scan persec:    11646273.647 / s
[P]total expire scan:     69839472
[P]expire hit persec:     1979987.279 / s
[P]total expire hit:      10516620

[P]expire hit rate:       17.001037 %
[P]total expire hit rate: 15.058275 %

[P]get found:             1764812.243 / s

----------------------------------

[INFO]Current Time:       63.44 s

[P]indexs Load Factor:    96.4448 %

[P]full bucket LFactor:   77.6651 %

[P]set request:           104502219 
[P]get request:           90000442 

[P]Get Hit Rate:          80.0160 %
[P]ACC Hit Rate:          83.7979 %

[P]total cuckoo num:      8667318 
[P]total cuckoo path:     8533784 
[P]total cp perset:       0.081807 / set
[P]total cp percuckoo:    0.984593 / cuckoo num

[P]cuckoo path / s:       13279.312 / s
[P]cp per set * s:        0.005094 / set * s

[P]break loop / s:        0 / s
[P]break / set :          0 %

[P]Throughput:            4896615.440 ops
[P]all request:           194502661 o

[P]GetThroughput:         2237870.240 ops
[P]SetThroughput:         2658745.201 ops

[P]Valid Entries:         628619.181 / s
[P]set success:           2607055.399 / s

[P]expire scan persec:    11900218.446 / s
[P]total expire scan:     79226614
[P]expire hit persec:     2079627.745 / s
[P]total expire hit:      12157074

[P]expire hit rate:       17.475543 %
[P]total expire hit rate: 15.344685 %

[P]get found:             1790653.434 / s

----------------------------------

[INFO]Current Time:       64.23 s

[P]indexs Load Factor:    96.8720 %

[P]full bucket LFactor:   78.7199 %

[P]set request:           106593972 
[P]get request:           91757384 

[P]Get Hit Rate:          79.7073 %
[P]ACC Hit Rate:          83.7196 %

[P]total cuckoo num:      8669257 
[P]total cuckoo path:     8544747 
[P]total cp perset:       0.080301 / set
[P]total cp percuckoo:    0.985638 / cuckoo num

[P]cuckoo path / s:       13989.542 / s
[P]cp per set * s:        0.005237 / set * s

[P]break loop / s:        0 / s
[P]break / set :          0 %

[P]Throughput:            4911199.425 ops
[P]all request:           198351356 o

[P]GetThroughput:         2241978.785 ops
[P]SetThroughput:         2669220.640 ops

[P]Valid Entries:         568042.005 / s
[P]set success:           2671152.608 / s

[P]expire scan persec:    12007431.790 / s
[P]total expire scan:     88636320
[P]expire hit persec:     2110830.819 / s
[P]total expire hit:      13811241

[P]expire hit rate:       17.579370 %
[P]total expire hit rate: 15.581921 %

[P]get found:             1787020.717 / s

----------------------------------

[INFO]Current Time:       65.01 s

[P]indexs Load Factor:    97.2452 %

[P]full bucket LFactor:   79.6586 %

[P]set request:           108615006 
[P]get request:           93453586 

[P]Get Hit Rate:          79.5445 %
[P]ACC Hit Rate:          83.6438 %

[P]total cuckoo num:      8671008 
[P]total cuckoo path:     8555531 
[P]total cp perset:       0.078902 / set
[P]total cp percuckoo:    0.986682 / cuckoo num

[P]cuckoo path / s:       13843.333 / s
[P]cp per set * s:        0.005330 / set * s

[P]break loop / s:        0 / s
[P]break / set :          0 %

[P]Throughput:            4771785.624 ops
[P]all request:           202068592 o

[P]GetThroughput:         2177400.713 ops
[P]SetThroughput:         2594384.910 ops

[P]Valid Entries:         496655.249 / s
[P]set success:           2597022.897 / s

[P]expire scan persec:    11707208.216 / s
[P]total expire scan:     97756272
[P]expire hit persec:     2141421.398 / s
[P]total expire hit:      15479415

[P]expire hit rate:       18.291478 %
[P]total expire hit rate: 15.834703 %

[P]get found:             1732001.997 / s

----------------------------------

[INFO]Current Time:       65.78 s

[P]indexs Load Factor:    97.5863 %

[P]full bucket LFactor:   80.5346 %

[P]set request:           110693587 
[P]get request:           95161312 

[P]Get Hit Rate:          82.2967 %
[P]ACC Hit Rate:          83.6196 %

[P]total cuckoo num:      8672861 
[P]total cuckoo path:     8567471 
[P]total cp perset:       0.077522 / set
[P]total cp percuckoo:    0.987848 / cuckoo num

[P]cuckoo path / s:       15320.402 / s
[P]cp per set * s:        0.005728 / set * s

[P]break loop / s:        0 / s
[P]break / set :          0 %

[P]Throughput:            4858270.218 ops
[P]all request:           205854899 o

[P]GetThroughput:         2191210.160 ops
[P]SetThroughput:         2667060.058 ops

[P]Valid Entries:         458054.366 / s
[P]set success:           2674559.870 / s

[P]expire scan persec:    12096268.532 / s
[P]total expire scan:     107183534
[P]expire hit persec:     2249461.050 / s
[P]total expire hit:      17232539

[P]expire hit rate:       18.596322 %
[P]total expire hit rate: 16.077599 %

[P]get found:             1803293.468 / s

----------------------------------

[INFO]Current Time:       66.56 s

[P]indexs Load Factor:    97.8842 %

[P]full bucket LFactor:   81.3141 %

[P]set request:           112717312 
[P]get request:           96856891 

[P]Get Hit Rate:          81.9783 %
[P]ACC Hit Rate:          83.5909 %

[P]total cuckoo num:      8674836 
[P]total cuckoo path:     8581009 
[P]total cp perset:       0.076217 / set
[P]total cp percuckoo:    0.989184 / cuckoo num

[P]cuckoo path / s:       17405.010 / s
[P]cp per set * s:        0.006540 / set * s

[P]break loop / s:        0 / s
[P]break / set :          0 %

[P]Throughput:            4781690.304 ops
[P]all request:           209574203 o

[P]GetThroughput:         2179906.150 ops
[P]SetThroughput:         2601784.154 ops

[P]Valid Entries:         407288.548 / s
[P]set success:           2661359.479 / s

[P]expire scan persec:    12122202.491 / s
[P]total expire scan:     116612450
[P]expire hit persec:     2239070.071 / s
[P]total expire hit:      18974137

[P]expire hit rate:       18.470819 %
[P]total expire hit rate: 16.271107 %

[P]get found:             1787050.210 / s

----------------------------------

[INFO]Current Time:       67.33 s

[P]indexs Load Factor:    98.0797 %

[P]full bucket LFactor:   81.8356 %

[P]set request:           114492646 
[P]get request:           98316622 

[P]Get Hit Rate:          81.5032 %
[P]ACC Hit Rate:          83.5599 %

[P]total cuckoo num:      8676646 
[P]total cuckoo path:     8593866 
[P]total cp perset:       0.075123 / set
[P]total cp percuckoo:    0.990459 / cuckoo num

[P]cuckoo path / s:       16758.910 / s
[P]cp per set * s:        0.007100 / set * s

[P]break loop / s:        0 / s
[P]break / set :          0 %

[P]Throughput:            4216859.509 ops
[P]all request:           212809268 o

[P]GetThroughput:         1902737.827 ops
[P]SetThroughput:         2314121.682 ops

[P]Valid Entries:         317051.931 / s
[P]set success:           2360302.861 / s

[P]expire scan persec:    10606420.371 / s
[P]total expire scan:     124749420
[P]expire hit persec:     1986219.540 / s
[P]total expire hit:      20497913

[P]expire hit rate:       18.726578 %
[P]total expire hit rate: 16.431269 %

[P]get found:             1550792.899 / s

----------------------------------
[INFO]End rx_queue_1:1209561

[INFO]Current Time:       68.10 s

[P]indexs Load Factor:    98.2544 %

[P]full bucket LFactor:   82.3040 %

[P]set request:           115868984 
[P]get request:           99420034 

[P]Get Hit Rate:          82.6920 %
[P]ACC Hit Rate:          83.5503 %

[P]total cuckoo num:      8678236 
[P]total cuckoo path:     8605729 
[P]total cp perset:       0.074366 / set
[P]total cp percuckoo:    0.991645 / cuckoo num

[P]cuckoo path / s:       15416.021 / s
[P]cp per set * s:        0.008961 / set * s

[P]break loop / s:        0 / s
[P]break / set :          0 %

[P]Throughput:            3222446.195 ops
[P]all request:           215289018 o

[P]GetThroughput:         1433888.820 ops
[P]SetThroughput:         1788557.375 ops

[P]Valid Entries:         222458.271 / s
[P]set success:           1720280.111 / s

[P]expire scan persec:    8128035.263 / s
[P]total expire scan:     131004139
[P]expire hit persec:     1558556.781 / s
[P]total expire hit:      21697260

[P]expire hit rate:       19.175074 %
[P]total expire hit rate: 16.562271 %

[P]get found:             1185712.056 / s

----------------------------------

[INFO]Current Time:       68.87 s

[P]indexs Load Factor:    98.4235 %

[P]full bucket LFactor:   82.7658 %

[P]set request:           117335625 
[P]get request:           100722147 

[P]Get Hit Rate:          77.3796 %
[P]ACC Hit Rate:          83.4705 %

[P]total cuckoo num:      8680169 
[P]total cuckoo path:     8620720 
[P]total cp perset:       0.073482 / set
[P]total cp percuckoo:    0.993151 / cuckoo num

[P]cuckoo path / s:       19544.040 / s
[P]cp per set * s:        0.009393 / set * s

[P]break loop / s:        0 / s
[P]break / set :          0 %

[P]Throughput:            3609676.336 ops
[P]all request:           218057773 o

[P]GetThroughput:         1697588.440 ops
[P]SetThroughput:         1912086.591 ops

[P]Valid Entries:         231634.223 / s
[P]set success:           2080732.973 / s

[P]expire scan persec:    9267329.724 / s
[P]total expire scan:     138112523
[P]expire hit persec:     1787243.839 / s
[P]total expire hit:      23068142

[P]expire hit rate:       19.285424 %
[P]total expire hit rate: 16.702426 %

[P]get found:             1313587.365 / s

----------------------------------

[INFO]Current Time:       69.63 s

[P]indexs Load Factor:    98.5761 %

[P]full bucket LFactor:   83.1861 %

[P]set request:           118854385 
[P]get request:           101999287 

[P]Get Hit Rate:          79.8162 %
[P]ACC Hit Rate:          83.4247 %

[P]total cuckoo num:      8682016 
[P]total cuckoo path:     8635106 
[P]total cp perset:       0.072617 / set
[P]total cp percuckoo:    0.994597 / cuckoo num

[P]cuckoo path / s:       18835.534 / s
[P]cp per set * s:        0.009013 / set * s

[P]break loop / s:        0 / s
[P]break / set :          0 %

[P]Throughput:            3660659.770 ops
[P]all request:           220853672 o

[P]GetThroughput:         1672154.473 ops
[P]SetThroughput:         1988506.606 ops

[P]Valid Entries:         212171.440 / s
[P]set success:           2089903.737 / s

[P]expire scan persec:    9307400.020 / s
[P]total expire scan:     145221228
[P]expire hit persec:     1845276.155 / s
[P]total expire hit:      24477507

[P]expire hit rate:       19.825904 %
[P]total expire hit rate: 16.855323 %

[P]get found:             1334650.660 / s

----------------------------------

[INFO]Current Time:       70.39 s

[P]indexs Load Factor:    98.7153 %

[P]full bucket LFactor:   83.5734 %

[P]set request:           120384040 
[P]get request:           103272672 

[P]Get Hit Rate:          79.0125 %
[P]ACC Hit Rate:          83.3703 %

[P]total cuckoo num:      8683710 
[P]total cuckoo path:     8649173 
[P]total cp perset:       0.071781 / set
[P]total cp percuckoo:    0.996023 / cuckoo num

[P]cuckoo path / s:       18613.669 / s
[P]cp per set * s:        0.008903 / set * s

[P]break loop / s:        0 / s
[P]break / set :          0 %

[P]Throughput:            3709025.379 ops
[P]all request:           223656712 o

[P]GetThroughput:         1684962.499 ops
[P]SetThroughput:         2024062.880 ops

[P]Valid Entries:         194312.842 / s
[P]set success:           2090762.193 / s

[P]expire scan persec:    9279331.694 / s
[P]total expire scan:     152233943
[P]expire hit persec:     1863699.773 / s
[P]total expire hit:      25885970

[P]expire hit rate:       20.084418 %
[P]total expire hit rate: 17.004072 %

[P]get found:             1331330.567 / s

----------------------------------

[INFO]Current Time:       71.14 s

[P]indexs Load Factor:    98.8358 %

[P]full bucket LFactor:   83.9133 %

[P]set request:           121913017 
[P]get request:           104556566 

[P]Get Hit Rate:          78.2534 %
[P]ACC Hit Rate:          83.3075 %

[P]total cuckoo num:      8685318 
[P]total cuckoo path:     8662609 
[P]total cp perset:       0.070962 / set
[P]total cp percuckoo:    0.997385 / cuckoo num

[P]cuckoo path / s:       17888.122 / s
[P]cp per set * s:        0.008503 / set * s

[P]break loop / s:        0 / s
[P]break / set :          0 %

[P]Throughput:            3744938.821 ops
[P]all request:           226469584 o

[P]GetThroughput:         1709322.174 ops
[P]SetThroughput:         2035615.315 ops

[P]Valid Entries:         178252.821 / s
[P]set success:           2103815.445 / s

[P]expire scan persec:    9308877.064 / s
[P]total expire scan:     159225961
[P]expire hit persec:     1859521.957 / s
[P]total expire hit:      27282681

[P]expire hit rate:       19.975792 %
[P]total expire hit rate: 17.134568 %

[P]get found:             1337603.108 / s

----------------------------------
[INFO]End rx_queue_3:651265

[INFO]Current Time:       71.90 s

[P]indexs Load Factor:    98.9261 %

[P]full bucket LFactor:   84.1707 %

[P]set request:           123181439 
[P]get request:           105604401 

[P]Get Hit Rate:          77.2095 %
[P]ACC Hit Rate:          83.2470 %

[P]total cuckoo num:      8686762 
[P]total cuckoo path:     8674757 
[P]total cp perset:       0.070325 / set
[P]total cp percuckoo:    0.998618 / cuckoo num

[P]cuckoo path / s:       15975.360 / s
[P]cp per set * s:        0.009492 / set * s

[P]break loop / s:        0 / s
[P]break / set :          0 %

[P]Throughput:            3046017.779 ops
[P]all request:           228785840 o

[P]GetThroughput:         1377966.874 ops
[P]SetThroughput:         1668052.220 ops

[P]Valid Entries:         129750.487 / s
[P]set success:           1683014.983 / s

[P]expire scan persec:    7808743.717 / s
[P]total expire scan:     165163894
[P]expire hit persec:     1534794.465 / s
[P]total expire hit:      28449771

[P]expire hit rate:       19.654819 %
[P]total expire hit rate: 17.225176 %

[P]get found:             1063921.117 / s

----------------------------------

[INFO]Current Time:       72.65 s

[P]indexs Load Factor:    98.9942 %

[P]full bucket LFactor:   84.3660 %

[P]set request:           124415918 
[P]get request:           106624233 

[P]Get Hit Rate:          78.7483 %
[P]ACC Hit Rate:          83.2040 %

[P]total cuckoo num:      8688254 
[P]total cuckoo path:     8687687 
[P]total cp perset:       0.069726 / set
[P]total cp percuckoo:    0.999935 / cuckoo num

[P]cuckoo path / s:       17130.229 / s
[P]cp per set * s:        0.010392 / set * s

[P]break loop / s:        0 / s
[P]break / set :          0 %

[P]Throughput:            2986609.639 ops
[P]all request:           231040151 o

[P]GetThroughput:         1351117.961 ops
[P]SetThroughput:         1635491.678 ops

[P]Valid Entries:         118695.393 / s
[P]set success:           1648398.305 / s

[P]expire scan persec:    7792223.002 / s
[P]total expire scan:     171045511
[P]expire hit persec:     1517898.555 / s
[P]total expire hit:      29595490

[P]expire hit rate:       19.479660 %
[P]total expire hit rate: 17.302699 %

[P]get found:             1063981.945 / s

----------------------------------
[INFO]End rx_queue_0:1280217

[INFO]Current Time:       73.41 s

[P]indexs Load Factor:    99.0203 %

[P]full bucket LFactor:   84.4425 %

[P]set request:           125056149 
[P]get request:           107148228 

[P]Get Hit Rate:          77.8179 %
[P]ACC Hit Rate:          83.1776 %

[P]total cuckoo num:      8688942 
[P]total cuckoo path:     8693666 
[P]total cp perset:       0.069417 / set
[P]total cp percuckoo:    1.000544 / cuckoo num

[P]cuckoo path / s:       7891.798 / s
[P]cp per set * s:        0.009339 / set * s

[P]break loop / s:        0 / s
[P]break / set :          0 %

[P]Throughput:            1536684.514 ops
[P]all request:           232204377 o

[P]GetThroughput:         691631.180 ops
[P]SetThroughput:         845053.334 ops

[P]Valid Entries:         56107.135 / s
[P]set success:           845053.334 / s

[P]expire scan persec:    3949267.558 / s
[P]total expire scan:     174037563
[P]expire hit persec:     777720.284 / s
[P]total expire hit:      30184708

[P]expire hit rate:       19.692773 %
[P]total expire hit rate: 17.343789 %

[P]get found:             538212.985 / s

----------------------------------
[INFO]End rx_queue_2:1273345
Finish the job......

[INFO]Current Time:       74.16 s

[P]indexs Load Factor:    99.0203 %

[P]full bucket LFactor:   84.4425 %

[P]set request:           125096299 
[P]get request:           107181034 

[P]Get Hit Rate:          77.6017 %
[P]ACC Hit Rate:          83.1759 %

[P]total cuckoo num:      8688968 
[P]total cuckoo path:     8693887 
[P]total cp perset:       0.069397 / set
[P]total cp percuckoo:    1.000566 / cuckoo num

[P]cuckoo path / s:       293.865 / s
[P]cp per set * s:        0.005504 / set * s

[P]break loop / s:        0 / s
[P]break / set :          0 %

[P]Throughput:            97010.040 ops
[P]all request:           232277333 o

[P]GetThroughput:         43622.339 ops
[P]SetThroughput:         53387.701 ops

[P]Valid Entries:         3443.939 / s
[P]set success:           53389.031 / s

[P]expire scan persec:    248831.896 / s
[P]total expire scan:     174224696
[P]expire hit persec:     49244.337 / s
[P]total expire hit:      30221742

[P]expire hit rate:       19.790203 %
[P]total expire hit rate: 17.346417 %

[P]get found:             33851.659 / s

----------------------------------

Total Index Entries:      93485777

indexs Load Factor:     99.020288 %

log_0 Load Factor:      17.189495 %

log_1 Load Factor:      32.373797 %

log_2 Load Factor:      14.369503 %

log_3 Load Factor:      38.854241 %

Get Hit Rate:           83.175908%

Max Throughput:         5628491.30

Calc Load Factor:       99.020288%

set request:              39058947 | set_success:              39058947
set_fail:                        0 | set_key_duplicate:         1119134 | set_mica_evicted:                0
set_random:                      0 | set_cuckoo_evicted:        2448040 | set_expire_evicted:       10033111

get request:              33285616
get_found:                27512285 | get_notfound:              5773331 | get_hit_ratio:          82.655178%

clean up:                        0 | test_notfound:                   0
move_to_head_performed:    3526014 | move_to_head_skipped:     23986271 | move_to_head_failed:             0


set request:              36155793 | set_success:              36155793
set_fail:                        0 | set_key_duplicate:          902427 | set_mica_evicted:                0
set_random:                      0 | set_cuckoo_evicted:        2523711 | set_expire_evicted:        6264510

get request:              31448560
get_found:                26741327 | get_notfound:              4707233 | get_hit_ratio:          85.031960%

clean up:                        0 | test_notfound:                   0
move_to_head_performed:    2842003 | move_to_head_skipped:     23899324 | move_to_head_failed:             0


set request:              39341478 | set_success:              39341478
set_fail:                        0 | set_key_duplicate:         1226831 | set_mica_evicted:                0
set_random:                      0 | set_cuckoo_evicted:        2433168 | set_expire_evicted:       10630441

get request:              33106944
get_found:                26872410 | get_notfound:              6234534 | get_hit_ratio:          81.168500%

clean up:                        0 | test_notfound:                   0
move_to_head_performed:    3832415 | move_to_head_skipped:     23039995 | move_to_head_failed:             0


set request:              20411773 | set_success:              20411773
set_fail:                        0 | set_key_duplicate:          362707 | set_mica_evicted:                0
set_random:                      0 | set_cuckoo_evicted:        1284049 | set_expire_evicted:        4672247

get request:              16932864
get_found:                13453955 | get_notfound:              3478909 | get_hit_ratio:          79.454692%

clean up:                        0 | test_notfound:                   0
move_to_head_performed:    1713411 | move_to_head_skipped:     11740544 | move_to_head_failed:             0


[INFO] Everything works fine.
deleting piekv......
