[INFO] 单个Log Size为:8 GB
[INFO] 运行mica
EAL: Probing VFIO support...
EAL: VFIO support initialized
EAL: PCI device 0000:03:00.0 on NUMA socket 0
EAL:   probe driver: 15b3:1017 net_mlx5
WEN: There are 1 device(s) available
starting port 0...
querying port 0...
port 0: 100 Gbps (full-duplex)
Adding UDP filter for each endpoint.
port_id/queue_id/udp_port = 0 0 0
Flow is created with src_port = 0, dst_port = 0
port_id/queue_id/udp_port = 0 1 1
Flow is created with src_port = 0, dst_port = 1
port_id/queue_id/udp_port = 0 2 2
Flow is created with src_port = 0, dst_port = 2
port_id/queue_id/udp_port = 0 3 3
Flow is created with src_port = 0, dst_port = 3
MEM: Initializing pages...
 == [STAT] Workers Start (4 threads in total) == 

[INFO]Current Time:       12.64 s

[P]indexs Load Factor:    1.4002 %

[P]set request:           1874130 

[P]get request:           1389568 

[P]Get Hit Rate:          56.6769 %

[P]rx packet:             383738.966 / s

[P]Throughput:            1736369.348 ops

[P]GetThroughput:         720224.074 ops

[P]SetThroughput:         1016145.274 ops

[P]set_request ++:        1065973

[P]Valid Entries:         1010534.408 / s

[P]count ++:              1060087

[P]count:                 1895995

[P]mica evicted:          0 / s

[P]set success:           1044523.708 / s

[P]set_succ ++:           1095743

[P]set_succ:              1970951

[P]setsuccess rate:       102.793  %

[P]get found:             408200.471 / s

----------------------------------

[INFO]Current Time:       13.62 s

[P]indexs Load Factor:    3.3491 %

[P]set request:           3892954 

[P]get request:           3011635 

[P]Get Hit Rate:          67.3377 %

[P]rx packet:             880008.171 / s

[P]Throughput:            3657535.960 ops

[P]GetThroughput:         1614799.051 ops

[P]SetThroughput:         2042736.910 ops

[P]set_request ++:        2010956

[P]Valid Entries:         2092151.705 / s

[P]count ++:              2059602

[P]count:                 3955133

[P]mica evicted:          0 / s

[P]set success:           2194022.613 / s

[P]set_succ ++:           2159888

[P]set_succ:              4133099

[P]setsuccess rate:       107.406  %

[P]get found:             1087368.280 / s

----------------------------------

[INFO]Current Time:       14.65 s

[P]indexs Load Factor:    5.1891 %

[P]set request:           5888489 

[P]get request:           4608040 

[P]Get Hit Rate:          72.3943 %

[P]rx packet:             838980.677 / s

[P]Throughput:            3479644.633 ops

[P]GetThroughput:         1552135.728 ops

[P]SetThroughput:         1927508.905 ops

[P]set_request ++:        1974513

[P]Valid Entries:         1931091.539 / s

[P]count ++:              1978183

[P]count:                 5922512

[P]mica evicted:          0 / s

[P]set success:           2000672.736 / s

[P]set_succ ++:           2049461

[P]set_succ:              6144489

[P]setsuccess rate:       103.796  %

[P]get found:             1123658.542 / s

----------------------------------

[INFO]Current Time:       15.71 s

[P]indexs Load Factor:    6.9279 %

[P]set request:           7806669 

[P]get request:           6148988 

[P]Get Hit Rate:          74.9611 %

[P]rx packet:             780334.486 / s

[P]Throughput:            3234467.090 ops

[P]GetThroughput:         1434614.504 ops

[P]SetThroughput:         1799852.586 ops

[P]set_request ++:        1906334

[P]Valid Entries:         1772660.313 / s

[P]count ++:              1877533

[P]count:                 7787124

[P]mica evicted:            0.944 / s

[P]set success:           1835293.839 / s

[P]set_succ ++:           1943872

[P]set_succ:              8074806

[P]setsuccess rate:       101.969  %

[P]get found:             1075402.889 / s

----------------------------------

[INFO]Current Time:       16.80 s

[P]indexs Load Factor:    8.5888 %

[P]set request:           9593726 

[P]get request:           7640007 

[P]Get Hit Rate:          76.8145 %

[P]rx packet:             746079.851 / s

[P]Throughput:            3058595.131 ops

[P]GetThroughput:         1397859.463 ops

[P]SetThroughput:         1660735.668 ops

[P]set_request ++:        1810391

[P]Valid Entries:         1654981.224 / s

[P]count ++:              1804118

[P]count:                 9590251

[P]mica evicted:            0.917 / s

[P]set success:           1689304.243 / s

[P]set_succ ++:           1841534

[P]set_succ:              9939069

[P]setsuccess rate:       101.720  %

[P]get found:             1073759.378 / s

----------------------------------

[INFO]Current Time:       17.92 s

[P]indexs Load Factor:    10.1459 %

[P]set request:           11324095 

[P]get request:           9076526 

[P]Get Hit Rate:          78.0291 %

[P]rx packet:             693153.198 / s

[P]Throughput:            2868421.196 ops

[P]GetThroughput:         1288899.714 ops

[P]SetThroughput:         1579521.482 ops

[P]set_request ++:        1772948

[P]Valid Entries:         1531891.232 / s

[P]count ++:              1719485

[P]count:                 11267676

[P]mica evicted:            9.800 / s

[P]set success:           1623360.948 / s

[P]set_succ ++:           1822156

[P]set_succ:              11716424

[P]setsuccess rate:       102.775  %

[P]get found:             1005716.971 / s

----------------------------------

[INFO]Current Time:       19.06 s

[P]indexs Load Factor:    11.6301 %

[P]set request:           12958398 

[P]get request:           10458349 

[P]Get Hit Rate:          79.0439 %

[P]rx packet:             629820.851 / s

[P]Throughput:            2653704.554 ops

[P]GetThroughput:         1206459.214 ops

[P]SetThroughput:         1447245.341 ops

[P]set_request ++:        1651818

[P]Valid Entries:         1421447.891 / s

[P]count ++:              1622374

[P]count:                 12890692

[P]mica evicted:           24.532 / s

[P]set success:           1485483.287 / s

[P]set_succ ++:           1695461

[P]set_succ:              13410859

[P]setsuccess rate:       102.642  %

[P]get found:             953632.115 / s

----------------------------------

[INFO]Current Time:       20.21 s

[P]indexs Load Factor:    13.0366 %

[P]set request:           14534359 

[P]get request:           11782613 

[P]Get Hit Rate:          79.6921 %

[P]rx packet:             611821.230 / s

[P]Throughput:            2535128.814 ops

[P]GetThroughput:         1162953.928 ops

[P]SetThroughput:         1372174.885 ops

[P]set_request ++:        1580696

[P]Valid Entries:         1362339.508 / s

[P]count ++:              1569366

[P]count:                 14438069

[P]mica evicted:           43.404 / s

[P]set success:           1421166.870 / s

[P]set_succ ++:           1637133

[P]set_succ:              15024132

[P]setsuccess rate:       103.570  %

[P]get found:             926782.475 / s

----------------------------------

[INFO]Current Time:       21.37 s

[P]indexs Load Factor:    14.3849 %

[P]set request:           16004006 

[P]get request:           13037381 

[P]Get Hit Rate:          80.4360 %

[P]rx packet:             594568.423 / s

[P]Throughput:            2462001.237 ops

[P]GetThroughput:         1132862.117 ops

[P]SetThroughput:         1329139.120 ops

[P]set_request ++:        1537770

[P]Valid Entries:         1320144.049 / s

[P]count ++:              1527363

[P]count:                 15897601

[P]mica evicted:           82.111 / s

[P]set success:           1359436.442 / s

[P]set_succ ++:           1572823

[P]set_succ:              16525369

[P]setsuccess rate:       102.279  %

[P]get found:             911229.161 / s

----------------------------------

[INFO]Current Time:       22.53 s

[P]indexs Load Factor:    15.6589 %

[P]set request:           17412385 

[P]get request:           14259883 

[P]Get Hit Rate:          80.8451 %

[P]rx packet:             552216.897 / s

[P]Throughput:            2290172.817 ops

[P]GetThroughput:         1056139.472 ops

[P]SetThroughput:         1234033.344 ops

[P]set_request ++:        1431417

[P]Valid Entries:         1225623.499 / s

[P]count ++:              1421662

[P]count:                 17313786

[P]mica evicted:          135.351 / s

[P]set success:           1275376.505 / s

[P]set_succ ++:           1479373

[P]set_succ:              17964191

[P]setsuccess rate:       103.350  %

[P]get found:             853836.790 / s

----------------------------------

[INFO]Current Time:       23.70 s

[P]indexs Load Factor:    16.8756 %

[P]set request:           18798028 

[P]get request:           15423087 

[P]Get Hit Rate:          82.3073 %

[P]rx packet:             534209.873 / s

[P]Throughput:            2204701.639 ops

[P]GetThroughput:         1012271.764 ops

[P]SetThroughput:         1192429.875 ops

[P]set_request ++:        1391827

[P]Valid Entries:         1184590.731 / s

[P]count ++:              1382677

[P]count:                 18673533

[P]mica evicted:          196.193 / s

[P]set success:           1202178.687 / s

[P]set_succ ++:           1403206

[P]set_succ:              19376922

[P]setsuccess rate:       100.818  %

[P]get found:             833173.436 / s

----------------------------------

[INFO]Current Time:       24.86 s

[P]indexs Load Factor:    18.0323 %

[P]set request:           20094010 

[P]get request:           16527561 

[P]Get Hit Rate:          81.7133 %

[P]rx packet:             505036.116 / s

[P]Throughput:            2096731.545 ops

[P]GetThroughput:         970229.174 ops

[P]SetThroughput:         1126502.371 ops

[P]set_request ++:        1315509

[P]Valid Entries:         1118738.078 / s

[P]count ++:              1306442

[P]count:                 19960325

[P]mica evicted:          309.133 / s

[P]set success:           1147897.634 / s

[P]set_succ ++:           1340494

[P]set_succ:              20696685

[P]setsuccess rate:       101.899  %

[P]get found:             792806.478 / s

----------------------------------

[INFO]Current Time:       26.04 s

[P]indexs Load Factor:    19.1535 %

[P]set request:           21348563 

[P]get request:           17599057 

[P]Get Hit Rate:          83.9217 %

[P]rx packet:             489606.518 / s

[P]Throughput:            2011732.215 ops

[P]GetThroughput:         919899.032 ops

[P]SetThroughput:         1091833.183 ops

[P]set_request ++:        1283770

[P]Valid Entries:         1084040.996 / s

[P]count ++:              1274608

[P]count:                 21206420

[P]mica evicted:          455.012 / s

[P]set success:           1125127.304 / s

[P]set_succ ++:           1322917

[P]set_succ:              21989402

[P]setsuccess rate:       103.049  %

[P]get found:             771994.618 / s

----------------------------------

[INFO]Current Time:       27.22 s

[P]indexs Load Factor:    20.2473 %

[P]set request:           22600387 

[P]get request:           18670852 

[P]Get Hit Rate:          82.3389 %

[P]rx packet:             474005.290 / s

[P]Throughput:            1981691.122 ops

[P]GetThroughput:         913409.553 ops

[P]SetThroughput:         1068281.568 ops

[P]set_request ++:        1258034

[P]Valid Entries:         1047917.683 / s

[P]count ++:              1234053

[P]count:                 22420227

[P]mica evicted:          579.132 / s

[P]set success:           1086812.950 / s

[P]set_succ ++:           1279857

[P]set_succ:              23262429

[P]setsuccess rate:       101.735  %

[P]get found:             752091.508 / s

----------------------------------

[INFO]Current Time:       28.40 s

[P]indexs Load Factor:    21.2921 %

[P]set request:           23791965 

[P]get request:           19693323 

[P]Get Hit Rate:          81.6180 %

[P]rx packet:             455499.616 / s

[P]Throughput:            1905406.073 ops

[P]GetThroughput:         879457.118 ops

[P]SetThroughput:         1025948.955 ops

[P]set_request ++:        1212256

[P]Valid Entries:         994550.714 / s

[P]count ++:              1175156

[P]count:                 23589044

[P]mica evicted:          828.541 / s

[P]set success:           1031109.776 / s

[P]set_succ ++:           1218354

[P]set_succ:              24445128

[P]setsuccess rate:       100.503  %

[P]get found:             717795.106 / s

----------------------------------

[INFO]Current Time:       29.59 s

[P]indexs Load Factor:    22.3323 %

[P]set request:           24988625 

[P]get request:           20711416 

[P]Get Hit Rate:          82.9163 %

[P]rx packet:             449764.473 / s

[P]Throughput:            1881381.442 ops

[P]GetThroughput:         869690.220 ops

[P]SetThroughput:         1011691.222 ops

[P]set_request ++:        1200926

[P]Valid Entries:         992088.813 / s

[P]count ++:              1177657

[P]count:                 24762702

[P]mica evicted:          1043.766 / s

[P]set success:           1004206.268 / s

[P]set_succ ++:           1192041

[P]set_succ:              25647067

[P]setsuccess rate:        99.260  %

[P]get found:             721114.925 / s

----------------------------------

[INFO]Current Time:       30.77 s

[P]indexs Load Factor:    23.3158 %

[P]set request:           26081669 

[P]get request:           21675993 

[P]Get Hit Rate:          84.0948 %

[P]rx packet:             433777.421 / s

[P]Throughput:            1794131.259 ops

[P]GetThroughput:         830027.078 ops

[P]SetThroughput:         964104.180 ops

[P]set_request ++:        1143712

[P]Valid Entries:         956826.058 / s

[P]count ++:              1135078

[P]count:                 25860588

[P]mica evicted:          1318.390 / s

[P]set success:           990476.203 / s

[P]set_succ ++:           1174997

[P]set_succ:              26783240

[P]setsuccess rate:       102.735  %

[P]get found:             698009.329 / s

----------------------------------

[INFO]Current Time:       31.96 s

[P]indexs Load Factor:    24.2823 %

[P]set request:           27194008 

[P]get request:           22635496 

[P]Get Hit Rate:          83.3990 %

[P]rx packet:             418330.263 / s

[P]Throughput:            1739502.162 ops

[P]GetThroughput:         810551.787 ops

[P]SetThroughput:         928950.375 ops

[P]set_request ++:        1101345

[P]Valid Entries:         921397.110 / s

[P]count ++:              1092390

[P]count:                 26950932

[P]mica evicted:          1632.956 / s

[P]set success:           953663.174 / s

[P]set_succ ++:           1130644

[P]set_succ:              27911465

[P]setsuccess rate:       102.660  %

[P]get found:             675992.333 / s

----------------------------------

[INFO]Current Time:       33.15 s

[P]indexs Load Factor:    25.2270 %

[P]set request:           28276690 

[P]get request:           23561295 

[P]Get Hit Rate:          83.5414 %

[P]rx packet:             409323.035 / s

[P]Throughput:            1713235.425 ops

[P]GetThroughput:         793800.188 ops

[P]SetThroughput:         919435.237 ops

[P]set_request ++:        1095623

[P]Valid Entries:         901589.035 / s

[P]count ++:              1074357

[P]count:                 28012046

[P]mica evicted:          1861.322 / s

[P]set success:           932801.007 / s

[P]set_succ ++:           1111550

[P]set_succ:              29009513

[P]setsuccess rate:       101.454  %

[P]get found:             663151.821 / s

----------------------------------

[INFO]Current Time:       34.34 s

[P]indexs Load Factor:    26.1268 %

[P]set request:           29314461 

[P]get request:           24459122 

[P]Get Hit Rate:          84.6791 %

[P]rx packet:             395054.311 / s

[P]Throughput:            1645902.380 ops

[P]GetThroughput:         758680.876 ops

[P]SetThroughput:         887221.503 ops

[P]set_request ++:        1058842

[P]Valid Entries:         869273.326 / s

[P]count ++:              1037422

[P]count:                 29029071

[P]mica evicted:          2423.255 / s

[P]set success:           899359.566 / s

[P]set_succ ++:           1073328

[P]set_succ:              30061480

[P]setsuccess rate:       101.368  %

[P]get found:             642444.219 / s

----------------------------------

[INFO]Current Time:       35.54 s

[P]indexs Load Factor:    27.0094 %

[P]set request:           30329464 

[P]get request:           25328084 

[P]Get Hit Rate:          83.8473 %

[P]rx packet:             380730.815 / s

[P]Throughput:            1594817.824 ops

[P]GetThroughput:         739847.730 ops

[P]SetThroughput:         854970.095 ops

[P]set_request ++:        1023366

[P]Valid Entries:         837294.500 / s

[P]count ++:              1002209

[P]count:                 30023232

[P]mica evicted:          2748.627 / s

[P]set success:           866196.858 / s

[P]set_succ ++:           1036804

[P]set_succ:              31090033

[P]setsuccess rate:       101.313  %

[P]get found:             620342.599 / s

----------------------------------

[INFO]Current Time:       36.74 s

[P]indexs Load Factor:    27.8699 %

[P]set request:           31324728 

[P]get request:           26191495 

[P]Get Hit Rate:          85.0695 %

[P]rx packet:             374655.419 / s

[P]Throughput:            1560244.895 ops

[P]GetThroughput:         720071.410 ops

[P]SetThroughput:         840173.485 ops

[P]set_request ++:        1006274

[P]Valid Entries:         813473.930 / s

[P]count ++:              974296

[P]count:                 30986245

[P]mica evicted:          3126.832 / s

[P]set success:           851491.865 / s

[P]set_succ ++:           1019830

[P]set_succ:              32086690

[P]setsuccess rate:       101.347  %

[P]get found:             612560.992 / s

----------------------------------

[INFO]Current Time:       37.94 s

[P]indexs Load Factor:    28.7121 %

[P]set request:           32298524 

[P]get request:           27037936 

[P]Get Hit Rate:          84.2646 %

[P]rx packet:             365983.846 / s

[P]Throughput:            1533185.777 ops

[P]GetThroughput:         712633.508 ops

[P]SetThroughput:         820552.270 ops

[P]set_request ++:        984195

[P]Valid Entries:         803017.274 / s

[P]count ++:              963163

[P]count:                 31939190

[P]mica evicted:          3645.899 / s

[P]set success:           821356.819 / s

[P]set_succ ++:           985160

[P]set_succ:              33072729

[P]setsuccess rate:       100.098  %

[P]get found:             600497.742 / s

----------------------------------

[INFO]Current Time:       39.14 s

[P]indexs Load Factor:    29.5378 %

[P]set request:           33250519 

[P]get request:           27856133 

[P]Get Hit Rate:          86.3514 %

[P]rx packet:             357574.124 / s

[P]Throughput:            1482608.329 ops

[P]GetThroughput:         680745.940 ops

[P]SetThroughput:         801862.389 ops

[P]set_request ++:        962753

[P]Valid Entries:         784415.117 / s

[P]count ++:              941805

[P]count:                 32880679

[P]mica evicted:          4126.112 / s

[P]set success:           811724.579 / s

[P]set_succ ++:           974594

[P]set_succ:              34047297

[P]setsuccess rate:       101.230  %

[P]get found:             587833.470 / s

----------------------------------

[INFO]Current Time:       40.34 s

[P]indexs Load Factor:    30.3453 %

[P]set request:           34190828 

[P]get request:           28665894 

[P]Get Hit Rate:          85.3477 %

[P]rx packet:             352143.760 / s

[P]Throughput:            1459351.202 ops

[P]GetThroughput:         679284.860 ops

[P]SetThroughput:         780066.342 ops

[P]set_request ++:        939100

[P]Valid Entries:         771410.936 / s

[P]count ++:              928680

[P]count:                 33799446

[P]mica evicted:          4698.174 / s

[P]set success:           798638.915 / s

[P]set_succ ++:           961459

[P]set_succ:              34998723

[P]setsuccess rate:       102.381  %

[P]get found:             579754.343 / s

----------------------------------

[INFO]Current Time:       41.55 s

[P]indexs Load Factor:    31.1280 %

[P]set request:           35098079 

[P]get request:           29456151 

[P]Get Hit Rate:          84.5736 %

[P]rx packet:             342331.590 / s

[P]Throughput:            1435082.765 ops

[P]GetThroughput:         668031.941 ops

[P]SetThroughput:         767050.824 ops

[P]set_request ++:        925189

[P]Valid Entries:         749112.963 / s

[P]count ++:              903553

[P]count:                 34685153

[P]mica evicted:          5411.371 / s

[P]set success:           776025.558 / s

[P]set_succ ++:           936014

[P]set_succ:              35916487

[P]setsuccess rate:       101.170  %

[P]get found:             564978.781 / s

----------------------------------

[INFO]Current Time:       42.76 s

[P]indexs Load Factor:    31.8868 %

[P]set request:           35981652 

[P]get request:           30226103 

[P]Get Hit Rate:          84.6826 %

[P]rx packet:             331621.234 / s

[P]Throughput:            1390556.980 ops

[P]GetThroughput:         647557.747 ops

[P]SetThroughput:         742999.233 ops

[P]set_request ++:        896731

[P]Valid Entries:         725053.360 / s

[P]count ++:              875072

[P]count:                 35547205

[P]mica evicted:          5745.264 / s

[P]set success:           751462.188 / s

[P]set_succ ++:           906945

[P]set_succ:              36810163

[P]setsuccess rate:       101.139  %

[P]get found:             548368.666 / s

----------------------------------

[INFO]Current Time:       43.96 s

[P]indexs Load Factor:    32.6480 %

[P]set request:           36870924 

[P]get request:           31001816 

[P]Get Hit Rate:          84.7627 %

[P]rx packet:             328108.271 / s

[P]Throughput:            1375534.982 ops

[P]GetThroughput:         640790.527 ops

[P]SetThroughput:         734744.455 ops

[P]set_request ++:        884636

[P]Valid Entries:         716721.274 / s

[P]count ++:              862936

[P]count:                 36413683

[P]mica evicted:          6487.515 / s

[P]set success:           743090.766 / s

[P]set_succ ++:           894685

[P]set_succ:              37708826

[P]setsuccess rate:       101.136  %

[P]get found:             543151.398 / s

----------------------------------

[INFO]Current Time:       45.17 s

[P]indexs Load Factor:    33.3948 %

[P]set request:           37725248 

[P]get request:           31756050 

[P]Get Hit Rate:          84.9598 %

[P]rx packet:             323559.589 / s

[P]Throughput:            1364462.394 ops

[P]GetThroughput:         639426.407 ops

[P]SetThroughput:         725035.987 ops

[P]set_request ++:        879626

[P]Valid Entries:         705252.223 / s

[P]count ++:              855624

[P]count:                 37244562

[P]mica evicted:          7323.504 / s

[P]set success:           740156.118 / s

[P]set_succ ++:           897970

[P]set_succ:              38581375

[P]setsuccess rate:       102.085  %

[P]get found:             543255.649 / s

----------------------------------

[INFO]Current Time:       46.38 s

[P]indexs Load Factor:    34.1111 %

[P]set request:           38570314 

[P]get request:           32503905 

[P]Get Hit Rate:          84.9486 %

[P]rx packet:             306808.943 / s

[P]Throughput:            1293844.979 ops

[P]GetThroughput:         607188.363 ops

[P]SetThroughput:         686656.616 ops

[P]set_request ++:        830884

[P]Valid Entries:         676414.831 / s

[P]count ++:              818491

[P]count:                 38076436

[P]mica evicted:          7654.274 / s

[P]set success:           702250.278 / s

[P]set_succ ++:           849753

[P]set_succ:              39435686

[P]setsuccess rate:       102.271  %

[P]get found:             515798.219 / s

----------------------------------

[INFO]Current Time:       47.60 s

[P]indexs Load Factor:    34.8424 %

[P]set request:           39420019 

[P]get request:           33255140 

[P]Get Hit Rate:          85.1326 %

[P]rx packet:             314669.096 / s

[P]Throughput:            1320051.187 ops

[P]GetThroughput:         615889.316 ops

[P]SetThroughput:         704161.871 ops

[P]set_request ++:        855013

[P]Valid Entries:         684724.004 / s

[P]count ++:              831411

[P]count:                 38911514

[P]mica evicted:          8813.831 / s

[P]set success:           697432.492 / s

[P]set_succ ++:           846842

[P]set_succ:              40296539

[P]setsuccess rate:        99.044  %

[P]get found:             524322.487 / s

----------------------------------

[INFO]Current Time:       48.81 s

[P]indexs Load Factor:    35.5425 %

[P]set request:           40227950 

[P]get request:           33953861 

[P]Get Hit Rate:          85.1243 %

[P]rx packet:             310888.785 / s

[P]Throughput:            1296349.440 ops

[P]GetThroughput:         608416.660 ops

[P]SetThroughput:         687932.781 ops

[P]set_request ++:        834834

[P]Valid Entries:         675519.511 / s

[P]count ++:              819770

[P]count:                 39695326

[P]mica evicted:          9593.420 / s

[P]set success:           702770.363 / s

[P]set_succ ++:           852840

[P]set_succ:              41112380

[P]setsuccess rate:       102.157  %

[P]get found:             517910.378 / s

----------------------------------

[INFO]Current Time:       50.03 s

[P]indexs Load Factor:    36.2184 %

[P]set request:           41031552 

[P]get request:           34657761 

[P]Get Hit Rate:          86.2085 %

[P]rx packet:             293898.078 / s

[P]Throughput:            1226770.232 ops

[P]GetThroughput:         568991.221 ops

[P]SetThroughput:         657779.011 ops

[P]set_request ++:        800356

[P]Valid Entries:         637843.200 / s

[P]count ++:              776099

[P]count:                 40474184

[P]mica evicted:          10073.514 / s

[P]set success:           664237.993 / s

[P]set_succ ++:           808215

[P]set_succ:              41923924

[P]setsuccess rate:       100.982  %

[P]get found:             490518.572 / s

----------------------------------

[INFO]Current Time:       51.24 s

[P]indexs Load Factor:    36.8908 %

[P]set request:           41820172 

[P]get request:           35348399 

[P]Get Hit Rate:          85.3897 %

[P]rx packet:             295247.388 / s

[P]Throughput:            1238561.928 ops

[P]GetThroughput:         578492.207 ops

[P]SetThroughput:         660069.720 ops

[P]set_request ++:        803023

[P]Valid Entries:         639387.854 / s

[P]count ++:              777862

[P]count:                 41237259

[P]mica evicted:          11002.217 / s

[P]set success:           666569.947 / s

[P]set_succ ++:           810931

[P]set_succ:              42719985

[P]setsuccess rate:       100.985  %

[P]get found:             493972.824 / s

----------------------------------

[INFO]Current Time:       52.46 s

[P]indexs Load Factor:    37.5419 %

[P]set request:           42594846 

[P]get request:           36027707 

[P]Get Hit Rate:          85.3264 %

[P]rx packet:             284188.667 / s

[P]Throughput:            1193469.464 ops

[P]GetThroughput:         557267.919 ops

[P]SetThroughput:         636201.545 ops

[P]set_request ++:        774191

[P]Valid Entries:         615073.196 / s

[P]count ++:              748480

[P]count:                 41985826

[P]mica evicted:          11658.352 / s

[P]set success:           641998.261 / s

[P]set_succ ++:           781245

[P]set_succ:              43501651

[P]setsuccess rate:       100.911  %

[P]get found:             475496.744 / s

----------------------------------

[INFO]Current Time:       53.68 s

[P]indexs Load Factor:    38.1712 %

[P]set request:           43341953 

[P]get request:           36682827 

[P]Get Hit Rate:          85.4740 %

[P]rx packet:             275778.458 / s

[P]Throughput:            1157543.878 ops

[P]GetThroughput:         540861.106 ops

[P]SetThroughput:         616682.772 ops

[P]set_request ++:        750918

[P]Valid Entries:         595414.337 / s

[P]count ++:              725020

[P]count:                 42706610

[P]mica evicted:          12325.969 / s

[P]set success:           622285.261 / s

[P]set_succ ++:           757740

[P]set_succ:              44255444

[P]setsuccess rate:       100.908  %

[P]get found:             462295.683 / s

----------------------------------

[INFO]Current Time:       54.90 s

[P]indexs Load Factor:    38.7954 %

[P]set request:           44081378 

[P]get request:           37331469 

[P]Get Hit Rate:          85.4778 %

[P]rx packet:             272126.108 / s

[P]Throughput:            1142878.366 ops

[P]GetThroughput:         533863.037 ops

[P]SetThroughput:         609015.329 ops

[P]set_request ++:        745707

[P]Valid Entries:         587218.551 / s

[P]count ++:              719018

[P]count:                 43419079

[P]mica evicted:          13009.955 / s

[P]set success:           614242.995 / s

[P]set_succ ++:           752108

[P]set_succ:              45001301

[P]setsuccess rate:       100.858  %

[P]get found:             456334.161 / s

----------------------------------

[INFO]Current Time:       56.13 s

[P]indexs Load Factor:    39.4047 %

[P]set request:           44791064 

[P]get request:           37961472 

[P]Get Hit Rate:          85.5766 %

[P]rx packet:             269198.293 / s

[P]Throughput:            1130577.963 ops

[P]GetThroughput:         528429.515 ops

[P]SetThroughput:         602148.448 ops

[P]set_request ++:        737471

[P]Valid Entries:         579862.772 / s

[P]count ++:              710177

[P]count:                 44109552

[P]mica evicted:          13820.156 / s

[P]set success:           607454.911 / s

[P]set_succ ++:           743970

[P]set_succ:              45725262

[P]setsuccess rate:       100.881  %

[P]get found:             452212.079 / s

----------------------------------

[INFO]Current Time:       57.35 s

[P]indexs Load Factor:    40.0079 %

[P]set request:           45512112 

[P]get request:           38602286 

[P]Get Hit Rate:          85.6288 %

[P]rx packet:             260767.792 / s

[P]Throughput:            1088890.104 ops

[P]GetThroughput:         512211.351 ops

[P]SetThroughput:         576678.753 ops

[P]set_request ++:        705183

[P]Valid Entries:         560449.255 / s

[P]count ++:              685337

[P]count:                 44810081

[P]mica evicted:          14710.079 / s

[P]set success:           588248.588 / s

[P]set_succ ++:           719331

[P]set_succ:              46461040

[P]setsuccess rate:       102.006  %

[P]get found:             438600.442 / s

----------------------------------

[INFO]Current Time:       58.57 s

[P]indexs Load Factor:    40.6106 %

[P]set request:           46230539 

[P]get request:           39233152 

[P]Get Hit Rate:          85.7395 %

[P]rx packet:             268177.278 / s

[P]Throughput:            1118594.558 ops

[P]GetThroughput:         526559.570 ops

[P]SetThroughput:         592034.988 ops

[P]set_request ++:        723015

[P]Valid Entries:         574695.192 / s

[P]count ++:              701839

[P]count:                 45498456

[P]mica evicted:          16211.432 / s

[P]set success:           604210.349 / s

[P]set_succ ++:           737884

[P]set_succ:              47185344

[P]setsuccess rate:       102.057  %

[P]get found:             451469.310 / s

----------------------------------

[INFO]Current Time:       59.79 s

[P]indexs Load Factor:    41.2028 %

[P]set request:           46934387 

[P]get request:           39851662 

[P]Get Hit Rate:          85.7426 %

[P]rx packet:             262580.809 / s

[P]Throughput:            1102942.273 ops

[P]GetThroughput:         515738.451 ops

[P]SetThroughput:         587203.821 ops

[P]set_request ++:        716933

[P]Valid Entries:         562168.746 / s

[P]count ++:              686367

[P]count:                 46171956

[P]mica evicted:          16912.559 / s

[P]set success:           591809.338 / s

[P]set_succ ++:           722556

[P]set_succ:              47894768

[P]setsuccess rate:       100.784  %

[P]get found:             442207.437 / s

----------------------------------

[INFO]Current Time:       61.02 s

[P]indexs Load Factor:    41.7894 %

[P]set request:           47643168 

[P]get request:           40474994 

[P]Get Hit Rate:          85.7023 %

[P]rx packet:             256766.400 / s

[P]Throughput:            1079220.206 ops

[P]GetThroughput:         504663.736 ops

[P]SetThroughput:         574556.470 ops

[P]set_request ++:        704246

[P]Valid Entries:         549205.679 / s

[P]count ++:              673173

[P]count:                 46848663

[P]mica evicted:          17476.243 / s

[P]set success:           579020.780 / s

[P]set_succ ++:           709718

[P]set_succ:              48609234

[P]setsuccess rate:       100.777  %

[P]get found:             432508.660 / s

----------------------------------

[INFO]Current Time:       62.24 s

[P]indexs Load Factor:    42.3732 %

[P]set request:           48349550 

[P]get request:           41096274 

[P]Get Hit Rate:          85.8200 %

[P]rx packet:             259976.176 / s

[P]Throughput:            1091894.369 ops

[P]GetThroughput:         511048.969 ops

[P]SetThroughput:         580845.400 ops

[P]set_request ++:        708884

[P]Valid Entries:         554177.038 / s

[P]count ++:              676337

[P]count:                 47522143

[P]mica evicted:          19149.731 / s

[P]set success:           585728.905 / s

[P]set_succ ++:           714844

[P]set_succ:              49321456

[P]setsuccess rate:       100.841  %

[P]get found:             438582.179 / s

----------------------------------

[INFO]Current Time:       63.46 s

[P]indexs Load Factor:    42.9285 %

[P]set request:           49016841 

[P]get request:           41683275 

[P]Get Hit Rate:          85.8475 %

[P]rx packet:             248882.685 / s

[P]Throughput:            1045822.681 ops

[P]GetThroughput:         489431.375 ops

[P]SetThroughput:         556391.306 ops

[P]set_request ++:        680101

[P]Valid Entries:         529510.143 / s

[P]count ++:              647243

[P]count:                 48156263

[P]mica evicted:          19614.789 / s

[P]set success:           560749.330 / s

[P]set_succ ++:           685428

[P]set_succ:              49993951

[P]setsuccess rate:       100.783  %

[P]get found:             420164.400 / s

----------------------------------

[INFO]Current Time:       64.69 s

[P]indexs Load Factor:    43.4837 %

[P]set request:           49695526 

[P]get request:           42280483 

[P]Get Hit Rate:          85.9203 %

[P]rx packet:             243946.194 / s

[P]Throughput:            1025052.675 ops

[P]GetThroughput:         479692.351 ops

[P]SetThroughput:         545360.324 ops

[P]set_request ++:        668795

[P]Valid Entries:         517977.943 / s

[P]count ++:              635215

[P]count:                 48800181

[P]mica evicted:          20273.400 / s

[P]set success:           549576.135 / s

[P]set_succ ++:           673965

[P]set_succ:              50677806

[P]setsuccess rate:       100.773  %

[P]get found:             412152.949 / s

----------------------------------

[INFO]Current Time:       65.91 s

[P]indexs Load Factor:    44.0451 %

[P]set request:           50368532 

[P]get request:           42880678 

[P]Get Hit Rate:          85.9753 %

[P]rx packet:             249141.906 / s

[P]Throughput:            1040312.223 ops

[P]GetThroughput:         490080.933 ops

[P]SetThroughput:         550231.290 ops

[P]set_request ++:        673126

[P]Valid Entries:         527371.947 / s

[P]count ++:              645161

[P]count:                 49444662

[P]mica evicted:          21957.721 / s

[P]set success:           560728.686 / s

[P]set_succ ++:           685968

[P]set_succ:              51363626

[P]setsuccess rate:       101.908  %

[P]get found:             421348.410 / s

----------------------------------

[INFO]Current Time:       67.13 s

[P]indexs Load Factor:    44.6002 %

[P]set request:           51041377 

[P]get request:           43472909 

[P]Get Hit Rate:          86.0435 %

[P]rx packet:             249050.421 / s

[P]Throughput:            1046284.218 ops

[P]GetThroughput:         490091.658 ops

[P]SetThroughput:         556192.560 ops

[P]set_request ++:        680624

[P]Valid Entries:         526162.816 / s

[P]count ++:              643876

[P]count:                 50080349

[P]mica evicted:          23314.973 / s

[P]set success:           554108.750 / s

[P]set_succ ++:           678074

[P]set_succ:              52033837

[P]setsuccess rate:        99.625  %

[P]get found:             421692.028 / s

----------------------------------

[INFO]Current Time:       68.36 s

[P]indexs Load Factor:    45.1554 %

[P]set request:           51715957 

[P]get request:           44072570 

[P]Get Hit Rate:          85.9571 %

[P]rx packet:             249306.274 / s

[P]Throughput:            1041595.020 ops

[P]GetThroughput:         490377.680 ops

[P]SetThroughput:         551217.340 ops

[P]set_request ++:        673587

[P]Valid Entries:         525794.241 / s

[P]count ++:              642520

[P]count:                 50723159

[P]mica evicted:          24911.642 / s

[P]set success:           561561.867 / s

[P]set_succ ++:           686228

[P]set_succ:              52721165

[P]setsuccess rate:       101.877  %

[P]get found:             421514.281 / s

----------------------------------

[INFO]Current Time:       69.58 s

[P]indexs Load Factor:    45.7115 %

[P]set request:           52393684 

[P]get request:           44667094 

[P]Get Hit Rate:          85.7159 %

[P]rx packet:             245860.925 / s

[P]Throughput:            1034337.632 ops

[P]GetThroughput:         483784.130 ops

[P]SetThroughput:         550553.502 ops

[P]set_request ++:        673616

[P]Valid Entries:         518317.955 / s

[P]count ++:              634175

[P]count:                 51360324

[P]mica evicted:          25705.236 / s

[P]set success:           554823.133 / s

[P]set_succ ++:           678840

[P]set_succ:              53404210

[P]setsuccess rate:       100.776  %

[P]get found:             414679.700 / s

----------------------------------

[INFO]Current Time:       70.81 s

[P]indexs Load Factor:    46.2734 %

[P]set request:           53087889 

[P]get request:           45274629 

[P]Get Hit Rate:          85.3125 %

[P]rx packet:             249580.614 / s

[P]Throughput:            1051428.265 ops

[P]GetThroughput:         490854.111 ops

[P]SetThroughput:         560574.154 ops

[P]set_request ++:        688713

[P]Valid Entries:         526386.044 / s

[P]count ++:              646710

[P]count:                 52011327

[P]mica evicted:          28019.225 / s

[P]set success:           565082.593 / s

[P]set_succ ++:           694252

[P]set_succ:              54103877

[P]setsuccess rate:       100.804  %

[P]get found:             418759.791 / s

----------------------------------

[INFO]Current Time:       72.04 s

[P]indexs Load Factor:    46.8258 %

[P]set request:           53764567 

[P]get request:           45872311 

[P]Get Hit Rate:          85.1809 %

[P]rx packet:             245538.329 / s

[P]Throughput:            1028979.905 ops

[P]GetThroughput:         483021.724 ops

[P]SetThroughput:         545958.182 ops

[P]set_request ++:        670541

[P]Valid Entries:         517468.316 / s

[P]count ++:              635550

[P]count:                 52651817

[P]mica evicted:          28962.104 / s

[P]set success:           556678.011 / s

[P]set_succ ++:           683707

[P]set_succ:              54793839

[P]setsuccess rate:       101.963  %

[P]get found:             411442.474 / s

----------------------------------

[INFO]Current Time:       73.27 s

[P]indexs Load Factor:    47.3994 %

[P]set request:           54469846 

[P]get request:           46486940 

[P]Get Hit Rate:          84.7915 %

[P]rx packet:             256969.278 / s

[P]Throughput:            1084987.453 ops

[P]GetThroughput:         505473.908 ops

[P]SetThroughput:         579513.545 ops

[P]set_request ++:        712287

[P]Valid Entries:         541534.904 / s

[P]count ++:              665607

[P]count:                 53309718

[P]mica evicted:          32243.606 / s

[P]set success:           584143.717 / s

[P]set_succ ++:           717978

[P]set_succ:              55504817

[P]setsuccess rate:       100.799  %

[P]get found:             428598.890 / s

----------------------------------

[INFO]Current Time:       74.49 s

[P]indexs Load Factor:    47.9719 %

[P]set request:           55184232 

[P]get request:           47108180 

[P]Get Hit Rate:          84.5870 %

[P]rx packet:             253447.290 / s

[P]Throughput:            1071133.312 ops

[P]GetThroughput:         498392.818 ops

[P]SetThroughput:         572740.494 ops

[P]set_request ++:        703449

[P]Valid Entries:         532966.543 / s

[P]count ++:              654598

[P]count:                 53973300

[P]mica evicted:          34055.901 / s

[P]set success:           577295.882 / s

[P]set_succ ++:           709044

[P]set_succ:              56225036

[P]setsuccess rate:       100.795  %

[P]get found:             421575.707 / s

----------------------------------

[INFO]Current Time:       75.72 s

[P]indexs Load Factor:    48.5446 %

[P]set request:           55903640 

[P]get request:           47732603 

[P]Get Hit Rate:          84.4483 %

[P]rx packet:             255127.434 / s

[P]Throughput:            1078556.225 ops

[P]GetThroughput:         501508.125 ops

[P]SetThroughput:         577048.100 ops

[P]set_request ++:        708813

[P]Valid Entries:         535627.259 / s

[P]count ++:              657934

[P]count:                 54640305

[P]mica evicted:          36059.146 / s

[P]set success:           581822.825 / s

[P]set_succ ++:           714678

[P]set_succ:              56950461

[P]setsuccess rate:       100.827  %

[P]get found:             423515.252 / s

----------------------------------

[INFO]Current Time:       76.95 s

[P]indexs Load Factor:    49.1253 %

[P]set request:           56623784 

[P]get request:           48356384 

[P]Get Hit Rate:          84.0714 %

[P]rx packet:             258460.618 / s

[P]Throughput:            1094261.433 ops

[P]GetThroughput:         508148.269 ops

[P]SetThroughput:         586113.164 ops

[P]set_request ++:        719199

[P]Valid Entries:         542712.858 / s

[P]count ++:              665944

[P]count:                 55305655

[P]mica evicted:          38374.493 / s

[P]set success:           591021.624 / s

[P]set_succ ++:           725222

[P]set_succ:              57676413

[P]setsuccess rate:       100.837  %

[P]get found:             427207.168 / s

----------------------------------

[INFO]Current Time:       78.18 s

[P]indexs Load Factor:    49.7106 %

[P]set request:           57347027 

[P]get request:           48996938 

[P]Get Hit Rate:          83.9237 %

[P]rx packet:             262203.218 / s

[P]Throughput:            1103399.840 ops

[P]GetThroughput:         515314.020 ops

[P]SetThroughput:         588085.821 ops

[P]set_request ++:        724337

[P]Valid Entries:         549131.895 / s

[P]count ++:              676358

[P]count:                 55987769

[P]mica evicted:          41245.094 / s

[P]set success:           600447.739 / s

[P]set_succ ++:           739563

[P]set_succ:              58423780

[P]setsuccess rate:       102.102  %

[P]get found:             432470.657 / s

----------------------------------

[INFO]Current Time:       79.41 s

[P]indexs Load Factor:    50.2968 %

[P]set request:           58063656 

[P]get request:           49621975 

[P]Get Hit Rate:          83.6840 %

[P]rx packet:             263895.234 / s

[P]Throughput:            1112068.263 ops

[P]GetThroughput:         518461.660 ops

[P]SetThroughput:         593606.603 ops

[P]set_request ++:        730363

[P]Valid Entries:         551411.584 / s

[P]count ++:              678447

[P]count:                 56652286

[P]mica evicted:          44268.358 / s

[P]set success:           605550.046 / s

[P]set_succ ++:           745058

[P]set_succ:              59154942

[P]setsuccess rate:       102.012  %

[P]get found:             433869.247 / s

----------------------------------

[INFO]Current Time:       80.64 s

[P]indexs Load Factor:    50.8802 %

[P]set request:           58794702 

[P]get request:           50251201 

[P]Get Hit Rate:          83.4217 %

[P]rx packet:             263991.348 / s

[P]Throughput:            1114111.605 ops

[P]GetThroughput:         518912.591 ops

[P]SetThroughput:         595199.014 ops

[P]set_request ++:        729783

[P]Valid Entries:         551128.957 / s

[P]count ++:              675748

[P]count:                 57320136

[P]mica evicted:          46475.213 / s

[P]set success:           607255.786 / s

[P]set_succ ++:           744566

[P]set_succ:              59892246

[P]setsuccess rate:       102.026  %

[P]get found:             432885.653 / s

----------------------------------

[INFO]Current Time:       81.86 s

[P]indexs Load Factor:    51.4581 %

[P]set request:           59538398 

[P]get request:           50890716 

[P]Get Hit Rate:          83.1717 %

[P]rx packet:             256893.474 / s

[P]Throughput:            1091734.518 ops

[P]GetThroughput:         504831.158 ops

[P]SetThroughput:         586903.360 ops

[P]set_request ++:        720212

[P]Valid Entries:         535054.303 / s

[P]count ++:              656586

[P]count:                 57996549

[P]mica evicted:          47663.712 / s

[P]set success:           592031.548 / s

[P]set_succ ++:           726505

[P]set_succ:              60642386

[P]setsuccess rate:       100.874  %

[P]get found:             419876.641 / s

----------------------------------

[INFO]Current Time:       83.09 s

[P]indexs Load Factor:    52.0597 %

[P]set request:           60292608 

[P]get request:           51546154 

[P]Get Hit Rate:          83.1025 %

[P]rx packet:             271508.833 / s

[P]Throughput:            1153682.982 ops

[P]GetThroughput:         533266.265 ops

[P]SetThroughput:         620416.716 ops

[P]set_request ++:        762144

[P]Valid Entries:         562978.774 / s

[P]count ++:              691585

[P]count:                 58687986

[P]mica evicted:          53470.305 / s

[P]set success:           625953.011 / s

[P]set_succ ++:           768945

[P]set_succ:              61412405

[P]setsuccess rate:       100.892  %

[P]get found:             443157.588 / s

----------------------------------

[INFO]Current Time:       84.32 s

[P]indexs Load Factor:    52.6681 %

[P]set request:           61077221 

[P]get request:           52218734 

[P]Get Hit Rate:          82.8265 %

[P]rx packet:             274631.348 / s

[P]Throughput:            1161073.187 ops

[P]GetThroughput:         539458.966 ops

[P]SetThroughput:         621614.220 ops

[P]set_request ++:        764041

[P]Valid Entries:         568613.062 / s

[P]count ++:              698896

[P]count:                 59395428

[P]mica evicted:          56434.498 / s

[P]set success:           634525.041 / s

[P]set_succ ++:           779910

[P]set_succ:              62203890

[P]setsuccess rate:       102.077  %

[P]get found:             446814.942 / s

----------------------------------

[INFO]Current Time:       85.55 s

[P]indexs Load Factor:    53.2572 %

[P]set request:           61827649 

[P]get request:           52860094 

[P]Get Hit Rate:          82.6509 %

[P]rx packet:             271737.385 / s

[P]Throughput:            1157744.846 ops

[P]GetThroughput:         533917.860 ops

[P]SetThroughput:         623826.986 ops

[P]set_request ++:        765349

[P]Valid Entries:         560637.269 / s

[P]count ++:              687824

[P]count:                 60067963

[P]mica evicted:          59071.892 / s

[P]set success:           628920.473 / s

[P]set_succ ++:           771598

[P]set_succ:              62960342

[P]setsuccess rate:       100.816  %

[P]get found:             441287.970 / s

----------------------------------

[INFO]Current Time:       86.78 s

[P]indexs Load Factor:    53.8577 %

[P]set request:           62615561 

[P]get request:           53533649 

[P]Get Hit Rate:          82.4842 %

[P]rx packet:             270173.378 / s

[P]Throughput:            1151506.044 ops

[P]GetThroughput:         530645.997 ops

[P]SetThroughput:         620860.047 ops

[P]set_request ++:        761550

[P]Valid Entries:         555623.069 / s

[P]count ++:              681530

[P]count:                 60771336

[P]mica evicted:          61492.497 / s

[P]set success:           625932.585 / s

[P]set_succ ++:           767772

[P]set_succ:              63754620

[P]setsuccess rate:       100.817  %

[P]get found:             437699.200 / s

----------------------------------

[INFO]Current Time:       88.00 s

[P]indexs Load Factor:    54.4691 %

[P]set request:           63395131 

[P]get request:           54199133 

[P]Get Hit Rate:          82.3979 %

[P]rx packet:             280238.845 / s

[P]Throughput:            1194453.215 ops

[P]GetThroughput:         550289.208 ops

[P]SetThroughput:         644164.006 ops

[P]set_request ++:        788033

[P]Valid Entries:         573276.236 / s

[P]count ++:              701313

[P]count:                 61463285

[P]mica evicted:          67200.331 / s

[P]set success:           641544.952 / s

[P]set_succ ++:           784829

[P]set_succ:              64530968

[P]setsuccess rate:        99.593  %

[P]get found:             453426.694 / s

----------------------------------

[INFO]Current Time:       89.22 s

[P]indexs Load Factor:    55.0571 %

[P]set request:           64159463 

[P]get request:           54850641 

[P]Get Hit Rate:          82.2863 %

[P]rx packet:             274545.193 / s

[P]Throughput:            1171142.425 ops

[P]GetThroughput:         539005.522 ops

[P]SetThroughput:         632136.903 ops

[P]set_request ++:        772678

[P]Valid Entries:         559796.195 / s

[P]count ++:              684254

[P]count:                 62138247

[P]mica evicted:          68774.559 / s

[P]set success:           629388.047 / s

[P]set_succ ++:           769318

[P]set_succ:              65291877

[P]setsuccess rate:        99.565  %

[P]get found:             443527.798 / s

----------------------------------

[INFO]Current Time:       90.45 s

[P]indexs Load Factor:    55.6382 %

[P]set request:           64927006 

[P]get request:           55503850 

[P]Get Hit Rate:          82.1300 %

[P]rx packet:             270508.393 / s

[P]Throughput:            1154532.152 ops

[P]GetThroughput:         531300.751 ops

[P]SetThroughput:         623231.401 ops

[P]set_request ++:        763770

[P]Valid Entries:         548544.327 / s

[P]count ++:              672241

[P]count:                 62811274

[P]mica evicted:          71330.077 / s

[P]set success:           628328.097 / s

[P]set_succ ++:           770016

[P]set_succ:              66065751

[P]setsuccess rate:       100.818  %

[P]get found:             436357.452 / s

----------------------------------

[INFO]Current Time:       91.67 s

[P]indexs Load Factor:    56.2369 %

[P]set request:           65725800 

[P]get request:           56183701 

[P]Get Hit Rate:          81.9879 %

[P]rx packet:             273796.596 / s

[P]Throughput:            1169725.374 ops

[P]GetThroughput:         537617.961 ops

[P]SetThroughput:         632107.414 ops

[P]set_request ++:        772769

[P]Valid Entries:         546463.566 / s

[P]count ++:              668067

[P]count:                 63500872

[P]mica evicted:          75654.710 / s

[P]set success:           637228.769 / s

[P]set_succ ++:           779030

[P]set_succ:              66871239

[P]setsuccess rate:       100.810  %

[P]get found:             440781.731 / s

----------------------------------

[INFO]Current Time:       92.89 s

[P]indexs Load Factor:    56.8426 %

[P]set request:           66514869 

[P]get request:           56845275 

[P]Get Hit Rate:          82.7851 %

[P]rx packet:             290727.983 / s

[P]Throughput:            1234773.081 ops

[P]GetThroughput:         563806.911 ops

[P]SetThroughput:         670966.169 ops

[P]set_request ++:        817406

[P]Valid Entries:         584422.512 / s

[P]count ++:              711974

[P]count:                 64185153

[P]mica evicted:          84095.889 / s

[P]set success:           676872.172 / s

[P]set_succ ++:           824601

[P]set_succ:              67666909

[P]setsuccess rate:       100.880  %

[P]get found:             466748.189 / s

----------------------------------

[INFO]Current Time:       94.11 s

[P]indexs Load Factor:    57.4440 %

[P]set request:           67315246 

[P]get request:           57524915 

[P]Get Hit Rate:          81.6699 %

[P]rx packet:             281819.447 / s

[P]Throughput:            1204791.869 ops

[P]GetThroughput:         553273.221 ops

[P]SetThroughput:         651518.648 ops

[P]set_request ++:        797045

[P]Valid Entries:         563375.686 / s

[P]count ++:              689214

[P]count:                 64875107

[P]mica evicted:          85504.338 / s

[P]set success:           656867.012 / s

[P]set_succ ++:           803588

[P]set_succ:              68473966

[P]setsuccess rate:       100.821  %

[P]get found:             451857.848 / s

----------------------------------

[INFO]Current Time:       95.33 s

[P]indexs Load Factor:    58.0314 %

[P]set request:           68116048 

[P]get request:           58204268 

[P]Get Hit Rate:          81.4956 %

[P]rx packet:             278888.785 / s

[P]Throughput:            1192884.288 ops

[P]GetThroughput:         547546.341 ops

[P]SetThroughput:         645337.947 ops

[P]set_request ++:        786423

[P]Valid Entries:         554519.791 / s

[P]count ++:              675750

[P]count:                 65561661

[P]mica evicted:          88596.794 / s

[P]set success:           650764.569 / s

[P]set_succ ++:           793036

[P]set_succ:              69281533

[P]setsuccess rate:       100.841  %

[P]get found:             446226.159 / s

----------------------------------

[INFO]Current Time:       96.55 s

[P]indexs Load Factor:    58.5476 %

[P]set request:           68763723 

[P]get request:           58749078 

[P]Get Hit Rate:          81.3493 %

[P]rx packet:             250875.826 / s

[P]Throughput:            1140307.549 ops

[P]GetThroughput:         522624.634 ops

[P]SetThroughput:         617682.914 ops

[P]set_request ++:        751974

[P]Valid Entries:         527297.665 / s

[P]count ++:              641938

[P]count:                 66111300

[P]mica evicted:          87739.470 / s

[P]set success:           623013.899 / s

[P]set_succ ++:           758464

[P]set_succ:              69934726

[P]setsuccess rate:       100.863  %

[P]get found:             425151.393 / s

----------------------------------
[INFO]End rx_queue_1:8227117

[INFO]Current Time:       97.77 s

[P]indexs Load Factor:    58.9937 %

[P]set request:           69376630 

[P]get request:           59262875 

[P]Get Hit Rate:          80.6201 %

[P]rx packet:             186600.422 / s

[P]Throughput:            917989.826 ops

[P]GetThroughput:         418792.306 ops

[P]SetThroughput:         499197.519 ops

[P]set_request ++:        609354

[P]Valid Entries:         422257.625 / s

[P]count ++:              515436

[P]count:                 66628700

[P]mica evicted:          72898.662 / s

[P]set success:           502271.248 / s

[P]set_succ ++:           613106

[P]set_succ:              70550105

[P]setsuccess rate:       100.616  %

[P]get found:             337630.949 / s

----------------------------------

[INFO]Current Time:       98.98 s

[P]indexs Load Factor:    59.4406 %

[P]set request:           69993496 

[P]get request:           59779658 

[P]Get Hit Rate:          80.2346 %

[P]rx packet:             215668.752 / s

[P]Throughput:            936776.263 ops

[P]GetThroughput:         427050.382 ops

[P]SetThroughput:         509725.881 ops

[P]set_request ++:        617432

[P]Valid Entries:         429300.853 / s

[P]count ++:              520013

[P]count:                 67147046

[P]mica evicted:          76698.459 / s

[P]set success:           511774.090 / s

[P]set_succ ++:           619913

[P]set_succ:              71169489

[P]setsuccess rate:       100.402  %

[P]get found:             342642.038 / s

----------------------------------

[INFO]Current Time:       100.19 s

[P]indexs Load Factor:    59.8718 %

[P]set request:           70589354 

[P]get request:           60272768 

[P]Get Hit Rate:          81.1573 %

[P]rx packet:             208616.346 / s

[P]Throughput:            901967.286 ops

[P]GetThroughput:         408542.128 ops

[P]SetThroughput:         493425.158 ops

[P]set_request ++:        599396

[P]Valid Entries:         413210.518 / s

[P]count ++:              501954

[P]count:                 67644396

[P]mica evicted:          76553.029 / s

[P]set success:           495271.604 / s

[P]set_succ ++:           601639

[P]set_succ:              71767447

[P]setsuccess rate:       100.374  %

[P]get found:             331561.857 / s

----------------------------------
[INFO]End rx_queue_3:5974137

[INFO]Current Time:       101.40 s

[P]indexs Load Factor:    60.2344 %

[P]set request:           71064398 

[P]get request:           60666851 

[P]Get Hit Rate:          79.7895 %

[P]rx packet:             177723.357 / s

[P]Throughput:            828659.804 ops

[P]GetThroughput:         376577.478 ops

[P]SetThroughput:         452082.326 ops

[P]set_request ++:        546266

[P]Valid Entries:         375792.926 / s

[P]count ++:              454083

[P]count:                 68037767

[P]mica evicted:          72567.743 / s

[P]set success:           453582.740 / s

[P]set_succ ++:           548079

[P]set_succ:              72243872

[P]setsuccess rate:       100.332  %

[P]get found:             300469.320 / s

----------------------------------

[INFO]Current Time:       102.62 s

[P]indexs Load Factor:    60.4663 %

[P]set request:           71287069 

[P]get request:           60850812 

[P]Get Hit Rate:          79.2439 %

[P]rx packet:             127617.557 / s

[P]Throughput:            616369.175 ops

[P]GetThroughput:         279407.199 ops

[P]SetThroughput:         336961.976 ops

[P]set_request ++:        408864

[P]Valid Entries:         278927.548 / s

[P]count ++:              338446

[P]count:                 68221966

[P]mica evicted:          55199.380 / s

[P]set success:           337707.000 / s

[P]set_succ ++:           409768

[P]set_succ:              72466799

[P]setsuccess rate:       100.221  %

[P]get found:             221413.153 / s

----------------------------------
[INFO]End rx_queue_0:8841697
Finish the job......
[INFO]End rx_queue_2:8479028

Total Index Entries:      68221966

indexs Load Factor:     60.472080 %

log_0 Load Factor:      6.402307 %

log_1 Load Factor:      6.529652 %

log_2 Load Factor:      6.350751 %

log_3 Load Factor:      6.470861 %

Get Hit Rate:           81.960624%

Max Throughput:         3657535.96

Calc Load Factor:       60.472080%

valid count:              13748850

set request:              20954663 | set_success:              20954663
set_fail:                        0 | set_key_duplicate:          439357 | set_mica_evicted:           756237
set_random:                      0 | set_cuckoo_evicted:              0 | set_expire_evicted:              0

get request:              17683392
get_found:                14412121 | get_notfound:              3271271 | get_hit_ratio:          81.500885%

clean up:               18446744073709549896 | test_notfound:                   0
move_to_head_performed:    2223986 | move_to_head_skipped:     12188135 | move_to_head_failed:             0


valid count:              14022320

set request:              19010754 | set_success:              19010754
set_fail:                        0 | set_key_duplicate:          331032 | set_mica_evicted:           504607
set_random:                      0 | set_cuckoo_evicted:              0 | set_expire_evicted:              0

get request:              16454232
get_found:                13897710 | get_notfound:              2556522 | get_hit_ratio:          84.462830%

clean up:               18446744073709549850 | test_notfound:                   0
move_to_head_performed:    1765792 | move_to_head_skipped:     12131918 | move_to_head_failed:             0


valid count:              13638133

set request:              20329820 | set_success:              20329820
set_fail:                        0 | set_key_duplicate:          458524 | set_mica_evicted:           719661
set_random:                      0 | set_cuckoo_evicted:              0 | set_expire_evicted:              0

get request:              16958054
get_found:                13586288 | get_notfound:              3371766 | get_hit_ratio:          80.117023%

clean up:               18446744073709550544 | test_notfound:                   0
move_to_head_performed:    2312586 | move_to_head_skipped:     11273702 | move_to_head_failed:             0


valid count:              13896068

set request:              14559253 | set_success:              14559253
set_fail:                        0 | set_key_duplicate:          190091 | set_mica_evicted:           429695
set_random:                      0 | set_cuckoo_evicted:              0 | set_expire_evicted:              0

get request:              11948272
get_found:                 9337291 | get_notfound:              2610981 | get_hit_ratio:          78.147627%

clean up:               18446744073709549608 | test_notfound:                   0
move_to_head_performed:    1284998 | move_to_head_skipped:      8052293 | move_to_head_failed:             0


[INFO] Everything works fine.
deleting piekv......
