EAL: Detected 44 lcore(s)
EAL: Detected 1 NUMA nodes
EAL: Multi-process socket /var/run/dpdk/rte/mp_socket
EAL: Selected IOVA mode 'PA'
EAL: No available hugepages reported in hugepages-1048576kB
[INFO] 单个Log Size为:2 GB
[INFO] 运行proto
[INFO] 运行cleanup
[INFO] 运行reload
[INFO] reload kv size 8
EAL: Probing VFIO support...
EAL: VFIO support initialized
EAL: PCI device 0000:03:00.0 on NUMA socket 0
EAL:   probe driver: 15b3:1017 net_mlx5
WEN: There are 1 device(s) available
starting port 0...
querying port 0...
port 0: 100 Gbps (full-duplex)
Adding UDP filter for each endpoint.
port_id/queue_id/udp_port = 0 0 0
Flow is created with src_port = 0, dst_port = 0
port_id/queue_id/udp_port = 0 1 1
Flow is created with src_port = 0, dst_port = 1
port_id/queue_id/udp_port = 0 2 2
Flow is created with src_port = 0, dst_port = 2
port_id/queue_id/udp_port = 0 3 3
Flow is created with src_port = 0, dst_port = 3
MEM: Initializing pages...
 == [STAT] Workers Start (4 threads in total) == 
trigger:90.000000 

[INFO]Current Time:       1.62 s

[P]indexs Load Factor:    0.0346 %

[P]full bucket LFactor:   0.0000 %

[P]set request:           10916 
[P]get request:           10897 

[P]Get Hit Rate:          1.9455 %
[P]ACC Hit Rate:          1.9455 %

[P]total cuckoo num:      0 
[P]total cuckoo path:     0 
[P]total cp perset:       0.000000 / set
[P]total cp percuckoo:    -nan / cuckoo num

[P]cuckoo path / s:       0 / s
[P]cp per set * s:        0 / set * s

[P]break loop / s:        0 / s
[P]break / set :          0 %

[P]Throughput:            31309.785 ops
[P]all request:           21813 o

[P]GetThroughput:         15641.256 ops
[P]SetThroughput:         15668.528 ops

[P]Valid Entries:         15629.773 / s
[P]set success:           15615.420 / s

[P]get found:             304.299 / s

----------------------------------

[INFO]Current Time:       2.38 s

[P]indexs Load Factor:    0.1253 %

[P]full bucket LFactor:   0.0000 %

[P]set request:           58355 
[P]get request:           58290 

[P]Get Hit Rate:          2.5742 %
[P]ACC Hit Rate:          2.4567 %

[P]total cuckoo num:      0 
[P]total cuckoo path:     0 
[P]total cp perset:       0.000000 / set
[P]total cp percuckoo:    -nan / cuckoo num

[P]cuckoo path / s:       0 / s
[P]cp per set * s:        0 / set * s

[P]break loop / s:        0 / s
[P]break / set :          0 %

[P]Throughput:            125138.386 ops
[P]all request:           116645 o

[P]GetThroughput:         62538.843 ops
[P]SetThroughput:         62599.543 ops

[P]Valid Entries:         62620.657 / s
[P]set success:           62533.564 / s

[P]get found:             1609.887 / s

----------------------------------

[INFO]Current Time:       3.13 s

[P]indexs Load Factor:    0.4674 %

[P]full bucket LFactor:   0.0000 %

[P]set request:           170211 
[P]get request:           170083 

[P]Get Hit Rate:          2.4876 %
[P]ACC Hit Rate:          2.4770 %

[P]total cuckoo num:      0 
[P]total cuckoo path:     0 
[P]total cp perset:       0.000000 / set
[P]total cp percuckoo:    -nan / cuckoo num

[P]cuckoo path / s:       0 / s
[P]cp per set * s:        0 / set * s

[P]break loop / s:        0 / s
[P]break / set :          0 %

[P]Throughput:            296553.435 ops
[P]all request:           340294 o

[P]GetThroughput:         148234.949 ops
[P]SetThroughput:         148318.486 ops

[P]Valid Entries:         148131.523 / s
[P]set success:           148034.727 / s

[P]get found:             3687.542 / s

----------------------------------

[INFO]Current Time:       3.87 s

[P]indexs Load Factor:    2.4601 %

[P]full bucket LFactor:   0.0000 %

[P]set request:           1142485 
[P]get request:           1143075 

[P]Get Hit Rate:          3.2995 %
[P]ACC Hit Rate:          3.1771 %

[P]total cuckoo num:      0 
[P]total cuckoo path:     0 
[P]total cp perset:       0.000000 / set
[P]total cp percuckoo:    -nan / cuckoo num

[P]cuckoo path / s:       0 / s
[P]cp per set * s:        0 / set * s

[P]break loop / s:        0 / s
[P]break / set :          0 %

[P]Throughput:            2637548.370 ops
[P]all request:           2285560 o

[P]GetThroughput:         1319260.946 ops
[P]SetThroughput:         1318287.424 ops

[P]Valid Entries:         1288913.627 / s
[P]set success:           1260323.529 / s

[P]get found:             43529.190 / s

----------------------------------

[INFO]Current Time:       4.64 s

[P]indexs Load Factor:    4.6112 %

[P]full bucket LFactor:   0.0000 %

[P]set request:           2350242 
[P]get request:           2371663 

[P]Get Hit Rate:          4.8258 %
[P]ACC Hit Rate:          4.0312 %

[P]total cuckoo num:      0 
[P]total cuckoo path:     0 
[P]total cp perset:       0.000000 / set
[P]total cp percuckoo:    -nan / cuckoo num

[P]cuckoo path / s:       0 / s
[P]cp per set * s:        0 / set * s

[P]break loop / s:        0 / s
[P]break / set :          0 %

[P]Throughput:            3176816.888 ops
[P]all request:           4721905 o

[P]GetThroughput:         1601989.499 ops
[P]SetThroughput:         1574827.389 ops

[P]Valid Entries:         1554177.091 / s
[P]set success:           1543563.122 / s

[P]get found:             77308.549 / s

----------------------------------

[INFO]Current Time:       5.45 s

[P]indexs Load Factor:    6.8376 %

[P]full bucket LFactor:   0.0006 %

[P]set request:           3630406 
[P]get request:           3630869 

[P]Get Hit Rate:          6.8823 %
[P]ACC Hit Rate:          5.0200 %

[P]total cuckoo num:      0 
[P]total cuckoo path:     0 
[P]total cp perset:       0.000000 / set
[P]total cp percuckoo:    -nan / cuckoo num

[P]cuckoo path / s:       0 / s
[P]cp per set * s:        0 / set * s

[P]break loop / s:        0 / s
[P]break / set :          0 %

[P]Throughput:            3123022.361 ops
[P]all request:           7261275 o

[P]GetThroughput:         1548623.672 ops
[P]SetThroughput:         1574398.688 ops

[P]Valid Entries:         1537117.276 / s
[P]set success:           1541025.712 / s

[P]get found:             106580.516 / s

----------------------------------

[INFO]Current Time:       6.30 s

[P]indexs Load Factor:    9.0920 %

[P]full bucket LFactor:   0.0041 %

[P]set request:           4908088 
[P]get request:           4983599 

[P]Get Hit Rate:          8.5410 %
[P]ACC Hit Rate:          5.9757 %

[P]total cuckoo num:      0 
[P]total cuckoo path:     0 
[P]total cp perset:       0.000000 / set
[P]total cp percuckoo:    -nan / cuckoo num

[P]cuckoo path / s:       0 / s
[P]cp per set * s:        0 / set * s

[P]break loop / s:        0 / s
[P]break / set :          0 %

[P]Throughput:            3090294.991 ops
[P]all request:           9891688 o

[P]GetThroughput:         1589231.327 ops
[P]SetThroughput:         1501062.489 ops

[P]Valid Entries:         1516874.561 / s
[P]set success:           1512167.007 / s

[P]get found:             135735.461 / s

----------------------------------

[INFO]Current Time:       7.18 s

[P]indexs Load Factor:    11.3911 %

[P]full bucket LFactor:   0.0163 %

[P]set request:           6241914 
[P]get request:           6337278 

[P]Get Hit Rate:          10.7986 %
[P]ACC Hit Rate:          7.0059 %

[P]total cuckoo num:      0 
[P]total cuckoo path:     0 
[P]total cp perset:       0.000000 / set
[P]total cp percuckoo:    -nan / cuckoo num

[P]cuckoo path / s:       0 / s
[P]cp per set * s:        0 / set * s

[P]break loop / s:        0 / s
[P]break / set :          0 %

[P]Throughput:            3066824.570 ops
[P]all request:           12579192 o

[P]GetThroughput:         1544740.405 ops
[P]SetThroughput:         1522085.306 ops

[P]Valid Entries:         1503015.677 / s
[P]set success:           1547480.287 / s

[P]get found:             166809.903 / s

----------------------------------

[INFO]Current Time:       8.07 s

[P]indexs Load Factor:    13.6795 %

[P]full bucket LFactor:   0.0486 %

[P]set request:           7644783 
[P]get request:           7756932 

[P]Get Hit Rate:          12.3379 %
[P]ACC Hit Rate:          7.9817 %

[P]total cuckoo num:      0 
[P]total cuckoo path:     0 
[P]total cp perset:       0.000000 / set
[P]total cp percuckoo:    -nan / cuckoo num

[P]cuckoo path / s:       0 / s
[P]cp per set * s:        0 / set * s

[P]break loop / s:        0 / s
[P]break / set :          0 %

[P]Throughput:            3161913.279 ops
[P]all request:           15401715 o

[P]GetThroughput:         1590358.284 ops
[P]SetThroughput:         1571554.995 ops

[P]Valid Entries:         1490617.396 / s
[P]set success:           1537769.569 / s

[P]get found:             196217.385 / s

----------------------------------

[INFO]Current Time:       8.97 s

[P]indexs Load Factor:    15.9811 %

[P]full bucket LFactor:   0.1165 %

[P]set request:           9070077 
[P]get request:           9137540 

[P]Get Hit Rate:          14.9553 %
[P]ACC Hit Rate:          9.0354 %

[P]total cuckoo num:      1 
[P]total cuckoo path:     0 
[P]total cp perset:       0.000000 / set
[P]total cp percuckoo:    0.000000 / cuckoo num

[P]cuckoo path / s:       0 / s
[P]cp per set * s:        0 / set * s

[P]break loop / s:        0 / s
[P]break / set :          0 %

[P]Throughput:            3102064.857 ops
[P]all request:           18207617 o

[P]GetThroughput:         1526331.126 ops
[P]SetThroughput:         1575733.731 ops

[P]Valid Entries:         1479898.027 / s
[P]set success:           1528074.578 / s

[P]get found:             228267.323 / s

----------------------------------

[INFO]Current Time:       9.89 s

[P]indexs Load Factor:    18.2651 %

[P]full bucket LFactor:   0.2408 %

[P]set request:           10511634 
[P]get request:           10595403 

[P]Get Hit Rate:          16.1879 %
[P]ACC Hit Rate:          10.0195 %

[P]total cuckoo num:      4 
[P]total cuckoo path:     0 
[P]total cp perset:       0.000000 / set
[P]total cp percuckoo:    0.000000 / cuckoo num

[P]cuckoo path / s:       0 / s
[P]cp per set * s:        0 / set * s

[P]break loop / s:        0 / s
[P]break / set :          0 %

[P]Throughput:            3159669.288 ops
[P]all request:           21107037 o

[P]GetThroughput:         1588719.450 ops
[P]SetThroughput:         1570949.838 ops

[P]Valid Entries:         1460754.489 / s
[P]set success:           1514887.182 / s

[P]get found:             257180.965 / s

----------------------------------

[INFO]Current Time:       10.82 s

[P]indexs Load Factor:    20.5360 %

[P]full bucket LFactor:   0.4422 %

[P]set request:           11930736 
[P]get request:           12070932 

[P]Get Hit Rate:          18.1422 %
[P]ACC Hit Rate:          11.0124 %

[P]total cuckoo num:      30 
[P]total cuckoo path:     0 
[P]total cp perset:       0.000000 / set
[P]total cp percuckoo:    0.000000 / cuckoo num

[P]cuckoo path / s:       0 / s
[P]cp per set * s:        0 / set * s

[P]break loop / s:        0 / s
[P]break / set :          0 %

[P]Throughput:            3111817.763 ops
[P]all request:           24001668 o

[P]GetThroughput:         1586239.266 ops
[P]SetThroughput:         1525578.497 ops

[P]Valid Entries:         1445375.817 / s
[P]set success:           1558301.363 / s

[P]get found:             287779.321 / s

----------------------------------

[INFO]Current Time:       11.76 s

[P]indexs Load Factor:    22.7907 %

[P]full bucket LFactor:   0.7406 %

[P]set request:           13386252 
[P]get request:           13540092 

[P]Get Hit Rate:          20.3620 %
[P]ACC Hit Rate:          12.0269 %

[P]total cuckoo num:      106 
[P]total cuckoo path:     0 
[P]total cp perset:       0.000000 / set
[P]total cp percuckoo:    0.000000 / cuckoo num

[P]cuckoo path / s:       0 / s
[P]cp per set * s:        0 / set * s

[P]break loop / s:        0 / s
[P]break / set :          0 %

[P]Throughput:            3112569.082 ops
[P]all request:           26926344 o

[P]GetThroughput:         1563544.814 ops
[P]SetThroughput:         1549024.268 ops

[P]Valid Entries:         1429808.712 / s
[P]set success:           1557327.500 / s

[P]get found:             318369.677 / s

----------------------------------

[INFO]Current Time:       12.71 s

[P]indexs Load Factor:    25.0237 %

[P]full bucket LFactor:   1.1497 %

[P]set request:           14876638 
[P]get request:           15037732 

[P]Get Hit Rate:          21.9591 %
[P]ACC Hit Rate:          13.0161 %

[P]total cuckoo num:      299 
[P]total cuckoo path:     1 
[P]total cp perset:       0.000000 / set
[P]total cp percuckoo:    0.003344 / cuckoo num

[P]cuckoo path / s:       1.057 / s
[P]cp per set * s:        0.000001 / set * s

[P]break loop / s:        0 / s
[P]break / set :          0 %

[P]Throughput:            3158262.377 ops
[P]all request:           29914370 o

[P]GetThroughput:         1582964.829 ops
[P]SetThroughput:         1575297.548 ops

[P]Valid Entries:         1413879.824 / s
[P]set success:           1533848.357 / s

[P]get found:             347604.549 / s

----------------------------------

[INFO]Current Time:       13.66 s

[P]indexs Load Factor:    27.2379 %

[P]full bucket LFactor:   1.6895 %

[P]set request:           16395733 
[P]get request:           16550250 

[P]Get Hit Rate:          23.3372 %
[P]ACC Hit Rate:          13.9593 %

[P]total cuckoo num:      728 
[P]total cuckoo path:     8 
[P]total cp perset:       0.000000 / set
[P]total cp percuckoo:    0.010989 / cuckoo num

[P]cuckoo path / s:       7.340 / s
[P]cp per set * s:        0.000005 / set * s

[P]break loop / s:        0 / s
[P]break / set :          0 %

[P]Throughput:            3178881.401 ops
[P]all request:           32945983 o

[P]GetThroughput:         1585992.453 ops
[P]SetThroughput:         1592888.948 ops

[P]Valid Entries:         1401267.688 / s
[P]set success:           1535862.057 / s

[P]get found:             370126.912 / s

----------------------------------

[INFO]Current Time:       14.62 s

[P]indexs Load Factor:    29.4219 %

[P]full bucket LFactor:   2.3620 %

[P]set request:           17919766 
[P]get request:           18065596 

[P]Get Hit Rate:          25.7255 %
[P]ACC Hit Rate:          14.9463 %

[P]total cuckoo num:      1655 
[P]total cuckoo path:     18 
[P]total cp perset:       0.000001 / set
[P]total cp percuckoo:    0.010876 / cuckoo num

[P]cuckoo path / s:       10.419 / s
[P]cp per set * s:        0.000007 / set * s

[P]break loop / s:        0 / s
[P]break / set :          0 %

[P]Throughput:            3166659.835 ops
[P]all request:           35985362 o

[P]GetThroughput:         1578804.524 ops
[P]SetThroughput:         1587855.311 ops

[P]Valid Entries:         1381855.341 / s
[P]set success:           1531179.273 / s

[P]get found:             406156.050 / s

----------------------------------

[INFO]Current Time:       15.58 s

[P]indexs Load Factor:    31.5725 %

[P]full bucket LFactor:   3.1701 %

[P]set request:           19448435 
[P]get request:           19585040 

[P]Get Hit Rate:          27.4952 %
[P]ACC Hit Rate:          15.9198 %

[P]total cuckoo num:      3430 
[P]total cuckoo path:     53 
[P]total cp perset:       0.000003 / set
[P]total cp percuckoo:    0.015452 / cuckoo num

[P]cuckoo path / s:       36.328 / s
[P]cp per set * s:        0.000024 / set * s

[P]break loop / s:        0 / s
[P]break / set :          0 %

[P]Throughput:            3163806.856 ops
[P]all request:           39033475 o

[P]GetThroughput:         1577115.857 ops
[P]SetThroughput:         1586691.000 ops

[P]Valid Entries:         1366595.566 / s
[P]set success:           1488235.693 / s

[P]get found:             433630.986 / s

----------------------------------

[INFO]Current Time:       16.55 s

[P]indexs Load Factor:    33.6881 %

[P]full bucket LFactor:   4.1189 %

[P]set request:           20955043 
[P]get request:           21081842 

[P]Get Hit Rate:          29.7377 %
[P]ACC Hit Rate:          16.9009 %

[P]total cuckoo num:      6456 
[P]total cuckoo path:     157 
[P]total cp perset:       0.000008 / set
[P]total cp percuckoo:    0.024318 / cuckoo num

[P]cuckoo path / s:       107.339 / s
[P]cp per set * s:        0.000071 / set * s

[P]break loop / s:        0 / s
[P]break / set :          0 %

[P]Throughput:            3099839.505 ops
[P]all request:           42036885 o

[P]GetThroughput:         1544859.334 ops
[P]SetThroughput:         1554980.172 ops

[P]Valid Entries:         1342751.173 / s
[P]set success:           1519236.253 / s

[P]get found:             459405.130 / s

----------------------------------

[INFO]Current Time:       17.52 s

[P]indexs Load Factor:    35.7833 %

[P]full bucket LFactor:   5.2034 %

[P]set request:           22484357 
[P]get request:           22580063 

[P]Get Hit Rate:          31.4961 %
[P]ACC Hit Rate:          17.8693 %

[P]total cuckoo num:      11265 
[P]total cuckoo path:     318 
[P]total cp perset:       0.000014 / set
[P]total cp percuckoo:    0.028229 / cuckoo num

[P]cuckoo path / s:       166.536 / s
[P]cp per set * s:        0.000112 / set * s

[P]break loop / s:        0 / s
[P]break / set :          0 %

[P]Throughput:            3131633.742 ops
[P]all request:           45064420 o

[P]GetThroughput:         1549735.820 ops
[P]SetThroughput:         1581897.922 ops

[P]Valid Entries:         1333932.288 / s
[P]set success:           1482901.167 / s

[P]get found:             488106.153 / s

----------------------------------

[INFO]Current Time:       18.49 s

[P]indexs Load Factor:    37.8495 %

[P]full bucket LFactor:   6.4144 %

[P]set request:           23965395 
[P]get request:           24111137 

[P]Get Hit Rate:          32.7504 %
[P]ACC Hit Rate:          18.8143 %

[P]total cuckoo num:      18938 
[P]total cuckoo path:     653 
[P]total cp perset:       0.000028 / set
[P]total cp percuckoo:    0.034481 / cuckoo num

[P]cuckoo path / s:       343.757 / s
[P]cp per set * s:        0.000222 / set * s

[P]break loop / s:        0 / s
[P]break / set :          0 %

[P]Throughput:            3090845.471 ops
[P]all request:           48076532 o

[P]GetThroughput:         1571094.680 ops
[P]SetThroughput:         1519750.791 ops

[P]Valid Entries:         1321850.658 / s
[P]set success:           1547417.550 / s

[P]get found:             514539.936 / s

----------------------------------

[INFO]Current Time:       19.47 s

[P]indexs Load Factor:    39.8593 %

[P]full bucket LFactor:   7.7282 %

[P]set request:           25504833 
[P]get request:           25637678 

[P]Get Hit Rate:          34.4511 %
[P]ACC Hit Rate:          19.7453 %

[P]total cuckoo num:      30101 
[P]total cuckoo path:     1266 
[P]total cp perset:       0.000051 / set
[P]total cp percuckoo:    0.042058 / cuckoo num

[P]cuckoo path / s:       628.151 / s
[P]cp per set * s:        0.000419 / set * s

[P]break loop / s:        0 / s
[P]break / set :          0 %

[P]Throughput:            3141757.738 ops
[P]all request:           51142511 o

[P]GetThroughput:         1564270.988 ops
[P]SetThroughput:         1577486.750 ops

[P]Valid Entries:         1301418.012 / s
[P]set success:           1500385.069 / s

[P]get found:             538908.392 / s

----------------------------------

[INFO]Current Time:       20.44 s

[P]indexs Load Factor:    41.8258 %

[P]full bucket LFactor:   9.1466 %

[P]set request:           27010690 
[P]get request:           27150643 

[P]Get Hit Rate:          35.6947 %
[P]ACC Hit Rate:          20.6341 %

[P]total cuckoo num:      45617 
[P]total cuckoo path:     2262 
[P]total cp perset:       0.000086 / set
[P]total cp percuckoo:    0.049587 / cuckoo num

[P]cuckoo path / s:       1022.901 / s
[P]cp per set * s:        0.000677 / set * s

[P]break loop / s:        0 / s
[P]break / set :          0 %

[P]Throughput:            3100358.323 ops
[P]all request:           54161333 o

[P]GetThroughput:         1553829.153 ops
[P]SetThroughput:         1546529.170 ops

[P]Valid Entries:         1279841.553 / s
[P]set success:           1510003.584 / s

[P]get found:             554634.328 / s

----------------------------------

[INFO]Current Time:       21.42 s

[P]indexs Load Factor:    43.7283 %

[P]full bucket LFactor:   10.6203 %

[P]set request:           28504320 
[P]get request:           28629625 

[P]Get Hit Rate:          37.7366 %
[P]ACC Hit Rate:          21.5176 %

[P]total cuckoo num:      66384 
[P]total cuckoo path:     3903 
[P]total cp perset:       0.000140 / set
[P]total cp percuckoo:    0.058794 / cuckoo num

[P]cuckoo path / s:       1681.131 / s
[P]cp per set * s:        0.001158 / set * s

[P]break loop / s:        0 / s
[P]break / set :          0 %

[P]Throughput:            3045307.084 ops
[P]all request:           57133945 o

[P]GetThroughput:         1515150.434 ops
[P]SetThroughput:         1530156.650 ops

[P]Valid Entries:         1233994.919 / s
[P]set success:           1451524.610 / s

[P]get found:             571766.749 / s

----------------------------------

[INFO]Current Time:       22.39 s

[P]indexs Load Factor:    45.6219 %

[P]full bucket LFactor:   12.1970 %

[P]set request:           29975184 
[P]get request:           30065685 

[P]Get Hit Rate:          41.0265 %
[P]ACC Hit Rate:          22.4494 %

[P]total cuckoo num:      93402 
[P]total cuckoo path:     6353 
[P]total cp perset:       0.000217 / set
[P]total cp percuckoo:    0.068018 / cuckoo num

[P]cuckoo path / s:       2513.212 / s
[P]cp per set * s:        0.001680 / set * s

[P]break loop / s:        0 / s
[P]break / set :          0 %

[P]Throughput:            2981925.289 ops
[P]all request:           60040869 o

[P]GetThroughput:         1473111.657 ops
[P]SetThroughput:         1508813.632 ops

[P]Valid Entries:         1239641.421 / s
[P]set success:           1495857.767 / s

[P]get found:             604365.994 / s

----------------------------------

[INFO]Current Time:       23.37 s

[P]indexs Load Factor:    47.4869 %

[P]full bucket LFactor:   13.8536 %

[P]set request:           31487532 
[P]get request:           31579900 

[P]Get Hit Rate:          40.3197 %
[P]ACC Hit Rate:          23.3063 %

[P]total cuckoo num:      128821 
[P]total cuckoo path:     10032 
[P]total cp perset:       0.000326 / set
[P]total cp percuckoo:    0.077876 / cuckoo num

[P]cuckoo path / s:       3775.672 / s
[P]cp per set * s:        0.002530 / set * s

[P]break loop / s:        0 / s
[P]break / set :          0 %

[P]Throughput:            3106091.394 ops
[P]all request:           63067432 o

[P]GetThroughput:         1554003.726 ops
[P]SetThroughput:         1552087.668 ops

[P]Valid Entries:         1241623.541 / s
[P]set success:           1492138.735 / s

[P]get found:             626569.697 / s

----------------------------------

[INFO]Current Time:       24.34 s

[P]indexs Load Factor:    49.3122 %

[P]full bucket LFactor:   15.5626 %

[P]set request:           32958753 
[P]get request:           33054405 

[P]Get Hit Rate:          43.0999 %
[P]ACC Hit Rate:          24.1893 %

[P]total cuckoo num:      172526 
[P]total cuckoo path:     15221 
[P]total cp perset:       0.000473 / set
[P]total cp percuckoo:    0.088224 / cuckoo num

[P]cuckoo path / s:       5344.844 / s
[P]cp per set * s:        0.003517 / set * s

[P]break loop / s:        0 / s
[P]break / set :          0 %

[P]Throughput:            3034196.735 ops
[P]all request:           66013158 o

[P]GetThroughput:         1518789.683 ops
[P]SetThroughput:         1515407.052 ops

[P]Valid Entries:         1216546.926 / s
[P]set success:           1519648.731 / s

[P]get found:             654596.649 / s

----------------------------------

[INFO]Current Time:       25.31 s

[P]indexs Load Factor:    51.0935 %

[P]full bucket LFactor:   17.3120 %

[P]set request:           34475735 
[P]get request:           34532129 

[P]Get Hit Rate:          44.6078 %
[P]ACC Hit Rate:          25.0630 %

[P]total cuckoo num:      226396 
[P]total cuckoo path:     22528 
[P]total cp perset:       0.000669 / set
[P]total cp percuckoo:    0.099507 / cuckoo num

[P]cuckoo path / s:       7542.983 / s
[P]cp per set * s:        0.004938 / set * s

[P]break loop / s:        0 / s
[P]break / set :          0 %

[P]Throughput:            3091421.261 ops
[P]all request:           69007864 o

[P]GetThroughput:         1525447.704 ops
[P]SetThroughput:         1565973.557 ops

[P]Valid Entries:         1208883.993 / s
[P]set success:           1527541.199 / s

[P]get found:             680468.489 / s

----------------------------------

[INFO]Current Time:       26.28 s

[P]indexs Load Factor:    52.8343 %

[P]full bucket LFactor:   19.0900 %

[P]set request:           35916183 
[P]get request:           35990896 

[P]Get Hit Rate:          46.0993 %
[P]ACC Hit Rate:          25.9157 %

[P]total cuckoo num:      291020 
[P]total cuckoo path:     32143 
[P]total cp perset:       0.000915 / set
[P]total cp percuckoo:    0.110449 / cuckoo num

[P]cuckoo path / s:       9938.551 / s
[P]cp per set * s:        0.006676 / set * s

[P]break loop / s:        0 / s
[P]break / set :          0 %

[P]Throughput:            2996775.330 ops
[P]all request:           71907079 o

[P]GetThroughput:         1507855.388 ops
[P]SetThroughput:         1488919.943 ops

[P]Valid Entries:         1183119.580 / s
[P]set success:           1488734.919 / s

[P]get found:             695110.391 / s

----------------------------------

[INFO]Current Time:       27.24 s

[P]indexs Load Factor:    54.5390 %

[P]full bucket LFactor:   20.8945 %

[P]set request:           37393577 
[P]get request:           37468391 

[P]Get Hit Rate:          46.9260 %
[P]ACC Hit Rate:          26.7442 %

[P]total cuckoo num:      367832 
[P]total cuckoo path:     45294 
[P]total cp perset:       0.001238 / set
[P]total cp percuckoo:    0.123138 / cuckoo num

[P]cuckoo path / s:       13591.121 / s
[P]cp per set * s:        0.009000 / set * s

[P]break loop / s:        0 / s
[P]break / set :          0 %

[P]Throughput:            3053779.433 ops
[P]all request:           74861968 o

[P]GetThroughput:         1526941.906 ops
[P]SetThroughput:         1526837.526 ops

[P]Valid Entries:         1169762.374 / s
[P]set success:           1510158.407 / s

[P]get found:             716533.479 / s

----------------------------------

[INFO]Current Time:       28.20 s

[P]indexs Load Factor:    56.1932 %

[P]full bucket LFactor:   22.7056 %

[P]set request:           38883098 
[P]get request:           38916192 

[P]Get Hit Rate:          49.0541 %
[P]ACC Hit Rate:          27.5742 %

[P]total cuckoo num:      457160 
[P]total cuckoo path:     62362 
[P]total cp perset:       0.001641 / set
[P]total cp percuckoo:    0.136412 / cuckoo num

[P]cuckoo path / s:       17750.010 / s
[P]cp per set * s:        0.012088 / set * s

[P]break loop / s:        0 / s
[P]break / set :          0 %

[P]Throughput:            3054692.643 ops
[P]all request:           77799290 o

[P]GetThroughput:         1505652.790 ops
[P]SetThroughput:         1549039.853 ops

[P]Valid Entries:         1157348.887 / s
[P]set success:           1468370.281 / s

[P]get found:             738584.685 / s

----------------------------------

[INFO]Current Time:       29.16 s

[P]indexs Load Factor:    57.8043 %

[P]full bucket LFactor:   24.5270 %

[P]set request:           40314650 
[P]get request:           40305037 

[P]Get Hit Rate:          51.9008 %
[P]ACC Hit Rate:          28.4124 %

[P]total cuckoo num:      559705 
[P]total cuckoo path:     84281 
[P]total cp perset:       0.002138 / set
[P]total cp percuckoo:    0.150581 / cuckoo num

[P]cuckoo path / s:       22887.575 / s
[P]cp per set * s:        0.015502 / set * s

[P]break loop / s:        0 / s
[P]break / set :          0 %

[P]Throughput:            2945027.073 ops
[P]all request:           80619687 o

[P]GetThroughput:         1450216.450 ops
[P]SetThroughput:         1494810.623 ops

[P]Valid Entries:         1134900.658 / s
[P]set success:           1476409.927 / s

[P]get found:             752673.244 / s

----------------------------------

[INFO]Current Time:       30.12 s

[P]indexs Load Factor:    59.3788 %

[P]full bucket LFactor:   26.3489 %

[P]set request:           41760177 
[P]get request:           41748778 

[P]Get Hit Rate:          51.0247 %
[P]ACC Hit Rate:          29.1944 %

[P]total cuckoo num:      675309 
[P]total cuckoo path:     111093 
[P]total cp perset:       0.002721 / set
[P]total cp percuckoo:    0.164507 / cuckoo num

[P]cuckoo path / s:       28103.530 / s
[P]cp per set * s:        0.019031 / set * s

[P]break loop / s:        0 / s
[P]break / set :          0 %

[P]Throughput:            3028443.560 ops
[P]all request:           83508955 o

[P]GetThroughput:         1513285.765 ops
[P]SetThroughput:         1515157.796 ops

[P]Valid Entries:         1123505.993 / s
[P]set success:           1476725.601 / s

[P]get found:             772148.983 / s

----------------------------------

[INFO]Current Time:       31.07 s

[P]indexs Load Factor:    60.9123 %

[P]full bucket LFactor:   28.1619 %

[P]set request:           43216647 
[P]get request:           43161612 

[P]Get Hit Rate:          53.1641 %
[P]ACC Hit Rate:          29.9790 %

[P]total cuckoo num:      805133 
[P]total cuckoo path:     143991 
[P]total cp perset:       0.003413 / set
[P]total cp percuckoo:    0.178841 / cuckoo num

[P]cuckoo path / s:       34479.865 / s
[P]cp per set * s:        0.024226 / set * s

[P]break loop / s:        0 / s
[P]break / set :          0 %

[P]Throughput:            3007271.397 ops
[P]all request:           86378259 o

[P]GetThroughput:         1480768.604 ops
[P]SetThroughput:         1526502.794 ops

[P]Valid Entries:         1102934.349 / s
[P]set success:           1423274.912 / s

[P]get found:             787237.846 / s

----------------------------------

[INFO]Current Time:       32.02 s

[P]indexs Load Factor:    62.4109 %

[P]full bucket LFactor:   29.9800 %

[P]set request:           44632988 
[P]get request:           44554495 

[P]Get Hit Rate:          54.4703 %
[P]ACC Hit Rate:          30.7447 %

[P]total cuckoo num:      948564 
[P]total cuckoo path:     183910 
[P]total cp perset:       0.004220 / set
[P]total cp percuckoo:    0.193883 / cuckoo num

[P]cuckoo path / s:       42049.832 / s
[P]cp per set * s:        0.028498 / set * s

[P]break loop / s:        0 / s
[P]break / set :          0 %

[P]Throughput:            2959177.234 ops
[P]all request:           89187483 o

[P]GetThroughput:         1467233.536 ops
[P]SetThroughput:         1491943.698 ops

[P]Valid Entries:         1081550.446 / s
[P]set success:           1475522.574 / s

[P]get found:             799206.984 / s

----------------------------------

[INFO]Current Time:       32.97 s

[P]indexs Load Factor:    63.8602 %

[P]full bucket LFactor:   31.7752 %

[P]set request:           46072867 
[P]get request:           45970652 

[P]Get Hit Rate:          54.0783 %
[P]ACC Hit Rate:          31.4635 %

[P]total cuckoo num:      1108138 
[P]total cuckoo path:     232662 
[P]total cp perset:       0.005172 / set
[P]total cp percuckoo:    0.209958 / cuckoo num

[P]cuckoo path / s:       51378.521 / s
[P]cp per set * s:        0.034715 / set * s

[P]break loop / s:        0 / s
[P]break / set :          0 %

[P]Throughput:            3009905.361 ops
[P]all request:           92043519 o

[P]GetThroughput:         1492452.668 ops
[P]SetThroughput:         1517452.694 ops

[P]Valid Entries:         1072602.509 / s
[P]set success:           1480013.779 / s

[P]get found:             807092.366 / s

----------------------------------

[INFO]Current Time:       33.91 s

[P]indexs Load Factor:    65.2777 %

[P]full bucket LFactor:   33.5588 %

[P]set request:           47446092 
[P]get request:           47360116 

[P]Get Hit Rate:          56.2106 %
[P]ACC Hit Rate:          32.1895 %

[P]total cuckoo num:      1279572 
[P]total cuckoo path:     289219 
[P]total cp perset:       0.006240 / set
[P]total cp percuckoo:    0.226028 / cuckoo num

[P]cuckoo path / s:       59933.979 / s
[P]cp per set * s:        0.041654 / set * s

[P]break loop / s:        0 / s
[P]break / set :          0 %

[P]Throughput:            2927648.303 ops
[P]all request:           94806209 o

[P]GetThroughput:         1472427.931 ops
[P]SetThroughput:         1455219.312 ops

[P]Valid Entries:         1047435.753 / s
[P]set success:           1438844.683 / s

[P]get found:             827660.520 / s

----------------------------------

[INFO]Current Time:       34.85 s

[P]indexs Load Factor:    66.6564 %

[P]full bucket LFactor:   35.3265 %

[P]set request:           48834864 
[P]get request:           48722245 

[P]Get Hit Rate:          57.3207 %
[P]ACC Hit Rate:          32.8921 %

[P]total cuckoo num:      1466470 
[P]total cuckoo path:     356034 
[P]total cp perset:       0.007461 / set
[P]total cp percuckoo:    0.242783 / cuckoo num

[P]cuckoo path / s:       70999.431 / s
[P]cp per set * s:        0.048594 / set * s

[P]break loop / s:        0 / s
[P]break / set :          0 %

[P]Throughput:            2923180.940 ops
[P]all request:           97557109 o

[P]GetThroughput:         1447435.214 ops
[P]SetThroughput:         1475746.788 ops

[P]Valid Entries:         1036905.166 / s
[P]set success:           1461087.847 / s

[P]get found:             829680.127 / s

----------------------------------

[INFO]Current Time:       35.79 s

[P]indexs Load Factor:    67.9812 %

[P]full bucket LFactor:   37.0556 %

[P]set request:           50212144 
[P]get request:           50093932 

[P]Get Hit Rate:          58.6553 %
[P]ACC Hit Rate:          33.5975 %

[P]total cuckoo num:      1667672 
[P]total cuckoo path:     433933 
[P]total cp perset:       0.008841 / set
[P]total cp percuckoo:    0.260203 / cuckoo num

[P]cuckoo path / s:       83205.771 / s
[P]cp per set * s:        0.057178 / set * s

[P]break loop / s:        0 / s
[P]break / set :          0 %

[P]Throughput:            2936236.892 ops
[P]all request:           100306076 o

[P]GetThroughput:         1465131.438 ops
[P]SetThroughput:         1471105.454 ops

[P]Valid Entries:         1020618.929 / s
[P]set success:           1455198.956 / s

[P]get found:             859377.107 / s

----------------------------------

[INFO]Current Time:       36.72 s

[P]indexs Load Factor:    69.2541 %

[P]full bucket LFactor:   38.7386 %

[P]set request:           51528751 
[P]get request:           51407695 

[P]Get Hit Rate:          59.6012 %
[P]ACC Hit Rate:          34.2621 %

[P]total cuckoo num:      1875862 
[P]total cuckoo path:     521518 
[P]total cp perset:       0.010350 / set
[P]total cp percuckoo:    0.278015 / cuckoo num

[P]cuckoo path / s:       93731.356 / s
[P]cp per set * s:        0.067072 / set * s

[P]break loop / s:        0 / s
[P]break / set :          0 %

[P]Throughput:            2814958.569 ops
[P]all request:           102936446 o

[P]GetThroughput:         1405957.495 ops
[P]SetThroughput:         1409001.075 ops

[P]Valid Entries:         969508.729 / s
[P]set success:           1397475.280 / s

[P]get found:             837968.059 / s

----------------------------------

[INFO]Current Time:       37.65 s

[P]indexs Load Factor:    70.5002 %

[P]full bucket LFactor:   40.4161 %

[P]set request:           52857690 
[P]get request:           52692908 

[P]Get Hit Rate:          62.7217 %
[P]ACC Hit Rate:          34.9562 %

[P]total cuckoo num:      2100827 
[P]total cuckoo path:     623254 
[P]total cp perset:       0.012053 / set
[P]total cp percuckoo:    0.296671 / cuckoo num

[P]cuckoo path / s:       109295.277 / s
[P]cp per set * s:        0.077132 / set * s

[P]break loop / s:        0 / s
[P]break / set :          0 %

[P]Throughput:            2808390.991 ops
[P]all request:           105550598 o

[P]GetThroughput:         1380708.012 ops
[P]SetThroughput:         1427682.979 ops

[P]Valid Entries:         972451.436 / s
[P]set success:           1416983.997 / s

[P]get found:             866003.062 / s

----------------------------------

[INFO]Current Time:       38.58 s

[P]indexs Load Factor:    71.7021 %

[P]full bucket LFactor:   42.0670 %

[P]set request:           54169022 
[P]get request:           54002595 

[P]Get Hit Rate:          62.0122 %
[P]ACC Hit Rate:          35.6124 %

[P]total cuckoo num:      2337169 
[P]total cuckoo path:     737867 
[P]total cp perset:       0.013919 / set
[P]total cp percuckoo:    0.315710 / cuckoo num

[P]cuckoo path / s:       123838.762 / s
[P]cp per set * s:        0.087986 / set * s

[P]break loop / s:        0 / s
[P]break / set :          0 %

[P]Throughput:            2831997.662 ops
[P]all request:           108171617 o

[P]GetThroughput:         1415110.124 ops
[P]SetThroughput:         1416887.538 ops

[P]Valid Entries:         954759.869 / s
[P]set success:           1407489.393 / s

[P]get found:             877541.221 / s

----------------------------------

[INFO]Current Time:       39.50 s

[P]indexs Load Factor:    72.8377 %

[P]full bucket LFactor:   43.6487 %

[P]set request:           55457361 
[P]get request:           55269444 

[P]Get Hit Rate:          63.0143 %
[P]ACC Hit Rate:          36.2405 %

[P]total cuckoo num:      2580585 
[P]total cuckoo path:     863593 
[P]total cp perset:       0.015912 / set
[P]total cp percuckoo:    0.334650 / cuckoo num

[P]cuckoo path / s:       136610.112 / s
[P]cp per set * s:        0.099698 / set * s

[P]break loop / s:        0 / s
[P]break / set :          0 %

[P]Throughput:            2776390.872 ops
[P]all request:           110726805 o

[P]GetThroughput:         1376520.240 ops
[P]SetThroughput:         1399870.632 ops

[P]Valid Entries:         920719.297 / s
[P]set success:           1370245.298 / s

[P]get found:             867404.562 / s

----------------------------------

[INFO]Current Time:       40.42 s

[P]indexs Load Factor:    73.8975 %

[P]full bucket LFactor:   45.1413 %

[P]set request:           56689974 
[P]get request:           56444983 

[P]Get Hit Rate:          65.8684 %
[P]ACC Hit Rate:          36.8575 %

[P]total cuckoo num:      2828293 
[P]total cuckoo path:     1000516 
[P]total cp perset:       0.018034 / set
[P]total cp percuckoo:    0.353753 / cuckoo num

[P]cuckoo path / s:       148935.399 / s
[P]cp per set * s:        0.113374 / set * s

[P]break loop / s:        0 / s
[P]break / set :          0 %

[P]Throughput:            2619421.715 ops
[P]all request:           113134957 o

[P]GetThroughput:         1278670.276 ops
[P]SetThroughput:         1340751.439 ops

[P]Valid Entries:         874283.414 / s
[P]set success:           1313659.321 / s

[P]get found:             842239.945 / s

----------------------------------

[INFO]Current Time:       41.33 s

[P]indexs Load Factor:    74.8766 %

[P]full bucket LFactor:   46.5281 %

[P]set request:           57823472 
[P]get request:           57542652 

[P]Get Hit Rate:          65.7605 %
[P]ACC Hit Rate:          37.4089 %

[P]total cuckoo num:      3066848 
[P]total cuckoo path:     1139830 
[P]total cp perset:       0.020148 / set
[P]total cp percuckoo:    0.371662 / cuckoo num

[P]cuckoo path / s:       152595.624 / s
[P]cp per set * s:        0.127342 / set * s

[P]break loop / s:        0 / s
[P]break / set :          0 %

[P]Throughput:            2443877.290 ops
[P]all request:           115366124 o

[P]GetThroughput:         1202316.250 ops
[P]SetThroughput:         1241561.040 ops

[P]Valid Entries:         803109.037 / s
[P]set success:           1198317.179 / s

[P]get found:             790649.591 / s

----------------------------------

[INFO]Current Time:       42.24 s

[P]indexs Load Factor:    75.8396 %

[P]full bucket LFactor:   47.9229 %

[P]set request:           58956679 
[P]get request:           58658318 

[P]Get Hit Rate:          64.5783 %
[P]ACC Hit Rate:          37.9256 %

[P]total cuckoo num:      3316987 
[P]total cuckoo path:     1295370 
[P]total cp perset:       0.022456 / set
[P]total cp percuckoo:    0.390526 / cuckoo num

[P]cuckoo path / s:       170588.259 / s
[P]cp per set * s:        0.139835 / set * s

[P]break loop / s:        0 / s
[P]break / set :          0 %

[P]Throughput:            2466448.053 ops
[P]all request:           117614997 o

[P]GetThroughput:         1223604.994 ops
[P]SetThroughput:         1242843.059 ops

[P]Valid Entries:         797114.604 / s
[P]set success:           1219922.112 / s

[P]get found:             790183.154 / s

----------------------------------

[INFO]Current Time:       43.15 s

[P]indexs Load Factor:    76.7558 %

[P]full bucket LFactor:   49.2638 %

[P]set request:           60059092 
[P]get request:           59744286 

[P]Get Hit Rate:          66.3647 %
[P]ACC Hit Rate:          38.4426 %

[P]total cuckoo num:      3571194 
[P]total cuckoo path:     1461555 
[P]total cp perset:       0.024870 / set
[P]total cp percuckoo:    0.409262 / cuckoo num

[P]cuckoo path / s:       183081.826 / s
[P]cp per set * s:        0.153499 / set * s

[P]break loop / s:        0 / s
[P]break / set :          0 %

[P]Throughput:            2410884.195 ops
[P]all request:           119803378 o

[P]GetThroughput:         1196383.576 ops
[P]SetThroughput:         1214500.618 ops

[P]Valid Entries:         772267.423 / s
[P]set success:           1192727.118 / s

[P]get found:             793975.925 / s

----------------------------------

[INFO]Current Time:       44.05 s

[P]indexs Load Factor:    77.6190 %

[P]full bucket LFactor:   50.5479 %

[P]set request:           61118167 
[P]get request:           60771278 

[P]Get Hit Rate:          68.1591 %
[P]ACC Hit Rate:          38.9448 %

[P]total cuckoo num:      3824331 
[P]total cuckoo path:     1636557 
[P]total cp perset:       0.027363 / set
[P]total cp percuckoo:    0.427933 / cuckoo num

[P]cuckoo path / s:       194095.566 / s
[P]cp per set * s:        0.168153 / set * s

[P]break loop / s:        0 / s
[P]break / set :          0 %

[P]Throughput:            2313667.011 ops
[P]all request:           121889445 o

[P]GetThroughput:         1139041.800 ops
[P]SetThroughput:         1174625.211 ops

[P]Valid Entries:         740013.606 / s
[P]set success:           1154278.682 / s

[P]get found:             776361.189 / s

----------------------------------

[INFO]Current Time:       44.96 s

[P]indexs Load Factor:    78.4536 %

[P]full bucket LFactor:   51.8052 %

[P]set request:           62119050 
[P]get request:           61773879 

[P]Get Hit Rate:          67.8386 %
[P]ACC Hit Rate:          39.4137 %

[P]total cuckoo num:      4077789 
[P]total cuckoo path:     1819485 
[P]total cp perset:       0.029921 / set
[P]total cp percuckoo:    0.446194 / cuckoo num

[P]cuckoo path / s:       202804.655 / s
[P]cp per set * s:        0.182920 / set * s

[P]break loop / s:        0 / s
[P]break / set :          0 %

[P]Throughput:            2221179.273 ops
[P]all request:           123892929 o

[P]GetThroughput:         1111541.974 ops
[P]SetThroughput:         1109637.299 ops

[P]Valid Entries:         705861.709 / s
[P]set success:           1108704.917 / s

[P]get found:             754053.979 / s

----------------------------------

[INFO]Current Time:       45.85 s

[P]indexs Load Factor:    79.2475 %

[P]full bucket LFactor:   53.0147 %

[P]set request:           63115788 
[P]get request:           62757252 

[P]Get Hit Rate:          68.7459 %
[P]ACC Hit Rate:          39.8733 %

[P]total cuckoo num:      4333635 
[P]total cuckoo path:     2014077 
[P]total cp perset:       0.032595 / set
[P]total cp percuckoo:    0.464755 / cuckoo num

[P]cuckoo path / s:       216501.511 / s
[P]cp per set * s:        0.198354 / set * s

[P]break loop / s:        0 / s
[P]break / set :          0 %

[P]Throughput:            2203055.742 ops
[P]all request:           125873040 o

[P]GetThroughput:         1094092.975 ops
[P]SetThroughput:         1108962.768 ops

[P]Valid Entries:         688219.398 / s
[P]set success:           1091490.622 / s

[P]get found:             752144.486 / s

----------------------------------

[INFO]Current Time:       46.75 s

[P]indexs Load Factor:    79.9611 %

[P]full bucket LFactor:   54.1131 %

[P]set request:           64029119 
[P]get request:           63658783 

[P]Get Hit Rate:          69.2086 %
[P]ACC Hit Rate:          40.2888 %

[P]total cuckoo num:      4576719 
[P]total cuckoo path:     2206452 
[P]total cp perset:       0.035196 / set
[P]total cp percuckoo:    0.482103 / cuckoo num

[P]cuckoo path / s:       214349.039 / s
[P]cp per set * s:        0.213870 / set * s

[P]break loop / s:        0 / s
[P]break / set :          0 %

[P]Throughput:            2022165.770 ops
[P]all request:           127687903 o

[P]GetThroughput:         1004508.400 ops
[P]SetThroughput:         1017656.256 ops

[P]Valid Entries:         628756.067 / s
[P]set success:           1002238.724 / s

[P]get found:             695206.219 / s

----------------------------------

[INFO]Current Time:       47.64 s

[P]indexs Load Factor:    80.6572 %

[P]full bucket LFactor:   55.1982 %

[P]set request:           64905411 
[P]get request:           64538445 

[P]Get Hit Rate:          69.8859 %
[P]ACC Hit Rate:          40.6922 %

[P]total cuckoo num:      4820783 
[P]total cuckoo path:     2408398 
[P]total cp perset:       0.037887 / set
[P]total cp percuckoo:    0.499586 / cuckoo num

[P]cuckoo path / s:       226692.922 / s
[P]cp per set * s:        0.230069 / set * s

[P]break loop / s:        0 / s
[P]break / set :          0 %

[P]Throughput:            1971131.475 ops
[P]all request:           129443856 o

[P]GetThroughput:         987457.783 ops
[P]SetThroughput:         983674.815 ops

[P]Valid Entries:         614081.139 / s
[P]set success:           985327.197 / s

[P]get found:             690094.089 / s

----------------------------------

[INFO]Current Time:       48.53 s

[P]indexs Load Factor:    81.3472 %

[P]full bucket LFactor:   56.2879 %

[P]set request:           65790765 
[P]get request:           65412469 

[P]Get Hit Rate:          70.4927 %
[P]ACC Hit Rate:          41.0904 %

[P]total cuckoo num:      5070639 
[P]total cuckoo path:     2624152 
[P]total cp perset:       0.040722 / set
[P]total cp percuckoo:    0.517519 / cuckoo num

[P]cuckoo path / s:       242114.191 / s
[P]cp per set * s:        0.247177 / set * s

[P]break loop / s:        0 / s
[P]break / set :          0 %

[P]Throughput:            1974333.647 ops
[P]all request:           131203234 o

[P]GetThroughput:         980809.691 ops
[P]SetThroughput:         993523.957 ops

[P]Valid Entries:         605401.063 / s
[P]set success:           979519.187 / s

[P]get found:             691399.102 / s

----------------------------------

[INFO]Current Time:       49.42 s

[P]indexs Load Factor:    82.0110 %

[P]full bucket LFactor:   57.3563 %

[P]set request:           66651679 
[P]get request:           66276521 

[P]Get Hit Rate:          69.8836 %
[P]ACC Hit Rate:          41.4658 %

[P]total cuckoo num:      5323315 
[P]total cuckoo path:     2852360 
[P]total cp perset:       0.043679 / set
[P]total cp percuckoo:    0.535824 / cuckoo num

[P]cuckoo path / s:       257104.196 / s
[P]cp per set * s:        0.264499 / set * s

[P]break loop / s:        0 / s
[P]break / set :          0 %

[P]Throughput:            1943384.971 ops
[P]all request:           132928200 o

[P]GetThroughput:         973460.155 ops
[P]SetThroughput:         969924.815 ops

[P]Valid Entries:         596472.092 / s
[P]set success:           972041.738 / s

[P]get found:             680289.403 / s

----------------------------------

[INFO]Current Time:       50.31 s

[P]indexs Load Factor:    82.6328 %

[P]full bucket LFactor:   58.3662 %

[P]set request:           67489366 
[P]get request:           67104218 

[P]Get Hit Rate:          71.7449 %
[P]ACC Hit Rate:          41.8392 %

[P]total cuckoo num:      5571968 
[P]total cuckoo path:     3085978 
[P]total cp perset:       0.046665 / set
[P]total cp percuckoo:    0.553840 / cuckoo num

[P]cuckoo path / s:       263760.552 / s
[P]cp per set * s:        0.282572 / set * s

[P]break loop / s:        0 / s
[P]break / set :          0 %

[P]Throughput:            1880260.096 ops
[P]all request:           134593584 o

[P]GetThroughput:         934490.569 ops
[P]SetThroughput:         945769.528 ops

[P]Valid Entries:         568233.744 / s
[P]set success:           933429.285 / s

[P]get found:             670448.889 / s

----------------------------------

[INFO]Current Time:       51.19 s

[P]indexs Load Factor:    83.2408 %

[P]full bucket LFactor:   59.3656 %

[P]set request:           68289546 
[P]get request:           67882388 

[P]Get Hit Rate:          73.2327 %
[P]ACC Hit Rate:          42.1991 %

[P]total cuckoo num:      5816794 
[P]total cuckoo path:     3324448 
[P]total cp perset:       0.049678 / set
[P]total cp percuckoo:    0.571526 / cuckoo num

[P]cuckoo path / s:       270233.833 / s
[P]cp per set * s:        0.301855 / set * s

[P]break loop / s:        0 / s
[P]break / set :          0 %

[P]Throughput:            1788583.764 ops
[P]all request:           136171934 o

[P]GetThroughput:         881821.033 ops
[P]SetThroughput:         906762.731 ops

[P]Valid Entries:         544123.364 / s
[P]set success:           895244.902 / s

[P]get found:             645781.463 / s

----------------------------------

[INFO]Current Time:       52.07 s

[P]indexs Load Factor:    83.8197 %

[P]full bucket LFactor:   60.3369 %

[P]set request:           69069554 
[P]get request:           68654220 

[P]Get Hit Rate:          72.1231 %
[P]ACC Hit Rate:          42.5355 %

[P]total cuckoo num:      6062209 
[P]total cuckoo path:     3574261 
[P]total cp perset:       0.052803 / set
[P]total cp percuckoo:    0.589597 / cuckoo num

[P]cuckoo path / s:       283359.939 / s
[P]cp per set * s:        0.324248 / set * s

[P]break loop / s:        0 / s
[P]break / set :          0 %

[P]Throughput:            1760233.807 ops
[P]all request:           137723774 o

[P]GetThroughput:         875479.934 ops
[P]SetThroughput:         884753.874 ops

[P]Valid Entries:         529130.702 / s
[P]set success:           873899.870 / s

[P]get found:             631423.081 / s

----------------------------------

[INFO]Current Time:       52.95 s

[P]indexs Load Factor:    84.3612 %

[P]full bucket LFactor:   61.2619 %

[P]set request:           69812003 
[P]get request:           69389213 

[P]Get Hit Rate:          72.1365 %
[P]ACC Hit Rate:          42.8491 %

[P]total cuckoo num:      6305047 
[P]total cuckoo path:     3832959 
[P]total cp perset:       0.056018 / set
[P]total cp percuckoo:    0.607919 / cuckoo num

[P]cuckoo path / s:       294613.439 / s
[P]cp per set * s:        0.352602 / set * s

[P]break loop / s:        0 / s
[P]break / set :          0 %

[P]Throughput:            1682557.534 ops
[P]all request:           139201216 o

[P]GetThroughput:         837033.203 ops
[P]SetThroughput:         845524.331 ops

[P]Valid Entries:         505429.377 / s
[P]set success:           835540.195 / s

[P]get found:             603806.200 / s

----------------------------------

[INFO]Current Time:       53.82 s

[P]indexs Load Factor:    84.8807 %

[P]full bucket LFactor:   62.1505 %

[P]set request:           70499316 
[P]get request:           70069750 

[P]Get Hit Rate:          72.2075 %
[P]ACC Hit Rate:          43.1342 %

[P]total cuckoo num:      6536011 
[P]total cuckoo path:     4088310 
[P]total cp perset:       0.059162 / set
[P]total cp percuckoo:    0.625505 / cuckoo num

[P]cuckoo path / s:       292367.684 / s
[P]cp per set * s:        0.375701 / set * s

[P]break loop / s:        0 / s
[P]break / set :          0 %

[P]Throughput:            1566138.911 ops
[P]all request:           140569066 o

[P]GetThroughput:         779190.318 ops
[P]SetThroughput:         786948.593 ops

[P]Valid Entries:         470588.190 / s
[P]set success:           778193.054 / s

[P]get found:             562634.130 / s

----------------------------------

[INFO]Current Time:       54.70 s

[P]indexs Load Factor:    85.3921 %

[P]full bucket LFactor:   63.0470 %

[P]set request:           71186863 
[P]get request:           70750929 

[P]Get Hit Rate:          72.3986 %
[P]ACC Hit Rate:          43.4160 %

[P]total cuckoo num:      6771553 
[P]total cuckoo path:     4359818 
[P]total cp perset:       0.062476 / set
[P]total cp percuckoo:    0.643843 / cuckoo num

[P]cuckoo path / s:       311209.997 / s
[P]cp per set * s:        0.399073 / set * s

[P]break loop / s:        0 / s
[P]break / set :          0 %

[P]Throughput:            1568871.689 ops
[P]all request:           141937792 o

[P]GetThroughput:         780786.255 ops
[P]SetThroughput:         788085.433 ops

[P]Valid Entries:         469643.886 / s
[P]set success:           779831.448 / s

[P]get found:             565278.250 / s

----------------------------------

[INFO]Current Time:       55.57 s

[P]indexs Load Factor:    85.8802 %

[P]full bucket LFactor:   63.9092 %

[P]set request:           71850550 
[P]get request:           71408739 

[P]Get Hit Rate:          72.4759 %
[P]ACC Hit Rate:          43.6837 %

[P]total cuckoo num:      7006550 
[P]total cuckoo path:     4638967 
[P]total cp perset:       0.065856 / set
[P]total cp percuckoo:    0.662090 / cuckoo num

[P]cuckoo path / s:       320667.017 / s
[P]cp per set * s:        0.424955 / set * s

[P]break loop / s:        0 / s
[P]break / set :          0 %

[P]Throughput:            1518044.131 ops
[P]all request:           143259289 o

[P]GetThroughput:         755646.521 ops
[P]SetThroughput:         762397.611 ops

[P]Valid Entries:         454842.205 / s
[P]set success:           754590.837 / s

[P]get found:             547661.941 / s

----------------------------------

[INFO]Current Time:       56.43 s

[P]indexs Load Factor:    86.3518 %

[P]full bucket LFactor:   64.7585 %

[P]set request:           72477412 
[P]get request:           72040469 

[P]Get Hit Rate:          72.4860 %
[P]ACC Hit Rate:          43.9362 %

[P]total cuckoo num:      7238670 
[P]total cuckoo path:     4925767 
[P]total cp perset:       0.069307 / set
[P]total cp percuckoo:    0.680480 / cuckoo num

[P]cuckoo path / s:       330298.335 / s
[P]cp per set * s:        0.454608 / set * s

[P]break loop / s:        0 / s
[P]break / set :          0 %

[P]Throughput:            1449479.923 ops
[P]all request:           144517881 o

[P]GetThroughput:         727543.121 ops
[P]SetThroughput:         721936.802 ops

[P]Valid Entries:         437823.802 / s
[P]set success:           726556.141 / s

[P]get found:             527367.128 / s

----------------------------------

[INFO]Current Time:       57.30 s

[P]indexs Load Factor:    86.7986 %

[P]full bucket LFactor:   65.5715 %

[P]set request:           73088263 
[P]get request:           72646431 

[P]Get Hit Rate:          71.2535 %
[P]ACC Hit Rate:          44.1641 %

[P]total cuckoo num:      7466589 
[P]total cuckoo path:     5218846 
[P]total cp perset:       0.072811 / set
[P]total cp percuckoo:    0.698960 / cuckoo num

[P]cuckoo path / s:       337826.861 / s
[P]cp per set * s:        0.484310 / set * s

[P]break loop / s:        0 / s
[P]break / set :          0 %

[P]Throughput:            1402598.330 ops
[P]all request:           145734694 o

[P]GetThroughput:         698481.434 ops
[P]SetThroughput:         704116.896 ops

[P]Valid Entries:         419289.196 / s
[P]set success:           697541.998 / s

[P]get found:             497692.314 / s

----------------------------------

[INFO]Current Time:       58.17 s

[P]indexs Load Factor:    87.2035 %

[P]full bucket LFactor:   66.3194 %

[P]set request:           73651184 
[P]get request:           73204869 

[P]Get Hit Rate:          72.3726 %
[P]ACC Hit Rate:          44.3793 %

[P]total cuckoo num:      7682752 
[P]total cuckoo path:     5507244 
[P]total cp perset:       0.076241 / set
[P]total cp percuckoo:    0.716832 / cuckoo num

[P]cuckoo path / s:       332728.430 / s
[P]cp per set * s:        0.517182 / set * s

[P]break loop / s:        0 / s
[P]break / set :          0 %

[P]Throughput:            1293726.101 ops
[P]all request:           146856053 o

[P]GetThroughput:         644277.003 ops
[P]SetThroughput:         649449.097 ops

[P]Valid Entries:         386194.937 / s
[P]set success:           643349.418 / s

[P]get found:             466279.903 / s

----------------------------------

[INFO]Current Time:       59.03 s

[P]indexs Load Factor:    87.6138 %

[P]full bucket LFactor:   67.0819 %

[P]set request:           74199658 
[P]get request:           73749043 

[P]Get Hit Rate:          72.6251 %
[P]ACC Hit Rate:          44.5877 %

[P]total cuckoo num:      7897202 
[P]total cuckoo path:     5804080 
[P]total cp perset:       0.079750 / set
[P]total cp percuckoo:    0.734954 / cuckoo num

[P]cuckoo path / s:       344267.806 / s
[P]cp per set * s:        0.546027 / set * s

[P]break loop / s:        0 / s
[P]break / set :          0 %

[P]Throughput:            1267243.629 ops
[P]all request:           147948701 o

[P]GetThroughput:         631128.263 ops
[P]SetThroughput:         636115.366 ops

[P]Valid Entries:         377928.429 / s
[P]set success:           630496.177 / s

[P]get found:             458357.635 / s

----------------------------------

[INFO]Current Time:       59.90 s

[P]indexs Load Factor:    88.0056 %

[P]full bucket LFactor:   67.8168 %

[P]set request:           74742234 
[P]get request:           74287478 

[P]Get Hit Rate:          72.7345 %
[P]ACC Hit Rate:          44.7917 %

[P]total cuckoo num:      8114073 
[P]total cuckoo path:     6113093 
[P]total cp perset:       0.083380 / set
[P]total cp percuckoo:    0.753394 / cuckoo num

[P]cuckoo path / s:       357657.257 / s
[P]cp per set * s:        0.574316 / set * s

[P]break loop / s:        0 / s
[P]break / set :          0 %

[P]Throughput:            1251181.759 ops
[P]all request:           149029712 o

[P]GetThroughput:         623194.445 ops
[P]SetThroughput:         627987.314 ops

[P]Valid Entries:         373148.141 / s
[P]set success:           622753.469 / s

[P]get found:             453277.358 / s

----------------------------------

[INFO]Current Time:       60.75 s

[P]indexs Load Factor:    88.3832 %

[P]full bucket LFactor:   68.5389 %

[P]set request:           75255074 
[P]get request:           74796772 

[P]Get Hit Rate:          72.8031 %
[P]ACC Hit Rate:          44.9824 %

[P]total cuckoo num:      8323474 
[P]total cuckoo path:     6424363 
[P]total cp perset:       0.087021 / set
[P]total cp percuckoo:    0.771837 / cuckoo num

[P]cuckoo path / s:       364917.207 / s
[P]cp per set * s:        0.611869 / set * s

[P]break loop / s:        0 / s
[P]break / set :          0 %

[P]Throughput:            1198298.211 ops
[P]all request:           150051846 o

[P]GetThroughput:         597070.530 ops
[P]SetThroughput:         601227.681 ops

[P]Valid Entries:         357234.801 / s
[P]set success:           596397.601 / s

[P]get found:             434686.066 / s

----------------------------------

[INFO]Current Time:       61.60 s

[P]indexs Load Factor:    88.7453 %

[P]full bucket LFactor:   69.2402 %

[P]set request:           75754644 
[P]get request:           75292799 

[P]Get Hit Rate:          72.8970 %
[P]ACC Hit Rate:          45.1663 %

[P]total cuckoo num:      8530877 
[P]total cuckoo path:     6742551 
[P]total cp perset:       0.090722 / set
[P]total cp percuckoo:    0.790370 / cuckoo num

[P]cuckoo path / s:       371911.792 / s
[P]cp per set * s:        0.642041 / set * s

[P]break loop / s:        0 / s
[P]break / set :          0 %

[P]Throughput:            1163696.508 ops
[P]all request:           151047443 o

[P]GetThroughput:         579777.649 ops
[P]SetThroughput:         583918.859 ops

[P]Valid Entries:         346182.053 / s
[P]set success:           579264.527 / s

[P]get found:             422640.744 / s

----------------------------------

[INFO]Current Time:       62.46 s

[P]indexs Load Factor:    89.0884 %

[P]full bucket LFactor:   69.9150 %

[P]set request:           76232883 
[P]get request:           75767838 

[P]Get Hit Rate:          72.8658 %
[P]ACC Hit Rate:          45.3400 %

[P]total cuckoo num:      8733711 
[P]total cuckoo path:     7064571 
[P]total cp perset:       0.094452 / set
[P]total cp percuckoo:    0.808885 / cuckoo num

[P]cuckoo path / s:       376015.037 / s
[P]cp per set * s:        0.678365 / set * s

[P]break loop / s:        0 / s
[P]break / set :          0 %

[P]Throughput:            1113119.877 ops
[P]all request:           152000721 o

[P]GetThroughput:         554691.657 ops
[P]SetThroughput:         558428.220 ops

[P]Valid Entries:         330623.967 / s
[P]set success:           554295.815 / s

[P]get found:             404180.551 / s

----------------------------------

[INFO]Current Time:       63.31 s

[P]indexs Load Factor:    89.4178 %

[P]full bucket LFactor:   70.5716 %

[P]set request:           76688425 
[P]get request:           76220492 

[P]Get Hit Rate:          72.7695 %
[P]ACC Hit Rate:          45.5029 %

[P]total cuckoo num:      8931012 
[P]total cuckoo path:     7389774 
[P]total cp perset:       0.098206 / set
[P]total cp percuckoo:    0.827429 / cuckoo num

[P]cuckoo path / s:       382931.436 / s
[P]cp per set * s:        0.718889 / set * s

[P]break loop / s:        0 / s
[P]break / set :          0 %

[P]Throughput:            1069414.484 ops
[P]all request:           152908917 o

[P]GetThroughput:         533006.910 ops
[P]SetThroughput:         536407.574 ops

[P]Valid Entries:         318573.172 / s
[P]set success:           532671.319 / s

[P]get found:             387866.402 / s

----------------------------------

[INFO]Current Time:       64.16 s

[P]indexs Load Factor:    89.7307 %

[P]full bucket LFactor:   71.2018 %

[P]set request:           77124570 
[P]get request:           76654077 

[P]Get Hit Rate:          72.9894 %
[P]ACC Hit Rate:          45.6584 %

[P]total cuckoo num:      9122635 
[P]total cuckoo path:     7717200 
[P]total cp perset:       0.101970 / set
[P]total cp percuckoo:    0.845940 / cuckoo num

[P]cuckoo path / s:       385096.925 / s
[P]cp per set * s:        0.755664 / set * s

[P]break loop / s:        0 / s
[P]break / set :          0 %

[P]Throughput:            1022919.220 ops
[P]all request:           153778647 o

[P]GetThroughput:         509954.158 ops
[P]SetThroughput:         512965.062 ops

[P]Valid Entries:         303807.232 / s
[P]set success:           509614.255 / s

[P]get found:             372212.374 / s

----------------------------------

[INFO]Current Time:       65.01 s

[P]indexs Load Factor:    90.0311 %

[P]full bucket LFactor:   71.8113 %

[P]set request:           77539504 
[P]get request:           77066521 

[P]Get Hit Rate:          72.9459 %
[P]ACC Hit Rate:          45.8044 %

[P]total cuckoo num:      9308765 
[P]total cuckoo path:     8048531 
[P]total cp perset:       0.105772 / set
[P]total cp percuckoo:    0.864619 / cuckoo num

[P]cuckoo path / s:       391261.279 / s
[P]cp per set * s:        0.804061 / set * s

[P]break loop / s:        0 / s
[P]break / set :          0 %

[P]Throughput:            977031.954 ops
[P]all request:           154606025 o

[P]GetThroughput:         487045.785 ops
[P]SetThroughput:         489986.169 ops

[P]Valid Entries:         290171.091 / s
[P]set success:           486606.498 / s

[P]get found:             355279.946 / s

----------------------------------

[INFO]Current Time:       65.86 s

[P]indexs Load Factor:    90.4714 %

[P]full bucket LFactor:   72.7802 %

[P]set request:           78297925 
[P]get request:           77814869 

[P]Get Hit Rate:          73.1057 %
[P]ACC Hit Rate:          46.0670 %

[P]total cuckoo num:      9427835 
[P]total cuckoo path:     8265017 
[P]total cp perset:       0.107563 / set
[P]total cp percuckoo:    0.876661 / cuckoo num

[P]cuckoo path / s:       254835.687 / s
[P]cp per set * s:        0.290311 / set * s

[P]break loop / s:        0 / s
[P]break / set :          0 %

[P]Throughput:            1773687.508 ops
[P]all request:           156112794 o

[P]GetThroughput:         880915.057 ops
[P]SetThroughput:         892772.451 ops

[P]Valid Entries:         351720.711 / s
[P]set success:           877801.505 / s

[P]expire scan persec:    3385314.935 / s
[P]total expire scan:     2875866
[P]expire hit persec:     187661.835 / s
[P]total expire hit:      159421

[P]expire hit rate:       5.543408 %
[P]total expire hit rate: 5.543408 %

[P]get found:             643999.067 / s

----------------------------------

[INFO]Current Time:       66.70 s

[P]indexs Load Factor:    90.9196 %

[P]full bucket LFactor:   73.8165 %

[P]set request:           79577776 
[P]get request:           79073755 

[P]Get Hit Rate:          73.0019 %
[P]ACC Hit Rate:          46.4958 %

[P]total cuckoo num:      9428863 
[P]total cuckoo path:     8266919 
[P]total cp perset:       0.105893 / set
[P]total cp percuckoo:    0.876767 / cuckoo num

[P]cuckoo path / s:       2250.795 / s
[P]cp per set * s:        0.001547 / set * s

[P]break loop / s:        0 / s
[P]break / set :          0 %

[P]Throughput:            3004298.624 ops
[P]all request:           158651531 o

[P]GetThroughput:         1489744.498 ops
[P]SetThroughput:         1514554.126 ops

[P]Valid Entries:         430021.324 / s
[P]set success:           1455047.703 / s

[P]expire scan persec:    8762381.939 / s
[P]total expire scan:     10280384
[P]expire hit persec:     495586.669 / s
[P]total expire hit:      578209

[P]expire hit rate:       5.655844 %
[P]total expire hit rate: 5.624391 %

[P]get found:             1087542.145 / s

----------------------------------

[INFO]Current Time:       67.54 s

[P]indexs Load Factor:    91.3499 %

[P]full bucket LFactor:   74.8272 %

[P]set request:           80850551 
[P]get request:           80325751 

[P]Get Hit Rate:          72.8296 %
[P]ACC Hit Rate:          46.9062 %

[P]total cuckoo num:      9429813 
[P]total cuckoo path:     8268795 
[P]total cp perset:       0.104254 / set
[P]total cp percuckoo:    0.876878 / cuckoo num

[P]cuckoo path / s:       2230.900 / s
[P]cp per set * s:        0.001506 / set * s

[P]break loop / s:        0 / s
[P]break / set :          0 %

[P]Throughput:            3002405.150 ops
[P]all request:           161176302 o

[P]GetThroughput:         1488847.598 ops
[P]SetThroughput:         1513557.552 ops

[P]Valid Entries:         415884.505 / s
[P]set success:           1481289.175 / s

[P]expire scan persec:    8762356.319 / s
[P]total expire scan:     17648791
[P]expire hit persec:     510980.787 / s
[P]total expire hit:      1007901

[P]expire hit rate:       5.831545 %
[P]total expire hit rate: 5.710878 %

[P]get found:             1084322.132 / s

----------------------------------

[INFO]Current Time:       68.38 s

[P]indexs Load Factor:    91.7732 %

[P]full bucket LFactor:   75.8325 %

[P]set request:           82127024 
[P]get request:           81560828 

[P]Get Hit Rate:          74.0255 %
[P]ACC Hit Rate:          47.3169 %

[P]total cuckoo num:      9430786 
[P]total cuckoo path:     8270761 
[P]total cp perset:       0.102685 / set
[P]total cp percuckoo:    0.876996 / cuckoo num

[P]cuckoo path / s:       2350.767 / s
[P]cp per set * s:        0.001597 / set * s

[P]break loop / s:        0 / s
[P]break / set :          0 %

[P]Throughput:            3003086.902 ops
[P]all request:           163687852 o

[P]GetThroughput:         1476794.634 ops
[P]SetThroughput:         1526292.269 ops

[P]Valid Entries:         404621.285 / s
[P]set success:           1472264.086 / s

[P]expire scan persec:    8826205.787 / s
[P]total expire scan:     25030348
[P]expire hit persec:     529728.483 / s
[P]total expire hit:      1450925

[P]expire hit rate:       6.001769 %
[P]total expire hit rate: 5.796663 %

[P]get found:             1093204.702 / s

----------------------------------

[INFO]Current Time:       69.21 s

[P]indexs Load Factor:    92.1786 %

[P]full bucket LFactor:   76.8075 %

[P]set request:           83423382 
[P]get request:           82814698 

[P]Get Hit Rate:          73.8506 %
[P]ACC Hit Rate:          47.7186 %

[P]total cuckoo num:      9431710 
[P]total cuckoo path:     8272911 
[P]total cp perset:       0.101144 / set
[P]total cp percuckoo:    0.877138 / cuckoo num

[P]cuckoo path / s:       2575.677 / s
[P]cp per set * s:        0.001723 / set * s

[P]break loop / s:        0 / s
[P]break / set :          0 %

[P]Throughput:            3055145.639 ops
[P]all request:           166238080 o

[P]GetThroughput:         1502122.737 ops
[P]SetThroughput:         1553022.903 ops

[P]Valid Entries:         396188.211 / s
[P]set success:           1495300.188 / s

[P]expire scan persec:    8965333.186 / s
[P]total expire scan:     32513999
[P]expire hit persec:     554433.003 / s
[P]total expire hit:      1913728

[P]expire hit rate:       6.184187 %
[P]total expire hit rate: 5.885859 %

[P]get found:             1109327.231 / s

----------------------------------

[INFO]Current Time:       70.04 s

[P]indexs Load Factor:    92.5681 %

[P]full bucket LFactor:   77.7621 %

[P]set request:           84713149 
[P]get request:           84082875 

[P]Get Hit Rate:          72.4438 %
[P]ACC Hit Rate:          48.0916 %

[P]total cuckoo num:      9432577 
[P]total cuckoo path:     8275139 
[P]total cp perset:       0.099633 / set
[P]total cp percuckoo:    0.877294 / cuckoo num

[P]cuckoo path / s:       2679.910 / s
[P]cp per set * s:        0.001765 / set * s

[P]break loop / s:        0 / s
[P]break / set :          0 %

[P]Throughput:            3076777.742 ops
[P]all request:           168796024 o

[P]GetThroughput:         1525404.296 ops
[P]SetThroughput:         1551373.446 ops

[P]Valid Entries:         381828.298 / s
[P]set success:           1518604.685 / s

[P]expire scan persec:    8960940.882 / s
[P]total expire scan:     39963866
[P]expire hit persec:     560837.414 / s
[P]total expire hit:      2379992

[P]expire hit rate:       6.258689 %
[P]total expire hit rate: 5.955360 %

[P]get found:             1105060.104 / s

----------------------------------

[INFO]Current Time:       70.87 s

[P]indexs Load Factor:    92.9431 %

[P]full bucket LFactor:   78.6891 %

[P]set request:           85993696 
[P]get request:           85320979 

[P]Get Hit Rate:          73.5849 %
[P]ACC Hit Rate:          48.4615 %

[P]total cuckoo num:      9433335 
[P]total cuckoo path:     8277089 
[P]total cp perset:       0.098231 / set
[P]total cp percuckoo:    0.877430 / cuckoo num

[P]cuckoo path / s:       2358.664 / s
[P]cp per set * s:        0.001617 / set * s

[P]break loop / s:        0 / s
[P]break / set :          0 %

[P]Throughput:            3046488.406 ops
[P]all request:           171314675 o

[P]GetThroughput:         1497575.282 ops
[P]SetThroughput:         1548913.124 ops

[P]Valid Entries:         367403.707 / s
[P]set success:           1458480.722 / s

[P]expire scan persec:    8951369.596 / s
[P]total expire scan:     47364313
[P]expire hit persec:     584134.724 / s
[P]total expire hit:      2862919

[P]expire hit rate:       6.525646 %
[P]total expire hit rate: 6.044464 %

[P]get found:             1101989.769 / s

----------------------------------

[INFO]Current Time:       71.70 s

[P]indexs Load Factor:    93.3022 %

[P]full bucket LFactor:   79.5915 %

[P]set request:           87274038 
[P]get request:           86580016 

[P]Get Hit Rate:          72.3385 %
[P]ACC Hit Rate:          48.8087 %

[P]total cuckoo num:      9434147 
[P]total cuckoo path:     8279396 
[P]total cp perset:       0.096862 / set
[P]total cp percuckoo:    0.877599 / cuckoo num

[P]cuckoo path / s:       2789.268 / s
[P]cp per set * s:        0.001900 / set * s

[P]break loop / s:        0 / s
[P]break / set :          0 %

[P]Throughput:            3070224.328 ops
[P]all request:           173854054 o

[P]GetThroughput:         1522232.809 ops
[P]SetThroughput:         1547991.519 ops

[P]Valid Entries:         352994.084 / s
[P]set success:           1468209.036 / s

[P]expire scan persec:    8935606.708 / s
[P]total expire scan:     54754943
[P]expire hit persec:     588753.088 / s
[P]total expire hit:      3349876

[P]expire hit rate:       6.588843 %
[P]total expire hit rate: 6.117943 %

[P]get found:             1101159.800 / s

----------------------------------

[INFO]Current Time:       72.52 s

[P]indexs Load Factor:    93.6432 %

[P]full bucket LFactor:   80.4584 %

[P]set request:           88554205 
[P]get request:           87838257 

[P]Get Hit Rate:          72.2734 %
[P]ACC Hit Rate:          49.1448 %

[P]total cuckoo num:      9434892 
[P]total cuckoo path:     8281684 
[P]total cp perset:       0.095534 / set
[P]total cp percuckoo:    0.877772 / cuckoo num

[P]cuckoo path / s:       2774.372 / s
[P]cp per set * s:        0.001887 / set * s

[P]break loop / s:        0 / s
[P]break / set :          0 %

[P]Throughput:            3078010.823 ops
[P]all request:           176392462 o

[P]GetThroughput:         1525711.949 ops
[P]SetThroughput:         1552298.875 ops

[P]Valid Entries:         340640.289 / s
[P]set success:           1470275.432 / s

[P]expire scan persec:    8942614.250 / s
[P]total expire scan:     62129837
[P]expire hit persec:     613812.889 / s
[P]total expire hit:      3856082

[P]expire hit rate:       6.863909 %
[P]total expire hit rate: 6.206490 %

[P]get found:             1102683.232 / s

----------------------------------

[INFO]Current Time:       73.34 s

[P]indexs Load Factor:    93.9710 %

[P]full bucket LFactor:   81.3023 %

[P]set request:           89809886 
[P]get request:           89072079 

[P]Get Hit Rate:          73.2023 %
[P]ACC Hit Rate:          49.4781 %

[P]total cuckoo num:      9435577 
[P]total cuckoo path:     8283792 
[P]total cp perset:       0.094222 / set
[P]total cp percuckoo:    0.877932 / cuckoo num

[P]cuckoo path / s:       2569.099 / s
[P]cp per set * s:        0.001715 / set * s

[P]break loop / s:        0 / s
[P]break / set :          0 %

[P]Throughput:            3034051.106 ops
[P]all request:           178881965 o

[P]GetThroughput:         1503705.359 ops
[P]SetThroughput:         1530345.746 ops

[P]Valid Entries:         327315.159 / s
[P]set success:           1497976.074 / s

[P]expire scan persec:    8978346.631 / s
[P]total expire scan:     69496760
[P]expire hit persec:     629952.100 / s
[P]total expire hit:      4372971

[P]expire hit rate:       7.016349 %
[P]total expire hit rate: 6.292338 %

[P]get found:             1100746.808 / s

----------------------------------

[INFO]Current Time:       74.16 s

[P]indexs Load Factor:    94.2825 %

[P]full bucket LFactor:   82.1152 %

[P]set request:           91082672 
[P]get request:           90322499 

[P]Get Hit Rate:          71.8499 %
[P]ACC Hit Rate:          49.7878 %

[P]total cuckoo num:      9436211 
[P]total cuckoo path:     8285931 
[P]total cp perset:       0.092929 / set
[P]total cp percuckoo:    0.878099 / cuckoo num

[P]cuckoo path / s:       2615.666 / s
[P]cp per set * s:        0.001716 / set * s

[P]break loop / s:        0 / s
[P]break / set :          0 %

[P]Throughput:            3085490.340 ops
[P]all request:           181405171 o

[P]GetThroughput:         1529070.092 ops
[P]SetThroughput:         1556420.248 ops

[P]Valid Entries:         315289.846 / s
[P]set success:           1524160.369 / s

[P]expire scan persec:    8986198.997 / s
[P]total expire scan:     76845359
[P]expire hit persec:     643650.684 / s
[P]total expire hit:      4899326

[P]expire hit rate:       7.162658 %
[P]total expire hit rate: 6.375565 %

[P]get found:             1098635.920 / s

----------------------------------

[INFO]Current Time:       74.97 s

[P]indexs Load Factor:    94.5816 %

[P]full bucket LFactor:   82.9042 %

[P]set request:           92339228 
[P]get request:           91536843 

[P]Get Hit Rate:          73.0725 %
[P]ACC Hit Rate:          50.0967 %

[P]total cuckoo num:      9436848 
[P]total cuckoo path:     8288142 
[P]total cp perset:       0.091709 / set
[P]total cp percuckoo:    0.878274 / cuckoo num

[P]cuckoo path / s:       2718.896 / s
[P]cp per set * s:        0.001827 / set * s

[P]break loop / s:        0 / s
[P]break / set :          0 %

[P]Throughput:            3038499.175 ops
[P]all request:           183876072 o

[P]GetThroughput:         1493294.649 ops
[P]SetThroughput:         1545203.296 ops

[P]Valid Entries:         300030.306 / s
[P]set success:           1488222.083 / s

[P]expire scan persec:    8904084.030 / s
[P]total expire scan:     84086141
[P]expire hit persec:     651995.082 / s
[P]total expire hit:      5429527

[P]expire hit rate:       7.322427 %
[P]total expire hit rate: 6.457101 %

[P]get found:             1091187.094 / s

----------------------------------

[INFO]Current Time:       75.79 s

[P]indexs Load Factor:    94.8646 %

[P]full bucket LFactor:   83.6583 %

[P]set request:           93559094 
[P]get request:           92776192 

[P]Get Hit Rate:          71.6291 %
[P]ACC Hit Rate:          50.3843 %

[P]total cuckoo num:      9437438 
[P]total cuckoo path:     8290225 
[P]total cp perset:       0.090495 / set
[P]total cp percuckoo:    0.878440 / cuckoo num

[P]cuckoo path / s:       2561.287 / s
[P]cp per set * s:        0.001686 / set * s

[P]break loop / s:        0 / s
[P]break / set :          0 %

[P]Throughput:            3023885.487 ops
[P]all request:           186335286 o

[P]GetThroughput:         1523921.649 ops
[P]SetThroughput:         1499965.068 ops

[P]Valid Entries:         288216.748 / s
[P]set success:           1518908.510 / s

[P]expire scan persec:    8934371.219 / s
[P]total expire scan:     91352134
[P]expire hit persec:     667818.455 / s
[P]total expire hit:      5972639

[P]expire hit rate:       7.474711 %
[P]total expire hit rate: 6.538040 %

[P]get found:             1091570.705 / s

----------------------------------

[INFO]Current Time:       76.60 s

[P]indexs Load Factor:    95.1347 %

[P]full bucket LFactor:   84.3885 %

[P]set request:           94767804 
[P]get request:           94004538 

[P]Get Hit Rate:          70.3715 %
[P]ACC Hit Rate:          50.6455 %

[P]total cuckoo num:      9437970 
[P]total cuckoo path:     8292142 
[P]total cp perset:       0.089322 / set
[P]total cp percuckoo:    0.878594 / cuckoo num

[P]cuckoo path / s:       2372.645 / s
[P]cp per set * s:        0.001566 / set * s

[P]break loop / s:        0 / s
[P]break / set :          0 %

[P]Throughput:            3016311.174 ops
[P]all request:           188772342 o

[P]GetThroughput:         1520307.192 ops
[P]SetThroughput:         1496003.981 ops

[P]Valid Entries:         275590.690 / s
[P]set success:           1515188.121 / s

[P]expire scan persec:    8911927.820 / s
[P]total expire scan:     98552607
[P]expire hit persec:     679759.673 / s
[P]total expire hit:      6521857

[P]expire hit rate:       7.627527 %
[P]total expire hit rate: 6.617640 %

[P]get found:             1069863.588 / s

----------------------------------

[INFO]Current Time:       77.40 s

[P]indexs Load Factor:    95.3960 %

[P]full bucket LFactor:   85.1038 %

[P]set request:           95995699 
[P]get request:           95212120 

[P]Get Hit Rate:          72.4594 %
[P]ACC Hit Rate:          50.9222 %

[P]total cuckoo num:      9438545 
[P]total cuckoo path:     8294342 
[P]total cp perset:       0.088222 / set
[P]total cp percuckoo:    0.878773 / cuckoo num

[P]cuckoo path / s:       2731.637 / s
[P]cp per set * s:        0.001860 / set * s

[P]break loop / s:        0 / s
[P]break / set :          0 %

[P]Throughput:            3024017.443 ops
[P]all request:           191207819 o

[P]GetThroughput:         1499397.872 ops
[P]SetThroughput:         1524619.571 ops

[P]Valid Entries:         265099.134 / s
[P]set success:           1468991.031 / s

[P]expire scan persec:    8950888.100 / s
[P]total expire scan:     105761455
[P]expire hit persec:     684361.911 / s
[P]total expire hit:      7073027

[P]expire hit rate:       7.645743 %
[P]total expire hit rate: 6.687717 %

[P]get found:             1086455.110 / s

----------------------------------

[INFO]Current Time:       78.21 s

[P]indexs Load Factor:    95.6433 %

[P]full bucket LFactor:   85.7908 %

[P]set request:           97254457 
[P]get request:           96428525 

[P]Get Hit Rate:          71.1670 %
[P]ACC Hit Rate:          51.1775 %

[P]total cuckoo num:      9439094 
[P]total cuckoo path:     8296825 
[P]total cp perset:       0.087105 / set
[P]total cp percuckoo:    0.878985 / cuckoo num

[P]cuckoo path / s:       3071.305 / s
[P]cp per set * s:        0.002013 / set * s

[P]break loop / s:        0 / s
[P]break / set :          0 %

[P]Throughput:            3061610.985 ops
[P]all request:           193682982 o

[P]GetThroughput:         1504611.579 ops
[P]SetThroughput:         1556999.406 ops

[P]Valid Entries:         255902.900 / s
[P]set success:           1525505.853 / s

[P]expire scan persec:    8985816.606 / s
[P]total expire scan:     113026049
[P]expire hit persec:     708961.799 / s
[P]total expire hit:      7646188

[P]expire hit rate:       7.889787 %
[P]total expire hit rate: 6.764979 %

[P]get found:             1070786.989 / s

----------------------------------

[INFO]Current Time:       79.01 s

[P]indexs Load Factor:    95.8776 %

[P]full bucket LFactor:   86.4467 %

[P]set request:           98497670 
[P]get request:           97630442 

[P]Get Hit Rate:          72.2463 %
[P]ACC Hit Rate:          51.4369 %

[P]total cuckoo num:      9439637 
[P]total cuckoo path:     8299222 
[P]total cp perset:       0.086030 / set
[P]total cp percuckoo:    0.879189 / cuckoo num

[P]cuckoo path / s:       2991.651 / s
[P]cp per set * s:        0.001967 / set * s

[P]break loop / s:        0 / s
[P]break / set :          0 %

[P]Throughput:            3051720.656 ops
[P]all request:           196128112 o

[P]GetThroughput:         1500089.948 ops
[P]SetThroughput:         1551630.707 ops

[P]Valid Entries:         242529.625 / s
[P]set success:           1520796.863 / s

[P]expire scan persec:    8945792.611 / s
[P]total expire scan:     120193686
[P]expire hit persec:     720897.911 / s
[P]total expire hit:      8223793

[P]expire hit rate:       8.058514 %
[P]total expire hit rate: 6.842117 %

[P]get found:             1083758.784 / s

----------------------------------

[INFO]Current Time:       79.81 s

[P]indexs Load Factor:    96.1016 %

[P]full bucket LFactor:   87.0811 %

[P]set request:           99718261 
[P]get request:           98847272 

[P]Get Hit Rate:          69.6841 %
[P]ACC Hit Rate:          51.6615 %

[P]total cuckoo num:      9440122 
[P]total cuckoo path:     8301445 
[P]total cp perset:       0.085002 / set
[P]total cp percuckoo:    0.879379 / cuckoo num

[P]cuckoo path / s:       2783.405 / s
[P]cp per set * s:        0.001863 / set * s

[P]break loop / s:        0 / s
[P]break / set :          0 %

[P]Throughput:            3051880.722 ops
[P]all request:           198565533 o

[P]GetThroughput:         1523585.798 ops
[P]SetThroughput:         1528294.924 ops

[P]Valid Entries:         232594.029 / s
[P]set success:           1494144.054 / s

[P]expire scan persec:    8940180.541 / s
[P]total expire scan:     127333868
[P]expire hit persec:     730604.484 / s
[P]total expire hit:      8807299

[P]expire hit rate:       8.172145 %
[P]total expire hit rate: 6.916698 %

[P]get found:             1061697.008 / s

----------------------------------

[INFO]Current Time:       80.61 s

[P]indexs Load Factor:    96.3144 %

[P]full bucket LFactor:   87.6901 %

[P]set request:           100918371 
[P]get request:           100067329 

[P]Get Hit Rate:          68.2531 %
[P]ACC Hit Rate:          51.8638 %

[P]total cuckoo num:      9440627 
[P]total cuckoo path:     8303928 
[P]total cp perset:       0.083998 / set
[P]total cp percuckoo:    0.879595 / cuckoo num

[P]cuckoo path / s:       3114.835 / s
[P]cp per set * s:        0.002076 / set * s

[P]break loop / s:        0 / s
[P]break / set :          0 %

[P]Throughput:            3036013.177 ops
[P]all request:           200985700 o

[P]GetThroughput:         1530517.988 ops
[P]SetThroughput:         1505495.188 ops

[P]Valid Entries:         221444.316 / s
[P]set success:           1500748.295 / s

[P]expire scan persec:    8975872.932 / s
[P]total expire scan:     134489012
[P]expire hit persec:     735419.678 / s
[P]total expire hit:      9393541

[P]expire hit rate:       8.193294 %
[P]total expire hit rate: 6.984616 %

[P]get found:             1044626.319 / s

----------------------------------

[INFO]Current Time:       81.40 s

[P]indexs Load Factor:    96.5182 %

[P]full bucket LFactor:   88.2809 %

[P]set request:           102157534 
[P]get request:           101264329 

[P]Get Hit Rate:          71.6315 %
[P]ACC Hit Rate:          52.0975 %

[P]total cuckoo num:      9441070 
[P]total cuckoo path:     8306079 
[P]total cp perset:       0.083051 / set
[P]total cp percuckoo:    0.879782 / cuckoo num

[P]cuckoo path / s:       2696.848 / s
[P]cp per set * s:        0.001865 / set * s

[P]break loop / s:        0 / s
[P]break / set :          0 %

[P]Throughput:            3054374.949 ops
[P]all request:           203421863 o

[P]GetThroughput:         1500756.236 ops
[P]SetThroughput:         1553618.713 ops

[P]Valid Entries:         212504.325 / s
[P]set success:           1446288.940 / s

[P]expire scan persec:    8971397.910 / s
[P]total expire scan:     141644580
[P]expire hit persec:     756655.717 / s
[P]total expire hit:      9997048

[P]expire hit rate:       8.434089 %
[P]total expire hit rate: 7.057840 %

[P]get found:             1075014.134 / s

----------------------------------

[INFO]Current Time:       82.20 s

[P]indexs Load Factor:    96.7222 %

[P]full bucket LFactor:   88.8803 %

[P]set request:           103366094 
[P]get request:           102451286 

[P]Get Hit Rate:          71.5120 %
[P]ACC Hit Rate:          52.3224 %

[P]total cuckoo num:      9441510 
[P]total cuckoo path:     8308428 
[P]total cp perset:       0.082086 / set
[P]total cp percuckoo:    0.879989 / cuckoo num

[P]cuckoo path / s:       2959.477 / s
[P]cp per set * s:        0.001951 / set * s

[P]break loop / s:        0 / s
[P]break / set :          0 %

[P]Throughput:            3018083.683 ops
[P]all request:           205817380 o

[P]GetThroughput:         1495433.159 ops
[P]SetThroughput:         1522650.524 ops

[P]Valid Entries:         204027.561 / s
[P]set success:           1516920.553 / s

[P]expire scan persec:    8945264.419 / s
[P]total expire scan:     148744626
[P]expire hit persec:     771326.255 / s
[P]total expire hit:      10609266

[P]expire hit rate:       8.622733 %
[P]total expire hit rate: 7.132537 %

[P]get found:             1069414.551 / s

----------------------------------
[INFO]End rx_queue_1:1137839

[INFO]Current Time:       82.99 s

[P]indexs Load Factor:    96.8202 %

[P]full bucket LFactor:   89.1842 %

[P]set request:           104380934 
[P]get request:           103430028 

[P]Get Hit Rate:          73.2840 %
[P]ACC Hit Rate:          52.5208 %

[P]total cuckoo num:      9442004 
[P]total cuckoo path:     8311009 
[P]total cp perset:       0.081296 / set
[P]total cp percuckoo:    0.880217 / cuckoo num

[P]cuckoo path / s:       3250.290 / s
[P]cp per set * s:        0.002542 / set * s

[P]break loop / s:        0 / s
[P]break / set :          0 %

[P]Throughput:            2510546.506 ops
[P]all request:           207810962 o

[P]GetThroughput:         1232543.888 ops
[P]SetThroughput:         1278002.619 ops

[P]Valid Entries:         208456.830 / s
[P]set success:           1278629.757 / s

[P]expire scan persec:    7718996.536 / s
[P]total expire scan:     154874149
[P]expire hit persec:     804280.027 / s
[P]total expire hit:      11247931

[P]expire hit rate:       10.419489 %
[P]total expire hit rate: 7.262627 %

[P]get found:             903257.101 / s

----------------------------------
[INFO]End rx_queue_3:735037
[INFO]End rx_queue_0:1149431
Finish the job......
[INFO]End rx_queue_2:1143332

[INFO]Current Time:       83.78 s

[P]indexs Load Factor:    96.8203 %

[P]full bucket LFactor:   89.1845 %

[P]set request:           104467535 
[P]get request:           103516436 

[P]Get Hit Rate:          69.5491 %
[P]ACC Hit Rate:          52.5350 %

[P]total cuckoo num:      9442028 
[P]total cuckoo path:     8311138 
[P]total cp perset:       0.081229 / set
[P]total cp percuckoo:    0.880228 / cuckoo num

[P]cuckoo path / s:       163.130 / s
[P]cp per set * s:        0.001495 / set * s

[P]break loop / s:        0 / s
[P]break / set :          0 %

[P]Throughput:            218782.702 ops
[P]all request:           207983971 o

[P]GetThroughput:         109269.320 ops
[P]SetThroughput:         109513.383 ops

[P]Valid Entries:         13914.109 / s
[P]set success:           109120.100 / s

[P]expire scan persec:    642189.935 / s
[P]total expire scan:     155381980
[P]expire hit persec:     58391.710 / s
[P]total expire hit:      11294106

[P]expire hit rate:       9.092592 %
[P]total expire hit rate: 7.268607 %

[P]get found:             75995.846 / s

----------------------------------

Total Index Entries:      64813046

indexs Load Factor:     96.820295 %

log_0 Load Factor:      16.526630 %

log_1 Load Factor:      16.788762 %

log_2 Load Factor:      16.635301 %

log_3 Load Factor:      23.626970 %

Get Hit Rate:           52.534996%

Max Throughput:         3178881.40

Calc Load Factor:       96.820295%

set request:              29885180 | set_success:              29885180
set_fail:                        0 | set_key_duplicate:         8608538 | set_mica_evicted:                0
set_random:                      0 | set_cuckoo_evicted:        1741754 | set_expire_evicted:        3180638

get request:              29885180
get_found:                16251470 | get_notfound:             13633710 | get_hit_ratio:          54.379696%

clean up:                        0 | test_notfound:                   0
move_to_head_performed:    4103680 | move_to_head_skipped:      9226197 | move_to_head_failed:       2921593


set request:              29583788 | set_success:              29583788
set_fail:                        0 | set_key_duplicate:         8445545 | set_mica_evicted:                0
set_random:                      0 | set_cuckoo_evicted:        1765345 | set_expire_evicted:        2981052

get request:              29583788
get_found:                15660730 | get_notfound:             13923058 | get_hit_ratio:          52.936865%

clean up:                        0 | test_notfound:                   0
move_to_head_performed:    3982563 | move_to_head_skipped:      8838939 | move_to_head_failed:       2839228


set request:              29726606 | set_success:              29726606
set_fail:                        0 | set_key_duplicate:         8605926 | set_mica_evicted:                0
set_random:                      0 | set_cuckoo_evicted:        1743096 | set_expire_evicted:        3083279

get request:              29726606
get_found:                15938122 | get_notfound:             13788484 | get_hit_ratio:          53.615680%

clean up:                        0 | test_notfound:                   0
move_to_head_performed:    4049359 | move_to_head_skipped:      9016423 | move_to_head_failed:       2872340


set request:              19110936 | set_success:              19110936
set_fail:                        0 | set_key_duplicate:         4145671 | set_mica_evicted:                0
set_random:                      0 | set_cuckoo_evicted:         940211 | set_expire_evicted:        2280632

get request:              19110936
get_found:                 7963806 | get_notfound:             11147130 | get_hit_ratio:          41.671460%

clean up:                        0 | test_notfound:                   0
move_to_head_performed:    2723465 | move_to_head_skipped:      4710033 | move_to_head_failed:        530308


[INFO] Everything works fine.
deleting piekv......
