EAL: Detected 44 lcore(s)
EAL: Detected 1 NUMA nodes
EAL: Multi-process socket /var/run/dpdk/rte/mp_socket
EAL: Selected IOVA mode 'PA'
EAL: No available hugepages reported in hugepages-1048576kB
[INFO] 单个Log Size为:2 GB
[INFO] 运行proto
[INFO] 运行cleanup
[INFO] 运行reload
[INFO] reload kv size 8
EAL: Probing VFIO support...
EAL: VFIO support initialized
EAL: PCI device 0000:03:00.0 on NUMA socket 0
EAL:   probe driver: 15b3:1017 net_mlx5
WEN: There are 1 device(s) available
starting port 0...
querying port 0...
port 0: 100 Gbps (full-duplex)
Adding UDP filter for each endpoint.
port_id/queue_id/udp_port = 0 0 0
Flow is created with src_port = 0, dst_port = 0
port_id/queue_id/udp_port = 0 1 1
Flow is created with src_port = 0, dst_port = 1
port_id/queue_id/udp_port = 0 2 2
Flow is created with src_port = 0, dst_port = 2
port_id/queue_id/udp_port = 0 3 3
Flow is created with src_port = 0, dst_port = 3
MEM: Initializing pages...
 == [STAT] Workers Start (4 threads in total) == 
trigger:50.000000 

[INFO]Current Time:       4.97 s

[P]indexs Load Factor:    0.0447 %

[P]full bucket LFactor:   0.0000 %

[P]set request:           23811 
[P]get request:           23750 

[P]Get Hit Rate:          46.3200 %
[P]ACC Hit Rate:          46.3200 %

[P]total cuckoo num:      0 
[P]total cuckoo path:     0 
[P]total cp perset:       0.000000 / set
[P]total cp percuckoo:    -nan / cuckoo num

[P]cuckoo path / s:       0 / s
[P]cp per set * s:        0 / set * s

[P]break loop / s:        0 / s
[P]break / set :          0 %

[P]Throughput:            70571.545 ops
[P]all request:           47561 o

[P]GetThroughput:         35240.516 ops
[P]SetThroughput:         35331.029 ops

[P]Valid Entries:         33382.785 / s
[P]set success:           35182.648 / s

[P]get found:             16323.407 / s

----------------------------------

[INFO]Current Time:       5.70 s

[P]indexs Load Factor:    0.1452 %

[P]full bucket LFactor:   0.0000 %

[P]set request:           90724 
[P]get request:           90617 

[P]Get Hit Rate:          55.2948 %
[P]ACC Hit Rate:          52.9426 %

[P]total cuckoo num:      0 
[P]total cuckoo path:     0 
[P]total cp perset:       0.000000 / set
[P]total cp percuckoo:    -nan / cuckoo num

[P]cuckoo path / s:       0 / s
[P]cp per set * s:        0 / set * s

[P]break loop / s:        0 / s
[P]break / set :          0 %

[P]Throughput:            182379.122 ops
[P]all request:           181341 o

[P]GetThroughput:         91158.205 ops
[P]SetThroughput:         91220.916 ops

[P]Valid Entries:         88832.456 / s
[P]set success:           91121.397 / s

[P]get found:             50405.783 / s

----------------------------------

[INFO]Current Time:       6.45 s

[P]indexs Load Factor:    1.1201 %

[P]full bucket LFactor:   0.0000 %

[P]set request:           497859 
[P]get request:           499000 

[P]Get Hit Rate:          58.5421 %
[P]ACC Hit Rate:          57.5253 %

[P]total cuckoo num:      0 
[P]total cuckoo path:     0 
[P]total cp perset:       0.000000 / set
[P]total cp percuckoo:    -nan / cuckoo num

[P]cuckoo path / s:       0 / s
[P]cp per set * s:        0 / set * s

[P]break loop / s:        0 / s
[P]break / set :          0 %

[P]Throughput:            1093334.351 ops
[P]all request:           996859 o

[P]GetThroughput:         547503.749 ops
[P]SetThroughput:         545830.602 ops

[P]Valid Entries:         547537.265 / s
[P]set success:           548955.686 / s

[P]get found:             320520.213 / s

----------------------------------

[INFO]Current Time:       7.17 s

[P]indexs Load Factor:    3.3111 %

[P]full bucket LFactor:   0.0000 %

[P]set request:           2239643 
[P]get request:           2236898 

[P]Get Hit Rate:          65.5676 %
[P]ACC Hit Rate:          63.7735 %

[P]total cuckoo num:      0 
[P]total cuckoo path:     0 
[P]total cp perset:       0.000000 / set
[P]total cp percuckoo:    -nan / cuckoo num

[P]cuckoo path / s:       0 / s
[P]cp per set * s:        0 / set * s

[P]break loop / s:        0 / s
[P]break / set :          0 %

[P]Throughput:            4842583.380 ops
[P]all request:           4476541 o

[P]GetThroughput:         2418587.667 ops
[P]SetThroughput:         2423995.713 ops

[P]Valid Entries:         2417815.288 / s
[P]set success:           2307647.581 / s

[P]get found:             1585809.875 / s

----------------------------------

[INFO]Current Time:       7.94 s

[P]indexs Load Factor:    5.5698 %

[P]full bucket LFactor:   0.0002 %

[P]set request:           4102354 
[P]get request:           4090131 

[P]Get Hit Rate:          70.1201 %
[P]ACC Hit Rate:          66.6492 %

[P]total cuckoo num:      0 
[P]total cuckoo path:     0 
[P]total cp perset:       0.000000 / set
[P]total cp percuckoo:    -nan / cuckoo num

[P]cuckoo path / s:       0 / s
[P]cp per set * s:        0 / set * s

[P]break loop / s:        0 / s
[P]break / set :          0 %

[P]Throughput:            4792268.434 ops
[P]all request:           8192485 o

[P]GetThroughput:         2390022.564 ops
[P]SetThroughput:         2402245.870 ops

[P]Valid Entries:         2369891.122 / s
[P]set success:           2423464.487 / s

[P]get found:             1675886.428 / s

----------------------------------

[INFO]Current Time:       8.77 s

[P]indexs Load Factor:    7.8709 %

[P]full bucket LFactor:   0.0015 %

[P]set request:           6129253 
[P]get request:           6034987 

[P]Get Hit Rate:          76.6404 %
[P]ACC Hit Rate:          69.8690 %

[P]total cuckoo num:      0 
[P]total cuckoo path:     0 
[P]total cp perset:       0.000000 / set
[P]total cp percuckoo:    -nan / cuckoo num

[P]cuckoo path / s:       0 / s
[P]cp per set * s:        0 / set * s

[P]break loop / s:        0 / s
[P]break / set :          0 %

[P]Throughput:            4816933.483 ops
[P]all request:           12164240 o

[P]GetThroughput:         2358715.980 ops
[P]SetThroughput:         2458217.503 ops

[P]Valid Entries:         2367364.437 / s
[P]set success:           2400666.636 / s

[P]get found:             1807728.855 / s

----------------------------------

[INFO]Current Time:       9.63 s

[P]indexs Load Factor:    10.1817 %

[P]full bucket LFactor:   0.0084 %

[P]set request:           8236490 
[P]get request:           8126038 

[P]Get Hit Rate:          75.6060 %
[P]ACC Hit Rate:          71.3453 %

[P]total cuckoo num:      0 
[P]total cuckoo path:     0 
[P]total cp perset:       0.000000 / set
[P]total cp percuckoo:    -nan / cuckoo num

[P]cuckoo path / s:       0 / s
[P]cp per set * s:        0 / set * s

[P]break loop / s:        0 / s
[P]break / set :          0 %

[P]Throughput:            4891131.789 ops
[P]all request:           16362528 o

[P]GetThroughput:         2436137.306 ops
[P]SetThroughput:         2454994.483 ops

[P]Valid Entries:         2394936.018 / s
[P]set success:           2433724.529 / s

[P]get found:             1841867.115 / s

----------------------------------

[INFO]Current Time:       10.50 s

[P]indexs Load Factor:    12.5242 %

[P]full bucket LFactor:   0.0291 %

[P]set request:           10369033 
[P]get request:           10204071 

[P]Get Hit Rate:          81.8943 %
[P]ACC Hit Rate:          73.4935 %

[P]total cuckoo num:      0 
[P]total cuckoo path:     0 
[P]total cp perset:       0.000000 / set
[P]total cp percuckoo:    -nan / cuckoo num

[P]cuckoo path / s:       0 / s
[P]cp per set * s:        0 / set * s

[P]break loop / s:        0 / s
[P]break / set :          0 %

[P]Throughput:            4836462.787 ops
[P]all request:           20573104 o

[P]GetThroughput:         2386925.037 ops
[P]SetThroughput:         2449537.750 ops

[P]Valid Entries:         2381756.128 / s
[P]set success:           2466525.081 / s

[P]get found:             1954754.885 / s

----------------------------------

[INFO]Current Time:       11.39 s

[P]indexs Load Factor:    14.8259 %

[P]full bucket LFactor:   0.0769 %

[P]set request:           12488135 
[P]get request:           12369192 

[P]Get Hit Rate:          81.1021 %
[P]ACC Hit Rate:          74.8254 %

[P]total cuckoo num:      0 
[P]total cuckoo path:     0 
[P]total cp perset:       0.000000 / set
[P]total cp percuckoo:    -nan / cuckoo num

[P]cuckoo path / s:       0 / s
[P]cp per set * s:        0 / set * s

[P]break loop / s:        0 / s
[P]break / set :          0 %

[P]Throughput:            4795070.172 ops
[P]all request:           24857327 o

[P]GetThroughput:         2423288.219 ops
[P]SetThroughput:         2371781.952 ops

[P]Valid Entries:         2372341.572 / s
[P]set success:           2461823.624 / s

[P]get found:             1965338.084 / s

----------------------------------

[INFO]Current Time:       12.29 s

[P]indexs Load Factor:    17.1838 %

[P]full bucket LFactor:   0.1736 %

[P]set request:           14679496 
[P]get request:           14533069 

[P]Get Hit Rate:          84.1833 %
[P]ACC Hit Rate:          76.2187 %

[P]total cuckoo num:      4 
[P]total cuckoo path:     0 
[P]total cp perset:       0.000000 / set
[P]total cp percuckoo:    0.000000 / cuckoo num

[P]cuckoo path / s:       0 / s
[P]cp per set * s:        0 / set * s

[P]break loop / s:        0 / s
[P]break / set :          0 %

[P]Throughput:            4820476.840 ops
[P]all request:           29212565 o

[P]GetThroughput:         2395028.461 ops
[P]SetThroughput:         2425448.379 ops

[P]Valid Entries:         2348528.620 / s
[P]set success:           2401951.637 / s

[P]get found:             2016213.920 / s

----------------------------------

[INFO]Current Time:       13.22 s

[P]indexs Load Factor:    19.5060 %

[P]full bucket LFactor:   0.3402 %

[P]set request:           16930553 
[P]get request:           16793382 

[P]Get Hit Rate:          84.0344 %
[P]ACC Hit Rate:          77.2707 %

[P]total cuckoo num:      17 
[P]total cuckoo path:     0 
[P]total cp perset:       0.000000 / set
[P]total cp percuckoo:    0.000000 / cuckoo num

[P]cuckoo path / s:       0 / s
[P]cp per set * s:        0 / set * s

[P]break loop / s:        0 / s
[P]break / set :          0 %

[P]Throughput:            4889123.590 ops
[P]all request:           33723935 o

[P]GetThroughput:         2449577.314 ops
[P]SetThroughput:         2439546.275 ops

[P]Valid Entries:         2357297.392 / s
[P]set success:           2453953.431 / s

[P]get found:             2058487.092 / s

----------------------------------

[INFO]Current Time:       14.14 s

[P]indexs Load Factor:    21.8260 %

[P]full bucket LFactor:   0.5968 %

[P]set request:           19216086 
[P]get request:           19018018 

[P]Get Hit Rate:          85.1604 %
[P]ACC Hit Rate:          78.1936 %

[P]total cuckoo num:      63 
[P]total cuckoo path:     0 
[P]total cp perset:       0.000000 / set
[P]total cp percuckoo:    0.000000 / cuckoo num

[P]cuckoo path / s:       0 / s
[P]cp per set * s:        0 / set * s

[P]break loop / s:        0 / s
[P]break / set :          0 %

[P]Throughput:            4887450.753 ops
[P]all request:           38234104 o

[P]GetThroughput:         2410729.818 ops
[P]SetThroughput:         2476720.935 ops

[P]Valid Entries:         2353933.484 / s
[P]set success:           2452139.388 / s

[P]get found:             2052988.331 / s

----------------------------------

[INFO]Current Time:       15.07 s

[P]indexs Load Factor:    24.1439 %

[P]full bucket LFactor:   0.9708 %

[P]set request:           21400010 
[P]get request:           21279545 

[P]Get Hit Rate:          83.6188 %
[P]ACC Hit Rate:          78.7701 %

[P]total cuckoo num:      209 
[P]total cuckoo path:     1 
[P]total cp perset:       0.000000 / set
[P]total cp percuckoo:    0.004785 / cuckoo num

[P]cuckoo path / s:       1.070 / s
[P]cp per set * s:        0.000000 / set * s

[P]break loop / s:        0 / s
[P]break / set :          0 %

[P]Throughput:            4756364.752 ops
[P]all request:           42679555 o

[P]GetThroughput:         2419697.643 ops
[P]SetThroughput:         2336667.109 ops

[P]Valid Entries:         2360777.131 / s
[P]set success:           2425319.107 / s

[P]get found:             2023322.412 / s

----------------------------------

[INFO]Current Time:       16.01 s

[P]indexs Load Factor:    26.4653 %

[P]full bucket LFactor:   1.4844 %

[P]set request:           23708693 
[P]get request:           23525711 

[P]Get Hit Rate:          87.2302 %
[P]ACC Hit Rate:          79.5779 %

[P]total cuckoo num:      576 
[P]total cuckoo path:     8 
[P]total cp perset:       0.000000 / set
[P]total cp percuckoo:    0.013889 / cuckoo num

[P]cuckoo path / s:       7.466 / s
[P]cp per set * s:        0.000003 / set * s

[P]break loop / s:        0 / s
[P]break / set :          0 %

[P]Throughput:            4858247.377 ops
[P]all request:           47234404 o

[P]GetThroughput:         2395783.061 ops
[P]SetThroughput:         2462464.316 ops

[P]Valid Entries:         2337170.709 / s
[P]set success:           2401902.202 / s

[P]get found:             2089846.255 / s

----------------------------------

[INFO]Current Time:       16.96 s

[P]indexs Load Factor:    28.7904 %

[P]full bucket LFactor:   2.1493 %

[P]set request:           25998632 
[P]get request:           25822182 

[P]Get Hit Rate:          87.9951 %
[P]ACC Hit Rate:          80.3265 %

[P]total cuckoo num:      1327 
[P]total cuckoo path:     21 
[P]total cp perset:       0.000001 / set
[P]total cp percuckoo:    0.015825 / cuckoo num

[P]cuckoo path / s:       13.651 / s
[P]cp per set * s:        0.000006 / set * s

[P]break loop / s:        0 / s
[P]break / set :          0 %

[P]Throughput:            4816134.686 ops
[P]all request:           51820814 o

[P]GetThroughput:         2411496.931 ops
[P]SetThroughput:         2404637.755 ops

[P]Valid Entries:         2349689.794 / s
[P]set success:           2421111.538 / s

[P]get found:             2121998.135 / s

----------------------------------

[INFO]Current Time:       17.92 s

[P]indexs Load Factor:    31.1060 %

[P]full bucket LFactor:   2.9768 %

[P]set request:           28369850 
[P]get request:           28096237 

[P]Get Hit Rate:          91.4842 %
[P]ACC Hit Rate:          81.2295 %

[P]total cuckoo num:      2868 
[P]total cuckoo path:     62 
[P]total cp perset:       0.000002 / set
[P]total cp percuckoo:    0.021618 / cuckoo num

[P]cuckoo path / s:       43.060 / s
[P]cp per set * s:        0.000018 / set * s

[P]break loop / s:        0 / s
[P]break / set :          0 %

[P]Throughput:            4878683.767 ops
[P]all request:           56466087 o

[P]GetThroughput:         2388319.312 ops
[P]SetThroughput:         2490364.455 ops

[P]Valid Entries:         2360474.115 / s
[P]set success:           2394630.246 / s

[P]get found:             2184934.790 / s

----------------------------------

[INFO]Current Time:       18.87 s

[P]indexs Load Factor:    33.3899 %

[P]full bucket LFactor:   3.9703 %

[P]set request:           30676310 
[P]get request:           30407325 

[P]Get Hit Rate:          88.1801 %
[P]ACC Hit Rate:          81.7578 %

[P]total cuckoo num:      5701 
[P]total cuckoo path:     132 
[P]total cp perset:       0.000004 / set
[P]total cp percuckoo:    0.023154 / cuckoo num

[P]cuckoo path / s:       73.123 / s
[P]cp per set * s:        0.000030 / set * s

[P]break loop / s:        0 / s
[P]break / set :          0 %

[P]Throughput:            4823551.868 ops
[P]all request:           61083635 o

[P]GetThroughput:         2414193.169 ops
[P]SetThroughput:         2409358.699 ops

[P]Valid Entries:         2316261.720 / s
[P]set success:           2420987.334 / s

[P]get found:             2128837.209 / s

----------------------------------

[INFO]Current Time:       19.84 s

[P]indexs Load Factor:    35.6544 %

[P]full bucket LFactor:   5.1195 %

[P]set request:           33020360 
[P]get request:           32644787 

[P]Get Hit Rate:          93.2781 %
[P]ACC Hit Rate:          82.5474 %

[P]total cuckoo num:      10726 
[P]total cuckoo path:     299 
[P]total cp perset:       0.000009 / set
[P]total cp percuckoo:    0.027876 / cuckoo num

[P]cuckoo path / s:       173.623 / s
[P]cp per set * s:        0.000073 / set * s

[P]break loop / s:        0 / s
[P]break / set :          0 %

[P]Throughput:            4763218.925 ops
[P]all request:           65665147 o

[P]GetThroughput:         2326201.774 ops
[P]SetThroughput:         2437017.151 ops

[P]Valid Entries:         2307283.064 / s
[P]set success:           2375899.645 / s

[P]get found:             2169836.773 / s

----------------------------------

[INFO]Current Time:       20.80 s

[P]indexs Load Factor:    37.9625 %

[P]full bucket LFactor:   6.4714 %

[P]set request:           35399673 
[P]get request:           34993689 

[P]Get Hit Rate:          86.6259 %
[P]ACC Hit Rate:          82.8212 %

[P]total cuckoo num:      18969 
[P]total cuckoo path:     659 
[P]total cp perset:       0.000019 / set
[P]total cp percuckoo:    0.034741 / cuckoo num

[P]cuckoo path / s:       372.370 / s
[P]cp per set * s:        0.000158 / set * s

[P]break loop / s:        0 / s
[P]break / set :          0 %

[P]Throughput:            4890683.773 ops
[P]all request:           70393362 o

[P]GetThroughput:         2429613.902 ops
[P]SetThroughput:         2461069.871 ops

[P]Valid Entries:         2329793.875 / s
[P]set success:           2363992.971 / s

[P]get found:             2104674.394 / s

----------------------------------

[INFO]Current Time:       21.77 s

[P]indexs Load Factor:    40.2420 %

[P]full bucket LFactor:   7.9779 %

[P]set request:           37787633 
[P]get request:           37351183 

[P]Get Hit Rate:          91.3291 %
[P]ACC Hit Rate:          83.3582 %

[P]total cuckoo num:      31791 
[P]total cuckoo path:     1447 
[P]total cp perset:       0.000039 / set
[P]total cp percuckoo:    0.045516 / cuckoo num

[P]cuckoo path / s:       814.185 / s
[P]cp per set * s:        0.000333 / set * s

[P]break loop / s:        0 / s
[P]break / set :          0 %

[P]Throughput:            4903144.001 ops
[P]all request:           75138816 o

[P]GetThroughput:         2435832.813 ops
[P]SetThroughput:         2467311.189 ops

[P]Valid Entries:         2335868.873 / s
[P]set success:           2443638.863 / s

[P]get found:             2224623.098 / s

----------------------------------

[INFO]Current Time:       22.74 s

[P]indexs Load Factor:    42.5269 %

[P]full bucket LFactor:   9.6615 %

[P]set request:           40191138 
[P]get request:           39654126 

[P]Get Hit Rate:          94.6678 %
[P]ACC Hit Rate:          84.0150 %

[P]total cuckoo num:      51239 
[P]total cuckoo path:     2758 
[P]total cp perset:       0.000069 / set
[P]total cp percuckoo:    0.053826 / cuckoo num

[P]cuckoo path / s:       1352.545 / s
[P]cp per set * s:        0.000559 / set * s

[P]break loop / s:        0 / s
[P]break / set :          0 %

[P]Throughput:            4855592.087 ops
[P]all request:           79845264 o

[P]GetThroughput:         2375921.673 ops
[P]SetThroughput:         2479670.414 ops

[P]Valid Entries:         2346282.271 / s
[P]set success:           2420826.982 / s

[P]get found:             2249232.289 / s

----------------------------------

[INFO]Current Time:       23.71 s

[P]indexs Load Factor:    44.7901 %

[P]full bucket LFactor:   11.4739 %

[P]set request:           42522018 
[P]get request:           41954295 

[P]Get Hit Rate:          92.3342 %
[P]ACC Hit Rate:          84.4711 %

[P]total cuckoo num:      78959 
[P]total cuckoo path:     5011 
[P]total cp perset:       0.000119 / set
[P]total cp percuckoo:    0.063463 / cuckoo num

[P]cuckoo path / s:       2324.473 / s
[P]cp per set * s:        0.000992 / set * s

[P]break loop / s:        0 / s
[P]break / set :          0 %

[P]Throughput:            4777962.404 ops
[P]all request:           84476313 o

[P]GetThroughput:         2373138.571 ops
[P]SetThroughput:         2404823.833 ops

[P]Valid Entries:         2343803.574 / s
[P]set success:           2344141.980 / s

[P]get found:             2191218.881 / s

----------------------------------

[INFO]Current Time:       24.68 s

[P]indexs Load Factor:    46.9708 %

[P]full bucket LFactor:   13.3558 %

[P]set request:           44876418 
[P]get request:           44242787 

[P]Get Hit Rate:          95.5561 %
[P]ACC Hit Rate:          85.0445 %

[P]total cuckoo num:      117066 
[P]total cuckoo path:     8634 
[P]total cp perset:       0.000194 / set
[P]total cp percuckoo:    0.073753 / cuckoo num

[P]cuckoo path / s:       3737.761 / s
[P]cp per set * s:        0.001554 / set * s

[P]break loop / s:        0 / s
[P]break / set :          0 %

[P]Throughput:            4789958.418 ops
[P]all request:           89119205 o

[P]GetThroughput:         2360981.371 ops
[P]SetThroughput:         2428977.047 ops

[P]Valid Entries:         2331021.511 / s
[P]set success:           2405768.472 / s

[P]get found:             2256062.025 / s

----------------------------------

[INFO]Current Time:       25.64 s

[P]indexs Load Factor:    49.1942 %

[P]full bucket LFactor:   15.4012 %

[P]set request:           47171039 
[P]get request:           46477413 

[P]Get Hit Rate:          91.3988 %
[P]ACC Hit Rate:          85.3500 %

[P]total cuckoo num:      166110 
[P]total cuckoo path:     14460 
[P]total cp perset:       0.000309 / set
[P]total cp percuckoo:    0.087051 / cuckoo num

[P]cuckoo path / s:       6039.803 / s
[P]cp per set * s:        0.002560 / set * s

[P]break loop / s:        0 / s
[P]break / set :          0 %

[P]Throughput:            4695461.453 ops
[P]all request:           93648452 o

[P]GetThroughput:         2316632.377 ops
[P]SetThroughput:         2378829.076 ops

[P]Valid Entries:         2252717.870 / s
[P]set success:           2359473.923 / s

[P]get found:             2117374.869 / s

----------------------------------

[INFO]Current Time:       26.61 s

[P]indexs Load Factor:    51.4088 %

[P]full bucket LFactor:   17.5733 %

[P]set request:           49512938 
[P]get request:           48793591 

[P]Get Hit Rate:          94.8938 %
[P]ACC Hit Rate:          85.8030 %

[P]total cuckoo num:      233030 
[P]total cuckoo path:     23422 
[P]total cp perset:       0.000477 / set
[P]total cp percuckoo:    0.100511 / cuckoo num

[P]cuckoo path / s:       9268.913 / s
[P]cp per set * s:        0.003800 / set * s

[P]break loop / s:        0 / s
[P]break / set :          0 %

[P]Throughput:            4817597.526 ops
[P]all request:           98306529 o

[P]GetThroughput:         2395497.842 ops
[P]SetThroughput:         2422099.684 ops

[P]Valid Entries:         2327468.243 / s
[P]set success:           2439103.722 / s

[P]get found:             2273178.601 / s

----------------------------------

[INFO]Current Time:       27.57 s

[P]indexs Load Factor:    53.5618 %

[P]full bucket LFactor:   19.8037 %

[P]set request:           51834666 
[P]get request:           51121717 

[P]Get Hit Rate:          93.8251 %
[P]ACC Hit Rate:          86.1683 %

[P]total cuckoo num:      310632 
[P]total cuckoo path:     35505 
[P]total cp perset:       0.000691 / set
[P]total cp percuckoo:    0.114299 / cuckoo num

[P]cuckoo path / s:       12553.295 / s
[P]cp per set * s:        0.005266 / set * s

[P]break loop / s:        0 / s
[P]break / set :          0 %

[P]Throughput:            4830835.972 ops
[P]all request:           102956383 o

[P]GetThroughput:         2418741.498 ops
[P]SetThroughput:         2412094.474 ops

[P]Valid Entries:         2303133.366 / s
[P]set success:           2383968.776 / s

[P]expire scan persec:    5963880.233 / s
[P]total expire scan:     5740450
[P]expire hit persec:     6662.607 / s
[P]total expire hit:      6413

[P]expire hit rate:       0.111716 %
[P]total expire hit rate: 0.111716 %

[P]get found:             2269387.099 / s

----------------------------------

[INFO]Current Time:       28.54 s

[P]indexs Load Factor:    55.5462 %

[P]full bucket LFactor:   21.9629 %

[P]set request:           53986047 
[P]get request:           53288325 

[P]Get Hit Rate:          93.9471 %
[P]ACC Hit Rate:          86.4846 %

[P]total cuckoo num:      385519 
[P]total cuckoo path:     49002 
[P]total cp perset:       0.000915 / set
[P]total cp percuckoo:    0.127107 / cuckoo num

[P]cuckoo path / s:       13996.465 / s
[P]cp per set * s:        0.006252 / set * s

[P]break loop / s:        0 / s
[P]break / set :          0 %

[P]Throughput:            4477778.817 ops
[P]all request:           107274372 o

[P]GetThroughput:         2246784.650 ops
[P]SetThroughput:         2230994.166 ops

[P]Valid Entries:         2147269.444 / s
[P]set success:           2238884.742 / s

[P]expire scan persec:    18325400.044 / s
[P]total expire scan:     23411907
[P]expire hit persec:     23368.921 / s
[P]total expire hit:      28948

[P]expire hit rate:       0.127522 %
[P]total expire hit rate: 0.123646 %

[P]get found:             2110788.624 / s

----------------------------------

[INFO]Current Time:       29.49 s

[P]indexs Load Factor:    57.5465 %

[P]full bucket LFactor:   24.2071 %

[P]set request:           56192282 
[P]get request:           55375711 

[P]Get Hit Rate:          98.7230 %
[P]ACC Hit Rate:          86.9459 %

[P]total cuckoo num:      476324 
[P]total cuckoo path:     67401 
[P]total cp perset:       0.001211 / set
[P]total cp percuckoo:    0.141502 / cuckoo num

[P]cuckoo path / s:       19275.638 / s
[P]cp per set * s:        0.008707 / set * s

[P]break loop / s:        0 / s
[P]break / set :          0 %

[P]Throughput:            4498194.661 ops
[P]all request:           111567993 o

[P]GetThroughput:         2186841.494 ops
[P]SetThroughput:         2311353.168 ops

[P]Valid Entries:         2153510.638 / s
[P]set success:           2213934.666 / s

[P]expire scan persec:    18925720.985 / s
[P]total expire scan:     41476904
[P]expire hit persec:     28317.870 / s
[P]total expire hit:      55978

[P]expire hit rate:       0.149626 %
[P]total expire hit rate: 0.134962 %

[P]get found:             2158915.443 / s

----------------------------------

[INFO]Current Time:       30.45 s

[P]indexs Load Factor:    59.4348 %

[P]full bucket LFactor:   26.4129 %

[P]set request:           58296219 
[P]get request:           57492455 

[P]Get Hit Rate:          94.4568 %
[P]ACC Hit Rate:          87.2225 %

[P]total cuckoo num:      581353 
[P]total cuckoo path:     91302 
[P]total cp perset:       0.001580 / set
[P]total cp percuckoo:    0.157051 / cuckoo num

[P]cuckoo path / s:       24927.928 / s
[P]cp per set * s:        0.011319 / set * s

[P]break loop / s:        0 / s
[P]break / set :          0 %

[P]Throughput:            4402026.301 ops
[P]all request:           115788674 o

[P]GetThroughput:         2207691.782 ops
[P]SetThroughput:         2194334.518 ops

[P]Valid Entries:         2073263.909 / s
[P]set success:           2202392.473 / s

[P]expire scan persec:    18727423.493 / s
[P]total expire scan:     59432835
[P]expire hit persec:     33211.163 / s
[P]total expire hit:      87821

[P]expire hit rate:       0.177340 %
[P]total expire hit rate: 0.147765 %

[P]get found:             2085315.380 / s

----------------------------------

[INFO]Current Time:       31.40 s

[P]indexs Load Factor:    61.2846 %

[P]full bucket LFactor:   28.6294 %

[P]set request:           60353644 
[P]get request:           59564182 

[P]Get Hit Rate:          93.3071 %
[P]ACC Hit Rate:          87.4341 %

[P]total cuckoo num:      701499 
[P]total cuckoo path:     121759 
[P]total cp perset:       0.002035 / set
[P]total cp percuckoo:    0.173570 / cuckoo num

[P]cuckoo path / s:       32098.787 / s
[P]cp per set * s:        0.014796 / set * s

[P]break loop / s:        0 / s
[P]break / set :          0 %

[P]Throughput:            4351734.232 ops
[P]all request:           119917826 o

[P]GetThroughput:         2183403.591 ops
[P]SetThroughput:         2168330.641 ops

[P]Valid Entries:         2045481.142 / s
[P]set success:           2169429.864 / s

[P]expire scan persec:    18938012.273 / s
[P]total expire scan:     77402207
[P]expire hit persec:     39255.856 / s
[P]total expire hit:      125069

[P]expire hit rate:       0.207286 %
[P]total expire hit rate: 0.161583 %

[P]get found:             2037270.168 / s

----------------------------------

[INFO]Current Time:       32.34 s

[P]indexs Load Factor:    63.0762 %

[P]full bucket LFactor:   30.8272 %

[P]set request:           62380189 
[P]get request:           61576367 

[P]Get Hit Rate:          93.3260 %
[P]ACC Hit Rate:          87.6266 %

[P]total cuckoo num:      837208 
[P]total cuckoo path:     160175 
[P]total cp perset:       0.002590 / set
[P]total cp percuckoo:    0.191320 / cuckoo num

[P]cuckoo path / s:       40616.911 / s
[P]cp per set * s:        0.019121 / set * s

[P]break loop / s:        0 / s
[P]break / set :          0 %

[P]Throughput:            4270116.031 ops
[P]all request:           123956557 o

[P]GetThroughput:         2127466.134 ops
[P]SetThroughput:         2142648.840 ops

[P]Valid Entries:         1987653.075 / s
[P]set success:           2124209.676 / s

[P]expire scan persec:    18849480.944 / s
[P]total expire scan:     95230290
[P]expire hit persec:     45366.264 / s
[P]total expire hit:      167977

[P]expire hit rate:       0.240676 %
[P]total expire hit rate: 0.176390 %

[P]get found:             1985478.227 / s

----------------------------------

[INFO]Current Time:       33.29 s

[P]indexs Load Factor:    64.8094 %

[P]full bucket LFactor:   33.0193 %

[P]set request:           64379952 
[P]get request:           63533085 

[P]Get Hit Rate:          96.3157 %
[P]ACC Hit Rate:          87.8943 %

[P]total cuckoo num:      975790 
[P]total cuckoo path:     203630 
[P]total cp perset:       0.003191 / set
[P]total cp percuckoo:    0.208682 / cuckoo num

[P]cuckoo path / s:       46169.934 / s
[P]cp per set * s:        0.021902 / set * s

[P]break loop / s:        0 / s
[P]break / set :          0 %

[P]Throughput:            4203668.672 ops
[P]all request:           127913037 o

[P]GetThroughput:         2078967.708 ops
[P]SetThroughput:         2124702.026 ops

[P]Valid Entries:         1952049.527 / s
[P]set success:           2108051.951 / s

[P]expire scan persec:    18586947.807 / s
[P]total expire scan:     112724268
[P]expire hit persec:     68783.693 / s
[P]total expire hit:      232716

[P]expire hit rate:       0.370064 %
[P]total expire hit rate: 0.206447 %

[P]get found:             2002371.622 / s

----------------------------------

[INFO]Current Time:       34.22 s

[P]indexs Load Factor:    66.5215 %

[P]full bucket LFactor:   35.2366 %

[P]set request:           66336103 
[P]get request:           65505690 

[P]Get Hit Rate:          93.6176 %
[P]ACC Hit Rate:          88.0666 %

[P]total cuckoo num:      1108245 
[P]total cuckoo path:     250184 
[P]total cp perset:       0.003804 / set
[P]total cp percuckoo:    0.225748 / cuckoo num

[P]cuckoo path / s:       49568.187 / s
[P]cp per set * s:        0.023998 / set * s

[P]break loop / s:        0 / s
[P]break / set :          0 %

[P]Throughput:            4183127.361 ops
[P]all request:           131841793 o

[P]GetThroughput:         2100323.346 ops
[P]SetThroughput:         2082804.015 ops

[P]Valid Entries:         1909373.922 / s
[P]set success:           2065531.705 / s

[P]expire scan persec:    18054530.059 / s
[P]total expire scan:     129680922
[P]expire hit persec:     103278.236 / s
[P]total expire hit:      329714

[P]expire hit rate:       0.572035 %
[P]total expire hit rate: 0.254250 %

[P]get found:             1966272.885 / s

----------------------------------

[INFO]Current Time:       35.16 s

[P]indexs Load Factor:    68.2181 %

[P]full bucket LFactor:   37.5017 %

[P]set request:           68292123 
[P]get request:           67535153 

[P]Get Hit Rate:          95.2288 %
[P]ACC Hit Rate:          88.2818 %

[P]total cuckoo num:      1218510 
[P]total cuckoo path:     293348 
[P]total cp perset:       0.004328 / set
[P]total cp percuckoo:    0.240743 / cuckoo num

[P]cuckoo path / s:       46239.734 / s
[P]cp per set * s:        0.021325 / set * s

[P]break loop / s:        0 / s
[P]break / set :          0 %

[P]Throughput:            4269476.241 ops
[P]all request:           135827276 o

[P]GetThroughput:         2174076.281 ops
[P]SetThroughput:         2095399.959 ops

[P]Valid Entries:         1922201.283 / s
[P]set success:           2168379.337 / s

[P]expire scan persec:    17545178.660 / s
[P]total expire scan:     146059046
[P]expire hit persec:     166623.301 / s
[P]total expire hit:      485254

[P]expire hit rate:       0.949681 %
[P]total expire hit rate: 0.332231 %

[P]get found:             2070347.545 / s

----------------------------------

[INFO]Current Time:       36.08 s

[P]indexs Load Factor:    69.9017 %

[P]full bucket LFactor:   39.8112 %

[P]set request:           70367791 
[P]get request:           69562086 

[P]Get Hit Rate:          92.4202 %
[P]ACC Hit Rate:          88.4024 %

[P]total cuckoo num:      1306090 
[P]total cuckoo path:     332557 
[P]total cp perset:       0.004764 / set
[P]total cp percuckoo:    0.254620 / cuckoo num

[P]cuckoo path / s:       42369.283 / s
[P]cp per set * s:        0.019402 / set * s

[P]break loop / s:        0 / s
[P]break / set :          0 %

[P]Throughput:            4433274.580 ops
[P]all request:           139929877 o

[P]GetThroughput:         2190305.746 ops
[P]SetThroughput:         2242968.834 ops

[P]Valid Entries:         1909384.076 / s
[P]set success:           2183733.531 / s

[P]expire scan persec:    16804323.956 / s
[P]total expire scan:     161609952
[P]expire hit persec:     228791.319 / s
[P]total expire hit:      696980

[P]expire hit rate:       1.361503 %
[P]total expire hit rate: 0.431273 %

[P]get found:             2024284.376 / s

----------------------------------

[INFO]Current Time:       37.01 s

[P]indexs Load Factor:    71.5094 %

[P]full bucket LFactor:   42.0824 %

[P]set request:           72458624 
[P]get request:           71601369 

[P]Get Hit Rate:          93.9479 %
[P]ACC Hit Rate:          88.5604 %

[P]total cuckoo num:      1374034 
[P]total cuckoo path:     367705 
[P]total cp perset:       0.005116 / set
[P]total cp percuckoo:    0.267610 / cuckoo num

[P]cuckoo path / s:       38046.450 / s
[P]cp per set * s:        0.017031 / set * s

[P]break loop / s:        0 / s
[P]break / set :          0 %

[P]Throughput:            4470702.565 ops
[P]all request:           144059993 o

[P]GetThroughput:         2207450.768 ops
[P]SetThroughput:         2263251.796 ops

[P]Valid Entries:         1868953.400 / s
[P]set success:           2233993.872 / s

[P]expire scan persec:    15917380.075 / s
[P]total expire scan:     176314716
[P]expire hit persec:     295639.365 / s
[P]total expire hit:      970097

[P]expire hit rate:       1.857337 %
[P]total expire hit rate: 0.550208 %

[P]get found:             2073854.124 / s

----------------------------------

[INFO]Current Time:       37.92 s

[P]indexs Load Factor:    73.1192 %

[P]full bucket LFactor:   44.3993 %

[P]set request:           74561751 
[P]get request:           73651320 

[P]Get Hit Rate:          95.4753 %
[P]ACC Hit Rate:          88.7528 %

[P]total cuckoo num:      1427357 
[P]total cuckoo path:     398687 
[P]total cp perset:       0.005396 / set
[P]total cp percuckoo:    0.279318 / cuckoo num

[P]cuckoo path / s:       33776.018 / s
[P]cp per set * s:        0.015410 / set * s

[P]break loop / s:        0 / s
[P]break / set :          0 %

[P]Throughput:            4527610.787 ops
[P]all request:           148213071 o

[P]GetThroughput:         2234819.635 ops
[P]SetThroughput:         2292791.152 ops

[P]Valid Entries:         1838372.779 / s
[P]set success:           2191760.717 / s

[P]expire scan persec:    15231057.779 / s
[P]total expire scan:     190285831
[P]expire hit persec:     357156.698 / s
[P]total expire hit:      1297709

[P]expire hit rate:       2.344924 %
[P]total expire hit rate: 0.681979 %

[P]get found:             2133699.806 / s

----------------------------------

[INFO]Current Time:       38.84 s

[P]indexs Load Factor:    74.6965 %

[P]full bucket LFactor:   46.7265 %

[P]set request:           76692888 
[P]get request:           75751492 

[P]Get Hit Rate:          95.5489 %
[P]ACC Hit Rate:          88.9412 %

[P]total cuckoo num:      1470762 
[P]total cuckoo path:     427555 
[P]total cp perset:       0.005625 / set
[P]total cp percuckoo:    0.290703 / cuckoo num

[P]cuckoo path / s:       31659.693 / s
[P]cp per set * s:        0.013584 / set * s

[P]break loop / s:        0 / s
[P]break / set :          0 %

[P]Throughput:            4640499.716 ops
[P]all request:           152444380 o

[P]GetThroughput:         2303270.116 ops
[P]SetThroughput:         2337229.601 ops

[P]Valid Entries:         1839977.858 / s
[P]set success:           2330718.460 / s

[P]expire scan persec:    14960954.398 / s
[P]total expire scan:     203927556
[P]expire hit persec:     428600.174 / s
[P]total expire hit:      1688516

[P]expire hit rate:       2.864792 %
[P]total expire hit rate: 0.827998 %

[P]get found:             2200748.992 / s

----------------------------------

[INFO]Current Time:       39.74 s

[P]indexs Load Factor:    76.2296 %

[P]full bucket LFactor:   49.0495 %

[P]set request:           78851772 
[P]get request:           77887558 

[P]Get Hit Rate:          95.4768 %
[P]ACC Hit Rate:          89.1205 %

[P]total cuckoo num:      1504702 
[P]total cuckoo path:     453372 
[P]total cp perset:       0.005805 / set
[P]total cp percuckoo:    0.301304 / cuckoo num

[P]cuckoo path / s:       28514.055 / s
[P]cp per set * s:        0.012336 / set * s

[P]break loop / s:        0 / s
[P]break / set :          0 %

[P]Throughput:            4743635.539 ops
[P]all request:           156739330 o

[P]GetThroughput:         2359216.892 ops
[P]SetThroughput:         2384418.647 ops

[P]Valid Entries:         1800617.761 / s
[P]set success:           2311393.421 / s

[P]expire scan persec:    14423335.898 / s
[P]total expire scan:     216986634
[P]expire hit persec:     490292.194 / s
[P]total expire hit:      2132433

[P]expire hit rate:       3.399298 %
[P]total expire hit rate: 0.982749 %

[P]get found:             2252505.387 / s

----------------------------------

[INFO]Current Time:       40.64 s

[P]indexs Load Factor:    77.7103 %

[P]full bucket LFactor:   51.3405 %

[P]set request:           80975171 
[P]get request:           80022016 

[P]Get Hit Rate:          95.4505 %
[P]ACC Hit Rate:          89.2893 %

[P]total cuckoo num:      1531558 
[P]total cuckoo path:     476246 
[P]total cp perset:       0.005936 / set
[P]total cp percuckoo:    0.310955 / cuckoo num

[P]cuckoo path / s:       25342.122 / s
[P]cp per set * s:        0.010769 / set * s

[P]break loop / s:        0 / s
[P]break / set :          0 %

[P]Throughput:            4717283.015 ops
[P]all request:           160997187 o

[P]GetThroughput:         2364767.645 ops
[P]SetThroughput:         2352515.370 ops

[P]Valid Entries:         1749904.880 / s
[P]set success:           2353153.521 / s

[P]expire scan persec:    13932705.167 / s
[P]total expire scan:     229562404
[P]expire hit persec:     542190.014 / s
[P]total expire hit:      2621818

[P]expire hit rate:       3.891491 %
[P]total expire hit rate: 1.142094 %

[P]get found:             2257181.618 / s

----------------------------------

[INFO]Current Time:       41.54 s

[P]indexs Load Factor:    79.1402 %

[P]full bucket LFactor:   53.6090 %

[P]set request:           83131128 
[P]get request:           82153175 

[P]Get Hit Rate:          92.2300 %
[P]ACC Hit Rate:          89.3656 %

[P]total cuckoo num:      1552999 
[P]total cuckoo path:     496652 
[P]total cp perset:       0.006039 / set
[P]total cp percuckoo:    0.319802 / cuckoo num

[P]cuckoo path / s:       22783.959 / s
[P]cp per set * s:        0.010112 / set * s

[P]break loop / s:        0 / s
[P]break / set :          0 %

[P]Throughput:            4786703.683 ops
[P]all request:           165284303 o

[P]GetThroughput:         2379507.957 ops
[P]SetThroughput:         2407195.726 ops

[P]Valid Entries:         1705174.897 / s
[P]set success:           2253165.623 / s

[P]expire scan persec:    13610792.794 / s
[P]total expire scan:     241752640
[P]expire hit persec:     614864.314 / s
[P]total expire hit:      3172509

[P]expire hit rate:       4.517476 %
[P]total expire hit rate: 1.312295 %

[P]get found:             2194619.133 / s

----------------------------------

[INFO]Current Time:       42.43 s

[P]indexs Load Factor:    80.5099 %

[P]full bucket LFactor:   55.8383 %

[P]set request:           85281799 
[P]get request:           84243954 

[P]Get Hit Rate:          95.2713 %
[P]ACC Hit Rate:          89.5122 %

[P]total cuckoo num:      1570223 
[P]total cuckoo path:     514786 
[P]total cp perset:       0.006102 / set
[P]total cp percuckoo:    0.327843 / cuckoo num

[P]cuckoo path / s:       20336.484 / s
[P]cp per set * s:        0.008572 / set * s

[P]break loop / s:        0 / s
[P]break / set :          0 %

[P]Throughput:            4756599.828 ops
[P]all request:           169525753 o

[P]GetThroughput:         2344716.791 ops
[P]SetThroughput:         2411883.037 ops

[P]Valid Entries:         1650416.612 / s
[P]set success:           2372534.508 / s

[P]expire scan persec:    13262129.716 / s
[P]total expire scan:     253578453
[P]expire hit persec:     675917.271 / s
[P]total expire hit:      3775223

[P]expire hit rate:       5.096597 %
[P]total expire hit rate: 1.488779 %

[P]get found:             2233842.915 / s

----------------------------------

[INFO]Current Time:       43.31 s

[P]indexs Load Factor:    81.8263 %

[P]full bucket LFactor:   58.0278 %

[P]set request:           87385540 
[P]get request:           86356843 

[P]Get Hit Rate:          95.1605 %
[P]ACC Hit Rate:          89.6504 %

[P]total cuckoo num:      1584323 
[P]total cuckoo path:     531014 
[P]total cp perset:       0.006146 / set
[P]total cp percuckoo:    0.335168 / cuckoo num

[P]cuckoo path / s:       18378.109 / s
[P]cp per set * s:        0.007962 / set * s

[P]break loop / s:        0 / s
[P]break / set :          0 %

[P]Throughput:            4775307.289 ops
[P]all request:           173742383 o

[P]GetThroughput:         2392833.671 ops
[P]SetThroughput:         2382473.618 ops

[P]Valid Entries:         1601802.614 / s
[P]set success:           2308266.962 / s

[P]expire scan persec:    13074406.377 / s
[P]total expire scan:     265123246
[P]expire hit persec:     739148.119 / s
[P]total expire hit:      4427896

[P]expire hit rate:       5.653397 %
[P]total expire hit rate: 1.670127 %

[P]get found:             2277031.651 / s

----------------------------------

[INFO]Current Time:       44.19 s

[P]indexs Load Factor:    83.0818 %

[P]full bucket LFactor:   60.1692 %

[P]set request:           89478186 
[P]get request:           88424244 

[P]Get Hit Rate:          96.6335 %
[P]ACC Hit Rate:          89.8136 %

[P]total cuckoo num:      1595937 
[P]total cuckoo path:     545372 
[P]total cp perset:       0.006163 / set
[P]total cp percuckoo:    0.341725 / cuckoo num

[P]cuckoo path / s:       16363.250 / s
[P]cp per set * s:        0.006860 / set * s

[P]break loop / s:        0 / s
[P]break / set :          0 %

[P]Throughput:            4741042.606 ops
[P]all request:           177902430 o

[P]GetThroughput:         2356135.934 ops
[P]SetThroughput:         2384906.672 ops

[P]Valid Entries:         1546930.021 / s
[P]set success:           2385418.380 / s

[P]expire scan persec:    12870229.612 / s
[P]total expire scan:     276416281
[P]expire hit persec:     799459.534 / s
[P]total expire hit:      5129385

[P]expire hit rate:       6.211696 %
[P]total expire hit rate: 1.855674 %

[P]get found:             2276815.541 / s

----------------------------------

[INFO]Current Time:       45.06 s

[P]indexs Load Factor:    84.2850 %

[P]full bucket LFactor:   62.2768 %

[P]set request:           91588620 
[P]get request:           90475049 

[P]Get Hit Rate:          96.5597 %
[P]ACC Hit Rate:          89.9665 %

[P]total cuckoo num:      1605650 
[P]total cuckoo path:     558326 
[P]total cp perset:       0.006167 / set
[P]total cp percuckoo:    0.347726 / cuckoo num

[P]cuckoo path / s:       14875.601 / s
[P]cp per set * s:        0.006342 / set * s

[P]break loop / s:        0 / s
[P]break / set :          0 %

[P]Throughput:            4778518.716 ops
[P]all request:           182063669 o

[P]GetThroughput:         2355022.164 ops
[P]SetThroughput:         2423496.552 ops

[P]Valid Entries:         1486728.712 / s
[P]set success:           2345631.037 / s

[P]expire scan persec:    12704995.509 / s
[P]total expire scan:     287480070
[P]expire hit persec:     860643.209 / s
[P]total expire hit:      5878852

[P]expire hit rate:       6.774054 %
[P]total expire hit rate: 2.044960 %

[P]get found:             2274002.158 / s

----------------------------------

[INFO]Current Time:       45.94 s

[P]indexs Load Factor:    85.4104 %

[P]full bucket LFactor:   64.3010 %

[P]set request:           93673302 
[P]get request:           92498280 

[P]Get Hit Rate:          94.5051 %
[P]ACC Hit Rate:          90.0658 %

[P]total cuckoo num:      1613733 
[P]total cuckoo path:     569874 
[P]total cp perset:       0.006155 / set
[P]total cp percuckoo:    0.353140 / cuckoo num

[P]cuckoo path / s:       13240.918 / s
[P]cp per set * s:        0.005633 / set * s

[P]break loop / s:        0 / s
[P]break / set :          0 %

[P]Throughput:            4710126.521 ops
[P]all request:           186171582 o

[P]GetThroughput:         2319833.451 ops
[P]SetThroughput:         2390293.070 ops

[P]Valid Entries:         1408181.080 / s
[P]set success:           2350783.582 / s

[P]expire scan persec:    12483997.248 / s
[P]total expire scan:     298367925
[P]expire hit persec:     909653.850 / s
[P]total expire hit:      6672202

[P]expire hit rate:       7.286559 %
[P]total expire hit rate: 2.236233 %

[P]get found:             2192361.519 / s

----------------------------------

[INFO]Current Time:       46.80 s

[P]indexs Load Factor:    86.5080 %

[P]full bucket LFactor:   66.3171 %

[P]set request:           95669610 
[P]get request:           94539051 

[P]Get Hit Rate:          94.1344 %
[P]ACC Hit Rate:          90.1536 %

[P]total cuckoo num:      1620476 
[P]total cuckoo path:     580396 
[P]total cp perset:       0.006137 / set
[P]total cp percuckoo:    0.358164 / cuckoo num

[P]cuckoo path / s:       12166.060 / s
[P]cp per set * s:        0.005265 / set * s

[P]break loop / s:        0 / s
[P]break / set :          0 %

[P]Throughput:            4667871.516 ops
[P]all request:           190208661 o

[P]GetThroughput:         2359640.924 ops
[P]SetThroughput:         2308230.592 ops

[P]Valid Entries:         1352016.688 / s
[P]set success:           2310955.872 / s

[P]expire scan persec:    12429856.910 / s
[P]total expire scan:     309118074
[P]expire hit persec:     951714.936 / s
[P]total expire hit:      7495307

[P]expire hit rate:       7.656685 %
[P]total expire hit rate: 2.424739 %

[P]get found:             2221234.362 / s

----------------------------------

[INFO]Current Time:       47.66 s

[P]indexs Load Factor:    87.5304 %

[P]full bucket LFactor:   68.2622 %

[P]set request:           97682404 
[P]get request:           96595294 

[P]Get Hit Rate:          92.1761 %
[P]ACC Hit Rate:          90.1967 %

[P]total cuckoo num:      1626598 
[P]total cuckoo path:     590574 
[P]total cp perset:       0.006114 / set
[P]total cp percuckoo:    0.363073 / cuckoo num

[P]cuckoo path / s:       11867.354 / s
[P]cp per set * s:        0.005049 / set * s

[P]break loop / s:        0 / s
[P]break / set :          0 %

[P]Throughput:            4744419.644 ops
[P]all request:           194277698 o

[P]GetThroughput:         2397540.175 ops
[P]SetThroughput:         2346879.469 ops

[P]Valid Entries:         1314810.261 / s
[P]set success:           2350336.602 / s

[P]expire scan persec:    12617315.434 / s
[P]total expire scan:     319939276
[P]expire hit persec:     1045917.563 / s
[P]total expire hit:      8392335

[P]expire hit rate:       8.289541 %
[P]total expire hit rate: 2.623102 %

[P]get found:             2209959.491 / s

----------------------------------

[INFO]Current Time:       48.51 s

[P]indexs Load Factor:    88.5135 %

[P]full bucket LFactor:   70.1668 %

[P]set request:           99666511 
[P]get request:           98453642 

[P]Get Hit Rate:          96.1607 %
[P]ACC Hit Rate:          90.3093 %

[P]total cuckoo num:      1631682 
[P]total cuckoo path:     599486 
[P]total cp perset:       0.006087 / set
[P]total cp percuckoo:    0.367404 / cuckoo num

[P]cuckoo path / s:       10480.550 / s
[P]cp per set * s:        0.004729 / set * s

[P]break loop / s:        0 / s
[P]break / set :          0 %

[P]Throughput:            4518743.594 ops
[P]all request:           198120153 o

[P]GetThroughput:         2185425.235 ops
[P]SetThroughput:         2333318.359 ops

[P]Valid Entries:         1205449.093 / s
[P]set success:           2216387.076 / s

[P]expire scan persec:    12192891.351 / s
[P]total expire scan:     330307343
[P]expire hit persec:     1065680.983 / s
[P]total expire hit:      9298523

[P]expire hit rate:       8.740183 %
[P]total expire hit rate: 2.815112 %

[P]get found:             2101519.680 / s

----------------------------------

[INFO]Current Time:       49.36 s

[P]indexs Load Factor:    89.2196 %

[P]full bucket LFactor:   71.6167 %

[P]set request:           101513988 
[P]get request:           100220153 

[P]Get Hit Rate:          92.4349 %
[P]ACC Hit Rate:          90.3467 %

[P]total cuckoo num:      1636222 
[P]total cuckoo path:     608092 
[P]total cp perset:       0.006063 / set
[P]total cp percuckoo:    0.371644 / cuckoo num

[P]cuckoo path / s:       10133.086 / s
[P]cp per set * s:        0.004726 / set * s

[P]break loop / s:        0 / s
[P]break / set :          0 %

[P]Throughput:            4255269.713 ops
[P]all request:           201734141 o

[P]GetThroughput:         2079968.377 ops
[P]SetThroughput:         2175301.336 ops

[P]Valid Entries:         1073539.586 / s
[P]set success:           2144063.737 / s

[P]expire scan persec:    11469121.479 / s
[P]total expire scan:     340048034
[P]expire hit persec:     1041268.192 / s
[P]total expire hit:      10182869

[P]expire hit rate:       9.078884 %
[P]total expire hit rate: 2.994538 %

[P]get found:             1922615.893 / s

----------------------------------
[INFO]End rx_queue_1:1250224

[INFO]Current Time:       50.20 s

[P]indexs Load Factor:    89.8680 %

[P]full bucket LFactor:   72.9288 %

[P]set request:           102922522 
[P]get request:           101613465 

[P]Get Hit Rate:          90.2004 %
[P]ACC Hit Rate:          90.3447 %

[P]total cuckoo num:      1639929 
[P]total cuckoo path:     615608 
[P]total cp perset:       0.006055 / set
[P]total cp percuckoo:    0.375387 / cuckoo num

[P]cuckoo path / s:       8905.383 / s
[P]cp per set * s:        0.005479 / set * s

[P]break loop / s:        0 / s
[P]break / set :          0 %

[P]Throughput:            3319786.121 ops
[P]all request:           204535987 o

[P]GetThroughput:         1650875.116 ops
[P]SetThroughput:         1668911.005 ops

[P]Valid Entries:         789658.439 / s
[P]set success:           1625469.418 / s

[P]expire scan persec:    8986008.030 / s
[P]total expire scan:     347632080
[P]expire hit persec:     828070.310 / s
[P]total expire hit:      10881747

[P]expire hit rate:       9.215108 %
[P]total expire hit rate: 3.130248 %

[P]get found:             1489095.961 / s

----------------------------------

[INFO]Current Time:       51.04 s

[P]indexs Load Factor:    90.5072 %

[P]full bucket LFactor:   74.2576 %

[P]set request:           104402546 
[P]get request:           103084263 

[P]Get Hit Rate:          90.3412 %
[P]ACC Hit Rate:          90.3447 %

[P]total cuckoo num:      1643482 
[P]total cuckoo path:     623070 
[P]total cp perset:       0.006039 / set
[P]total cp percuckoo:    0.379116 / cuckoo num

[P]cuckoo path / s:       8939.064 / s
[P]cp per set * s:        0.004989 / set * s

[P]break loop / s:        0 / s
[P]break / set :          0 %

[P]Throughput:            3534921.676 ops
[P]all request:           207486809 o

[P]GetThroughput:         1761934.719 ops
[P]SetThroughput:         1772986.957 ops

[P]Valid Entries:         817854.839 / s
[P]set success:           1791600.622 / s

[P]expire scan persec:    9729329.777 / s
[P]total expire scan:     355753765
[P]expire hit persec:     924862.450 / s
[P]total expire hit:      11653788

[P]expire hit rate:       9.505921 %
[P]total expire hit rate: 3.275802 %

[P]get found:             1591752.294 / s

----------------------------------

[INFO]Current Time:       51.87 s

[P]indexs Load Factor:    91.0671 %

[P]full bucket LFactor:   75.4796 %

[P]set request:           105889064 
[P]get request:           104586441 

[P]Get Hit Rate:          89.8789 %
[P]ACC Hit Rate:          90.3380 %

[P]total cuckoo num:      1646867 
[P]total cuckoo path:     630383 
[P]total cp perset:       0.006025 / set
[P]total cp percuckoo:    0.382777 / cuckoo num

[P]cuckoo path / s:       8750.088 / s
[P]cp per set * s:        0.005029 / set * s

[P]break loop / s:        0 / s
[P]break / set :          0 %

[P]Throughput:            3576009.084 ops
[P]all request:           210475505 o

[P]GetThroughput:         1797373.227 ops
[P]SetThroughput:         1778635.857 ops

[P]Valid Entries:         793878.190 / s
[P]set success:           1739943.069 / s

[P]expire scan persec:    9810957.436 / s
[P]total expire scan:     363953400
[P]expire hit persec:     969101.314 / s
[P]total expire hit:      12463727

[P]expire hit rate:       9.877745 %
[P]total expire hit rate: 3.424539 %

[P]get found:             1615459.211 / s

----------------------------------
[INFO]End rx_queue_0:1239183
[INFO]End rx_queue_3:658909

[INFO]Current Time:       52.70 s

[P]indexs Load Factor:    91.1112 %

[P]full bucket LFactor:   75.6063 %

[P]set request:           106536564 
[P]get request:           105253078 

[P]Get Hit Rate:          89.4428 %
[P]ACC Hit Rate:          90.3323 %

[P]total cuckoo num:      1648256 
[P]total cuckoo path:     633440 
[P]total cp perset:       0.006016 / set
[P]total cp percuckoo:    0.384309 / cuckoo num

[P]cuckoo path / s:       3692.020 / s
[P]cp per set * s:        0.004580 / set * s

[P]break loop / s:        0 / s
[P]break / set :          0 %

[P]Throughput:            1587118.193 ops
[P]all request:           211789642 o

[P]GetThroughput:         805115.228 ops
[P]SetThroughput:         782002.965 ops

[P]Valid Entries:         344709.322 / s
[P]set success:           806075.371 / s

[P]expire scan persec:    4333709.464 / s
[P]total expire scan:     367541720
[P]expire hit persec:     445093.141 / s
[P]total expire hit:      12832265

[P]expire hit rate:       10.270489 %
[P]total expire hit rate: 3.491376 %

[P]get found:             720117.847 / s

----------------------------------
Finish the job......
[INFO]End rx_queue_2:1228118

Total Index Entries:      90271681

indexs Load Factor:     91.111208 %

log_0 Load Factor:      43.248102 %

log_1 Load Factor:      45.949116 %

log_2 Load Factor:      42.232826 %

log_3 Load Factor:      26.913144 %

Get Hit Rate:           90.332324%

Max Throughput:         4903144.00

Calc Load Factor:       91.111208%

set request:              32218732 | set_success:              32218732
set_fail:                        0 | set_key_duplicate:         1557619 | set_mica_evicted:                0
set_random:                      0 | set_cuckoo_evicted:         524543 | set_expire_evicted:        3840533

get request:              32218732
get_found:                29003559 | get_notfound:              3215173 | get_hit_ratio:          90.020796%

clean up scan:                   0 | clean up success:                0 | test_notfound:                   0
move_to_head_performed:    1278111 | move_to_head_skipped:     26613311 | move_to_head_failed:       1112137


set request:              32505798 | set_success:              32505798
set_fail:                        0 | set_key_duplicate:         1307801 | set_mica_evicted:                0
set_random:                      0 | set_cuckoo_evicted:         454533 | set_expire_evicted:        3185511

get request:              32505798
get_found:                29626742 | get_notfound:              2879056 | get_hit_ratio:          91.142946%

clean up scan:                   0 | clean up success:                0 | test_notfound:                   0
move_to_head_performed:    1074572 | move_to_head_skipped:     27549939 | move_to_head_failed:       1002231


set request:              31931042 | set_success:              31931042
set_fail:                        0 | set_key_duplicate:         1733314 | set_mica_evicted:                0
set_random:                      0 | set_cuckoo_evicted:         516429 | set_expire_evicted:        3849020

get request:              31931042
get_found:                28454456 | get_notfound:              3476586 | get_hit_ratio:          89.112206%

clean up scan:                   0 | clean up success:                0 | test_notfound:                   0
move_to_head_performed:    1388437 | move_to_head_skipped:     25861742 | move_to_head_failed:       1204277


set request:              17131608 | set_success:              17131608
set_fail:                        0 | set_key_duplicate:          464968 | set_mica_evicted:                0
set_random:                      0 | set_cuckoo_evicted:          56047 | set_expire_evicted:        2217756

get request:              17131608
get_found:                14142037 | get_notfound:              2989571 | get_hit_ratio:          82.549385%

clean up scan:                   0 | clean up success:                0 | test_notfound:                   0
move_to_head_performed:     151351 | move_to_head_skipped:     13990686 | move_to_head_failed:             0


[INFO] Everything works fine.
deleting piekv......
