EAL: Detected 44 lcore(s)
EAL: Detected 1 NUMA nodes
EAL: Multi-process socket /var/run/dpdk/rte/mp_socket
EAL: Selected IOVA mode 'PA'
EAL: No available hugepages reported in hugepages-1048576kB
[INFO] 单个Log Size为:8 GB
[INFO] 运行proto
[INFO] 运行cleanup
[INFO] 运行reload
[INFO] reload kv size 256
EAL: Probing VFIO support...
EAL: VFIO support initialized
EAL: PCI device 0000:03:00.0 on NUMA socket 0
EAL:   probe driver: 15b3:1017 net_mlx5
WEN: There are 1 device(s) available
starting port 0...
querying port 0...
port 0: 100 Gbps (full-duplex)
Adding UDP filter for each endpoint.
port_id/queue_id/udp_port = 0 0 0
Flow is created with src_port = 0, dst_port = 0
port_id/queue_id/udp_port = 0 1 1
Flow is created with src_port = 0, dst_port = 1
port_id/queue_id/udp_port = 0 2 2
Flow is created with src_port = 0, dst_port = 2
port_id/queue_id/udp_port = 0 3 3
Flow is created with src_port = 0, dst_port = 3
MEM: Initializing pages...
 == [STAT] Workers Start (4 threads in total) == 
trigger:50.000000 

[INFO]Current Time:       5.05 s

[P]indexs Load Factor:    0.0446 %

[P]full bucket LFactor:   0.0000 %

[P]set request:           24156 
[P]get request:           24128 

[P]Get Hit Rate:          44.7696 %
[P]ACC Hit Rate:          44.7696 %

[P]total cuckoo num:      0 
[P]total cuckoo path:     0 
[P]total cp perset:       0.000000 / set
[P]total cp percuckoo:    -nan / cuckoo num

[P]cuckoo path / s:       0 / s
[P]cp per set * s:        0 / set * s

[P]break loop / s:        0 / s
[P]break / set :          0 %

[P]Throughput:            70199.722 ops
[P]all request:           48284 o

[P]GetThroughput:         35079.507 ops
[P]SetThroughput:         35120.216 ops

[P]Valid Entries:         34260.965 / s
[P]set success:           34973.372 / s

[P]get found:             15704.942 / s

----------------------------------

[INFO]Current Time:       5.79 s

[P]indexs Load Factor:    0.1332 %

[P]full bucket LFactor:   0.0000 %

[P]set request:           83409 
[P]get request:           83250 

[P]Get Hit Rate:          48.6841 %
[P]ACC Hit Rate:          47.5495 %

[P]total cuckoo num:      0 
[P]total cuckoo path:     0 
[P]total cp perset:       0.000000 / set
[P]total cp percuckoo:    -nan / cuckoo num

[P]cuckoo path / s:       0 / s
[P]cp per set * s:        0 / set * s

[P]break loop / s:        0 / s
[P]break / set :          0 %

[P]Throughput:            160464.495 ops
[P]all request:           166659 o

[P]GetThroughput:         80143.458 ops
[P]SetThroughput:         80321.037 ops

[P]Valid Entries:         80266.814 / s
[P]set success:           80353.570 / s

[P]get found:             39017.103 / s

----------------------------------

[INFO]Current Time:       6.52 s

[P]indexs Load Factor:    0.7087 %

[P]full bucket LFactor:   0.0000 %

[P]set request:           289653 
[P]get request:           287069 

[P]Get Hit Rate:          52.9514 %
[P]ACC Hit Rate:          51.3849 %

[P]total cuckoo num:      0 
[P]total cuckoo path:     0 
[P]total cp perset:       0.000000 / set
[P]total cp percuckoo:    -nan / cuckoo num

[P]cuckoo path / s:       0 / s
[P]cp per set * s:        0 / set * s

[P]break loop / s:        0 / s
[P]break / set :          0 %

[P]Throughput:            558640.836 ops
[P]all request:           576722 o

[P]GetThroughput:         277668.594 ops
[P]SetThroughput:         280972.242 ops

[P]Valid Entries:         278789.791 / s
[P]set success:           279570.405 / s

[P]get found:             147029.389 / s

----------------------------------

[INFO]Current Time:       7.25 s

[P]indexs Load Factor:    2.5032 %

[P]full bucket LFactor:   0.0000 %

[P]set request:           1674892 
[P]get request:           1632527 

[P]Get Hit Rate:          62.9598 %
[P]ACC Hit Rate:          60.9244 %

[P]total cuckoo num:      0 
[P]total cuckoo path:     0 
[P]total cp perset:       0.000000 / set
[P]total cp percuckoo:    -nan / cuckoo num

[P]cuckoo path / s:       0 / s
[P]cp per set * s:        0 / set * s

[P]break loop / s:        0 / s
[P]break / set :          0 %

[P]Throughput:            3763187.269 ops
[P]all request:           3307419 o

[P]GetThroughput:         1854182.437 ops
[P]SetThroughput:         1909004.833 ops

[P]Valid Entries:         1893700.976 / s
[P]set success:           1915484.683 / s

[P]get found:             1167388.636 / s

----------------------------------

[INFO]Current Time:       8.00 s

[P]indexs Load Factor:    4.2331 %

[P]full bucket LFactor:   0.0000 %

[P]set request:           3142981 
[P]get request:           3058700 

[P]Get Hit Rate:          68.0927 %
[P]ACC Hit Rate:          64.2667 %

[P]total cuckoo num:      0 
[P]total cuckoo path:     0 
[P]total cp perset:       0.000000 / set
[P]total cp percuckoo:    -nan / cuckoo num

[P]cuckoo path / s:       0 / s
[P]cp per set * s:        0 / set * s

[P]break loop / s:        0 / s
[P]break / set :          0 %

[P]Throughput:            3844729.627 ops
[P]all request:           6201681 o

[P]GetThroughput:         1894524.264 ops
[P]SetThroughput:         1950205.363 ops

[P]Valid Entries:         1881604.273 / s
[P]set success:           1920643.211 / s

[P]get found:             1290033.119 / s

----------------------------------

[INFO]Current Time:       8.79 s

[P]indexs Load Factor:    6.0466 %

[P]full bucket LFactor:   0.0003 %

[P]set request:           4747845 
[P]get request:           4614227 

[P]Get Hit Rate:          69.3968 %
[P]ACC Hit Rate:          65.9962 %

[P]total cuckoo num:      0 
[P]total cuckoo path:     0 
[P]total cp perset:       0.000000 / set
[P]total cp percuckoo:    -nan / cuckoo num

[P]cuckoo path / s:       0 / s
[P]cp per set * s:        0 / set * s

[P]break loop / s:        0 / s
[P]break / set :          0 %

[P]Throughput:            3976674.686 ops
[P]all request:           9362072 o

[P]GetThroughput:         1957297.323 ops
[P]SetThroughput:         2019377.363 ops

[P]Valid Entries:         1937836.677 / s
[P]set success:           1916715.094 / s

[P]get found:             1358301.758 / s

----------------------------------

[INFO]Current Time:       9.62 s

[P]indexs Load Factor:    7.8364 %

[P]full bucket LFactor:   0.0016 %

[P]set request:           6410218 
[P]get request:           6224547 

[P]Get Hit Rate:          74.6213 %
[P]ACC Hit Rate:          68.2275 %

[P]total cuckoo num:      0 
[P]total cuckoo path:     0 
[P]total cp perset:       0.000000 / set
[P]total cp percuckoo:    -nan / cuckoo num

[P]cuckoo path / s:       0 / s
[P]cp per set * s:        0 / set * s

[P]break loop / s:        0 / s
[P]break / set :          0 %

[P]Throughput:            3950452.625 ops
[P]all request:           12634765 o

[P]GetThroughput:         1943809.845 ops
[P]SetThroughput:         2006642.781 ops

[P]Valid Entries:         1918248.393 / s
[P]set success:           1976087.575 / s

[P]get found:             1450496.516 / s

----------------------------------

[INFO]Current Time:       10.47 s

[P]indexs Load Factor:    9.5913 %

[P]full bucket LFactor:   0.0059 %

[P]set request:           8010823 
[P]get request:           7774809 

[P]Get Hit Rate:          78.1037 %
[P]ACC Hit Rate:          70.1968 %

[P]total cuckoo num:      0 
[P]total cuckoo path:     0 
[P]total cp perset:       0.000000 / set
[P]total cp percuckoo:    -nan / cuckoo num

[P]cuckoo path / s:       0 / s
[P]cp per set * s:        0 / set * s

[P]break loop / s:        0 / s
[P]break / set :          0 %

[P]Throughput:            3708617.083 ops
[P]all request:           15785632 o

[P]GetThroughput:         1824681.314 ops
[P]SetThroughput:         1883935.769 ops

[P]Valid Entries:         1828718.474 / s
[P]set success:           1888810.965 / s

[P]get found:             1425143.641 / s

----------------------------------

[INFO]Current Time:       11.34 s

[P]indexs Load Factor:    11.3629 %

[P]full bucket LFactor:   0.0175 %

[P]set request:           9674837 
[P]get request:           9386535 

[P]Get Hit Rate:          78.3718 %
[P]ACC Hit Rate:          71.6005 %

[P]total cuckoo num:      0 
[P]total cuckoo path:     0 
[P]total cp perset:       0.000000 / set
[P]total cp percuckoo:    -nan / cuckoo num

[P]cuckoo path / s:       0 / s
[P]cp per set * s:        0 / set * s

[P]break loop / s:        0 / s
[P]break / set :          0 %

[P]Throughput:            3785415.478 ops
[P]all request:           19061372 o

[P]GetThroughput:         1862495.970 ops
[P]SetThroughput:         1922919.509 ops

[P]Valid Entries:         1830756.509 / s
[P]set success:           1862084.579 / s

[P]get found:             1459671.989 / s

----------------------------------

[INFO]Current Time:       12.22 s

[P]indexs Load Factor:    13.1539 %

[P]full bucket LFactor:   0.0406 %

[P]set request:           11386570 
[P]get request:           11044616 

[P]Get Hit Rate:          79.8285 %
[P]ACC Hit Rate:          72.8357 %

[P]total cuckoo num:      0 
[P]total cuckoo path:     0 
[P]total cp perset:       0.000000 / set
[P]total cp percuckoo:    -nan / cuckoo num

[P]cuckoo path / s:       0 / s
[P]cp per set * s:        0 / set * s

[P]break loop / s:        0 / s
[P]break / set :          0 %

[P]Throughput:            3827586.233 ops
[P]all request:           22431186 o

[P]GetThroughput:         1883322.940 ops
[P]SetThroughput:         1944263.294 ops

[P]Valid Entries:         1849860.948 / s
[P]set success:           1917058.671 / s

[P]get found:             1503429.372 / s

----------------------------------

[INFO]Current Time:       13.11 s

[P]indexs Load Factor:    14.8668 %

[P]full bucket LFactor:   0.0814 %

[P]set request:           13052857 
[P]get request:           12656690 

[P]Get Hit Rate:          81.0403 %
[P]ACC Hit Rate:          73.8808 %

[P]total cuckoo num:      0 
[P]total cuckoo path:     0 
[P]total cp perset:       0.000000 / set
[P]total cp percuckoo:    -nan / cuckoo num

[P]cuckoo path / s:       0 / s
[P]cp per set * s:        0 / set * s

[P]break loop / s:        0 / s
[P]break / set :          0 %

[P]Throughput:            3682165.358 ops
[P]all request:           25709547 o

[P]GetThroughput:         1810637.400 ops
[P]SetThroughput:         1871527.958 ops

[P]Valid Entries:         1778632.596 / s
[P]set success:           1844933.477 / s

[P]get found:             1467346.424 / s

----------------------------------

[INFO]Current Time:       14.01 s

[P]indexs Load Factor:    16.5697 %

[P]full bucket LFactor:   0.1473 %

[P]set request:           14731132 
[P]get request:           14281472 

[P]Get Hit Rate:          82.0482 %
[P]ACC Hit Rate:          74.8099 %

[P]total cuckoo num:      2 
[P]total cuckoo path:     0 
[P]total cp perset:       0.000000 / set
[P]total cp percuckoo:    0.000000 / cuckoo num

[P]cuckoo path / s:       0 / s
[P]cp per set * s:        0 / set * s

[P]break loop / s:        0 / s
[P]break / set :          0 %

[P]Throughput:            3676451.906 ops
[P]all request:           29012604 o

[P]GetThroughput:         1808455.888 ops
[P]SetThroughput:         1867996.018 ops

[P]Valid Entries:         1774182.999 / s
[P]set success:           1811266.327 / s

[P]get found:             1483805.076 / s

----------------------------------

[INFO]Current Time:       14.92 s

[P]indexs Load Factor:    18.2979 %

[P]full bucket LFactor:   0.2494 %

[P]set request:           16454624 
[P]get request:           15949168 

[P]Get Hit Rate:          82.9761 %
[P]ACC Hit Rate:          75.6638 %

[P]total cuckoo num:      13 
[P]total cuckoo path:     0 
[P]total cp perset:       0.000000 / set
[P]total cp percuckoo:    0.000000 / cuckoo num

[P]cuckoo path / s:       0 / s
[P]cp per set * s:        0 / set * s

[P]break loop / s:        0 / s
[P]break / set :          0 %

[P]Throughput:            3732433.528 ops
[P]all request:           32403792 o

[P]GetThroughput:         1835511.468 ops
[P]SetThroughput:         1896922.060 ops

[P]Valid Entries:         1800159.325 / s
[P]set success:           1869758.582 / s

[P]get found:             1523035.721 / s

----------------------------------

[INFO]Current Time:       15.83 s

[P]indexs Load Factor:    20.0342 %

[P]full bucket LFactor:   0.3994 %

[P]set request:           18216051 
[P]get request:           17653838 

[P]Get Hit Rate:          82.5493 %
[P]ACC Hit Rate:          76.3287 %

[P]total cuckoo num:      26 
[P]total cuckoo path:     0 
[P]total cp perset:       0.000000 / set
[P]total cp percuckoo:    0.000000 / cuckoo num

[P]cuckoo path / s:       0 / s
[P]cp per set * s:        0 / set * s

[P]break loop / s:        0 / s
[P]break / set :          0 %

[P]Throughput:            3804382.201 ops
[P]all request:           35869889 o

[P]GetThroughput:         1871042.907 ops
[P]SetThroughput:         1933339.294 ops

[P]Valid Entries:         1834017.623 / s
[P]set success:           1906166.053 / s

[P]get found:             1544532.655 / s

----------------------------------

[INFO]Current Time:       16.75 s

[P]indexs Load Factor:    21.7994 %

[P]full bucket LFactor:   0.6055 %

[P]set request:           19955110 
[P]get request:           19280575 

[P]Get Hit Rate:          87.5157 %
[P]ACC Hit Rate:          77.2726 %

[P]total cuckoo num:      60 
[P]total cuckoo path:     0 
[P]total cp perset:       0.000000 / set
[P]total cp percuckoo:    0.000000 / cuckoo num

[P]cuckoo path / s:       0 / s
[P]cp per set * s:        0 / set * s

[P]break loop / s:        0 / s
[P]break / set :          0 %

[P]Throughput:            3662345.122 ops
[P]all request:           39235686 o

[P]GetThroughput:         1770062.876 ops
[P]SetThroughput:         1892281.158 ops

[P]Valid Entries:         1793033.889 / s
[P]set success:           1864880.464 / s

[P]get found:             1549082.619 / s

----------------------------------

[INFO]Current Time:       17.67 s

[P]indexs Load Factor:    23.5953 %

[P]full bucket LFactor:   0.8865 %

[P]set request:           21714353 
[P]get request:           21008317 

[P]Get Hit Rate:          84.4691 %
[P]ACC Hit Rate:          77.8644 %

[P]total cuckoo num:      145 
[P]total cuckoo path:     1 
[P]total cp perset:       0.000000 / set
[P]total cp percuckoo:    0.006897 / cuckoo num

[P]cuckoo path / s:       1.081 / s
[P]cp per set * s:        0.000001 / set * s

[P]break loop / s:        0 / s
[P]break / set :          0 %

[P]Throughput:            3769684.559 ops
[P]all request:           42722671 o

[P]GetThroughput:         1867814.843 ops
[P]SetThroughput:         1901869.716 ops

[P]Valid Entries:         1829795.675 / s
[P]set success:           1903963.754 / s

[P]get found:             1577726.260 / s

----------------------------------

[INFO]Current Time:       18.60 s

[P]indexs Load Factor:    25.3582 %

[P]full bucket LFactor:   1.2396 %

[P]set request:           23544591 
[P]get request:           22750609 

[P]Get Hit Rate:          87.4402 %
[P]ACC Hit Rate:          78.5977 %

[P]total cuckoo num:      347 
[P]total cuckoo path:     4 
[P]total cp perset:       0.000000 / set
[P]total cp percuckoo:    0.011527 / cuckoo num

[P]cuckoo path / s:       3.214 / s
[P]cp per set * s:        0.000002 / set * s

[P]break loop / s:        0 / s
[P]break / set :          0 %

[P]Throughput:            3827874.634 ops
[P]all request:           46295200 o

[P]GetThroughput:         1866821.894 ops
[P]SetThroughput:         1961053.812 ops

[P]Valid Entries:         1856571.095 / s
[P]set success:           1932960.816 / s

[P]get found:             1632352.144 / s

----------------------------------

[INFO]Current Time:       19.54 s

[P]indexs Load Factor:    27.0821 %

[P]full bucket LFactor:   1.6634 %

[P]set request:           25271549 
[P]get request:           24394649 

[P]Get Hit Rate:          87.9272 %
[P]ACC Hit Rate:          79.2265 %

[P]total cuckoo num:      693 
[P]total cuckoo path:     11 
[P]total cp perset:       0.000000 / set
[P]total cp percuckoo:    0.015873 / cuckoo num

[P]cuckoo path / s:       7.511 / s
[P]cp per set * s:        0.000004 / set * s

[P]break loop / s:        0 / s
[P]break / set :          0 %

[P]Throughput:            3616947.246 ops
[P]all request:           49666198 o

[P]GetThroughput:         1763989.759 ops
[P]SetThroughput:         1852957.487 ops

[P]Valid Entries:         1754201.142 / s
[P]set success:           1827245.065 / s

[P]get found:             1551026.440 / s

----------------------------------

[INFO]Current Time:       20.48 s

[P]indexs Load Factor:    28.8605 %

[P]full bucket LFactor:   2.1965 %

[P]set request:           27107198 
[P]get request:           26141820 

[P]Get Hit Rate:          88.6716 %
[P]ACC Hit Rate:          79.8577 %

[P]total cuckoo num:      1388 
[P]total cuckoo path:     25 
[P]total cp perset:       0.000001 / set
[P]total cp percuckoo:    0.018012 / cuckoo num

[P]cuckoo path / s:       14.805 / s
[P]cp per set * s:        0.000008 / set * s

[P]break loop / s:        0 / s
[P]break / set :          0 %

[P]Throughput:            3788773.800 ops
[P]all request:           53249018 o

[P]GetThroughput:         1847604.878 ops
[P]SetThroughput:         1941168.922 ops

[P]Valid Entries:         1836050.811 / s
[P]set success:           1912593.597 / s

[P]get found:             1638301.357 / s

----------------------------------

[INFO]Current Time:       21.43 s

[P]indexs Load Factor:    30.6050 %

[P]full bucket LFactor:   2.8179 %

[P]set request:           28948897 
[P]get request:           27895165 

[P]Get Hit Rate:          89.0906 %
[P]ACC Hit Rate:          80.4381 %

[P]total cuckoo num:      2576 
[P]total cuckoo path:     51 
[P]total cp perset:       0.000002 / set
[P]total cp percuckoo:    0.019798 / cuckoo num

[P]cuckoo path / s:       27.570 / s
[P]cp per set * s:        0.000014 / set * s

[P]break loop / s:        0 / s
[P]break / set :          0 %

[P]Throughput:            3812181.731 ops
[P]all request:           56844062 o

[P]GetThroughput:         1859245.610 ops
[P]SetThroughput:         1952936.120 ops

[P]Valid Entries:         1847407.314 / s
[P]set success:           1925128.212 / s

[P]get found:             1656413.515 / s

----------------------------------

[INFO]Current Time:       22.37 s

[P]indexs Load Factor:    32.3449 %

[P]full bucket LFactor:   3.5294 %

[P]set request:           30699946 
[P]get request:           29614041 

[P]Get Hit Rate:          86.8718 %
[P]ACC Hit Rate:          80.8115 %

[P]total cuckoo num:      4472 
[P]total cuckoo path:     99 
[P]total cp perset:       0.000003 / set
[P]total cp percuckoo:    0.022138 / cuckoo num

[P]cuckoo path / s:       50.615 / s
[P]cp per set * s:        0.000028 / set * s

[P]break loop / s:        0 / s
[P]break / set :          0 %

[P]Throughput:            3658993.308 ops
[P]all request:           60313987 o

[P]GetThroughput:         1812533.637 ops
[P]SetThroughput:         1846459.671 ops

[P]Valid Entries:         1773295.095 / s
[P]set success:           1820029.990 / s

[P]get found:             1574580.047 / s

----------------------------------

[INFO]Current Time:       23.32 s

[P]indexs Load Factor:    34.0220 %

[P]full bucket LFactor:   4.3172 %

[P]set request:           32486876 
[P]get request:           31340062 

[P]Get Hit Rate:          88.7619 %
[P]ACC Hit Rate:          81.2494 %

[P]total cuckoo num:      7330 
[P]total cuckoo path:     185 
[P]total cp perset:       0.000006 / set
[P]total cp percuckoo:    0.025239 / cuckoo num

[P]cuckoo path / s:       90.514 / s
[P]cp per set * s:        0.000050 / set * s

[P]break loop / s:        0 / s
[P]break / set :          0 %

[P]Throughput:            3697337.262 ops
[P]all request:           63826938 o

[P]GetThroughput:         1816615.648 ops
[P]SetThroughput:         1880721.614 ops

[P]Valid Entries:         1777651.506 / s
[P]set success:           1824210.398 / s

[P]get found:             1612462.529 / s

----------------------------------

[INFO]Current Time:       24.28 s

[P]indexs Load Factor:    35.7620 %

[P]full bucket LFactor:   5.2241 %

[P]set request:           34271652 
[P]get request:           33065453 

[P]Get Hit Rate:          89.1353 %
[P]ACC Hit Rate:          81.6609 %

[P]total cuckoo num:      11452 
[P]total cuckoo path:     336 
[P]total cp perset:       0.000010 / set
[P]total cp percuckoo:    0.029340 / cuckoo num

[P]cuckoo path / s:       158.384 / s
[P]cp per set * s:        0.000086 / set * s

[P]break loop / s:        0 / s
[P]break / set :          0 %

[P]Throughput:            3681824.681 ops
[P]all request:           67337105 o

[P]GetThroughput:         1809767.788 ops
[P]SetThroughput:         1872056.893 ops

[P]Valid Entries:         1769946.186 / s
[P]set success:           1845552.163 / s

[P]get found:             1613141.482 / s

----------------------------------

[INFO]Current Time:       25.23 s

[P]indexs Load Factor:    37.4462 %

[P]full bucket LFactor:   6.2027 %

[P]set request:           36041009 
[P]get request:           34749828 

[P]Get Hit Rate:          90.9246 %
[P]ACC Hit Rate:          82.1099 %

[P]total cuckoo num:      17499 
[P]total cuckoo path:     602 
[P]total cp perset:       0.000017 / set
[P]total cp percuckoo:    0.034402 / cuckoo num

[P]cuckoo path / s:       278.375 / s
[P]cp per set * s:        0.000155 / set * s

[P]break loop / s:        0 / s
[P]break / set :          0 %

[P]Throughput:            3614406.310 ops
[P]all request:           70790837 o

[P]GetThroughput:         1762735.391 ops
[P]SetThroughput:         1851670.919 ops

[P]Valid Entries:         1750612.481 / s
[P]set success:           1797534.339 / s

[P]get found:             1602759.861 / s

----------------------------------

[INFO]Current Time:       26.19 s

[P]indexs Load Factor:    39.1748 %

[P]full bucket LFactor:   7.3038 %

[P]set request:           37871846 
[P]get request:           36519563 

[P]Get Hit Rate:          89.9156 %
[P]ACC Hit Rate:          82.4881 %

[P]total cuckoo num:      26150 
[P]total cuckoo path:     1063 
[P]total cp perset:       0.000029 / set
[P]total cp percuckoo:    0.040650 / cuckoo num

[P]cuckoo path / s:       481.508 / s
[P]cp per set * s:        0.000259 / set * s

[P]break loop / s:        0 / s
[P]break / set :          0 %

[P]Throughput:            3760746.303 ops
[P]all request:           74391409 o

[P]GetThroughput:         1848463.066 ops
[P]SetThroughput:         1912283.237 ops

[P]Valid Entries:         1806803.750 / s
[P]set success:           1856818.952 / s

[P]get found:             1662055.775 / s

----------------------------------

[INFO]Current Time:       27.15 s

[P]indexs Load Factor:    40.8895 %

[P]full bucket LFactor:   8.4961 %

[P]set request:           39696834 
[P]get request:           38283888 

[P]Get Hit Rate:          90.2851 %
[P]ACC Hit Rate:          82.8475 %

[P]total cuckoo num:      37945 
[P]total cuckoo path:     1799 
[P]total cp perset:       0.000046 / set
[P]total cp percuckoo:    0.047411 / cuckoo num

[P]cuckoo path / s:       767.838 / s
[P]cp per set * s:        0.000409 / set * s

[P]break loop / s:        0 / s
[P]break / set :          0 %

[P]Throughput:            3744582.269 ops
[P]all request:           77980722 o

[P]GetThroughput:         1840647.531 ops
[P]SetThroughput:         1903934.738 ops

[P]Valid Entries:         1799207.206 / s
[P]set success:           1877175.150 / s

[P]get found:             1661830.891 / s

----------------------------------

[INFO]Current Time:       28.11 s

[P]indexs Load Factor:    42.5414 %

[P]full bucket LFactor:   9.7313 %

[P]set request:           41471233 
[P]get request:           39999823 

[P]Get Hit Rate:          90.6034 %
[P]ACC Hit Rate:          83.1802 %

[P]total cuckoo num:      53379 
[P]total cuckoo path:     2852 
[P]total cp perset:       0.000070 / set
[P]total cp percuckoo:    0.053429 / cuckoo num

[P]cuckoo path / s:       1099.615 / s
[P]cp per set * s:        0.000602 / set * s

[P]break loop / s:        0 / s
[P]break / set :          0 %

[P]Throughput:            3644845.477 ops
[P]all request:           81471056 o

[P]GetThroughput:         1791896.685 ops
[P]SetThroughput:         1852948.792 ops

[P]Valid Entries:         1750973.895 / s
[P]set success:           1827201.311 / s

[P]get found:             1623518.849 / s

----------------------------------

[INFO]Current Time:       29.06 s

[P]indexs Load Factor:    44.2070 %

[P]full bucket LFactor:   11.0482 %

[P]set request:           43234797 
[P]get request:           41679471 

[P]Get Hit Rate:          92.3407 %
[P]ACC Hit Rate:          83.5494 %

[P]total cuckoo num:      73149 
[P]total cuckoo path:     4443 
[P]total cp perset:       0.000105 / set
[P]total cp percuckoo:    0.060739 / cuckoo num

[P]cuckoo path / s:       1662.383 / s
[P]cp per set * s:        0.000915 / set * s

[P]break loop / s:        0 / s
[P]break / set :          0 %

[P]Throughput:            3597697.639 ops
[P]all request:           84914268 o

[P]GetThroughput:         1755008.302 ops
[P]SetThroughput:         1842689.338 ops

[P]Valid Entries:         1741186.805 / s
[P]set success:           1816925.014 / s

[P]get found:             1620587.243 / s

----------------------------------

[INFO]Current Time:       30.02 s

[P]indexs Load Factor:    45.8466 %

[P]full bucket LFactor:   12.4431 %

[P]set request:           45008321 
[P]get request:           43394922 

[P]Get Hit Rate:          91.1682 %
[P]ACC Hit Rate:          83.8505 %

[P]total cuckoo num:      98817 
[P]total cuckoo path:     6816 
[P]total cp perset:       0.000154 / set
[P]total cp percuckoo:    0.068976 / cuckoo num

[P]cuckoo path / s:       2478.754 / s
[P]cp per set * s:        0.001357 / set * s

[P]break loop / s:        0 / s
[P]break / set :          0 %

[P]Throughput:            3644462.536 ops
[P]all request:           88403243 o

[P]GetThroughput:         1791900.745 ops
[P]SetThroughput:         1852561.791 ops

[P]Valid Entries:         1750898.420 / s
[P]set success:           1826581.360 / s

[P]get found:             1633643.865 / s

----------------------------------

[INFO]Current Time:       30.98 s

[P]indexs Load Factor:    47.4064 %

[P]full bucket LFactor:   13.8201 %

[P]set request:           46676522 
[P]get request:           44983615 

[P]Get Hit Rate:          92.8789 %
[P]ACC Hit Rate:          84.1694 %

[P]total cuckoo num:      128717 
[P]total cuckoo path:     9903 
[P]total cp perset:       0.000216 / set
[P]total cp percuckoo:    0.076936 / cuckoo num

[P]cuckoo path / s:       3223.775 / s
[P]cp per set * s:        0.001877 / set * s

[P]break loop / s:        0 / s
[P]break / set :          0 %

[P]Throughput:            3401195.944 ops
[P]all request:           91660137 o

[P]GetThroughput:         1659082.607 ops
[P]SetThroughput:         1742113.337 ops

[P]Valid Entries:         1646597.921 / s
[P]set success:           1717852.006 / s

[P]get found:             1540938.111 / s

----------------------------------

[INFO]Current Time:       31.93 s

[P]indexs Load Factor:    48.9944 %

[P]full bucket LFactor:   15.3052 %

[P]set request:           48421900 
[P]get request:           46646444 

[P]Get Hit Rate:          93.2030 %
[P]ACC Hit Rate:          84.4914 %

[P]total cuckoo num:      167433 
[P]total cuckoo path:     14407 
[P]total cp perset:       0.000303 / set
[P]total cp percuckoo:    0.086046 / cuckoo num

[P]cuckoo path / s:       4724.468 / s
[P]cp per set * s:        0.002658 / set * s

[P]break loop / s:        0 / s
[P]break / set :          0 %

[P]Throughput:            3575036.776 ops
[P]all request:           95068344 o

[P]GetThroughput:         1744223.525 ops
[P]SetThroughput:         1830813.251 ops

[P]Valid Entries:         1728909.912 / s
[P]set success:           1777524.523 / s

[P]get found:             1625669.163 / s

----------------------------------

[INFO]Current Time:       32.89 s

[P]indexs Load Factor:    50.5897 %

[P]full bucket LFactor:   16.8503 %

[P]set request:           50123779 
[P]get request:           48269773 

[P]Get Hit Rate:          93.3360 %
[P]ACC Hit Rate:          84.7889 %

[P]total cuckoo num:      212814 
[P]total cuckoo path:     20350 
[P]total cp perset:       0.000413 / set
[P]total cp percuckoo:    0.095623 / cuckoo num

[P]cuckoo path / s:       6210.952 / s
[P]cp per set * s:        0.003542 / set * s

[P]break loop / s:        0 / s
[P]break / set :          0 %

[P]Throughput:            3475131.577 ops
[P]all request:           98393552 o

[P]GetThroughput:         1696519.997 ops
[P]SetThroughput:         1778611.580 ops

[P]Valid Entries:         1680798.754 / s
[P]set success:           1753737.464 / s

[P]get found:             1583463.533 / s

----------------------------------

[INFO]Current Time:       33.84 s

[P]indexs Load Factor:    52.1474 %

[P]full bucket LFactor:   18.4405 %

[P]set request:           51829845 
[P]get request:           49927441 

[P]Get Hit Rate:          90.8741 %
[P]ACC Hit Rate:          84.9909 %

[P]total cuckoo num:      258378 
[P]total cuckoo path:     26889 
[P]total cp perset:       0.000528 / set
[P]total cp percuckoo:    0.104068 / cuckoo num

[P]cuckoo path / s:       6886.348 / s
[P]cp per set * s:        0.003873 / set * s

[P]break loop / s:        0 / s
[P]break / set :          0 %

[P]Throughput:            3542413.601 ops
[P]all request:           101757286 o

[P]GetThroughput:         1745722.363 ops
[P]SetThroughput:         1796691.237 ops

[P]Valid Entries:         1695519.108 / s
[P]set success:           1778167.920 / s

[P]expire scan persec:    3840603.311 / s
[P]total expire scan:     3646883
[P]expire hit persec:     9042.083 / s
[P]total expire hit:      8586

[P]expire hit rate:       0.235434 %
[P]total expire hit rate: 0.235434 %

[P]get found:             1586409.617 / s

----------------------------------

[INFO]Current Time:       34.79 s

[P]indexs Load Factor:    53.5902 %

[P]full bucket LFactor:   19.9677 %

[P]set request:           53433837 
[P]get request:           51474424 

[P]Get Hit Rate:          92.2750 %
[P]ACC Hit Rate:          85.2098 %

[P]total cuckoo num:      282578 
[P]total cuckoo path:     30920 
[P]total cp perset:       0.000588 / set
[P]total cp percuckoo:    0.109421 / cuckoo num

[P]cuckoo path / s:       4225.474 / s
[P]cp per set * s:        0.002517 / set * s

[P]break loop / s:        0 / s
[P]break / set :          0 %

[P]Throughput:            3302992.190 ops
[P]all request:           104908261 o

[P]GetThroughput:         1621616.410 ops
[P]SetThroughput:         1681375.780 ops

[P]Valid Entries:         1575061.776 / s
[P]set success:           1678494.156 / s

[P]expire scan persec:    11005161.477 / s
[P]total expire scan:     14145542
[P]expire hit persec:     36014.536 / s
[P]total expire hit:      42943

[P]expire hit rate:       0.327251 %
[P]total expire hit rate: 0.303580 %

[P]get found:             1496347.000 / s

----------------------------------

[INFO]Current Time:       35.74 s

[P]indexs Load Factor:    55.0326 %

[P]full bucket LFactor:   21.5379 %

[P]set request:           55035356 
[P]get request:           53043284 

[P]Get Hit Rate:          92.4931 %
[P]ACC Hit Rate:          85.4252 %

[P]total cuckoo num:      302764 
[P]total cuckoo path:     34909 
[P]total cp perset:       0.000645 / set
[P]total cp percuckoo:    0.115301 / cuckoo num

[P]cuckoo path / s:       4198.434 / s
[P]cp per set * s:        0.002496 / set * s

[P]break loop / s:        0 / s
[P]break / set :          0 %

[P]Throughput:            3336833.054 ops
[P]all request:           108078640 o

[P]GetThroughput:         1651229.681 ops
[P]SetThroughput:         1685603.373 ops

[P]Valid Entries:         1565559.104 / s
[P]set success:           1682021.706 / s

[P]expire scan persec:    10530408.225 / s
[P]total expire scan:     24150653
[P]expire hit persec:     49845.484 / s
[P]total expire hit:      90302

[P]expire hit rate:       0.473348 %
[P]total expire hit rate: 0.373911 %

[P]get found:             1527273.259 / s

----------------------------------

[INFO]Current Time:       36.69 s

[P]indexs Load Factor:    56.4683 %

[P]full bucket LFactor:   23.1268 %

[P]set request:           56611414 
[P]get request:           54586723 

[P]Get Hit Rate:          92.6488 %
[P]ACC Hit Rate:          85.6295 %

[P]total cuckoo num:      319027 
[P]total cuckoo path:     38517 
[P]total cp perset:       0.000691 / set
[P]total cp percuckoo:    0.120733 / cuckoo num

[P]cuckoo path / s:       3808.696 / s
[P]cp per set * s:        0.002293 / set * s

[P]break loop / s:        0 / s
[P]break / set :          0 %

[P]Throughput:            3293019.648 ops
[P]all request:           111198137 o

[P]GetThroughput:         1629293.105 ops
[P]SetThroughput:         1663726.543 ops

[P]Valid Entries:         1532458.494 / s
[P]set success:           1660715.900 / s

[P]expire scan persec:    9937577.528 / s
[P]total expire scan:     33564579
[P]expire hit persec:     64030.002 / s
[P]total expire hit:      150958

[P]expire hit rate:       0.644322 %
[P]total expire hit rate: 0.449754 %

[P]get found:             1509519.758 / s

----------------------------------

[INFO]Current Time:       37.63 s

[P]indexs Load Factor:    57.9421 %

[P]full bucket LFactor:   24.8313 %

[P]set request:           58308618 
[P]get request:           56197692 

[P]Get Hit Rate:          95.8380 %
[P]ACC Hit Rate:          85.9221 %

[P]total cuckoo num:      333207 
[P]total cuckoo path:     42248 
[P]total cp perset:       0.000736 / set
[P]total cp percuckoo:    0.126792 / cuckoo num

[P]cuckoo path / s:       3947.475 / s
[P]cp per set * s:        0.002237 / set * s

[P]break loop / s:        0 / s
[P]break / set :          0 %

[P]Throughput:            3500115.467 ops
[P]all request:           114506310 o

[P]GetThroughput:         1704438.527 ops
[P]SetThroughput:         1795676.941 ops

[P]Valid Entries:         1638101.688 / s
[P]set success:           1764871.610 / s

[P]expire scan persec:    10251879.766 / s
[P]total expire scan:     43254257
[P]expire hit persec:     85402.372 / s
[P]total expire hit:      231677

[P]expire hit rate:       0.833041 %
[P]total expire hit rate: 0.535617 %

[P]get found:             1633499.298 / s

----------------------------------

[INFO]Current Time:       38.57 s

[P]indexs Load Factor:    59.3797 %

[P]full bucket LFactor:   26.5235 %

[P]set request:           59889127 
[P]get request:           57793941 

[P]Get Hit Rate:          92.9865 %
[P]ACC Hit Rate:          86.1172 %

[P]total cuckoo num:      344165 
[P]total cuckoo path:     45464 
[P]total cp perset:       0.000771 / set
[P]total cp percuckoo:    0.132099 / cuckoo num

[P]cuckoo path / s:       3424.410 / s
[P]cp per set * s:        0.002007 / set * s

[P]break loop / s:        0 / s
[P]break / set :          0 %

[P]Throughput:            3382625.094 ops
[P]all request:           117683068 o

[P]GetThroughput:         1699692.556 ops
[P]SetThroughput:         1682932.539 ops

[P]Valid Entries:         1568789.793 / s
[P]set success:           1706540.311 / s

[P]expire scan persec:    9519425.746 / s
[P]total expire scan:     52194329
[P]expire hit persec:     99897.796 / s
[P]total expire hit:      325495

[P]expire hit rate:       1.049410 %
[P]total expire hit rate: 0.623621 %

[P]get found:             1580484.537 / s

----------------------------------

[INFO]Current Time:       39.51 s

[P]indexs Load Factor:    60.8064 %

[P]full bucket LFactor:   28.2594 %

[P]set request:           61494386 
[P]get request:           59388737 

[P]Get Hit Rate:          94.6857 %
[P]ACC Hit Rate:          86.3473 %

[P]total cuckoo num:      353092 
[P]total cuckoo path:     48527 
[P]total cp perset:       0.000800 / set
[P]total cp percuckoo:    0.137434 / cuckoo num

[P]cuckoo path / s:       3276.703 / s
[P]cp per set * s:        0.001854 / set * s

[P]break loop / s:        0 / s
[P]break / set :          0 %

[P]Throughput:            3423320.270 ops
[P]all request:           120883123 o

[P]GetThroughput:         1706063.637 ops
[P]SetThroughput:         1717256.632 ops

[P]Valid Entries:         1583866.041 / s
[P]set success:           1767465.180 / s

[P]expire scan persec:    9342130.728 / s
[P]total expire scan:     60927176
[P]expire hit persec:     119114.521 / s
[P]total expire hit:      436841

[P]expire hit rate:       1.275025 %
[P]total expire hit rate: 0.716989 %

[P]get found:             1615398.558 / s

----------------------------------

[INFO]Current Time:       40.44 s

[P]indexs Load Factor:    62.1989 %

[P]full bucket LFactor:   29.9961 %

[P]set request:           63158183 
[P]get request:           61015963 

[P]Get Hit Rate:          93.3317 %
[P]ACC Hit Rate:          86.5336 %

[P]total cuckoo num:      360270 
[P]total cuckoo path:     51222 
[P]total cp perset:       0.000822 / set
[P]total cp percuckoo:    0.142177 / cuckoo num

[P]cuckoo path / s:       2877.570 / s
[P]cp per set * s:        0.001623 / set * s

[P]break loop / s:        0 / s
[P]break / set :          0 %

[P]Throughput:            3513970.532 ops
[P]all request:           124174146 o

[P]GetThroughput:         1737461.031 ops
[P]SetThroughput:         1776509.502 ops

[P]Valid Entries:         1569926.636 / s
[P]set success:           1772487.309 / s

[P]expire scan persec:    9054570.699 / s
[P]total expire scan:     69407270
[P]expire hit persec:     138210.937 / s
[P]total expire hit:      566283

[P]expire hit rate:       1.526422 %
[P]total expire hit rate: 0.815884 %

[P]get found:             1621602.249 / s

----------------------------------

[INFO]Current Time:       41.37 s

[P]indexs Load Factor:    63.6082 %

[P]full bucket LFactor:   31.7695 %

[P]set request:           64813610 
[P]get request:           62609355 

[P]Get Hit Rate:          94.8766 %
[P]ACC Hit Rate:          86.7459 %

[P]total cuckoo num:      365882 
[P]total cuckoo path:     53649 
[P]total cp perset:       0.000839 / set
[P]total cp percuckoo:    0.146629 / cuckoo num

[P]cuckoo path / s:       2617.759 / s
[P]cp per set * s:        0.001469 / set * s

[P]break loop / s:        0 / s
[P]break / set :          0 %

[P]Throughput:            3504171.366 ops
[P]all request:           127422965 o

[P]GetThroughput:         1718630.253 ops
[P]SetThroughput:         1785541.112 ops

[P]Valid Entries:         1560833.447 / s
[P]set success:           1781988.209 / s

[P]expire scan persec:    8833413.401 / s
[P]total expire scan:     77596984
[P]expire hit persec:     158383.564 / s
[P]total expire hit:      713125

[P]expire hit rate:       1.793005 %
[P]total expire hit rate: 0.919011 %

[P]get found:             1630577.784 / s

----------------------------------

[INFO]Current Time:       42.30 s

[P]indexs Load Factor:    64.9516 %

[P]full bucket LFactor:   33.5226 %

[P]set request:           66474723 
[P]get request:           64208060 

[P]Get Hit Rate:          94.9763 %
[P]ACC Hit Rate:          86.9508 %

[P]total cuckoo num:      370409 
[P]total cuckoo path:     55781 
[P]total cp perset:       0.000850 / set
[P]total cp percuckoo:    0.150593 / cuckoo num

[P]cuckoo path / s:       2291.746 / s
[P]cp per set * s:        0.001306 / set * s

[P]break loop / s:        0 / s
[P]break / set :          0 %

[P]Throughput:            3504069.175 ops
[P]all request:           130682783 o

[P]GetThroughput:         1718492.539 ops
[P]SetThroughput:         1785576.636 ops

[P]Valid Entries:         1541089.670 / s
[P]set success:           1754698.259 / s

[P]expire scan persec:    8613731.216 / s
[P]total expire scan:     85610295
[P]expire hit persec:     179655.917 / s
[P]total expire hit:      880258

[P]expire hit rate:       2.085692 %
[P]total expire hit rate: 1.028215 %

[P]get found:             1632160.783 / s

----------------------------------

[INFO]Current Time:       43.23 s

[P]indexs Load Factor:    66.2909 %

[P]full bucket LFactor:   35.2796 %

[P]set request:           68073831 
[P]get request:           65796529 

[P]Get Hit Rate:          93.5847 %
[P]ACC Hit Rate:          87.1110 %

[P]total cuckoo num:      374023 
[P]total cuckoo path:     57653 
[P]total cp perset:       0.000858 / set
[P]total cp percuckoo:    0.154143 / cuckoo num

[P]cuckoo path / s:       2027.416 / s
[P]cp per set * s:        0.001154 / set * s

[P]break loop / s:        0 / s
[P]break / set :          0 %

[P]Throughput:            3452213.529 ops
[P]all request:           133870360 o

[P]GetThroughput:         1720345.633 ops
[P]SetThroughput:         1731867.896 ops

[P]Valid Entries:         1498128.090 / s
[P]set success:           1756523.957 / s

[P]expire scan persec:    8308247.826 / s
[P]total expire scan:     93281657
[P]expire hit persec:     198539.450 / s
[P]total expire hit:      1063578

[P]expire hit rate:       2.389667 %
[P]total expire hit rate: 1.140179 %

[P]get found:             1609980.356 / s

----------------------------------

[INFO]Current Time:       44.14 s

[P]indexs Load Factor:    67.6046 %

[P]full bucket LFactor:   37.0388 %

[P]set request:           69718394 
[P]get request:           67378400 

[P]Get Hit Rate:          95.1172 %
[P]ACC Hit Rate:          87.2990 %

[P]total cuckoo num:      377086 
[P]total cuckoo path:     59381 
[P]total cp perset:       0.000863 / set
[P]total cp percuckoo:    0.157473 / cuckoo num

[P]cuckoo path / s:       1881.146 / s
[P]cp per set * s:        0.001085 / set * s

[P]break loop / s:        0 / s
[P]break / set :          0 %

[P]Throughput:            3512379.961 ops
[P]all request:           137096794 o

[P]GetThroughput:         1722065.909 ops
[P]SetThroughput:         1790314.051 ops

[P]Valid Entries:         1504810.995 / s
[P]set success:           1733115.463 / s

[P]expire scan persec:    8285969.074 / s
[P]total expire scan:     100893058
[P]expire hit persec:     223380.613 / s
[P]total expire hit:      1268773

[P]expire hit rate:       2.695890 %
[P]total expire hit rate: 1.257542 %

[P]get found:             1637981.525 / s

----------------------------------

[INFO]Current Time:       45.06 s

[P]indexs Load Factor:    68.8886 %

[P]full bucket LFactor:   38.8018 %

[P]set request:           71344197 
[P]get request:           68966235 

[P]Get Hit Rate:          95.2461 %
[P]ACC Hit Rate:          87.4819 %

[P]total cuckoo num:      379689 
[P]total cuckoo path:     60967 
[P]total cp perset:       0.000865 / set
[P]total cp percuckoo:    0.160571 / cuckoo num

[P]cuckoo path / s:       1730.565 / s
[P]cp per set * s:        0.000962 / set * s

[P]break loop / s:        0 / s
[P]break / set :          0 %

[P]Throughput:            3506562.745 ops
[P]all request:           140310432 o

[P]GetThroughput:         1732566.971 ops
[P]SetThroughput:         1773995.774 ops

[P]Valid Entries:         1492296.720 / s
[P]set success:           1798811.810 / s

[P]expire scan persec:    8185395.402 / s
[P]total expire scan:     108394677
[P]expire hit persec:     248257.473 / s
[P]total expire hit:      1496292

[P]expire hit rate:       3.032932 %
[P]total expire hit rate: 1.380411 %

[P]get found:             1650202.566 / s

----------------------------------

[INFO]Current Time:       45.98 s

[P]indexs Load Factor:    70.1386 %

[P]full bucket LFactor:   40.5339 %

[P]set request:           72963189 
[P]get request:           70498154 

[P]Get Hit Rate:          96.8393 %
[P]ACC Hit Rate:          87.6853 %

[P]total cuckoo num:      381773 
[P]total cuckoo path:     62362 
[P]total cp perset:       0.000865 / set
[P]total cp percuckoo:    0.163348 / cuckoo num

[P]cuckoo path / s:       1516.945 / s
[P]cp per set * s:        0.000863 / set * s

[P]break loop / s:        0 / s
[P]break / set :          0 %

[P]Throughput:            3426351.209 ops
[P]all request:           143461343 o

[P]GetThroughput:         1665833.315 ops
[P]SetThroughput:         1760517.893 ops

[P]Valid Entries:         1436150.384 / s
[P]set success:           1758138.627 / s

[P]expire scan persec:    7904089.116 / s
[P]total expire scan:     115663366
[P]expire hit persec:     266614.843 / s
[P]total expire hit:      1741474

[P]expire hit rate:       3.373125 %
[P]total expire hit rate: 1.505640 %

[P]get found:             1613181.717 / s

----------------------------------

[INFO]Current Time:       46.89 s

[P]indexs Load Factor:    71.3895 %

[P]full bucket LFactor:   42.3040 %

[P]set request:           74554664 
[P]get request:           72027588 

[P]Get Hit Rate:          95.3334 %
[P]ACC Hit Rate:          87.8477 %

[P]total cuckoo num:      383463 
[P]total cuckoo path:     63587 
[P]total cp perset:       0.000863 / set
[P]total cp percuckoo:    0.165823 / cuckoo num

[P]cuckoo path / s:       1342.392 / s
[P]cp per set * s:        0.000771 / set * s

[P]break loop / s:        0 / s
[P]break / set :          0 %

[P]Throughput:            3419986.953 ops
[P]all request:           146582252 o

[P]GetThroughput:         1676000.270 ops
[P]SetThroughput:         1743986.683 ops

[P]Valid Entries:         1400770.411 / s
[P]set success:           1742203.767 / s

[P]expire scan persec:    7770327.339 / s
[P]total expire scan:     122754178
[P]expire hit persec:     288784.185 / s
[P]total expire hit:      2005004

[P]expire hit rate:       3.716500 %
[P]total expire hit rate: 1.633349 %

[P]get found:             1597788.662 / s

----------------------------------

[INFO]Current Time:       47.80 s

[P]indexs Load Factor:    72.6722 %

[P]full bucket LFactor:   44.1388 %

[P]set request:           76229122 
[P]get request:           73668949 

[P]Get Hit Rate:          90.3765 %
[P]ACC Hit Rate:          87.9040 %

[P]total cuckoo num:      385026 
[P]total cuckoo path:     64752 
[P]total cp perset:       0.000859 / set
[P]total cp percuckoo:    0.168176 / cuckoo num

[P]cuckoo path / s:       1287.112 / s
[P]cp per set * s:        0.000694 / set * s

[P]break loop / s:        0 / s
[P]break / set :          0 %

[P]Throughput:            3663375.080 ops
[P]all request:           149898071 o

[P]GetThroughput:         1813404.466 ops
[P]SetThroughput:         1849970.613 ops

[P]Valid Entries:         1465905.092 / s
[P]set success:           1853375.661 / s

[P]expire scan persec:    8179261.643 / s
[P]total expire scan:     130157447
[P]expire hit persec:     334999.468 / s
[P]total expire hit:      2308221

[P]expire hit rate:       4.095718 %
[P]total expire hit rate: 1.773407 %

[P]get found:             1638891.903 / s

----------------------------------

[INFO]Current Time:       48.70 s

[P]indexs Load Factor:    73.9189 %

[P]full bucket LFactor:   45.9658 %

[P]set request:           77875026 
[P]get request:           75282826 

[P]Get Hit Rate:          94.4508 %
[P]ACC Hit Rate:          88.0444 %

[P]total cuckoo num:      386399 
[P]total cuckoo path:     65861 
[P]total cp perset:       0.000855 / set
[P]total cp percuckoo:    0.170448 / cuckoo num

[P]cuckoo path / s:       1227.896 / s
[P]cp per set * s:        0.000661 / set * s

[P]break loop / s:        0 / s
[P]break / set :          0 %

[P]Throughput:            3609262.005 ops
[P]all request:           153157852 o

[P]GetThroughput:         1786900.696 ops
[P]SetThroughput:         1822361.309 ops

[P]Valid Entries:         1441881.892 / s
[P]set success:           1857246.174 / s

[P]expire scan persec:    8140787.837 / s
[P]total expire scan:     137509971
[P]expire hit persec:     364518.986 / s
[P]total expire hit:      2637444

[P]expire hit rate:       4.477687 %
[P]total expire hit rate: 1.918002 %

[P]get found:             1687742.293 / s

----------------------------------

[INFO]Current Time:       49.60 s

[P]indexs Load Factor:    75.1332 %

[P]full bucket LFactor:   47.8129 %

[P]set request:           79519875 
[P]get request:           76949117 

[P]Get Hit Rate:          92.3819 %
[P]ACC Hit Rate:          88.1383 %

[P]total cuckoo num:      387599 
[P]total cuckoo path:     66866 
[P]total cp perset:       0.000849 / set
[P]total cp percuckoo:    0.172513 / cuckoo num

[P]cuckoo path / s:       1119.336 / s
[P]cp per set * s:        0.000590 / set * s

[P]break loop / s:        0 / s
[P]break / set :          0 %

[P]Throughput:            3687837.520 ops
[P]all request:           156468992 o

[P]GetThroughput:         1855859.453 ops
[P]SetThroughput:         1831978.067 ops

[P]Valid Entries:         1444695.764 / s
[P]set success:           1897664.687 / s

[P]expire scan persec:    8306290.616 / s
[P]total expire scan:     144967808
[P]expire hit persec:     404422.059 / s
[P]total expire hit:      3000556

[P]expire hit rate:       4.868865 %
[P]total expire hit rate: 2.069808 %

[P]get found:             1714477.906 / s

----------------------------------
[INFO]End rx_queue_1:6160536

[INFO]Current Time:       50.50 s

[P]indexs Load Factor:    75.9464 %

[P]full bucket LFactor:   49.0740 %

[P]set request:           80838528 
[P]get request:           78230905 

[P]Get Hit Rate:          92.7429 %
[P]ACC Hit Rate:          88.2137 %

[P]total cuckoo num:      388532 
[P]total cuckoo path:     67682 
[P]total cp perset:       0.000846 / set
[P]total cp percuckoo:    0.174199 / cuckoo num

[P]cuckoo path / s:       909.604 / s
[P]cp per set * s:        0.000617 / set * s

[P]break loop / s:        0 / s
[P]break / set :          0 %

[P]Throughput:            2898738.557 ops
[P]all request:           159069433 o

[P]GetThroughput:         1428822.380 ops
[P]SetThroughput:         1469916.178 ops

[P]Valid Entries:         1099102.198 / s
[P]set success:           1473246.932 / s

[P]expire scan persec:    6558041.772 / s
[P]total expire scan:     150850988
[P]expire hit persec:     335188.950 / s
[P]total expire hit:      3301252

[P]expire hit rate:       5.111113 %
[P]total expire hit rate: 2.188419 %

[P]get found:             1325130.906 / s

----------------------------------

[INFO]Current Time:       51.39 s

[P]indexs Load Factor:    76.8069 %

[P]full bucket LFactor:   50.3690 %

[P]set request:           82013515 
[P]get request:           79393366 

[P]Get Hit Rate:          90.6718 %
[P]ACC Hit Rate:          88.2497 %

[P]total cuckoo num:      389298 
[P]total cuckoo path:     68382 
[P]total cp perset:       0.000842 / set
[P]total cp percuckoo:    0.175655 / cuckoo num

[P]cuckoo path / s:       786.718 / s
[P]cp per set * s:        0.000603 / set * s

[P]break loop / s:        0 / s
[P]break / set :          0 %

[P]Throughput:            2627019.239 ops
[P]all request:           161406881 o

[P]GetThroughput:         1306470.737 ops
[P]SetThroughput:         1320548.502 ops

[P]Valid Entries:         970654.347 / s
[P]set success:           1305260.314 / s

[P]expire scan persec:    5934444.291 / s
[P]total expire scan:     156131290
[P]expire hit persec:     309289.367 / s
[P]total expire hit:      3576449

[P]expire hit rate:       5.211766 %
[P]total expire hit rate: 2.290668 %

[P]get found:             1184600.182 / s

----------------------------------

[INFO]Current Time:       52.27 s

[P]indexs Load Factor:    77.6552 %

[P]full bucket LFactor:   51.6884 %

[P]set request:           83217718 
[P]get request:           80584796 

[P]Get Hit Rate:          92.9596 %
[P]ACC Hit Rate:          88.3194 %

[P]total cuckoo num:      389995 
[P]total cuckoo path:     69035 
[P]total cp perset:       0.000837 / set
[P]total cp percuckoo:    0.177015 / cuckoo num

[P]cuckoo path / s:       738.413 / s
[P]cp per set * s:        0.000524 / set * s

[P]break loop / s:        0 / s
[P]break / set :          0 %

[P]Throughput:            2708983.627 ops
[P]all request:           163802514 o

[P]GetThroughput:         1347269.954 ops
[P]SetThroughput:         1361713.672 ops

[P]Valid Entries:         1016676.959 / s
[P]set success:           1410459.101 / s

[P]expire scan persec:    6244506.848 / s
[P]total expire scan:     161653489
[P]expire hit persec:     349674.128 / s
[P]total expire hit:      3885676

[P]expire hit rate:       5.599708 %
[P]total expire hit rate: 2.403707 %

[P]get found:             1252416.125 / s

----------------------------------

[INFO]Current Time:       53.15 s

[P]indexs Load Factor:    78.3434 %

[P]full bucket LFactor:   52.8307 %

[P]set request:           84360341 
[P]get request:           81753018 

[P]Get Hit Rate:          89.7577 %
[P]ACC Hit Rate:          88.3399 %

[P]total cuckoo num:      390693 
[P]total cuckoo path:     69633 
[P]total cp perset:       0.000833 / set
[P]total cp percuckoo:    0.178229 / cuckoo num

[P]cuckoo path / s:       678.304 / s
[P]cp per set * s:        0.000505 / set * s

[P]break loop / s:        0 / s
[P]break / set :          0 %

[P]Throughput:            2621162.100 ops
[P]all request:           166113359 o

[P]GetThroughput:         1325099.360 ops
[P]SetThroughput:         1296062.740 ops

[P]Valid Entries:         957255.665 / s
[P]set success:           1344462.778 / s

[P]expire scan persec:    5916792.970 / s
[P]total expire scan:     166869798
[P]expire hit persec:     353476.812 / s
[P]total expire hit:      4197305

[P]expire hit rate:       5.974128 %
[P]total expire hit rate: 2.515317 %

[P]get found:             1189378.483 / s

----------------------------------
[INFO]End rx_queue_3:3205482
[INFO]End rx_queue_0:6347742

[INFO]Current Time:       54.03 s

[P]indexs Load Factor:    78.6106 %

[P]full bucket LFactor:   53.3028 %

[P]set request:           84973289 
[P]get request:           82364702 

[P]Get Hit Rate:          89.3939 %
[P]ACC Hit Rate:          88.3477 %

[P]total cuckoo num:      390816 
[P]total cuckoo path:     69772 
[P]total cp perset:       0.000828 / set
[P]total cp percuckoo:    0.178529 / cuckoo num

[P]cuckoo path / s:       157.756 / s
[P]cp per set * s:        0.000227 / set * s

[P]break loop / s:        0 / s
[P]break / set :          0 %

[P]Throughput:            1389875.715 ops
[P]all request:           167337991 o

[P]GetThroughput:         694220.579 ops
[P]SetThroughput:         695655.135 ops

[P]Valid Entries:         487243.917 / s
[P]set success:           695660.810 / s

[P]expire scan persec:    2645883.769 / s
[P]total expire scan:     169201110
[P]expire hit persec:     186964.383 / s
[P]total expire hit:      4362041

[P]expire hit rate:       7.066236 %
[P]total expire hit rate: 2.578022 %

[P]get found:             620590.643 / s

----------------------------------
[INFO]End rx_queue_2:6379374
Finish the job......

[INFO]Current Time:       54.91 s

[P]indexs Load Factor:    78.6144 %

[P]full bucket LFactor:   53.3160 %

[P]set request:           85092689 
[P]get request:           82484103 

[P]Get Hit Rate:          88.9155 %
[P]ACC Hit Rate:          88.3486 %

[P]total cuckoo num:      390833 
[P]total cuckoo path:     69793 
[P]total cp perset:       0.000827 / set
[P]total cp percuckoo:    0.178575 / cuckoo num

[P]cuckoo path / s:       24.001 / s
[P]cp per set * s:        0.000176 / set * s

[P]break loop / s:        0 / s
[P]break / set :          0 %

[P]Throughput:            272927.253 ops
[P]all request:           167576792 o

[P]GetThroughput:         136464.198 ops
[P]SetThroughput:         136463.055 ops

[P]Valid Entries:         94300.085 / s
[P]set success:           136463.055 / s

[P]expire scan persec:    508788.900 / s
[P]total expire scan:     169646281
[P]expire hit persec:     36661.017 / s
[P]total expire hit:      4394118

[P]expire hit rate:       7.205546 %
[P]total expire hit rate: 2.590165 %

[P]get found:             121337.828 / s

----------------------------------

Total Index Entries:      77350184

indexs Load Factor:     78.614446 %

log_0 Load Factor:      9.037194 %

log_1 Load Factor:      9.638549 %

log_2 Load Factor:      8.720149 %

log_3 Load Factor:      5.528249 %

Get Hit Rate:           88.348561%

Max Throughput:         3976674.69

Calc Load Factor:       78.614446%

set request:              25390964 | set_success:              25390964
set_fail:                        0 | set_key_duplicate:          988898 | set_mica_evicted:                0
set_random:                      0 | set_cuckoo_evicted:         106332 | set_expire_evicted:        1324878

get request:              25390964
get_found:                22207993 | get_notfound:              3182971 | get_hit_ratio:          87.464159%

clean up:                        0 | test_notfound:                   0
move_to_head_performed:    2531402 | move_to_head_skipped:     18962508 | move_to_head_failed:        714083


set request:              24642140 | set_success:              24642140
set_fail:                        0 | set_key_duplicate:          766291 | set_mica_evicted:                0
set_random:                      0 | set_cuckoo_evicted:         110033 | set_expire_evicted:         969549

get request:              24642140
get_found:                21817715 | get_notfound:              2824425 | get_hit_ratio:          88.538232%

clean up:                        0 | test_notfound:                   0
move_to_head_performed:    2071509 | move_to_head_skipped:     19225560 | move_to_head_failed:        520646


set request:              25517492 | set_success:              25517492
set_fail:                        0 | set_key_duplicate:         1142599 | set_mica_evicted:                0
set_random:                      0 | set_cuckoo_evicted:         103061 | set_expire_evicted:        1435983

get request:              25517492
get_found:                22095103 | get_notfound:              3422389 | get_hit_ratio:          86.588067%

clean up:                        0 | test_notfound:                   0
move_to_head_performed:    2786220 | move_to_head_skipped:     18489969 | move_to_head_failed:        818914


set request:              12821924 | set_success:              12821924
set_fail:                        0 | set_key_duplicate:          260653 | set_mica_evicted:                0
set_random:                      0 | set_cuckoo_evicted:          36758 | set_expire_evicted:         689446

get request:              12821924
get_found:                10269533 | get_notfound:              2552391 | get_hit_ratio:          80.093541%

clean up:                        0 | test_notfound:                   0
move_to_head_performed:    1272897 | move_to_head_skipped:      8996636 | move_to_head_failed:             0


[INFO] Everything works fine.
deleting piekv......
