EAL: Detected 44 lcore(s)
EAL: Detected 1 NUMA nodes
EAL: Multi-process socket /var/run/dpdk/rte/mp_socket
EAL: Selected IOVA mode 'PA'
EAL: No available hugepages reported in hugepages-1048576kB
[INFO] 单个Log Size为:2 GB
[INFO] 运行proto
[INFO] 运行cleanup
[INFO] 运行reload
[INFO] reload kv size 8
EAL: Probing VFIO support...
EAL: VFIO support initialized
EAL: PCI device 0000:03:00.0 on NUMA socket 0
EAL:   probe driver: 15b3:1017 net_mlx5
WEN: There are 1 device(s) available
starting port 0...
querying port 0...
port 0: 100 Gbps (full-duplex)
Adding UDP filter for each endpoint.
port_id/queue_id/udp_port = 0 0 0
Flow is created with src_port = 0, dst_port = 0
port_id/queue_id/udp_port = 0 1 1
Flow is created with src_port = 0, dst_port = 1
port_id/queue_id/udp_port = 0 2 2
Flow is created with src_port = 0, dst_port = 2
port_id/queue_id/udp_port = 0 3 3
Flow is created with src_port = 0, dst_port = 3
MEM: Initializing pages...
 == [STAT] Workers Start (4 threads in total) == 
trigger:90.000000 

[INFO]Current Time:       5.15 s

[P]indexs Load Factor:    0.0812 %

[P]full bucket LFactor:   0.0000 %

[P]set request:           50039 
[P]get request:           49922 

[P]Get Hit Rate:          49.7576 %
[P]ACC Hit Rate:          49.7576 %

[P]total cuckoo num:      0 
[P]total cuckoo path:     0 
[P]total cp perset:       0.000000 / set
[P]total cp percuckoo:    -nan / cuckoo num

[P]cuckoo path / s:       0 / s
[P]cp per set * s:        0 / set * s

[P]break loop / s:        0 / s
[P]break / set :          0 %

[P]Throughput:            135525.101 ops
[P]all request:           99961 o

[P]GetThroughput:         67683.237 ops
[P]SetThroughput:         67841.864 ops

[P]Valid Entries:         64433.433 / s
[P]set success:           67669.680 / s

[P]get found:             33677.569 / s

----------------------------------

[INFO]Current Time:       5.90 s

[P]indexs Load Factor:    0.2257 %

[P]full bucket LFactor:   0.0000 %

[P]set request:           140746 
[P]get request:           140580 

[P]Get Hit Rate:          56.7396 %
[P]ACC Hit Rate:          54.2602 %

[P]total cuckoo num:      0 
[P]total cuckoo path:     0 
[P]total cp perset:       0.000000 / set
[P]total cp percuckoo:    -nan / cuckoo num

[P]cuckoo path / s:       0 / s
[P]cp per set * s:        0 / set * s

[P]break loop / s:        0 / s
[P]break / set :          0 %

[P]Throughput:            240863.965 ops
[P]all request:           281326 o

[P]GetThroughput:         120399.445 ops
[P]SetThroughput:         120464.520 ops

[P]Valid Entries:         119646.434 / s
[P]set success:           120626.543 / s

[P]get found:             68314.181 / s

----------------------------------

[INFO]Current Time:       6.66 s

[P]indexs Load Factor:    1.6756 %

[P]full bucket LFactor:   0.0000 %

[P]set request:           884571 
[P]get request:           911295 

[P]Get Hit Rate:          61.0511 %
[P]ACC Hit Rate:          60.0035 %

[P]total cuckoo num:      0 
[P]total cuckoo path:     0 
[P]total cp perset:       0.000000 / set
[P]total cp percuckoo:    -nan / cuckoo num

[P]cuckoo path / s:       0 / s
[P]cp per set * s:        0 / set * s

[P]break loop / s:        0 / s
[P]break / set :          0 %

[P]Throughput:            2011557.158 ops
[P]all request:           1795866 o

[P]GetThroughput:         1023635.741 ops
[P]SetThroughput:         987921.417 ops

[P]Valid Entries:         1020173.218 / s
[P]set success:           973577.248 / s

[P]get found:             624940.899 / s

----------------------------------

[INFO]Current Time:       7.40 s

[P]indexs Load Factor:    3.9939 %

[P]full bucket LFactor:   0.0000 %

[P]set request:           2789597 
[P]get request:           2736882 

[P]Get Hit Rate:          67.0389 %
[P]ACC Hit Rate:          64.6963 %

[P]total cuckoo num:      0 
[P]total cuckoo path:     0 
[P]total cp perset:       0.000000 / set
[P]total cp percuckoo:    -nan / cuckoo num

[P]cuckoo path / s:       0 / s
[P]cp per set * s:        0 / set * s

[P]break loop / s:        0 / s
[P]break / set :          0 %

[P]Throughput:            4983973.715 ops
[P]all request:           5526479 o

[P]GetThroughput:         2438922.939 ops
[P]SetThroughput:         2545050.776 ops

[P]Valid Entries:         2467994.904 / s
[P]set success:           2453264.538 / s

[P]get found:             1635026.518 / s

----------------------------------

[INFO]Current Time:       8.20 s

[P]indexs Load Factor:    6.3550 %

[P]full bucket LFactor:   0.0004 %

[P]set request:           4610828 
[P]get request:           4649476 

[P]Get Hit Rate:          73.8106 %
[P]ACC Hit Rate:          68.4456 %

[P]total cuckoo num:      0 
[P]total cuckoo path:     0 
[P]total cp perset:       0.000000 / set
[P]total cp percuckoo:    -nan / cuckoo num

[P]cuckoo path / s:       0 / s
[P]cp per set * s:        0 / set * s

[P]break loop / s:        0 / s
[P]break / set :          0 %

[P]Throughput:            4685131.547 ops
[P]all request:           9260304 o

[P]GetThroughput:         2399886.038 ops
[P]SetThroughput:         2285245.509 ops

[P]Valid Entries:         2420372.843 / s
[P]set success:           2427902.782 / s

[P]get found:             1771371.405 / s

----------------------------------

[INFO]Current Time:       9.04 s

[P]indexs Load Factor:    8.7167 %

[P]full bucket LFactor:   0.0032 %

[P]set request:           6648580 
[P]get request:           6665704 

[P]Get Hit Rate:          77.0798 %
[P]ACC Hit Rate:          71.0572 %

[P]total cuckoo num:      0 
[P]total cuckoo path:     0 
[P]total cp perset:       0.000000 / set
[P]total cp percuckoo:    -nan / cuckoo num

[P]cuckoo path / s:       0 / s
[P]cp per set * s:        0 / set * s

[P]break loop / s:        0 / s
[P]break / set :          0 %

[P]Throughput:            4810948.667 ops
[P]all request:           13314284 o

[P]GetThroughput:         2392702.827 ops
[P]SetThroughput:         2418245.839 ops

[P]Valid Entries:         2397192.198 / s
[P]set success:           2377836.757 / s

[P]get found:             1844289.949 / s

----------------------------------

[INFO]Current Time:       9.91 s

[P]indexs Load Factor:    11.1071 %

[P]full bucket LFactor:   0.0146 %

[P]set request:           8860032 
[P]get request:           8812112 

[P]Get Hit Rate:          78.5025 %
[P]ACC Hit Rate:          72.8707 %

[P]total cuckoo num:      0 
[P]total cuckoo path:     0 
[P]total cp perset:       0.000000 / set
[P]total cp percuckoo:    -nan / cuckoo num

[P]cuckoo path / s:       0 / s
[P]cp per set * s:        0 / set * s

[P]break loop / s:        0 / s
[P]break / set :          0 %

[P]Throughput:            5024373.823 ops
[P]all request:           17672144 o

[P]GetThroughput:         2474690.827 ops
[P]SetThroughput:         2549682.996 ops

[P]Valid Entries:         2432295.879 / s
[P]set success:           2421875.560 / s

[P]get found:             1942695.389 / s

----------------------------------

[INFO]Current Time:       10.80 s

[P]indexs Load Factor:    13.4855 %

[P]full bucket LFactor:   0.0449 %

[P]set request:           11026138 
[P]get request:           10913621 

[P]Get Hit Rate:          81.7754 %
[P]ACC Hit Rate:          74.5854 %

[P]total cuckoo num:      0 
[P]total cuckoo path:     0 
[P]total cp perset:       0.000000 / set
[P]total cp percuckoo:    -nan / cuckoo num

[P]cuckoo path / s:       0 / s
[P]cp per set * s:        0 / set * s

[P]break loop / s:        0 / s
[P]break / set :          0 %

[P]Throughput:            4792956.493 ops
[P]all request:           21939759 o

[P]GetThroughput:         2360203.815 ops
[P]SetThroughput:         2432752.677 ops

[P]Valid Entries:         2392609.730 / s
[P]set success:           2472822.623 / s

[P]get found:             1930066.795 / s

----------------------------------

[INFO]Current Time:       11.71 s

[P]indexs Load Factor:    15.8425 %

[P]full bucket LFactor:   0.1112 %

[P]set request:           13253668 
[P]get request:           13039548 

[P]Get Hit Rate:          84.8984 %
[P]ACC Hit Rate:          76.2668 %

[P]total cuckoo num:      2 
[P]total cuckoo path:     0 
[P]total cp perset:       0.000000 / set
[P]total cp percuckoo:    0.000000 / cuckoo num

[P]cuckoo path / s:       0 / s
[P]cp per set * s:        0 / set * s

[P]break loop / s:        0 / s
[P]break / set :          0 %

[P]Throughput:            4814838.712 ops
[P]all request:           26293216 o

[P]GetThroughput:         2351233.886 ops
[P]SetThroughput:         2463604.826 ops

[P]Valid Entries:         2380414.076 / s
[P]set success:           2427692.532 / s

[P]get found:             1996158.834 / s

----------------------------------

[INFO]Current Time:       12.63 s

[P]indexs Load Factor:    18.1822 %

[P]full bucket LFactor:   0.2349 %

[P]set request:           15489083 
[P]get request:           15207633 

[P]Get Hit Rate:          85.0106 %
[P]ACC Hit Rate:          77.5133 %

[P]total cuckoo num:      8 
[P]total cuckoo path:     0 
[P]total cp perset:       0.000000 / set
[P]total cp percuckoo:    0.000000 / cuckoo num

[P]cuckoo path / s:       0 / s
[P]cp per set * s:        0 / set * s

[P]break loop / s:        0 / s
[P]break / set :          0 %

[P]Throughput:            4787624.826 ops
[P]all request:           30696716 o

[P]GetThroughput:         2357210.758 ops
[P]SetThroughput:         2430414.068 ops

[P]Valid Entries:         2347264.762 / s
[P]set success:           2434547.723 / s

[P]get found:             2003877.848 / s

----------------------------------

[INFO]Current Time:       13.56 s

[P]indexs Load Factor:    20.5442 %

[P]full bucket LFactor:   0.4384 %

[P]set request:           17676513 
[P]get request:           17425432 

[P]Get Hit Rate:          85.0138 %
[P]ACC Hit Rate:          78.4680 %

[P]total cuckoo num:      28 
[P]total cuckoo path:     0 
[P]total cp perset:       0.000000 / set
[P]total cp percuckoo:    0.000000 / cuckoo num

[P]cuckoo path / s:       0 / s
[P]cp per set * s:        0 / set * s

[P]break loop / s:        0 / s
[P]break / set :          0 %

[P]Throughput:            4734881.079 ops
[P]all request:           35101945 o

[P]GetThroughput:         2383761.326 ops
[P]SetThroughput:         2351119.753 ops

[P]Valid Entries:         2371095.506 / s
[P]set success:           2426020.495 / s

[P]get found:             2026526.939 / s

----------------------------------

[INFO]Current Time:       14.49 s

[P]indexs Load Factor:    22.9296 %

[P]full bucket LFactor:   0.7556 %

[P]set request:           19994787 
[P]get request:           19668278 

[P]Get Hit Rate:          87.5995 %
[P]ACC Hit Rate:          79.5093 %

[P]total cuckoo num:      104 
[P]total cuckoo path:     1 
[P]total cp perset:       0.000000 / set
[P]total cp percuckoo:    0.009615 / cuckoo num

[P]cuckoo path / s:       1.072 / s
[P]cp per set * s:        0.000000 / set * s

[P]break loop / s:        0 / s
[P]break / set :          0 %

[P]Throughput:            4891523.477 ops
[P]all request:           39663065 o

[P]GetThroughput:         2405315.770 ops
[P]SetThroughput:         2486207.707 ops

[P]Valid Entries:         2390678.048 / s
[P]set success:           2485418.392 / s

[P]get found:             2107044.715 / s

----------------------------------

[INFO]Current Time:       15.44 s

[P]indexs Load Factor:    25.2946 %

[P]full bucket LFactor:   1.2016 %

[P]set request:           22388361 
[P]get request:           21983155 

[P]Get Hit Rate:          85.9279 %
[P]ACC Hit Rate:          80.1852 %

[P]total cuckoo num:      340 
[P]total cuckoo path:     4 
[P]total cp perset:       0.000000 / set
[P]total cp percuckoo:    0.011765 / cuckoo num

[P]cuckoo path / s:       3.161 / s
[P]cp per set * s:        0.000001 / set * s

[P]break loop / s:        0 / s
[P]break / set :          0 %

[P]Throughput:            4960461.804 ops
[P]all request:           44371516 o

[P]GetThroughput:         2438776.349 ops
[P]SetThroughput:         2521685.455 ops

[P]Valid Entries:         2386031.716 / s
[P]set success:           2409039.607 / s

[P]get found:             2095590.152 / s

----------------------------------

[INFO]Current Time:       16.39 s

[P]indexs Load Factor:    27.6676 %

[P]full bucket LFactor:   1.8046 %

[P]set request:           24787541 
[P]get request:           24301295 

[P]Get Hit Rate:          86.7917 %
[P]ACC Hit Rate:          80.8154 %

[P]total cuckoo num:      903 
[P]total cuckoo path:     12 
[P]total cp perset:       0.000000 / set
[P]total cp percuckoo:    0.013289 / cuckoo num

[P]cuckoo path / s:       8.407 / s
[P]cp per set * s:        0.000003 / set * s

[P]break loop / s:        0 / s
[P]break / set :          0 %

[P]Throughput:            4957053.084 ops
[P]all request:           49088836 o

[P]GetThroughput:         2435947.325 ops
[P]SetThroughput:         2521105.759 ops

[P]Valid Entries:         2381100.838 / s
[P]set success:           2480061.790 / s

[P]get found:             2114201.025 / s

----------------------------------

[INFO]Current Time:       17.34 s

[P]indexs Load Factor:    30.0274 %

[P]full bucket LFactor:   2.5645 %

[P]set request:           27151087 
[P]get request:           26584461 

[P]Get Hit Rate:          90.3541 %
[P]ACC Hit Rate:          81.6346 %

[P]total cuckoo num:      2071 
[P]total cuckoo path:     33 
[P]total cp perset:       0.000001 / set
[P]total cp percuckoo:    0.015934 / cuckoo num

[P]cuckoo path / s:       22.021 / s
[P]cp per set * s:        0.000009 / set * s

[P]break loop / s:        0 / s
[P]break / set :          0 %

[P]Throughput:            4872615.842 ops
[P]all request:           53735548 o

[P]GetThroughput:         2394164.050 ops
[P]SetThroughput:         2478451.792 ops

[P]Valid Entries:         2374358.842 / s
[P]set success:           2401821.043 / s

[P]get found:             2163226.333 / s

----------------------------------

[INFO]Current Time:       18.30 s

[P]indexs Load Factor:    32.3454 %

[P]full bucket LFactor:   3.4889 %

[P]set request:           29507772 
[P]get request:           28894004 

[P]Get Hit Rate:          89.7602 %
[P]ACC Hit Rate:          82.2841 %

[P]total cuckoo num:      4318 
[P]total cuckoo path:     79 
[P]total cp perset:       0.000003 / set
[P]total cp percuckoo:    0.018296 / cuckoo num

[P]cuckoo path / s:       48.108 / s
[P]cp per set * s:        0.000020 / set * s

[P]break loop / s:        0 / s
[P]break / set :          0 %

[P]Throughput:            4880062.567 ops
[P]all request:           58401776 o

[P]GetThroughput:         2415380.119 ops
[P]SetThroughput:         2464682.448 ops

[P]Valid Entries:         2360423.008 / s
[P]set success:           2461403.784 / s

[P]get found:             2168049.590 / s

----------------------------------

[INFO]Current Time:       19.26 s

[P]indexs Load Factor:    34.6938 %

[P]full bucket LFactor:   4.6007 %

[P]set request:           31864894 
[P]get request:           31205861 

[P]Get Hit Rate:          90.0585 %
[P]ACC Hit Rate:          82.8600 %

[P]total cuckoo num:      8366 
[P]total cuckoo path:     228 
[P]total cp perset:       0.000007 / set
[P]total cp percuckoo:    0.027253 / cuckoo num

[P]cuckoo path / s:       154.729 / s
[P]cp per set * s:        0.000064 / set * s

[P]break loop / s:        0 / s
[P]break / set :          0 %

[P]Throughput:            4848514.790 ops
[P]all request:           63070755 o

[P]GetThroughput:         2400754.610 ops
[P]SetThroughput:         2447760.180 ops

[P]Valid Entries:         2344354.156 / s
[P]set success:           2408968.772 / s

[P]get found:             2162082.825 / s

----------------------------------

[INFO]Current Time:       20.22 s

[P]indexs Load Factor:    37.0195 %

[P]full bucket LFactor:   5.8914 %

[P]set request:           34301543 
[P]get request:           33557829 

[P]Get Hit Rate:          91.0206 %
[P]ACC Hit Rate:          83.4320 %

[P]total cuckoo num:      15244 
[P]total cuckoo path:     486 
[P]total cp perset:       0.000014 / set
[P]total cp percuckoo:    0.031881 / cuckoo num

[P]cuckoo path / s:       268.030 / s
[P]cp per set * s:        0.000111 / set * s

[P]break loop / s:        0 / s
[P]break / set :          0 %

[P]Throughput:            4974773.184 ops
[P]all request:           67859372 o

[P]GetThroughput:         2443400.116 ops
[P]SetThroughput:         2531373.067 ops

[P]Valid Entries:         2385467.267 / s
[P]set success:           2416134.849 / s

[P]get found:             2223998.085 / s

----------------------------------

[INFO]Current Time:       21.19 s

[P]indexs Load Factor:    39.3387 %

[P]full bucket LFactor:   7.3569 %

[P]set request:           36708421 
[P]get request:           35881826 

[P]Get Hit Rate:          88.7841 %
[P]ACC Hit Rate:          83.7786 %

[P]total cuckoo num:      26045 
[P]total cuckoo path:     1067 
[P]total cp perset:       0.000029 / set
[P]total cp percuckoo:    0.040968 / cuckoo num

[P]cuckoo path / s:       603.615 / s
[P]cp per set * s:        0.000249 / set * s

[P]break loop / s:        0 / s
[P]break / set :          0 %

[P]Throughput:            4915021.435 ops
[P]all request:           72590247 o

[P]GetThroughput:         2414457.171 ops
[P]SetThroughput:         2500564.264 ops

[P]Valid Entries:         2354137.221 / s
[P]set success:           2421645.489 / s

[P]get found:             2143654.256 / s

----------------------------------

[INFO]Current Time:       22.16 s

[P]indexs Load Factor:    41.6706 %

[P]full bucket LFactor:   8.9990 %

[P]set request:           39139459 
[P]get request:           38225372 

[P]Get Hit Rate:          90.7590 %
[P]ACC Hit Rate:          84.2066 %

[P]total cuckoo num:      43005 
[P]total cuckoo path:     2119 
[P]total cp perset:       0.000055 / set
[P]total cp percuckoo:    0.049273 / cuckoo num

[P]cuckoo path / s:       1079.154 / s
[P]cp per set * s:        0.000447 / set * s

[P]break loop / s:        0 / s
[P]break / set :          0 %

[P]Throughput:            4897822.930 ops
[P]all request:           77364831 o

[P]GetThroughput:         2404036.318 ops
[P]SetThroughput:         2493786.613 ops

[P]Valid Entries:         2343803.747 / s
[P]set success:           2414303.664 / s

[P]get found:             2181880.435 / s

----------------------------------

[INFO]Current Time:       23.14 s

[P]indexs Load Factor:    43.9642 %

[P]full bucket LFactor:   10.7818 %

[P]set request:           41515712 
[P]get request:           40550208 

[P]Get Hit Rate:          92.5958 %
[P]ACC Hit Rate:          84.6876 %

[P]total cuckoo num:      67725 
[P]total cuckoo path:     4011 
[P]total cp perset:       0.000098 / set
[P]total cp percuckoo:    0.059225 / cuckoo num

[P]cuckoo path / s:       1932.930 / s
[P]cp per set * s:        0.000788 / set * s

[P]break loop / s:        0 / s
[P]break / set :          0 %

[P]Throughput:            4802787.584 ops
[P]all request:           82065920 o

[P]GetThroughput:         2375129.140 ops
[P]SetThroughput:         2427658.443 ops

[P]Valid Entries:         2349063.196 / s
[P]set success:           2454379.254 / s

[P]get found:             2199270.347 / s

----------------------------------

[INFO]Current Time:       24.11 s

[P]indexs Load Factor:    46.2279 %

[P]full bucket LFactor:   12.6864 %

[P]set request:           43898842 
[P]get request:           42846270 

[P]Get Hit Rate:          94.3620 %
[P]ACC Hit Rate:          85.2060 %

[P]total cuckoo num:      101813 
[P]total cuckoo path:     7145 
[P]total cp perset:       0.000165 / set
[P]total cp percuckoo:    0.070178 / cuckoo num

[P]cuckoo path / s:       3226.255 / s
[P]cp per set * s:        0.001340 / set * s

[P]break loop / s:        0 / s
[P]break / set :          0 %

[P]Throughput:            4816933.213 ops
[P]all request:           86745112 o

[P]GetThroughput:         2363651.097 ops
[P]SetThroughput:         2453282.115 ops

[P]Valid Entries:         2336747.792 / s
[P]set success:           2406783.477 / s

[P]get found:             2230389.453 / s

----------------------------------

[INFO]Current Time:       25.08 s

[P]indexs Load Factor:    48.4314 %

[P]full bucket LFactor:   14.6799 %

[P]set request:           46247207 
[P]get request:           45075340 

[P]Get Hit Rate:          93.3492 %
[P]ACC Hit Rate:          85.6087 %

[P]total cuckoo num:      147429 
[P]total cuckoo path:     12167 
[P]total cp perset:       0.000267 / set
[P]total cp percuckoo:    0.082528 / cuckoo num

[P]cuckoo path / s:       5196.240 / s
[P]cp per set * s:        0.002248 / set * s

[P]break loop / s:        0 / s
[P]break / set :          0 %

[P]Throughput:            4736250.498 ops
[P]all request:           91322547 o

[P]GetThroughput:         2306408.261 ops
[P]SetThroughput:         2429842.237 ops

[P]Valid Entries:         2278609.102 / s
[P]set success:           2311323.064 / s

[P]get found:             2153014.682 / s

----------------------------------

[INFO]Current Time:       26.05 s

[P]indexs Load Factor:    50.6632 %

[P]full bucket LFactor:   16.8282 %

[P]set request:           48578270 
[P]get request:           47319434 

[P]Get Hit Rate:          96.5475 %
[P]ACC Hit Rate:          86.1275 %

[P]total cuckoo num:      208423 
[P]total cuckoo path:     20022 
[P]total cp perset:       0.000418 / set
[P]total cp percuckoo:    0.096064 / cuckoo num

[P]cuckoo path / s:       8064.830 / s
[P]cp per set * s:        0.003339 / set * s

[P]break loop / s:        0 / s
[P]break / set :          0 %

[P]Throughput:            4697372.796 ops
[P]all request:           95897704 o

[P]GetThroughput:         2304040.300 ops
[P]SetThroughput:         2393332.496 ops

[P]Valid Entries:         2308671.802 / s
[P]set success:           2415092.649 / s

[P]get found:             2224493.663 / s

----------------------------------

[INFO]Current Time:       27.02 s

[P]indexs Load Factor:    52.8336 %

[P]full bucket LFactor:   19.0352 %

[P]set request:           50911257 
[P]get request:           49564478 

[P]Get Hit Rate:          95.5963 %
[P]ACC Hit Rate:          86.5564 %

[P]total cuckoo num:      286865 
[P]total cuckoo path:     31783 
[P]total cp perset:       0.000633 / set
[P]total cp percuckoo:    0.110794 / cuckoo num

[P]cuckoo path / s:       12106.346 / s
[P]cp per set * s:        0.005073 / set * s

[P]break loop / s:        0 / s
[P]break / set :          0 %

[P]Throughput:            4712458.922 ops
[P]all request:           100475735 o

[P]GetThroughput:         2310966.795 ops
[P]SetThroughput:         2401492.127 ops

[P]Valid Entries:         2280084.855 / s
[P]set success:           2386571.500 / s

[P]get found:             2209197.724 / s

----------------------------------

[INFO]Current Time:       27.99 s

[P]indexs Load Factor:    54.9111 %

[P]full bucket LFactor:   21.2440 %

[P]set request:           53185768 
[P]get request:           51788510 

[P]Get Hit Rate:          94.3928 %
[P]ACC Hit Rate:          86.8929 %

[P]total cuckoo num:      382864 
[P]total cuckoo path:     48416 
[P]total cp perset:       0.000922 / set
[P]total cp percuckoo:    0.126457 / cuckoo num

[P]cuckoo path / s:       17187.894 / s
[P]cp per set * s:        0.007359 / set * s

[P]break loop / s:        0 / s
[P]break / set :          0 %

[P]Throughput:            4648619.119 ops
[P]all request:           104974278 o

[P]GetThroughput:         2298228.043 ops
[P]SetThroughput:         2350391.076 ops

[P]Valid Entries:         2230768.167 / s
[P]set success:           2335708.049 / s

[P]get found:             2169361.720 / s

----------------------------------

[INFO]Current Time:       28.95 s

[P]indexs Load Factor:    56.9297 %

[P]full bucket LFactor:   23.4791 %

[P]set request:           55361179 
[P]get request:           53916868 

[P]Get Hit Rate:          93.1723 %
[P]ACC Hit Rate:          87.1408 %

[P]total cuckoo num:      495559 
[P]total cuckoo path:     70340 
[P]total cp perset:       0.001287 / set
[P]total cp percuckoo:    0.141941 / cuckoo num

[P]cuckoo path / s:       22993.257 / s
[P]cp per set * s:        0.010141 / set * s

[P]break loop / s:        0 / s
[P]break / set :          0 %

[P]Throughput:            4513668.425 ops
[P]all request:           109278047 o

[P]GetThroughput:         2232160.300 ops
[P]SetThroughput:         2281508.125 ops

[P]Valid Entries:         2165504.606 / s
[P]set success:           2267257.424 / s

[P]get found:             2079754.985 / s

----------------------------------

[INFO]Current Time:       29.90 s

[P]indexs Load Factor:    58.8725 %

[P]full bucket LFactor:   25.7053 %

[P]set request:           57524358 
[P]get request:           56002121 

[P]Get Hit Rate:          94.8786 %
[P]ACC Hit Rate:          87.4289 %

[P]total cuckoo num:      628497 
[P]total cuckoo path:     99119 
[P]total cp perset:       0.001747 / set
[P]total cp percuckoo:    0.157708 / cuckoo num

[P]cuckoo path / s:       30029.830 / s
[P]cp per set * s:        0.013799 / set * s

[P]break loop / s:        0 / s
[P]break / set :          0 %

[P]Throughput:            4433082.835 ops
[P]all request:           113526479 o

[P]GetThroughput:         2175884.957 ops
[P]SetThroughput:         2257197.878 ops

[P]Valid Entries:         2109818.079 / s
[P]set success:           2176184.431 / s

[P]get found:             2064449.339 / s

----------------------------------

[INFO]Current Time:       30.86 s

[P]indexs Load Factor:    60.7356 %

[P]full bucket LFactor:   27.9094 %

[P]set request:           59608940 
[P]get request:           58014853 

[P]Get Hit Rate:          93.5823 %
[P]ACC Hit Rate:          87.6424 %

[P]total cuckoo num:      779833 
[P]total cuckoo path:     136564 
[P]total cp perset:       0.002327 / set
[P]total cp percuckoo:    0.175120 / cuckoo num

[P]cuckoo path / s:       39052.644 / s
[P]cp per set * s:        0.019175 / set * s

[P]break loop / s:        0 / s
[P]break / set :          0 %

[P]Throughput:            4273225.904 ops
[P]all request:           117623793 o

[P]GetThroughput:         2099145.567 ops
[P]SetThroughput:         2174080.337 ops

[P]Valid Entries:         2003078.880 / s
[P]set success:           2036635.264 / s

[P]get found:             1964427.765 / s

----------------------------------

[INFO]Current Time:       31.82 s

[P]indexs Load Factor:    62.4756 %

[P]full bucket LFactor:   30.0350 %

[P]set request:           61558270 
[P]get request:           59899860 

[P]Get Hit Rate:          95.0176 %
[P]ACC Hit Rate:          87.8745 %

[P]total cuckoo num:      947169 
[P]total cuckoo path:     182973 
[P]total cp perset:       0.003018 / set
[P]total cp percuckoo:    0.193179 / cuckoo num

[P]cuckoo path / s:       48734.711 / s
[P]cp per set * s:        0.023939 / set * s

[P]break loop / s:        0 / s
[P]break / set :          0 %

[P]Throughput:            4026488.533 ops
[P]all request:           121458130 o

[P]GetThroughput:         1979471.046 ops
[P]SetThroughput:         2047017.488 ops

[P]Valid Entries:         1943607.574 / s
[P]set success:           2035829.580 / s

[P]get found:             1880845.448 / s

----------------------------------

[INFO]Current Time:       32.76 s

[P]indexs Load Factor:    64.0868 %

[P]full bucket LFactor:   32.0271 %

[P]set request:           63390024 
[P]get request:           61672285 

[P]Get Hit Rate:          95.3009 %
[P]ACC Hit Rate:          88.0879 %

[P]total cuckoo num:      1124717 
[P]total cuckoo path:     237439 
[P]total cp perset:       0.003804 / set
[P]total cp percuckoo:    0.211110 / cuckoo num

[P]cuckoo path / s:       57609.036 / s
[P]cp per set * s:        0.030332 / set * s

[P]break loop / s:        0 / s
[P]break / set :          0 %

[P]Throughput:            3812163.144 ops
[P]all request:           125062309 o

[P]GetThroughput:         1874705.241 ops
[P]SetThroughput:         1937457.903 ops

[P]Valid Entries:         1813009.228 / s
[P]set success:           1899269.414 / s

[P]get found:             1786610.992 / s

----------------------------------

[INFO]Current Time:       33.70 s

[P]indexs Load Factor:    65.6438 %

[P]full bucket LFactor:   34.0148 %

[P]set request:           65177178 
[P]get request:           63403064 

[P]Get Hit Rate:          96.9848 %
[P]ACC Hit Rate:          88.3308 %

[P]total cuckoo num:      1324455 
[P]total cuckoo path:     304291 
[P]total cp perset:       0.004740 / set
[P]total cp percuckoo:    0.229748 / cuckoo num

[P]cuckoo path / s:       71330.568 / s
[P]cp per set * s:        0.037565 / set * s

[P]break loop / s:        0 / s
[P]break / set :          0 %

[P]Throughput:            3753607.377 ops
[P]all request:           128580242 o

[P]GetThroughput:         1846727.843 ops
[P]SetThroughput:         1906879.533 ops

[P]Valid Entries:         1812275.729 / s
[P]set success:           1898842.948 / s

[P]get found:             1791045.784 / s

----------------------------------

[INFO]Current Time:       34.63 s

[P]indexs Load Factor:    67.1538 %

[P]full bucket LFactor:   35.9505 %

[P]set request:           66830034 
[P]get request:           65031987 

[P]Get Hit Rate:          95.4996 %
[P]ACC Hit Rate:          88.5103 %

[P]total cuckoo num:      1531350 
[P]total cuckoo path:     380669 
[P]total cp perset:       0.005783 / set
[P]total cp percuckoo:    0.248584 / cuckoo num

[P]cuckoo path / s:       81740.856 / s
[P]cp per set * s:        0.047028 / set * s

[P]break loop / s:        0 / s
[P]break / set :          0 %

[P]Throughput:            3512208.031 ops
[P]all request:           131862021 o

[P]GetThroughput:         1743297.292 ops
[P]SetThroughput:         1768910.739 ops

[P]Valid Entries:         1684447.257 / s
[P]set success:           1738135.646 / s

[P]get found:             1664841.995 / s

----------------------------------

[INFO]Current Time:       35.57 s

[P]indexs Load Factor:    68.5751 %

[P]full bucket LFactor:   37.8261 %

[P]set request:           68493862 
[P]get request:           66622327 

[P]Get Hit Rate:          97.2197 %
[P]ACC Hit Rate:          88.7182 %

[P]total cuckoo num:      1759085 
[P]total cuckoo path:     470826 
[P]total cp perset:       0.006982 / set
[P]total cp percuckoo:    0.267654 / cuckoo num

[P]cuckoo path / s:       96592.881 / s
[P]cp per set * s:        0.056052 / set * s

[P]break loop / s:        0 / s
[P]break / set :          0 %

[P]Throughput:            3486467.617 ops
[P]all request:           135116189 o

[P]GetThroughput:         1703866.829 ops
[P]SetThroughput:         1782600.788 ops

[P]Valid Entries:         1671726.342 / s
[P]set success:           1723282.472 / s

[P]get found:             1656494.458 / s

----------------------------------

[INFO]Current Time:       36.49 s

[P]indexs Load Factor:    69.9550 %

[P]full bucket LFactor:   39.6715 %

[P]set request:           70034926 
[P]get request:           68143592 

[P]Get Hit Rate:          94.3252 %
[P]ACC Hit Rate:          88.8434 %

[P]total cuckoo num:      1994535 
[P]total cuckoo path:     572697 
[P]total cp perset:       0.008303 / set
[P]total cp percuckoo:    0.287133 / cuckoo num

[P]cuckoo path / s:       110058.933 / s
[P]cp per set * s:        0.066201 / set * s

[P]break loop / s:        0 / s
[P]break / set :          0 %

[P]Throughput:            3308465.232 ops
[P]all request:           138178518 o

[P]GetThroughput:         1643537.439 ops
[P]SetThroughput:         1664927.793 ops

[P]Valid Entries:         1587053.247 / s
[P]set success:           1662486.145 / s

[P]get found:             1550269.702 / s

----------------------------------

[INFO]Current Time:       37.42 s

[P]indexs Load Factor:    71.1452 %

[P]full bucket LFactor:   41.3197 %

[P]set request:           71507986 
[P]get request:           69578328 

[P]Get Hit Rate:          94.3572 %
[P]ACC Hit Rate:          88.9571 %

[P]total cuckoo num:      2236314 
[P]total cuckoo path:     685327 
[P]total cp perset:       0.009735 / set
[P]total cp percuckoo:    0.306454 / cuckoo num

[P]cuckoo path / s:       121443.264 / s
[P]cp per set * s:        0.078965 / set * s

[P]break loop / s:        0 / s
[P]break / set :          0 %

[P]Throughput:            3135330.169 ops
[P]all request:           141086314 o

[P]GetThroughput:         1547003.664 ops
[P]SetThroughput:         1588326.505 ops

[P]Valid Entries:         1493137.543 / s
[P]set success:           1537945.288 / s

[P]get found:             1459708.568 / s

----------------------------------

[INFO]Current Time:       38.33 s

[P]indexs Load Factor:    72.3021 %

[P]full bucket LFactor:   42.9019 %

[P]set request:           72817073 
[P]get request:           70837286 

[P]Get Hit Rate:          97.3030 %
[P]ACC Hit Rate:          89.1054 %

[P]total cuckoo num:      2469224 
[P]total cuckoo path:     801849 
[P]total cp perset:       0.011185 / set
[P]total cp percuckoo:    0.324737 / cuckoo num

[P]cuckoo path / s:       127200.221 / s
[P]cp per set * s:        0.090309 / set * s

[P]break loop / s:        0 / s
[P]break / set :          0 %

[P]Throughput:            2803383.847 ops
[P]all request:           143654359 o

[P]GetThroughput:         1374330.481 ops
[P]SetThroughput:         1429053.365 ops

[P]Valid Entries:         1345753.497 / s
[P]set success:           1408499.944 / s

[P]get found:             1337264.894 / s

----------------------------------

[INFO]Current Time:       39.24 s

[P]indexs Load Factor:    73.4576 %

[P]full bucket LFactor:   44.5083 %

[P]set request:           74109436 
[P]get request:           72098775 

[P]Get Hit Rate:          96.0185 %
[P]ACC Hit Rate:          89.2264 %

[P]total cuckoo num:      2715475 
[P]total cuckoo path:     933394 
[P]total cp perset:       0.012793 / set
[P]total cp percuckoo:    0.343731 / cuckoo num

[P]cuckoo path / s:       144510.482 / s
[P]cp per set * s:        0.103345 / set * s

[P]break loop / s:        0 / s
[P]break / set :          0 %

[P]Throughput:            2805567.551 ops
[P]all request:           146208211 o

[P]GetThroughput:         1385825.257 ops
[P]SetThroughput:         1419742.294 ops

[P]Valid Entries:         1336724.980 / s
[P]set success:           1398333.496 / s

[P]get found:             1330648.827 / s

----------------------------------

[INFO]Current Time:       40.16 s

[P]indexs Load Factor:    74.5771 %

[P]full bucket LFactor:   46.0950 %

[P]set request:           75399548 
[P]get request:           73378690 

[P]Get Hit Rate:          94.5904 %
[P]ACC Hit Rate:          89.3200 %

[P]total cuckoo num:      2984317 
[P]total cuckoo path:     1086183 
[P]total cp perset:       0.014628 / set
[P]total cp percuckoo:    0.363964 / cuckoo num

[P]cuckoo path / s:       167453.931 / s
[P]cp per set * s:        0.118248 / set * s

[P]break loop / s:        0 / s
[P]break / set :          0 %

[P]Throughput:            2816702.272 ops
[P]all request:           148778238 o

[P]GetThroughput:         1402763.274 ops
[P]SetThroughput:         1413938.998 ops

[P]Valid Entries:         1354651.874 / s
[P]set success:           1416128.769 / s

[P]get found:             1326879.701 / s

----------------------------------

[INFO]Current Time:       41.07 s

[P]indexs Load Factor:    75.6428 %

[P]full bucket LFactor:   47.6307 %

[P]set request:           76641321 
[P]get request:           74593502 

[P]Get Hit Rate:          96.2183 %
[P]ACC Hit Rate:          89.4323 %

[P]total cuckoo num:      3256219 
[P]total cuckoo path:     1251467 
[P]total cp perset:       0.016585 / set
[P]total cp percuckoo:    0.384331 / cuckoo num

[P]cuckoo path / s:       181959.506 / s
[P]cp per set * s:        0.137059 / set * s

[P]break loop / s:        0 / s
[P]break / set :          0 %

[P]Throughput:            2704429.906 ops
[P]all request:           151234823 o

[P]GetThroughput:         1337374.405 ops
[P]SetThroughput:         1367055.501 ops

[P]Valid Entries:         1289902.927 / s
[P]set success:           1327595.199 / s

[P]get found:             1286799.518 / s

----------------------------------

[INFO]Current Time:       41.97 s

[P]indexs Load Factor:    76.6547 %

[P]full bucket LFactor:   49.1072 %

[P]set request:           77826000 
[P]get request:           75753972 

[P]Get Hit Rate:          94.7595 %
[P]ACC Hit Rate:          89.5139 %

[P]total cuckoo num:      3531840 
[P]total cuckoo path:     1429279 
[P]total cp perset:       0.018652 / set
[P]total cp percuckoo:    0.404684 / cuckoo num

[P]cuckoo path / s:       196177.133 / s
[P]cp per set * s:        0.152036 / set * s

[P]break loop / s:        0 / s
[P]break / set :          0 %

[P]Throughput:            2587365.350 ops
[P]all request:           153579972 o

[P]GetThroughput:         1280327.974 ops
[P]SetThroughput:         1307037.376 ops

[P]Valid Entries:         1234578.097 / s
[P]set success:           1290330.346 / s

[P]get found:             1213232.861 / s

----------------------------------

[INFO]Current Time:       42.88 s

[P]indexs Load Factor:    77.6039 %

[P]full bucket LFactor:   50.5205 %

[P]set request:           78940427 
[P]get request:           76863761 

[P]Get Hit Rate:          94.7952 %
[P]ACC Hit Rate:          89.5902 %

[P]total cuckoo num:      3812076 
[P]total cuckoo path:     1620621 
[P]total cp perset:       0.020849 / set
[P]total cp percuckoo:    0.425128 / cuckoo num

[P]cuckoo path / s:       211595.922 / s
[P]cp per set * s:        0.173767 / set * s

[P]break loop / s:        0 / s
[P]break / set :          0 %

[P]Throughput:            2459653.584 ops
[P]all request:           155804188 o

[P]GetThroughput:         1227262.322 ops
[P]SetThroughput:         1232391.263 ops

[P]Valid Entries:         1183733.777 / s
[P]set success:           1217700.020 / s

[P]get found:             1163386.102 / s

----------------------------------

[INFO]Current Time:       43.78 s

[P]indexs Load Factor:    78.5038 %

[P]full bucket LFactor:   51.8686 %

[P]set request:           79998395 
[P]get request:           77902155 

[P]Get Hit Rate:          96.3484 %
[P]ACC Hit Rate:          89.6802 %

[P]total cuckoo num:      4088680 
[P]total cuckoo path:     1820551 
[P]total cp perset:       0.023111 / set
[P]total cp percuckoo:    0.445266 / cuckoo num

[P]cuckoo path / s:       222158.016 / s
[P]cp per set * s:        0.191164 / set * s

[P]break loop / s:        0 / s
[P]break / set :          0 %

[P]Throughput:            2329433.412 ops
[P]all request:           157900550 o

[P]GetThroughput:         1153841.597 ops
[P]SetThroughput:         1175591.815 ops

[P]Valid Entries:         1113156.890 / s
[P]set success:           1162130.992 / s

[P]get found:             1111707.912 / s

----------------------------------

[INFO]Current Time:       44.66 s

[P]indexs Load Factor:    79.3711 %

[P]full bucket LFactor:   53.1919 %

[P]set request:           80990047 
[P]get request:           78891906 

[P]Get Hit Rate:          96.4323 %
[P]ACC Hit Rate:          89.7650 %

[P]total cuckoo num:      4365214 
[P]total cuckoo path:     2031425 
[P]total cp perset:       0.025465 / set
[P]total cp percuckoo:    0.465367 / cuckoo num

[P]cuckoo path / s:       237879.538 / s
[P]cp per set * s:        0.211559 / set * s

[P]break loop / s:        0 / s
[P]break / set :          0 %

[P]Throughput:            2235150.988 ops
[P]all request:           159881953 o

[P]GetThroughput:         1116503.268 ops
[P]SetThroughput:         1118647.719 ops

[P]Valid Entries:         1076687.093 / s
[P]set success:           1124413.259 / s

[P]get found:             1076670.172 / s

----------------------------------

[INFO]Current Time:       45.56 s

[P]indexs Load Factor:    80.1937 %

[P]full bucket LFactor:   54.4622 %

[P]set request:           81950118 
[P]get request:           79850669 

[P]Get Hit Rate:          96.4598 %
[P]ACC Hit Rate:          89.8453 %

[P]total cuckoo num:      4645283 
[P]total cuckoo path:     2255778 
[P]total cp perset:       0.027940 / set
[P]total cp percuckoo:    0.485606 / cuckoo num

[P]cuckoo path / s:       250548.337 / s
[P]cp per set * s:        0.232453 / set * s

[P]break loop / s:        0 / s
[P]break / set :          0 %

[P]Throughput:            2142876.041 ops
[P]all request:           161800787 o

[P]GetThroughput:         1070707.660 ops
[P]SetThroughput:         1072168.381 ops

[P]Valid Entries:         1032143.722 / s
[P]set success:           1077844.870 / s

[P]get found:             1032802.610 / s

----------------------------------

[INFO]Current Time:       46.45 s

[P]indexs Load Factor:    80.9788 %

[P]full bucket LFactor:   55.6988 %

[P]set request:           82861412 
[P]get request:           80761717 

[P]Get Hit Rate:          96.4785 %
[P]ACC Hit Rate:          89.9202 %

[P]total cuckoo num:      4924302 
[P]total cuckoo path:     2490837 
[P]total cp perset:       0.030505 / set
[P]total cp percuckoo:    0.505825 / cuckoo num

[P]cuckoo path / s:       264210.365 / s
[P]cp per set * s:        0.256486 / set * s

[P]break loop / s:        0 / s
[P]break / set :          0 %

[P]Throughput:            2048343.800 ops
[P]all request:           163623129 o

[P]GetThroughput:         1024033.646 ops
[P]SetThroughput:         1024310.154 ops

[P]Valid Entries:         986754.491 / s
[P]set success:           1030116.827 / s

[P]get found:             987971.801 / s

----------------------------------

[INFO]Current Time:       47.33 s

[P]indexs Load Factor:    81.6102 %

[P]full bucket LFactor:   56.7450 %

[P]set request:           83745272 
[P]get request:           81632157 

[P]Get Hit Rate:          96.5227 %
[P]ACC Hit Rate:          89.9906 %

[P]total cuckoo num:      5202413 
[P]total cuckoo path:     2735785 
[P]total cp perset:       0.033155 / set
[P]total cp percuckoo:    0.525868 / cuckoo num

[P]cuckoo path / s:       276592.386 / s
[P]cp per set * s:        0.284245 / set * s

[P]break loop / s:        0 / s
[P]break / set :          0 %

[P]Throughput:            1980934.823 ops
[P]all request:           165377429 o

[P]GetThroughput:         982890.559 ops
[P]SetThroughput:         998044.264 ops

[P]Valid Entries:         948136.405 / s
[P]set success:           973079.043 / s

[P]get found:             948712.291 / s

----------------------------------
[INFO]End rx_queue_1:1026133

[INFO]Current Time:       48.21 s

[P]indexs Load Factor:    82.1096 %

[P]full bucket LFactor:   57.5412 %

[P]set request:           84307145 
[P]get request:           82188206 

[P]Get Hit Rate:          95.9570 %
[P]ACC Hit Rate:          90.0309 %

[P]total cuckoo num:      5385028 
[P]total cuckoo path:     2901789 
[P]total cp perset:       0.034935 / set
[P]total cp percuckoo:    0.538862 / cuckoo num

[P]cuckoo path / s:       188392.161 / s
[P]cp per set * s:        0.303027 / set * s

[P]break loop / s:        0 / s
[P]break / set :          0 %

[P]Throughput:            1268690.764 ops
[P]all request:           166495351 o

[P]GetThroughput:         631040.655 ops
[P]SetThroughput:         637650.110 ops

[P]Valid Entries:         603135.454 / s
[P]set success:           621701.849 / s

[P]get found:             605527.750 / s

----------------------------------

[INFO]Current Time:       49.09 s

[P]indexs Load Factor:    82.5929 %

[P]full bucket LFactor:   58.3279 %

[P]set request:           84881810 
[P]get request:           82758046 

[P]Get Hit Rate:          95.9117 %
[P]ACC Hit Rate:          90.0714 %

[P]total cuckoo num:      5576210 
[P]total cuckoo path:     3081689 
[P]total cp perset:       0.036847 / set
[P]total cp percuckoo:    0.552649 / cuckoo num

[P]cuckoo path / s:       204793.219 / s
[P]cp per set * s:        0.315169 / set * s

[P]break loop / s:        0 / s
[P]break / set :          0 %

[P]Throughput:            1302873.056 ops
[P]all request:           167639856 o

[P]GetThroughput:         648690.204 ops
[P]SetThroughput:         654182.852 ops

[P]Valid Entries:         621758.587 / s
[P]set success:           649788.734 / s

[P]get found:             622169.539 / s

----------------------------------

[INFO]Current Time:       49.97 s

[P]indexs Load Factor:    83.0796 %

[P]full bucket LFactor:   59.1279 %

[P]set request:           85448491 
[P]get request:           83311982 

[P]Get Hit Rate:          97.3708 %
[P]ACC Hit Rate:          90.1200 %

[P]total cuckoo num:      5770159 
[P]total cuckoo path:     3269765 
[P]total cp perset:       0.038835 / set
[P]total cp percuckoo:    0.566668 / cuckoo num

[P]cuckoo path / s:       215468.284 / s
[P]cp per set * s:        0.334011 / set * s

[P]break loop / s:        0 / s
[P]break / set :          0 %

[P]Throughput:            1283828.997 ops
[P]all request:           168760473 o

[P]GetThroughput:         634613.877 ops
[P]SetThroughput:         649215.120 ops

[P]Valid Entries:         617949.328 / s
[P]set success:           645094.235 / s

[P]get found:             617928.707 / s

----------------------------------

[INFO]Current Time:       50.84 s

[P]indexs Load Factor:    83.4842 %

[P]full bucket LFactor:   59.8207 %

[P]set request:           85992157 
[P]get request:           83851531 

[P]Get Hit Rate:          96.1225 %
[P]ACC Hit Rate:          90.1586 %

[P]total cuckoo num:      5960597 
[P]total cuckoo path:     3460523 
[P]total cp perset:       0.040838 / set
[P]total cp percuckoo:    0.580567 / cuckoo num

[P]cuckoo path / s:       217473.047 / s
[P]cp per set * s:        0.352880 / set * s

[P]break loop / s:        0 / s
[P]break / set :          0 %

[P]Throughput:            1234915.794 ops
[P]all request:           169843688 o

[P]GetThroughput:         615111.111 ops
[P]SetThroughput:         619804.684 ops

[P]Valid Entries:         590640.006 / s
[P]set success:           616280.799 / s

[P]get found:             591260.192 / s

----------------------------------
[INFO]End rx_queue_3:513245
[INFO]End rx_queue_0:1000961

[INFO]Current Time:       51.72 s

[P]indexs Load Factor:    83.6359 %

[P]full bucket LFactor:   60.1101 %

[P]set request:           86303339 
[P]get request:           84161706 

[P]Get Hit Rate:          97.4095 %
[P]ACC Hit Rate:          90.1853 %

[P]total cuckoo num:      6070507 
[P]total cuckoo path:     3573854 
[P]total cp perset:       0.042022 / set
[P]total cp percuckoo:    0.588724 / cuckoo num

[P]cuckoo path / s:       129555.915 / s
[P]cp per set * s:        0.365332 / set * s

[P]break loop / s:        0 / s
[P]break / set :          0 %

[P]Throughput:            710312.927 ops
[P]all request:           170465045 o

[P]GetThroughput:         354580.881 ops
[P]SetThroughput:         355732.047 ops

[P]Valid Entries:         342798.290 / s
[P]set success:           354625.464 / s

[P]get found:             345395.558 / s

----------------------------------
[INFO]End rx_queue_2:978837
Finish the job......

[INFO]Current Time:       52.59 s

[P]indexs Load Factor:    83.6375 %

[P]full bucket LFactor:   60.1158 %

[P]set request:           86355548 
[P]get request:           84213923 

[P]Get Hit Rate:          97.0603 %
[P]ACC Hit Rate:          90.1896 %

[P]total cuckoo num:      6088921 
[P]total cuckoo path:     3593043 
[P]total cp perset:       0.042221 / set
[P]total cp percuckoo:    0.590095 / cuckoo num

[P]cuckoo path / s:       22017.148 / s
[P]cp per set * s:        0.367542 / set * s

[P]break loop / s:        0 / s
[P]break / set :          0 %

[P]Throughput:            119816.703 ops
[P]all request:           170569471 o

[P]GetThroughput:         59912.941 ops
[P]SetThroughput:         59903.762 ops

[P]Valid Entries:         57148.893 / s
[P]set success:           59903.762 / s

[P]get found:             58151.707 / s

----------------------------------

Total Index Entries:      82627211

indexs Load Factor:     83.637533 %

log_0 Load Factor:      46.157286 %

log_1 Load Factor:      47.757551 %

log_2 Load Factor:      44.882864 %

log_3 Load Factor:      24.213471 %

Get Hit Rate:           90.189569%

Max Throughput:         5024373.82

Calc Load Factor:       83.637533%

set request:              26024960 | set_success:              26024960
set_fail:                        0 | set_key_duplicate:         1244456 | set_mica_evicted:                0
set_random:                      0 | set_cuckoo_evicted:        1719242 | set_expire_evicted:              0

get request:              26024960
get_found:                23268501 | get_notfound:              2756459 | get_hit_ratio:          89.408403%

clean up:                        0 | test_notfound:                   0
move_to_head_performed:    3040620 | move_to_head_skipped:     19750601 | move_to_head_failed:        477280


set request:              26679432 | set_success:              26679432
set_fail:                        0 | set_key_duplicate:         1039792 | set_mica_evicted:                0
set_random:                      0 | set_cuckoo_evicted:        1473471 | set_expire_evicted:              0

get request:              26679432
get_found:                24118993 | get_notfound:              2560439 | get_hit_ratio:          90.402948%

clean up:                        0 | test_notfound:                   0
move_to_head_performed:    2583364 | move_to_head_skipped:     21117059 | move_to_head_failed:        418570


set request:              25449736 | set_success:              25449736
set_fail:                        0 | set_key_duplicate:         1353432 | set_mica_evicted:                0
set_random:                      0 | set_cuckoo_evicted:        1744510 | set_expire_evicted:              0

get request:              25449736
get_found:                22494656 | get_notfound:              2955080 | get_hit_ratio:          88.388563%

clean up:                        0 | test_notfound:                   0
move_to_head_performed:    3262491 | move_to_head_skipped:     18748036 | move_to_head_failed:        484129


set request:              13344344 | set_success:              13344344
set_fail:                        0 | set_key_duplicate:          344836 | set_mica_evicted:                0
set_random:                      0 | set_cuckoo_evicted:         845411 | set_expire_evicted:              0

get request:              13344344
get_found:                10901447 | get_notfound:              2442897 | get_hit_ratio:          81.693390%

clean up:                        0 | test_notfound:                   0
move_to_head_performed:    1448288 | move_to_head_skipped:      9453159 | move_to_head_failed:             0


[INFO] Everything works fine.
deleting piekv......
