EAL: Detected 44 lcore(s)
EAL: Detected 1 NUMA nodes
EAL: Multi-process socket /var/run/dpdk/rte/mp_socket
EAL: Selected IOVA mode 'PA'
EAL: No available hugepages reported in hugepages-1048576kB
[INFO] 单个Log Size为:2 GB
[INFO] 运行proto
[INFO] 运行cleanup
[INFO] 运行reload
[INFO] reload kv size 8
EAL: Probing VFIO support...
EAL: VFIO support initialized
EAL: PCI device 0000:03:00.0 on NUMA socket 0
EAL:   probe driver: 15b3:1017 net_mlx5
WEN: There are 1 device(s) available
starting port 0...
querying port 0...
port 0: 100 Gbps (full-duplex)
Adding UDP filter for each endpoint.
port_id/queue_id/udp_port = 0 0 0
Flow is created with src_port = 0, dst_port = 0
port_id/queue_id/udp_port = 0 1 1
Flow is created with src_port = 0, dst_port = 1
port_id/queue_id/udp_port = 0 2 2
Flow is created with src_port = 0, dst_port = 2
port_id/queue_id/udp_port = 0 3 3
Flow is created with src_port = 0, dst_port = 3
MEM: Initializing pages...
 == [STAT] Workers Start (4 threads in total) == 
trigger:60.000000 

[INFO]Current Time:       5.12 s

[P]indexs Load Factor:    0.0654 %

[P]full bucket LFactor:   0.0000 %

[P]set request:           38586 
[P]get request:           38575 

[P]Get Hit Rate:          48.7414 %
[P]ACC Hit Rate:          48.7414 %

[P]total cuckoo num:      0 
[P]total cuckoo path:     0 
[P]total cp perset:       0.000000 / set
[P]total cp percuckoo:    -nan / cuckoo num

[P]cuckoo path / s:       0 / s
[P]cp per set * s:        0 / set * s

[P]break loop / s:        0 / s
[P]break / set :          0 %

[P]Throughput:            107041.263 ops
[P]all request:           77161 o

[P]GetThroughput:         53513.002 ops
[P]SetThroughput:         53528.262 ops

[P]Valid Entries:         50727.413 / s
[P]set success:           53436.703 / s

[P]get found:             26082.993 / s

----------------------------------

[INFO]Current Time:       5.87 s

[P]indexs Load Factor:    0.1755 %

[P]full bucket LFactor:   0.0000 %

[P]set request:           124139 
[P]get request:           124004 

[P]Get Hit Rate:          56.6892 %
[P]ACC Hit Rate:          54.2168 %

[P]total cuckoo num:      0 
[P]total cuckoo path:     0 
[P]total cp perset:       0.000000 / set
[P]total cp percuckoo:    -nan / cuckoo num

[P]cuckoo path / s:       0 / s
[P]cp per set * s:        0 / set * s

[P]break loop / s:        0 / s
[P]break / set :          0 %

[P]Throughput:            225374.512 ops
[P]all request:           248143 o

[P]GetThroughput:         112605.533 ops
[P]SetThroughput:         112768.979 ops

[P]Valid Entries:         111413.954 / s
[P]set success:           112820.386 / s

[P]get found:             63835.154 / s

----------------------------------

[INFO]Current Time:       6.61 s

[P]indexs Load Factor:    1.2486 %

[P]full bucket LFactor:   0.0000 %

[P]set request:           580643 
[P]get request:           536192 

[P]Get Hit Rate:          64.9672 %
[P]ACC Hit Rate:          62.4810 %

[P]total cuckoo num:      0 
[P]total cuckoo path:     0 
[P]total cp perset:       0.000000 / set
[P]total cp percuckoo:    -nan / cuckoo num

[P]cuckoo path / s:       0 / s
[P]cp per set * s:        0 / set * s

[P]break loop / s:        0 / s
[P]break / set :          0 %

[P]Throughput:            1186830.297 ops
[P]all request:           1116835 o

[P]GetThroughput:         563142.295 ops
[P]SetThroughput:         623688.002 ops

[P]Valid Entries:         611723.954 / s
[P]set success:           613454.963 / s

[P]get found:             365857.778 / s

----------------------------------

[INFO]Current Time:       7.34 s

[P]indexs Load Factor:    3.5507 %

[P]full bucket LFactor:   0.0000 %

[P]set request:           2464530 
[P]get request:           2366792 

[P]Get Hit Rate:          65.6521 %
[P]ACC Hit Rate:          64.9337 %

[P]total cuckoo num:      0 
[P]total cuckoo path:     0 
[P]total cp perset:       0.000000 / set
[P]total cp percuckoo:    -nan / cuckoo num

[P]cuckoo path / s:       0 / s
[P]cp per set * s:        0 / set * s

[P]break loop / s:        0 / s
[P]break / set :          0 %

[P]Throughput:            5055656.391 ops
[P]all request:           4831322 o

[P]GetThroughput:         2491564.673 ops
[P]SetThroughput:         2564091.717 ops

[P]Valid Entries:         2485875.424 / s
[P]set success:           2417986.888 / s

[P]get found:             1635765.426 / s

----------------------------------

[INFO]Current Time:       8.13 s

[P]indexs Load Factor:    5.8809 %

[P]full bucket LFactor:   0.0003 %

[P]set request:           4458099 
[P]get request:           4300377 

[P]Get Hit Rate:          71.3184 %
[P]ACC Hit Rate:          67.8045 %

[P]total cuckoo num:      0 
[P]total cuckoo path:     0 
[P]total cp perset:       0.000000 / set
[P]total cp percuckoo:    -nan / cuckoo num

[P]cuckoo path / s:       0 / s
[P]cp per set * s:        0 / set * s

[P]break loop / s:        0 / s
[P]break / set :          0 %

[P]Throughput:            4993342.201 ops
[P]all request:           8758476 o

[P]GetThroughput:         2458536.533 ops
[P]SetThroughput:         2534805.668 ops

[P]Valid Entries:         2439138.661 / s
[P]set success:           2445264.706 / s

[P]get found:             1753389.065 / s

----------------------------------

[INFO]Current Time:       8.97 s

[P]indexs Load Factor:    8.1698 %

[P]full bucket LFactor:   0.0020 %

[P]set request:           6468568 
[P]get request:           6280379 

[P]Get Hit Rate:          72.4506 %
[P]ACC Hit Rate:          69.2692 %

[P]total cuckoo num:      0 
[P]total cuckoo path:     0 
[P]total cp perset:       0.000000 / set
[P]total cp percuckoo:    -nan / cuckoo num

[P]cuckoo path / s:       0 / s
[P]cp per set * s:        0 / set * s

[P]break loop / s:        0 / s
[P]break / set :          0 %

[P]Throughput:            4743045.217 ops
[P]all request:           12748947 o

[P]GetThroughput:         2353416.180 ops
[P]SetThroughput:         2389629.038 ops

[P]Valid Entries:         2325311.902 / s
[P]set success:           2349975.204 / s

[P]get found:             1705063.752 / s

----------------------------------

[INFO]Current Time:       9.84 s

[P]indexs Load Factor:    10.5087 %

[P]full bucket LFactor:   0.0101 %

[P]set request:           8634420 
[P]get request:           8374625 

[P]Get Hit Rate:          77.7711 %
[P]ACC Hit Rate:          71.3953 %

[P]total cuckoo num:      0 
[P]total cuckoo path:     0 
[P]total cp perset:       0.000000 / set
[P]total cp percuckoo:    -nan / cuckoo num

[P]cuckoo path / s:       0 / s
[P]cp per set * s:        0 / set * s

[P]break loop / s:        0 / s
[P]break / set :          0 %

[P]Throughput:            4919302.029 ops
[P]all request:           17009047 o

[P]GetThroughput:         2418306.752 ops
[P]SetThroughput:         2500992.967 ops

[P]Valid Entries:         2382793.921 / s
[P]set success:           2416902.590 / s

[P]get found:             1880743.588 / s

----------------------------------

[INFO]Current Time:       10.72 s

[P]indexs Load Factor:    12.8598 %

[P]full bucket LFactor:   0.0335 %

[P]set request:           10730313 
[P]get request:           10498372 

[P]Get Hit Rate:          78.6978 %
[P]ACC Hit Rate:          72.8726 %

[P]total cuckoo num:      0 
[P]total cuckoo path:     0 
[P]total cp perset:       0.000000 / set
[P]total cp percuckoo:    -nan / cuckoo num

[P]cuckoo path / s:       0 / s
[P]cp per set * s:        0 / set * s

[P]break loop / s:        0 / s
[P]break / set :          0 %

[P]Throughput:            4745778.110 ops
[P]all request:           21228685 o

[P]GetThroughput:         2388553.716 ops
[P]SetThroughput:         2357226.644 ops

[P]Valid Entries:         2348362.974 / s
[P]set success:           2382662.597 / s

[P]get found:             1879740.163 / s

----------------------------------

[INFO]Current Time:       11.63 s

[P]indexs Load Factor:    15.2470 %

[P]full bucket LFactor:   0.0895 %

[P]set request:           13008343 
[P]get request:           12629068 

[P]Get Hit Rate:          84.3042 %
[P]ACC Hit Rate:          74.8012 %

[P]total cuckoo num:      0 
[P]total cuckoo path:     0 
[P]total cp perset:       0.000000 / set
[P]total cp percuckoo:    -nan / cuckoo num

[P]cuckoo path / s:       0 / s
[P]cp per set * s:        0 / set * s

[P]break loop / s:        0 / s
[P]break / set :          0 %

[P]Throughput:            4869147.495 ops
[P]all request:           25637411 o

[P]GetThroughput:         2353213.398 ops
[P]SetThroughput:         2515934.097 ops

[P]Valid Entries:         2383557.726 / s
[P]set success:           2429597.167 / s

[P]get found:             1983858.594 / s

----------------------------------

[INFO]Current Time:       12.55 s

[P]indexs Load Factor:    17.6352 %

[P]full bucket LFactor:   0.2001 %

[P]set request:           15227224 
[P]get request:           14833664 

[P]Get Hit Rate:          84.6561 %
[P]ACC Hit Rate:          76.2659 %

[P]total cuckoo num:      7 
[P]total cuckoo path:     0 
[P]total cp perset:       0.000000 / set
[P]total cp percuckoo:    0.000000 / cuckoo num

[P]cuckoo path / s:       0 / s
[P]cp per set * s:        0 / set * s

[P]break loop / s:        0 / s
[P]break / set :          0 %

[P]Throughput:            4807318.238 ops
[P]all request:           30060888 o

[P]GetThroughput:         2395896.838 ops
[P]SetThroughput:         2411421.400 ops

[P]Valid Entries:         2388348.109 / s
[P]set success:           2476123.556 / s

[P]get found:             2028272.830 / s

----------------------------------

[INFO]Current Time:       13.48 s

[P]indexs Load Factor:    20.0332 %

[P]full bucket LFactor:   0.3877 %

[P]set request:           17514059 
[P]get request:           17103304 

[P]Get Hit Rate:          83.2723 %
[P]ACC Hit Rate:          77.1956 %

[P]total cuckoo num:      28 
[P]total cuckoo path:     0 
[P]total cp perset:       0.000000 / set
[P]total cp percuckoo:    0.000000 / cuckoo num

[P]cuckoo path / s:       0 / s
[P]cp per set * s:        0 / set * s

[P]break loop / s:        0 / s
[P]break / set :          0 %

[P]Throughput:            4882827.747 ops
[P]all request:           34617363 o

[P]GetThroughput:         2432200.587 ops
[P]SetThroughput:         2450627.161 ops

[P]Valid Entries:         2383152.358 / s
[P]set success:           2474750.487 / s

[P]get found:             2025348.909 / s

----------------------------------

[INFO]Current Time:       14.42 s

[P]indexs Load Factor:    22.4201 %

[P]full bucket LFactor:   0.6793 %

[P]set request:           19862703 
[P]get request:           19365956 

[P]Get Hit Rate:          84.4191 %
[P]ACC Hit Rate:          78.0396 %

[P]total cuckoo num:      94 
[P]total cuckoo path:     0 
[P]total cp perset:       0.000000 / set
[P]total cp percuckoo:    0.000000 / cuckoo num

[P]cuckoo path / s:       0 / s
[P]cp per set * s:        0 / set * s

[P]break loop / s:        0 / s
[P]break / set :          0 %

[P]Throughput:            4896731.152 ops
[P]all request:           39228659 o

[P]GetThroughput:         2402708.162 ops
[P]SetThroughput:         2494022.990 ops

[P]Valid Entries:         2388225.981 / s
[P]set success:           2408697.273 / s

[P]get found:             2028344.123 / s

----------------------------------

[INFO]Current Time:       15.37 s

[P]indexs Load Factor:    24.8099 %

[P]full bucket LFactor:   1.1023 %

[P]set request:           22223824 
[P]get request:           21673623 

[P]Get Hit Rate:          86.8375 %
[P]ACC Hit Rate:          78.9763 %

[P]total cuckoo num:      278 
[P]total cuckoo path:     1 
[P]total cp perset:       0.000000 / set
[P]total cp percuckoo:    0.003597 / cuckoo num

[P]cuckoo path / s:       1.054 / s
[P]cp per set * s:        0.000000 / set * s

[P]break loop / s:        0 / s
[P]break / set :          0 %

[P]Throughput:            4919527.305 ops
[P]all request:           43897447 o

[P]GetThroughput:         2431601.267 ops
[P]SetThroughput:         2487926.038 ops

[P]Valid Entries:         2379683.093 / s
[P]set success:           2476103.463 / s

[P]get found:             2111542.455 / s

----------------------------------

[INFO]Current Time:       16.33 s

[P]indexs Load Factor:    27.1859 %

[P]full bucket LFactor:   1.6717 %

[P]set request:           24601496 
[P]get request:           23928195 

[P]Get Hit Rate:          89.0564 %
[P]ACC Hit Rate:          79.9261 %

[P]total cuckoo num:      729 
[P]total cuckoo path:     10 
[P]total cp perset:       0.000000 / set
[P]total cp percuckoo:    0.013717 / cuckoo num

[P]cuckoo path / s:       9.435 / s
[P]cp per set * s:        0.000004 / set * s

[P]break loop / s:        0 / s
[P]break / set :          0 %

[P]Throughput:            4855952.419 ops
[P]all request:           48529691 o

[P]GetThroughput:         2363453.730 ops
[P]SetThroughput:         2492498.690 ops

[P]Valid Entries:         2382306.244 / s
[P]set success:           2408098.464 / s

[P]get found:             2104807.165 / s

----------------------------------

[INFO]Current Time:       17.28 s

[P]indexs Load Factor:    29.5297 %

[P]full bucket LFactor:   2.3958 %

[P]set request:           26996647 
[P]get request:           26162682 

[P]Get Hit Rate:          89.9127 %
[P]ACC Hit Rate:          80.7790 %

[P]total cuckoo num:      1737 
[P]total cuckoo path:     27 
[P]total cp perset:       0.000001 / set
[P]total cp percuckoo:    0.015544 / cuckoo num

[P]cuckoo path / s:       17.787 / s
[P]cp per set * s:        0.000007 / set * s

[P]break loop / s:        0 / s
[P]break / set :          0 %

[P]Throughput:            4843836.947 ops
[P]all request:           53159329 o

[P]GetThroughput:         2337869.762 ops
[P]SetThroughput:         2505967.185 ops

[P]Valid Entries:         2321392.105 / s
[P]set success:           2382646.846 / s

[P]get found:             2102041.205 / s

----------------------------------

[INFO]Current Time:       18.25 s

[P]indexs Load Factor:    31.8880 %

[P]full bucket LFactor:   3.2981 %

[P]set request:           29395610 
[P]get request:           28502410 

[P]Get Hit Rate:          88.0642 %
[P]ACC Hit Rate:          81.3771 %

[P]total cuckoo num:      3660 
[P]total cuckoo path:     78 
[P]total cp perset:       0.000003 / set
[P]total cp percuckoo:    0.021311 / cuckoo num

[P]cuckoo path / s:       52.873 / s
[P]cp per set * s:        0.000023 / set * s

[P]break loop / s:        0 / s
[P]break / set :          0 %

[P]Throughput:            4912684.956 ops
[P]all request:           57898021 o

[P]GetThroughput:         2425636.979 ops
[P]SetThroughput:         2487046.940 ops

[P]Valid Entries:         2368868.402 / s
[P]set success:           2318467.343 / s

[P]get found:             2136118.064 / s

----------------------------------

[INFO]Current Time:       19.21 s

[P]indexs Load Factor:    34.2306 %

[P]full bucket LFactor:   4.3736 %

[P]set request:           31766492 
[P]get request:           30778901 

[P]Get Hit Rate:          88.5208 %
[P]ACC Hit Rate:          81.9054 %

[P]total cuckoo num:      7367 
[P]total cuckoo path:     218 
[P]total cp perset:       0.000007 / set
[P]total cp percuckoo:    0.029591 / cuckoo num

[P]cuckoo path / s:       145.238 / s
[P]cp per set * s:        0.000062 / set * s

[P]break loop / s:        0 / s
[P]break / set :          0 %

[P]Throughput:            4821260.444 ops
[P]all request:           62545393 o

[P]GetThroughput:         2361669.350 ops
[P]SetThroughput:         2459592.131 ops

[P]Valid Entries:         2342550.801 / s
[P]set success:           2331898.608 / s

[P]get found:             2090569.592 / s

----------------------------------

[INFO]Current Time:       20.19 s

[P]indexs Load Factor:    36.5722 %

[P]full bucket LFactor:   5.6353 %

[P]set request:           34212699 
[P]get request:           33093616 

[P]Get Hit Rate:          90.6923 %
[P]ACC Hit Rate:          82.5200 %

[P]total cuckoo num:      13645 
[P]total cuckoo path:     471 
[P]total cp perset:       0.000014 / set
[P]total cp percuckoo:    0.034518 / cuckoo num

[P]cuckoo path / s:       259.919 / s
[P]cp per set * s:        0.000107 / set * s

[P]break loop / s:        0 / s
[P]break / set :          0 %

[P]Throughput:            4891129.257 ops
[P]all request:           67306315 o

[P]GetThroughput:         2378020.530 ops
[P]SetThroughput:         2513108.727 ops

[P]Valid Entries:         2357699.564 / s
[P]set success:           2427150.422 / s

[P]get found:             2156682.261 / s

----------------------------------

[INFO]Current Time:       21.16 s

[P]indexs Load Factor:    38.9010 %

[P]full bucket LFactor:   7.0719 %

[P]set request:           36600610 
[P]get request:           35455247 

[P]Get Hit Rate:          87.1947 %
[P]ACC Hit Rate:          82.8314 %

[P]total cuckoo num:      23875 
[P]total cuckoo path:     985 
[P]total cp perset:       0.000028 / set
[P]total cp percuckoo:    0.041257 / cuckoo num

[P]cuckoo path / s:       528.711 / s
[P]cp per set * s:        0.000217 / set * s

[P]break loop / s:        0 / s
[P]break / set :          0 %

[P]Throughput:            4885475.093 ops
[P]all request:           72055857 o

[P]GetThroughput:         2429221.476 ops
[P]SetThroughput:         2456253.616 ops

[P]Valid Entries:         2370943.967 / s
[P]set success:           2438717.698 / s

[P]get found:             2118152.311 / s

----------------------------------

[INFO]Current Time:       22.13 s

[P]indexs Load Factor:    41.2053 %

[P]full bucket LFactor:   8.6637 %

[P]set request:           38961937 
[P]get request:           37720405 

[P]Get Hit Rate:          91.7512 %
[P]ACC Hit Rate:          83.3671 %

[P]total cuckoo num:      39518 
[P]total cuckoo path:     1955 
[P]total cp perset:       0.000052 / set
[P]total cp percuckoo:    0.049471 / cuckoo num

[P]cuckoo path / s:       996.272 / s
[P]cp per set * s:        0.000433 / set * s

[P]break loop / s:        0 / s
[P]break / set :          0 %

[P]Throughput:            4751789.931 ops
[P]all request:           76682342 o

[P]GetThroughput:         2326508.132 ops
[P]SetThroughput:         2425281.799 ops

[P]Valid Entries:         2338371.983 / s
[P]set success:           2301395.922 / s

[P]get found:             2134598.465 / s

----------------------------------

[INFO]Current Time:       23.11 s

[P]indexs Load Factor:    43.4992 %

[P]full bucket LFactor:   10.4121 %

[P]set request:           41398005 
[P]get request:           40057684 

[P]Get Hit Rate:          92.2279 %
[P]ACC Hit Rate:          83.8841 %

[P]total cuckoo num:      62392 
[P]total cuckoo path:     3718 
[P]total cp perset:       0.000092 / set
[P]total cp percuckoo:    0.059591 / cuckoo num

[P]cuckoo path / s:       1809.512 / s
[P]cp per set * s:        0.000752 / set * s

[P]break loop / s:        0 / s
[P]break / set :          0 %

[P]Throughput:            4899277.575 ops
[P]all request:           81455689 o

[P]GetThroughput:         2398941.161 ops
[P]SetThroughput:         2500336.415 ops

[P]Valid Entries:         2337977.147 / s
[P]set success:           2407596.640 / s

[P]get found:             2212492.707 / s

----------------------------------

[INFO]Current Time:       24.08 s

[P]indexs Load Factor:    45.7803 %

[P]full bucket LFactor:   12.2965 %

[P]set request:           43843112 
[P]get request:           42403470 

[P]Get Hit Rate:          92.7101 %
[P]ACC Hit Rate:          84.3723 %

[P]total cuckoo num:      94405 
[P]total cuckoo path:     6572 
[P]total cp perset:       0.000154 / set
[P]total cp percuckoo:    0.069615 / cuckoo num

[P]cuckoo path / s:       2921.843 / s
[P]cp per set * s:        0.001213 / set * s

[P]break loop / s:        0 / s
[P]break / set :          0 %

[P]Throughput:            4904777.563 ops
[P]all request:           86246582 o

[P]GetThroughput:         2401547.799 ops
[P]SetThroughput:         2503229.764 ops

[P]Valid Entries:         2338005.401 / s
[P]set success:           2409178.989 / s

[P]get found:             2226476.807 / s

----------------------------------

[INFO]Current Time:       25.06 s

[P]indexs Load Factor:    48.0353 %

[P]full bucket LFactor:   14.3178 %

[P]set request:           46280974 
[P]get request:           44742821 

[P]Get Hit Rate:          91.7030 %
[P]ACC Hit Rate:          84.7556 %

[P]total cuckoo num:      138557 
[P]total cuckoo path:     11130 
[P]total cp perset:       0.000248 / set
[P]total cp percuckoo:    0.080328 / cuckoo num

[P]cuckoo path / s:       4646.625 / s
[P]cp per set * s:        0.001973 / set * s

[P]break loop / s:        0 / s
[P]break / set :          0 %

[P]Throughput:            4870100.473 ops
[P]all request:           91023795 o

[P]GetThroughput:         2384837.019 ops
[P]SetThroughput:         2485263.453 ops

[P]Valid Entries:         2319207.262 / s
[P]set success:           2355566.747 / s

[P]get found:             2186967.043 / s

----------------------------------

[INFO]Current Time:       26.03 s

[P]indexs Load Factor:    50.2315 %

[P]full bucket LFactor:   16.4242 %

[P]set request:           48642512 
[P]get request:           46938396 

[P]Get Hit Rate:          96.3392 %
[P]ACC Hit Rate:          85.2974 %

[P]total cuckoo num:      196278 
[P]total cuckoo path:     18218 
[P]total cp perset:       0.000386 / set
[P]total cp percuckoo:    0.092817 / cuckoo num

[P]cuckoo path / s:       7296.594 / s
[P]cp per set * s:        0.003033 / set * s

[P]break loop / s:        0 / s
[P]break / set :          0 %

[P]Throughput:            4691224.884 ops
[P]all request:           95580908 o

[P]GetThroughput:         2260188.868 ops
[P]SetThroughput:         2431036.016 ops

[P]Valid Entries:         2299245.410 / s
[P]set success:           2405910.739 / s

[P]get found:             2177447.472 / s

----------------------------------

[INFO]Current Time:       27.00 s

[P]indexs Load Factor:    52.2968 %

[P]full bucket LFactor:   18.4995 %

[P]set request:           50910381 
[P]get request:           49079172 

[P]Get Hit Rate:          96.7206 %
[P]ACC Hit Rate:          85.7957 %

[P]total cuckoo num:      268327 
[P]total cuckoo path:     28747 
[P]total cp perset:       0.000581 / set
[P]total cp percuckoo:    0.107134 / cuckoo num

[P]cuckoo path / s:       10886.830 / s
[P]cp per set * s:        0.004695 / set * s

[P]break loop / s:        0 / s
[P]break / set :          0 %

[P]Throughput:            4558473.579 ops
[P]all request:           99989553 o

[P]GetThroughput:         2213530.651 ops
[P]SetThroughput:         2344942.929 ops

[P]Valid Entries:         2215131.260 / s
[P]set success:           2318648.686 / s

[P]get found:             2140939.721 / s

----------------------------------

[INFO]Current Time:       27.97 s

[P]indexs Load Factor:    54.3769 %

[P]full bucket LFactor:   20.6754 %

[P]set request:           53136889 
[P]get request:           51154085 

[P]Get Hit Rate:          96.8393 %
[P]ACC Hit Rate:          86.2436 %

[P]total cuckoo num:      355603 
[P]total cuckoo path:     43164 
[P]total cp perset:       0.000836 / set
[P]total cp percuckoo:    0.121383 / cuckoo num

[P]cuckoo path / s:       14912.898 / s
[P]cp per set * s:        0.006641 / set * s

[P]break loop / s:        0 / s
[P]break / set :          0 %

[P]Throughput:            4449375.894 ops
[P]all request:           104290974 o

[P]GetThroughput:         2146283.260 ops
[P]SetThroughput:         2303092.635 ops

[P]Valid Entries:         2144418.242 / s
[P]set success:           2245626.723 / s

[P]get found:             2078445.452 / s

----------------------------------

[INFO]Current Time:       28.94 s

[P]indexs Load Factor:    56.3964 %

[P]full bucket LFactor:   22.8854 %

[P]set request:           55369025 
[P]get request:           53294992 

[P]Get Hit Rate:          91.4629 %
[P]ACC Hit Rate:          86.4533 %

[P]total cuckoo num:      464867 
[P]total cuckoo path:     63561 
[P]total cp perset:       0.001180 / set
[P]total cp percuckoo:    0.136729 / cuckoo num

[P]cuckoo path / s:       21045.821 / s
[P]cp per set * s:        0.009244 / set * s

[P]break loop / s:        0 / s
[P]break / set :          0 %

[P]Throughput:            4512147.791 ops
[P]all request:           108664017 o

[P]GetThroughput:         2209008.416 ops
[P]SetThroughput:         2303139.375 ops

[P]Valid Entries:         2173892.840 / s
[P]set success:           2276757.035 / s

[P]get found:             2020423.542 / s

----------------------------------

[INFO]Current Time:       29.89 s

[P]indexs Load Factor:    58.2631 %

[P]full bucket LFactor:   25.0056 %

[P]set request:           57425655 
[P]get request:           55264456 

[P]Get Hit Rate:          96.0075 %
[P]ACC Hit Rate:          86.7938 %

[P]total cuckoo num:      586469 
[P]total cuckoo path:     89128 
[P]total cp perset:       0.001595 / set
[P]total cp percuckoo:    0.151974 / cuckoo num

[P]cuckoo path / s:       26893.664 / s
[P]cp per set * s:        0.012793 / set * s

[P]break loop / s:        0 / s
[P]break / set :          0 %

[P]Throughput:            4235006.873 ops
[P]all request:           112690111 o

[P]GetThroughput:         2071658.927 ops
[P]SetThroughput:         2163347.946 ops

[P]Valid Entries:         2039643.611 / s
[P]set success:           2102285.748 / s

[P]get found:             1988947.787 / s

----------------------------------

[INFO]Current Time:       30.84 s

[P]indexs Load Factor:    60.0838 %

[P]full bucket LFactor:   27.1409 %

[P]set request:           59438910 
[P]get request:           57168443 

[P]Get Hit Rate:          96.2053 %
[P]ACC Hit Rate:          87.1072 %

[P]total cuckoo num:      725816 
[P]total cuckoo path:     122085 
[P]total cp perset:       0.002110 / set
[P]total cp percuckoo:    0.168204 / cuckoo num

[P]cuckoo path / s:       34577.438 / s
[P]cp per set * s:        0.016558 / set * s

[P]break loop / s:        0 / s
[P]break / set :          0 %

[P]Throughput:            4109845.955 ops
[P]all request:           116607353 o

[P]GetThroughput:         1997602.719 ops
[P]SetThroughput:         2112243.236 ops

[P]Valid Entries:         1993572.864 / s
[P]set success:           2088309.610 / s

[P]get found:             1921799.264 / s

----------------------------------

[INFO]Current Time:       31.80 s

[P]indexs Load Factor:    61.8401 %

[P]full bucket LFactor:   29.2551 %

[P]set request:           61415214 
[P]get request:           59045912 

[P]Get Hit Rate:          93.2860 %
[P]ACC Hit Rate:          87.3037 %

[P]total cuckoo num:      861422 
[P]total cuckoo path:     157744 
[P]total cp perset:       0.002641 / set
[P]total cp percuckoo:    0.183120 / cuckoo num

[P]cuckoo path / s:       37344.277 / s
[P]cp per set * s:        0.019047 / set * s

[P]break loop / s:        0 / s
[P]break / set :          0 %

[P]Throughput:            4035905.789 ops
[P]all request:           120461126 o

[P]GetThroughput:         1966199.879 ops
[P]SetThroughput:         2069705.910 ops

[P]Valid Entries:         1912042.876 / s
[P]set success:           1960686.050 / s

[P]expire scan persec:    5014127.063 / s
[P]total expire scan:     4787849
[P]expire hit persec:     22202.978 / s
[P]total expire hit:      21201

[P]expire hit rate:       0.442808 %
[P]total expire hit rate: 0.442808 %

[P]get found:             1834189.500 / s

----------------------------------

[INFO]Current Time:       32.74 s

[P]indexs Load Factor:    63.6173 %

[P]full bucket LFactor:   31.4784 %

[P]set request:           63444326 
[P]get request:           61038130 

[P]Get Hit Rate:          92.2067 %
[P]ACC Hit Rate:          87.4637 %

[P]total cuckoo num:      953368 
[P]total cuckoo path:     185314 
[P]total cp perset:       0.003001 / set
[P]total cp percuckoo:    0.194378 / cuckoo num

[P]cuckoo path / s:       29256.893 / s
[P]cp per set * s:        0.013654 / set * s

[P]break loop / s:        0 / s
[P]break / set :          0 %

[P]Throughput:            4267378.316 ops
[P]all request:           124482456 o

[P]GetThroughput:         2114113.463 ops
[P]SetThroughput:         2153264.852 ops

[P]Valid Entries:         1958548.930 / s
[P]set success:           2142799.438 / s

[P]expire scan persec:    17076854.546 / s
[P]total expire scan:     20880087
[P]expire hit persec:     100760.653 / s
[P]total expire hit:      116152

[P]expire hit rate:       0.590042 %
[P]total expire hit rate: 0.556281 %

[P]get found:             1949353.755 / s

----------------------------------

[INFO]Current Time:       33.68 s

[P]indexs Load Factor:    65.4094 %

[P]full bucket LFactor:   33.7808 %

[P]set request:           65459717 
[P]get request:           63076518 

[P]Get Hit Rate:          93.8412 %
[P]ACC Hit Rate:          87.6698 %

[P]total cuckoo num:      1034347 
[P]total cuckoo path:     213192 
[P]total cp perset:       0.003342 / set
[P]total cp percuckoo:    0.206113 / cuckoo num

[P]cuckoo path / s:       29587.256 / s
[P]cp per set * s:        0.013690 / set * s

[P]break loop / s:        0 / s
[P]break / set :          0 %

[P]Throughput:            4302324.336 ops
[P]all request:           128536235 o

[P]GetThroughput:         2163365.664 ops
[P]SetThroughput:         2138958.672 ops

[P]Valid Entries:         1964554.331 / s
[P]set success:           2161240.918 / s

[P]expire scan persec:    16718232.524 / s
[P]total expire scan:     36632507
[P]expire hit persec:     147291.003 / s
[P]total expire hit:      254934

[P]expire hit rate:       0.881020 %
[P]total expire hit rate: 0.695923 %

[P]get found:             2030127.493 / s

----------------------------------

[INFO]Current Time:       34.63 s

[P]indexs Load Factor:    67.1552 %

[P]full bucket LFactor:   36.1126 %

[P]set request:           67629083 
[P]get request:           65110160 

[P]Get Hit Rate:          96.9183 %
[P]ACC Hit Rate:          87.9587 %

[P]total cuckoo num:      1103693 
[P]total cuckoo path:     240732 
[P]total cp perset:       0.003654 / set
[P]total cp percuckoo:    0.218115 / cuckoo num

[P]cuckoo path / s:       29130.769 / s
[P]cp per set * s:        0.013145 / set * s

[P]break loop / s:        0 / s
[P]break / set :          0 %

[P]Throughput:            4445783.774 ops
[P]all request:           132739244 o

[P]GetThroughput:         2151109.504 ops
[P]SetThroughput:         2294673.212 ops

[P]Valid Entries:         1972596.278 / s
[P]set success:           2216082.543 / s

[P]expire scan persec:    16369227.625 / s
[P]total expire scan:     52107846
[P]expire hit persec:     199081.411 / s
[P]total expire hit:      443144

[P]expire hit rate:       1.216193 %
[P]total expire hit rate: 0.850436 %

[P]get found:             2084818.494 / s

----------------------------------

[INFO]Current Time:       35.56 s

[P]indexs Load Factor:    68.8194 %

[P]full bucket LFactor:   38.3661 %

[P]set request:           69712716 
[P]get request:           67091798 

[P]Get Hit Rate:          95.5700 %
[P]ACC Hit Rate:          88.1835 %

[P]total cuckoo num:      1158783 
[P]total cuckoo path:     265446 
[P]total cp perset:       0.003910 / set
[P]total cp percuckoo:    0.229073 / cuckoo num

[P]cuckoo path / s:       26513.215 / s
[P]cp per set * s:        0.012287 / set * s

[P]break loop / s:        0 / s
[P]break / set :          0 %

[P]Throughput:            4361227.617 ops
[P]all request:           136804514 o

[P]GetThroughput:         2125904.152 ops
[P]SetThroughput:         2235324.538 ops

[P]Valid Entries:         1878279.045 / s
[P]set success:           2157774.938 / s

[P]expire scan persec:    15230252.378 / s
[P]total expire scan:     66304557
[P]expire hit persec:     241977.880 / s
[P]total expire hit:      668701

[P]expire hit rate:       1.588798 %
[P]total expire hit rate: 1.008529 %

[P]get found:             2031726.130 / s

----------------------------------

[INFO]Current Time:       36.49 s

[P]indexs Load Factor:    70.5058 %

[P]full bucket LFactor:   40.7021 %

[P]set request:           71822444 
[P]get request:           69065370 

[P]Get Hit Rate:          95.6718 %
[P]ACC Hit Rate:          88.3975 %

[P]total cuckoo num:      1204532 
[P]total cuckoo path:     288951 
[P]total cp perset:       0.004132 / set
[P]total cp percuckoo:    0.239887 / cuckoo num

[P]cuckoo path / s:       25257.085 / s
[P]cp per set * s:        0.011543 / set * s

[P]break loop / s:        0 / s
[P]break / set :          0 %

[P]Throughput:            4387673.015 ops
[P]all request:           140887814 o

[P]GetThroughput:         2120683.909 ops
[P]SetThroughput:         2266989.105 ops

[P]Valid Entries:         1861867.830 / s
[P]set success:           2188060.850 / s

[P]expire scan persec:    14832762.177 / s
[P]total expire scan:     80108370
[P]expire hit persec:     293230.402 / s
[P]total expire hit:      941590

[P]expire hit rate:       1.976910 %
[P]total expire hit rate: 1.175395 %

[P]get found:             2028895.548 / s

----------------------------------

[INFO]Current Time:       37.41 s

[P]indexs Load Factor:    72.1019 %

[P]full bucket LFactor:   42.9829 %

[P]set request:           73969873 
[P]get request:           71134716 

[P]Get Hit Rate:          97.4230 %
[P]ACC Hit Rate:          88.6600 %

[P]total cuckoo num:      1243421 
[P]total cuckoo path:     311295 
[P]total cp perset:       0.004320 / set
[P]total cp percuckoo:    0.250354 / cuckoo num

[P]cuckoo path / s:       24167.643 / s
[P]cp per set * s:        0.010452 / set * s

[P]break loop / s:        0 / s
[P]break / set :          0 %

[P]Throughput:            4560934.200 ops
[P]all request:           145104589 o

[P]GetThroughput:         2238239.162 ops
[P]SetThroughput:         2322695.038 ops

[P]Valid Entries:         1888947.278 / s
[P]set success:           2312214.172 / s

[P]expire scan persec:    14857647.072 / s
[P]total expire scan:     93844888
[P]expire hit persec:     357381.296 / s
[P]total expire hit:      1272004

[P]expire hit rate:       2.405369 %
[P]total expire hit rate: 1.355432 %

[P]get found:             2180558.707 / s

----------------------------------

[INFO]Current Time:       38.33 s

[P]indexs Load Factor:    73.6673 %

[P]full bucket LFactor:   45.2585 %

[P]set request:           75985911 
[P]get request:           73076668 

[P]Get Hit Rate:          95.9329 %
[P]ACC Hit Rate:          88.8533 %

[P]total cuckoo num:      1273445 
[P]total cuckoo path:     330697 
[P]total cp perset:       0.004468 / set
[P]total cp percuckoo:    0.259687 / cuckoo num

[P]cuckoo path / s:       21155.609 / s
[P]cp per set * s:        0.009979 / set * s

[P]break loop / s:        0 / s
[P]break / set :          0 %

[P]Throughput:            4315724.680 ops
[P]all request:           149062579 o

[P]GetThroughput:         2117471.286 ops
[P]SetThroughput:         2198253.394 ops

[P]Valid Entries:         1745949.476 / s
[P]set success:           2119936.641 / s

[P]expire scan persec:    13645006.022 / s
[P]total expire scan:     106358846
[P]expire hit persec:     388772.758 / s
[P]total expire hit:      1628551

[P]expire hit rate:       2.849194 %
[P]total expire hit rate: 1.531185 %

[P]get found:             2031351.753 / s

----------------------------------

[INFO]Current Time:       39.24 s

[P]indexs Load Factor:    75.2052 %

[P]full bucket LFactor:   47.5685 %

[P]set request:           78115884 
[P]get request:           75095516 

[P]Get Hit Rate:          99.0914 %
[P]ACC Hit Rate:          89.1285 %

[P]total cuckoo num:      1299990 
[P]total cuckoo path:     349830 
[P]total cp perset:       0.004595 / set
[P]total cp percuckoo:    0.269102 / cuckoo num

[P]cuckoo path / s:       20987.497 / s
[P]cp per set * s:        0.009013 / set * s

[P]break loop / s:        0 / s
[P]break / set :          0 %

[P]Throughput:            4550952.135 ops
[P]all request:           153211400 o

[P]GetThroughput:         2214528.083 ops
[P]SetThroughput:         2336424.052 ops

[P]Valid Entries:         1807407.064 / s
[P]set success:           2328709.367 / s

[P]expire scan persec:    14058509.735 / s
[P]total expire scan:     119175118
[P]expire hit persec:     463154.224 / s
[P]total expire hit:      2050780

[P]expire hit rate:       3.294476 %
[P]total expire hit rate: 1.720812 %

[P]get found:             2194407.158 / s

----------------------------------

[INFO]Current Time:       40.15 s

[P]indexs Load Factor:    76.6456 %

[P]full bucket LFactor:   49.7537 %

[P]set request:           80187331 
[P]get request:           77090484 

[P]Get Hit Rate:          95.9740 %
[P]ACC Hit Rate:          89.3057 %

[P]total cuckoo num:      1320825 
[P]total cuckoo path:     366313 
[P]total cp perset:       0.004686 / set
[P]total cp percuckoo:    0.277337 / cuckoo num

[P]cuckoo path / s:       18197.857 / s
[P]cp per set * s:        0.008108 / set * s

[P]break loop / s:        0 / s
[P]break / set :          0 %

[P]Throughput:            4489477.364 ops
[P]all request:           157277816 o

[P]GetThroughput:         2202520.273 ops
[P]SetThroughput:         2286955.987 ops

[P]Valid Entries:         1695013.925 / s
[P]set success:           2244538.851 / s

[P]expire scan persec:    13238549.321 / s
[P]total expire scan:     131166146
[P]expire hit persec:     498614.427 / s
[P]total expire hit:      2502408

[P]expire hit rate:       3.766383 %
[P]total expire hit rate: 1.907815 %

[P]get found:             2113847.261 / s

----------------------------------

[INFO]Current Time:       41.05 s

[P]indexs Load Factor:    78.0929 %

[P]full bucket LFactor:   52.0059 %

[P]set request:           82208619 
[P]get request:           79101641 

[P]Get Hit Rate:          97.5564 %
[P]ACC Hit Rate:          89.5155 %

[P]total cuckoo num:      1338938 
[P]total cuckoo path:     382636 
[P]total cp perset:       0.004772 / set
[P]total cp percuckoo:    0.285776 / cuckoo num

[P]cuckoo path / s:       18012.918 / s
[P]cp per set * s:        0.008096 / set * s

[P]break loop / s:        0 / s
[P]break / set :          0 %

[P]Throughput:            4449923.449 ops
[P]all request:           161310261 o

[P]GetThroughput:         2219371.794 ops
[P]SetThroughput:         2230551.655 ops

[P]Valid Entries:         1687398.674 / s
[P]set success:           2224972.208 / s

[P]expire scan persec:    13285229.299 / s
[P]total expire scan:     143204995
[P]expire hit persec:     563547.316 / s
[P]total expire hit:      3013085

[P]expire hit rate:       4.241909 %
[P]total expire hit rate: 2.104036 %

[P]get found:             2165139.923 / s

----------------------------------

[INFO]Current Time:       41.95 s

[P]indexs Load Factor:    79.4729 %

[P]full bucket LFactor:   54.2088 %

[P]set request:           84212162 
[P]get request:           81161487 

[P]Get Hit Rate:          94.4370 %
[P]ACC Hit Rate:          89.6404 %

[P]total cuckoo num:      1354194 
[P]total cuckoo path:     397708 
[P]total cp perset:       0.004834 / set
[P]total cp percuckoo:    0.293686 / cuckoo num

[P]cuckoo path / s:       16821.766 / s
[P]cp per set * s:        0.007174 / set * s

[P]break loop / s:        0 / s
[P]break / set :          0 %

[P]Throughput:            4535122.220 ops
[P]all request:           165373649 o

[P]GetThroughput:         2298981.383 ops
[P]SetThroughput:         2236141.953 ops

[P]Valid Entries:         1668501.103 / s
[P]set success:           2344955.520 / s

[P]expire scan persec:    13291250.985 / s
[P]total expire scan:     155113717
[P]expire hit persec:     629943.440 / s
[P]total expire hit:      3577503

[P]expire hit rate:       4.739535 %
[P]total expire hit rate: 2.306374 %

[P]get found:             2171089.309 / s

----------------------------------

[INFO]Current Time:       42.83 s

[P]indexs Load Factor:    80.7788 %

[P]full bucket LFactor:   56.3434 %

[P]set request:           86195966 
[P]get request:           83104490 

[P]Get Hit Rate:          95.8844 %
[P]ACC Hit Rate:          89.7864 %

[P]total cuckoo num:      1366647 
[P]total cuckoo path:     410744 
[P]total cp perset:       0.004873 / set
[P]total cp percuckoo:    0.300549 / cuckoo num

[P]cuckoo path / s:       14848.598 / s
[P]cp per set * s:        0.006466 / set * s

[P]break loop / s:        0 / s
[P]break / set :          0 %

[P]Throughput:            4472812.027 ops
[P]all request:           169300456 o

[P]GetThroughput:         2213168.915 ops
[P]SetThroughput:         2259643.112 ops

[P]Valid Entries:         1555719.798 / s
[P]set success:           2296557.300 / s

[P]expire scan persec:    12834123.939 / s
[P]total expire scan:     166381154
[P]expire hit persec:     672901.408 / s
[P]total expire hit:      4168262

[P]expire hit rate:       5.243065 %
[P]total expire hit rate: 2.505249 %

[P]get found:             2122082.859 / s

----------------------------------

[INFO]Current Time:       43.71 s

[P]indexs Load Factor:    82.0222 %

[P]full bucket LFactor:   58.4372 %

[P]set request:           88262050 
[P]get request:           85127380 

[P]Get Hit Rate:          94.1432 %
[P]ACC Hit Rate:          89.8899 %

[P]total cuckoo num:      1377381 
[P]total cuckoo path:     422965 
[P]total cp perset:       0.004900 / set
[P]total cp percuckoo:    0.307079 / cuckoo num

[P]cuckoo path / s:       13903.345 / s
[P]cp per set * s:        0.006020 / set * s

[P]break loop / s:        0 / s
[P]break / set :          0 %

[P]Throughput:            4651862.968 ops
[P]all request:           173389430 o

[P]GetThroughput:         2301361.437 ops
[P]SetThroughput:         2350501.531 ops

[P]Valid Entries:         1567683.238 / s
[P]set success:           2309601.509 / s

[P]expire scan persec:    12951383.073 / s
[P]total expire scan:     177765382
[P]expire hit persec:     717251.523 / s
[P]total expire hit:      4798724

[P]expire hit rate:       5.538030 %
[P]total expire hit rate: 2.699470 %

[P]get found:             2166574.869 / s

----------------------------------

[INFO]Current Time:       44.58 s

[P]indexs Load Factor:    83.2496 %

[P]full bucket LFactor:   60.5244 %

[P]set request:           90272813 
[P]get request:           87065270 

[P]Get Hit Rate:          95.3526 %
[P]ACC Hit Rate:          90.0115 %

[P]total cuckoo num:      1386438 
[P]total cuckoo path:     434085 
[P]total cp perset:       0.004918 / set
[P]total cp percuckoo:    0.313094 / cuckoo num

[P]cuckoo path / s:       12684.913 / s
[P]cp per set * s:        0.005720 / set * s

[P]break loop / s:        0 / s
[P]break / set :          0 %

[P]Throughput:            4504345.166 ops
[P]all request:           177338083 o

[P]GetThroughput:         2210608.391 ops
[P]SetThroughput:         2293736.775 ops

[P]Valid Entries:         1452778.402 / s
[P]set success:           2217647.833 / s

[P]expire scan persec:    12361853.442 / s
[P]total expire scan:     188602178
[P]expire hit persec:     769831.604 / s
[P]total expire hit:      5473583

[P]expire hit rate:       6.227477 %
[P]total expire hit rate: 2.902184 %

[P]get found:             2107873.147 / s

----------------------------------

[INFO]Current Time:       45.46 s

[P]indexs Load Factor:    84.4226 %

[P]full bucket LFactor:   62.5832 %

[P]set request:           92324432 
[P]get request:           89073915 

[P]Get Hit Rate:          93.5587 %
[P]ACC Hit Rate:          90.0915 %

[P]total cuckoo num:      1394835 
[P]total cuckoo path:     444979 
[P]total cp perset:       0.004927 / set
[P]total cp percuckoo:    0.319019 / cuckoo num

[P]cuckoo path / s:       12466.642 / s
[P]cp per set * s:        0.005314 / set * s

[P]break loop / s:        0 / s
[P]break / set :          0 %

[P]Throughput:            4646397.711 ops
[P]all request:           181398347 o

[P]GetThroughput:         2298610.024 ops
[P]SetThroughput:         2347787.687 ops

[P]Valid Entries:         1458226.312 / s
[P]set success:           2346071.149 / s

[P]expire scan persec:    12747531.406 / s
[P]total expire scan:     199741634
[P]expire hit persec:     855975.597 / s
[P]total expire hit:      6221579

[P]expire hit rate:       6.714834 %
[P]total expire hit rate: 3.114813 %

[P]get found:             2150549.485 / s

----------------------------------

[INFO]Current Time:       46.32 s

[P]indexs Load Factor:    85.5270 %

[P]full bucket LFactor:   64.5825 %

[P]set request:           94387884 
[P]get request:           91062870 

[P]Get Hit Rate:          92.9273 %
[P]ACC Hit Rate:          90.1534 %

[P]total cuckoo num:      1402070 
[P]total cuckoo path:     455222 
[P]total cp perset:       0.004929 / set
[P]total cp percuckoo:    0.324679 / cuckoo num

[P]cuckoo path / s:       11829.229 / s
[P]cp per set * s:        0.005048 / set * s

[P]break loop / s:        0 / s
[P]break / set :          0 %

[P]Throughput:            4679962.951 ops
[P]all request:           185450755 o

[P]GetThroughput:         2296964.104 ops
[P]SetThroughput:         2382997.692 ops

[P]Valid Entries:         1399155.335 / s
[P]set success:           2343447.210 / s

[P]expire scan persec:    12690640.783 / s
[P]total expire scan:     210730536
[P]expire hit persec:     915736.812 / s
[P]total expire hit:      7014521

[P]expire hit rate:       7.215844 %
[P]total expire hit rate: 3.328669 %

[P]get found:             2134506.517 / s

----------------------------------

[INFO]Current Time:       47.18 s

[P]indexs Load Factor:    86.5918 %

[P]full bucket LFactor:   66.5394 %

[P]set request:           96372178 
[P]get request:           92942404 

[P]Get Hit Rate:          93.9498 %
[P]ACC Hit Rate:          90.2302 %

[P]total cuckoo num:      1408258 
[P]total cuckoo path:     464811 
[P]total cp perset:       0.004932 / set
[P]total cp percuckoo:    0.330061 / cuckoo num

[P]cuckoo path / s:       11135.680 / s
[P]cp per set * s:        0.005088 / set * s

[P]break loop / s:        0 / s
[P]break / set :          0 %

[P]Throughput:            4487051.959 ops
[P]all request:           189314582 o

[P]GetThroughput:         2182697.806 ops
[P]SetThroughput:         2304355.314 ops

[P]Valid Entries:         1301075.716 / s
[P]set success:           2188413.712 / s

[P]expire scan persec:    12268732.299 / s
[P]total expire scan:     221295214
[P]expire hit persec:     940730.963 / s
[P]total expire hit:      7824590

[P]expire hit rate:       7.667711 %
[P]total expire hit rate: 3.535815 %

[P]get found:             2050639.720 / s

----------------------------------

[INFO]Current Time:       48.04 s

[P]indexs Load Factor:    87.5298 %

[P]full bucket LFactor:   68.3491 %

[P]set request:           98332910 
[P]get request:           94770398 

[P]Get Hit Rate:          96.6679 %
[P]ACC Hit Rate:          90.3544 %

[P]total cuckoo num:      1413792 
[P]total cuckoo path:     473859 
[P]total cp perset:       0.004931 / set
[P]total cp percuckoo:    0.335169 / cuckoo num

[P]cuckoo path / s:       10549.992 / s
[P]cp per set * s:        0.004856 / set * s

[P]break loop / s:        0 / s
[P]break / set :          0 %

[P]Throughput:            4417665.804 ops
[P]all request:           193103309 o

[P]GetThroughput:         2131445.888 ops
[P]SetThroughput:         2286218.750 ops

[P]Valid Entries:         1258734.864 / s
[P]set success:           2172436.711 / s

[P]expire scan persec:    12382769.973 / s
[P]total expire scan:     231915061
[P]expire hit persec:     1008507.193 / s
[P]total expire hit:      8689517

[P]expire hit rate:       8.144439 %
[P]total expire hit rate: 3.746853 %

[P]get found:             2060423.499 / s

----------------------------------
[INFO]End rx_queue_1:1211929

[INFO]Current Time:       48.89 s

[P]indexs Load Factor:    88.1891 %

[P]full bucket LFactor:   69.6222 %

[P]set request:           99824957 
[P]get request:           96249343 

[P]Get Hit Rate:          93.1298 %
[P]ACC Hit Rate:          90.3970 %

[P]total cuckoo num:      1418235 
[P]total cuckoo path:     481450 
[P]total cp perset:       0.004932 / set
[P]total cp percuckoo:    0.339471 / cuckoo num

[P]cuckoo path / s:       8905.318 / s
[P]cp per set * s:        0.004994 / set * s

[P]break loop / s:        0 / s
[P]break / set :          0 %

[P]Throughput:            3485393.273 ops
[P]all request:           196074300 o

[P]GetThroughput:         1735011.972 ops
[P]SetThroughput:         1750382.474 ops

[P]Valid Entries:         937423.469 / s
[P]set success:           1783323.118 / s

[P]expire scan persec:    9808528.204 / s
[P]total expire scan:     240275968
[P]expire hit persec:     813132.631 / s
[P]total expire hit:      9382641

[P]expire hit rate:       8.290058 %
[P]total expire hit rate: 3.904944 %

[P]get found:             1615813.742 / s

----------------------------------

[INFO]Current Time:       49.73 s

[P]indexs Load Factor:    88.8927 %

[P]full bucket LFactor:   70.9994 %

[P]set request:           101238275 
[P]get request:           97633087 

[P]Get Hit Rate:          93.5613 %
[P]ACC Hit Rate:          90.4419 %

[P]total cuckoo num:      1422292 
[P]total cuckoo path:     488889 
[P]total cp perset:       0.004938 / set
[P]total cp percuckoo:    0.343733 / cuckoo num

[P]cuckoo path / s:       8917.333 / s
[P]cp per set * s:        0.005327 / set * s

[P]break loop / s:        0 / s
[P]break / set :          0 %

[P]Throughput:            3352914.844 ops
[P]all request:           198871362 o

[P]GetThroughput:         1658731.840 ops
[P]SetThroughput:         1694183.004 ops

[P]Valid Entries:         857625.918 / s
[P]set success:           1673846.594 / s

[P]expire scan persec:    9342919.674 / s
[P]total expire scan:     248070000
[P]expire hit persec:     794805.411 / s
[P]total expire hit:      10045682

[P]expire hit rate:       8.507035 %
[P]total expire hit rate: 4.049535 %

[P]get found:             1551931.223 / s

----------------------------------

[INFO]Current Time:       50.57 s

[P]indexs Load Factor:    89.5385 %

[P]full bucket LFactor:   72.2970 %

[P]set request:           102754004 
[P]get request:           99096528 

[P]Get Hit Rate:          92.6242 %
[P]ACC Hit Rate:          90.4741 %

[P]total cuckoo num:      1426300 
[P]total cuckoo path:     496275 
[P]total cp perset:       0.004937 / set
[P]total cp percuckoo:    0.347946 / cuckoo num

[P]cuckoo path / s:       8768.920 / s
[P]cp per set * s:        0.004918 / set * s

[P]break loop / s:        0 / s
[P]break / set :          0 %

[P]Throughput:            3536975.749 ops
[P]all request:           201850532 o

[P]GetThroughput:         1737448.795 ops
[P]SetThroughput:         1799526.954 ops

[P]Valid Entries:         864518.617 / s
[P]set success:           1782890.226 / s

[P]expire scan persec:    9749544.120 / s
[P]total expire scan:     256281973
[P]expire hit persec:     875235.790 / s
[P]total expire hit:      10782887

[P]expire hit rate:       8.977197 %
[P]total expire hit rate: 4.207431 %

[P]get found:             1609297.431 / s

----------------------------------

[INFO]Current Time:       51.40 s

[P]indexs Load Factor:    90.0591 %

[P]full bucket LFactor:   73.3882 %

[P]set request:           104070907 
[P]get request:           100391517 

[P]Get Hit Rate:          89.5823 %
[P]ACC Hit Rate:          90.4626 %

[P]total cuckoo num:      1429435 
[P]total cuckoo path:     502537 
[P]total cp perset:       0.004935 / set
[P]total cp percuckoo:    0.351563 / cuckoo num

[P]cuckoo path / s:       7515.160 / s
[P]cp per set * s:        0.004798 / set * s

[P]break loop / s:        0 / s
[P]break / set :          0 %

[P]Throughput:            3134587.274 ops
[P]all request:           204462424 o

[P]GetThroughput:         1554143.908 ops
[P]SetThroughput:         1580443.366 ops

[P]Valid Entries:         732287.627 / s
[P]set success:           1566323.939 / s

[P]expire scan persec:    8394193.365 / s
[P]total expire scan:     263276427
[P]expire hit persec:     795190.785 / s
[P]total expire hit:      11445479

[P]expire hit rate:       9.473105 %
[P]total expire hit rate: 4.347324 %

[P]get found:             1392237.941 / s

----------------------------------
[INFO]End rx_queue_3:647517

[INFO]Current Time:       52.24 s

[P]indexs Load Factor:    90.1300 %

[P]full bucket LFactor:   73.5809 %

[P]set request:           104768556 
[P]get request:           101082288 

[P]Get Hit Rate:          91.5817 %
[P]ACC Hit Rate:          90.4702 %

[P]total cuckoo num:      1430764 
[P]total cuckoo path:     505276 
[P]total cp perset:       0.004929 / set
[P]total cp percuckoo:    0.353151 / cuckoo num

[P]cuckoo path / s:       3275.000 / s
[P]cp per set * s:        0.003953 / set * s

[P]break loop / s:        0 / s
[P]break / set :          0 %

[P]Throughput:            1660122.451 ops
[P]all request:           205850844 o

[P]GetThroughput:         825949.241 ops
[P]SetThroughput:         834173.210 ops

[P]Valid Entries:         379818.684 / s
[P]set success:           828518.783 / s

[P]expire scan persec:    4214758.700 / s
[P]total expire scan:     266801381
[P]expire hit persec:     434956.817 / s
[P]total expire hit:      11809249

[P]expire hit rate:       10.319851 %
[P]total expire hit rate: 4.426232 %

[P]get found:             756418.566 / s

----------------------------------
[INFO]End rx_queue_0:1219023
Finish the job......
[INFO]End rx_queue_2:1205393

Total Index Entries:      88950159

indexs Load Factor:     90.129968 %

log_0 Load Factor:      40.565975 %

log_1 Load Factor:      44.069627 %

log_2 Load Factor:      39.415458 %

log_3 Load Factor:      26.867716 %

Get Hit Rate:           90.470228%

Max Throughput:         5055656.39

Calc Load Factor:       90.129968%

set request:              31694572 | set_success:              31694572
set_fail:                        0 | set_key_duplicate:         1522332 | set_mica_evicted:                0
set_random:                      0 | set_cuckoo_evicted:         429669 | set_expire_evicted:        3646412

get request:              31694572
get_found:                28497459 | get_notfound:              3197113 | get_hit_ratio:          89.912743%

clean up:                        0 | test_notfound:                   0
move_to_head_performed:    3377223 | move_to_head_skipped:     24238496 | move_to_head_failed:        881740


set request:              31510128 | set_success:              31510128
set_fail:                        0 | set_key_duplicate:         1242588 | set_mica_evicted:                0
set_random:                      0 | set_cuckoo_evicted:         370812 | set_expire_evicted:        2807781

get request:              31510128
get_found:                28652653 | get_notfound:              2857475 | get_hit_ratio:          90.931567%

clean up:                        0 | test_notfound:                   0
move_to_head_performed:    2837867 | move_to_head_skipped:     25069534 | move_to_head_failed:        745252


set request:              31340192 | set_success:              31340192
set_fail:                        0 | set_key_duplicate:         1677484 | set_mica_evicted:                0
set_random:                      0 | set_cuckoo_evicted:         411432 | set_expire_evicted:        3640685

get request:              31340192
get_found:                27886043 | get_notfound:              3454149 | get_hit_ratio:          88.978533%

clean up:                        0 | test_notfound:                   0
move_to_head_performed:    3639648 | move_to_head_skipped:     23296102 | move_to_head_failed:        950293


set request:              16835416 | set_success:              16835416
set_fail:                        0 | set_key_duplicate:          444388 | set_mica_evicted:                0
set_random:                      0 | set_cuckoo_evicted:         125833 | set_expire_evicted:        1966533

get request:              16835416
get_found:                13907994 | get_notfound:              2927422 | get_hit_ratio:          82.611526%

clean up:                        0 | test_notfound:                   0
move_to_head_performed:    1765232 | move_to_head_skipped:     12142762 | move_to_head_failed:             0


[INFO] Everything works fine.
deleting piekv......
