EAL: Probing VFIO support...
EAL: VFIO support initialized
EAL: PCI device 0000:03:00.0 on NUMA socket 0
EAL:   probe driver: 15b3:1017 net_mlx5
WEN: There are 1 device(s) available
starting port 0...
querying port 0...
port 0: 100 Gbps (full-duplex)
Adding UDP filter for each endpoint.
port_id/queue_id/udp_port = 0 0 0
Flow is created with src_port = 0, dst_port = 0
port_id/queue_id/udp_port = 0 1 1
Flow is created with src_port = 0, dst_port = 1
port_id/queue_id/udp_port = 0 2 2
Flow is created with src_port = 0, dst_port = 2
port_id/queue_id/udp_port = 0 3 3
Flow is created with src_port = 0, dst_port = 3
MEM: Initializing pages...
alloc maxbytes:8589934592
memc3 settings:
	eviction = CLOCK
	+int_keycmp
	+cuckoo 
	+tag
	+opt lock

 == [STAT] Workers Start (4 threads in total) == 

[INFO]Current Time:       7.00 s

[P]index Load Factor:   0.0592 %

[P]slabs Load Factor:   0.0518 %

[P]rx packet:       2324.707 / s

[P]Throughput:      128885.744 ops

[P]Valid Entries:   69537.230 / s

[P]set success:     69537.230 / s

[P]get found:       33019.835 / s

----------------------------------

[INFO]Current Time:       8.00 s

[P]index Load Factor:   0.1040 %

[P]slabs Load Factor:   0.0910 %

[P]rx packet:       1883.819 / s

[P]Throughput:      100514.366 ops

[P]Valid Entries:   52536.965 / s

[P]set success:     52536.965 / s

[P]get found:       28067.310 / s

----------------------------------

[INFO]Current Time:       9.00 s

[P]index Load Factor:   0.2377 %

[P]slabs Load Factor:   0.2080 %

[P]rx packet:       5591.144 / s

[P]Throughput:      297668.437 ops

[P]Valid Entries:   157087.955 / s

[P]set success:     157088.955 / s

[P]get found:       82669.346 / s

----------------------------------

[INFO]Current Time:       10.00 s

[P]index Load Factor:   0.5081 %

[P]slabs Load Factor:   0.4446 %

[P]rx packet:       11270.286 / s

[P]Throughput:      598982.888 ops

[P]Valid Entries:   317450.712 / s

[P]set success:     317448.713 / s

[P]get found:       166221.716 / s

----------------------------------

[INFO]Current Time:       11.00 s

[P]index Load Factor:   0.7807 %

[P]slabs Load Factor:   0.6831 %

[P]rx packet:       11378.226 / s

[P]Throughput:      604853.688 ops

[P]Valid Entries:   320100.088 / s

[P]set success:     320098.088 / s

[P]get found:       168262.764 / s

----------------------------------

[INFO]Current Time:       12.00 s

[P]index Load Factor:   1.1625 %

[P]slabs Load Factor:   1.0171 %

[P]rx packet:       16153.562 / s

[P]Throughput:      857048.655 ops

[P]Valid Entries:   448269.348 / s

[P]set success:     448234.353 / s

[P]get found:       240013.777 / s

----------------------------------

[INFO]Current Time:       13.00 s

[P]index Load Factor:   1.5548 %

[P]slabs Load Factor:   1.3604 %

[P]rx packet:       16629.455 / s

[P]Throughput:      882362.941 ops

[P]Valid Entries:   460691.484 / s

[P]set success:     460659.489 / s

[P]get found:       246870.213 / s

----------------------------------

[INFO]Current Time:       14.00 s

[P]index Load Factor:   1.9488 %

[P]slabs Load Factor:   1.7052 %

[P]rx packet:       16721.441 / s

[P]Throughput:      887683.127 ops

[P]Valid Entries:   462713.175 / s

[P]set success:     462684.179 / s

[P]get found:       250493.658 / s

----------------------------------

[INFO]Current Time:       15.00 s

[P]index Load Factor:   2.3420 %

[P]slabs Load Factor:   2.0492 %

[P]rx packet:       16673.448 / s

[P]Throughput:      884769.573 ops

[P]Valid Entries:   461589.347 / s

[P]set success:     461547.353 / s

[P]get found:       249371.830 / s

----------------------------------

[INFO]Current Time:       16.00 s

[P]index Load Factor:   2.7354 %

[P]slabs Load Factor:   2.3935 %

[P]rx packet:       16669.452 / s

[P]Throughput:      884780.782 ops

[P]Valid Entries:   461999.394 / s

[P]set success:     461951.402 / s

[P]get found:       249951.801 / s

----------------------------------

[INFO]Current Time:       17.00 s

[P]index Load Factor:   3.1261 %

[P]slabs Load Factor:   2.7354 %

[P]rx packet:       16577.463 / s

[P]Throughput:      878905.471 ops

[P]Valid Entries:   458801.774 / s

[P]set success:     458774.778 / s

[P]get found:       248983.889 / s

----------------------------------

[INFO]Current Time:       18.00 s

[P]index Load Factor:   3.5149 %

[P]slabs Load Factor:   3.0756 %

[P]rx packet:       16488.521 / s

[P]Throughput:      874559.468 ops

[P]Valid Entries:   456505.677 / s

[P]set success:     456484.682 / s

[P]get found:       248202.629 / s

----------------------------------

[INFO]Current Time:       19.00 s

[P]index Load Factor:   3.9065 %

[P]slabs Load Factor:   3.4182 %

[P]rx packet:       16625.491 / s

[P]Throughput:      881619.947 ops

[P]Valid Entries:   459855.599 / s

[P]set success:     459860.598 / s

[P]get found:       250236.235 / s

----------------------------------

[INFO]Current Time:       20.00 s

[P]index Load Factor:   4.2944 %

[P]slabs Load Factor:   3.7576 %

[P]rx packet:       16473.447 / s

[P]Throughput:      873459.638 ops

[P]Valid Entries:   455407.425 / s

[P]set success:     455380.429 / s

[P]get found:       248131.547 / s

----------------------------------

[INFO]Current Time:       21.00 s

[P]index Load Factor:   4.6820 %

[P]slabs Load Factor:   4.0968 %

[P]rx packet:       16449.384 / s

[P]Throughput:      872588.236 ops

[P]Valid Entries:   455173.616 / s

[P]set success:     455147.620 / s

[P]get found:       248742.444 / s

----------------------------------

[INFO]Current Time:       22.00 s

[P]index Load Factor:   5.0728 %

[P]slabs Load Factor:   4.4387 %

[P]rx packet:       16533.454 / s

[P]Throughput:      877070.915 ops

[P]Valid Entries:   458808.335 / s

[P]set success:     458789.338 / s

[P]get found:       249106.633 / s

----------------------------------

[INFO]Current Time:       23.00 s

[P]index Load Factor:   5.4622 %

[P]slabs Load Factor:   4.7794 %

[P]rx packet:       16493.475 / s

[P]Throughput:      874949.076 ops

[P]Valid Entries:   457247.012 / s

[P]set success:     457215.017 / s

[P]get found:       249245.849 / s

----------------------------------

[INFO]Current Time:       24.00 s

[P]index Load Factor:   5.8446 %

[P]slabs Load Factor:   5.1140 %

[P]rx packet:       16189.537 / s

[P]Throughput:      859137.316 ops

[P]Valid Entries:   449059.693 / s

[P]set success:     449026.698 / s

[P]get found:       244791.764 / s

----------------------------------

[INFO]Current Time:       25.00 s

[P]index Load Factor:   6.2315 %

[P]slabs Load Factor:   5.4525 %

[P]rx packet:       16389.511 / s

[P]Throughput:      869458.953 ops

[P]Valid Entries:   454299.004 / s

[P]set success:     454253.011 / s

[P]get found:       247637.391 / s

----------------------------------

[INFO]Current Time:       26.00 s

[P]index Load Factor:   6.6163 %

[P]slabs Load Factor:   5.7893 %

[P]rx packet:       16305.539 / s

[P]Throughput:      864889.472 ops

[P]Valid Entries:   451905.799 / s

[P]set success:     451895.800 / s

[P]get found:       246827.749 / s

----------------------------------

[INFO]Current Time:       27.00 s

[P]index Load Factor:   7.0078 %

[P]slabs Load Factor:   6.1318 %

[P]rx packet:       16577.447 / s

[P]Throughput:      880105.448 ops

[P]Valid Entries:   459679.201 / s

[P]set success:     459647.206 / s

[P]get found:       251450.272 / s

----------------------------------

[INFO]Current Time:       28.00 s

[P]index Load Factor:   7.3873 %

[P]slabs Load Factor:   6.4639 %

[P]rx packet:       16073.203 / s

[P]Throughput:      852814.571 ops

[P]Valid Entries:   445587.447 / s

[P]set success:     445548.454 / s

[P]get found:       244015.530 / s

----------------------------------

[INFO]Current Time:       29.00 s

[P]index Load Factor:   7.7713 %

[P]slabs Load Factor:   6.7999 %

[P]rx packet:       16261.542 / s

[P]Throughput:      863181.524 ops

[P]Valid Entries:   450900.843 / s

[P]set success:     450885.845 / s

[P]get found:       246389.756 / s

----------------------------------

[INFO]Current Time:       30.00 s

[P]index Load Factor:   8.1541 %

[P]slabs Load Factor:   7.1349 %

[P]rx packet:       16205.489 / s

[P]Throughput:      859678.774 ops

[P]Valid Entries:   449552.332 / s

[P]set success:     449533.335 / s

[P]get found:       245409.968 / s

----------------------------------

[INFO]Current Time:       31.00 s

[P]index Load Factor:   8.5411 %

[P]slabs Load Factor:   7.4734 %

[P]rx packet:       16368.581 / s

[P]Throughput:      869362.430 ops

[P]Valid Entries:   454319.113 / s

[P]set success:     454282.121 / s

[P]get found:       249059.983 / s

----------------------------------

[INFO]Current Time:       32.00 s

[P]index Load Factor:   8.9227 %

[P]slabs Load Factor:   7.8073 %

[P]rx packet:       16173.509 / s

[P]Throughput:      858171.826 ops

[P]Valid Entries:   448068.989 / s

[P]set success:     448037.994 / s

[P]get found:       246681.007 / s

----------------------------------

[INFO]Current Time:       33.00 s

[P]index Load Factor:   9.3069 %

[P]slabs Load Factor:   8.1436 %

[P]rx packet:       16270.452 / s

[P]Throughput:      863491.857 ops

[P]Valid Entries:   451266.072 / s

[P]set success:     451228.075 / s

[P]get found:       247101.493 / s

----------------------------------

[INFO]Current Time:       34.00 s

[P]index Load Factor:   9.6866 %

[P]slabs Load Factor:   8.4758 %

[P]rx packet:       16101.539 / s

[P]Throughput:      854104.470 ops

[P]Valid Entries:   445819.867 / s

[P]set success:     445786.872 / s

[P]get found:       245347.504 / s

----------------------------------

[INFO]Current Time:       35.01 s

[P]index Load Factor:   10.0681 %

[P]slabs Load Factor:   8.8096 %

[P]rx packet:       16165.476 / s

[P]Throughput:      857368.110 ops

[P]Valid Entries:   447941.048 / s

[P]set success:     447920.051 / s

[P]get found:       247073.416 / s

----------------------------------

[INFO]Current Time:       36.01 s

[P]index Load Factor:   10.4500 %

[P]slabs Load Factor:   9.1437 %

[P]rx packet:       16173.509 / s

[P]Throughput:      858226.817 ops

[P]Valid Entries:   448387.940 / s

[P]set success:     448373.942 / s

[P]get found:       246682.006 / s

----------------------------------

[INFO]Current Time:       37.01 s

[P]index Load Factor:   10.8268 %

[P]slabs Load Factor:   9.4735 %

[P]rx packet:       15961.545 / s

[P]Throughput:      847044.741 ops

[P]Valid Entries:   442555.944 / s

[P]set success:     442530.948 / s

[P]get found:       243358.576 / s

----------------------------------

[INFO]Current Time:       38.01 s

[P]index Load Factor:   11.2055 %

[P]slabs Load Factor:   9.8048 %

[P]rx packet:       16025.532 / s

[P]Throughput:      849902.099 ops

[P]Valid Entries:   444678.511 / s

[P]set success:     444677.511 / s

[P]get found:       243803.450 / s

----------------------------------

[INFO]Current Time:       39.01 s

[P]index Load Factor:   11.5873 %

[P]slabs Load Factor:   10.1389 %

[P]rx packet:       16185.538 / s

[P]Throughput:      859032.332 ops

[P]Valid Entries:   448256.815 / s

[P]set success:     448242.817 / s

[P]get found:       247784.309 / s

----------------------------------

[INFO]Current Time:       40.01 s

[P]index Load Factor:   11.9682 %

[P]slabs Load Factor:   10.4722 %

[P]rx packet:       16141.529 / s

[P]Throughput:      856328.926 ops

[P]Valid Entries:   447277.538 / s

[P]set success:     447269.539 / s

[P]get found:       247350.139 / s

----------------------------------

[INFO]Current Time:       41.01 s

[P]index Load Factor:   12.3542 %

[P]slabs Load Factor:   10.8099 %

[P]rx packet:       16374.431 / s

[P]Throughput:      868018.805 ops

[P]Valid Entries:   453214.562 / s

[P]set success:     453201.563 / s

[P]get found:       250154.024 / s

----------------------------------

[INFO]Current Time:       42.01 s

[P]index Load Factor:   12.7313 %

[P]slabs Load Factor:   11.1399 %

[P]rx packet:       15993.487 / s

[P]Throughput:      848854.630 ops

[P]Valid Entries:   442846.421 / s

[P]set success:     442830.423 / s

[P]get found:       244978.510 / s

----------------------------------

[INFO]Current Time:       43.01 s

[P]index Load Factor:   13.1096 %

[P]slabs Load Factor:   11.4709 %

[P]rx packet:       16025.516 / s

[P]Throughput:      851082.106 ops

[P]Valid Entries:   444222.158 / s

[P]set success:     444194.162 / s

[P]get found:       245416.967 / s

----------------------------------

[INFO]Current Time:       44.01 s

[P]index Load Factor:   13.4869 %

[P]slabs Load Factor:   11.8010 %

[P]rx packet:       15972.694 / s

[P]Throughput:      847921.525 ops

[P]Valid Entries:   442988.325 / s

[P]set success:     442958.331 / s

[P]get found:       245012.295 / s

----------------------------------

[INFO]Current Time:       45.01 s

[P]index Load Factor:   13.8664 %

[P]slabs Load Factor:   12.1331 %

[P]rx packet:       16069.525 / s

[P]Throughput:      853431.556 ops

[P]Valid Entries:   445680.357 / s

[P]set success:     445673.358 / s

[P]get found:       246974.961 / s

----------------------------------

[INFO]Current Time:       46.01 s

[P]index Load Factor:   14.2439 %

[P]slabs Load Factor:   12.4634 %

[P]rx packet:       15989.473 / s

[P]Throughput:      848813.827 ops

[P]Valid Entries:   443269.932 / s

[P]set success:     443255.934 / s

[P]get found:       245130.252 / s

----------------------------------

[INFO]Current Time:       47.01 s

[P]index Load Factor:   14.6245 %

[P]slabs Load Factor:   12.7965 %

[P]rx packet:       16097.490 / s

[P]Throughput:      854518.759 ops

[P]Valid Entries:   446891.318 / s

[P]set success:     446874.321 / s

[P]get found:       246027.638 / s

----------------------------------

[INFO]Current Time:       48.01 s

[P]index Load Factor:   15.0090 %

[P]slabs Load Factor:   13.1329 %

[P]rx packet:       16297.474 / s

[P]Throughput:      864992.950 ops

[P]Valid Entries:   451442.039 / s

[P]set success:     451412.044 / s

[P]get found:       250427.191 / s

----------------------------------

[INFO]Current Time:       49.01 s

[P]index Load Factor:   15.3876 %

[P]slabs Load Factor:   13.4641 %

[P]rx packet:       16021.483 / s

[P]Throughput:      850690.341 ops

[P]Valid Entries:   444554.153 / s

[P]set success:     444534.156 / s

[P]get found:       245523.424 / s

----------------------------------

[INFO]Current Time:       50.01 s

[P]index Load Factor:   15.7683 %

[P]slabs Load Factor:   13.7972 %

[P]rx packet:       16113.553 / s

[P]Throughput:      855820.024 ops

[P]Valid Entries:   447004.112 / s

[P]set success:     446984.115 / s

[P]get found:       247072.476 / s

----------------------------------

[INFO]Current Time:       51.01 s

[P]index Load Factor:   16.1493 %

[P]slabs Load Factor:   14.1306 %

[P]rx packet:       16105.439 / s

[P]Throughput:      854711.079 ops

[P]Valid Entries:   447373.856 / s

[P]set success:     447363.858 / s

[P]get found:       245996.880 / s

----------------------------------

[INFO]Current Time:       52.01 s

[P]index Load Factor:   16.5279 %

[P]slabs Load Factor:   14.4619 %

[P]rx packet:       16017.403 / s

[P]Throughput:      850598.097 ops

[P]Valid Entries:   444633.914 / s

[P]set success:     444621.916 / s

[P]get found:       244641.338 / s

----------------------------------

[INFO]Current Time:       53.01 s

[P]index Load Factor:   16.9112 %

[P]slabs Load Factor:   14.7973 %

[P]rx packet:       16234.266 / s

[P]Throughput:      862427.883 ops

[P]Valid Entries:   450055.929 / s

[P]set success:     450028.932 / s

[P]get found:       249421.359 / s

----------------------------------

[INFO]Current Time:       54.01 s

[P]index Load Factor:   17.2912 %

[P]slabs Load Factor:   15.1298 %

[P]rx packet:       16097.118 / s

[P]Throughput:      854167.059 ops

[P]Valid Entries:   446177.111 / s

[P]set success:     446163.113 / s

[P]get found:       245949.962 / s

----------------------------------

[INFO]Current Time:       55.01 s

[P]index Load Factor:   17.6712 %

[P]slabs Load Factor:   15.4623 %

[P]rx packet:       16109.484 / s

[P]Throughput:      855669.375 ops

[P]Valid Entries:   446291.305 / s

[P]set success:     446279.307 / s

[P]get found:       247308.379 / s

----------------------------------

[INFO]Current Time:       56.01 s

[P]index Load Factor:   18.0535 %

[P]slabs Load Factor:   15.7968 %

[P]rx packet:       16193.475 / s

[P]Throughput:      859275.017 ops

[P]Valid Entries:   448830.016 / s

[P]set success:     448816.018 / s

[P]get found:       248279.287 / s

----------------------------------

[INFO]Current Time:       57.01 s

[P]index Load Factor:   18.4308 %

[P]slabs Load Factor:   16.1269 %

[P]rx packet:       15996.674 / s

[P]Throughput:      849578.372 ops

[P]Valid Entries:   443018.896 / s

[P]set success:     442993.901 / s

[P]get found:       245834.891 / s

----------------------------------

[INFO]Current Time:       58.01 s

[P]index Load Factor:   18.8108 %

[P]slabs Load Factor:   16.4595 %

[P]rx packet:       16101.470 / s

[P]Throughput:      854363.764 ops

[P]Valid Entries:   446233.889 / s

[P]set success:     446218.891 / s

[P]get found:       246416.284 / s

----------------------------------

[INFO]Current Time:       59.01 s

[P]index Load Factor:   19.1883 %

[P]slabs Load Factor:   16.7897 %

[P]rx packet:       15997.555 / s

[P]Throughput:      849005.250 ops

[P]Valid Entries:   443207.266 / s

[P]set success:     443189.269 / s

[P]get found:       244773.592 / s

----------------------------------

[INFO]Current Time:       60.01 s

[P]index Load Factor:   19.5691 %

[P]slabs Load Factor:   17.1230 %

[P]rx packet:       16133.531 / s

[P]Throughput:      857165.798 ops

[P]Valid Entries:   447190.551 / s

[P]set success:     447165.555 / s

[P]get found:       248203.009 / s

----------------------------------

[INFO]Current Time:       61.01 s

[P]index Load Factor:   19.9473 %

[P]slabs Load Factor:   17.4539 %

[P]rx packet:       16005.520 / s

[P]Throughput:      850137.252 ops

[P]Valid Entries:   444118.174 / s

[P]set success:     444099.177 / s

[P]get found:       244883.050 / s

----------------------------------

[INFO]Current Time:       62.01 s

[P]index Load Factor:   20.3238 %

[P]slabs Load Factor:   17.7833 %

[P]rx packet:       15917.533 / s

[P]Throughput:      845450.979 ops

[P]Valid Entries:   442056.494 / s

[P]set success:     442048.495 / s

[P]get found:       243221.307 / s

----------------------------------

[INFO]Current Time:       63.01 s

[P]index Load Factor:   20.7026 %

[P]slabs Load Factor:   18.1148 %

[P]rx packet:       16025.513 / s

[P]Throughput:      851361.860 ops

[P]Valid Entries:   444856.954 / s

[P]set success:     444854.954 / s

[P]get found:       245380.914 / s

----------------------------------

[INFO]Current Time:       64.01 s

[P]index Load Factor:   21.0833 %

[P]slabs Load Factor:   18.4479 %

[P]rx packet:       16125.551 / s

[P]Throughput:      856312.949 ops

[P]Valid Entries:   447015.111 / s

[P]set success:     446993.114 / s

[P]get found:       247702.381 / s

----------------------------------

[INFO]Current Time:       65.01 s

[P]index Load Factor:   21.4598 %

[P]slabs Load Factor:   18.7773 %

[P]rx packet:       15913.549 / s

[P]Throughput:      845080.842 ops

[P]Valid Entries:   442026.920 / s

[P]set success:     442002.923 / s

[P]get found:       243765.456 / s

----------------------------------

[INFO]Current Time:       66.01 s

[P]index Load Factor:   21.8393 %

[P]slabs Load Factor:   19.1094 %

[P]rx packet:       16081.523 / s

[P]Throughput:      852977.626 ops

[P]Valid Entries:   445687.356 / s

[P]set success:     445675.358 / s

[P]get found:       245639.167 / s

----------------------------------

[INFO]Current Time:       67.01 s

[P]index Load Factor:   22.2187 %

[P]slabs Load Factor:   19.4413 %

[P]rx packet:       16101.535 / s

[P]Throughput:      854073.272 ops

[P]Valid Entries:   445451.817 / s

[P]set success:     445424.821 / s

[P]get found:       246723.235 / s

----------------------------------

[INFO]Current Time:       68.01 s

[P]index Load Factor:   22.5988 %

[P]slabs Load Factor:   19.7740 %

[P]rx packet:       16109.473 / s

[P]Throughput:      854913.882 ops

[P]Valid Entries:   446378.972 / s

[P]set success:     446365.974 / s

[P]get found:       246773.286 / s

----------------------------------

[INFO]Current Time:       69.01 s

[P]index Load Factor:   22.9765 %

[P]slabs Load Factor:   20.1044 %

[P]rx packet:       15969.540 / s

[P]Throughput:      848756.276 ops

[P]Valid Entries:   443402.708 / s

[P]set success:     443374.712 / s

[P]get found:       244902.281 / s

----------------------------------

[INFO]Current Time:       70.01 s

[P]index Load Factor:   23.3555 %

[P]slabs Load Factor:   20.4361 %

[P]rx packet:       16036.632 / s

[P]Throughput:      851167.215 ops

[P]Valid Entries:   445082.512 / s

[P]set success:     445062.516 / s

[P]get found:       245080.522 / s

----------------------------------

[INFO]Current Time:       71.01 s

[P]index Load Factor:   23.7335 %

[P]slabs Load Factor:   20.7668 %

[P]rx packet:       15997.551 / s

[P]Throughput:      850497.819 ops

[P]Valid Entries:   443869.059 / s

[P]set success:     443848.063 / s

[P]get found:       245720.389 / s

----------------------------------

[INFO]Current Time:       72.01 s

[P]index Load Factor:   24.1122 %

[P]slabs Load Factor:   21.0982 %

[P]rx packet:       15997.506 / s

[P]Throughput:      849067.608 ops

[P]Valid Entries:   444636.670 / s

[P]set success:     444619.672 / s

[P]get found:       244368.897 / s

----------------------------------

[INFO]Current Time:       73.01 s

[P]index Load Factor:   24.4920 %

[P]slabs Load Factor:   21.4305 %

[P]rx packet:       16069.460 / s

[P]Throughput:      854168.980 ops

[P]Valid Entries:   445987.502 / s

[P]set success:     445964.506 / s

[P]get found:       246742.997 / s

----------------------------------

[INFO]Current Time:       74.01 s

[P]index Load Factor:   24.8704 %

[P]slabs Load Factor:   21.7616 %

[P]rx packet:       16013.628 / s

[P]Throughput:      850649.509 ops

[P]Valid Entries:   444257.221 / s

[P]set success:     444241.227 / s

[P]get found:       245288.395 / s

----------------------------------

[INFO]Current Time:       75.01 s

[P]index Load Factor:   25.2481 %

[P]slabs Load Factor:   22.0921 %

[P]rx packet:       15953.512 / s

[P]Throughput:      847656.828 ops

[P]Valid Entries:   443422.859 / s

[P]set success:     443404.862 / s

[P]get found:       243764.991 / s

----------------------------------

[INFO]Current Time:       76.01 s

[P]index Load Factor:   25.6263 %

[P]slabs Load Factor:   22.4231 %

[P]rx packet:       16025.532 / s

[P]Throughput:      851452.861 ops

[P]Valid Entries:   444182.588 / s

[P]set success:     444160.591 / s

[P]get found:       246409.048 / s

----------------------------------

[INFO]Current Time:       77.01 s

[P]index Load Factor:   26.0029 %

[P]slabs Load Factor:   22.7525 %

[P]rx packet:       15933.546 / s

[P]Throughput:      846403.638 ops

[P]Valid Entries:   442170.898 / s

[P]set success:     442161.899 / s

[P]get found:       244404.357 / s

----------------------------------

[INFO]Current Time:       78.01 s

[P]index Load Factor:   26.3791 %

[P]slabs Load Factor:   23.0817 %

[P]rx packet:       15961.526 / s

[P]Throughput:      847594.646 ops

[P]Valid Entries:   441691.550 / s

[P]set success:     441675.553 / s

[P]get found:       245414.968 / s

----------------------------------

[INFO]Current Time:       79.01 s

[P]index Load Factor:   26.7519 %

[P]slabs Load Factor:   23.4079 %

[P]rx packet:       15781.569 / s

[P]Throughput:      838162.907 ops

[P]Valid Entries:   437826.567 / s

[P]set success:     437816.568 / s

[P]get found:       241826.754 / s

----------------------------------

[INFO]Current Time:       80.01 s

[P]index Load Factor:   27.1307 %

[P]slabs Load Factor:   23.7393 %

[P]rx packet:       16065.510 / s

[P]Throughput:      852909.823 ops

[P]Valid Entries:   444721.081 / s

[P]set success:     444722.080 / s

[P]get found:       246678.772 / s

----------------------------------

[INFO]Current Time:       81.01 s

[P]index Load Factor:   27.5062 %

[P]slabs Load Factor:   24.0679 %

[P]rx packet:       15901.551 / s

[P]Throughput:      844521.928 ops

[P]Valid Entries:   440971.082 / s

[P]set success:     440963.084 / s

[P]get found:       243667.471 / s

----------------------------------

[INFO]Current Time:       82.01 s

[P]index Load Factor:   27.8851 %

[P]slabs Load Factor:   24.3995 %

[P]rx packet:       16017.548 / s

[P]Throughput:      850811.771 ops

[P]Valid Entries:   444893.902 / s

[P]set success:     444875.905 / s

[P]get found:       245244.462 / s

----------------------------------

[INFO]Current Time:       83.01 s

[P]index Load Factor:   28.2643 %

[P]slabs Load Factor:   24.7313 %

[P]rx packet:       16000.639 / s

[P]Throughput:      850194.419 ops

[P]Valid Entries:   445289.468 / s

[P]set success:     445262.474 / s

[P]get found:       244615.619 / s

----------------------------------

[INFO]Current Time:       84.01 s

[P]index Load Factor:   28.6403 %

[P]slabs Load Factor:   25.0602 %

[P]rx packet:       15881.524 / s

[P]Throughput:      844011.397 ops

[P]Valid Entries:   441438.168 / s

[P]set success:     441424.171 / s

[P]get found:       243264.069 / s

----------------------------------

[INFO]Current Time:       85.01 s

[P]index Load Factor:   29.0146 %

[P]slabs Load Factor:   25.3878 %

[P]rx packet:       15833.561 / s

[P]Throughput:      841183.442 ops

[P]Valid Entries:   439588.295 / s

[P]set success:     439568.298 / s

[P]get found:       242764.610 / s

----------------------------------

[INFO]Current Time:       86.01 s

[P]index Load Factor:   29.3865 %

[P]slabs Load Factor:   25.7132 %

[P]rx packet:       15729.592 / s

[P]Throughput:      836064.028 ops

[P]Valid Entries:   436610.170 / s

[P]set success:     436600.172 / s

[P]get found:       241641.013 / s

----------------------------------

[INFO]Current Time:       87.01 s

[P]index Load Factor:   29.7659 %

[P]slabs Load Factor:   26.0452 %

[P]rx packet:       16054.266 / s

[P]Throughput:      853093.863 ops

[P]Valid Entries:   445605.873 / s

[P]set success:     445598.874 / s

[P]get found:       246130.417 / s

----------------------------------

[INFO]Current Time:       88.01 s

[P]index Load Factor:   30.1444 %

[P]slabs Load Factor:   26.3763 %

[P]rx packet:       16009.473 / s

[P]Throughput:      850740.725 ops

[P]Valid Entries:   444329.870 / s

[P]set success:     444301.874 / s

[P]get found:       245224.295 / s

----------------------------------

[INFO]Current Time:       89.01 s

[P]index Load Factor:   30.5209 %

[P]slabs Load Factor:   26.7058 %

[P]rx packet:       15909.531 / s

[P]Throughput:      845329.796 ops

[P]Valid Entries:   442139.375 / s

[P]set success:     442116.379 / s

[P]get found:       243855.151 / s

----------------------------------

[INFO]Current Time:       90.01 s

[P]index Load Factor:   30.8944 %

[P]slabs Load Factor:   27.0326 %

[P]rx packet:       15794.343 / s

[P]Throughput:      838778.009 ops

[P]Valid Entries:   438552.994 / s

[P]set success:     438543.995 / s

[P]get found:       242227.589 / s

----------------------------------

[INFO]Current Time:       91.01 s

[P]index Load Factor:   31.2759 %

[P]slabs Load Factor:   27.3664 %

[P]rx packet:       16133.500 / s

[P]Throughput:      856675.239 ops

[P]Valid Entries:   448013.570 / s

[P]set success:     447993.574 / s

[P]get found:       246758.759 / s

----------------------------------

[INFO]Current Time:       92.01 s

[P]index Load Factor:   31.6531 %

[P]slabs Load Factor:   27.6965 %

[P]rx packet:       15953.558 / s

[P]Throughput:      847848.224 ops

[P]Valid Entries:   442963.198 / s

[P]set success:     442944.201 / s

[P]get found:       244410.589 / s

----------------------------------

[INFO]Current Time:       93.01 s

[P]index Load Factor:   32.0300 %

[P]slabs Load Factor:   28.0262 %

[P]rx packet:       15933.546 / s

[P]Throughput:      846620.605 ops

[P]Valid Entries:   442530.842 / s

[P]set success:     442536.841 / s

[P]get found:       242919.586 / s

----------------------------------

[INFO]Current Time:       94.01 s

[P]index Load Factor:   32.4071 %

[P]slabs Load Factor:   28.3562 %

[P]rx packet:       15933.546 / s

[P]Throughput:      846588.610 ops

[P]Valid Entries:   442765.806 / s

[P]set success:     442773.805 / s

[P]get found:       244091.405 / s

----------------------------------

[INFO]Current Time:       95.01 s

[P]index Load Factor:   32.7845 %

[P]slabs Load Factor:   28.6865 %

[P]rx packet:       15936.637 / s

[P]Throughput:      846888.306 ops

[P]Valid Entries:   443219.480 / s

[P]set success:     443197.485 / s

[P]get found:       243630.594 / s

----------------------------------

[INFO]Current Time:       96.01 s

[P]index Load Factor:   33.1531 %

[P]slabs Load Factor:   29.0090 %

[P]rx packet:       15598.393 / s

[P]Throughput:      829093.606 ops

[P]Valid Entries:   432789.424 / s

[P]set success:     432774.426 / s

[P]get found:       239385.344 / s

----------------------------------

[INFO]Current Time:       97.01 s

[P]index Load Factor:   33.5253 %

[P]slabs Load Factor:   29.3346 %

[P]rx packet:       15737.561 / s

[P]Throughput:      836393.382 ops

[P]Valid Entries:   437003.277 / s

[P]set success:     436992.278 / s

[P]get found:       241125.632 / s

----------------------------------

[INFO]Current Time:       98.02 s

[P]index Load Factor:   33.9017 %

[P]slabs Load Factor:   29.6639 %

[P]rx packet:       15897.586 / s

[P]Throughput:      845315.620 ops

[P]Valid Entries:   441966.877 / s

[P]set success:     441956.879 / s

[P]get found:       243138.074 / s

----------------------------------

[INFO]Current Time:       99.02 s

[P]index Load Factor:   34.2816 %

[P]slabs Load Factor:   29.9964 %

[P]rx packet:       16049.559 / s

[P]Throughput:      852253.363 ops

[P]Valid Entries:   446181.131 / s

[P]set success:     446181.131 / s

[P]get found:       245837.605 / s

----------------------------------

[INFO]Current Time:       100.02 s

[P]index Load Factor:   34.6572 %

[P]slabs Load Factor:   30.3250 %

[P]rx packet:       15869.571 / s

[P]Throughput:      843967.818 ops

[P]Valid Entries:   440992.500 / s

[P]set success:     440984.501 / s

[P]get found:       243167.780 / s

----------------------------------

[INFO]Current Time:       101.02 s

[P]index Load Factor:   35.0321 %

[P]slabs Load Factor:   30.6531 %

[P]rx packet:       15853.592 / s

[P]Throughput:      842216.090 ops

[P]Valid Entries:   440271.135 / s

[P]set success:     440265.136 / s

[P]get found:       242204.216 / s

----------------------------------

[INFO]Current Time:       102.02 s

[P]index Load Factor:   35.4045 %

[P]slabs Load Factor:   30.9789 %

[P]rx packet:       15754.362 / s

[P]Throughput:      837253.967 ops

[P]Valid Entries:   437227.550 / s

[P]set success:     437211.552 / s

[P]get found:       241645.881 / s

----------------------------------

[INFO]Current Time:       103.02 s

[P]index Load Factor:   35.7847 %

[P]slabs Load Factor:   31.3116 %

[P]rx packet:       16093.537 / s

[P]Throughput:      854540.200 ops

[P]Valid Entries:   446492.658 / s

[P]set success:     446475.660 / s

[P]get found:       247559.107 / s

----------------------------------

[INFO]Current Time:       104.02 s

[P]index Load Factor:   36.1574 %

[P]slabs Load Factor:   31.6377 %

[P]rx packet:       15769.398 / s

[P]Throughput:      837899.759 ops

[P]Valid Entries:   437577.806 / s

[P]set success:     437572.807 / s

[P]get found:       242230.036 / s

----------------------------------

[INFO]Current Time:       105.02 s

[P]index Load Factor:   36.5325 %

[P]slabs Load Factor:   31.9660 %

[P]rx packet:       15857.527 / s

[P]Throughput:      842201.679 ops

[P]Valid Entries:   440512.313 / s

[P]set success:     440516.312 / s

[P]get found:       242666.162 / s

----------------------------------

[INFO]Current Time:       106.02 s

[P]index Load Factor:   36.9052 %

[P]slabs Load Factor:   32.2920 %

[P]rx packet:       15789.000 / s

[P]Throughput:      838396.688 ops

[P]Valid Entries:   437565.854 / s

[P]set success:     437558.855 / s

[P]get found:       241960.023 / s

----------------------------------

[INFO]Current Time:       107.02 s

[P]index Load Factor:   37.2765 %

[P]slabs Load Factor:   32.6169 %

[P]rx packet:       15709.595 / s

[P]Throughput:      834163.319 ops

[P]Valid Entries:   436004.263 / s

[P]set success:     436003.263 / s

[P]get found:       240274.222 / s

----------------------------------

[INFO]Current Time:       108.02 s

[P]index Load Factor:   37.6533 %

[P]slabs Load Factor:   32.9467 %

[P]rx packet:       15921.548 / s

[P]Throughput:      846179.673 ops

[P]Valid Entries:   442470.851 / s

[P]set success:     442469.852 / s

[P]get found:       243780.453 / s

----------------------------------

[INFO]Current Time:       109.02 s

[P]index Load Factor:   38.0277 %

[P]slabs Load Factor:   33.2742 %

[P]rx packet:       15830.339 / s

[P]Throughput:      841444.729 ops

[P]Valid Entries:   439577.886 / s

[P]set success:     439589.885 / s

[P]get found:       242966.512 / s

----------------------------------

[INFO]Current Time:       110.02 s

[P]index Load Factor:   38.3991 %

[P]slabs Load Factor:   33.5992 %

[P]rx packet:       15681.570 / s

[P]Throughput:      833603.815 ops

[P]Valid Entries:   436102.416 / s

[P]set success:     436090.418 / s

[P]get found:       240488.731 / s

----------------------------------

[INFO]Current Time:       111.02 s

[P]index Load Factor:   38.7702 %

[P]slabs Load Factor:   33.9239 %

[P]rx packet:       15673.601 / s

[P]Throughput:      833062.488 ops

[P]Valid Entries:   435799.294 / s

[P]set success:     435789.296 / s

[P]get found:       240789.144 / s

----------------------------------

[INFO]Current Time:       112.02 s

[P]index Load Factor:   39.1465 %

[P]slabs Load Factor:   34.2532 %

[P]rx packet:       15905.565 / s

[P]Throughput:      845511.582 ops

[P]Valid Entries:   441850.368 / s

[P]set success:     441850.368 / s

[P]get found:       243299.759 / s

----------------------------------

[INFO]Current Time:       113.02 s

[P]index Load Factor:   39.5200 %

[P]slabs Load Factor:   34.5800 %

[P]rx packet:       15797.601 / s

[P]Throughput:      839341.527 ops

[P]Valid Entries:   438570.393 / s

[P]set success:     438558.395 / s

[P]get found:       242444.179 / s

----------------------------------

[INFO]Current Time:       114.02 s

[P]index Load Factor:   39.8946 %

[P]slabs Load Factor:   34.9077 %

[P]rx packet:       15837.512 / s

[P]Throughput:      841425.797 ops

[P]Valid Entries:   439837.894 / s

[P]set success:     439828.895 / s

[P]get found:       242564.889 / s

----------------------------------

[INFO]Current Time:       115.02 s

[P]index Load Factor:   40.2721 %

[P]slabs Load Factor:   35.2381 %

[P]rx packet:       15945.559 / s

[P]Throughput:      847356.300 ops

[P]Valid Entries:   443279.150 / s

[P]set success:     443258.153 / s

[P]get found:       244595.561 / s

----------------------------------

[INFO]Current Time:       116.02 s

[P]index Load Factor:   40.6475 %

[P]slabs Load Factor:   35.5666 %

[P]rx packet:       15862.366 / s

[P]Throughput:      842704.204 ops

[P]Valid Entries:   440889.590 / s

[P]set success:     440881.591 / s

[P]get found:       242763.996 / s

----------------------------------

[INFO]Current Time:       117.02 s

[P]index Load Factor:   41.0229 %

[P]slabs Load Factor:   35.8950 %

[P]rx packet:       15845.578 / s

[P]Throughput:      842613.227 ops

[P]Valid Entries:   440790.636 / s

[P]set success:     440776.638 / s

[P]get found:       242787.896 / s

----------------------------------

[INFO]Current Time:       118.02 s

[P]index Load Factor:   41.4012 %

[P]slabs Load Factor:   36.2260 %

[P]rx packet:       15962.356 / s

[P]Throughput:      848249.633 ops

[P]Valid Entries:   444171.252 / s

[P]set success:     444177.251 / s

[P]get found:       243621.908 / s

----------------------------------

[INFO]Current Time:       119.02 s

[P]index Load Factor:   41.7790 %

[P]slabs Load Factor:   36.5566 %

[P]rx packet:       15953.524 / s

[P]Throughput:      848479.307 ops

[P]Valid Entries:   443687.135 / s

[P]set success:     443686.135 / s

[P]get found:       244277.086 / s

----------------------------------

[INFO]Current Time:       120.02 s

[P]index Load Factor:   42.1557 %

[P]slabs Load Factor:   36.8863 %

[P]rx packet:       15913.473 / s

[P]Throughput:      845986.669 ops

[P]Valid Entries:   442357.759 / s

[P]set success:     442355.760 / s

[P]get found:       243262.373 / s

----------------------------------

[INFO]Current Time:       121.02 s

[P]index Load Factor:   42.5319 %

[P]slabs Load Factor:   37.2154 %

[P]rx packet:       15872.617 / s

[P]Throughput:      843786.150 ops

[P]Valid Entries:   441717.850 / s

[P]set success:     441700.853 / s

[P]get found:       242667.276 / s

----------------------------------

[INFO]Current Time:       122.02 s

[P]index Load Factor:   42.9015 %

[P]slabs Load Factor:   37.5388 %

[P]rx packet:       15613.580 / s

[P]Throughput:      830048.366 ops

[P]Valid Entries:   433895.758 / s

[P]set success:     433894.758 / s

[P]get found:       240049.799 / s

----------------------------------

[INFO]Current Time:       123.02 s

[P]index Load Factor:   43.2791 %

[P]slabs Load Factor:   37.8692 %

[P]rx packet:       15953.543 / s

[P]Throughput:      847821.420 ops

[P]Valid Entries:   443407.707 / s

[P]set success:     443390.710 / s

[P]get found:       244668.317 / s

----------------------------------

[INFO]Current Time:       124.02 s

[P]index Load Factor:   43.6531 %

[P]slabs Load Factor:   38.1964 %

[P]rx packet:       15801.551 / s

[P]Throughput:      840375.765 ops

[P]Valid Entries:   439149.944 / s

[P]set success:     439155.943 / s

[P]get found:       242408.433 / s

----------------------------------

[INFO]Current Time:       125.02 s

[P]index Load Factor:   44.0280 %

[P]slabs Load Factor:   38.5245 %

[P]rx packet:       15829.547 / s

[P]Throughput:      841081.656 ops

[P]Valid Entries:   440209.780 / s

[P]set success:     440206.780 / s

[P]get found:       242189.467 / s

----------------------------------

[INFO]Current Time:       126.02 s

[P]index Load Factor:   44.4070 %

[P]slabs Load Factor:   38.8561 %

[P]rx packet:       15985.488 / s

[P]Throughput:      849581.516 ops

[P]Valid Entries:   445038.077 / s

[P]set success:     445040.076 / s

[P]get found:       244198.632 / s

----------------------------------

[INFO]Current Time:       127.02 s

[P]index Load Factor:   44.7853 %

[P]slabs Load Factor:   39.1871 %

[P]rx packet:       15957.561 / s

[P]Throughput:      847934.413 ops

[P]Valid Entries:   444200.115 / s

[P]set success:     444197.115 / s

[P]get found:       243518.784 / s

----------------------------------

[INFO]Current Time:       128.02 s

[P]index Load Factor:   45.1617 %

[P]slabs Load Factor:   39.5165 %

[P]rx packet:       15901.566 / s

[P]Throughput:      845322.611 ops

[P]Valid Entries:   442063.336 / s

[P]set success:     442049.338 / s

[P]get found:       244056.644 / s

----------------------------------

[INFO]Current Time:       129.02 s

[P]index Load Factor:   45.5329 %

[P]slabs Load Factor:   39.8413 %

[P]rx packet:       15709.580 / s

[P]Throughput:      835751.279 ops

[P]Valid Entries:   435834.873 / s

[P]set success:     435811.877 / s

[P]get found:       242141.706 / s

----------------------------------

[INFO]Current Time:       130.02 s

[P]index Load Factor:   45.9086 %

[P]slabs Load Factor:   40.1700 %

[P]rx packet:       15881.554 / s

[P]Throughput:      843934.019 ops

[P]Valid Entries:   441173.051 / s

[P]set success:     441154.054 / s

[P]get found:       242699.620 / s

----------------------------------

[INFO]Current Time:       131.02 s

[P]index Load Factor:   46.2782 %

[P]slabs Load Factor:   40.4934 %

[P]rx packet:       15621.564 / s

[P]Throughput:      830025.578 ops

[P]Valid Entries:   433971.333 / s

[P]set success:     433971.333 / s

[P]get found:       239262.693 / s

----------------------------------

[INFO]Current Time:       132.02 s

[P]index Load Factor:   46.6524 %

[P]slabs Load Factor:   40.8209 %

[P]rx packet:       15853.588 / s

[P]Throughput:      842123.904 ops

[P]Valid Entries:   439450.155 / s

[P]set success:     439439.156 / s

[P]get found:       243881.903 / s

----------------------------------

[INFO]Current Time:       133.02 s

[P]index Load Factor:   47.0228 %

[P]slabs Load Factor:   41.1450 %

[P]rx packet:       15649.560 / s

[P]Throughput:      831539.342 ops

[P]Valid Entries:   434891.189 / s

[P]set success:     434885.190 / s

[P]get found:       239600.640 / s

----------------------------------

[INFO]Current Time:       134.02 s

[P]index Load Factor:   47.3971 %

[P]slabs Load Factor:   41.4725 %

[P]rx packet:       15829.513 / s

[P]Throughput:      840556.934 ops

[P]Valid Entries:   439536.941 / s

[P]set success:     439514.944 / s

[P]get found:       241729.020 / s

----------------------------------

[INFO]Current Time:       135.02 s

[P]index Load Factor:   47.7711 %

[P]slabs Load Factor:   41.7997 %

[P]rx packet:       15825.563 / s

[P]Throughput:      840046.617 ops

[P]Valid Entries:   439067.376 / s

[P]set success:     439061.376 / s

[P]get found:       241806.757 / s

----------------------------------

[INFO]Current Time:       136.02 s

[P]index Load Factor:   48.1422 %

[P]slabs Load Factor:   42.1244 %

[P]rx packet:       15698.465 / s

[P]Throughput:      833399.101 ops

[P]Valid Entries:   435346.722 / s

[P]set success:     435334.735 / s

[P]get found:       241065.732 / s

----------------------------------

[INFO]Current Time:       137.02 s

[P]index Load Factor:   48.5118 %

[P]slabs Load Factor:   42.4478 %

[P]rx packet:       15621.564 / s

[P]Throughput:      829625.640 ops

[P]Valid Entries:   434001.328 / s

[P]set success:     433983.331 / s

[P]get found:       239007.733 / s

----------------------------------

[INFO]Current Time:       138.02 s

[P]index Load Factor:   48.8831 %

[P]slabs Load Factor:   42.7727 %

[P]rx packet:       15733.562 / s

[P]Throughput:      835411.535 ops

[P]Valid Entries:   435986.434 / s

[P]set success:     435974.436 / s

[P]get found:       241502.574 / s

----------------------------------

[INFO]Current Time:       139.02 s

[P]index Load Factor:   49.2565 %

[P]slabs Load Factor:   43.0994 %

[P]rx packet:       15781.584 / s

[P]Throughput:      838438.665 ops

[P]Valid Entries:   438485.883 / s

[P]set success:     438466.886 / s

[P]get found:       241754.996 / s

----------------------------------

[INFO]Current Time:       140.02 s

[P]index Load Factor:   49.6299 %

[P]slabs Load Factor:   43.4262 %

[P]rx packet:       15765.557 / s

[P]Throughput:      838573.045 ops

[P]Valid Entries:   438456.052 / s

[P]set success:     438448.053 / s

[P]get found:       242507.418 / s

----------------------------------

[INFO]Current Time:       141.02 s

[P]index Load Factor:   50.0049 %

[P]slabs Load Factor:   43.7543 %

[P]rx packet:       15834.482 / s

[P]Throughput:      841724.326 ops

[P]Valid Entries:   440409.789 / s

[P]set success:     440418.788 / s

[P]get found:       242167.790 / s

----------------------------------

[INFO]Current Time:       142.02 s

[P]index Load Factor:   50.3774 %

[P]slabs Load Factor:   44.0802 %

[P]rx packet:       15714.426 / s

[P]Throughput:      834876.399 ops

[P]Valid Entries:   437355.205 / s

[P]set success:     437340.207 / s

[P]get found:       240334.934 / s

----------------------------------

[INFO]Current Time:       143.03 s

[P]index Load Factor:   50.7517 %

[P]slabs Load Factor:   44.4077 %

[P]rx packet:       15767.374 / s

[P]Throughput:      838665.602 ops

[P]Valid Entries:   438253.451 / s

[P]set success:     438250.460 / s

[P]get found:       242411.417 / s

----------------------------------

[INFO]Current Time:       144.03 s

[P]index Load Factor:   51.1259 %

[P]slabs Load Factor:   44.7352 %

[P]rx packet:       15797.518 / s

[P]Throughput:      840274.978 ops

[P]Valid Entries:   439389.964 / s

[P]set success:     439387.964 / s

[P]get found:       242061.968 / s

----------------------------------

[INFO]Current Time:       145.03 s

[P]index Load Factor:   51.4949 %

[P]slabs Load Factor:   45.0581 %

[P]rx packet:       15573.572 / s

[P]Throughput:      827464.977 ops

[P]Valid Entries:   433315.435 / s

[P]set success:     433311.436 / s

[P]get found:       238043.883 / s

----------------------------------

[INFO]Current Time:       146.03 s

[P]index Load Factor:   51.8681 %

[P]slabs Load Factor:   45.3845 %

[P]rx packet:       15748.707 / s

[P]Throughput:      837694.844 ops

[P]Valid Entries:   438121.392 / s

[P]set success:     438106.395 / s

[P]get found:       241127.582 / s

----------------------------------

[INFO]Current Time:       147.03 s

[P]index Load Factor:   52.2446 %

[P]slabs Load Factor:   45.7141 %

[P]rx packet:       15893.571 / s

[P]Throughput:      845250.823 ops

[P]Valid Entries:   442197.421 / s

[P]set success:     442199.420 / s

[P]get found:       243716.754 / s

----------------------------------

[INFO]Current Time:       148.03 s

[P]index Load Factor:   52.6159 %

[P]slabs Load Factor:   46.0390 %

[P]rx packet:       15669.602 / s

[P]Throughput:      832894.513 ops

[P]Valid Entries:   435991.265 / s

[P]set success:     435978.267 / s

[P]get found:       240134.244 / s

----------------------------------

[INFO]Current Time:       149.03 s

[P]index Load Factor:   52.9873 %

[P]slabs Load Factor:   46.3639 %

[P]rx packet:       15665.557 / s

[P]Throughput:      833019.111 ops

[P]Valid Entries:   436059.007 / s

[P]set success:     436055.008 / s

[P]get found:       240185.549 / s

----------------------------------

[INFO]Current Time:       150.03 s

[P]index Load Factor:   53.3603 %

[P]slabs Load Factor:   46.6903 %

[P]rx packet:       15745.560 / s

[P]Throughput:      837364.232 ops

[P]Valid Entries:   438024.118 / s

[P]set success:     438016.120 / s

[P]get found:       240747.691 / s

----------------------------------

[INFO]Current Time:       151.03 s

[P]index Load Factor:   53.7277 %

[P]slabs Load Factor:   47.0117 %

[P]rx packet:       15525.590 / s

[P]Throughput:      825563.864 ops

[P]Valid Entries:   431347.050 / s

[P]set success:     431335.052 / s

[P]get found:       238280.016 / s

----------------------------------

[INFO]Current Time:       152.03 s

[P]index Load Factor:   54.1011 %

[P]slabs Load Factor:   47.3385 %

[P]rx packet:       15761.576 / s

[P]Throughput:      838300.086 ops

[P]Valid Entries:   438532.562 / s

[P]set success:     438524.564 / s

[P]get found:       241246.901 / s

----------------------------------

[INFO]Current Time:       153.03 s

[P]index Load Factor:   54.4715 %

[P]slabs Load Factor:   47.6626 %

[P]rx packet:       15661.603 / s

[P]Throughput:      832819.525 ops

[P]Valid Entries:   434896.433 / s

[P]set success:     434891.433 / s

[P]get found:       240596.173 / s

----------------------------------

[INFO]Current Time:       154.03 s

[P]index Load Factor:   54.8420 %

[P]slabs Load Factor:   47.9868 %

[P]rx packet:       15657.555 / s

[P]Throughput:      832545.986 ops

[P]Valid Entries:   435041.062 / s

[P]set success:     435028.064 / s

[P]get found:       240764.401 / s

----------------------------------

[INFO]Current Time:       155.03 s

[P]index Load Factor:   55.2114 %

[P]slabs Load Factor:   48.3100 %

[P]rx packet:       15593.569 / s

[P]Throughput:      828739.778 ops

[P]Valid Entries:   433802.359 / s

[P]set success:     433803.359 / s

[P]get found:       238136.868 / s

----------------------------------

[INFO]Current Time:       156.03 s

[P]index Load Factor:   55.5826 %

[P]slabs Load Factor:   48.6348 %

[P]rx packet:       15669.572 / s

[P]Throughput:      833192.878 ops

[P]Valid Entries:   435784.466 / s

[P]set success:     435786.465 / s

[P]get found:       239887.824 / s

----------------------------------

[INFO]Current Time:       157.03 s

[P]index Load Factor:   55.9480 %

[P]slabs Load Factor:   48.9545 %

[P]rx packet:       15429.315 / s

[P]Throughput:      820524.191 ops

[P]Valid Entries:   429098.317 / s

[P]set success:     429088.319 / s

[P]get found:       235941.935 / s

----------------------------------

[INFO]Current Time:       158.03 s

[P]index Load Factor:   56.3191 %

[P]slabs Load Factor:   49.2792 %

[P]rx packet:       15649.608 / s

[P]Throughput:      831713.892 ops

[P]Valid Entries:   435748.406 / s

[P]set success:     435731.409 / s

[P]get found:       238345.575 / s

----------------------------------

[INFO]Current Time:       159.03 s

[P]index Load Factor:   56.6922 %

[P]slabs Load Factor:   49.6056 %

[P]rx packet:       15744.599 / s

[P]Throughput:      836569.295 ops

[P]Valid Entries:   438019.385 / s

[P]set success:     438008.387 / s

[P]get found:       240092.138 / s

----------------------------------

[INFO]Current Time:       160.03 s

[P]index Load Factor:   57.0623 %

[P]slabs Load Factor:   49.9295 %

[P]rx packet:       15657.555 / s

[P]Throughput:      832723.958 ops

[P]Valid Entries:   434574.135 / s

[P]set success:     434569.136 / s

[P]get found:       240434.453 / s

----------------------------------

[INFO]Current Time:       161.03 s

[P]index Load Factor:   57.4349 %

[P]slabs Load Factor:   50.2556 %

[P]rx packet:       15741.530 / s

[P]Throughput:      836825.719 ops

[P]Valid Entries:   437602.349 / s

[P]set success:     437586.352 / s

[P]get found:       240906.207 / s

----------------------------------

[INFO]Current Time:       162.03 s

[P]index Load Factor:   57.8070 %

[P]slabs Load Factor:   50.5811 %

[P]rx packet:       15689.598 / s

[P]Throughput:      833799.375 ops

[P]Valid Entries:   436923.122 / s

[P]set success:     436933.121 / s

[P]get found:       239373.360 / s

----------------------------------

[INFO]Current Time:       163.03 s

[P]index Load Factor:   58.1763 %

[P]slabs Load Factor:   50.9043 %

[P]rx packet:       15593.598 / s

[P]Throughput:      828716.362 ops

[P]Valid Entries:   433661.208 / s

[P]set success:     433642.211 / s

[P]get found:       237836.369 / s

----------------------------------

[INFO]Current Time:       164.03 s

[P]index Load Factor:   58.5479 %

[P]slabs Load Factor:   51.2294 %

[P]rx packet:       15709.565 / s

[P]Throughput:      835113.581 ops

[P]Valid Entries:   436283.388 / s

[P]set success:     436272.390 / s

[P]get found:       240598.714 / s

----------------------------------

[INFO]Current Time:       165.03 s

[P]index Load Factor:   58.9167 %

[P]slabs Load Factor:   51.5522 %

[P]rx packet:       15577.586 / s

[P]Throughput:      828071.672 ops

[P]Valid Entries:   433116.879 / s

[P]set success:     433113.879 / s

[P]get found:       237758.154 / s

----------------------------------

[INFO]Current Time:       166.03 s

[P]index Load Factor:   59.2854 %

[P]slabs Load Factor:   51.8747 %

[P]rx packet:       15565.573 / s

[P]Throughput:      827077.037 ops

[P]Valid Entries:   432892.501 / s

[P]set success:     432888.502 / s

[P]get found:       237325.995 / s

----------------------------------

[INFO]Current Time:       167.03 s

[P]index Load Factor:   59.6565 %

[P]slabs Load Factor:   52.1995 %

[P]rx packet:       15689.550 / s

[P]Throughput:      833705.805 ops

[P]Valid Entries:   435800.944 / s

[P]set success:     435781.946 / s

[P]get found:       240053.512 / s

----------------------------------

[INFO]Current Time:       168.03 s

[P]index Load Factor:   60.0213 %

[P]slabs Load Factor:   52.5186 %

[P]rx packet:       15453.605 / s

[P]Throughput:      820817.796 ops

[P]Valid Entries:   428264.631 / s

[P]set success:     428259.632 / s

[P]get found:       236773.307 / s

----------------------------------

[INFO]Current Time:       169.03 s

[P]index Load Factor:   60.3912 %

[P]slabs Load Factor:   52.8423 %

[P]rx packet:       15625.593 / s

[P]Throughput:      829780.199 ops

[P]Valid Entries:   434424.091 / s

[P]set success:     434424.091 / s

[P]get found:       238387.284 / s

----------------------------------

[INFO]Current Time:       170.03 s

[P]index Load Factor:   60.7565 %

[P]slabs Load Factor:   53.1619 %

[P]rx packet:       15469.404 / s

[P]Throughput:      821556.105 ops

[P]Valid Entries:   428873.015 / s

[P]set success:     428873.015 / s

[P]get found:       236529.299 / s

----------------------------------

[INFO]Current Time:       171.03 s

[P]index Load Factor:   61.1257 %

[P]slabs Load Factor:   53.4850 %

[P]rx packet:       15570.363 / s

[P]Throughput:      827706.973 ops

[P]Valid Entries:   433567.414 / s

[P]set success:     433553.415 / s

[P]get found:       237188.061 / s

----------------------------------

[INFO]Current Time:       172.03 s

[P]index Load Factor:   61.4972 %

[P]slabs Load Factor:   53.8101 %

[P]rx packet:       15700.687 / s

[P]Throughput:      835302.751 ops

[P]Valid Entries:   436200.961 / s

[P]set success:     436203.961 / s

[P]get found:       240367.282 / s

----------------------------------

[INFO]Current Time:       173.03 s

[P]index Load Factor:   61.8657 %

[P]slabs Load Factor:   54.1325 %

[P]rx packet:       15561.603 / s

[P]Throughput:      827635.529 ops

[P]Valid Entries:   432664.362 / s

[P]set success:     432649.364 / s

[P]get found:       237903.359 / s

----------------------------------

[INFO]Current Time:       174.03 s

[P]index Load Factor:   62.2299 %

[P]slabs Load Factor:   54.4512 %

[P]rx packet:       15373.632 / s

[P]Throughput:      817692.060 ops

[P]Valid Entries:   427740.120 / s

[P]set success:     427732.121 / s

[P]get found:       235069.795 / s

----------------------------------

[INFO]Current Time:       175.03 s

[P]index Load Factor:   62.5921 %

[P]slabs Load Factor:   54.7681 %

[P]rx packet:       15281.646 / s

[P]Throughput:      812274.895 ops

[P]Valid Entries:   425301.496 / s

[P]set success:     425291.497 / s

[P]get found:       233440.046 / s

----------------------------------

[INFO]Current Time:       176.03 s

[P]index Load Factor:   62.9556 %

[P]slabs Load Factor:   55.0862 %

[P]rx packet:       15325.625 / s

[P]Throughput:      815767.579 ops

[P]Valid Entries:   426823.854 / s

[P]set success:     426819.855 / s

[P]get found:       234241.699 / s

----------------------------------

[INFO]Current Time:       177.03 s

[P]index Load Factor:   63.3228 %

[P]slabs Load Factor:   55.4075 %

[P]rx packet:       15450.031 / s

[P]Throughput:      821487.903 ops

[P]Valid Entries:   430623.684 / s

[P]set success:     430615.695 / s

[P]get found:       234786.151 / s

----------------------------------

[INFO]Current Time:       178.03 s

[P]index Load Factor:   63.6904 %

[P]slabs Load Factor:   55.7291 %

[P]rx packet:       15501.550 / s

[P]Throughput:      823993.750 ops

[P]Valid Entries:   431568.781 / s

[P]set success:     431560.783 / s

[P]get found:       236214.661 / s

----------------------------------

[INFO]Current Time:       179.03 s

[P]index Load Factor:   64.0530 %

[P]slabs Load Factor:   56.0464 %

[P]rx packet:       15313.627 / s

[P]Throughput:      814431.786 ops

[P]Valid Entries:   425840.007 / s

[P]set success:     425841.007 / s

[P]get found:       234204.705 / s

----------------------------------

[INFO]Current Time:       180.03 s

[P]index Load Factor:   64.4200 %

[P]slabs Load Factor:   56.3675 %

[P]rx packet:       15485.600 / s

[P]Throughput:      823279.415 ops

[P]Valid Entries:   430960.213 / s

[P]set success:     430960.213 / s

[P]get found:       236564.339 / s

----------------------------------

[INFO]Current Time:       181.03 s

[P]index Load Factor:   64.7880 %

[P]slabs Load Factor:   56.6895 %

[P]rx packet:       15529.623 / s

[P]Throughput:      825858.590 ops

[P]Valid Entries:   432022.873 / s

[P]set success:     432011.874 / s

[P]get found:       237644.625 / s

----------------------------------

[INFO]Current Time:       182.03 s

[P]index Load Factor:   65.1523 %

[P]slabs Load Factor:   57.0083 %

[P]rx packet:       15397.584 / s

[P]Throughput:      818849.539 ops

[P]Valid Entries:   427850.879 / s

[P]set success:     427849.879 / s

[P]get found:       235629.035 / s

----------------------------------

[INFO]Current Time:       183.03 s

[P]index Load Factor:   65.5164 %

[P]slabs Load Factor:   57.3268 %

[P]rx packet:       15345.636 / s

[P]Throughput:      815922.333 ops

[P]Valid Entries:   427465.162 / s

[P]set success:     427466.162 / s

[P]get found:       233676.010 / s

----------------------------------

[INFO]Current Time:       184.03 s

[P]index Load Factor:   65.8774 %

[P]slabs Load Factor:   57.6427 %

[P]rx packet:       15257.665 / s

[P]Throughput:      811090.851 ops

[P]Valid Entries:   423883.118 / s

[P]set success:     423872.120 / s

[P]get found:       233230.301 / s

----------------------------------

[INFO]Current Time:       185.03 s

[P]index Load Factor:   66.2380 %

[P]slabs Load Factor:   57.9582 %

[P]rx packet:       15221.412 / s

[P]Throughput:      809027.471 ops

[P]Valid Entries:   423453.016 / s

[P]set success:     423450.017 / s

[P]get found:       231620.626 / s

----------------------------------

[INFO]Current Time:       186.03 s

[P]index Load Factor:   66.6022 %

[P]slabs Load Factor:   58.2769 %

[P]rx packet:       15409.351 / s

[P]Throughput:      818987.216 ops

[P]Valid Entries:   427663.485 / s

[P]set success:     427660.485 / s

[P]get found:       234853.629 / s

----------------------------------

[INFO]Current Time:       187.03 s

[P]index Load Factor:   66.9651 %

[P]slabs Load Factor:   58.5944 %

[P]rx packet:       15333.591 / s

[P]Throughput:      814904.964 ops

[P]Valid Entries:   426063.058 / s

[P]set success:     426062.058 / s

[P]get found:       234019.231 / s

----------------------------------

[INFO]Current Time:       188.03 s

[P]index Load Factor:   67.3268 %

[P]slabs Load Factor:   58.9109 %

[P]rx packet:       15317.655 / s

[P]Throughput:      813317.510 ops

[P]Valid Entries:   424715.991 / s

[P]set success:     424717.991 / s

[P]get found:       233522.256 / s

----------------------------------

[INFO]Current Time:       189.03 s

[P]index Load Factor:   67.6894 %

[P]slabs Load Factor:   59.2282 %

[P]rx packet:       15333.671 / s

[P]Throughput:      814653.276 ops

[P]Valid Entries:   425809.331 / s

[P]set success:     425799.333 / s

[P]get found:       233559.529 / s

----------------------------------

[INFO]Current Time:       190.03 s

[P]index Load Factor:   68.0510 %

[P]slabs Load Factor:   59.5446 %

[P]rx packet:       15301.643 / s

[P]Throughput:      813672.679 ops

[P]Valid Entries:   424635.598 / s

[P]set success:     424630.599 / s

[P]get found:       234291.915 / s

----------------------------------

[INFO]Current Time:       191.03 s

[P]index Load Factor:   68.4127 %

[P]slabs Load Factor:   59.8611 %

[P]rx packet:       15257.679 / s

[P]Throughput:      811879.504 ops

[P]Valid Entries:   424690.400 / s

[P]set success:     424686.401 / s

[P]get found:       232552.626 / s

----------------------------------

[INFO]Current Time:       192.03 s

[P]index Load Factor:   68.7693 %

[P]slabs Load Factor:   60.1731 %

[P]rx packet:       15065.698 / s

[P]Throughput:      801722.476 ops

[P]Valid Entries:   418733.007 / s

[P]set success:     418734.006 / s

[P]get found:       230278.807 / s

----------------------------------

[INFO]Current Time:       193.03 s

[P]index Load Factor:   69.1282 %

[P]slabs Load Factor:   60.4871 %

[P]rx packet:       15149.681 / s

[P]Throughput:      805891.646 ops

[P]Valid Entries:   421397.499 / s

[P]set success:     421399.499 / s

[P]get found:       231389.582 / s

----------------------------------

[INFO]Current Time:       194.04 s

[P]index Load Factor:   69.4906 %

[P]slabs Load Factor:   60.8043 %

[P]rx packet:       15289.631 / s

[P]Throughput:      813313.959 ops

[P]Valid Entries:   425557.051 / s

[P]set success:     425557.051 / s

[P]get found:       232706.937 / s

----------------------------------

[INFO]Current Time:       195.04 s

[P]index Load Factor:   69.8492 %

[P]slabs Load Factor:   61.1180 %

[P]rx packet:       15109.687 / s

[P]Throughput:      803373.032 ops

[P]Valid Entries:   421045.553 / s

[P]set success:     421037.554 / s

[P]get found:       229738.835 / s

----------------------------------

[INFO]Current Time:       196.04 s

[P]index Load Factor:   70.2107 %

[P]slabs Load Factor:   61.4343 %

[P]rx packet:       15257.650 / s

[P]Throughput:      811348.037 ops

[P]Valid Entries:   424493.620 / s

[P]set success:     424493.620 / s

[P]get found:       232360.212 / s

----------------------------------

[INFO]Current Time:       197.04 s

[P]index Load Factor:   70.5716 %

[P]slabs Load Factor:   61.7501 %

[P]rx packet:       15233.534 / s

[P]Throughput:      810372.812 ops

[P]Valid Entries:   423772.397 / s

[P]set success:     423770.397 / s

[P]get found:       232017.440 / s

----------------------------------

[INFO]Current Time:       198.04 s

[P]index Load Factor:   70.9288 %

[P]slabs Load Factor:   62.0627 %

[P]rx packet:       15046.389 / s

[P]Throughput:      800098.350 ops

[P]Valid Entries:   419493.093 / s

[P]set success:     419485.094 / s

[P]get found:       228049.587 / s

----------------------------------

[INFO]Current Time:       199.04 s

[P]index Load Factor:   71.2892 %

[P]slabs Load Factor:   62.3781 %

[P]rx packet:       15217.656 / s

[P]Throughput:      809324.349 ops

[P]Valid Entries:   423219.816 / s

[P]set success:     423213.817 / s

[P]get found:       230468.504 / s

----------------------------------

[INFO]Current Time:       200.04 s

[P]index Load Factor:   71.6462 %

[P]slabs Load Factor:   62.6904 %

[P]rx packet:       15057.666 / s

[P]Throughput:      801391.807 ops

[P]Valid Entries:   419118.048 / s

[P]set success:     419111.049 / s

[P]get found:       228883.529 / s

----------------------------------

[INFO]Current Time:       201.04 s

[P]index Load Factor:   72.0024 %

[P]slabs Load Factor:   63.0021 %

[P]rx packet:       15017.687 / s

[P]Throughput:      798697.986 ops

[P]Valid Entries:   418319.571 / s

[P]set success:     418313.572 / s

[P]get found:       227484.963 / s

----------------------------------

[INFO]Current Time:       202.04 s

[P]index Load Factor:   72.3555 %

[P]slabs Load Factor:   63.3110 %

[P]rx packet:       14905.690 / s

[P]Throughput:      792854.130 ops

[P]Valid Entries:   414545.757 / s

[P]set success:     414542.757 / s

[P]get found:       225459.060 / s

----------------------------------

[INFO]Current Time:       203.04 s

[P]index Load Factor:   72.7110 %

[P]slabs Load Factor:   63.6221 %

[P]rx packet:       15021.400 / s

[P]Throughput:      798586.771 ops

[P]Valid Entries:   417467.740 / s

[P]set success:     417460.741 / s

[P]get found:       226703.759 / s

----------------------------------

[INFO]Current Time:       204.04 s

[P]index Load Factor:   73.0638 %

[P]slabs Load Factor:   63.9309 %

[P]rx packet:       14901.662 / s

[P]Throughput:      791883.770 ops

[P]Valid Entries:   414322.001 / s

[P]set success:     414315.003 / s

[P]get found:       224276.816 / s

----------------------------------

[INFO]Current Time:       205.04 s

[P]index Load Factor:   73.4150 %

[P]slabs Load Factor:   64.2381 %

[P]rx packet:       14829.716 / s

[P]Throughput:      788628.537 ops

[P]Valid Entries:   412333.493 / s

[P]set success:     412326.494 / s

[P]get found:       224326.450 / s

----------------------------------

[INFO]Current Time:       206.04 s

[P]index Load Factor:   73.7656 %

[P]slabs Load Factor:   64.5449 %

[P]rx packet:       14789.736 / s

[P]Throughput:      786627.595 ops

[P]Valid Entries:   411670.988 / s

[P]set success:     411661.989 / s

[P]get found:       222565.933 / s

----------------------------------

[INFO]Current Time:       207.04 s

[P]index Load Factor:   74.1106 %

[P]slabs Load Factor:   64.8468 %

[P]rx packet:       14605.750 / s

[P]Throughput:      776235.445 ops

[P]Valid Entries:   405117.604 / s

[P]set success:     405113.605 / s

[P]get found:       220723.005 / s

----------------------------------

[INFO]Current Time:       208.04 s

[P]index Load Factor:   74.4566 %

[P]slabs Load Factor:   65.1495 %

[P]rx packet:       14597.738 / s

[P]Throughput:      776461.670 ops

[P]Valid Entries:   406327.031 / s

[P]set success:     406320.032 / s

[P]get found:       219835.932 / s

----------------------------------

[INFO]Current Time:       209.04 s

[P]index Load Factor:   74.8052 %

[P]slabs Load Factor:   65.4546 %

[P]rx packet:       14713.720 / s

[P]Throughput:      782160.787 ops

[P]Valid Entries:   409327.566 / s

[P]set success:     409326.566 / s

[P]get found:       222302.549 / s

----------------------------------

[INFO]Current Time:       210.04 s

[P]index Load Factor:   75.1554 %

[P]slabs Load Factor:   65.7610 %

[P]rx packet:       14796.892 / s

[P]Throughput:      786241.852 ops

[P]Valid Entries:   411176.634 / s

[P]set success:     411166.636 / s

[P]get found:       222591.245 / s

----------------------------------

[INFO]Current Time:       211.04 s

[P]index Load Factor:   75.5014 %

[P]slabs Load Factor:   66.0637 %

[P]rx packet:       14609.736 / s

[P]Throughput:      776283.698 ops

[P]Valid Entries:   406232.045 / s

[P]set success:     406229.046 / s

[P]get found:       220566.818 / s

----------------------------------

[INFO]Current Time:       212.04 s

[P]index Load Factor:   75.8451 %

[P]slabs Load Factor:   66.3645 %

[P]rx packet:       14525.777 / s

[P]Throughput:      771682.883 ops

[P]Valid Entries:   403681.211 / s

[P]set success:     403666.213 / s

[P]get found:       218975.483 / s

----------------------------------

[INFO]Current Time:       213.04 s

[P]index Load Factor:   76.1852 %

[P]slabs Load Factor:   66.6621 %

[P]rx packet:       14357.775 / s

[P]Throughput:      763426.690 ops

[P]Valid Entries:   399331.115 / s

[P]set success:     399325.116 / s

[P]get found:       215926.537 / s

----------------------------------

[INFO]Current Time:       214.04 s

[P]index Load Factor:   76.5254 %

[P]slabs Load Factor:   66.9597 %

[P]rx packet:       14369.746 / s

[P]Throughput:      764608.049 ops

[P]Valid Entries:   399462.333 / s

[P]set success:     399462.333 / s

[P]get found:       216825.984 / s

----------------------------------

[INFO]Current Time:       215.04 s

[P]index Load Factor:   76.8698 %

[P]slabs Load Factor:   67.2610 %

[P]rx packet:       14525.763 / s

[P]Throughput:      773079.931 ops

[P]Valid Entries:   404341.724 / s

[P]set success:     404341.724 / s

[P]get found:       217988.426 / s

----------------------------------

[INFO]Current Time:       216.04 s

[P]index Load Factor:   77.2134 %

[P]slabs Load Factor:   67.5617 %

[P]rx packet:       14469.758 / s

[P]Throughput:      770412.608 ops

[P]Valid Entries:   403507.468 / s

[P]set success:     403512.467 / s

[P]get found:       217001.371 / s

----------------------------------

[INFO]Current Time:       217.04 s

[P]index Load Factor:   77.5549 %

[P]slabs Load Factor:   67.8605 %

[P]rx packet:       14369.773 / s

[P]Throughput:      764097.586 ops

[P]Valid Entries:   400986.858 / s

[P]set success:     400974.860 / s

[P]get found:       213895.852 / s

----------------------------------

[INFO]Current Time:       218.04 s

[P]index Load Factor:   77.8964 %

[P]slabs Load Factor:   68.1594 %

[P]rx packet:       14397.765 / s

[P]Throughput:      766329.058 ops

[P]Valid Entries:   401001.760 / s

[P]set success:     401002.760 / s

[P]get found:       215021.626 / s

----------------------------------

[INFO]Current Time:       219.04 s

[P]index Load Factor:   78.2357 %

[P]slabs Load Factor:   68.4562 %

[P]rx packet:       14302.629 / s

[P]Throughput:      761153.048 ops

[P]Valid Entries:   398375.818 / s

[P]set success:     398371.818 / s

[P]get found:       214226.468 / s

----------------------------------

[INFO]Current Time:       220.04 s

[P]index Load Factor:   78.5746 %

[P]slabs Load Factor:   68.7527 %

[P]rx packet:       14305.766 / s

[P]Throughput:      761653.057 ops

[P]Valid Entries:   397960.853 / s

[P]set success:     397953.854 / s

[P]get found:       214210.548 / s

----------------------------------

[INFO]Current Time:       221.04 s

[P]index Load Factor:   78.9122 %

[P]slabs Load Factor:   69.0481 %

[P]rx packet:       14233.838 / s

[P]Throughput:      757491.958 ops

[P]Valid Entries:   396416.795 / s

[P]set success:     396415.795 / s

[P]get found:       212596.712 / s

----------------------------------

[INFO]Current Time:       222.04 s

[P]index Load Factor:   79.2505 %

[P]slabs Load Factor:   69.3442 %

[P]rx packet:       14249.819 / s

[P]Throughput:      758206.945 ops

[P]Valid Entries:   397299.188 / s

[P]set success:     397297.188 / s

[P]get found:       212196.520 / s

----------------------------------

[INFO]Current Time:       223.04 s

[P]index Load Factor:   79.5861 %

[P]slabs Load Factor:   69.6378 %

[P]rx packet:       14153.000 / s

[P]Throughput:      753425.308 ops

[P]Valid Entries:   393991.492 / s

[P]set success:     393988.493 / s

[P]get found:       211065.264 / s

----------------------------------

[INFO]Current Time:       224.04 s

[P]index Load Factor:   79.9237 %

[P]slabs Load Factor:   69.9333 %

[P]rx packet:       14246.604 / s

[P]Throughput:      758344.690 ops

[P]Valid Entries:   396527.144 / s

[P]set success:     396528.144 / s

[P]get found:       213113.117 / s

----------------------------------

[INFO]Current Time:       225.04 s

[P]index Load Factor:   80.2598 %

[P]slabs Load Factor:   70.2274 %

[P]rx packet:       14145.821 / s

[P]Throughput:      752735.065 ops

[P]Valid Entries:   394644.218 / s

[P]set success:     394641.218 / s

[P]get found:       210726.544 / s

----------------------------------

[INFO]Current Time:       226.04 s

[P]index Load Factor:   80.5874 %

[P]slabs Load Factor:   70.5140 %

[P]rx packet:       13801.874 / s

[P]Throughput:      735175.769 ops

[P]Valid Entries:   384683.752 / s

[P]set success:     384680.752 / s

[P]get found:       205637.328 / s

----------------------------------

[INFO]Current Time:       227.04 s

[P]index Load Factor:   80.9138 %

[P]slabs Load Factor:   70.7996 %

[P]rx packet:       13769.879 / s

[P]Throughput:      732804.135 ops

[P]Valid Entries:   383200.980 / s

[P]set success:     383192.981 / s

[P]get found:       205225.392 / s

----------------------------------

[INFO]Current Time:       228.04 s

[P]index Load Factor:   81.2430 %

[P]slabs Load Factor:   71.0876 %

[P]rx packet:       13873.807 / s

[P]Throughput:      738700.233 ops

[P]Valid Entries:   386531.900 / s

[P]set success:     386530.900 / s

[P]get found:       206638.336 / s

----------------------------------

[INFO]Current Time:       229.04 s

[P]index Load Factor:   81.5700 %

[P]slabs Load Factor:   71.3737 %

[P]rx packet:       13774.650 / s

[P]Throughput:      733212.153 ops

[P]Valid Entries:   384004.371 / s

[P]set success:     383998.372 / s

[P]get found:       204684.943 / s

----------------------------------

[INFO]Current Time:       230.04 s

[P]index Load Factor:   81.8958 %

[P]slabs Load Factor:   71.6588 %

[P]rx packet:       13709.905 / s

[P]Throughput:      729591.499 ops

[P]Valid Entries:   382630.524 / s

[P]set success:     382625.525 / s

[P]get found:       202747.015 / s

----------------------------------

[INFO]Current Time:       231.04 s

[P]index Load Factor:   82.2225 %

[P]slabs Load Factor:   71.9447 %

[P]rx packet:       13774.608 / s

[P]Throughput:      733360.865 ops

[P]Valid Entries:   383604.222 / s

[P]set success:     383601.222 / s

[P]get found:       204898.287 / s

----------------------------------

[INFO]Current Time:       232.04 s

[P]index Load Factor:   82.5523 %

[P]slabs Load Factor:   72.2332 %

[P]rx packet:       13862.655 / s

[P]Throughput:      737708.415 ops

[P]Valid Entries:   387241.424 / s

[P]set success:     387238.424 / s

[P]get found:       204247.181 / s

----------------------------------

[INFO]Current Time:       233.04 s

[P]index Load Factor:   82.8794 %

[P]slabs Load Factor:   72.5195 %

[P]rx packet:       13790.553 / s

[P]Throughput:      734156.984 ops

[P]Valid Entries:   384129.703 / s

[P]set success:     384125.704 / s

[P]get found:       204699.526 / s

----------------------------------

[INFO]Current Time:       234.04 s

[P]index Load Factor:   83.2065 %

[P]slabs Load Factor:   72.8057 %

[P]rx packet:       13770.651 / s

[P]Throughput:      733519.122 ops

[P]Valid Entries:   384147.357 / s

[P]set success:     384143.358 / s

[P]get found:       204079.002 / s

----------------------------------

[INFO]Current Time:       235.04 s

[P]index Load Factor:   83.5257 %

[P]slabs Load Factor:   73.0850 %

[P]rx packet:       13474.705 / s

[P]Throughput:      717561.055 ops

[P]Valid Entries:   374764.992 / s

[P]set success:     374765.991 / s

[P]get found:       200057.778 / s

----------------------------------

[INFO]Current Time:       236.04 s

[P]index Load Factor:   83.8475 %

[P]slabs Load Factor:   73.3666 %

[P]rx packet:       13545.142 / s

[P]Throughput:      721274.811 ops

[P]Valid Entries:   377902.262 / s

[P]set success:     377898.263 / s

[P]get found:       200987.592 / s

----------------------------------

[INFO]Current Time:       237.04 s

[P]index Load Factor:   84.1639 %

[P]slabs Load Factor:   73.6434 %

[P]rx packet:       13301.964 / s

[P]Throughput:      708200.599 ops

[P]Valid Entries:   371547.129 / s

[P]set success:     371546.129 / s

[P]get found:       195958.006 / s

----------------------------------

[INFO]Current Time:       238.04 s

[P]index Load Factor:   84.4756 %

[P]slabs Load Factor:   73.9161 %

[P]rx packet:       13130.713 / s

[P]Throughput:      698837.521 ops

[P]Valid Entries:   365971.138 / s

[P]set success:     365968.139 / s

[P]get found:       193942.996 / s

----------------------------------

[INFO]Current Time:       239.04 s

[P]index Load Factor:   84.7939 %

[P]slabs Load Factor:   74.1946 %

[P]rx packet:       13377.940 / s

[P]Throughput:      711849.362 ops

[P]Valid Entries:   373725.439 / s

[P]set success:     373720.440 / s

[P]get found:       195823.840 / s

----------------------------------

[INFO]Current Time:       240.04 s

[P]index Load Factor:   85.1009 %

[P]slabs Load Factor:   74.4633 %

[P]rx packet:       12938.035 / s

[P]Throughput:      689078.348 ops

[P]Valid Entries:   360504.249 / s

[P]set success:     360505.249 / s

[P]get found:       190801.023 / s

----------------------------------

[INFO]Current Time:       241.04 s

[P]index Load Factor:   85.4092 %

[P]slabs Load Factor:   74.7330 %

[P]rx packet:       12982.013 / s

[P]Throughput:      691780.113 ops

[P]Valid Entries:   362015.588 / s

[P]set success:     362006.590 / s

[P]get found:       191632.668 / s

----------------------------------

[INFO]Current Time:       242.04 s

[P]index Load Factor:   85.7210 %

[P]slabs Load Factor:   75.0059 %

[P]rx packet:       13118.727 / s

[P]Throughput:      698683.202 ops

[P]Valid Entries:   366233.462 / s

[P]set success:     366230.462 / s

[P]get found:       192071.362 / s

----------------------------------

[INFO]Current Time:       243.04 s

[P]index Load Factor:   86.0331 %

[P]slabs Load Factor:   75.2789 %

[P]rx packet:       13121.979 / s

[P]Throughput:      698965.346 ops

[P]Valid Entries:   366375.571 / s

[P]set success:     366369.572 / s

[P]get found:       193129.255 / s

----------------------------------

[INFO]Current Time:       244.04 s

[P]index Load Factor:   86.3448 %

[P]slabs Load Factor:   75.5517 %

[P]rx packet:       13133.977 / s

[P]Throughput:      699342.288 ops

[P]Valid Entries:   366037.623 / s

[P]set success:     366032.624 / s

[P]get found:       192514.349 / s

----------------------------------

[INFO]Current Time:       245.04 s

[P]index Load Factor:   86.6487 %

[P]slabs Load Factor:   75.8177 %

[P]rx packet:       12794.045 / s

[P]Throughput:      681384.866 ops

[P]Valid Entries:   356910.455 / s

[P]set success:     356910.455 / s

[P]get found:       187141.400 / s

----------------------------------

[INFO]Current Time:       246.04 s

[P]index Load Factor:   86.9592 %

[P]slabs Load Factor:   76.0893 %

[P]rx packet:       13069.987 / s

[P]Throughput:      695980.806 ops

[P]Valid Entries:   364606.844 / s

[P]set success:     364601.845 / s

[P]get found:       191415.518 / s

----------------------------------

[INFO]Current Time:       247.04 s

[P]index Load Factor:   87.2568 %

[P]slabs Load Factor:   76.3497 %

[P]rx packet:       12530.046 / s

[P]Throughput:      667410.933 ops

[P]Valid Entries:   349430.515 / s

[P]set success:     349428.515 / s

[P]get found:       182768.502 / s

----------------------------------

[INFO]Current Time:       248.04 s

[P]index Load Factor:   87.5611 %

[P]slabs Load Factor:   76.6160 %

[P]rx packet:       12813.345 / s

[P]Throughput:      682103.678 ops

[P]Valid Entries:   357295.973 / s

[P]set success:     357295.973 / s

[P]get found:       186519.356 / s

----------------------------------

[INFO]Current Time:       249.04 s

[P]index Load Factor:   87.8621 %

[P]slabs Load Factor:   76.8793 %

[P]rx packet:       12662.038 / s

[P]Throughput:      674661.446 ops

[P]Valid Entries:   353373.237 / s

[P]set success:     353370.237 / s

[P]get found:       184754.368 / s

----------------------------------

[INFO]Current Time:       250.04 s

[P]index Load Factor:   88.1560 %

[P]slabs Load Factor:   77.1365 %

[P]rx packet:       12354.109 / s

[P]Throughput:      658205.252 ops

[P]Valid Entries:   345165.167 / s

[P]set success:     345164.168 / s

[P]get found:       179108.585 / s

----------------------------------

[INFO]Current Time:       251.04 s

[P]index Load Factor:   88.4558 %

[P]slabs Load Factor:   77.3988 %

[P]rx packet:       12614.120 / s

[P]Throughput:      672101.849 ops

[P]Valid Entries:   351969.552 / s

[P]set success:     351969.552 / s

[P]get found:       182137.859 / s

----------------------------------

[INFO]Current Time:       252.04 s

[P]index Load Factor:   88.7463 %

[P]slabs Load Factor:   77.6530 %

[P]rx packet:       12226.132 / s

[P]Throughput:      651416.446 ops

[P]Valid Entries:   341173.860 / s

[P]set success:     341170.860 / s

[P]get found:       176430.037 / s

----------------------------------

[INFO]Current Time:       253.04 s

[P]index Load Factor:   89.0462 %

[P]slabs Load Factor:   77.9155 %

[P]rx packet:       12614.120 / s

[P]Throughput:      672492.791 ops

[P]Valid Entries:   352168.523 / s

[P]set success:     352166.523 / s

[P]get found:       181391.970 / s

----------------------------------

[INFO]Current Time:       254.04 s

[P]index Load Factor:   89.3472 %

[P]slabs Load Factor:   78.1788 %

[P]rx packet:       12657.924 / s

[P]Throughput:      674515.358 ops

[P]Valid Entries:   353400.031 / s

[P]set success:     353400.031 / s

[P]get found:       182754.022 / s

----------------------------------

[INFO]Current Time:       255.04 s

[P]index Load Factor:   89.6383 %

[P]slabs Load Factor:   78.4335 %

[P]rx packet:       12238.127 / s

[P]Throughput:      651955.209 ops

[P]Valid Entries:   341789.684 / s

[P]set success:     341787.684 / s

[P]get found:       175649.114 / s

----------------------------------

[INFO]Current Time:       256.04 s

[P]index Load Factor:   89.9349 %

[P]slabs Load Factor:   78.6930 %

[P]rx packet:       12462.092 / s

[P]Throughput:      664356.310 ops

[P]Valid Entries:   348286.690 / s

[P]set success:     348286.690 / s

[P]get found:       178500.678 / s

----------------------------------

[INFO]Current Time:       257.04 s

[P]index Load Factor:   90.2233 %

[P]slabs Load Factor:   78.9454 %

[P]rx packet:       12118.110 / s

[P]Throughput:      646024.268 ops

[P]Valid Entries:   338655.195 / s

[P]set success:     338656.195 / s

[P]get found:       173142.003 / s

----------------------------------

[INFO]Current Time:       258.04 s

[P]index Load Factor:   90.5135 %

[P]slabs Load Factor:   79.1993 %

[P]rx packet:       12178.124 / s

[P]Throughput:      649436.975 ops

[P]Valid Entries:   340768.515 / s

[P]set success:     340766.516 / s

[P]get found:       172615.414 / s

----------------------------------

[INFO]Current Time:       259.04 s

[P]index Load Factor:   90.8065 %

[P]slabs Load Factor:   79.4557 %

[P]rx packet:       12294.772 / s

[P]Throughput:      654871.580 ops

[P]Valid Entries:   344037.632 / s

[P]set success:     344037.632 / s

[P]get found:       173598.658 / s

----------------------------------

[INFO]Current Time:       260.04 s

[P]index Load Factor:   91.0916 %

[P]slabs Load Factor:   79.7051 %

[P]rx packet:       11974.767 / s

[P]Throughput:      637762.313 ops

[P]Valid Entries:   334774.519 / s

[P]set success:     334774.519 / s

[P]get found:       168090.687 / s

----------------------------------

[INFO]Current Time:       261.05 s

[P]index Load Factor:   91.3832 %

[P]slabs Load Factor:   79.9603 %

[P]rx packet:       12221.433 / s

[P]Throughput:      651602.133 ops

[P]Valid Entries:   342416.077 / s

[P]set success:     342415.077 / s

[P]get found:       171693.936 / s

----------------------------------

[INFO]Current Time:       262.05 s

[P]index Load Factor:   91.6719 %

[P]slabs Load Factor:   80.2129 %

[P]rx packet:       12101.980 / s

[P]Throughput:      644562.427 ops

[P]Valid Entries:   338978.427 / s

[P]set success:     338978.427 / s

[P]get found:       169065.784 / s

----------------------------------

[INFO]Current Time:       263.05 s

[P]index Load Factor:   91.9515 %

[P]slabs Load Factor:   80.4576 %

[P]rx packet:       11746.191 / s

[P]Throughput:      626162.559 ops

[P]Valid Entries:   328318.433 / s

[P]set success:     328318.433 / s

[P]get found:       165132.567 / s

----------------------------------

[INFO]Current Time:       264.05 s

[P]index Load Factor:   92.2287 %

[P]slabs Load Factor:   80.7001 %

[P]rx packet:       11634.230 / s

[P]Throughput:      619930.702 ops

[P]Valid Entries:   325511.486 / s

[P]set success:     325509.486 / s

[P]get found:       162006.357 / s

----------------------------------

[INFO]Current Time:       265.05 s

[P]index Load Factor:   92.5071 %

[P]slabs Load Factor:   80.9437 %

[P]rx packet:       12006.177 / s

[P]Throughput:      643717.237 ops

[P]Valid Entries:   326897.353 / s

[P]set success:     326896.353 / s

[P]get found:       175767.306 / s

----------------------------------

[INFO]Current Time:       266.05 s

[P]index Load Factor:   92.7343 %

[P]slabs Load Factor:   81.1425 %

[P]rx packet:       12846.046 / s

[P]Throughput:      721886.193 ops

[P]Valid Entries:   266785.419 / s

[P]set success:     266785.419 / s

[P]get found:       260958.305 / s

----------------------------------

[INFO]Current Time:       267.05 s

[P]index Load Factor:   92.9546 %

[P]slabs Load Factor:   81.3353 %

[P]rx packet:       12506.113 / s

[P]Throughput:      703208.872 ops

[P]Valid Entries:   258687.959 / s

[P]set success:     258687.959 / s

[P]get found:       253488.744 / s

----------------------------------

[INFO]Current Time:       268.05 s

[P]index Load Factor:   93.1818 %

[P]slabs Load Factor:   81.5341 %

[P]rx packet:       6375.024 / s

[P]Throughput:      581331.019 ops

[P]Valid Entries:   266820.159 / s

[P]set success:     266823.159 / s

[P]get found:       168420.221 / s

----------------------------------
[INFO]End rx_queue_1:877537

[INFO]Current Time:       269.05 s

[P]index Load Factor:   93.3956 %

[P]slabs Load Factor:   81.7212 %

[P]rx packet:       7516.233 / s

[P]Throughput:      474163.615 ops

[P]Valid Entries:   251080.379 / s

[P]set success:     251080.379 / s

[P]get found:       111594.613 / s

----------------------------------

[INFO]Current Time:       270.05 s

[P]index Load Factor:   93.5879 %

[P]slabs Load Factor:   81.8894 %

[P]rx packet:       10170.475 / s

[P]Throughput:      566633.025 ops

[P]Valid Entries:   225755.145 / s

[P]set success:     225753.145 / s

[P]get found:       164377.349 / s

----------------------------------

[INFO]Current Time:       271.05 s

[P]index Load Factor:   93.7672 %

[P]slabs Load Factor:   82.0463 %

[P]rx packet:       10394.389 / s

[P]Throughput:      587504.953 ops

[P]Valid Entries:   210502.378 / s

[P]set success:     210500.378 / s

[P]get found:       179301.213 / s

----------------------------------

[INFO]Current Time:       272.05 s

[P]index Load Factor:   93.9445 %

[P]slabs Load Factor:   82.2014 %

[P]rx packet:       10346.426 / s

[P]Throughput:      585463.944 ops

[P]Valid Entries:   208162.336 / s

[P]set success:     208160.337 / s

[P]get found:       178219.891 / s

----------------------------------

[INFO]Current Time:       273.05 s

[P]index Load Factor:   94.1174 %

[P]slabs Load Factor:   82.3527 %

[P]rx packet:       10090.446 / s

[P]Throughput:      570827.082 ops

[P]Valid Entries:   203038.728 / s

[P]set success:     203031.729 / s

[P]get found:       173210.322 / s

----------------------------------

[INFO]Current Time:       274.05 s

[P]index Load Factor:   94.2882 %

[P]slabs Load Factor:   82.5021 %

[P]rx packet:       10041.711 / s

[P]Throughput:      568653.388 ops

[P]Valid Entries:   200545.290 / s

[P]set success:     200547.290 / s

[P]get found:       172135.765 / s

----------------------------------

[INFO]Current Time:       275.05 s

[P]index Load Factor:   94.4557 %

[P]slabs Load Factor:   82.6487 %

[P]rx packet:       9898.485 / s

[P]Throughput:      561451.062 ops

[P]Valid Entries:   196674.896 / s

[P]set success:     196673.896 / s

[P]get found:       168964.138 / s

----------------------------------

[INFO]Current Time:       276.05 s

[P]index Load Factor:   94.6235 %

[P]slabs Load Factor:   82.7956 %

[P]rx packet:       9934.491 / s

[P]Throughput:      563483.422 ops

[P]Valid Entries:   197110.064 / s

[P]set success:     197110.064 / s

[P]get found:       168605.393 / s

----------------------------------

[INFO]Current Time:       277.05 s

[P]index Load Factor:   94.7035 %

[P]slabs Load Factor:   82.8655 %

[P]rx packet:       14817.732 / s

[P]Throughput:      920664.079 ops

[P]Valid Entries:   93860.633 / s

[P]set success:     93860.633 / s

[P]get found:       397864.101 / s

----------------------------------

[INFO]Current Time:       278.05 s

[P]index Load Factor:   94.7810 %

[P]slabs Load Factor:   82.9334 %

[P]rx packet:       15097.736 / s

[P]Throughput:      938940.192 ops

[P]Valid Entries:   91075.342 / s

[P]set success:     91075.342 / s

[P]get found:       408025.810 / s

----------------------------------

[INFO]Current Time:       279.05 s

[P]index Load Factor:   94.8598 %

[P]slabs Load Factor:   83.0023 %

[P]rx packet:       15181.676 / s

[P]Throughput:      944569.420 ops

[P]Valid Entries:   92489.843 / s

[P]set success:     92489.843 / s

[P]get found:       409047.389 / s

----------------------------------

[INFO]Current Time:       280.05 s

[P]index Load Factor:   94.9347 %

[P]slabs Load Factor:   83.0679 %

[P]rx packet:       14909.736 / s

[P]Throughput:      928842.934 ops

[P]Valid Entries:   87950.643 / s

[P]set success:     87950.643 / s

[P]get found:       403871.663 / s

----------------------------------

[INFO]Current Time:       281.05 s

[P]index Load Factor:   95.0132 %

[P]slabs Load Factor:   83.1365 %

[P]rx packet:       7531.246 / s

[P]Throughput:      536323.295 ops

[P]Valid Entries:   92156.772 / s

[P]set success:     92156.772 / s

[P]get found:       205910.381 / s

----------------------------------
[INFO]End rx_queue_3:1567413

[INFO]Current Time:       282.05 s

[P]index Load Factor:   95.0350 %

[P]slabs Load Factor:   83.1557 %

[P]rx packet:       5548.479 / s

[P]Throughput:      382594.060 ops

[P]Valid Entries:   25693.586 / s

[P]set success:     25693.586 / s

[P]get found:       160314.941 / s

----------------------------------

[INFO]Current Time:       283.05 s

[P]index Load Factor:   95.0350 %

[P]slabs Load Factor:   83.1557 %

[P]rx packet:       6115.071 / s

[P]Throughput:      398524.475 ops

[P]get found:       181254.472 / s

----------------------------------

[INFO]Current Time:       284.05 s

[P]index Load Factor:   95.0350 %

[P]slabs Load Factor:   83.1557 %

[P]rx packet:       6107.102 / s

[P]Throughput:      398824.331 ops

[P]get found:       181410.314 / s

----------------------------------

[INFO]Current Time:       285.05 s

[P]index Load Factor:   95.0350 %

[P]slabs Load Factor:   83.1557 %

[P]rx packet:       6099.420 / s

[P]Throughput:      397793.158 ops

[P]get found:       180776.803 / s

----------------------------------

[INFO]Current Time:       286.05 s

[P]index Load Factor:   95.0350 %

[P]slabs Load Factor:   83.1557 %

[P]rx packet:       6035.119 / s

[P]Throughput:      394183.484 ops

[P]get found:       178608.939 / s

----------------------------------
[INFO]End rx_queue_0:836217

[INFO]Current Time:       287.05 s

[P]index Load Factor:   95.0350 %

[P]slabs Load Factor:   83.1557 %

[P]rx packet:       1544.754 / s

[P]Throughput:      217205.459 ops

[P]get found:       93747.092 / s

----------------------------------

[INFO]Current Time:       288.05 s

[P]index Load Factor:   95.0350 %

[P]slabs Load Factor:   83.1557 %

[P]rx packet:       3139.721 / s

[P]Throughput:      207235.571 ops

[P]get found:       88909.093 / s

----------------------------------

[INFO]Current Time:       289.05 s

[P]index Load Factor:   95.0350 %

[P]slabs Load Factor:   83.1557 %

[P]rx packet:       2879.542 / s

[P]Throughput:      190259.744 ops

[P]get found:       81398.056 / s

----------------------------------
[INFO]End rx_queue_2:852541
Finish the job......

valid count:           111609643

Set request:           111594924

Set success:           111607072

Get request:           109508981

Get found:             64208857

Get Hit Rate:          58.633417%

index load factor:     95.035045%

slabs load factor:     83.155664%

[INFO] Everything works fine.
deleting piekv......
