[INFO] 单个Log Size为:32 GB
EAL: Probing VFIO support...
EAL: VFIO support initialized
EAL: PCI device 0000:03:00.0 on NUMA socket 0
EAL:   probe driver: 15b3:1017 net_mlx5
WEN: There are 1 device(s) available
starting port 0...
querying port 0...
port 0: 100 Gbps (full-duplex)
Adding UDP filter for each endpoint.
port_id/queue_id/udp_port = 0 0 0
Flow is created with src_port = 0, dst_port = 0
port_id/queue_id/udp_port = 0 1 1
Flow is created with src_port = 0, dst_port = 1
port_id/queue_id/udp_port = 0 2 2
Flow is created with src_port = 0, dst_port = 2
port_id/queue_id/udp_port = 0 3 3
Flow is created with src_port = 0, dst_port = 3
MEM: Initializing pages...
 == [STAT] Workers Start (4 threads in total) == 

[INFO]Current Time:       8.40 s

[P]indexs Load Factor:    0.2409 %

[P]log_0 Load Factor:     0.024490 %

[P]log_1 Load Factor:     0.022553 %

[P]log_2 Load Factor:     0.024898 %

[P]log_3 Load Factor:     0.024582 %

[P]Get Hit Rate:         46.7237 %

[P]rx packet:       8934.804 / s

[P]Throughput:      142015.396 ops

[P]Valid Entries:   69488.848 / s

[P]set success:     69842.108 / s

[P]get found:       33506.349 / s

----------------------------------

[INFO]Current Time:       10.81 s

[P]indexs Load Factor:    2.3037 %

[P]log_0 Load Factor:     0.113436 %

[P]log_1 Load Factor:     0.104183 %

[P]log_2 Load Factor:     0.113283 %

[P]log_3 Load Factor:     0.067871 %

[P]Get Hit Rate:         54.1513 %

[P]rx packet:       113131.011 / s

[P]Throughput:      1704816.430 ops

[P]Valid Entries:   836549.272 / s

[P]set success:     860638.890 / s

[P]get found:       459829.477 / s

----------------------------------

[INFO]Current Time:       11.87 s

[P]indexs Load Factor:    4.5421 %

[P]log_0 Load Factor:     0.205301 %

[P]log_1 Load Factor:     0.188000 %

[P]log_2 Load Factor:     0.203841 %

[P]log_3 Load Factor:     0.111140 %

[P]Get Hit Rate:         56.3665 %

[P]rx packet:       293037.402 / s

[P]Throughput:      4445399.542 ops

[P]Valid Entries:   2188468.584 / s

[P]set success:     2263434.364 / s

[P]get found:       1257899.740 / s

----------------------------------

[INFO]Current Time:       12.95 s

[P]indexs Load Factor:    6.8197 %

[P]log_0 Load Factor:     0.297666 %

[P]log_1 Load Factor:     0.272666 %

[P]log_2 Load Factor:     0.295518 %

[P]log_3 Load Factor:     0.155273 %

[P]Get Hit Rate:         57.0460 %

[P]rx packet:       292139.257 / s

[P]Throughput:      4426285.224 ops

[P]Valid Entries:   2182069.572 / s

[P]set success:     2255618.034 / s

[P]get found:       1285445.081 / s

----------------------------------

[INFO]Current Time:       14.05 s

[P]indexs Load Factor:    9.0745 %

[P]log_0 Load Factor:     0.388092 %

[P]log_1 Load Factor:     0.356075 %

[P]log_2 Load Factor:     0.387233 %

[P]log_3 Load Factor:     0.199817 %

[P]Get Hit Rate:         60.6070 %

[P]rx packet:       285332.381 / s

[P]Throughput:      4185100.640 ops

[P]Valid Entries:   2136451.040 / s

[P]set success:     2207393.912 / s

[P]get found:       1281374.050 / s

----------------------------------

[INFO]Current Time:       15.16 s

[P]indexs Load Factor:    11.3403 %

[P]log_0 Load Factor:     0.477764 %

[P]log_1 Load Factor:     0.438671 %

[P]log_2 Load Factor:     0.479025 %

[P]log_3 Load Factor:     0.244475 %

[P]Get Hit Rate:         59.8857 %

[P]rx packet:       289206.068 / s

[P]Throughput:      4354869.660 ops

[P]Valid Entries:   2105811.069 / s

[P]set success:     2175559.179 / s

[P]get found:       1300745.498 / s

----------------------------------

[INFO]Current Time:       16.29 s

[P]indexs Load Factor:    13.6496 %

[P]log_0 Load Factor:     0.571296 %

[P]log_1 Load Factor:     0.524914 %

[P]log_2 Load Factor:     0.573851 %

[P]log_3 Load Factor:     0.290016 %

[P]Get Hit Rate:         59.7693 %

[P]rx packet:       288545.761 / s

[P]Throughput:      4371503.319 ops

[P]Valid Entries:   2129214.271 / s

[P]set success:     2198993.485 / s

[P]get found:       1311344.164 / s

----------------------------------

[INFO]Current Time:       17.42 s

[P]indexs Load Factor:    15.9811 %

[P]log_0 Load Factor:     0.662649 %

[P]log_1 Load Factor:     0.609198 %

[P]log_2 Load Factor:     0.667541 %

[P]log_3 Load Factor:     0.335612 %

[P]Get Hit Rate:         59.7401 %

[P]rx packet:       291523.574 / s

[P]Throughput:      4402003.149 ops

[P]Valid Entries:   2157101.794 / s

[P]set success:     2227746.893 / s

[P]get found:       1311675.316 / s

----------------------------------

[INFO]Current Time:       18.57 s

[P]indexs Load Factor:    18.2976 %

[P]log_0 Load Factor:     0.753873 %

[P]log_1 Load Factor:     0.693387 %

[P]log_2 Load Factor:     0.761238 %

[P]log_3 Load Factor:     0.380890 %

[P]Get Hit Rate:         61.9184 %

[P]rx packet:       286263.740 / s

[P]Throughput:      4264424.894 ops

[P]Valid Entries:   2105734.815 / s

[P]set success:     2146482.748 / s

[P]get found:       1324759.425 / s

----------------------------------

[INFO]Current Time:       19.72 s

[P]indexs Load Factor:    20.5434 %

[P]log_0 Load Factor:     0.844743 %

[P]log_1 Load Factor:     0.777409 %

[P]log_2 Load Factor:     0.856131 %

[P]log_3 Load Factor:     0.426090 %

[P]Get Hit Rate:         62.4273 %

[P]rx packet:       278433.417 / s

[P]Throughput:      4102878.387 ops

[P]Valid Entries:   2027130.894 / s

[P]set success:     2093171.975 / s

[P]get found:       1285055.619 / s

----------------------------------

[INFO]Current Time:       20.88 s

[P]indexs Load Factor:    22.9137 %

[P]log_0 Load Factor:     0.939287 %

[P]log_1 Load Factor:     0.864901 %

[P]log_2 Load Factor:     0.953197 %

[P]log_3 Load Factor:     0.472260 %

[P]Get Hit Rate:         62.0291 %

[P]rx packet:       291817.039 / s

[P]Throughput:      4364307.275 ops

[P]Valid Entries:   2111712.605 / s

[P]set success:     2152813.548 / s

[P]get found:       1350490.328 / s

----------------------------------

[INFO]Current Time:       22.04 s

[P]indexs Load Factor:    25.2969 %

[P]log_0 Load Factor:     1.032412 %

[P]log_1 Load Factor:     0.950928 %

[P]log_2 Load Factor:     1.049920 %

[P]log_3 Load Factor:     0.518044 %

[P]Get Hit Rate:         62.6023 %

[P]rx packet:       290366.105 / s

[P]Throughput:      4360124.827 ops

[P]Valid Entries:   2138924.830 / s

[P]set success:     2125208.147 / s

[P]get found:       1378630.183 / s

----------------------------------

[INFO]Current Time:       23.21 s

[P]indexs Load Factor:    27.6565 %

[P]log_0 Load Factor:     1.127163 %

[P]log_1 Load Factor:     1.038629 %

[P]log_2 Load Factor:     1.148801 %

[P]log_3 Load Factor:     0.564669 %

[P]Get Hit Rate:         62.1498 %

[P]rx packet:       288763.850 / s

[P]Throughput:      4327063.110 ops

[P]Valid Entries:   2084187.023 / s

[P]set success:     2178603.630 / s

[P]get found:       1349052.883 / s

----------------------------------

[INFO]Current Time:       24.39 s

[P]indexs Load Factor:    29.9992 %

[P]log_0 Load Factor:     1.219310 %

[P]log_1 Load Factor:     1.123787 %

[P]log_2 Load Factor:     1.245333 %

[P]log_3 Load Factor:     0.610607 %

[P]Get Hit Rate:         63.3551 %

[P]rx packet:       286855.893 / s

[P]Throughput:      4261788.960 ops

[P]Valid Entries:   2102226.900 / s

[P]set success:     2169665.138 / s

[P]get found:       1353926.311 / s

----------------------------------

[INFO]Current Time:       25.57 s

[P]indexs Load Factor:    32.3876 %

[P]log_0 Load Factor:     1.313573 %

[P]log_1 Load Factor:     1.210278 %

[P]log_2 Load Factor:     1.344185 %

[P]log_3 Load Factor:     0.656752 %

[P]Get Hit Rate:         62.8927 %

[P]rx packet:       288009.339 / s

[P]Throughput:      4305330.757 ops

[P]Valid Entries:   2046745.128 / s

[P]set success:     2112283.646 / s

[P]get found:       1358143.270 / s

----------------------------------

[INFO]Current Time:       26.75 s

[P]indexs Load Factor:    34.7256 %

[P]log_0 Load Factor:     1.404775 %

[P]log_1 Load Factor:     1.294234 %

[P]log_2 Load Factor:     1.440147 %

[P]log_3 Load Factor:     0.702471 %

[P]Get Hit Rate:         64.7907 %

[P]rx packet:       286128.639 / s

[P]Throughput:      4251877.674 ops

[P]Valid Entries:   2060609.602 / s

[P]set success:     2098798.184 / s

[P]get found:       1373383.605 / s

----------------------------------

[INFO]Current Time:       27.93 s

[P]indexs Load Factor:    37.0877 %

[P]log_0 Load Factor:     1.496718 %

[P]log_1 Load Factor:     1.379528 %

[P]log_2 Load Factor:     1.538199 %

[P]log_3 Load Factor:     0.748512 %

[P]Get Hit Rate:         65.0034 %

[P]rx packet:       288131.117 / s

[P]Throughput:      4227123.946 ops

[P]Valid Entries:   2063490.052 / s

[P]set success:     2074258.397 / s

[P]get found:       1377906.781 / s

----------------------------------

[INFO]Current Time:       29.12 s

[P]indexs Load Factor:    39.4153 %

[P]log_0 Load Factor:     1.587556 %

[P]log_1 Load Factor:     1.463839 %

[P]log_2 Load Factor:     1.635957 %

[P]log_3 Load Factor:     0.793824 %

[P]Get Hit Rate:         62.9063 %

[P]rx packet:       283706.964 / s

[P]Throughput:      4115506.748 ops

[P]Valid Entries:   1993216.113 / s

[P]set success:     2108132.929 / s

[P]get found:       1306773.649 / s

----------------------------------

[INFO]Current Time:       30.30 s

[P]indexs Load Factor:    41.7727 %

[P]log_0 Load Factor:     1.678942 %

[P]log_1 Load Factor:     1.548857 %

[P]log_2 Load Factor:     1.734751 %

[P]log_3 Load Factor:     0.838470 %

[P]Get Hit Rate:         64.7140 %

[P]rx packet:       289332.384 / s

[P]Throughput:      4239557.071 ops

[P]Valid Entries:   2094219.337 / s

[P]set success:     2157163.013 / s

[P]get found:       1375668.844 / s

----------------------------------

[INFO]Current Time:       31.48 s

[P]indexs Load Factor:    44.0501 %

[P]log_0 Load Factor:     1.764274 %

[P]log_1 Load Factor:     1.628484 %

[P]log_2 Load Factor:     1.826773 %

[P]log_3 Load Factor:     0.882840 %

[P]Get Hit Rate:         64.8632 %

[P]rx packet:       283242.187 / s

[P]Throughput:      4158129.443 ops

[P]Valid Entries:   2014568.658 / s

[P]set success:     2073955.661 / s

[P]get found:       1361944.013 / s

----------------------------------

[INFO]Current Time:       32.66 s

[P]indexs Load Factor:    46.3027 %

[P]log_0 Load Factor:     1.853785 %

[P]log_1 Load Factor:     1.711482 %

[P]log_2 Load Factor:     1.922843 %

[P]log_3 Load Factor:     0.927237 %

[P]Get Hit Rate:         64.9302 %

[P]rx packet:       278684.822 / s

[P]Throughput:      4072154.440 ops

[P]Valid Entries:   1997419.995 / s

[P]set success:     2055948.722 / s

[P]get found:       1335096.184 / s

----------------------------------

[INFO]Current Time:       33.84 s

[P]indexs Load Factor:    48.5894 %

[P]log_0 Load Factor:     1.942292 %

[P]log_1 Load Factor:     1.793595 %

[P]log_2 Load Factor:     2.017710 %

[P]log_3 Load Factor:     0.970681 %

[P]Get Hit Rate:         64.3999 %

[P]rx packet:       284699.810 / s

[P]Throughput:      4192588.696 ops

[P]Valid Entries:   2018929.332 / s

[P]set success:     2103385.200 / s

[P]get found:       1354288.914 / s

----------------------------------

[INFO]Current Time:       35.02 s

[P]indexs Load Factor:    50.7871 %

[P]log_0 Load Factor:     2.026976 %

[P]log_1 Load Factor:     1.871992 %

[P]log_2 Load Factor:     2.108320 %

[P]log_3 Load Factor:     1.014181 %

[P]Get Hit Rate:         64.5975 %

[P]rx packet:       276910.741 / s

[P]Throughput:      4086183.670 ops

[P]Valid Entries:   1991139.013 / s

[P]set success:     2021602.286 / s

[P]get found:       1325079.327 / s

----------------------------------

[INFO]Current Time:       36.19 s

[P]indexs Load Factor:    52.9437 %

[P]log_0 Load Factor:     2.109390 %

[P]log_1 Load Factor:     1.949008 %

[P]log_2 Load Factor:     2.196943 %

[P]log_3 Load Factor:     1.055969 %

[P]Get Hit Rate:         65.4505 %

[P]rx packet:       274628.669 / s

[P]Throughput:      4063378.981 ops

[P]Valid Entries:   1957739.637 / s

[P]set success:     2010047.297 / s

[P]get found:       1334854.430 / s

----------------------------------

[INFO]Current Time:       37.36 s

[P]indexs Load Factor:    55.0177 %

[P]log_0 Load Factor:     2.188517 %

[P]log_1 Load Factor:     2.023362 %

[P]log_2 Load Factor:     2.282433 %

[P]log_3 Load Factor:     1.096863 %

[P]Get Hit Rate:         65.5324 %

[P]rx packet:       262722.112 / s

[P]Throughput:      3876194.513 ops

[P]Valid Entries:   1902940.691 / s

[P]set success:     1951620.726 / s

[P]get found:       1283372.709 / s

----------------------------------

[INFO]Current Time:       38.52 s

[P]indexs Load Factor:    57.0785 %

[P]log_0 Load Factor:     2.268796 %

[P]log_1 Load Factor:     2.097747 %

[P]log_2 Load Factor:     2.368006 %

[P]log_3 Load Factor:     1.136459 %

[P]Get Hit Rate:         65.6025 %

[P]rx packet:       257446.525 / s

[P]Throughput:      3783558.459 ops

[P]Valid Entries:   1823855.652 / s

[P]set success:     1916916.491 / s

[P]get found:       1261235.702 / s

----------------------------------

[INFO]Current Time:       39.68 s

[P]indexs Load Factor:    59.0662 %

[P]log_0 Load Factor:     2.344659 %

[P]log_1 Load Factor:     2.167814 %

[P]log_2 Load Factor:     2.448465 %

[P]log_3 Load Factor:     1.174539 %

[P]Get Hit Rate:         65.7572 %

[P]rx packet:       256891.426 / s

[P]Throughput:      3808124.353 ops

[P]Valid Entries:   1870762.011 / s

[P]set success:     1915270.025 / s

[P]get found:       1249083.897 / s

----------------------------------

[INFO]Current Time:       40.84 s

[P]indexs Load Factor:    60.9730 %

[P]log_0 Load Factor:     2.419186 %

[P]log_1 Load Factor:     2.237185 %

[P]log_2 Load Factor:     2.527648 %

[P]log_3 Load Factor:     1.211633 %

[P]Get Hit Rate:         64.8316 %

[P]rx packet:       241614.637 / s

[P]Throughput:      3596936.177 ops

[P]Valid Entries:   1768928.283 / s

[P]set success:     1807575.256 / s

[P]get found:       1178042.060 / s

----------------------------------

[INFO]Current Time:       41.99 s

[P]indexs Load Factor:    62.8214 %

[P]log_0 Load Factor:     2.490033 %

[P]log_1 Load Factor:     2.303199 %

[P]log_2 Load Factor:     2.602112 %

[P]log_3 Load Factor:     1.246570 %

[P]Get Hit Rate:         65.8042 %

[P]rx packet:       239946.952 / s

[P]Throughput:      3583002.226 ops

[P]Valid Entries:   1695688.371 / s

[P]set success:     1799241.939 / s

[P]get found:       1176475.393 / s

----------------------------------

[INFO]Current Time:       43.13 s

[P]indexs Load Factor:    64.5817 %

[P]log_0 Load Factor:     2.557388 %

[P]log_1 Load Factor:     2.365934 %

[P]log_2 Load Factor:     2.672337 %

[P]log_3 Load Factor:     1.280271 %

[P]Get Hit Rate:         65.7971 %

[P]rx packet:       227552.073 / s

[P]Throughput:      3388164.437 ops

[P]Valid Entries:   1677239.916 / s

[P]set success:     1688381.936 / s

[P]get found:       1134253.778 / s

----------------------------------

[INFO]Current Time:       44.27 s

[P]indexs Load Factor:    66.2337 %

[P]log_0 Load Factor:     2.621952 %

[P]log_1 Load Factor:     2.426955 %

[P]log_2 Load Factor:     2.741077 %

[P]log_3 Load Factor:     1.313110 %

[P]Get Hit Rate:         64.0324 %

[P]rx packet:       214819.306 / s

[P]Throughput:      3237831.383 ops

[P]Valid Entries:   1592138.647 / s

[P]set success:     1620791.154 / s

[P]get found:       1047522.805 / s

----------------------------------

[INFO]Current Time:       45.41 s

[P]indexs Load Factor:    67.8544 %

[P]log_0 Load Factor:     2.684806 %

[P]log_1 Load Factor:     2.485861 %

[P]log_2 Load Factor:     2.806564 %

[P]log_3 Load Factor:     1.344176 %

[P]Get Hit Rate:         64.8971 %

[P]rx packet:       212402.211 / s

[P]Throughput:      3205968.391 ops

[P]Valid Entries:   1559004.218 / s

[P]set success:     1605647.438 / s

[P]get found:       1051836.957 / s

----------------------------------

[INFO]Current Time:       46.54 s

[P]indexs Load Factor:    69.3999 %

[P]log_0 Load Factor:     2.744718 %

[P]log_1 Load Factor:     2.542106 %

[P]log_2 Load Factor:     2.868867 %

[P]log_3 Load Factor:     1.373104 %

[P]Get Hit Rate:         65.7626 %

[P]rx packet:       202905.361 / s

[P]Throughput:      3091596.851 ops

[P]Valid Entries:   1513481.315 / s

[P]set success:     1537270.182 / s

[P]get found:       1021375.703 / s

----------------------------------

[INFO]Current Time:       47.67 s

[P]indexs Load Factor:    70.8599 %

[P]log_0 Load Factor:     2.801446 %

[P]log_1 Load Factor:     2.595162 %

[P]log_2 Load Factor:     2.927765 %

[P]log_3 Load Factor:     1.400990 %

[P]Get Hit Rate:         64.9046 %

[P]rx packet:       192692.230 / s

[P]Throughput:      2929095.210 ops

[P]Valid Entries:   1442624.783 / s

[P]set success:     1445582.158 / s

[P]get found:       961415.369 / s

----------------------------------

[INFO]Current Time:       48.80 s

[P]indexs Load Factor:    72.1838 %

[P]log_0 Load Factor:     2.852460 %

[P]log_1 Load Factor:     2.642698 %

[P]log_2 Load Factor:     2.980702 %

[P]log_3 Load Factor:     1.427214 %

[P]Get Hit Rate:         64.9082 %

[P]rx packet:       177793.616 / s

[P]Throughput:      2712951.720 ops

[P]Valid Entries:   1318140.232 / s

[P]set success:     1353618.913 / s

[P]get found:       891122.660 / s

----------------------------------

[INFO]Current Time:       49.92 s

[P]indexs Load Factor:    73.4860 %

[P]log_0 Load Factor:     2.903033 %

[P]log_1 Load Factor:     2.690441 %

[P]log_2 Load Factor:     3.033179 %

[P]log_3 Load Factor:     1.452007 %

[P]Get Hit Rate:         64.8684 %

[P]rx packet:       173021.978 / s

[P]Throughput:      2664328.766 ops

[P]Valid Entries:   1303256.534 / s

[P]set success:     1319368.944 / s

[P]get found:       868918.068 / s

----------------------------------

[INFO]Current Time:       51.03 s

[P]indexs Load Factor:    74.7180 %

[P]log_0 Load Factor:     2.950814 %

[P]log_1 Load Factor:     2.735694 %

[P]log_2 Load Factor:     3.082313 %

[P]log_3 Load Factor:     1.475504 %

[P]Get Hit Rate:         65.7578 %

[P]rx packet:       165823.957 / s

[P]Throughput:      2559823.261 ops

[P]Valid Entries:   1250256.137 / s

[P]set success:     1248918.066 / s

[P]get found:       846752.370 / s

----------------------------------

[INFO]Current Time:       52.15 s

[P]indexs Load Factor:    75.8720 %

[P]log_0 Load Factor:     2.994431 %

[P]log_1 Load Factor:     2.778696 %

[P]log_2 Load Factor:     3.128773 %

[P]log_3 Load Factor:     1.497835 %

[P]Get Hit Rate:         66.5068 %

[P]rx packet:       156401.708 / s

[P]Throughput:      2407156.826 ops

[P]Valid Entries:   1181339.955 / s

[P]set success:     1193705.968 / s

[P]get found:       800768.386 / s

----------------------------------

[INFO]Current Time:       53.26 s

[P]indexs Load Factor:    76.8930 %

[P]log_0 Load Factor:     3.032620 %

[P]log_1 Load Factor:     2.815585 %

[P]log_2 Load Factor:     3.168544 %

[P]log_3 Load Factor:     1.518987 %

[P]Get Hit Rate:         64.7339 %

[P]rx packet:       143613.235 / s

[P]Throughput:      2229853.216 ops

[P]Valid Entries:   1086057.080 / s

[P]set success:     1096311.695 / s

[P]get found:       726752.025 / s

----------------------------------

[INFO]Current Time:       54.36 s

[P]indexs Load Factor:    77.9148 %

[P]log_0 Load Factor:     3.072657 %

[P]log_1 Load Factor:     2.853781 %

[P]log_2 Load Factor:     3.209849 %

[P]log_3 Load Factor:     1.538924 %

[P]Get Hit Rate:         65.5213 %

[P]rx packet:       135346.034 / s

[P]Throughput:      2104622.322 ops

[P]Valid Entries:   1024006.264 / s

[P]set success:     1033059.307 / s

[P]get found:       693633.044 / s

----------------------------------

[INFO]Current Time:       55.47 s

[P]indexs Load Factor:    78.8904 %

[P]log_0 Load Factor:     3.110571 %

[P]log_1 Load Factor:     2.890013 %

[P]log_2 Load Factor:     3.248578 %

[P]log_3 Load Factor:     1.557709 %

[P]Get Hit Rate:         65.6984 %

[P]rx packet:       134618.135 / s

[P]Throughput:      2096864.242 ops

[P]Valid Entries:   1016788.721 / s

[P]set success:     1025236.568 / s

[P]get found:       693054.275 / s

----------------------------------

[INFO]Current Time:       56.56 s

[P]indexs Load Factor:    79.7461 %

[P]log_0 Load Factor:     3.142370 %

[P]log_1 Load Factor:     2.921742 %

[P]log_2 Load Factor:     3.281502 %

[P]log_3 Load Factor:     1.575483 %

[P]Get Hit Rate:         65.5986 %

[P]rx packet:       121621.537 / s

[P]Throughput:      1901650.009 ops

[P]Valid Entries:   917953.332 / s

[P]set success:     912236.400 / s

[P]get found:       628630.565 / s

----------------------------------

[INFO]Current Time:       57.66 s

[P]indexs Load Factor:    80.5901 %

[P]log_0 Load Factor:     3.175498 %

[P]log_1 Load Factor:     2.952903 %

[P]log_2 Load Factor:     3.315306 %

[P]log_3 Load Factor:     1.592401 %

[P]Get Hit Rate:         65.5021 %

[P]rx packet:       115226.553 / s

[P]Throughput:      1802566.486 ops

[P]Valid Entries:   867753.210 / s

[P]set success:     873728.968 / s

[P]get found:       594251.655 / s

----------------------------------

[INFO]Current Time:       58.75 s

[P]indexs Load Factor:    81.4109 %

[P]log_0 Load Factor:     3.207405 %

[P]log_1 Load Factor:     2.983605 %

[P]log_2 Load Factor:     3.347924 %

[P]log_3 Load Factor:     1.608071 %

[P]Get Hit Rate:         65.6552 %

[P]rx packet:       116339.490 / s

[P]Throughput:      1822391.025 ops

[P]Valid Entries:   872455.517 / s

[P]set success:     878340.074 / s

[P]get found:       602857.494 / s

----------------------------------

[INFO]Current Time:       59.84 s

[P]indexs Load Factor:    82.1864 %

[P]log_0 Load Factor:     3.237469 %

[P]log_1 Load Factor:     3.012633 %

[P]log_2 Load Factor:     3.378657 %

[P]log_3 Load Factor:     1.622992 %

[P]Get Hit Rate:         65.5944 %

[P]rx packet:       110465.236 / s

[P]Throughput:      1733034.343 ops

[P]Valid Entries:   824611.685 / s

[P]set success:     829760.052 / s

[P]get found:       572945.377 / s

----------------------------------

[INFO]Current Time:       60.92 s

[P]indexs Load Factor:    82.9167 %

[P]log_0 Load Factor:     3.265878 %

[P]log_1 Load Factor:     3.039912 %

[P]log_2 Load Factor:     3.407431 %

[P]log_3 Load Factor:     1.637082 %

[P]Get Hit Rate:         65.6501 %

[P]rx packet:       105211.448 / s

[P]Throughput:      1652118.046 ops

[P]Valid Entries:   781842.043 / s

[P]set success:     786367.356 / s

[P]get found:       546124.778 / s

----------------------------------

[INFO]Current Time:       62.01 s

[P]indexs Load Factor:    83.5865 %

[P]log_0 Load Factor:     3.291732 %

[P]log_1 Load Factor:     3.064749 %

[P]log_2 Load Factor:     3.433490 %

[P]log_3 Load Factor:     1.650576 %

[P]Get Hit Rate:         65.6682 %

[P]rx packet:       97790.860 / s

[P]Throughput:      1539550.213 ops

[P]Valid Entries:   722499.394 / s

[P]set success:     726199.759 / s

[P]get found:       509864.222 / s

----------------------------------

[INFO]Current Time:       63.09 s

[P]indexs Load Factor:    84.2109 %

[P]log_0 Load Factor:     3.316377 %

[P]log_1 Load Factor:     3.088165 %

[P]log_2 Load Factor:     3.457678 %

[P]log_3 Load Factor:     1.663243 %

[P]Get Hit Rate:         65.6195 %

[P]rx packet:       91685.574 / s

[P]Throughput:      1444530.946 ops

[P]Valid Entries:   673555.198 / s

[P]set success:     676802.180 / s

[P]get found:       477551.553 / s

----------------------------------

[INFO]Current Time:       64.16 s

[P]indexs Load Factor:    84.8265 %

[P]log_0 Load Factor:     3.340231 %

[P]log_1 Load Factor:     3.111329 %

[P]log_2 Load Factor:     3.481918 %

[P]log_3 Load Factor:     1.675109 %

[P]Get Hit Rate:         65.5926 %

[P]rx packet:       91632.569 / s

[P]Throughput:      1445413.262 ops

[P]Valid Entries:   667214.151 / s

[P]set success:     670353.983 / s

[P]get found:       478047.207 / s

----------------------------------

[INFO]Current Time:       65.24 s

[P]indexs Load Factor:    85.4105 %

[P]log_0 Load Factor:     3.362933 %

[P]log_1 Load Factor:     3.133424 %

[P]log_2 Load Factor:     3.504945 %

[P]log_3 Load Factor:     1.686554 %

[P]Get Hit Rate:         65.5970 %

[P]rx packet:       87786.954 / s

[P]Throughput:      1383618.343 ops

[P]Valid Entries:   633903.926 / s

[P]set success:     636695.843 / s

[P]get found:       456889.329 / s

----------------------------------

[INFO]Current Time:       66.31 s

[P]indexs Load Factor:    85.9635 %

[P]log_0 Load Factor:     3.384433 %

[P]log_1 Load Factor:     3.154229 %

[P]log_2 Load Factor:     3.526672 %

[P]log_3 Load Factor:     1.697178 %

[P]Get Hit Rate:         65.6338 %

[P]rx packet:       84580.230 / s

[P]Throughput:      1335229.320 ops

[P]Valid Entries:   604540.052 / s

[P]set success:     607053.278 / s

[P]get found:       441632.804 / s

----------------------------------

[INFO]Current Time:       67.38 s

[P]indexs Load Factor:    86.4856 %

[P]log_0 Load Factor:     3.404423 %

[P]log_1 Load Factor:     3.174118 %

[P]log_2 Load Factor:     3.547283 %

[P]log_3 Load Factor:     1.707415 %

[P]Get Hit Rate:         65.5058 %

[P]rx packet:       80561.957 / s

[P]Throughput:      1273840.703 ops

[P]Valid Entries:   569562.589 / s

[P]set success:     571775.337 / s

[P]get found:       420892.381 / s

----------------------------------

[INFO]Current Time:       68.45 s

[P]indexs Load Factor:    86.9604 %

[P]log_0 Load Factor:     3.422896 %

[P]log_1 Load Factor:     3.192077 %

[P]log_2 Load Factor:     3.565497 %

[P]log_3 Load Factor:     1.716985 %

[P]Get Hit Rate:         65.5746 %

[P]rx packet:       75891.359 / s

[P]Throughput:      1199831.876 ops

[P]Valid Entries:   531431.771 / s

[P]set success:     533282.162 / s

[P]get found:       396542.665 / s

----------------------------------

[INFO]Current Time:       69.51 s

[P]indexs Load Factor:    87.4100 %

[P]log_0 Load Factor:     3.440024 %

[P]log_1 Load Factor:     3.208841 %

[P]log_2 Load Factor:     3.582791 %

[P]log_3 Load Factor:     1.726181 %

[P]Get Hit Rate:         66.5763 %

[P]rx packet:       73560.395 / s

[P]Throughput:      1157459.697 ops

[P]Valid Entries:   509182.807 / s

[P]set success:     510820.371 / s

[P]get found:       386165.691 / s

----------------------------------

[INFO]Current Time:       70.57 s

[P]indexs Load Factor:    87.8465 %

[P]log_0 Load Factor:     3.457141 %

[P]log_1 Load Factor:     3.225713 %

[P]log_2 Load Factor:     3.600187 %

[P]log_3 Load Factor:     1.734740 %

[P]Get Hit Rate:         65.5504 %

[P]rx packet:       67879.421 / s

[P]Throughput:      1075244.602 ops

[P]Valid Entries:   463986.921 / s

[P]set success:     465351.877 / s

[P]get found:       355325.060 / s

----------------------------------

[INFO]Current Time:       71.62 s

[P]indexs Load Factor:    88.3508 %

[P]log_0 Load Factor:     3.473889 %

[P]log_1 Load Factor:     3.248303 %

[P]log_2 Load Factor:     3.614887 %

[P]log_3 Load Factor:     1.776042 %

[P]Get Hit Rate:         64.6012 %

[P]rx packet:       88340.845 / s

[P]Throughput:      1397331.359 ops

[P]Valid Entries:   619240.078 / s

[P]set success:     621846.073 / s

[P]get found:       456990.205 / s

----------------------------------

[INFO]Current Time:       72.68 s

[P]indexs Load Factor:    88.8808 %

[P]log_0 Load Factor:     3.490221 %

[P]log_1 Load Factor:     3.272008 %

[P]log_2 Load Factor:     3.629592 %

[P]log_3 Load Factor:     1.823004 %

[P]Get Hit Rate:         64.1802 %

[P]rx packet:       110802.726 / s

[P]Throughput:      1741252.120 ops

[P]Valid Entries:   801302.865 / s

[P]set success:     805165.280 / s

[P]get found:       564014.815 / s

----------------------------------

[INFO]Current Time:       73.73 s

[P]indexs Load Factor:    89.3959 %

[P]log_0 Load Factor:     3.506163 %

[P]log_1 Load Factor:     3.294508 %

[P]log_2 Load Factor:     3.643952 %

[P]log_3 Load Factor:     1.869554 %

[P]Get Hit Rate:         64.0283 %

[P]rx packet:       112689.514 / s

[P]Throughput:      1770872.455 ops

[P]Valid Entries:   807558.073 / s

[P]set success:     811553.068 / s

[P]get found:       572031.243 / s

----------------------------------

[INFO]Current Time:       74.78 s

[P]indexs Load Factor:    89.9087 %

[P]log_0 Load Factor:     3.521440 %

[P]log_1 Load Factor:     3.319502 %

[P]log_2 Load Factor:     3.657632 %

[P]log_3 Load Factor:     1.917152 %

[P]Get Hit Rate:         62.7754 %

[P]rx packet:       111697.787 / s

[P]Throughput:      1658402.125 ops

[P]Valid Entries:   808529.031 / s

[P]set success:     812268.580 / s

[P]get found:       485484.692 / s

----------------------------------

[INFO]Current Time:       75.83 s

[P]indexs Load Factor:    90.3554 %

[P]log_0 Load Factor:     3.534335 %

[P]log_1 Load Factor:     3.338688 %

[P]log_2 Load Factor:     3.668897 %

[P]log_3 Load Factor:     1.964104 %

[P]Get Hit Rate:         59.9655 %

[P]rx packet:       103950.215 / s

[P]Throughput:      1457101.912 ops

[P]Valid Entries:   763519.643 / s

[P]set success:     766555.412 / s

[P]get found:       375761.407 / s

----------------------------------

[INFO]Current Time:       76.87 s

[P]indexs Load Factor:    90.8013 %

[P]log_0 Load Factor:     3.547644 %

[P]log_1 Load Factor:     3.359575 %

[P]log_2 Load Factor:     3.680547 %

[P]log_3 Load Factor:     2.009457 %

[P]Get Hit Rate:         60.3044 %

[P]rx packet:       101585.625 / s

[P]Throughput:      1428369.910 ops

[P]Valid Entries:   740596.796 / s

[P]set success:     743482.164 / s

[P]get found:       366701.268 / s

----------------------------------

[INFO]Current Time:       77.91 s

[P]indexs Load Factor:    91.2208 %

[P]log_0 Load Factor:     3.559902 %

[P]log_1 Load Factor:     3.378936 %

[P]log_2 Load Factor:     3.691373 %

[P]log_3 Load Factor:     2.055462 %

[P]Get Hit Rate:         59.3164 %

[P]rx packet:       101298.892 / s

[P]Throughput:      1433188.748 ops

[P]Valid Entries:   732824.329 / s

[P]set success:     735453.435 / s

[P]get found:       365055.826 / s

----------------------------------

[INFO]Current Time:       78.95 s

[P]indexs Load Factor:    91.6194 %

[P]log_0 Load Factor:     3.571505 %

[P]log_1 Load Factor:     3.397181 %

[P]log_2 Load Factor:     3.701591 %

[P]log_3 Load Factor:     2.099305 %

[P]Get Hit Rate:         59.4459 %

[P]rx packet:       96596.491 / s

[P]Throughput:      1367326.820 ops

[P]Valid Entries:   693461.942 / s

[P]set success:     695778.255 / s

[P]get found:       348891.424 / s

----------------------------------

[INFO]Current Time:       79.99 s

[P]indexs Load Factor:    91.9832 %

[P]log_0 Load Factor:     3.581944 %

[P]log_1 Load Factor:     3.413584 %

[P]log_2 Load Factor:     3.710788 %

[P]log_3 Load Factor:     2.142850 %

[P]Get Hit Rate:         59.9241 %

[P]rx packet:       94989.733 / s

[P]Throughput:      1344554.070 ops

[P]Valid Entries:   672151.037 / s

[P]set success:     679400.975 / s

[P]get found:       345980.098 / s

----------------------------------

[INFO]Current Time:       81.02 s

[P]indexs Load Factor:    92.3284 %

[P]log_0 Load Factor:     3.591555 %

[P]log_1 Load Factor:     3.429237 %

[P]log_2 Load Factor:     3.719694 %

[P]log_3 Load Factor:     2.186332 %

[P]Get Hit Rate:         59.3788 %

[P]rx packet:       88555.311 / s

[P]Throughput:      1263126.317 ops

[P]Valid Entries:   623063.430 / s

[P]set success:     629693.063 / s

[P]get found:       325131.087 / s

----------------------------------

[INFO]Current Time:       82.05 s

[P]indexs Load Factor:    92.6651 %

[P]log_0 Load Factor:     3.600959 %

[P]log_1 Load Factor:     3.444361 %

[P]log_2 Load Factor:     3.728583 %

[P]log_3 Load Factor:     2.228815 %

[P]Get Hit Rate:         58.9473 %

[P]rx packet:       88743.013 / s

[P]Throughput:      1268986.360 ops

[P]Valid Entries:   623995.225 / s

[P]set success:     625637.461 / s

[P]get found:       325574.274 / s

----------------------------------

[INFO]Current Time:       83.08 s

[P]indexs Load Factor:    92.9773 %

[P]log_0 Load Factor:     3.609923 %

[P]log_1 Load Factor:     3.458113 %

[P]log_2 Load Factor:     3.736581 %

[P]log_3 Load Factor:     2.270813 %

[P]Get Hit Rate:         59.0144 %

[P]rx packet:       87852.031 / s

[P]Throughput:      1257159.728 ops

[P]Valid Entries:   613089.279 / s

[P]set success:     614660.147 / s

[P]get found:       322704.082 / s

----------------------------------

[INFO]Current Time:       84.10 s

[P]indexs Load Factor:    93.2558 %

[P]log_0 Load Factor:     3.618614 %

[P]log_1 Load Factor:     3.466529 %

[P]log_2 Load Factor:     3.744175 %

[P]log_3 Load Factor:     2.310764 %

[P]Get Hit Rate:         58.9508 %

[P]rx packet:       84587.704 / s

[P]Throughput:      1212896.575 ops

[P]Valid Entries:   583997.349 / s

[P]set success:     585419.730 / s

[P]get found:       311935.989 / s

----------------------------------
[INFO]End rx_queue_1:3887345

[INFO]Current Time:       85.13 s

[P]indexs Load Factor:    93.4719 %

[P]log_0 Load Factor:     3.627149 %

[P]log_1 Load Factor:     3.466529 %

[P]log_2 Load Factor:     3.751423 %

[P]log_3 Load Factor:     2.349367 %

[P]Get Hit Rate:         59.1382 %

[P]rx packet:       19416.083 / s

[P]Throughput:      1034877.340 ops

[P]Valid Entries:   455730.471 / s

[P]set success:     458551.278 / s

[P]get found:       299912.331 / s

----------------------------------

[INFO]Current Time:       86.14 s

[P]indexs Load Factor:    93.6836 %

[P]log_0 Load Factor:     3.635327 %

[P]log_1 Load Factor:     3.466529 %

[P]log_2 Load Factor:     3.758302 %

[P]log_3 Load Factor:     2.389021 %

[P]Get Hit Rate:         58.7461 %

[P]rx packet:       67039.020 / s

[P]Throughput:      1052136.785 ops

[P]Valid Entries:   462141.744 / s

[P]set success:     462635.834 / s

[P]get found:       305313.974 / s

----------------------------------

[INFO]Current Time:       87.16 s

[P]indexs Load Factor:    93.8859 %

[P]log_0 Load Factor:     3.643167 %

[P]log_1 Load Factor:     3.466529 %

[P]log_2 Load Factor:     3.765062 %

[P]log_3 Load Factor:     2.427916 %

[P]Get Hit Rate:         58.7717 %

[P]rx packet:       66097.733 / s

[P]Throughput:      1038164.791 ops

[P]Valid Entries:   453070.682 / s

[P]set success:     453567.132 / s

[P]get found:       301539.201 / s

----------------------------------

[INFO]Current Time:       88.18 s

[P]indexs Load Factor:    94.0589 %

[P]log_0 Load Factor:     3.646307 %

[P]log_1 Load Factor:     3.466529 %

[P]log_2 Load Factor:     3.771997 %

[P]log_3 Load Factor:     2.467151 %

[P]Get Hit Rate:         59.6840 %

[P]rx packet:       68777.248 / s

[P]Throughput:      1336038.974 ops

[P]Valid Entries:   433573.784 / s

[P]set success:     433985.141 / s

[P]get found:       496013.385 / s

----------------------------------

[INFO]Current Time:       89.19 s

[P]indexs Load Factor:    94.0994 %

[P]log_0 Load Factor:     3.646307 %

[P]log_1 Load Factor:     3.466529 %

[P]log_2 Load Factor:     3.772465 %

[P]log_3 Load Factor:     2.474507 %

[P]Get Hit Rate:         59.8833 %

[P]rx packet:       54863.322 / s

[P]Throughput:      2637275.781 ops

[P]Valid Entries:   231245.776 / s

[P]set success:     231381.129 / s

[P]get found:       1428149.650 / s

----------------------------------
[INFO]End rx_queue_3:2688061
[INFO]End rx_queue_0:4023780

[INFO]Current Time:       90.21 s

[P]indexs Load Factor:    94.0994 %

[P]log_0 Load Factor:     3.646307 %

[P]log_1 Load Factor:     3.466529 %

[P]log_2 Load Factor:     3.772465 %

[P]log_3 Load Factor:     2.474507 %

[P]Get Hit Rate:         57.2665 %

[P]rx packet:       11196.087 / s

[P]Throughput:      1907475.866 ops

[P]get found:       1092343.798 / s

----------------------------------

[INFO]Current Time:       91.22 s

[P]indexs Load Factor:    94.0994 %

[P]log_0 Load Factor:     3.646307 %

[P]log_1 Load Factor:     3.466529 %

[P]log_2 Load Factor:     3.772465 %

[P]log_3 Load Factor:     2.474507 %

[P]Get Hit Rate:         57.2855 %

[P]rx packet:       27900.685 / s

[P]Throughput:      1841608.841 ops

[P]get found:       1054974.179 / s

----------------------------------
[INFO]End rx_queue_2:4168533
Finish the job......

Total Index Entries:     105189496

indexs Load Factor:     94.099376 %

log_0 Load Factor:      3.646307 %

log_1 Load Factor:      3.466529 %

log_2 Load Factor:      3.772465 %

log_3 Load Factor:      2.474507 %

Get Hit Rate:           62.942448%

Max Throughput:         4445399.54

Calc Load Factor:       94.099376%

valid count:              31321540

set request:              32023254
set_success:              31321540 | set_fail:                   701714 | set_mica_evicted:                0
set_random:                      0 | set_cuckoo_evicted:        2733469 | set_expire_evicted:         133190

get request:              32506134
get_found:                19728181 | get_notfound:             12777953 | get_hit_ratio:          60.690641%

clean up:                        0 | test_notfound:                   0
move_to_head_performed:    3044322 | move_to_head_skipped:     16683859 | move_to_head_failed:             0


valid count:              29777256

set request:              30352957
set_success:              29777256 | set_fail:                   575701 | set_mica_evicted:                0
set_random:                      0 | set_cuckoo_evicted:        2587570 | set_expire_evicted:         507864

get request:              35284292
get_found:                23630396 | get_notfound:             11653896 | get_hit_ratio:          66.971433%

clean up:                        0 | test_notfound:                   0
move_to_head_performed:    2462640 | move_to_head_skipped:     21167756 | move_to_head_failed:             0


valid count:              32405231

set request:              33149541
set_success:              32405231 | set_fail:                   744310 | set_mica_evicted:                0
set_random:                      0 | set_cuckoo_evicted:        2850765 | set_expire_evicted:              0

get request:              33701189
get_found:                19342214 | get_notfound:             14358975 | get_hit_ratio:          57.393269%

clean up:                        0 | test_notfound:                   0
move_to_head_performed:    3606025 | move_to_head_skipped:     15736189 | move_to_head_failed:             0


valid count:              21255857

set request:              21400651
set_success:              21255857 | set_fail:                   144794 | set_mica_evicted:                0
set_random:                      0 | set_cuckoo_evicted:        1149036 | set_expire_evicted:        3608040

get request:              21513835
get_found:                12051481 | get_notfound:              9462354 | get_hit_ratio:          56.017353%

clean up:                        0 | test_notfound:                   0
move_to_head_performed:    1282426 | move_to_head_skipped:     10769055 | move_to_head_failed:             0


[INFO] Everything works fine.
deleting piekv......
