[INFO] 单个Log Size为:4 GB
EAL: Probing VFIO support...
EAL: VFIO support initialized
EAL: PCI device 0000:03:00.0 on NUMA socket 0
EAL:   probe driver: 15b3:1017 net_mlx5
WEN: There are 1 device(s) available
starting port 0...
querying port 0...
port 0: 100 Gbps (full-duplex)
Adding UDP filter for each endpoint.
port_id/queue_id/udp_port = 0 0 0
Flow is created with src_port = 0, dst_port = 0
port_id/queue_id/udp_port = 0 1 1
Flow is created with src_port = 0, dst_port = 1
port_id/queue_id/udp_port = 0 2 2
Flow is created with src_port = 0, dst_port = 2
port_id/queue_id/udp_port = 0 3 3
Flow is created with src_port = 0, dst_port = 3
MEM: Initializing pages...
 == [STAT] Workers Start (4 threads in total) == 

[INFO]Current Time:       19.80 s

[P]indexs Load Factor:    0.2533 %

[P]log_0 Load Factor:     0.184966 %

[P]log_1 Load Factor:     0.181764 %

[P]log_2 Load Factor:     0.188380 %

[P]log_3 Load Factor:     0.225710 %

[P]Get Hit Rate:         43.7316 %

[P]rx packet:       17029.702 / s

[P]Throughput:      135526.102 ops

[P]Valid Entries:   67420.624 / s

[P]set success:     67627.247 / s

[P]get found:       29643.679 / s

----------------------------------

[INFO]Current Time:       22.44 s

[P]indexs Load Factor:    2.1917 %

[P]log_0 Load Factor:     0.812279 %

[P]log_1 Load Factor:     0.827791 %

[P]log_2 Load Factor:     0.838257 %

[P]log_3 Load Factor:     0.535633 %

[P]Get Hit Rate:         48.7866 %

[P]rx packet:       201815.402 / s

[P]Throughput:      1475013.857 ops

[P]Valid Entries:   744880.053 / s

[P]set success:     762222.956 / s

[P]get found:       363500.106 / s

----------------------------------

[INFO]Current Time:       23.50 s

[P]indexs Load Factor:    4.2425 %

[P]log_0 Load Factor:     1.442288 %

[P]log_1 Load Factor:     1.476580 %

[P]log_2 Load Factor:     1.484474 %

[P]log_3 Load Factor:     0.842626 %

[P]Get Hit Rate:         50.8875 %

[P]rx packet:       565440.748 / s

[P]Throughput:      4123326.688 ops

[P]Valid Entries:   2059851.550 / s

[P]set success:     2057667.792 / s

[P]get found:       1050445.943 / s

----------------------------------

[INFO]Current Time:       24.58 s

[P]indexs Load Factor:    6.2444 %

[P]log_0 Load Factor:     2.067789 %

[P]log_1 Load Factor:     2.121605 %

[P]log_2 Load Factor:     2.127446 %

[P]log_3 Load Factor:     1.157934 %

[P]Get Hit Rate:         51.4526 %

[P]rx packet:       546518.854 / s

[P]Throughput:      4002152.344 ops

[P]Valid Entries:   1985630.326 / s

[P]set success:     2010835.039 / s

[P]get found:       1038122.760 / s

----------------------------------

[INFO]Current Time:       25.67 s

[P]indexs Load Factor:    8.3116 %

[P]log_0 Load Factor:     2.697065 %

[P]log_1 Load Factor:     2.769647 %

[P]log_2 Load Factor:     2.773874 %

[P]log_3 Load Factor:     1.471799 %

[P]Get Hit Rate:         50.9374 %

[P]rx packet:       545183.415 / s

[P]Throughput:      4022505.609 ops

[P]Valid Entries:   1981383.415 / s

[P]set success:     2006537.502 / s

[P]get found:       1026004.899 / s

----------------------------------

[INFO]Current Time:       26.77 s

[P]indexs Load Factor:    10.2951 %

[P]log_0 Load Factor:     3.310614 %

[P]log_1 Load Factor:     3.402580 %

[P]log_2 Load Factor:     3.403379 %

[P]log_3 Load Factor:     1.790540 %

[P]Get Hit Rate:         53.2179 %

[P]rx packet:       532677.334 / s

[P]Throughput:      3929638.326 ops

[P]Valid Entries:   1937183.495 / s

[P]set success:     1960966.292 / s

[P]get found:       1047019.754 / s

----------------------------------

[INFO]Current Time:       27.89 s

[P]indexs Load Factor:    12.3156 %

[P]log_0 Load Factor:     3.938168 %

[P]log_1 Load Factor:     4.050066 %

[P]log_2 Load Factor:     4.047052 %

[P]log_3 Load Factor:     2.117165 %

[P]Get Hit Rate:         54.6762 %

[P]rx packet:       519308.664 / s

[P]Throughput:      3748191.704 ops

[P]Valid Entries:   1887418.186 / s

[P]set success:     1938309.747 / s

[P]get found:       1033258.432 / s

----------------------------------

[INFO]Current Time:       29.01 s

[P]indexs Load Factor:    14.3882 %

[P]log_0 Load Factor:     4.558921 %

[P]log_1 Load Factor:     4.689651 %

[P]log_2 Load Factor:     4.679956 %

[P]log_3 Load Factor:     2.434354 %

[P]Get Hit Rate:         54.4567 %

[P]rx packet:       538797.859 / s

[P]Throughput:      3955127.692 ops

[P]Valid Entries:   1962575.933 / s

[P]set success:     1987272.299 / s

[P]get found:       1085100.771 / s

----------------------------------

[INFO]Current Time:       30.15 s

[P]indexs Load Factor:    16.4818 %

[P]log_0 Load Factor:     5.220850 %

[P]log_1 Load Factor:     5.376931 %

[P]log_2 Load Factor:     5.361569 %

[P]log_3 Load Factor:     2.756782 %

[P]Get Hit Rate:         55.0373 %

[P]rx packet:       535168.637 / s

[P]Throughput:      3927087.042 ops

[P]Valid Entries:   1949436.175 / s

[P]set success:     2000720.753 / s

[P]get found:       1074909.067 / s

----------------------------------

[INFO]Current Time:       31.29 s

[P]indexs Load Factor:    18.6394 %

[P]log_0 Load Factor:     5.888797 %

[P]log_1 Load Factor:     6.067901 %

[P]log_2 Load Factor:     6.046610 %

[P]log_3 Load Factor:     3.084652 %

[P]Get Hit Rate:         55.5229 %

[P]rx packet:       551534.463 / s

[P]Throughput:      4076263.107 ops

[P]Valid Entries:   2011021.096 / s

[P]set success:     2037261.734 / s

[P]get found:       1132955.896 / s

----------------------------------

[INFO]Current Time:       32.45 s

[P]indexs Load Factor:    20.7917 %

[P]log_0 Load Factor:     6.551225 %

[P]log_1 Load Factor:     6.753142 %

[P]log_2 Load Factor:     6.725010 %

[P]log_3 Load Factor:     3.415712 %

[P]Get Hit Rate:         56.0151 %

[P]rx packet:       550034.303 / s

[P]Throughput:      4041475.812 ops

[P]Valid Entries:   2006086.477 / s

[P]set success:     2058522.349 / s

[P]get found:       1126041.831 / s

----------------------------------

[INFO]Current Time:       33.61 s

[P]indexs Load Factor:    22.9435 %

[P]log_0 Load Factor:     7.208118 %

[P]log_1 Load Factor:     7.431593 %

[P]log_2 Load Factor:     7.397205 %

[P]log_3 Load Factor:     3.744011 %

[P]Get Hit Rate:         56.4588 %

[P]rx packet:       541400.624 / s

[P]Throughput:      3978288.051 ops

[P]Valid Entries:   1974024.038 / s

[P]set success:     1999897.712 / s

[P]get found:       1131160.724 / s

----------------------------------

[INFO]Current Time:       34.77 s

[P]indexs Load Factor:    25.0740 %

[P]log_0 Load Factor:     7.869227 %

[P]log_1 Load Factor:     8.116307 %

[P]log_2 Load Factor:     8.073603 %

[P]log_3 Load Factor:     4.078920 %

[P]Get Hit Rate:         56.0449 %

[P]rx packet:       531932.041 / s

[P]Throughput:      3880382.758 ops

[P]Valid Entries:   1914467.803 / s

[P]set success:     1964755.576 / s

[P]get found:       1103373.501 / s

----------------------------------

[INFO]Current Time:       35.94 s

[P]indexs Load Factor:    27.1397 %

[P]log_0 Load Factor:     8.497725 %

[P]log_1 Load Factor:     8.766991 %

[P]log_2 Load Factor:     8.716345 %

[P]log_3 Load Factor:     4.407298 %

[P]Get Hit Rate:         57.8703 %

[P]rx packet:       521929.886 / s

[P]Throughput:      3832093.025 ops

[P]Valid Entries:   1903700.902 / s

[P]set success:     1953266.722 / s

[P]get found:       1103175.336 / s

----------------------------------

[INFO]Current Time:       37.11 s

[P]indexs Load Factor:    29.2499 %

[P]log_0 Load Factor:     9.136873 %

[P]log_1 Load Factor:     9.426887 %

[P]log_2 Load Factor:     9.368742 %

[P]log_3 Load Factor:     4.738245 %

[P]Get Hit Rate:         57.4586 %

[P]rx packet:       520302.568 / s

[P]Throughput:      3847134.305 ops

[P]Valid Entries:   1873957.140 / s

[P]set success:     1947624.777 / s

[P]get found:       1106881.403 / s

----------------------------------

[INFO]Current Time:       38.29 s

[P]indexs Load Factor:    31.3873 %

[P]log_0 Load Factor:     9.800229 %

[P]log_1 Load Factor:     10.113096 %

[P]log_2 Load Factor:     10.047690 %

[P]log_3 Load Factor:     5.074237 %

[P]Get Hit Rate:         57.0540 %

[P]rx packet:       527735.095 / s

[P]Throughput:      3878330.132 ops

[P]Valid Entries:   1926482.442 / s

[P]set success:     1975994.232 / s

[P]get found:       1114791.087 / s

----------------------------------

[INFO]Current Time:       39.47 s

[P]indexs Load Factor:    33.4751 %

[P]log_0 Load Factor:     10.410477 %

[P]log_1 Load Factor:     10.746285 %

[P]log_2 Load Factor:     10.673415 %

[P]log_3 Load Factor:     5.398761 %

[P]Get Hit Rate:         58.0451 %

[P]rx packet:       523953.654 / s

[P]Throughput:      3828600.089 ops

[P]Valid Entries:   1913547.792 / s

[P]set success:     1962505.134 / s

[P]get found:       1127045.294 / s

----------------------------------

[INFO]Current Time:       40.64 s

[P]indexs Load Factor:    35.5377 %

[P]log_0 Load Factor:     11.066280 %

[P]log_1 Load Factor:     11.426844 %

[P]log_2 Load Factor:     11.336507 %

[P]log_3 Load Factor:     5.732629 %

[P]Get Hit Rate:         58.2331 %

[P]rx packet:       505747.450 / s

[P]Throughput:      3745257.324 ops

[P]Valid Entries:   1824203.159 / s

[P]set success:     1820874.017 / s

[P]get found:       1091920.271 / s

----------------------------------

[INFO]Current Time:       41.83 s

[P]indexs Load Factor:    37.6979 %

[P]log_0 Load Factor:     11.727556 %

[P]log_1 Load Factor:     12.110107 %

[P]log_2 Load Factor:     12.012447 %

[P]log_3 Load Factor:     6.058574 %

[P]Get Hit Rate:         59.9779 %

[P]rx packet:       531752.158 / s

[P]Throughput:      3894727.112 ops

[P]Valid Entries:   1945433.882 / s

[P]set success:     1945952.227 / s

[P]get found:       1154847.542 / s

----------------------------------

[INFO]Current Time:       43.01 s

[P]indexs Load Factor:    39.8143 %

[P]log_0 Load Factor:     12.374460 %

[P]log_1 Load Factor:     12.780232 %

[P]log_2 Load Factor:     12.674617 %

[P]log_3 Load Factor:     6.384179 %

[P]Get Hit Rate:         58.6899 %

[P]rx packet:       517325.005 / s

[P]Throughput:      3886294.481 ops

[P]Valid Entries:   1895615.101 / s

[P]set success:     1916408.849 / s

[P]get found:       1142010.365 / s

----------------------------------

[INFO]Current Time:       44.19 s

[P]indexs Load Factor:    41.9118 %

[P]log_0 Load Factor:     12.995822 %

[P]log_1 Load Factor:     13.266049 %

[P]log_2 Load Factor:     12.990739 %

[P]log_3 Load Factor:     6.703223 %

[P]Get Hit Rate:         58.8717 %

[P]rx packet:       517898.389 / s

[P]Throughput:      3821148.790 ops

[P]Valid Entries:   1897790.738 / s

[P]set success:     1908376.696 / s

[P]get found:       1133173.901 / s

----------------------------------

[INFO]Current Time:       45.38 s

[P]indexs Load Factor:    43.8979 %

[P]log_0 Load Factor:     13.080491 %

[P]log_1 Load Factor:     13.266049 %

[P]log_2 Load Factor:     12.990740 %

[P]log_3 Load Factor:     7.022947 %

[P]Get Hit Rate:         59.4996 %

[P]rx packet:       502248.876 / s

[P]Throughput:      3676968.679 ops

[P]Valid Entries:   1837706.252 / s

[P]set success:     1858088.768 / s

[P]get found:       1095187.262 / s

----------------------------------

[INFO]Current Time:       46.55 s

[P]indexs Load Factor:    46.0093 %

[P]log_0 Load Factor:     13.080491 %

[P]log_1 Load Factor:     13.266049 %

[P]log_2 Load Factor:     12.990740 %

[P]log_3 Load Factor:     7.342667 %

[P]Get Hit Rate:         57.8330 %

[P]rx packet:       514128.854 / s

[P]Throughput:      3817811.020 ops

[P]Valid Entries:   1882653.408 / s

[P]set success:     1902188.790 / s

[P]get found:       1104952.296 / s

----------------------------------

[INFO]Current Time:       47.73 s

[P]indexs Load Factor:    48.0606 %

[P]log_0 Load Factor:     13.080492 %

[P]log_1 Load Factor:     13.266049 %

[P]log_2 Load Factor:     12.990740 %

[P]log_3 Load Factor:     7.657312 %

[P]Get Hit Rate:         57.7463 %

[P]rx packet:       518468.901 / s

[P]Throughput:      3804377.879 ops

[P]Valid Entries:   1898710.551 / s

[P]set success:     1943709.294 / s

[P]get found:       1099845.376 / s

----------------------------------

[INFO]Current Time:       48.91 s

[P]indexs Load Factor:    50.0592 %

[P]log_0 Load Factor:     13.080492 %

[P]log_1 Load Factor:     13.266049 %

[P]log_2 Load Factor:     12.990740 %

[P]log_3 Load Factor:     7.968199 %

[P]Get Hit Rate:         56.3019 %

[P]rx packet:       490004.261 / s

[P]Throughput:      3600949.437 ops

[P]Valid Entries:   1797864.837 / s

[P]set success:     1839810.157 / s

[P]get found:       1015135.984 / s

----------------------------------

[INFO]Current Time:       50.08 s

[P]indexs Load Factor:    52.0789 %

[P]log_0 Load Factor:     13.080492 %

[P]log_1 Load Factor:     13.266049 %

[P]log_2 Load Factor:     12.990740 %

[P]log_3 Load Factor:     8.273212 %

[P]Get Hit Rate:         55.7627 %

[P]rx packet:       495837.998 / s

[P]Throughput:      3604813.226 ops

[P]Valid Entries:   1800650.788 / s

[P]set success:     1864834.694 / s

[P]get found:       1019068.561 / s

----------------------------------

[INFO]Current Time:       51.26 s

[P]indexs Load Factor:    54.1013 %

[P]log_0 Load Factor:     13.080492 %

[P]log_1 Load Factor:     13.266049 %

[P]log_2 Load Factor:     12.990740 %

[P]log_3 Load Factor:     8.574798 %

[P]Get Hit Rate:         54.6254 %

[P]rx packet:       504508.814 / s

[P]Throughput:      3747753.917 ops

[P]Valid Entries:   1858671.997 / s

[P]set success:     1900161.175 / s

[P]get found:       1017973.870 / s

----------------------------------

[INFO]Current Time:       52.42 s

[P]indexs Load Factor:    56.0861 %

[P]log_0 Load Factor:     13.080492 %

[P]log_1 Load Factor:     13.266049 %

[P]log_2 Load Factor:     12.990740 %

[P]log_3 Load Factor:     8.867770 %

[P]Get Hit Rate:         55.5427 %

[P]rx packet:       498606.213 / s

[P]Throughput:      3709097.985 ops

[P]Valid Entries:   1840325.570 / s

[P]set success:     1879931.114 / s

[P]get found:       1024357.010 / s

----------------------------------

[INFO]Current Time:       53.59 s

[P]indexs Load Factor:    57.9229 %

[P]log_0 Load Factor:     13.080492 %

[P]log_1 Load Factor:     13.266049 %

[P]log_2 Load Factor:     12.990740 %

[P]log_3 Load Factor:     9.154580 %

[P]Get Hit Rate:         54.2979 %

[P]rx packet:       475623.356 / s

[P]Throughput:      3548523.042 ops

[P]Valid Entries:   1760551.612 / s

[P]set success:     1796798.298 / s

[P]get found:       958876.195 / s

----------------------------------

[INFO]Current Time:       54.75 s

[P]indexs Load Factor:    59.7131 %

[P]log_0 Load Factor:     13.080492 %

[P]log_1 Load Factor:     13.266049 %

[P]log_2 Load Factor:     12.990740 %

[P]log_3 Load Factor:     9.431334 %

[P]Get Hit Rate:         53.9589 %

[P]rx packet:       441664.946 / s

[P]Throughput:      3328357.085 ops

[P]Valid Entries:   1643022.583 / s

[P]set success:     1609413.366 / s

[P]get found:       898346.776 / s

----------------------------------

[INFO]Current Time:       55.90 s

[P]indexs Load Factor:    61.5197 %

[P]log_0 Load Factor:     13.080492 %

[P]log_1 Load Factor:     13.266049 %

[P]log_2 Load Factor:     12.990740 %

[P]log_3 Load Factor:     9.697767 %

[P]Get Hit Rate:         54.3228 %

[P]rx packet:       464269.015 / s

[P]Throughput:      3477731.150 ops

[P]Valid Entries:   1727079.763 / s

[P]set success:     1738250.561 / s

[P]get found:       939265.879 / s

----------------------------------

[INFO]Current Time:       57.05 s

[P]indexs Load Factor:    63.2293 %

[P]log_0 Load Factor:     13.080492 %

[P]log_1 Load Factor:     13.266049 %

[P]log_2 Load Factor:     12.990740 %

[P]log_3 Load Factor:     9.951169 %

[P]Get Hit Rate:         52.6205 %

[P]rx packet:       434880.704 / s

[P]Throughput:      3290738.964 ops

[P]Valid Entries:   1625447.421 / s

[P]set success:     1654346.301 / s

[P]get found:       866312.431 / s

----------------------------------

[INFO]Current Time:       58.20 s

[P]indexs Load Factor:    64.8336 %

[P]log_0 Load Factor:     13.080492 %

[P]log_1 Load Factor:     13.266049 %

[P]log_2 Load Factor:     12.990740 %

[P]log_3 Load Factor:     10.199658 %

[P]Get Hit Rate:         54.3689 %

[P]rx packet:       428737.183 / s

[P]Throughput:      3188208.862 ops

[P]Valid Entries:   1605105.207 / s

[P]set success:     1611789.101 / s

[P]get found:       861545.331 / s

----------------------------------

[INFO]Current Time:       59.34 s

[P]indexs Load Factor:    66.3390 %

[P]log_0 Load Factor:     13.080492 %

[P]log_1 Load Factor:     13.266049 %

[P]log_2 Load Factor:     12.990740 %

[P]log_3 Load Factor:     10.441398 %

[P]Get Hit Rate:         53.4322 %

[P]rx packet:       379664.731 / s

[P]Throughput:      2851775.026 ops

[P]Valid Entries:   1410000.124 / s

[P]set success:     1432265.892 / s

[P]get found:       762037.083 / s

----------------------------------

[INFO]Current Time:       60.48 s

[P]indexs Load Factor:    67.7743 %

[P]log_0 Load Factor:     13.080492 %

[P]log_1 Load Factor:     13.266049 %

[P]log_2 Load Factor:     12.990740 %

[P]log_3 Load Factor:     10.667734 %

[P]Get Hit Rate:         53.0681 %

[P]rx packet:       374321.653 / s

[P]Throughput:      2839355.655 ops

[P]Valid Entries:   1412213.827 / s

[P]set success:     1433424.628 / s

[P]get found:       748762.477 / s

----------------------------------

[INFO]Current Time:       61.62 s

[P]indexs Load Factor:    69.2315 %

[P]log_0 Load Factor:     13.080492 %

[P]log_1 Load Factor:     13.266049 %

[P]log_2 Load Factor:     12.990740 %

[P]log_3 Load Factor:     10.886554 %

[P]Get Hit Rate:         51.4917 %

[P]rx packet:       371240.228 / s

[P]Throughput:      2840257.155 ops

[P]Valid Entries:   1403644.438 / s

[P]set success:     1423624.253 / s

[P]get found:       731276.344 / s

----------------------------------

[INFO]Current Time:       62.75 s

[P]indexs Load Factor:    70.6005 %

[P]log_0 Load Factor:     13.080492 %

[P]log_1 Load Factor:     13.266049 %

[P]log_2 Load Factor:     12.990740 %

[P]log_3 Load Factor:     11.097322 %

[P]Get Hit Rate:         51.9736 %

[P]rx packet:       361255.706 / s

[P]Throughput:      2769534.176 ops

[P]Valid Entries:   1368759.426 / s

[P]set success:     1369196.119 / s

[P]get found:       719853.971 / s

----------------------------------

[INFO]Current Time:       63.87 s

[P]indexs Load Factor:    71.9363 %

[P]log_0 Load Factor:     13.080492 %

[P]log_1 Load Factor:     13.266049 %

[P]log_2 Load Factor:     12.990740 %

[P]log_3 Load Factor:     11.292142 %

[P]Get Hit Rate:         51.7484 %

[P]rx packet:       351654.286 / s

[P]Throughput:      2691484.698 ops

[P]Valid Entries:   1335629.138 / s

[P]set success:     1335708.238 / s

[P]get found:       699206.940 / s

----------------------------------

[INFO]Current Time:       64.99 s

[P]indexs Load Factor:    73.2071 %

[P]log_0 Load Factor:     13.080492 %

[P]log_1 Load Factor:     13.266049 %

[P]log_2 Load Factor:     12.990740 %

[P]log_3 Load Factor:     11.479505 %

[P]Get Hit Rate:         51.5723 %

[P]rx packet:       337088.053 / s

[P]Throughput:      2579749.342 ops

[P]Valid Entries:   1282133.826 / s

[P]set success:     1297691.530 / s

[P]get found:       669491.894 / s

----------------------------------

[INFO]Current Time:       66.11 s

[P]indexs Load Factor:    74.3999 %

[P]log_0 Load Factor:     13.080492 %

[P]log_1 Load Factor:     13.266049 %

[P]log_2 Load Factor:     12.990740 %

[P]log_3 Load Factor:     11.659000 %

[P]Get Hit Rate:         51.3543 %

[P]rx packet:       318338.506 / s

[P]Throughput:      2488304.851 ops

[P]Valid Entries:   1227917.273 / s

[P]set success:     1241653.986 / s

[P]get found:       638936.759 / s

----------------------------------

[INFO]Current Time:       67.22 s

[P]indexs Load Factor:    75.5245 %

[P]log_0 Load Factor:     13.080492 %

[P]log_1 Load Factor:     13.266049 %

[P]log_2 Load Factor:     12.990740 %

[P]log_3 Load Factor:     11.830259 %

[P]Get Hit Rate:         51.7307 %

[P]rx packet:       297882.518 / s

[P]Throughput:      2292287.821 ops

[P]Valid Entries:   1136831.605 / s

[P]set success:     1148338.524 / s

[P]get found:       589514.962 / s

----------------------------------

[INFO]Current Time:       68.33 s

[P]indexs Load Factor:    76.6000 %

[P]log_0 Load Factor:     13.080492 %

[P]log_1 Load Factor:     13.266048 %

[P]log_2 Load Factor:     12.990740 %

[P]log_3 Load Factor:     11.993683 %

[P]Get Hit Rate:         51.0274 %

[P]rx packet:       289633.802 / s

[P]Throughput:      2246742.768 ops

[P]Valid Entries:   1105755.257 / s

[P]set success:     1116497.808 / s

[P]get found:       573258.403 / s

----------------------------------

[INFO]Current Time:       69.44 s

[P]indexs Load Factor:    77.6235 %

[P]log_0 Load Factor:     13.080492 %

[P]log_1 Load Factor:     13.266049 %

[P]log_2 Load Factor:     12.990740 %

[P]log_3 Load Factor:     12.144798 %

[P]Get Hit Rate:         50.9613 %

[P]rx packet:       278095.013 / s

[P]Throughput:      2145777.916 ops

[P]Valid Entries:   1060749.517 / s

[P]set success:     1070550.075 / s

[P]get found:       550208.770 / s

----------------------------------

[INFO]Current Time:       70.54 s

[P]indexs Load Factor:    78.5867 %

[P]log_0 Load Factor:     13.080492 %

[P]log_1 Load Factor:     13.266049 %

[P]log_2 Load Factor:     12.990740 %

[P]log_3 Load Factor:     12.289640 %

[P]Get Hit Rate:         50.7532 %

[P]rx packet:       263958.085 / s

[P]Throughput:      2054391.579 ops

[P]Valid Entries:   1006881.398 / s

[P]set success:     1015447.927 / s

[P]get found:       521279.155 / s

----------------------------------

[INFO]Current Time:       71.64 s

[P]indexs Load Factor:    79.4998 %

[P]log_0 Load Factor:     13.080492 %

[P]log_1 Load Factor:     13.266049 %

[P]log_2 Load Factor:     12.990740 %

[P]log_3 Load Factor:     12.427909 %

[P]Get Hit Rate:         50.6556 %

[P]rx packet:       250878.135 / s

[P]Throughput:      1955371.666 ops

[P]Valid Entries:   955040.499 / s

[P]set success:     950212.490 / s

[P]get found:       495262.521 / s

----------------------------------

[INFO]Current Time:       72.74 s

[P]indexs Load Factor:    80.3600 %

[P]log_0 Load Factor:     13.080492 %

[P]log_1 Load Factor:     13.266049 %

[P]log_2 Load Factor:     12.990740 %

[P]log_3 Load Factor:     12.556070 %

[P]Get Hit Rate:         51.2464 %

[P]rx packet:       239610.976 / s

[P]Throughput:      1858265.599 ops

[P]Valid Entries:   909863.666 / s

[P]set success:     916547.983 / s

[P]get found:       473129.143 / s

----------------------------------

[INFO]Current Time:       73.82 s

[P]indexs Load Factor:    81.1737 %

[P]log_0 Load Factor:     13.080492 %

[P]log_1 Load Factor:     13.266049 %

[P]log_2 Load Factor:     12.990739 %

[P]log_3 Load Factor:     12.678388 %

[P]Get Hit Rate:         50.4045 %

[P]rx packet:       228171.980 / s

[P]Throughput:      1784324.244 ops

[P]Valid Entries:   864099.345 / s

[P]set success:     858805.920 / s

[P]get found:       449741.872 / s

----------------------------------

[INFO]Current Time:       74.91 s

[P]indexs Load Factor:    81.9086 %

[P]log_0 Load Factor:     13.080492 %

[P]log_1 Load Factor:     13.266049 %

[P]log_2 Load Factor:     12.990739 %

[P]log_3 Load Factor:     12.794718 %

[P]Get Hit Rate:         50.2671 %

[P]rx packet:       207522.717 / s

[P]Throughput:      1624355.730 ops

[P]Valid Entries:   782935.877 / s

[P]set success:     787937.011 / s

[P]get found:       408217.192 / s

----------------------------------

[INFO]Current Time:       76.00 s

[P]indexs Load Factor:    82.6385 %

[P]log_0 Load Factor:     13.080492 %

[P]log_1 Load Factor:     13.266049 %

[P]log_2 Load Factor:     12.990740 %

[P]log_3 Load Factor:     12.905668 %

[P]Get Hit Rate:         50.1387 %

[P]rx packet:       207912.113 / s

[P]Throughput:      1629049.899 ops

[P]Valid Entries:   780267.353 / s

[P]set success:     775122.518 / s

[P]get found:       408413.269 / s

----------------------------------

[INFO]Current Time:       77.08 s

[P]indexs Load Factor:    83.3159 %

[P]log_0 Load Factor:     13.080492 %

[P]log_1 Load Factor:     13.266049 %

[P]log_2 Load Factor:     12.990740 %

[P]log_3 Load Factor:     13.009037 %

[P]Get Hit Rate:         50.1734 %

[P]rx packet:       198495.514 / s

[P]Throughput:      1556988.014 ops

[P]Valid Entries:   741079.536 / s

[P]set success:     745361.033 / s

[P]get found:       390554.496 / s

----------------------------------

[INFO]Current Time:       78.16 s

[P]indexs Load Factor:    83.9595 %

[P]log_0 Load Factor:     13.080492 %

[P]log_1 Load Factor:     13.266049 %

[P]log_2 Load Factor:     12.990740 %

[P]log_3 Load Factor:     13.109259 %

[P]Get Hit Rate:         49.9780 %

[P]rx packet:       183455.655 / s

[P]Throughput:      1440984.525 ops

[P]Valid Entries:   680677.162 / s

[P]set success:     684291.075 / s

[P]get found:       360048.394 / s

----------------------------------

[INFO]Current Time:       79.24 s

[P]indexs Load Factor:    84.5679 %

[P]log_0 Load Factor:     13.080492 %

[P]log_1 Load Factor:     13.266049 %

[P]log_2 Load Factor:     12.990740 %

[P]log_3 Load Factor:     13.202083 %

[P]Get Hit Rate:         49.9445 %

[P]rx packet:       181648.994 / s

[P]Throughput:      1427679.536 ops

[P]Valid Entries:   668788.964 / s

[P]set success:     672161.518 / s

[P]get found:       356555.659 / s

----------------------------------

[INFO]Current Time:       80.31 s

[P]indexs Load Factor:    85.1401 %

[P]log_0 Load Factor:     13.080492 %

[P]log_1 Load Factor:     13.266049 %

[P]log_2 Load Factor:     12.990740 %

[P]log_3 Load Factor:     13.244180 %

[P]Get Hit Rate:         49.8436 %

[P]rx packet:       168601.202 / s

[P]Throughput:      1326482.432 ops

[P]Valid Entries:   615764.527 / s

[P]set success:     610437.671 / s

[P]get found:       330552.947 / s

----------------------------------

[INFO]Current Time:       81.38 s

[P]indexs Load Factor:    85.6976 %

[P]log_0 Load Factor:     13.080492 %

[P]log_1 Load Factor:     13.266049 %

[P]log_2 Load Factor:     12.990740 %

[P]log_3 Load Factor:     13.244180 %

[P]Get Hit Rate:         49.7114 %

[P]rx packet:       168072.067 / s

[P]Throughput:      1323218.514 ops

[P]Valid Entries:   608567.897 / s

[P]set success:     611315.078 / s

[P]get found:       328907.521 / s

----------------------------------

[INFO]Current Time:       82.45 s

[P]indexs Load Factor:    86.2221 %

[P]log_0 Load Factor:     13.080492 %

[P]log_1 Load Factor:     13.266049 %

[P]log_2 Load Factor:     12.990740 %

[P]log_3 Load Factor:     13.244180 %

[P]Get Hit Rate:         49.6875 %

[P]rx packet:       161479.961 / s

[P]Throughput:      1272456.852 ops

[P]Valid Entries:   579082.743 / s

[P]set success:     581606.627 / s

[P]get found:       316112.318 / s

----------------------------------

[INFO]Current Time:       83.52 s

[P]indexs Load Factor:    86.8578 %

[P]log_0 Load Factor:     13.080492 %

[P]log_1 Load Factor:     13.266049 %

[P]log_2 Load Factor:     12.990740 %

[P]log_3 Load Factor:     13.244180 %

[P]Get Hit Rate:         49.7333 %

[P]rx packet:       151264.791 / s

[P]Throughput:      1209107.184 ops

[P]Valid Entries:   543950.122 / s

[P]set success:     546139.215 / s

[P]get found:       300683.472 / s

----------------------------------

[INFO]Current Time:       84.58 s

[P]indexs Load Factor:    87.9455 %

[P]log_0 Load Factor:     13.080491 %

[P]log_1 Load Factor:     13.266049 %

[P]log_2 Load Factor:     12.990740 %

[P]log_3 Load Factor:     13.244180 %

[P]Get Hit Rate:         52.6507 %

[P]rx packet:       520851.861 / s

[P]Throughput:      3782503.331 ops

[P]Valid Entries:   1901797.698 / s

[P]set success:     1948005.064 / s

[P]get found:       989526.033 / s

----------------------------------

[INFO]Current Time:       85.63 s

[P]indexs Load Factor:    88.9599 %

[P]log_0 Load Factor:     13.080492 %

[P]log_1 Load Factor:     13.266049 %

[P]log_2 Load Factor:     12.990740 %

[P]log_3 Load Factor:     13.244180 %

[P]Get Hit Rate:         50.0657 %

[P]rx packet:       538224.293 / s

[P]Throughput:      3934742.136 ops

[P]Valid Entries:   1965372.865 / s

[P]set success:     2014475.351 / s

[P]get found:       1000269.766 / s

----------------------------------

[INFO]Current Time:       86.69 s

[P]indexs Load Factor:    89.9223 %

[P]log_0 Load Factor:     13.080492 %

[P]log_1 Load Factor:     13.266049 %

[P]log_2 Load Factor:     12.990740 %

[P]log_3 Load Factor:     13.244180 %

[P]Get Hit Rate:         50.3026 %

[P]rx packet:       545504.423 / s

[P]Throughput:      4016375.606 ops

[P]Valid Entries:   1991580.475 / s

[P]set success:     1985160.261 / s

[P]get found:       1018634.399 / s

----------------------------------

[INFO]Current Time:       87.73 s

[P]indexs Load Factor:    90.8124 %

[P]log_0 Load Factor:     13.080492 %

[P]log_1 Load Factor:     13.266049 %

[P]log_2 Load Factor:     12.990740 %

[P]log_3 Load Factor:     13.244180 %

[P]Get Hit Rate:         49.7027 %

[P]rx packet:       546859.325 / s

[P]Throughput:      4054598.610 ops

[P]Valid Entries:   1996308.510 / s

[P]set success:     2046300.974 / s

[P]get found:       1008736.454 / s

----------------------------------

[INFO]Current Time:       88.77 s

[P]indexs Load Factor:    91.6548 %

[P]log_0 Load Factor:     13.080492 %

[P]log_1 Load Factor:     13.266049 %

[P]log_2 Load Factor:     12.990740 %

[P]log_3 Load Factor:     13.244180 %

[P]Get Hit Rate:         48.4649 %

[P]rx packet:       533873.817 / s

[P]Throughput:      3959954.431 ops

[P]Valid Entries:   1950583.829 / s

[P]set success:     1970459.659 / s

[P]get found:       960693.592 / s

----------------------------------

[INFO]Current Time:       89.81 s

[P]indexs Load Factor:    92.4418 %

[P]log_0 Load Factor:     13.080492 %

[P]log_1 Load Factor:     13.266048 %

[P]log_2 Load Factor:     12.990740 %

[P]log_3 Load Factor:     13.244180 %

[P]Get Hit Rate:         48.6593 %

[P]rx packet:       548893.843 / s

[P]Throughput:      4012543.896 ops

[P]Valid Entries:   2003528.966 / s

[P]set success:     2053955.223 / s

[P]get found:       991642.343 / s

----------------------------------

[INFO]Current Time:       90.83 s

[P]indexs Load Factor:    93.1744 %

[P]log_0 Load Factor:     13.080492 %

[P]log_1 Load Factor:     13.266049 %

[P]log_2 Load Factor:     12.990740 %

[P]log_3 Load Factor:     13.244180 %

[P]Get Hit Rate:         48.8879 %

[P]rx packet:       540952.952 / s

[P]Throughput:      3979108.454 ops

[P]Valid Entries:   2000981.775 / s

[P]set success:     2022270.628 / s

[P]get found:       966703.717 / s

----------------------------------

[INFO]Current Time:       91.86 s

[P]indexs Load Factor:    93.8420 %

[P]log_0 Load Factor:     13.080492 %

[P]log_1 Load Factor:     13.266049 %

[P]log_2 Load Factor:     12.990740 %

[P]log_3 Load Factor:     13.244180 %

[P]Get Hit Rate:         47.4190 %

[P]rx packet:       551392.250 / s

[P]Throughput:      4058096.264 ops

[P]Valid Entries:   2011316.375 / s

[P]set success:     2033103.004 / s

[P]get found:       969913.139 / s

----------------------------------

[INFO]Current Time:       92.87 s

[P]indexs Load Factor:    94.4693 %

[P]log_0 Load Factor:     13.080492 %

[P]log_1 Load Factor:     13.266049 %

[P]log_2 Load Factor:     12.990740 %

[P]log_3 Load Factor:     13.244180 %

[P]Get Hit Rate:         45.9871 %

[P]rx packet:       543744.485 / s

[P]Throughput:      4035132.899 ops

[P]Valid Entries:   1984969.403 / s

[P]set success:     2004994.567 / s

[P]get found:       928812.329 / s

----------------------------------

[INFO]Current Time:       93.89 s

[P]indexs Load Factor:    95.0420 %

[P]log_0 Load Factor:     13.080492 %

[P]log_1 Load Factor:     13.266049 %

[P]log_2 Load Factor:     12.990740 %

[P]log_3 Load Factor:     13.244180 %

[P]Get Hit Rate:         45.5750 %

[P]rx packet:       551633.627 / s

[P]Throughput:      4032360.539 ops

[P]Valid Entries:   2012337.244 / s

[P]set success:     2034201.322 / s

[P]get found:       919602.689 / s

----------------------------------

[INFO]Current Time:       94.90 s

[P]indexs Load Factor:    95.5675 %

[P]log_0 Load Factor:     13.080492 %

[P]log_1 Load Factor:     13.266049 %

[P]log_2 Load Factor:     12.990740 %

[P]log_3 Load Factor:     13.244180 %

[P]Get Hit Rate:         44.9227 %

[P]rx packet:       554288.447 / s

[P]Throughput:      4086444.473 ops

[P]Valid Entries:   1966688.351 / s

[P]set success:     2073896.923 / s

[P]get found:       912992.886 / s

----------------------------------

[INFO]Current Time:       95.90 s
[INFO]End rx_queue_1:9220100

[P]indexs Load Factor:    95.9063 %

[P]log_0 Load Factor:     13.080492 %

[P]log_1 Load Factor:     13.266049 %

[P]log_2 Load Factor:     12.990740 %

[P]log_3 Load Factor:     13.244180 %

[P]Get Hit Rate:         40.9237 %

[P]rx packet:       238551.431 / s

[P]Throughput:      3234955.054 ops

[P]Valid Entries:   1577322.876 / s

[P]set success:     1636513.714 / s

[P]get found:       665923.557 / s

----------------------------------

[INFO]Current Time:       96.90 s

[P]indexs Load Factor:    96.2379 %

[P]log_0 Load Factor:     13.080492 %

[P]log_1 Load Factor:     13.266049 %

[P]log_2 Load Factor:     12.990740 %

[P]log_3 Load Factor:     13.244180 %

[P]Get Hit Rate:         37.5935 %

[P]rx packet:       299430.136 / s

[P]Throughput:      3044850.829 ops

[P]Valid Entries:   1509939.222 / s

[P]set success:     1522085.145 / s

[P]get found:       575630.146 / s

----------------------------------

[INFO]Current Time:       97.90 s

[P]indexs Load Factor:    96.5594 %

[P]log_0 Load Factor:     13.080492 %

[P]log_1 Load Factor:     13.266049 %

[P]log_2 Load Factor:     12.990740 %

[P]log_3 Load Factor:     13.244180 %

[P]Get Hit Rate:         36.5501 %

[P]rx packet:       418137.406 / s

[P]Throughput:      3232571.108 ops

[P]Valid Entries:   1595303.121 / s

[P]set success:     1591650.425 / s

[P]get found:       589816.145 / s

----------------------------------

[INFO]Current Time:       98.90 s

[P]indexs Load Factor:    96.8613 %

[P]log_0 Load Factor:     13.080492 %

[P]log_1 Load Factor:     13.266049 %

[P]log_2 Load Factor:     12.990740 %

[P]log_3 Load Factor:     13.244180 %

[P]Get Hit Rate:         36.6668 %

[P]rx packet:       421266.963 / s

[P]Throughput:      3233833.051 ops

[P]Valid Entries:   1606514.190 / s

[P]set success:     1603719.397 / s

[P]get found:       587735.490 / s

----------------------------------

[INFO]Current Time:       99.89 s

[P]indexs Load Factor:    97.1408 %

[P]log_0 Load Factor:     13.080492 %

[P]log_1 Load Factor:     13.266049 %

[P]log_2 Load Factor:     12.990740 %

[P]log_3 Load Factor:     13.244180 %

[P]Get Hit Rate:         36.2799 %

[P]rx packet:       427438.985 / s

[P]Throughput:      3281385.842 ops

[P]Valid Entries:   1629940.221 / s

[P]set success:     1649815.783 / s

[P]get found:       598208.152 / s

----------------------------------

[INFO]Current Time:       100.88 s

[P]indexs Load Factor:    97.3679 %

[P]log_0 Load Factor:     13.080492 %

[P]log_1 Load Factor:     13.266049 %

[P]log_2 Load Factor:     12.990740 %

[P]log_3 Load Factor:     13.244180 %

[P]Get Hit Rate:         36.2883 %

[P]rx packet:       356693.908 / s

[P]Throughput:      3092971.394 ops

[P]Valid Entries:   1537432.572 / s

[P]set success:     1558060.098 / s

[P]get found:       564465.539 / s

----------------------------------
[INFO]End rx_queue_3:4968588

[INFO]Current Time:       101.86 s

[P]indexs Load Factor:    97.5670 %

[P]log_0 Load Factor:     13.080492 %

[P]log_1 Load Factor:     13.266049 %

[P]log_2 Load Factor:     12.990740 %

[P]log_3 Load Factor:     13.244180 %

[P]Get Hit Rate:         37.4796 %

[P]rx packet:       250375.335 / s

[P]Throughput:      2707422.252 ops

[P]Valid Entries:   1338947.144 / s

[P]set success:     1357386.800 / s

[P]get found:       506757.766 / s

----------------------------------

[INFO]Current Time:       102.85 s

[P]indexs Load Factor:    97.6947 %

[P]log_0 Load Factor:     13.080492 %

[P]log_1 Load Factor:     13.266049 %

[P]log_2 Load Factor:     12.990740 %

[P]log_3 Load Factor:     13.244180 %

[P]Get Hit Rate:         36.5186 %

[P]rx packet:       251230.111 / s

[P]Throughput:      2328000.047 ops

[P]Valid Entries:   1155267.690 / s

[P]set success:     1160955.850 / s

[P]get found:       424622.246 / s

----------------------------------
[INFO]End rx_queue_0:10204054

[INFO]Current Time:       103.83 s

[P]indexs Load Factor:    97.7253 %

[P]log_0 Load Factor:     13.080492 %

[P]log_1 Load Factor:     13.266049 %

[P]log_2 Load Factor:     12.990740 %

[P]log_3 Load Factor:     13.244180 %

[P]Get Hit Rate:         34.4337 %

[P]rx packet:       35357.742 / s

[P]Throughput:      931491.159 ops

[P]Valid Entries:   465741.506 / s

[P]set success:     465741.506 / s

[P]get found:       160373.634 / s

----------------------------------
[INFO]End rx_queue_2:10616381
Finish the job......

Total Index Entries:     128789940

indexs Load Factor:     97.725255 %

log_0 Load Factor:      13.080492 %

log_1 Load Factor:      13.266049 %

log_2 Load Factor:      12.990740 %

log_3 Load Factor:      13.244180 %

Get Hit Rate:           51.722454%

Max Throughput:         4123326.69

Calc Load Factor:       97.725255%

valid count:              14045071

set request:              40816212
set_success:              40654131 | set_fail:                   162081 | set_mica_evicted:                0
set_random:                      0 | set_cuckoo_evicted:        1993282 | set_expire_evicted:        8049112

get request:              40816212
get_found:                19848878 | get_notfound:             20967334 | get_hit_ratio:          48.629888%

clean up:                        0 | test_notfound:                   0
move_to_head_performed:    1718161 | move_to_head_skipped:     18130714 | move_to_head_failed:             3


valid count:              14244312

set request:              36880396
set_success:              36715551 | set_fail:                   164845 | set_mica_evicted:                0
set_random:                      0 | set_cuckoo_evicted:        2068068 | set_expire_evicted:        4348831

get request:              36880396
get_found:                21610377 | get_notfound:             15270019 | get_hit_ratio:          58.595838%

clean up:                        0 | test_notfound:                   0
move_to_head_performed:    1254781 | move_to_head_skipped:     20355596 | move_to_head_failed:             0


valid count:              13948701

set request:              42465520
set_success:              42301737 | set_fail:                   163783 | set_mica_evicted:                0
set_random:                      0 | set_cuckoo_evicted:        2025298 | set_expire_evicted:        8842697

get request:              42465520
get_found:                18843405 | get_notfound:             23622115 | get_hit_ratio:          44.373423%

clean up:                        0 | test_notfound:                   0
move_to_head_performed:    1967447 | move_to_head_skipped:     16875958 | move_to_head_failed:             0


valid count:              14220830

set request:              19874348
set_success:              19792356 | set_fail:                    81992 | set_mica_evicted:                0
set_random:                      0 | set_cuckoo_evicted:        1014227 | set_expire_evicted:        3454094

get request:              19874348
get_found:                 9370974 | get_notfound:             10503374 | get_hit_ratio:          47.151102%

clean up:                        0 | test_notfound:                   0
move_to_head_performed:     885991 | move_to_head_skipped:      8484983 | move_to_head_failed:             0


[INFO] Everything works fine.
deleting piekv......
