[INFO] 单个Log Size为:2 GB
EAL: Probing VFIO support...
EAL: VFIO support initialized
EAL: PCI device 0000:03:00.0 on NUMA socket 0
EAL:   probe driver: 15b3:1017 net_mlx5
WEN: There are 1 device(s) available
starting port 0...
querying port 0...
port 0: 100 Gbps (full-duplex)
Adding UDP filter for each endpoint.
port_id/queue_id/udp_port = 0 0 0
Flow is created with src_port = 0, dst_port = 0
port_id/queue_id/udp_port = 0 1 1
Flow is created with src_port = 0, dst_port = 1
port_id/queue_id/udp_port = 0 2 2
Flow is created with src_port = 0, dst_port = 2
port_id/queue_id/udp_port = 0 3 3
Flow is created with src_port = 0, dst_port = 3
MEM: Initializing pages...
 == [STAT] Workers Start (4 threads in total) == 

[INFO]Current Time:       10.80 s

[P]indexs Load Factor:    0.3652 %

[P]log_0 Load Factor:     0.504190 %

[P]log_1 Load Factor:     0.509946 %

[P]log_2 Load Factor:     0.525130 %

[P]log_3 Load Factor:     0.239154 %

[P]Get Hit Rate:         50.1360 %

[P]rx packet:       4063.951 / s

[P]Throughput:      183927.523 ops

[P]Valid Entries:   94725.549 / s

[P]set success:     95563.666 / s

[P]get found:       43908.666 / s

----------------------------------

[INFO]Current Time:       11.97 s

[P]indexs Load Factor:    2.9120 %

[P]log_0 Load Factor:     2.025694 %

[P]log_1 Load Factor:     2.082571 %

[P]log_2 Load Factor:     2.081802 %

[P]log_3 Load Factor:     1.426218 %

[P]Get Hit Rate:         65.5884 %

[P]rx packet:       61704.901 / s

[P]Throughput:      3619626.136 ops

[P]Valid Entries:   1906022.618 / s

[P]set success:     1997971.556 / s

[P]get found:       1150378.754 / s

----------------------------------

[INFO]Current Time:       13.05 s

[P]indexs Load Factor:    5.5883 %

[P]log_0 Load Factor:     3.563939 %

[P]log_1 Load Factor:     3.678592 %

[P]log_2 Load Factor:     3.659848 %

[P]log_3 Load Factor:     2.626849 %

[P]Get Hit Rate:         68.2012 %

[P]rx packet:       60126.686 / s

[P]Throughput:      4523793.828 ops

[P]Valid Entries:   2332617.200 / s

[P]set success:     2523952.062 / s

[P]get found:       1519522.860 / s

----------------------------------

[INFO]Current Time:       14.15 s

[P]indexs Load Factor:    8.2878 %

[P]log_0 Load Factor:     5.116154 %

[P]log_1 Load Factor:     5.285045 %

[P]log_2 Load Factor:     5.249223 %

[P]log_3 Load Factor:     3.799468 %

[P]Get Hit Rate:         72.2644 %

[P]rx packet:       61470.342 / s

[P]Throughput:      4546650.711 ops

[P]Valid Entries:   2402069.014 / s

[P]mica evicted:      3.638 / s

[P]set success:     2475278.092 / s

[P]get found:       1576443.964 / s

----------------------------------

[INFO]Current Time:       15.25 s

[P]indexs Load Factor:    11.0187 %

[P]log_0 Load Factor:     6.701084 %

[P]log_1 Load Factor:     6.927082 %

[P]log_2 Load Factor:     6.868811 %

[P]log_3 Load Factor:     4.996456 %

[P]Get Hit Rate:         75.9189 %

[P]rx packet:       62256.753 / s

[P]Throughput:      4480354.537 ops

[P]Valid Entries:   2396981.880 / s

[P]mica evicted:     10.867 / s

[P]set success:     2563089.236 / s

[P]get found:       1607753.703 / s

----------------------------------

[INFO]Current Time:       16.38 s

[P]indexs Load Factor:    13.7840 %

[P]log_0 Load Factor:     8.306552 %

[P]log_1 Load Factor:     8.573182 %

[P]log_2 Load Factor:     8.513609 %

[P]log_3 Load Factor:     6.158125 %

[P]Get Hit Rate:         77.3434 %

[P]rx packet:       66128.862 / s

[P]Throughput:      4479038.053 ops

[P]Valid Entries:   2402911.808 / s

[P]mica evicted:     81.423 / s

[P]set success:     2529668.160 / s

[P]get found:       1637013.926 / s

----------------------------------

[INFO]Current Time:       17.53 s

[P]indexs Load Factor:    16.5655 %

[P]log_0 Load Factor:     9.928530 %

[P]log_1 Load Factor:     10.243339 %

[P]log_2 Load Factor:     10.178892 %

[P]log_3 Load Factor:     7.317845 %

[P]Get Hit Rate:         76.0750 %

[P]rx packet:       69409.841 / s

[P]Throughput:      4522057.081 ops

[P]Valid Entries:   2427963.712 / s

[P]mica evicted:    265.323 / s

[P]set success:     2450626.119 / s

[P]get found:       1650025.042 / s

----------------------------------

[INFO]Current Time:       18.68 s

[P]indexs Load Factor:    19.3849 %

[P]log_0 Load Factor:     11.567162 %

[P]log_1 Load Factor:     11.909204 %

[P]log_2 Load Factor:     11.858320 %

[P]log_3 Load Factor:     8.503340 %

[P]Get Hit Rate:         77.8645 %

[P]rx packet:       74902.981 / s

[P]Throughput:      4483616.569 ops

[P]Valid Entries:   2423832.163 / s

[P]mica evicted:    786.204 / s

[P]set success:     2443079.017 / s

[P]get found:       1683604.548 / s

----------------------------------

[INFO]Current Time:       19.85 s

[P]indexs Load Factor:    22.2238 %

[P]log_0 Load Factor:     13.223689 %

[P]log_1 Load Factor:     13.637977 %

[P]log_2 Load Factor:     13.557333 %

[P]log_3 Load Factor:     9.670846 %

[P]Get Hit Rate:         77.5006 %

[P]rx packet:       76880.183 / s

[P]Throughput:      4570000.933 ops

[P]Valid Entries:   2367087.900 / s

[P]mica evicted:    1915.783 / s

[P]set success:     2531743.424 / s

[P]get found:       1717214.260 / s

----------------------------------

[INFO]Current Time:       21.03 s

[P]indexs Load Factor:    25.0596 %

[P]log_0 Load Factor:     14.884587 %

[P]log_1 Load Factor:     15.352918 %

[P]log_2 Load Factor:     15.257914 %

[P]log_3 Load Factor:     10.826983 %

[P]Get Hit Rate:         77.0010 %

[P]rx packet:       78062.249 / s

[P]Throughput:      4589172.405 ops

[P]Valid Entries:   2401607.753 / s

[P]mica evicted:    3878.379 / s

[P]set success:     2446302.025 / s

[P]get found:       1693158.246 / s

----------------------------------

[INFO]Current Time:       22.22 s

[P]indexs Load Factor:    27.8999 %

[P]log_0 Load Factor:     16.548187 %

[P]log_1 Load Factor:     17.050305 %

[P]log_2 Load Factor:     16.959840 %

[P]log_3 Load Factor:     11.969462 %

[P]Get Hit Rate:         78.4192 %

[P]rx packet:       81817.076 / s

[P]Throughput:      4537980.435 ops

[P]Valid Entries:   2401416.186 / s

[P]mica evicted:    7306.377 / s

[P]set success:     2405500.501 / s

[P]get found:       1725606.715 / s

----------------------------------

[INFO]Current Time:       23.41 s

[P]indexs Load Factor:    30.7355 %

[P]log_0 Load Factor:     18.219143 %

[P]log_1 Load Factor:     18.739006 %

[P]log_2 Load Factor:     18.669333 %

[P]log_3 Load Factor:     13.110602 %

[P]Get Hit Rate:         80.8559 %

[P]rx packet:       86962.870 / s

[P]Throughput:      4513884.993 ops

[P]Valid Entries:   2439139.782 / s

[P]mica evicted:    12941.183 / s

[P]set success:     2504805.982 / s

[P]get found:       1725640.492 / s

----------------------------------

[INFO]Current Time:       24.61 s

[P]indexs Load Factor:    33.5743 %

[P]log_0 Load Factor:     19.874437 %

[P]log_1 Load Factor:     20.428974 %

[P]log_2 Load Factor:     20.367648 %

[P]log_3 Load Factor:     14.221303 %

[P]Get Hit Rate:         78.1008 %

[P]rx packet:       92204.906 / s

[P]Throughput:      4569958.577 ops

[P]Valid Entries:   2409090.493 / s

[P]mica evicted:    21111.397 / s

[P]set success:     2471761.574 / s

[P]get found:       1705945.510 / s

----------------------------------

[INFO]Current Time:       25.81 s

[P]indexs Load Factor:    36.3946 %

[P]log_0 Load Factor:     21.567324 %

[P]log_1 Load Factor:     22.135274 %

[P]log_2 Load Factor:     22.098556 %

[P]log_3 Load Factor:     15.325304 %

[P]Get Hit Rate:         78.1994 %

[P]rx packet:       95138.599 / s

[P]Throughput:      4605650.220 ops

[P]Valid Entries:   2375366.726 / s

[P]mica evicted:    32935.304 / s

[P]set success:     2408935.784 / s

[P]get found:       1733628.499 / s

----------------------------------

[INFO]Current Time:       27.02 s

[P]indexs Load Factor:    39.2203 %

[P]log_0 Load Factor:     23.234356 %

[P]log_1 Load Factor:     23.863235 %

[P]log_2 Load Factor:     23.808451 %

[P]log_3 Load Factor:     16.416932 %

[P]Get Hit Rate:         81.1680 %

[P]rx packet:       98080.404 / s

[P]Throughput:      4539265.486 ops

[P]Valid Entries:   2410033.470 / s

[P]mica evicted:    48392.050 / s

[P]set success:     2484461.487 / s

[P]get found:       1775985.420 / s

----------------------------------

[INFO]Current Time:       28.24 s

[P]indexs Load Factor:    42.0191 %

[P]log_0 Load Factor:     24.900941 %

[P]log_1 Load Factor:     25.536906 %

[P]log_2 Load Factor:     25.510512 %

[P]log_3 Load Factor:     17.482549 %

[P]Get Hit Rate:         81.1637 %

[P]rx packet:       101391.282 / s

[P]Throughput:      4571673.068 ops

[P]Valid Entries:   2393289.077 / s

[P]mica evicted:    68469.452 / s

[P]set success:     2478054.715 / s

[P]get found:       1776114.252 / s

----------------------------------

[INFO]Current Time:       29.46 s

[P]indexs Load Factor:    44.7982 %

[P]log_0 Load Factor:     26.550904 %

[P]log_1 Load Factor:     27.217418 %

[P]log_2 Load Factor:     27.193634 %

[P]log_3 Load Factor:     18.530145 %

[P]Get Hit Rate:         80.4838 %

[P]rx packet:       105539.434 / s

[P]Throughput:      4556376.254 ops

[P]Valid Entries:   2307996.881 / s

[P]mica evicted:    93912.097 / s

[P]set success:     2409442.367 / s

[P]get found:       1775748.426 / s

----------------------------------

[INFO]Current Time:       30.69 s

[P]indexs Load Factor:    47.5215 %

[P]log_0 Load Factor:     28.173225 %

[P]log_1 Load Factor:     28.825818 %

[P]log_2 Load Factor:     28.862655 %

[P]log_3 Load Factor:     19.558253 %

[P]Get Hit Rate:         79.3859 %

[P]rx packet:       109262.167 / s

[P]Throughput:      4559599.481 ops

[P]Valid Entries:   2327430.742 / s

[P]mica evicted:    123467.195 / s

[P]set success:     2403407.729 / s

[P]get found:       1739245.926 / s

----------------------------------

[INFO]Current Time:       31.92 s

[P]indexs Load Factor:    50.1550 %

[P]log_0 Load Factor:     29.734030 %

[P]log_1 Load Factor:     30.348327 %

[P]log_2 Load Factor:     30.484827 %

[P]log_3 Load Factor:     20.553432 %

[P]Get Hit Rate:         79.2888 %

[P]rx packet:       111559.429 / s

[P]Throughput:      4546619.310 ops

[P]Valid Entries:   2316468.399 / s

[P]mica evicted:    159948.437 / s

[P]set success:     2428482.314 / s

[P]get found:       1755054.907 / s

----------------------------------

[INFO]Current Time:       33.14 s

[P]indexs Load Factor:    52.7120 %

[P]log_0 Load Factor:     31.220559 %

[P]log_1 Load Factor:     31.875486 %

[P]log_2 Load Factor:     32.047944 %

[P]log_3 Load Factor:     21.508453 %

[P]Get Hit Rate:         82.2843 %

[P]rx packet:       109569.345 / s

[P]Throughput:      4384279.926 ops

[P]Valid Entries:   2159868.186 / s

[P]mica evicted:    194411.892 / s

[P]set success:     2383193.043 / s

[P]get found:       1721429.173 / s

----------------------------------

[INFO]Current Time:       34.37 s

[P]indexs Load Factor:    55.1595 %

[P]log_0 Load Factor:     32.658575 %

[P]log_1 Load Factor:     33.315105 %

[P]log_2 Load Factor:     33.551475 %

[P]log_3 Load Factor:     22.445973 %

[P]Get Hit Rate:         78.9682 %

[P]rx packet:       108151.627 / s

[P]Throughput:      4464850.528 ops

[P]Valid Entries:   2158052.028 / s

[P]mica evicted:    236153.435 / s

[P]set success:     2359283.032 / s

[P]get found:       1682234.208 / s

----------------------------------

[INFO]Current Time:       35.58 s

[P]indexs Load Factor:    57.4858 %

[P]log_0 Load Factor:     34.007220 %

[P]log_1 Load Factor:     34.637909 %

[P]log_2 Load Factor:     34.947822 %

[P]log_3 Load Factor:     23.355152 %

[P]Get Hit Rate:         79.7103 %

[P]rx packet:       106682.822 / s

[P]Throughput:      4344031.044 ops

[P]Valid Entries:   2095301.056 / s

[P]mica evicted:    280388.663 / s

[P]set success:     2303774.712 / s

[P]get found:       1685029.643 / s

----------------------------------

[INFO]Current Time:       36.80 s

[P]indexs Load Factor:    59.7105 %

[P]log_0 Load Factor:     35.304189 %

[P]log_1 Load Factor:     35.946475 %

[P]log_2 Load Factor:     36.291819 %

[P]log_3 Load Factor:     24.220193 %

[P]Get Hit Rate:         79.4319 %

[P]rx packet:       103423.840 / s

[P]Throughput:      4284454.698 ops

[P]Valid Entries:   1971009.481 / s

[P]mica evicted:    320422.586 / s

[P]set success:     2238089.664 / s

[P]get found:       1614279.085 / s

----------------------------------

[INFO]Current Time:       38.01 s

[P]indexs Load Factor:    61.8327 %

[P]log_0 Load Factor:     36.529869 %

[P]log_1 Load Factor:     37.143331 %

[P]log_2 Load Factor:     37.554601 %

[P]log_3 Load Factor:     25.080565 %

[P]Get Hit Rate:         79.2534 %

[P]rx packet:       101285.505 / s

[P]Throughput:      4183137.928 ops

[P]Valid Entries:   1892512.220 / s

[P]mica evicted:    363883.029 / s

[P]set success:     2223122.401 / s

[P]get found:       1603025.645 / s

----------------------------------

[INFO]Current Time:       39.22 s

[P]indexs Load Factor:    63.7822 %

[P]log_0 Load Factor:     37.653817 %

[P]log_1 Load Factor:     38.278703 %

[P]log_2 Load Factor:     38.720686 %

[P]log_3 Load Factor:     25.899338 %

[P]Get Hit Rate:         78.8964 %

[P]rx packet:       96742.632 / s

[P]Throughput:      4035066.901 ops

[P]Valid Entries:   1790224.405 / s

[P]mica evicted:    398211.690 / s

[P]set success:     2153184.166 / s

[P]get found:       1529192.700 / s

----------------------------------

[INFO]Current Time:       40.42 s

[P]indexs Load Factor:    65.7114 %

[P]log_0 Load Factor:     38.768243 %

[P]log_1 Load Factor:     39.416496 %

[P]log_2 Load Factor:     39.873939 %

[P]log_3 Load Factor:     26.686152 %

[P]Get Hit Rate:         78.5525 %

[P]rx packet:       96475.967 / s

[P]Throughput:      4042128.377 ops

[P]Valid Entries:   1745890.540 / s

[P]mica evicted:    448026.979 / s

[P]set success:     2152789.580 / s

[P]get found:       1524650.910 / s

----------------------------------

[INFO]Current Time:       41.61 s

[P]indexs Load Factor:    67.5637 %

[P]log_0 Load Factor:     39.805822 %

[P]log_1 Load Factor:     40.492797 %

[P]log_2 Load Factor:     40.942186 %

[P]log_3 Load Factor:     27.447950 %

[P]Get Hit Rate:         80.4096 %

[P]rx packet:       98666.533 / s

[P]Throughput:      4126729.061 ops

[P]Valid Entries:   1738798.685 / s

[P]mica evicted:    499921.466 / s

[P]set success:     2176396.527 / s

[P]get found:       1564948.575 / s

----------------------------------

[INFO]Current Time:       42.80 s

[P]indexs Load Factor:    69.2914 %

[P]log_0 Load Factor:     40.804898 %

[P]log_1 Load Factor:     41.508507 %

[P]log_2 Load Factor:     41.969815 %

[P]log_3 Load Factor:     28.177531 %

[P]Get Hit Rate:         78.0146 %

[P]rx packet:       93803.167 / s

[P]Throughput:      3954152.709 ops

[P]Valid Entries:   1589126.027 / s

[P]mica evicted:    534302.669 / s

[P]set success:     2071340.945 / s

[P]get found:       1481260.821 / s

----------------------------------

[INFO]Current Time:       43.98 s

[P]indexs Load Factor:    70.9802 %

[P]log_0 Load Factor:     41.762285 %

[P]log_1 Load Factor:     42.500079 %

[P]log_2 Load Factor:     42.959483 %

[P]log_3 Load Factor:     28.885607 %

[P]Get Hit Rate:         77.7273 %

[P]rx packet:       95889.854 / s

[P]Throughput:      4050494.593 ops

[P]Valid Entries:   1597902.313 / s

[P]mica evicted:    605921.737 / s

[P]set success:     2144922.264 / s

[P]get found:       1511891.732 / s

----------------------------------

[INFO]Current Time:       45.16 s

[P]indexs Load Factor:    72.5676 %

[P]log_0 Load Factor:     42.666893 %

[P]log_1 Load Factor:     43.397270 %

[P]log_2 Load Factor:     43.892590 %

[P]log_3 Load Factor:     29.559372 %

[P]Get Hit Rate:         79.2327 %

[P]rx packet:       93172.337 / s

[P]Throughput:      3946911.890 ops

[P]Valid Entries:   1523192.908 / s

[P]mica evicted:    650520.500 / s

[P]set success:     2033696.196 / s

[P]get found:       1482516.176 / s

----------------------------------

[INFO]Current Time:       46.32 s

[P]indexs Load Factor:    74.0597 %

[P]log_0 Load Factor:     43.526471 %

[P]log_1 Load Factor:     44.241933 %

[P]log_2 Load Factor:     44.783317 %

[P]log_3 Load Factor:     30.202506 %

[P]Get Hit Rate:         75.8594 %

[P]rx packet:       91315.224 / s

[P]Throughput:      3879094.724 ops

[P]Valid Entries:   1431419.135 / s

[P]mica evicted:    666975.636 / s

[P]set success:     2050989.659 / s

[P]get found:       1429382.240 / s

----------------------------------

[INFO]Current Time:       47.49 s

[P]indexs Load Factor:    75.4972 %

[P]log_0 Load Factor:     44.341519 %

[P]log_1 Load Factor:     45.067912 %

[P]log_2 Load Factor:     45.630440 %

[P]log_3 Load Factor:     30.817760 %

[P]Get Hit Rate:         78.1824 %

[P]rx packet:       92686.269 / s

[P]Throughput:      3875479.445 ops

[P]Valid Entries:   1386558.565 / s

[P]mica evicted:    745491.446 / s

[P]set success:     2028210.695 / s

[P]get found:       1446154.762 / s

----------------------------------

[INFO]Current Time:       48.64 s

[P]indexs Load Factor:    76.8757 %

[P]log_0 Load Factor:     45.114204 %

[P]log_1 Load Factor:     45.892363 %

[P]log_2 Load Factor:     46.430973 %

[P]log_3 Load Factor:     31.406872 %

[P]Get Hit Rate:         74.0024 %

[P]rx packet:       92726.590 / s

[P]Throughput:      3952617.758 ops

[P]Valid Entries:   1354278.833 / s

[P]mica evicted:    799636.451 / s

[P]set success:     2078785.675 / s

[P]get found:       1422508.615 / s

----------------------------------

[INFO]Current Time:       49.79 s

[P]indexs Load Factor:    78.1534 %

[P]log_0 Load Factor:     45.835800 %

[P]log_1 Load Factor:     46.596952 %

[P]log_2 Load Factor:     47.173284 %

[P]log_3 Load Factor:     31.955503 %

[P]Get Hit Rate:         76.3481 %

[P]rx packet:       90318.354 / s

[P]Throughput:      3808825.396 ops

[P]Valid Entries:   1258415.038 / s

[P]mica evicted:    829797.046 / s

[P]set success:     2028793.170 / s

[P]get found:       1394805.661 / s

----------------------------------

[INFO]Current Time:       50.92 s

[P]indexs Load Factor:    79.3415 %

[P]log_0 Load Factor:     46.524558 %

[P]log_1 Load Factor:     47.259297 %

[P]log_2 Load Factor:     47.886167 %

[P]log_3 Load Factor:     32.478318 %

[P]Get Hit Rate:         73.2517 %

[P]rx packet:       87380.179 / s

[P]Throughput:      3743098.534 ops

[P]Valid Entries:   1187251.149 / s

[P]mica evicted:    840514.148 / s

[P]set success:     1939221.866 / s

[P]get found:       1315452.415 / s

----------------------------------

[INFO]Current Time:       52.06 s

[P]indexs Load Factor:    80.5059 %

[P]log_0 Load Factor:     47.177585 %

[P]log_1 Load Factor:     47.921618 %

[P]log_2 Load Factor:     48.569666 %

[P]log_3 Load Factor:     32.987665 %

[P]Get Hit Rate:         74.8974 %

[P]rx packet:       89230.612 / s

[P]Throughput:      3827822.894 ops

[P]Valid Entries:   1167154.594 / s

[P]mica evicted:    905025.105 / s

[P]set success:     2003808.111 / s

[P]get found:       1358104.397 / s

----------------------------------

[INFO]Current Time:       53.18 s

[P]indexs Load Factor:    81.5976 %

[P]log_0 Load Factor:     47.791444 %

[P]log_1 Load Factor:     48.547616 %

[P]log_2 Load Factor:     49.201928 %

[P]log_3 Load Factor:     33.466375 %

[P]Get Hit Rate:         73.1615 %

[P]rx packet:       87847.752 / s

[P]Throughput:      3776109.020 ops

[P]Valid Entries:   1106136.118 / s

[P]mica evicted:    938724.495 / s

[P]set success:     1976979.229 / s

[P]get found:       1325678.095 / s

----------------------------------

[INFO]Current Time:       54.30 s

[P]indexs Load Factor:    82.6577 %

[P]log_0 Load Factor:     48.384929 %

[P]log_1 Load Factor:     49.173279 %

[P]log_2 Load Factor:     49.808245 %

[P]log_3 Load Factor:     33.930052 %

[P]Get Hit Rate:         70.5279 %

[P]rx packet:       90122.014 / s

[P]Throughput:      3896004.861 ops

[P]Valid Entries:   1087391.263 / s

[P]mica evicted:    1019744.259 / s

[P]set success:     2022052.709 / s

[P]get found:       1328452.970 / s

----------------------------------

[INFO]Current Time:       55.41 s

[P]indexs Load Factor:    83.6395 %

[P]log_0 Load Factor:     48.945036 %

[P]log_1 Load Factor:     49.727287 %

[P]log_2 Load Factor:     50.386537 %

[P]log_3 Load Factor:     34.365466 %

[P]Get Hit Rate:         73.5494 %

[P]rx packet:       88065.446 / s

[P]Throughput:      3717487.374 ops

[P]Valid Entries:   1020877.177 / s

[P]mica evicted:    1042750.482 / s

[P]set success:     1929583.377 / s

[P]get found:       1320695.573 / s

----------------------------------

[INFO]Current Time:       56.52 s

[P]indexs Load Factor:    84.5751 %

[P]log_0 Load Factor:     49.468623 %

[P]log_1 Load Factor:     50.254088 %

[P]log_2 Load Factor:     50.925156 %

[P]log_3 Load Factor:     34.776749 %

[P]Get Hit Rate:         70.9462 %

[P]rx packet:       87793.547 / s

[P]Throughput:      3760336.113 ops

[P]Valid Entries:   975324.095 / s

[P]mica evicted:    1041190.931 / s

[P]set success:     1924726.840 / s

[P]get found:       1305845.917 / s

----------------------------------

[INFO]Current Time:       57.62 s

[P]indexs Load Factor:    85.4594 %

[P]log_0 Load Factor:     49.970668 %

[P]log_1 Load Factor:     50.773948 %

[P]log_2 Load Factor:     51.445786 %

[P]log_3 Load Factor:     35.166742 %

[P]Get Hit Rate:         70.0496 %

[P]rx packet:       85942.531 / s

[P]Throughput:      3733514.986 ops

[P]Valid Entries:   913858.307 / s

[P]mica evicted:    1102975.556 / s

[P]set success:     1934354.879 / s

[P]get found:       1245510.570 / s

----------------------------------

[INFO]Current Time:       58.71 s

[P]indexs Load Factor:    86.2967 %

[P]log_0 Load Factor:     50.435193 %

[P]log_1 Load Factor:     51.263759 %

[P]log_2 Load Factor:     51.923597 %

[P]log_3 Load Factor:     35.540827 %

[P]Get Hit Rate:         68.7926 %

[P]rx packet:       86817.776 / s

[P]Throughput:      3751114.380 ops

[P]Valid Entries:   885042.429 / s

[P]mica evicted:    1119810.137 / s

[P]set success:     1925763.061 / s

[P]get found:       1238879.635 / s

----------------------------------

[INFO]Current Time:       59.80 s

[P]indexs Load Factor:    87.1050 %

[P]log_0 Load Factor:     50.886402 %

[P]log_1 Load Factor:     51.738275 %

[P]log_2 Load Factor:     52.389482 %

[P]log_3 Load Factor:     35.901258 %

[P]Get Hit Rate:         68.3633 %

[P]rx packet:       87764.304 / s

[P]Throughput:      3845786.460 ops

[P]Valid Entries:   853898.399 / s

[P]mica evicted:    1203881.737 / s

[P]set success:     1972327.883 / s

[P]get found:       1262700.893 / s

----------------------------------

[INFO]Current Time:       60.88 s

[P]indexs Load Factor:    87.8759 %

[P]log_0 Load Factor:     51.315071 %

[P]log_1 Load Factor:     52.186487 %

[P]log_2 Load Factor:     52.831294 %

[P]log_3 Load Factor:     36.239013 %

[P]Get Hit Rate:         68.7183 %

[P]rx packet:       88411.359 / s

[P]Throughput:      3876673.904 ops

[P]Valid Entries:   821836.526 / s

[P]mica evicted:    1252340.045 / s

[P]set success:     1961930.120 / s

[P]get found:       1278459.568 / s

----------------------------------

[INFO]Current Time:       61.96 s

[P]indexs Load Factor:    88.6146 %

[P]log_0 Load Factor:     51.721774 %

[P]log_1 Load Factor:     52.636316 %

[P]log_2 Load Factor:     53.248772 %

[P]log_3 Load Factor:     36.559064 %

[P]Get Hit Rate:         69.1936 %

[P]rx packet:       89519.849 / s

[P]Throughput:      3877716.715 ops

[P]Valid Entries:   791929.463 / s

[P]mica evicted:    1288473.368 / s

[P]set success:     1984358.515 / s

[P]get found:       1289019.243 / s

----------------------------------

[INFO]Current Time:       63.02 s

[P]indexs Load Factor:    89.3005 %

[P]log_0 Load Factor:     52.101810 %

[P]log_1 Load Factor:     53.038081 %

[P]log_2 Load Factor:     53.641273 %

[P]log_3 Load Factor:     36.863681 %

[P]Get Hit Rate:         68.6202 %

[P]rx packet:       89050.185 / s

[P]Throughput:      3858853.829 ops

[P]Valid Entries:   749604.769 / s

[P]mica evicted:    1284555.474 / s

[P]set success:     1998812.944 / s

[P]get found:       1271580.393 / s

----------------------------------

[INFO]Current Time:       64.09 s

[P]indexs Load Factor:    89.9401 %

[P]log_0 Load Factor:     52.473854 %

[P]log_1 Load Factor:     53.382214 %

[P]log_2 Load Factor:     54.022824 %

[P]log_3 Load Factor:     37.149360 %

[P]Get Hit Rate:         67.8262 %

[P]rx packet:       86560.125 / s

[P]Throughput:      3777208.332 ops

[P]Valid Entries:   696060.097 / s

[P]mica evicted:    1334055.565 / s

[P]set success:     1919802.081 / s

[P]get found:       1218628.589 / s

----------------------------------

[INFO]Current Time:       65.15 s

[P]indexs Load Factor:    90.5465 %

[P]log_0 Load Factor:     52.827440 %

[P]log_1 Load Factor:     53.707024 %

[P]log_2 Load Factor:     54.383313 %

[P]log_3 Load Factor:     37.420338 %

[P]Get Hit Rate:         67.3776 %

[P]rx packet:       87332.076 / s

[P]Throughput:      3814686.769 ops

[P]Valid Entries:   668033.565 / s

[P]mica evicted:    1379080.028 / s

[P]set success:     1963672.989 / s

[P]get found:       1222914.290 / s

----------------------------------

[INFO]Current Time:       66.20 s

[P]indexs Load Factor:    91.1287 %

[P]log_0 Load Factor:     53.154334 %

[P]log_1 Load Factor:     54.027200 %

[P]log_2 Load Factor:     54.718010 %

[P]log_3 Load Factor:     37.681665 %

[P]Get Hit Rate:         66.8894 %

[P]rx packet:       88810.863 / s

[P]Throughput:      3799999.599 ops

[P]Valid Entries:   644912.347 / s

[P]mica evicted:    1415383.505 / s

[P]set success:     1940732.619 / s

[P]get found:       1236556.399 / s

----------------------------------

[INFO]Current Time:       67.25 s

[P]indexs Load Factor:    91.6788 %

[P]log_0 Load Factor:     53.472364 %

[P]log_1 Load Factor:     54.358302 %

[P]log_2 Load Factor:     55.042796 %

[P]log_3 Load Factor:     37.920970 %

[P]Get Hit Rate:         65.3420 %

[P]rx packet:       87564.395 / s

[P]Throughput:      3848994.801 ops

[P]Valid Entries:   604409.803 / s

[P]mica evicted:    1443732.261 / s

[P]set success:     1938374.793 / s

[P]get found:       1205176.492 / s

----------------------------------

[INFO]Current Time:       68.29 s

[P]indexs Load Factor:    92.2060 %

[P]log_0 Load Factor:     53.772768 %

[P]log_1 Load Factor:     54.652289 %

[P]log_2 Load Factor:     55.350577 %

[P]log_3 Load Factor:     38.148900 %

[P]Get Hit Rate:         65.9030 %

[P]rx packet:       91545.960 / s

[P]Throughput:      4002705.239 ops

[P]Valid Entries:   598557.262 / s

[P]mica evicted:    1519388.596 / s

[P]set success:     2051346.382 / s

[P]get found:       1257276.753 / s

----------------------------------

[INFO]Current Time:       69.33 s

[P]indexs Load Factor:    92.6942 %

[P]log_0 Load Factor:     54.057194 %

[P]log_1 Load Factor:     54.916883 %

[P]log_2 Load Factor:     55.641413 %

[P]log_3 Load Factor:     38.368108 %

[P]Get Hit Rate:         66.1635 %

[P]rx packet:       87991.207 / s

[P]Throughput:      3799055.783 ops

[P]Valid Entries:   545245.391 / s

[P]mica evicted:    1489927.591 / s

[P]set success:     1975336.382 / s

[P]get found:       1177542.636 / s

----------------------------------

[INFO]Current Time:       70.36 s

[P]indexs Load Factor:    93.1632 %

[P]log_0 Load Factor:     54.325404 %

[P]log_1 Load Factor:     55.176895 %

[P]log_2 Load Factor:     55.916043 %

[P]log_3 Load Factor:     38.570844 %

[P]Get Hit Rate:         63.9258 %

[P]rx packet:       90233.792 / s

[P]Throughput:      3926089.648 ops

[P]Valid Entries:   531365.590 / s

[P]mica evicted:    1553918.103 / s

[P]set success:     2023486.595 / s

[P]get found:       1186577.078 / s

----------------------------------

[INFO]Current Time:       71.40 s

[P]indexs Load Factor:    93.6133 %

[P]log_0 Load Factor:     54.579910 %

[P]log_1 Load Factor:     55.440478 %

[P]log_2 Load Factor:     56.086186 %

[P]log_3 Load Factor:     38.767016 %

[P]Get Hit Rate:         62.7020 %

[P]rx packet:       91350.424 / s

[P]Throughput:      3970570.117 ops

[P]Valid Entries:   506399.552 / s

[P]mica evicted:    1578542.497 / s

[P]set success:     2045507.791 / s

[P]get found:       1194238.575 / s

----------------------------------

[INFO]Current Time:       72.42 s

[P]indexs Load Factor:    94.0290 %

[P]log_0 Load Factor:     54.817112 %

[P]log_1 Load Factor:     55.676851 %

[P]log_2 Load Factor:     56.086181 %

[P]log_3 Load Factor:     38.954074 %

[P]Get Hit Rate:         62.5926 %

[P]rx packet:       91094.376 / s

[P]Throughput:      3963282.845 ops

[P]Valid Entries:   477786.031 / s

[P]mica evicted:    1620206.497 / s

[P]set success:     2011640.542 / s

[P]get found:       1190743.782 / s

----------------------------------

[INFO]Current Time:       73.45 s

[P]indexs Load Factor:    94.4218 %

[P]log_0 Load Factor:     54.934006 %

[P]log_1 Load Factor:     55.735219 %

[P]log_2 Load Factor:     56.086177 %

[P]log_3 Load Factor:     39.126782 %

[P]Get Hit Rate:         62.5980 %

[P]rx packet:       89647.102 / s

[P]Throughput:      3903314.675 ops

[P]Valid Entries:   444514.315 / s

[P]mica evicted:    1597060.995 / s

[P]set success:     1983293.801 / s

[P]get found:       1154414.085 / s

----------------------------------

[INFO]Current Time:       74.47 s

[P]indexs Load Factor:    94.7859 %

[P]log_0 Load Factor:     54.933988 %

[P]log_1 Load Factor:     55.735208 %

[P]log_2 Load Factor:     56.086164 %

[P]log_3 Load Factor:     39.288422 %

[P]Get Hit Rate:         60.4179 %

[P]rx packet:       89995.200 / s

[P]Throughput:      3916041.289 ops

[P]Valid Entries:   419270.682 / s

[P]mica evicted:    1650774.809 / s

[P]set success:     2016339.374 / s

[P]get found:       1150624.338 / s

----------------------------------

[INFO]Current Time:       75.49 s

[P]indexs Load Factor:    95.1387 %

[P]log_0 Load Factor:     54.933961 %

[P]log_1 Load Factor:     55.735193 %

[P]log_2 Load Factor:     56.086145 %

[P]log_3 Load Factor:     39.446946 %

[P]Get Hit Rate:         59.5345 %

[P]rx packet:       92372.867 / s

[P]Throughput:      4051107.176 ops

[P]Valid Entries:   406585.757 / s

[P]mica evicted:    1714877.842 / s

[P]set success:     2067679.730 / s

[P]get found:       1164058.800 / s

----------------------------------

[INFO]Current Time:       76.50 s

[P]indexs Load Factor:    95.4622 %

[P]log_0 Load Factor:     54.933915 %

[P]log_1 Load Factor:     55.735160 %

[P]log_2 Load Factor:     56.086125 %

[P]log_3 Load Factor:     39.591396 %

[P]Get Hit Rate:         59.3719 %

[P]rx packet:       90735.744 / s

[P]Throughput:      3894053.988 ops

[P]Valid Entries:   376431.733 / s

[P]mica evicted:    1727748.454 / s

[P]set success:     1942034.242 / s

[P]get found:       1108558.499 / s

----------------------------------

[INFO]Current Time:       77.51 s

[P]indexs Load Factor:    95.7732 %

[P]log_0 Load Factor:     54.933894 %

[P]log_1 Load Factor:     55.735130 %

[P]log_2 Load Factor:     56.086103 %

[P]log_3 Load Factor:     39.730946 %

[P]Get Hit Rate:         58.9998 %

[P]rx packet:       92613.737 / s

[P]Throughput:      3972522.648 ops

[P]Valid Entries:   361146.358 / s

[P]mica evicted:    1706730.797 / s

[P]set success:     2038542.792 / s

[P]get found:       1140819.239 / s

----------------------------------

[INFO]Current Time:       78.52 s

[P]indexs Load Factor:    96.0710 %

[P]log_0 Load Factor:     54.933853 %

[P]log_1 Load Factor:     55.735102 %

[P]log_2 Load Factor:     56.086067 %

[P]log_3 Load Factor:     39.858181 %

[P]Get Hit Rate:         56.7484 %

[P]rx packet:       94199.460 / s

[P]Throughput:      4131246.046 ops

[P]Valid Entries:   345739.683 / s

[P]mica evicted:    1704776.460 / s

[P]set success:     2102816.212 / s

[P]get found:       1115356.101 / s

----------------------------------

[INFO]Current Time:       79.52 s

[P]indexs Load Factor:    96.3548 %

[P]log_0 Load Factor:     54.933814 %

[P]log_1 Load Factor:     55.735061 %

[P]log_2 Load Factor:     56.086043 %

[P]log_3 Load Factor:     39.979598 %

[P]Get Hit Rate:         57.2139 %

[P]rx packet:       96129.765 / s

[P]Throughput:      4185326.867 ops

[P]Valid Entries:   330791.418 / s

[P]mica evicted:    1841735.508 / s

[P]set success:     2083341.943 / s

[P]get found:       1165296.127 / s

----------------------------------

[INFO]Current Time:       80.53 s

[P]indexs Load Factor:    96.6122 %

[P]log_0 Load Factor:     54.933779 %

[P]log_1 Load Factor:     55.735014 %

[P]log_2 Load Factor:     56.086019 %

[P]log_3 Load Factor:     40.092390 %

[P]Get Hit Rate:         55.5667 %

[P]rx packet:       95266.387 / s

[P]Throughput:      4204356.997 ops

[P]Valid Entries:   306279.700 / s

[P]mica evicted:    1835133.077 / s

[P]set success:     2118834.377 / s

[P]get found:       1120371.200 / s

----------------------------------

[INFO]Current Time:       81.53 s

[P]indexs Load Factor:    96.8645 %

[P]log_0 Load Factor:     54.933745 %

[P]log_1 Load Factor:     55.734964 %

[P]log_2 Load Factor:     56.085987 %

[P]log_3 Load Factor:     40.200371 %

[P]Get Hit Rate:         55.5730 %

[P]rx packet:       98033.884 / s

[P]Throughput:      4238471.608 ops

[P]Valid Entries:   295522.577 / s

[P]mica evicted:    1933457.257 / s

[P]set success:     2149781.711 / s

[P]get found:       1138904.959 / s

----------------------------------

[INFO]Current Time:       82.53 s

[P]indexs Load Factor:    97.0935 %

[P]log_0 Load Factor:     54.933729 %

[P]log_1 Load Factor:     55.734919 %

[P]log_2 Load Factor:     56.085952 %

[P]log_3 Load Factor:     40.300397 %

[P]Get Hit Rate:         54.5925 %

[P]rx packet:       96033.525 / s

[P]Throughput:      4244094.889 ops

[P]Valid Entries:   270230.933 / s

[P]mica evicted:    1913161.792 / s

[P]set success:     2139594.152 / s

[P]get found:       1109794.163 / s

----------------------------------

[INFO]Current Time:       83.52 s

[P]indexs Load Factor:    97.3107 %

[P]log_0 Load Factor:     54.933697 %

[P]log_1 Load Factor:     55.734880 %

[P]log_2 Load Factor:     56.085918 %

[P]log_3 Load Factor:     40.396621 %

[P]Get Hit Rate:         55.0320 %

[P]rx packet:       98921.436 / s

[P]Throughput:      4299165.336 ops

[P]Valid Entries:   259415.048 / s

[P]mica evicted:    1929504.535 / s

[P]set success:     2199012.298 / s

[P]get found:       1131241.437 / s

----------------------------------

[INFO]Current Time:       84.51 s

[P]indexs Load Factor:    97.5130 %

[P]log_0 Load Factor:     54.933675 %

[P]log_1 Load Factor:     55.734830 %

[P]log_2 Load Factor:     56.085903 %

[P]log_3 Load Factor:     40.482961 %

[P]Get Hit Rate:         53.8193 %

[P]rx packet:       98019.080 / s

[P]Throughput:      4235991.506 ops

[P]Valid Entries:   241325.060 / s

[P]mica evicted:    1979681.747 / s

[P]set success:     2177556.477 / s

[P]get found:       1099962.827 / s

----------------------------------

[INFO]Current Time:       85.50 s

[P]indexs Load Factor:    97.7051 %

[P]log_0 Load Factor:     54.933636 %

[P]log_1 Load Factor:     55.734780 %

[P]log_2 Load Factor:     56.085864 %

[P]log_3 Load Factor:     40.564723 %

[P]Get Hit Rate:         51.1894 %

[P]rx packet:       99985.135 / s

[P]Throughput:      4417478.531 ops

[P]Valid Entries:   228295.751 / s

[P]mica evicted:    1973294.640 / s

[P]set success:     2194383.873 / s

[P]get found:       1083268.368 / s

----------------------------------

[INFO]Current Time:       86.49 s

[P]indexs Load Factor:    97.8467 %

[P]log_0 Load Factor:     54.933615 %

[P]log_1 Load Factor:     55.734778 %

[P]log_2 Load Factor:     56.085825 %

[P]log_3 Load Factor:     40.649964 %

[P]Get Hit Rate:         51.2238 %

[P]rx packet:       56526.748 / s

[P]Throughput:      3867552.613 ops

[P]Valid Entries:   184091.347 / s

[P]mica evicted:    1772365.150 / s

[P]set success:     1898533.826 / s

[P]get found:       948192.580 / s

----------------------------------
[INFO]End rx_queue_1:2064865

[INFO]Current Time:       87.47 s

[P]indexs Load Factor:    97.9352 %

[P]log_0 Load Factor:     54.933613 %

[P]log_1 Load Factor:     55.734778 %

[P]log_2 Load Factor:     56.085823 %

[P]log_3 Load Factor:     40.734584 %

[P]Get Hit Rate:         46.8711 %

[P]rx packet:       43362.520 / s

[P]Throughput:      3189920.109 ops

[P]Valid Entries:   112436.241 / s

[P]mica evicted:    1181178.664 / s

[P]set success:     1302394.982 / s

[P]get found:       887834.141 / s

----------------------------------

[INFO]Current Time:       88.46 s

[P]indexs Load Factor:    97.9663 %

[P]log_0 Load Factor:     54.933609 %

[P]log_1 Load Factor:     55.734778 %

[P]log_2 Load Factor:     56.085821 %

[P]log_3 Load Factor:     40.766487 %

[P]Get Hit Rate:         46.7534 %

[P]rx packet:       54291.267 / s

[P]Throughput:      2912761.825 ops

[P]Valid Entries:   58023.868 / s

[P]mica evicted:    634303.514 / s

[P]set success:     698585.276 / s

[P]get found:       1032514.952 / s

----------------------------------

[INFO]Current Time:       89.44 s

[P]indexs Load Factor:    97.9663 %

[P]log_0 Load Factor:     54.933609 %

[P]log_1 Load Factor:     55.734778 %

[P]log_2 Load Factor:     56.085821 %

[P]log_3 Load Factor:     40.766487 %

[P]Get Hit Rate:         47.0948 %

[P]rx packet:       40926.129 / s

[P]Throughput:      2593845.921 ops

[P]get found:       1221567.075 / s

----------------------------------
[INFO]End rx_queue_3:1543409

[INFO]Current Time:       90.43 s

[P]indexs Load Factor:    97.9663 %

[P]log_0 Load Factor:     54.933609 %

[P]log_1 Load Factor:     55.734778 %

[P]log_2 Load Factor:     56.085816 %

[P]log_3 Load Factor:     40.766487 %

[P]Get Hit Rate:         48.6046 %

[P]rx packet:       12975.749 / s

[P]Throughput:      1537020.631 ops

[P]get found:       747062.363 / s

----------------------------------
[INFO]End rx_queue_0:2067305

[INFO]Current Time:       91.41 s

[P]indexs Load Factor:    97.9663 %

[P]log_0 Load Factor:     54.933609 %

[P]log_1 Load Factor:     55.734778 %

[P]log_2 Load Factor:     56.085816 %

[P]log_3 Load Factor:     40.766487 %

[P]Get Hit Rate:         47.2986 %

[P]rx packet:       9561.707 / s

[P]Throughput:      1063365.959 ops

[P]get found:       502957.346 / s

----------------------------------

[INFO]Current Time:       92.39 s
[INFO]End rx_queue_2:2051681
Finish the job......

[P]indexs Load Factor:    97.9663 %

[P]log_0 Load Factor:     54.933609 %

[P]log_1 Load Factor:     55.734778 %

[P]log_2 Load Factor:     56.085816 %

[P]log_3 Load Factor:     40.766487 %

[P]Get Hit Rate:         47.3649 %

[P]rx packet:       415.922 / s

[P]Throughput:      27602.777 ops

[P]get found:       13074.034 / s

----------------------------------

Total Index Entries:     103525888

indexs Load Factor:     97.966308 %

log_0 Load Factor:      54.933609 %

log_1 Load Factor:      55.734778 %

log_2 Load Factor:      56.085816 %

log_3 Load Factor:      40.766487 %

Get Hit Rate:           69.889078%

Max Throughput:         4605650.22

Calc Load Factor:       97.966308%

valid count:              29492257

set request:              49156011
set_success:              49156011 | set_fail:                        0 | set_mica_evicted:         18493021
set_random:                      0 | set_cuckoo_evicted:              0 | set_expire_evicted:              0

get request:              46974659
get_found:                32016429 | get_notfound:             14958230 | get_hit_ratio:          68.156810%

clean up:               18446744073709550697 | test_notfound:                   0
move_to_head_performed:    5166572 | move_to_head_skipped:     26849857 | move_to_head_failed:             0


valid count:              29922381

set request:              48356963
set_success:              48356963 | set_fail:                        0 | set_mica_evicted:         17345294
set_random:                      0 | set_cuckoo_evicted:              0 | set_expire_evicted:              0

get request:              48309094
get_found:                36818168 | get_notfound:             11490926 | get_hit_ratio:          76.213741%

clean up:               18446744073709551117 | test_notfound:                   0
move_to_head_performed:    4543031 | move_to_head_skipped:     32275137 | move_to_head_failed:             0


valid count:              30110843

set request:              49793581
set_success:              49793581 | set_fail:                        0 | set_mica_evicted:         18300829
set_random:                      0 | set_cuckoo_evicted:              0 | set_expire_evicted:              0

get request:              44693648
get_found:                29355053 | get_notfound:             15338595 | get_hit_ratio:          65.680593%

clean up:               18446744073709551416 | test_notfound:                   0
move_to_head_performed:    5320768 | move_to_head_skipped:     24034284 | move_to_head_failed:             1


valid count:              21886341

set request:              36271074
set_success:              36271074 | set_fail:                        0 | set_mica_evicted:         14383712
set_random:                      0 | set_cuckoo_evicted:              0 | set_expire_evicted:              0

get request:              35865086
get_found:                21618083 | get_notfound:             14247003 | get_hit_ratio:          60.276122%

clean up:               18446744073709550595 | test_notfound:                   0
move_to_head_performed:    2685934 | move_to_head_skipped:     18932149 | move_to_head_failed:             0


[INFO] Everything works fine.
deleting piekv......
