EAL: Probing VFIO support...
EAL: VFIO support initialized
EAL: PCI device 0000:03:00.0 on NUMA socket 0
EAL:   probe driver: 15b3:1017 net_mlx5
WEN: There are 1 device(s) available
starting port 0...
querying port 0...
port 0: 100 Gbps (full-duplex)
Adding UDP filter for each endpoint.
port_id/queue_id/udp_port = 0 0 0
Flow is created with src_port = 0, dst_port = 0
port_id/queue_id/udp_port = 0 1 1
Flow is created with src_port = 0, dst_port = 1
port_id/queue_id/udp_port = 0 2 2
Flow is created with src_port = 0, dst_port = 2
port_id/queue_id/udp_port = 0 3 3
Flow is created with src_port = 0, dst_port = 3
MEM: Initializing pages...
 == [STAT] Workers Start (4 threads in total) == 

[INFO]Current Time:       9.60 s

[P]indexs Load Factor:    0.2555 %

[P]log_0 Load Factor:     0.427809 %

[P]log_1 Load Factor:     0.438400 %

[P]log_2 Load Factor:     0.464812 %

[P]log_3 Load Factor:     0.461953 %

[P]Get Hit Rate:         45.2723 %

[P]rx packet:       1641.322 / s

[P]Throughput:      89096.286 ops

[P]Valid Entries:   46476.904 / s

[P]set success:     46573.551 / s

[P]get found:       19299.280 / s

----------------------------------

[INFO]Current Time:       12.19 s

[P]indexs Load Factor:    2.5313 %

[P]log_0 Load Factor:     1.741616 %

[P]log_1 Load Factor:     1.868099 %

[P]log_2 Load Factor:     1.882823 %

[P]log_3 Load Factor:     1.247184 %

[P]Get Hit Rate:         58.4894 %

[P]rx packet:       31782.678 / s

[P]Throughput:      1761537.353 ops

[P]Valid Entries:   942974.879 / s

[P]set success:     940135.010 / s

[P]get found:       481897.782 / s

----------------------------------

[INFO]Current Time:       13.17 s

[P]indexs Load Factor:    4.8225 %

[P]log_0 Load Factor:     3.100386 %

[P]log_1 Load Factor:     3.343208 %

[P]log_2 Load Factor:     3.340891 %

[P]log_3 Load Factor:     2.053469 %

[P]Get Hit Rate:         61.5017 %

[P]rx packet:       80461.189 / s

[P]Throughput:      4667234.558 ops

[P]Valid Entries:   2550084.826 / s

[P]set success:     2507454.892 / s

[P]get found:       1347015.951 / s

----------------------------------

[INFO]Current Time:       14.19 s

[P]indexs Load Factor:    7.2063 %

[P]log_0 Load Factor:     4.510475 %

[P]log_1 Load Factor:     4.873794 %

[P]log_2 Load Factor:     4.855687 %

[P]log_3 Load Factor:     2.880443 %

[P]Get Hit Rate:         60.2698 %

[P]rx packet:       79573.052 / s

[P]Throughput:      4777377.056 ops

[P]Valid Entries:   2552702.394 / s

[P]set success:     2585156.448 / s

[P]get found:       1361594.509 / s

----------------------------------

[INFO]Current Time:       15.23 s

[P]indexs Load Factor:    9.6114 %

[P]log_0 Load Factor:     5.934417 %

[P]log_1 Load Factor:     6.416285 %

[P]log_2 Load Factor:     6.387683 %

[P]log_3 Load Factor:     3.717029 %

[P]Get Hit Rate:         61.3783 %

[P]rx packet:       79010.391 / s

[P]Throughput:      4751009.005 ops

[P]Valid Entries:   2540662.003 / s

[P]set success:     2538884.977 / s

[P]get found:       1378071.403 / s

----------------------------------

[INFO]Current Time:       16.30 s

[P]indexs Load Factor:    12.0730 %

[P]log_0 Load Factor:     7.380558 %

[P]log_1 Load Factor:     7.983360 %

[P]log_2 Load Factor:     7.947944 %

[P]log_3 Load Factor:     4.582478 %

[P]Get Hit Rate:         63.7692 %

[P]rx packet:       81756.982 / s

[P]Throughput:      4680179.869 ops

[P]Valid Entries:   2554603.705 / s

[P]set success:     2588531.140 / s

[P]get found:       1401078.431 / s

----------------------------------

[INFO]Current Time:       17.38 s

[P]indexs Load Factor:    14.5568 %

[P]log_0 Load Factor:     8.841023 %

[P]log_1 Load Factor:     9.569969 %

[P]log_2 Load Factor:     9.521488 %

[P]log_3 Load Factor:     5.428948 %

[P]Get Hit Rate:         63.8974 %

[P]rx packet:       80617.618 / s

[P]Throughput:      4731187.431 ops

[P]Valid Entries:   2550828.548 / s

[P]set success:     2550449.383 / s

[P]get found:       1437633.116 / s

----------------------------------

[INFO]Current Time:       18.46 s

[P]indexs Load Factor:    17.0715 %

[P]log_0 Load Factor:     10.314206 %

[P]log_1 Load Factor:     11.170989 %

[P]log_2 Load Factor:     11.106214 %

[P]log_3 Load Factor:     6.292088 %

[P]Get Hit Rate:         64.5782 %

[P]rx packet:       80536.576 / s

[P]Throughput:      4762048.345 ops

[P]Valid Entries:   2553672.983 / s

[P]set success:     2555684.584 / s

[P]get found:       1452619.304 / s

----------------------------------

[INFO]Current Time:       19.57 s

[P]indexs Load Factor:    19.6114 %

[P]log_0 Load Factor:     11.805184 %

[P]log_1 Load Factor:     12.793114 %

[P]log_2 Load Factor:     12.718065 %

[P]log_3 Load Factor:     7.157808 %

[P]Get Hit Rate:         65.1224 %

[P]rx packet:       81026.754 / s

[P]Throughput:      4793373.843 ops

[P]Valid Entries:   2554879.827 / s

[P]set success:     2589528.469 / s

[P]get found:       1464977.847 / s

----------------------------------

[INFO]Current Time:       20.67 s

[P]indexs Load Factor:    22.1566 %

[P]log_0 Load Factor:     13.277091 %

[P]log_1 Load Factor:     14.388878 %

[P]log_2 Load Factor:     14.305776 %

[P]log_3 Load Factor:     8.031281 %

[P]Get Hit Rate:         64.9123 %

[P]rx packet:       82451.888 / s

[P]Throughput:      4720205.011 ops

[P]Valid Entries:   2519792.382 / s

[P]set success:     2555716.566 / s

[P]get found:       1457192.199 / s

----------------------------------

[INFO]Current Time:       21.79 s

[P]indexs Load Factor:    24.7091 %

[P]log_0 Load Factor:     14.786707 %

[P]log_1 Load Factor:     16.029110 %

[P]log_2 Load Factor:     15.927382 %

[P]log_3 Load Factor:     8.908410 %

[P]Get Hit Rate:         66.3224 %

[P]rx packet:       82408.660 / s

[P]Throughput:      4670611.051 ops

[P]Valid Entries:   2526281.387 / s

[P]set success:     2498251.121 / s

[P]get found:       1454193.463 / s

----------------------------------

[INFO]Current Time:       22.92 s

[P]indexs Load Factor:    27.2900 %

[P]log_0 Load Factor:     16.294159 %

[P]log_1 Load Factor:     17.666094 %

[P]log_2 Load Factor:     17.556749 %

[P]log_3 Load Factor:     9.800361 %

[P]Get Hit Rate:         65.9594 %

[P]rx packet:       81445.068 / s

[P]Throughput:      4705906.605 ops

[P]Valid Entries:   2544714.200 / s

[P]set success:     2548037.127 / s

[P]get found:       1475706.871 / s

----------------------------------

[INFO]Current Time:       24.04 s

[P]indexs Load Factor:    29.9005 %

[P]log_0 Load Factor:     17.810302 %

[P]log_1 Load Factor:     19.322019 %

[P]log_2 Load Factor:     19.194383 %

[P]log_3 Load Factor:     10.675842 %

[P]Get Hit Rate:         67.9545 %

[P]rx packet:       85310.513 / s

[P]Throughput:      4714775.858 ops

[P]Valid Entries:   2565678.359 / s

[P]set success:     2533813.803 / s

[P]get found:       1493504.522 / s

----------------------------------

[INFO]Current Time:       25.18 s

[P]indexs Load Factor:    32.5040 %

[P]log_0 Load Factor:     19.331232 %

[P]log_1 Load Factor:     20.979574 %

[P]log_2 Load Factor:     20.837301 %

[P]log_3 Load Factor:     11.571759 %

[P]Get Hit Rate:         66.7147 %

[P]rx packet:       82092.407 / s

[P]Throughput:      4700457.329 ops

[P]Valid Entries:   2543001.154 / s

[P]set success:     2579555.914 / s

[P]get found:       1491786.844 / s

----------------------------------

[INFO]Current Time:       26.32 s

[P]indexs Load Factor:    35.1238 %

[P]log_0 Load Factor:     20.851335 %

[P]log_1 Load Factor:     22.639692 %

[P]log_2 Load Factor:     22.485401 %

[P]log_3 Load Factor:     12.446452 %

[P]Get Hit Rate:         67.1012 %

[P]rx packet:       82978.500 / s

[P]Throughput:      4753154.199 ops

[P]Valid Entries:   2556521.809 / s

[P]set success:     2530104.042 / s

[P]get found:       1507430.029 / s

----------------------------------

[INFO]Current Time:       27.46 s

[P]indexs Load Factor:    37.7465 %

[P]log_0 Load Factor:     22.383582 %

[P]log_1 Load Factor:     24.309242 %

[P]log_2 Load Factor:     24.140351 %

[P]log_3 Load Factor:     13.316514 %

[P]Get Hit Rate:         70.0133 %

[P]rx packet:       83141.576 / s

[P]Throughput:      4640397.448 ops

[P]Valid Entries:   2542968.627 / s

[P]set success:     2517808.108 / s

[P]get found:       1524895.175 / s

----------------------------------

[INFO]Current Time:       28.61 s

[P]indexs Load Factor:    40.3731 %

[P]log_0 Load Factor:     23.917783 %

[P]log_1 Load Factor:     25.979143 %

[P]log_2 Load Factor:     25.794819 %

[P]log_3 Load Factor:     14.190657 %

[P]Get Hit Rate:         68.5990 %

[P]rx packet:       84527.074 / s

[P]Throughput:      4701855.301 ops

[P]Valid Entries:   2546829.550 / s

[P]set success:     2583199.497 / s

[P]get found:       1534430.597 / s

----------------------------------

[INFO]Current Time:       29.76 s

[P]indexs Load Factor:    43.0029 %

[P]log_0 Load Factor:     25.445722 %

[P]log_1 Load Factor:     27.641820 %

[P]log_2 Load Factor:     27.444676 %

[P]log_3 Load Factor:     15.069513 %

[P]Get Hit Rate:         67.8499 %

[P]rx packet:       85610.948 / s

[P]Throughput:      4701786.019 ops

[P]Valid Entries:   2529989.342 / s

[P]set success:     2565260.099 / s

[P]get found:       1488894.339 / s

----------------------------------

[INFO]Current Time:       30.90 s

[P]indexs Load Factor:    45.6183 %

[P]log_0 Load Factor:     26.972704 %

[P]log_1 Load Factor:     29.282374 %

[P]log_2 Load Factor:     29.092191 %

[P]log_3 Load Factor:     15.936386 %

[P]Get Hit Rate:         69.1719 %

[P]rx packet:       88168.568 / s

[P]Throughput:      4719200.370 ops

[P]Valid Entries:   2572346.079 / s

[P]set success:     2514019.408 / s

[P]get found:       1543792.253 / s

----------------------------------

[INFO]Current Time:       32.05 s

[P]indexs Load Factor:    48.2368 %

[P]log_0 Load Factor:     28.501404 %

[P]log_1 Load Factor:     30.952165 %

[P]log_2 Load Factor:     30.744908 %

[P]log_3 Load Factor:     16.785622 %

[P]Get Hit Rate:         69.4144 %

[P]rx packet:       89296.327 / s

[P]Throughput:      4760998.686 ops

[P]Valid Entries:   2551260.321 / s

[P]set success:     2498950.069 / s

[P]get found:       1551593.401 / s

----------------------------------

[INFO]Current Time:       33.19 s

[P]indexs Load Factor:    50.8445 %

[P]log_0 Load Factor:     30.027881 %

[P]log_1 Load Factor:     32.599233 %

[P]log_2 Load Factor:     32.394065 %

[P]log_3 Load Factor:     17.610531 %

[P]Get Hit Rate:         68.8099 %

[P]rx packet:       89187.498 / s

[P]Throughput:      4657326.956 ops

[P]Valid Entries:   2550782.418 / s

[P]set success:     2552888.533 / s

[P]get found:       1520567.029 / s

----------------------------------

[INFO]Current Time:       34.33 s

[P]indexs Load Factor:    53.3995 %

[P]log_0 Load Factor:     31.508425 %

[P]log_1 Load Factor:     34.165427 %

[P]log_2 Load Factor:     33.995729 %

[P]log_3 Load Factor:     18.415136 %

[P]Get Hit Rate:         68.9842 %

[P]rx packet:       89346.319 / s

[P]Throughput:      4652884.425 ops

[P]Valid Entries:   2522688.672 / s

[P]set success:     2522232.273 / s

[P]get found:       1528014.534 / s

----------------------------------

[INFO]Current Time:       35.47 s

[P]indexs Load Factor:    55.8267 %

[P]log_0 Load Factor:     32.944836 %

[P]log_1 Load Factor:     35.634279 %

[P]log_2 Load Factor:     35.526738 %

[P]log_3 Load Factor:     19.193102 %

[P]Get Hit Rate:         69.8882 %

[P]rx packet:       87872.966 / s

[P]Throughput:      4463163.085 ops

[P]Valid Entries:   2390373.927 / s

[P]set success:     2416907.629 / s

[P]get found:       1466566.750 / s

----------------------------------

[INFO]Current Time:       36.60 s

[P]indexs Load Factor:    58.2100 %

[P]log_0 Load Factor:     34.395562 %

[P]log_1 Load Factor:     37.110440 %

[P]log_2 Load Factor:     37.075415 %

[P]log_3 Load Factor:     19.950669 %

[P]Get Hit Rate:         71.1078 %

[P]rx packet:       88044.820 / s

[P]Throughput:      4320294.734 ops

[P]Valid Entries:   2374439.121 / s

[P]set success:     2336965.922 / s

[P]get found:       1465562.793 / s

----------------------------------

[INFO]Current Time:       37.73 s

[P]indexs Load Factor:    60.5510 %

[P]log_0 Load Factor:     35.801865 %

[P]log_1 Load Factor:     38.523730 %

[P]log_2 Load Factor:     38.567491 %

[P]log_3 Load Factor:     20.651031 %

[P]Get Hit Rate:         68.5689 %

[P]rx packet:       87446.424 / s

[P]Throughput:      4385072.032 ops

[P]Valid Entries:   2362087.515 / s

[P]set success:     2383498.101 / s

[P]get found:       1423204.551 / s

----------------------------------

[INFO]Current Time:       38.86 s

[P]indexs Load Factor:    62.7360 %

[P]log_0 Load Factor:     37.106078 %

[P]log_1 Load Factor:     39.831525 %

[P]log_2 Load Factor:     39.960505 %

[P]log_3 Load Factor:     21.318372 %

[P]Get Hit Rate:         70.4378 %

[P]rx packet:       82865.155 / s

[P]Throughput:      4199377.068 ops

[P]Valid Entries:   2243527.403 / s

[P]set success:     2231125.186 / s

[P]get found:       1391069.677 / s

----------------------------------

[INFO]Current Time:       39.97 s

[P]indexs Load Factor:    64.8154 %

[P]log_0 Load Factor:     38.363149 %

[P]log_1 Load Factor:     41.087095 %

[P]log_2 Load Factor:     41.292261 %

[P]log_3 Load Factor:     21.948865 %

[P]Get Hit Rate:         71.4389 %

[P]rx packet:       77671.220 / s

[P]Throughput:      3925869.567 ops

[P]Valid Entries:   2106771.933 / s

[P]set success:     2119433.386 / s

[P]get found:       1310480.977 / s

----------------------------------

[INFO]Current Time:       41.09 s

[P]indexs Load Factor:    66.7664 %

[P]log_0 Load Factor:     39.541082 %

[P]log_1 Load Factor:     42.256923 %

[P]log_2 Load Factor:     42.532681 %

[P]log_3 Load Factor:     22.534423 %

[P]Get Hit Rate:         69.7110 %

[P]rx packet:       74111.756 / s

[P]Throughput:      3758767.598 ops

[P]Valid Entries:   2013900.312 / s

[P]set success:     1997108.001 / s

[P]get found:       1242203.581 / s

----------------------------------

[INFO]Current Time:       42.20 s

[P]indexs Load Factor:    68.5823 %

[P]log_0 Load Factor:     40.640417 %

[P]log_1 Load Factor:     43.349728 %

[P]log_2 Load Factor:     43.691117 %

[P]log_3 Load Factor:     23.088407 %

[P]Get Hit Rate:         70.6115 %

[P]rx packet:       69463.309 / s

[P]Throughput:      3560667.023 ops

[P]Valid Entries:   1893494.351 / s

[P]set success:     1899927.108 / s

[P]get found:       1183649.914 / s

----------------------------------

[INFO]Current Time:       43.31 s

[P]indexs Load Factor:    70.2902 %

[P]log_0 Load Factor:     41.675068 %

[P]log_1 Load Factor:     44.377573 %

[P]log_2 Load Factor:     44.772640 %

[P]log_3 Load Factor:     23.603221 %

[P]Get Hit Rate:         70.6739 %

[P]rx packet:       64600.669 / s

[P]Throughput:      3340287.599 ops

[P]Valid Entries:   1783362.269 / s

[P]set success:     1787850.386 / s

[P]get found:       1120084.056 / s

----------------------------------

[INFO]Current Time:       44.41 s

[P]indexs Load Factor:    71.8583 %

[P]log_0 Load Factor:     42.613463 %

[P]log_1 Load Factor:     45.320379 %

[P]log_2 Load Factor:     45.762816 %

[P]log_3 Load Factor:     24.091499 %

[P]Get Hit Rate:         71.7026 %

[P]rx packet:       60466.786 / s

[P]Throughput:      3099195.405 ops

[P]Valid Entries:   1650651.038 / s

[P]set success:     1631914.812 / s

[P]get found:       1040500.447 / s

----------------------------------

[INFO]Current Time:       45.51 s

[P]indexs Load Factor:    73.3223 %

[P]log_0 Load Factor:     43.482240 %

[P]log_1 Load Factor:     46.214504 %

[P]log_2 Load Factor:     46.700845 %

[P]log_3 Load Factor:     24.540963 %

[P]Get Hit Rate:         70.7765 %

[P]rx packet:       56836.243 / s

[P]Throughput:      2939670.691 ops

[P]Valid Entries:   1553417.520 / s

[P]set success:     1554913.211 / s

[P]get found:       981046.570 / s

----------------------------------

[INFO]Current Time:       46.61 s

[P]indexs Load Factor:    74.6887 %

[P]log_0 Load Factor:     44.313677 %

[P]log_1 Load Factor:     47.041779 %

[P]log_2 Load Factor:     47.565520 %

[P]log_3 Load Factor:     24.955578 %

[P]Get Hit Rate:         70.9526 %

[P]rx packet:       53393.089 / s

[P]Throughput:      2750650.212 ops

[P]Valid Entries:   1458892.791 / s

[P]set success:     1459351.787 / s

[P]get found:       913987.081 / s

----------------------------------

[INFO]Current Time:       47.70 s

[P]indexs Load Factor:    75.9489 %

[P]log_0 Load Factor:     45.078563 %

[P]log_1 Load Factor:     47.804648 %

[P]log_2 Load Factor:     48.357962 %

[P]log_3 Load Factor:     25.344273 %

[P]Get Hit Rate:         70.8189 %

[P]rx packet:       49601.576 / s

[P]Throughput:      2577520.561 ops

[P]Valid Entries:   1353082.904 / s

[P]set success:     1352872.604 / s

[P]get found:       862193.340 / s

----------------------------------

[INFO]Current Time:       48.78 s

[P]indexs Load Factor:    77.1338 %

[P]log_0 Load Factor:     45.802915 %

[P]log_1 Load Factor:     48.523895 %

[P]log_2 Load Factor:     49.103161 %

[P]log_3 Load Factor:     25.709521 %

[P]Get Hit Rate:         71.8920 %

[P]rx packet:       46937.725 / s

[P]Throughput:      2428248.200 ops

[P]Valid Entries:   1279813.644 / s

[P]set success:     1279270.980 / s

[P]get found:       817923.330 / s

----------------------------------

[INFO]Current Time:       49.87 s

[P]indexs Load Factor:    78.2290 %

[P]log_0 Load Factor:     46.473190 %

[P]log_1 Load Factor:     49.188703 %

[P]log_2 Load Factor:     49.789974 %

[P]log_3 Load Factor:     26.042629 %

[P]Get Hit Rate:         70.1021 %

[P]rx packet:       44143.266 / s

[P]Throughput:      2286066.575 ops

[P]Valid Entries:   1200675.961 / s

[P]set success:     1199830.747 / s

[P]get found:       761639.459 / s

----------------------------------

[INFO]Current Time:       50.95 s

[P]indexs Load Factor:    79.2640 %

[P]log_0 Load Factor:     47.107799 %

[P]log_1 Load Factor:     49.816577 %

[P]log_2 Load Factor:     50.437663 %

[P]log_3 Load Factor:     26.362825 %

[P]Get Hit Rate:         70.9055 %

[P]rx packet:       40803.210 / s

[P]Throughput:      2132110.818 ops

[P]Valid Entries:   1106940.772 / s

[P]set success:     1105769.401 / s

[P]get found:       714279.564 / s

----------------------------------

[INFO]Current Time:       52.03 s

[P]indexs Load Factor:    80.2016 %

[P]log_0 Load Factor:     47.662893 %

[P]log_1 Load Factor:     50.366929 %

[P]log_2 Load Factor:     51.009325 %

[P]log_3 Load Factor:     26.654210 %

[P]Get Hit Rate:         71.1477 %

[P]rx packet:       38800.423 / s

[P]Throughput:      2029751.997 ops

[P]Valid Entries:   1048861.638 / s

[P]set success:     1047716.300 / s

[P]get found:       682097.216 / s

----------------------------------

[INFO]Current Time:       53.10 s

[P]indexs Load Factor:    81.0605 %

[P]log_0 Load Factor:     48.203424 %

[P]log_1 Load Factor:     50.902814 %

[P]log_2 Load Factor:     51.564531 %

[P]log_3 Load Factor:     26.929989 %

[P]Get Hit Rate:         71.9586 %

[P]rx packet:       34108.826 / s

[P]Throughput:      1775246.929 ops

[P]Valid Entries:   918923.087 / s

[P]set success:     918161.680 / s

[P]get found:       598883.372 / s

----------------------------------

[INFO]Current Time:       54.17 s

[P]indexs Load Factor:    81.9019 %

[P]log_0 Load Factor:     48.720444 %

[P]log_1 Load Factor:     51.415417 %

[P]log_2 Load Factor:     52.097112 %

[P]log_3 Load Factor:     27.186975 %

[P]Get Hit Rate:         71.1277 %

[P]rx packet:       34471.965 / s

[P]Throughput:      1808027.498 ops

[P]Valid Entries:   923812.241 / s

[P]set success:     922752.859 / s

[P]get found:       607421.255 / s

----------------------------------

[INFO]Current Time:       55.24 s

[P]indexs Load Factor:    82.6939 %

[P]log_0 Load Factor:     49.206240 %

[P]log_1 Load Factor:     51.900046 %

[P]log_2 Load Factor:     52.595066 %

[P]log_3 Load Factor:     27.428918 %

[P]Get Hit Rate:         71.3553 %

[P]rx packet:       32942.692 / s

[P]Throughput:      1727115.779 ops

[P]Valid Entries:   864459.017 / s

[P]set success:     874597.176 / s

[P]get found:       582397.524 / s

----------------------------------

[INFO]Current Time:       56.31 s

[P]indexs Load Factor:    83.4359 %

[P]log_0 Load Factor:     49.664177 %

[P]log_1 Load Factor:     52.353425 %

[P]log_2 Load Factor:     53.059202 %

[P]log_3 Load Factor:     27.657269 %

[P]Get Hit Rate:         71.0885 %

[P]rx packet:       31029.744 / s

[P]Throughput:      1631036.093 ops

[P]Valid Entries:   820279.912 / s

[P]set success:     819312.812 / s

[P]get found:       548091.463 / s

----------------------------------

[INFO]Current Time:       57.37 s

[P]indexs Load Factor:    84.2311 %

[P]log_0 Load Factor:     50.147334 %

[P]log_1 Load Factor:     52.751364 %

[P]log_2 Load Factor:     53.453624 %

[P]log_3 Load Factor:     28.518246 %

[P]Get Hit Rate:         70.7836 %

[P]rx packet:       35665.051 / s

[P]Throughput:      1860711.803 ops

[P]Valid Entries:   943986.580 / s

[P]set success:     942435.680 / s

[P]get found:       622851.310 / s

----------------------------------

[INFO]Current Time:       58.42 s

[P]indexs Load Factor:    85.0324 %

[P]log_0 Load Factor:     50.614387 %

[P]log_1 Load Factor:     53.136578 %

[P]log_2 Load Factor:     53.832358 %

[P]log_3 Load Factor:     29.430674 %

[P]Get Hit Rate:         68.3755 %

[P]rx packet:       41009.874 / s

[P]Throughput:      2138887.779 ops

[P]Valid Entries:   1089418.575 / s

[P]set success:     1077150.018 / s

[P]get found:       702229.338 / s

----------------------------------

[INFO]Current Time:       59.48 s

[P]indexs Load Factor:    85.7980 %

[P]log_0 Load Factor:     51.063109 %

[P]log_1 Load Factor:     53.512150 %

[P]log_2 Load Factor:     54.200977 %

[P]log_3 Load Factor:     30.330997 %

[P]Get Hit Rate:         68.7593 %

[P]rx packet:       39874.861 / s

[P]Throughput:      2091317.255 ops

[P]Valid Entries:   1053668.847 / s

[P]set success:     1042174.647 / s

[P]get found:       687071.027 / s

----------------------------------

[INFO]Current Time:       60.53 s

[P]indexs Load Factor:    86.5124 %

[P]log_0 Load Factor:     51.455755 %

[P]log_1 Load Factor:     53.850612 %

[P]log_2 Load Factor:     54.528687 %

[P]log_3 Load Factor:     31.209929 %

[P]Get Hit Rate:         68.5347 %

[P]rx packet:       39023.385 / s

[P]Throughput:      2049553.709 ops

[P]Valid Entries:   1024608.421 / s

[P]set success:     1022418.780 / s

[P]get found:       671953.420 / s

----------------------------------

[INFO]Current Time:       61.58 s

[P]indexs Load Factor:    87.1741 %

[P]log_0 Load Factor:     51.831311 %

[P]log_1 Load Factor:     54.165384 %

[P]log_2 Load Factor:     54.835103 %

[P]log_3 Load Factor:     32.082463 %

[P]Get Hit Rate:         68.0002 %

[P]rx packet:       36883.489 / s

[P]Throughput:      1938731.839 ops

[P]Valid Entries:   963682.324 / s

[P]set success:     952987.944 / s

[P]get found:       631692.744 / s

----------------------------------

[INFO]Current Time:       62.63 s

[P]indexs Load Factor:    87.8129 %

[P]log_0 Load Factor:     52.195165 %

[P]log_1 Load Factor:     54.471420 %

[P]log_2 Load Factor:     55.133529 %

[P]log_3 Load Factor:     32.958202 %

[P]Get Hit Rate:         67.1125 %

[P]rx packet:       35795.072 / s

[P]Throughput:      1883422.919 ops

[P]Valid Entries:   928996.370 / s

[P]set success:     926888.870 / s

[P]get found:       605507.559 / s

----------------------------------

[INFO]Current Time:       63.67 s

[P]indexs Load Factor:    88.4227 %

[P]log_0 Load Factor:     52.538604 %

[P]log_1 Load Factor:     54.760803 %

[P]log_2 Load Factor:     55.415673 %

[P]log_3 Load Factor:     33.800779 %

[P]Get Hit Rate:         68.1290 %

[P]rx packet:       35488.241 / s

[P]Throughput:      1852519.828 ops

[P]Valid Entries:   915985.493 / s

[P]set success:     914044.938 / s

[P]get found:       604413.764 / s

----------------------------------

[INFO]Current Time:       64.72 s

[P]indexs Load Factor:    88.9931 %

[P]log_0 Load Factor:     52.853875 %

[P]log_1 Load Factor:     55.026403 %

[P]log_2 Load Factor:     55.671198 %

[P]log_3 Load Factor:     34.627957 %

[P]Get Hit Rate:         68.0824 %

[P]rx packet:       34027.133 / s

[P]Throughput:      1785488.588 ops

[P]Valid Entries:   871387.583 / s

[P]set success:     869581.980 / s

[P]get found:       579214.804 / s

----------------------------------

[INFO]Current Time:       65.75 s

[P]indexs Load Factor:    89.5258 %

[P]log_0 Load Factor:     53.152721 %

[P]log_1 Load Factor:     55.277692 %

[P]log_2 Load Factor:     55.914707 %

[P]log_3 Load Factor:     35.451522 %

[P]Get Hit Rate:         67.2560 %

[P]rx packet:       32922.463 / s

[P]Throughput:      1735745.076 ops

[P]Valid Entries:   837410.382 / s

[P]set success:     835662.739 / s

[P]get found:       559597.911 / s

----------------------------------

[INFO]Current Time:       66.79 s

[P]indexs Load Factor:    90.0125 %

[P]log_0 Load Factor:     53.409955 %

[P]log_1 Load Factor:     55.503393 %

[P]log_2 Load Factor:     56.131393 %

[P]log_3 Load Factor:     36.254654 %

[P]Get Hit Rate:         67.5688 %

[P]rx packet:       31081.755 / s

[P]Throughput:      1634565.867 ops

[P]Valid Entries:   784878.827 / s

[P]set success:     783571.398 / s

[P]get found:       527955.636 / s

----------------------------------

[INFO]Current Time:       67.83 s

[P]indexs Load Factor:    90.4902 %

[P]log_0 Load Factor:     53.674083 %

[P]log_1 Load Factor:     55.729019 %

[P]log_2 Load Factor:     56.347646 %

[P]log_3 Load Factor:     37.024431 %

[P]Get Hit Rate:         66.4202 %

[P]rx packet:       31026.195 / s

[P]Throughput:      1638591.675 ops

[P]Valid Entries:   775007.045 / s

[P]set success:     773519.263 / s

[P]get found:       522221.180 / s

----------------------------------

[INFO]Current Time:       68.86 s

[P]indexs Load Factor:    90.9379 %

[P]log_0 Load Factor:     53.922467 %

[P]log_1 Load Factor:     55.938827 %

[P]log_2 Load Factor:     56.549858 %

[P]log_3 Load Factor:     37.764847 %

[P]Get Hit Rate:         66.8433 %

[P]rx packet:       29977.646 / s

[P]Throughput:      1583589.151 ops

[P]Valid Entries:   741125.246 / s

[P]set success:     739876.501 / s

[P]get found:       507851.735 / s

----------------------------------

[INFO]Current Time:       69.88 s

[P]indexs Load Factor:    91.3444 %

[P]log_0 Load Factor:     54.144092 %

[P]log_1 Load Factor:     56.128601 %

[P]log_2 Load Factor:     56.730883 %

[P]log_3 Load Factor:     38.468637 %

[P]Get Hit Rate:         67.3153 %

[P]rx packet:       28304.546 / s

[P]Throughput:      1490822.608 ops

[P]Valid Entries:   694262.656 / s

[P]set success:     693067.073 / s

[P]get found:       479882.395 / s

----------------------------------

[INFO]Current Time:       70.91 s

[P]indexs Load Factor:    91.7395 %

[P]log_0 Load Factor:     54.363398 %

[P]log_1 Load Factor:     56.315381 %

[P]log_2 Load Factor:     56.910139 %

[P]log_3 Load Factor:     39.161906 %

[P]Get Hit Rate:         66.6948 %

[P]rx packet:       27761.727 / s

[P]Throughput:      1468526.932 ops

[P]Valid Entries:   667483.007 / s

[P]set success:     671211.467 / s

[P]get found:       470128.002 / s

----------------------------------

[INFO]Current Time:       71.94 s

[P]indexs Load Factor:    92.1034 %

[P]log_0 Load Factor:     54.565871 %

[P]log_1 Load Factor:     56.488514 %

[P]log_2 Load Factor:     57.075329 %

[P]log_3 Load Factor:     39.801586 %

[P]Get Hit Rate:         66.5575 %

[P]rx packet:       26501.835 / s

[P]Throughput:      1394854.839 ops

[P]Valid Entries:   640051.259 / s

[P]set success:     639103.512 / s

[P]get found:       450692.883 / s

----------------------------------

[INFO]Current Time:       72.96 s

[P]indexs Load Factor:    92.4475 %

[P]log_0 Load Factor:     54.760715 %

[P]log_1 Load Factor:     56.655021 %

[P]log_2 Load Factor:     57.233332 %

[P]log_3 Load Factor:     40.419346 %

[P]Get Hit Rate:         66.5893 %

[P]rx packet:       25261.636 / s

[P]Throughput:      1337411.131 ops

[P]Valid Entries:   596652.757 / s

[P]set success:     591361.653 / s

[P]get found:       427591.324 / s

----------------------------------

[INFO]Current Time:       73.97 s

[P]indexs Load Factor:    92.7709 %

[P]log_0 Load Factor:     54.942247 %

[P]log_1 Load Factor:     56.810612 %

[P]log_2 Load Factor:     57.381494 %

[P]log_3 Load Factor:     41.015605 %

[P]Get Hit Rate:         66.3405 %

[P]rx packet:       24767.350 / s

[P]Throughput:      1311767.967 ops

[P]Valid Entries:   579619.365 / s

[P]set success:     578793.590 / s

[P]get found:       417339.289 / s

----------------------------------

[INFO]Current Time:       74.99 s

[P]indexs Load Factor:    93.0672 %

[P]log_0 Load Factor:     55.103974 %

[P]log_1 Load Factor:     56.954015 %

[P]log_2 Load Factor:     57.516834 %

[P]log_3 Load Factor:     41.571796 %

[P]Get Hit Rate:         66.4996 %

[P]rx packet:       23661.641 / s

[P]Throughput:      1247580.672 ops

[P]Valid Entries:   544619.644 / s

[P]set success:     543912.153 / s

[P]get found:       399381.581 / s

----------------------------------

[INFO]Current Time:       76.01 s

[P]indexs Load Factor:    93.3484 %

[P]log_0 Load Factor:     55.265095 %

[P]log_1 Load Factor:     57.094118 %

[P]log_2 Load Factor:     57.648698 %

[P]log_3 Load Factor:     42.102084 %

[P]Get Hit Rate:         66.3824 %

[P]rx packet:       22345.842 / s

[P]Throughput:      1184572.321 ops

[P]Valid Entries:   509058.607 / s

[P]set success:     508436.688 / s

[P]get found:       376805.097 / s

----------------------------------

[INFO]Current Time:       77.02 s

[P]indexs Load Factor:    93.6174 %

[P]log_0 Load Factor:     55.422289 %

[P]log_1 Load Factor:     57.227803 %

[P]log_2 Load Factor:     57.774000 %

[P]log_3 Load Factor:     42.607337 %

[P]Get Hit Rate:         66.9449 %

[P]rx packet:       22154.980 / s

[P]Throughput:      1159214.752 ops

[P]Valid Entries:   494752.795 / s

[P]set success:     494153.932 / s

[P]get found:       374021.175 / s

----------------------------------

[INFO]Current Time:       78.04 s

[P]indexs Load Factor:    93.8694 %

[P]log_0 Load Factor:     55.570101 %

[P]log_1 Load Factor:     57.354869 %

[P]log_2 Load Factor:     57.891756 %

[P]log_3 Load Factor:     43.074045 %

[P]Get Hit Rate:         66.8348 %

[P]rx packet:       21247.125 / s

[P]Throughput:      1117478.322 ops

[P]Valid Entries:   466082.194 / s

[P]set success:     465548.847 / s

[P]get found:       358389.475 / s

----------------------------------

[INFO]Current Time:       79.05 s

[P]indexs Load Factor:    94.1065 %

[P]log_0 Load Factor:     55.710377 %

[P]log_1 Load Factor:     57.473511 %

[P]log_2 Load Factor:     58.004802 %

[P]log_3 Load Factor:     43.531574 %

[P]Get Hit Rate:         66.1015 %

[P]rx packet:       20639.362 / s

[P]Throughput:      1089448.786 ops

[P]Valid Entries:   445755.469 / s

[P]set success:     445231.678 / s

[P]get found:       346854.738 / s

----------------------------------

[INFO]Current Time:       80.06 s

[P]indexs Load Factor:    94.3270 %

[P]log_0 Load Factor:     55.841548 %

[P]log_1 Load Factor:     57.585020 %

[P]log_2 Load Factor:     58.109410 %

[P]log_3 Load Factor:     43.951293 %

[P]Get Hit Rate:         65.6947 %

[P]rx packet:       19793.624 / s

[P]Throughput:      1050719.137 ops

[P]Valid Entries:   419722.094 / s

[P]set success:     419274.400 / s

[P]get found:       331232.194 / s

----------------------------------

[INFO]Current Time:       81.07 s

[P]indexs Load Factor:    94.5378 %

[P]log_0 Load Factor:     55.969981 %

[P]log_1 Load Factor:     57.692965 %

[P]log_2 Load Factor:     58.211345 %

[P]log_3 Load Factor:     44.361219 %

[P]Get Hit Rate:         65.7521 %

[P]rx packet:       19008.142 / s

[P]Throughput:      1008420.209 ops

[P]Valid Entries:   394114.506 / s

[P]set success:     396593.656 / s

[P]get found:       317665.441 / s

----------------------------------

[INFO]Current Time:       82.07 s

[P]indexs Load Factor:    94.7352 %

[P]log_0 Load Factor:     56.091161 %

[P]log_1 Load Factor:     57.794832 %

[P]log_2 Load Factor:     58.307203 %

[P]log_3 Load Factor:     44.740239 %

[P]Get Hit Rate:         65.5894 %

[P]rx packet:       18558.420 / s

[P]Throughput:      980027.100 ops

[P]Valid Entries:   380068.986 / s

[P]set success:     379691.356 / s

[P]get found:       309503.578 / s

----------------------------------

[INFO]Current Time:       83.08 s

[P]indexs Load Factor:    94.9227 %

[P]log_0 Load Factor:     56.205601 %

[P]log_1 Load Factor:     57.891963 %

[P]log_2 Load Factor:     58.398359 %

[P]log_3 Load Factor:     45.104051 %

[P]Get Hit Rate:         65.4549 %

[P]rx packet:       17882.838 / s

[P]Throughput:      958369.358 ops

[P]Valid Entries:   363317.138 / s

[P]set success:     362938.786 / s

[P]get found:       300421.346 / s

----------------------------------

[INFO]Current Time:       84.09 s

[P]indexs Load Factor:    95.1010 %

[P]log_0 Load Factor:     56.317287 %

[P]log_1 Load Factor:     57.984976 %

[P]log_2 Load Factor:     58.485413 %

[P]log_3 Load Factor:     45.457829 %

[P]Get Hit Rate:         65.6954 %

[P]rx packet:       17641.051 / s

[P]Throughput:      936012.871 ops

[P]Valid Entries:   349181.429 / s

[P]set success:     348819.459 / s

[P]get found:       294616.486 / s

----------------------------------

[INFO]Current Time:       85.09 s

[P]indexs Load Factor:    95.2312 %

[P]log_0 Load Factor:     56.423347 %

[P]log_1 Load Factor:     57.996999 %

[P]log_2 Load Factor:     58.545465 %

[P]log_3 Load Factor:     45.779439 %

[P]Get Hit Rate:         70.2804 %

[P]rx packet:       31045.700 / s

[P]Throughput:      1845848.852 ops

[P]Valid Entries:   307501.545 / s

[P]set success:     307158.350 / s

[P]get found:       995932.405 / s

----------------------------------

[INFO]Current Time:       86.10 s
[INFO]End rx_queue_1:1195167

[P]indexs Load Factor:    95.3170 %

[P]log_0 Load Factor:     56.530794 %

[P]log_1 Load Factor:     57.996999 %

[P]log_2 Load Factor:     58.545465 %

[P]log_3 Load Factor:     46.086837 %

[P]Get Hit Rate:         62.3263 %

[P]rx packet:       16377.219 / s

[P]Throughput:      2655203.528 ops

[P]Valid Entries:   224703.046 / s

[P]set success:     224672.208 / s

[P]get found:       1477524.993 / s

----------------------------------

[INFO]Current Time:       87.10 s

[P]indexs Load Factor:    95.4036 %

[P]log_0 Load Factor:     56.636624 %

[P]log_1 Load Factor:     57.996999 %

[P]log_2 Load Factor:     58.545465 %

[P]log_3 Load Factor:     46.405450 %

[P]Get Hit Rate:         60.0933 %

[P]rx packet:       33852.274 / s

[P]Throughput:      2516583.402 ops

[P]Valid Entries:   227492.327 / s

[P]set success:     227353.083 / s

[P]get found:       1341740.315 / s

----------------------------------

[INFO]Current Time:       88.10 s

[P]indexs Load Factor:    95.4854 %

[P]log_0 Load Factor:     56.747826 %

[P]log_1 Load Factor:     57.996999 %

[P]log_2 Load Factor:     58.545465 %

[P]log_3 Load Factor:     46.667974 %

[P]Get Hit Rate:         59.1036 %

[P]rx packet:       40040.365 / s

[P]Throughput:      2523890.225 ops

[P]Valid Entries:   226456.624 / s

[P]set success:     227262.377 / s

[P]get found:       1323940.765 / s

----------------------------------

[INFO]Current Time:       89.09 s

[P]indexs Load Factor:    95.5139 %

[P]log_0 Load Factor:     56.820070 %

[P]log_1 Load Factor:     57.996999 %

[P]log_2 Load Factor:     58.545465 %

[P]log_3 Load Factor:     46.667974 %

[P]Get Hit Rate:         60.2397 %

[P]rx packet:       45017.864 / s

[P]Throughput:      2855766.614 ops

[P]Valid Entries:   98523.427 / s

[P]set success:     98482.230 / s

[P]get found:       1633368.122 / s

----------------------------------

[INFO]Current Time:       90.09 s
[INFO]End rx_queue_3:939309

[P]indexs Load Factor:    95.5139 %

[P]log_0 Load Factor:     56.820070 %

[P]log_1 Load Factor:     57.996999 %

[P]log_2 Load Factor:     58.545465 %

[P]log_3 Load Factor:     46.667974 %

[P]Get Hit Rate:         62.4035 %

[P]rx packet:       48557.918 / s

[P]Throughput:      3666720.067 ops

[P]Valid Entries:   3465.854 / s

[P]set success:     3465.854 / s

[P]get found:       2284396.528 / s

----------------------------------

[INFO]Current Time:       91.09 s

[P]indexs Load Factor:    95.5139 %

[P]log_0 Load Factor:     56.820070 %

[P]log_1 Load Factor:     57.996999 %

[P]log_2 Load Factor:     58.545465 %

[P]log_3 Load Factor:     46.667974 %

[P]Get Hit Rate:         60.8123 %

[P]rx packet:       32620.828 / s

[P]Throughput:      2739827.242 ops

[P]get found:       1666153.332 / s

----------------------------------
[INFO]End rx_queue_0:1180509
[INFO]End rx_queue_2:1268800
Finish the job......

Total Index Entries:     113727746

indexs Load Factor:     95.513933 %

log_0 Load Factor:      56.820070 %

log_1 Load Factor:      57.996999 %

log_2 Load Factor:      58.545465 %

log_3 Load Factor:      46.667974 %

Get Hit Rate:           66.750506%

Max Throughput:         4793373.84

Calc Load Factor:       95.513933%

valid count:              30505043

set request:              31555183
set_success:              30505043 | set_fail:                  1050140 | set_mica_evicted:                0
set_random:                      0 | set_cuckoo_evicted:        2775142 | set_expire_evicted:         500292

get request:              32204974
get_found:                21089760 | get_notfound:             11115214 | get_hit_ratio:          65.486033%

clean up:                        0 | test_notfound:                   0
move_to_head_performed:    3076333 | move_to_head_skipped:     18013427 | move_to_head_failed:             0


valid count:              31136902

set request:              32014089
set_success:              31136902 | set_fail:                   877187 | set_mica_evicted:                0
set_random:                      0 | set_cuckoo_evicted:        2818207 | set_expire_evicted:         105877

get request:              32514987
get_found:                23451167 | get_notfound:              9063820 | get_hit_ratio:          72.124178%

clean up:                        0 | test_notfound:                   0
move_to_head_performed:    2506174 | move_to_head_skipped:     20944993 | move_to_head_failed:             0


valid count:              31431357

set request:              32348323
set_success:              31431357 | set_fail:                   916966 | set_mica_evicted:                0
set_random:                      0 | set_cuckoo_evicted:        2870931 | set_expire_evicted:              0

get request:              36833296
get_found:                22774004 | get_notfound:             14059292 | get_hit_ratio:          61.829938%

clean up:                        0 | test_notfound:                   0
move_to_head_performed:    3983061 | move_to_head_skipped:     18790943 | move_to_head_failed:             0


valid count:              25054678

set request:              25305770
set_success:              25054678 | set_fail:                   251092 | set_mica_evicted:                0
set_random:                      0 | set_cuckoo_evicted:         994564 | set_expire_evicted:        5349759

get request:              25340627
get_found:                16036790 | get_notfound:              9303837 | get_hit_ratio:          63.284898%

clean up:                        0 | test_notfound:                   0
move_to_head_performed:    1776965 | move_to_head_skipped:     14259825 | move_to_head_failed:             0


[INFO] Everything works fine.
deleting piekv......
