[INFO] 单个Log Size为:16 GB
EAL: Probing VFIO support...
EAL: VFIO support initialized
EAL: PCI device 0000:03:00.0 on NUMA socket 0
EAL:   probe driver: 15b3:1017 net_mlx5
WEN: There are 1 device(s) available
starting port 0...
querying port 0...
port 0: 100 Gbps (full-duplex)
Adding UDP filter for each endpoint.
port_id/queue_id/udp_port = 0 0 0
Flow is created with src_port = 0, dst_port = 0
port_id/queue_id/udp_port = 0 1 1
Flow is created with src_port = 0, dst_port = 1
port_id/queue_id/udp_port = 0 2 2
Flow is created with src_port = 0, dst_port = 2
port_id/queue_id/udp_port = 0 3 3
Flow is created with src_port = 0, dst_port = 3
MEM: Initializing pages...
 == [STAT] Workers Start (4 threads in total) == 

[INFO]Current Time:       10.20 s

[P]indexs Load Factor:    0.1789 %

[P]log_0 Load Factor:     0.029674 %

[P]log_1 Load Factor:     0.026506 %

[P]log_2 Load Factor:     0.027952 %

[P]log_3 Load Factor:     0.019947 %

[P]Get Hit Rate:         31.2494 %

[P]rx packet:       169435.438 / s

[P]Throughput:      337779.465 ops

[P]Valid Entries:   158163.070 / s

[P]set success:     157849.810 / s

[P]get found:       52937.640 / s

----------------------------------

[INFO]Current Time:       11.69 s

[P]indexs Load Factor:    1.2118 %

[P]log_0 Load Factor:     0.117581 %

[P]log_1 Load Factor:     0.108810 %

[P]log_2 Load Factor:     0.116225 %

[P]log_3 Load Factor:     0.065141 %

[P]Get Hit Rate:         32.5395 %

[P]rx packet:       809173.793 / s

[P]Throughput:      1559856.856 ops

[P]Valid Entries:   733325.485 / s

[P]set success:     731449.299 / s

[P]get found:       258868.387 / s

----------------------------------

[INFO]Current Time:       12.73 s

[P]indexs Load Factor:    2.3408 %

[P]log_0 Load Factor:     0.211837 %

[P]log_1 Load Factor:     0.196900 %

[P]log_2 Load Factor:     0.210523 %

[P]log_3 Load Factor:     0.111781 %

[P]Get Hit Rate:         34.4712 %

[P]rx packet:       1323627.867 / s

[P]Throughput:      2542727.670 ops

[P]Valid Entries:   1193201.051 / s

[P]set success:     1190325.326 / s

[P]get found:       440735.265 / s

----------------------------------

[INFO]Current Time:       13.80 s

[P]indexs Load Factor:    3.5373 %

[P]log_0 Load Factor:     0.306533 %

[P]log_1 Load Factor:     0.285502 %

[P]log_2 Load Factor:     0.305085 %

[P]log_3 Load Factor:     0.157681 %

[P]Get Hit Rate:         34.9252 %

[P]rx packet:       1411182.387 / s

[P]Throughput:      2714510.891 ops

[P]Valid Entries:   1270077.956 / s

[P]set success:     1267093.860 / s

[P]get found:       483569.111 / s

----------------------------------

[INFO]Current Time:       14.87 s

[P]indexs Load Factor:    4.7141 %

[P]log_0 Load Factor:     0.400783 %

[P]log_1 Load Factor:     0.373672 %

[P]log_2 Load Factor:     0.399219 %

[P]log_3 Load Factor:     0.204471 %

[P]Get Hit Rate:         35.7835 %

[P]rx packet:       1374290.655 / s

[P]Throughput:      2644033.680 ops

[P]Valid Entries:   1239373.097 / s

[P]set success:     1236574.360 / s

[P]get found:       482501.884 / s

----------------------------------

[INFO]Current Time:       15.95 s

[P]indexs Load Factor:    5.8880 %

[P]log_0 Load Factor:     0.495875 %

[P]log_1 Load Factor:     0.462841 %

[P]log_2 Load Factor:     0.494237 %

[P]log_3 Load Factor:     0.251623 %

[P]Get Hit Rate:         36.3666 %

[P]rx packet:       1351779.111 / s

[P]Throughput:      2618821.502 ops

[P]Valid Entries:   1220040.700 / s

[P]set success:     1200389.716 / s

[P]get found:       482344.424 / s

----------------------------------

[INFO]Current Time:       17.04 s

[P]indexs Load Factor:    7.0715 %

[P]log_0 Load Factor:     0.589603 %

[P]log_1 Load Factor:     0.550717 %

[P]log_2 Load Factor:     0.587734 %

[P]log_3 Load Factor:     0.299597 %

[P]Get Hit Rate:         37.3842 %

[P]rx packet:       1363579.240 / s

[P]Throughput:      2655407.679 ops

[P]Valid Entries:   1243173.682 / s

[P]set success:     1206819.429 / s

[P]get found:       499403.605 / s

----------------------------------

[INFO]Current Time:       18.14 s

[P]indexs Load Factor:    8.3016 %

[P]log_0 Load Factor:     0.687526 %

[P]log_1 Load Factor:     0.642908 %

[P]log_2 Load Factor:     0.685553 %

[P]log_3 Load Factor:     0.347205 %

[P]Get Hit Rate:         37.7447 %

[P]rx packet:       1381162.708 / s

[P]Throughput:      2658283.970 ops

[P]Valid Entries:   1247012.368 / s

[P]set success:     1227783.089 / s

[P]get found:       504766.962 / s

----------------------------------

[INFO]Current Time:       19.25 s

[P]indexs Load Factor:    9.5140 %

[P]log_0 Load Factor:     0.785356 %

[P]log_1 Load Factor:     0.735183 %

[P]log_2 Load Factor:     0.783265 %

[P]log_3 Load Factor:     0.395344 %

[P]Get Hit Rate:         38.1560 %

[P]rx packet:       1390856.420 / s

[P]Throughput:      2678133.137 ops

[P]Valid Entries:   1252059.041 / s

[P]set success:     1249277.463 / s

[P]get found:       514182.226 / s

----------------------------------

[INFO]Current Time:       20.36 s

[P]indexs Load Factor:    10.7431 %

[P]log_0 Load Factor:     0.883747 %

[P]log_1 Load Factor:     0.827883 %

[P]log_2 Load Factor:     0.881343 %

[P]log_3 Load Factor:     0.443248 %

[P]Get Hit Rate:         38.5263 %

[P]rx packet:       1355427.312 / s

[P]Throughput:      2609992.071 ops

[P]Valid Entries:   1223169.616 / s

[P]set success:     1204175.623 / s

[P]get found:       505822.676 / s

----------------------------------

[INFO]Current Time:       21.48 s

[P]indexs Load Factor:    11.9338 %

[P]log_0 Load Factor:     0.973091 %

[P]log_1 Load Factor:     0.911777 %

[P]log_2 Load Factor:     0.970248 %

[P]log_3 Load Factor:     0.492595 %

[P]Get Hit Rate:         37.7789 %

[P]rx packet:       1342295.695 / s

[P]Throughput:      2584142.130 ops

[P]Valid Entries:   1194000.432 / s

[P]set success:     1207303.807 / s

[P]get found:       497653.855 / s

----------------------------------

[INFO]Current Time:       22.61 s

[P]indexs Load Factor:    13.1089 %

[P]log_0 Load Factor:     1.069882 %

[P]log_1 Load Factor:     1.003083 %

[P]log_2 Load Factor:     1.066714 %

[P]log_3 Load Factor:     0.540926 %

[P]Get Hit Rate:         38.5710 %

[P]rx packet:       1279258.493 / s

[P]Throughput:      2495591.649 ops

[P]Valid Entries:   1170874.588 / s

[P]set success:     1168270.329 / s

[P]get found:       490677.946 / s

----------------------------------

[INFO]Current Time:       23.74 s

[P]indexs Load Factor:    14.3328 %

[P]log_0 Load Factor:     1.168817 %

[P]log_1 Load Factor:     1.096510 %

[P]log_2 Load Factor:     1.165387 %

[P]log_3 Load Factor:     0.589162 %

[P]Get Hit Rate:         38.8778 %

[P]rx packet:       1350208.964 / s

[P]Throughput:      2618133.227 ops

[P]Valid Entries:   1217575.088 / s

[P]set success:     1214841.500 / s

[P]get found:       515373.300 / s

----------------------------------

[INFO]Current Time:       24.88 s

[P]indexs Load Factor:    15.5948 %

[P]log_0 Load Factor:     1.269685 %

[P]log_1 Load Factor:     1.191980 %

[P]log_2 Load Factor:     1.266045 %

[P]log_3 Load Factor:     0.638160 %

[P]Get Hit Rate:         39.5889 %

[P]rx packet:       1392970.688 / s

[P]Throughput:      2683841.913 ops

[P]Valid Entries:   1256610.133 / s

[P]set success:     1253866.955 / s

[P]get found:       534575.250 / s

----------------------------------

[INFO]Current Time:       26.02 s

[P]indexs Load Factor:    16.8373 %

[P]log_0 Load Factor:     1.368643 %

[P]log_1 Load Factor:     1.285873 %

[P]log_2 Load Factor:     1.365210 %

[P]log_3 Load Factor:     0.687351 %

[P]Get Hit Rate:         39.3629 %

[P]rx packet:       1369719.850 / s

[P]Throughput:      2656397.735 ops

[P]Valid Entries:   1235345.020 / s

[P]set success:     1232656.857 / s

[P]get found:       529327.867 / s

----------------------------------

[INFO]Current Time:       27.16 s

[P]indexs Load Factor:    18.0509 %

[P]log_0 Load Factor:     1.462839 %

[P]log_1 Load Factor:     1.374774 %

[P]log_2 Load Factor:     1.459165 %

[P]log_3 Load Factor:     0.736326 %

[P]Get Hit Rate:         39.5297 %

[P]rx packet:       1366869.906 / s

[P]Throughput:      2633511.824 ops

[P]Valid Entries:   1232072.088 / s

[P]set success:     1229630.674 / s

[P]get found:       530342.672 / s

----------------------------------

[INFO]Current Time:       28.32 s

[P]indexs Load Factor:    19.2475 %

[P]log_0 Load Factor:     1.559619 %

[P]log_1 Load Factor:     1.465930 %

[P]log_2 Load Factor:     1.555527 %

[P]log_3 Load Factor:     0.785777 %

[P]Get Hit Rate:         40.1715 %

[P]rx packet:       1257576.641 / s

[P]Throughput:      2388668.023 ops

[P]Valid Entries:   1135622.773 / s

[P]set success:     1133286.682 / s

[P]get found:       489093.891 / s

----------------------------------

[INFO]Current Time:       29.47 s

[P]indexs Load Factor:    20.5218 %

[P]log_0 Load Factor:     1.659523 %

[P]log_1 Load Factor:     1.560410 %

[P]log_2 Load Factor:     1.655141 %

[P]log_3 Load Factor:     0.834486 %

[P]Get Hit Rate:         40.2808 %

[P]rx packet:       1383639.074 / s

[P]Throughput:      2652430.587 ops

[P]Valid Entries:   1248743.477 / s

[P]set success:     1246182.404 / s

[P]get found:       540646.109 / s

----------------------------------

[INFO]Current Time:       30.63 s

[P]indexs Load Factor:    21.7533 %

[P]log_0 Load Factor:     1.759341 %

[P]log_1 Load Factor:     1.654746 %

[P]log_2 Load Factor:     1.754669 %

[P]log_3 Load Factor:     0.884007 %

[P]Get Hit Rate:         40.4716 %

[P]rx packet:       1336562.757 / s

[P]Throughput:      2542946.030 ops

[P]Valid Entries:   1203977.533 / s

[P]set success:     1201366.203 / s

[P]get found:       524283.789 / s

----------------------------------

[INFO]Current Time:       31.79 s

[P]indexs Load Factor:    22.9576 %

[P]log_0 Load Factor:     1.851149 %

[P]log_1 Load Factor:     1.741722 %

[P]log_2 Load Factor:     1.846301 %

[P]log_3 Load Factor:     0.933551 %

[P]Get Hit Rate:         40.7104 %

[P]rx packet:       1304852.111 / s

[P]Throughput:      2480641.921 ops

[P]Valid Entries:   1179430.737 / s

[P]set success:     1177052.320 / s

[P]get found:       514727.981 / s

----------------------------------

[INFO]Current Time:       32.95 s

[P]indexs Load Factor:    24.1400 %

[P]log_0 Load Factor:     1.945787 %

[P]log_1 Load Factor:     1.831504 %

[P]log_2 Load Factor:     1.940767 %

[P]log_3 Load Factor:     0.983513 %

[P]Get Hit Rate:         40.8601 %

[P]rx packet:       1299649.113 / s

[P]Throughput:      2486799.663 ops

[P]Valid Entries:   1171536.929 / s

[P]set success:     1168978.322 / s

[P]get found:       514518.715 / s

----------------------------------

[INFO]Current Time:       34.11 s

[P]indexs Load Factor:    25.3983 %

[P]log_0 Load Factor:     2.045515 %

[P]log_1 Load Factor:     1.926163 %

[P]log_2 Load Factor:     2.040379 %

[P]log_3 Load Factor:     1.032049 %

[P]Get Hit Rate:         40.5611 %

[P]rx packet:       1328084.761 / s

[P]Throughput:      2528672.356 ops

[P]Valid Entries:   1200601.328 / s

[P]set success:     1198445.044 / s

[P]get found:       529059.594 / s

----------------------------------

[INFO]Current Time:       35.28 s

[P]indexs Load Factor:    26.6021 %

[P]log_0 Load Factor:     2.142231 %

[P]log_1 Load Factor:     2.017605 %

[P]log_2 Load Factor:     2.135277 %

[P]log_3 Load Factor:     1.082258 %

[P]Get Hit Rate:         41.2013 %

[P]rx packet:       1287437.612 / s

[P]Throughput:      2480621.974 ops

[P]Valid Entries:   1163434.692 / s

[P]set success:     1160981.111 / s

[P]get found:       513947.049 / s

----------------------------------

[INFO]Current Time:       36.45 s

[P]indexs Load Factor:    27.8383 %

[P]log_0 Load Factor:     2.240985 %

[P]log_1 Load Factor:     2.110899 %

[P]log_2 Load Factor:     2.233303 %

[P]log_3 Load Factor:     1.131678 %

[P]Get Hit Rate:         40.7240 %

[P]rx packet:       1323102.990 / s

[P]Throughput:      2552688.756 ops

[P]Valid Entries:   1194939.287 / s

[P]set success:     1177486.678 / s

[P]get found:       529059.651 / s

----------------------------------

[INFO]Current Time:       37.62 s

[P]indexs Load Factor:    29.1217 %

[P]log_0 Load Factor:     2.343092 %

[P]log_1 Load Factor:     2.207823 %

[P]log_2 Load Factor:     2.335041 %

[P]log_3 Load Factor:     1.181268 %

[P]Get Hit Rate:         41.8790 %

[P]rx packet:       1365111.351 / s

[P]Throughput:      2601327.446 ops

[P]Valid Entries:   1235824.842 / s

[P]set success:     1233102.267 / s

[P]get found:       548043.084 / s

----------------------------------

[INFO]Current Time:       38.80 s

[P]indexs Load Factor:    30.3707 %

[P]log_0 Load Factor:     2.441702 %

[P]log_1 Load Factor:     2.301249 %

[P]log_2 Load Factor:     2.433151 %

[P]log_3 Load Factor:     1.231615 %

[P]Get Hit Rate:         40.9761 %

[P]rx packet:       1312845.264 / s

[P]Throughput:      2578243.590 ops

[P]Valid Entries:   1201045.018 / s

[P]set success:     1183507.191 / s

[P]get found:       534702.893 / s

----------------------------------

[INFO]Current Time:       39.98 s

[P]indexs Load Factor:    31.6143 %

[P]log_0 Load Factor:     2.538867 %

[P]log_1 Load Factor:     2.393401 %

[P]log_2 Load Factor:     2.529817 %

[P]log_3 Load Factor:     1.281166 %

[P]Get Hit Rate:         41.6172 %

[P]rx packet:       1304200.921 / s

[P]Throughput:      2531737.480 ops

[P]Valid Entries:   1192864.555 / s

[P]set success:     1175529.825 / s

[P]get found:       533064.152 / s

----------------------------------

[INFO]Current Time:       41.15 s

[P]indexs Load Factor:    32.8403 %

[P]log_0 Load Factor:     2.635788 %

[P]log_1 Load Factor:     2.485342 %

[P]log_2 Load Factor:     2.626559 %

[P]log_3 Load Factor:     1.331195 %

[P]Get Hit Rate:         41.6890 %

[P]rx packet:       1298061.770 / s

[P]Throughput:      2503175.574 ops

[P]Valid Entries:   1172743.988 / s

[P]set success:     1170473.240 / s

[P]get found:       524788.676 / s

----------------------------------

[INFO]Current Time:       42.34 s

[P]indexs Load Factor:    34.0681 %

[P]log_0 Load Factor:     2.734277 %

[P]log_1 Load Factor:     2.578689 %

[P]log_2 Load Factor:     2.724421 %

[P]log_3 Load Factor:     1.381115 %

[P]Get Hit Rate:         40.8098 %

[P]rx packet:       1302155.202 / s

[P]Throughput:      2526664.186 ops

[P]Valid Entries:   1174794.847 / s

[P]set success:     1172437.449 / s

[P]get found:       521825.157 / s

----------------------------------

[INFO]Current Time:       43.52 s

[P]indexs Load Factor:    35.3199 %

[P]log_0 Load Factor:     2.830928 %

[P]log_1 Load Factor:     2.670525 %

[P]log_2 Load Factor:     2.820841 %

[P]log_3 Load Factor:     1.430560 %

[P]Get Hit Rate:         41.4411 %

[P]rx packet:       1315362.327 / s

[P]Throughput:      2584603.262 ops

[P]Valid Entries:   1204940.352 / s

[P]set success:     1202516.910 / s

[P]get found:       542106.208 / s

----------------------------------

[INFO]Current Time:       44.70 s

[P]indexs Load Factor:    36.5600 %

[P]log_0 Load Factor:     2.928615 %

[P]log_1 Load Factor:     2.763501 %

[P]log_2 Load Factor:     2.918112 %

[P]log_3 Load Factor:     1.480214 %

[P]Get Hit Rate:         41.4608 %

[P]rx packet:       1301747.046 / s

[P]Throughput:      2557432.365 ops

[P]Valid Entries:   1188755.548 / s

[P]set success:     1171707.782 / s

[P]get found:       536564.863 / s

----------------------------------

[INFO]Current Time:       45.89 s

[P]indexs Load Factor:    37.8042 %

[P]log_0 Load Factor:     3.027627 %

[P]log_1 Load Factor:     2.857791 %

[P]log_2 Load Factor:     3.016961 %

[P]log_3 Load Factor:     1.529715 %

[P]Get Hit Rate:         41.6298 %

[P]rx packet:       1306588.148 / s

[P]Throughput:      2537149.580 ops

[P]Valid Entries:   1180267.316 / s

[P]set success:     1163521.173 / s

[P]get found:       534523.266 / s

----------------------------------

[INFO]Current Time:       47.07 s

[P]indexs Load Factor:    39.0024 %

[P]log_0 Load Factor:     3.123588 %

[P]log_1 Load Factor:     2.949184 %

[P]log_2 Load Factor:     3.112724 %

[P]log_3 Load Factor:     1.578724 %

[P]Get Hit Rate:         42.7521 %

[P]rx packet:       1267255.437 / s

[P]Throughput:      2428204.772 ops

[P]Valid Entries:   1145578.106 / s

[P]set success:     1143394.308 / s

[P]get found:       518595.313 / s

----------------------------------

[INFO]Current Time:       48.26 s

[P]indexs Load Factor:    40.2643 %

[P]log_0 Load Factor:     3.223405 %

[P]log_1 Load Factor:     3.044297 %

[P]log_2 Load Factor:     3.212614 %

[P]log_3 Load Factor:     1.627793 %

[P]Get Hit Rate:         41.3293 %

[P]rx packet:       1336833.222 / s

[P]Throughput:      2596251.141 ops

[P]Valid Entries:   1208281.776 / s

[P]set success:     1191911.579 / s

[P]get found:       542966.607 / s

----------------------------------

[INFO]Current Time:       49.44 s

[P]indexs Load Factor:    41.5237 %

[P]log_0 Load Factor:     3.322841 %

[P]log_1 Load Factor:     3.139101 %

[P]log_2 Load Factor:     3.311972 %

[P]log_3 Load Factor:     1.676508 %

[P]Get Hit Rate:         41.9095 %

[P]rx packet:       1331286.761 / s

[P]Throughput:      2586487.693 ops

[P]Valid Entries:   1205561.023 / s

[P]set success:     1203260.898 / s

[P]get found:       548391.766 / s

----------------------------------

[INFO]Current Time:       50.62 s

[P]indexs Load Factor:    42.7131 %

[P]log_0 Load Factor:     3.411609 %

[P]log_1 Load Factor:     3.223254 %

[P]log_2 Load Factor:     3.400284 %

[P]log_3 Load Factor:     1.724290 %

[P]Get Hit Rate:         42.4942 %

[P]rx packet:       1286248.892 / s

[P]Throughput:      2483102.023 ops

[P]Valid Entries:   1162347.246 / s

[P]set success:     1160239.842 / s

[P]get found:       530458.761 / s

----------------------------------

[INFO]Current Time:       51.80 s

[P]indexs Load Factor:    43.8196 %

[P]log_0 Load Factor:     3.502333 %

[P]log_1 Load Factor:     3.309491 %

[P]log_2 Load Factor:     3.490883 %

[P]log_3 Load Factor:     1.772867 %

[P]Get Hit Rate:         42.4970 %

[P]rx packet:       1164624.975 / s

[P]Throughput:      2246426.286 ops

[P]Valid Entries:   1052038.366 / s

[P]set success:     1049877.954 / s

[P]get found:       479676.454 / s

----------------------------------

[INFO]Current Time:       52.98 s

[P]indexs Load Factor:    45.0595 %

[P]log_0 Load Factor:     3.551271 %

[P]log_1 Load Factor:     3.400145 %

[P]log_2 Load Factor:     3.529232 %

[P]log_3 Load Factor:     1.820905 %

[P]Get Hit Rate:         42.0872 %

[P]rx packet:       1281620.806 / s

[P]Throughput:      2489720.341 ops

[P]Valid Entries:   1159955.697 / s

[P]set success:     1157736.027 / s

[P]get found:       530049.653 / s

----------------------------------

[INFO]Current Time:       54.16 s

[P]indexs Load Factor:    46.3352 %

[P]log_0 Load Factor:     3.551271 %

[P]log_1 Load Factor:     3.487186 %

[P]log_2 Load Factor:     3.529232 %

[P]log_3 Load Factor:     1.869201 %

[P]Get Hit Rate:         42.4650 %

[P]rx packet:       1366727.737 / s

[P]Throughput:      2596392.012 ops

[P]Valid Entries:   1212870.781 / s

[P]set success:     1193750.432 / s

[P]get found:       554546.010 / s

----------------------------------

[INFO]Current Time:       55.34 s

[P]indexs Load Factor:    47.5917 %

[P]log_0 Load Factor:     3.551271 %

[P]log_1 Load Factor:     3.575355 %

[P]log_2 Load Factor:     3.529232 %

[P]log_3 Load Factor:     1.917371 %

[P]Get Hit Rate:         41.2880 %

[P]rx packet:       1317173.025 / s

[P]Throughput:      2534459.958 ops

[P]Valid Entries:   1187012.612 / s

[P]set success:     1183847.940 / s

[P]get found:       526212.695 / s

----------------------------------

[INFO]Current Time:       56.52 s

[P]indexs Load Factor:    48.9115 %

[P]log_0 Load Factor:     3.551271 %

[P]log_1 Load Factor:     3.602432 %

[P]log_2 Load Factor:     3.529232 %

[P]log_3 Load Factor:     1.964951 %

[P]Get Hit Rate:         40.6034 %

[P]rx packet:       1398020.023 / s

[P]Throughput:      2691001.281 ops

[P]Valid Entries:   1257977.403 / s

[P]set success:     1254208.777 / s

[P]get found:       556366.156 / s

----------------------------------

[INFO]Current Time:       57.70 s

[P]indexs Load Factor:    50.1830 %

[P]log_0 Load Factor:     3.551271 %

[P]log_1 Load Factor:     3.602432 %

[P]log_2 Load Factor:     3.529232 %

[P]log_3 Load Factor:     2.012056 %

[P]Get Hit Rate:         40.3852 %

[P]rx packet:       1360976.044 / s

[P]Throughput:      2634135.453 ops

[P]Valid Entries:   1241474.983 / s

[P]set success:     1220889.747 / s

[P]get found:       545617.903 / s

----------------------------------

[INFO]Current Time:       58.87 s

[P]indexs Load Factor:    51.4190 %

[P]log_0 Load Factor:     3.551271 %

[P]log_1 Load Factor:     3.602432 %

[P]log_2 Load Factor:     3.529232 %

[P]log_3 Load Factor:     2.059790 %

[P]Get Hit Rate:         40.4700 %

[P]rx packet:       1333304.887 / s

[P]Throughput:      2563084.575 ops

[P]Valid Entries:   1201151.599 / s

[P]set success:     1180526.668 / s

[P]get found:       521722.801 / s

----------------------------------

[INFO]Current Time:       60.03 s

[P]indexs Load Factor:    52.6886 %

[P]log_0 Load Factor:     3.551271 %

[P]log_1 Load Factor:     3.602432 %

[P]log_2 Load Factor:     3.529232 %

[P]log_3 Load Factor:     2.106715 %

[P]Get Hit Rate:         40.0998 %

[P]rx packet:       1374158.441 / s

[P]Throughput:      2644323.962 ops

[P]Valid Entries:   1237136.235 / s

[P]set success:     1232372.494 / s

[P]get found:       533419.895 / s

----------------------------------

[INFO]Current Time:       61.21 s

[P]indexs Load Factor:    53.9354 %

[P]log_0 Load Factor:     3.551271 %

[P]log_1 Load Factor:     3.602432 %

[P]log_2 Load Factor:     3.529232 %

[P]log_3 Load Factor:     2.153097 %

[P]Get Hit Rate:         40.2737 %

[P]rx packet:       1316828.876 / s

[P]Throughput:      2499315.974 ops

[P]Valid Entries:   1188975.674 / s

[P]set success:     1184559.992 / s

[P]get found:       506016.622 / s

----------------------------------

[INFO]Current Time:       62.37 s

[P]indexs Load Factor:    55.2233 %

[P]log_0 Load Factor:     3.551271 %

[P]log_1 Load Factor:     3.602432 %

[P]log_2 Load Factor:     3.529232 %

[P]log_3 Load Factor:     2.199178 %

[P]Get Hit Rate:         39.3712 %

[P]rx packet:       1374261.452 / s

[P]Throughput:      2644567.155 ops

[P]Valid Entries:   1238827.821 / s

[P]set success:     1234179.250 / s

[P]get found:       523890.673 / s

----------------------------------

[INFO]Current Time:       63.54 s

[P]indexs Load Factor:    56.4433 %

[P]log_0 Load Factor:     3.551271 %

[P]log_1 Load Factor:     3.602432 %

[P]log_2 Load Factor:     3.529232 %

[P]log_3 Load Factor:     2.244578 %

[P]Get Hit Rate:         39.0712 %

[P]rx packet:       1328396.612 / s

[P]Throughput:      2541092.660 ops

[P]Valid Entries:   1200539.055 / s

[P]set success:     1196182.456 / s

[P]get found:       502482.187 / s

----------------------------------

[INFO]Current Time:       64.70 s

[P]indexs Load Factor:    57.6847 %

[P]log_0 Load Factor:     3.551271 %

[P]log_1 Load Factor:     3.602432 %

[P]log_2 Load Factor:     3.529232 %

[P]log_3 Load Factor:     2.289847 %

[P]Get Hit Rate:         38.8692 %

[P]rx packet:       1317238.255 / s

[P]Throughput:      2538061.899 ops

[P]Valid Entries:   1190329.636 / s

[P]set success:     1170386.101 / s

[P]get found:       495993.913 / s

----------------------------------

[INFO]Current Time:       65.86 s

[P]indexs Load Factor:    58.9340 %

[P]log_0 Load Factor:     3.551271 %

[P]log_1 Load Factor:     3.602432 %

[P]log_2 Load Factor:     3.529232 %

[P]log_3 Load Factor:     2.334476 %

[P]Get Hit Rate:         38.2078 %

[P]rx packet:       1318443.063 / s

[P]Throughput:      2624020.427 ops

[P]Valid Entries:   1221056.476 / s

[P]set success:     1216678.224 / s

[P]get found:       507363.341 / s

----------------------------------

[INFO]Current Time:       67.01 s

[P]indexs Load Factor:    60.1383 %

[P]log_0 Load Factor:     3.551271 %

[P]log_1 Load Factor:     3.602432 %

[P]log_2 Load Factor:     3.529232 %

[P]log_3 Load Factor:     2.378158 %

[P]Get Hit Rate:         40.0543 %

[P]rx packet:       1302335.710 / s

[P]Throughput:      2494116.037 ops

[P]Valid Entries:   1195585.606 / s

[P]set success:     1191358.478 / s

[P]get found:       492418.028 / s

----------------------------------

[INFO]Current Time:       68.17 s

[P]indexs Load Factor:    61.3287 %

[P]log_0 Load Factor:     3.551271 %

[P]log_1 Load Factor:     3.602432 %

[P]log_2 Load Factor:     3.529232 %

[P]log_3 Load Factor:     2.420810 %

[P]Get Hit Rate:         38.1291 %

[P]rx packet:       1311776.108 / s

[P]Throughput:      2531523.388 ops

[P]Valid Entries:   1187165.377 / s

[P]set success:     1167811.994 / s

[P]get found:       485223.064 / s

----------------------------------

[INFO]Current Time:       69.32 s

[P]indexs Load Factor:    62.5320 %

[P]log_0 Load Factor:     3.551271 %

[P]log_1 Load Factor:     3.602432 %

[P]log_2 Load Factor:     3.529232 %

[P]log_3 Load Factor:     2.463184 %

[P]Get Hit Rate:         38.0881 %

[P]rx packet:       1294044.188 / s

[P]Throughput:      2498607.990 ops

[P]Valid Entries:   1171523.689 / s

[P]set success:     1167433.752 / s

[P]get found:       478321.692 / s

----------------------------------

[INFO]Current Time:       70.47 s

[P]indexs Load Factor:    63.6921 %

[P]log_0 Load Factor:     3.551271 %

[P]log_1 Load Factor:     3.602432 %

[P]log_2 Load Factor:     3.529232 %

[P]log_3 Load Factor:     2.504599 %

[P]Get Hit Rate:         37.4057 %

[P]rx packet:       1276007.821 / s

[P]Throughput:      2465945.610 ops

[P]Valid Entries:   1156550.251 / s

[P]set success:     1138040.492 / s

[P]get found:       469511.531 / s

----------------------------------

[INFO]Current Time:       71.61 s

[P]indexs Load Factor:    64.7985 %

[P]log_0 Load Factor:     3.551271 %

[P]log_1 Load Factor:     3.602432 %

[P]log_2 Load Factor:     3.529232 %

[P]log_3 Load Factor:     2.545096 %

[P]Get Hit Rate:         37.1331 %

[P]rx packet:       1183775.925 / s

[P]Throughput:      2333724.729 ops

[P]Valid Entries:   1087994.136 / s

[P]set success:     1084394.910 / s

[P]get found:       438033.960 / s

----------------------------------

[INFO]Current Time:       72.75 s

[P]indexs Load Factor:    65.9529 %

[P]log_0 Load Factor:     3.551271 %

[P]log_1 Load Factor:     3.602432 %

[P]log_2 Load Factor:     3.529232 %

[P]log_3 Load Factor:     2.585093 %

[P]Get Hit Rate:         38.0674 %

[P]rx packet:       1239549.804 / s

[P]Throughput:      2443463.938 ops

[P]Valid Entries:   1154790.036 / s

[P]set success:     1151051.857 / s

[P]get found:       464417.294 / s

----------------------------------

[INFO]Current Time:       73.89 s

[P]indexs Load Factor:    67.0460 %

[P]log_0 Load Factor:     3.551271 %

[P]log_1 Load Factor:     3.602432 %

[P]log_2 Load Factor:     3.529232 %

[P]log_3 Load Factor:     2.624412 %

[P]Get Hit Rate:         37.3795 %

[P]rx packet:       1211167.859 / s

[P]Throughput:      2328774.895 ops

[P]Valid Entries:   1098760.017 / s

[P]set success:     1095209.574 / s

[P]get found:       439977.399 / s

----------------------------------

[INFO]Current Time:       75.03 s

[P]indexs Load Factor:    68.0926 %

[P]log_0 Load Factor:     3.551271 %

[P]log_1 Load Factor:     3.602432 %

[P]log_2 Load Factor:     3.529232 %

[P]log_3 Load Factor:     2.662250 %

[P]Get Hit Rate:         36.7392 %

[P]rx packet:       1157330.609 / s

[P]Throughput:      2256349.901 ops

[P]Valid Entries:   1053401.584 / s

[P]set success:     1022105.275 / s

[P]get found:       418784.469 / s

----------------------------------

[INFO]Current Time:       76.16 s

[P]indexs Load Factor:    69.1523 %

[P]log_0 Load Factor:     3.551271 %

[P]log_1 Load Factor:     3.602432 %

[P]log_2 Load Factor:     3.529232 %

[P]log_3 Load Factor:     2.699628 %

[P]Get Hit Rate:         36.7942 %

[P]rx packet:       1190753.828 / s

[P]Throughput:      2323240.320 ops

[P]Valid Entries:   1081581.477 / s

[P]set success:     1064552.307 / s

[P]get found:       431788.538 / s

----------------------------------

[INFO]Current Time:       77.29 s

[P]indexs Load Factor:    70.0999 %

[P]log_0 Load Factor:     3.551271 %

[P]log_1 Load Factor:     3.602432 %

[P]log_2 Load Factor:     3.529232 %

[P]log_3 Load Factor:     2.735872 %

[P]Get Hit Rate:         36.5380 %

[P]rx packet:       1054980.386 / s

[P]Throughput:      2061146.421 ops

[P]Valid Entries:   959887.358 / s

[P]set success:     957241.169 / s

[P]get found:       380183.793 / s

----------------------------------

[INFO]Current Time:       78.42 s

[P]indexs Load Factor:    71.0807 %

[P]log_0 Load Factor:     3.551271 %

[P]log_1 Load Factor:     3.602432 %

[P]log_2 Load Factor:     3.529232 %

[P]log_3 Load Factor:     2.771205 %

[P]Get Hit Rate:         37.0817 %

[P]rx packet:       1090602.304 / s

[P]Throughput:      2104890.585 ops

[P]Valid Entries:   993912.106 / s

[P]set success:     990989.193 / s

[P]get found:       393804.328 / s

----------------------------------

[INFO]Current Time:       79.55 s

[P]indexs Load Factor:    72.0129 %

[P]log_0 Load Factor:     3.551271 %

[P]log_1 Load Factor:     3.602432 %

[P]log_2 Load Factor:     3.529232 %

[P]log_3 Load Factor:     2.805981 %

[P]Get Hit Rate:         36.3972 %

[P]rx packet:       1070645.867 / s

[P]Throughput:      2093248.238 ops

[P]Valid Entries:   973259.105 / s

[P]set success:     970588.390 / s

[P]get found:       384560.589 / s

----------------------------------

[INFO]Current Time:       80.67 s

[P]indexs Load Factor:    72.9241 %

[P]log_0 Load Factor:     3.551271 %

[P]log_1 Load Factor:     3.602432 %

[P]log_2 Load Factor:     3.529232 %

[P]log_3 Load Factor:     2.839702 %

[P]Get Hit Rate:         36.3451 %

[P]rx packet:       1018005.534 / s

[P]Throughput:      1980406.202 ops

[P]Valid Entries:   927258.401 / s

[P]set success:     924823.672 / s

[P]get found:       365473.166 / s

----------------------------------

[INFO]Current Time:       81.79 s

[P]indexs Load Factor:    73.8415 %

[P]log_0 Load Factor:     3.551271 %

[P]log_1 Load Factor:     3.602432 %

[P]log_2 Load Factor:     3.529232 %

[P]log_3 Load Factor:     2.872466 %

[P]Get Hit Rate:         36.2766 %

[P]rx packet:       1040966.792 / s

[P]Throughput:      2025355.562 ops

[P]Valid Entries:   945603.775 / s

[P]set success:     943049.273 / s

[P]get found:       373049.382 / s

----------------------------------

[INFO]Current Time:       82.91 s

[P]indexs Load Factor:    74.7229 %

[P]log_0 Load Factor:     3.551271 %

[P]log_1 Load Factor:     3.602432 %

[P]log_2 Load Factor:     3.529232 %

[P]log_3 Load Factor:     2.903983 %

[P]Get Hit Rate:         36.0925 %

[P]rx packet:       996102.876 / s

[P]Throughput:      1939620.030 ops

[P]Valid Entries:   906549.423 / s

[P]set success:     904282.281 / s

[P]get found:       355331.850 / s

----------------------------------

[INFO]Current Time:       84.01 s

[P]indexs Load Factor:    75.5366 %

[P]log_0 Load Factor:     3.551271 %

[P]log_1 Load Factor:     3.602432 %

[P]log_2 Load Factor:     3.529232 %

[P]log_3 Load Factor:     2.935034 %

[P]Get Hit Rate:         36.0724 %

[P]rx packet:       917684.945 / s

[P]Throughput:      1812166.452 ops

[P]Valid Entries:   846645.127 / s

[P]set success:     844485.072 / s

[P]get found:       331763.573 / s

----------------------------------

[INFO]Current Time:       85.12 s

[P]indexs Load Factor:    76.3823 %

[P]log_0 Load Factor:     3.551271 %

[P]log_1 Load Factor:     3.602432 %

[P]log_2 Load Factor:     3.529232 %

[P]log_3 Load Factor:     2.965136 %

[P]Get Hit Rate:         36.0033 %

[P]rx packet:       968820.301 / s

[P]Throughput:      1901185.255 ops

[P]Valid Entries:   879198.090 / s

[P]set success:     877063.670 / s

[P]get found:       345075.323 / s

----------------------------------

[INFO]Current Time:       86.23 s

[P]indexs Load Factor:    77.1497 %

[P]log_0 Load Factor:     3.551271 %

[P]log_1 Load Factor:     3.602432 %

[P]log_2 Load Factor:     3.529232 %

[P]log_3 Load Factor:     2.993959 %

[P]Get Hit Rate:         36.0021 %

[P]rx packet:       884050.236 / s

[P]Throughput:      1737047.860 ops

[P]Valid Entries:   803233.020 / s

[P]set success:     779449.962 / s

[P]get found:       315042.384 / s

----------------------------------

[INFO]Current Time:       87.33 s

[P]indexs Load Factor:    77.9218 %

[P]log_0 Load Factor:     3.551271 %

[P]log_1 Load Factor:     3.602432 %

[P]log_2 Load Factor:     3.529232 %

[P]log_3 Load Factor:     3.022117 %

[P]Get Hit Rate:         35.9962 %

[P]rx packet:       898440.344 / s

[P]Throughput:      1765862.459 ops

[P]Valid Entries:   813741.780 / s

[P]set success:     811959.092 / s

[P]get found:       320201.293 / s

----------------------------------

[INFO]Current Time:       88.43 s

[P]indexs Load Factor:    78.6857 %

[P]log_0 Load Factor:     3.551271 %

[P]log_1 Load Factor:     3.602432 %

[P]log_2 Load Factor:     3.529232 %

[P]log_3 Load Factor:     3.049398 %

[P]Get Hit Rate:         35.7942 %

[P]rx packet:       890836.455 / s

[P]Throughput:      1751517.228 ops

[P]Valid Entries:   806364.319 / s

[P]set success:     804642.126 / s

[P]get found:       315813.153 / s

----------------------------------

[INFO]Current Time:       89.53 s

[P]indexs Load Factor:    79.3747 %

[P]log_0 Load Factor:     3.551271 %

[P]log_1 Load Factor:     3.602432 %

[P]log_2 Load Factor:     3.529232 %

[P]log_3 Load Factor:     3.075920 %

[P]Get Hit Rate:         35.6425 %

[P]rx packet:       814660.220 / s

[P]Throughput:      1603270.871 ops

[P]Valid Entries:   735943.374 / s

[P]set success:     724882.937 / s

[P]get found:       287739.813 / s

----------------------------------

[INFO]Current Time:       90.62 s

[P]indexs Load Factor:    80.0508 %

[P]log_0 Load Factor:     3.551271 %

[P]log_1 Load Factor:     3.602432 %

[P]log_2 Load Factor:     3.529232 %

[P]log_3 Load Factor:     3.101319 %

[P]Get Hit Rate:         35.8088 %

[P]rx packet:       791922.589 / s

[P]Throughput:      1549364.112 ops

[P]Valid Entries:   713319.805 / s

[P]set success:     702126.798 / s

[P]get found:       281142.219 / s

----------------------------------

[INFO]Current Time:       91.72 s

[P]indexs Load Factor:    80.7328 %

[P]log_0 Load Factor:     3.551271 %

[P]log_1 Load Factor:     3.602432 %

[P]log_2 Load Factor:     3.529232 %

[P]log_3 Load Factor:     3.125442 %

[P]Get Hit Rate:         35.6161 %

[P]rx packet:       810681.070 / s

[P]Throughput:      1597025.640 ops

[P]Valid Entries:   727927.086 / s

[P]set success:     726579.483 / s

[P]get found:       286303.351 / s

----------------------------------

[INFO]Current Time:       92.81 s

[P]indexs Load Factor:    81.3639 %

[P]log_0 Load Factor:     3.551271 %

[P]log_1 Load Factor:     3.602432 %

[P]log_2 Load Factor:     3.529232 %

[P]log_3 Load Factor:     3.149301 %

[P]Get Hit Rate:         35.6234 %

[P]rx packet:       759708.217 / s

[P]Throughput:      1497976.639 ops

[P]Valid Entries:   680083.591 / s

[P]set success:     678935.995 / s

[P]get found:       268512.617 / s

----------------------------------

[INFO]Current Time:       93.89 s

[P]indexs Load Factor:    81.9804 %

[P]log_0 Load Factor:     3.551271 %

[P]log_1 Load Factor:     3.602432 %

[P]log_2 Load Factor:     3.529232 %

[P]log_3 Load Factor:     3.172202 %

[P]Get Hit Rate:         37.0803 %

[P]rx packet:       736323.066 / s

[P]Throughput:      1423674.707 ops

[P]Valid Entries:   656927.541 / s

[P]set success:     655859.221 / s

[P]get found:       260277.778 / s

----------------------------------

[INFO]Current Time:       94.98 s
[INFO]End rx_queue_1:28319586

[P]indexs Load Factor:    82.3962 %

[P]log_0 Load Factor:     3.551271 %

[P]log_1 Load Factor:     3.602432 %

[P]log_2 Load Factor:     3.529232 %

[P]log_3 Load Factor:     3.193465 %

[P]Get Hit Rate:         33.2310 %

[P]rx packet:       438905.578 / s

[P]Throughput:      1160014.548 ops

[P]Valid Entries:   526038.904 / s

[P]set success:     519902.288 / s

[P]get found:       195283.481 / s

----------------------------------

[INFO]Current Time:       96.06 s

[P]indexs Load Factor:    82.8134 %

[P]log_0 Load Factor:     3.551271 %

[P]log_1 Load Factor:     3.602432 %

[P]log_2 Load Factor:     3.529232 %

[P]log_3 Load Factor:     3.220674 %

[P]Get Hit Rate:         29.4696 %

[P]rx packet:       344753.463 / s

[P]Throughput:      898309.828 ops

[P]Valid Entries:   403790.641 / s

[P]set success:     403570.999 / s

[P]get found:       132779.202 / s

----------------------------------

[INFO]Current Time:       97.14 s

[P]indexs Load Factor:    83.4554 %

[P]log_0 Load Factor:     3.551271 %

[P]log_1 Load Factor:     3.602432 %

[P]log_2 Load Factor:     3.529232 %

[P]log_3 Load Factor:     3.266888 %

[P]Get Hit Rate:         29.1380 %

[P]rx packet:       1043421.504 / s

[P]Throughput:      2050369.112 ops

[P]Valid Entries:   959495.968 / s

[P]set success:     957268.654 / s

[P]get found:       300715.292 / s

----------------------------------

[INFO]Current Time:       98.21 s

[P]indexs Load Factor:    84.0099 %

[P]log_0 Load Factor:     3.551271 %

[P]log_1 Load Factor:     3.602432 %

[P]log_2 Load Factor:     3.529232 %

[P]log_3 Load Factor:     3.310939 %

[P]Get Hit Rate:         29.1302 %

[P]rx packet:       1108544.849 / s

[P]Throughput:      2176262.354 ops

[P]Valid Entries:   1024343.970 / s

[P]set success:     1021907.432 / s

[P]get found:       319173.461 / s

----------------------------------

[INFO]Current Time:       99.28 s
[INFO]End rx_queue_0:31628008

[P]indexs Load Factor:    84.2953 %

[P]log_0 Load Factor:     3.551271 %

[P]log_1 Load Factor:     3.602432 %

[P]log_2 Load Factor:     3.529232 %

[P]log_3 Load Factor:     3.317333 %

[P]Get Hit Rate:         29.6975 %

[P]rx packet:       302737.764 / s

[P]Throughput:      1165416.488 ops

[P]Valid Entries:   561451.762 / s

[P]set success:     554503.005 / s

[P]get found:       174532.811 / s

----------------------------------
[INFO]End rx_queue_3:15310909

[INFO]Current Time:       100.35 s
[INFO]End rx_queue_2:32171582
Finish the job......

[P]indexs Load Factor:    84.3147 %

[P]log_0 Load Factor:     3.551271 %

[P]log_1 Load Factor:     3.602432 %

[P]log_2 Load Factor:     3.529232 %

[P]log_3 Load Factor:     3.317333 %

[P]Get Hit Rate:         27.7067 %

[P]rx packet:       107606.592 / s

[P]Throughput:      333986.603 ops

[P]Valid Entries:   166993.770 / s

[P]set success:     166993.770 / s

[P]get found:       46268.193 / s

----------------------------------

Total Index Entries:      96770244

indexs Load Factor:     84.314659 %

log_0 Load Factor:      3.551271 %

log_1 Load Factor:      3.602432 %

log_2 Load Factor:      3.529232 %

log_3 Load Factor:      3.317333 %

Get Hit Rate:           38.620894%

Max Throughput:         2714510.89

Calc Load Factor:       84.314659%

valid count:              15252593

set request:              31628007
set_success:              29409851 | set_fail:                  2218156 | set_mica_evicted:                0
set_random:                      0 | set_cuckoo_evicted:        1637684 | set_expire_evicted:         324308

get request:              31628007
get_found:                 9382224 | get_notfound:             22245783 | get_hit_ratio:          29.664291%

clean up:                        0 | test_notfound:                   0
move_to_head_performed:    1594228 | move_to_head_skipped:      7787996 | move_to_head_failed:             0


valid count:              15472328

set request:              28319585
set_success:              26469791 | set_fail:                  1849794 | set_mica_evicted:                0
set_random:                      0 | set_cuckoo_evicted:        1509488 | set_expire_evicted:              0

get request:              28319585
get_found:                15250858 | get_notfound:             13068727 | get_hit_ratio:          53.852689%

clean up:                        0 | test_notfound:                   0
move_to_head_performed:    1155127 | move_to_head_skipped:     14095731 | move_to_head_failed:             0


valid count:              15157938

set request:              32171581
set_success:              29934228 | set_fail:                  2237353 | set_mica_evicted:                0
set_random:                      0 | set_cuckoo_evicted:        1641165 | set_expire_evicted:         540658

get request:              32171581
get_found:                10435177 | get_notfound:             21736404 | get_hit_ratio:          32.436009%

clean up:                        0 | test_notfound:                   0
move_to_head_performed:    1777853 | move_to_head_skipped:      8657324 | move_to_head_failed:             0


valid count:              14247835

set request:              15310908
set_success:              14249678 | set_fail:                  1061230 | set_mica_evicted:                0
set_random:                      0 | set_cuckoo_evicted:         783157 | set_expire_evicted:         166752

get request:              15310908
get_found:                 5845594 | get_notfound:              9465314 | get_hit_ratio:          38.179277%

clean up:                        0 | test_notfound:                   0
move_to_head_performed:     635050 | move_to_head_skipped:      5210544 | move_to_head_failed:             0


[INFO] Everything works fine.
deleting piekv......
