EAL: Probing VFIO support...
EAL: VFIO support initialized
EAL: PCI device 0000:03:00.0 on NUMA socket 0
EAL:   probe driver: 15b3:1017 net_mlx5
WEN: There are 1 device(s) available
starting port 0...
querying port 0...
port 0: 100 Gbps (full-duplex)
Adding UDP filter for each endpoint.
port_id/queue_id/udp_port = 0 0 0
Flow is created with src_port = 0, dst_port = 0
port_id/queue_id/udp_port = 0 1 1
Flow is created with src_port = 0, dst_port = 1
port_id/queue_id/udp_port = 0 2 2
Flow is created with src_port = 0, dst_port = 2
port_id/queue_id/udp_port = 0 3 3
Flow is created with src_port = 0, dst_port = 3
MEM: Initializing pages...
 == [STAT] Workers Start (4 threads in total) == 

[INFO]Current Time:       8.40 s

[P]indexs Load Factor:    0.2633 %

[P]log_0 Load Factor:     0.416106 %

[P]log_1 Load Factor:     0.418492 %

[P]log_2 Load Factor:     0.473110 %

[P]log_3 Load Factor:     0.447866 %

[P]Get Hit Rate:         49.8712 %

[P]rx packet:       6267.027 / s

[P]Throughput:      173830.430 ops

[P]Valid Entries:   88429.899 / s

[P]set success:     88588.200 / s

[P]get found:       42596.121 / s

----------------------------------

[INFO]Current Time:       10.58 s

[P]indexs Load Factor:    2.4574 %

[P]log_0 Load Factor:     1.830408 %

[P]log_1 Load Factor:     1.779225 %

[P]log_2 Load Factor:     1.779692 %

[P]log_3 Load Factor:     1.145182 %

[P]Get Hit Rate:         55.1753 %

[P]rx packet:       70367.726 / s

[P]Throughput:      2003129.329 ops

[P]Valid Entries:   1073342.532 / s

[P]set success:     1086381.759 / s

[P]get found:       515294.507 / s

----------------------------------

[INFO]Current Time:       11.56 s

[P]indexs Load Factor:    4.6789 %

[P]log_0 Load Factor:     3.283544 %

[P]log_1 Load Factor:     3.181109 %

[P]log_2 Load Factor:     3.121179 %

[P]log_3 Load Factor:     1.856102 %

[P]Get Hit Rate:         58.2302 %

[P]rx packet:       153579.157 / s

[P]Throughput:      4564873.291 ops

[P]Valid Entries:   2484781.613 / s

[P]set success:     2518203.603 / s

[P]get found:       1232826.199 / s

----------------------------------

[INFO]Current Time:       12.57 s

[P]indexs Load Factor:    6.9689 %

[P]log_0 Load Factor:     4.801247 %

[P]log_1 Load Factor:     4.651878 %

[P]log_2 Load Factor:     4.520984 %

[P]log_3 Load Factor:     2.596591 %

[P]Get Hit Rate:         58.1100 %

[P]rx packet:       156212.458 / s

[P]Throughput:      4654942.370 ops

[P]Valid Entries:   2484897.486 / s

[P]set success:     2484378.327 / s

[P]get found:       1263356.016 / s

----------------------------------

[INFO]Current Time:       13.62 s

[P]indexs Load Factor:    9.2518 %

[P]log_0 Load Factor:     6.286927 %

[P]log_1 Load Factor:     6.097924 %

[P]log_2 Load Factor:     5.899666 %

[P]log_3 Load Factor:     3.335459 %

[P]Get Hit Rate:         60.1757 %

[P]rx packet:       153815.403 / s

[P]Throughput:      4465562.514 ops

[P]Valid Entries:   2436313.062 / s

[P]set success:     2471015.125 / s

[P]get found:       1264321.658 / s

----------------------------------

[INFO]Current Time:       14.68 s

[P]indexs Load Factor:    11.6136 %

[P]log_0 Load Factor:     7.829349 %

[P]log_1 Load Factor:     7.595569 %

[P]log_2 Load Factor:     7.327013 %

[P]log_3 Load Factor:     4.089952 %

[P]Get Hit Rate:         58.7249 %

[P]rx packet:       158843.493 / s

[P]Throughput:      4584791.779 ops

[P]Valid Entries:   2436790.838 / s

[P]set success:     2472108.560 / s

[P]get found:       1267669.132 / s

----------------------------------

[INFO]Current Time:       15.75 s

[P]indexs Load Factor:    14.0188 %

[P]log_0 Load Factor:     9.393087 %

[P]log_1 Load Factor:     9.119723 %

[P]log_2 Load Factor:     8.779498 %

[P]log_3 Load Factor:     4.843498 %

[P]Get Hit Rate:         60.3211 %

[P]rx packet:       157040.122 / s

[P]Throughput:      4621212.248 ops

[P]Valid Entries:   2470965.784 / s

[P]set success:     2507177.321 / s

[P]get found:       1301957.878 / s

----------------------------------

[INFO]Current Time:       16.84 s

[P]indexs Load Factor:    16.4603 %

[P]log_0 Load Factor:     10.963945 %

[P]log_1 Load Factor:     10.647111 %

[P]log_2 Load Factor:     10.240646 %

[P]log_3 Load Factor:     5.614819 %

[P]Get Hit Rate:         60.2331 %

[P]rx packet:       158079.144 / s

[P]Throughput:      4641535.178 ops

[P]Valid Entries:   2502709.971 / s

[P]set success:     2509807.698 / s

[P]get found:       1331514.309 / s

----------------------------------

[INFO]Current Time:       17.94 s

[P]indexs Load Factor:    18.8875 %

[P]log_0 Load Factor:     12.558062 %

[P]log_1 Load Factor:     12.184912 %

[P]log_2 Load Factor:     11.713717 %

[P]log_3 Load Factor:     6.384324 %

[P]Get Hit Rate:         62.4785 %

[P]rx packet:       160247.478 / s

[P]Throughput:      4505816.469 ops

[P]Valid Entries:   2448545.423 / s

[P]set success:     2485728.810 / s

[P]get found:       1333785.699 / s

----------------------------------

[INFO]Current Time:       19.05 s

[P]indexs Load Factor:    21.3745 %

[P]log_0 Load Factor:     14.176827 %

[P]log_1 Load Factor:     13.749393 %

[P]log_2 Load Factor:     13.209308 %

[P]log_3 Load Factor:     7.169172 %

[P]Get Hit Rate:         62.9916 %

[P]rx packet:       159198.069 / s

[P]Throughput:      4505163.515 ops

[P]Valid Entries:   2508045.107 / s

[P]set success:     2481740.957 / s

[P]get found:       1360131.126 / s

----------------------------------

[INFO]Current Time:       20.16 s

[P]indexs Load Factor:    23.8579 %

[P]log_0 Load Factor:     15.791792 %

[P]log_1 Load Factor:     15.310733 %

[P]log_2 Load Factor:     14.701271 %

[P]log_3 Load Factor:     7.950535 %

[P]Get Hit Rate:         62.7683 %

[P]rx packet:       159088.299 / s

[P]Throughput:      4538195.293 ops

[P]Valid Entries:   2480181.905 / s

[P]set success:     2485922.122 / s

[P]get found:       1338480.484 / s

----------------------------------

[INFO]Current Time:       21.28 s

[P]indexs Load Factor:    26.3725 %

[P]log_0 Load Factor:     17.429579 %

[P]log_1 Load Factor:     16.893910 %

[P]log_2 Load Factor:     16.211571 %

[P]log_3 Load Factor:     8.730829 %

[P]Get Hit Rate:         63.3147 %

[P]rx packet:       159687.016 / s

[P]Throughput:      4635911.758 ops

[P]Valid Entries:   2500276.470 / s

[P]set success:     2507178.253 / s

[P]get found:       1379119.199 / s

----------------------------------

[INFO]Current Time:       22.41 s

[P]indexs Load Factor:    28.9076 %

[P]log_0 Load Factor:     19.079203 %

[P]log_1 Load Factor:     18.486574 %

[P]log_2 Load Factor:     17.735295 %

[P]log_3 Load Factor:     9.516003 %

[P]Get Hit Rate:         65.2079 %

[P]rx packet:       160734.011 / s

[P]Throughput:      4660866.567 ops

[P]Valid Entries:   2510465.935 / s

[P]set success:     2517453.290 / s

[P]get found:       1408921.055 / s

----------------------------------

[INFO]Current Time:       23.54 s

[P]indexs Load Factor:    31.4610 %

[P]log_0 Load Factor:     20.739818 %

[P]log_1 Load Factor:     20.091152 %

[P]log_2 Load Factor:     19.264037 %

[P]log_3 Load Factor:     10.304876 %

[P]Get Hit Rate:         64.8031 %

[P]rx packet:       160830.111 / s

[P]Throughput:      4634712.256 ops

[P]Valid Entries:   2495807.751 / s

[P]set success:     2534572.080 / s

[P]get found:       1393011.477 / s

----------------------------------

[INFO]Current Time:       24.68 s

[P]indexs Load Factor:    33.9727 %

[P]log_0 Load Factor:     22.349708 %

[P]log_1 Load Factor:     21.653600 %

[P]log_2 Load Factor:     20.755306 %

[P]log_3 Load Factor:     11.099935 %

[P]Get Hit Rate:         64.4127 %

[P]rx packet:       163279.791 / s

[P]Throughput:      4627950.600 ops

[P]Valid Entries:   2465823.927 / s

[P]set success:     2372388.873 / s

[P]get found:       1400814.477 / s

----------------------------------

[INFO]Current Time:       25.82 s

[P]indexs Load Factor:    36.4869 %

[P]log_0 Load Factor:     23.985060 %

[P]log_1 Load Factor:     23.239806 %

[P]log_2 Load Factor:     22.258695 %

[P]log_3 Load Factor:     11.884619 %

[P]Get Hit Rate:         66.4327 %

[P]rx packet:       161866.430 / s

[P]Throughput:      4485117.088 ops

[P]Valid Entries:   2451712.575 / s

[P]set success:     2490265.517 / s

[P]get found:       1401338.405 / s

----------------------------------

[INFO]Current Time:       26.96 s

[P]indexs Load Factor:    39.0160 %

[P]log_0 Load Factor:     25.619252 %

[P]log_1 Load Factor:     24.828024 %

[P]log_2 Load Factor:     23.778083 %

[P]log_3 Load Factor:     12.667546 %

[P]Get Hit Rate:         66.7542 %

[P]rx packet:       166568.524 / s

[P]Throughput:      4613236.631 ops

[P]Valid Entries:   2488285.166 / s

[P]set success:     2464187.244 / s

[P]get found:       1427299.746 / s

----------------------------------

[INFO]Current Time:       28.11 s

[P]indexs Load Factor:    41.5671 %

[P]log_0 Load Factor:     27.241202 %

[P]log_1 Load Factor:     26.409255 %

[P]log_2 Load Factor:     25.287859 %

[P]log_3 Load Factor:     13.450466 %

[P]Get Hit Rate:         64.6129 %

[P]rx packet:       167505.298 / s

[P]Throughput:      4613820.527 ops

[P]Valid Entries:   2491791.532 / s

[P]set success:     2496319.056 / s

[P]get found:       1418731.071 / s

----------------------------------

[INFO]Current Time:       29.25 s

[P]indexs Load Factor:    44.0859 %

[P]log_0 Load Factor:     28.881690 %

[P]log_1 Load Factor:     28.009828 %

[P]log_2 Load Factor:     26.811447 %

[P]log_3 Load Factor:     14.224116 %

[P]Get Hit Rate:         66.5810 %

[P]rx packet:       168645.202 / s

[P]Throughput:      4474772.425 ops

[P]Valid Entries:   2435995.589 / s

[P]set success:     2473604.834 / s

[P]get found:       1411377.486 / s

----------------------------------

[INFO]Current Time:       30.39 s

[P]indexs Load Factor:    46.6432 %

[P]log_0 Load Factor:     30.538497 %

[P]log_1 Load Factor:     29.609269 %

[P]log_2 Load Factor:     28.342424 %

[P]log_3 Load Factor:     14.994774 %

[P]Get Hit Rate:         66.7584 %

[P]rx packet:       170528.669 / s

[P]Throughput:      4634480.563 ops

[P]Valid Entries:   2501338.214 / s

[P]set success:     2539022.643 / s

[P]get found:       1454207.628 / s

----------------------------------

[INFO]Current Time:       31.53 s

[P]indexs Load Factor:    49.1934 %

[P]log_0 Load Factor:     32.171585 %

[P]log_1 Load Factor:     31.217480 %

[P]log_2 Load Factor:     29.877359 %

[P]log_3 Load Factor:     15.749404 %

[P]Get Hit Rate:         66.1924 %

[P]rx packet:       170241.892 / s

[P]Throughput:      4656596.916 ops

[P]Valid Entries:   2482160.392 / s

[P]set success:     2518773.799 / s

[P]get found:       1447874.274 / s

----------------------------------

[INFO]Current Time:       32.68 s

[P]indexs Load Factor:    51.6670 %

[P]log_0 Load Factor:     33.684107 %

[P]log_1 Load Factor:     32.723308 %

[P]log_2 Load Factor:     31.331012 %

[P]log_3 Load Factor:     16.478539 %

[P]Get Hit Rate:         66.3403 %

[P]rx packet:       171393.055 / s

[P]Throughput:      4513337.613 ops

[P]Valid Entries:   2467755.975 / s

[P]set success:     2471928.546 / s

[P]get found:       1426613.023 / s

----------------------------------

[INFO]Current Time:       33.81 s

[P]indexs Load Factor:    54.0494 %

[P]log_0 Load Factor:     35.162417 %

[P]log_1 Load Factor:     34.226954 %

[P]log_2 Load Factor:     32.828929 %

[P]log_3 Load Factor:     17.211091 %

[P]Get Hit Rate:         65.7576 %

[P]rx packet:       167151.111 / s

[P]Throughput:      4317573.416 ops

[P]Valid Entries:   2327630.051 / s

[P]set success:     2357137.468 / s

[P]get found:       1356728.608 / s

----------------------------------

[INFO]Current Time:       34.95 s

[P]indexs Load Factor:    56.3026 %

[P]log_0 Load Factor:     36.589574 %

[P]log_1 Load Factor:     35.626695 %

[P]log_2 Load Factor:     34.227304 %

[P]log_3 Load Factor:     17.901216 %

[P]Get Hit Rate:         66.6995 %

[P]rx packet:       162183.132 / s

[P]Throughput:      4220696.954 ops

[P]Valid Entries:   2259594.094 / s

[P]set success:     2285856.686 / s

[P]get found:       1336790.242 / s

----------------------------------

[INFO]Current Time:       36.07 s

[P]indexs Load Factor:    58.5373 %

[P]log_0 Load Factor:     37.968589 %

[P]log_1 Load Factor:     37.014823 %

[P]log_2 Load Factor:     35.604781 %

[P]log_3 Load Factor:     18.572247 %

[P]Get Hit Rate:         67.7422 %

[P]rx packet:       160594.094 / s

[P]Throughput:      4146190.556 ops

[P]Valid Entries:   2232416.760 / s

[P]set success:     2198680.995 / s

[P]get found:       1323783.080 / s

----------------------------------

[INFO]Current Time:       37.20 s

[P]indexs Load Factor:    60.7091 %

[P]log_0 Load Factor:     39.276948 %

[P]log_1 Load Factor:     38.329981 %

[P]log_2 Load Factor:     36.923843 %

[P]log_3 Load Factor:     19.219881 %

[P]Get Hit Rate:         67.0210 %

[P]rx packet:       158678.601 / s

[P]Throughput:      4078288.801 ops

[P]Valid Entries:   2209563.527 / s

[P]set success:     2202655.823 / s

[P]get found:       1296306.086 / s

----------------------------------

[INFO]Current Time:       38.33 s

[P]indexs Load Factor:    62.7579 %

[P]log_0 Load Factor:     40.575370 %

[P]log_1 Load Factor:     39.617425 %

[P]log_2 Load Factor:     38.211973 %

[P]log_3 Load Factor:     19.829301 %

[P]Get Hit Rate:         67.0584 %

[P]rx packet:       146851.176 / s

[P]Throughput:      3839825.343 ops

[P]Valid Entries:   2047749.467 / s

[P]set success:     2065087.324 / s

[P]get found:       1223140.938 / s

----------------------------------

[INFO]Current Time:       39.45 s

[P]indexs Load Factor:    64.7345 %

[P]log_0 Load Factor:     41.791348 %

[P]log_1 Load Factor:     40.824611 %

[P]log_2 Load Factor:     39.421801 %

[P]log_3 Load Factor:     20.408837 %

[P]Get Hit Rate:         67.2363 %

[P]rx packet:       145055.463 / s

[P]Throughput:      3775580.393 ops

[P]Valid Entries:   2025306.262 / s

[P]set success:     2040526.006 / s

[P]get found:       1197248.171 / s

----------------------------------

[INFO]Current Time:       40.56 s

[P]indexs Load Factor:    66.5673 %

[P]log_0 Load Factor:     42.915074 %

[P]log_1 Load Factor:     41.926576 %

[P]log_2 Load Factor:     40.538328 %

[P]log_3 Load Factor:     20.962542 %

[P]Get Hit Rate:         67.2418 %

[P]rx packet:       135592.193 / s

[P]Throughput:      3561765.325 ops

[P]Valid Entries:   1895103.665 / s

[P]set success:     1907318.718 / s

[P]get found:       1138576.783 / s

----------------------------------

[INFO]Current Time:       41.67 s

[P]indexs Load Factor:    68.2860 %

[P]log_0 Load Factor:     44.006234 %

[P]log_1 Load Factor:     42.998245 %

[P]log_2 Load Factor:     41.622750 %

[P]log_3 Load Factor:     21.474099 %

[P]Get Hit Rate:         68.1487 %

[P]rx packet:       126329.185 / s

[P]Throughput:      3334243.421 ops

[P]Valid Entries:   1769242.443 / s

[P]set success:     1778676.081 / s

[P]get found:       1067315.782 / s

----------------------------------

[INFO]Current Time:       42.78 s

[P]indexs Load Factor:    69.9117 %

[P]log_0 Load Factor:     45.008257 %

[P]log_1 Load Factor:     43.995656 %

[P]log_2 Load Factor:     42.626375 %

[P]log_3 Load Factor:     21.955965 %

[P]Get Hit Rate:         68.1338 %

[P]rx packet:       121105.594 / s

[P]Throughput:      3159230.698 ops

[P]Valid Entries:   1698933.397 / s

[P]set success:     1662635.647 / s

[P]get found:       1023166.853 / s

----------------------------------

[INFO]Current Time:       43.88 s

[P]indexs Load Factor:    71.4493 %

[P]log_0 Load Factor:     45.966201 %

[P]log_1 Load Factor:     44.938464 %

[P]log_2 Load Factor:     43.580664 %

[P]log_3 Load Factor:     22.404492 %

[P]Get Hit Rate:         68.2881 %

[P]rx packet:       115861.347 / s

[P]Throughput:      3032041.988 ops

[P]Valid Entries:   1625515.373 / s

[P]set success:     1631661.190 / s

[P]get found:       986808.172 / s

----------------------------------

[INFO]Current Time:       44.97 s

[P]indexs Load Factor:    72.8963 %

[P]log_0 Load Factor:     46.752904 %

[P]log_1 Load Factor:     45.827715 %

[P]log_2 Load Factor:     44.478232 %

[P]log_3 Load Factor:     22.835039 %

[P]Get Hit Rate:         67.3408 %

[P]rx packet:       108466.175 / s

[P]Throughput:      2902484.940 ops

[P]Valid Entries:   1524683.566 / s

[P]set success:     1529318.076 / s

[P]get found:       923252.182 / s

----------------------------------

[INFO]Current Time:       46.06 s

[P]indexs Load Factor:    74.2432 %

[P]log_0 Load Factor:     46.752904 %

[P]log_1 Load Factor:     46.432678 %

[P]log_2 Load Factor:     45.316802 %

[P]log_3 Load Factor:     23.238441 %

[P]Get Hit Rate:         69.0875 %

[P]rx packet:       101690.122 / s

[P]Throughput:      2677209.830 ops

[P]Valid Entries:   1428214.120 / s

[P]set success:     1430686.111 / s

[P]get found:       869214.870 / s

----------------------------------

[INFO]Current Time:       47.16 s

[P]indexs Load Factor:    75.4934 %

[P]log_0 Load Factor:     46.752904 %

[P]log_1 Load Factor:     46.432678 %

[P]log_2 Load Factor:     46.101306 %

[P]log_3 Load Factor:     23.614032 %

[P]Get Hit Rate:         66.2419 %

[P]rx packet:       95287.236 / s

[P]Throughput:      2565485.642 ops

[P]Valid Entries:   1340502.969 / s

[P]set success:     1338041.981 / s

[P]get found:       804463.412 / s

----------------------------------

[INFO]Current Time:       48.25 s

[P]indexs Load Factor:    76.6586 %

[P]log_0 Load Factor:     46.752904 %

[P]log_1 Load Factor:     46.432678 %

[P]log_2 Load Factor:     46.156663 %

[P]log_3 Load Factor:     23.967054 %

[P]Get Hit Rate:         68.4662 %

[P]rx packet:       88937.260 / s

[P]Throughput:      2368634.320 ops

[P]Valid Entries:   1250958.432 / s

[P]set success:     1247698.995 / s

[P]get found:       756451.804 / s

----------------------------------

[INFO]Current Time:       49.33 s

[P]indexs Load Factor:    77.7342 %

[P]log_0 Load Factor:     46.752904 %

[P]log_1 Load Factor:     46.432678 %

[P]log_2 Load Factor:     46.156663 %

[P]log_3 Load Factor:     24.296623 %

[P]Get Hit Rate:         65.3246 %

[P]rx packet:       82752.129 / s

[P]Throughput:      2223041.259 ops

[P]Valid Entries:   1161041.795 / s

[P]set success:     1158238.823 / s

[P]get found:       692569.792 / s

----------------------------------

[INFO]Current Time:       50.41 s

[P]indexs Load Factor:    78.7556 %

[P]log_0 Load Factor:     46.752904 %

[P]log_1 Load Factor:     46.432678 %

[P]log_2 Load Factor:     46.156663 %

[P]log_3 Load Factor:     24.608377 %

[P]Get Hit Rate:         66.6603 %

[P]rx packet:       79149.063 / s

[P]Throughput:      2100016.982 ops

[P]Valid Entries:   1107289.611 / s

[P]set success:     1090871.061 / s

[P]get found:       668386.223 / s

----------------------------------

[INFO]Current Time:       51.49 s

[P]indexs Load Factor:    79.7151 %

[P]log_0 Load Factor:     46.752904 %

[P]log_1 Load Factor:     46.432678 %

[P]log_2 Load Factor:     46.156662 %

[P]log_3 Load Factor:     24.904156 %

[P]Get Hit Rate:         65.5753 %

[P]rx packet:       74865.315 / s

[P]Throughput:      2028946.808 ops

[P]Valid Entries:   1043791.039 / s

[P]set success:     1041314.042 / s

[P]get found:       630832.782 / s

----------------------------------

[INFO]Current Time:       52.57 s

[P]indexs Load Factor:    80.5980 %

[P]log_0 Load Factor:     46.752904 %

[P]log_1 Load Factor:     46.432678 %

[P]log_2 Load Factor:     46.156663 %

[P]log_3 Load Factor:     25.174925 %

[P]Get Hit Rate:         65.1138 %

[P]rx packet:       70570.043 / s

[P]Throughput:      1915244.375 ops

[P]Valid Entries:   980879.576 / s

[P]set success:     978812.892 / s

[P]get found:       591176.444 / s

----------------------------------

[INFO]Current Time:       53.64 s

[P]indexs Load Factor:    81.4270 %

[P]log_0 Load Factor:     46.752904 %

[P]log_1 Load Factor:     46.432678 %

[P]log_2 Load Factor:     46.156663 %

[P]log_3 Load Factor:     25.434885 %

[P]Get Hit Rate:         64.7236 %

[P]rx packet:       64672.129 / s

[P]Throughput:      1745313.527 ops

[P]Valid Entries:   894743.684 / s

[P]set success:     892860.274 / s

[P]get found:       539943.435 / s

----------------------------------

[INFO]Current Time:       54.71 s

[P]indexs Load Factor:    82.2138 %

[P]log_0 Load Factor:     46.752904 %

[P]log_1 Load Factor:     46.432678 %

[P]log_2 Load Factor:     46.156663 %

[P]log_3 Load Factor:     25.678730 %

[P]Get Hit Rate:         64.6285 %

[P]rx packet:       62746.313 / s

[P]Throughput:      1706411.391 ops

[P]Valid Entries:   863623.578 / s

[P]set success:     861877.616 / s

[P]get found:       523175.066 / s

----------------------------------

[INFO]Current Time:       55.77 s

[P]indexs Load Factor:    82.9610 %

[P]log_0 Load Factor:     46.752904 %

[P]log_1 Load Factor:     46.432678 %

[P]log_2 Load Factor:     46.156663 %

[P]log_3 Load Factor:     25.902716 %

[P]Get Hit Rate:         64.3308 %

[P]rx packet:       60261.673 / s

[P]Throughput:      1639663.331 ops

[P]Valid Entries:   824468.954 / s

[P]set success:     822850.496 / s

[P]get found:       500227.090 / s

----------------------------------

[INFO]Current Time:       56.84 s

[P]indexs Load Factor:    83.7739 %

[P]log_0 Load Factor:     46.752904 %

[P]log_1 Load Factor:     46.432678 %

[P]log_2 Load Factor:     46.156663 %

[P]log_3 Load Factor:     26.338907 %

[P]Get Hit Rate:         64.1612 %

[P]rx packet:       56918.874 / s

[P]Throughput:      1551010.247 ops

[P]Valid Entries:   772104.994 / s

[P]set success:     770706.872 / s

[P]get found:       472524.176 / s

----------------------------------

[INFO]Current Time:       57.90 s

[P]indexs Load Factor:    84.8629 %

[P]log_0 Load Factor:     46.752904 %

[P]log_1 Load Factor:     46.432676 %

[P]log_2 Load Factor:     46.156663 %

[P]log_3 Load Factor:     27.111977 %

[P]Get Hit Rate:         63.8160 %

[P]rx packet:       121456.975 / s

[P]Throughput:      3201703.376 ops

[P]Valid Entries:   1688330.639 / s

[P]set success:     1661434.869 / s

[P]get found:       989525.609 / s

----------------------------------

[INFO]Current Time:       58.95 s

[P]indexs Load Factor:    85.9365 %

[P]log_0 Load Factor:     46.752904 %

[P]log_1 Load Factor:     46.432678 %

[P]log_2 Load Factor:     46.156663 %

[P]log_3 Load Factor:     27.879143 %

[P]Get Hit Rate:         62.7014 %

[P]rx packet:       128249.262 / s

[P]Throughput:      3400977.907 ops

[P]Valid Entries:   1784590.503 / s

[P]set success:     1779359.736 / s

[P]get found:       1023771.917 / s

----------------------------------

[INFO]Current Time:       60.00 s

[P]indexs Load Factor:    86.9795 %

[P]log_0 Load Factor:     46.752904 %

[P]log_1 Load Factor:     46.432678 %

[P]log_2 Load Factor:     46.156663 %

[P]log_3 Load Factor:     28.638080 %

[P]Get Hit Rate:         60.3906 %

[P]rx packet:       128392.199 / s

[P]Throughput:      3424244.340 ops

[P]Valid Entries:   1784300.849 / s

[P]set success:     1779045.841 / s

[P]get found:       986188.751 / s

----------------------------------

[INFO]Current Time:       61.05 s

[P]indexs Load Factor:    87.9704 %

[P]log_0 Load Factor:     46.752904 %

[P]log_1 Load Factor:     46.432678 %

[P]log_2 Load Factor:     46.156663 %

[P]log_3 Load Factor:     29.378744 %

[P]Get Hit Rate:         61.3530 %

[P]rx packet:       132104.664 / s

[P]Throughput:      3480464.937 ops

[P]Valid Entries:   1836034.698 / s

[P]set success:     1807926.754 / s

[P]get found:       1004219.404 / s

----------------------------------

[INFO]Current Time:       62.09 s

[P]indexs Load Factor:    88.9183 %

[P]log_0 Load Factor:     46.752904 %

[P]log_1 Load Factor:     46.432678 %

[P]log_2 Load Factor:     46.156663 %

[P]log_3 Load Factor:     30.129174 %

[P]Get Hit Rate:         60.6256 %

[P]rx packet:       131650.096 / s

[P]Throughput:      3506238.564 ops

[P]Valid Entries:   1827817.828 / s

[P]set success:     1798741.533 / s

[P]get found:       1012834.509 / s

----------------------------------

[INFO]Current Time:       63.13 s

[P]indexs Load Factor:    89.8013 %

[P]log_0 Load Factor:     46.752904 %

[P]log_1 Load Factor:     46.432678 %

[P]log_2 Load Factor:     46.156663 %

[P]log_3 Load Factor:     30.867755 %

[P]Get Hit Rate:         59.9456 %

[P]rx packet:       135482.598 / s

[P]Throughput:      3582778.962 ops

[P]Valid Entries:   1878547.045 / s

[P]set success:     1873251.349 / s

[P]get found:       1030559.394 / s

----------------------------------

[INFO]Current Time:       64.16 s

[P]indexs Load Factor:    90.6076 %

[P]log_0 Load Factor:     46.752904 %

[P]log_1 Load Factor:     46.432678 %

[P]log_2 Load Factor:     46.156663 %

[P]log_3 Load Factor:     31.594276 %

[P]Get Hit Rate:         59.5576 %

[P]rx packet:       125037.956 / s

[P]Throughput:      3333457.733 ops

[P]Valid Entries:   1735305.724 / s

[P]set success:     1729969.493 / s

[P]get found:       947740.802 / s

----------------------------------

[INFO]Current Time:       65.19 s

[P]indexs Load Factor:    91.4106 %

[P]log_0 Load Factor:     46.752904 %

[P]log_1 Load Factor:     46.432678 %

[P]log_2 Load Factor:     46.156663 %

[P]log_3 Load Factor:     32.331390 %

[P]Get Hit Rate:         59.7034 %

[P]rx packet:       137023.441 / s

[P]Throughput:      3575387.983 ops

[P]Valid Entries:   1901118.453 / s

[P]set success:     1861820.900 / s

[P]get found:       1023267.976 / s

----------------------------------

[INFO]Current Time:       66.22 s

[P]indexs Load Factor:    92.1480 %

[P]log_0 Load Factor:     46.752904 %

[P]log_1 Load Factor:     46.432678 %

[P]log_2 Load Factor:     46.156663 %

[P]log_3 Load Factor:     33.049421 %

[P]Get Hit Rate:         58.4701 %

[P]rx packet:       135071.624 / s

[P]Throughput:      3587992.727 ops

[P]Valid Entries:   1871925.298 / s

[P]set success:     1841476.606 / s

[P]get found:       998399.323 / s

----------------------------------

[INFO]Current Time:       67.24 s

[P]indexs Load Factor:    92.8386 %

[P]log_0 Load Factor:     46.752904 %

[P]log_1 Load Factor:     46.432676 %

[P]log_2 Load Factor:     46.156663 %

[P]log_3 Load Factor:     33.756997 %

[P]Get Hit Rate:         57.9523 %

[P]rx packet:       135575.807 / s

[P]Throughput:      3579959.458 ops

[P]Valid Entries:   1879887.024 / s

[P]set success:     1850794.454 / s

[P]get found:       995141.758 / s

----------------------------------

[INFO]Current Time:       68.25 s

[P]indexs Load Factor:    93.5084 %

[P]log_0 Load Factor:     46.752904 %

[P]log_1 Load Factor:     46.432678 %

[P]log_2 Load Factor:     46.156663 %

[P]log_3 Load Factor:     34.460409 %

[P]Get Hit Rate:         59.7773 %

[P]rx packet:       136373.604 / s

[P]Throughput:      3530802.223 ops

[P]Valid Entries:   1863007.497 / s

[P]set success:     1883915.306 / s

[P]get found:       991064.011 / s

----------------------------------

[INFO]Current Time:       69.27 s

[P]indexs Load Factor:    94.1172 %

[P]log_0 Load Factor:     46.752904 %

[P]log_1 Load Factor:     46.432678 %

[P]log_2 Load Factor:     46.156663 %

[P]log_3 Load Factor:     35.175212 %

[P]Get Hit Rate:         56.0397 %

[P]rx packet:       139352.629 / s

[P]Throughput:      3650134.171 ops

[P]Valid Entries:   1930968.939 / s

[P]set success:     1926002.328 / s

[P]get found:       984989.052 / s

----------------------------------

[INFO]Current Time:       70.28 s

[P]indexs Load Factor:    94.7056 %

[P]log_0 Load Factor:     46.752904 %

[P]log_1 Load Factor:     46.432678 %

[P]log_2 Load Factor:     46.156663 %

[P]log_3 Load Factor:     35.862777 %

[P]Get Hit Rate:         56.2520 %

[P]rx packet:       143238.073 / s

[P]Throughput:      3773085.997 ops

[P]Valid Entries:   1983861.184 / s

[P]set success:     1929216.751 / s

[P]get found:       1016530.691 / s

----------------------------------

[INFO]Current Time:       71.28 s

[P]indexs Load Factor:    95.2569 %

[P]log_0 Load Factor:     46.752904 %

[P]log_1 Load Factor:     46.432678 %

[P]log_2 Load Factor:     46.156663 %

[P]log_3 Load Factor:     36.560891 %

[P]Get Hit Rate:         56.4675 %

[P]rx packet:       147330.876 / s

[P]Throughput:      3853208.645 ops

[P]Valid Entries:   2040125.808 / s

[P]set success:     2034793.972 / s

[P]get found:       1018574.603 / s

----------------------------------

[INFO]Current Time:       72.29 s

[P]indexs Load Factor:    95.7490 %

[P]log_0 Load Factor:     46.752904 %

[P]log_1 Load Factor:     46.432678 %

[P]log_2 Load Factor:     46.156663 %

[P]log_3 Load Factor:     37.249621 %

[P]Get Hit Rate:         53.5330 %

[P]rx packet:       145718.951 / s

[P]Throughput:      3860817.249 ops

[P]Valid Entries:   2017327.314 / s

[P]set success:     2012169.666 / s

[P]get found:       982795.360 / s

----------------------------------

[INFO]Current Time:       73.29 s

[P]indexs Load Factor:    96.2157 %

[P]log_0 Load Factor:     46.752904 %

[P]log_1 Load Factor:     46.432678 %

[P]log_2 Load Factor:     46.156663 %

[P]log_3 Load Factor:     37.943631 %

[P]Get Hit Rate:         54.9400 %

[P]rx packet:       149716.038 / s

[P]Throughput:      3883798.453 ops

[P]Valid Entries:   2046220.943 / s

[P]set success:     2069148.551 / s

[P]get found:       1005279.723 / s

----------------------------------

[INFO]Current Time:       74.29 s

[P]indexs Load Factor:    96.6424 %

[P]log_0 Load Factor:     46.752904 %

[P]log_1 Load Factor:     46.432678 %

[P]log_2 Load Factor:     46.156663 %

[P]log_3 Load Factor:     38.630951 %

[P]Get Hit Rate:         52.7887 %

[P]rx packet:       152368.143 / s

[P]Throughput:      4028689.462 ops

[P]Valid Entries:   2111653.817 / s

[P]set success:     2106475.636 / s

[P]get found:       1008164.466 / s

----------------------------------

[INFO]Current Time:       75.27 s

[P]indexs Load Factor:    97.0188 %

[P]log_0 Load Factor:     46.752904 %

[P]log_1 Load Factor:     46.432676 %

[P]log_2 Load Factor:     46.156663 %

[P]log_3 Load Factor:     39.316136 %

[P]Get Hit Rate:         51.3712 %

[P]rx packet:       152947.779 / s

[P]Throughput:      4010892.477 ops

[P]Valid Entries:   2117198.887 / s

[P]set success:     2082541.094 / s

[P]get found:       985616.718 / s

----------------------------------

[INFO]Current Time:       76.27 s

[P]indexs Load Factor:    97.3606 %

[P]log_0 Load Factor:     46.752904 %

[P]log_1 Load Factor:     46.432678 %

[P]log_2 Load Factor:     46.156663 %

[P]log_3 Load Factor:     40.003361 %

[P]Get Hit Rate:         52.0301 %

[P]rx packet:       145792.510 / s

[P]Throughput:      3806461.508 ops

[P]Valid Entries:   2020230.551 / s

[P]set success:     1986406.850 / s

[P]get found:       941351.888 / s

----------------------------------

[INFO]Current Time:       77.26 s

[P]indexs Load Factor:    97.6684 %

[P]log_0 Load Factor:     46.752904 %

[P]log_1 Load Factor:     46.432678 %

[P]log_2 Load Factor:     46.156663 %

[P]log_3 Load Factor:     40.674293 %

[P]Get Hit Rate:         50.0285 %

[P]rx packet:       150855.377 / s

[P]Throughput:      3990689.152 ops

[P]Valid Entries:   2092328.749 / s

[P]set success:     2087830.154 / s

[P]get found:       947557.425 / s

----------------------------------

[INFO]Current Time:       78.24 s

[P]indexs Load Factor:    97.9530 %

[P]log_0 Load Factor:     46.752904 %

[P]log_1 Load Factor:     46.432678 %

[P]log_2 Load Factor:     46.156663 %

[P]log_3 Load Factor:     41.346515 %

[P]Get Hit Rate:         50.6008 %

[P]rx packet:       156598.670 / s

[P]Throughput:      4078037.148 ops

[P]Valid Entries:   2171652.441 / s

[P]set success:     2166865.703 / s

[P]get found:       979210.874 / s

----------------------------------

[INFO]Current Time:       79.21 s

[P]indexs Load Factor:    98.2063 %

[P]log_0 Load Factor:     46.752904 %

[P]log_1 Load Factor:     46.432678 %

[P]log_2 Load Factor:     46.156663 %

[P]log_3 Load Factor:     42.041026 %

[P]Get Hit Rate:         49.2721 %

[P]rx packet:       156395.152 / s

[P]Throughput:      4128912.706 ops

[P]Valid Entries:   2169097.989 / s

[P]set success:     2132619.645 / s

[P]get found:       965240.961 / s

----------------------------------

[INFO]Current Time:       80.19 s

[P]indexs Load Factor:    98.4530 %

[P]log_0 Load Factor:     46.752904 %

[P]log_1 Load Factor:     46.432678 %

[P]log_2 Load Factor:     46.156663 %

[P]log_3 Load Factor:     43.208444 %

[P]Get Hit Rate:         48.2698 %

[P]rx packet:       154555.176 / s

[P]Throughput:      3954050.168 ops

[P]Valid Entries:   2228189.459 / s

[P]set success:     2160727.289 / s

[P]get found:       831528.955 / s

----------------------------------

[INFO]Current Time:       81.17 s

[P]indexs Load Factor:    98.6822 %

[P]log_0 Load Factor:     46.752904 %

[P]log_1 Load Factor:     46.432678 %

[P]log_2 Load Factor:     46.156663 %

[P]log_3 Load Factor:     44.457795 %

[P]Get Hit Rate:         44.7298 %

[P]rx packet:       166326.669 / s

[P]Throughput:      4083320.950 ops

[P]Valid Entries:   2480480.948 / s

[P]set success:     2504082.515 / s

[P]get found:       726864.412 / s

----------------------------------

[INFO]Current Time:       82.15 s

[P]indexs Load Factor:    98.8829 %

[P]log_0 Load Factor:     46.752904 %

[P]log_1 Load Factor:     46.432678 %

[P]log_2 Load Factor:     46.156662 %

[P]log_3 Load Factor:     45.735102 %

[P]Get Hit Rate:         43.6534 %

[P]rx packet:       168988.742 / s

[P]Throughput:      4146233.949 ops

[P]Valid Entries:   2545423.818 / s

[P]set success:     2538259.885 / s

[P]get found:       723913.688 / s

----------------------------------

[INFO]Current Time:       83.13 s

[P]indexs Load Factor:    99.0450 %

[P]log_0 Load Factor:     46.752904 %

[P]log_1 Load Factor:     46.432678 %

[P]log_2 Load Factor:     46.156663 %

[P]log_3 Load Factor:     46.979781 %

[P]Get Hit Rate:         42.3177 %

[P]rx packet:       169268.675 / s

[P]Throughput:      4219258.569 ops

[P]Valid Entries:   2548952.633 / s

[P]set success:     2477058.805 / s

[P]get found:       704618.418 / s

----------------------------------

[INFO]Current Time:       84.10 s

[P]indexs Load Factor:    99.1575 %

[P]log_0 Load Factor:     46.752904 %

[P]log_1 Load Factor:     46.432678 %

[P]log_2 Load Factor:     46.156663 %

[P]log_3 Load Factor:     47.775930 %

[P]Get Hit Rate:         41.7376 %

[P]rx packet:       163841.403 / s

[P]Throughput:      4802366.946 ops

[P]Valid Entries:   1959095.869 / s

[P]set success:     1959781.192 / s

[P]get found:       1199893.589 / s

----------------------------------

[INFO]Current Time:       85.07 s
[INFO]End rx_queue_3:1824446

[P]indexs Load Factor:    99.2218 %

[P]log_0 Load Factor:     46.752904 %

[P]log_1 Load Factor:     46.432678 %

[P]log_2 Load Factor:     46.156663 %

[P]log_3 Load Factor:     47.775930 %

[P]Get Hit Rate:         41.3368 %

[P]rx packet:       110040.711 / s

[P]Throughput:      4352782.563 ops

[P]Valid Entries:   1454275.387 / s

[P]set success:     1394506.112 / s

[P]get found:       1192791.359 / s

----------------------------------

[INFO]Current Time:       86.04 s

[P]indexs Load Factor:    99.2549 %

[P]log_0 Load Factor:     46.752904 %

[P]log_1 Load Factor:     46.432678 %

[P]log_2 Load Factor:     46.156663 %

[P]log_3 Load Factor:     47.775930 %

[P]Get Hit Rate:         40.5791 %

[P]rx packet:       109972.085 / s

[P]Throughput:      4682181.732 ops

[P]Valid Entries:   779073.452 / s

[P]set success:     779629.028 / s

[P]get found:       1579823.614 / s

----------------------------------

[INFO]Current Time:       87.01 s

[P]indexs Load Factor:    99.2820 %

[P]log_0 Load Factor:     46.752904 %

[P]log_1 Load Factor:     46.432678 %

[P]log_2 Load Factor:     46.156663 %

[P]log_3 Load Factor:     47.775930 %

[P]Get Hit Rate:         39.8724 %

[P]rx packet:       67053.768 / s

[P]Throughput:      3984794.741 ops

[P]Valid Entries:   639437.752 / s

[P]set success:     639437.752 / s

[P]get found:       1330719.022 / s

----------------------------------
[INFO]End rx_queue_0:3172739

[INFO]Current Time:       87.99 s

[P]indexs Load Factor:    99.2821 %

[P]log_0 Load Factor:     46.752904 %

[P]log_1 Load Factor:     46.432678 %

[P]log_2 Load Factor:     46.156663 %

[P]log_3 Load Factor:     47.775930 %

[P]Get Hit Rate:         40.5682 %

[P]rx packet:       49239.334 / s

[P]Throughput:      3673507.654 ops

[P]Valid Entries:   136855.705 / s

[P]set success:     136855.705 / s

[P]get found:       1434131.882 / s

----------------------------------

[INFO]Current Time:       88.95 s

[P]indexs Load Factor:    99.2821 %

[P]log_0 Load Factor:     46.752904 %

[P]log_1 Load Factor:     46.432678 %

[P]log_2 Load Factor:     46.156663 %

[P]log_3 Load Factor:     47.775930 %

[P]Get Hit Rate:         40.9229 %

[P]rx packet:       73484.448 / s

[P]Throughput:      3697534.630 ops

[P]get found:       1513137.373 / s

----------------------------------
[INFO]End rx_queue_1:3148575

[INFO]Current Time:       89.92 s
[INFO]End rx_queue_2:3119579
Finish the job......

[P]indexs Load Factor:    99.2821 %

[P]log_0 Load Factor:     46.752904 %

[P]log_1 Load Factor:     46.432678 %

[P]log_2 Load Factor:     46.156663 %

[P]log_3 Load Factor:     47.775930 %

[P]Get Hit Rate:         42.3641 %

[P]rx packet:       2431.326 / s

[P]Throughput:      778146.352 ops

[P]get found:       329654.676 / s

----------------------------------

Total Index Entries:     151769988

indexs Load Factor:     99.282130 %

log_0 Load Factor:      46.752904 %

log_1 Load Factor:      46.432678 %

log_2 Load Factor:      46.156663 %

log_3 Load Factor:      47.775930 %

Get Hit Rate:           58.326934%

Max Throughput:         4802366.95

Calc Load Factor:       99.282130%

valid count:              25100274

set request:              44426439
set_success:              44174432 | set_fail:                   252007 | set_mica_evicted:                0
set_random:                      0 | set_cuckoo_evicted:        1915415 | set_expire_evicted:       10337333

get request:              45444481
get_found:                26231771 | get_notfound:             19212710 | get_hit_ratio:          57.722677%

clean up:                        0 | test_notfound:                   0
move_to_head_performed:    2909491 | move_to_head_skipped:     23322280 | move_to_head_failed:             0


valid count:              24928354

set request:              44225667
set_success:              43901819 | set_fail:                   323848 | set_mica_evicted:                0
set_random:                      0 | set_cuckoo_evicted:        2011985 | set_expire_evicted:       10843175

get request:              44860043
get_found:                23767192 | get_notfound:             21092851 | get_hit_ratio:          52.980761%

clean up:                        0 | test_notfound:                   0
move_to_head_performed:    3244453 | move_to_head_skipped:     20522739 | move_to_head_failed:             0


valid count:              24780170

set request:              43952873
set_success:              43577799 | set_fail:                   375074 | set_mica_evicted:                0
set_random:                      0 | set_cuckoo_evicted:        2002455 | set_expire_evicted:       11328040

get request:              44040521
get_found:                24629365 | get_notfound:             19411156 | get_hit_ratio:          55.924327%

clean up:                        0 | test_notfound:                   0
move_to_head_performed:    3399699 | move_to_head_skipped:     21229666 | move_to_head_failed:             0


valid count:              25649507

set request:              25921692
set_success:              25868963 | set_fail:                    52729 | set_mica_evicted:                0
set_random:                      0 | set_cuckoo_evicted:         839530 | set_expire_evicted:        8417023

get request:              25119474
get_found:                15916681 | get_notfound:              9202793 | get_hit_ratio:          63.363910%

clean up:                        0 | test_notfound:                   0
move_to_head_performed:    1194038 | move_to_head_skipped:     14722643 | move_to_head_failed:             0


[INFO] Everything works fine.
deleting piekv......
