[INFO] 单个Log Size为:4 GB
[INFO] 运行mica
EAL: Probing VFIO support...
EAL: VFIO support initialized
EAL: PCI device 0000:03:00.0 on NUMA socket 0
EAL:   probe driver: 15b3:1017 net_mlx5
WEN: There are 1 device(s) available
starting port 0...
querying port 0...
port 0: 100 Gbps (full-duplex)
Adding UDP filter for each endpoint.
port_id/queue_id/udp_port = 0 0 0
Flow is created with src_port = 0, dst_port = 0
port_id/queue_id/udp_port = 0 1 1
Flow is created with src_port = 0, dst_port = 1
port_id/queue_id/udp_port = 0 2 2
Flow is created with src_port = 0, dst_port = 2
port_id/queue_id/udp_port = 0 3 3
Flow is created with src_port = 0, dst_port = 3
MEM: Initializing pages...
 == [STAT] Workers Start (4 threads in total) == 

[INFO]Current Time:       8.40 s

[P]indexs Load Factor:    0.9484 %

[P]log_0 Load Factor:     0.425891 %

[P]log_1 Load Factor:     0.448353 %

[P]log_2 Load Factor:     0.414703 %

[P]log_3 Load Factor:     0.238094 %

[P]Get Hit Rate:         57.5083 %

[P]rx packet:       37371.215 / s

[P]Throughput:      1562077.786 ops

[P]Valid Entries:   797529.183 / s

[P]set success:     807418.525 / s

[P]get found:       460236.807 / s

----------------------------------

[INFO]Current Time:       9.41 s

[P]indexs Load Factor:    3.3479 %

[P]log_0 Load Factor:     1.134002 %

[P]log_1 Load Factor:     1.214062 %

[P]log_2 Load Factor:     1.085189 %

[P]log_3 Load Factor:     0.759760 %

[P]Get Hit Rate:         66.6681 %

[P]rx packet:       76380.996 / s

[P]Throughput:      4404235.640 ops

[P]Valid Entries:   2344359.665 / s

[P]set success:     2357636.572 / s

[P]get found:       1527244.456 / s

----------------------------------

[INFO]Current Time:       10.44 s

[P]indexs Load Factor:    5.8194 %

[P]log_0 Load Factor:     1.870748 %

[P]log_1 Load Factor:     2.012558 %

[P]log_2 Load Factor:     1.782234 %

[P]log_3 Load Factor:     1.294772 %

[P]Get Hit Rate:         70.5885 %

[P]rx packet:       69395.320 / s

[P]Throughput:      4524522.782 ops

[P]Valid Entries:   2292721.875 / s

[P]set success:     2411443.072 / s

[P]get found:       1602075.405 / s

----------------------------------

[INFO]Current Time:       11.50 s

[P]indexs Load Factor:    8.4070 %

[P]log_0 Load Factor:     2.643684 %

[P]log_1 Load Factor:     2.849357 %

[P]log_2 Load Factor:     2.511647 %

[P]log_3 Load Factor:     1.834048 %

[P]Get Hit Rate:         71.7830 %

[P]rx packet:       74297.256 / s

[P]Throughput:      4531718.071 ops

[P]Valid Entries:   2348407.175 / s

[P]mica evicted:      1.872 / s

[P]set success:     2431596.333 / s

[P]get found:       1642256.182 / s

----------------------------------

[INFO]Current Time:       12.62 s

[P]indexs Load Factor:    11.0844 %

[P]log_0 Load Factor:     3.439127 %

[P]log_1 Load Factor:     3.705307 %

[P]log_2 Load Factor:     3.266959 %

[P]log_3 Load Factor:     2.393583 %

[P]Get Hit Rate:         74.1499 %

[P]rx packet:       75079.885 / s

[P]Throughput:      4465462.160 ops

[P]Valid Entries:   2357473.246 / s

[P]mica evicted:     13.446 / s

[P]set success:     2375966.680 / s

[P]get found:       1659517.520 / s

----------------------------------

[INFO]Current Time:       13.77 s

[P]indexs Load Factor:    13.8022 %

[P]log_0 Load Factor:     4.240492 %

[P]log_1 Load Factor:     4.568556 %

[P]log_2 Load Factor:     4.025466 %

[P]log_3 Load Factor:     2.951320 %

[P]Get Hit Rate:         74.3308 %

[P]rx packet:       79032.350 / s

[P]Throughput:      4621302.267 ops

[P]Valid Entries:   2334997.064 / s

[P]mica evicted:     95.621 / s

[P]set success:     2348721.260 / s

[P]get found:       1711357.181 / s

----------------------------------

[INFO]Current Time:       14.93 s

[P]indexs Load Factor:    16.5148 %

[P]log_0 Load Factor:     5.044239 %

[P]log_1 Load Factor:     5.432556 %

[P]log_2 Load Factor:     4.786875 %

[P]log_3 Load Factor:     3.505806 %

[P]Get Hit Rate:         73.5221 %

[P]rx packet:       80657.439 / s

[P]Throughput:      4532440.793 ops

[P]Valid Entries:   2291315.191 / s

[P]mica evicted:    267.942 / s

[P]set success:     2390162.532 / s

[P]get found:       1680448.750 / s

----------------------------------

[INFO]Current Time:       16.10 s

[P]indexs Load Factor:    19.2606 %

[P]log_0 Load Factor:     5.860111 %

[P]log_1 Load Factor:     6.317250 %

[P]log_2 Load Factor:     5.560630 %

[P]log_3 Load Factor:     4.057509 %

[P]Get Hit Rate:         77.0838 %

[P]rx packet:       87196.741 / s

[P]Throughput:      4525518.590 ops

[P]Valid Entries:   2292567.106 / s

[P]mica evicted:    754.389 / s

[P]set success:     2381816.747 / s

[P]get found:       1758728.231 / s

----------------------------------

[INFO]Current Time:       17.28 s

[P]indexs Load Factor:    22.0222 %

[P]log_0 Load Factor:     6.675168 %

[P]log_1 Load Factor:     7.190906 %

[P]log_2 Load Factor:     6.336468 %

[P]log_3 Load Factor:     4.597860 %

[P]Get Hit Rate:         79.7089 %

[P]rx packet:       86919.557 / s

[P]Throughput:      4524666.020 ops

[P]Valid Entries:   2358622.329 / s

[P]mica evicted:    1672.358 / s

[P]set success:     2389117.324 / s

[P]get found:       1783407.190 / s

----------------------------------

[INFO]Current Time:       18.47 s

[P]indexs Load Factor:    24.7627 %

[P]log_0 Load Factor:     7.493670 %

[P]log_1 Load Factor:     8.066109 %

[P]log_2 Load Factor:     7.113834 %

[P]log_3 Load Factor:     5.138027 %

[P]Get Hit Rate:         76.2496 %

[P]rx packet:       94567.777 / s

[P]Throughput:      4517344.571 ops

[P]Valid Entries:   2329307.952 / s

[P]mica evicted:    3449.173 / s

[P]set success:     2292941.816 / s

[P]get found:       1703963.933 / s

----------------------------------

[INFO]Current Time:       19.66 s

[P]indexs Load Factor:    27.5340 %

[P]log_0 Load Factor:     8.315846 %

[P]log_1 Load Factor:     8.951043 %

[P]log_2 Load Factor:     7.895062 %

[P]log_3 Load Factor:     5.683379 %

[P]Get Hit Rate:         77.7404 %

[P]rx packet:       94277.260 / s

[P]Throughput:      4655100.526 ops

[P]Valid Entries:   2334395.869 / s

[P]mica evicted:    6741.777 / s

[P]set success:     2301846.346 / s

[P]get found:       1812680.384 / s

----------------------------------

[INFO]Current Time:       20.86 s

[P]indexs Load Factor:    30.3020 %

[P]log_0 Load Factor:     9.144891 %

[P]log_1 Load Factor:     9.837475 %

[P]log_2 Load Factor:     8.679857 %

[P]log_3 Load Factor:     6.215858 %

[P]Get Hit Rate:         78.9579 %

[P]rx packet:       96727.947 / s

[P]Throughput:      4586947.354 ops

[P]Valid Entries:   2335886.667 / s

[P]mica evicted:    11553.894 / s

[P]set success:     2356943.482 / s

[P]get found:       1803290.897 / s

----------------------------------

[INFO]Current Time:       22.06 s

[P]indexs Load Factor:    33.0635 %

[P]log_0 Load Factor:     9.973284 %

[P]log_1 Load Factor:     10.716433 %

[P]log_2 Load Factor:     9.467480 %

[P]log_3 Load Factor:     6.750121 %

[P]Get Hit Rate:         80.3715 %

[P]rx packet:       100049.100 / s

[P]Throughput:      4489707.952 ops

[P]Valid Entries:   2246783.559 / s

[P]mica evicted:    19034.060 / s

[P]set success:     2360225.058 / s

[P]get found:       1816451.765 / s

----------------------------------

[INFO]Current Time:       23.27 s

[P]indexs Load Factor:    35.8096 %

[P]log_0 Load Factor:     10.798357 %

[P]log_1 Load Factor:     11.571065 %

[P]log_2 Load Factor:     10.250911 %

[P]log_3 Load Factor:     7.281383 %

[P]Get Hit Rate:         79.4614 %

[P]rx packet:       104717.833 / s

[P]Throughput:      4566392.197 ops

[P]Valid Entries:   2363951.061 / s

[P]mica evicted:    29601.899 / s

[P]set success:     2418251.248 / s

[P]get found:       1805888.628 / s

----------------------------------

[INFO]Current Time:       24.48 s

[P]indexs Load Factor:    38.5407 %

[P]log_0 Load Factor:     11.619558 %

[P]log_1 Load Factor:     12.438022 %

[P]log_2 Load Factor:     11.032915 %

[P]log_3 Load Factor:     7.805287 %

[P]Get Hit Rate:         79.6115 %

[P]rx packet:       107681.260 / s

[P]Throughput:      4533529.835 ops

[P]Valid Entries:   2322197.150 / s

[P]mica evicted:    42701.887 / s

[P]set success:     2351416.883 / s

[P]get found:       1828362.345 / s

----------------------------------

[INFO]Current Time:       25.70 s

[P]indexs Load Factor:    41.2223 %

[P]log_0 Load Factor:     12.439801 %

[P]log_1 Load Factor:     13.242836 %

[P]log_2 Load Factor:     11.811382 %

[P]log_3 Load Factor:     8.322371 %

[P]Get Hit Rate:         79.7198 %

[P]rx packet:       109361.390 / s

[P]Throughput:      4514999.721 ops

[P]Valid Entries:   2297006.701 / s

[P]mica evicted:    60177.653 / s

[P]set success:     2336739.140 / s

[P]get found:       1800523.395 / s

----------------------------------

[INFO]Current Time:       26.92 s

[P]indexs Load Factor:    43.9167 %

[P]log_0 Load Factor:     13.237293 %

[P]log_1 Load Factor:     14.089573 %

[P]log_2 Load Factor:     12.585422 %

[P]log_3 Load Factor:     8.833762 %

[P]Get Hit Rate:         77.9273 %

[P]rx packet:       113465.785 / s

[P]Throughput:      4660781.352 ops

[P]Valid Entries:   2279107.673 / s

[P]mica evicted:    83128.393 / s

[P]set success:     2361325.299 / s

[P]get found:       1828304.681 / s

----------------------------------

[INFO]Current Time:       28.15 s

[P]indexs Load Factor:    46.5375 %

[P]log_0 Load Factor:     13.997123 %

[P]log_1 Load Factor:     14.919055 %

[P]log_2 Load Factor:     13.346083 %

[P]log_3 Load Factor:     9.341242 %

[P]Get Hit Rate:         79.8952 %

[P]rx packet:       114165.262 / s

[P]Throughput:      4555292.538 ops

[P]Valid Entries:   2244929.987 / s

[P]mica evicted:    109432.926 / s

[P]set success:     2317421.476 / s

[P]get found:       1820922.792 / s

----------------------------------

[INFO]Current Time:       29.37 s

[P]indexs Load Factor:    49.0720 %

[P]log_0 Load Factor:     14.730079 %

[P]log_1 Load Factor:     15.700407 %

[P]log_2 Load Factor:     14.079802 %

[P]log_3 Load Factor:     9.835183 %

[P]Get Hit Rate:         78.9267 %

[P]rx packet:       111912.705 / s

[P]Throughput:      4439473.780 ops

[P]Valid Entries:   2198633.216 / s

[P]mica evicted:    137720.953 / s

[P]set success:     2297124.915 / s

[P]get found:       1785577.243 / s

----------------------------------

[INFO]Current Time:       30.60 s

[P]indexs Load Factor:    51.5291 %

[P]log_0 Load Factor:     15.429212 %

[P]log_1 Load Factor:     16.479026 %

[P]log_2 Load Factor:     14.777212 %

[P]log_3 Load Factor:     10.314486 %

[P]Get Hit Rate:         79.8108 %

[P]rx packet:       110335.390 / s

[P]Throughput:      4476770.654 ops

[P]Valid Entries:   2144980.136 / s

[P]mica evicted:    167645.346 / s

[P]set success:     2216578.601 / s

[P]get found:       1787434.451 / s

----------------------------------

[INFO]Current Time:       31.83 s

[P]indexs Load Factor:    53.8530 %

[P]log_0 Load Factor:     16.097385 %

[P]log_1 Load Factor:     17.182821 %

[P]log_2 Load Factor:     15.441184 %

[P]log_3 Load Factor:     10.779847 %

[P]Get Hit Rate:         78.6297 %

[P]rx packet:       106552.354 / s

[P]Throughput:      4374188.179 ops

[P]Valid Entries:   2048764.937 / s

[P]mica evicted:    201511.618 / s

[P]set success:     2121752.550 / s

[P]get found:       1709643.587 / s

----------------------------------

[INFO]Current Time:       33.05 s

[P]indexs Load Factor:    56.0744 %

[P]log_0 Load Factor:     16.748206 %

[P]log_1 Load Factor:     17.837613 %

[P]log_2 Load Factor:     16.090320 %

[P]log_3 Load Factor:     11.232486 %

[P]Get Hit Rate:         80.4165 %

[P]rx packet:       104421.408 / s

[P]Throughput:      4275396.977 ops

[P]Valid Entries:   1931287.727 / s

[P]mica evicted:    236514.782 / s

[P]set success:     2129304.798 / s

[P]get found:       1698810.841 / s

----------------------------------

[INFO]Current Time:       34.28 s

[P]indexs Load Factor:    58.1938 %

[P]log_0 Load Factor:     17.360047 %

[P]log_1 Load Factor:     18.473475 %

[P]log_2 Load Factor:     16.697515 %

[P]log_3 Load Factor:     11.677220 %

[P]Get Hit Rate:         79.2777 %

[P]rx packet:       101004.714 / s

[P]Throughput:      4182486.615 ops

[P]Valid Entries:   1886528.951 / s

[P]mica evicted:    269857.700 / s

[P]set success:     2091275.227 / s

[P]get found:       1647794.702 / s

----------------------------------

[INFO]Current Time:       35.50 s

[P]indexs Load Factor:    60.2324 %

[P]log_0 Load Factor:     17.952202 %

[P]log_1 Load Factor:     19.072420 %

[P]log_2 Load Factor:     17.280981 %

[P]log_3 Load Factor:     12.102964 %

[P]Get Hit Rate:         81.9468 %

[P]rx packet:       100204.580 / s

[P]Throughput:      3993955.541 ops

[P]Valid Entries:   1840511.059 / s

[P]mica evicted:    309825.407 / s

[P]set success:     2129960.059 / s

[P]get found:       1635840.581 / s

----------------------------------

[INFO]Current Time:       36.71 s

[P]indexs Load Factor:    62.1872 %

[P]log_0 Load Factor:     18.512569 %

[P]log_1 Load Factor:     19.667746 %

[P]log_2 Load Factor:     17.832357 %

[P]log_3 Load Factor:     12.515917 %

[P]Get Hit Rate:         77.9173 %

[P]rx packet:       98393.919 / s

[P]Throughput:      4078519.663 ops

[P]Valid Entries:   1772408.681 / s

[P]mica evicted:    343569.647 / s

[P]set success:     2093079.801 / s

[P]get found:       1608068.689 / s

----------------------------------

[INFO]Current Time:       37.91 s

[P]indexs Load Factor:    64.0581 %

[P]log_0 Load Factor:     19.044871 %

[P]log_1 Load Factor:     20.222173 %

[P]log_2 Load Factor:     18.361107 %

[P]log_3 Load Factor:     12.914452 %

[P]Get Hit Rate:         81.4443 %

[P]rx packet:       97972.131 / s

[P]Throughput:      3932283.333 ops

[P]Valid Entries:   1727483.572 / s

[P]mica evicted:    393498.019 / s

[P]set success:     2064122.914 / s

[P]get found:       1600601.823 / s

----------------------------------

[INFO]Current Time:       39.11 s

[P]indexs Load Factor:    65.8259 %

[P]log_0 Load Factor:     19.558992 %

[P]log_1 Load Factor:     20.723671 %

[P]log_2 Load Factor:     18.868445 %

[P]log_3 Load Factor:     13.299672 %

[P]Get Hit Rate:         81.0829 %

[P]rx packet:       92636.104 / s

[P]Throughput:      3822749.635 ops

[P]Valid Entries:   1617286.525 / s

[P]mica evicted:    421568.086 / s

[P]set success:     1978961.668 / s

[P]get found:       1510647.444 / s

----------------------------------

[INFO]Current Time:       40.32 s

[P]indexs Load Factor:    67.5392 %

[P]log_0 Load Factor:     20.046074 %

[P]log_1 Load Factor:     21.232083 %

[P]log_2 Load Factor:     19.351028 %

[P]log_3 Load Factor:     13.674810 %

[P]Get Hit Rate:         76.9879 %

[P]rx packet:       94285.251 / s

[P]Throughput:      3946231.868 ops

[P]Valid Entries:   1587069.323 / s

[P]mica evicted:    459156.292 / s

[P]set success:     2015208.277 / s

[P]get found:       1536751.236 / s

----------------------------------

[INFO]Current Time:       41.51 s

[P]indexs Load Factor:    69.1380 %

[P]log_0 Load Factor:     20.494315 %

[P]log_1 Load Factor:     21.716934 %

[P]log_2 Load Factor:     19.790813 %

[P]log_3 Load Factor:     14.034148 %

[P]Get Hit Rate:         77.6624 %

[P]rx packet:       92031.969 / s

[P]Throughput:      3862931.729 ops

[P]Valid Entries:   1492016.997 / s

[P]mica evicted:    498715.891 / s

[P]set success:     1945519.997 / s

[P]get found:       1499201.949 / s

----------------------------------

[INFO]Current Time:       42.69 s

[P]indexs Load Factor:    70.6989 %

[P]log_0 Load Factor:     20.932880 %

[P]log_1 Load Factor:     22.181522 %

[P]log_2 Load Factor:     20.221034 %

[P]log_3 Load Factor:     14.380192 %

[P]Get Hit Rate:         82.3803 %

[P]rx packet:       92312.057 / s

[P]Throughput:      3763134.837 ops

[P]Valid Entries:   1473997.004 / s

[P]mica evicted:    552986.420 / s

[P]set success:     1952426.221 / s

[P]get found:       1500625.483 / s

----------------------------------

[INFO]Current Time:       43.87 s

[P]indexs Load Factor:    72.1787 %

[P]log_0 Load Factor:     21.342071 %

[P]log_1 Load Factor:     22.623708 %

[P]log_2 Load Factor:     20.623880 %

[P]log_3 Load Factor:     14.716158 %

[P]Get Hit Rate:         78.7815 %

[P]rx packet:       91078.667 / s

[P]Throughput:      3793557.524 ops

[P]Valid Entries:   1414095.516 / s

[P]mica evicted:    592959.261 / s

[P]set success:     1953592.607 / s

[P]get found:       1475131.733 / s

----------------------------------

[INFO]Current Time:       45.04 s

[P]indexs Load Factor:    73.5632 %

[P]log_0 Load Factor:     21.738655 %

[P]log_1 Load Factor:     23.029047 %

[P]log_2 Load Factor:     21.013893 %

[P]log_3 Load Factor:     15.032458 %

[P]Get Hit Rate:         75.4291 %

[P]rx packet:       87748.546 / s

[P]Throughput:      3660633.558 ops

[P]Valid Entries:   1323339.190 / s

[P]mica evicted:    614946.238 / s

[P]set success:     1883746.795 / s

[P]get found:       1414486.016 / s

----------------------------------

[INFO]Current Time:       46.21 s

[P]indexs Load Factor:    74.9081 %

[P]log_0 Load Factor:     22.115400 %

[P]log_1 Load Factor:     23.420926 %

[P]log_2 Load Factor:     21.381625 %

[P]log_3 Load Factor:     15.343673 %

[P]Get Hit Rate:         75.2163 %

[P]rx packet:       88964.429 / s

[P]Throughput:      3768721.824 ops

[P]Valid Entries:   1302814.576 / s

[P]mica evicted:    667814.277 / s

[P]set success:     1866093.937 / s

[P]get found:       1433580.135 / s

----------------------------------

[INFO]Current Time:       47.37 s

[P]indexs Load Factor:    76.2175 %

[P]log_0 Load Factor:     22.474171 %

[P]log_1 Load Factor:     23.844195 %

[P]log_2 Load Factor:     21.732403 %

[P]log_3 Load Factor:     15.634538 %

[P]Get Hit Rate:         75.8219 %

[P]rx packet:       88938.427 / s

[P]Throughput:      3793122.259 ops

[P]Valid Entries:   1259556.445 / s

[P]mica evicted:    713307.032 / s

[P]set success:     1910340.383 / s

[P]get found:       1428491.214 / s

----------------------------------

[INFO]Current Time:       48.52 s

[P]indexs Load Factor:    77.4542 %

[P]log_0 Load Factor:     22.820652 %

[P]log_1 Load Factor:     24.219333 %

[P]log_2 Load Factor:     22.071685 %

[P]log_3 Load Factor:     15.912129 %

[P]Get Hit Rate:         73.5423 %

[P]rx packet:       89433.569 / s

[P]Throughput:      3772815.711 ops

[P]Valid Entries:   1225490.240 / s

[P]mica evicted:    744148.092 / s

[P]set success:     1874644.027 / s

[P]get found:       1411829.562 / s

----------------------------------

[INFO]Current Time:       49.67 s

[P]indexs Load Factor:    78.6149 %

[P]log_0 Load Factor:     23.153216 %

[P]log_1 Load Factor:     24.540956 %

[P]log_2 Load Factor:     22.394869 %

[P]log_3 Load Factor:     16.172252 %

[P]Get Hit Rate:         73.0511 %

[P]rx packet:       87647.733 / s

[P]Throughput:      3726560.053 ops

[P]Valid Entries:   1161476.277 / s

[P]mica evicted:    780596.499 / s

[P]set success:     1862190.967 / s

[P]get found:       1377351.529 / s

----------------------------------

[INFO]Current Time:       50.81 s

[P]indexs Load Factor:    79.7277 %

[P]log_0 Load Factor:     23.467588 %

[P]log_1 Load Factor:     24.871077 %

[P]log_2 Load Factor:     22.702624 %

[P]log_3 Load Factor:     16.425465 %

[P]Get Hit Rate:         73.5427 %

[P]rx packet:       86745.013 / s

[P]Throughput:      3742299.882 ops

[P]Valid Entries:   1109816.946 / s

[P]mica evicted:    824754.135 / s

[P]set success:     1844711.820 / s

[P]get found:       1374991.675 / s

----------------------------------

[INFO]Current Time:       51.94 s

[P]indexs Load Factor:    80.7778 %

[P]log_0 Load Factor:     23.768581 %

[P]log_1 Load Factor:     25.180778 %

[P]log_2 Load Factor:     22.997934 %

[P]log_3 Load Factor:     16.662247 %

[P]Get Hit Rate:         73.9352 %

[P]rx packet:       85459.909 / s

[P]Throughput:      3668982.765 ops

[P]Valid Entries:   1054913.704 / s

[P]mica evicted:    843018.581 / s

[P]set success:     1840353.869 / s

[P]get found:       1346840.068 / s

----------------------------------

[INFO]Current Time:       53.07 s

[P]indexs Load Factor:    81.7863 %

[P]log_0 Load Factor:     24.055255 %

[P]log_1 Load Factor:     25.472777 %

[P]log_2 Load Factor:     23.277605 %

[P]log_3 Load Factor:     16.894178 %

[P]Get Hit Rate:         73.4919 %

[P]rx packet:       85748.142 / s

[P]Throughput:      3660169.341 ops

[P]Valid Entries:   1021734.636 / s

[P]mica evicted:    884412.036 / s

[P]set success:     1823089.371 / s

[P]get found:       1326122.069 / s

----------------------------------

[INFO]Current Time:       54.18 s

[P]indexs Load Factor:    82.7379 %

[P]log_0 Load Factor:     24.321058 %

[P]log_1 Load Factor:     25.742641 %

[P]log_2 Load Factor:     23.537264 %

[P]log_3 Load Factor:     17.109076 %

[P]Get Hit Rate:         73.1832 %

[P]rx packet:       85642.185 / s

[P]Throughput:      3656965.030 ops

[P]Valid Entries:   981984.893 / s

[P]mica evicted:    933276.437 / s

[P]set success:     1819071.512 / s

[P]get found:       1336895.331 / s

----------------------------------

[INFO]Current Time:       55.30 s

[P]indexs Load Factor:    83.6501 %

[P]log_0 Load Factor:     24.578625 %

[P]log_1 Load Factor:     26.023750 %

[P]log_2 Load Factor:     23.791453 %

[P]log_3 Load Factor:     17.310909 %

[P]Get Hit Rate:         71.8147 %

[P]rx packet:       85216.308 / s

[P]Throughput:      3643839.857 ops

[P]Valid Entries:   939858.025 / s

[P]mica evicted:    967320.930 / s

[P]set success:     1809766.406 / s

[P]get found:       1307187.870 / s

----------------------------------

[INFO]Current Time:       56.40 s

[P]indexs Load Factor:    84.5058 %

[P]log_0 Load Factor:     24.817867 %

[P]log_1 Load Factor:     26.276960 %

[P]log_2 Load Factor:     24.027694 %

[P]log_3 Load Factor:     17.510936 %

[P]Get Hit Rate:         72.1992 %

[P]rx packet:       83615.554 / s

[P]Throughput:      3603280.522 ops

[P]Valid Entries:   876022.421 / s

[P]mica evicted:    985665.205 / s

[P]set success:     1800804.233 / s

[P]get found:       1290771.516 / s

----------------------------------

[INFO]Current Time:       57.50 s

[P]indexs Load Factor:    85.3251 %

[P]log_0 Load Factor:     25.047448 %

[P]log_1 Load Factor:     26.511633 %

[P]log_2 Load Factor:     24.253650 %

[P]log_3 Load Factor:     17.700146 %

[P]Get Hit Rate:         69.8351 %

[P]rx packet:       84531.000 / s

[P]Throughput:      3645579.552 ops

[P]Valid Entries:   862539.053 / s

[P]mica evicted:    1005411.694 / s

[P]set success:     1796539.450 / s

[P]get found:       1279714.316 / s

----------------------------------

[INFO]Current Time:       58.59 s

[P]indexs Load Factor:    86.1198 %

[P]log_0 Load Factor:     25.268105 %

[P]log_1 Load Factor:     26.751804 %

[P]log_2 Load Factor:     24.472450 %

[P]log_3 Load Factor:     17.882295 %

[P]Get Hit Rate:         68.2127 %

[P]rx packet:       85760.596 / s

[P]Throughput:      3680131.827 ops

[P]Valid Entries:   839392.117 / s

[P]mica evicted:    1083151.384 / s

[P]set success:     1824361.427 / s

[P]get found:       1270024.069 / s

----------------------------------

[INFO]Current Time:       59.68 s

[P]indexs Load Factor:    86.8767 %

[P]log_0 Load Factor:     25.479737 %

[P]log_1 Load Factor:     26.982827 %

[P]log_2 Load Factor:     24.679036 %

[P]log_3 Load Factor:     18.055846 %

[P]Get Hit Rate:         69.4154 %

[P]rx packet:       84713.208 / s

[P]Throughput:      3637741.202 ops

[P]Valid Entries:   795999.400 / s

[P]mica evicted:    1103479.724 / s

[P]set success:     1753738.459 / s

[P]get found:       1277600.488 / s

----------------------------------

[INFO]Current Time:       60.76 s

[P]indexs Load Factor:    87.5991 %

[P]log_0 Load Factor:     25.678412 %

[P]log_1 Load Factor:     27.201853 %

[P]log_2 Load Factor:     24.872907 %

[P]log_3 Load Factor:     18.221779 %

[P]Get Hit Rate:         69.5976 %

[P]rx packet:       86034.861 / s

[P]Throughput:      3669632.494 ops

[P]Valid Entries:   773597.841 / s

[P]mica evicted:    1154199.618 / s

[P]set success:     1754522.531 / s

[P]get found:       1267449.192 / s

----------------------------------

[INFO]Current Time:       61.84 s

[P]indexs Load Factor:    88.2841 %

[P]log_0 Load Factor:     25.867561 %

[P]log_1 Load Factor:     27.403655 %

[P]log_2 Load Factor:     25.057417 %

[P]log_3 Load Factor:     18.383001 %

[P]Get Hit Rate:         68.9749 %

[P]rx packet:       85282.103 / s

[P]Throughput:      3616847.667 ops

[P]Valid Entries:   734526.289 / s

[P]mica evicted:    1176967.775 / s

[P]set success:     1835299.642 / s

[P]get found:       1245937.872 / s

----------------------------------

[INFO]Current Time:       62.91 s

[P]indexs Load Factor:    88.9418 %

[P]log_0 Load Factor:     26.047355 %

[P]log_1 Load Factor:     27.607036 %

[P]log_2 Load Factor:     25.233448 %

[P]log_3 Load Factor:     18.531417 %

[P]Get Hit Rate:         69.5415 %

[P]rx packet:       86727.303 / s

[P]Throughput:      3725458.335 ops

[P]Valid Entries:   714225.236 / s

[P]mica evicted:    1212786.734 / s

[P]set success:     1863836.517 / s

[P]get found:       1277073.740 / s

----------------------------------

[INFO]Current Time:       63.98 s

[P]indexs Load Factor:    89.5632 %

[P]log_0 Load Factor:     26.221656 %

[P]log_1 Load Factor:     27.801641 %

[P]log_2 Load Factor:     25.402605 %

[P]log_3 Load Factor:     18.674180 %

[P]Get Hit Rate:         68.0459 %

[P]rx packet:       85076.359 / s

[P]Throughput:      3633072.024 ops

[P]Valid Entries:   660865.550 / s

[P]mica evicted:    1219298.961 / s

[P]set success:     1781755.191 / s

[P]get found:       1243435.877 / s

----------------------------------

[INFO]Current Time:       65.04 s

[P]indexs Load Factor:    90.1504 %

[P]log_0 Load Factor:     26.386341 %

[P]log_1 Load Factor:     27.974014 %

[P]log_2 Load Factor:     25.564083 %

[P]log_3 Load Factor:     18.810567 %

[P]Get Hit Rate:         65.8267 %

[P]rx packet:       86155.640 / s

[P]Throughput:      3707945.387 ops

[P]Valid Entries:   647475.060 / s

[P]mica evicted:    1248273.827 / s

[P]set success:     1852720.168 / s

[P]get found:       1218946.879 / s

----------------------------------

[INFO]Current Time:       66.09 s

[P]indexs Load Factor:    90.7144 %

[P]log_0 Load Factor:     26.544009 %

[P]log_1 Load Factor:     28.139782 %

[P]log_2 Load Factor:     25.717255 %

[P]log_3 Load Factor:     18.941904 %

[P]Get Hit Rate:         66.6948 %

[P]rx packet:       85944.640 / s

[P]Throughput:      3701300.231 ops

[P]Valid Entries:   617247.059 / s

[P]mica evicted:    1306918.906 / s

[P]set success:     1847241.204 / s

[P]get found:       1232969.765 / s

----------------------------------

[INFO]Current Time:       67.14 s

[P]indexs Load Factor:    91.2549 %

[P]log_0 Load Factor:     26.692968 %

[P]log_1 Load Factor:     28.309505 %

[P]log_2 Load Factor:     25.862730 %

[P]log_3 Load Factor:     19.064421 %

[P]Get Hit Rate:         65.4729 %

[P]rx packet:       87481.722 / s

[P]Throughput:      3766529.828 ops

[P]Valid Entries:   597825.474 / s

[P]mica evicted:    1358802.928 / s

[P]set success:     1854732.708 / s

[P]get found:       1248213.439 / s

----------------------------------

[INFO]Current Time:       68.18 s

[P]indexs Load Factor:    91.7772 %

[P]log_0 Load Factor:     26.835184 %

[P]log_1 Load Factor:     28.469392 %

[P]log_2 Load Factor:     26.002125 %

[P]log_3 Load Factor:     19.181105 %

[P]Get Hit Rate:         65.6952 %

[P]rx packet:       89308.706 / s

[P]Throughput:      3777777.769 ops

[P]Valid Entries:   581142.649 / s

[P]mica evicted:    1415695.833 / s

[P]set success:     1917849.268 / s

[P]get found:       1264431.915 / s

----------------------------------

[INFO]Current Time:       69.23 s

[P]indexs Load Factor:    92.2568 %

[P]log_0 Load Factor:     26.970739 %

[P]log_1 Load Factor:     28.611694 %

[P]log_2 Load Factor:     26.135178 %

[P]log_3 Load Factor:     19.292143 %

[P]Get Hit Rate:         64.2752 %

[P]rx packet:       86412.344 / s

[P]Throughput:      3726859.992 ops

[P]Valid Entries:   535294.932 / s

[P]mica evicted:    1378468.707 / s

[P]set success:     1806496.206 / s

[P]get found:       1212532.666 / s

----------------------------------

[INFO]Current Time:       70.27 s

[P]indexs Load Factor:    92.7120 %

[P]log_0 Load Factor:     27.097139 %

[P]log_1 Load Factor:     28.744454 %

[P]log_2 Load Factor:     26.258897 %

[P]log_3 Load Factor:     19.398608 %

[P]Get Hit Rate:         63.7770 %

[P]rx packet:       88149.847 / s

[P]Throughput:      3826454.649 ops

[P]Valid Entries:   519290.442 / s

[P]mica evicted:    1448623.114 / s

[P]set success:     1891802.442 / s

[P]get found:       1226743.052 / s

----------------------------------

[INFO]Current Time:       71.30 s

[P]indexs Load Factor:    93.1420 %

[P]log_0 Load Factor:     27.220237 %

[P]log_1 Load Factor:     28.863115 %

[P]log_2 Load Factor:     26.378338 %

[P]log_3 Load Factor:     19.500156 %

[P]Get Hit Rate:         65.0690 %

[P]rx packet:       86555.084 / s

[P]Throughput:      3677278.390 ops

[P]Valid Entries:   484747.463 / s

[P]mica evicted:    1446021.799 / s

[P]set success:     1830803.719 / s

[P]get found:       1194803.959 / s

----------------------------------

[INFO]Current Time:       72.34 s

[P]indexs Load Factor:    93.5537 %

[P]log_0 Load Factor:     27.336186 %

[P]log_1 Load Factor:     28.989249 %

[P]log_2 Load Factor:     26.492241 %

[P]log_3 Load Factor:     19.594518 %

[P]Get Hit Rate:         62.7231 %

[P]rx packet:       85804.625 / s

[P]Throughput:      3676860.186 ops

[P]Valid Entries:   456678.120 / s

[P]mica evicted:    1436879.044 / s

[P]set success:     1841883.338 / s

[P]get found:       1159766.767 / s

----------------------------------

[INFO]Current Time:       73.37 s

[P]indexs Load Factor:    93.9496 %

[P]log_0 Load Factor:     27.446575 %

[P]log_1 Load Factor:     29.106230 %

[P]log_2 Load Factor:     26.600054 %

[P]log_3 Load Factor:     19.685115 %

[P]Get Hit Rate:         62.4329 %

[P]rx packet:       89923.496 / s

[P]Throughput:      3930339.054 ops

[P]Valid Entries:   452367.832 / s

[P]mica evicted:    1486793.849 / s

[P]set success:     1926330.261 / s

[P]get found:       1225326.671 / s

----------------------------------

[INFO]Current Time:       74.40 s

[P]indexs Load Factor:    94.3233 %

[P]log_0 Load Factor:     27.550870 %

[P]log_1 Load Factor:     29.220019 %

[P]log_2 Load Factor:     26.702511 %

[P]log_3 Load Factor:     19.772437 %

[P]Get Hit Rate:         61.6370 %

[P]rx packet:       87751.341 / s

[P]Throughput:      3788054.896 ops

[P]Valid Entries:   413863.190 / s

[P]mica evicted:    1534465.609 / s

[P]set success:     1862587.826 / s

[P]get found:       1182286.151 / s

----------------------------------

[INFO]Current Time:       75.43 s

[P]indexs Load Factor:    94.6747 %

[P]log_0 Load Factor:     27.651052 %

[P]log_1 Load Factor:     29.319707 %

[P]log_2 Load Factor:     26.799830 %

[P]log_3 Load Factor:     19.853706 %

[P]Get Hit Rate:         63.5520 %

[P]rx packet:       89343.312 / s

[P]Throughput:      3827931.211 ops

[P]Valid Entries:   403415.116 / s

[P]mica evicted:    1560755.884 / s

[P]set success:     1886781.145 / s

[P]get found:       1188867.309 / s

----------------------------------

[INFO]Current Time:       76.45 s

[P]indexs Load Factor:    95.0075 %

[P]log_0 Load Factor:     27.743788 %

[P]log_1 Load Factor:     29.418136 %

[P]log_2 Load Factor:     26.890999 %

[P]log_3 Load Factor:     19.930108 %

[P]Get Hit Rate:         61.2531 %

[P]rx packet:       87815.340 / s

[P]Throughput:      3758141.048 ops

[P]Valid Entries:   377147.781 / s

[P]mica evicted:    1528869.064 / s

[P]set success:     1852004.916 / s

[P]get found:       1157450.028 / s

----------------------------------

[INFO]Current Time:       77.47 s

[P]indexs Load Factor:    95.3203 %

[P]log_0 Load Factor:     27.833679 %

[P]log_1 Load Factor:     29.503298 %

[P]log_2 Load Factor:     26.978868 %

[P]log_3 Load Factor:     20.002003 %

[P]Get Hit Rate:         59.8002 %

[P]rx packet:       89385.794 / s

[P]Throughput:      3803208.313 ops

[P]Valid Entries:   361855.237 / s

[P]mica evicted:    1576081.871 / s

[P]set success:     1912604.859 / s

[P]get found:       1151652.265 / s

----------------------------------

[INFO]Current Time:       78.49 s

[P]indexs Load Factor:    95.6205 %

[P]log_0 Load Factor:     27.918448 %

[P]log_1 Load Factor:     29.596048 %

[P]log_2 Load Factor:     27.061583 %

[P]log_3 Load Factor:     20.070865 %

[P]Get Hit Rate:         58.3681 %

[P]rx packet:       89964.013 / s

[P]Throughput:      3911315.288 ops

[P]Valid Entries:   344122.563 / s

[P]mica evicted:    1650169.090 / s

[P]set success:     1897372.732 / s

[P]get found:       1131460.876 / s

----------------------------------

[INFO]Current Time:       79.51 s

[P]indexs Load Factor:    95.9040 %

[P]log_0 Load Factor:     27.999189 %

[P]log_1 Load Factor:     29.680337 %

[P]log_2 Load Factor:     27.139449 %

[P]log_3 Load Factor:     20.136050 %

[P]Get Hit Rate:         57.8272 %

[P]rx packet:       90811.583 / s

[P]Throughput:      3976293.934 ops

[P]Valid Entries:   328318.875 / s

[P]mica evicted:    1659127.343 / s

[P]set success:     1913720.735 / s

[P]get found:       1147821.125 / s

----------------------------------

[INFO]Current Time:       80.52 s

[P]indexs Load Factor:    96.1771 %

[P]log_0 Load Factor:     28.074805 %

[P]log_1 Load Factor:     29.763716 %

[P]log_2 Load Factor:     27.213574 %

[P]log_3 Load Factor:     20.197088 %

[P]Get Hit Rate:         58.3490 %

[P]rx packet:       93916.906 / s

[P]Throughput:      4077795.445 ops

[P]Valid Entries:   319724.421 / s

[P]mica evicted:    1707825.967 / s

[P]set success:     1976244.186 / s

[P]get found:       1196007.158 / s

----------------------------------

[INFO]Current Time:       81.53 s
[INFO]End rx_queue_1:2010021

[P]indexs Load Factor:    96.3826 %

[P]log_0 Load Factor:     28.148724 %

[P]log_1 Load Factor:     29.764144 %

[P]log_2 Load Factor:     27.285108 %

[P]log_3 Load Factor:     20.260774 %

[P]Get Hit Rate:         56.9271 %

[P]rx packet:       48277.018 / s

[P]Throughput:      3490039.788 ops

[P]Valid Entries:   254382.825 / s

[P]mica evicted:    1451410.754 / s

[P]set success:     1715175.388 / s

[P]get found:       992056.492 / s

----------------------------------

[INFO]Current Time:       82.53 s

[P]indexs Load Factor:    96.5693 %

[P]log_0 Load Factor:     28.219939 %

[P]log_1 Load Factor:     29.764144 %

[P]log_2 Load Factor:     27.354530 %

[P]log_3 Load Factor:     20.322802 %

[P]Get Hit Rate:         57.0151 %

[P]rx packet:       50827.467 / s

[P]Throughput:      3153214.798 ops

[P]Valid Entries:   219541.791 / s

[P]mica evicted:    1368027.479 / s

[P]set success:     1572156.999 / s

[P]get found:       887483.757 / s

----------------------------------

[INFO]Current Time:       83.53 s

[P]indexs Load Factor:    96.7484 %

[P]log_0 Load Factor:     28.288623 %

[P]log_1 Load Factor:     29.764144 %

[P]log_2 Load Factor:     27.420877 %

[P]log_3 Load Factor:     20.380718 %

[P]Get Hit Rate:         55.2925 %

[P]rx packet:       71313.723 / s

[P]Throughput:      3199227.264 ops

[P]Valid Entries:   209495.039 / s

[P]mica evicted:    1379673.432 / s

[P]set success:     1554063.509 / s

[P]get found:       883355.629 / s

----------------------------------

[INFO]Current Time:       84.54 s

[P]indexs Load Factor:    96.9189 %

[P]log_0 Load Factor:     28.354504 %

[P]log_1 Load Factor:     29.764144 %

[P]log_2 Load Factor:     27.484477 %

[P]log_3 Load Factor:     20.436154 %

[P]Get Hit Rate:         55.5513 %

[P]rx packet:       71705.813 / s

[P]Throughput:      3180935.436 ops

[P]Valid Entries:   200485.452 / s

[P]mica evicted:    1397581.697 / s

[P]set success:     1582388.239 / s

[P]get found:       882011.036 / s

----------------------------------

[INFO]Current Time:       85.53 s

[P]indexs Load Factor:    97.0636 %

[P]log_0 Load Factor:     28.399721 %

[P]log_1 Load Factor:     29.764144 %

[P]log_2 Load Factor:     27.549036 %

[P]log_3 Load Factor:     20.464114 %

[P]Get Hit Rate:         54.4775 %

[P]rx packet:       69337.882 / s

[P]Throughput:      3171251.809 ops

[P]Valid Entries:   188585.341 / s

[P]mica evicted:    1401135.108 / s

[P]set success:     1540444.730 / s

[P]get found:       862783.190 / s

----------------------------------
[INFO]End rx_queue_3:1513925

[INFO]Current Time:       86.53 s
[INFO]End rx_queue_0:2016179

[P]indexs Load Factor:    97.1273 %

[P]log_0 Load Factor:     28.399721 %

[P]log_1 Load Factor:     29.764144 %

[P]log_2 Load Factor:     27.617776 %

[P]log_3 Load Factor:     20.464114 %

[P]Get Hit Rate:         56.0836 %

[P]rx packet:       7451.447 / s

[P]Throughput:      1429620.674 ops

[P]Valid Entries:   80965.846 / s

[P]mica evicted:    633932.173 / s

[P]set success:     713892.935 / s

[P]get found:       400842.967 / s

----------------------------------

[INFO]Current Time:       87.53 s

[P]indexs Load Factor:    97.1634 %

[P]log_0 Load Factor:     28.399721 %

[P]log_1 Load Factor:     29.764144 %

[P]log_2 Load Factor:     27.644485 %

[P]log_3 Load Factor:     20.464114 %

[P]Get Hit Rate:         56.1957 %

[P]rx packet:       20823.697 / s

[P]Throughput:      1048710.932 ops

[P]Valid Entries:   57886.405 / s

[P]mica evicted:    466468.058 / s

[P]set success:     524354.463 / s

[P]get found:       294665.790 / s

----------------------------------
Finish the job......
[INFO]End rx_queue_2:2008033

Total Index Entries:     102984860

indexs Load Factor:     97.163395 %

log_0 Load Factor:      28.399721 %

log_1 Load Factor:      29.764144 %

log_2 Load Factor:      27.644485 %

log_3 Load Factor:      20.464114 %

Get Hit Rate:           71.971287%

Max Throughput:         4660781.35

Calc Load Factor:       97.163395%

valid count:              30493968

set request:              46372094
set_success:              46372094 | set_fail:                        0 | set_mica_evicted:         15877931
set_random:                      0 | set_cuckoo_evicted:              0 | set_expire_evicted:              0

get request:              46372094
get_found:                32634754 | get_notfound:             13737340 | get_hit_ratio:          70.375847%

clean up:               18446744073709551421 | test_notfound:                   0
move_to_head_performed:    5283508 | move_to_head_skipped:     27351246 | move_to_head_failed:             0


valid count:              31959006

set request:              46230460
set_success:              46230460 | set_fail:                        0 | set_mica_evicted:         14271454
set_random:                      0 | set_cuckoo_evicted:              0 | set_expire_evicted:              0

get request:              46230460
get_found:                35072650 | get_notfound:             11157810 | get_hit_ratio:          75.864809%

clean up:                        0 | test_notfound:                   0
move_to_head_performed:    4546936 | move_to_head_skipped:     30525714 | move_to_head_failed:             0


valid count:              29683040

set request:              46184736
set_success:              46184736 | set_fail:                        0 | set_mica_evicted:         16501052
set_random:                      0 | set_cuckoo_evicted:              0 | set_expire_evicted:              0

get request:              46184736
get_found:                31979473 | get_notfound:             14205263 | get_hit_ratio:          69.242516%

clean up:               18446744073709550972 | test_notfound:                   0
move_to_head_performed:    5586484 | move_to_head_skipped:     26392989 | move_to_head_failed:             0


valid count:              21973175

set request:              34820252
set_success:              34820252 | set_fail:                        0 | set_mica_evicted:         12845881
set_random:                      0 | set_cuckoo_evicted:              0 | set_expire_evicted:              0

get request:              34820252
get_found:                21854402 | get_notfound:             12965850 | get_hit_ratio:          62.763480%

clean up:               18446744073709550420 | test_notfound:                   0
move_to_head_performed:    2644214 | move_to_head_skipped:     19210188 | move_to_head_failed:             0


[INFO] Everything works fine.
deleting piekv......
