[INFO] 单个Log Size为:4 GB
[INFO] 运行mica
EAL: Probing VFIO support...
EAL: VFIO support initialized
EAL: PCI device 0000:03:00.0 on NUMA socket 0
EAL:   probe driver: 15b3:1017 net_mlx5
WEN: There are 1 device(s) available
starting port 0...
querying port 0...
port 0: 100 Gbps (full-duplex)
Adding UDP filter for each endpoint.
port_id/queue_id/udp_port = 0 0 0
Flow is created with src_port = 0, dst_port = 0
port_id/queue_id/udp_port = 0 1 1
Flow is created with src_port = 0, dst_port = 1
port_id/queue_id/udp_port = 0 2 2
Flow is created with src_port = 0, dst_port = 2
port_id/queue_id/udp_port = 0 3 3
Flow is created with src_port = 0, dst_port = 3
MEM: Initializing pages...
 == [STAT] Workers Start (4 threads in total) == 

[INFO]Current Time:       9.00 s

[P]indexs Load Factor:    1.0832 %

[P]log_0 Load Factor:     0.464849 %

[P]log_1 Load Factor:     0.487067 %

[P]log_2 Load Factor:     0.447435 %

[P]log_3 Load Factor:     0.271589 %

[P]Get Hit Rate:         57.4598 %

[P]rx packet:       79967.949 / s

[P]Throughput:      2036207.495 ops

[P]Valid Entries:   1036115.740 / s

[P]set success:     1050547.663 / s

[P]get found:       597839.192 / s

----------------------------------

[INFO]Current Time:       10.00 s

[P]indexs Load Factor:    3.4701 %

[P]log_0 Load Factor:     1.181139 %

[P]log_1 Load Factor:     1.245460 %

[P]log_2 Load Factor:     1.115005 %

[P]log_3 Load Factor:     0.784953 %

[P]Get Hit Rate:         66.5877 %

[P]rx packet:       109810.679 / s

[P]Throughput:      4616584.998 ops

[P]Valid Entries:   2357374.326 / s

[P]set success:     2439478.173 / s

[P]get found:       1542344.932 / s

----------------------------------

[INFO]Current Time:       11.03 s

[P]indexs Load Factor:    5.9395 %

[P]log_0 Load Factor:     1.924644 %

[P]log_1 Load Factor:     2.039968 %

[P]log_2 Load Factor:     1.808376 %

[P]log_3 Load Factor:     1.315309 %

[P]Get Hit Rate:         68.3596 %

[P]rx packet:       105200.645 / s

[P]Throughput:      4643117.703 ops

[P]Valid Entries:   2361913.251 / s

[P]set success:     2442437.081 / s

[P]get found:       1602175.384 / s

----------------------------------

[INFO]Current Time:       12.10 s

[P]indexs Load Factor:    8.5018 %

[P]log_0 Load Factor:     2.692531 %

[P]log_1 Load Factor:     2.854005 %

[P]log_2 Load Factor:     2.525566 %

[P]log_3 Load Factor:     1.846734 %

[P]Get Hit Rate:         69.3771 %

[P]rx packet:       111806.377 / s

[P]Throughput:      4697868.866 ops

[P]Valid Entries:   2339550.487 / s

[P]mica evicted:      1.878 / s

[P]set success:     2445804.528 / s

[P]get found:       1656539.903 / s

----------------------------------

[INFO]Current Time:       13.22 s

[P]indexs Load Factor:    11.1326 %

[P]log_0 Load Factor:     3.494569 %

[P]log_1 Load Factor:     3.692257 %

[P]log_2 Load Factor:     3.274247 %

[P]log_3 Load Factor:     2.390000 %

[P]Get Hit Rate:         71.9024 %

[P]rx packet:       122988.662 / s

[P]Throughput:      4593201.436 ops

[P]Valid Entries:   2350922.743 / s

[P]mica evicted:     14.299 / s

[P]set success:     2447024.755 / s

[P]get found:       1657703.848 / s

----------------------------------

[INFO]Current Time:       14.36 s

[P]indexs Load Factor:    13.8059 %

[P]log_0 Load Factor:     4.293091 %

[P]log_1 Load Factor:     4.543545 %

[P]log_2 Load Factor:     4.020660 %

[P]log_3 Load Factor:     2.925740 %

[P]Get Hit Rate:         71.9551 %

[P]rx packet:       129083.117 / s

[P]Throughput:      4610467.203 ops

[P]Valid Entries:   2315712.543 / s

[P]mica evicted:     92.299 / s

[P]set success:     2464287.215 / s

[P]get found:       1675840.101 / s

----------------------------------

[INFO]Current Time:       15.52 s

[P]indexs Load Factor:    16.4667 %

[P]log_0 Load Factor:     5.085276 %

[P]log_1 Load Factor:     5.389266 %

[P]log_2 Load Factor:     4.762650 %

[P]log_3 Load Factor:     3.454412 %

[P]Get Hit Rate:         74.9231 %

[P]rx packet:       136417.468 / s

[P]Throughput:      4581448.376 ops

[P]Valid Entries:   2307204.206 / s

[P]mica evicted:    275.972 / s

[P]set success:     2291344.908 / s

[P]get found:       1735358.536 / s

----------------------------------

[INFO]Current Time:       16.69 s

[P]indexs Load Factor:    19.1761 %

[P]log_0 Load Factor:     5.908607 %

[P]log_1 Load Factor:     6.264145 %

[P]log_2 Load Factor:     5.530513 %

[P]log_3 Load Factor:     3.979039 %

[P]Get Hit Rate:         74.8142 %

[P]rx packet:       145402.150 / s

[P]Throughput:      4678214.610 ops

[P]Valid Entries:   2378690.468 / s

[P]mica evicted:    700.359 / s

[P]set success:     2389865.358 / s

[P]get found:       1766179.475 / s

----------------------------------

[INFO]Current Time:       17.87 s

[P]indexs Load Factor:    21.8814 %

[P]log_0 Load Factor:     6.729190 %

[P]log_1 Load Factor:     7.111399 %

[P]log_2 Load Factor:     6.295621 %

[P]log_3 Load Factor:     4.493892 %

[P]Get Hit Rate:         77.2303 %

[P]rx packet:       157914.735 / s

[P]Throughput:      4591561.223 ops

[P]Valid Entries:   2330936.756 / s

[P]mica evicted:    1640.140 / s

[P]set success:     2427818.627 / s

[P]get found:       1790092.697 / s

----------------------------------

[INFO]Current Time:       19.05 s

[P]indexs Load Factor:    24.5794 %

[P]log_0 Load Factor:     7.554722 %

[P]log_1 Load Factor:     7.973007 %

[P]log_2 Load Factor:     7.068605 %

[P]log_3 Load Factor:     5.004053 %

[P]Get Hit Rate:         76.9968 %

[P]rx packet:       170701.808 / s

[P]Throughput:      4667367.307 ops

[P]Valid Entries:   2379617.198 / s

[P]mica evicted:    3412.293 / s

[P]set success:     2380670.584 / s

[P]get found:       1779165.278 / s

----------------------------------

[INFO]Current Time:       20.24 s

[P]indexs Load Factor:    27.2537 %

[P]log_0 Load Factor:     8.373417 %

[P]log_1 Load Factor:     8.787445 %

[P]log_2 Load Factor:     7.844426 %

[P]log_3 Load Factor:     5.509024 %

[P]Get Hit Rate:         78.2928 %

[P]rx packet:       178234.603 / s

[P]Throughput:      4574745.623 ops

[P]Valid Entries:   2342374.712 / s

[P]mica evicted:    6223.980 / s

[P]set success:     2367639.024 / s

[P]get found:       1806061.078 / s

----------------------------------

[INFO]Current Time:       21.43 s

[P]indexs Load Factor:    29.8845 %

[P]log_0 Load Factor:     9.154999 %

[P]log_1 Load Factor:     9.593690 %

[P]log_2 Load Factor:     8.621294 %

[P]log_3 Load Factor:     6.003194 %

[P]Get Hit Rate:         77.5702 %

[P]rx packet:       182289.187 / s

[P]Throughput:      4570943.040 ops

[P]Valid Entries:   2336068.188 / s

[P]mica evicted:    10308.440 / s

[P]set success:     2329676.537 / s

[P]get found:       1787454.256 / s

----------------------------------

[INFO]Current Time:       22.64 s

[P]indexs Load Factor:    32.3981 %

[P]log_0 Load Factor:     9.888644 %

[P]log_1 Load Factor:     10.331189 %

[P]log_2 Load Factor:     9.360255 %

[P]log_3 Load Factor:     6.490540 %

[P]Get Hit Rate:         77.5436 %

[P]rx packet:       178429.362 / s

[P]Throughput:      4494100.135 ops

[P]Valid Entries:   2260778.817 / s

[P]mica evicted:    16308.930 / s

[P]set success:     2312592.289 / s

[P]get found:       1735492.091 / s

----------------------------------

[INFO]Current Time:       23.85 s

[P]indexs Load Factor:    34.8556 %

[P]log_0 Load Factor:     10.599907 %

[P]log_1 Load Factor:     11.124561 %

[P]log_2 Load Factor:     10.072839 %

[P]log_3 Load Factor:     6.981165 %

[P]Get Hit Rate:         76.7820 %

[P]rx packet:       172322.264 / s

[P]Throughput:      4346189.093 ops

[P]Valid Entries:   2152870.961 / s

[P]mica evicted:    23212.129 / s

[P]set success:     2209960.431 / s

[P]get found:       1681985.698 / s

----------------------------------

[INFO]Current Time:       25.06 s

[P]indexs Load Factor:    37.2480 %

[P]log_0 Load Factor:     11.290376 %

[P]log_1 Load Factor:     11.848673 %

[P]log_2 Load Factor:     10.764373 %

[P]log_3 Load Factor:     7.454504 %

[P]Get Hit Rate:         78.8390 %

[P]rx packet:       169290.225 / s

[P]Throughput:      4264607.014 ops

[P]Valid Entries:   2142279.202 / s

[P]mica evicted:    33131.040 / s

[P]set success:     2177912.519 / s

[P]get found:       1663656.212 / s

----------------------------------

[INFO]Current Time:       26.28 s

[P]indexs Load Factor:    39.5230 %

[P]log_0 Load Factor:     11.944559 %

[P]log_1 Load Factor:     12.520295 %

[P]log_2 Load Factor:     11.417440 %

[P]log_3 Load Factor:     7.920639 %

[P]Get Hit Rate:         76.9403 %

[P]rx packet:       162814.154 / s

[P]Throughput:      4155307.958 ops

[P]Valid Entries:   2013264.870 / s

[P]mica evicted:    43443.570 / s

[P]set success:     2104220.643 / s

[P]get found:       1610540.053 / s

----------------------------------

[INFO]Current Time:       27.50 s

[P]indexs Load Factor:    41.7105 %

[P]log_0 Load Factor:     12.573597 %

[P]log_1 Load Factor:     13.177522 %

[P]log_2 Load Factor:     12.044880 %

[P]log_3 Load Factor:     8.385771 %

[P]Get Hit Rate:         76.8736 %

[P]rx packet:       154185.743 / s

[P]Throughput:      3951597.942 ops

[P]Valid Entries:   1948559.621 / s

[P]mica evicted:    54391.093 / s

[P]set success:     1997655.788 / s

[P]get found:       1530145.057 / s

----------------------------------

[INFO]Current Time:       28.73 s

[P]indexs Load Factor:    43.7872 %

[P]log_0 Load Factor:     13.184325 %

[P]log_1 Load Factor:     13.787031 %

[P]log_2 Load Factor:     12.652978 %

[P]log_3 Load Factor:     8.835857 %

[P]Get Hit Rate:         75.8422 %

[P]rx packet:       147342.296 / s

[P]Throughput:      3771259.951 ops

[P]Valid Entries:   1856963.834 / s

[P]mica evicted:    66531.195 / s

[P]set success:     1938031.592 / s

[P]get found:       1431972.451 / s

----------------------------------

[INFO]Current Time:       29.95 s

[P]indexs Load Factor:    45.8069 %

[P]log_0 Load Factor:     13.759784 %

[P]log_1 Load Factor:     14.394981 %

[P]log_2 Load Factor:     13.226266 %

[P]log_3 Load Factor:     9.266623 %

[P]Get Hit Rate:         75.9608 %

[P]rx packet:       145568.125 / s

[P]Throughput:      3759108.296 ops

[P]Valid Entries:   1823164.030 / s

[P]mica evicted:    82350.977 / s

[P]set success:     1873087.532 / s

[P]get found:       1436978.943 / s

----------------------------------

[INFO]Current Time:       31.17 s

[P]indexs Load Factor:    47.7908 %

[P]log_0 Load Factor:     14.335549 %

[P]log_1 Load Factor:     14.964666 %

[P]log_2 Load Factor:     13.789873 %

[P]log_3 Load Factor:     9.701185 %

[P]Get Hit Rate:         78.6266 %

[P]rx packet:       143663.954 / s

[P]Throughput:      3678791.450 ops

[P]Valid Entries:   1789857.659 / s

[P]mica evicted:    98585.490 / s

[P]set success:     1897198.531 / s

[P]get found:       1439626.806 / s

----------------------------------

[INFO]Current Time:       32.40 s

[P]indexs Load Factor:    49.6884 %

[P]log_0 Load Factor:     14.884083 %

[P]log_1 Load Factor:     15.530443 %

[P]log_2 Load Factor:     14.327622 %

[P]log_3 Load Factor:     10.110310 %

[P]Get Hit Rate:         76.7906 %

[P]rx packet:       141484.372 / s

[P]Throughput:      3697694.569 ops

[P]Valid Entries:   1749035.780 / s

[P]mica evicted:    117012.393 / s

[P]set success:     1871138.709 / s

[P]get found:       1421246.737 / s

----------------------------------

[INFO]Current Time:       33.62 s

[P]indexs Load Factor:    51.4874 %

[P]log_0 Load Factor:     15.399231 %

[P]log_1 Load Factor:     16.048880 %

[P]log_2 Load Factor:     14.836918 %

[P]log_3 Load Factor:     10.517765 %

[P]Get Hit Rate:         77.5030 %

[P]rx packet:       131928.245 / s

[P]Throughput:      3440430.542 ops

[P]Valid Entries:   1619166.521 / s

[P]mica evicted:    127970.135 / s

[P]set success:     1749119.404 / s

[P]get found:       1326600.398 / s

----------------------------------

[INFO]Current Time:       34.85 s

[P]indexs Load Factor:    53.2225 %

[P]log_0 Load Factor:     15.894870 %

[P]log_1 Load Factor:     16.519886 %

[P]log_2 Load Factor:     15.325507 %

[P]log_3 Load Factor:     10.912053 %

[P]Get Hit Rate:         76.6083 %

[P]rx packet:       132617.634 / s

[P]Throughput:      3488216.617 ops

[P]Valid Entries:   1611594.964 / s

[P]mica evicted:    150049.527 / s

[P]set success:     1760957.644 / s

[P]get found:       1337080.340 / s

----------------------------------

[INFO]Current Time:       36.07 s

[P]indexs Load Factor:    54.8568 %

[P]log_0 Load Factor:     16.369518 %

[P]log_1 Load Factor:     16.985097 %

[P]log_2 Load Factor:     15.793544 %

[P]log_3 Load Factor:     11.288824 %

[P]Get Hit Rate:         77.1332 %

[P]rx packet:       123147.236 / s

[P]Throughput:      3189188.369 ops

[P]Valid Entries:   1481090.200 / s

[P]mica evicted:    159796.015 / s

[P]set success:     1637896.250 / s

[P]get found:       1238377.951 / s

----------------------------------

[INFO]Current Time:       37.29 s

[P]indexs Load Factor:    56.4648 %

[P]log_0 Load Factor:     16.842306 %

[P]log_1 Load Factor:     17.430742 %

[P]log_2 Load Factor:     16.258498 %

[P]log_3 Load Factor:     11.661274 %

[P]Get Hit Rate:         76.1323 %

[P]rx packet:       124174.850 / s

[P]Throughput:      3264651.537 ops

[P]Valid Entries:   1460259.855 / s

[P]mica evicted:    182964.882 / s

[P]set success:     1654947.440 / s

[P]get found:       1250590.581 / s

----------------------------------

[INFO]Current Time:       38.51 s

[P]indexs Load Factor:    58.0387 %

[P]log_0 Load Factor:     17.287843 %

[P]log_1 Load Factor:     17.886693 %

[P]log_2 Load Factor:     16.696807 %

[P]log_3 Load Factor:     12.017979 %

[P]Get Hit Rate:         77.0836 %

[P]rx packet:       124260.563 / s

[P]Throughput:      3254624.424 ops

[P]Valid Entries:   1460122.192 / s

[P]mica evicted:    205591.668 / s

[P]set success:     1657735.552 / s

[P]get found:       1255011.056 / s

----------------------------------

[INFO]Current Time:       39.73 s

[P]indexs Load Factor:    59.5833 %

[P]log_0 Load Factor:     17.715715 %

[P]log_1 Load Factor:     18.357909 %

[P]log_2 Load Factor:     17.113181 %

[P]log_3 Load Factor:     12.363517 %

[P]Get Hit Rate:         77.9231 %

[P]rx packet:       123143.902 / s

[P]Throughput:      3229623.663 ops

[P]Valid Entries:   1424838.244 / s

[P]mica evicted:    228588.475 / s

[P]set success:     1643467.203 / s

[P]get found:       1244723.576 / s

----------------------------------

[INFO]Current Time:       40.94 s

[P]indexs Load Factor:    61.0296 %

[P]log_0 Load Factor:     18.138791 %

[P]log_1 Load Factor:     18.768880 %

[P]log_2 Load Factor:     17.524656 %

[P]log_3 Load Factor:     12.700488 %

[P]Get Hit Rate:         75.9041 %

[P]rx packet:       118281.487 / s

[P]Throughput:      3141535.457 ops

[P]Valid Entries:   1347760.040 / s

[P]mica evicted:    243381.009 / s

[P]set success:     1560919.456 / s

[P]get found:       1193095.916 / s

----------------------------------

[INFO]Current Time:       42.15 s

[P]indexs Load Factor:    62.4444 %

[P]log_0 Load Factor:     18.545870 %

[P]log_1 Load Factor:     19.167727 %

[P]log_2 Load Factor:     17.921563 %

[P]log_3 Load Factor:     13.031158 %

[P]Get Hit Rate:         76.5714 %

[P]rx packet:       117455.303 / s

[P]Throughput:      3089671.830 ops

[P]Valid Entries:   1319914.652 / s

[P]mica evicted:    261807.307 / s

[P]set success:     1570244.174 / s

[P]get found:       1183438.313 / s

----------------------------------

[INFO]Current Time:       43.36 s

[P]indexs Load Factor:    63.7814 %

[P]log_0 Load Factor:     18.928780 %

[P]log_1 Load Factor:     19.528643 %

[P]log_2 Load Factor:     18.298599 %

[P]log_3 Load Factor:     13.347656 %

[P]Get Hit Rate:         75.5058 %

[P]rx packet:       115529.995 / s

[P]Throughput:      3080675.103 ops

[P]Valid Entries:   1277876.270 / s

[P]mica evicted:    281023.516 / s

[P]set success:     1546285.945 / s

[P]get found:       1163477.331 / s

----------------------------------

[INFO]Current Time:       44.57 s

[P]indexs Load Factor:    65.0597 %

[P]log_0 Load Factor:     19.299192 %

[P]log_1 Load Factor:     19.877303 %

[P]log_2 Load Factor:     18.663378 %

[P]log_3 Load Factor:     13.655513 %

[P]Get Hit Rate:         75.2806 %

[P]rx packet:       111677.506 / s

[P]Throughput:      2946343.784 ops

[P]Valid Entries:   1213679.884 / s

[P]mica evicted:    298446.214 / s

[P]set success:     1496012.562 / s

[P]get found:       1122580.719 / s

----------------------------------

[INFO]Current Time:       45.77 s

[P]indexs Load Factor:    66.3224 %

[P]log_0 Load Factor:     19.657328 %

[P]log_1 Load Factor:     20.252149 %

[P]log_2 Load Factor:     19.015347 %

[P]log_3 Load Factor:     13.947885 %

[P]Get Hit Rate:         75.9763 %

[P]rx packet:       110762.846 / s

[P]Throughput:      2946350.210 ops

[P]Valid Entries:   1183537.696 / s

[P]mica evicted:    320051.189 / s

[P]set success:     1485274.530 / s

[P]get found:       1112932.924 / s

----------------------------------

[INFO]Current Time:       46.96 s

[P]indexs Load Factor:    67.5271 %

[P]log_0 Load Factor:     20.001318 %

[P]log_1 Load Factor:     20.582954 %

[P]log_2 Load Factor:     19.352485 %

[P]log_3 Load Factor:     14.234673 %

[P]Get Hit Rate:         73.9839 %

[P]rx packet:       109912.505 / s

[P]Throughput:      2927884.790 ops

[P]Valid Entries:   1153213.303 / s

[P]mica evicted:    341156.758 / s

[P]set success:     1474956.013 / s

[P]get found:       1088590.505 / s

----------------------------------

[INFO]Current Time:       48.16 s

[P]indexs Load Factor:    68.7001 %

[P]log_0 Load Factor:     20.334984 %

[P]log_1 Load Factor:     20.919991 %

[P]log_2 Load Factor:     19.678089 %

[P]log_3 Load Factor:     14.511031 %

[P]Get Hit Rate:         74.7632 %

[P]rx packet:       109350.326 / s

[P]Throughput:      2913015.915 ops

[P]Valid Entries:   1111230.915 / s

[P]mica evicted:    363533.132 / s

[P]set success:     1451423.261 / s

[P]get found:       1082509.343 / s

----------------------------------

[INFO]Current Time:       49.34 s

[P]indexs Load Factor:    69.8393 %

[P]log_0 Load Factor:     20.654751 %

[P]log_1 Load Factor:     21.238718 %

[P]log_2 Load Factor:     19.993725 %

[P]log_3 Load Factor:     14.779231 %

[P]Get Hit Rate:         75.3760 %

[P]rx packet:       108686.178 / s

[P]Throughput:      2847973.405 ops

[P]Valid Entries:   1095345.140 / s

[P]mica evicted:    385719.425 / s

[P]set success:     1458730.299 / s

[P]get found:       1073353.985 / s

----------------------------------

[INFO]Current Time:       50.53 s

[P]indexs Load Factor:    70.9224 %

[P]log_0 Load Factor:     20.959768 %

[P]log_1 Load Factor:     21.552925 %

[P]log_2 Load Factor:     20.294072 %

[P]log_3 Load Factor:     15.037792 %

[P]Get Hit Rate:         74.1180 %

[P]rx packet:       107279.894 / s

[P]Throughput:      2864341.447 ops

[P]Valid Entries:   1060445.739 / s

[P]mica evicted:    403423.465 / s

[P]set success:     1440754.094 / s

[P]get found:       1067544.970 / s

----------------------------------

[INFO]Current Time:       51.71 s

[P]indexs Load Factor:    71.9826 %

[P]log_0 Load Factor:     21.253835 %

[P]log_1 Load Factor:     21.863510 %

[P]log_2 Load Factor:     20.583217 %

[P]log_3 Load Factor:     15.290372 %

[P]Get Hit Rate:         73.9555 %

[P]rx packet:       105469.678 / s

[P]Throughput:      2823044.398 ops

[P]Valid Entries:   1007281.900 / s

[P]mica evicted:    421497.629 / s

[P]set success:     1399592.431 / s

[P]get found:       1048002.051 / s

----------------------------------

[INFO]Current Time:       52.89 s

[P]indexs Load Factor:    72.9988 %

[P]log_0 Load Factor:     21.537339 %

[P]log_1 Load Factor:     22.152801 %

[P]log_2 Load Factor:     20.864174 %

[P]log_3 Load Factor:     15.531058 %

[P]Get Hit Rate:         72.7936 %

[P]rx packet:       104314.635 / s

[P]Throughput:      2805725.999 ops

[P]Valid Entries:   986692.772 / s

[P]mica evicted:    434575.415 / s

[P]set success:     1401543.331 / s

[P]get found:       1021133.443 / s

----------------------------------

[INFO]Current Time:       54.06 s

[P]indexs Load Factor:    73.9671 %

[P]log_0 Load Factor:     21.811566 %

[P]log_1 Load Factor:     22.430873 %

[P]log_2 Load Factor:     21.130284 %

[P]log_3 Load Factor:     15.764564 %

[P]Get Hit Rate:         74.2983 %

[P]rx packet:       103276.167 / s

[P]Throughput:      2732456.282 ops

[P]Valid Entries:   956123.990 / s

[P]mica evicted:    458067.533 / s

[P]set success:     1388418.623 / s

[P]get found:       1021303.911 / s

----------------------------------

[INFO]Current Time:       55.22 s

[P]indexs Load Factor:    74.8895 %

[P]log_0 Load Factor:     22.074015 %

[P]log_1 Load Factor:     22.682482 %

[P]log_2 Load Factor:     21.386229 %

[P]log_3 Load Factor:     15.992580 %

[P]Get Hit Rate:         73.2010 %

[P]rx packet:       102029.011 / s

[P]Throughput:      2716318.828 ops

[P]Valid Entries:   923106.208 / s

[P]mica evicted:    475225.067 / s

[P]set success:     1372331.780 / s

[P]get found:       1006147.384 / s

----------------------------------

[INFO]Current Time:       56.38 s

[P]indexs Load Factor:    75.7927 %

[P]log_0 Load Factor:     22.330567 %

[P]log_1 Load Factor:     22.953307 %

[P]log_2 Load Factor:     21.636317 %

[P]log_3 Load Factor:     16.213973 %

[P]Get Hit Rate:         72.8245 %

[P]rx packet:       99961.534 / s

[P]Throughput:      2696517.120 ops

[P]Valid Entries:   884489.681 / s

[P]mica evicted:    486884.726 / s

[P]set success:     1344883.017 / s

[P]get found:       981488.792 / s

----------------------------------

[INFO]Current Time:       57.54 s

[P]indexs Load Factor:    76.6715 %

[P]log_0 Load Factor:     22.578883 %

[P]log_1 Load Factor:     23.196774 %

[P]log_2 Load Factor:     21.880941 %

[P]log_3 Load Factor:     16.425442 %

[P]Get Hit Rate:         74.4662 %

[P]rx packet:       102115.046 / s

[P]Throughput:      2707655.275 ops

[P]Valid Entries:   872358.836 / s

[P]mica evicted:    518238.629 / s

[P]set success:     1373113.579 / s

[P]get found:       1000678.035 / s

----------------------------------

[INFO]Current Time:       58.68 s

[P]indexs Load Factor:    77.5371 %

[P]log_0 Load Factor:     22.817800 %

[P]log_1 Load Factor:     23.452772 %

[P]log_2 Load Factor:     22.115494 %

[P]log_3 Load Factor:     16.629335 %

[P]Get Hit Rate:         73.3828 %

[P]rx packet:       102872.244 / s

[P]Throughput:      2746331.052 ops

[P]Valid Entries:   857753.600 / s

[P]mica evicted:    544603.717 / s

[P]set success:     1367091.838 / s

[P]get found:       1007697.034 / s

----------------------------------

[INFO]Current Time:       59.83 s

[P]indexs Load Factor:    78.3611 %

[P]log_0 Load Factor:     23.050188 %

[P]log_1 Load Factor:     23.683960 %

[P]log_2 Load Factor:     22.341752 %

[P]log_3 Load Factor:     16.828991 %

[P]Get Hit Rate:         74.1342 %

[P]rx packet:       101268.439 / s

[P]Throughput:      2685429.425 ops

[P]Valid Entries:   832657.920 / s

[P]mica evicted:    559202.901 / s

[P]set success:     1345955.701 / s

[P]get found:       988687.618 / s

----------------------------------

[INFO]Current Time:       60.97 s

[P]indexs Load Factor:    79.1540 %

[P]log_0 Load Factor:     23.271782 %

[P]log_1 Load Factor:     23.910237 %

[P]log_2 Load Factor:     22.556924 %

[P]log_3 Load Factor:     17.020561 %

[P]Get Hit Rate:         73.7639 %

[P]rx packet:       101958.478 / s

[P]Throughput:      2723565.054 ops

[P]Valid Entries:   808512.951 / s

[P]mica evicted:    583709.130 / s

[P]set success:     1371688.533 / s

[P]get found:       992780.087 / s

----------------------------------

[INFO]Current Time:       62.10 s

[P]indexs Load Factor:    79.8985 %

[P]log_0 Load Factor:     23.482021 %

[P]log_1 Load Factor:     24.129438 %

[P]log_2 Load Factor:     22.760405 %

[P]log_3 Load Factor:     17.203418 %

[P]Get Hit Rate:         70.6387 %

[P]rx packet:       95447.379 / s

[P]Throughput:      2583870.249 ops

[P]Valid Entries:   747976.619 / s

[P]mica evicted:    565882.704 / s

[P]set success:     1270334.015 / s

[P]get found:       912291.017 / s

----------------------------------

[INFO]Current Time:       63.24 s

[P]indexs Load Factor:    80.6228 %

[P]log_0 Load Factor:     23.677497 %

[P]log_1 Load Factor:     24.327634 %

[P]log_2 Load Factor:     22.951663 %

[P]log_3 Load Factor:     17.384069 %

[P]Get Hit Rate:         71.4633 %

[P]rx packet:       98275.750 / s

[P]Throughput:      2612968.844 ops

[P]Valid Entries:   749783.151 / s

[P]mica evicted:    603680.634 / s

[P]set success:     1324159.647 / s

[P]get found:       950453.640 / s

----------------------------------

[INFO]Current Time:       64.36 s

[P]indexs Load Factor:    81.3088 %

[P]log_0 Load Factor:     23.877142 %

[P]log_1 Load Factor:     24.517874 %

[P]log_2 Load Factor:     23.145603 %

[P]log_3 Load Factor:     17.557200 %

[P]Get Hit Rate:         71.8608 %

[P]rx packet:       93326.150 / s

[P]Throughput:      2495197.946 ops

[P]Valid Entries:   694228.107 / s

[P]mica evicted:    590917.776 / s

[P]set success:     1257044.461 / s

[P]get found:       896179.806 / s

----------------------------------

[INFO]Current Time:       65.49 s

[P]indexs Load Factor:    81.9812 %

[P]log_0 Load Factor:     24.070255 %

[P]log_1 Load Factor:     24.698962 %

[P]log_2 Load Factor:     23.334856 %

[P]log_3 Load Factor:     17.726459 %

[P]Get Hit Rate:         69.9412 %

[P]rx packet:       96805.428 / s

[P]Throughput:      2623158.988 ops

[P]Valid Entries:   702827.418 / s

[P]mica evicted:    623379.886 / s

[P]set success:     1304079.103 / s

[P]get found:       916910.799 / s

----------------------------------

[INFO]Current Time:       66.61 s

[P]indexs Load Factor:    82.6313 %

[P]log_0 Load Factor:     24.253072 %

[P]log_1 Load Factor:     24.877890 %

[P]log_2 Load Factor:     23.513755 %

[P]log_3 Load Factor:     17.888199 %

[P]Get Hit Rate:         69.5702 %

[P]rx packet:       95101.397 / s

[P]Throughput:      2577378.776 ops

[P]Valid Entries:   672343.991 / s

[P]mica evicted:    637983.812 / s

[P]set success:     1280352.525 / s

[P]get found:       896161.971 / s

----------------------------------

[INFO]Current Time:       67.72 s

[P]indexs Load Factor:    83.2804 %

[P]log_0 Load Factor:     24.435508 %

[P]log_1 Load Factor:     25.070928 %

[P]log_2 Load Factor:     23.691672 %

[P]log_3 Load Factor:     18.045161 %

[P]Get Hit Rate:         70.3213 %

[P]rx packet:       97025.572 / s

[P]Throughput:      2614463.698 ops

[P]Valid Entries:   666854.522 / s

[P]mica evicted:    670704.571 / s

[P]set success:     1306782.107 / s

[P]get found:       924512.519 / s

----------------------------------

[INFO]Current Time:       68.83 s

[P]indexs Load Factor:    83.9024 %

[P]log_0 Load Factor:     24.608259 %

[P]log_1 Load Factor:     25.256015 %

[P]log_2 Load Factor:     23.859953 %

[P]log_3 Load Factor:     18.192495 %

[P]Get Hit Rate:         71.0245 %

[P]rx packet:       97625.492 / s

[P]Throughput:      2630937.461 ops

[P]Valid Entries:   653919.434 / s

[P]mica evicted:    692340.393 / s

[P]set success:     1314904.273 / s

[P]get found:       928245.842 / s

----------------------------------

[INFO]Current Time:       69.93 s

[P]indexs Load Factor:    84.4874 %

[P]log_0 Load Factor:     24.776741 %

[P]log_1 Load Factor:     25.404611 %

[P]log_2 Load Factor:     24.025086 %

[P]log_3 Load Factor:     18.336540 %

[P]Get Hit Rate:         68.9067 %

[P]rx packet:       96921.477 / s

[P]Throughput:      2613595.234 ops

[P]Valid Entries:   622525.793 / s

[P]mica evicted:    697129.394 / s

[P]set success:     1289738.191 / s

[P]get found:       905494.951 / s

----------------------------------

[INFO]Current Time:       71.02 s

[P]indexs Load Factor:    85.0617 %

[P]log_0 Load Factor:     24.940209 %

[P]log_1 Load Factor:     25.571556 %

[P]log_2 Load Factor:     24.185213 %

[P]log_3 Load Factor:     18.475815 %

[P]Get Hit Rate:         71.2999 %

[P]rx packet:       94850.622 / s

[P]Throughput:      2540905.101 ops

[P]Valid Entries:   599421.870 / s

[P]mica evicted:    708947.501 / s

[P]set success:     1277815.124 / s

[P]get found:       893382.405 / s

----------------------------------

[INFO]Current Time:       72.12 s

[P]indexs Load Factor:    85.6236 %

[P]log_0 Load Factor:     25.096431 %

[P]log_1 Load Factor:     25.731497 %

[P]log_2 Load Factor:     24.337368 %

[P]log_3 Load Factor:     18.609105 %

[P]Get Hit Rate:         69.3010 %

[P]rx packet:       97889.461 / s

[P]Throughput:      2640154.309 ops

[P]Valid Entries:   603232.091 / s

[P]mica evicted:    747290.822 / s

[P]set success:     1285337.407 / s

[P]get found:       908426.158 / s

----------------------------------

[INFO]Current Time:       73.21 s

[P]indexs Load Factor:    86.1669 %

[P]log_0 Load Factor:     25.250312 %

[P]log_1 Load Factor:     25.895989 %

[P]log_2 Load Factor:     24.486161 %

[P]log_3 Load Factor:     18.739972 %

[P]Get Hit Rate:         69.0337 %

[P]rx packet:       95901.015 / s

[P]Throughput:      2603228.213 ops

[P]Valid Entries:   573121.598 / s

[P]mica evicted:    749652.847 / s

[P]set success:     1290900.417 / s

[P]get found:       898074.263 / s

----------------------------------

[INFO]Current Time:       74.30 s

[P]indexs Load Factor:    86.6884 %

[P]log_0 Load Factor:     25.397091 %

[P]log_1 Load Factor:     26.041058 %

[P]log_2 Load Factor:     24.629174 %

[P]log_3 Load Factor:     18.865365 %

[P]Get Hit Rate:         69.5552 %

[P]rx packet:       96306.131 / s

[P]Throughput:      2580546.698 ops

[P]Valid Entries:   558910.922 / s

[P]mica evicted:    769269.681 / s

[P]set success:     1296362.464 / s

[P]get found:       896859.793 / s

----------------------------------

[INFO]Current Time:       75.39 s

[P]indexs Load Factor:    87.1832 %

[P]log_0 Load Factor:     25.539634 %

[P]log_1 Load Factor:     26.171465 %

[P]log_2 Load Factor:     24.767710 %

[P]log_3 Load Factor:     18.988766 %

[P]Get Hit Rate:         68.9113 %

[P]rx packet:       94780.242 / s

[P]Throughput:      2566189.884 ops

[P]Valid Entries:   534416.549 / s

[P]mica evicted:    773216.645 / s

[P]set success:     1276670.100 / s

[P]get found:       880726.773 / s

----------------------------------

[INFO]Current Time:       76.47 s

[P]indexs Load Factor:    87.6709 %

[P]log_0 Load Factor:     25.676846 %

[P]log_1 Load Factor:     26.311439 %

[P]log_2 Load Factor:     24.901453 %

[P]log_3 Load Factor:     19.107201 %

[P]Get Hit Rate:         68.1834 %

[P]rx packet:       95705.170 / s

[P]Throughput:      2583484.378 ops

[P]Valid Entries:   523295.729 / s

[P]mica evicted:    796894.268 / s

[P]set success:     1288596.205 / s

[P]get found:       885951.808 / s

----------------------------------

[INFO]Current Time:       77.55 s

[P]indexs Load Factor:    88.1376 %

[P]log_0 Load Factor:     25.809107 %

[P]log_1 Load Factor:     26.447074 %

[P]log_2 Load Factor:     25.032114 %

[P]log_3 Load Factor:     19.222746 %

[P]Get Hit Rate:         68.5701 %

[P]rx packet:       95218.724 / s

[P]Throughput:      2555282.514 ops

[P]Valid Entries:   505166.354 / s

[P]mica evicted:    807787.657 / s

[P]set success:     1281360.564 / s

[P]get found:       875059.333 / s

----------------------------------

[INFO]Current Time:       78.62 s

[P]indexs Load Factor:    88.5950 %

[P]log_0 Load Factor:     25.936692 %

[P]log_1 Load Factor:     26.580975 %

[P]log_2 Load Factor:     25.155692 %

[P]log_3 Load Factor:     19.331822 %

[P]Get Hit Rate:         66.6214 %

[P]rx packet:       95932.700 / s

[P]Throughput:      2589819.693 ops

[P]Valid Entries:   494597.196 / s

[P]mica evicted:    828553.058 / s

[P]set success:     1274538.713 / s

[P]get found:       868022.683 / s

----------------------------------

[INFO]Current Time:       79.70 s

[P]indexs Load Factor:    89.0298 %

[P]log_0 Load Factor:     26.059570 %

[P]log_1 Load Factor:     26.699324 %

[P]log_2 Load Factor:     25.275466 %

[P]log_3 Load Factor:     19.438501 %

[P]Get Hit Rate:         68.1343 %

[P]rx packet:       95209.741 / s

[P]Throughput:      2570858.666 ops

[P]Valid Entries:   474316.402 / s

[P]mica evicted:    838570.538 / s

[P]set success:     1281977.252 / s

[P]get found:       869750.086 / s

----------------------------------

[INFO]Current Time:       80.76 s

[P]indexs Load Factor:    89.4605 %

[P]log_0 Load Factor:     26.181120 %

[P]log_1 Load Factor:     26.824907 %

[P]log_2 Load Factor:     25.392467 %

[P]log_3 Load Factor:     19.546252 %

[P]Get Hit Rate:         66.9237 %

[P]rx packet:       96828.427 / s

[P]Throughput:      2631883.556 ops

[P]Valid Entries:   467940.321 / s

[P]mica evicted:    867237.596 / s

[P]set success:     1286168.462 / s

[P]get found:       879949.514 / s

----------------------------------

[INFO]Current Time:       81.83 s

[P]indexs Load Factor:    89.8615 %

[P]log_0 Load Factor:     26.299161 %

[P]log_1 Load Factor:     26.900265 %

[P]log_2 Load Factor:     25.506139 %

[P]log_3 Load Factor:     19.648904 %

[P]Get Hit Rate:         67.3112 %

[P]rx packet:       97358.438 / s

[P]Throughput:      2628317.074 ops

[P]Valid Entries:   455647.371 / s

[P]mica evicted:    885807.152 / s

[P]set success:     1291314.495 / s

[P]get found:       878008.031 / s

----------------------------------

[INFO]Current Time:       82.89 s
[INFO]End rx_queue_1:2553825

[P]indexs Load Factor:    90.1676 %

[P]log_0 Load Factor:     26.415132 %

[P]log_1 Load Factor:     26.900265 %

[P]log_2 Load Factor:     25.619866 %

[P]log_3 Load Factor:     19.754069 %

[P]Get Hit Rate:         64.1896 %

[P]rx packet:       39550.595 / s

[P]Throughput:      2078367.921 ops

[P]Valid Entries:   347663.281 / s

[P]mica evicted:    709082.839 / s

[P]set success:     1041654.693 / s

[P]get found:       670341.825 / s

----------------------------------

[INFO]Current Time:       83.94 s

[P]indexs Load Factor:    90.4661 %

[P]log_0 Load Factor:     26.527517 %

[P]log_1 Load Factor:     26.900265 %

[P]log_2 Load Factor:     25.729786 %

[P]log_3 Load Factor:     19.856640 %

[P]Get Hit Rate:         63.2240 %

[P]rx packet:       72773.682 / s

[P]Throughput:      2073164.006 ops

[P]Valid Entries:   334633.932 / s

[P]mica evicted:    708893.983 / s

[P]set success:     1029327.363 / s

[P]get found:       654851.392 / s

----------------------------------

[INFO]Current Time:       85.00 s

[P]indexs Load Factor:    90.7561 %

[P]log_0 Load Factor:     26.637237 %

[P]log_1 Load Factor:     26.900265 %

[P]log_2 Load Factor:     25.836361 %

[P]log_3 Load Factor:     19.953827 %

[P]Get Hit Rate:         62.9879 %

[P]rx packet:       74328.441 / s

[P]Throughput:      2049065.699 ops

[P]Valid Entries:   322928.840 / s

[P]mica evicted:    707961.972 / s

[P]set success:     1016571.394 / s

[P]get found:       644810.519 / s

----------------------------------

[INFO]Current Time:       86.05 s

[P]indexs Load Factor:    91.0061 %

[P]log_0 Load Factor:     26.685223 %

[P]log_1 Load Factor:     26.900265 %

[P]log_2 Load Factor:     25.944788 %

[P]log_3 Load Factor:     20.049311 %

[P]Get Hit Rate:         63.0544 %

[P]rx packet:       66506.246 / s

[P]Throughput:      1948855.385 ops

[P]Valid Entries:   302511.790 / s

[P]mica evicted:    689526.027 / s

[P]set success:     979302.558 / s

[P]get found:       614005.932 / s

----------------------------------
[INFO]End rx_queue_0:2605809

[INFO]Current Time:       87.09 s

[P]indexs Load Factor:    91.1508 %

[P]log_0 Load Factor:     26.685223 %

[P]log_1 Load Factor:     26.900265 %

[P]log_2 Load Factor:     26.057428 %

[P]log_3 Load Factor:     20.076118 %

[P]Get Hit Rate:         61.4483 %

[P]rx packet:       13299.942 / s

[P]Throughput:      1206667.677 ops

[P]Valid Entries:   179935.184 / s

[P]mica evicted:    426811.315 / s

[P]set success:     606329.089 / s

[P]get found:       370129.316 / s

----------------------------------
[INFO]End rx_queue_3:2032921

[INFO]Current Time:       88.14 s

[P]indexs Load Factor:    91.2461 %

[P]log_0 Load Factor:     26.685223 %

[P]log_1 Load Factor:     26.900265 %

[P]log_2 Load Factor:     26.144911 %

[P]log_3 Load Factor:     20.076118 %

[P]Get Hit Rate:         63.1684 %

[P]rx packet:       22518.843 / s

[P]Throughput:      768779.445 ops

[P]Valid Entries:   113337.207 / s

[P]mica evicted:    271049.640 / s

[P]set success:     384386.846 / s

[P]get found:       242814.084 / s

----------------------------------

[INFO]Current Time:       89.18 s
Finish the job......
[INFO]End rx_queue_2:2598821

[P]indexs Load Factor:    91.2517 %

[P]log_0 Load Factor:     26.685223 %

[P]log_1 Load Factor:     26.900265 %

[P]log_2 Load Factor:     26.144911 %

[P]log_3 Load Factor:     20.076118 %

[P]Get Hit Rate:         63.4046 %

[P]rx packet:       6250.053 / s

[P]Throughput:      175104.765 ops

[P]Valid Entries:   25742.263 / s

[P]mica evicted:    61811.076 / s

[P]set success:     87553.339 / s

[P]get found:       55512.254 / s

----------------------------------

Total Index Entries:      98958983

indexs Load Factor:     91.251673 %

log_0 Load Factor:      26.685223 %

log_1 Load Factor:      26.900265 %

log_2 Load Factor:      26.144911 %

log_3 Load Factor:      20.076118 %

Get Hit Rate:           73.348092%

Max Throughput:         4697868.87

Calc Load Factor:       91.251673%

valid count:              28653040

set request:              36481312
set_success:              36481312 | set_fail:                        0 | set_mica_evicted:          7828028
set_random:                      0 | set_cuckoo_evicted:              0 | set_expire_evicted:              0

get request:              36481312
get_found:                26060222 | get_notfound:             10421090 | get_hit_ratio:          71.434443%

clean up:               18446744073709551372 | test_notfound:                   0
move_to_head_performed:    4451615 | move_to_head_skipped:     21608607 | move_to_head_failed:             0


valid count:              28883940

set request:              35753536
set_success:              35753536 | set_fail:                        0 | set_mica_evicted:          6869596
set_random:                      0 | set_cuckoo_evicted:              0 | set_expire_evicted:              0

get request:              35753536
get_found:                27352241 | get_notfound:              8401295 | get_hit_ratio:          76.502198%

clean up:                        0 | test_notfound:                   0
move_to_head_performed:    3695555 | move_to_head_skipped:     23656686 | move_to_head_failed:             0


valid count:              28072884

set request:              36383480
set_success:              36383480 | set_fail:                        0 | set_mica_evicted:          8309840
set_random:                      0 | set_cuckoo_evicted:              0 | set_expire_evicted:              0

get request:              36383480
get_found:                25295867 | get_notfound:             11087613 | get_hit_ratio:          69.525694%

clean up:               18446744073709550860 | test_notfound:                   0
move_to_head_performed:    4763520 | move_to_head_skipped:     20532347 | move_to_head_failed:             0


valid count:              21556568

set request:              28460880
set_success:              28460880 | set_fail:                        0 | set_mica_evicted:          6902935
set_random:                      0 | set_cuckoo_evicted:              0 | set_expire_evicted:              0

get request:              28460880
get_found:                17896732 | get_notfound:             10564148 | get_hit_ratio:          62.881865%

clean up:               18446744073709550239 | test_notfound:                   0
move_to_head_performed:    2404502 | move_to_head_skipped:     15492230 | move_to_head_failed:             0


[INFO] Everything works fine.
deleting piekv......
