[INFO] 单个Log Size为:4 GB
[INFO] 运行mica
EAL: Probing VFIO support...
EAL: VFIO support initialized
EAL: PCI device 0000:03:00.0 on NUMA socket 0
EAL:   probe driver: 15b3:1017 net_mlx5
WEN: There are 1 device(s) available
starting port 0...
querying port 0...
port 0: 100 Gbps (full-duplex)
Adding UDP filter for each endpoint.
port_id/queue_id/udp_port = 0 0 0
Flow is created with src_port = 0, dst_port = 0
port_id/queue_id/udp_port = 0 1 1
Flow is created with src_port = 0, dst_port = 1
port_id/queue_id/udp_port = 0 2 2
Flow is created with src_port = 0, dst_port = 2
port_id/queue_id/udp_port = 0 3 3
Flow is created with src_port = 0, dst_port = 3
MEM: Initializing pages...
 == [STAT] Workers Start (4 threads in total) == 

[INFO]Current Time:       7.80 s

[P]indexs Load Factor:    0.2919 %

[P]log_0 Load Factor:     0.213360 %

[P]log_1 Load Factor:     0.218894 %

[P]log_2 Load Factor:     0.215080 %

[P]log_3 Load Factor:     0.106534 %

[P]Get Hit Rate:         45.7386 %

[P]rx packet:       2622.708 / s

[P]Throughput:      91511.530 ops

[P]Valid Entries:   44947.624 / s

[P]set success:     45274.213 / s

[P]get found:       20925.014 / s

----------------------------------

[INFO]Current Time:       9.00 s

[P]indexs Load Factor:    2.5708 %

[P]log_0 Load Factor:     0.854923 %

[P]log_1 Load Factor:     0.974626 %

[P]log_2 Load Factor:     0.873419 %

[P]log_3 Load Factor:     0.612361 %

[P]Get Hit Rate:         62.3495 %

[P]rx packet:       76739.710 / s

[P]Throughput:      3530655.474 ops

[P]Valid Entries:   1730415.502 / s

[P]set success:     1800327.306 / s

[P]get found:       1102517.623 / s

----------------------------------

[INFO]Current Time:       10.01 s

[P]indexs Load Factor:    4.9609 %

[P]log_0 Load Factor:     1.523292 %

[P]log_1 Load Factor:     1.759626 %

[P]log_2 Load Factor:     1.558427 %

[P]log_3 Load Factor:     1.146192 %

[P]Get Hit Rate:         65.6180 %

[P]rx packet:       79248.275 / s

[P]Throughput:      4581199.579 ops

[P]Valid Entries:   2305393.318 / s

[P]set success:     2398195.779 / s

[P]get found:       1538479.217 / s

----------------------------------

[INFO]Current Time:       11.06 s

[P]indexs Load Factor:    7.4548 %

[P]log_0 Load Factor:     2.223262 %

[P]log_1 Load Factor:     2.581988 %

[P]log_2 Load Factor:     2.275531 %

[P]log_3 Load Factor:     1.691483 %

[P]Get Hit Rate:         71.6874 %

[P]rx packet:       82242.783 / s

[P]Throughput:      4569267.150 ops

[P]Valid Entries:   2350918.760 / s

[P]mica evicted:      1.901 / s

[P]set success:     2470528.989 / s

[P]get found:       1641705.195 / s

----------------------------------

[INFO]Current Time:       12.16 s

[P]indexs Load Factor:    10.0530 %

[P]log_0 Load Factor:     2.949288 %

[P]log_1 Load Factor:     3.434042 %

[P]log_2 Load Factor:     3.020125 %

[P]log_3 Load Factor:     2.250700 %

[P]Get Hit Rate:         72.3787 %

[P]rx packet:       86428.956 / s

[P]Throughput:      4608758.251 ops

[P]Valid Entries:   2388072.545 / s

[P]mica evicted:      8.182 / s

[P]set success:     2502282.335 / s

[P]get found:       1660906.186 / s

----------------------------------

[INFO]Current Time:       13.30 s

[P]indexs Load Factor:    12.6944 %

[P]log_0 Load Factor:     3.682590 %

[P]log_1 Load Factor:     4.293706 %

[P]log_2 Load Factor:     3.772215 %

[P]log_3 Load Factor:     2.801119 %

[P]Get Hit Rate:         74.5179 %

[P]rx packet:       89328.160 / s

[P]Throughput:      4567139.346 ops

[P]Valid Entries:   2379917.483 / s

[P]mica evicted:     54.389 / s

[P]set success:     2409895.300 / s

[P]get found:       1705752.127 / s

----------------------------------

[INFO]Current Time:       14.46 s

[P]indexs Load Factor:    15.3332 %

[P]log_0 Load Factor:     4.421794 %

[P]log_1 Load Factor:     5.151143 %

[P]log_2 Load Factor:     4.531139 %

[P]log_3 Load Factor:     3.339218 %

[P]Get Hit Rate:         75.4962 %

[P]rx packet:       94788.710 / s

[P]Throughput:      4547715.455 ops

[P]Valid Entries:   2342282.230 / s

[P]mica evicted:    157.367 / s

[P]set success:     2415282.489 / s

[P]get found:       1677927.734 / s

----------------------------------

[INFO]Current Time:       15.62 s

[P]indexs Load Factor:    17.9698 %

[P]log_0 Load Factor:     5.163960 %

[P]log_1 Load Factor:     6.003926 %

[P]log_2 Load Factor:     5.293759 %

[P]log_3 Load Factor:     3.882536 %

[P]Get Hit Rate:         73.4838 %

[P]rx packet:       100510.901 / s

[P]Throughput:      4533417.023 ops

[P]Valid Entries:   2323245.893 / s

[P]mica evicted:    478.714 / s

[P]set success:     2417381.708 / s

[P]get found:       1701104.392 / s

----------------------------------

[INFO]Current Time:       16.79 s

[P]indexs Load Factor:    20.6385 %

[P]log_0 Load Factor:     5.910480 %

[P]log_1 Load Factor:     6.877412 %

[P]log_2 Load Factor:     6.060364 %

[P]log_3 Load Factor:     4.422802 %

[P]Get Hit Rate:         76.0073 %

[P]rx packet:       102388.559 / s

[P]Throughput:      4565915.676 ops

[P]Valid Entries:   2378191.612 / s

[P]mica evicted:    1107.369 / s

[P]set success:     2322544.802 / s

[P]get found:       1738247.324 / s

----------------------------------

[INFO]Current Time:       17.97 s

[P]indexs Load Factor:    23.2995 %

[P]log_0 Load Factor:     6.665065 %

[P]log_1 Load Factor:     7.729541 %

[P]log_2 Load Factor:     6.836265 %

[P]log_3 Load Factor:     4.956690 %

[P]Get Hit Rate:         74.6640 %

[P]rx packet:       109556.485 / s

[P]Throughput:      4568839.804 ops

[P]Valid Entries:   2350201.801 / s

[P]mica evicted:    2370.748 / s

[P]set success:     2404395.401 / s

[P]get found:       1729048.119 / s

----------------------------------

[INFO]Current Time:       19.16 s

[P]indexs Load Factor:    25.9650 %

[P]log_0 Load Factor:     7.418466 %

[P]log_1 Load Factor:     8.599083 %

[P]log_2 Load Factor:     7.609240 %

[P]log_3 Load Factor:     5.475972 %

[P]Get Hit Rate:         75.9657 %

[P]rx packet:       115843.715 / s

[P]Throughput:      4553598.147 ops

[P]Valid Entries:   2299509.828 / s

[P]mica evicted:    4593.357 / s

[P]set success:     2375790.374 / s

[P]get found:       1764342.504 / s

----------------------------------

[INFO]Current Time:       20.35 s

[P]indexs Load Factor:    28.6391 %

[P]log_0 Load Factor:     8.171000 %

[P]log_1 Load Factor:     9.477707 %

[P]log_2 Load Factor:     8.383265 %

[P]log_3 Load Factor:     6.000631 %

[P]Get Hit Rate:         79.3382 %

[P]rx packet:       121179.857 / s

[P]Throughput:      4528671.403 ops

[P]Valid Entries:   2327063.032 / s

[P]mica evicted:    8234.262 / s

[P]set success:     2401894.342 / s

[P]get found:       1777415.551 / s

----------------------------------

[INFO]Current Time:       21.55 s

[P]indexs Load Factor:    31.2924 %

[P]log_0 Load Factor:     8.928051 %

[P]log_1 Load Factor:     10.340706 %

[P]log_2 Load Factor:     9.160449 %

[P]log_3 Load Factor:     6.515283 %

[P]Get Hit Rate:         78.4448 %

[P]rx packet:       125507.929 / s

[P]Throughput:      4572279.427 ops

[P]Valid Entries:   2351303.885 / s

[P]mica evicted:    13643.075 / s

[P]set success:     2396175.184 / s

[P]get found:       1785076.593 / s

----------------------------------

[INFO]Current Time:       22.75 s

[P]indexs Load Factor:    33.9705 %

[P]log_0 Load Factor:     9.688201 %

[P]log_1 Load Factor:     11.211311 %

[P]log_2 Load Factor:     9.941783 %

[P]log_3 Load Factor:     7.029470 %

[P]Get Hit Rate:         78.8074 %

[P]rx packet:       133345.340 / s

[P]Throughput:      4634050.562 ops

[P]Valid Entries:   2362599.105 / s

[P]mica evicted:    21611.224 / s

[P]set success:     2438045.729 / s

[P]get found:       1806727.920 / s

----------------------------------

[INFO]Current Time:       23.96 s

[P]indexs Load Factor:    36.6156 %

[P]log_0 Load Factor:     10.450815 %

[P]log_1 Load Factor:     12.029669 %

[P]log_2 Load Factor:     10.723237 %

[P]log_3 Load Factor:     7.531983 %

[P]Get Hit Rate:         78.1056 %

[P]rx packet:       135835.209 / s

[P]Throughput:      4565686.524 ops

[P]Valid Entries:   2345422.314 / s

[P]mica evicted:    32055.241 / s

[P]set success:     2396429.003 / s

[P]get found:       1784890.022 / s

----------------------------------

[INFO]Current Time:       25.18 s

[P]indexs Load Factor:    39.1970 %

[P]log_0 Load Factor:     11.209036 %

[P]log_1 Load Factor:     12.844594 %

[P]log_2 Load Factor:     11.487802 %

[P]log_3 Load Factor:     8.016529 %

[P]Get Hit Rate:         77.1479 %

[P]rx packet:       135843.477 / s

[P]Throughput:      4487271.280 ops

[P]Valid Entries:   2277521.442 / s

[P]mica evicted:    44767.002 / s

[P]set success:     2333321.012 / s

[P]get found:       1721680.266 / s

----------------------------------

[INFO]Current Time:       26.40 s

[P]indexs Load Factor:    41.6993 %

[P]log_0 Load Factor:     11.963771 %

[P]log_1 Load Factor:     13.590226 %

[P]log_2 Load Factor:     12.213028 %

[P]log_3 Load Factor:     8.500716 %

[P]Get Hit Rate:         78.3223 %

[P]rx packet:       137357.955 / s

[P]Throughput:      4439049.175 ops

[P]Valid Entries:   2249684.850 / s

[P]mica evicted:    61287.402 / s

[P]set success:     2316754.685 / s

[P]get found:       1760071.696 / s

----------------------------------

[INFO]Current Time:       27.62 s

[P]indexs Load Factor:    44.1270 %

[P]log_0 Load Factor:     12.687899 %

[P]log_1 Load Factor:     14.332175 %

[P]log_2 Load Factor:     12.907594 %

[P]log_3 Load Factor:     8.980148 %

[P]Get Hit Rate:         77.2185 %

[P]rx packet:       133621.748 / s

[P]Throughput:      4363333.980 ops

[P]Valid Entries:   2151828.950 / s

[P]mica evicted:    78320.672 / s

[P]set success:     2256036.361 / s

[P]get found:       1675532.220 / s

----------------------------------

[INFO]Current Time:       28.85 s

[P]indexs Load Factor:    46.4466 %

[P]log_0 Load Factor:     13.383613 %

[P]log_1 Load Factor:     14.996835 %

[P]log_2 Load Factor:     13.576385 %

[P]log_3 Load Factor:     9.448915 %

[P]Get Hit Rate:         76.3594 %

[P]rx packet:       130962.468 / s

[P]Throughput:      4215263.249 ops

[P]Valid Entries:   2095691.567 / s

[P]mica evicted:    98987.966 / s

[P]set success:     2189683.058 / s

[P]get found:       1630101.540 / s

----------------------------------

[INFO]Current Time:       30.08 s

[P]indexs Load Factor:    48.7035 %

[P]log_0 Load Factor:     14.056683 %

[P]log_1 Load Factor:     15.672957 %

[P]log_2 Load Factor:     14.223124 %

[P]log_3 Load Factor:     9.899961 %

[P]Get Hit Rate:         79.1853 %

[P]rx packet:       126877.212 / s

[P]Throughput:      4099204.757 ops

[P]Valid Entries:   1991385.410 / s

[P]mica evicted:    119737.945 / s

[P]set success:     2150002.295 / s

[P]get found:       1622969.238 / s

----------------------------------

[INFO]Current Time:       31.31 s

[P]indexs Load Factor:    50.8579 %

[P]log_0 Load Factor:     14.689523 %

[P]log_1 Load Factor:     16.339624 %

[P]log_2 Load Factor:     14.833886 %

[P]log_3 Load Factor:     10.341141 %

[P]Get Hit Rate:         79.0359 %

[P]rx packet:       123454.602 / s

[P]Throughput:      4054665.277 ops

[P]Valid Entries:   1943447.633 / s

[P]mica evicted:    143277.260 / s

[P]set success:     2022888.071 / s

[P]get found:       1583523.960 / s

----------------------------------

[INFO]Current Time:       32.53 s

[P]indexs Load Factor:    52.9562 %

[P]log_0 Load Factor:     15.298772 %

[P]log_1 Load Factor:     16.968425 %

[P]log_2 Load Factor:     15.427472 %

[P]log_3 Load Factor:     10.778013 %

[P]Get Hit Rate:         76.1876 %

[P]rx packet:       122707.864 / s

[P]Throughput:      4016125.033 ops

[P]Valid Entries:   1909928.654 / s

[P]mica evicted:    170900.172 / s

[P]set success:     2038069.271 / s

[P]get found:       1557524.190 / s

----------------------------------

[INFO]Current Time:       33.76 s

[P]indexs Load Factor:    54.9258 %

[P]log_0 Load Factor:     15.877279 %

[P]log_1 Load Factor:     17.545296 %

[P]log_2 Load Factor:     15.986653 %

[P]log_3 Load Factor:     11.203296 %

[P]Get Hit Rate:         77.8398 %

[P]rx packet:       116697.732 / s

[P]Throughput:      3852735.880 ops

[P]Valid Entries:   1772241.414 / s

[P]mica evicted:    191583.859 / s

[P]set success:     1986301.956 / s

[P]get found:       1482030.048 / s

----------------------------------

[INFO]Current Time:       34.98 s

[P]indexs Load Factor:    56.8473 %

[P]log_0 Load Factor:     16.430689 %

[P]log_1 Load Factor:     18.102150 %

[P]log_2 Load Factor:     16.521181 %

[P]log_3 Load Factor:     11.623605 %

[P]Get Hit Rate:         78.6593 %

[P]rx packet:       116578.637 / s

[P]Throughput:      3793757.238 ops

[P]Valid Entries:   1747149.324 / s

[P]mica evicted:    222917.855 / s

[P]set success:     1987008.494 / s

[P]get found:       1483326.167 / s

----------------------------------

[INFO]Current Time:       36.20 s

[P]indexs Load Factor:    58.6772 %

[P]log_0 Load Factor:     16.971340 %

[P]log_1 Load Factor:     18.631702 %

[P]log_2 Load Factor:     17.040251 %

[P]log_3 Load Factor:     12.017420 %

[P]Get Hit Rate:         77.6420 %

[P]rx packet:       112628.639 / s

[P]Throughput:      3691391.748 ops

[P]Valid Entries:   1679455.296 / s

[P]mica evicted:    248111.514 / s

[P]set success:     1920067.815 / s

[P]get found:       1450668.209 / s

----------------------------------

[INFO]Current Time:       37.41 s

[P]indexs Load Factor:    60.4632 %

[P]log_0 Load Factor:     17.490606 %

[P]log_1 Load Factor:     19.172464 %

[P]log_2 Load Factor:     17.536379 %

[P]log_3 Load Factor:     12.411145 %

[P]Get Hit Rate:         77.5392 %

[P]rx packet:       112298.041 / s

[P]Throughput:      3737248.635 ops

[P]Valid Entries:   1650429.952 / s

[P]mica evicted:    279378.305 / s

[P]set success:     1896878.323 / s

[P]get found:       1449122.119 / s

----------------------------------

[INFO]Current Time:       38.62 s

[P]indexs Load Factor:    62.1864 %

[P]log_0 Load Factor:     17.991124 %

[P]log_1 Load Factor:     19.674609 %

[P]log_2 Load Factor:     18.015054 %

[P]log_3 Load Factor:     12.782980 %

[P]Get Hit Rate:         77.2741 %

[P]rx packet:       111124.978 / s

[P]Throughput:      3727292.028 ops

[P]Valid Entries:   1583777.322 / s

[P]mica evicted:    312342.016 / s

[P]set success:     1878099.272 / s

[P]get found:       1431738.238 / s

----------------------------------

[INFO]Current Time:       39.83 s

[P]indexs Load Factor:    63.8112 %

[P]log_0 Load Factor:     18.462411 %

[P]log_1 Load Factor:     20.127851 %

[P]log_2 Load Factor:     18.470068 %

[P]log_3 Load Factor:     13.140183 %

[P]Get Hit Rate:         76.0949 %

[P]rx packet:       108236.502 / s

[P]Throughput:      3619245.971 ops

[P]Valid Entries:   1529206.427 / s

[P]mica evicted:    340099.661 / s

[P]set success:     1851431.011 / s

[P]get found:       1375978.741 / s

----------------------------------

[INFO]Current Time:       41.03 s

[P]indexs Load Factor:    65.3451 %

[P]log_0 Load Factor:     18.911214 %

[P]log_1 Load Factor:     20.576387 %

[P]log_2 Load Factor:     18.902957 %

[P]log_3 Load Factor:     13.489888 %

[P]Get Hit Rate:         75.8796 %

[P]rx packet:       103183.204 / s

[P]Throughput:      3493967.366 ops

[P]Valid Entries:   1429542.926 / s

[P]mica evicted:    352209.661 / s

[P]set success:     1766358.372 / s

[P]get found:       1325738.968 / s

----------------------------------

[INFO]Current Time:       42.23 s

[P]indexs Load Factor:    66.8507 %

[P]log_0 Load Factor:     19.345587 %

[P]log_1 Load Factor:     21.004226 %

[P]log_2 Load Factor:     19.320258 %

[P]log_3 Load Factor:     13.825927 %

[P]Get Hit Rate:         76.6033 %

[P]rx packet:       104849.211 / s

[P]Throughput:      3538023.075 ops

[P]Valid Entries:   1421792.406 / s

[P]mica evicted:    393843.159 / s

[P]set success:     1797041.075 / s

[P]get found:       1347071.398 / s

----------------------------------

[INFO]Current Time:       43.43 s

[P]indexs Load Factor:    68.2815 %

[P]log_0 Load Factor:     19.753024 %

[P]log_1 Load Factor:     21.434221 %

[P]log_2 Load Factor:     19.713038 %

[P]log_3 Load Factor:     14.147063 %

[P]Get Hit Rate:         76.4235 %

[P]rx packet:       103081.329 / s

[P]Throughput:      3484147.082 ops

[P]Valid Entries:   1367017.356 / s

[P]mica evicted:    426061.255 / s

[P]set success:     1767415.982 / s

[P]get found:       1323271.411 / s

----------------------------------

[INFO]Current Time:       44.62 s

[P]indexs Load Factor:    69.6372 %

[P]log_0 Load Factor:     20.144164 %

[P]log_1 Load Factor:     21.820331 %

[P]log_2 Load Factor:     20.088480 %

[P]log_3 Load Factor:     14.460050 %

[P]Get Hit Rate:         76.1271 %

[P]rx packet:       99424.044 / s

[P]Throughput:      3350356.557 ops

[P]Valid Entries:   1289040.091 / s

[P]mica evicted:    444517.125 / s

[P]set success:     1706162.679 / s

[P]get found:       1275314.215 / s

----------------------------------

[INFO]Current Time:       45.81 s

[P]indexs Load Factor:    70.9368 %

[P]log_0 Load Factor:     20.520916 %

[P]log_1 Load Factor:     22.189209 %

[P]log_2 Load Factor:     20.450730 %

[P]log_3 Load Factor:     14.756314 %

[P]Get Hit Rate:         75.0217 %

[P]rx packet:       98843.083 / s

[P]Throughput:      3374750.156 ops

[P]Valid Entries:   1252277.923 / s

[P]mica evicted:    458234.007 / s

[P]set success:     1677353.651 / s

[P]get found:       1265903.968 / s

----------------------------------

[INFO]Current Time:       46.99 s

[P]indexs Load Factor:    72.1873 %

[P]log_0 Load Factor:     20.881277 %

[P]log_1 Load Factor:     22.541158 %

[P]log_2 Load Factor:     20.798872 %

[P]log_3 Load Factor:     15.047683 %

[P]Get Hit Rate:         75.0496 %

[P]rx packet:       98078.947 / s

[P]Throughput:      3251788.513 ops

[P]Valid Entries:   1211106.712 / s

[P]mica evicted:    498710.628 / s

[P]set success:     1643973.720 / s

[P]get found:       1242762.967 / s

----------------------------------

[INFO]Current Time:       48.16 s

[P]indexs Load Factor:    73.3742 %

[P]log_0 Load Factor:     21.220709 %

[P]log_1 Load Factor:     22.878344 %

[P]log_2 Load Factor:     21.122584 %

[P]log_3 Load Factor:     15.324832 %

[P]Get Hit Rate:         73.7213 %

[P]rx packet:       97130.537 / s

[P]Throughput:      3325052.955 ops

[P]Valid Entries:   1169374.017 / s

[P]mica evicted:    532613.870 / s

[P]set success:     1669030.937 / s

[P]get found:       1225613.177 / s

----------------------------------

[INFO]Current Time:       49.33 s

[P]indexs Load Factor:    74.5266 %

[P]log_0 Load Factor:     21.554529 %

[P]log_1 Load Factor:     23.213595 %

[P]log_2 Load Factor:     21.444756 %

[P]log_3 Load Factor:     15.593445 %

[P]Get Hit Rate:         73.6092 %

[P]rx packet:       96173.768 / s

[P]Throughput:      3251666.610 ops

[P]Valid Entries:   1126183.225 / s

[P]mica evicted:    553320.783 / s

[P]set success:     1651250.462 / s

[P]get found:       1211356.150 / s

----------------------------------

[INFO]Current Time:       50.49 s

[P]indexs Load Factor:    75.6503 %

[P]log_0 Load Factor:     21.875357 %

[P]log_1 Load Factor:     23.546481 %

[P]log_2 Load Factor:     21.752781 %

[P]log_3 Load Factor:     15.846002 %

[P]Get Hit Rate:         76.0164 %

[P]rx packet:       97385.811 / s

[P]Throughput:      3242131.655 ops

[P]Valid Entries:   1110464.745 / s

[P]mica evicted:    600486.440 / s

[P]set success:     1673787.639 / s

[P]get found:       1224695.264 / s

----------------------------------

[INFO]Current Time:       51.65 s

[P]indexs Load Factor:    76.7317 %

[P]log_0 Load Factor:     22.182614 %

[P]log_1 Load Factor:     23.853966 %

[P]log_2 Load Factor:     22.049953 %

[P]log_3 Load Factor:     16.091659 %

[P]Get Hit Rate:         73.9540 %

[P]rx packet:       96630.206 / s

[P]Throughput:      3298729.859 ops

[P]Valid Entries:   1059466.990 / s

[P]mica evicted:    627993.504 / s

[P]set success:     1661456.235 / s

[P]get found:       1211920.108 / s

----------------------------------

[INFO]Current Time:       52.80 s

[P]indexs Load Factor:    77.7495 %

[P]log_0 Load Factor:     22.471215 %

[P]log_1 Load Factor:     24.159383 %

[P]log_2 Load Factor:     22.329802 %

[P]log_3 Load Factor:     16.329164 %

[P]Get Hit Rate:         72.6680 %

[P]rx packet:       94146.518 / s

[P]Throughput:      3236262.235 ops

[P]Valid Entries:   1013834.192 / s

[P]mica evicted:    635728.759 / s

[P]set success:     1599099.146 / s

[P]get found:       1175560.564 / s

----------------------------------

[INFO]Current Time:       53.94 s

[P]indexs Load Factor:    78.7259 %

[P]log_0 Load Factor:     22.748984 %

[P]log_1 Load Factor:     24.444765 %

[P]log_2 Load Factor:     22.598283 %

[P]log_3 Load Factor:     16.556175 %

[P]Get Hit Rate:         72.4590 %

[P]rx packet:       94068.595 / s

[P]Throughput:      3216916.316 ops

[P]Valid Entries:   971852.538 / s

[P]mica evicted:    673806.173 / s

[P]set success:     1578113.309 / s

[P]get found:       1172486.468 / s

----------------------------------

[INFO]Current Time:       55.08 s

[P]indexs Load Factor:    79.6608 %

[P]log_0 Load Factor:     23.014371 %

[P]log_1 Load Factor:     24.704870 %

[P]log_2 Load Factor:     22.856377 %

[P]log_3 Load Factor:     16.773457 %

[P]Get Hit Rate:         73.0497 %

[P]rx packet:       94469.898 / s

[P]Throughput:      3211235.292 ops

[P]Valid Entries:   946833.173 / s

[P]mica evicted:    707452.753 / s

[P]set success:     1623595.769 / s

[P]get found:       1172157.811 / s

----------------------------------

[INFO]Current Time:       56.21 s

[P]indexs Load Factor:    80.5448 %

[P]log_0 Load Factor:     23.267587 %

[P]log_1 Load Factor:     24.966649 %

[P]log_2 Load Factor:     23.102385 %

[P]log_3 Load Factor:     16.983631 %

[P]Get Hit Rate:         71.7365 %

[P]rx packet:       90981.298 / s

[P]Throughput:      3096346.377 ops

[P]Valid Entries:   896006.416 / s

[P]mica evicted:    710508.822 / s

[P]set success:     1565439.577 / s

[P]get found:       1124428.093 / s

----------------------------------

[INFO]Current Time:       57.35 s

[P]indexs Load Factor:    81.4219 %

[P]log_0 Load Factor:     23.511747 %

[P]log_1 Load Factor:     25.224440 %

[P]log_2 Load Factor:     23.339382 %

[P]log_3 Load Factor:     17.184882 %

[P]Get Hit Rate:         73.3660 %

[P]rx packet:       93768.626 / s

[P]Throughput:      3173033.409 ops

[P]Valid Entries:   883856.354 / s

[P]mica evicted:    761513.015 / s

[P]set success:     1612688.962 / s

[P]get found:       1156283.253 / s

----------------------------------

[INFO]Current Time:       58.47 s

[P]indexs Load Factor:    82.2433 %

[P]log_0 Load Factor:     23.745582 %

[P]log_1 Load Factor:     25.454665 %

[P]log_2 Load Factor:     23.566423 %

[P]log_3 Load Factor:     17.374513 %

[P]Get Hit Rate:         70.3314 %

[P]rx packet:       93116.052 / s

[P]Throughput:      3212283.035 ops

[P]Valid Entries:   859724.594 / s

[P]mica evicted:    786107.073 / s

[P]set success:     1601709.058 / s

[P]get found:       1128972.695 / s

----------------------------------

[INFO]Current Time:       59.59 s

[P]indexs Load Factor:    83.0308 %

[P]log_0 Load Factor:     23.972840 %

[P]log_1 Load Factor:     25.672985 %

[P]log_2 Load Factor:     23.785978 %

[P]log_3 Load Factor:     17.563332 %

[P]Get Hit Rate:         70.7117 %

[P]rx packet:       91017.280 / s

[P]Throughput:      3142061.334 ops

[P]Valid Entries:   812643.776 / s

[P]mica evicted:    796552.780 / s

[P]set success:     1565458.464 / s

[P]get found:       1110396.283 / s

----------------------------------

[INFO]Current Time:       60.69 s

[P]indexs Load Factor:    83.7957 %

[P]log_0 Load Factor:     24.187904 %

[P]log_1 Load Factor:     25.908628 %

[P]log_2 Load Factor:     23.996153 %

[P]log_3 Load Factor:     17.738914 %

[P]Get Hit Rate:         70.5282 %

[P]rx packet:       91926.613 / s

[P]Throughput:      3154593.247 ops

[P]Valid Entries:   794293.478 / s

[P]mica evicted:    821098.498 / s

[P]set success:     1561316.066 / s

[P]get found:       1118966.099 / s

----------------------------------

[INFO]Current Time:       61.80 s

[P]indexs Load Factor:    84.5212 %

[P]log_0 Load Factor:     24.395877 %

[P]log_1 Load Factor:     26.108499 %

[P]log_2 Load Factor:     24.197776 %

[P]log_3 Load Factor:     17.911289 %

[P]Get Hit Rate:         70.0816 %

[P]rx packet:       90898.703 / s

[P]Throughput:      3121639.907 ops

[P]Valid Entries:   759637.276 / s

[P]mica evicted:    837784.192 / s

[P]set success:     1563526.867 / s

[P]get found:       1086205.453 / s

----------------------------------

[INFO]Current Time:       62.90 s

[P]indexs Load Factor:    85.2167 %

[P]log_0 Load Factor:     24.596828 %

[P]log_1 Load Factor:     26.301465 %

[P]log_2 Load Factor:     24.390397 %

[P]log_3 Load Factor:     18.076569 %

[P]Get Hit Rate:         69.7353 %

[P]rx packet:       91212.576 / s

[P]Throughput:      3153730.567 ops

[P]Valid Entries:   738299.199 / s

[P]mica evicted:    876046.780 / s

[P]set success:     1568631.447 / s

[P]get found:       1098982.555 / s

----------------------------------

[INFO]Current Time:       63.99 s

[P]indexs Load Factor:    85.8819 %

[P]log_0 Load Factor:     24.789834 %

[P]log_1 Load Factor:     26.489562 %

[P]log_2 Load Factor:     24.575542 %

[P]log_3 Load Factor:     18.236208 %

[P]Get Hit Rate:         69.3520 %

[P]rx packet:       90878.666 / s

[P]Throughput:      3103296.247 ops

[P]Valid Entries:   709679.948 / s

[P]mica evicted:    887151.845 / s

[P]set success:     1562859.316 / s

[P]get found:       1075551.831 / s

----------------------------------

[INFO]Current Time:       65.08 s

[P]indexs Load Factor:    86.5406 %

[P]log_0 Load Factor:     24.974513 %

[P]log_1 Load Factor:     26.679451 %

[P]log_2 Load Factor:     24.753450 %

[P]log_3 Load Factor:     18.389332 %

[P]Get Hit Rate:         69.2853 %

[P]rx packet:       92839.822 / s

[P]Throughput:      3169342.743 ops

[P]Valid Entries:   699529.615 / s

[P]mica evicted:    943387.521 / s

[P]set success:     1594888.179 / s

[P]get found:       1111201.414 / s

----------------------------------

[INFO]Current Time:       66.16 s

[P]indexs Load Factor:    87.1548 %

[P]log_0 Load Factor:     25.148557 %

[P]log_1 Load Factor:     26.861565 %

[P]log_2 Load Factor:     24.922384 %

[P]log_3 Load Factor:     18.535720 %

[P]Get Hit Rate:         67.8578 %

[P]rx packet:       90829.973 / s

[P]Throughput:      3141844.358 ops

[P]Valid Entries:   659738.327 / s

[P]mica evicted:    947930.786 / s

[P]set success:     1540716.894 / s

[P]get found:       1065342.665 / s

----------------------------------

[INFO]Current Time:       67.24 s

[P]indexs Load Factor:    87.7452 %

[P]log_0 Load Factor:     25.319763 %

[P]log_1 Load Factor:     27.021339 %

[P]log_2 Load Factor:     25.087840 %

[P]log_3 Load Factor:     18.673358 %

[P]Get Hit Rate:         66.5932 %

[P]rx packet:       91527.987 / s

[P]Throughput:      3168546.798 ops

[P]Valid Entries:   641486.701 / s

[P]mica evicted:    978554.228 / s

[P]set success:     1552704.281 / s

[P]get found:       1054489.567 / s

----------------------------------

[INFO]Current Time:       68.32 s

[P]indexs Load Factor:    88.3088 %

[P]log_0 Load Factor:     25.483879 %

[P]log_1 Load Factor:     27.179556 %

[P]log_2 Load Factor:     25.245715 %

[P]log_3 Load Factor:     18.809518 %

[P]Get Hit Rate:         68.6516 %

[P]rx packet:       89997.728 / s

[P]Throughput:      3075660.428 ops

[P]Valid Entries:   608607.120 / s

[P]mica evicted:    958711.832 / s

[P]set success:     1546655.848 / s

[P]get found:       1054910.073 / s

----------------------------------

[INFO]Current Time:       69.39 s

[P]indexs Load Factor:    88.8603 %

[P]log_0 Load Factor:     25.641728 %

[P]log_1 Load Factor:     27.334953 %

[P]log_2 Load Factor:     25.399655 %

[P]log_3 Load Factor:     18.936419 %

[P]Get Hit Rate:         67.5622 %

[P]rx packet:       92169.447 / s

[P]Throughput:      3149276.979 ops

[P]Valid Entries:   599524.883 / s

[P]mica evicted:    1017411.259 / s

[P]set success:     1561991.915 / s

[P]get found:       1077176.073 / s

----------------------------------

[INFO]Current Time:       70.46 s

[P]indexs Load Factor:    89.3951 %

[P]log_0 Load Factor:     25.792681 %

[P]log_1 Load Factor:     27.494897 %

[P]log_2 Load Factor:     25.545359 %

[P]log_3 Load Factor:     19.061260 %

[P]Get Hit Rate:         67.9224 %

[P]rx packet:       92024.669 / s

[P]Throughput:      3169052.160 ops

[P]Valid Entries:   576621.261 / s

[P]mica evicted:    1051863.801 / s

[P]set success:     1558919.689 / s

[P]get found:       1068875.946 / s

----------------------------------

[INFO]Current Time:       71.52 s

[P]indexs Load Factor:    89.9097 %

[P]log_0 Load Factor:     25.936784 %

[P]log_1 Load Factor:     27.653113 %

[P]log_2 Load Factor:     25.685205 %

[P]log_3 Load Factor:     19.181164 %

[P]Get Hit Rate:         67.7886 %

[P]rx packet:       93982.902 / s

[P]Throughput:      3213422.837 ops

[P]Valid Entries:   557717.296 / s

[P]mica evicted:    1097482.158 / s

[P]set success:     1593926.011 / s

[P]get found:       1088929.706 / s

----------------------------------

[INFO]Current Time:       72.58 s

[P]indexs Load Factor:    90.4048 %

[P]log_0 Load Factor:     26.074741 %

[P]log_1 Load Factor:     27.799123 %

[P]log_2 Load Factor:     25.818419 %

[P]log_3 Load Factor:     19.295927 %

[P]Get Hit Rate:         66.4802 %

[P]rx packet:       95266.253 / s

[P]Throughput:      3299895.533 ops

[P]Valid Entries:   550717.516 / s

[P]mica evicted:    1119797.039 / s

[P]set success:     1612919.043 / s

[P]get found:       1096040.945 / s

----------------------------------

[INFO]Current Time:       73.63 s

[P]indexs Load Factor:    90.8730 %

[P]log_0 Load Factor:     26.208307 %

[P]log_1 Load Factor:     27.931490 %

[P]log_2 Load Factor:     25.948601 %

[P]log_3 Load Factor:     19.404241 %

[P]Get Hit Rate:         65.1602 %

[P]rx packet:       94289.352 / s

[P]Throughput:      3268914.329 ops

[P]Valid Entries:   522886.467 / s

[P]mica evicted:    1143670.908 / s

[P]set success:     1596306.509 / s

[P]get found:       1064079.020 / s

----------------------------------

[INFO]Current Time:       74.69 s

[P]indexs Load Factor:    91.3297 %

[P]log_0 Load Factor:     26.336402 %

[P]log_1 Load Factor:     28.071236 %

[P]log_2 Load Factor:     26.073340 %

[P]log_3 Load Factor:     19.511021 %

[P]Get Hit Rate:         64.7455 %

[P]rx packet:       94769.331 / s

[P]Throughput:      3201223.051 ops

[P]Valid Entries:   504446.607 / s

[P]mica evicted:    1170382.475 / s

[P]set success:     1624859.747 / s

[P]get found:       1062537.198 / s

----------------------------------

[INFO]Current Time:       75.74 s

[P]indexs Load Factor:    91.7661 %

[P]log_0 Load Factor:     26.459418 %

[P]log_1 Load Factor:     28.204898 %

[P]log_2 Load Factor:     26.193343 %

[P]log_3 Load Factor:     19.609555 %

[P]Get Hit Rate:         65.1723 %

[P]rx packet:       94525.255 / s

[P]Throughput:      3234907.952 ops

[P]Valid Entries:   483101.315 / s

[P]mica evicted:    1171599.046 / s

[P]set success:     1599260.487 / s

[P]get found:       1053307.032 / s

----------------------------------

[INFO]Current Time:       76.78 s

[P]indexs Load Factor:    92.1797 %

[P]log_0 Load Factor:     26.576107 %

[P]log_1 Load Factor:     28.320802 %

[P]log_2 Load Factor:     26.307460 %

[P]log_3 Load Factor:     19.706418 %

[P]Get Hit Rate:         63.9129 %

[P]rx packet:       94809.469 / s

[P]Throughput:      3243569.556 ops

[P]Valid Entries:   458061.627 / s

[P]mica evicted:    1209460.118 / s

[P]set success:     1624325.137 / s

[P]get found:       1049701.385 / s

----------------------------------

[INFO]Current Time:       77.82 s

[P]indexs Load Factor:    92.5746 %

[P]log_0 Load Factor:     26.687487 %

[P]log_1 Load Factor:     28.436530 %

[P]log_2 Load Factor:     26.415692 %

[P]log_3 Load Factor:     19.797203 %

[P]Get Hit Rate:         64.3269 %

[P]rx packet:       96112.488 / s

[P]Throughput:      3313029.647 ops

[P]Valid Entries:   449647.963 / s

[P]mica evicted:    1214681.150 / s

[P]set success:     1646919.746 / s

[P]get found:       1057682.083 / s

----------------------------------

[INFO]Current Time:       78.86 s

[P]indexs Load Factor:    92.9491 %

[P]log_0 Load Factor:     26.795279 %

[P]log_1 Load Factor:     28.541189 %

[P]log_2 Load Factor:     26.520235 %

[P]log_3 Load Factor:     19.886709 %

[P]Get Hit Rate:         62.8751 %

[P]rx packet:       93933.378 / s

[P]Throughput:      3239128.541 ops

[P]Valid Entries:   421003.979 / s

[P]mica evicted:    1220444.643 / s

[P]set success:     1588722.285 / s

[P]get found:       1024256.578 / s

----------------------------------

[INFO]Current Time:       79.89 s

[P]indexs Load Factor:    93.3059 %

[P]log_0 Load Factor:     26.897704 %

[P]log_1 Load Factor:     28.640308 %

[P]log_2 Load Factor:     26.619127 %

[P]log_3 Load Factor:     19.971414 %

[P]Get Hit Rate:         62.2649 %

[P]rx packet:       93884.232 / s

[P]Throughput:      3235341.140 ops

[P]Valid Entries:   403539.509 / s

[P]mica evicted:    1252637.389 / s

[P]set success:     1607567.259 / s

[P]get found:       1013304.366 / s

----------------------------------

[INFO]Current Time:       80.92 s

[P]indexs Load Factor:    93.6425 %

[P]log_0 Load Factor:     26.995958 %

[P]log_1 Load Factor:     28.710799 %

[P]log_2 Load Factor:     26.714839 %

[P]log_3 Load Factor:     20.054989 %

[P]Get Hit Rate:         62.1189 %

[P]rx packet:       96173.266 / s

[P]Throughput:      3313187.850 ops

[P]Valid Entries:   395388.151 / s

[P]mica evicted:    1299932.143 / s

[P]set success:     1645674.588 / s

[P]get found:       1035131.420 / s

----------------------------------

[INFO]Current Time:       81.95 s
[INFO]End rx_queue_1:2275287

[P]indexs Load Factor:    93.8952 %

[P]log_0 Load Factor:     27.091897 %

[P]log_1 Load Factor:     28.710799 %

[P]log_2 Load Factor:     26.808288 %

[P]log_3 Load Factor:     20.140070 %

[P]Get Hit Rate:         59.4642 %

[P]rx packet:       34966.760 / s

[P]Throughput:      2631745.277 ops

[P]Valid Entries:   296537.501 / s

[P]mica evicted:    1035388.076 / s

[P]set success:     1307883.863 / s

[P]get found:       782099.397 / s

----------------------------------

[INFO]Current Time:       82.97 s

[P]indexs Load Factor:    94.1425 %

[P]log_0 Load Factor:     27.185379 %

[P]log_1 Load Factor:     28.710799 %

[P]log_2 Load Factor:     26.900174 %

[P]log_3 Load Factor:     20.223324 %

[P]Get Hit Rate:         57.8657 %

[P]rx packet:       71154.127 / s

[P]Throughput:      2609909.917 ops

[P]Valid Entries:   282387.724 / s

[P]mica evicted:    1031282.157 / s

[P]set success:     1262024.953 / s

[P]get found:       754521.091 / s

----------------------------------

[INFO]Current Time:       84.00 s

[P]indexs Load Factor:    94.3773 %

[P]log_0 Load Factor:     27.274104 %

[P]log_1 Load Factor:     28.710799 %

[P]log_2 Load Factor:     26.985818 %

[P]log_3 Load Factor:     20.302775 %

[P]Get Hit Rate:         57.2862 %

[P]rx packet:       73835.233 / s

[P]Throughput:      2579423.469 ops

[P]Valid Entries:   272220.623 / s

[P]mica evicted:    1040104.907 / s

[P]set success:     1289265.669 / s

[P]get found:       738320.160 / s

----------------------------------

[INFO]Current Time:       85.02 s

[P]indexs Load Factor:    94.6022 %

[P]log_0 Load Factor:     27.359661 %

[P]log_1 Load Factor:     28.710799 %

[P]log_2 Load Factor:     27.068446 %

[P]log_3 Load Factor:     20.379467 %

[P]Get Hit Rate:         57.4487 %

[P]rx packet:       72264.139 / s

[P]Throughput:      2553003.964 ops

[P]Valid Entries:   254397.388 / s

[P]mica evicted:    1015133.737 / s

[P]set success:     1261634.570 / s

[P]get found:       732633.846 / s

----------------------------------

[INFO]Current Time:       86.04 s

[P]indexs Load Factor:    94.8190 %

[P]log_0 Load Factor:     27.444633 %

[P]log_1 Load Factor:     28.710799 %

[P]log_2 Load Factor:     27.150898 %

[P]log_3 Load Factor:     20.439193 %

[P]Get Hit Rate:         57.2499 %

[P]rx packet:       73431.052 / s

[P]Throughput:      2549852.327 ops

[P]Valid Entries:   252434.494 / s

[P]mica evicted:    1052450.724 / s

[P]set success:     1268212.009 / s

[P]get found:       742118.519 / s

----------------------------------

[INFO]Current Time:       87.06 s
[INFO]End rx_queue_3:1763689

[P]indexs Load Factor:    94.9748 %

[P]log_0 Load Factor:     27.528034 %

[P]log_1 Load Factor:     28.710799 %

[P]log_2 Load Factor:     27.232663 %

[P]log_3 Load Factor:     20.439193 %

[P]Get Hit Rate:         58.5761 %

[P]rx packet:       43711.167 / s

[P]Throughput:      2068956.588 ops

[P]Valid Entries:   194471.854 / s

[P]mica evicted:    844319.783 / s

[P]set success:     1027850.090 / s

[P]get found:       605678.899 / s

----------------------------------

[INFO]Current Time:       88.07 s

[P]indexs Load Factor:    95.1228 %

[P]log_0 Load Factor:     27.610007 %

[P]log_1 Load Factor:     28.710799 %

[P]log_2 Load Factor:     27.308787 %

[P]log_3 Load Factor:     20.439193 %

[P]Get Hit Rate:         59.1720 %

[P]rx packet:       48492.392 / s

[P]Throughput:      1886917.722 ops

[P]Valid Entries:   171794.055 / s

[P]mica evicted:    774051.054 / s

[P]set success:     938359.441 / s

[P]get found:       557967.209 / s

----------------------------------

[INFO]Current Time:       89.09 s
[INFO]End rx_queue_2:2316659

[P]indexs Load Factor:    95.2099 %

[P]log_0 Load Factor:     27.681343 %

[P]log_1 Load Factor:     28.710799 %

[P]log_2 Load Factor:     27.308787 %

[P]log_3 Load Factor:     20.439193 %

[P]Get Hit Rate:         58.9351 %

[P]rx packet:       23611.062 / s

[P]Throughput:      1360065.221 ops

[P]Valid Entries:   120753.803 / s

[P]mica evicted:    559998.405 / s

[P]set success:     677993.750 / s

[P]get found:       400647.819 / s

----------------------------------

[INFO]Current Time:       90.10 s
[INFO]End rx_queue_0:2382005
Finish the job......

[P]indexs Load Factor:    95.2138 %

[P]log_0 Load Factor:     27.681343 %

[P]log_1 Load Factor:     28.710799 %

[P]log_2 Load Factor:     27.308787 %

[P]log_3 Load Factor:     20.439193 %

[P]Get Hit Rate:         58.7000 %

[P]rx packet:       1788.709 / s

[P]Throughput:      229317.064 ops

[P]Valid Entries:   19970.958 / s

[P]mica evicted:    94689.055 / s

[P]set success:     114660.013 / s

[P]get found:       67303.640 / s

----------------------------------

Total Index Entries:     103451597

indexs Load Factor:     95.213826 %

log_0 Load Factor:      27.681343 %

log_1 Load Factor:      28.710799 %

log_2 Load Factor:      27.308787 %

log_3 Load Factor:      20.439193 %

Get Hit Rate:           72.098363%

Max Throughput:         4634050.56

Calc Load Factor:       95.213826%

valid count:              29722616

set request:              42876072
set_success:              42876072 | set_fail:                        0 | set_mica_evicted:         13153081
set_random:                      0 | set_cuckoo_evicted:              0 | set_expire_evicted:              0

get request:              42876072
get_found:                30362779 | get_notfound:             12513293 | get_hit_ratio:          70.815207%

clean up:               18446744073709551241 | test_notfound:                   0
move_to_head_performed:    5047455 | move_to_head_skipped:     25315324 | move_to_head_failed:             0


valid count:              30827986

set request:              40955148
set_success:              40955148 | set_fail:                        0 | set_mica_evicted:         10127162
set_random:                      0 | set_cuckoo_evicted:              0 | set_expire_evicted:              0

get request:              40955148
get_found:                31411101 | get_notfound:              9544047 | get_hit_ratio:          76.696344%

clean up:                        0 | test_notfound:                   0
move_to_head_performed:    4138402 | move_to_head_skipped:     27272699 | move_to_head_failed:             0


valid count:              29322587

set request:              41699844
set_success:              41699844 | set_fail:                        0 | set_mica_evicted:         12376686
set_random:                      0 | set_cuckoo_evicted:              0 | set_expire_evicted:              0

get request:              41699844
get_found:                28775670 | get_notfound:             12924174 | get_hit_ratio:          69.006661%

clean up:               18446744073709551045 | test_notfound:                   0
move_to_head_performed:    5237657 | move_to_head_skipped:     23538013 | move_to_head_failed:             0


valid count:              21946416

set request:              31746384
set_success:              31746384 | set_fail:                        0 | set_mica_evicted:          9798659
set_random:                      0 | set_cuckoo_evicted:              0 | set_expire_evicted:              0

get request:              31746384
get_found:                20008829 | get_notfound:             11737555 | get_hit_ratio:          63.027112%

clean up:               18446744073709550307 | test_notfound:                   0
move_to_head_performed:    2583094 | move_to_head_skipped:     17425735 | move_to_head_failed:             0


[INFO] Everything works fine.
deleting piekv......
