[INFO] 单个Log Size为:4 GB
EAL: Probing VFIO support...
EAL: VFIO support initialized
EAL: PCI device 0000:03:00.0 on NUMA socket 0
EAL:   probe driver: 15b3:1017 net_mlx5
WEN: There are 1 device(s) available
starting port 0...
querying port 0...
port 0: 100 Gbps (full-duplex)
Adding UDP filter for each endpoint.
port_id/queue_id/udp_port = 0 0 0
Flow is created with src_port = 0, dst_port = 0
port_id/queue_id/udp_port = 0 1 1
Flow is created with src_port = 0, dst_port = 1
port_id/queue_id/udp_port = 0 2 2
Flow is created with src_port = 0, dst_port = 2
port_id/queue_id/udp_port = 0 3 3
Flow is created with src_port = 0, dst_port = 3
MEM: Initializing pages...
 == [STAT] Workers Start (4 threads in total) == 

[INFO]Current Time:       9.00 s

[P]indexs Load Factor:    0.3364 %

[P]log_0 Load Factor:     0.257844 %

[P]log_1 Load Factor:     0.264995 %

[P]log_2 Load Factor:     0.269719 %

[P]log_3 Load Factor:     0.234190 %

[P]Get Hit Rate:         50.6050 %

[P]rx packet:       5315.461 / s

[P]Throughput:      242141.764 ops

[P]Valid Entries:   124623.410 / s

[P]set success:     125011.655 / s

[P]get found:       58610.044 / s

----------------------------------

[INFO]Current Time:       11.16 s

[P]indexs Load Factor:    2.6973 %

[P]log_0 Load Factor:     0.985608 %

[P]log_1 Load Factor:     1.040037 %

[P]log_2 Load Factor:     1.026394 %

[P]log_3 Load Factor:     0.626614 %

[P]Get Hit Rate:         59.0977 %

[P]rx packet:       44427.225 / s

[P]Throughput:      2111230.119 ops

[P]Valid Entries:   1103718.025 / s

[P]set success:     1118184.322 / s

[P]get found:       599850.142 / s

----------------------------------

[INFO]Current Time:       12.22 s

[P]indexs Load Factor:    5.1196 %

[P]log_0 Load Factor:     1.719029 %

[P]log_1 Load Factor:     1.818988 %

[P]log_2 Load Factor:     1.789795 %

[P]log_3 Load Factor:     1.025500 %

[P]Get Hit Rate:         62.4751 %

[P]rx packet:       91795.699 / s

[P]Throughput:      4463724.661 ops

[P]Valid Entries:   2342585.495 / s

[P]set success:     2449926.929 / s

[P]get found:       1339306.528 / s

----------------------------------

[INFO]Current Time:       13.30 s

[P]indexs Load Factor:    7.5924 %

[P]log_0 Load Factor:     2.466329 %

[P]log_1 Load Factor:     2.610463 %

[P]log_2 Load Factor:     2.567722 %

[P]log_3 Load Factor:     1.432116 %

[P]Get Hit Rate:         64.1428 %

[P]rx packet:       94254.002 / s

[P]Throughput:      4419290.039 ops

[P]Valid Entries:   2382589.685 / s

[P]set success:     2458852.589 / s

[P]get found:       1380879.791 / s

----------------------------------

[INFO]Current Time:       14.40 s

[P]indexs Load Factor:    10.1141 %

[P]log_0 Load Factor:     3.230914 %

[P]log_1 Load Factor:     3.422342 %

[P]log_2 Load Factor:     3.364833 %

[P]log_3 Load Factor:     1.842159 %

[P]Get Hit Rate:         62.7618 %

[P]rx packet:       92235.819 / s

[P]Throughput:      4514713.624 ops

[P]Valid Entries:   2383692.445 / s

[P]set success:     2429137.593 / s

[P]get found:       1370711.969 / s

----------------------------------

[INFO]Current Time:       15.52 s

[P]indexs Load Factor:    12.6584 %

[P]log_0 Load Factor:     3.998556 %

[P]log_1 Load Factor:     4.238331 %

[P]log_2 Load Factor:     4.165525 %

[P]log_3 Load Factor:     2.257152 %

[P]Get Hit Rate:         65.4173 %

[P]rx packet:       93869.472 / s

[P]Throughput:      4477856.357 ops

[P]Valid Entries:   2395960.928 / s

[P]set success:     2441514.350 / s

[P]get found:       1417228.205 / s

----------------------------------

[INFO]Current Time:       16.64 s

[P]indexs Load Factor:    15.2230 %

[P]log_0 Load Factor:     4.778006 %

[P]log_1 Load Factor:     5.065032 %

[P]log_2 Load Factor:     4.977700 %

[P]log_3 Load Factor:     2.673739 %

[P]Get Hit Rate:         66.1403 %

[P]rx packet:       95181.862 / s

[P]Throughput:      4476774.477 ops

[P]Valid Entries:   2365408.867 / s

[P]set success:     2397172.266 / s

[P]get found:       1425921.761 / s

----------------------------------

[INFO]Current Time:       17.79 s

[P]indexs Load Factor:    17.8297 %

[P]log_0 Load Factor:     5.560765 %

[P]log_1 Load Factor:     5.897466 %

[P]log_2 Load Factor:     5.792865 %

[P]log_3 Load Factor:     3.091527 %

[P]Get Hit Rate:         67.8447 %

[P]rx packet:       95317.790 / s

[P]Throughput:      4432440.037 ops

[P]Valid Entries:   2344197.711 / s

[P]set success:     2383622.259 / s

[P]get found:       1453391.464 / s

----------------------------------

[INFO]Current Time:       18.93 s

[P]indexs Load Factor:    20.4531 %

[P]log_0 Load Factor:     6.353520 %

[P]log_1 Load Factor:     6.738565 %

[P]log_2 Load Factor:     6.618699 %

[P]log_3 Load Factor:     3.513977 %

[P]Get Hit Rate:         68.4413 %

[P]rx packet:       95342.223 / s

[P]Throughput:      4472574.523 ops

[P]Valid Entries:   2392957.952 / s

[P]set success:     2434471.641 / s

[P]get found:       1461710.456 / s

----------------------------------

[INFO]Current Time:       20.09 s

[P]indexs Load Factor:    23.0855 %

[P]log_0 Load Factor:     7.149421 %

[P]log_1 Load Factor:     7.584176 %

[P]log_2 Load Factor:     7.447569 %

[P]log_3 Load Factor:     3.936052 %

[P]Get Hit Rate:         67.3044 %

[P]rx packet:       96686.432 / s

[P]Throughput:      4413133.984 ops

[P]Valid Entries:   2350868.788 / s

[P]set success:     2422651.872 / s

[P]get found:       1465707.942 / s

----------------------------------

[INFO]Current Time:       21.26 s

[P]indexs Load Factor:    25.7412 %

[P]log_0 Load Factor:     7.948452 %

[P]log_1 Load Factor:     8.433092 %

[P]log_2 Load Factor:     8.280016 %

[P]log_3 Load Factor:     4.364308 %

[P]Get Hit Rate:         68.7051 %

[P]rx packet:       95868.237 / s

[P]Throughput:      4469604.433 ops

[P]Valid Entries:   2393296.039 / s

[P]set success:     2436680.481 / s

[P]get found:       1485399.370 / s

----------------------------------

[INFO]Current Time:       22.43 s

[P]indexs Load Factor:    28.4071 %

[P]log_0 Load Factor:     8.750692 %

[P]log_1 Load Factor:     9.281213 %

[P]log_2 Load Factor:     9.117821 %

[P]log_3 Load Factor:     4.790100 %

[P]Get Hit Rate:         70.8928 %

[P]rx packet:       98053.961 / s

[P]Throughput:      4385504.619 ops

[P]Valid Entries:   2378747.554 / s

[P]set success:     2390135.671 / s

[P]get found:       1485560.329 / s

----------------------------------

[INFO]Current Time:       23.61 s

[P]indexs Load Factor:    31.0702 %

[P]log_0 Load Factor:     9.552087 %

[P]log_1 Load Factor:     10.127123 %

[P]log_2 Load Factor:     9.953547 %

[P]log_3 Load Factor:     5.218820 %

[P]Get Hit Rate:         69.5725 %

[P]rx packet:       96333.107 / s

[P]Throughput:      4482185.300 ops

[P]Valid Entries:   2354095.141 / s

[P]set success:     2423954.543 / s

[P]get found:       1498837.253 / s

----------------------------------

[INFO]Current Time:       24.79 s

[P]indexs Load Factor:    33.7596 %

[P]log_0 Load Factor:     10.359079 %

[P]log_1 Load Factor:     10.991790 %

[P]log_2 Load Factor:     10.794294 %

[P]log_3 Load Factor:     5.638056 %

[P]Get Hit Rate:         70.0084 %

[P]rx packet:       101288.371 / s

[P]Throughput:      4498100.513 ops

[P]Valid Entries:   2376198.920 / s

[P]set success:     2447005.081 / s

[P]get found:       1505394.173 / s

----------------------------------

[INFO]Current Time:       25.97 s

[P]indexs Load Factor:    36.4334 %

[P]log_0 Load Factor:     11.160681 %

[P]log_1 Load Factor:     11.828716 %

[P]log_2 Load Factor:     11.633961 %

[P]log_3 Load Factor:     6.060687 %

[P]Get Hit Rate:         69.4474 %

[P]rx packet:       97778.827 / s

[P]Throughput:      4447383.593 ops

[P]Valid Entries:   2379527.040 / s

[P]set success:     2448754.962 / s

[P]get found:       1513282.714 / s

----------------------------------

[INFO]Current Time:       27.15 s

[P]indexs Load Factor:    39.0996 %

[P]log_0 Load Factor:     11.968448 %

[P]log_1 Load Factor:     12.684132 %

[P]log_2 Load Factor:     12.474905 %

[P]log_3 Load Factor:     6.479759 %

[P]Get Hit Rate:         73.4784 %

[P]rx packet:       101468.875 / s

[P]Throughput:      4324639.035 ops

[P]Valid Entries:   2301971.260 / s

[P]set success:     2306112.864 / s

[P]get found:       1525505.443 / s

----------------------------------

[INFO]Current Time:       28.34 s

[P]indexs Load Factor:    41.7990 %

[P]log_0 Load Factor:     12.779340 %

[P]log_1 Load Factor:     13.545562 %

[P]log_2 Load Factor:     13.320232 %

[P]log_3 Load Factor:     6.896783 %

[P]Get Hit Rate:         71.8553 %

[P]rx packet:       102505.577 / s

[P]Throughput:      4425828.131 ops

[P]Valid Entries:   2382848.981 / s

[P]set success:     2388303.707 / s

[P]get found:       1527593.746 / s

----------------------------------

[INFO]Current Time:       29.52 s

[P]indexs Load Factor:    44.4711 %

[P]log_0 Load Factor:     13.576004 %

[P]log_1 Load Factor:     14.380202 %

[P]log_2 Load Factor:     14.157684 %

[P]log_3 Load Factor:     7.310999 %

[P]Get Hit Rate:         74.8604 %

[P]rx packet:       102126.569 / s

[P]Throughput:      4433215.364 ops

[P]Valid Entries:   2353310.583 / s

[P]set success:     2394013.801 / s

[P]get found:       1553199.523 / s

----------------------------------

[INFO]Current Time:       30.70 s

[P]indexs Load Factor:    47.0784 %

[P]log_0 Load Factor:     14.375102 %

[P]log_1 Load Factor:     15.181668 %

[P]log_2 Load Factor:     14.996268 %

[P]log_3 Load Factor:     7.723173 %

[P]Get Hit Rate:         71.3306 %

[P]rx packet:       103851.140 / s

[P]Throughput:      4415107.917 ops

[P]Valid Entries:   2319108.408 / s

[P]set success:     2315738.157 / s

[P]get found:       1511194.129 / s

----------------------------------

[INFO]Current Time:       31.88 s

[P]indexs Load Factor:    49.7176 %

[P]log_0 Load Factor:     15.178024 %

[P]log_1 Load Factor:     15.998179 %

[P]log_2 Load Factor:     15.834343 %

[P]log_3 Load Factor:     8.119122 %

[P]Get Hit Rate:         70.6595 %

[P]rx packet:       104059.058 / s

[P]Throughput:      4508785.264 ops

[P]Valid Entries:   2365687.180 / s

[P]set success:     2366627.989 / s

[P]get found:       1528097.532 / s

----------------------------------

[INFO]Current Time:       33.06 s

[P]indexs Load Factor:    52.2602 %

[P]log_0 Load Factor:     15.939042 %

[P]log_1 Load Factor:     16.774340 %

[P]log_2 Load Factor:     16.647688 %

[P]log_3 Load Factor:     8.504421 %

[P]Get Hit Rate:         73.0590 %

[P]rx packet:       104159.210 / s

[P]Throughput:      4361903.084 ops

[P]Valid Entries:   2309061.605 / s

[P]set success:     2392720.624 / s

[P]get found:       1534031.425 / s

----------------------------------

[INFO]Current Time:       34.23 s

[P]indexs Load Factor:    54.7920 %

[P]log_0 Load Factor:     16.705542 %

[P]log_1 Load Factor:     17.540857 %

[P]log_2 Load Factor:     17.479234 %

[P]log_3 Load Factor:     8.881038 %

[P]Get Hit Rate:         71.5954 %

[P]rx packet:       103119.817 / s

[P]Throughput:      4295504.527 ops

[P]Valid Entries:   2264506.136 / s

[P]set success:     2311535.168 / s

[P]get found:       1484134.593 / s

----------------------------------

[INFO]Current Time:       35.40 s

[P]indexs Load Factor:    57.1912 %

[P]log_0 Load Factor:     17.428971 %

[P]log_1 Load Factor:     18.255579 %

[P]log_2 Load Factor:     18.256886 %

[P]log_3 Load Factor:     9.239078 %

[P]Get Hit Rate:         69.8989 %

[P]rx packet:       100645.034 / s

[P]Throughput:      4209184.139 ops

[P]Valid Entries:   2216534.415 / s

[P]set success:     2197472.024 / s

[P]get found:       1420139.123 / s

----------------------------------

[INFO]Current Time:       36.56 s

[P]indexs Load Factor:    59.4856 %

[P]log_0 Load Factor:     18.117886 %

[P]log_1 Load Factor:     18.938879 %

[P]log_2 Load Factor:     18.989664 %

[P]log_3 Load Factor:     9.590821 %

[P]Get Hit Rate:         71.7958 %

[P]rx packet:       96911.326 / s

[P]Throughput:      4043337.636 ops

[P]Valid Entries:   2143434.573 / s

[P]set success:     2155860.711 / s

[P]get found:       1409111.430 / s

----------------------------------

[INFO]Current Time:       37.71 s

[P]indexs Load Factor:    61.6517 %

[P]log_0 Load Factor:     18.758303 %

[P]log_1 Load Factor:     19.573539 %

[P]log_2 Load Factor:     19.661152 %

[P]log_3 Load Factor:     9.923498 %

[P]Get Hit Rate:         72.6290 %

[P]rx packet:       91540.755 / s

[P]Throughput:      3852304.304 ops

[P]Valid Entries:   2037557.680 / s

[P]set success:     1993507.069 / s

[P]get found:       1340674.762 / s

----------------------------------

[INFO]Current Time:       38.87 s

[P]indexs Load Factor:    63.6901 %

[P]log_0 Load Factor:     19.382687 %

[P]log_1 Load Factor:     20.184939 %

[P]log_2 Load Factor:     20.306769 %

[P]log_3 Load Factor:     10.240302 %

[P]Get Hit Rate:         71.9171 %

[P]rx packet:       86508.269 / s

[P]Throughput:      3661906.283 ops

[P]Valid Entries:   1911900.350 / s

[P]set success:     1965586.619 / s

[P]get found:       1262036.887 / s

----------------------------------

[INFO]Current Time:       40.01 s

[P]indexs Load Factor:    65.6252 %

[P]log_0 Load Factor:     19.977880 %

[P]log_1 Load Factor:     20.778991 %

[P]log_2 Load Factor:     20.931806 %

[P]log_3 Load Factor:     10.539890 %

[P]Get Hit Rate:         71.6489 %

[P]rx packet:       83070.214 / s

[P]Throughput:      3552074.554 ops

[P]Valid Entries:   1864663.753 / s

[P]set success:     1892456.395 / s

[P]get found:       1227257.463 / s

----------------------------------

[INFO]Current Time:       41.16 s

[P]indexs Load Factor:    67.4385 %

[P]log_0 Load Factor:     20.525457 %

[P]log_1 Load Factor:     21.318883 %

[P]log_2 Load Factor:     21.506613 %

[P]log_3 Load Factor:     10.816186 %

[P]Get Hit Rate:         71.6361 %

[P]rx packet:       78114.441 / s

[P]Throughput:      3335030.275 ops

[P]Valid Entries:   1737117.702 / s

[P]set success:     1784296.016 / s

[P]get found:       1145049.767 / s

----------------------------------

[INFO]Current Time:       42.29 s

[P]indexs Load Factor:    69.2007 %

[P]log_0 Load Factor:     21.062510 %

[P]log_1 Load Factor:     21.849034 %

[P]log_2 Load Factor:     22.066724 %

[P]log_3 Load Factor:     11.080979 %

[P]Get Hit Rate:         71.6785 %

[P]rx packet:       76563.153 / s

[P]Throughput:      3327570.777 ops

[P]Valid Entries:   1734006.045 / s

[P]set success:     1712979.304 / s

[P]get found:       1140825.888 / s

----------------------------------

[INFO]Current Time:       43.42 s

[P]indexs Load Factor:    70.8524 %

[P]log_0 Load Factor:     21.567851 %

[P]log_1 Load Factor:     22.347839 %

[P]log_2 Load Factor:     22.588568 %

[P]log_3 Load Factor:     11.329135 %

[P]Get Hit Rate:         71.6783 %

[P]rx packet:       72291.477 / s

[P]Throughput:      3112886.243 ops

[P]Valid Entries:   1643363.919 / s

[P]set success:     1663039.820 / s

[P]get found:       1081127.103 / s

----------------------------------

[INFO]Current Time:       44.54 s

[P]indexs Load Factor:    72.3364 %

[P]log_0 Load Factor:     22.019952 %

[P]log_1 Load Factor:     22.791654 %

[P]log_2 Load Factor:     23.053642 %

[P]log_3 Load Factor:     11.559197 %

[P]Get Hit Rate:         70.6917 %

[P]rx packet:       65230.454 / s

[P]Throughput:      2842671.591 ops

[P]Valid Entries:   1486901.642 / s

[P]set success:     1503128.406 / s

[P]get found:       968126.735 / s

----------------------------------

[INFO]Current Time:       45.66 s

[P]indexs Load Factor:    73.7790 %

[P]log_0 Load Factor:     22.460948 %

[P]log_1 Load Factor:     23.225528 %

[P]log_2 Load Factor:     23.512801 %

[P]log_3 Load Factor:     11.774512 %

[P]Get Hit Rate:         71.5762 %

[P]rx packet:       63957.104 / s

[P]Throughput:      2816352.939 ops

[P]Valid Entries:   1462498.883 / s

[P]set success:     1477143.576 / s

[P]get found:       963709.465 / s

----------------------------------

[INFO]Current Time:       46.78 s

[P]indexs Load Factor:    75.1237 %

[P]log_0 Load Factor:     22.872617 %

[P]log_1 Load Factor:     23.631404 %

[P]log_2 Load Factor:     23.936945 %

[P]log_3 Load Factor:     11.976419 %

[P]Get Hit Rate:         71.6122 %

[P]rx packet:       59519.730 / s

[P]Throughput:      2630757.054 ops

[P]Valid Entries:   1364592.433 / s

[P]set success:     1360143.471 / s

[P]get found:       900856.288 / s

----------------------------------

[INFO]Current Time:       47.90 s

[P]indexs Load Factor:    76.3269 %

[P]log_0 Load Factor:     23.223788 %

[P]log_1 Load Factor:     23.990188 %

[P]log_2 Load Factor:     24.311035 %

[P]log_3 Load Factor:     12.163304 %

[P]Get Hit Rate:         72.4901 %

[P]rx packet:       56087.332 / s

[P]Throughput:      2474383.480 ops

[P]Valid Entries:   1286970.279 / s

[P]set success:     1297741.870 / s

[P]get found:       852293.459 / s

----------------------------------

[INFO]Current Time:       49.00 s

[P]indexs Load Factor:    77.4670 %

[P]log_0 Load Factor:     23.576229 %

[P]log_1 Load Factor:     24.341541 %

[P]log_2 Load Factor:     24.677302 %

[P]log_3 Load Factor:     12.339680 %

[P]Get Hit Rate:         71.4083 %

[P]rx packet:       49571.247 / s

[P]Throughput:      2208287.917 ops

[P]Valid Entries:   1140212.779 / s

[P]set success:     1148686.697 / s

[P]get found:       753501.932 / s

----------------------------------

[INFO]Current Time:       50.10 s

[P]indexs Load Factor:    78.5515 %

[P]log_0 Load Factor:     23.908877 %

[P]log_1 Load Factor:     24.670101 %

[P]log_2 Load Factor:     25.019971 %

[P]log_3 Load Factor:     12.505574 %

[P]Get Hit Rate:         71.5133 %

[P]rx packet:       49434.143 / s

[P]Throughput:      2174975.065 ops

[P]Valid Entries:   1135152.535 / s

[P]set success:     1143229.517 / s

[P]get found:       752698.518 / s

----------------------------------

[INFO]Current Time:       51.20 s

[P]indexs Load Factor:    79.5676 %

[P]log_0 Load Factor:     24.220899 %

[P]log_1 Load Factor:     24.978286 %

[P]log_2 Load Factor:     25.340266 %

[P]log_3 Load Factor:     12.658507 %

[P]Get Hit Rate:         71.5464 %

[P]rx packet:       46538.867 / s

[P]Throughput:      2080588.492 ops

[P]Valid Entries:   1066190.212 / s

[P]set success:     1073267.778 / s

[P]get found:       711561.350 / s

----------------------------------

[INFO]Current Time:       52.30 s

[P]indexs Load Factor:    80.5129 %

[P]log_0 Load Factor:     24.511565 %

[P]log_1 Load Factor:     25.267167 %

[P]log_2 Load Factor:     25.637241 %

[P]log_3 Load Factor:     12.800683 %

[P]Get Hit Rate:         71.4708 %

[P]rx packet:       43684.272 / s

[P]Throughput:      1957690.236 ops

[P]Valid Entries:   998587.294 / s

[P]set success:     1004556.992 / s

[P]get found:       668890.363 / s

----------------------------------

[INFO]Current Time:       53.39 s

[P]indexs Load Factor:    81.3568 %

[P]log_0 Load Factor:     24.768168 %

[P]log_1 Load Factor:     25.520748 %

[P]log_2 Load Factor:     25.912007 %

[P]log_3 Load Factor:     12.930876 %

[P]Get Hit Rate:         71.4580 %

[P]rx packet:       39325.611 / s

[P]Throughput:      1767828.449 ops

[P]Valid Entries:   898190.174 / s

[P]set success:     890673.715 / s

[P]get found:       602994.848 / s

----------------------------------

[INFO]Current Time:       54.53 s

[P]indexs Load Factor:    82.1463 %

[P]log_0 Load Factor:     25.008159 %

[P]log_1 Load Factor:     25.756286 %

[P]log_2 Load Factor:     26.152866 %

[P]log_3 Load Factor:     13.059048 %

[P]Get Hit Rate:         71.3557 %

[P]rx packet:       35715.288 / s

[P]Throughput:      1597687.782 ops

[P]Valid Entries:   810794.695 / s

[P]set success:     814652.600 / s

[P]get found:       548751.614 / s

----------------------------------

[INFO]Current Time:       55.62 s

[P]indexs Load Factor:    82.8507 %

[P]log_0 Load Factor:     25.226763 %

[P]log_1 Load Factor:     25.975469 %

[P]log_2 Load Factor:     26.370266 %

[P]log_3 Load Factor:     13.165721 %

[P]Get Hit Rate:         71.5080 %

[P]rx packet:       33542.096 / s

[P]Throughput:      1513470.685 ops

[P]Valid Entries:   758413.816 / s

[P]set success:     761523.353 / s

[P]get found:       517273.169 / s

----------------------------------

[INFO]Current Time:       56.71 s

[P]indexs Load Factor:    83.5832 %

[P]log_0 Load Factor:     25.453563 %

[P]log_1 Load Factor:     26.198842 %

[P]log_2 Load Factor:     26.601176 %

[P]log_3 Load Factor:     13.276109 %

[P]Get Hit Rate:         72.4285 %

[P]rx packet:       34310.595 / s

[P]Throughput:      1539048.358 ops

[P]Valid Entries:   770475.976 / s

[P]set success:     773932.380 / s

[P]get found:       528971.225 / s

----------------------------------

[INFO]Current Time:       57.85 s

[P]indexs Load Factor:    84.2287 %

[P]log_0 Load Factor:     25.651854 %

[P]log_1 Load Factor:     26.395228 %

[P]log_2 Load Factor:     26.802671 %

[P]log_3 Load Factor:     13.377651 %

[P]Get Hit Rate:         70.4056 %

[P]rx packet:       29937.429 / s

[P]Throughput:      1354466.466 ops

[P]Valid Entries:   668400.672 / s

[P]set success:     670727.829 / s

[P]get found:       455561.128 / s

----------------------------------

[INFO]Current Time:       58.92 s

[P]indexs Load Factor:    84.8691 %

[P]log_0 Load Factor:     25.848014 %

[P]log_1 Load Factor:     26.592144 %

[P]log_2 Load Factor:     27.003882 %

[P]log_3 Load Factor:     13.475197 %

[P]Get Hit Rate:         72.3985 %

[P]rx packet:       31500.046 / s

[P]Throughput:      1416336.294 ops

[P]Valid Entries:   696101.372 / s

[P]set success:     698840.102 / s

[P]get found:       486786.523 / s

----------------------------------

[INFO]Current Time:       60.00 s

[P]indexs Load Factor:    85.4562 %

[P]log_0 Load Factor:     26.028753 %

[P]log_1 Load Factor:     26.769834 %

[P]log_2 Load Factor:     27.188248 %

[P]log_3 Load Factor:     13.569486 %

[P]Get Hit Rate:         71.5399 %

[P]rx packet:       29321.233 / s

[P]Throughput:      1328508.252 ops

[P]Valid Entries:   642578.369 / s

[P]set success:     644854.833 / s

[P]get found:       454399.033 / s

----------------------------------

[INFO]Current Time:       61.07 s

[P]indexs Load Factor:    86.0321 %

[P]log_0 Load Factor:     26.206288 %

[P]log_1 Load Factor:     26.946762 %

[P]log_2 Load Factor:     27.369311 %

[P]log_3 Load Factor:     13.655919 %

[P]Get Hit Rate:         71.4032 %

[P]rx packet:       29035.827 / s

[P]Throughput:      1316879.147 ops

[P]Valid Entries:   629637.106 / s

[P]set success:     631773.359 / s

[P]get found:       449930.926 / s

----------------------------------

[INFO]Current Time:       62.13 s

[P]indexs Load Factor:    86.5756 %

[P]log_0 Load Factor:     26.373791 %

[P]log_1 Load Factor:     27.113853 %

[P]log_2 Load Factor:     27.539117 %

[P]log_3 Load Factor:     13.740551 %

[P]Get Hit Rate:         72.4617 %

[P]rx packet:       27835.220 / s

[P]Throughput:      1247306.310 ops

[P]Valid Entries:   596909.053 / s

[P]set success:     598829.983 / s

[P]get found:       432262.605 / s

----------------------------------

[INFO]Current Time:       63.20 s

[P]indexs Load Factor:    87.0746 %

[P]log_0 Load Factor:     26.525879 %

[P]log_1 Load Factor:     27.265947 %

[P]log_2 Load Factor:     27.692908 %

[P]log_3 Load Factor:     13.819169 %

[P]Get Hit Rate:         71.5083 %

[P]rx packet:       26655.533 / s

[P]Throughput:      1210866.330 ops

[P]Valid Entries:   565091.850 / s

[P]set success:     566827.969 / s

[P]get found:       413811.098 / s

----------------------------------

[INFO]Current Time:       64.26 s

[P]indexs Load Factor:    87.5517 %

[P]log_0 Load Factor:     26.674539 %

[P]log_1 Load Factor:     27.412686 %

[P]log_2 Load Factor:     27.843969 %

[P]log_3 Load Factor:     13.893958 %

[P]Get Hit Rate:         71.4771 %

[P]rx packet:       24529.007 / s

[P]Throughput:      1115260.945 ops

[P]Valid Entries:   513446.283 / s

[P]set success:     514886.233 / s

[P]get found:       381349.870 / s

----------------------------------

[INFO]Current Time:       65.32 s

[P]indexs Load Factor:    88.1181 %

[P]log_0 Load Factor:     26.827527 %

[P]log_1 Load Factor:     27.552740 %

[P]log_2 Load Factor:     27.976615 %

[P]log_3 Load Factor:     14.323453 %

[P]Get Hit Rate:         70.3930 %

[P]rx packet:       32234.522 / s

[P]Throughput:      1454592.727 ops

[P]Valid Entries:   692994.011 / s

[P]set success:     695667.302 / s

[P]get found:       489598.904 / s

----------------------------------

[INFO]Current Time:       66.38 s

[P]indexs Load Factor:    88.7088 %

[P]log_0 Load Factor:     26.980169 %

[P]log_1 Load Factor:     27.691243 %

[P]log_2 Load Factor:     28.107743 %

[P]log_3 Load Factor:     14.776036 %

[P]Get Hit Rate:         68.4041 %

[P]rx packet:       40477.849 / s

[P]Throughput:      1833393.512 ops

[P]Valid Entries:   881767.282 / s

[P]set success:     878984.098 / s

[P]get found:       605958.433 / s

----------------------------------

[INFO]Current Time:       67.43 s

[P]indexs Load Factor:    89.2559 %

[P]log_0 Load Factor:     27.116450 %

[P]log_1 Load Factor:     27.816703 %

[P]log_2 Load Factor:     28.226583 %

[P]log_3 Load Factor:     15.223463 %

[P]Get Hit Rate:         65.7194 %

[P]rx packet:       39417.705 / s

[P]Throughput:      1787159.123 ops

[P]Valid Entries:   853639.310 / s

[P]set success:     851066.404 / s

[P]get found:       567586.875 / s

----------------------------------

[INFO]Current Time:       68.48 s

[P]indexs Load Factor:    89.7792 %

[P]log_0 Load Factor:     27.247165 %

[P]log_1 Load Factor:     27.935861 %

[P]log_2 Load Factor:     28.340188 %

[P]log_3 Load Factor:     15.666493 %

[P]Get Hit Rate:         65.9798 %

[P]rx packet:       37611.345 / s

[P]Throughput:      1701427.850 ops

[P]Valid Entries:   811851.635 / s

[P]set success:     808956.767 / s

[P]get found:       540437.977 / s

----------------------------------

[INFO]Current Time:       69.53 s

[P]indexs Load Factor:    90.2605 %

[P]log_0 Load Factor:     27.370520 %

[P]log_1 Load Factor:     28.045665 %

[P]log_2 Load Factor:     28.443760 %

[P]log_3 Load Factor:     16.100288 %

[P]Get Hit Rate:         65.3494 %

[P]rx packet:       36640.120 / s

[P]Throughput:      1665374.983 ops

[P]Valid Entries:   786438.741 / s

[P]set success:     789270.648 / s

[P]get found:       525853.686 / s

----------------------------------

[INFO]Current Time:       70.57 s

[P]indexs Load Factor:    90.7263 %

[P]log_0 Load Factor:     27.487043 %

[P]log_1 Load Factor:     28.151998 %

[P]log_2 Load Factor:     28.543523 %

[P]log_3 Load Factor:     16.524203 %

[P]Get Hit Rate:         65.1369 %

[P]rx packet:       36233.925 / s

[P]Throughput:      1633779.340 ops

[P]Valid Entries:   771202.416 / s

[P]set success:     773981.679 / s

[P]get found:       518362.299 / s

----------------------------------

[INFO]Current Time:       71.61 s

[P]indexs Load Factor:    91.1548 %

[P]log_0 Load Factor:     27.590821 %

[P]log_1 Load Factor:     28.246234 %

[P]log_2 Load Factor:     28.633798 %

[P]log_3 Load Factor:     16.948824 %

[P]Get Hit Rate:         65.5606 %

[P]rx packet:       35081.424 / s

[P]Throughput:      1578086.130 ops

[P]Valid Entries:   739585.361 / s

[P]set success:     737002.739 / s

[P]get found:       502157.852 / s

----------------------------------

[INFO]Current Time:       72.65 s

[P]indexs Load Factor:    91.5688 %

[P]log_0 Load Factor:     27.693867 %

[P]log_1 Load Factor:     28.340461 %

[P]log_2 Load Factor:     28.722902 %

[P]log_3 Load Factor:     17.357772 %

[P]Get Hit Rate:         65.3251 %

[P]rx packet:       33798.284 / s

[P]Throughput:      1535059.375 ops

[P]Valid Entries:   711226.204 / s

[P]set success:     713349.681 / s

[P]get found:       483273.820 / s

----------------------------------

[INFO]Current Time:       73.69 s

[P]indexs Load Factor:    91.9538 %

[P]log_0 Load Factor:     27.787639 %

[P]log_1 Load Factor:     28.426288 %

[P]log_2 Load Factor:     28.803272 %

[P]log_3 Load Factor:     17.755720 %

[P]Get Hit Rate:         64.6883 %

[P]rx packet:       32991.471 / s

[P]Throughput:      1502945.234 ops

[P]Valid Entries:   687364.497 / s

[P]set success:     689468.239 / s

[P]get found:       469779.774 / s

----------------------------------

[INFO]Current Time:       74.72 s

[P]indexs Load Factor:    92.3217 %

[P]log_0 Load Factor:     27.878892 %

[P]log_1 Load Factor:     28.509555 %

[P]log_2 Load Factor:     28.881327 %

[P]log_3 Load Factor:     18.144348 %

[P]Get Hit Rate:         64.1361 %

[P]rx packet:       32556.467 / s

[P]Throughput:      1484385.719 ops

[P]Valid Entries:   671751.156 / s

[P]set success:     669505.782 / s

[P]get found:       460652.132 / s

----------------------------------

[INFO]Current Time:       75.75 s

[P]indexs Load Factor:    92.6743 %

[P]log_0 Load Factor:     27.965684 %

[P]log_1 Load Factor:     28.588839 %

[P]log_2 Load Factor:     28.955524 %

[P]log_3 Load Factor:     18.529720 %

[P]Get Hit Rate:         64.5216 %

[P]rx packet:       32073.024 / s

[P]Throughput:      1457411.451 ops

[P]Valid Entries:   656019.715 / s

[P]set success:     657848.355 / s

[P]get found:       456140.832 / s

----------------------------------

[INFO]Current Time:       76.78 s

[P]indexs Load Factor:    93.0073 %

[P]log_0 Load Factor:     28.048584 %

[P]log_1 Load Factor:     28.663234 %

[P]log_2 Load Factor:     29.025447 %

[P]log_3 Load Factor:     18.905349 %

[P]Get Hit Rate:         64.7214 %

[P]rx packet:       31043.827 / s

[P]Throughput:      1411839.846 ops

[P]Valid Entries:   628230.516 / s

[P]set success:     629923.692 / s

[P]get found:       439896.601 / s

----------------------------------

[INFO]Current Time:       77.80 s

[P]indexs Load Factor:    93.3195 %

[P]log_0 Load Factor:     28.127070 %

[P]log_1 Load Factor:     28.733953 %

[P]log_2 Load Factor:     29.091985 %

[P]log_3 Load Factor:     19.260086 %

[P]Get Hit Rate:         64.3362 %

[P]rx packet:       30108.946 / s

[P]Throughput:      1375072.673 ops

[P]Valid Entries:   598875.363 / s

[P]set success:     603912.306 / s

[P]get found:       427684.417 / s

----------------------------------

[INFO]Current Time:       78.83 s

[P]indexs Load Factor:    93.6073 %

[P]log_0 Load Factor:     28.195708 %

[P]log_1 Load Factor:     28.798983 %

[P]log_2 Load Factor:     29.152798 %

[P]log_3 Load Factor:     19.604825 %

[P]Get Hit Rate:         63.3418 %

[P]rx packet:       29291.272 / s

[P]Throughput:      1338602.137 ops

[P]Valid Entries:   580678.772 / s

[P]set success:     581975.684 / s

[P]get found:       409441.546 / s

----------------------------------

[INFO]Current Time:       79.85 s

[P]indexs Load Factor:    93.8796 %

[P]log_0 Load Factor:     28.263292 %

[P]log_1 Load Factor:     28.862013 %

[P]log_2 Load Factor:     29.211952 %

[P]log_3 Load Factor:     19.934879 %

[P]Get Hit Rate:         62.9390 %

[P]rx packet:       27657.650 / s

[P]Throughput:      1265231.834 ops

[P]Valid Entries:   542987.342 / s

[P]set success:     544088.052 / s

[P]get found:       385405.854 / s

----------------------------------

[INFO]Current Time:       80.87 s

[P]indexs Load Factor:    94.1383 %

[P]log_0 Load Factor:     28.329001 %

[P]log_1 Load Factor:     28.921730 %

[P]log_2 Load Factor:     29.267660 %

[P]log_3 Load Factor:     20.249789 %

[P]Get Hit Rate:         62.7826 %

[P]rx packet:       27394.916 / s

[P]Throughput:      1253224.045 ops

[P]Valid Entries:   529117.396 / s

[P]set success:     530159.252 / s

[P]get found:       380312.834 / s

----------------------------------

[INFO]Current Time:       81.89 s

[P]indexs Load Factor:    94.3731 %

[P]log_0 Load Factor:     28.387834 %

[P]log_1 Load Factor:     28.975043 %

[P]log_2 Load Factor:     29.317388 %

[P]log_3 Load Factor:     20.542356 %

[P]Get Hit Rate:         62.6408 %

[P]rx packet:       25815.630 / s

[P]Throughput:      1180767.201 ops

[P]Valid Entries:   490852.630 / s

[P]set success:     491796.172 / s

[P]get found:       357179.244 / s

----------------------------------

[INFO]Current Time:       82.90 s

[P]indexs Load Factor:    94.5982 %

[P]log_0 Load Factor:     28.446407 %

[P]log_1 Load Factor:     29.028983 %

[P]log_2 Load Factor:     29.366670 %

[P]log_3 Load Factor:     20.829591 %

[P]Get Hit Rate:         62.4358 %

[P]rx packet:       24978.526 / s

[P]Throughput:      1144023.603 ops

[P]Valid Entries:   470429.899 / s

[P]set success:     471228.826 / s

[P]get found:       345462.399 / s

----------------------------------

[INFO]Current Time:       83.92 s

[P]indexs Load Factor:    94.8011 %

[P]log_0 Load Factor:     28.501357 %

[P]log_1 Load Factor:     29.065440 %

[P]log_2 Load Factor:     29.413047 %

[P]log_3 Load Factor:     21.091009 %

[P]Get Hit Rate:         62.3995 %

[P]rx packet:       24478.037 / s

[P]Throughput:      1116364.195 ops

[P]Valid Entries:   452883.094 / s

[P]set success:     453659.361 / s

[P]get found:       338151.160 / s

----------------------------------

[INFO]Current Time:       84.93 s
[INFO]End rx_queue_1:1367112

[P]indexs Load Factor:    94.9564 %

[P]log_0 Load Factor:     28.554789 %

[P]log_1 Load Factor:     29.065440 %

[P]log_2 Load Factor:     29.455040 %

[P]log_3 Load Factor:     21.332822 %

[P]Get Hit Rate:         62.0405 %

[P]rx packet:       9527.219 / s

[P]Throughput:      991030.510 ops

[P]Valid Entries:   371026.590 / s

[P]set success:     372789.645 / s

[P]get found:       325758.704 / s

----------------------------------

[INFO]Current Time:       85.94 s

[P]indexs Load Factor:    95.0688 %

[P]log_0 Load Factor:     28.608127 %

[P]log_1 Load Factor:     29.065440 %

[P]log_2 Load Factor:     29.455040 %

[P]log_3 Load Factor:     21.565070 %

[P]Get Hit Rate:         62.8717 %

[P]rx packet:       34753.097 / s

[P]Throughput:      2089217.119 ops

[P]Valid Entries:   321329.527 / s

[P]set success:     322710.583 / s

[P]get found:       1070164.520 / s

----------------------------------

[INFO]Current Time:       86.95 s

[P]indexs Load Factor:    95.1757 %

[P]log_0 Load Factor:     28.662065 %

[P]log_1 Load Factor:     29.065440 %

[P]log_2 Load Factor:     29.455040 %

[P]log_3 Load Factor:     21.790707 %

[P]Get Hit Rate:         63.4538 %

[P]rx packet:       45658.617 / s

[P]Throughput:      2672194.870 ops

[P]Valid Entries:   302961.505 / s

[P]set success:     302297.181 / s

[P]get found:       1470586.787 / s

----------------------------------

[INFO]Current Time:       87.96 s

[P]indexs Load Factor:    95.1887 %

[P]log_0 Load Factor:     28.665078 %

[P]log_1 Load Factor:     29.065440 %

[P]log_2 Load Factor:     29.455040 %

[P]log_3 Load Factor:     21.793652 %

[P]Get Hit Rate:         64.5462 %

[P]rx packet:       57627.914 / s

[P]Throughput:      3446931.083 ops

[P]Valid Entries:   122408.742 / s

[P]set success:     122481.134 / s

[P]get found:       2130872.243 / s

----------------------------------

[INFO]Current Time:       88.97 s

[P]indexs Load Factor:    95.1887 %

[P]log_0 Load Factor:     28.665078 %

[P]log_1 Load Factor:     29.065440 %

[P]log_2 Load Factor:     29.455040 %

[P]log_3 Load Factor:     21.793652 %

[P]Get Hit Rate:         65.9994 %

[P]rx packet:       52869.686 / s

[P]Throughput:      3854729.219 ops

[P]get found:       2544098.020 / s

----------------------------------
[INFO]End rx_queue_3:1008369

[INFO]Current Time:       89.97 s
[INFO]End rx_queue_0:1370032

[P]indexs Load Factor:    95.1887 %

[P]log_0 Load Factor:     28.665078 %

[P]log_1 Load Factor:     29.065440 %

[P]log_2 Load Factor:     29.455040 %

[P]log_3 Load Factor:     21.793652 %

[P]Get Hit Rate:         63.0539 %

[P]rx packet:       21964.232 / s

[P]Throughput:      2768157.050 ops

[P]get found:       1745431.567 / s

----------------------------------

[INFO]Current Time:       90.98 s
[INFO]End rx_queue_2:1442425
Finish the job......

[P]indexs Load Factor:    95.1887 %

[P]log_0 Load Factor:     28.665078 %

[P]log_1 Load Factor:     29.065440 %

[P]log_2 Load Factor:     29.455040 %

[P]log_3 Load Factor:     21.793652 %

[P]Get Hit Rate:         62.0448 %

[P]rx packet:       1654.792 / s

[P]Throughput:      243852.565 ops

[P]get found:       151297.847 / s

----------------------------------

Total Index Entries:     107832352

indexs Load Factor:     95.188718 %

log_0 Load Factor:      28.665078 %

log_1 Load Factor:      29.065440 %

log_2 Load Factor:      29.455040 %

log_3 Load Factor:      21.793652 %

Get Hit Rate:           68.482024%

Max Throughput:         4514713.62

Calc Load Factor:       95.188718%

valid count:              30778893

set request:              31730640
set_success:              30778893 | set_fail:                   951747 | set_mica_evicted:                0
set_random:                      0 | set_cuckoo_evicted:        2822157 | set_expire_evicted:         229464

get request:              32670357
get_found:                21761372 | get_notfound:             10908985 | get_hit_ratio:          66.608920%

clean up:                        0 | test_notfound:                   0
move_to_head_performed:    3293613 | move_to_head_skipped:     18467759 | move_to_head_failed:             0


valid count:              31208779

set request:              32032581
set_success:              31208779 | set_fail:                   823802 | set_mica_evicted:                0
set_random:                      0 | set_cuckoo_evicted:        2826815 | set_expire_evicted:          83308

get request:              31957511
get_found:                22745686 | get_notfound:              9211825 | get_hit_ratio:          71.174773%

clean up:                        0 | test_notfound:                   0
move_to_head_performed:    2567663 | move_to_head_skipped:     20178023 | move_to_head_failed:             0


valid count:              31627108

set request:              32513857
set_success:              31627108 | set_fail:                   886749 | set_mica_evicted:                0
set_random:                      0 | set_cuckoo_evicted:        2893992 | set_expire_evicted:              0

get request:              35964874
get_found:                22712091 | get_notfound:             13252783 | get_hit_ratio:          63.150759%

clean up:                        0 | test_notfound:                   0
move_to_head_performed:    4062964 | move_to_head_skipped:     18649127 | move_to_head_failed:             0


valid count:              23400756

set request:              23601843
set_success:              23400756 | set_fail:                   201087 | set_mica_evicted:                0
set_random:                      0 | set_cuckoo_evicted:        1141167 | set_expire_evicted:        4912646

get request:              23606212
get_found:                14746387 | get_notfound:              8859825 | get_hit_ratio:          62.468248%

clean up:                        0 | test_notfound:                   0
move_to_head_performed:    1636012 | move_to_head_skipped:     13110375 | move_to_head_failed:             0


[INFO] Everything works fine.
deleting piekv......
