[INFO] 单个Log Size为:4 GB
[INFO] 运行proto
EAL: Probing VFIO support...
EAL: VFIO support initialized
EAL: PCI device 0000:03:00.0 on NUMA socket 0
EAL:   probe driver: 15b3:1017 net_mlx5
WEN: There are 1 device(s) available
starting port 0...
querying port 0...
port 0: 100 Gbps (full-duplex)
Adding UDP filter for each endpoint.
port_id/queue_id/udp_port = 0 0 0
Flow is created with src_port = 0, dst_port = 0
port_id/queue_id/udp_port = 0 1 1
Flow is created with src_port = 0, dst_port = 1
port_id/queue_id/udp_port = 0 2 2
Flow is created with src_port = 0, dst_port = 2
port_id/queue_id/udp_port = 0 3 3
Flow is created with src_port = 0, dst_port = 3
MEM: Initializing pages...
 == [STAT] Workers Start (4 threads in total) == 

[INFO]Current Time:       11.40 s

[P]indexs Load Factor:    0.2463 %

[P]log_0 Load Factor:     0.209533 %

[P]log_1 Load Factor:     0.216926 %

[P]log_2 Load Factor:     0.209507 %

[P]log_3 Load Factor:     0.214351 %

[P]Get Hit Rate:         39.5211 %

[P]rx packet:       814.805 / s

[P]Throughput:      29194.664 ops

[P]Valid Entries:   14278.242 / s

[P]set success:     14338.228 / s

[P]get found:       5775.281 / s

----------------------------------

[INFO]Current Time:       14.27 s

[P]indexs Load Factor:    2.4056 %

[P]log_0 Load Factor:     0.859530 %

[P]log_1 Load Factor:     0.947873 %

[P]log_2 Load Factor:     0.853378 %

[P]log_3 Load Factor:     0.569148 %

[P]Get Hit Rate:         56.5754 %

[P]rx packet:       43454.467 / s

[P]Throughput:      1515282.233 ops

[P]Valid Entries:   760745.579 / s

[P]set success:     781530.468 / s

[P]get found:       432855.381 / s

----------------------------------

[INFO]Current Time:       15.28 s

[P]indexs Load Factor:    4.6141 %

[P]log_0 Load Factor:     1.536604 %

[P]log_1 Load Factor:     1.703585 %

[P]log_2 Load Factor:     1.514363 %

[P]log_3 Load Factor:     0.939997 %

[P]Get Hit Rate:         59.9154 %

[P]rx packet:       124423.409 / s

[P]Throughput:      4493867.488 ops

[P]Valid Entries:   2225398.770 / s

[P]set success:     2335544.704 / s

[P]get found:       1339937.874 / s

----------------------------------

[INFO]Current Time:       16.32 s

[P]indexs Load Factor:    6.9196 %

[P]log_0 Load Factor:     2.243735 %

[P]log_1 Load Factor:     2.493215 %

[P]log_2 Load Factor:     2.215582 %

[P]log_3 Load Factor:     1.319816 %

[P]Get Hit Rate:         61.1445 %

[P]rx packet:       124908.408 / s

[P]Throughput:      4444015.440 ops

[P]Valid Entries:   2220644.053 / s

[P]set success:     2328897.240 / s

[P]get found:       1381510.616 / s

----------------------------------

[INFO]Current Time:       17.40 s

[P]indexs Load Factor:    9.3020 %

[P]log_0 Load Factor:     2.966101 %

[P]log_1 Load Factor:     3.299824 %

[P]log_2 Load Factor:     2.931822 %

[P]log_3 Load Factor:     1.710975 %

[P]Get Hit Rate:         62.2647 %

[P]rx packet:       124345.096 / s

[P]Throughput:      4529134.666 ops

[P]Valid Entries:   2294570.637 / s

[P]set success:     2309480.864 / s

[P]get found:       1413821.957 / s

----------------------------------

[INFO]Current Time:       18.50 s

[P]indexs Load Factor:    11.6889 %

[P]log_0 Load Factor:     3.691927 %

[P]log_1 Load Factor:     4.094175 %

[P]log_2 Load Factor:     3.652565 %

[P]log_3 Load Factor:     2.103291 %

[P]Get Hit Rate:         62.3416 %

[P]rx packet:       128795.453 / s

[P]Throughput:      4485450.883 ops

[P]Valid Entries:   2275291.172 / s

[P]set success:     2318354.418 / s

[P]get found:       1421278.382 / s

----------------------------------

[INFO]Current Time:       19.62 s

[P]indexs Load Factor:    14.1267 %

[P]log_0 Load Factor:     4.429800 %

[P]log_1 Load Factor:     4.916155 %

[P]log_2 Load Factor:     4.386032 %

[P]log_3 Load Factor:     2.498705 %

[P]Get Hit Rate:         63.0744 %

[P]rx packet:       129234.285 / s

[P]Throughput:      4468729.899 ops

[P]Valid Entries:   2250685.169 / s

[P]set success:     2292048.353 / s

[P]get found:       1403529.950 / s

----------------------------------

[INFO]Current Time:       20.76 s

[P]indexs Load Factor:    16.6175 %

[P]log_0 Load Factor:     5.182308 %

[P]log_1 Load Factor:     5.759835 %

[P]log_2 Load Factor:     5.133161 %

[P]log_3 Load Factor:     2.900776 %

[P]Get Hit Rate:         63.8417 %

[P]rx packet:       128698.019 / s

[P]Throughput:      4585921.250 ops

[P]Valid Entries:   2296637.486 / s

[P]set success:     2342064.448 / s

[P]get found:       1467493.150 / s

----------------------------------

[INFO]Current Time:       21.91 s

[P]indexs Load Factor:    19.1122 %

[P]log_0 Load Factor:     5.934027 %

[P]log_1 Load Factor:     6.601195 %

[P]log_2 Load Factor:     5.879388 %

[P]log_3 Load Factor:     3.298135 %

[P]Get Hit Rate:         66.1082 %

[P]rx packet:       128690.645 / s

[P]Throughput:      4483681.241 ops

[P]Valid Entries:   2233489.303 / s

[P]set success:     2335212.915 / s

[P]get found:       1476308.430 / s

----------------------------------

[INFO]Current Time:       23.06 s

[P]indexs Load Factor:    21.6329 %

[P]log_0 Load Factor:     6.693336 %

[P]log_1 Load Factor:     7.450255 %

[P]log_2 Load Factor:     6.634160 %

[P]log_3 Load Factor:     3.706801 %

[P]Get Hit Rate:         65.0250 %

[P]rx packet:       128540.424 / s

[P]Throughput:      4551986.087 ops

[P]Valid Entries:   2296604.039 / s

[P]set success:     2369653.822 / s

[P]get found:       1492838.223 / s

----------------------------------

[INFO]Current Time:       24.22 s

[P]indexs Load Factor:    24.1694 %

[P]log_0 Load Factor:     7.457580 %

[P]log_1 Load Factor:     8.300213 %

[P]log_2 Load Factor:     7.392195 %

[P]log_3 Load Factor:     4.113205 %

[P]Get Hit Rate:         67.2324 %

[P]rx packet:       130315.936 / s

[P]Throughput:      4514020.154 ops

[P]Valid Entries:   2292979.661 / s

[P]set success:     2307718.670 / s

[P]get found:       1501645.364 / s

----------------------------------

[INFO]Current Time:       25.39 s

[P]indexs Load Factor:    26.7883 %

[P]log_0 Load Factor:     8.282834 %

[P]log_1 Load Factor:     9.197519 %

[P]log_2 Load Factor:     8.216429 %

[P]log_3 Load Factor:     4.547220 %

[P]Get Hit Rate:         66.8089 %

[P]rx packet:       129795.481 / s

[P]Throughput:      4458041.426 ops

[P]Valid Entries:   2293642.478 / s

[P]set success:     2337169.658 / s

[P]get found:       1512057.719 / s

----------------------------------

[INFO]Current Time:       26.66 s

[P]indexs Load Factor:    29.2898 %

[P]log_0 Load Factor:     9.014593 %

[P]log_1 Load Factor:     9.974081 %

[P]log_2 Load Factor:     8.944205 %

[P]log_3 Load Factor:     4.935346 %

[P]Get Hit Rate:         66.7622 %

[P]rx packet:       126372.106 / s

[P]Throughput:      4112781.468 ops

[P]Valid Entries:   2125209.017 / s

[P]set success:     2152788.200 / s

[P]get found:       1386580.142 / s

----------------------------------

[INFO]Current Time:       27.85 s

[P]indexs Load Factor:    31.8449 %

[P]log_0 Load Factor:     9.786760 %

[P]log_1 Load Factor:     10.818909 %

[P]log_2 Load Factor:     9.711768 %

[P]log_3 Load Factor:     5.342221 %

[P]Get Hit Rate:         65.9242 %

[P]rx packet:       130968.439 / s

[P]Throughput:      4517115.664 ops

[P]Valid Entries:   2250387.526 / s

[P]set success:     2320246.098 / s

[P]get found:       1500851.125 / s

----------------------------------

[INFO]Current Time:       29.03 s

[P]indexs Load Factor:    34.4064 %

[P]log_0 Load Factor:     10.559827 %

[P]log_1 Load Factor:     11.652818 %

[P]log_2 Load Factor:     10.480262 %

[P]log_3 Load Factor:     5.747618 %

[P]Get Hit Rate:         67.8719 %

[P]rx packet:       130754.121 / s

[P]Throughput:      4471771.152 ops

[P]Valid Entries:   2285180.667 / s

[P]set success:     2298092.253 / s

[P]get found:       1512139.859 / s

----------------------------------

[INFO]Current Time:       30.22 s

[P]indexs Load Factor:    36.9554 %

[P]log_0 Load Factor:     11.337128 %

[P]log_1 Load Factor:     12.489000 %

[P]log_2 Load Factor:     11.252219 %

[P]log_3 Load Factor:     6.153205 %

[P]Get Hit Rate:         66.6239 %

[P]rx packet:       131175.630 / s

[P]Throughput:      4444164.747 ops

[P]Valid Entries:   2258797.868 / s

[P]set success:     2267920.049 / s

[P]get found:       1483143.237 / s

----------------------------------

[INFO]Current Time:       31.40 s

[P]indexs Load Factor:    39.4973 %

[P]log_0 Load Factor:     12.108524 %

[P]log_1 Load Factor:     13.305853 %

[P]log_2 Load Factor:     12.016900 %

[P]log_3 Load Factor:     6.555973 %

[P]Get Hit Rate:         66.7448 %

[P]rx packet:       131475.775 / s

[P]Throughput:      4506668.557 ops

[P]Valid Entries:   2246895.372 / s

[P]set success:     2340985.358 / s

[P]get found:       1498097.164 / s

----------------------------------

[INFO]Current Time:       32.59 s

[P]indexs Load Factor:    42.0359 %

[P]log_0 Load Factor:     12.880030 %

[P]log_1 Load Factor:     14.127372 %

[P]log_2 Load Factor:     12.784313 %

[P]log_3 Load Factor:     6.956328 %

[P]Get Hit Rate:         67.0088 %

[P]rx packet:       132178.043 / s

[P]Throughput:      4482871.204 ops

[P]Valid Entries:   2247727.628 / s

[P]set success:     2311307.505 / s

[P]get found:       1505439.534 / s

----------------------------------

[INFO]Current Time:       33.78 s

[P]indexs Load Factor:    44.5178 %

[P]log_0 Load Factor:     13.640556 %

[P]log_1 Load Factor:     14.920240 %

[P]log_2 Load Factor:     13.545110 %

[P]log_3 Load Factor:     7.351231 %

[P]Get Hit Rate:         68.9426 %

[P]rx packet:       132388.605 / s

[P]Throughput:      4302022.439 ops

[P]Valid Entries:   2184560.723 / s

[P]set success:     2242729.826 / s

[P]get found:       1486151.398 / s

----------------------------------

[INFO]Current Time:       34.96 s

[P]indexs Load Factor:    47.0239 %

[P]log_0 Load Factor:     14.405731 %

[P]log_1 Load Factor:     15.713139 %

[P]log_2 Load Factor:     14.316237 %

[P]log_3 Load Factor:     7.744327 %

[P]Get Hit Rate:         68.2428 %

[P]rx packet:       133323.151 / s

[P]Throughput:      4419641.825 ops

[P]Valid Entries:   2229322.680 / s

[P]set success:     2289078.284 / s

[P]get found:       1520186.521 / s

----------------------------------

[INFO]Current Time:       36.16 s

[P]indexs Load Factor:    49.4898 %

[P]log_0 Load Factor:     15.149930 %

[P]log_1 Load Factor:     16.482760 %

[P]log_2 Load Factor:     15.078991 %

[P]log_3 Load Factor:     8.130109 %

[P]Get Hit Rate:         68.3069 %

[P]rx packet:       133768.322 / s

[P]Throughput:      4398209.592 ops

[P]Valid Entries:   2174508.126 / s

[P]set success:     2228774.040 / s

[P]get found:       1505359.367 / s

----------------------------------

[INFO]Current Time:       37.34 s

[P]indexs Load Factor:    51.9394 %

[P]log_0 Load Factor:     15.883726 %

[P]log_1 Load Factor:     17.241095 %

[P]log_2 Load Factor:     15.821748 %

[P]log_3 Load Factor:     8.505974 %

[P]Get Hit Rate:         71.2261 %

[P]rx packet:       133950.648 / s

[P]Throughput:      4345765.145 ops

[P]Valid Entries:   2216034.226 / s

[P]set success:     2271719.976 / s

[P]get found:       1521434.532 / s

----------------------------------

[INFO]Current Time:       38.52 s

[P]indexs Load Factor:    54.2146 %

[P]log_0 Load Factor:     16.578724 %

[P]log_1 Load Factor:     17.946503 %

[P]log_2 Load Factor:     16.531258 %

[P]log_3 Load Factor:     8.877247 %

[P]Get Hit Rate:         70.3317 %

[P]rx packet:       127179.116 / s

[P]Throughput:      4105159.372 ops

[P]Valid Entries:   2092028.960 / s

[P]set success:     2115120.329 / s

[P]get found:       1437794.098 / s

----------------------------------

[INFO]Current Time:       39.69 s

[P]indexs Load Factor:    56.5183 %

[P]log_0 Load Factor:     17.279116 %

[P]log_1 Load Factor:     18.667864 %

[P]log_2 Load Factor:     17.249121 %

[P]log_3 Load Factor:     9.227068 %

[P]Get Hit Rate:         69.4941 %

[P]rx packet:       126558.112 / s

[P]Throughput:      4122190.945 ops

[P]Valid Entries:   2059356.812 / s

[P]set success:     2080236.087 / s

[P]get found:       1435291.955 / s

----------------------------------

[INFO]Current Time:       40.86 s

[P]indexs Load Factor:    58.7600 %

[P]log_0 Load Factor:     17.958925 %

[P]log_1 Load Factor:     19.365360 %

[P]log_2 Load Factor:     17.943959 %

[P]log_3 Load Factor:     9.570553 %

[P]Get Hit Rate:         70.5472 %

[P]rx packet:       125950.938 / s

[P]Throughput:      4061708.123 ops

[P]Valid Entries:   2053599.244 / s

[P]set success:     2124840.243 / s

[P]get found:       1435867.220 / s

----------------------------------

[INFO]Current Time:       42.03 s

[P]indexs Load Factor:    60.9072 %

[P]log_0 Load Factor:     18.609318 %

[P]log_1 Load Factor:     20.031231 %

[P]log_2 Load Factor:     18.606646 %

[P]log_3 Load Factor:     9.895814 %

[P]Get Hit Rate:         70.5962 %

[P]rx packet:       120988.415 / s

[P]Throughput:      3947491.483 ops

[P]Valid Entries:   2006581.674 / s

[P]set success:     2048173.911 / s

[P]get found:       1387330.158 / s

----------------------------------

[INFO]Current Time:       43.18 s

[P]indexs Load Factor:    62.9535 %

[P]log_0 Load Factor:     19.232483 %

[P]log_1 Load Factor:     20.664985 %

[P]log_2 Load Factor:     19.240369 %

[P]log_3 Load Factor:     10.205469 %

[P]Get Hit Rate:         69.7284 %

[P]rx packet:       116032.751 / s

[P]Throughput:      3753343.384 ops

[P]Valid Entries:   1931072.750 / s

[P]set success:     1920666.276 / s

[P]get found:       1320156.734 / s

----------------------------------

[INFO]Current Time:       44.34 s

[P]indexs Load Factor:    64.8884 %

[P]log_0 Load Factor:     19.810579 %

[P]log_1 Load Factor:     21.266223 %

[P]log_2 Load Factor:     19.842670 %

[P]log_3 Load Factor:     10.502735 %

[P]Get Hit Rate:         68.8224 %

[P]rx packet:       110535.375 / s

[P]Throughput:      3689001.404 ops

[P]Valid Entries:   1849335.068 / s

[P]set success:     1859078.169 / s

[P]get found:       1279956.476 / s

----------------------------------

[INFO]Current Time:       45.48 s

[P]indexs Load Factor:    66.7237 %

[P]log_0 Load Factor:     20.367782 %

[P]log_1 Load Factor:     21.832685 %

[P]log_2 Load Factor:     20.408900 %

[P]log_3 Load Factor:     10.777845 %

[P]Get Hit Rate:         68.7927 %

[P]rx packet:       105286.224 / s

[P]Throughput:      3529152.558 ops

[P]Valid Entries:   1767538.021 / s

[P]set success:     1797630.891 / s

[P]get found:       1224115.488 / s

----------------------------------

[INFO]Current Time:       46.63 s

[P]indexs Load Factor:    68.4584 %

[P]log_0 Load Factor:     20.895514 %

[P]log_1 Load Factor:     22.367998 %

[P]log_2 Load Factor:     20.945090 %

[P]log_3 Load Factor:     11.037922 %

[P]Get Hit Rate:         68.8347 %

[P]rx packet:       100115.151 / s

[P]Throughput:      3392677.482 ops

[P]Valid Entries:   1688196.203 / s

[P]set success:     1693296.993 / s

[P]get found:       1169827.622 / s

----------------------------------

[INFO]Current Time:       47.76 s

[P]indexs Load Factor:    70.0887 %

[P]log_0 Load Factor:     21.393310 %

[P]log_1 Load Factor:     22.871693 %

[P]log_2 Load Factor:     21.447619 %

[P]log_3 Load Factor:     11.286149 %

[P]Get Hit Rate:         68.8355 %

[P]rx packet:       94937.437 / s

[P]Throughput:      3232073.560 ops

[P]Valid Entries:   1606733.435 / s

[P]set success:     1610026.530 / s

[P]get found:       1114404.295 / s

----------------------------------

[INFO]Current Time:       48.90 s

[P]indexs Load Factor:    71.6185 %

[P]log_0 Load Factor:     21.859323 %

[P]log_1 Load Factor:     23.341388 %

[P]log_2 Load Factor:     21.920254 %

[P]log_3 Load Factor:     11.520634 %

[P]Get Hit Rate:         68.8326 %

[P]rx packet:       89492.895 / s

[P]Throughput:      3059171.039 ops

[P]Valid Entries:   1519933.866 / s

[P]set success:     1521536.368 / s

[P]get found:       1054434.844 / s

----------------------------------

[INFO]Current Time:       50.03 s

[P]indexs Load Factor:    73.0474 %

[P]log_0 Load Factor:     22.295849 %

[P]log_1 Load Factor:     23.783180 %

[P]log_2 Load Factor:     22.361532 %

[P]log_3 Load Factor:     11.737371 %

[P]Get Hit Rate:         67.9397 %

[P]rx packet:       84341.186 / s

[P]Throughput:      2857995.075 ops

[P]Valid Entries:   1436162.479 / s

[P]set success:     1435687.357 / s

[P]get found:       972360.414 / s

----------------------------------

[INFO]Current Time:       51.15 s

[P]indexs Load Factor:    74.3901 %

[P]log_0 Load Factor:     22.705173 %

[P]log_1 Load Factor:     24.196528 %

[P]log_2 Load Factor:     22.776587 %

[P]log_3 Load Factor:     11.942391 %

[P]Get Hit Rate:         67.8491 %

[P]rx packet:       79619.307 / s

[P]Throughput:      2742730.214 ops

[P]Valid Entries:   1359796.715 / s

[P]set success:     1375690.594 / s

[P]get found:       931779.140 / s

----------------------------------

[INFO]Current Time:       52.26 s

[P]indexs Load Factor:    75.6413 %

[P]log_0 Load Factor:     23.088459 %

[P]log_1 Load Factor:     24.581506 %

[P]log_2 Load Factor:     23.163942 %

[P]log_3 Load Factor:     12.132130 %

[P]Get Hit Rate:         69.5945 %

[P]rx packet:       74479.938 / s

[P]Throughput:      2541421.270 ops

[P]Valid Entries:   1273605.864 / s

[P]set success:     1287564.145 / s

[P]get found:       874571.315 / s

----------------------------------

[INFO]Current Time:       53.38 s

[P]indexs Load Factor:    76.7779 %

[P]log_0 Load Factor:     23.434687 %

[P]log_1 Load Factor:     24.933989 %

[P]log_2 Load Factor:     23.506934 %

[P]log_3 Load Factor:     12.312417 %

[P]Get Hit Rate:         69.6972 %

[P]rx packet:       68399.375 / s

[P]Throughput:      2355355.508 ops

[P]Valid Entries:   1157309.443 / s

[P]set success:     1168537.811 / s

[P]get found:       816428.851 / s

----------------------------------

[INFO]Current Time:       54.49 s

[P]indexs Load Factor:    77.8804 %

[P]log_0 Load Factor:     23.772457 %

[P]log_1 Load Factor:     25.273548 %

[P]log_2 Load Factor:     23.848014 %

[P]log_3 Load Factor:     12.482449 %

[P]Get Hit Rate:         68.8347 %

[P]rx packet:       66429.548 / s

[P]Throughput:      2308042.832 ops

[P]Valid Entries:   1136893.499 / s

[P]set success:     1133135.768 / s

[P]get found:       795231.098 / s

----------------------------------

[INFO]Current Time:       55.59 s

[P]indexs Load Factor:    78.9112 %

[P]log_0 Load Factor:     24.089145 %

[P]log_1 Load Factor:     25.591022 %

[P]log_2 Load Factor:     24.166659 %

[P]log_3 Load Factor:     12.637499 %

[P]Get Hit Rate:         68.7529 %

[P]rx packet:       62821.909 / s

[P]Throughput:      2187679.651 ops

[P]Valid Entries:   1060227.700 / s

[P]set success:     1070132.967 / s

[P]get found:       753078.587 / s

----------------------------------

[INFO]Current Time:       56.69 s

[P]indexs Load Factor:    79.8768 %

[P]log_0 Load Factor:     24.384940 %

[P]log_1 Load Factor:     25.889906 %

[P]log_2 Load Factor:     24.465068 %

[P]log_3 Load Factor:     12.786603 %

[P]Get Hit Rate:         68.7420 %

[P]rx packet:       59231.230 / s

[P]Throughput:      2067679.073 ops

[P]Valid Entries:   1011010.720 / s

[P]set success:     1006421.963 / s

[P]get found:       711605.448 / s

----------------------------------

[INFO]Current Time:       57.80 s

[P]indexs Load Factor:    80.7737 %

[P]log_0 Load Factor:     24.661658 %

[P]log_1 Load Factor:     26.167268 %

[P]log_2 Load Factor:     24.743682 %

[P]log_3 Load Factor:     12.922285 %

[P]Get Hit Rate:         69.5482 %

[P]rx packet:       55274.648 / s

[P]Throughput:      1921809.265 ops

[P]Valid Entries:   941076.266 / s

[P]set success:     936379.420 / s

[P]get found:       665030.901 / s

----------------------------------

[INFO]Current Time:       58.90 s

[P]indexs Load Factor:    81.6157 %

[P]log_0 Load Factor:     24.909873 %

[P]log_1 Load Factor:     26.429384 %

[P]log_2 Load Factor:     25.005852 %

[P]log_3 Load Factor:     13.051986 %

[P]Get Hit Rate:         68.7820 %

[P]rx packet:       52856.176 / s

[P]Throughput:      1852036.003 ops

[P]Valid Entries:   896288.913 / s

[P]set success:     902745.806 / s

[P]get found:       637610.701 / s

----------------------------------

[INFO]Current Time:       59.99 s

[P]indexs Load Factor:    82.3947 %

[P]log_0 Load Factor:     25.149185 %

[P]log_1 Load Factor:     26.673062 %

[P]log_2 Load Factor:     25.247241 %

[P]log_3 Load Factor:     13.173149 %

[P]Get Hit Rate:         68.8941 %

[P]rx packet:       48798.535 / s

[P]Throughput:      1713684.659 ops

[P]Valid Entries:   824627.314 / s

[P]set success:     829953.154 / s

[P]get found:       590906.426 / s

----------------------------------

[INFO]Current Time:       61.08 s

[P]indexs Load Factor:    83.1433 %

[P]log_0 Load Factor:     25.379713 %

[P]log_1 Load Factor:     26.905318 %

[P]log_2 Load Factor:     25.479333 %

[P]log_3 Load Factor:     13.288702 %

[P]Get Hit Rate:         68.7574 %

[P]rx packet:       47454.401 / s

[P]Throughput:      1668161.150 ops

[P]Valid Entries:   797007.054 / s

[P]set success:     801881.538 / s

[P]get found:       574272.227 / s

----------------------------------

[INFO]Current Time:       62.17 s

[P]indexs Load Factor:    83.8511 %

[P]log_0 Load Factor:     25.593806 %

[P]log_1 Load Factor:     27.127218 %

[P]log_2 Load Factor:     25.701737 %

[P]log_3 Load Factor:     13.396629 %

[P]Get Hit Rate:         68.7733 %

[P]rx packet:       45239.626 / s

[P]Throughput:      1592472.674 ops

[P]Valid Entries:   755003.298 / s

[P]set success:     759370.780 / s

[P]get found:       548128.247 / s

----------------------------------

[INFO]Current Time:       63.31 s

[P]indexs Load Factor:    84.4545 %

[P]log_0 Load Factor:     25.780117 %

[P]log_1 Load Factor:     27.311871 %

[P]log_2 Load Factor:     25.888063 %

[P]log_3 Load Factor:     13.490455 %

[P]Get Hit Rate:         68.7596 %

[P]rx packet:       37740.839 / s

[P]Throughput:      1322855.155 ops

[P]Valid Entries:   626233.562 / s

[P]set success:     629120.925 / s

[P]get found:       458441.276 / s

----------------------------------

[INFO]Current Time:       64.39 s

[P]indexs Load Factor:    85.0727 %

[P]log_0 Load Factor:     25.969639 %

[P]log_1 Load Factor:     27.502992 %

[P]log_2 Load Factor:     26.080914 %

[P]log_3 Load Factor:     13.585536 %

[P]Get Hit Rate:         68.8057 %

[P]rx packet:       40521.378 / s

[P]Throughput:      1429703.087 ops

[P]Valid Entries:   665757.122 / s

[P]set success:     669290.963 / s

[P]get found:       492446.793 / s

----------------------------------

[INFO]Current Time:       65.46 s

[P]indexs Load Factor:    85.6615 %

[P]log_0 Load Factor:     26.151737 %

[P]log_1 Load Factor:     27.684938 %

[P]log_2 Load Factor:     26.263797 %

[P]log_3 Load Factor:     13.676829 %

[P]Get Hit Rate:         68.7493 %

[P]rx packet:       39321.330 / s

[P]Throughput:      1388673.249 ops

[P]Valid Entries:   640159.796 / s

[P]set success:     643342.819 / s

[P]get found:       477941.672 / s

----------------------------------

[INFO]Current Time:       66.54 s

[P]indexs Load Factor:    86.2027 %

[P]log_0 Load Factor:     26.317617 %

[P]log_1 Load Factor:     27.853477 %

[P]log_2 Load Factor:     26.428769 %

[P]log_3 Load Factor:     13.762313 %

[P]Get Hit Rate:         68.6784 %

[P]rx packet:       36869.563 / s

[P]Throughput:      1303924.130 ops

[P]Valid Entries:   594356.399 / s

[P]set success:     597092.652 / s

[P]get found:       448249.997 / s

----------------------------------

[INFO]Current Time:       67.61 s

[P]indexs Load Factor:    86.7273 %

[P]log_0 Load Factor:     26.480400 %

[P]log_1 Load Factor:     28.016135 %

[P]log_2 Load Factor:     26.591297 %

[P]log_3 Load Factor:     13.843024 %

[P]Get Hit Rate:         69.7897 %

[P]rx packet:       35701.026 / s

[P]Throughput:      1255043.370 ops

[P]Valid Entries:   569486.985 / s

[P]set success:     571928.528 / s

[P]get found:       435505.475 / s

----------------------------------

[INFO]Current Time:       68.68 s

[P]indexs Load Factor:    87.2241 %

[P]log_0 Load Factor:     26.634942 %

[P]log_1 Load Factor:     28.170619 %

[P]log_2 Load Factor:     26.745364 %

[P]log_3 Load Factor:     13.918363 %

[P]Get Hit Rate:         68.7218 %

[P]rx packet:       34604.799 / s

[P]Throughput:      1226089.699 ops

[P]Valid Entries:   538775.627 / s

[P]set success:     547617.580 / s

[P]get found:       421789.002 / s

----------------------------------

[INFO]Current Time:       69.75 s

[P]indexs Load Factor:    87.7299 %

[P]log_0 Load Factor:     26.782274 %

[P]log_1 Load Factor:     28.309739 %

[P]log_2 Load Factor:     26.890206 %

[P]log_3 Load Factor:     14.160411 %

[P]Get Hit Rate:         68.6576 %

[P]rx packet:       33861.232 / s

[P]Throughput:      1199922.826 ops

[P]Valid Entries:   528461.997 / s

[P]set success:     530475.499 / s

[P]get found:       412374.356 / s

----------------------------------

[INFO]Current Time:       70.81 s

[P]indexs Load Factor:    88.3222 %

[P]log_0 Load Factor:     26.936543 %

[P]log_1 Load Factor:     28.442460 %

[P]log_2 Load Factor:     27.035759 %

[P]log_3 Load Factor:     14.591914 %

[P]Get Hit Rate:         66.1050 %

[P]rx packet:       52252.367 / s

[P]Throughput:      1840267.655 ops

[P]Valid Entries:   859087.779 / s

[P]set success:     863798.949 / s

[P]get found:       609062.524 / s

----------------------------------

[INFO]Current Time:       71.87 s

[P]indexs Load Factor:    88.8724 %

[P]log_0 Load Factor:     27.072506 %

[P]log_1 Load Factor:     28.561424 %

[P]log_2 Load Factor:     27.165087 %

[P]log_3 Load Factor:     15.019569 %

[P]Get Hit Rate:         65.8576 %

[P]rx packet:       50898.466 / s

[P]Throughput:      1794601.079 ops

[P]Valid Entries:   832226.794 / s

[P]set success:     836493.227 / s

[P]get found:       591672.928 / s

----------------------------------

[INFO]Current Time:       72.92 s

[P]indexs Load Factor:    89.3935 %

[P]log_0 Load Factor:     27.203054 %

[P]log_1 Load Factor:     28.677823 %

[P]log_2 Load Factor:     27.290671 %

[P]log_3 Load Factor:     15.439161 %

[P]Get Hit Rate:         65.7588 %

[P]rx packet:       49360.201 / s

[P]Throughput:      1741240.315 ops

[P]Valid Entries:   802413.567 / s

[P]set success:     800575.425 / s

[P]get found:       573251.340 / s

----------------------------------

[INFO]Current Time:       73.97 s

[P]indexs Load Factor:    89.8773 %

[P]log_0 Load Factor:     27.322094 %

[P]log_1 Load Factor:     28.782751 %

[P]log_2 Load Factor:     27.405235 %

[P]log_3 Load Factor:     15.860149 %

[P]Get Hit Rate:         65.5604 %

[P]rx packet:       47852.405 / s

[P]Throughput:      1682701.454 ops

[P]Valid Entries:   772293.946 / s

[P]set success:     769856.049 / s

[P]get found:       554619.151 / s

----------------------------------

[INFO]Current Time:       75.02 s

[P]indexs Load Factor:    90.3442 %

[P]log_0 Load Factor:     27.438361 %

[P]log_1 Load Factor:     28.884454 %

[P]log_2 Load Factor:     27.515401 %

[P]log_3 Load Factor:     16.271702 %

[P]Get Hit Rate:         66.2915 %

[P]rx packet:       46302.118 / s

[P]Throughput:      1624408.808 ops

[P]Valid Entries:   745743.240 / s

[P]set success:     748994.868 / s

[P]get found:       534701.808 / s

----------------------------------

[INFO]Current Time:       76.07 s

[P]indexs Load Factor:    90.7881 %

[P]log_0 Load Factor:     27.547574 %

[P]log_1 Load Factor:     28.979481 %

[P]log_2 Load Factor:     27.619247 %

[P]log_3 Load Factor:     16.677095 %

[P]Get Hit Rate:         65.2085 %

[P]rx packet:       45774.469 / s

[P]Throughput:      1618917.570 ops

[P]Valid Entries:   730377.952 / s

[P]set success:     728073.334 / s

[P]get found:       528405.577 / s

----------------------------------

[INFO]Current Time:       77.11 s

[P]indexs Load Factor:    91.2100 %

[P]log_0 Load Factor:     27.652710 %

[P]log_1 Load Factor:     29.070875 %

[P]log_2 Load Factor:     27.718954 %

[P]log_3 Load Factor:     17.070055 %

[P]Get Hit Rate:         66.0083 %

[P]rx packet:       45081.598 / s

[P]Throughput:      1577723.983 ops

[P]Valid Entries:   713336.833 / s

[P]set success:     716191.962 / s

[P]get found:       519535.108 / s

----------------------------------

[INFO]Current Time:       78.15 s

[P]indexs Load Factor:    91.6141 %

[P]log_0 Load Factor:     27.752672 %

[P]log_1 Load Factor:     29.158367 %

[P]log_2 Load Factor:     27.814472 %

[P]log_3 Load Factor:     17.458952 %

[P]Get Hit Rate:         65.0254 %

[P]rx packet:       44106.512 / s

[P]Throughput:      1555762.922 ops

[P]Valid Entries:   691055.536 / s

[P]set success:     684339.204 / s

[P]get found:       504554.508 / s

----------------------------------

[INFO]Current Time:       79.19 s

[P]indexs Load Factor:    91.9979 %

[P]log_0 Load Factor:     27.848027 %

[P]log_1 Load Factor:     29.240170 %

[P]log_2 Load Factor:     27.904795 %

[P]log_3 Load Factor:     17.847068 %

[P]Get Hit Rate:         64.7047 %

[P]rx packet:       43654.638 / s

[P]Throughput:      1547062.047 ops

[P]Valid Entries:   680231.804 / s

[P]set success:     682706.183 / s

[P]get found:       501180.751 / s

----------------------------------

[INFO]Current Time:       80.23 s

[P]indexs Load Factor:    92.3602 %

[P]log_0 Load Factor:     27.937423 %

[P]log_1 Load Factor:     29.317309 %

[P]log_2 Load Factor:     27.989665 %

[P]log_3 Load Factor:     18.220776 %

[P]Get Hit Rate:         64.0631 %

[P]rx packet:       41771.537 / s

[P]Throughput:      1481292.929 ops

[P]Valid Entries:   644001.702 / s

[P]set success:     646149.235 / s

[P]get found:       475070.532 / s

----------------------------------

[INFO]Current Time:       81.26 s

[P]indexs Load Factor:    92.7027 %

[P]log_0 Load Factor:     28.021988 %

[P]log_1 Load Factor:     29.389605 %

[P]log_2 Load Factor:     28.069924 %

[P]log_3 Load Factor:     18.585620 %

[P]Get Hit Rate:         64.5018 %

[P]rx packet:       41400.743 / s

[P]Throughput:      1469150.553 ops

[P]Valid Entries:   634626.202 / s

[P]set success:     636660.360 / s

[P]get found:       474417.751 / s

----------------------------------

[INFO]Current Time:       82.30 s

[P]indexs Load Factor:    93.0190 %

[P]log_0 Load Factor:     28.098853 %

[P]log_1 Load Factor:     29.454625 %

[P]log_2 Load Factor:     28.143235 %

[P]log_3 Load Factor:     18.946792 %

[P]Get Hit Rate:         63.4278 %

[P]rx packet:       39309.270 / s

[P]Throughput:      1395973.860 ops

[P]Valid Entries:   598056.789 / s

[P]set success:     599847.631 / s

[P]get found:       443292.543 / s

----------------------------------

[INFO]Current Time:       83.33 s

[P]indexs Load Factor:    93.3161 %

[P]log_0 Load Factor:     28.169744 %

[P]log_1 Load Factor:     29.516134 %

[P]log_2 Load Factor:     28.210280 %

[P]log_3 Load Factor:     19.293617 %

[P]Get Hit Rate:         62.4715 %

[P]rx packet:       38175.302 / s

[P]Throughput:      1356396.891 ops

[P]Valid Entries:   574734.194 / s

[P]set success:     576404.922 / s

[P]get found:       424235.708 / s

----------------------------------

[INFO]Current Time:       84.35 s

[P]indexs Load Factor:    93.5955 %

[P]log_0 Load Factor:     28.240145 %

[P]log_1 Load Factor:     29.573732 %

[P]log_2 Load Factor:     28.276538 %

[P]log_3 Load Factor:     19.627993 %

[P]Get Hit Rate:         62.9690 %

[P]rx packet:       37077.190 / s

[P]Throughput:      1317831.705 ops

[P]Valid Entries:   553671.293 / s

[P]set success:     555090.371 / s

[P]get found:       415463.604 / s

----------------------------------

[INFO]Current Time:       85.38 s

[P]indexs Load Factor:    93.8612 %

[P]log_0 Load Factor:     28.306966 %

[P]log_1 Load Factor:     29.629591 %

[P]log_2 Load Factor:     28.337541 %

[P]log_3 Load Factor:     19.946167 %

[P]Get Hit Rate:         62.8147 %

[P]rx packet:       36853.900 / s

[P]Throughput:      1310500.924 ops

[P]Valid Entries:   540686.841 / s

[P]set success:     535819.088 / s

[P]get found:       412206.588 / s

----------------------------------

[INFO]Current Time:       86.40 s

[P]indexs Load Factor:    94.0804 %

[P]log_0 Load Factor:     28.369101 %

[P]log_1 Load Factor:     29.649650 %

[P]log_2 Load Factor:     28.396356 %

[P]log_3 Load Factor:     20.233794 %

[P]Get Hit Rate:         62.3506 %

[P]rx packet:       28565.416 / s

[P]Throughput:      1174453.134 ops

[P]Valid Entries:   482861.856 / s

[P]set success:     484529.217 / s

[P]get found:       366656.734 / s

----------------------------------
[INFO]End rx_queue_1:1807209

[INFO]Current Time:       87.42 s

[P]indexs Load Factor:    94.2719 %

[P]log_0 Load Factor:     28.430352 %

[P]log_1 Load Factor:     29.649650 %

[P]log_2 Load Factor:     28.454285 %

[P]log_3 Load Factor:     20.526325 %

[P]Get Hit Rate:         62.8933 %

[P]rx packet:       13990.489 / s

[P]Throughput:      1000047.072 ops

[P]Valid Entries:   419672.541 / s

[P]set success:     422019.478 / s

[P]get found:       314812.957 / s

----------------------------------

[INFO]Current Time:       88.44 s

[P]indexs Load Factor:    94.4535 %

[P]log_0 Load Factor:     28.487042 %

[P]log_1 Load Factor:     29.649650 %

[P]log_2 Load Factor:     28.507868 %

[P]log_3 Load Factor:     20.807767 %

[P]Get Hit Rate:         62.5179 %

[P]rx packet:       28190.520 / s

[P]Throughput:      1007648.732 ops

[P]Valid Entries:   421747.961 / s

[P]set success:     422344.201 / s

[P]get found:       315262.140 / s

----------------------------------

[INFO]Current Time:       89.45 s

[P]indexs Load Factor:    94.6256 %

[P]log_0 Load Factor:     28.539072 %

[P]log_1 Load Factor:     29.649650 %

[P]log_2 Load Factor:     28.560454 %

[P]log_3 Load Factor:     21.072861 %

[P]Get Hit Rate:         62.3732 %

[P]rx packet:       27006.586 / s

[P]Throughput:      966037.538 ops

[P]Valid Entries:   398226.320 / s

[P]set success:     398723.386 / s

[P]get found:       301441.913 / s

----------------------------------

[INFO]Current Time:       90.47 s

[P]indexs Load Factor:    94.7920 %

[P]log_0 Load Factor:     28.592733 %

[P]log_1 Load Factor:     29.649650 %

[P]log_2 Load Factor:     28.610867 %

[P]log_3 Load Factor:     21.324527 %

[P]Get Hit Rate:         62.4484 %

[P]rx packet:       26501.812 / s

[P]Throughput:      945079.171 ops

[P]Valid Entries:   384879.481 / s

[P]set success:     385392.998 / s

[P]get found:       296216.491 / s

----------------------------------

[INFO]Current Time:       91.48 s

[P]indexs Load Factor:    94.9063 %

[P]log_0 Load Factor:     28.644131 %

[P]log_1 Load Factor:     29.649650 %

[P]log_2 Load Factor:     28.659054 %

[P]log_3 Load Factor:     21.396331 %

[P]Get Hit Rate:         62.0817 %

[P]rx packet:       19885.563 / s

[P]Throughput:      753989.065 ops

[P]Valid Entries:   288037.925 / s

[P]set success:     288397.452 / s

[P]get found:       234224.529 / s

----------------------------------
[INFO]End rx_queue_3:1286114

[INFO]Current Time:       92.49 s

[P]indexs Load Factor:    94.9723 %

[P]log_0 Load Factor:     28.672954 %

[P]log_1 Load Factor:     29.649650 %

[P]log_2 Load Factor:     28.698795 %

[P]log_3 Load Factor:     21.396331 %

[P]Get Hit Rate:         61.2315 %

[P]rx packet:       7672.913 / s

[P]Throughput:      369600.581 ops

[P]Valid Entries:   102381.016 / s

[P]set success:     102490.812 / s

[P]get found:       113194.512 / s

----------------------------------
[INFO]End rx_queue_0:1761853

[INFO]Current Time:       93.50 s
[INFO]End rx_queue_2:1764773
Finish the job......

[P]indexs Load Factor:    94.9728 %

[P]log_0 Load Factor:     28.672954 %

[P]log_1 Load Factor:     29.649650 %

[P]log_2 Load Factor:     28.698795 %

[P]log_3 Load Factor:     21.396331 %

[P]Get Hit Rate:         59.8532 %

[P]rx packet:       364.091 / s

[P]Throughput:      48247.021 ops

[P]Valid Entries:   12864.883 / s

[P]set success:     12864.883 / s

[P]get found:       14438.983 / s

----------------------------------

Total Index Entries:     107362127

indexs Load Factor:     94.972831 %

log_0 Load Factor:      28.672954 %

log_1 Load Factor:      29.649650 %

log_2 Load Factor:      28.698795 %

log_3 Load Factor:      21.396331 %

Get Hit Rate:           66.693858%

Max Throughput:         4585921.25

Calc Load Factor:       94.972831%

valid count:              30787350

set request:              31713336
set_success:              30787350 | set_fail:                   925986 | set_mica_evicted:                0
set_random:                      0 | set_cuckoo_evicted:        2822552 | set_expire_evicted:         196877

get request:              31713336
get_found:                20386426 | get_notfound:             11326910 | get_hit_ratio:          64.283448%

clean up:                        0 | test_notfound:                   0
move_to_head_performed:    2892096 | move_to_head_skipped:     17494330 | move_to_head_failed:             0


valid count:              31836069

set request:              32529744
set_success:              31836069 | set_fail:                   693675 | set_mica_evicted:                0
set_random:                      0 | set_cuckoo_evicted:        2810051 | set_expire_evicted:              0

get request:              32529744
get_found:                22858396 | get_notfound:              9671348 | get_hit_ratio:          70.269216%

clean up:                        0 | test_notfound:                   0
move_to_head_performed:    2406774 | move_to_head_skipped:     20451622 | move_to_head_failed:             0


valid count:              30815096

set request:              31765896
set_success:              30815096 | set_fail:                   950800 | set_mica_evicted:                0
set_random:                      0 | set_cuckoo_evicted:        2875921 | set_expire_evicted:         109771

get request:              31765896
get_found:                19325221 | get_notfound:             12440675 | get_hit_ratio:          60.836379%

clean up:                        0 | test_notfound:                   0
move_to_head_performed:    3134276 | move_to_head_skipped:     16190945 | move_to_head_failed:             0


valid count:              22974136

set request:              23150034
set_success:              22974136 | set_fail:                   175898 | set_mica_evicted:                0
set_random:                      0 | set_cuckoo_evicted:        1127726 | set_expire_evicted:        4569423

get request:              23150034
get_found:                13907508 | get_notfound:              9242526 | get_hit_ratio:          60.075540%

clean up:                        0 | test_notfound:                   0
move_to_head_performed:    1447318 | move_to_head_skipped:     12460190 | move_to_head_failed:             0


[INFO] Everything works fine.
deleting piekv......
