[INFO] 单个Log Size为:4 GB
[INFO] 运行proto
EAL: Probing VFIO support...
EAL: VFIO support initialized
EAL: PCI device 0000:03:00.0 on NUMA socket 0
EAL:   probe driver: 15b3:1017 net_mlx5
WEN: There are 1 device(s) available
starting port 0...
querying port 0...
port 0: 100 Gbps (full-duplex)
Adding UDP filter for each endpoint.
port_id/queue_id/udp_port = 0 0 0
Flow is created with src_port = 0, dst_port = 0
port_id/queue_id/udp_port = 0 1 1
Flow is created with src_port = 0, dst_port = 1
port_id/queue_id/udp_port = 0 2 2
Flow is created with src_port = 0, dst_port = 2
port_id/queue_id/udp_port = 0 3 3
Flow is created with src_port = 0, dst_port = 3
MEM: Initializing pages...
 == [STAT] Workers Start (4 threads in total) == 

[INFO]Current Time:       9.00 s

[P]indexs Load Factor:    0.2579 %

[P]log_0 Load Factor:     0.214997 %

[P]log_1 Load Factor:     0.226964 %

[P]log_2 Load Factor:     0.215983 %

[P]log_3 Load Factor:     0.197917 %

[P]Get Hit Rate:         47.2138 %

[P]rx packet:       2701.082 / s

[P]Throughput:      139339.846 ops

[P]Valid Entries:   69116.709 / s

[P]set success:     69256.679 / s

[P]get found:       32881.218 / s

----------------------------------

[INFO]Current Time:       11.34 s

[P]indexs Load Factor:    2.5127 %

[P]log_0 Load Factor:     0.905101 %

[P]log_1 Load Factor:     0.999958 %

[P]log_2 Load Factor:     0.907578 %

[P]log_3 Load Factor:     0.559248 %

[P]Get Hit Rate:         59.7726 %

[P]rx packet:       37364.063 / s

[P]Throughput:      1918214.560 ops

[P]Valid Entries:   957871.146 / s

[P]set success:     997441.582 / s

[P]get found:       569920.987 / s

----------------------------------

[INFO]Current Time:       12.35 s

[P]indexs Load Factor:    4.8342 %

[P]log_0 Load Factor:     1.613353 %

[P]log_1 Load Factor:     1.791307 %

[P]log_2 Load Factor:     1.617739 %

[P]log_3 Load Factor:     0.939557 %

[P]Get Hit Rate:         61.4498 %

[P]rx packet:       84776.342 / s

[P]Throughput:      4683909.465 ops

[P]Valid Entries:   2375383.092 / s

[P]set success:     2454823.126 / s

[P]get found:       1432194.464 / s

----------------------------------

[INFO]Current Time:       13.40 s

[P]indexs Load Factor:    7.2376 %

[P]log_0 Load Factor:     2.345636 %

[P]log_1 Load Factor:     2.609280 %

[P]log_2 Load Factor:     2.352200 %

[P]log_3 Load Factor:     1.333263 %

[P]Get Hit Rate:         64.7280 %

[P]rx packet:       85291.750 / s

[P]Throughput:      4624504.375 ops

[P]Valid Entries:   2349372.432 / s

[P]set success:     2459964.730 / s

[P]get found:       1488733.562 / s

----------------------------------

[INFO]Current Time:       14.49 s

[P]indexs Load Factor:    9.6903 %

[P]log_0 Load Factor:     3.090966 %

[P]log_1 Load Factor:     3.440142 %

[P]log_2 Load Factor:     3.099650 %

[P]log_3 Load Factor:     1.734307 %

[P]Get Hit Rate:         64.9335 %

[P]rx packet:       86099.074 / s

[P]Throughput:      4630129.285 ops

[P]Valid Entries:   2350303.207 / s

[P]set success:     2435582.790 / s

[P]get found:       1515552.766 / s

----------------------------------

[INFO]Current Time:       15.59 s

[P]indexs Load Factor:    12.1766 %

[P]log_0 Load Factor:     3.848178 %

[P]log_1 Load Factor:     4.266528 %

[P]log_2 Load Factor:     3.857618 %

[P]log_3 Load Factor:     2.137777 %

[P]Get Hit Rate:         65.1115 %

[P]rx packet:       88378.341 / s

[P]Throughput:      4681561.458 ops

[P]Valid Entries:   2379269.676 / s

[P]set success:     2455033.004 / s

[P]get found:       1536813.113 / s

----------------------------------

[INFO]Current Time:       16.72 s

[P]indexs Load Factor:    14.7072 %

[P]log_0 Load Factor:     4.607610 %

[P]log_1 Load Factor:     5.117482 %

[P]log_2 Load Factor:     4.624735 %

[P]log_3 Load Factor:     2.542912 %

[P]Get Hit Rate:         65.8226 %

[P]rx packet:       90338.825 / s

[P]Throughput:      4666328.033 ops

[P]Valid Entries:   2327069.939 / s

[P]set success:     2428985.554 / s

[P]get found:       1538441.317 / s

----------------------------------

[INFO]Current Time:       17.85 s

[P]indexs Load Factor:    17.2684 %

[P]log_0 Load Factor:     5.368819 %

[P]log_1 Load Factor:     5.966397 %

[P]log_2 Load Factor:     5.390291 %

[P]log_3 Load Factor:     2.956902 %

[P]Get Hit Rate:         67.4689 %

[P]rx packet:       87808.768 / s

[P]Throughput:      4649686.937 ops

[P]Valid Entries:   2365049.565 / s

[P]set success:     2409978.117 / s

[P]get found:       1581923.967 / s

----------------------------------

[INFO]Current Time:       18.99 s

[P]indexs Load Factor:    19.8519 %

[P]log_0 Load Factor:     6.147211 %

[P]log_1 Load Factor:     6.834506 %

[P]log_2 Load Factor:     6.172780 %

[P]log_3 Load Factor:     3.367160 %

[P]Get Hit Rate:         68.9232 %

[P]rx packet:       89823.107 / s

[P]Throughput:      4495838.643 ops

[P]Valid Entries:   2349658.649 / s

[P]set success:     2422369.180 / s

[P]get found:       1584435.071 / s

----------------------------------

[INFO]Current Time:       20.15 s

[P]indexs Load Factor:    22.4543 %

[P]log_0 Load Factor:     6.938160 %

[P]log_1 Load Factor:     7.722166 %

[P]log_2 Load Factor:     6.966752 %

[P]log_3 Load Factor:     3.785165 %

[P]Get Hit Rate:         67.8777 %

[P]rx packet:       89829.001 / s

[P]Throughput:      4666926.381 ops

[P]Valid Entries:   2346938.622 / s

[P]set success:     2419748.665 / s

[P]get found:       1596640.561 / s

----------------------------------

[INFO]Current Time:       21.32 s

[P]indexs Load Factor:    25.0795 %

[P]log_0 Load Factor:     7.725344 %

[P]log_1 Load Factor:     8.602262 %

[P]log_2 Load Factor:     7.756843 %

[P]log_3 Load Factor:     4.199247 %

[P]Get Hit Rate:         69.2271 %

[P]rx packet:       89519.983 / s

[P]Throughput:      4658290.524 ops

[P]Valid Entries:   2357188.012 / s

[P]set success:     2430474.050 / s

[P]get found:       1615433.614 / s

----------------------------------

[INFO]Current Time:       22.49 s

[P]indexs Load Factor:    27.7084 %

[P]log_0 Load Factor:     8.514303 %

[P]log_1 Load Factor:     9.476220 %

[P]log_2 Load Factor:     8.552522 %

[P]log_3 Load Factor:     4.618872 %

[P]Get Hit Rate:         69.5984 %

[P]rx packet:       89432.309 / s

[P]Throughput:      4683221.601 ops

[P]Valid Entries:   2383644.311 / s

[P]set success:     2371378.962 / s

[P]get found:       1623669.757 / s

----------------------------------

[INFO]Current Time:       23.66 s

[P]indexs Load Factor:    30.3588 %

[P]log_0 Load Factor:     9.308168 %

[P]log_1 Load Factor:     10.370446 %

[P]log_2 Load Factor:     9.349450 %

[P]log_3 Load Factor:     5.036654 %

[P]Get Hit Rate:         68.4621 %

[P]rx packet:       91333.801 / s

[P]Throughput:      4716545.208 ops

[P]Valid Entries:   2386622.783 / s

[P]set success:     2459362.371 / s

[P]get found:       1617348.669 / s

----------------------------------

[INFO]Current Time:       24.84 s

[P]indexs Load Factor:    33.0147 %

[P]log_0 Load Factor:     10.106110 %

[P]log_1 Load Factor:     11.262164 %

[P]log_2 Load Factor:     10.151756 %

[P]log_3 Load Factor:     5.454258 %

[P]Get Hit Rate:         69.6305 %

[P]rx packet:       90541.050 / s

[P]Throughput:      4712162.747 ops

[P]Valid Entries:   2329275.063 / s

[P]set success:     2396647.013 / s

[P]get found:       1643587.270 / s

----------------------------------

[INFO]Current Time:       26.03 s

[P]indexs Load Factor:    35.6719 %

[P]log_0 Load Factor:     10.902334 %

[P]log_1 Load Factor:     12.145591 %

[P]log_2 Load Factor:     10.951646 %

[P]log_3 Load Factor:     5.869967 %

[P]Get Hit Rate:         73.6340 %

[P]rx packet:       92318.817 / s

[P]Throughput:      4553340.215 ops

[P]Valid Entries:   2379724.928 / s

[P]set success:     2420136.015 / s

[P]get found:       1648132.554 / s

----------------------------------

[INFO]Current Time:       27.21 s

[P]indexs Load Factor:    38.3346 %

[P]log_0 Load Factor:     11.699844 %

[P]log_1 Load Factor:     13.024522 %

[P]log_2 Load Factor:     11.751993 %

[P]log_3 Load Factor:     6.287468 %

[P]Get Hit Rate:         70.3707 %

[P]rx packet:       92572.238 / s

[P]Throughput:      4733608.154 ops

[P]Valid Entries:   2367596.802 / s

[P]set success:     2404408.572 / s

[P]get found:       1668198.449 / s

----------------------------------

[INFO]Current Time:       28.40 s

[P]indexs Load Factor:    40.9996 %

[P]log_0 Load Factor:     12.503001 %

[P]log_1 Load Factor:     13.911841 %

[P]log_2 Load Factor:     12.555566 %

[P]log_3 Load Factor:     6.697998 %

[P]Get Hit Rate:         70.5877 %

[P]rx packet:       94666.647 / s

[P]Throughput:      4626548.874 ops

[P]Valid Entries:   2281937.787 / s

[P]set success:     2437507.688 / s

[P]get found:       1635755.390 / s

----------------------------------

[INFO]Current Time:       29.59 s

[P]indexs Load Factor:    43.6571 %

[P]log_0 Load Factor:     13.301008 %

[P]log_1 Load Factor:     14.788823 %

[P]log_2 Load Factor:     13.358308 %

[P]log_3 Load Factor:     7.102491 %

[P]Get Hit Rate:         70.8795 %

[P]rx packet:       94534.618 / s

[P]Throughput:      4627267.115 ops

[P]Valid Entries:   2384172.195 / s

[P]set success:     2393106.076 / s

[P]get found:       1672760.650 / s

----------------------------------

[INFO]Current Time:       30.77 s

[P]indexs Load Factor:    46.2383 %

[P]log_0 Load Factor:     14.085297 %

[P]log_1 Load Factor:     15.600908 %

[P]log_2 Load Factor:     14.143819 %

[P]log_3 Load Factor:     7.505298 %

[P]Get Hit Rate:         69.2408 %

[P]rx packet:       95036.713 / s

[P]Throughput:      4608680.169 ops

[P]Valid Entries:   2345098.134 / s

[P]set success:     2375335.098 / s

[P]get found:       1607804.463 / s

----------------------------------

[INFO]Current Time:       31.96 s

[P]indexs Load Factor:    48.8416 %

[P]log_0 Load Factor:     14.884610 %

[P]log_1 Load Factor:     16.446992 %

[P]log_2 Load Factor:     14.946667 %

[P]log_3 Load Factor:     7.900736 %

[P]Get Hit Rate:         69.3535 %

[P]rx packet:       96371.695 / s

[P]Throughput:      4580580.055 ops

[P]Valid Entries:   2315645.580 / s

[P]set success:     2373722.684 / s

[P]get found:       1590065.016 / s

----------------------------------

[INFO]Current Time:       33.14 s

[P]indexs Load Factor:    51.4035 %

[P]log_0 Load Factor:     15.666116 %

[P]log_1 Load Factor:     17.255679 %

[P]log_2 Load Factor:     15.739163 %

[P]log_3 Load Factor:     8.291737 %

[P]Get Hit Rate:         72.2272 %

[P]rx packet:       95956.926 / s

[P]Throughput:      4531721.304 ops

[P]Valid Entries:   2318119.374 / s

[P]set success:     2315558.066 / s

[P]get found:       1638676.947 / s

----------------------------------

[INFO]Current Time:       34.32 s

[P]indexs Load Factor:    53.9166 %

[P]log_0 Load Factor:     16.431743 %

[P]log_1 Load Factor:     18.045306 %

[P]log_2 Load Factor:     16.515967 %

[P]log_3 Load Factor:     8.666256 %

[P]Get Hit Rate:         73.2593 %

[P]rx packet:       97648.094 / s

[P]Throughput:      4554906.062 ops

[P]Valid Entries:   2327434.205 / s

[P]set success:     2354224.931 / s

[P]get found:       1649143.411 / s

----------------------------------

[INFO]Current Time:       35.49 s

[P]indexs Load Factor:    56.3775 %

[P]log_0 Load Factor:     17.185111 %

[P]log_1 Load Factor:     18.816258 %

[P]log_2 Load Factor:     17.276482 %

[P]log_3 Load Factor:     9.028558 %

[P]Get Hit Rate:         71.4559 %

[P]rx packet:       93673.811 / s

[P]Throughput:      4414817.112 ops

[P]Valid Entries:   2239347.147 / s

[P]set success:     2259901.981 / s

[P]get found:       1589051.837 / s

----------------------------------

[INFO]Current Time:       36.67 s

[P]indexs Load Factor:    58.7376 %

[P]log_0 Load Factor:     17.896948 %

[P]log_1 Load Factor:     19.553784 %

[P]log_2 Load Factor:     18.005373 %

[P]log_3 Load Factor:     9.376504 %

[P]Get Hit Rate:         72.4283 %

[P]rx packet:       91355.025 / s

[P]Throughput:      4271750.322 ops

[P]Valid Entries:   2191381.780 / s

[P]set success:     2236854.014 / s

[P]get found:       1558449.340 / s

----------------------------------

[INFO]Current Time:       37.83 s

[P]indexs Load Factor:    60.9699 %

[P]log_0 Load Factor:     18.575788 %

[P]log_1 Load Factor:     20.253254 %

[P]log_2 Load Factor:     18.697875 %

[P]log_3 Load Factor:     9.709738 %

[P]Get Hit Rate:         72.3854 %

[P]rx packet:       87251.456 / s

[P]Throughput:      4156240.892 ops

[P]Valid Entries:   2103268.733 / s

[P]set success:     2143783.864 / s

[P]get found:       1496458.255 / s

----------------------------------

[INFO]Current Time:       38.99 s

[P]indexs Load Factor:    63.0973 %

[P]log_0 Load Factor:     19.223888 %

[P]log_1 Load Factor:     20.914258 %

[P]log_2 Load Factor:     19.353850 %

[P]log_3 Load Factor:     10.024252 %

[P]Get Hit Rate:         72.4146 %

[P]rx packet:       83918.961 / s

[P]Throughput:      3966315.239 ops

[P]Valid Entries:   2004573.179 / s

[P]set success:     1989344.529 / s

[P]get found:       1428020.405 / s

----------------------------------

[INFO]Current Time:       40.14 s

[P]indexs Load Factor:    65.1075 %

[P]log_0 Load Factor:     19.838187 %

[P]log_1 Load Factor:     21.534712 %

[P]log_2 Load Factor:     19.973978 %

[P]log_3 Load Factor:     10.323738 %

[P]Get Hit Rate:         70.4866 %

[P]rx packet:       79666.050 / s

[P]Throughput:      3859002.128 ops

[P]Valid Entries:   1934933.631 / s

[P]set success:     1943225.946 / s

[P]get found:       1361328.329 / s

----------------------------------

[INFO]Current Time:       41.28 s

[P]indexs Load Factor:    66.9248 %

[P]log_0 Load Factor:     20.386417 %

[P]log_1 Load Factor:     22.093525 %

[P]log_2 Load Factor:     20.532697 %

[P]log_3 Load Factor:     10.604997 %

[P]Get Hit Rate:         71.2999 %

[P]rx packet:       72513.720 / s

[P]Throughput:      3533346.879 ops

[P]Valid Entries:   1746418.367 / s

[P]set success:     1797945.134 / s

[P]get found:       1260887.888 / s

----------------------------------

[INFO]Current Time:       42.43 s

[P]indexs Load Factor:    68.7107 %

[P]log_0 Load Factor:     20.933303 %

[P]log_1 Load Factor:     22.644583 %

[P]log_2 Load Factor:     21.082285 %

[P]log_3 Load Factor:     10.873046 %

[P]Get Hit Rate:         71.3539 %

[P]rx packet:       71337.157 / s

[P]Throughput:      3470612.145 ops

[P]Valid Entries:   1748064.583 / s

[P]set success:     1751475.828 / s

[P]get found:       1247008.477 / s

----------------------------------

[INFO]Current Time:       43.57 s

[P]indexs Load Factor:    70.3761 %

[P]log_0 Load Factor:     21.443019 %

[P]log_1 Load Factor:     23.159350 %

[P]log_2 Load Factor:     21.596071 %

[P]log_3 Load Factor:     11.120597 %

[P]Get Hit Rate:         72.2478 %

[P]rx packet:       67395.993 / s

[P]Throughput:      3270795.824 ops

[P]Valid Entries:   1655906.276 / s

[P]set success:     1657568.225 / s

[P]get found:       1182717.714 / s

----------------------------------

[INFO]Current Time:       44.70 s

[P]indexs Load Factor:    71.9137 %

[P]log_0 Load Factor:     21.911089 %

[P]log_1 Load Factor:     23.632897 %

[P]log_2 Load Factor:     22.069946 %

[P]log_3 Load Factor:     11.353555 %

[P]Get Hit Rate:         73.0451 %

[P]rx packet:       63172.712 / s

[P]Throughput:      3061529.881 ops

[P]Valid Entries:   1557025.227 / s

[P]set success:     1576246.943 / s

[P]get found:       1112050.100 / s

----------------------------------

[INFO]Current Time:       45.82 s

[P]indexs Load Factor:    73.3717 %

[P]log_0 Load Factor:     22.357285 %

[P]log_1 Load Factor:     24.081779 %

[P]log_2 Load Factor:     22.519854 %

[P]log_3 Load Factor:     11.574111 %

[P]Get Hit Rate:         71.1684 %

[P]rx packet:       58717.487 / s

[P]Throughput:      2893356.801 ops

[P]Valid Entries:   1451067.790 / s

[P]set success:     1467477.813 / s

[P]get found:       1037120.900 / s

----------------------------------

[INFO]Current Time:       46.95 s

[P]indexs Load Factor:    74.7281 %

[P]log_0 Load Factor:     22.775252 %

[P]log_1 Load Factor:     24.500385 %

[P]log_2 Load Factor:     22.939406 %

[P]log_3 Load Factor:     11.778479 %

[P]Get Hit Rate:         70.2744 %

[P]rx packet:       55824.568 / s

[P]Throughput:      2760176.795 ops

[P]Valid Entries:   1381792.340 / s

[P]set success:     1396299.862 / s

[P]get found:       976874.798 / s

----------------------------------

[INFO]Current Time:       48.06 s

[P]indexs Load Factor:    75.9900 %

[P]log_0 Load Factor:     23.163920 %

[P]log_1 Load Factor:     24.887970 %

[P]log_2 Load Factor:     23.325869 %

[P]log_3 Load Factor:     11.970093 %

[P]Get Hit Rate:         71.2177 %

[P]rx packet:       52333.302 / s

[P]Throughput:      2612860.842 ops

[P]Valid Entries:   1297270.929 / s

[P]set success:     1293146.895 / s

[P]get found:       931120.549 / s

----------------------------------

[INFO]Current Time:       49.17 s

[P]indexs Load Factor:    77.1676 %

[P]log_0 Load Factor:     23.526683 %

[P]log_1 Load Factor:     25.249396 %

[P]log_2 Load Factor:     23.690232 %

[P]log_3 Load Factor:     12.145311 %

[P]Get Hit Rate:         72.1370 %

[P]rx packet:       49150.082 / s

[P]Throughput:      2445181.475 ops

[P]Valid Entries:   1203197.045 / s

[P]set success:     1229199.716 / s

[P]get found:       876765.306 / s

----------------------------------

[INFO]Current Time:       50.28 s

[P]indexs Load Factor:    78.2672 %

[P]log_0 Load Factor:     23.865277 %

[P]log_1 Load Factor:     25.587890 %

[P]log_2 Load Factor:     24.029019 %

[P]log_3 Load Factor:     12.314648 %

[P]Get Hit Rate:         72.0912 %

[P]rx packet:       46024.964 / s

[P]Throughput:      2296338.035 ops

[P]Valid Entries:   1140569.639 / s

[P]set success:     1149938.723 / s

[P]get found:       823227.587 / s

----------------------------------

[INFO]Current Time:       51.39 s

[P]indexs Load Factor:    79.2900 %

[P]log_0 Load Factor:     24.172762 %

[P]log_1 Load Factor:     25.903937 %

[P]log_2 Load Factor:     24.346745 %

[P]log_3 Load Factor:     12.470494 %

[P]Get Hit Rate:         71.1291 %

[P]rx packet:       43471.445 / s

[P]Throughput:      2188890.015 ops

[P]Valid Entries:   1075669.087 / s

[P]set success:     1083860.305 / s

[P]get found:       779099.886 / s

----------------------------------

[INFO]Current Time:       52.49 s

[P]indexs Load Factor:    80.2351 %

[P]log_0 Load Factor:     24.457348 %

[P]log_1 Load Factor:     26.199072 %

[P]log_2 Load Factor:     24.644160 %

[P]log_3 Load Factor:     12.616568 %

[P]Get Hit Rate:         71.0546 %

[P]rx packet:       40189.043 / s

[P]Throughput:      2028917.192 ops

[P]Valid Entries:   993179.132 / s

[P]set success:     1000069.876 / s

[P]get found:       721453.457 / s

----------------------------------

[INFO]Current Time:       53.58 s

[P]indexs Load Factor:    81.1336 %

[P]log_0 Load Factor:     24.733374 %

[P]log_1 Load Factor:     26.477048 %

[P]log_2 Load Factor:     24.922236 %

[P]log_3 Load Factor:     12.754546 %

[P]Get Hit Rate:         71.0999 %

[P]rx packet:       38605.538 / s

[P]Throughput:      1952015.333 ops

[P]Valid Entries:   950012.699 / s

[P]set success:     956471.013 / s

[P]get found:       694499.515 / s

----------------------------------

[INFO]Current Time:       54.68 s

[P]indexs Load Factor:    81.9686 %

[P]log_0 Load Factor:     24.990590 %

[P]log_1 Load Factor:     26.735149 %

[P]log_2 Load Factor:     25.180470 %

[P]log_3 Load Factor:     12.880341 %

[P]Get Hit Rate:         72.0259 %

[P]rx packet:       36425.940 / s

[P]Throughput:      1833404.593 ops

[P]Valid Entries:   892742.404 / s

[P]set success:     898246.846 / s

[P]get found:       656501.678 / s

----------------------------------

[INFO]Current Time:       55.77 s

[P]indexs Load Factor:    82.7534 %

[P]log_0 Load Factor:     25.233038 %

[P]log_1 Load Factor:     26.978345 %

[P]log_2 Load Factor:     25.423071 %

[P]log_3 Load Factor:     12.999670 %

[P]Get Hit Rate:         71.1393 %

[P]rx packet:       34362.071 / s

[P]Throughput:      1743050.053 ops

[P]Valid Entries:   837717.109 / s

[P]set success:     842557.354 / s

[P]get found:       620424.955 / s

----------------------------------

[INFO]Current Time:       56.85 s

[P]indexs Load Factor:    83.4918 %

[P]log_0 Load Factor:     25.460588 %

[P]log_1 Load Factor:     27.206582 %

[P]log_2 Load Factor:     25.651550 %

[P]log_3 Load Factor:     13.114242 %

[P]Get Hit Rate:         71.1161 %

[P]rx packet:       32814.817 / s

[P]Throughput:      1667098.043 ops

[P]Valid Entries:   794810.740 / s

[P]set success:     799144.668 / s

[P]get found:       593184.541 / s

----------------------------------

[INFO]Current Time:       57.93 s

[P]indexs Load Factor:    84.1420 %

[P]log_0 Load Factor:     25.659719 %

[P]log_1 Load Factor:     27.408659 %

[P]log_2 Load Factor:     25.854190 %

[P]log_3 Load Factor:     13.211336 %

[P]Get Hit Rate:         72.0810 %

[P]rx packet:       29383.602 / s

[P]Throughput:      1486150.793 ops

[P]Valid Entries:   707590.696 / s

[P]set success:     710765.078 / s

[P]get found:       532437.777 / s

----------------------------------

[INFO]Current Time:       59.06 s

[P]indexs Load Factor:    84.7883 %

[P]log_0 Load Factor:     25.859109 %

[P]log_1 Load Factor:     27.608369 %

[P]log_2 Load Factor:     26.054647 %

[P]log_3 Load Factor:     13.310333 %

[P]Get Hit Rate:         71.0545 %

[P]rx packet:       27983.868 / s

[P]Throughput:      1426540.303 ops

[P]Valid Entries:   668086.460 / s

[P]set success:     670937.720 / s

[P]get found:       507159.702 / s

----------------------------------

[INFO]Current Time:       60.15 s

[P]indexs Load Factor:    85.4009 %

[P]log_0 Load Factor:     26.048766 %

[P]log_1 Load Factor:     27.797331 %

[P]log_2 Load Factor:     26.244869 %

[P]log_3 Load Factor:     13.405154 %

[P]Get Hit Rate:         71.1220 %

[P]rx packet:       27932.468 / s

[P]Throughput:      1424566.000 ops

[P]Valid Entries:   660490.013 / s

[P]set success:     663415.472 / s

[P]get found:       507009.880 / s

----------------------------------

[INFO]Current Time:       61.22 s

[P]indexs Load Factor:    85.9731 %

[P]log_0 Load Factor:     26.225558 %

[P]log_1 Load Factor:     27.975249 %

[P]log_2 Load Factor:     26.422138 %

[P]log_3 Load Factor:     13.492474 %

[P]Get Hit Rate:         71.1122 %

[P]rx packet:       26723.547 / s

[P]Throughput:      1355893.769 ops

[P]Valid Entries:   626026.412 / s

[P]set success:     628576.823 / s

[P]get found:       485574.432 / s

----------------------------------

[INFO]Current Time:       62.29 s

[P]indexs Load Factor:    86.5197 %

[P]log_0 Load Factor:     26.394202 %

[P]log_1 Load Factor:     28.144503 %

[P]log_2 Load Factor:     26.591646 %

[P]log_3 Load Factor:     13.577379 %

[P]Get Hit Rate:         71.0653 %

[P]rx packet:       25835.217 / s

[P]Throughput:      1320220.378 ops

[P]Valid Entries:   598577.936 / s

[P]set success:     600775.483 / s

[P]get found:       469507.612 / s

----------------------------------

[INFO]Current Time:       63.36 s

[P]indexs Load Factor:    87.0346 %

[P]log_0 Load Factor:     26.553772 %

[P]log_1 Load Factor:     28.304698 %

[P]log_2 Load Factor:     26.750504 %

[P]log_3 Load Factor:     13.656183 %

[P]Get Hit Rate:         71.1055 %

[P]rx packet:       24710.979 / s

[P]Throughput:      1263300.134 ops

[P]Valid Entries:   565538.838 / s

[P]set success:     567687.008 / s

[P]get found:       449454.333 / s

----------------------------------

[INFO]Current Time:       64.43 s

[P]indexs Load Factor:    87.6353 %

[P]log_0 Load Factor:     26.723711 %

[P]log_1 Load Factor:     28.451708 %

[P]log_2 Load Factor:     26.910678 %

[P]log_3 Load Factor:     14.049913 %

[P]Get Hit Rate:         69.6965 %

[P]rx packet:       30006.052 / s

[P]Throughput:      1521035.141 ops

[P]Valid Entries:   699262.714 / s

[P]set success:     694789.558 / s

[P]get found:       533441.866 / s

----------------------------------

[INFO]Current Time:       65.49 s

[P]indexs Load Factor:    88.2363 %

[P]log_0 Load Factor:     26.881114 %

[P]log_1 Load Factor:     28.581639 %

[P]log_2 Load Factor:     27.057151 %

[P]log_3 Load Factor:     14.495965 %

[P]Get Hit Rate:         68.6563 %

[P]rx packet:       37446.710 / s

[P]Throughput:      1888490.095 ops

[P]Valid Entries:   892369.325 / s

[P]set success:     889710.047 / s

[P]get found:       649260.764 / s

----------------------------------

[INFO]Current Time:       66.55 s

[P]indexs Load Factor:    88.8219 %

[P]log_0 Load Factor:     27.030606 %

[P]log_1 Load Factor:     28.710568 %

[P]log_2 Load Factor:     27.199785 %

[P]log_3 Load Factor:     14.949188 %

[P]Get Hit Rate:         68.0180 %

[P]rx packet:       37157.832 / s

[P]Throughput:      1866645.821 ops

[P]Valid Entries:   879158.791 / s

[P]set success:     883475.496 / s

[P]get found:       643253.191 / s

----------------------------------

[INFO]Current Time:       67.60 s

[P]indexs Load Factor:    89.3429 %

[P]log_0 Load Factor:     27.158544 %

[P]log_1 Load Factor:     28.817005 %

[P]log_2 Load Factor:     27.320432 %

[P]log_3 Load Factor:     15.391120 %

[P]Get Hit Rate:         67.7123 %

[P]rx packet:       35281.984 / s

[P]Throughput:      1796474.157 ops

[P]Valid Entries:   832317.796 / s

[P]set success:     829716.734 / s

[P]get found:       608888.912 / s

----------------------------------

[INFO]Current Time:       68.66 s

[P]indexs Load Factor:    89.8525 %

[P]log_0 Load Factor:     27.290389 %

[P]log_1 Load Factor:     28.928938 %

[P]log_2 Load Factor:     27.442683 %

[P]log_3 Load Factor:     15.829239 %

[P]Get Hit Rate:         67.3890 %

[P]rx packet:       33654.508 / s

[P]Throughput:      1715473.079 ops

[P]Valid Entries:   790783.230 / s

[P]set success:     794144.887 / s

[P]get found:       578486.650 / s

----------------------------------

[INFO]Current Time:       69.71 s

[P]indexs Load Factor:    90.3444 %

[P]log_0 Load Factor:     27.413545 %

[P]log_1 Load Factor:     29.033576 %

[P]log_2 Load Factor:     27.556299 %

[P]log_3 Load Factor:     16.256590 %

[P]Get Hit Rate:         67.7906 %

[P]rx packet:       34324.420 / s

[P]Throughput:      1744170.415 ops

[P]Valid Entries:   798517.060 / s

[P]set success:     801752.559 / s

[P]get found:       589598.331 / s

----------------------------------

[INFO]Current Time:       70.76 s

[P]indexs Load Factor:    90.7874 %

[P]log_0 Load Factor:     27.526741 %

[P]log_1 Load Factor:     29.127376 %

[P]log_2 Load Factor:     27.659038 %

[P]log_3 Load Factor:     16.674371 %

[P]Get Hit Rate:         67.0108 %

[P]rx packet:       31839.081 / s

[P]Throughput:      1626792.828 ops

[P]Valid Entries:   738753.985 / s

[P]set success:     741390.683 / s

[P]get found:       545639.759 / s

----------------------------------

[INFO]Current Time:       71.80 s

[P]indexs Load Factor:    91.2263 %

[P]log_0 Load Factor:     27.637816 %

[P]log_1 Load Factor:     29.221440 %

[P]log_2 Load Factor:     27.762962 %

[P]log_3 Load Factor:     17.090465 %

[P]Get Hit Rate:         66.8330 %

[P]rx packet:       32436.656 / s

[P]Throughput:      1657346.319 ops

[P]Valid Entries:   744061.798 / s

[P]set success:     746733.221 / s

[P]get found:       554383.087 / s

----------------------------------

[INFO]Current Time:       72.84 s

[P]indexs Load Factor:    91.6385 %

[P]log_0 Load Factor:     27.741725 %

[P]log_1 Load Factor:     29.308656 %

[P]log_2 Load Factor:     27.858933 %

[P]log_3 Load Factor:     17.493740 %

[P]Get Hit Rate:         67.1742 %

[P]rx packet:       31547.356 / s

[P]Throughput:      1600251.415 ops

[P]Valid Entries:   718872.468 / s

[P]set success:     721405.502 / s

[P]get found:       537988.301 / s

----------------------------------

[INFO]Current Time:       73.88 s

[P]indexs Load Factor:    92.0293 %

[P]log_0 Load Factor:     27.839319 %

[P]log_1 Load Factor:     29.389801 %

[P]log_2 Load Factor:     27.948955 %

[P]log_3 Load Factor:     17.902776 %

[P]Get Hit Rate:         67.3769 %

[P]rx packet:       30838.673 / s

[P]Throughput:      1559253.085 ops

[P]Valid Entries:   697814.135 / s

[P]set success:     700102.493 / s

[P]get found:       519906.014 / s

----------------------------------

[INFO]Current Time:       74.92 s

[P]indexs Load Factor:    92.3907 %

[P]log_0 Load Factor:     27.929170 %

[P]log_1 Load Factor:     29.464397 %

[P]log_2 Load Factor:     28.031877 %

[P]log_3 Load Factor:     18.293403 %

[P]Get Hit Rate:         66.2773 %

[P]rx packet:       29931.449 / s

[P]Throughput:      1532385.020 ops

[P]Valid Entries:   669151.220 / s

[P]set success:     666989.826 / s

[P]get found:       508345.427 / s

----------------------------------

[INFO]Current Time:       75.95 s

[P]indexs Load Factor:    92.7277 %

[P]log_0 Load Factor:     28.012600 %

[P]log_1 Load Factor:     29.533403 %

[P]log_2 Load Factor:     28.109018 %

[P]log_3 Load Factor:     18.667190 %

[P]Get Hit Rate:         66.1899 %

[P]rx packet:       28291.414 / s

[P]Throughput:      1450423.048 ops

[P]Valid Entries:   631958.343 / s

[P]set success:     633640.923 / s

[P]get found:       480652.259 / s

----------------------------------

[INFO]Current Time:       76.98 s

[P]indexs Load Factor:    93.0509 %

[P]log_0 Load Factor:     28.092217 %

[P]log_1 Load Factor:     29.600740 %

[P]log_2 Load Factor:     28.184002 %

[P]log_3 Load Factor:     19.036594 %

[P]Get Hit Rate:         65.9379 %

[P]rx packet:       27906.484 / s

[P]Throughput:      1431086.197 ops

[P]Valid Entries:   612080.022 / s

[P]set success:     613732.890 / s

[P]get found:       472338.806 / s

----------------------------------

[INFO]Current Time:       78.01 s

[P]indexs Load Factor:    93.3619 %

[P]log_0 Load Factor:     28.170370 %

[P]log_1 Load Factor:     29.666196 %

[P]log_2 Load Factor:     28.256479 %

[P]log_3 Load Factor:     19.393911 %

[P]Get Hit Rate:         65.8415 %

[P]rx packet:       27776.642 / s

[P]Throughput:      1424183.732 ops

[P]Valid Entries:   604604.642 / s

[P]set success:     606225.982 / s

[P]get found:       469469.569 / s

----------------------------------

[INFO]Current Time:       79.04 s

[P]indexs Load Factor:    93.6518 %

[P]log_0 Load Factor:     28.244190 %

[P]log_1 Load Factor:     29.727790 %

[P]log_2 Load Factor:     28.324433 %

[P]log_3 Load Factor:     19.735926 %

[P]Get Hit Rate:         65.9055 %

[P]rx packet:       26635.509 / s

[P]Throughput:      1361608.466 ops

[P]Valid Entries:   572519.341 / s

[P]set success:     573885.390 / s

[P]get found:       450919.616 / s

----------------------------------

[INFO]Current Time:       80.06 s

[P]indexs Load Factor:    93.9170 %

[P]log_0 Load Factor:     28.310173 %

[P]log_1 Load Factor:     29.782341 %

[P]log_2 Load Factor:     28.385688 %

[P]log_3 Load Factor:     20.065123 %

[P]Get Hit Rate:         65.4640 %

[P]rx packet:       25419.935 / s

[P]Throughput:      1305107.550 ops

[P]Valid Entries:   543417.063 / s

[P]set success:     544648.005 / s

[P]get found:       427787.619 / s

----------------------------------

[INFO]Current Time:       81.08 s

[P]indexs Load Factor:    94.1676 %

[P]log_0 Load Factor:     28.373836 %

[P]log_1 Load Factor:     29.831779 %

[P]log_2 Load Factor:     28.444757 %

[P]log_3 Load Factor:     20.377547 %

[P]Get Hit Rate:         65.4493 %

[P]rx packet:       24727.925 / s

[P]Throughput:      1270152.461 ops

[P]Valid Entries:   520891.630 / s

[P]set success:     521952.628 / s

[P]get found:       416216.866 / s

----------------------------------

[INFO]Current Time:       82.10 s
[INFO]End rx_queue_1:1259189

[P]indexs Load Factor:    94.3546 %

[P]log_0 Load Factor:     28.433501 %

[P]log_1 Load Factor:     29.831779 %

[P]log_2 Load Factor:     28.501946 %

[P]log_3 Load Factor:     20.660358 %

[P]Get Hit Rate:         64.7250 %

[P]rx packet:       13160.420 / s

[P]Throughput:      1074117.425 ops

[P]Valid Entries:   445727.922 / s

[P]set success:     447919.693 / s

[P]get found:       349000.007 / s

----------------------------------

[INFO]Current Time:       83.12 s

[P]indexs Load Factor:    94.5389 %

[P]log_0 Load Factor:     28.493375 %

[P]log_1 Load Factor:     29.831779 %

[P]log_2 Load Factor:     28.556830 %

[P]log_3 Load Factor:     20.947002 %

[P]Get Hit Rate:         63.9531 %

[P]rx packet:       17336.788 / s

[P]Throughput:      1018605.404 ops

[P]Valid Entries:   424777.377 / s

[P]set success:     421921.512 / s

[P]get found:       325897.005 / s

----------------------------------

[INFO]Current Time:       84.14 s

[P]indexs Load Factor:    94.7147 %

[P]log_0 Load Factor:     28.550647 %

[P]log_1 Load Factor:     29.831779 %

[P]log_2 Load Factor:     28.610309 %

[P]log_3 Load Factor:     21.217777 %

[P]Get Hit Rate:         63.8502 %

[P]rx packet:       19282.101 / s

[P]Throughput:      992622.492 ops

[P]Valid Entries:   409431.273 / s

[P]set success:     409941.127 / s

[P]get found:       318115.375 / s

----------------------------------

[INFO]Current Time:       85.15 s

[P]indexs Load Factor:    94.8819 %

[P]log_0 Load Factor:     28.605775 %

[P]log_1 Load Factor:     29.831779 %

[P]log_2 Load Factor:     28.661222 %

[P]log_3 Load Factor:     21.474224 %

[P]Get Hit Rate:         63.8376 %

[P]rx packet:       18584.095 / s

[P]Throughput:      959929.108 ops

[P]Valid Entries:   389835.545 / s

[P]set success:     390315.351 / s

[P]get found:       306613.868 / s

----------------------------------

[INFO]Current Time:       86.17 s

[P]indexs Load Factor:    95.0110 %

[P]log_0 Load Factor:     28.655227 %

[P]log_1 Load Factor:     29.831779 %

[P]log_2 Load Factor:     28.706727 %

[P]log_3 Load Factor:     21.613934 %

[P]Get Hit Rate:         63.7441 %

[P]rx packet:       17151.541 / s

[P]Throughput:      892415.450 ops

[P]Valid Entries:   358426.752 / s

[P]set success:     358784.958 / s

[P]get found:       284623.660 / s

----------------------------------
[INFO]End rx_queue_3:899250

[INFO]Current Time:       87.17 s

[P]indexs Load Factor:    95.0904 %

[P]log_0 Load Factor:     28.702027 %

[P]log_1 Load Factor:     29.831779 %

[P]log_2 Load Factor:     28.748652 %

[P]log_3 Load Factor:     21.613934 %

[P]Get Hit Rate:         62.5626 %

[P]rx packet:       4753.310 / s

[P]Throughput:      376028.204 ops

[P]Valid Entries:   104121.596 / s

[P]set success:     104232.668 / s

[P]get found:       117687.323 / s

----------------------------------

[INFO]Current Time:       88.19 s
[INFO]End rx_queue_2:1223529
Finish the job......
[INFO]End rx_queue_0:1221361

[P]indexs Load Factor:    95.0925 %

[P]log_0 Load Factor:     28.702027 %

[P]log_1 Load Factor:     29.831779 %

[P]log_2 Load Factor:     28.748652 %

[P]log_3 Load Factor:     21.613934 %

[P]Get Hit Rate:         62.4487 %

[P]rx packet:       2220.634 / s

[P]Throughput:      117057.308 ops

[P]Valid Entries:   31917.164 / s

[P]set success:     31925.080 / s

[P]get found:       36574.162 / s

----------------------------------

Total Index Entries:     108282045

indexs Load Factor:     95.092511 %

log_0 Load Factor:      28.702027 %

log_1 Load Factor:      29.831779 %

log_2 Load Factor:      28.748652 %

log_3 Load Factor:      21.613934 %

Get Hit Rate:           69.193717%

Max Throughput:         4733608.15

Calc Load Factor:       95.092511%

valid count:              30818567

set request:              31755360
set_success:              30818567 | set_fail:                   936793 | set_mica_evicted:                0
set_random:                      0 | set_cuckoo_evicted:        2817203 | set_expire_evicted:         248617

get request:              31755360
get_found:                21098542 | get_notfound:             10656818 | get_hit_ratio:          66.440884%

clean up:                        0 | test_notfound:                   0
move_to_head_performed:    3013421 | move_to_head_skipped:     18085121 | move_to_head_failed:             0


valid count:              32031629

set request:              32738888
set_success:              32031629 | set_fail:                   707259 | set_mica_evicted:                0
set_random:                      0 | set_cuckoo_evicted:        2813129 | set_expire_evicted:              0

get request:              32738888
get_found:                23677229 | get_notfound:              9061659 | get_hit_ratio:          72.321421%

clean up:                        0 | test_notfound:                   0
move_to_head_performed:    2539305 | move_to_head_skipped:     21137924 | move_to_head_failed:             0


valid count:              30868630

set request:              31811728
set_success:              30868630 | set_fail:                   943098 | set_mica_evicted:                0
set_random:                      0 | set_cuckoo_evicted:        2859991 | set_expire_evicted:         133422

get request:              31811728
get_found:                20145509 | get_notfound:             11666219 | get_hit_ratio:          63.327302%

clean up:                        0 | test_notfound:                   0
move_to_head_performed:    3256212 | move_to_head_skipped:     16889297 | move_to_head_failed:             0


valid count:              23207785

set request:              23380474
set_success:              23207785 | set_fail:                   172689 | set_mica_evicted:                0
set_random:                      0 | set_cuckoo_evicted:        1095790 | set_expire_evicted:        4867440

get request:              23380474
get_found:                14531276 | get_notfound:              8849198 | get_hit_ratio:          62.151332%

clean up:                        0 | test_notfound:                   0
move_to_head_performed:    1506451 | move_to_head_skipped:     13024825 | move_to_head_failed:             0


[INFO] Everything works fine.
deleting piekv......
