EAL: Detected 44 lcore(s)
EAL: Detected 1 NUMA nodes
EAL: Multi-process socket /var/run/dpdk/rte/mp_socket
EAL: Selected IOVA mode 'PA'
EAL: No available hugepages reported in hugepages-1048576kB
[INFO] 单个Log Size为:-2147483648 GB
[INFO] 运行proto
[INFO] 运行cleanup
[INFO] 运行reload
[INFO] reload kv size 8
EAL: Probing VFIO support...
EAL: VFIO support initialized
EAL: PCI device 0000:03:00.0 on NUMA socket 0
EAL:   probe driver: 15b3:1017 net_mlx5
WEN: There are 1 device(s) available
starting port 0...
querying port 0...
port 0: 100 Gbps (full-duplex)
Adding UDP filter for each endpoint.
port_id/queue_id/udp_port = 0 0 0
Flow is created with src_port = 0, dst_port = 0
port_id/queue_id/udp_port = 0 1 1
Flow is created with src_port = 0, dst_port = 1
port_id/queue_id/udp_port = 0 2 2
Flow is created with src_port = 0, dst_port = 2
port_id/queue_id/udp_port = 0 3 3
Flow is created with src_port = 0, dst_port = 3
MEM: Initializing pages...
 == [STAT] Workers Start (4 threads in total) == 
trigger:80.000000 

[INFO]Current Time:       6.37 s

[P]indexs Load Factor:    0.0488 %

[P]full bucket LFactor:   0.0000 %

[P]set request:           34831 
[P]get request:           22698 

[P]Get Hit Rate:          44.8498 %
[P]ACC Hit Rate:          44.8498 %

[P]total cuckoo num:      0 
[P]total cuckoo path:     0 
[P]total cp perset:       0.000000 / set
[P]total cp percuckoo:    -nan / cuckoo num

[P]cuckoo path / s:       0 / s
[P]cp per set * s:        0 / set * s

[P]break loop / s:        0 / s
[P]break / set :          0 %

[P]Throughput:            84212.102 ops
[P]all request:           57529 o

[P]GetThroughput:         33225.787 ops
[P]SetThroughput:         50986.315 ops

[P]Valid Entries:         49133.119 / s
[P]set success:           50629.143 / s

[P]get found:             14901.688 / s

----------------------------------

[INFO]Current Time:       7.11 s

[P]indexs Load Factor:    0.1679 %

[P]full bucket LFactor:   0.0000 %

[P]set request:           137081 
[P]get request:           93447 

[P]Get Hit Rate:          53.8637 %
[P]ACC Hit Rate:          51.6742 %

[P]total cuckoo num:      0 
[P]total cuckoo path:     0 
[P]total cp perset:       0.000000 / set
[P]total cp percuckoo:    -nan / cuckoo num

[P]cuckoo path / s:       0 / s
[P]cp per set * s:        0 / set * s

[P]break loop / s:        0 / s
[P]break / set :          0 %

[P]Throughput:            234629.315 ops
[P]all request:           230528 o

[P]GetThroughput:         95953.095 ops
[P]SetThroughput:         138676.221 ops

[P]Valid Entries:         136753.063 / s
[P]set success:           138796.927 / s

[P]get found:             51683.848 / s

----------------------------------

[INFO]Current Time:       7.83 s

[P]indexs Load Factor:    1.7174 %

[P]full bucket LFactor:   0.0000 %

[P]set request:           1014991 
[P]get request:           803385 

[P]Get Hit Rate:          58.3392 %
[P]ACC Hit Rate:          57.5639 %

[P]total cuckoo num:      0 
[P]total cuckoo path:     0 
[P]total cp perset:       0.000000 / set
[P]total cp percuckoo:    -nan / cuckoo num

[P]cuckoo path / s:       0 / s
[P]cp per set * s:        0 / set * s

[P]break loop / s:        0 / s
[P]break / set :          0 %

[P]Throughput:            2184004.760 ops
[P]all request:           1818376 o

[P]GetThroughput:         976483.877 ops
[P]SetThroughput:         1207520.883 ops

[P]Valid Entries:         1336850.274 / s
[P]set success:           1211550.950 / s

[P]get found:             569672.676 / s

----------------------------------

[INFO]Current Time:       8.57 s

[P]indexs Load Factor:    4.3306 %

[P]full bucket LFactor:   0.0002 %

[P]set request:           3301334 
[P]get request:           2560268 

[P]Get Hit Rate:          65.6942 %
[P]ACC Hit Rate:          63.1430 %

[P]total cuckoo num:      0 
[P]total cuckoo path:     0 
[P]total cp perset:       0.000000 / set
[P]total cp percuckoo:    -nan / cuckoo num

[P]cuckoo path / s:       0 / s
[P]cp per set * s:        0 / set * s

[P]break loop / s:        0 / s
[P]break / set :          0 %

[P]Throughput:            5518978.674 ops
[P]all request:           5861602 o

[P]GetThroughput:         2398134.512 ops
[P]SetThroughput:         3120844.162 ops

[P]Valid Entries:         3201355.595 / s
[P]set success:           3170933.977 / s

[P]get found:             1575436.331 / s

----------------------------------

[INFO]Current Time:       9.35 s

[P]indexs Load Factor:    7.0371 %

[P]full bucket LFactor:   0.0026 %

[P]set request:           5746357 
[P]get request:           4429241 

[P]Get Hit Rate:          69.2412 %
[P]ACC Hit Rate:          65.7162 %

[P]total cuckoo num:      0 
[P]total cuckoo path:     0 
[P]total cp perset:       0.000000 / set
[P]total cp percuckoo:    -nan / cuckoo num

[P]cuckoo path / s:       0 / s
[P]cp per set * s:        0 / set * s

[P]break loop / s:        0 / s
[P]break / set :          0 %

[P]Throughput:            5491562.801 ops
[P]all request:           10175598 o

[P]GetThroughput:         2379135.864 ops
[P]SetThroughput:         3112426.936 ops

[P]Valid Entries:         3043563.388 / s
[P]set success:           3035034.527 / s

[P]get found:             1647341.798 / s

----------------------------------

[INFO]Current Time:       10.19 s

[P]indexs Load Factor:    9.7970 %

[P]full bucket LFactor:   0.0164 %

[P]set request:           8297807 
[P]get request:           6495768 

[P]Get Hit Rate:          72.8430 %
[P]ACC Hit Rate:          67.9835 %

[P]total cuckoo num:      0 
[P]total cuckoo path:     0 
[P]total cp perset:       0.000000 / set
[P]total cp percuckoo:    -nan / cuckoo num

[P]cuckoo path / s:       0 / s
[P]cp per set * s:        0 / set * s

[P]break loop / s:        0 / s
[P]break / set :          0 %

[P]Throughput:            5523737.053 ops
[P]all request:           14793575 o

[P]GetThroughput:         2471851.151 ops
[P]SetThroughput:         3051885.903 ops

[P]Valid Entries:         3016871.359 / s
[P]set success:           3028802.834 / s

[P]get found:             1800571.416 / s

----------------------------------

[INFO]Current Time:       11.06 s

[P]indexs Load Factor:    12.6016 %

[P]full bucket LFactor:   0.0605 %

[P]set request:           10884666 
[P]get request:           8558448 

[P]Get Hit Rate:          76.7038 %
[P]ACC Hit Rate:          70.0852 %

[P]total cuckoo num:      1 
[P]total cuckoo path:     0 
[P]total cp perset:       0.000000 / set
[P]total cp percuckoo:    0.000000 / cuckoo num

[P]cuckoo path / s:       0 / s
[P]cp per set * s:        0 / set * s

[P]break loop / s:        0 / s
[P]break / set :          0 %

[P]Throughput:            5361201.633 ops
[P]all request:           19443114 o

[P]GetThroughput:         2378395.661 ops
[P]SetThroughput:         2982805.972 ops

[P]Valid Entries:         2934662.220 / s
[P]set success:           3007591.016 / s

[P]get found:             1824319.918 / s

----------------------------------

[INFO]Current Time:       11.95 s

[P]indexs Load Factor:    15.3759 %

[P]full bucket LFactor:   0.1634 %

[P]set request:           13542590 
[P]get request:           10676667 

[P]Get Hit Rate:          79.9166 %
[P]ACC Hit Rate:          72.0357 %

[P]total cuckoo num:      7 
[P]total cuckoo path:     0 
[P]total cp perset:       0.000000 / set
[P]total cp percuckoo:    0.000000 / cuckoo num

[P]cuckoo path / s:       0 / s
[P]cp per set * s:        0 / set * s

[P]break loop / s:        0 / s
[P]break / set :          0 %

[P]Throughput:            5321139.689 ops
[P]all request:           24219257 o

[P]GetThroughput:         2359924.984 ops
[P]SetThroughput:         2961214.706 ops

[P]Valid Entries:         2857184.860 / s
[P]set success:           2697372.735 / s

[P]get found:             1885972.249 / s

----------------------------------

[INFO]Current Time:       12.86 s

[P]indexs Load Factor:    18.1135 %

[P]full bucket LFactor:   0.3547 %

[P]set request:           16088637 
[P]get request:           12833548 

[P]Get Hit Rate:          79.0711 %
[P]ACC Hit Rate:          73.2181 %

[P]total cuckoo num:      20 
[P]total cuckoo path:     1 
[P]total cp perset:       0.000000 / set
[P]total cp percuckoo:    0.050000 / cuckoo num

[P]cuckoo path / s:       1.103 / s
[P]cp per set * s:        0.000000 / set * s

[P]break loop / s:        0 / s
[P]break / set :          0 %

[P]Throughput:            5185482.948 ops
[P]all request:           28922185 o

[P]GetThroughput:         2378192.829 ops
[P]SetThroughput:         2807290.119 ops

[P]Valid Entries:         2790498.511 / s
[P]set success:           2873081.596 / s

[P]get found:             1880463.746 / s

----------------------------------

[INFO]Current Time:       13.77 s

[P]indexs Load Factor:    20.9279 %

[P]full bucket LFactor:   0.6776 %

[P]set request:           18733034 
[P]get request:           15065447 

[P]Get Hit Rate:          81.6133 %
[P]ACC Hit Rate:          74.4619 %

[P]total cuckoo num:      100 
[P]total cuckoo path:     1 
[P]total cp perset:       0.000000 / set
[P]total cp percuckoo:    0.010000 / cuckoo num

[P]cuckoo path / s:       0 / s
[P]cp per set * s:        0 / set * s

[P]break loop / s:        0 / s
[P]break / set :          0 %

[P]Throughput:            5354079.098 ops
[P]all request:           33798481 o

[P]GetThroughput:         2450582.119 ops
[P]SetThroughput:         2903496.979 ops

[P]Valid Entries:         2835526.481 / s
[P]set success:           2878891.230 / s

[P]get found:             2000001.566 / s

----------------------------------

[INFO]Current Time:       14.70 s

[P]indexs Load Factor:    23.7225 %

[P]full bucket LFactor:   1.1577 %

[P]set request:           21387220 
[P]get request:           17318910 

[P]Get Hit Rate:          80.3497 %
[P]ACC Hit Rate:          75.2280 %

[P]total cuckoo num:      354 
[P]total cuckoo path:     1 
[P]total cp perset:       0.000000 / set
[P]total cp percuckoo:    0.002825 / cuckoo num

[P]cuckoo path / s:       0 / s
[P]cp per set * s:        0 / set * s

[P]break loop / s:        0 / s
[P]break / set :          0 %

[P]Throughput:            5275340.228 ops
[P]all request:           38706130 o

[P]GetThroughput:         2422297.115 ops
[P]SetThroughput:         2853043.113 ops

[P]Valid Entries:         2776451.690 / s
[P]set success:           2866944.005 / s

[P]get found:             1946308.723 / s

----------------------------------

[INFO]Current Time:       15.64 s

[P]indexs Load Factor:    26.4920 %

[P]full bucket LFactor:   1.8130 %

[P]set request:           24042636 
[P]get request:           19628886 

[P]Get Hit Rate:          82.7560 %
[P]ACC Hit Rate:          76.1139 %

[P]total cuckoo num:      1054 
[P]total cuckoo path:     17 
[P]total cp perset:       0.000001 / set
[P]total cp percuckoo:    0.016129 / cuckoo num

[P]cuckoo path / s:       17.047 / s
[P]cp per set * s:        0.000006 / set * s

[P]break loop / s:        0 / s
[P]break / set :          0 %

[P]Throughput:            5290363.514 ops
[P]all request:           43671523 o

[P]GetThroughput:         2461157.203 ops
[P]SetThroughput:         2829205.245 ops

[P]Valid Entries:         2749134.766 / s
[P]set success:           2799655.070 / s

[P]get found:             2036755.534 / s

----------------------------------

[INFO]Current Time:       16.59 s

[P]indexs Load Factor:    29.2397 %

[P]full bucket LFactor:   2.6655 %

[P]set request:           26577623 
[P]get request:           21914193 

[P]Get Hit Rate:          82.9635 %
[P]ACC Hit Rate:          76.8282 %

[P]total cuckoo num:      2623 
[P]total cuckoo path:     64 
[P]total cp perset:       0.000002 / set
[P]total cp percuckoo:    0.024400 / cuckoo num

[P]cuckoo path / s:       49.543 / s
[P]cp per set * s:        0.000018 / set * s

[P]break loop / s:        0 / s
[P]break / set :          0 %

[P]Throughput:            5081074.736 ops
[P]all request:           48491816 o

[P]GetThroughput:         2408943.950 ops
[P]SetThroughput:         2672131.840 ops

[P]Valid Entries:         2685490.459 / s
[P]set success:           2742162.081 / s

[P]get found:             1998544.559 / s

----------------------------------

[INFO]Current Time:       17.53 s

[P]indexs Load Factor:    32.0186 %

[P]full bucket LFactor:   3.7481 %

[P]set request:           29251680 
[P]get request:           24099537 

[P]Get Hit Rate:          84.8429 %
[P]ACC Hit Rate:          77.5550 %

[P]total cuckoo num:      6094 
[P]total cuckoo path:     287 
[P]total cp perset:       0.000010 / set
[P]total cp percuckoo:    0.047096 / cuckoo num

[P]cuckoo path / s:       237.799 / s
[P]cp per set * s:        0.000087 / set * s

[P]break loop / s:        0 / s
[P]break / set :          0 %

[P]Throughput:            5181890.376 ops
[P]all request:           53351217 o

[P]GetThroughput:         2330372.209 ops
[P]SetThroughput:         2851518.167 ops

[P]Valid Entries:         2749590.829 / s
[P]set success:           2720769.142 / s

[P]get found:             1977155.123 / s

----------------------------------

[INFO]Current Time:       18.48 s

[P]indexs Load Factor:    34.8684 %

[P]full bucket LFactor:   5.0865 %

[P]set request:           31928302 
[P]get request:           26367639 

[P]Get Hit Rate:          81.7377 %
[P]ACC Hit Rate:          77.9147 %

[P]total cuckoo num:      12702 
[P]total cuckoo path:     844 
[P]total cp perset:       0.000027 / set
[P]total cp percuckoo:    0.066446 / cuckoo num

[P]cuckoo path / s:       586.113 / s
[P]cp per set * s:        0.000215 / set * s

[P]break loop / s:        0 / s
[P]break / set :          0 %

[P]Throughput:            5203170.334 ops
[P]all request:           58295941 o

[P]GetThroughput:         2386649.091 ops
[P]SetThroughput:         2816521.243 ops

[P]Valid Entries:         2720579.738 / s
[P]set success:           2724372.109 / s

[P]get found:             1950791.644 / s

----------------------------------

[INFO]Current Time:       19.43 s

[P]indexs Load Factor:    37.7448 %

[P]full bucket LFactor:   6.6634 %

[P]set request:           34600153 
[P]get request:           28663974 

[P]Get Hit Rate:          81.0862 %
[P]ACC Hit Rate:          78.1688 %

[P]total cuckoo num:      25024 
[P]total cuckoo path:     2032 
[P]total cp perset:       0.000059 / set
[P]total cp percuckoo:    0.081202 / cuckoo num

[P]cuckoo path / s:       1240.650 / s
[P]cp per set * s:        0.000432 / set * s

[P]break loop / s:        0 / s
[P]break / set :          0 %

[P]Throughput:            5188365.045 ops
[P]all request:           63264127 o

[P]GetThroughput:         2398103.502 ops
[P]SetThroughput:         2790261.543 ops

[P]Valid Entries:         2784081.270 / s
[P]set success:           2872285.395 / s

[P]get found:             1944531.220 / s

----------------------------------

[INFO]Current Time:       20.39 s

[P]indexs Load Factor:    40.6000 %

[P]full bucket LFactor:   8.4452 %

[P]set request:           37301565 
[P]get request:           30976581 

[P]Get Hit Rate:          79.1607 %
[P]ACC Hit Rate:          78.2429 %

[P]total cuckoo num:      45538 
[P]total cuckoo path:     4343 
[P]total cp perset:       0.000117 / set
[P]total cp percuckoo:    0.095371 / cuckoo num

[P]cuckoo path / s:       2412.609 / s
[P]cp per set * s:        0.000857 / set * s

[P]break loop / s:        0 / s
[P]break / set :          0 %

[P]Throughput:            5234473.711 ops
[P]all request:           68278146 o

[P]GetThroughput:         2414286.932 ops
[P]SetThroughput:         2820186.780 ops

[P]Valid Entries:         2776809.923 / s
[P]set success:           2816793.885 / s

[P]get found:             1911166.550 / s

----------------------------------

[INFO]Current Time:       21.35 s

[P]indexs Load Factor:    43.5179 %

[P]full bucket LFactor:   10.4749 %

[P]set request:           39991160 
[P]get request:           33236253 

[P]Get Hit Rate:          81.0677 %
[P]ACC Hit Rate:          78.4349 %

[P]total cuckoo num:      77837 
[P]total cuckoo path:     8549 
[P]total cp perset:       0.000215 / set
[P]total cp percuckoo:    0.109832 / cuckoo num

[P]cuckoo path / s:       4396.192 / s
[P]cp per set * s:        0.001565 / set * s

[P]break loop / s:        0 / s
[P]break / set :          0 %

[P]Throughput:            5173069.282 ops
[P]all request:           73227413 o

[P]GetThroughput:         2361852.737 ops
[P]SetThroughput:         2811216.545 ops

[P]Valid Entries:         2772536.115 / s
[P]set success:           2808415.357 / s

[P]get found:             1914699.568 / s

----------------------------------

[INFO]Current Time:       22.32 s

[P]indexs Load Factor:    46.3161 %

[P]full bucket LFactor:   12.6166 %

[P]set request:           42701044 
[P]get request:           35508656 

[P]Get Hit Rate:          80.6776 %
[P]ACC Hit Rate:          78.5784 %

[P]total cuckoo num:      126396 
[P]total cuckoo path:     16011 
[P]total cp perset:       0.000378 / set
[P]total cp percuckoo:    0.126673 / cuckoo num

[P]cuckoo path / s:       7691.405 / s
[P]cp per set * s:        0.002797 / set * s

[P]break loop / s:        0 / s
[P]break / set :          0 %

[P]Throughput:            5135458.014 ops
[P]all request:           78209700 o

[P]GetThroughput:         2342263.743 ops
[P]SetThroughput:         2793194.271 ops

[P]Valid Entries:         2759821.901 / s
[P]set success:           2749909.245 / s

[P]get found:             1889681.965 / s

----------------------------------

[INFO]Current Time:       23.27 s

[P]indexs Load Factor:    48.9289 %

[P]full bucket LFactor:   14.7316 %

[P]set request:           45232101 
[P]get request:           37627799 

[P]Get Hit Rate:          78.0593 %
[P]ACC Hit Rate:          78.5492 %

[P]total cuckoo num:      190061 
[P]total cuckoo path:     27009 
[P]total cp perset:       0.000602 / set
[P]total cp percuckoo:    0.142107 / cuckoo num

[P]cuckoo path / s:       11558.627 / s
[P]cp per set * s:        0.004414 / set * s

[P]break loop / s:        0 / s
[P]break / set :          0 %

[P]Throughput:            4887245.697 ops
[P]all request:           82859900 o

[P]GetThroughput:         2227167.113 ops
[P]SetThroughput:         2660078.584 ops

[P]Valid Entries:         2594150.899 / s
[P]set success:           2618579.771 / s

[P]get found:             1738511.908 / s

----------------------------------

[INFO]Current Time:       24.22 s

[P]indexs Load Factor:    51.6230 %

[P]full bucket LFactor:   17.0563 %

[P]set request:           47668874 
[P]get request:           39632199 

[P]Get Hit Rate:          82.7650 %
[P]ACC Hit Rate:          78.7624 %

[P]total cuckoo num:      275479 
[P]total cuckoo path:     44047 
[P]total cp perset:       0.000931 / set
[P]total cp percuckoo:    0.159892 / cuckoo num

[P]cuckoo path / s:       18012.208 / s
[P]cp per set * s:        0.006972 / set * s

[P]break loop / s:        0 / s
[P]break / set :          0 %

[P]Throughput:            4695112.726 ops
[P]all request:           87301073 o

[P]GetThroughput:         2119008.637 ops
[P]SetThroughput:         2576104.088 ops

[P]Valid Entries:         2600111.555 / s
[P]set success:           2583419.764 / s

[P]get found:             1753797.858 / s

----------------------------------

[INFO]Current Time:       25.17 s

[P]indexs Load Factor:    54.1829 %

[P]full bucket LFactor:   19.3969 %

[P]set request:           50196614 
[P]get request:           41739341 

[P]Get Hit Rate:          76.3200 %
[P]ACC Hit Rate:          78.6391 %

[P]total cuckoo num:      388809 
[P]total cuckoo path:     69853 
[P]total cp perset:       0.001403 / set
[P]total cp percuckoo:    0.179659 / cuckoo num

[P]cuckoo path / s:       27069.920 / s
[P]cp per set * s:        0.010334 / set * s

[P]break loop / s:        0 / s
[P]break / set :          0 %

[P]Throughput:            4861888.131 ops
[P]all request:           91935955 o

[P]GetThroughput:         2210345.092 ops
[P]SetThroughput:         2651543.039 ops

[P]Valid Entries:         2599460.245 / s
[P]set success:           2619494.671 / s

[P]get found:             1686934.562 / s

----------------------------------

[INFO]Current Time:       26.12 s

[P]indexs Load Factor:    56.6360 %

[P]full bucket LFactor:   21.7155 %

[P]set request:           52481260 
[P]get request:           43645324 

[P]Get Hit Rate:          79.4394 %
[P]ACC Hit Rate:          78.6741 %

[P]total cuckoo num:      523836 
[P]total cuckoo path:     104866 
[P]total cp perset:       0.002011 / set
[P]total cp percuckoo:    0.200189 / cuckoo num

[P]cuckoo path / s:       36707.955 / s
[P]cp per set * s:        0.014802 / set * s

[P]break loop / s:        0 / s
[P]break / set :          0 %

[P]Throughput:            4393495.477 ops
[P]all request:           96126585 o

[P]GetThroughput:         1998250.308 ops
[P]SetThroughput:         2395244.120 ops

[P]Valid Entries:         2426744.626 / s
[P]set success:           2479992.286 / s

[P]get found:             1587398.622 / s

----------------------------------

[INFO]Current Time:       27.06 s

[P]indexs Load Factor:    58.9448 %

[P]full bucket LFactor:   24.0072 %

[P]set request:           54693717 
[P]get request:           45539945 

[P]Get Hit Rate:          78.1998 %
[P]ACC Hit Rate:          78.6543 %

[P]total cuckoo num:      685459 
[P]total cuckoo path:     151961 
[P]total cp perset:       0.002791 / set
[P]total cp percuckoo:    0.221692 / cuckoo num

[P]cuckoo path / s:       50085.397 / s
[P]cp per set * s:        0.020549 / set * s

[P]break loop / s:        0 / s
[P]break / set :          0 %

[P]Throughput:            4367864.605 ops
[P]all request:           100233662 o

[P]GetThroughput:         2014923.997 ops
[P]SetThroughput:         2352941.671 ops

[P]Valid Entries:         2386792.785 / s
[P]set success:           2437353.565 / s

[P]get found:             1575666.714 / s

----------------------------------

[INFO]Current Time:       28.01 s

[P]indexs Load Factor:    61.0844 %

[P]full bucket LFactor:   26.1933 %

[P]set request:           56765012 
[P]get request:           47282824 

[P]Get Hit Rate:          76.8434 %
[P]ACC Hit Rate:          78.5876 %

[P]total cuckoo num:      864732 
[P]total cuckoo path:     210696 
[P]total cp perset:       0.003726 / set
[P]total cp percuckoo:    0.243655 / cuckoo num

[P]cuckoo path / s:       62347.409 / s
[P]cp per set * s:        0.027832 / set * s

[P]break loop / s:        0 / s
[P]break / set :          0 %

[P]Throughput:            4048759.129 ops
[P]all request:           104047836 o

[P]GetThroughput:         1850072.195 ops
[P]SetThroughput:         2198686.935 ops

[P]Valid Entries:         2195942.948 / s
[P]set success:           2240160.939 / s

[P]get found:             1421657.866 / s

----------------------------------

[INFO]Current Time:       28.93 s

[P]indexs Load Factor:    63.0872 %

[P]full bucket LFactor:   28.2681 %

[P]set request:           58692465 
[P]get request:           48878513 

[P]Get Hit Rate:          77.8154 %
[P]ACC Hit Rate:          78.5624 %

[P]total cuckoo num:      1058074 
[P]total cuckoo path:     281205 
[P]total cp perset:       0.004808 / set
[P]total cp percuckoo:    0.265771 / cuckoo num

[P]cuckoo path / s:       76116.339 / s
[P]cp per set * s:        0.036407 / set * s

[P]break loop / s:        0 / s
[P]break / set :          0 %

[P]Throughput:            3803325.386 ops
[P]all request:           107570978 o

[P]GetThroughput:         1722588.667 ops
[P]SetThroughput:         2080736.719 ops

[P]Valid Entries:         2051355.244 / s
[P]set success:           2090708.306 / s

[P]get found:             1340439.501 / s

----------------------------------

[INFO]Current Time:       29.87 s

[P]indexs Load Factor:    65.0492 %

[P]full bucket LFactor:   30.3737 %

[P]set request:           60635397 
[P]get request:           50459452 

[P]Get Hit Rate:          78.9027 %
[P]ACC Hit Rate:          78.5730 %

[P]total cuckoo num:      1283824 
[P]total cuckoo path:     371923 
[P]total cp perset:       0.006156 / set
[P]total cp percuckoo:    0.289699 / cuckoo num

[P]cuckoo path / s:       96975.025 / s
[P]cp per set * s:        0.047191 / set * s

[P]break loop / s:        0 / s
[P]break / set :          0 %

[P]Throughput:            3766920.340 ops
[P]all request:           111094849 o

[P]GetThroughput:         1689979.932 ops
[P]SetThroughput:         2076940.407 ops

[P]Valid Entries:         2048300.502 / s
[P]set success:           2054934.544 / s

[P]get found:             1333440.270 / s

----------------------------------

[INFO]Current Time:       30.79 s

[P]indexs Load Factor:    66.8841 %

[P]full bucket LFactor:   32.3930 %

[P]set request:           62432262 
[P]get request:           51963828 

[P]Get Hit Rate:          75.1072 %
[P]ACC Hit Rate:          78.4727 %

[P]total cuckoo num:      1526473 
[P]total cuckoo path:     478337 
[P]total cp perset:       0.007685 / set
[P]total cp percuckoo:    0.313361 / cuckoo num

[P]cuckoo path / s:       114923.268 / s
[P]cp per set * s:        0.058073 / set * s

[P]break loop / s:        0 / s
[P]break / set :          0 %

[P]Throughput:            3565220.768 ops
[P]all request:           114396090 o

[P]GetThroughput:         1624671.618 ops
[P]SetThroughput:         1940549.150 ops

[P]Valid Entries:         1944287.984 / s
[P]set success:           1978958.062 / s

[P]get found:             1220244.615 / s

----------------------------------

[INFO]Current Time:       31.72 s

[P]indexs Load Factor:    68.5643 %

[P]full bucket LFactor:   34.2839 %

[P]set request:           64064103 
[P]get request:           53330281 

[P]Get Hit Rate:          75.0415 %
[P]ACC Hit Rate:          78.3848 %

[P]total cuckoo num:      1774622 
[P]total cuckoo path:     598677 
[P]total cp perset:       0.009367 / set
[P]total cp percuckoo:    0.337355 / cuckoo num

[P]cuckoo path / s:       130462.456 / s
[P]cp per set * s:        0.072243 / set * s

[P]break loop / s:        0 / s
[P]break / set :          0 %

[P]Throughput:            3250496.919 ops
[P]all request:           117394384 o

[P]GetThroughput:         1481392.841 ops
[P]SetThroughput:         1769104.078 ops

[P]Valid Entries:         1775437.481 / s
[P]set success:           1805891.369 / s

[P]get found:             1111659.595 / s

----------------------------------

[INFO]Current Time:       32.66 s

[P]indexs Load Factor:    70.1651 %

[P]full bucket LFactor:   36.1266 %

[P]set request:           65687420 
[P]get request:           54646530 

[P]Get Hit Rate:          78.4577 %
[P]ACC Hit Rate:          78.3865 %

[P]total cuckoo num:      2045026 
[P]total cuckoo path:     741113 
[P]total cp perset:       0.011307 / set
[P]total cp percuckoo:    0.362398 / cuckoo num

[P]cuckoo path / s:       151687.084 / s
[P]cp per set * s:        0.087360 / set * s

[P]break loop / s:        0 / s
[P]break / set :          0 %

[P]Throughput:            3130488.046 ops
[P]all request:           120333950 o

[P]GetThroughput:         1401738.134 ops
[P]SetThroughput:         1728749.912 ops

[P]Valid Entries:         1707947.197 / s
[P]set success:           1736346.194 / s

[P]get found:             1099771.829 / s

----------------------------------

[INFO]Current Time:       33.57 s

[P]indexs Load Factor:    71.6451 %

[P]full bucket LFactor:   37.8619 %

[P]set request:           67162762 
[P]get request:           55859436 

[P]Get Hit Rate:          78.4546 %
[P]ACC Hit Rate:          78.3880 %

[P]total cuckoo num:      2321317 
[P]total cuckoo path:     899988 
[P]total cp perset:       0.013423 / set
[P]total cp percuckoo:    0.387706 / cuckoo num

[P]cuckoo path / s:       173248.368 / s
[P]cp per set * s:        0.105604 / set * s

[P]break loop / s:        0 / s
[P]break / set :          0 %

[P]Throughput:            2931452.892 ops
[P]all request:           123022198 o

[P]GetThroughput:         1322637.198 ops
[P]SetThroughput:         1608815.694 ops

[P]Valid Entries:         1614719.497 / s
[P]set success:           1640554.904 / s

[P]get found:             1037669.122 / s

----------------------------------

[INFO]Current Time:       34.47 s

[P]indexs Load Factor:    73.0229 %

[P]full bucket LFactor:   39.5104 %

[P]set request:           68553295 
[P]get request:           56984034 

[P]Get Hit Rate:          78.3508 %
[P]ACC Hit Rate:          78.3873 %

[P]total cuckoo num:      2600951 
[P]total cuckoo path:     1073646 
[P]total cp perset:       0.015687 / set
[P]total cp percuckoo:    0.412790 / cuckoo num

[P]cuckoo path / s:       192764.219 / s
[P]cp per set * s:        0.124428 / set * s

[P]break loop / s:        0 / s
[P]break / set :          0 %

[P]Throughput:            2791851.010 ops
[P]all request:           125537329 o

[P]GetThroughput:         1248328.641 ops
[P]SetThroughput:         1543522.369 ops

[P]Valid Entries:         1525729.825 / s
[P]set success:           1549202.353 / s

[P]get found:             978074.888 / s

----------------------------------

[INFO]Current Time:       35.37 s

[P]indexs Load Factor:    74.3135 %

[P]full bucket LFactor:   41.0842 %

[P]set request:           69853281 
[P]get request:           58033929 

[P]Get Hit Rate:          78.3706 %
[P]ACC Hit Rate:          78.3870 %

[P]total cuckoo num:      2884451 
[P]total cuckoo path:     1262066 
[P]total cp perset:       0.018095 / set
[P]total cp percuckoo:    0.437541 / cuckoo num

[P]cuckoo path / s:       210462.127 / s
[P]cp per set * s:        0.144390 / set * s

[P]break loop / s:        0 / s
[P]break / set :          0 %

[P]Throughput:            2624779.503 ops
[P]all request:           127887210 o

[P]GetThroughput:         1172715.927 ops
[P]SetThroughput:         1452063.576 ops

[P]Valid Entries:         1435868.424 / s
[P]set success:           1457592.646 / s

[P]get found:             919064.496 / s

----------------------------------

[INFO]Current Time:       36.26 s

[P]indexs Load Factor:    75.5272 %

[P]full bucket LFactor:   42.5947 %

[P]set request:           71077573 
[P]get request:           59021477 

[P]Get Hit Rate:          78.2774 %
[P]ACC Hit Rate:          78.3852 %

[P]total cuckoo num:      3172221 
[P]total cuckoo path:     1467415 
[P]total cp perset:       0.020675 / set
[P]total cp percuckoo:    0.462583 / cuckoo num

[P]cuckoo path / s:       229746.483 / s
[P]cp per set * s:        0.167143 / set * s

[P]break loop / s:        0 / s
[P]break / set :          0 %

[P]Throughput:            2474628.373 ops
[P]all request:           130099050 o

[P]GetThroughput:         1104878.427 ops
[P]SetThroughput:         1369749.946 ops

[P]Valid Entries:         1354856.349 / s
[P]set success:           1374551.878 / s

[P]get found:             864870.220 / s

----------------------------------

[INFO]Current Time:       37.16 s

[P]indexs Load Factor:    76.6572 %

[P]full bucket LFactor:   44.0257 %

[P]set request:           72205081 
[P]get request:           59959073 

[P]Get Hit Rate:          76.9602 %
[P]ACC Hit Rate:          78.3629 %

[P]total cuckoo num:      3460805 
[P]total cuckoo path:     1687631 
[P]total cp perset:       0.023399 / set
[P]total cp percuckoo:    0.487641 / cuckoo num

[P]cuckoo path / s:       245458.141 / s
[P]cp per set * s:        0.191725 / set * s

[P]break loop / s:        0 / s
[P]break / set :          0 %

[P]Throughput:            2301815.443 ops
[P]all request:           132164154 o

[P]GetThroughput:         1045067.441 ops
[P]SetThroughput:         1256748.002 ops

[P]Valid Entries:         1262632.105 / s
[P]set success:           1280263.235 / s

[P]get found:             804286.264 / s

----------------------------------

[INFO]Current Time:       38.05 s

[P]indexs Load Factor:    77.7159 %

[P]full bucket LFactor:   45.3925 %

[P]set request:           73285197 
[P]get request:           60842268 

[P]Get Hit Rate:          76.8796 %
[P]ACC Hit Rate:          78.3413 %

[P]total cuckoo num:      3750936 
[P]total cuckoo path:     1924917 
[P]total cp perset:       0.026294 / set
[P]total cp percuckoo:    0.513183 / cuckoo num

[P]cuckoo path / s:       266043.155 / s
[P]cp per set * s:        0.219063 / set * s

[P]break loop / s:        0 / s
[P]break / set :          0 %

[P]Throughput:            2201248.507 ops
[P]all request:           134127465 o

[P]GetThroughput:         990231.133 ops
[P]SetThroughput:         1211017.374 ops

[P]Valid Entries:         1198294.088 / s
[P]set success:           1214460.555 / s

[P]get found:             761285.977 / s

----------------------------------

[INFO]Current Time:       38.93 s

[P]indexs Load Factor:    78.6933 %

[P]full bucket LFactor:   46.6713 %

[P]set request:           74229980 
[P]get request:           61654580 

[P]Get Hit Rate:          76.8626 %
[P]ACC Hit Rate:          78.3219 %

[P]total cuckoo num:      4032370 
[P]total cuckoo path:     2169202 
[P]total cp perset:       0.029233 / set
[P]total cp percuckoo:    0.537947 / cuckoo num

[P]cuckoo path / s:       276727.384 / s
[P]cp per set * s:        0.245235 / set * s

[P]break loop / s:        0 / s
[P]break / set :          0 %

[P]Throughput:            1990446.823 ops
[P]all request:           135884560 o

[P]GetThroughput:         920191.475 ops
[P]SetThroughput:         1070255.348 ops

[P]Valid Entries:         1113663.321 / s
[P]set success:           1128418.112 / s

[P]get found:             707282.953 / s

----------------------------------

[INFO]Current Time:       39.82 s

[P]indexs Load Factor:    79.6033 %

[P]full bucket LFactor:   47.8963 %

[P]set request:           75178888 
[P]get request:           62417419 

[P]Get Hit Rate:          78.0271 %
[P]ACC Hit Rate:          78.3183 %

[P]total cuckoo num:      4316951 
[P]total cuckoo path:     2432315 
[P]total cp perset:       0.032364 / set
[P]total cp percuckoo:    0.563434 / cuckoo num

[P]cuckoo path / s:       298747.973 / s
[P]cp per set * s:        0.276748 / set * s

[P]break loop / s:        0 / s
[P]break / set :          0 %

[P]Throughput:            1943580.307 ops
[P]all request:           137596308 o

[P]GetThroughput:         866154.865 ops
[P]SetThroughput:         1077424.306 ops

[P]Valid Entries:         1065625.991 / s
[P]set success:           1079495.342 / s

[P]get found:             675835.353 / s

----------------------------------

[INFO]Current Time:       40.69 s

[P]indexs Load Factor:    80.4586 %

[P]full bucket LFactor:   49.0514 %

[P]set request:           76030523 
[P]get request:           63112184 

[P]Get Hit Rate:          76.7691 %
[P]ACC Hit Rate:          78.3012 %

[P]total cuckoo num:      4585458 
[P]total cuckoo path:     2695000 
[P]total cp perset:       0.035457 / set
[P]total cp percuckoo:    0.587728 / cuckoo num

[P]cuckoo path / s:       298924.187 / s
[P]cp per set * s:        0.307825 / set * s

[P]break loop / s:        0 / s
[P]break / set :          0 %

[P]Throughput:            1759735.286 ops
[P]all request:           139142707 o

[P]GetThroughput:         790612.569 ops
[P]SetThroughput:         969123.855 ops

[P]Valid Entries:         958965.314 / s
[P]set success:           971084.555 / s

[P]get found:             606946.338 / s

----------------------------------

[INFO]Current Time:       41.57 s

[P]indexs Load Factor:    81.8987 %

[P]full bucket LFactor:   51.0976 %

[P]set request:           77453794 
[P]get request:           64241305 

[P]Get Hit Rate:          79.1719 %
[P]ACC Hit Rate:          78.3165 %

[P]total cuckoo num:      4766492 
[P]total cuckoo path:     2880858 
[P]total cp perset:       0.037224 / set
[P]total cp percuckoo:    0.604398 / cuckoo num

[P]cuckoo path / s:       212714.477 / s
[P]cp per set * s:        0.134273 / set * s

[P]break loop / s:        0 / s
[P]break / set :          0 %

[P]Throughput:            2921212.584 ops
[P]all request:           141695099 o

[P]GetThroughput:         1292278.958 ops
[P]SetThroughput:         1628933.626 ops

[P]Valid Entries:         1298050.671 / s
[P]set success:           1584188.255 / s

[P]expire scan persec:    2814346.043 / s
[P]total expire scan:     2459018
[P]expire hit persec:     346801.805 / s
[P]total expire hit:      303016

[P]expire hit rate:       12.322643 %
[P]total expire hit rate: 12.322643 %

[P]get found:             1023121.176 / s

----------------------------------

[INFO]Current Time:       42.45 s

[P]indexs Load Factor:    83.5886 %

[P]full bucket LFactor:   53.7134 %

[P]set request:           79770157 
[P]get request:           66239794 

[P]Get Hit Rate:          76.7008 %
[P]ACC Hit Rate:          78.2678 %

[P]total cuckoo num:      4766499 
[P]total cuckoo path:     2880862 
[P]total cp perset:       0.036083 / set
[P]total cp percuckoo:    0.604398 / cuckoo num

[P]cuckoo path / s:       4.548 / s
[P]cp per set * s:        0.000002 / set * s

[P]break loop / s:        0 / s
[P]break / set :          0 %

[P]Throughput:            4905610.017 ops
[P]all request:           146009951 o

[P]GetThroughput:         2272107.515 ops
[P]SetThroughput:         2633502.502 ops

[P]Valid Entries:         1803729.045 / s
[P]set success:           2782493.773 / s

[P]expire scan persec:    7950741.992 / s
[P]total expire scan:     9452292
[P]expire hit persec:     1022174.329 / s
[P]total expire hit:      1202095

[P]expire hit rate:       12.856339 %
[P]total expire hit rate: 12.717498 %

[P]get found:             1742724.583 / s

----------------------------------

[INFO]Current Time:       43.31 s

[P]indexs Load Factor:    85.1606 %

[P]full bucket LFactor:   56.2436 %

[P]set request:           82163214 
[P]get request:           68252954 

[P]Get Hit Rate:          77.8317 %
[P]ACC Hit Rate:          78.2549 %

[P]total cuckoo num:      4766504 
[P]total cuckoo path:     2880867 
[P]total cp perset:       0.034981 / set
[P]total cp percuckoo:    0.604398 / cuckoo num

[P]cuckoo path / s:       5.765 / s
[P]cp per set * s:        0.000002 / set * s

[P]break loop / s:        0 / s
[P]break / set :          0 %

[P]Throughput:            5080237.116 ops
[P]all request:           150416168 o

[P]GetThroughput:         2321113.589 ops
[P]SetThroughput:         2759123.528 ops

[P]Valid Entries:         1780752.175 / s
[P]set success:           2899373.135 / s

[P]expire scan persec:    8392948.933 / s
[P]total expire scan:     16731707
[P]expire hit persec:     1151170.464 / s
[P]total expire hit:      2200534

[P]expire hit rate:       13.715924 %
[P]total expire hit rate: 13.151880 %

[P]get found:             1806561.414 / s

----------------------------------

[INFO]Current Time:       44.17 s

[P]indexs Load Factor:    86.5774 %

[P]full bucket LFactor:   58.5948 %

[P]set request:           84528085 
[P]get request:           70233039 

[P]Get Hit Rate:          76.3543 %
[P]ACC Hit Rate:          78.2013 %

[P]total cuckoo num:      4766505 
[P]total cuckoo path:     2880870 
[P]total cp perset:       0.034009 / set
[P]total cp percuckoo:    0.604399 / cuckoo num

[P]cuckoo path / s:       3.507 / s
[P]cp per set * s:        0.000001 / set * s

[P]break loop / s:        0 / s
[P]break / set :          0 %

[P]Throughput:            5079788.495 ops
[P]all request:           154761124 o

[P]GetThroughput:         2314963.144 ops
[P]SetThroughput:         2764825.351 ops

[P]Valid Entries:         1622800.171 / s
[P]set success:           2753780.645 / s

[P]expire scan persec:    8387245.972 / s
[P]total expire scan:     23905670
[P]expire hit persec:     1267846.209 / s
[P]total expire hit:      3284976

[P]expire hit rate:       15.116359 %
[P]total expire hit rate: 13.741409 %

[P]get found:             1767575.025 / s

----------------------------------

[INFO]Current Time:       45.01 s

[P]indexs Load Factor:    87.9135 %

[P]full bucket LFactor:   60.8983 %

[P]set request:           86933766 
[P]get request:           72193428 

[P]Get Hit Rate:          75.1010 %
[P]ACC Hit Rate:          78.1171 %

[P]total cuckoo num:      4766510 
[P]total cuckoo path:     2880888 
[P]total cp perset:       0.033065 / set
[P]total cp percuckoo:    0.604402 / cuckoo num

[P]cuckoo path / s:       21.533 / s
[P]cp per set * s:        0.000007 / set * s

[P]break loop / s:        0 / s
[P]break / set :          0 %

[P]Throughput:            5223141.007 ops
[P]all request:           159127194 o

[P]GetThroughput:         2345218.509 ops
[P]SetThroughput:         2877922.498 ops

[P]Valid Entries:         1574871.396 / s
[P]set success:           2893455.291 / s

[P]expire scan persec:    8641690.606 / s
[P]total expire scan:     31129336
[P]expire hit persec:     1387573.471 / s
[P]total expire hit:      4444861

[P]expire hit rate:       16.056736 %
[P]total expire hit rate: 14.278689 %

[P]get found:             1761282.860 / s

----------------------------------

[INFO]Current Time:       45.84 s

[P]indexs Load Factor:    89.1331 %

[P]full bucket LFactor:   63.0498 %

[P]set request:           89137609 
[P]get request:           74088895 

[P]Get Hit Rate:          73.3832 %
[P]ACC Hit Rate:          77.9960 %

[P]total cuckoo num:      4766511 
[P]total cuckoo path:     2880891 
[P]total cp perset:       0.032198 / set
[P]total cp percuckoo:    0.604402 / cuckoo num

[P]cuckoo path / s:       3.577 / s
[P]cp per set * s:        0.000001 / set * s

[P]break loop / s:        0 / s
[P]break / set :          0 %

[P]Throughput:            4887153.097 ops
[P]all request:           163226504 o

[P]GetThroughput:         2259755.281 ops
[P]SetThroughput:         2627397.816 ops

[P]Valid Entries:         1422608.372 / s
[P]set success:           2796682.722 / s

[P]expire scan persec:    8482776.640 / s
[P]total expire scan:     38244630
[P]expire hit persec:     1413905.391 / s
[P]total expire hit:      5630835

[P]expire hit rate:       16.667955 %
[P]total expire hit rate: 14.723204 %

[P]get found:             1658280.332 / s

----------------------------------

[INFO]Current Time:       46.68 s

[P]indexs Load Factor:    90.2530 %

[P]full bucket LFactor:   65.0975 %

[P]set request:           91490821 
[P]get request:           76035843 

[P]Get Hit Rate:          72.0096 %
[P]ACC Hit Rate:          77.8427 %

[P]total cuckoo num:      4766516 
[P]total cuckoo path:     2880901 
[P]total cp perset:       0.031379 / set
[P]total cp percuckoo:    0.604404 / cuckoo num

[P]cuckoo path / s:       12.026 / s
[P]cp per set * s:        0.000004 / set * s

[P]break loop / s:        0 / s
[P]break / set :          0 %

[P]Throughput:            5171557.258 ops
[P]all request:           167526664 o

[P]GetThroughput:         2341483.354 ops
[P]SetThroughput:         2830073.904 ops

[P]Valid Entries:         1378157.905 / s
[P]set success:           2810794.334 / s

[P]expire scan persec:    8950896.512 / s
[P]total expire scan:     45687318
[P]expire hit persec:     1592880.189 / s
[P]total expire hit:      6955318

[P]expire hit rate:       17.795761 %
[P]total expire hit rate: 15.223739 %

[P]get found:             1686093.438 / s

----------------------------------

[INFO]Current Time:       47.52 s

[P]indexs Load Factor:    91.3157 %

[P]full bucket LFactor:   67.1072 %

[P]set request:           93784915 
[P]get request:           77935334 

[P]Get Hit Rate:          73.0016 %
[P]ACC Hit Rate:          77.7247 %

[P]total cuckoo num:      4766518 
[P]total cuckoo path:     2880903 
[P]total cp perset:       0.030591 / set
[P]total cp percuckoo:    0.604404 / cuckoo num

[P]cuckoo path / s:       2.367 / s
[P]cp per set * s:        0.000001 / set * s

[P]break loop / s:        0 / s
[P]break / set :          0 %

[P]Throughput:            4964032.446 ops
[P]all request:           171720249 o

[P]GetThroughput:         2248466.397 ops
[P]SetThroughput:         2715566.049 ops

[P]Valid Entries:         1228186.939 / s
[P]set success:           2796950.383 / s

[P]expire scan persec:    8737083.472 / s
[P]total expire scan:     53068354
[P]expire hit persec:     1569046.353 / s
[P]total expire hit:      8280839

[P]expire hit rate:       17.958468 %
[P]total expire hit rate: 15.604100 %

[P]get found:             1641416.656 / s

----------------------------------

[INFO]Current Time:       48.34 s

[P]indexs Load Factor:    92.2262 %

[P]full bucket LFactor:   68.8815 %

[P]set request:           96021706 
[P]get request:           79847218 

[P]Get Hit Rate:          75.7203 %
[P]ACC Hit Rate:          77.6767 %

[P]total cuckoo num:      4766522 
[P]total cuckoo path:     2880913 
[P]total cp perset:       0.029848 / set
[P]total cp percuckoo:    0.604406 / cuckoo num

[P]cuckoo path / s:       12.181 / s
[P]cp per set * s:        0.000004 / set * s

[P]break loop / s:        0 / s
[P]break / set :          0 %

[P]Throughput:            5053485.814 ops
[P]all request:           175868924 o

[P]GetThroughput:         2328858.894 ops
[P]SetThroughput:         2724626.920 ops

[P]Valid Entries:         1179788.424 / s
[P]set success:           2855869.492 / s

[P]expire scan persec:    9238029.208 / s
[P]total expire scan:     60652343
[P]expire hit persec:     1719926.445 / s
[P]total expire hit:      9692818

[P]expire hit rate:       18.617894 %
[P]total expire hit rate: 15.980946 %

[P]get found:             1763419.793 / s

----------------------------------

[INFO]Current Time:       49.15 s

[P]indexs Load Factor:    93.0821 %

[P]full bucket LFactor:   70.5943 %

[P]set request:           98185357 
[P]get request:           81502334 

[P]Get Hit Rate:          78.6410 %
[P]ACC Hit Rate:          77.6963 %

[P]total cuckoo num:      4766528 
[P]total cuckoo path:     2880950 
[P]total cp perset:       0.029185 / set
[P]total cp percuckoo:    0.604413 / cuckoo num

[P]cuckoo path / s:       45.729 / s
[P]cp per set * s:        0.000017 / set * s

[P]break loop / s:        0 / s
[P]break / set :          0 %

[P]Throughput:            4719707.885 ops
[P]all request:           179687691 o

[P]GetThroughput:         2045598.497 ops
[P]SetThroughput:         2674109.388 ops

[P]Valid Entries:         1014430.803 / s
[P]set success:           2713113.931 / s

[P]expire scan persec:    8748333.728 / s
[P]total expire scan:     67730715
[P]expire hit persec:     1743821.564 / s
[P]total expire hit:      11103763

[P]expire hit rate:       19.933185 %
[P]total expire hit rate: 16.393985 %

[P]get found:             1608678.158 / s

----------------------------------

[INFO]Current Time:       49.96 s

[P]indexs Load Factor:    93.8544 %

[P]full bucket LFactor:   72.1915 %

[P]set request:           100397855 
[P]get request:           83330557 

[P]Get Hit Rate:          75.6023 %
[P]ACC Hit Rate:          77.6504 %

[P]total cuckoo num:      4766543 
[P]total cuckoo path:     2881020 
[P]total cp perset:       0.028547 / set
[P]total cp percuckoo:    0.604425 / cuckoo num

[P]cuckoo path / s:       86.766 / s
[P]cp per set * s:        0.000032 / set * s

[P]break loop / s:        0 / s
[P]break / set :          0 %

[P]Throughput:            5008541.304 ops
[P]all request:           183728412 o

[P]GetThroughput:         2266113.005 ops
[P]SetThroughput:         2742428.299 ops

[P]Valid Entries:         975908.712 / s
[P]set success:           2735359.335 / s

[P]expire scan persec:    9287364.232 / s
[P]total expire scan:     75223445
[P]expire hit persec:     1834245.542 / s
[P]total expire hit:      12583570

[P]expire hit rate:       19.749904 %
[P]total expire hit rate: 16.728255 %

[P]get found:             1713232.763 / s

----------------------------------

[INFO]Current Time:       50.76 s

[P]indexs Load Factor:    94.5659 %

[P]full bucket LFactor:   73.7009 %

[P]set request:           102686488 
[P]get request:           85150757 

[P]Get Hit Rate:          76.7983 %
[P]ACC Hit Rate:          77.6322 %

[P]total cuckoo num:      4766554 
[P]total cuckoo path:     2881054 
[P]total cp perset:       0.027904 / set
[P]total cp percuckoo:    0.604431 / cuckoo num

[P]cuckoo path / s:       42.311 / s
[P]cp per set * s:        0.000015 / set * s

[P]break loop / s:        0 / s
[P]break / set :          0 %

[P]Throughput:            5113224.530 ops
[P]all request:           187837246 o

[P]GetThroughput:         2265141.714 ops
[P]SetThroughput:         2848081.572 ops

[P]Valid Entries:         908202.112 / s
[P]set success:           2896374.811 / s

[P]expire scan persec:    9623247.123 / s
[P]total expire scan:     82956398
[P]expire hit persec:     1912420.746 / s
[P]total expire hit:      14120334

[P]expire hit rate:       19.872926 %
[P]total expire hit rate: 17.021392 %

[P]get found:             1739589.512 / s

----------------------------------

[INFO]Current Time:       51.56 s

[P]indexs Load Factor:    95.2018 %

[P]full bucket LFactor:   75.0912 %

[P]set request:           104958560 
[P]get request:           86928374 

[P]Get Hit Rate:          76.5619 %
[P]ACC Hit Rate:          77.6103 %

[P]total cuckoo num:      4766567 
[P]total cuckoo path:     2881098 
[P]total cp perset:       0.027333 / set
[P]total cp percuckoo:    0.604439 / cuckoo num

[P]cuckoo path / s:       55.168 / s
[P]cp per set * s:        0.000020 / set * s

[P]break loop / s:        0 / s
[P]break / set :          0 %

[P]Throughput:            5077526.998 ops
[P]all request:           191886934 o

[P]GetThroughput:         2228788.566 ops
[P]SetThroughput:         2848739.686 ops

[P]Valid Entries:         828450.441 / s
[P]set success:           2709308.829 / s

[P]expire scan persec:    9759185.763 / s
[P]total expire scan:     90740041
[P]expire hit persec:     2099307.921 / s
[P]total expire hit:      15794681

[P]expire hit rate:       21.511097 %
[P]total expire hit rate: 17.406517 %

[P]get found:             1706402.434 / s

----------------------------------

[INFO]Current Time:       52.34 s

[P]indexs Load Factor:    95.7713 %

[P]full bucket LFactor:   76.3653 %

[P]set request:           107105653 
[P]get request:           88632530 

[P]Get Hit Rate:          76.6893 %
[P]ACC Hit Rate:          77.5926 %

[P]total cuckoo num:      4766580 
[P]total cuckoo path:     2881153 
[P]total cp perset:       0.026766 / set
[P]total cp percuckoo:    0.604449 / cuckoo num

[P]cuckoo path / s:       70.207 / s
[P]cp per set * s:        0.000025 / set * s

[P]break loop / s:        0 / s
[P]break / set :          0 %

[P]Throughput:            4916088.778 ops
[P]all request:           195738183 o

[P]GetThroughput:         2175341.607 ops
[P]SetThroughput:         2740747.171 ops

[P]Valid Entries:         737449.888 / s
[P]set success:           2848273.756 / s

[P]expire scan persec:    9677713.080 / s
[P]total expire scan:     98321532
[P]expire hit persec:     2087799.781 / s
[P]total expire hit:      17430257

[P]expire hit rate:       21.573276 %
[P]total expire hit rate: 17.727813 %

[P]get found:             1668255.135 / s

----------------------------------

[INFO]Current Time:       53.13 s

[P]indexs Load Factor:    96.2785 %

[P]full bucket LFactor:   77.5352 %

[P]set request:           109303756 
[P]get request:           90377502 

[P]Get Hit Rate:          78.0364 %
[P]ACC Hit Rate:          77.6011 %

[P]total cuckoo num:      4766603 
[P]total cuckoo path:     2881279 
[P]total cp perset:       0.026211 / set
[P]total cp percuckoo:    0.604472 / cuckoo num

[P]cuckoo path / s:       159.509 / s
[P]cp per set * s:        0.000055 / set * s

[P]break loop / s:        0 / s
[P]break / set :          0 %

[P]Throughput:            4991707.452 ops
[P]all request:           199681258 o

[P]GetThroughput:         2209034.760 ops
[P]SetThroughput:         2782672.692 ops

[P]Valid Entries:         676119.801 / s
[P]set success:           2894836.491 / s

[P]expire scan persec:    9945049.240 / s
[P]total expire scan:     106177376
[P]expire hit persec:     2227464.355 / s
[P]total expire hit:      19189787

[P]expire hit rate:       22.397721 %
[P]total expire hit rate: 18.073329 %

[P]get found:             1723850.784 / s

----------------------------------

[INFO]Current Time:       53.92 s

[P]indexs Load Factor:    96.7292 %

[P]full bucket LFactor:   78.5980 %

[P]set request:           111446250 
[P]get request:           92142923 

[P]Get Hit Rate:          75.1565 %
[P]ACC Hit Rate:          77.5543 %

[P]total cuckoo num:      4766616 
[P]total cuckoo path:     2881344 
[P]total cp perset:       0.025690 / set
[P]total cp percuckoo:    0.604484 / cuckoo num

[P]cuckoo path / s:       82.764 / s
[P]cp per set * s:        0.000029 / set * s

[P]break loop / s:        0 / s
[P]break / set :          0 %

[P]Throughput:            4975916.591 ops
[P]all request:           203589174 o

[P]GetThroughput:         2247895.718 ops
[P]SetThroughput:         2728019.600 ops

[P]Valid Entries:         598228.043 / s
[P]set success:           2843419.290 / s

[P]expire scan persec:    9873159.042 / s
[P]total expire scan:     113931420
[P]expire hit persec:     2160325.089 / s
[P]total expire hit:      20886433

[P]expire hit rate:       21.880789 %
[P]total expire hit rate: 18.332461 %

[P]get found:             1689438.939 / s

----------------------------------

[INFO]Current Time:       54.69 s

[P]indexs Load Factor:    97.1271 %

[P]full bucket LFactor:   79.5551 %

[P]set request:           113532455 
[P]get request:           93830828 

[P]Get Hit Rate:          76.5433 %
[P]ACC Hit Rate:          77.5361 %

[P]total cuckoo num:      4766639 
[P]total cuckoo path:     2881476 
[P]total cp perset:       0.025210 / set
[P]total cp percuckoo:    0.604509 / cuckoo num

[P]cuckoo path / s:       171.909 / s
[P]cp per set * s:        0.000062 / set * s

[P]break loop / s:        0 / s
[P]break / set :          0 %

[P]Throughput:            4915166.221 ops
[P]all request:           207363284 o

[P]GetThroughput:         2198222.532 ops
[P]SetThroughput:         2716943.689 ops

[P]Valid Entries:         535487.454 / s
[P]set success:           2788284.453 / s

[P]expire scan persec:    9953891.743 / s
[P]total expire scan:     121574515
[P]expire hit persec:     2293858.408 / s
[P]total expire hit:      22647772

[P]expire hit rate:       23.044840 %
[P]total expire hit rate: 18.628717 %

[P]get found:             1682591.823 / s

----------------------------------

[INFO]Current Time:       55.46 s

[P]indexs Load Factor:    97.4899 %

[P]full bucket LFactor:   80.4500 %

[P]set request:           115706551 
[P]get request:           95554637 

[P]Get Hit Rate:          76.4018 %
[P]ACC Hit Rate:          77.5157 %

[P]total cuckoo num:      4766674 
[P]total cuckoo path:     2881690 
[P]total cp perset:       0.024738 / set
[P]total cp percuckoo:    0.604549 / cuckoo num

[P]cuckoo path / s:       277.669 / s
[P]cp per set * s:        0.000098 / set * s

[P]break loop / s:        0 / s
[P]break / set :          0 %

[P]Throughput:            5057594.961 ops
[P]all request:           211261188 o

[P]GetThroughput:         2236670.711 ops
[P]SetThroughput:         2820925.547 ops

[P]Valid Entries:         489450.492 / s
[P]set success:           2837355.999 / s

[P]expire scan persec:    10248625.226 / s
[P]total expire scan:     129473162
[P]expire hit persec:     2294149.397 / s
[P]total expire hit:      24415880

[P]expire hit rate:       22.384948 %
[P]total expire hit rate: 18.857870 %

[P]get found:             1708856.548 / s

----------------------------------

[INFO]Current Time:       56.23 s

[P]indexs Load Factor:    97.7989 %

[P]full bucket LFactor:   81.2279 %

[P]set request:           117802866 
[P]get request:           97214692 

[P]Get Hit Rate:          76.4078 %
[P]ACC Hit Rate:          77.4967 %

[P]total cuckoo num:      4766705 
[P]total cuckoo path:     2881891 
[P]total cp perset:       0.024283 / set
[P]total cp percuckoo:    0.604588 / cuckoo num

[P]cuckoo path / s:       260.595 / s
[P]cp per set * s:        0.000092 / set * s

[P]break loop / s:        0 / s
[P]break / set :          0 %

[P]Throughput:            4870110.477 ops
[P]all request:           215017558 o

[P]GetThroughput:         2152251.042 ops
[P]SetThroughput:         2717859.435 ops

[P]Valid Entries:         427836.477 / s
[P]set success:           2842519.908 / s

[P]expire scan persec:    10170708.761 / s
[P]total expire scan:     137317942
[P]expire hit persec:     2301000.371 / s
[P]total expire hit:      26190667

[P]expire hit rate:       22.623796 %
[P]total expire hit rate: 19.073012 %

[P]get found:             1644488.315 / s

----------------------------------

[INFO]Current Time:       56.99 s

[P]indexs Load Factor:    98.0849 %

[P]full bucket LFactor:   81.9643 %

[P]set request:           119878353 
[P]get request:           98889734 

[P]Get Hit Rate:          74.8342 %
[P]ACC Hit Rate:          77.4516 %

[P]total cuckoo num:      4766744 
[P]total cuckoo path:     2882188 
[P]total cp perset:       0.023856 / set
[P]total cp percuckoo:    0.604645 / cuckoo num

[P]cuckoo path / s:       388.279 / s
[P]cp per set * s:        0.000139 / set * s

[P]break loop / s:        0 / s
[P]break / set :          0 %

[P]Throughput:            4903204.796 ops
[P]all request:           218768087 o

[P]GetThroughput:         2189844.144 ops
[P]SetThroughput:         2713360.652 ops

[P]Valid Entries:         381878.325 / s
[P]set success:           2791432.194 / s

[P]expire scan persec:    10238547.176 / s
[P]total expire scan:     145149548
[P]expire hit persec:     2335976.951 / s
[P]total expire hit:      27977488

[P]expire hit rate:       22.815512 %
[P]total expire hit rate: 19.274940 %

[P]get found:             1638753.287 / s

----------------------------------

[INFO]Current Time:       57.77 s

[P]indexs Load Factor:    98.3323 %

[P]full bucket LFactor:   82.6128 %

[P]set request:           121999429 
[P]get request:           100601133 

[P]Get Hit Rate:          71.8850 %
[P]ACC Hit Rate:          77.3569 %

[P]total cuckoo num:      4766777 
[P]total cuckoo path:     2882408 
[P]total cp perset:       0.023443 / set
[P]total cp percuckoo:    0.604687 / cuckoo num

[P]cuckoo path / s:       284.082 / s
[P]cp per set * s:        0.000103 / set * s

[P]break loop / s:        0 / s
[P]break / set :          0 %

[P]Throughput:            4948806.627 ops
[P]all request:           222600562 o

[P]GetThroughput:         2209899.011 ops
[P]SetThroughput:         2738907.616 ops

[P]Valid Entries:         335254.298 / s
[P]set success:           2758405.977 / s

[P]expire scan persec:    10239724.261 / s
[P]total expire scan:     153079437
[P]expire hit persec:     2354013.849 / s
[P]total expire hit:      29800493

[P]expire hit rate:       22.989036 %
[P]total expire hit rate: 19.467339 %

[P]get found:             1588585.683 / s

----------------------------------

[INFO]Current Time:       58.54 s

[P]indexs Load Factor:    98.5516 %

[P]full bucket LFactor:   83.1990 %

[P]set request:           124090409 
[P]get request:           102320870 

[P]Get Hit Rate:          76.2689 %
[P]ACC Hit Rate:          77.3386 %

[P]total cuckoo num:      4766815 
[P]total cuckoo path:     2882689 
[P]total cp perset:       0.023043 / set
[P]total cp percuckoo:    0.604741 / cuckoo num

[P]cuckoo path / s:       365.036 / s
[P]cp per set * s:        0.000131 / set * s

[P]break loop / s:        0 / s
[P]break / set :          0 %

[P]Throughput:            4950345.897 ops
[P]all request:           226411279 o

[P]GetThroughput:         2234039.684 ops
[P]SetThroughput:         2716306.213 ops

[P]Valid Entries:         306431.111 / s
[P]set success:           2792684.382 / s

[P]expire scan persec:    10644141.913 / s
[P]total expire scan:     161273170
[P]expire hit persec:     2553483.468 / s
[P]total expire hit:      31766134

[P]expire hit rate:       23.989566 %
[P]total expire hit rate: 19.697098 %

[P]get found:             1703876.852 / s

----------------------------------

[INFO]Current Time:       59.29 s

[P]indexs Load Factor:    98.7405 %

[P]full bucket LFactor:   83.7146 %

[P]set request:           126174979 
[P]get request:           103968052 

[P]Get Hit Rate:          76.2136 %
[P]ACC Hit Rate:          77.3208 %

[P]total cuckoo num:      4766875 
[P]total cuckoo path:     2883153 
[P]total cp perset:       0.022651 / set
[P]total cp percuckoo:    0.604831 / cuckoo num

[P]cuckoo path / s:       614.638 / s
[P]cp per set * s:        0.000212 / set * s

[P]break loop / s:        0 / s
[P]break / set :          0 %

[P]Throughput:            4943268.170 ops
[P]all request:           230143031 o

[P]GetThroughput:         2181940.909 ops
[P]SetThroughput:         2761327.261 ops

[P]Valid Entries:         268252.379 / s
[P]set success:           2894956.706 / s

[P]expire scan persec:    10696184.087 / s
[P]total expire scan:     169347890
[P]expire hit persec:     2530256.505 / s
[P]total expire hit:      33676265

[P]expire hit rate:       23.655693 %
[P]total expire hit rate: 19.885849 %

[P]get found:             1662934.788 / s

----------------------------------

[INFO]Current Time:       60.05 s

[P]indexs Load Factor:    98.9039 %

[P]full bucket LFactor:   84.1675 %

[P]set request:           128176187 
[P]get request:           105514109 

[P]Get Hit Rate:          79.3596 %
[P]ACC Hit Rate:          77.3507 %

[P]total cuckoo num:      4766941 
[P]total cuckoo path:     2883657 
[P]total cp perset:       0.022287 / set
[P]total cp percuckoo:    0.604928 / cuckoo num

[P]cuckoo path / s:       664.795 / s
[P]cp per set * s:        0.000240 / set * s

[P]break loop / s:        0 / s
[P]break / set :          0 %

[P]Throughput:            4678979.457 ops
[P]all request:           233690296 o

[P]GetThroughput:         2039308.860 ops
[P]SetThroughput:         2639670.597 ops

[P]Valid Entries:         226192.696 / s
[P]set success:           2771941.150 / s

[P]expire scan persec:    10289473.207 / s
[P]total expire scan:     177148627
[P]expire hit persec:     2446085.854 / s
[P]total expire hit:      35530711

[P]expire hit rate:       23.772703 %
[P]total expire hit rate: 20.057006 %

[P]get found:             1618387.814 / s

----------------------------------

[INFO]Current Time:       60.81 s

[P]indexs Load Factor:    99.0528 %

[P]full bucket LFactor:   84.5845 %

[P]set request:           130265240 
[P]get request:           107196453 

[P]Get Hit Rate:          74.6138 %
[P]ACC Hit Rate:          77.3077 %

[P]total cuckoo num:      4767016 
[P]total cuckoo path:     2884294 
[P]total cp perset:       0.021941 / set
[P]total cp percuckoo:    0.605052 / cuckoo num

[P]cuckoo path / s:       839.970 / s
[P]cp per set * s:        0.000308 / set * s

[P]break loop / s:        0 / s
[P]break / set :          0 %

[P]Throughput:            4973096.243 ops
[P]all request:           237461694 o

[P]GetThroughput:         2218397.163 ops
[P]SetThroughput:         2754697.761 ops

[P]Valid Entries:         203920.262 / s
[P]set success:           2725363.413 / s

[P]expire scan persec:    10592679.516 / s
[P]total expire scan:     185181693
[P]expire hit persec:     2576021.441 / s
[P]total expire hit:      37484263

[P]expire hit rate:       24.318884 %
[P]total expire hit rate: 20.241884 %

[P]get found:             1655230.703 / s

----------------------------------

[INFO]Current Time:       61.57 s

[P]indexs Load Factor:    99.1826 %

[P]full bucket LFactor:   84.9558 %

[P]set request:           132342520 
[P]get request:           108884145 

[P]Get Hit Rate:          74.5075 %
[P]ACC Hit Rate:          77.2643 %

[P]total cuckoo num:      4767072 
[P]total cuckoo path:     2884755 
[P]total cp perset:       0.021584 / set
[P]total cp percuckoo:    0.605142 / cuckoo num

[P]cuckoo path / s:       607.745 / s
[P]cp per set * s:        0.000210 / set * s

[P]break loop / s:        0 / s
[P]break / set :          0 %

[P]Throughput:            4963430.763 ops
[P]all request:           241226665 o

[P]GetThroughput:         2224915.515 ops
[P]SetThroughput:         2738516.566 ops

[P]Valid Entries:         183205.398 / s
[P]set success:           2899712.638 / s

[P]expire scan persec:    10895664.758 / s
[P]total expire scan:     193446513
[P]expire hit persec:     2604694.060 / s
[P]total expire hit:      39460033

[P]expire hit rate:       23.905784 %
[P]total expire hit rate: 20.398420 %

[P]get found:             1657728.773 / s

----------------------------------

[INFO]Current Time:       62.32 s

[P]indexs Load Factor:    99.2984 %

[P]full bucket LFactor:   85.2926 %

[P]set request:           134460111 
[P]get request:           110526736 

[P]Get Hit Rate:          77.2869 %
[P]ACC Hit Rate:          77.2647 %

[P]total cuckoo num:      4767152 
[P]total cuckoo path:     2885460 
[P]total cp perset:       0.021255 / set
[P]total cp percuckoo:    0.605280 / cuckoo num

[P]cuckoo path / s:       936.353 / s
[P]cp per set * s:        0.000336 / set * s

[P]break loop / s:        0 / s
[P]break / set :          0 %

[P]Throughput:            4994126.434 ops
[P]all request:           244986847 o

[P]GetThroughput:         2181625.021 ops
[P]SetThroughput:         2812501.414 ops

[P]Valid Entries:         159858.765 / s
[P]set success:           2786930.333 / s

[P]expire scan persec:    10934645.820 / s
[P]total expire scan:     201679436
[P]expire hit persec:     2622137.450 / s
[P]total expire hit:      41434295

[P]expire hit rate:       23.980086 %
[P]total expire hit rate: 20.544631 %

[P]get found:             1686109.467 / s

----------------------------------

[INFO]Current Time:       63.11 s

[P]indexs Load Factor:    99.3972 %

[P]full bucket LFactor:   85.5833 %

[P]set request:           136570240 
[P]get request:           112285766 

[P]Get Hit Rate:          74.3592 %
[P]ACC Hit Rate:          77.2192 %

[P]total cuckoo num:      4767249 
[P]total cuckoo path:     2886325 
[P]total cp perset:       0.020915 / set
[P]total cp percuckoo:    0.605449 / cuckoo num

[P]cuckoo path / s:       1099.927 / s
[P]cp per set * s:        0.000384 / set * s

[P]break loop / s:        0 / s
[P]break / set :          0 %

[P]Throughput:            4919989.847 ops
[P]all request:           248856006 o

[P]GetThroughput:         2236767.665 ops
[P]SetThroughput:         2683222.182 ops

[P]Valid Entries:         136566.388 / s
[P]set success:           2861884.608 / s

[P]expire scan persec:    10827427.745 / s
[P]total expire scan:     210194299
[P]expire hit persec:     2605931.034 / s
[P]total expire hit:      43483641

[P]expire hit rate:       24.067868 %
[P]total expire hit rate: 20.687355 %

[P]get found:             1663241.733 / s

----------------------------------

[INFO]Current Time:       63.87 s

[P]indexs Load Factor:    99.4811 %

[P]full bucket LFactor:   85.8337 %

[P]set request:           138666435 
[P]get request:           113971753 

[P]Get Hit Rate:          74.3435 %
[P]ACC Hit Rate:          77.1766 %

[P]total cuckoo num:      4767345 
[P]total cuckoo path:     2887216 
[P]total cp perset:       0.020610 / set
[P]total cp percuckoo:    0.605623 / cuckoo num

[P]cuckoo path / s:       1171.410 / s
[P]cp per set * s:        0.000428 / set * s

[P]break loop / s:        0 / s
[P]break / set :          0 %

[P]Throughput:            4972485.516 ops
[P]all request:           252638188 o

[P]GetThroughput:         2216589.772 ops
[P]SetThroughput:         2755895.744 ops

[P]Valid Entries:         118213.774 / s
[P]set success:           2736624.674 / s

[P]expire scan persec:    10774344.859 / s
[P]total expire scan:     218389503
[P]expire hit persec:     2653889.757 / s
[P]total expire hit:      45502248

[P]expire hit rate:       24.631565 %
[P]total expire hit rate: 20.835364 %

[P]get found:             1647890.752 / s

----------------------------------

[INFO]Current Time:       64.62 s

[P]indexs Load Factor:    99.5544 %

[P]full bucket LFactor:   86.0561 %

[P]set request:           140714657 
[P]get request:           115652142 

[P]Get Hit Rate:          74.3483 %
[P]ACC Hit Rate:          77.1355 %

[P]total cuckoo num:      4767452 
[P]total cuckoo path:     2888180 
[P]total cp perset:       0.020299 / set
[P]total cp percuckoo:    0.605812 / cuckoo num

[P]cuckoo path / s:       1273.985 / s
[P]cp per set * s:        0.000439 / set * s

[P]break loop / s:        0 / s
[P]break / set :          0 %

[P]Throughput:            4927586.619 ops
[P]all request:           256366799 o

[P]GetThroughput:         2220736.449 ops
[P]SetThroughput:         2706850.170 ops

[P]Valid Entries:         105250.434 / s
[P]set success:           2899006.451 / s

[P]expire scan persec:    11053119.323 / s
[P]total expire scan:     226753188
[P]expire hit persec:     2670055.271 / s
[P]total expire hit:      47522628

[P]expire hit rate:       24.156577 %
[P]total expire hit rate: 20.957865 %

[P]get found:             1651080.253 / s

----------------------------------

[INFO]Current Time:       65.38 s

[P]indexs Load Factor:    99.6180 %

[P]full bucket LFactor:   86.2511 %

[P]set request:           142757293 
[P]get request:           117327762 

[P]Get Hit Rate:          72.8694 %
[P]ACC Hit Rate:          77.0746 %

[P]total cuckoo num:      4767555 
[P]total cuckoo path:     2889108 
[P]total cp perset:       0.020004 / set
[P]total cp percuckoo:    0.605994 / cuckoo num

[P]cuckoo path / s:       1222.605 / s
[P]cp per set * s:        0.000432 / set * s

[P]break loop / s:        0 / s
[P]break / set :          0 %

[P]Throughput:            4898662.943 ops
[P]all request:           260085055 o

[P]GetThroughput:         2207566.558 ops
[P]SetThroughput:         2691096.385 ops

[P]Valid Entries:         88663.911 / s
[P]set success:           2830561.650 / s

[P]expire scan persec:    10791492.330 / s
[P]total expire scan:     234944307
[P]expire hit persec:     2616068.211 / s
[P]total expire hit:      49508315

[P]expire hit rate:       24.241950 %
[P]total expire hit rate: 21.072362 %

[P]get found:             1608640.189 / s

----------------------------------

[INFO]Current Time:       66.14 s

[P]indexs Load Factor:    99.6725 %

[P]full bucket LFactor:   86.4196 %

[P]set request:           144887248 
[P]get request:           118875532 

[P]Get Hit Rate:          80.6206 %
[P]ACC Hit Rate:          77.1208 %

[P]total cuckoo num:      4767656 
[P]total cuckoo path:     2890068 
[P]total cp perset:       0.019711 / set
[P]total cp percuckoo:    0.606182 / cuckoo num

[P]cuckoo path / s:       1271.137 / s
[P]cp per set * s:        0.000437 / set * s

[P]break loop / s:        0 / s
[P]break / set :          0 %

[P]Throughput:            4869680.398 ops
[P]all request:           263762780 o

[P]GetThroughput:         2049404.246 ops
[P]SetThroughput:         2820276.152 ops

[P]Valid Entries:         78523.178 / s
[P]set success:           2908576.495 / s

[P]expire scan persec:    11110966.862 / s
[P]total expire scan:     243335634
[P]expire hit persec:     2647186.984 / s
[P]total expire hit:      51507548

[P]expire hit rate:       23.824992 %
[P]total expire hit rate: 21.167285 %

[P]get found:             1652241.389 / s

----------------------------------

[INFO]Current Time:       66.88 s

[P]indexs Load Factor:    99.7186 %

[P]full bucket LFactor:   86.5637 %

[P]set request:           146895804 
[P]get request:           120488291 

[P]Get Hit Rate:          71.1725 %
[P]ACC Hit Rate:          77.0411 %

[P]total cuckoo num:      4767763 
[P]total cuckoo path:     2891074 
[P]total cp perset:       0.019438 / set
[P]total cp percuckoo:    0.606380 / cuckoo num

[P]cuckoo path / s:       1350.599 / s
[P]cp per set * s:        0.000476 / set * s

[P]break loop / s:        0 / s
[P]break / set :          0 %

[P]Throughput:            4861773.573 ops
[P]all request:           267384096 o

[P]GetThroughput:         2165198.808 ops
[P]SetThroughput:         2696573.423 ops

[P]Valid Entries:         66270.623 / s
[P]set success:           2836350.977 / s

[P]expire scan persec:    10849024.027 / s
[P]total expire scan:     251416583
[P]expire hit persec:     2693265.396 / s
[P]total expire hit:      53513640

[P]expire hit rate:       24.824956 %
[P]total expire hit rate: 21.284849 %

[P]get found:             1541026.257 / s

----------------------------------

[INFO]Current Time:       67.64 s

[P]indexs Load Factor:    99.7601 %

[P]full bucket LFactor:   86.6951 %

[P]set request:           148933724 
[P]get request:           122126465 

[P]Get Hit Rate:          77.0911 %
[P]ACC Hit Rate:          77.0418 %

[P]total cuckoo num:      4767869 
[P]total cuckoo path:     2892096 
[P]total cp perset:       0.019168 / set
[P]total cp percuckoo:    0.606580 / cuckoo num

[P]cuckoo path / s:       1353.298 / s
[P]cp per set * s:        0.000477 / set * s

[P]break loop / s:        0 / s
[P]break / set :          0 %

[P]Throughput:            4867759.190 ops
[P]all request:           271060189 o

[P]GetThroughput:         2169215.127 ops
[P]SetThroughput:         2698545.388 ops

[P]Valid Entries:         58448.709 / s
[P]set success:           2839404.923 / s

[P]expire scan persec:    11074996.215 / s
[P]total expire scan:     259780332
[P]expire hit persec:     2704243.276 / s
[P]total expire hit:      55555863

[P]expire hit rate:       24.417555 %
[P]total expire hit rate: 21.385708 %

[P]get found:             1672271.331 / s

----------------------------------

[INFO]Current Time:       68.39 s

[P]indexs Load Factor:    99.7888 %

[P]full bucket LFactor:   86.7866 %

[P]set request:           150951502 
[P]get request:           123744714 

[P]Get Hit Rate:          73.2319 %
[P]ACC Hit Rate:          76.9920 %

[P]total cuckoo num:      4767951 
[P]total cuckoo path:     2892887 
[P]total cp perset:       0.018913 / set
[P]total cp percuckoo:    0.606736 / cuckoo num

[P]cuckoo path / s:       1048.489 / s
[P]cp per set * s:        0.000380 / set * s

[P]break loop / s:        0 / s
[P]break / set :          0 %

[P]Throughput:            4819639.647 ops
[P]all request:           274696216 o

[P]GetThroughput:         2145027.262 ops
[P]SetThroughput:         2674612.386 ops

[P]Valid Entries:         48540.675 / s
[P]set success:           2756035.325 / s

[P]expire scan persec:    10535799.842 / s
[P]total expire scan:     267728738
[P]expire hit persec:     2635705.617 / s
[P]total expire hit:      57544289

[P]expire hit rate:       25.016664 %
[P]total expire hit rate: 21.493505 %

[P]get found:             1570844.896 / s

----------------------------------
[INFO]End rx_queue_1:1501786

[INFO]Current Time:       69.14 s

[P]indexs Load Factor:    99.8112 %

[P]full bucket LFactor:   86.8588 %

[P]set request:           152374414 
[P]get request:           124871954 

[P]Get Hit Rate:          73.2045 %
[P]ACC Hit Rate:          76.9578 %

[P]total cuckoo num:      4768003 
[P]total cuckoo path:     2893396 
[P]total cp perset:       0.018738 / set
[P]total cp percuckoo:    0.606836 / cuckoo num

[P]cuckoo path / s:       676.362 / s
[P]cp per set * s:        0.000350 / set * s

[P]break loop / s:        0 / s
[P]break / set :          0 %

[P]Throughput:            3388658.042 ops
[P]all request:           277246368 o

[P]GetThroughput:         1497883.613 ops
[P]SetThroughput:         1890774.429 ops

[P]Valid Entries:         30072.215 / s
[P]set success:           1934024.417 / s

[P]expire scan persec:    7234097.236 / s
[P]total expire scan:     273172795
[P]expire hit persec:     1917637.577 / s
[P]total expire hit:      58987417

[P]expire hit rate:       26.508319 %
[P]total expire hit rate: 21.593445 %

[P]get found:             1096517.670 / s

----------------------------------

[INFO]Current Time:       69.90 s

[P]indexs Load Factor:    99.8331 %

[P]full bucket LFactor:   86.9288 %

[P]set request:           153956354 
[P]get request:           126172741 

[P]Get Hit Rate:          72.1824 %
[P]ACC Hit Rate:          76.9086 %

[P]total cuckoo num:      4768038 
[P]total cuckoo path:     2893740 
[P]total cp perset:       0.018535 / set
[P]total cp percuckoo:    0.606904 / cuckoo num

[P]cuckoo path / s:       457.426 / s
[P]cp per set * s:        0.000202 / set * s

[P]break loop / s:        0 / s
[P]break / set :          0 %

[P]Throughput:            3833240.513 ops
[P]all request:           280129095 o

[P]GetThroughput:         1729691.860 ops
[P]SetThroughput:         2103548.653 ops

[P]Valid Entries:         30426.818 / s
[P]set success:           2269672.802 / s

[P]expire scan persec:    8070682.193 / s
[P]total expire scan:     279242222
[P]expire hit persec:     2150481.374 / s
[P]total expire hit:      60604652

[P]expire hit rate:       26.645596 %
[P]total expire hit rate: 21.703255 %

[P]get found:             1248532.731 / s

----------------------------------

[INFO]Current Time:       70.64 s

[P]indexs Load Factor:    99.8525 %

[P]full bucket LFactor:   86.9927 %

[P]set request:           155667209 
[P]get request:           127526091 

[P]Get Hit Rate:          72.2092 %
[P]ACC Hit Rate:          76.8587 %

[P]total cuckoo num:      4768066 
[P]total cuckoo path:     2894018 
[P]total cp perset:       0.018332 / set
[P]total cp percuckoo:    0.606958 / cuckoo num

[P]cuckoo path / s:       372.859 / s
[P]cp per set * s:        0.000159 / set * s

[P]break loop / s:        0 / s
[P]break / set :          0 %

[P]Throughput:            4109772.284 ops
[P]all request:           283193300 o

[P]GetThroughput:         1815139.757 ops
[P]SetThroughput:         2294632.526 ops

[P]Valid Entries:         27822.263 / s
[P]set success:           2344501.759 / s

[P]expire scan persec:    8167688.988 / s
[P]total expire scan:     285331969
[P]expire hit persec:     2218123.987 / s
[P]total expire hit:      62258463

[P]expire hit rate:       27.157302 %
[P]total expire hit rate: 21.819659 %

[P]get found:             1310697.618 / s

----------------------------------

[INFO]Current Time:       71.39 s

[P]indexs Load Factor:    99.8700 %

[P]full bucket LFactor:   87.0506 %

[P]set request:           157366381 
[P]get request:           128869858 

[P]Get Hit Rate:          68.2339 %
[P]ACC Hit Rate:          76.7688 %

[P]total cuckoo num:      4768088 
[P]total cuckoo path:     2894231 
[P]total cp perset:       0.018137 / set
[P]total cp percuckoo:    0.607000 / cuckoo num

[P]cuckoo path / s:       286.204 / s
[P]cp per set * s:        0.000125 / set * s

[P]break loop / s:        0 / s
[P]break / set :          0 %

[P]Throughput:            4088735.123 ops
[P]all request:           286236239 o

[P]GetThroughput:         1805592.334 ops
[P]SetThroughput:         2283142.790 ops

[P]Valid Entries:         24766.703 / s
[P]set success:           2290797.732 / s

[P]expire scan persec:    8009156.906 / s
[P]total expire scan:     291292584
[P]expire hit persec:     2172352.374 / s
[P]total expire hit:      63875182

[P]expire hit rate:       27.123359 %
[P]total expire hit rate: 21.928187 %

[P]get found:             1232025.219 / s

----------------------------------

[INFO]Current Time:       72.13 s

[P]indexs Load Factor:    99.8841 %

[P]full bucket LFactor:   87.0971 %

[P]set request:           159051586 
[P]get request:           130221542 

[P]Get Hit Rate:          70.9462 %
[P]ACC Hit Rate:          76.7083 %

[P]total cuckoo num:      4768104 
[P]total cuckoo path:     2894383 
[P]total cp perset:       0.017945 / set
[P]total cp percuckoo:    0.607030 / cuckoo num

[P]cuckoo path / s:       203.679 / s
[P]cp per set * s:        0.000089 / set * s

[P]break loop / s:        0 / s
[P]break / set :          0 %

[P]Throughput:            4069407.354 ops
[P]all request:           289273128 o

[P]GetThroughput:         1811245.920 ops
[P]SetThroughput:         2258161.434 ops

[P]Valid Entries:         22091.110 / s
[P]set success:           2297038.626 / s

[P]expire scan persec:    7911754.381 / s
[P]total expire scan:     297196913
[P]expire hit persec:     2262378.389 / s
[P]total expire hit:      65563534

[P]expire hit rate:       28.595155 %
[P]total expire hit rate: 22.060638 %

[P]get found:             1285009.571 / s

----------------------------------
[INFO]End rx_queue_3:813455

[INFO]Current Time:       72.88 s

[P]indexs Load Factor:    99.8951 %

[P]full bucket LFactor:   87.1338 %

[P]set request:           160392588 
[P]get request:           131287589 

[P]Get Hit Rate:          73.5856 %
[P]ACC Hit Rate:          76.6830 %

[P]total cuckoo num:      4768117 
[P]total cuckoo path:     2894503 
[P]total cp perset:       0.017796 / set
[P]total cp percuckoo:    0.607054 / cuckoo num

[P]cuckoo path / s:       160.400 / s
[P]cp per set * s:        0.000088 / set * s

[P]break loop / s:        0 / s
[P]break / set :          0 %

[P]Throughput:            3217413.546 ops
[P]all request:           291680178 o

[P]GetThroughput:         1424945.081 ops
[P]SetThroughput:         1792467.128 ops

[P]Valid Entries:         15136.367 / s
[P]set success:           1815695.649 / s

[P]expire scan persec:    6446212.783 / s
[P]total expire scan:     302019531
[P]expire hit persec:     1778545.787 / s
[P]total expire hit:      66894121

[P]expire hit rate:       27.590554 %
[P]total expire hit rate: 22.148939 %

[P]get found:             1048554.279 / s

----------------------------------

[INFO]Current Time:       73.63 s

[P]indexs Load Factor:    99.9033 %

[P]full bucket LFactor:   87.1614 %

[P]set request:           161821439 
[P]get request:           132423269 

[P]Get Hit Rate:          73.3187 %
[P]ACC Hit Rate:          76.6541 %

[P]total cuckoo num:      4768125 
[P]total cuckoo path:     2894575 
[P]total cp perset:       0.017640 / set
[P]total cp percuckoo:    0.607068 / cuckoo num

[P]cuckoo path / s:       95.856 / s
[P]cp per set * s:        0.000050 / set * s

[P]break loop / s:        0 / s
[P]break / set :          0 %

[P]Throughput:            3414247.178 ops
[P]all request:           294244708 o

[P]GetThroughput:         1511969.926 ops
[P]SetThroughput:         1902278.583 ops

[P]Valid Entries:         14507.552 / s
[P]set success:           1927422.166 / s

[P]expire scan persec:    6785114.154 / s
[P]total expire scan:     307116007
[P]expire hit persec:     1891956.747 / s
[P]total expire hit:      68315219

[P]expire hit rate:       27.883934 %
[P]total expire hit rate: 22.244109 %

[P]get found:             1108556.945 / s

----------------------------------
[INFO]End rx_queue_0:1603913

[INFO]Current Time:       74.38 s

[P]indexs Load Factor:    99.9036 %

[P]full bucket LFactor:   87.1623 %

[P]set request:           162205072 
[P]get request:           132724335 

[P]Get Hit Rate:          72.4828 %
[P]ACC Hit Rate:          76.6447 %

[P]total cuckoo num:      4768126 
[P]total cuckoo path:     2894585 
[P]total cp perset:       0.017598 / set
[P]total cp percuckoo:    0.607070 / cuckoo num

[P]cuckoo path / s:       13.392 / s
[P]cp per set * s:        0.000026 / set * s

[P]break loop / s:        0 / s
[P]break / set :          0 %

[P]Throughput:            916927.362 ops
[P]all request:           294929407 o

[P]GetThroughput:         403178.117 ops
[P]SetThroughput:         513749.246 ops

[P]Valid Entries:         3563.527 / s
[P]set success:           514381.333 / s

[P]expire scan persec:    1757800.665 / s
[P]total expire scan:     308428613
[P]expire hit persec:     507510.060 / s
[P]total expire hit:      68694193

[P]expire hit rate:       28.871878 %
[P]total expire hit rate: 22.272315 %

[P]get found:             292234.699 / s

----------------------------------
[INFO]End rx_queue_2:1587049
Finish the job......

Total Index Entries:      94576767

indexs Load Factor:     99.903607 %

log_0 Load Factor:      3435973836687.819336 %

log_1 Load Factor:      3435973836727.175293 %

log_2 Load Factor:      3435973836684.187500 %

log_3 Load Factor:      3435973836774.118164 %

Get Hit Rate:           76.644658%

Max Throughput:         5523737.05

Calc Load Factor:       99.903607%

set request:              51616475 | set_success:              51616475
set_fail:                        0 | set_key_duplicate:          832791 | set_mica_evicted:                0
set_random:                      0 | set_cuckoo_evicted:        1352258 | set_expire_evicted:       22543869

get request:              41701712
get_found:                31786949 | get_notfound:              9914763 | get_hit_ratio:          76.224566%

clean up:                        0 | test_notfound:                   0
move_to_head_performed:    3419015 | move_to_head_skipped:     28367934 | move_to_head_failed:             0


set request:              47011301 | set_success:              47011301
set_fail:                        0 | set_key_duplicate:          660536 | set_mica_evicted:                0
set_random:                      0 | set_cuckoo_evicted:        1378150 | set_expire_evicted:       17397750

get request:              39046410
get_found:                31081519 | get_notfound:              7964891 | get_hit_ratio:          79.601477%

clean up:                        0 | test_notfound:                   0
move_to_head_performed:    2670878 | move_to_head_skipped:     28410640 | move_to_head_failed:             1


set request:              51963491 | set_success:              51963491
set_fail:                        0 | set_key_duplicate:          897876 | set_mica_evicted:                0
set_random:                      0 | set_cuckoo_evicted:        1344099 | set_expire_evicted:       22973086

get request:              41263248
get_found:                30563005 | get_notfound:             10700243 | get_hit_ratio:          74.068345%

clean up:                        0 | test_notfound:                   0
move_to_head_performed:    3711260 | move_to_head_skipped:     26851745 | move_to_head_failed:             0


set request:              26708175 | set_success:              26708175
set_fail:                        0 | set_key_duplicate:          310961 | set_mica_evicted:                0
set_random:                      0 | set_cuckoo_evicted:         693619 | set_expire_evicted:       11104910

get request:              21149804
get_found:                15591433 | get_notfound:              5558371 | get_hit_ratio:          73.719043%

clean up:                        0 | test_notfound:                   0
move_to_head_performed:    1554623 | move_to_head_skipped:     14036810 | move_to_head_failed:             0


[INFO] Everything works fine.
deleting piekv......
