[INFO] 单个Log Size为:1 GB
[INFO] 运行mica
[INFO] 运行cleanup
[INFO] 运行reload
[INFO] reload kv size 8
EAL: Probing VFIO support...
EAL: VFIO support initialized
EAL: PCI device 0000:03:00.0 on NUMA socket 0
EAL:   probe driver: 15b3:1017 net_mlx5
WEN: There are 1 device(s) available
starting port 0...
querying port 0...
port 0: 100 Gbps (full-duplex)
Adding UDP filter for each endpoint.
port_id/queue_id/udp_port = 0 0 0
Flow is created with src_port = 0, dst_port = 0
port_id/queue_id/udp_port = 0 1 1
Flow is created with src_port = 0, dst_port = 1
port_id/queue_id/udp_port = 0 2 2
Flow is created with src_port = 0, dst_port = 2
port_id/queue_id/udp_port = 0 3 3
Flow is created with src_port = 0, dst_port = 3
MEM: Initializing pages...
 == [STAT] Workers Start (4 threads in total) == 

[INFO]Current Time:       5.24 s

[P]indexs Load Factor:    0.6796 %

[P]set request:           53430 
[P]get request:           53398 

[P]Get Hit Rate:          3.2548 %
[P]ACC Hit Rate:          3.2548 %

[P]Throughput:            106391.583 ops
[P]all request:           106828 o

[P]GetThroughput:         53179.857 ops
[P]SetThroughput:         53211.726 ops

[P]Valid Entries:         52875.107 / s
[P]mica evicted:          0 / s
[P]set success:           52745.638 / s

[P]get found:             1730.900 / s

----------------------------------

[INFO]Current Time:       6.36 s

[P]indexs Load Factor:    4.0415 %

[P]set request:           1869580 
[P]get request:           1866936 

[P]Get Hit Rate:          3.4904 %
[P]ACC Hit Rate:          3.4837 %

[P]Throughput:            3219832.426 ops
[P]all request:           3736516 o

[P]GetThroughput:         1608757.683 ops
[P]SetThroughput:         1611074.743 ops

[P]Valid Entries:         1574219.129 / s
[P]mica evicted:          0 / s
[P]set success:           1517657.867 / s

[P]expire scan persec:     44.354 / s
[P]total expire scan:     50

[P]expire hit persec:       1.774 / s
[P]total expire hit:      2

[P]expire hit rate:       4.000000 %
[P]total expire hit rate: 4.000000 %

[P]get found:             56152.317 / s

----------------------------------

[INFO]Current Time:       7.42 s

[P]indexs Load Factor:    7.4698 %

[P]set request:           3765765 
[P]get request:           3783974 

[P]Get Hit Rate:          5.1501 %
[P]ACC Hit Rate:          4.3279 %

[P]Throughput:            3618133.150 ops
[P]all request:           7549739 o

[P]GetThroughput:         1818959.641 ops
[P]SetThroughput:         1799173.509 ops

[P]Valid Entries:         1762247.558 / s
[P]mica evicted:          0 / s
[P]set success:           1780437.742 / s

[P]expire scan persec:    37228.631 / s
[P]total expire scan:     39286

[P]expire hit persec:       1.898 / s
[P]total expire hit:      4

[P]expire hit rate:       0.005097 %
[P]total expire hit rate: 0.010182 %

[P]get found:             93677.886 / s

----------------------------------

[INFO]Current Time:       8.53 s

[P]indexs Load Factor:    11.0248 %

[P]set request:           5741792 
[P]get request:           5737028 

[P]Get Hit Rate:          7.1363 %
[P]ACC Hit Rate:          5.2840 %

[P]Throughput:            3536163.626 ops
[P]all request:           11478820 o

[P]GetThroughput:         1757743.990 ops
[P]SetThroughput:         1778419.636 ops

[P]Valid Entries:         1750265.010 / s
[P]mica evicted:            4.500 / s
[P]set success:           1762864.977 / s

[P]expire scan persec:    231231.894 / s
[P]total expire scan:     296211

[P]expire hit persec:       0.900 / s
[P]total expire hit:      5

[P]expire hit rate:       0.000389 %
[P]total expire hit rate: 0.001688 %

[P]get found:             125438.071 / s

----------------------------------

[INFO]Current Time:       9.69 s

[P]indexs Load Factor:    14.6133 %

[P]set request:           7786888 
[P]get request:           7850362 

[P]Get Hit Rate:          8.7321 %
[P]ACC Hit Rate:          6.2122 %

[P]Throughput:            3583463.368 ops
[P]all request:           15637250 o

[P]GetThroughput:         1821133.210 ops
[P]SetThroughput:         1762330.158 ops

[P]Valid Entries:         1741849.310 / s
[P]mica evicted:           64.630 / s
[P]set success:           1770657.101 / s

[P]expire scan persec:    614576.252 / s
[P]total expire scan:     1009396

[P]expire hit persec:       2.585 / s
[P]total expire hit:      8

[P]expire hit rate:       0.000421 %
[P]total expire hit rate: 0.000793 %

[P]get found:             159023.657 / s

----------------------------------

[INFO]Current Time:       10.86 s

[P]indexs Load Factor:    18.1992 %

[P]set request:           9885533 
[P]get request:           9976799 

[P]Get Hit Rate:          10.5364 %
[P]ACC Hit Rate:          7.1339 %

[P]Throughput:            3618607.188 ops
[P]all request:           19862332 o

[P]GetThroughput:         1821204.941 ops
[P]SetThroughput:         1797402.248 ops

[P]Valid Entries:         1732216.338 / s
[P]mica evicted:          271.497 / s
[P]set success:           1776591.164 / s

[P]expire scan persec:    1037178.893 / s
[P]total expire scan:     2220405

[P]expire hit persec:       7.708 / s
[P]total expire hit:      17

[P]expire hit rate:       0.000743 %
[P]total expire hit rate: 0.000766 %

[P]get found:             191888.660 / s

----------------------------------

[INFO]Current Time:       12.04 s

[P]indexs Load Factor:    21.7588 %

[P]set request:           12009943 
[P]get request:           12132795 

[P]Get Hit Rate:          12.3577 %
[P]ACC Hit Rate:          8.0621 %

[P]Throughput:            3616949.171 ops
[P]all request:           24142738 o

[P]GetThroughput:         1821819.693 ops
[P]SetThroughput:         1795129.478 ops

[P]Valid Entries:         1723719.253 / s
[P]mica evicted:          855.986 / s
[P]set success:           1746297.691 / s

[P]expire scan persec:    1851775.839 / s
[P]total expire scan:     4411852

[P]expire hit persec:       5.915 / s
[P]total expire hit:      24

[P]expire hit rate:       0.000319 %
[P]total expire hit rate: 0.000544 %

[P]get found:             225135.420 / s

----------------------------------

[INFO]Current Time:       13.23 s

[P]indexs Load Factor:    25.2897 %

[P]set request:           14152295 
[P]get request:           14291018 

[P]Get Hit Rate:          14.2728 %
[P]ACC Hit Rate:          9.0001 %

[P]Throughput:            3598689.983 ops
[P]all request:           28443313 o

[P]GetThroughput:         1805985.360 ops
[P]SetThroughput:         1792704.622 ops

[P]Valid Entries:         1719830.852 / s
[P]mica evicted:          2372.307 / s
[P]set success:           1778812.189 / s

[P]expire scan persec:    2995316.386 / s
[P]total expire scan:     7991372

[P]expire hit persec:       8.368 / s
[P]total expire hit:      34

[P]expire hit rate:       0.000279 %
[P]total expire hit rate: 0.000425 %

[P]get found:             257763.965 / s

----------------------------------

[INFO]Current Time:       14.44 s

[P]indexs Load Factor:    28.8047 %

[P]set request:           16280087 
[P]get request:           16481149 

[P]Get Hit Rate:          15.8679 %
[P]ACC Hit Rate:          9.9127 %

[P]Throughput:            3591119.840 ops
[P]all request:           32761236 o

[P]GetThroughput:         1821482.895 ops
[P]SetThroughput:         1769636.945 ops

[P]Valid Entries:         1700197.687 / s
[P]mica evicted:          5148.084 / s
[P]set success:           1798598.454 / s

[P]expire scan persec:    4588979.100 / s
[P]total expire scan:     13509110

[P]expire hit persec:       9.980 / s
[P]total expire hit:      46

[P]expire hit rate:       0.000217 %
[P]total expire hit rate: 0.000341 %

[P]get found:             289030.421 / s

----------------------------------

[INFO]Current Time:       15.65 s

[P]indexs Load Factor:    32.2681 %

[P]set request:           18471545 
[P]get request:           18686452 

[P]Get Hit Rate:          17.7967 %
[P]ACC Hit Rate:          10.8431 %

[P]Throughput:            3613596.915 ops
[P]all request:           37157997 o

[P]GetThroughput:         1812487.901 ops
[P]SetThroughput:         1801109.014 ops

[P]Valid Entries:         1691201.041 / s
[P]mica evicted:          10157.578 / s
[P]set success:           1790185.446 / s

[P]expire scan persec:    6608832.449 / s
[P]total expire scan:     21550255

[P]expire hit persec:       9.863 / s
[P]total expire hit:      58

[P]expire hit rate:       0.000149 %
[P]total expire hit rate: 0.000269 %

[P]get found:             322563.726 / s

----------------------------------

[INFO]Current Time:       16.87 s

[P]indexs Load Factor:    35.6951 %

[P]set request:           20643108 
[P]get request:           20915852 

[P]Get Hit Rate:          19.4065 %
[P]ACC Hit Rate:          11.7559 %

[P]Throughput:            3610759.077 ops
[P]all request:           41558960 o

[P]GetThroughput:         1829105.649 ops
[P]SetThroughput:         1781653.428 ops

[P]Valid Entries:         1669535.175 / s
[P]mica evicted:          17784.020 / s
[P]set success:           1791463.518 / s

[P]expire scan persec:    9239677.059 / s
[P]total expire scan:     32812008

[P]expire hit persec:      13.127 / s
[P]total expire hit:      74

[P]expire hit rate:       0.000142 %
[P]total expire hit rate: 0.000226 %

[P]get found:             354964.969 / s

----------------------------------

[INFO]Current Time:       18.10 s

[P]indexs Load Factor:    39.0677 %

[P]set request:           22827379 
[P]get request:           23090188 

[P]Get Hit Rate:          21.7501 %
[P]ACC Hit Rate:          12.6970 %

[P]Throughput:            3542053.862 ops
[P]all request:           45917567 o

[P]GetThroughput:         1766990.056 ops
[P]SetThroughput:         1775063.806 ops

[P]Valid Entries:         1640988.352 / s
[P]mica evicted:          28271.535 / s
[P]set success:           1806308.855 / s

[P]expire scan persec:    12263241.868 / s
[P]total expire scan:     47902307

[P]expire hit persec:      12.190 / s
[P]total expire hit:      89

[P]expire hit rate:       0.000099 %
[P]total expire hit rate: 0.000186 %

[P]get found:             384322.710 / s

----------------------------------

[INFO]Current Time:       19.34 s

[P]indexs Load Factor:    42.3474 %

[P]set request:           25055178 
[P]get request:           25351978 

[P]Get Hit Rate:          22.5140 %
[P]ACC Hit Rate:          13.5729 %

[P]Throughput:            3626725.972 ops
[P]all request:           50407156 o

[P]GetThroughput:         1827092.087 ops
[P]SetThroughput:         1799633.885 ops

[P]Valid Entries:         1620369.978 / s
[P]mica evicted:          43003.660 / s
[P]set success:           1761355.095 / s

[P]expire scan persec:    16130537.412 / s
[P]total expire scan:     67870588

[P]expire hit persec:      10.502 / s
[P]total expire hit:      102

[P]expire hit rate:       0.000065 %
[P]total expire hit rate: 0.000150 %

[P]get found:             411351.997 / s

----------------------------------

[INFO]Current Time:       20.58 s

[P]indexs Load Factor:    45.5413 %

[P]set request:           27245947 
[P]get request:           27574018 

[P]Get Hit Rate:          24.6977 %
[P]ACC Hit Rate:          14.4693 %

[P]Throughput:            3565108.270 ops
[P]all request:           54819965 o

[P]GetThroughput:         1795186.055 ops
[P]SetThroughput:         1769922.215 ops

[P]Valid Entries:         1577838.341 / s
[P]mica evicted:          61718.711 / s
[P]set success:           1786824.290 / s

[P]expire scan persec:    20668016.217 / s
[P]total expire scan:     93452983

[P]expire hit persec:      18.582 / s
[P]total expire hit:      125

[P]expire hit rate:       0.000090 %
[P]total expire hit rate: 0.000134 %

[P]get found:             443369.042 / s

----------------------------------

[INFO]Current Time:       21.82 s

[P]indexs Load Factor:    48.6129 %

[P]set request:           29474555 
[P]get request:           29808951 

[P]Get Hit Rate:          25.9468 %
[P]ACC Hit Rate:          15.3299 %

[P]Throughput:            3586181.296 ops
[P]all request:           59283506 o

[P]GetThroughput:         1795631.523 ops
[P]SetThroughput:         1790549.773 ops

[P]Valid Entries:         1528323.471 / s
[P]mica evicted:          83470.847 / s
[P]set success:           1789731.069 / s

[P]expire scan persec:    25115588.999 / s
[P]total expire scan:     124713104

[P]expire hit persec:      19.283 / s
[P]total expire hit:      149

[P]expire hit rate:       0.000077 %
[P]total expire hit rate: 0.000119 %

[P]get found:             465908.441 / s

----------------------------------

[INFO]Current Time:       23.07 s

[P]indexs Load Factor:    51.5516 %

[P]set request:           31603491 
[P]get request:           32037676 

[P]Get Hit Rate:          27.5643 %
[P]ACC Hit Rate:          16.1810 %

[P]Throughput:            3499022.020 ops
[P]all request:           63641167 o

[P]GetThroughput:         1789574.235 ops
[P]SetThroughput:         1709447.785 ops

[P]Valid Entries:         1488353.897 / s
[P]mica evicted:          108729.447 / s
[P]set success:           1769040.974 / s

[P]expire scan persec:    30504457.433 / s
[P]total expire scan:     162703172

[P]expire hit persec:      17.665 / s
[P]total expire hit:      171

[P]expire hit rate:       0.000058 %
[P]total expire hit rate: 0.000105 %

[P]get found:             493284.056 / s

----------------------------------

[INFO]Current Time:       24.31 s

[P]indexs Load Factor:    54.3740 %

[P]set request:           33807940 
[P]get request:           34173110 

[P]Get Hit Rate:          29.9178 %
[P]ACC Hit Rate:          17.0394 %

[P]Throughput:            3486992.661 ops
[P]all request:           67981050 o

[P]GetThroughput:         1715770.376 ops
[P]SetThroughput:         1771222.285 ops

[P]Valid Entries:         1431727.080 / s
[P]mica evicted:          136832.799 / s
[P]set success:           1766367.682 / s

[P]expire scan persec:    36054407.993 / s
[P]total expire scan:     207576198

[P]expire hit persec:      18.480 / s
[P]total expire hit:      194

[P]expire hit rate:       0.000051 %
[P]total expire hit rate: 0.000093 %

[P]get found:             513320.048 / s

----------------------------------

[INFO]Current Time:       25.56 s

[P]indexs Load Factor:    57.0683 %

[P]set request:           36000602 
[P]get request:           36363349 

[P]Get Hit Rate:          30.3749 %
[P]ACC Hit Rate:          17.8426 %

[P]Throughput:            3523852.417 ops
[P]all request:           72363951 o

[P]GetThroughput:         1760952.163 ops
[P]SetThroughput:         1762900.255 ops

[P]Valid Entries:         1381189.193 / s
[P]mica evicted:          168798.997 / s
[P]set success:           1707043.963 / s

[P]expire scan persec:    43187037.849 / s
[P]total expire scan:     261291419

[P]expire hit persec:      26.532 / s
[P]total expire hit:      227

[P]expire hit rate:       0.000061 %
[P]total expire hit rate: 0.000087 %

[P]get found:             534886.730 / s

----------------------------------

[INFO]Current Time:       26.80 s

[P]indexs Load Factor:    59.6342 %

[P]set request:           38134534 
[P]get request:           38515049 

[P]Get Hit Rate:          31.6956 %
[P]ACC Hit Rate:          18.6165 %

[P]Throughput:            3451337.083 ops
[P]all request:           76649583 o

[P]GetThroughput:         1732823.070 ops
[P]SetThroughput:         1718514.012 ops

[P]Valid Entries:         1326909.850 / s
[P]mica evicted:          202323.220 / s
[P]set success:           1676696.579 / s

[P]expire scan persec:    50214353.668 / s
[P]total expire scan:     323644135

[P]expire hit persec:      20.939 / s
[P]total expire hit:      253

[P]expire hit rate:       0.000042 %
[P]total expire hit rate: 0.000078 %

[P]get found:             549229.293 / s

----------------------------------

[INFO]Current Time:       28.04 s

[P]indexs Load Factor:    62.0710 %

[P]set request:           40293235 
[P]get request:           40665006 

[P]Get Hit Rate:          32.9821 %
[P]ACC Hit Rate:          19.3760 %

[P]Throughput:            3484092.006 ops
[P]all request:           80958241 o

[P]GetThroughput:         1738510.691 ops
[P]SetThroughput:         1745581.315 ops

[P]Valid Entries:         1272696.949 / s
[P]mica evicted:          236887.736 / s
[P]set success:           1742954.899 / s

[P]expire scan persec:    57209462.419 / s
[P]total expire scan:     394393130

[P]expire hit persec:      21.833 / s
[P]total expire hit:      280

[P]expire hit rate:       0.000038 %
[P]total expire hit rate: 0.000071 %

[P]get found:             573398.169 / s

----------------------------------

[INFO]Current Time:       29.27 s

[P]indexs Load Factor:    64.3757 %

[P]set request:           42416108 
[P]get request:           42774303 

[P]Get Hit Rate:          33.8531 %
[P]ACC Hit Rate:          20.0899 %

[P]Throughput:            3427902.189 ops
[P]all request:           85190411 o

[P]GetThroughput:         1708453.064 ops
[P]SetThroughput:         1719449.125 ops

[P]Valid Entries:         1216982.750 / s
[P]mica evicted:          273827.517 / s
[P]set success:           1735162.412 / s

[P]expire scan persec:    64537511.723 / s
[P]total expire scan:     474072685

[P]expire hit persec:      17.009 / s
[P]total expire hit:      301

[P]expire hit rate:       0.000026 %
[P]total expire hit rate: 0.000063 %

[P]get found:             578363.982 / s

----------------------------------

[INFO]Current Time:       30.50 s

[P]indexs Load Factor:    66.5556 %

[P]set request:           44482397 
[P]get request:           44900222 

[P]Get Hit Rate:          35.3188 %
[P]ACC Hit Rate:          20.8110 %

[P]Throughput:            3410575.278 ops
[P]all request:           89382619 o

[P]GetThroughput:         1729543.664 ops
[P]SetThroughput:         1681031.614 ops

[P]Valid Entries:         1170992.859 / s
[P]mica evicted:          311606.328 / s
[P]set success:           1755563.467 / s

[P]expire scan persec:    71834075.967 / s
[P]total expire scan:     562369633

[P]expire hit persec:      23.593 / s
[P]total expire hit:      330

[P]expire hit rate:       0.000033 %
[P]total expire hit rate: 0.000059 %

[P]get found:             610854.816 / s

----------------------------------

[INFO]Current Time:       31.72 s

[P]indexs Load Factor:    68.5854 %

[P]set request:           46533809 
[P]get request:           46963038 

[P]Get Hit Rate:          36.7820 %
[P]ACC Hit Rate:          21.5125 %

[P]Throughput:            3361020.518 ops
[P]all request:           93496847 o

[P]GetThroughput:         1685168.372 ops
[P]SetThroughput:         1675852.146 ops

[P]Valid Entries:         1103456.487 / s
[P]mica evicted:          345884.089 / s
[P]set success:           1713346.607 / s

[P]expire scan persec:    78266677.708 / s
[P]total expire scan:     658175938

[P]expire hit persec:      24.508 / s
[P]total expire hit:      360

[P]expire hit rate:       0.000031 %
[P]total expire hit rate: 0.000055 %

[P]get found:             619839.463 / s

----------------------------------

[INFO]Current Time:       32.94 s

[P]indexs Load Factor:    70.5198 %

[P]set request:           48612126 
[P]get request:           48959410 

[P]Get Hit Rate:          37.8066 %
[P]ACC Hit Rate:          22.1769 %

[P]Throughput:            3343691.055 ops
[P]all request:           97571536 o

[P]GetThroughput:         1638223.481 ops
[P]SetThroughput:         1705467.574 ops

[P]Valid Entries:         1047530.760 / s
[P]mica evicted:          371916.575 / s
[P]set success:           1719736.992 / s

[P]expire scan persec:    85676904.777 / s
[P]total expire scan:     762583533

[P]expire hit persec:      24.618 / s
[P]total expire hit:      390

[P]expire hit rate:       0.000029 %
[P]total expire hit rate: 0.000051 %

[P]get found:             619357.110 / s

----------------------------------

[INFO]Current Time:       34.16 s

[P]indexs Load Factor:    72.3231 %

[P]set request:           50645917 
[P]get request:           51021838 

[P]Get Hit Rate:          38.4007 %
[P]ACC Hit Rate:          22.8327 %

[P]Throughput:            3374823.505 ops
[P]all request:           101667755 o

[P]GetThroughput:         1699208.585 ops
[P]SetThroughput:         1675614.920 ops

[P]Valid Entries:         1005754.861 / s
[P]mica evicted:          421409.378 / s
[P]set success:           1727124.364 / s

[P]expire scan persec:    92985757.262 / s
[P]total expire scan:     875445739

[P]expire hit persec:      27.188 / s
[P]total expire hit:      423

[P]expire hit rate:       0.000029 %
[P]total expire hit rate: 0.000048 %

[P]get found:             652508.165 / s

----------------------------------

[INFO]Current Time:       35.36 s

[P]indexs Load Factor:    74.0304 %

[P]set request:           52676958 
[P]get request:           53060143 

[P]Get Hit Rate:          38.6625 %
[P]ACC Hit Rate:          23.4408 %

[P]Throughput:            3374085.406 ops
[P]all request:           105737101 o

[P]GetThroughput:         1690054.164 ops
[P]SetThroughput:         1684031.242 ops

[P]Valid Entries:         954459.127 / s
[P]mica evicted:          458497.478 / s
[P]set success:           1720664.608 / s

[P]expire scan persec:    98707823.638 / s
[P]total expire scan:     994493196

[P]expire hit persec:      26.533 / s
[P]total expire hit:      455

[P]expire hit rate:       0.000027 %
[P]total expire hit rate: 0.000046 %

[P]get found:             653416.635 / s

----------------------------------

[INFO]Current Time:       36.56 s

[P]indexs Load Factor:    75.6334 %

[P]set request:           54702865 
[P]get request:           55065961 

[P]Get Hit Rate:          39.6573 %
[P]ACC Hit Rate:          24.0315 %

[P]Throughput:            3371278.083 ops
[P]all request:           109768826 o

[P]GetThroughput:         1677239.956 ops
[P]SetThroughput:         1694038.127 ops

[P]Valid Entries:         905688.906 / s
[P]mica evicted:          491687.453 / s
[P]set success:           1685959.719 / s

[P]expire scan persec:    101647936.894 / s
[P]total expire scan:     1116054372

[P]expire hit persec:      49.335 / s
[P]total expire hit:      514

[P]expire hit rate:       0.000049 %
[P]total expire hit rate: 0.000046 %

[P]get found:             665148.698 / s

----------------------------------

[INFO]Current Time:       37.75 s

[P]indexs Load Factor:    77.1449 %

[P]set request:           56719824 
[P]get request:           57037745 

[P]Get Hit Rate:          40.3352 %
[P]ACC Hit Rate:          24.5951 %

[P]Throughput:            3356479.745 ops
[P]all request:           113757569 o

[P]GetThroughput:         1659232.760 ops
[P]SetThroughput:         1697246.985 ops

[P]Valid Entries:         864678.665 / s
[P]mica evicted:          531402.256 / s
[P]set success:           1708538.914 / s

[P]expire scan persec:    103095842.013 / s
[P]total expire scan:     1238570475

[P]expire hit persec:      64.795 / s
[P]total expire hit:      591

[P]expire hit rate:       0.000063 %
[P]total expire hit rate: 0.000048 %

[P]get found:             669254.835 / s

----------------------------------

[INFO]Current Time:       38.93 s

[P]indexs Load Factor:    78.5701 %

[P]set request:           58693652 
[P]get request:           59031942 

[P]Get Hit Rate:          39.9426 %
[P]ACC Hit Rate:          25.1136 %

[P]Throughput:            3352657.842 ops
[P]all request:           117725594 o

[P]GetThroughput:         1684933.994 ops
[P]SetThroughput:         1667723.848 ops

[P]Valid Entries:         828175.622 / s
[P]mica evicted:          570867.514 / s
[P]set success:           1714654.848 / s

[P]expire scan persec:    104980782.362 / s
[P]total expire scan:     1362820067

[P]expire hit persec:      59.989 / s
[P]total expire hit:      662

[P]expire hit rate:       0.000057 %
[P]total expire hit rate: 0.000049 %

[P]get found:             673006.335 / s

----------------------------------

[INFO]Current Time:       40.10 s

[P]indexs Load Factor:    79.9188 %

[P]set request:           60641300 
[P]get request:           61000247 

[P]Get Hit Rate:          40.0484 %
[P]ACC Hit Rate:          25.5955 %

[P]Throughput:            3344341.663 ops
[P]all request:           121641547 o

[P]GetThroughput:         1680991.681 ops
[P]SetThroughput:         1663349.982 ops

[P]Valid Entries:         788251.831 / s
[P]mica evicted:          599237.894 / s
[P]set success:           1675566.882 / s

[P]expire scan persec:    106189272.881 / s
[P]total expire scan:     1487159098

[P]expire hit persec:      61.490 / s
[P]total expire hit:      734

[P]expire hit rate:       0.000058 %
[P]total expire hit rate: 0.000049 %

[P]get found:             673209.709 / s

----------------------------------

[INFO]Current Time:       41.26 s

[P]indexs Load Factor:    81.1796 %

[P]set request:           62594991 
[P]get request:           62933604 

[P]Get Hit Rate:          40.1469 %
[P]ACC Hit Rate:          26.0425 %

[P]Throughput:            3339537.336 ops
[P]all request:           125528595 o

[P]GetThroughput:         1661033.742 ops
[P]SetThroughput:         1678503.594 ops

[P]Valid Entries:         739184.187 / s
[P]mica evicted:          635977.692 / s
[P]set success:           1690175.936 / s

[P]expire scan persec:    106419724.689 / s
[P]total expire scan:     1611026130

[P]expire hit persec:      62.718 / s
[P]total expire hit:      807

[P]expire hit rate:       0.000059 %
[P]total expire hit rate: 0.000050 %

[P]get found:             666852.781 / s

----------------------------------

[INFO]Current Time:       42.42 s

[P]indexs Load Factor:    82.3723 %

[P]set request:           64520709 
[P]get request:           64860552 

[P]Get Hit Rate:          40.0950 %
[P]ACC Hit Rate:          26.4600 %

[P]Throughput:            3332597.574 ops
[P]all request:           129381261 o

[P]GetThroughput:         1666830.768 ops
[P]SetThroughput:         1665766.805 ops

[P]Valid Entries:         705599.663 / s
[P]mica evicted:          674387.480 / s
[P]set success:           1696363.966 / s

[P]expire scan persec:    106174921.438 / s
[P]total expire scan:     1733770176

[P]expire hit persec:      70.931 / s
[P]total expire hit:      889

[P]expire hit rate:       0.000067 %
[P]total expire hit rate: 0.000051 %

[P]get found:             668315.969 / s

----------------------------------

[INFO]Current Time:       43.57 s

[P]indexs Load Factor:    83.4880 %

[P]set request:           66429546 
[P]get request:           66772906 

[P]Get Hit Rate:          40.1125 %
[P]ACC Hit Rate:          26.8510 %

[P]Throughput:            3319867.227 ops
[P]all request:           133202452 o

[P]GetThroughput:         1661461.406 ops
[P]SetThroughput:         1658405.821 ops

[P]Valid Entries:         666519.737 / s
[P]mica evicted:          706864.403 / s
[P]set success:           1667827.135 / s

[P]expire scan persec:    106093980.650 / s
[P]total expire scan:     1855885109

[P]expire hit persec:      66.029 / s
[P]total expire hit:      965

[P]expire hit rate:       0.000062 %
[P]total expire hit rate: 0.000052 %

[P]get found:             666453.708 / s

----------------------------------

[INFO]Current Time:       44.72 s

[P]indexs Load Factor:    84.5408 %

[P]set request:           68381510 
[P]get request:           68703462 

[P]Get Hit Rate:          40.1795 %
[P]ACC Hit Rate:          27.2255 %

[P]Throughput:            3384129.663 ops
[P]all request:           137084972 o

[P]GetThroughput:         1682734.880 ops
[P]SetThroughput:         1701394.783 ops

[P]Valid Entries:         641872.608 / s
[P]mica evicted:          732338.448 / s
[P]set success:           1648633.140 / s

[P]expire scan persec:    107669727.969 / s
[P]total expire scan:     1979411662

[P]expire hit persec:      68.859 / s
[P]total expire hit:      1044

[P]expire hit rate:       0.000064 %
[P]total expire hit rate: 0.000053 %

[P]get found:             676113.809 / s

----------------------------------

[INFO]Current Time:       45.85 s

[P]indexs Load Factor:    85.5292 %

[P]set request:           70269793 
[P]get request:           70593090 

[P]Get Hit Rate:          40.0612 %
[P]ACC Hit Rate:          27.5691 %

[P]Throughput:            3335903.247 ops
[P]all request:           140862883 o

[P]GetThroughput:         1668545.442 ops
[P]SetThroughput:         1667357.805 ops

[P]Valid Entries:         602457.304 / s
[P]mica evicted:          777661.692 / s
[P]set success:           1697798.418 / s

[P]expire scan persec:    107822365.997 / s
[P]total expire scan:     2101520510

[P]expire hit persec:      82.119 / s
[P]total expire hit:      1137

[P]expire hit rate:       0.000076 %
[P]total expire hit rate: 0.000054 %

[P]get found:             668439.634 / s

----------------------------------

[INFO]Current Time:       46.98 s

[P]indexs Load Factor:    86.4616 %

[P]set request:           72185077 
[P]get request:           72486960 

[P]Get Hit Rate:          40.0157 %
[P]ACC Hit Rate:          27.8943 %

[P]Throughput:            3375835.649 ops
[P]all request:           144672037 o

[P]GetThroughput:         1678428.822 ops
[P]SetThroughput:         1697406.827 ops

[P]Valid Entries:         574206.517 / s
[P]mica evicted:          814382.771 / s
[P]set success:           1708326.226 / s

[P]expire scan persec:    109258311.742 / s
[P]total expire scan:     2224803092

[P]expire hit persec:      85.966 / s
[P]total expire hit:      1234

[P]expire hit rate:       0.000079 %
[P]total expire hit rate: 0.000055 %

[P]get found:             671634.743 / s

----------------------------------

[INFO]Current Time:       48.10 s

[P]indexs Load Factor:    87.3295 %

[P]set request:           74026146 
[P]get request:           74330391 

[P]Get Hit Rate:          39.9259 %
[P]ACC Hit Rate:          28.1927 %

[P]Throughput:            3288017.644 ops
[P]all request:           148356537 o

[P]GetThroughput:         1645062.737 ops
[P]SetThroughput:         1642954.907 ops

[P]Valid Entries:         532430.406 / s
[P]mica evicted:          826850.099 / s
[P]set success:           1653286.127 / s

[P]expire scan persec:    108167163.552 / s
[P]total expire scan:     2346013486

[P]expire hit persec:      56.221 / s
[P]total expire hit:      1297

[P]expire hit rate:       0.000052 %
[P]total expire hit rate: 0.000055 %

[P]get found:             656805.731 / s

----------------------------------

[INFO]Current Time:       49.22 s

[P]indexs Load Factor:    88.1451 %

[P]set request:           75885786 
[P]get request:           76144595 

[P]Get Hit Rate:          40.9490 %
[P]ACC Hit Rate:          28.4966 %

[P]Throughput:            3292783.371 ops
[P]all request:           152030381 o

[P]GetThroughput:         1626030.055 ops
[P]SetThroughput:         1666753.316 ops

[P]Valid Entries:         510577.869 / s
[P]mica evicted:          870305.079 / s
[P]set success:           1700923.892 / s

[P]expire scan persec:    109097329.131 / s
[P]total expire scan:     2467736212

[P]expire hit persec:      97.694 / s
[P]total expire hit:      1406

[P]expire hit rate:       0.000090 %
[P]total expire hit rate: 0.000057 %

[P]get found:             665842.692 / s

----------------------------------

[INFO]Current Time:       50.32 s

[P]indexs Load Factor:    88.9179 %

[P]set request:           77681471 
[P]get request:           78036789 

[P]Get Hit Rate:          39.8183 %
[P]ACC Hit Rate:          28.7711 %

[P]Throughput:            3333627.652 ops
[P]all request:           155718260 o

[P]GetThroughput:         1710433.081 ops
[P]SetThroughput:         1623194.571 ops

[P]Valid Entries:         493214.100 / s
[P]mica evicted:          920842.709 / s
[P]set success:           1720245.368 / s

[P]expire scan persec:    110853646.945 / s
[P]total expire scan:     2590369835

[P]expire hit persec:      77.739 / s
[P]total expire hit:      1492

[P]expire hit rate:       0.000070 %
[P]total expire hit rate: 0.000058 %

[P]get found:             681065.842 / s

----------------------------------

[INFO]Current Time:       51.43 s

[P]indexs Load Factor:    89.6391 %

[P]set request:           79531814 
[P]get request:           79889728 

[P]Get Hit Rate:          39.5880 %
[P]ACC Hit Rate:          29.0220 %

[P]Throughput:            3353444.145 ops
[P]all request:           159421542 o

[P]GetThroughput:         1677897.455 ops
[P]SetThroughput:         1675546.691 ops

[P]Valid Entries:         456592.389 / s
[P]mica evicted:          929422.795 / s
[P]set success:           1708887.511 / s

[P]expire scan persec:    107429433.316 / s
[P]total expire scan:     2709006517

[P]expire hit persec:      77.876 / s
[P]total expire hit:      1578

[P]expire hit rate:       0.000072 %
[P]total expire hit rate: 0.000058 %

[P]get found:             664246.505 / s

----------------------------------

[INFO]Current Time:       52.53 s

[P]indexs Load Factor:    90.3055 %

[P]set request:           81369941 
[P]get request:           81707027 

[P]Get Hit Rate:          39.4220 %
[P]ACC Hit Rate:          29.2533 %

[P]Throughput:            3327016.046 ops
[P]all request:           163076968 o

[P]GetThroughput:         1654029.635 ops
[P]SetThroughput:         1672986.411 ops

[P]Valid Entries:         418770.171 / s
[P]mica evicted:          941873.600 / s
[P]set success:           1661991.699 / s

[P]expire scan persec:    104965089.687 / s
[P]total expire scan:     2824332717

[P]expire hit persec:      70.992 / s
[P]total expire hit:      1656

[P]expire hit rate:       0.000068 %
[P]total expire hit rate: 0.000059 %

[P]get found:             652051.916 / s

----------------------------------

[INFO]Current Time:       53.62 s

[P]indexs Load Factor:    90.9360 %

[P]set request:           83222080 
[P]get request:           83538339 

[P]Get Hit Rate:          39.9621 %
[P]ACC Hit Rate:          29.4881 %

[P]Throughput:            3366083.033 ops
[P]all request:           166760419 o

[P]GetThroughput:         1673525.249 ops
[P]SetThroughput:         1692557.784 ops

[P]Valid Entries:         408818.896 / s
[P]mica evicted:          991636.488 / s
[P]set success:           1707237.702 / s

[P]expire scan persec:    107814864.138 / s
[P]total expire scan:     2942312804

[P]expire hit persec:      83.159 / s
[P]total expire hit:      1747

[P]expire hit rate:       0.000077 %
[P]total expire hit rate: 0.000059 %

[P]get found:             668776.078 / s

----------------------------------

[INFO]Current Time:       54.71 s

[P]indexs Load Factor:    91.5292 %

[P]set request:           85065663 
[P]get request:           85360933 

[P]Get Hit Rate:          39.2640 %
[P]ACC Hit Rate:          29.6968 %

[P]Throughput:            3367651.588 ops
[P]all request:           170426596 o

[P]GetThroughput:         1674185.828 ops
[P]SetThroughput:         1693465.759 ops

[P]Valid Entries:         381483.410 / s
[P]mica evicted:          1002682.251 / s
[P]set success:           1706222.903 / s

[P]expire scan persec:    105354442.414 / s
[P]total expire scan:     3057006389

[P]expire hit persec:      75.323 / s
[P]total expire hit:      1829

[P]expire hit rate:       0.000071 %
[P]total expire hit rate: 0.000060 %

[P]get found:             657352.959 / s

----------------------------------

[INFO]Current Time:       55.79 s

[P]indexs Load Factor:    92.0780 %

[P]set request:           86908221 
[P]get request:           87158201 

[P]Get Hit Rate:          39.1176 %
[P]ACC Hit Rate:          29.8911 %

[P]Throughput:            3356373.808 ops
[P]all request:           174066422 o

[P]GetThroughput:         1657305.388 ops
[P]SetThroughput:         1699068.420 ops

[P]Valid Entries:         358756.340 / s
[P]mica evicted:          1029225.903 / s
[P]set success:           1711752.247 / s

[P]expire scan persec:    104391947.265 / s
[P]total expire scan:     3170214436

[P]expire hit persec:      78.381 / s
[P]total expire hit:      1914

[P]expire hit rate:       0.000075 %
[P]total expire hit rate: 0.000060 %

[P]get found:             648297.994 / s

----------------------------------

[INFO]Current Time:       56.87 s

[P]indexs Load Factor:    92.5958 %

[P]set request:           88759295 
[P]get request:           88939529 

[P]Get Hit Rate:          40.0295 %
[P]ACC Hit Rate:          30.0942 %

[P]Throughput:            3369600.263 ops
[P]all request:           177698824 o

[P]GetThroughput:         1652450.169 ops
[P]SetThroughput:         1717150.094 ops

[P]Valid Entries:         341896.798 / s
[P]mica evicted:          1034584.708 / s
[P]set success:           1710950.605 / s

[P]expire scan persec:    104417508.593 / s
[P]total expire scan:     3282775671

[P]expire hit persec:      91.837 / s
[P]total expire hit:      2013

[P]expire hit rate:       0.000088 %
[P]total expire hit rate: 0.000061 %

[P]get found:             661466.899 / s

----------------------------------

[INFO]Current Time:       57.95 s

[P]indexs Load Factor:    93.0720 %

[P]set request:           90575153 
[P]get request:           90735006 

[P]Get Hit Rate:          38.8024 %
[P]ACC Hit Rate:          30.2665 %

[P]Throughput:            3355202.198 ops
[P]all request:           181310159 o

[P]GetThroughput:         1668133.357 ops
[P]SetThroughput:         1687068.841 ops

[P]Valid Entries:         315306.793 / s
[P]mica evicted:          1036635.292 / s
[P]set success:           1699995.995 / s

[P]expire scan persec:    99943820.077 / s
[P]total expire scan:     3390349103

[P]expire hit persec:      95.695 / s
[P]total expire hit:      2116

[P]expire hit rate:       0.000096 %
[P]total expire hit rate: 0.000062 %

[P]get found:             647276.551 / s

----------------------------------

[INFO]Current Time:       59.02 s

[P]indexs Load Factor:    93.5177 %

[P]set request:           92383309 
[P]get request:           92522306 

[P]Get Hit Rate:          38.7171 %
[P]ACC Hit Rate:          30.4297 %

[P]Throughput:            3359275.371 ops
[P]all request:           184905615 o

[P]GetThroughput:         1669894.687 ops
[P]SetThroughput:         1689380.685 ops

[P]Valid Entries:         296588.731 / s
[P]mica evicted:          1083938.517 / s
[P]set success:           1679899.293 / s

[P]expire scan persec:    97225702.913 / s
[P]total expire scan:     3494410455

[P]expire hit persec:      86.891 / s
[P]total expire hit:      2209

[P]expire hit rate:       0.000089 %
[P]total expire hit rate: 0.000063 %

[P]get found:             646535.050 / s

----------------------------------

[INFO]Current Time:       60.08 s

[P]indexs Load Factor:    93.9415 %

[P]set request:           94209698 
[P]get request:           94302792 

[P]Get Hit Rate:          39.0249 %
[P]ACC Hit Rate:          30.5920 %

[P]Throughput:            3380847.772 ops
[P]all request:           188512490 o

[P]GetThroughput:         1668910.657 ops
[P]SetThroughput:         1711937.115 ops

[P]Valid Entries:         282613.800 / s
[P]mica evicted:          1116138.356 / s
[P]set success:           1701506.459 / s

[P]expire scan persec:    97160236.703 / s
[P]total expire scan:     3598066358

[P]expire hit persec:     101.232 / s
[P]total expire hit:      2317

[P]expire hit rate:       0.000104 %
[P]total expire hit rate: 0.000064 %

[P]get found:             651289.889 / s

----------------------------------

[INFO]Current Time:       61.15 s

[P]indexs Load Factor:    94.3311 %

[P]set request:           96003628 
[P]get request:           96027308 

[P]Get Hit Rate:          39.4069 %
[P]ACC Hit Rate:          30.7503 %

[P]Throughput:            3297200.541 ops
[P]all request:           192030936 o

[P]GetThroughput:         1616075.702 ops
[P]SetThroughput:         1681124.839 ops

[P]Valid Entries:         261166.468 / s
[P]mica evicted:          1098475.213 / s
[P]set success:           1694553.746 / s

[P]expire scan persec:    93005764.064 / s
[P]total expire scan:     3697312902

[P]expire hit persec:      89.026 / s
[P]total expire hit:      2412

[P]expire hit rate:       0.000096 %
[P]total expire hit rate: 0.000065 %

[P]get found:             636845.059 / s

----------------------------------

[INFO]Current Time:       62.21 s

[P]indexs Load Factor:    94.7003 %

[P]set request:           97807264 
[P]get request:           97832612 

[P]Get Hit Rate:          38.2168 %
[P]ACC Hit Rate:          30.8881 %

[P]Throughput:            3399782.604 ops
[P]all request:           195639876 o

[P]GetThroughput:         1700676.967 ops
[P]SetThroughput:         1699105.637 ops

[P]Valid Entries:         250186.333 / s
[P]mica evicted:          1157559.025 / s
[P]set success:           1733682.443 / s

[P]expire scan persec:    92892095.582 / s
[P]total expire scan:     3795919795

[P]expire hit persec:      98.915 / s
[P]total expire hit:      2517

[P]expire hit rate:       0.000106 %
[P]total expire hit rate: 0.000066 %

[P]get found:             649943.920 / s

----------------------------------

[INFO]Current Time:       63.27 s

[P]indexs Load Factor:    95.0430 %

[P]set request:           99549990 
[P]get request:           99573593 

[P]Get Hit Rate:          38.6383 %
[P]ACC Hit Rate:          31.0236 %

[P]Throughput:            3303015.087 ops
[P]all request:           199123583 o

[P]GetThroughput:         1650680.298 ops
[P]SetThroughput:         1652334.789 ops

[P]Valid Entries:         232307.581 / s
[P]mica evicted:          1156124.068 / s
[P]set success:           1683995.771 / s

[P]expire scan persec:    88726751.380 / s
[P]total expire scan:     3889500356

[P]expire hit persec:     103.346 / s
[P]total expire hit:      2626

[P]expire hit rate:       0.000116 %
[P]total expire hit rate: 0.000068 %

[P]get found:             637794.368 / s

----------------------------------

[INFO]Current Time:       64.32 s

[P]indexs Load Factor:    95.3636 %

[P]set request:           101353117 
[P]get request:           101355600 

[P]Get Hit Rate:          37.9345 %
[P]ACC Hit Rate:          31.1451 %

[P]Throughput:            3395389.674 ops
[P]all request:           202708717 o

[P]GetThroughput:         1687693.728 ops
[P]SetThroughput:         1707695.946 ops

[P]Valid Entries:         219279.991 / s
[P]mica evicted:          1179769.048 / s
[P]set success:           1697578.347 / s

[P]expire scan persec:    86500992.998 / s
[P]total expire scan:     3980835278

[P]expire hit persec:      98.496 / s
[P]total expire hit:      2730

[P]expire hit rate:       0.000114 %
[P]total expire hit rate: 0.000069 %

[P]get found:             640218.703 / s

----------------------------------

[INFO]Current Time:       65.37 s

[P]indexs Load Factor:    95.6610 %

[P]set request:           103090733 
[P]get request:           103119716 

[P]Get Hit Rate:          37.3187 %
[P]ACC Hit Rate:          31.2507 %

[P]Throughput:            3336241.290 ops
[P]all request:           206210449 o

[P]GetThroughput:         1680744.455 ops
[P]SetThroughput:         1655496.836 ops

[P]Valid Entries:         204371.375 / s
[P]mica evicted:          1188407.316 / s
[P]set success:           1691521.853 / s

[P]expire scan persec:    83449720.167 / s
[P]total expire scan:     4068424433

[P]expire hit persec:      97.180 / s
[P]total expire hit:      2832

[P]expire hit rate:       0.000116 %
[P]total expire hit rate: 0.000070 %

[P]get found:             627231.831 / s

----------------------------------

[INFO]Current Time:       66.43 s

[P]indexs Load Factor:    95.9405 %

[P]set request:           104872826 
[P]get request:           104905201 

[P]Get Hit Rate:          37.5802 %
[P]ACC Hit Rate:          31.3584 %

[P]Throughput:            3388608.762 ops
[P]all request:           209778027 o

[P]GetThroughput:         1695915.300 ops
[P]SetThroughput:         1692693.462 ops

[P]Valid Entries:         193769.093 / s
[P]mica evicted:          1196317.537 / s
[P]set success:           1729944.072 / s

[P]expire scan persec:    82355993.460 / s
[P]total expire scan:     4155130055

[P]expire hit persec:     110.181 / s
[P]total expire hit:      2948

[P]expire hit rate:       0.000134 %
[P]total expire hit rate: 0.000071 %

[P]get found:             637327.570 / s

----------------------------------

[INFO]Current Time:       67.47 s

[P]indexs Load Factor:    96.2018 %

[P]set request:           106608413 
[P]get request:           106668259 

[P]Get Hit Rate:          37.4301 %
[P]ACC Hit Rate:          31.4588 %

[P]Throughput:            3345910.547 ops
[P]all request:           213276672 o

[P]GetThroughput:         1686091.146 ops
[P]SetThroughput:         1659819.401 ops

[P]Valid Entries:         179886.522 / s
[P]mica evicted:          1202643.607 / s
[P]set success:           1719516.349 / s

[P]expire scan persec:    79880563.222 / s
[P]total expire scan:     4238657014

[P]expire hit persec:     112.849 / s
[P]total expire hit:      3066

[P]expire hit rate:       0.000141 %
[P]total expire hit rate: 0.000072 %

[P]get found:             631106.202 / s

----------------------------------

[INFO]Current Time:       68.52 s

[P]indexs Load Factor:    96.4469 %

[P]set request:           108354519 
[P]get request:           108441011 

[P]Get Hit Rate:          36.9079 %
[P]ACC Hit Rate:          31.5479 %

[P]Throughput:            3368182.508 ops
[P]all request:           216795530 o

[P]GetThroughput:         1696843.771 ops
[P]SetThroughput:         1671338.737 ops

[P]Valid Entries:         171209.931 / s
[P]mica evicted:          1220544.976 / s
[P]set success:           1731777.990 / s

[P]expire scan persec:    78454185.553 / s
[P]total expire scan:     4320620844

[P]expire hit persec:      97.632 / s
[P]total expire hit:      3168

[P]expire hit rate:       0.000124 %
[P]total expire hit rate: 0.000073 %

[P]get found:             626268.890 / s

----------------------------------

[INFO]Current Time:       69.56 s

[P]indexs Load Factor:    96.6731 %

[P]set request:           110099135 
[P]get request:           110190553 

[P]Get Hit Rate:          37.2032 %
[P]ACC Hit Rate:          31.6377 %

[P]Throughput:            3353302.327 ops
[P]all request:           220289688 o

[P]GetThroughput:         1679014.876 ops
[P]SetThroughput:         1674287.452 ops

[P]Valid Entries:         158053.935 / s
[P]mica evicted:          1235343.327 / s
[P]set success:           1666363.306 / s

[P]expire scan persec:    77011620.114 / s
[P]total expire scan:     4400867342

[P]expire hit persec:      97.888 / s
[P]total expire hit:      3270

[P]expire hit rate:       0.000127 %
[P]total expire hit rate: 0.000074 %

[P]get found:             624647.637 / s

----------------------------------

[INFO]Current Time:       70.60 s

[P]indexs Load Factor:    96.8811 %

[P]set request:           111853581 
[P]get request:           111924309 

[P]Get Hit Rate:          37.0853 %
[P]ACC Hit Rate:          31.7220 %

[P]Throughput:            3357476.627 ops
[P]all request:           223777891 o

[P]GetThroughput:         1668780.529 ops
[P]SetThroughput:         1688695.136 ops

[P]Valid Entries:         146396.905 / s
[P]mica evicted:          1238471.979 / s
[P]set success:           1702786.476 / s

[P]expire scan persec:    75627023.785 / s
[P]total expire scan:     4479438972

[P]expire hit persec:      89.515 / s
[P]total expire hit:      3363

[P]expire hit rate:       0.000118 %
[P]total expire hit rate: 0.000075 %

[P]get found:             618871.675 / s

----------------------------------

[INFO]Current Time:       71.63 s

[P]indexs Load Factor:    97.0761 %

[P]set request:           113598013 
[P]get request:           113601742 

[P]Get Hit Rate:          38.0238 %
[P]ACC Hit Rate:          31.8151 %

[P]Throughput:            3303393.854 ops
[P]all request:           227199755 o

[P]GetThroughput:         1619357.713 ops
[P]SetThroughput:         1684037.106 ops

[P]Valid Entries:         137504.649 / s
[P]mica evicted:          1227903.499 / s
[P]set success:           1677129.823 / s

[P]expire scan persec:    75076436.658 / s
[P]total expire scan:     4557207887

[P]expire hit persec:      71.438 / s
[P]total expire hit:      3437

[P]expire hit rate:       0.000095 %
[P]total expire hit rate: 0.000075 %

[P]get found:             615740.596 / s

----------------------------------

[INFO]Current Time:       72.67 s

[P]indexs Load Factor:    97.2612 %

[P]set request:           115354332 
[P]get request:           115338432 

[P]Get Hit Rate:          36.8773 %
[P]ACC Hit Rate:          31.8913 %

[P]Throughput:            3372769.710 ops
[P]all request:           230692764 o

[P]GetThroughput:         1676908.198 ops
[P]SetThroughput:         1695861.512 ops

[P]Valid Entries:         130665.764 / s
[P]mica evicted:          1262263.295 / s
[P]set success:           1711978.926 / s

[P]expire scan persec:    75488943.057 / s
[P]total expire scan:     4635388012

[P]expire hit persec:     115.869 / s
[P]total expire hit:      3557

[P]expire hit rate:       0.000153 %
[P]total expire hit rate: 0.000077 %

[P]get found:             618398.099 / s

----------------------------------

[INFO]Current Time:       73.70 s

[P]indexs Load Factor:    97.4348 %

[P]set request:           117133820 
[P]get request:           117029980 

[P]Get Hit Rate:          38.2728 %
[P]ACC Hit Rate:          31.9836 %

[P]Throughput:            3352256.127 ops
[P]all request:           234163800 o

[P]GetThroughput:         1633662.730 ops
[P]SetThroughput:         1718593.397 ops

[P]Valid Entries:         124015.772 / s
[P]mica evicted:          1288543.284 / s
[P]set success:           1685945.214 / s

[P]expire scan persec:    74749708.371 / s
[P]total expire scan:     4712786313

[P]expire hit persec:      99.475 / s
[P]total expire hit:      3660

[P]expire hit rate:       0.000133 %
[P]total expire hit rate: 0.000078 %

[P]get found:             625247.713 / s

----------------------------------

[INFO]Current Time:       74.74 s

[P]indexs Load Factor:    97.5969 %

[P]set request:           118884806 
[P]get request:           118756937 

[P]Get Hit Rate:          36.7320 %
[P]ACC Hit Rate:          32.0526 %

[P]Throughput:            3371795.415 ops
[P]all request:           237641743 o

[P]GetThroughput:         1674249.893 ops
[P]SetThroughput:         1697545.523 ops

[P]Valid Entries:         115894.521 / s
[P]mica evicted:          1279024.979 / s
[P]set success:           1710889.442 / s

[P]expire scan persec:    73349085.417 / s
[P]total expire scan:     4788444503

[P]expire hit persec:      96.948 / s
[P]total expire hit:      3760

[P]expire hit rate:       0.000132 %
[P]total expire hit rate: 0.000079 %

[P]get found:             614984.651 / s

----------------------------------

[INFO]Current Time:       75.77 s

[P]indexs Load Factor:    97.7481 %

[P]set request:           120623175 
[P]get request:           120498275 

[P]Get Hit Rate:          36.5392 %
[P]ACC Hit Rate:          32.1174 %

[P]Throughput:            3378555.827 ops
[P]all request:           241121450 o

[P]GetThroughput:         1690719.261 ops
[P]SetThroughput:         1687836.566 ops

[P]Valid Entries:         108429.704 / s
[P]mica evicted:          1297536.819 / s
[P]set success:           1703174.365 / s

[P]expire scan persec:    71725677.417 / s
[P]total expire scan:     4862317588

[P]expire hit persec:      92.238 / s
[P]total expire hit:      3855

[P]expire hit rate:       0.000129 %
[P]total expire hit rate: 0.000079 %

[P]get found:             617775.317 / s

----------------------------------

[INFO]Current Time:       76.80 s

[P]indexs Load Factor:    97.8902 %

[P]set request:           122336815 
[P]get request:           122219700 

[P]Get Hit Rate:          36.9408 %
[P]ACC Hit Rate:          32.1854 %

[P]Throughput:            3332721.166 ops
[P]all request:           244556515 o

[P]GetThroughput:         1670137.110 ops
[P]SetThroughput:         1662584.056 ops

[P]Valid Entries:         101397.214 / s
[P]mica evicted:          1288211.581 / s
[P]set success:           1704067.160 / s

[P]expire scan persec:    70075659.306 / s
[P]total expire scan:     4934545186

[P]expire hit persec:     115.455 / s
[P]total expire hit:      3974

[P]expire hit rate:       0.000165 %
[P]total expire hit rate: 0.000081 %

[P]get found:             616961.848 / s

----------------------------------

[INFO]Current Time:       77.83 s

[P]indexs Load Factor:    98.0225 %

[P]set request:           124020073 
[P]get request:           123974676 

[P]Get Hit Rate:          36.4169 %
[P]ACC Hit Rate:          32.2453 %

[P]Throughput:            3329221.411 ops
[P]all request:           247994749 o

[P]GetThroughput:         1699332.761 ops
[P]SetThroughput:         1629888.650 ops

[P]Valid Entries:         95551.254 / s
[P]mica evicted:          1317596.400 / s
[P]set success:           1710697.627 / s

[P]expire scan persec:    68664352.811 / s
[P]total expire scan:     5005457896

[P]expire hit persec:     103.607 / s
[P]total expire hit:      4081

[P]expire hit rate:       0.000151 %
[P]total expire hit rate: 0.000082 %

[P]get found:             618843.484 / s

----------------------------------

[INFO]Current Time:       78.86 s

[P]indexs Load Factor:    98.1470 %

[P]set request:           125767136 
[P]get request:           125700483 

[P]Get Hit Rate:          36.8442 %
[P]ACC Hit Rate:          32.3084 %

[P]Throughput:            3377618.245 ops
[P]all request:           251467619 o

[P]GetThroughput:         1678472.621 ops
[P]SetThroughput:         1699145.624 ops

[P]Valid Entries:         90184.713 / s
[P]mica evicted:          1326944.031 / s
[P]set success:           1714333.318 / s

[P]expire scan persec:    67066527.914 / s
[P]total expire scan:     5074415758

[P]expire hit persec:     113.791 / s
[P]total expire hit:      4198

[P]expire hit rate:       0.000170 %
[P]total expire hit rate: 0.000083 %

[P]get found:             618419.048 / s

----------------------------------

[INFO]Current Time:       79.89 s

[P]indexs Load Factor:    98.2629 %

[P]set request:           127540049 
[P]get request:           127452885 

[P]Get Hit Rate:          36.3002 %
[P]ACC Hit Rate:          32.3633 %

[P]Throughput:            3410628.921 ops
[P]all request:           254992934 o

[P]GetThroughput:         1695392.594 ops
[P]SetThroughput:         1715236.327 ops

[P]Valid Entries:         83896.877 / s
[P]mica evicted:          1326907.309 / s
[P]set success:           1730786.438 / s

[P]expire scan persec:    66005722.330 / s
[P]total expire scan:     5142640994

[P]expire hit persec:     111.259 / s
[P]total expire hit:      4313

[P]expire hit rate:       0.000169 %
[P]total expire hit rate: 0.000084 %

[P]get found:             615430.486 / s

----------------------------------

[INFO]Current Time:       80.92 s

[P]indexs Load Factor:    98.3714 %

[P]set request:           129307328 
[P]get request:           129200012 

[P]Get Hit Rate:          36.1836 %
[P]ACC Hit Rate:          32.4150 %

[P]Throughput:            3428665.333 ops
[P]all request:           258507340 o

[P]GetThroughput:         1704502.490 ops
[P]SetThroughput:         1724162.843 ops

[P]Valid Entries:         79001.411 / s
[P]mica evicted:          1340250.347 / s
[P]set success:           1739820.297 / s

[P]expire scan persec:    65302592.450 / s
[P]total expire scan:     5209576609

[P]expire hit persec:     107.316 / s
[P]total expire hit:      4423

[P]expire hit rate:       0.000164 %
[P]total expire hit rate: 0.000085 %

[P]get found:             616750.904 / s

----------------------------------

[INFO]Current Time:       81.94 s

[P]indexs Load Factor:    98.4724 %

[P]set request:           131070375 
[P]get request:           130942509 

[P]Get Hit Rate:          36.1653 %
[P]ACC Hit Rate:          32.4649 %

[P]Throughput:            3408328.358 ops
[P]all request:           262012884 o

[P]GetThroughput:         1694174.125 ops
[P]SetThroughput:         1714154.233 ops

[P]Valid Entries:         73455.822 / s
[P]mica evicted:          1317671.109 / s
[P]set success:           1731271.984 / s

[P]expire scan persec:    64438708.753 / s
[P]total expire scan:     5275853301

[P]expire hit persec:      99.171 / s
[P]total expire hit:      4525

[P]expire hit rate:       0.000154 %
[P]total expire hit rate: 0.000086 %

[P]get found:             612703.867 / s

----------------------------------

[INFO]Current Time:       82.97 s

[P]indexs Load Factor:    98.5671 %

[P]set request:           132815578 
[P]get request:           132645009 

[P]Get Hit Rate:          36.5588 %
[P]ACC Hit Rate:          32.5174 %

[P]Throughput:            3367269.311 ops
[P]all request:           265460587 o

[P]GetThroughput:         1662781.278 ops
[P]SetThroughput:         1704488.032 ops

[P]Valid Entries:         69000.784 / s
[P]mica evicted:          1334392.475 / s
[P]set success:           1691319.586 / s

[P]expire scan persec:    63332578.818 / s
[P]total expire scan:     5340698700

[P]expire hit persec:     115.247 / s
[P]total expire hit:      4643

[P]expire hit rate:       0.000182 %
[P]total expire hit rate: 0.000087 %

[P]get found:             607892.325 / s

----------------------------------

[INFO]Current Time:       83.99 s

[P]indexs Load Factor:    98.6555 %

[P]set request:           134598494 
[P]get request:           134384773 

[P]Get Hit Rate:          36.4698 %
[P]ACC Hit Rate:          32.5686 %

[P]Throughput:            3448759.061 ops
[P]all request:           268983267 o

[P]GetThroughput:         1703256.288 ops
[P]SetThroughput:         1745502.774 ops

[P]Valid Entries:         65716.430 / s
[P]mica evicted:          1336014.768 / s
[P]set success:           1762116.670 / s

[P]expire scan persec:    63784170.704 / s
[P]total expire scan:     5405850025

[P]expire hit persec:      94.965 / s
[P]total expire hit:      4740

[P]expire hit rate:       0.000149 %
[P]total expire hit rate: 0.000088 %

[P]get found:             621173.720 / s

----------------------------------

[INFO]Current Time:       85.01 s

[P]indexs Load Factor:    98.7386 %

[P]set request:           136315482 
[P]get request:           136128682 

[P]Get Hit Rate:          35.9314 %
[P]ACC Hit Rate:          32.6117 %

[P]Throughput:            3378663.834 ops
[P]all request:           272444164 o

[P]GetThroughput:         1702472.587 ops
[P]SetThroughput:         1676191.247 ops

[P]Valid Entries:         61024.722 / s
[P]mica evicted:          1339964.653 / s
[P]set success:           1738097.513 / s

[P]expire scan persec:    63561295.139 / s
[P]total expire scan:     5470958336

[P]expire hit persec:      92.743 / s
[P]total expire hit:      4835

[P]expire hit rate:       0.000146 %
[P]total expire hit rate: 0.000088 %

[P]get found:             611722.315 / s

----------------------------------

[INFO]Current Time:       86.04 s

[P]indexs Load Factor:    98.8162 %

[P]set request:           138055798 
[P]get request:           137874679 

[P]Get Hit Rate:          35.8570 %
[P]ACC Hit Rate:          32.6528 %

[P]Throughput:            3407127.796 ops
[P]all request:           275930477 o

[P]GetThroughput:         1706339.881 ops
[P]SetThroughput:         1700787.915 ops

[P]Valid Entries:         57975.587 / s
[P]mica evicted:          1362759.058 / s
[P]set success:           1719572.345 / s

[P]expire scan persec:    65199706.805 / s
[P]total expire scan:     5537673352

[P]expire hit persec:      87.956 / s
[P]total expire hit:      4925

[P]expire hit rate:       0.000135 %
[P]total expire hit rate: 0.000089 %

[P]get found:             611843.128 / s

----------------------------------

[INFO]Current Time:       87.06 s

[P]indexs Load Factor:    98.8886 %

[P]set request:           139796307 
[P]get request:           139595390 

[P]Get Hit Rate:          36.3234 %
[P]ACC Hit Rate:          32.6980 %

[P]Throughput:            3391860.113 ops
[P]all request:           279391697 o

[P]GetThroughput:         1686229.424 ops
[P]SetThroughput:         1705630.689 ops

[P]Valid Entries:         54079.140 / s
[P]mica evicted:          1368694.668 / s
[P]set success:           1724063.753 / s

[P]expire scan persec:    64806406.771 / s
[P]total expire scan:     5603804980

[P]expire hit persec:     113.675 / s
[P]total expire hit:      5041

[P]expire hit rate:       0.000175 %
[P]total expire hit rate: 0.000090 %

[P]get found:             612496.114 / s

----------------------------------

[INFO]Current Time:       88.08 s

[P]indexs Load Factor:    98.9565 %

[P]set request:           141530143 
[P]get request:           141309393 

[P]Get Hit Rate:          36.2541 %
[P]ACC Hit Rate:          32.7411 %

[P]Throughput:            3380615.252 ops
[P]all request:           282839536 o

[P]GetThroughput:         1680584.472 ops
[P]SetThroughput:         1700030.781 ops

[P]Valid Entries:         50347.830 / s
[P]mica evicted:          1369276.843 / s
[P]set success:           1738772.401 / s

[P]expire scan persec:    64278026.385 / s
[P]total expire scan:     5669361179

[P]expire hit persec:     111.777 / s
[P]total expire hit:      5155

[P]expire hit rate:       0.000174 %
[P]total expire hit rate: 0.000091 %

[P]get found:             609280.420 / s

----------------------------------

[INFO]Current Time:       89.10 s

[P]indexs Load Factor:    99.0195 %

[P]set request:           143278734 
[P]get request:           143060366 

[P]Get Hit Rate:          34.8844 %
[P]ACC Hit Rate:          32.7674 %

[P]Throughput:            3429022.334 ops
[P]all request:           286339100 o

[P]GetThroughput:         1715678.160 ops
[P]SetThroughput:         1713344.174 ops

[P]Valid Entries:         47325.424 / s
[P]mica evicted:          1381659.572 / s
[P]set success:           1730755.000 / s

[P]expire scan persec:    64242870.075 / s
[P]total expire scan:     5734925650

[P]expire hit persec:      98.964 / s
[P]total expire hit:      5256

[P]expire hit rate:       0.000154 %
[P]total expire hit rate: 0.000092 %

[P]get found:             598503.615 / s

----------------------------------

[INFO]Current Time:       90.12 s

[P]indexs Load Factor:    99.0779 %

[P]set request:           145018836 
[P]get request:           144780489 

[P]Get Hit Rate:          35.6311 %
[P]ACC Hit Rate:          32.8014 %

[P]Throughput:            3393707.808 ops
[P]all request:           289799325 o

[P]GetThroughput:         1687056.436 ops
[P]SetThroughput:         1706651.372 ops

[P]Valid Entries:         43390.539 / s
[P]mica evicted:          1362616.508 / s
[P]set success:           1674559.380 / s

[P]expire scan persec:    63294977.754 / s
[P]total expire scan:     5799461219

[P]expire hit persec:     115.732 / s
[P]total expire hit:      5374

[P]expire hit rate:       0.000183 %
[P]total expire hit rate: 0.000093 %

[P]get found:             601117.015 / s

----------------------------------

[INFO]Current Time:       91.14 s

[P]indexs Load Factor:    99.1332 %

[P]set request:           146787695 
[P]get request:           146528661 

[P]Get Hit Rate:          35.3163 %
[P]ACC Hit Rate:          32.8314 %

[P]Throughput:            3451145.557 ops
[P]all request:           293316356 o

[P]GetThroughput:         1715423.046 ops
[P]SetThroughput:         1735722.511 ops

[P]Valid Entries:         41409.457 / s
[P]mica evicted:          1350345.698 / s
[P]set success:           1751333.484 / s

[P]expire scan persec:    64091809.263 / s
[P]total expire scan:     5864776598

[P]expire hit persec:     104.014 / s
[P]total expire hit:      5480

[P]expire hit rate:       0.000162 %
[P]total expire hit rate: 0.000093 %

[P]get found:             605823.294 / s

----------------------------------

[INFO]Current Time:       92.16 s

[P]indexs Load Factor:    99.1849 %

[P]set request:           148540576 
[P]get request:           148261784 

[P]Get Hit Rate:          35.6140 %
[P]ACC Hit Rate:          32.8639 %

[P]Throughput:            3419554.976 ops
[P]all request:           296802360 o

[P]GetThroughput:         1700086.798 ops
[P]SetThroughput:         1719468.178 ops

[P]Valid Entries:         38887.339 / s
[P]mica evicted:          1377408.112 / s
[P]set success:           1667338.171 / s

[P]expire scan persec:    62333275.559 / s
[P]total expire scan:     5928321138

[P]expire hit persec:     107.903 / s
[P]total expire hit:      5590

[P]expire hit rate:       0.000173 %
[P]total expire hit rate: 0.000094 %

[P]get found:             605469.476 / s

----------------------------------

[INFO]Current Time:       93.18 s

[P]indexs Load Factor:    99.2332 %

[P]set request:           150283301 
[P]get request:           150007335 

[P]Get Hit Rate:          35.2498 %
[P]ACC Hit Rate:          32.8917 %

[P]Throughput:            3423900.079 ops
[P]all request:           300290636 o

[P]GetThroughput:         1713336.963 ops
[P]SetThroughput:         1710563.116 ops

[P]Valid Entries:         36727.453 / s
[P]mica evicted:          1371591.437 / s
[P]set success:           1728884.636 / s

[P]expire scan persec:    61707745.440 / s
[P]total expire scan:     5991189108

[P]expire hit persec:     109.933 / s
[P]total expire hit:      5702

[P]expire hit rate:       0.000178 %
[P]total expire hit rate: 0.000095 %

[P]get found:             603947.621 / s

----------------------------------

[INFO]Current Time:       94.20 s

[P]indexs Load Factor:    99.2789 %

[P]set request:           151994681 
[P]get request:           151744920 

[P]Get Hit Rate:          35.6205 %
[P]ACC Hit Rate:          32.9229 %

[P]Throughput:            3379075.414 ops
[P]all request:           303739601 o

[P]GetThroughput:         1702374.699 ops
[P]SetThroughput:         1676700.715 ops

[P]Valid Entries:         34407.351 / s
[P]mica evicted:          1384702.136 / s
[P]set success:           1737660.873 / s

[P]expire scan persec:    60658638.341 / s
[P]total expire scan:     6053102352

[P]expire hit persec:     108.751 / s
[P]total expire hit:      5813

[P]expire hit rate:       0.000179 %
[P]total expire hit rate: 0.000096 %

[P]get found:             606394.904 / s

----------------------------------

[INFO]Current Time:       95.22 s

[P]indexs Load Factor:    99.3208 %

[P]set request:           153731726 
[P]get request:           153484611 

[P]Get Hit Rate:          35.6287 %
[P]ACC Hit Rate:          32.9536 %

[P]Throughput:            3409962.011 ops
[P]all request:           307216337 o

[P]GetThroughput:         1706278.596 ops
[P]SetThroughput:         1703683.415 ops

[P]Valid Entries:         32096.486 / s
[P]mica evicted:          1370649.888 / s
[P]set success:           1700447.775 / s

[P]expire scan persec:    59605857.129 / s
[P]total expire scan:     6113875413

[P]expire hit persec:     107.887 / s
[P]total expire hit:      5923

[P]expire hit rate:       0.000181 %
[P]total expire hit rate: 0.000097 %

[P]get found:             607924.600 / s

----------------------------------

[INFO]Current Time:       96.23 s

[P]indexs Load Factor:    99.3606 %

[P]set request:           155438006 
[P]get request:           155216606 

[P]Get Hit Rate:          35.5463 %
[P]ACC Hit Rate:          32.9825 %

[P]Throughput:            3378362.940 ops
[P]all request:           310654612 o

[P]GetThroughput:         1701814.928 ops
[P]SetThroughput:         1676548.012 ops

[P]Valid Entries:         30084.480 / s
[P]mica evicted:          1389683.286 / s
[P]set success:           1668732.611 / s

[P]expire scan persec:    59272444.462 / s
[P]total expire scan:     6174198998

[P]expire hit persec:     105.136 / s
[P]total expire hit:      6030

[P]expire hit rate:       0.000177 %
[P]total expire hit rate: 0.000098 %

[P]get found:             604932.103 / s

----------------------------------

[INFO]Current Time:       97.25 s

[P]indexs Load Factor:    99.3980 %

[P]set request:           157169131 
[P]get request:           156930047 

[P]Get Hit Rate:          36.0636 %
[P]ACC Hit Rate:          33.0162 %

[P]Throughput:            3385911.792 ops
[P]all request:           314099178 o

[P]GetThroughput:         1684264.458 ops
[P]SetThroughput:         1701647.334 ops

[P]Valid Entries:         28710.645 / s
[P]mica evicted:          1394580.655 / s
[P]set success:           1696944.796 / s

[P]expire scan persec:    59208798.962 / s
[P]total expire scan:     6234433472

[P]expire hit persec:     100.263 / s
[P]total expire hit:      6132

[P]expire hit rate:       0.000169 %
[P]total expire hit rate: 0.000098 %

[P]get found:             607405.897 / s

----------------------------------

[INFO]Current Time:       98.27 s

[P]indexs Load Factor:    99.4331 %

[P]set request:           158905545 
[P]get request:           158645543 

[P]Get Hit Rate:          36.0059 %
[P]ACC Hit Rate:          33.0485 %

[P]Throughput:            3389739.380 ops
[P]all request:           317551088 o

[P]GetThroughput:         1684599.062 ops
[P]SetThroughput:         1705140.318 ops

[P]Valid Entries:         26725.826 / s
[P]mica evicted:          1359324.859 / s
[P]set success:           1743119.744 / s

[P]expire scan persec:    58774093.574 / s
[P]total expire scan:     6294285531

[P]expire hit persec:      77.577 / s
[P]total expire hit:      6211

[P]expire hit rate:       0.000132 %
[P]total expire hit rate: 0.000099 %

[P]get found:             606555.275 / s

----------------------------------

[INFO]Current Time:       99.29 s

[P]indexs Load Factor:    99.4661 %

[P]set request:           160669136 
[P]get request:           160389802 

[P]Get Hit Rate:          35.4645 %
[P]ACC Hit Rate:          33.0748 %

[P]Throughput:            3437342.866 ops
[P]all request:           321058938 o

[P]GetThroughput:         1709199.718 ops
[P]SetThroughput:         1728143.148 ops

[P]Valid Entries:         25150.118 / s
[P]mica evicted:          1379532.878 / s
[P]set success:           1744435.948 / s

[P]expire scan persec:    59011682.235 / s
[P]total expire scan:     6354507667

[P]expire hit persec:     108.769 / s
[P]total expire hit:      6322

[P]expire hit rate:       0.000184 %
[P]total expire hit rate: 0.000099 %

[P]get found:             606159.395 / s

----------------------------------

[INFO]Current Time:       100.31 s

[P]indexs Load Factor:    99.4966 %

[P]set request:           162404998 
[P]get request:           162127973 

[P]Get Hit Rate:          35.4741 %
[P]ACC Hit Rate:          33.1005 %

[P]Throughput:            3411543.806 ops
[P]all request:           324532971 o

[P]GetThroughput:         1706905.636 ops
[P]SetThroughput:         1704638.170 ops

[P]Valid Entries:         23659.627 / s
[P]mica evicted:          1399190.058 / s
[P]set success:           1719585.382 / s

[P]expire scan persec:    57865130.323 / s
[P]total expire scan:     6413432712

[P]expire hit persec:      95.255 / s
[P]total expire hit:      6419

[P]expire hit rate:       0.000165 %
[P]total expire hit rate: 0.000100 %

[P]get found:             605509.885 / s

----------------------------------

[INFO]Current Time:       101.33 s

[P]indexs Load Factor:    99.5254 %

[P]set request:           164161549 
[P]get request:           163842292 

[P]Get Hit Rate:          35.9345 %
[P]ACC Hit Rate:          33.1302 %

[P]Throughput:            3405882.769 ops
[P]all request:           328003841 o

[P]GetThroughput:         1682220.752 ops
[P]SetThroughput:         1723662.017 ops

[P]Valid Entries:         22162.127 / s
[P]mica evicted:          1380438.031 / s
[P]set success:           1606597.706 / s

[P]expire scan persec:    56581538.604 / s
[P]total expire scan:     6471093876

[P]expire hit persec:     117.753 / s
[P]total expire hit:      6539

[P]expire hit rate:       0.000208 %
[P]total expire hit rate: 0.000101 %

[P]get found:             604497.654 / s

----------------------------------

[INFO]Current Time:       102.34 s

[P]indexs Load Factor:    99.5520 %

[P]set request:           165913090 
[P]get request:           165529426 

[P]Get Hit Rate:          36.4361 %
[P]ACC Hit Rate:          33.1639 %

[P]Throughput:            3378447.305 ops
[P]all request:           331442516 o

[P]GetThroughput:         1657584.190 ops
[P]SetThroughput:         1720863.115 ops

[P]Valid Entries:         20615.487 / s
[P]mica evicted:          1398309.293 / s
[P]set success:           1737061.348 / s

[P]expire scan persec:    55836228.654 / s
[P]total expire scan:     6527925499

[P]expire hit persec:     117.898 / s
[P]total expire hit:      6659

[P]expire hit rate:       0.000211 %
[P]total expire hit rate: 0.000102 %

[P]get found:             603958.216 / s

----------------------------------

[INFO]Current Time:       103.36 s

[P]indexs Load Factor:    99.5773 %

[P]set request:           167658132 
[P]get request:           167254573 

[P]Get Hit Rate:          35.4079 %
[P]ACC Hit Rate:          33.1870 %

[P]Throughput:            3416804.685 ops
[P]all request:           334912705 o

[P]GetThroughput:         1698607.872 ops
[P]SetThroughput:         1718196.813 ops

[P]Valid Entries:         19677.557 / s
[P]mica evicted:          1377705.663 / s
[P]set success:           1709951.636 / s

[P]expire scan persec:    54362004.523 / s
[P]total expire scan:     6583136858

[P]expire hit persec:     108.308 / s
[P]total expire hit:      6769

[P]expire hit rate:       0.000199 %
[P]total expire hit rate: 0.000103 %

[P]get found:             601442.042 / s

----------------------------------

[INFO]Current Time:       104.38 s

[P]indexs Load Factor:    99.6010 %

[P]set request:           169353842 
[P]get request:           168977898 

[P]Get Hit Rate:          35.3901 %
[P]ACC Hit Rate:          33.2095 %

[P]Throughput:            3365857.661 ops
[P]all request:           338331740 o

[P]GetThroughput:         1696521.578 ops
[P]SetThroughput:         1669336.083 ops

[P]Valid Entries:         18395.371 / s
[P]mica evicted:          1396132.440 / s
[P]set success:           1708505.248 / s

[P]expire scan persec:    54471056.300 / s
[P]total expire scan:     6638468505

[P]expire hit persec:     102.382 / s
[P]total expire hit:      6873

[P]expire hit rate:       0.000188 %
[P]total expire hit rate: 0.000104 %

[P]get found:             600401.234 / s

----------------------------------

[INFO]Current Time:       105.39 s

[P]indexs Load Factor:    99.6233 %

[P]set request:           171062790 
[P]get request:           170714540 

[P]Get Hit Rate:          35.4402 %
[P]ACC Hit Rate:          33.2322 %

[P]Throughput:            3393352.820 ops
[P]all request:           341777330 o

[P]GetThroughput:         1710313.481 ops
[P]SetThroughput:         1683039.339 ops

[P]Valid Entries:         17487.793 / s
[P]mica evicted:          1373473.783 / s
[P]set success:           1701949.240 / s

[P]expire scan persec:    53623541.680 / s
[P]total expire scan:     6692917526

[P]expire hit persec:     136.893 / s
[P]total expire hit:      7012

[P]expire hit rate:       0.000255 %
[P]total expire hit rate: 0.000105 %

[P]get found:             606139.111 / s

----------------------------------

[INFO]Current Time:       106.41 s

[P]indexs Load Factor:    99.6442 %

[P]set request:           172769836 
[P]get request:           172424344 

[P]Get Hit Rate:          35.8519 %
[P]ACC Hit Rate:          33.2581 %

[P]Throughput:            3361079.674 ops
[P]all request:           345194180 o

[P]GetThroughput:         1681896.329 ops
[P]SetThroughput:         1679183.345 ops

[P]Valid Entries:         16531.690 / s
[P]mica evicted:          1404712.632 / s
[P]set success:           1741443.268 / s

[P]expire scan persec:    52398744.707 / s
[P]total expire scan:     6746185722

[P]expire hit persec:     124.927 / s
[P]total expire hit:      7139

[P]expire hit rate:       0.000238 %
[P]total expire hit rate: 0.000106 %

[P]get found:             602991.573 / s

----------------------------------

[INFO]Current Time:       107.42 s

[P]indexs Load Factor:    99.6639 %

[P]set request:           174523784 
[P]get request:           174159306 

[P]Get Hit Rate:          35.3737 %
[P]ACC Hit Rate:          33.2792 %

[P]Throughput:            3434524.149 ops
[P]all request:           348683090 o

[P]GetThroughput:         1707917.054 ops
[P]SetThroughput:         1726607.096 ops

[P]Valid Entries:         15473.969 / s
[P]mica evicted:          1408782.858 / s
[P]set success:           1721230.239 / s

[P]expire scan persec:    52119330.957 / s
[P]total expire scan:     6799130365

[P]expire hit persec:     114.192 / s
[P]total expire hit:      7255

[P]expire hit rate:       0.000219 %
[P]total expire hit rate: 0.000107 %

[P]get found:             604154.190 / s

----------------------------------

[INFO]Current Time:       108.44 s

[P]indexs Load Factor:    99.6824 %

[P]set request:           176254652 
[P]get request:           175870837 

[P]Get Hit Rate:          35.8139 %
[P]ACC Hit Rate:          33.3039 %

[P]Throughput:            3388341.342 ops
[P]all request:           352125489 o

[P]GetThroughput:         1684654.000 ops
[P]SetThroughput:         1703687.342 ops

[P]Valid Entries:         14639.442 / s
[P]mica evicted:          1372516.842 / s
[P]set success:           1698021.731 / s

[P]expire scan persec:    51864519.540 / s
[P]total expire scan:     6851822332

[P]expire hit persec:     115.163 / s
[P]total expire hit:      7372

[P]expire hit rate:       0.000222 %
[P]total expire hit rate: 0.000108 %

[P]get found:             603340.298 / s

----------------------------------

[INFO]Current Time:       109.45 s

[P]indexs Load Factor:    99.6998 %

[P]set request:           177966023 
[P]get request:           177580356 

[P]Get Hit Rate:          35.7722 %
[P]ACC Hit Rate:          33.3276 %

[P]Throughput:            3374573.831 ops
[P]all request:           355546379 o

[P]GetThroughput:         1686373.453 ops
[P]SetThroughput:         1688200.378 ops

[P]Valid Entries:         13818.343 / s
[P]mica evicted:          1394268.604 / s
[P]set success:           1699811.022 / s

[P]expire scan persec:    51805231.011 / s
[P]total expire scan:     6904338592

[P]expire hit persec:     104.565 / s
[P]total expire hit:      7478

[P]expire hit rate:       0.000202 %
[P]total expire hit rate: 0.000108 %

[P]get found:             603253.323 / s

----------------------------------

[INFO]Current Time:       110.47 s

[P]indexs Load Factor:    99.7159 %

[P]set request:           179717963 
[P]get request:           179312686 

[P]Get Hit Rate:          35.3313 %
[P]ACC Hit Rate:          33.3470 %

[P]Throughput:            3425353.936 ops
[P]all request:           359030649 o

[P]GetThroughput:         1703037.762 ops
[P]SetThroughput:         1722316.174 ops

[P]Valid Entries:         12765.435 / s
[P]mica evicted:          1408116.407 / s
[P]set success:           1715868.081 / s

[P]expire scan persec:    50353665.303 / s
[P]total expire scan:     6955558340

[P]expire hit persec:     102.241 / s
[P]total expire hit:      7582

[P]expire hit rate:       0.000203 %
[P]total expire hit rate: 0.000109 %

[P]get found:             601704.684 / s

----------------------------------

[INFO]Current Time:       111.48 s

[P]indexs Load Factor:    99.7314 %

[P]set request:           181440909 
[P]get request:           181041901 

[P]Get Hit Rate:          35.3732 %
[P]ACC Hit Rate:          33.3664 %

[P]Throughput:            3408602.478 ops
[P]all request:           362482810 o

[P]GetThroughput:         1707396.189 ops
[P]SetThroughput:         1701206.289 ops

[P]Valid Entries:         12331.417 / s
[P]mica evicted:          1369878.328 / s
[P]set success:           1678468.851 / s

[P]expire scan persec:    49694591.938 / s
[P]total expire scan:     7005887979

[P]expire hit persec:     125.398 / s
[P]total expire hit:      7709

[P]expire hit rate:       0.000252 %
[P]total expire hit rate: 0.000110 %

[P]get found:             603960.984 / s

----------------------------------

[INFO]Current Time:       112.50 s

[P]indexs Load Factor:    99.7458 %

[P]set request:           183176812 
[P]get request:           182780100 

[P]Get Hit Rate:          35.3319 %
[P]ACC Hit Rate:          33.3850 %

[P]Throughput:            3415529.187 ops
[P]all request:           365956912 o

[P]GetThroughput:         1708893.238 ops
[P]SetThroughput:         1706635.949 ops

[P]Valid Entries:         11556.813 / s
[P]mica evicted:          1414610.878 / s
[P]set success:           1723843.851 / s

[P]expire scan persec:    48592240.057 / s
[P]total expire scan:     7055313526

[P]expire hit persec:     117.977 / s
[P]total expire hit:      7829

[P]expire hit rate:       0.000243 %
[P]total expire hit rate: 0.000111 %

[P]get found:             603783.730 / s

----------------------------------

[INFO]Current Time:       113.51 s

[P]indexs Load Factor:    99.7593 %

[P]set request:           184890897 
[P]get request:           184497949 

[P]Get Hit Rate:          35.3392 %
[P]ACC Hit Rate:          33.4032 %

[P]Throughput:            3392137.903 ops
[P]all request:           369388846 o

[P]GetThroughput:         1697929.128 ops
[P]SetThroughput:         1694208.775 ops

[P]Valid Entries:         10781.513 / s
[P]mica evicted:          1405491.961 / s
[P]set success:           1709641.718 / s

[P]expire scan persec:    48251143.197 / s
[P]total expire scan:     7104130745

[P]expire hit persec:     111.690 / s
[P]total expire hit:      7942

[P]expire hit rate:       0.000231 %
[P]total expire hit rate: 0.000112 %

[P]get found:             600034.478 / s

----------------------------------

[INFO]Current Time:       114.53 s

[P]indexs Load Factor:    99.7719 %

[P]set request:           186635638 
[P]get request:           186222839 

[P]Get Hit Rate:          34.9537 %
[P]ACC Hit Rate:          33.4176 %

[P]Throughput:            3416766.200 ops
[P]all request:           372858477 o

[P]GetThroughput:         1698608.829 ops
[P]SetThroughput:         1718157.371 ops

[P]Valid Entries:         10225.785 / s
[P]mica evicted:          1387648.068 / s
[P]set success:           1688627.266 / s

[P]expire scan persec:    48523716.628 / s
[P]total expire scan:     7153405229

[P]expire hit persec:     107.339 / s
[P]total expire hit:      8051

[P]expire hit rate:       0.000221 %
[P]total expire hit rate: 0.000113 %

[P]get found:             593726.756 / s

----------------------------------

[INFO]Current Time:       115.54 s

[P]indexs Load Factor:    99.7839 %

[P]set request:           188393414 
[P]get request:           187960983 

[P]Get Hit Rate:          34.9073 %
[P]ACC Hit Rate:          33.4314 %

[P]Throughput:            3447166.755 ops
[P]all request:           376354397 o

[P]GetThroughput:         1713904.269 ops
[P]SetThroughput:         1733262.486 ops

[P]Valid Entries:         9778.700 / s
[P]mica evicted:          1418159.977 / s
[P]set success:           1705561.264 / s

[P]expire scan persec:    48708013.053 / s
[P]total expire scan:     7202802119

[P]expire hit persec:     119.313 / s
[P]total expire hit:      8172

[P]expire hit rate:       0.000245 %
[P]total expire hit rate: 0.000113 %

[P]get found:             598277.566 / s

----------------------------------

[INFO]Current Time:       116.55 s

[P]indexs Load Factor:    99.7954 %

[P]set request:           190122722 
[P]get request:           189647289 

[P]Get Hit Rate:          36.3273 %
[P]ACC Hit Rate:          33.4571 %

[P]Throughput:            3376798.128 ops
[P]all request:           379770011 o

[P]GetThroughput:         1667142.407 ops
[P]SetThroughput:         1709655.721 ops

[P]Valid Entries:         9314.926 / s
[P]mica evicted:          1420384.854 / s
[P]set success:           1726617.745 / s

[P]expire scan persec:    48772152.209 / s
[P]total expire scan:     7252134901

[P]expire hit persec:     107.761 / s
[P]total expire hit:      8281

[P]expire hit rate:       0.000221 %
[P]total expire hit rate: 0.000114 %

[P]get found:             605628.378 / s

----------------------------------

[INFO]Current Time:       117.56 s

[P]indexs Load Factor:    99.8060 %

[P]set request:           191838477 
[P]get request:           191368784 

[P]Get Hit Rate:          35.3960 %
[P]ACC Hit Rate:          33.4746 %

[P]Throughput:            3397939.163 ops
[P]all request:           383207261 o

[P]GetThroughput:         1701806.758 ops
[P]SetThroughput:         1696132.405 ops

[P]Valid Entries:         8630.158 / s
[P]mica evicted:          1411514.160 / s
[P]set success:           1717329.179 / s

[P]expire scan persec:    47765596.707 / s
[P]total expire scan:     7300453099

[P]expire hit persec:     101.822 / s
[P]total expire hit:      8384

[P]expire hit rate:       0.000213 %
[P]total expire hit rate: 0.000115 %

[P]get found:             602371.154 / s

----------------------------------

[INFO]Current Time:       118.58 s

[P]indexs Load Factor:    99.8160 %

[P]set request:           193586605 
[P]get request:           193097224 

[P]Get Hit Rate:          35.3666 %
[P]ACC Hit Rate:          33.4915 %

[P]Throughput:            3435014.220 ops
[P]all request:           386683829 o

[P]GetThroughput:         1707780.771 ops
[P]SetThroughput:         1727233.449 ops

[P]Valid Entries:         8269.957 / s
[P]mica evicted:          1416745.460 / s
[P]set success:           1744563.802 / s

[P]expire scan persec:    47990214.601 / s
[P]total expire scan:     7349023857

[P]expire hit persec:     109.673 / s
[P]total expire hit:      8495

[P]expire hit rate:       0.000229 %
[P]total expire hit rate: 0.000116 %

[P]get found:             603984.527 / s

----------------------------------

[INFO]Current Time:       119.59 s

[P]indexs Load Factor:    99.8255 %

[P]set request:           195338822 
[P]get request:           194829137 

[P]Get Hit Rate:          35.3925 %
[P]ACC Hit Rate:          33.5084 %

[P]Throughput:            3433540.118 ops
[P]all request:           390167959 o

[P]GetThroughput:         1706765.467 ops
[P]SetThroughput:         1726774.651 ops

[P]Valid Entries:         7769.524 / s
[P]mica evicted:          1397282.400 / s
[P]set success:           1722168.518 / s

[P]expire scan persec:    48085684.099 / s
[P]total expire scan:     7397818037

[P]expire hit persec:     114.316 / s
[P]total expire hit:      8611

[P]expire hit rate:       0.000238 %
[P]total expire hit rate: 0.000116 %

[P]get found:             604066.664 / s

----------------------------------

[INFO]Current Time:       120.61 s

[P]indexs Load Factor:    99.8344 %

[P]set request:           197035417 
[P]get request:           196551107 

[P]Get Hit Rate:          35.3180 %
[P]ACC Hit Rate:          33.5243 %

[P]Throughput:            3373016.494 ops
[P]all request:           393586524 o

[P]GetThroughput:         1699026.700 ops
[P]SetThroughput:         1673989.794 ops

[P]Valid Entries:         7202.736 / s
[P]mica evicted:          1408145.696 / s
[P]set success:           1711257.538 / s

[P]expire scan persec:    47293655.414 / s
[P]total expire scan:     7445750336

[P]expire hit persec:     123.335 / s
[P]total expire hit:      8736

[P]expire hit rate:       0.000261 %
[P]total expire hit rate: 0.000117 %

[P]get found:             600062.877 / s

----------------------------------

[INFO]Current Time:       121.62 s

[P]indexs Load Factor:    99.8428 %

[P]set request:           198770696 
[P]get request:           198289060 

[P]Get Hit Rate:          35.3878 %
[P]ACC Hit Rate:          33.5406 %

[P]Throughput:            3430199.771 ops
[P]all request:           397059756 o

[P]GetThroughput:         1716420.320 ops
[P]SetThroughput:         1713779.450 ops

[P]Valid Entries:         6860.929 / s
[P]mica evicted:          1424484.685 / s
[P]set success:           1731379.654 / s

[P]expire scan persec:    47554470.000 / s
[P]total expire scan:     7493901382

[P]expire hit persec:     102.711 / s
[P]total expire hit:      8840

[P]expire hit rate:       0.000216 %
[P]total expire hit rate: 0.000118 %

[P]get found:             607404.050 / s

----------------------------------

[INFO]Current Time:       122.63 s

[P]indexs Load Factor:    99.8507 %

[P]set request:           200519545 
[P]get request:           200018892 

[P]Get Hit Rate:          35.3323 %
[P]ACC Hit Rate:          33.5561 %

[P]Throughput:            3429319.225 ops
[P]all request:           400538437 o

[P]GetThroughput:         1705286.036 ops
[P]SetThroughput:         1724033.189 ops

[P]Valid Entries:         6491.560 / s
[P]mica evicted:          1415617.538 / s
[P]set success:           1718065.094 / s

[P]expire scan persec:    47292187.136 / s
[P]total expire scan:     7541874295

[P]expire hit persec:     138.999 / s
[P]total expire hit:      8981

[P]expire hit rate:       0.000294 %
[P]total expire hit rate: 0.000119 %

[P]get found:             602517.338 / s

----------------------------------
[INFO]End rx_queue_0:2254776

[INFO]Current Time:       123.65 s

[P]indexs Load Factor:    99.8576 %

[P]set request:           202093374 
[P]get request:           201601344 

[P]Get Hit Rate:          36.7515 %
[P]ACC Hit Rate:          33.5812 %

[P]Throughput:            3104430.990 ops
[P]all request:           403694718 o

[P]GetThroughput:         1556456.168 ops
[P]SetThroughput:         1547974.822 ops

[P]Valid Entries:         5685.049 / s
[P]mica evicted:          1281097.196 / s
[P]set success:           1520691.507 / s

[P]expire scan persec:    45048312.928 / s
[P]total expire scan:     7587675002

[P]expire hit persec:      81.637 / s
[P]total expire hit:      9064

[P]expire hit rate:       0.000181 %
[P]total expire hit rate: 0.000119 %

[P]get found:             572021.139 / s

----------------------------------

[INFO]Current Time:       124.66 s

[P]indexs Load Factor:    99.8641 %

[P]set request:           203688836 
[P]get request:           203186415 

[P]Get Hit Rate:          36.8896 %
[P]ACC Hit Rate:          33.6070 %

[P]Throughput:            3141642.820 ops
[P]all request:           406875251 o

[P]GetThroughput:         1565689.438 ops
[P]SetThroughput:         1575953.382 ops

[P]Valid Entries:         5446.577 / s
[P]mica evicted:          1260909.291 / s
[P]set success:           1567136.525 / s

[P]expire scan persec:    47303872.623 / s
[P]total expire scan:     7635564446

[P]expire hit persec:      73.095 / s
[P]total expire hit:      9138

[P]expire hit rate:       0.000155 %
[P]total expire hit rate: 0.000120 %

[P]get found:             577577.212 / s

----------------------------------

[INFO]Current Time:       125.68 s

[P]indexs Load Factor:    99.8702 %

[P]set request:           205288069 
[P]get request:           204755669 

[P]Get Hit Rate:          37.4135 %
[P]ACC Hit Rate:          33.6362 %

[P]Throughput:            3123711.829 ops
[P]all request:           410043738 o

[P]GetThroughput:         1547078.237 ops
[P]SetThroughput:         1576633.592 ops

[P]Valid Entries:         4972.721 / s
[P]mica evicted:          1242975.238 / s
[P]set success:           1587630.956 / s

[P]expire scan persec:    48414181.889 / s
[P]total expire scan:     7684672595

[P]expire hit persec:      86.756 / s
[P]total expire hit:      9226

[P]expire hit rate:       0.000179 %
[P]total expire hit rate: 0.000120 %

[P]get found:             578816.269 / s

----------------------------------

[INFO]Current Time:       126.69 s

[P]indexs Load Factor:    99.8754 %

[P]set request:           206848638 
[P]get request:           206306390 

[P]Get Hit Rate:          37.0971 %
[P]ACC Hit Rate:          33.6622 %

[P]Throughput:            3065605.987 ops
[P]all request:           413155028 o

[P]GetThroughput:         1527951.294 ops
[P]SetThroughput:         1537654.693 ops

[P]Valid Entries:         4682.225 / s
[P]mica evicted:          1227759.783 / s
[P]set success:           1547901.987 / s

[P]expire scan persec:    47028151.090 / s
[P]total expire scan:     7732401565

[P]expire hit persec:      92.620 / s
[P]total expire hit:      9320

[P]expire hit rate:       0.000197 %
[P]total expire hit rate: 0.000121 %

[P]get found:             566825.107 / s

----------------------------------
[INFO]End rx_queue_2:2255387

[INFO]Current Time:       127.70 s

[P]indexs Load Factor:    99.8776 %

[P]set request:           207665040 
[P]get request:           207109990 

[P]Get Hit Rate:          37.3296 %
[P]ACC Hit Rate:          33.6764 %

[P]Throughput:            1601071.107 ops
[P]all request:           414775030 o

[P]GetThroughput:         794209.354 ops
[P]SetThroughput:         806861.753 ops

[P]Valid Entries:         2472.762 / s
[P]mica evicted:          651194.348 / s
[P]set success:           807263.997 / s

[P]expire scan persec:    20108769.074 / s
[P]total expire scan:     7752748098

[P]expire hit persec:      38.544 / s
[P]total expire hit:      9359

[P]expire hit rate:       0.000192 %
[P]total expire hit rate: 0.000121 %

[P]get found:             296475.505 / s

----------------------------------
[INFO]End rx_queue_3:1666801
[INFO]End rx_queue_1:2214043
Finish the job......

Total Index Entries:      62471538

indexs Load Factor:     99.877621 %

log_0 Load Factor:      30.419920 %

log_1 Load Factor:      31.845942 %

log_2 Load Factor:      31.237599 %

log_3 Load Factor:      36.089774 %

Get Hit Rate:           33.676399%

Max Throughput:         3626725.97

Calc Load Factor:       99.877621%

set request:              58624150 | set_success:              58624150
set_fail:                        0 | set_key_duplicate:         8702995 | set_mica_evicted:         32535048
set_random:                      0 | set_cuckoo_evicted:              0 | set_expire_evicted:              0

get request:              58624150
get_found:                17887065 | get_notfound:             40737085 | get_hit_ratio:          30.511427%

clean up:               18446744073709548841 | test_notfound:                   0
move_to_head_performed:    7221462 | move_to_head_skipped:     10665603 | move_to_head_failed:             0


set request:              57565092 | set_success:              57565092
set_fail:                        0 | set_key_duplicate:         9834035 | set_mica_evicted:         31368283
set_random:                      0 | set_cuckoo_evicted:              0 | set_expire_evicted:              0

get request:              57565092
get_found:                19728155 | get_notfound:             37836937 | get_hit_ratio:          34.271039%

clean up:               18446744073709547934 | test_notfound:                   0
move_to_head_performed:    7965625 | move_to_head_skipped:     11762530 | move_to_head_failed:             0


set request:              58640036 | set_success:              58640036
set_fail:                        0 | set_key_duplicate:         9632133 | set_mica_evicted:         32232272
set_random:                      0 | set_cuckoo_evicted:              0 | set_expire_evicted:              0

get request:              58640036
get_found:                19484308 | get_notfound:             39155728 | get_hit_ratio:          33.226971%

clean up:               18446744073709550782 | test_notfound:                   0
move_to_head_performed:    7890097 | move_to_head_skipped:     11594211 | move_to_head_failed:             0


set request:              43336800 | set_success:              43336800
set_fail:                        0 | set_key_duplicate:         6867539 | set_mica_evicted:         22438146
set_random:                      0 | set_cuckoo_evicted:              0 | set_expire_evicted:              0

get request:              43336800
get_found:                13830228 | get_notfound:             29506572 | get_hit_ratio:          31.913358%

clean up:               18446744073709549548 | test_notfound:                   0
move_to_head_performed:    5241343 | move_to_head_skipped:      8588885 | move_to_head_failed:             0


[INFO] Everything works fine.
deleting piekv......
