EAL: Detected 44 lcore(s)
EAL: Detected 1 NUMA nodes
EAL: Multi-process socket /var/run/dpdk/rte/mp_socket
EAL: Selected IOVA mode 'PA'
EAL: No available hugepages reported in hugepages-1048576kB
[INFO] 单个Log Size为:1 GB
[INFO] 运行proto
[INFO] 运行cleanup
[INFO] 运行reload
[INFO] reload kv size 8
EAL: Probing VFIO support...
EAL: VFIO support initialized
EAL: PCI device 0000:03:00.0 on NUMA socket 0
EAL:   probe driver: 15b3:1017 net_mlx5
WEN: There are 1 device(s) available
starting port 0...
querying port 0...
port 0: 100 Gbps (full-duplex)
Adding UDP filter for each endpoint.
port_id/queue_id/udp_port = 0 0 0
Flow is created with src_port = 0, dst_port = 0
port_id/queue_id/udp_port = 0 1 1
Flow is created with src_port = 0, dst_port = 1
port_id/queue_id/udp_port = 0 2 2
Flow is created with src_port = 0, dst_port = 2
port_id/queue_id/udp_port = 0 3 3
Flow is created with src_port = 0, dst_port = 3
MEM: Initializing pages...
 == [STAT] Workers Start (4 threads in total) == 
trigger:70.000000 

[INFO]Current Time:       6.36 s

[P]indexs Load Factor:    0.0494 %

[P]full bucket LFactor:   0.0000 %

[P]set request:           35717 
[P]get request:           23227 

[P]Get Hit Rate:          45.0166 %
[P]ACC Hit Rate:          45.0166 %

[P]total cuckoo num:      0 
[P]total cuckoo path:     0 
[P]total cp perset:       0.000000 / set
[P]total cp percuckoo:    -nan / cuckoo num

[P]cuckoo path / s:       0 / s
[P]cp per set * s:        0 / set * s

[P]break loop / s:        0 / s
[P]break / set :          0 %

[P]Throughput:            85924.573 ops
[P]all request:           58944 o

[P]GetThroughput:         33858.748 ops
[P]SetThroughput:         52065.825 ops

[P]Valid Entries:         50231.997 / s
[P]set success:           51829.672 / s

[P]get found:             15242.049 / s

----------------------------------

[INFO]Current Time:       7.10 s

[P]indexs Load Factor:    0.1707 %

[P]full bucket LFactor:   0.0000 %

[P]set request:           137292 
[P]get request:           93703 

[P]Get Hit Rate:          54.0695 %
[P]ACC Hit Rate:          51.8254 %

[P]total cuckoo num:      0 
[P]total cuckoo path:     0 
[P]total cp perset:       0.000000 / set
[P]total cp percuckoo:    -nan / cuckoo num

[P]cuckoo path / s:       0 / s
[P]cp per set * s:        0 / set * s

[P]break loop / s:        0 / s
[P]break / set :          0 %

[P]Throughput:            234258.028 ops
[P]all request:           230995 o

[P]GetThroughput:         95957.412 ops
[P]SetThroughput:         138300.615 ops

[P]Valid Entries:         136755.243 / s
[P]set success:           138918.764 / s

[P]get found:             51883.665 / s

----------------------------------

[INFO]Current Time:       7.83 s

[P]indexs Load Factor:    1.4330 %

[P]full bucket LFactor:   0.0000 %

[P]set request:           839172 
[P]get request:           602570 

[P]Get Hit Rate:          57.1876 %
[P]ACC Hit Rate:          56.3538 %

[P]total cuckoo num:      0 
[P]total cuckoo path:     0 
[P]total cp perset:       0.000000 / set
[P]total cp percuckoo:    -nan / cuckoo num

[P]cuckoo path / s:       0 / s
[P]cp per set * s:        0 / set * s

[P]break loop / s:        0 / s
[P]break / set :          0 %

[P]Throughput:            1651235.485 ops
[P]all request:           1441742 o

[P]GetThroughput:         694000.685 ops
[P]SetThroughput:         957234.800 ops

[P]Valid Entries:         956626.538 / s
[P]set success:           958144.465 / s

[P]get found:             396882.575 / s

----------------------------------

[INFO]Current Time:       8.56 s

[P]indexs Load Factor:    4.1172 %

[P]full bucket LFactor:   0.0001 %

[P]set request:           3276620 
[P]get request:           2438012 

[P]Get Hit Rate:          62.8632 %
[P]ACC Hit Rate:          61.2544 %

[P]total cuckoo num:      0 
[P]total cuckoo path:     0 
[P]total cp perset:       0.000000 / set
[P]total cp percuckoo:    -nan / cuckoo num

[P]cuckoo path / s:       0 / s
[P]cp per set * s:        0 / set * s

[P]break loop / s:        0 / s
[P]break / set :          0 %

[P]Throughput:            5891861.539 ops
[P]all request:           5714632 o

[P]GetThroughput:         2530879.598 ops
[P]SetThroughput:         3360981.941 ops

[P]Valid Entries:         3256777.557 / s
[P]set success:           3171713.598 / s

[P]get found:             1590992.489 / s

----------------------------------

[INFO]Current Time:       9.34 s

[P]indexs Load Factor:    6.8799 %

[P]full bucket LFactor:   0.0023 %

[P]set request:           5717051 
[P]get request:           4409816 

[P]Get Hit Rate:          68.0625 %
[P]ACC Hit Rate:          64.2986 %

[P]total cuckoo num:      0 
[P]total cuckoo path:     0 
[P]total cp perset:       0.000000 / set
[P]total cp percuckoo:    -nan / cuckoo num

[P]cuckoo path / s:       0 / s
[P]cp per set * s:        0 / set * s

[P]break loop / s:        0 / s
[P]break / set :          0 %

[P]Throughput:            5619629.536 ops
[P]all request:           10126867 o

[P]GetThroughput:         2511382.100 ops
[P]SetThroughput:         3108247.437 ops

[P]Valid Entries:         3160887.264 / s
[P]set success:           3156065.237 / s

[P]get found:             1709309.317 / s

----------------------------------

[INFO]Current Time:       10.18 s

[P]indexs Load Factor:    9.6860 %

[P]full bucket LFactor:   0.0158 %

[P]set request:           8274235 
[P]get request:           6519939 

[P]Get Hit Rate:          71.6963 %
[P]ACC Hit Rate:          66.6928 %

[P]total cuckoo num:      0 
[P]total cuckoo path:     0 
[P]total cp perset:       0.000000 / set
[P]total cp percuckoo:    -nan / cuckoo num

[P]cuckoo path / s:       0 / s
[P]cp per set * s:        0 / set * s

[P]break loop / s:        0 / s
[P]break / set :          0 %

[P]Throughput:            5544264.359 ops
[P]all request:           14794174 o

[P]GetThroughput:         2506601.718 ops
[P]SetThroughput:         3037662.642 ops

[P]Valid Entries:         3059782.409 / s
[P]set success:           3075601.589 / s

[P]get found:             1797141.737 / s

----------------------------------

[INFO]Current Time:       11.05 s

[P]indexs Load Factor:    12.4686 %

[P]full bucket LFactor:   0.0578 %

[P]set request:           10848854 
[P]get request:           8613267 

[P]Get Hit Rate:          76.7544 %
[P]ACC Hit Rate:          69.1381 %

[P]total cuckoo num:      0 
[P]total cuckoo path:     0 
[P]total cp perset:       0.000000 / set
[P]total cp percuckoo:    -nan / cuckoo num

[P]cuckoo path / s:       0 / s
[P]cp per set * s:        0 / set * s

[P]break loop / s:        0 / s
[P]break / set :          0 %

[P]Throughput:            5367734.132 ops
[P]all request:           19462121 o

[P]GetThroughput:         2407145.615 ops
[P]SetThroughput:         2960588.516 ops

[P]Valid Entries:         2966515.169 / s
[P]set success:           2938374.492 / s

[P]get found:             1847589.776 / s

----------------------------------

[INFO]Current Time:       11.94 s

[P]indexs Load Factor:    15.3028 %

[P]full bucket LFactor:   0.1591 %

[P]set request:           13464778 
[P]get request:           10844044 

[P]Get Hit Rate:          76.3392 %
[P]ACC Hit Rate:          70.6195 %

[P]total cuckoo num:      2 
[P]total cuckoo path:     0 
[P]total cp perset:       0.000000 / set
[P]total cp percuckoo:    0.000000 / cuckoo num

[P]cuckoo path / s:       0 / s
[P]cp per set * s:        0 / set * s

[P]break loop / s:        0 / s
[P]break / set :          0 %

[P]Throughput:            5479153.835 ops
[P]all request:           24308822 o

[P]GetThroughput:         2521874.230 ops
[P]SetThroughput:         2957279.604 ops

[P]Valid Entries:         2951615.842 / s
[P]set success:           2952215.003 / s

[P]get found:             1925178.256 / s

----------------------------------

[INFO]Current Time:       12.84 s

[P]indexs Load Factor:    18.0994 %

[P]full bucket LFactor:   0.3525 %

[P]set request:           16163309 
[P]get request:           13030265 

[P]Get Hit Rate:          79.3027 %
[P]ACC Hit Rate:          72.0764 %

[P]total cuckoo num:      21 
[P]total cuckoo path:     0 
[P]total cp perset:       0.000000 / set
[P]total cp percuckoo:    0.000000 / cuckoo num

[P]cuckoo path / s:       0 / s
[P]cp per set * s:        0 / set * s

[P]break loop / s:        0 / s
[P]break / set :          0 %

[P]Throughput:            5377693.285 ops
[P]all request:           29193574 o

[P]GetThroughput:         2406841.942 ops
[P]SetThroughput:         2970851.343 ops

[P]Valid Entries:         2862416.790 / s
[P]set success:           2763978.538 / s

[P]get found:             1908691.437 / s

----------------------------------

[INFO]Current Time:       13.76 s

[P]indexs Load Factor:    20.9184 %

[P]full bucket LFactor:   0.6738 %

[P]set request:           18845760 
[P]get request:           15261410 

[P]Get Hit Rate:          81.9382 %
[P]ACC Hit Rate:          73.5181 %

[P]total cuckoo num:      101 
[P]total cuckoo path:     1 
[P]total cp perset:       0.000000 / set
[P]total cp percuckoo:    0.009901 / cuckoo num

[P]cuckoo path / s:       1.092 / s
[P]cp per set * s:        0.000000 / set * s

[P]break loop / s:        0 / s
[P]break / set :          0 %

[P]Throughput:            5365136.610 ops
[P]all request:           34107170 o

[P]GetThroughput:         2436178.661 ops
[P]SetThroughput:         2928957.950 ops

[P]Valid Entries:         2861412.161 / s
[P]set success:           2725121.682 / s

[P]get found:             1996159.794 / s

----------------------------------

[INFO]Current Time:       14.69 s

[P]indexs Load Factor:    23.7259 %

[P]full bucket LFactor:   1.1542 %

[P]set request:           21475237 
[P]get request:           17539875 

[P]Get Hit Rate:          80.6440 %
[P]ACC Hit Rate:          74.4438 %

[P]total cuckoo num:      338 
[P]total cuckoo path:     2 
[P]total cp perset:       0.000000 / set
[P]total cp percuckoo:    0.005917 / cuckoo num

[P]cuckoo path / s:       1.078 / s
[P]cp per set * s:        0.000000 / set * s

[P]break loop / s:        0 / s
[P]break / set :          0 %

[P]Throughput:            5289688.575 ops
[P]all request:           39015113 o

[P]GetThroughput:         2455686.686 ops
[P]SetThroughput:         2834000.812 ops

[P]Valid Entries:         2806723.248 / s
[P]set success:           2864952.532 / s

[P]get found:             1980364.710 / s

----------------------------------

[INFO]Current Time:       15.63 s

[P]indexs Load Factor:    26.5439 %

[P]full bucket LFactor:   1.8255 %

[P]set request:           24205226 
[P]get request:           19887605 

[P]Get Hit Rate:          81.7038 %
[P]ACC Hit Rate:          75.3008 %

[P]total cuckoo num:      1060 
[P]total cuckoo path:     14 
[P]total cp perset:       0.000001 / set
[P]total cp percuckoo:    0.013208 / cuckoo num

[P]cuckoo path / s:       12.804 / s
[P]cp per set * s:        0.000004 / set * s

[P]break loop / s:        0 / s
[P]break / set :          0 %

[P]Throughput:            5417983.799 ops
[P]all request:           44092831 o

[P]GetThroughput:         2505055.047 ops
[P]SetThroughput:         2912929.819 ops

[P]Valid Entries:         2791356.656 / s
[P]set success:           2887492.263 / s

[P]get found:             2046724.500 / s

----------------------------------

[INFO]Current Time:       16.57 s

[P]indexs Load Factor:    29.3050 %

[P]full bucket LFactor:   2.6805 %

[P]set request:           26895563 
[P]get request:           22110965 

[P]Get Hit Rate:          85.3687 %
[P]ACC Hit Rate:          76.3132 %

[P]total cuckoo num:      2680 
[P]total cuckoo path:     45 
[P]total cp perset:       0.000002 / set
[P]total cp percuckoo:    0.016791 / cuckoo num

[P]cuckoo path / s:       32.770 / s
[P]cp per set * s:        0.000012 / set * s

[P]break loop / s:        0 / s
[P]break / set :          0 %

[P]Throughput:            5194287.059 ops
[P]all request:           49006528 o

[P]GetThroughput:         2350321.983 ops
[P]SetThroughput:         2843965.076 ops

[P]Valid Entries:         2721417.164 / s
[P]set success:           2775424.590 / s

[P]get found:             2006438.764 / s

----------------------------------

[INFO]Current Time:       17.52 s

[P]indexs Load Factor:    32.0626 %

[P]full bucket LFactor:   3.7396 %

[P]set request:           29543050 
[P]get request:           24423064 

[P]Get Hit Rate:          82.2542 %
[P]ACC Hit Rate:          76.8756 %

[P]total cuckoo num:      6094 
[P]total cuckoo path:     162 
[P]total cp perset:       0.000006 / set
[P]total cp percuckoo:    0.026584 / cuckoo num

[P]cuckoo path / s:       123.206 / s
[P]cp per set * s:        0.000045 / set * s

[P]break loop / s:        0 / s
[P]break / set :          0 %

[P]Throughput:            5222645.561 ops
[P]all request:           53966114 o

[P]GetThroughput:         2434734.185 ops
[P]SetThroughput:         2787911.376 ops

[P]Valid Entries:         2667380.345 / s
[P]set success:           2763143.860 / s

[P]get found:             2002670.562 / s

----------------------------------

[INFO]Current Time:       18.48 s

[P]indexs Load Factor:    34.8335 %

[P]full bucket LFactor:   5.0067 %

[P]set request:           32176142 
[P]get request:           26771394 

[P]Get Hit Rate:          80.1888 %
[P]ACC Hit Rate:          77.1662 %

[P]total cuckoo num:      12255 
[P]total cuckoo path:     392 
[P]total cp perset:       0.000012 / set
[P]total cp percuckoo:    0.031987 / cuckoo num

[P]cuckoo path / s:       239.927 / s
[P]cp per set * s:        0.000088 / set * s

[P]break loop / s:        0 / s
[P]break / set :          0 %

[P]Throughput:            5196436.296 ops
[P]all request:           58947537 o

[P]GetThroughput:         2449691.031 ops
[P]SetThroughput:         2746744.221 ops

[P]Valid Entries:         2665194.952 / s
[P]set success:           2718311.770 / s

[P]get found:             1964377.167 / s

----------------------------------

[INFO]Current Time:       19.44 s

[P]indexs Load Factor:    37.5808 %

[P]full bucket LFactor:   6.4774 %

[P]set request:           34886260 
[P]get request:           29125719 

[P]Get Hit Rate:          86.3329 %
[P]ACC Hit Rate:          77.9072 %

[P]total cuckoo num:      23084 
[P]total cuckoo path:     955 
[P]total cp perset:       0.000028 / set
[P]total cp percuckoo:    0.041371 / cuckoo num

[P]cuckoo path / s:       587.590 / s
[P]cp per set * s:        0.000216 / set * s

[P]break loop / s:        0 / s
[P]break / set :          0 %

[P]Throughput:            5285640.218 ops
[P]all request:           64011979 o

[P]GetThroughput:         2457154.195 ops
[P]SetThroughput:         2828487.067 ops

[P]Valid Entries:         2699771.460 / s
[P]set success:           2715339.986 / s

[P]get found:             2121331.380 / s

----------------------------------

[INFO]Current Time:       20.40 s

[P]indexs Load Factor:    40.3317 %

[P]full bucket LFactor:   8.1403 %

[P]set request:           37581797 
[P]get request:           31481384 

[P]Get Hit Rate:          86.8125 %
[P]ACC Hit Rate:          78.5736 %

[P]total cuckoo num:      40981 
[P]total cuckoo path:     2084 
[P]total cp perset:       0.000057 / set
[P]total cp percuckoo:    0.050853 / cuckoo num

[P]cuckoo path / s:       1175.302 / s
[P]cp per set * s:        0.000435 / set * s

[P]break loop / s:        0 / s
[P]break / set :          0 %

[P]Throughput:            5258360.625 ops
[P]all request:           69063181 o

[P]GetThroughput:         2452274.940 ops
[P]SetThroughput:         2806085.685 ops

[P]Valid Entries:         2677445.781 / s
[P]set success:           2703273.283 / s

[P]get found:             2128881.518 / s

----------------------------------

[INFO]Current Time:       21.36 s

[P]indexs Load Factor:    43.0706 %

[P]full bucket LFactor:   9.9807 %

[P]set request:           40205506 
[P]get request:           33790401 

[P]Get Hit Rate:          88.6656 %
[P]ACC Hit Rate:          79.2632 %

[P]total cuckoo num:      67838 
[P]total cuckoo path:     4152 
[P]total cp perset:       0.000105 / set
[P]total cp percuckoo:    0.061205 / cuckoo num

[P]cuckoo path / s:       2162.126 / s
[P]cp per set * s:        0.000795 / set * s

[P]break loop / s:        0 / s
[P]break / set :          0 %

[P]Throughput:            5157241.563 ops
[P]all request:           73995907 o

[P]GetThroughput:         2414113.097 ops
[P]SetThroughput:         2743128.466 ops

[P]Valid Entries:         2656703.017 / s
[P]set success:           2719998.526 / s

[P]get found:             2140488.095 / s

----------------------------------

[INFO]Current Time:       22.32 s

[P]indexs Load Factor:    45.7743 %

[P]full bucket LFactor:   11.9817 %

[P]set request:           42885796 
[P]get request:           36124176 

[P]Get Hit Rate:          86.5435 %
[P]ACC Hit Rate:          79.7335 %

[P]total cuckoo num:      108135 
[P]total cuckoo path:     8020 
[P]total cp perset:       0.000191 / set
[P]total cp percuckoo:    0.074167 / cuckoo num

[P]cuckoo path / s:       4017.169 / s
[P]cp per set * s:        0.001477 / set * s

[P]break loop / s:        0 / s
[P]break / set :          0 %

[P]Throughput:            5207432.478 ops
[P]all request:           79009972 o

[P]GetThroughput:         2423777.061 ops
[P]SetThroughput:         2783655.417 ops

[P]Valid Entries:         2652991.475 / s
[P]set success:           2719806.517 / s

[P]get found:             2097620.912 / s

----------------------------------

[INFO]Current Time:       23.27 s

[P]indexs Load Factor:    48.4115 %

[P]full bucket LFactor:   14.0774 %

[P]set request:           45464459 
[P]get request:           38410038 

[P]Get Hit Rate:          88.5176 %
[P]ACC Hit Rate:          80.2563 %

[P]total cuckoo num:      162482 
[P]total cuckoo path:     14481 
[P]total cp perset:       0.000325 / set
[P]total cp percuckoo:    0.089124 / cuckoo num

[P]cuckoo path / s:       6760.391 / s
[P]cp per set * s:        0.002527 / set * s

[P]break loop / s:        0 / s
[P]break / set :          0 %

[P]Throughput:            5089938.061 ops
[P]all request:           83874497 o

[P]GetThroughput:         2391784.603 ops
[P]SetThroughput:         2698153.458 ops

[P]Valid Entries:         2571849.981 / s
[P]set success:           2675665.559 / s

[P]get found:             2117150.138 / s

----------------------------------

[INFO]Current Time:       24.23 s

[P]indexs Load Factor:    50.8985 %

[P]full bucket LFactor:   16.1832 %

[P]set request:           47856082 
[P]get request:           40648710 

[P]Get Hit Rate:          85.0362 %
[P]ACC Hit Rate:          80.5195 %

[P]total cuckoo num:      233929 
[P]total cuckoo path:     24346 
[P]total cp perset:       0.000518 / set
[P]total cp percuckoo:    0.104074 / cuckoo num

[P]cuckoo path / s:       10280.550 / s
[P]cp per set * s:        0.004013 / set * s

[P]break loop / s:        0 / s
[P]break / set :          0 %

[P]Throughput:            4825340.117 ops
[P]all request:           88504792 o

[P]GetThroughput:         2332973.128 ops
[P]SetThroughput:         2492366.989 ops

[P]Valid Entries:         2460751.040 / s
[P]set success:           2561636.950 / s

[P]get found:             1983872.113 / s

----------------------------------

[INFO]Current Time:       25.18 s

[P]indexs Load Factor:    53.4317 %

[P]full bucket LFactor:   18.4473 %

[P]set request:           50321809 
[P]get request:           42883618 

[P]Get Hit Rate:          89.3253 %
[P]ACC Hit Rate:          80.9785 %

[P]total cuckoo num:      327714 
[P]total cuckoo path:     39915 
[P]total cp perset:       0.000807 / set
[P]total cp percuckoo:    0.121798 / cuckoo num

[P]cuckoo path / s:       16363.718 / s
[P]cp per set * s:        0.006353 / set * s

[P]break loop / s:        0 / s
[P]break / set :          0 %

[P]Throughput:            4940578.465 ops
[P]all request:           93205427 o

[P]GetThroughput:         2348988.665 ops
[P]SetThroughput:         2591589.799 ops

[P]Valid Entries:         2510995.676 / s
[P]set success:           2575834.636 / s

[P]get found:             2098241.934 / s

----------------------------------

[INFO]Current Time:       26.14 s

[P]indexs Load Factor:    55.8739 %

[P]full bucket LFactor:   20.7465 %

[P]set request:           52769077 
[P]get request:           45099519 

[P]Get Hit Rate:          86.2489 %
[P]ACC Hit Rate:          81.2374 %

[P]total cuckoo num:      446359 
[P]total cuckoo path:     63365 
[P]total cp perset:       0.001221 / set
[P]total cp percuckoo:    0.141960 / cuckoo num

[P]cuckoo path / s:       24549.680 / s
[P]cp per set * s:        0.009745 / set * s

[P]break loop / s:        0 / s
[P]break / set :          0 %

[P]Throughput:            4881846.851 ops
[P]all request:           97868596 o

[P]GetThroughput:         2319814.984 ops
[P]SetThroughput:         2562031.867 ops

[P]Valid Entries:         2457297.382 / s
[P]set success:           2519088.247 / s

[P]get found:             2000815.704 / s

----------------------------------

[INFO]Current Time:       27.09 s

[P]indexs Load Factor:    58.1826 %

[P]full bucket LFactor:   23.0426 %

[P]set request:           55103964 
[P]get request:           47170505 

[P]Get Hit Rate:          88.3033 %
[P]ACC Hit Rate:          81.5476 %

[P]total cuckoo num:      588536 
[P]total cuckoo path:     97129 
[P]total cp perset:       0.001792 / set
[P]total cp percuckoo:    0.165035 / cuckoo num

[P]cuckoo path / s:       35698.580 / s
[P]cp per set * s:        0.014682 / set * s

[P]break loop / s:        0 / s
[P]break / set :          0 %

[P]Throughput:            4658316.813 ops
[P]all request:           102274469 o

[P]GetThroughput:         2189647.524 ops
[P]SetThroughput:         2468669.290 ops

[P]Valid Entries:         2374392.220 / s
[P]set success:           2431471.462 / s

[P]get found:             1933529.985 / s

----------------------------------

[INFO]Current Time:       28.03 s

[P]indexs Load Factor:    60.2863 %

[P]full bucket LFactor:   25.1605 %

[P]set request:           57202964 
[P]get request:           49020918 

[P]Get Hit Rate:          87.8354 %
[P]ACC Hit Rate:          81.7850 %

[P]total cuckoo num:      743571 
[P]total cuckoo path:     139252 
[P]total cp perset:       0.002474 / set
[P]total cp percuckoo:    0.187275 / cuckoo num

[P]cuckoo path / s:       44714.041 / s
[P]cp per set * s:        0.020080 / set * s

[P]break loop / s:        0 / s
[P]break / set :          0 %

[P]Throughput:            4192346.573 ops
[P]all request:           106223882 o

[P]GetThroughput:         1964234.330 ops
[P]SetThroughput:         2228112.243 ops

[P]Valid Entries:         2145803.717 / s
[P]set success:           2226755.631 / s

[P]get found:             1725292.380 / s

----------------------------------

[INFO]Current Time:       28.96 s

[P]indexs Load Factor:    62.3084 %

[P]full bucket LFactor:   27.2699 %

[P]set request:           59189854 
[P]get request:           50828902 

[P]Get Hit Rate:          86.1365 %
[P]ACC Hit Rate:          81.9398 %

[P]total cuckoo num:      922569 
[P]total cuckoo path:     194184 
[P]total cp perset:       0.003330 / set
[P]total cp percuckoo:    0.210482 / cuckoo num

[P]cuckoo path / s:       58690.987 / s
[P]cp per set * s:        0.027101 / set * s

[P]break loop / s:        0 / s
[P]break / set :          0 %

[P]Throughput:            4054556.583 ops
[P]all request:           110018756 o

[P]GetThroughput:         1931704.038 ops
[P]SetThroughput:         2122852.545 ops

[P]Valid Entries:         2090111.582 / s
[P]set success:           2165631.407 / s

[P]get found:             1663903.170 / s

----------------------------------

[INFO]Current Time:       29.90 s

[P]indexs Load Factor:    64.2161 %

[P]full bucket LFactor:   29.3203 %

[P]set request:           61180888 
[P]get request:           52598155 

[P]Get Hit Rate:          85.7959 %
[P]ACC Hit Rate:          82.0695 %

[P]total cuckoo num:      1128469 
[P]total cuckoo path:     265408 
[P]total cp perset:       0.004403 / set
[P]total cp percuckoo:    0.235193 / cuckoo num

[P]cuckoo path / s:       76152.919 / s
[P]cp per set * s:        0.036313 / set * s

[P]break loop / s:        0 / s
[P]break / set :          0 %

[P]Throughput:            4020510.388 ops
[P]all request:           113779043 o

[P]GetThroughput:         1891690.731 ops
[P]SetThroughput:         2128819.656 ops

[P]Valid Entries:         2057191.605 / s
[P]set success:           2097145.585 / s

[P]get found:             1622993.586 / s

----------------------------------

[INFO]Current Time:       30.82 s

[P]indexs Load Factor:    66.0748 %

[P]full bucket LFactor:   31.3572 %

[P]set request:           62999076 
[P]get request:           54209602 

[P]Get Hit Rate:          85.4706 %
[P]ACC Hit Rate:          82.1706 %

[P]total cuckoo num:      1344131 
[P]total cuckoo path:     347413 
[P]total cp perset:       0.005595 / set
[P]total cp percuckoo:    0.258467 / cuckoo num

[P]cuckoo path / s:       88551.806 / s
[P]cp per set * s:        0.045057 / set * s

[P]break loop / s:        0 / s
[P]break / set :          0 %

[P]Throughput:            3703437.274 ops
[P]all request:           117208678 o

[P]GetThroughput:         1740095.633 ops
[P]SetThroughput:         1963341.642 ops

[P]Valid Entries:         1900799.803 / s
[P]set success:           1965340.415 / s

[P]get found:             1487269.725 / s

----------------------------------

[INFO]Current Time:       31.75 s

[P]indexs Load Factor:    67.8265 %

[P]full bucket LFactor:   33.3268 %

[P]set request:           64777938 
[P]get request:           55781101 

[P]Get Hit Rate:          82.6438 %
[P]ACC Hit Rate:          82.1839 %

[P]total cuckoo num:      1585488 
[P]total cuckoo path:     449164 
[P]total cp perset:       0.007032 / set
[P]total cp percuckoo:    0.283297 / cuckoo num

[P]cuckoo path / s:       109940.587 / s
[P]cp per set * s:        0.057168 / set * s

[P]break loop / s:        0 / s
[P]break / set :          0 %

[P]Throughput:            3620019.997 ops
[P]all request:           120559039 o

[P]GetThroughput:         1697983.532 ops
[P]SetThroughput:         1922036.464 ops

[P]Valid Entries:         1861771.247 / s
[P]set success:           1923126.675 / s

[P]get found:             1403277.584 / s

----------------------------------

[INFO]Current Time:       32.67 s

[P]indexs Load Factor:    69.4472 %

[P]full bucket LFactor:   35.1858 %

[P]set request:           66431469 
[P]get request:           57239221 

[P]Get Hit Rate:          83.7938 %
[P]ACC Hit Rate:          82.2249 %

[P]total cuckoo num:      1834939 
[P]total cuckoo path:     563942 
[P]total cp perset:       0.008606 / set
[P]total cp percuckoo:    0.307336 / cuckoo num

[P]cuckoo path / s:       124864.304 / s
[P]cp per set * s:        0.069366 / set * s

[P]break loop / s:        0 / s
[P]break / set :          0 %

[P]Throughput:            3385092.407 ops
[P]all request:           123670690 o

[P]GetThroughput:         1586254.673 ops
[P]SetThroughput:         1798837.734 ops

[P]Valid Entries:         1744095.782 / s
[P]set success:           1800067.034 / s

[P]get found:             1329182.898 / s

----------------------------------

[INFO]Current Time:       33.59 s

[P]indexs Load Factor:    70.9239 %

[P]full bucket LFactor:   36.9169 %

[P]set request:           67957410 
[P]get request:           58580937 

[P]Get Hit Rate:          84.9211 %
[P]ACC Hit Rate:          82.2867 %

[P]total cuckoo num:      2091093 
[P]total cuckoo path:     693144 
[P]total cp perset:       0.010336 / set
[P]total cp percuckoo:    0.331474 / cuckoo num

[P]cuckoo path / s:       140813.322 / s
[P]cp per set * s:        0.084603 / set * s

[P]break loop / s:        0 / s
[P]break / set :          0 %

[P]Throughput:            3125373.052 ops
[P]all request:           126538348 o

[P]GetThroughput:         1462295.375 ops
[P]SetThroughput:         1663076.587 ops

[P]Valid Entries:         1614279.859 / s
[P]set success:           1664396.419 / s

[P]get found:             1241797.333 / s

----------------------------------

[INFO]Current Time:       34.50 s

[P]indexs Load Factor:    72.7552 %

[P]full bucket LFactor:   39.1274 %

[P]set request:           69752399 
[P]get request:           60174202 

[P]Get Hit Rate:          84.6313 %
[P]ACC Hit Rate:          82.3487 %

[P]total cuckoo num:      2272408 
[P]total cuckoo path:     790260 
[P]total cp perset:       0.011479 / set
[P]total cp percuckoo:    0.347763 / cuckoo num

[P]cuckoo path / s:       106773.797 / s
[P]cp per set * s:        0.054329 / set * s

[P]break loop / s:        0 / s
[P]break / set :          0 %

[P]Throughput:            3725201.180 ops
[P]all request:           129926601 o

[P]GetThroughput:         1751708.818 ops
[P]SetThroughput:         1973493.461 ops

[P]Valid Entries:         1775015.974 / s
[P]set success:           1965312.484 / s

[P]expire scan persec:    4118481.807 / s
[P]total expire scan:     3745961
[P]expire hit persec:     176321.452 / s
[P]total expire hit:      160373

[P]expire hit rate:       4.281224 %
[P]total expire hit rate: 4.281224 %

[P]get found:             1482494.075 / s

----------------------------------

[INFO]Current Time:       35.40 s

[P]indexs Load Factor:    74.7623 %

[P]full bucket LFactor:   41.7200 %

[P]set request:           72165814 
[P]get request:           62285756 

[P]Get Hit Rate:          81.2951 %
[P]ACC Hit Rate:          82.3130 %

[P]total cuckoo num:      2281653 
[P]total cuckoo path:     795821 
[P]total cp perset:       0.011170 / set
[P]total cp percuckoo:    0.348791 / cuckoo num

[P]cuckoo path / s:       6168.628 / s
[P]cp per set * s:        0.002319 / set * s

[P]break loop / s:        0 / s
[P]break / set :          0 %

[P]Throughput:            5019393.708 ops
[P]all request:           134451570 o

[P]GetThroughput:         2342274.800 ops
[P]SetThroughput:         2677118.907 ops

[P]Valid Entries:         2082261.769 / s
[P]set success:           2659560.338 / s

[P]expire scan persec:    11918102.337 / s
[P]total expire scan:     14490096
[P]expire hit persec:     554327.891 / s
[P]total expire hit:      660098

[P]expire hit rate:       4.651142 %
[P]total expire hit rate: 4.555512 %

[P]get found:             1904153.603 / s

----------------------------------

[INFO]Current Time:       36.30 s

[P]indexs Load Factor:    76.6706 %

[P]full bucket LFactor:   44.2708 %

[P]set request:           74654698 
[P]get request:           64421373 

[P]Get Hit Rate:          83.7091 %
[P]ACC Hit Rate:          82.3593 %

[P]total cuckoo num:      2289780 
[P]total cuckoo path:     801573 
[P]total cp perset:       0.010886 / set
[P]total cp percuckoo:    0.350066 / cuckoo num

[P]cuckoo path / s:       6390.139 / s
[P]cp per set * s:        0.002410 / set * s

[P]break loop / s:        0 / s
[P]break / set :          0 %

[P]Throughput:            5137552.694 ops
[P]all request:           139076071 o

[P]GetThroughput:         2372546.761 ops
[P]SetThroughput:         2765005.932 ops

[P]Valid Entries:         2078791.460 / s
[P]set success:           2651176.586 / s

[P]expire scan persec:    12084832.234 / s
[P]total expire scan:     25368100
[P]expire hit persec:     661537.116 / s
[P]total expire hit:      1255572

[P]expire hit rate:       5.474111 %
[P]total expire hit rate: 4.949413 %

[P]get found:             1986037.796 / s

----------------------------------

[INFO]Current Time:       37.19 s

[P]indexs Load Factor:    78.4924 %

[P]full bucket LFactor:   46.7780 %

[P]set request:           76948577 
[P]get request:           66418184 

[P]Get Hit Rate:          86.1027 %
[P]ACC Hit Rate:          82.4719 %

[P]total cuckoo num:      2296532 
[P]total cuckoo path:     807257 
[P]total cp perset:       0.010623 / set
[P]total cp percuckoo:    0.351511 / cuckoo num

[P]cuckoo path / s:       6393.809 / s
[P]cp per set * s:        0.002406 / set * s

[P]break loop / s:        0 / s
[P]break / set :          0 %

[P]Throughput:            4826504.826 ops
[P]all request:           143366761 o

[P]GetThroughput:         2246169.714 ops
[P]SetThroughput:         2580335.113 ops

[P]Valid Entries:         1937469.314 / s
[P]set success:           2657451.156 / s

[P]expire scan persec:    11600939.211 / s
[P]total expire scan:     35681160
[P]expire hit persec:     706643.034 / s
[P]total expire hit:      1883767

[P]expire hit rate:       6.091257 %
[P]total expire hit rate: 5.279444 %

[P]get found:             1934013.687 / s

----------------------------------

[INFO]Current Time:       38.07 s

[P]indexs Load Factor:    80.2602 %

[P]full bucket LFactor:   49.2909 %

[P]set request:           79335594 
[P]get request:           68555114 

[P]Get Hit Rate:          81.6861 %
[P]ACC Hit Rate:          82.4474 %

[P]total cuckoo num:      2302533 
[P]total cuckoo path:     813031 
[P]total cp perset:       0.010364 / set
[P]total cp percuckoo:    0.353103 / cuckoo num

[P]cuckoo path / s:       6538.537 / s
[P]cp per set * s:        0.002350 / set * s

[P]break loop / s:        0 / s
[P]break / set :          0 %

[P]Throughput:            5122964.259 ops
[P]all request:           147890708 o

[P]GetThroughput:         2419881.580 ops
[P]SetThroughput:         2703082.679 ops

[P]Valid Entries:         1950106.822 / s
[P]set success:           2782166.818 / s

[P]expire scan persec:    12017111.112 / s
[P]total expire scan:     46293136
[P]expire hit persec:     836596.432 / s
[P]total expire hit:      2622542

[P]expire hit rate:       6.961710 %
[P]total expire hit rate: 5.665077 %

[P]get found:             1976706.008 / s

----------------------------------

[INFO]Current Time:       38.94 s

[P]indexs Load Factor:    81.8417 %

[P]full bucket LFactor:   51.6081 %

[P]set request:           81659542 
[P]get request:           70565202 

[P]Get Hit Rate:          82.7293 %
[P]ACC Hit Rate:          82.4554 %

[P]total cuckoo num:      2307554 
[P]total cuckoo path:     818567 
[P]total cp perset:       0.010140 / set
[P]total cp percuckoo:    0.354734 / cuckoo num

[P]cuckoo path / s:       6360.361 / s
[P]cp per set * s:        0.002431 / set * s

[P]break loop / s:        0 / s
[P]break / set :          0 %

[P]Throughput:            4979413.318 ops
[P]all request:           152224744 o

[P]GetThroughput:         2309408.357 ops
[P]SetThroughput:         2670004.961 ops

[P]Valid Entries:         1785562.113 / s
[P]set success:           2616550.817 / s

[P]expire scan persec:    11441052.625 / s
[P]total expire scan:     56251324
[P]expire hit persec:     887515.032 / s
[P]total expire hit:      3395027

[P]expire hit rate:       7.757285 %
[P]total expire hit rate: 6.035461 %

[P]get found:             1910556.527 / s

----------------------------------

[INFO]Current Time:       39.81 s

[P]indexs Load Factor:    83.4226 %

[P]full bucket LFactor:   53.9866 %

[P]set request:           84046841 
[P]get request:           72589023 

[P]Get Hit Rate:          82.3983 %
[P]ACC Hit Rate:          82.4538 %

[P]total cuckoo num:      2312106 
[P]total cuckoo path:     824240 
[P]total cp perset:       0.009922 / set
[P]total cp percuckoo:    0.356489 / cuckoo num

[P]cuckoo path / s:       6520.337 / s
[P]cp per set * s:        0.002421 / set * s

[P]break loop / s:        0 / s
[P]break / set :          0 %

[P]Throughput:            5069978.439 ops
[P]all request:           156635864 o

[P]GetThroughput:         2326105.124 ops
[P]SetThroughput:         2743873.315 ops

[P]Valid Entries:         1754316.534 / s
[P]set success:           2692891.017 / s

[P]expire scan persec:    11711617.783 / s
[P]total expire scan:     66440983
[P]expire hit persec:     998590.775 / s
[P]total expire hit:      4263848

[P]expire hit rate:       8.526497 %
[P]total expire hit rate: 6.417497 %

[P]get found:             1916672.114 / s

----------------------------------

[INFO]Current Time:       40.67 s

[P]indexs Load Factor:    84.9130 %

[P]full bucket LFactor:   56.3004 %

[P]set request:           86449703 
[P]get request:           74656529 

[P]Get Hit Rate:          79.4611 %
[P]ACC Hit Rate:          82.3709 %

[P]total cuckoo num:      2316164 
[P]total cuckoo path:     829684 
[P]total cp perset:       0.009712 / set
[P]total cp percuckoo:    0.358215 / cuckoo num

[P]cuckoo path / s:       6316.344 / s
[P]cp per set * s:        0.002305 / set * s

[P]break loop / s:        0 / s
[P]break / set :          0 %

[P]Throughput:            5186697.434 ops
[P]all request:           161106232 o

[P]GetThroughput:         2398802.082 ops
[P]SetThroughput:         2787895.352 ops

[P]Valid Entries:         1697885.170 / s
[P]set success:           2740836.039 / s

[P]expire scan persec:    11840905.207 / s
[P]total expire scan:     76646553
[P]expire hit persec:     1087295.222 / s
[P]total expire hit:      5200978

[P]expire hit rate:       9.182535 %
[P]total expire hit rate: 6.785665 %

[P]get found:             1906115.669 / s

----------------------------------

[INFO]Current Time:       41.53 s

[P]indexs Load Factor:    86.2840 %

[P]full bucket LFactor:   58.5011 %

[P]set request:           88798017 
[P]get request:           76671894 

[P]Get Hit Rate:          80.9326 %
[P]ACC Hit Rate:          82.3331 %

[P]total cuckoo num:      2319750 
[P]total cuckoo path:     835072 
[P]total cp perset:       0.009513 / set
[P]total cp percuckoo:    0.359984 / cuckoo num

[P]cuckoo path / s:       6294.349 / s
[P]cp per set * s:        0.002293 / set * s

[P]break loop / s:        0 / s
[P]break / set :          0 %

[P]Throughput:            5097720.663 ops
[P]all request:           165469911 o

[P]GetThroughput:         2354382.117 ops
[P]SetThroughput:         2743338.545 ops

[P]Valid Entries:         1584678.317 / s
[P]set success:           2744821.012 / s

[P]expire scan persec:    11659584.260 / s
[P]total expire scan:     86627226
[P]expire hit persec:     1179229.012 / s
[P]total expire hit:      6210405

[P]expire hit rate:       10.113817 %
[P]total expire hit rate: 7.169114 %

[P]get found:             1905463.486 / s

----------------------------------

[INFO]Current Time:       42.38 s

[P]indexs Load Factor:    87.5630 %

[P]full bucket LFactor:   60.6248 %

[P]set request:           91125773 
[P]get request:           78665451 

[P]Get Hit Rate:          81.6910 %
[P]ACC Hit Rate:          82.3168 %

[P]total cuckoo num:      2322987 
[P]total cuckoo path:     840529 
[P]total cp perset:       0.009327 / set
[P]total cp percuckoo:    0.361831 / cuckoo num

[P]cuckoo path / s:       6448.594 / s
[P]cp per set * s:        0.002340 / set * s

[P]break loop / s:        0 / s
[P]break / set :          0 %

[P]Throughput:            5106540.747 ops
[P]all request:           169791224 o

[P]GetThroughput:         2355807.148 ops
[P]SetThroughput:         2750733.600 ops

[P]Valid Entries:         1501905.537 / s
[P]set success:           2755439.171 / s

[P]expire scan persec:    11725313.999 / s
[P]total expire scan:     96549550
[P]expire hit persec:     1252145.124 / s
[P]total expire hit:      7270009

[P]expire hit rate:       10.678990 %
[P]total expire hit rate: 7.529822 %

[P]get found:             1924481.650 / s

----------------------------------

[INFO]Current Time:       43.21 s

[P]indexs Load Factor:    88.7467 %

[P]full bucket LFactor:   62.6553 %

[P]set request:           93410158 
[P]get request:           80618063 

[P]Get Hit Rate:          80.0055 %
[P]ACC Hit Rate:          82.2609 %

[P]total cuckoo num:      2326095 
[P]total cuckoo path:     846148 
[P]total cp perset:       0.009157 / set
[P]total cp percuckoo:    0.363763 / cuckoo num

[P]cuckoo path / s:       6690.551 / s
[P]cp per set * s:        0.002452 / set * s

[P]break loop / s:        0 / s
[P]break / set :          0 %

[P]Throughput:            5044998.229 ops
[P]all request:           174028221 o

[P]GetThroughput:         2324977.828 ops
[P]SetThroughput:         2720020.401 ops

[P]Valid Entries:         1399727.831 / s
[P]set success:           2728536.297 / s

[P]expire scan persec:    11608983.749 / s
[P]total expire scan:     106299252
[P]expire hit persec:     1323241.937 / s
[P]total expire hit:      8381322

[P]expire hit rate:       11.398430 %
[P]total expire hit rate: 7.884648 %

[P]get found:             1860110.144 / s

----------------------------------

[INFO]Current Time:       44.05 s

[P]indexs Load Factor:    89.8554 %

[P]full bucket LFactor:   64.6216 %

[P]set request:           95690875 
[P]get request:           82565133 

[P]Get Hit Rate:          81.3034 %
[P]ACC Hit Rate:          82.2383 %

[P]total cuckoo num:      2329058 
[P]total cuckoo path:     852000 
[P]total cp perset:       0.008993 / set
[P]total cp percuckoo:    0.365813 / cuckoo num

[P]cuckoo path / s:       7027.574 / s
[P]cp per set * s:        0.002509 / set * s

[P]break loop / s:        0 / s
[P]break / set :          0 %

[P]Throughput:            5077082.334 ops
[P]all request:           178256008 o

[P]GetThroughput:         2338205.472 ops
[P]SetThroughput:         2738876.861 ops

[P]Valid Entries:         1345666.329 / s
[P]set success:           2801426.112 / s

[P]expire scan persec:    11928473.378 / s
[P]total expire scan:     116232328
[P]expire hit persec:     1448417.578 / s
[P]total expire hit:      9587448

[P]expire hit rate:       12.142523 %
[P]total expire hit rate: 8.248521 %

[P]get found:             1901040.415 / s

----------------------------------

[INFO]Current Time:       44.88 s

[P]indexs Load Factor:    90.8769 %

[P]full bucket LFactor:   66.4842 %

[P]set request:           97946410 
[P]get request:           84486940 

[P]Get Hit Rate:          81.1008 %
[P]ACC Hit Rate:          82.2124 %

[P]total cuckoo num:      2331713 
[P]total cuckoo path:     857791 
[P]total cp perset:       0.008846 / set
[P]total cp percuckoo:    0.367880 / cuckoo num

[P]cuckoo path / s:       6987.554 / s
[P]cp per set * s:        0.002592 / set * s

[P]break loop / s:        0 / s
[P]break / set :          0 %

[P]Throughput:            5040477.419 ops
[P]all request:           182433350 o

[P]GetThroughput:         2318896.750 ops
[P]SetThroughput:         2721580.669 ops

[P]Valid Entries:         1230278.962 / s
[P]set success:           2696046.111 / s

[P]expire scan persec:    11657855.595 / s
[P]total expire scan:     125893883
[P]expire hit persec:     1499281.106 / s
[P]total expire hit:      10829991

[P]expire hit rate:       12.860694 %
[P]total expire hit rate: 8.602476 %

[P]get found:             1880643.995 / s

----------------------------------

[INFO]Current Time:       45.70 s

[P]indexs Load Factor:    91.8254 %

[P]full bucket LFactor:   68.2658 %

[P]set request:           100159305 
[P]get request:           86402283 

[P]Get Hit Rate:          80.7767 %
[P]ACC Hit Rate:          82.1806 %

[P]total cuckoo num:      2334100 
[P]total cuckoo path:     863681 
[P]total cp perset:       0.008706 / set
[P]total cp percuckoo:    0.370027 / cuckoo num

[P]cuckoo path / s:       7155.527 / s
[P]cp per set * s:        0.002637 / set * s

[P]break loop / s:        0 / s
[P]break / set :          0 %

[P]Throughput:            5015232.490 ops
[P]all request:           186561588 o

[P]GetThroughput:         2326874.188 ops
[P]SetThroughput:         2688358.302 ops

[P]Valid Entries:         1153443.046 / s
[P]set success:           2713236.212 / s

[P]expire scan persec:    11724089.587 / s
[P]total expire scan:     135544449
[P]expire hit persec:     1619544.855 / s
[P]total expire hit:      12163103

[P]expire hit rate:       13.813822 %
[P]total expire hit rate: 8.973516 %

[P]get found:             1879572.341 / s

----------------------------------

[INFO]Current Time:       46.52 s

[P]indexs Load Factor:    92.7014 %

[P]full bucket LFactor:   69.9669 %

[P]set request:           102437960 
[P]get request:           88335499 

[P]Get Hit Rate:          79.1359 %
[P]ACC Hit Rate:          82.1139 %

[P]total cuckoo num:      2336403 
[P]total cuckoo path:     870010 
[P]total cp perset:       0.008574 / set
[P]total cp percuckoo:    0.372372 / cuckoo num

[P]cuckoo path / s:       7752.936 / s
[P]cp per set * s:        0.002799 / set * s

[P]break loop / s:        0 / s
[P]break / set :          0 %

[P]Throughput:            5159482.653 ops
[P]all request:           190773459 o

[P]GetThroughput:         2368162.371 ops
[P]SetThroughput:         2791320.281 ops

[P]Valid Entries:         1088546.984 / s
[P]set success:           2770034.926 / s

[P]expire scan persec:    11929099.042 / s
[P]total expire scan:     145282601
[P]expire hit persec:     1737412.224 / s
[P]total expire hit:      13581415

[P]expire hit rate:       14.564488 %
[P]total expire hit rate: 9.348274 %

[P]get found:             1874065.527 / s

----------------------------------

[INFO]Current Time:       47.33 s

[P]indexs Load Factor:    93.4956 %

[P]full bucket LFactor:   71.5542 %

[P]set request:           104685745 
[P]get request:           90241061 

[P]Get Hit Rate:          77.5203 %
[P]ACC Hit Rate:          82.0169 %

[P]total cuckoo num:      2338638 
[P]total cuckoo path:     876863 
[P]total cp perset:       0.008452 / set
[P]total cp percuckoo:    0.374946 / cuckoo num

[P]cuckoo path / s:       8432.749 / s
[P]cp per set * s:        0.003013 / set * s

[P]break loop / s:        0 / s
[P]break / set :          0 %

[P]Throughput:            5110773.902 ops
[P]all request:           194926806 o

[P]GetThroughput:         2344830.937 ops
[P]SetThroughput:         2765942.965 ops

[P]Valid Entries:         995620.599 / s
[P]set success:           2799064.855 / s

[P]expire scan persec:    11824246.362 / s
[P]total expire scan:     154891752
[P]expire hit persec:     1706940.774 / s
[P]total expire hit:      14968586

[P]expire hit rate:       14.435937 %
[P]total expire hit rate: 9.663901 %

[P]get found:             1817720.741 / s

----------------------------------

[INFO]Current Time:       48.13 s

[P]indexs Load Factor:    94.2214 %

[P]full bucket LFactor:   73.0504 %

[P]set request:           106874509 
[P]get request:           92092447 

[P]Get Hit Rate:          81.6563 %
[P]ACC Hit Rate:          82.0097 %

[P]total cuckoo num:      2340690 
[P]total cuckoo path:     883712 
[P]total cp perset:       0.008340 / set
[P]total cp percuckoo:    0.377543 / cuckoo num

[P]cuckoo path / s:       8522.153 / s
[P]cp per set * s:        0.003088 / set * s

[P]break loop / s:        0 / s
[P]break / set :          0 %

[P]Throughput:            5027124.511 ops
[P]all request:           198966956 o

[P]GetThroughput:         2303663.958 ops
[P]SetThroughput:         2723460.553 ops

[P]Valid Entries:         920143.648 / s
[P]set success:           2760014.106 / s

[P]expire scan persec:    11906800.055 / s
[P]total expire scan:     164460892
[P]expire hit persec:     1885579.508 / s
[P]total expire hit:      16483970

[P]expire hit rate:       15.836157 %
[P]total expire hit rate: 10.023033 %

[P]get found:             1881087.616 / s

----------------------------------

[INFO]Current Time:       48.93 s

[P]indexs Load Factor:    94.8743 %

[P]full bucket LFactor:   74.4391 %

[P]set request:           109006574 
[P]get request:           93894219 

[P]Get Hit Rate:          83.0342 %
[P]ACC Hit Rate:          82.0294 %

[P]total cuckoo num:      2342660 
[P]total cuckoo path:     891254 
[P]total cp perset:       0.008237 / set
[P]total cp percuckoo:    0.380445 / cuckoo num

[P]cuckoo path / s:       9423.518 / s
[P]cp per set * s:        0.003358 / set * s

[P]break loop / s:        0 / s
[P]break / set :          0 %

[P]Throughput:            4915219.386 ops
[P]all request:           202900793 o

[P]GetThroughput:         2251263.757 ops
[P]SetThroughput:         2663955.629 ops

[P]Valid Entries:         840259.959 / s
[P]set success:           2806019.352 / s

[P]expire scan persec:    11906216.679 / s
[P]total expire scan:     173989890
[P]expire hit persec:     1917837.142 / s
[P]total expire hit:      18018888

[P]expire hit rate:       16.107864 %
[P]total expire hit rate: 10.356284 %

[P]get found:             1869318.893 / s

----------------------------------

[INFO]Current Time:       49.73 s

[P]indexs Load Factor:    95.4660 %

[P]full bucket LFactor:   75.7320 %

[P]set request:           111166626 
[P]get request:           95750633 

[P]Get Hit Rate:          78.4225 %
[P]ACC Hit Rate:          81.9594 %

[P]total cuckoo num:      2344591 
[P]total cuckoo path:     899001 
[P]total cp perset:       0.008146 / set
[P]total cp percuckoo:    0.383436 / cuckoo num

[P]cuckoo path / s:       9732.989 / s
[P]cp per set * s:        0.003592 / set * s

[P]break loop / s:        0 / s
[P]break / set :          0 %

[P]Throughput:            5046110.794 ops
[P]all request:           206917259 o

[P]GetThroughput:         2332316.699 ops
[P]SetThroughput:         2713794.095 ops

[P]Valid Entries:         765781.592 / s
[P]set success:           2709630.531 / s

[P]expire scan persec:    12000168.900 / s
[P]total expire scan:     183541458
[P]expire hit persec:     2025690.476 / s
[P]total expire hit:      19631242

[P]expire hit rate:       16.880516 %
[P]total expire hit rate: 10.695808 %

[P]get found:             1829060.725 / s

----------------------------------

[INFO]Current Time:       50.52 s

[P]indexs Load Factor:    95.9951 %

[P]full bucket LFactor:   76.9175 %

[P]set request:           113310635 
[P]get request:           97589741 

[P]Get Hit Rate:          79.6849 %
[P]ACC Hit Rate:          81.9166 %

[P]total cuckoo num:      2346628 
[P]total cuckoo path:     908060 
[P]total cp perset:       0.008068 / set
[P]total cp percuckoo:    0.386964 / cuckoo num

[P]cuckoo path / s:       11446.555 / s
[P]cp per set * s:        0.004151 / set * s

[P]break loop / s:        0 / s
[P]break / set :          0 %

[P]Throughput:            5032892.125 ops
[P]all request:           210900376 o

[P]GetThroughput:         2323816.290 ops
[P]SetThroughput:         2709075.835 ops

[P]Valid Entries:         695476.487 / s
[P]set success:           2757703.794 / s

[P]expire scan persec:    12107770.650 / s
[P]total expire scan:     193123755
[P]expire hit persec:     2050770.643 / s
[P]total expire hit:      21254257

[P]expire hit rate:       16.937640 %
[P]total expire hit rate: 11.005511 %

[P]get found:             1851730.218 / s

----------------------------------

[INFO]Current Time:       51.31 s

[P]indexs Load Factor:    96.4588 %

[P]full bucket LFactor:   77.9829 %

[P]set request:           115419675 
[P]get request:           99298639 

[P]Get Hit Rate:          82.6812 %
[P]ACC Hit Rate:          81.9297 %

[P]total cuckoo num:      2348636 
[P]total cuckoo path:     917826 
[P]total cp perset:       0.008002 / set
[P]total cp percuckoo:    0.390791 / cuckoo num

[P]cuckoo path / s:       12424.906 / s
[P]cp per set * s:        0.004541 / set * s

[P]break loop / s:        0 / s
[P]break / set :          0 %

[P]Throughput:            4857415.611 ops
[P]all request:           214718314 o

[P]GetThroughput:         2174165.171 ops
[P]SetThroughput:         2683250.441 ops

[P]Valid Entries:         614621.908 / s
[P]set success:           2736269.395 / s

[P]expire scan persec:    11884445.513 / s
[P]total expire scan:     202464952
[P]expire hit persec:     2050494.989 / s
[P]total expire hit:      22865950

[P]expire hit rate:       17.253603 %
[P]total expire hit rate: 11.293782 %

[P]get found:             1797625.378 / s

----------------------------------

[INFO]Current Time:       52.09 s

[P]indexs Load Factor:    96.8845 %

[P]full bucket LFactor:   78.9839 %

[P]set request:           117514208 
[P]get request:           101059339 

[P]Get Hit Rate:          79.3965 %
[P]ACC Hit Rate:          81.8856 %

[P]total cuckoo num:      2350671 
[P]total cuckoo path:     928362 
[P]total cp perset:       0.007949 / set
[P]total cp percuckoo:    0.394935 / cuckoo num

[P]cuckoo path / s:       13449.395 / s
[P]cp per set * s:        0.005019 / set * s

[P]break loop / s:        0 / s
[P]break / set :          0 %

[P]Throughput:            4921274.670 ops
[P]all request:           218573547 o

[P]GetThroughput:         2247565.403 ops
[P]SetThroughput:         2673709.267 ops

[P]Valid Entries:         564311.629 / s
[P]set success:           2679782.940 / s

[P]expire scan persec:    12163697.076 / s
[P]total expire scan:     211993761
[P]expire hit persec:     2177022.460 / s
[P]total expire hit:      24571388

[P]expire hit rate:       17.897704 %
[P]total expire hit rate: 11.590618 %

[P]get found:             1784488.041 / s

----------------------------------

[INFO]Current Time:       52.87 s

[P]indexs Load Factor:    97.2582 %

[P]full bucket LFactor:   79.8841 %

[P]set request:           119557806 
[P]get request:           102775346 

[P]Get Hit Rate:          79.2216 %
[P]ACC Hit Rate:          81.8411 %

[P]total cuckoo num:      2352654 
[P]total cuckoo path:     939661 
[P]total cp perset:       0.007901 / set
[P]total cp percuckoo:    0.399405 / cuckoo num

[P]cuckoo path / s:       14505.238 / s
[P]cp per set * s:        0.005306 / set * s

[P]break loop / s:        0 / s
[P]break / set :          0 %

[P]Throughput:            4826443.014 ops
[P]all request:           222333153 o

[P]GetThroughput:         2202946.266 ops
[P]SetThroughput:         2623495.465 ops

[P]Valid Entries:         499211.776 / s
[P]set success:           2733834.893 / s

[P]expire scan persec:    12053504.835 / s
[P]total expire scan:     221382959
[P]expire hit persec:     2106678.163 / s
[P]total expire hit:      26212406

[P]expire hit rate:       17.477723 %
[P]total expire hit rate: 11.840300 %

[P]get found:             1745209.020 / s

----------------------------------

[INFO]Current Time:       53.65 s

[P]indexs Load Factor:    97.5966 %

[P]full bucket LFactor:   80.7194 %

[P]set request:           121640680 
[P]get request:           104554991 

[P]Get Hit Rate:          79.1184 %
[P]ACC Hit Rate:          81.7948 %

[P]total cuckoo num:      2354812 
[P]total cuckoo path:     952700 
[P]total cp perset:       0.007867 / set
[P]total cp percuckoo:    0.404576 / cuckoo num

[P]cuckoo path / s:       16715.977 / s
[P]cp per set * s:        0.006002 / set * s

[P]break loop / s:        0 / s
[P]break / set :          0 %

[P]Throughput:            4951742.003 ops
[P]all request:           226195671 o

[P]GetThroughput:         2281502.092 ops
[P]SetThroughput:         2670241.193 ops

[P]Valid Entries:         457419.603 / s
[P]set success:           2785049.280 / s

[P]expire scan persec:    12368420.843 / s
[P]total expire scan:     231030725
[P]expire hit persec:     2274524.174 / s
[P]total expire hit:      27986608

[P]expire hit rate:       18.389770 %
[P]total expire hit rate: 12.113803 %

[P]get found:             1805088.400 / s

----------------------------------

[INFO]Current Time:       54.42 s

[P]indexs Load Factor:    97.8958 %

[P]full bucket LFactor:   81.4751 %

[P]set request:           123701612 
[P]get request:           106315165 

[P]Get Hit Rate:          79.0285 %
[P]ACC Hit Rate:          81.7490 %

[P]total cuckoo num:      2357125 
[P]total cuckoo path:     967877 
[P]total cp perset:       0.007856 / set
[P]total cp percuckoo:    0.410618 / cuckoo num

[P]cuckoo path / s:       19586.055 / s
[P]cp per set * s:        0.007190 / set * s

[P]break loop / s:        0 / s
[P]break / set :          0 %

[P]Throughput:            4931171.743 ops
[P]all request:           230016777 o

[P]GetThroughput:         2271520.416 ops
[P]SetThroughput:         2659651.327 ops

[P]Valid Entries:         408901.653 / s
[P]set success:           2724229.688 / s

[P]expire scan persec:    12417230.000 / s
[P]total expire scan:     240652688
[P]expire hit persec:     2266178.999 / s
[P]total expire hit:      29742643

[P]expire hit rate:       18.250278 %
[P]total expire hit rate: 12.359157 %

[P]get found:             1795148.371 / s

----------------------------------

[INFO]Current Time:       55.19 s

[P]indexs Load Factor:    98.1557 %

[P]full bucket LFactor:   82.1469 %

[P]set request:           125739257 
[P]get request:           108021245 

[P]Get Hit Rate:          77.4100 %
[P]ACC Hit Rate:          81.6804 %

[P]total cuckoo num:      2359330 
[P]total cuckoo path:     982826 
[P]total cp perset:       0.007846 / set
[P]total cp percuckoo:    0.416570 / cuckoo num

[P]cuckoo path / s:       19375.584 / s
[P]cp per set * s:        0.007292 / set * s

[P]break loop / s:        0 / s
[P]break / set :          0 %

[P]Throughput:            4852288.425 ops
[P]all request:           233760502 o

[P]GetThroughput:         2211271.457 ops
[P]SetThroughput:         2641016.968 ops

[P]Valid Entries:         354602.098 / s
[P]set success:           2657173.009 / s

[P]expire scan persec:    12199426.037 / s
[P]total expire scan:     250065009
[P]expire hit persec:     2204037.854 / s
[P]total expire hit:      31443142

[P]expire hit rate:       18.066734 %
[P]total expire hit rate: 12.573987 %

[P]get found:             1711745.847 / s

----------------------------------

[INFO]Current Time:       55.97 s

[P]indexs Load Factor:    98.3894 %

[P]full bucket LFactor:   82.7621 %

[P]set request:           127805327 
[P]get request:           109718527 

[P]Get Hit Rate:          80.2884 %
[P]ACC Hit Rate:          81.6589 %

[P]total cuckoo num:      2361842 
[P]total cuckoo path:     1001051 
[P]total cp perset:       0.007859 / set
[P]total cp percuckoo:    0.423843 / cuckoo num

[P]cuckoo path / s:       23620.736 / s
[P]cp per set * s:        0.008601 / set * s

[P]break loop / s:        0 / s
[P]break / set :          0 %

[P]Throughput:            4877538.818 ops
[P]all request:           237523854 o

[P]GetThroughput:         2199783.289 ops
[P]SetThroughput:         2677755.529 ops

[P]Valid Entries:         322427.910 / s
[P]set success:           2746435.169 / s

[P]expire scan persec:    12468141.791 / s
[P]total expire scan:     259685026
[P]expire hit persec:     2313595.708 / s
[P]total expire hit:      33228238

[P]expire hit rate:       18.556059 %
[P]total expire hit rate: 12.795593 %

[P]get found:             1766171.375 / s

----------------------------------

[INFO]Current Time:       56.73 s

[P]indexs Load Factor:    98.5952 %

[P]full bucket LFactor:   83.3124 %

[P]set request:           129774509 
[P]get request:           111427573 

[P]Get Hit Rate:          74.9570 %
[P]ACC Hit Rate:          81.5561 %

[P]total cuckoo num:      2364292 
[P]total cuckoo path:     1019619 
[P]total cp perset:       0.007875 / set
[P]total cp percuckoo:    0.431258 / cuckoo num

[P]cuckoo path / s:       24257.717 / s
[P]cp per set * s:        0.008848 / set * s

[P]break loop / s:        0 / s
[P]break / set :          0 %

[P]Throughput:            4805332.477 ops
[P]all request:           241202082 o

[P]GetThroughput:         2232742.029 ops
[P]SetThroughput:         2572590.448 ops

[P]Valid Entries:         285512.857 / s
[P]set success:           2741481.274 / s

[P]expire scan persec:    12524049.673 / s
[P]total expire scan:     269271524
[P]expire hit persec:     2384105.845 / s
[P]total expire hit:      35053145

[P]expire hit rate:       19.036222 %
[P]total expire hit rate: 13.017769 %

[P]get found:             1673595.646 / s

----------------------------------

[INFO]Current Time:       57.50 s

[P]indexs Load Factor:    98.7773 %

[P]full bucket LFactor:   83.8079 %

[P]set request:           131830448 
[P]get request:           113144355 

[P]Get Hit Rate:          78.6068 %
[P]ACC Hit Rate:          81.5114 %

[P]total cuckoo num:      2366862 
[P]total cuckoo path:     1039681 
[P]total cp perset:       0.007901 / set
[P]total cp percuckoo:    0.439266 / cuckoo num

[P]cuckoo path / s:       26157.203 / s
[P]cp per set * s:        0.009503 / set * s

[P]break loop / s:        0 / s
[P]break / set :          0 %

[P]Throughput:            4918942.753 ops
[P]all request:           244974803 o

[P]GetThroughput:         2238371.822 ops
[P]SetThroughput:         2680570.931 ops

[P]Valid Entries:         254794.784 / s
[P]set success:           2752483.031 / s

[P]expire scan persec:    12633972.133 / s
[P]total expire scan:     278961503
[P]expire hit persec:     2290920.915 / s
[P]total expire hit:      36810231

[P]expire hit rate:       18.133022 %
[P]total expire hit rate: 13.195452 %

[P]get found:             1759511.949 / s

----------------------------------

[INFO]Current Time:       58.26 s

[P]indexs Load Factor:    98.9368 %

[P]full bucket LFactor:   84.2485 %

[P]set request:           133831752 
[P]get request:           114846164 

[P]Get Hit Rate:          78.5181 %
[P]ACC Hit Rate:          81.4670 %

[P]total cuckoo num:      2369547 
[P]total cuckoo path:     1061514 
[P]total cp perset:       0.007943 / set
[P]total cp percuckoo:    0.447982 / cuckoo num

[P]cuckoo path / s:       28527.534 / s
[P]cp per set * s:        0.010621 / set * s

[P]break loop / s:        0 / s
[P]break / set :          0 %

[P]Throughput:            4838578.352 ops
[P]all request:           248677916 o

[P]GetThroughput:         2223625.417 ops
[P]SetThroughput:         2614952.936 ops

[P]Valid Entries:         223070.863 / s
[P]set success:           2685842.544 / s

[P]expire scan persec:    12643752.359 / s
[P]total expire scan:     288638156
[P]expire hit persec:     2389954.802 / s
[P]total expire hit:      38639337

[P]expire hit rate:       18.902259 %
[P]total expire hit rate: 13.386774 %

[P]get found:             1745948.307 / s

----------------------------------

[INFO]Current Time:       59.03 s

[P]indexs Load Factor:    99.0757 %

[P]full bucket LFactor:   84.6403 %

[P]set request:           135805436 
[P]get request:           116444447 

[P]Get Hit Rate:          81.5130 %
[P]ACC Hit Rate:          81.4676 %

[P]total cuckoo num:      2372244 
[P]total cuckoo path:     1083581 
[P]total cp perset:       0.007986 / set
[P]total cp percuckoo:    0.456775 / cuckoo num

[P]cuckoo path / s:       28839.303 / s
[P]cp per set * s:        0.010774 / set * s

[P]break loop / s:        0 / s
[P]break / set :          0 %

[P]Throughput:            4668194.118 ops
[P]all request:           252249883 o

[P]GetThroughput:         2088791.778 ops
[P]SetThroughput:         2579402.341 ops

[P]Valid Entries:         196625.316 / s
[P]set success:           2676831.536 / s

[P]expire scan persec:    12665774.518 / s
[P]total expire scan:     298329640
[P]expire hit persec:     2358734.034 / s
[P]total expire hit:      40444172

[P]expire hit rate:       18.622896 %
[P]total expire hit rate: 13.556874 %

[P]get found:             1702637.598 / s

----------------------------------

[INFO]Current Time:       59.79 s

[P]indexs Load Factor:    99.1953 %

[P]full bucket LFactor:   84.9829 %

[P]set request:           137769319 
[P]get request:           118048705 

[P]Get Hit Rate:          79.7876 %
[P]ACC Hit Rate:          81.4448 %

[P]total cuckoo num:      2374893 
[P]total cuckoo path:     1106032 
[P]total cp perset:       0.008032 / set
[P]total cp percuckoo:    0.465719 / cuckoo num

[P]cuckoo path / s:       29637.615 / s
[P]cp per set * s:        0.011119 / set * s

[P]break loop / s:        0 / s
[P]break / set :          0 %

[P]Throughput:            4710310.834 ops
[P]all request:           255818024 o

[P]GetThroughput:         2117784.538 ops
[P]SetThroughput:         2592526.296 ops

[P]Valid Entries:         170266.784 / s
[P]set success:           2665399.899 / s

[P]expire scan persec:    12413641.894 / s
[P]total expire scan:     307733186
[P]expire hit persec:     2412641.248 / s
[P]total expire hit:      42271789

[P]expire hit rate:       19.435402 %
[P]total expire hit rate: 13.736506 %

[P]get found:             1689729.514 / s

----------------------------------

[INFO]Current Time:       60.54 s

[P]indexs Load Factor:    99.3006 %

[P]full bucket LFactor:   85.2876 %

[P]set request:           139772236 
[P]get request:           119683914 

[P]Get Hit Rate:          79.6014 %
[P]ACC Hit Rate:          81.4196 %

[P]total cuckoo num:      2377880 
[P]total cuckoo path:     1131983 
[P]total cp perset:       0.008101 / set
[P]total cp percuckoo:    0.476047 / cuckoo num

[P]cuckoo path / s:       34299.405 / s
[P]cp per set * s:        0.012845 / set * s

[P]break loop / s:        0 / s
[P]break / set :          0 %

[P]Throughput:            4808506.672 ops
[P]all request:           259456150 o

[P]GetThroughput:         2161253.730 ops
[P]SetThroughput:         2647252.942 ops

[P]Valid Entries:         153172.993 / s
[P]set success:           2670237.284 / s

[P]expire scan persec:    12724136.836 / s
[P]total expire scan:     317360294
[P]expire hit persec:     2481677.128 / s
[P]total expire hit:      44149431

[P]expire hit rate:       19.503697 %
[P]total expire hit rate: 13.911454 %

[P]get found:             1720387.887 / s

----------------------------------

[INFO]Current Time:       61.30 s

[P]indexs Load Factor:    99.3942 %

[P]full bucket LFactor:   85.5646 %

[P]set request:           141739597 
[P]get request:           121321163 

[P]Get Hit Rate:          78.0268 %
[P]ACC Hit Rate:          81.3738 %

[P]total cuckoo num:      2380806 
[P]total cuckoo path:     1157913 
[P]total cp perset:       0.008173 / set
[P]total cp percuckoo:    0.486353 / cuckoo num

[P]cuckoo path / s:       34177.606 / s
[P]cp per set * s:        0.013292 / set * s

[P]break loop / s:        0 / s
[P]break / set :          0 %

[P]Throughput:            4751135.361 ops
[P]all request:           263060760 o

[P]GetThroughput:         2158011.996 ops
[P]SetThroughput:         2593123.366 ops

[P]Valid Entries:         132471.504 / s
[P]set success:           2571342.227 / s

[P]expire scan persec:    12512681.172 / s
[P]total expire scan:     326853464
[P]expire hit persec:     2354814.638 / s
[P]total expire hit:      45935991

[P]expire hit rate:       18.819425 %
[P]total expire hit rate: 14.054002 %

[P]get found:             1683827.700 / s

----------------------------------

[INFO]Current Time:       62.06 s

[P]indexs Load Factor:    99.4757 %

[P]full bucket LFactor:   85.8085 %

[P]set request:           143734207 
[P]get request:           122978723 

[P]Get Hit Rate:          74.9882 %
[P]ACC Hit Rate:          81.2878 %

[P]total cuckoo num:      2383883 
[P]total cuckoo path:     1185788 
[P]total cp perset:       0.008250 / set
[P]total cp percuckoo:    0.497419 / cuckoo num

[P]cuckoo path / s:       36817.096 / s
[P]cp per set * s:        0.013587 / set * s

[P]break loop / s:        0 / s
[P]break / set :          0 %

[P]Throughput:            4823759.458 ops
[P]all request:           266712930 o

[P]GetThroughput:         2189293.140 ops
[P]SetThroughput:         2634466.318 ops

[P]Valid Entries:         118164.718 / s
[P]set success:           2709643.197 / s

[P]expire scan persec:    12754917.512 / s
[P]total expire scan:     336510481
[P]expire hit persec:     2407946.408 / s
[P]total expire hit:      47759098

[P]expire hit rate:       18.878573 %
[P]total expire hit rate: 14.192455 %

[P]get found:             1641712.300 / s

----------------------------------

[INFO]Current Time:       62.82 s

[P]indexs Load Factor:    99.5454 %

[P]full bucket LFactor:   86.0217 %

[P]set request:           145719597 
[P]get request:           124535414 

[P]Get Hit Rate:          82.4931 %
[P]ACC Hit Rate:          81.3028 %

[P]total cuckoo num:      2387093 
[P]total cuckoo path:     1215225 
[P]total cp perset:       0.008336 / set
[P]total cp percuckoo:    0.509082 / cuckoo num

[P]cuckoo path / s:       38920.485 / s
[P]cp per set * s:        0.014405 / set * s

[P]break loop / s:        0 / s
[P]break / set :          0 %

[P]Throughput:            4683205.158 ops
[P]all request:           270255011 o

[P]GetThroughput:         2058197.800 ops
[P]SetThroughput:         2625007.359 ops

[P]Valid Entries:         104067.377 / s
[P]set success:           2701865.962 / s

[P]expire scan persec:    12739615.971 / s
[P]total expire scan:     346145923
[P]expire hit persec:     2506704.263 / s
[P]total expire hit:      49655011

[P]expire hit rate:       19.676451 %
[P]total expire hit rate: 14.345109 %

[P]get found:             1697871.614 / s

----------------------------------

[INFO]Current Time:       63.57 s

[P]indexs Load Factor:    99.6075 %

[P]full bucket LFactor:   86.2110 %

[P]set request:           147657993 
[P]get request:           126144833 

[P]Get Hit Rate:          77.7315 %
[P]ACC Hit Rate:          81.2573 %

[P]total cuckoo num:      2390168 
[P]total cuckoo path:     1243635 
[P]total cp perset:       0.008418 / set
[P]total cp percuckoo:    0.520313 / cuckoo num

[P]cuckoo path / s:       37587.127 / s
[P]cp per set * s:        0.014502 / set * s

[P]break loop / s:        0 / s
[P]break / set :          0 %

[P]Throughput:            4693846.314 ops
[P]all request:           273802826 o

[P]GetThroughput:         2129300.835 ops
[P]SetThroughput:         2564545.479 ops

[P]Valid Entries:         89439.105 / s
[P]set success:           2591884.459 / s

[P]expire scan persec:    12476912.597 / s
[P]total expire scan:     355576521
[P]expire hit persec:     2369824.050 / s
[P]total expire hit:      51446228

[P]expire hit rate:       18.993674 %
[P]total expire hit rate: 14.468398 %

[P]get found:             1655136.777 / s

----------------------------------

[INFO]Current Time:       64.33 s

[P]indexs Load Factor:    99.6607 %

[P]full bucket LFactor:   86.3760 %

[P]set request:           149636831 
[P]get request:           127722908 

[P]Get Hit Rate:          76.2322 %
[P]ACC Hit Rate:          81.1952 %

[P]total cuckoo num:      2393465 
[P]total cuckoo path:     1274583 
[P]total cp perset:       0.008512 / set
[P]total cp percuckoo:    0.532526 / cuckoo num

[P]cuckoo path / s:       40936.777 / s
[P]cp per set * s:        0.015482 / set * s

[P]break loop / s:        0 / s
[P]break / set :          0 %

[P]Throughput:            4704942.274 ops
[P]all request:           277359739 o

[P]GetThroughput:         2087414.502 ops
[P]SetThroughput:         2617527.772 ops

[P]Valid Entries:         80026.981 / s
[P]set success:           2644124.507 / s

[P]expire scan persec:    12771749.219 / s
[P]total expire scan:     365231900
[P]expire hit persec:     2520373.695 / s
[P]total expire hit:      53351618

[P]expire hit rate:       19.733974 %
[P]total expire hit rate: 14.607601 %

[P]get found:             1591282.937 / s

----------------------------------

[INFO]Current Time:       65.08 s

[P]indexs Load Factor:    99.7077 %

[P]full bucket LFactor:   86.5229 %

[P]set request:           151544124 
[P]get request:           129334672 

[P]Get Hit Rate:          76.1308 %
[P]ACC Hit Rate:          81.1321 %

[P]total cuckoo num:      2396633 
[P]total cuckoo path:     1304447 
[P]total cp perset:       0.008597 / set
[P]total cp percuckoo:    0.544283 / cuckoo num

[P]cuckoo path / s:       39422.912 / s
[P]cp per set * s:        0.014913 / set * s

[P]break loop / s:        0 / s
[P]break / set :          0 %

[P]Throughput:            4645441.832 ops
[P]all request:           280878796 o

[P]GetThroughput:         2127659.742 ops
[P]SetThroughput:         2517782.090 ops

[P]Valid Entries:         69217.150 / s
[P]set success:           2643531.728 / s

[P]expire scan persec:    12535534.277 / s
[P]total expire scan:     374727931
[P]expire hit persec:     2391162.518 / s
[P]total expire hit:      55162993

[P]expire hit rate:       19.075075 %
[P]total expire hit rate: 14.720812 %

[P]get found:             1619804.611 / s

----------------------------------

[INFO]Current Time:       65.84 s

[P]indexs Load Factor:    99.7482 %

[P]full bucket LFactor:   86.6512 %

[P]set request:           153450905 
[P]get request:           130976846 

[P]Get Hit Rate:          76.2087 %
[P]ACC Hit Rate:          81.0703 %

[P]total cuckoo num:      2399977 
[P]total cuckoo path:     1336191 
[P]total cp perset:       0.008693 / set
[P]total cp percuckoo:    0.556752 / cuckoo num

[P]cuckoo path / s:       42003.749 / s
[P]cp per set * s:        0.016149 / set * s

[P]break loop / s:        0 / s
[P]break / set :          0 %

[P]Throughput:            4695987.066 ops
[P]all request:           284427751 o

[P]GetThroughput:         2172929.176 ops
[P]SetThroughput:         2523057.890 ops

[P]Valid Entries:         62108.491 / s
[P]set success:           2601079.217 / s

[P]expire scan persec:    12829510.683 / s
[P]total expire scan:     384423732
[P]expire hit persec:     2542141.120 / s
[P]total expire hit:      57084196

[P]expire hit rate:       19.814794 %
[P]total expire hit rate: 14.849290 %

[P]get found:             1655960.472 / s

----------------------------------

[INFO]Current Time:       66.59 s

[P]indexs Load Factor:    99.7834 %

[P]full bucket LFactor:   86.7633 %

[P]set request:           155412075 
[P]get request:           132601151 

[P]Get Hit Rate:          77.5094 %
[P]ACC Hit Rate:          81.0267 %

[P]total cuckoo num:      2403338 
[P]total cuckoo path:     1368502 
[P]total cp perset:       0.008790 / set
[P]total cp percuckoo:    0.569417 / cuckoo num

[P]cuckoo path / s:       43003.180 / s
[P]cp per set * s:        0.016295 / set * s

[P]break loop / s:        0 / s
[P]break / set :          0 %

[P]Throughput:            4771960.842 ops
[P]all request:           288013226 o

[P]GetThroughput:         2161811.156 ops
[P]SetThroughput:         2610149.686 ops

[P]Valid Entries:         54353.219 / s
[P]set success:           2639037.186 / s

[P]expire scan persec:    12787236.663 / s
[P]total expire scan:     394031589
[P]expire hit persec:     2489413.110 / s
[P]total expire hit:      58954649

[P]expire hit rate:       19.467952 %
[P]total expire hit rate: 14.961909 %

[P]get found:             1675606.777 / s

----------------------------------

[INFO]Current Time:       67.35 s

[P]indexs Load Factor:    99.8138 %

[P]full bucket LFactor:   86.8614 %

[P]set request:           157347374 
[P]get request:           134202680 

[P]Get Hit Rate:          78.9328 %
[P]ACC Hit Rate:          81.0017 %

[P]total cuckoo num:      2406719 
[P]total cuckoo path:     1401093 
[P]total cp perset:       0.008890 / set
[P]total cp percuckoo:    0.582159 / cuckoo num

[P]cuckoo path / s:       43072.309 / s
[P]cp per set * s:        0.016953 / set * s

[P]break loop / s:        0 / s
[P]break / set :          0 %

[P]Throughput:            4674276.560 ops
[P]all request:           291550054 o

[P]GetThroughput:         2116582.843 ops
[P]SetThroughput:         2557693.717 ops

[P]Valid Entries:         47490.422 / s
[P]set success:           2540753.431 / s

[P]expire scan persec:    12788900.747 / s
[P]total expire scan:     403708411
[P]expire hit persec:     2540543.296 / s
[P]total expire hit:      60876971

[P]expire hit rate:       19.865220 %
[P]total expire hit rate: 15.079441 %

[P]get found:             1670678.522 / s

----------------------------------

[INFO]Current Time:       68.10 s

[P]indexs Load Factor:    99.8401 %

[P]full bucket LFactor:   86.9475 %

[P]set request:           159280167 
[P]get request:           135832241 

[P]Get Hit Rate:          76.0631 %
[P]ACC Hit Rate:          80.9425 %

[P]total cuckoo num:      2410170 
[P]total cuckoo path:     1434688 
[P]total cp perset:       0.008987 / set
[P]total cp percuckoo:    0.595264 / cuckoo num

[P]cuckoo path / s:       44490.725 / s
[P]cp per set * s:        0.016559 / set * s

[P]break loop / s:        0 / s
[P]break / set :          0 %

[P]Throughput:            4717717.283 ops
[P]all request:           295112408 o

[P]GetThroughput:         2158069.662 ops
[P]SetThroughput:         2559647.621 ops

[P]Valid Entries:         41579.857 / s
[P]set success:           2686817.329 / s

[P]expire scan persec:    12804796.165 / s
[P]total expire scan:     413377328
[P]expire hit persec:     2501740.151 / s
[P]total expire hit:      62766038

[P]expire hit rate:       19.537524 %
[P]total expire hit rate: 15.183716 %

[P]get found:             1641495.198 / s

----------------------------------

[INFO]Current Time:       68.86 s

[P]indexs Load Factor:    99.8581 %

[P]full bucket LFactor:   87.0072 %

[P]set request:           161067506 
[P]get request:           137337688 

[P]Get Hit Rate:          75.7212 %
[P]ACC Hit Rate:          80.8852 %

[P]total cuckoo num:      2413305 
[P]total cuckoo path:     1465184 
[P]total cp perset:       0.009072 / set
[P]total cp percuckoo:    0.607128 / cuckoo num

[P]cuckoo path / s:       40531.367 / s
[P]cp per set * s:        0.016260 / set * s

[P]break loop / s:        0 / s
[P]break / set :          0 %

[P]Throughput:            4376348.262 ops
[P]all request:           298405194 o

[P]GetThroughput:         2000846.809 ops
[P]SetThroughput:         2375501.453 ops

[P]Valid Entries:         34110.622 / s
[P]set success:           2492737.527 / s

[P]expire scan persec:    11830731.919 / s
[P]total expire scan:     422278829
[P]expire hit persec:     2376871.726 / s
[P]total expire hit:      64554408

[P]expire hit rate:       20.090657 %
[P]total expire hit rate: 15.287152 %

[P]get found:             1515064.505 / s

----------------------------------
[INFO]End rx_queue_1:1675634

[INFO]Current Time:       69.61 s

[P]indexs Load Factor:    99.8723 %

[P]full bucket LFactor:   87.0546 %

[P]set request:           162363237 
[P]get request:           138399072 

[P]Get Hit Rate:          78.4986 %
[P]ACC Hit Rate:          80.8669 %

[P]total cuckoo num:      2415793 
[P]total cuckoo path:     1489522 
[P]total cp perset:       0.009148 / set
[P]total cp percuckoo:    0.616577 / cuckoo num

[P]cuckoo path / s:       32242.212 / s
[P]cp per set * s:        0.018441 / set * s

[P]break loop / s:        0 / s
[P]break / set :          0 %

[P]Throughput:            3122631.326 ops
[P]all request:           300762309 o

[P]GetThroughput:         1406087.920 ops
[P]SetThroughput:         1716543.406 ops

[P]Valid Entries:         22534.309 / s
[P]set success:           1748426.606 / s

[P]expire scan persec:    8313139.922 / s
[P]total expire scan:     428553994
[P]expire hit persec:     1728095.386 / s
[P]total expire hit:      65858859

[P]expire hit rate:       20.787517 %
[P]total expire hit rate: 15.367692 %

[P]get found:             1103759.888 / s

----------------------------------

[INFO]Current Time:       70.36 s

[P]indexs Load Factor:    99.8863 %

[P]full bucket LFactor:   87.1010 %

[P]set request:           163846340 
[P]get request:           139631546 

[P]Get Hit Rate:          76.1335 %
[P]ACC Hit Rate:          80.8252 %

[P]total cuckoo num:      2418584 
[P]total cuckoo path:     1516993 
[P]total cp perset:       0.009230 / set
[P]total cp percuckoo:    0.627224 / cuckoo num

[P]cuckoo path / s:       36729.769 / s
[P]cp per set * s:        0.018071 / set * s

[P]break loop / s:        0 / s
[P]break / set :          0 %

[P]Throughput:            3630829.424 ops
[P]all request:           303477886 o

[P]GetThroughput:         1647864.474 ops
[P]SetThroughput:         1982964.951 ops

[P]Valid Entries:         23055.882 / s
[P]set success:           2032496.857 / s

[P]expire scan persec:    9418699.451 / s
[P]total expire scan:     435598446
[P]expire hit persec:     1916709.373 / s
[P]total expire hit:      67292408

[P]expire hit rate:       20.350043 %
[P]total expire hit rate: 15.448266 %

[P]get found:             1254576.106 / s

----------------------------------

[INFO]Current Time:       71.10 s

[P]indexs Load Factor:    99.8990 %

[P]full bucket LFactor:   87.1433 %

[P]set request:           165371010 
[P]get request:           140877318 

[P]Get Hit Rate:          72.3136 %
[P]ACC Hit Rate:          80.7499 %

[P]total cuckoo num:      2421252 
[P]total cuckoo path:     1543226 
[P]total cp perset:       0.009305 / set
[P]total cp percuckoo:    0.637367 / cuckoo num

[P]cuckoo path / s:       35209.100 / s
[P]cp per set * s:        0.017516 / set * s

[P]break loop / s:        0 / s
[P]break / set :          0 %

[P]Throughput:            3718399.320 ops
[P]all request:           306248328 o

[P]GetThroughput:         1672035.638 ops
[P]SetThroughput:         2046363.682 ops

[P]Valid Entries:         21419.663 / s
[P]set success:           2010080.847 / s

[P]expire scan persec:    9551246.492 / s
[P]total expire scan:     442714727
[P]expire hit persec:     1939545.879 / s
[P]total expire hit:      68737492

[P]expire hit rate:       20.306730 %
[P]total expire hit rate: 15.526362 %

[P]get found:             1209108.384 / s

----------------------------------

[INFO]Current Time:       71.85 s

[P]indexs Load Factor:    99.9103 %

[P]full bucket LFactor:   87.1818 %

[P]set request:           166923883 
[P]get request:           142124281 

[P]Get Hit Rate:          77.3592 %
[P]ACC Hit Rate:          80.7201 %

[P]total cuckoo num:      2423719 
[P]total cuckoo path:     1567526 
[P]total cp perset:       0.009362 / set
[P]total cp percuckoo:    0.646744 / cuckoo num

[P]cuckoo path / s:       32401.040 / s
[P]cp per set * s:        0.015372 / set * s

[P]break loop / s:        0 / s
[P]break / set :          0 %

[P]Throughput:            3733234.530 ops
[P]all request:           309048164 o

[P]GetThroughput:         1662670.717 ops
[P]SetThroughput:         2070563.813 ops

[P]Valid Entries:         19253.952 / s
[P]set success:           2107826.343 / s

[P]expire scan persec:    9552284.029 / s
[P]total expire scan:     449878710
[P]expire hit persec:     2035202.678 / s
[P]total expire hit:      70263845

[P]expire hit rate:       21.305927 %
[P]total expire hit rate: 15.618397 %

[P]get found:             1286227.964 / s

----------------------------------

[INFO]Current Time:       72.60 s

[P]indexs Load Factor:    99.9206 %

[P]full bucket LFactor:   87.2173 %

[P]set request:           168482177 
[P]get request:           143396099 

[P]Get Hit Rate:          76.0394 %
[P]ACC Hit Rate:          80.6786 %

[P]total cuckoo num:      2425978 
[P]total cuckoo path:     1589885 
[P]total cp perset:       0.009408 / set
[P]total cp percuckoo:    0.655358 / cuckoo num

[P]cuckoo path / s:       29892.306 / s
[P]cp per set * s:        0.014344 / set * s

[P]break loop / s:        0 / s
[P]break / set :          0 %

[P]Throughput:            3783647.438 ops
[P]all request:           311878276 o

[P]GetThroughput:         1700325.258 ops
[P]SetThroughput:         2083322.180 ops

[P]Valid Entries:         17234.300 / s
[P]set success:           2084008.022 / s

[P]expire scan persec:    9511296.102 / s
[P]total expire scan:     456993018
[P]expire hit persec:     1982702.531 / s
[P]total expire hit:      71746877

[P]expire hit rate:       20.845766 %
[P]total expire hit rate: 15.699775 %

[P]get found:             1292917.423 / s

----------------------------------

[INFO]Current Time:       73.35 s

[P]indexs Load Factor:    99.9262 %

[P]full bucket LFactor:   87.2367 %

[P]set request:           169940533 
[P]get request:           144565952 

[P]Get Hit Rate:          76.7096 %
[P]ACC Hit Rate:          80.6465 %

[P]total cuckoo num:      2427966 
[P]total cuckoo path:     1609480 
[P]total cp perset:       0.009441 / set
[P]total cp percuckoo:    0.662892 / cuckoo num

[P]cuckoo path / s:       26226.011 / s
[P]cp per set * s:        0.013214 / set * s

[P]break loop / s:        0 / s
[P]break / set :          0 %

[P]Throughput:            3517603.328 ops
[P]all request:           314506485 o

[P]GetThroughput:         1565734.995 ops
[P]SetThroughput:         1951868.333 ops

[P]Valid Entries:         14900.443 / s
[P]set success:           1984651.181 / s

[P]expire scan persec:    9020889.746 / s
[P]total expire scan:     463733057
[P]expire hit persec:     1931683.874 / s
[P]total expire hit:      73190152

[P]expire hit rate:       21.413452 %
[P]total expire hit rate: 15.782820 %

[P]get found:             1201069.645 / s

----------------------------------
[INFO]End rx_queue_3:900541
[INFO]End rx_queue_0:1683465

[INFO]Current Time:       74.10 s

[P]indexs Load Factor:    99.9263 %

[P]full bucket LFactor:   87.2369 %

[P]set request:           170156436 
[P]get request:           144741345 

[P]Get Hit Rate:          76.9033 %
[P]ACC Hit Rate:          80.6420 %

[P]total cuckoo num:      2428237 
[P]total cuckoo path:     1612119 
[P]total cp perset:       0.009445 / set
[P]total cp percuckoo:    0.663905 / cuckoo num

[P]cuckoo path / s:       3526.802 / s
[P]cp per set * s:        0.012223 / set * s

[P]break loop / s:        0 / s
[P]break / set :          0 %

[P]Throughput:            522934.211 ops
[P]all request:           314897781 o

[P]GetThroughput:         234398.001 ops
[P]SetThroughput:         288536.210 ops

[P]Valid Entries:         1996.605 / s
[P]set success:           288537.547 / s

[P]expire scan persec:    1371145.378 / s
[P]total expire scan:     464759044
[P]expire hit persec:     283102.343 / s
[P]total expire hit:      73401989

[P]expire hit rate:       20.647143 %
[P]total expire hit rate: 15.793558 %

[P]get found:             180259.791 / s

----------------------------------
[INFO]End rx_queue_2:1686854
Finish the job......

Total Index Entries:      94798284

indexs Load Factor:     99.926280 %

log_0 Load Factor:      1717986918371.256348 %

log_1 Load Factor:      1717986918381.128662 %

log_2 Load Factor:      1717986918367.775146 %

log_3 Load Factor:      8.499131 %

Get Hit Rate:           80.641978%

Max Throughput:         5891861.54

Calc Load Factor:       99.926280%

set request:              51712177 | set_success:              51712177
set_fail:                        0 | set_key_duplicate:         1376539 | set_mica_evicted:                0
set_random:                      0 | set_cuckoo_evicted:         685534 | set_expire_evicted:       22376185

get request:              43770064
get_found:                35827951 | get_notfound:              7942113 | get_hit_ratio:          81.854920%

clean up:                        0 | test_notfound:                   0
move_to_head_performed:    4239571 | move_to_head_skipped:     31588380 | move_to_head_failed:             0


set request:              50525000 | set_success:              50525000
set_fail:                        0 | set_key_duplicate:         1122595 | set_mica_evicted:                0
set_random:                      0 | set_cuckoo_evicted:         707853 | set_expire_evicted:       20029678

get request:              43566458
get_found:                36607916 | get_notfound:              6958542 | get_hit_ratio:          84.027754%

clean up:                        0 | test_notfound:                   0
move_to_head_performed:    3508127 | move_to_head_skipped:     33099789 | move_to_head_failed:             0


set request:              52548143 | set_success:              52548143
set_fail:                        0 | set_key_duplicate:         1504050 | set_mica_evicted:                0
set_random:                      0 | set_cuckoo_evicted:         676932 | set_expire_evicted:       23164132

get request:              43858178
get_found:                35168213 | get_notfound:              8689965 | get_hit_ratio:          80.186215%

clean up:                        0 | test_notfound:                   0
move_to_head_performed:    4626024 | move_to_head_skipped:     30542189 | move_to_head_failed:             0


set request:              28751191 | set_success:              28751191
set_fail:                        0 | set_key_duplicate:          472406 | set_mica_evicted:                0
set_random:                      0 | set_cuckoo_evicted:         357918 | set_expire_evicted:       12837381

get request:              23414040
get_found:                18076889 | get_notfound:              5337151 | get_hit_ratio:          77.205339%

clean up:                        0 | test_notfound:                   0
move_to_head_performed:    1926338 | move_to_head_skipped:     16150551 | move_to_head_failed:             0


[INFO] Everything works fine.
deleting piekv......
