[INFO] maxbytes Size为:1 GB
[INFO] 运行memc3
[INFO] table_power 参数值为 23
EAL: Probing VFIO support...
EAL: VFIO support initialized
EAL: PCI device 0000:03:00.0 on NUMA socket 0
EAL:   probe driver: 15b3:1017 net_mlx5
WEN: There are 1 device(s) available
starting port 0...
querying port 0...
port 0: 100 Gbps (full-duplex)
Adding UDP filter for each endpoint.
port_id/queue_id/udp_port = 0 0 0
Flow is created with src_port = 0, dst_port = 0
port_id/queue_id/udp_port = 0 1 1
Flow is created with src_port = 0, dst_port = 1
port_id/queue_id/udp_port = 0 2 2
Flow is created with src_port = 0, dst_port = 2
port_id/queue_id/udp_port = 0 3 3
Flow is created with src_port = 0, dst_port = 3
MEM: Initializing pages...
maxbytes:1073741824
alloc maxbytes:1073741824
memc3 settings:
	eviction = CLOCK
	+int_keycmp
	+cuckoo 
	+tag
	+opt lock

 == [STAT] Workers Start (4 threads in total) == 

[INFO]Current Time:       5.00 s

[P]indexs Load Factor:    0.1775 %

[P]slabs Load Factor:     0.1799 %

[P]EVICT Ratio:           0.0000 %

[P]set request:           30186 

[P]get request:           30186 

[P]Get Hit Rate:          2.6701 %

[P]ACC Hit Rate:          2.6701 %

[P]rx packet:             1163.846 / s

[P]Throughput:            60364.027 ops

[P]all request:           60372 o

[P]Valid Entries:         30182.013 / s

[P]set success:           30182.013 / s

[P]get found:             805.894 / s

----------------------------------

[INFO]Current Time:       6.00 s

[P]indexs Load Factor:    0.4450 %

[P]slabs Load Factor:     0.4510 %

[P]EVICT Ratio:           0.0000 %

[P]set request:           75660 

[P]get request:           75660 

[P]Get Hit Rate:          2.5993 %

[P]ACC Hit Rate:          2.6275 %

[P]rx packet:             1747.722 / s

[P]Throughput:            90933.539 ops

[P]all request:           151320 o

[P]Valid Entries:         45466.770 / s

[P]set success:           45466.770 / s

[P]get found:             1181.812 / s

----------------------------------

[INFO]Current Time:       7.00 s

[P]indexs Load Factor:    0.7266 %

[P]slabs Load Factor:     0.7364 %

[P]EVICT Ratio:           0.0000 %

[P]set request:           123552 

[P]get request:           123552 

[P]Get Hit Rate:          2.5766 %

[P]ACC Hit Rate:          2.6078 %

[P]rx packet:             1839.709 / s

[P]Throughput:            95768.862 ops

[P]all request:           247104 o

[P]Valid Entries:         47884.431 / s

[P]set success:           47884.431 / s

[P]get found:             1233.805 / s

----------------------------------

[INFO]Current Time:       8.00 s

[P]indexs Load Factor:    0.9722 %

[P]slabs Load Factor:     0.9859 %

[P]EVICT Ratio:           0.0000 %

[P]set request:           165401 

[P]get request:           165406 

[P]Get Hit Rate:          2.9221 %

[P]ACC Hit Rate:          2.6873 %

[P]rx packet:             1611.718 / s

[P]Throughput:            83688.355 ops

[P]all request:           330807 o

[P]Valid Entries:         41841.678 / s

[P]set success:           41841.678 / s

[P]get found:             1222.786 / s

----------------------------------

[INFO]Current Time:       9.00 s

[P]indexs Load Factor:    1.2197 %

[P]slabs Load Factor:     1.2373 %

[P]EVICT Ratio:           0.0000 %

[P]set request:           207584 

[P]get request:           207584 

[P]Get Hit Rate:          2.9755 %

[P]ACC Hit Rate:          2.7459 %

[P]rx packet:             1619.746 / s

[P]Throughput:            84347.768 ops

[P]all request:           415168 o

[P]Valid Entries:         42176.383 / s

[P]set success:           42176.383 / s

[P]get found:             1254.803 / s

----------------------------------

[INFO]Current Time:       10.00 s

[P]indexs Load Factor:    2.2340 %

[P]slabs Load Factor:     2.2691 %

[P]EVICT Ratio:           0.0000 %

[P]set request:           380692 

[P]get request:           380692 

[P]Get Hit Rate:          3.1119 %

[P]ACC Hit Rate:          2.9123 %

[P]rx packet:             6658.935 / s

[P]Throughput:            346160.622 ops

[P]all request:           761384 o

[P]Valid Entries:         173080.311 / s

[P]set success:           173080.311 / s

[P]get found:             5386.138 / s

----------------------------------

[INFO]Current Time:       11.00 s

[P]indexs Load Factor:    4.0827 %

[P]slabs Load Factor:     4.1564 %

[P]EVICT Ratio:           0.0000 %

[P]set request:           697313 

[P]get request:           697303 

[P]Get Hit Rate:          3.5517 %

[P]ACC Hit Rate:          3.2026 %

[P]rx packet:             12165.671 / s

[P]Throughput:            632694.837 ops

[P]all request:           1394616 o

[P]Valid Entries:         316352.414 / s

[P]set success:           316352.414 / s

[P]get found:             11235.461 / s

----------------------------------

[INFO]Current Time:       12.00 s

[P]indexs Load Factor:    5.9032 %

[P]slabs Load Factor:     6.0228 %

[P]EVICT Ratio:           0.0000 %

[P]set request:           1010460 

[P]get request:           1010449 

[P]Get Hit Rate:          4.1125 %

[P]ACC Hit Rate:          3.4846 %

[P]rx packet:             12041.267 / s

[P]Throughput:            626150.880 ops

[P]all request:           2020909 o

[P]Valid Entries:         313075.940 / s

[P]set success:           313075.940 / s

[P]get found:             12875.078 / s

----------------------------------

[INFO]Current Time:       13.00 s

[P]indexs Load Factor:    7.6662 %

[P]slabs Load Factor:     7.8385 %

[P]EVICT Ratio:           0.0000 %

[P]set request:           1315080 

[P]get request:           1315080 

[P]Get Hit Rate:          4.6627 %

[P]ACC Hit Rate:          3.7575 %

[P]rx packet:             11714.173 / s

[P]Throughput:            609156.017 ops

[P]all request:           2630160 o

[P]Valid Entries:         304572.509 / s

[P]set success:           304572.509 / s

[P]get found:             14201.786 / s

----------------------------------

[INFO]Current Time:       14.00 s

[P]indexs Load Factor:    9.4273 %

[P]slabs Load Factor:     9.6611 %

[P]EVICT Ratio:           0.0000 %

[P]set request:           1620866 

[P]get request:           1620866 

[P]Get Hit Rate:          5.3394 %

[P]ACC Hit Rate:          4.0559 %

[P]rx packet:             11762.152 / s

[P]Throughput:            611475.926 ops

[P]all request:           3241732 o

[P]Valid Entries:         305737.963 / s

[P]set success:           305737.963 / s

[P]get found:             16324.435 / s

----------------------------------

[INFO]Current Time:       15.00 s

[P]indexs Load Factor:    11.1570 %

[P]slabs Load Factor:     11.4602 %

[P]EVICT Ratio:           0.0000 %

[P]set request:           1922700 

[P]get request:           1922700 

[P]Get Hit Rate:          5.9569 %

[P]ACC Hit Rate:          4.3543 %

[P]rx packet:             11606.121 / s

[P]Throughput:            603570.290 ops

[P]all request:           3845400 o

[P]Valid Entries:         301785.145 / s

[P]set success:           301785.145 / s

[P]get found:             17977.090 / s

----------------------------------

[INFO]Current Time:       16.00 s

[P]indexs Load Factor:    12.8818 %

[P]slabs Load Factor:     13.2609 %

[P]EVICT Ratio:           0.0000 %

[P]set request:           2224794 

[P]get request:           2224794 

[P]Get Hit Rate:          6.3821 %

[P]ACC Hit Rate:          4.6297 %

[P]rx packet:             11618.139 / s

[P]Throughput:            604091.214 ops

[P]all request:           4449588 o

[P]Valid Entries:         302045.607 / s

[P]set success:           302045.607 / s

[P]get found:             19276.912 / s

----------------------------------

[INFO]Current Time:       17.00 s

[P]indexs Load Factor:    14.5628 %

[P]slabs Load Factor:     15.0244 %

[P]EVICT Ratio:           0.0000 %

[P]set request:           2520659 

[P]get request:           2520655 

[P]Get Hit Rate:          7.0371 %

[P]ACC Hit Rate:          4.9123 %

[P]rx packet:             11378.169 / s

[P]Throughput:            591630.787 ops

[P]all request:           5041314 o

[P]Valid Entries:         295817.393 / s

[P]set success:           295817.393 / s

[P]get found:             20816.650 / s

----------------------------------

[INFO]Current Time:       18.00 s

[P]indexs Load Factor:    16.1864 %

[P]slabs Load Factor:     16.7343 %

[P]EVICT Ratio:           0.0000 %

[P]set request:           2807558 

[P]get request:           2807558 

[P]Get Hit Rate:          7.5200 %

[P]ACC Hit Rate:          5.1787 %

[P]rx packet:             11030.225 / s

[P]Throughput:            573709.671 ops

[P]all request:           5615116 o

[P]Valid Entries:         286852.836 / s

[P]set success:           286852.836 / s

[P]get found:             21571.528 / s

----------------------------------

[INFO]Current Time:       19.00 s

[P]indexs Load Factor:    17.8290 %

[P]slabs Load Factor:     18.4722 %

[P]EVICT Ratio:           0.0000 %

[P]set request:           3099122 

[P]get request:           3099122 

[P]Get Hit Rate:          8.0538 %

[P]ACC Hit Rate:          5.4492 %

[P]rx packet:             11213.623 / s

[P]Throughput:            583004.430 ops

[P]all request:           6198244 o

[P]Valid Entries:         291502.215 / s

[P]set success:           291502.215 / s

[P]get found:             23477.024 / s

----------------------------------

[INFO]Current Time:       20.00 s

[P]indexs Load Factor:    19.4443 %

[P]slabs Load Factor:     20.1879 %

[P]EVICT Ratio:           0.0000 %

[P]set request:           3386968 

[P]get request:           3386968 

[P]Get Hit Rate:          8.5681 %

[P]ACC Hit Rate:          5.7143 %

[P]rx packet:             11066.216 / s

[P]Throughput:            575599.230 ops

[P]all request:           6773936 o

[P]Valid Entries:         287799.615 / s

[P]set success:           287799.615 / s

[P]get found:             24659.026 / s

----------------------------------

[INFO]Current Time:       21.00 s

[P]indexs Load Factor:    21.0449 %

[P]slabs Load Factor:     21.8957 %

[P]EVICT Ratio:           0.0000 %

[P]set request:           3673489 

[P]get request:           3673491 

[P]Get Hit Rate:          9.1609 %

[P]ACC Hit Rate:          5.9831 %

[P]rx packet:             11022.181 / s

[P]Throughput:            572949.472 ops

[P]all request:           7346980 o

[P]Valid Entries:         286473.736 / s

[P]set success:           286473.736 / s

[P]get found:             26243.670 / s

----------------------------------

[INFO]Current Time:       22.00 s

[P]indexs Load Factor:    22.6123 %

[P]slabs Load Factor:     23.5747 %

[P]EVICT Ratio:           0.0000 %

[P]set request:           3955172 

[P]get request:           3955165 

[P]Get Hit Rate:          9.6115 %

[P]ACC Hit Rate:          6.2415 %

[P]rx packet:             10830.213 / s

[P]Throughput:            563264.070 ops

[P]all request:           7910337 o

[P]Valid Entries:         281636.534 / s

[P]set success:           281636.534 / s

[P]get found:             27068.534 / s

----------------------------------

[INFO]Current Time:       23.00 s

[P]indexs Load Factor:    24.1490 %

[P]slabs Load Factor:     25.2288 %

[P]EVICT Ratio:           0.0000 %

[P]set request:           4232696 

[P]get request:           4232696 

[P]Get Hit Rate:          10.2673 %

[P]ACC Hit Rate:          6.5055 %

[P]rx packet:             10670.283 / s

[P]Throughput:            554965.688 ops

[P]all request:           8465392 o

[P]Valid Entries:         277479.345 / s

[P]set success:           277479.345 / s

[P]get found:             28490.415 / s

----------------------------------

[INFO]Current Time:       24.00 s

[P]indexs Load Factor:    25.6771 %

[P]slabs Load Factor:     26.8792 %

[P]EVICT Ratio:           0.0000 %

[P]set request:           4509589 

[P]get request:           4509590 

[P]Get Hit Rate:          10.6091 %

[P]ACC Hit Rate:          6.7574 %

[P]rx packet:             10650.243 / s

[P]Throughput:            553695.648 ops

[P]all request:           9019179 o

[P]Valid Entries:         276847.324 / s

[P]set success:           276847.324 / s

[P]get found:             29371.154 / s

----------------------------------

[INFO]Current Time:       25.00 s

[P]indexs Load Factor:    27.1723 %

[P]slabs Load Factor:     28.5022 %

[P]EVICT Ratio:           0.0000 %

[P]set request:           4781858 

[P]get request:           4781858 

[P]Get Hit Rate:          11.2448 %

[P]ACC Hit Rate:          7.0129 %

[P]rx packet:             10470.250 / s

[P]Throughput:            544446.006 ops

[P]all request:           9563716 o

[P]Valid Entries:         272223.503 / s

[P]set success:           272223.503 / s

[P]get found:             30610.884 / s

----------------------------------

[INFO]Current Time:       26.00 s

[P]indexs Load Factor:    28.6504 %

[P]slabs Load Factor:     30.1131 %

[P]EVICT Ratio:           0.0000 %

[P]set request:           5052133 

[P]get request:           5052131 

[P]Get Hit Rate:          11.7108 %

[P]ACC Hit Rate:          7.2643 %

[P]rx packet:             10393.693 / s

[P]Throughput:            540428.042 ops

[P]all request:           10104264 o

[P]Valid Entries:         270215.021 / s

[P]set success:           270215.021 / s

[P]get found:             31643.976 / s

----------------------------------

[INFO]Current Time:       27.01 s

[P]indexs Load Factor:    30.0715 %

[P]slabs Load Factor:     31.6689 %

[P]EVICT Ratio:           0.0000 %

[P]set request:           5313145 

[P]get request:           5313143 

[P]Get Hit Rate:          12.3791 %

[P]ACC Hit Rate:          7.5155 %

[P]rx packet:             10034.285 / s

[P]Throughput:            521934.777 ops

[P]all request:           10626288 o

[P]Valid Entries:         260967.389 / s

[P]set success:           260967.389 / s

[P]get found:             32305.478 / s

----------------------------------

[INFO]Current Time:       28.01 s

[P]indexs Load Factor:    31.5074 %

[P]slabs Load Factor:     33.2449 %

[P]EVICT Ratio:           0.0000 %

[P]set request:           5577572 

[P]get request:           5577572 

[P]Get Hit Rate:          12.5996 %

[P]ACC Hit Rate:          7.7566 %

[P]rx packet:             10170.312 / s

[P]Throughput:            528768.257 ops

[P]all request:           11155144 o

[P]Valid Entries:         264383.128 / s

[P]set success:           264383.128 / s

[P]get found:             33311.472 / s

----------------------------------

[INFO]Current Time:       29.01 s

[P]indexs Load Factor:    32.9147 %

[P]slabs Load Factor:     34.7962 %

[P]EVICT Ratio:           0.0000 %

[P]set request:           5837832 

[P]get request:           5837832 

[P]Get Hit Rate:          13.1046 %

[P]ACC Hit Rate:          7.9950 %

[P]rx packet:             10006.378 / s

[P]Throughput:            520435.625 ops

[P]all request:           11675664 o

[P]Valid Entries:         260217.812 / s

[P]set success:           260217.812 / s

[P]get found:             34100.471 / s

----------------------------------

[INFO]Current Time:       30.01 s

[P]indexs Load Factor:    34.2997 %

[P]slabs Load Factor:     36.3284 %

[P]EVICT Ratio:           0.0000 %

[P]set request:           6094892 

[P]get request:           6094877 

[P]Get Hit Rate:          13.5677 %

[P]ACC Hit Rate:          8.2300 %

[P]rx packet:             9886.359 / s

[P]Throughput:            514019.704 ops

[P]all request:           12189769 o

[P]Valid Entries:         257017.351 / s

[P]set success:           257017.351 / s

[P]get found:             34869.214 / s

----------------------------------

[INFO]Current Time:       31.01 s

[P]indexs Load Factor:    35.6445 %

[P]slabs Load Factor:     37.8232 %

[P]EVICT Ratio:           0.0000 %

[P]set request:           6345683 

[P]get request:           6345684 

[P]Get Hit Rate:          14.1352 %

[P]ACC Hit Rate:          8.4634 %

[P]rx packet:             9646.418 / s

[P]Throughput:            501515.735 ops

[P]all request:           12691367 o

[P]Valid Entries:         250749.869 / s

[P]set success:           250749.869 / s

[P]get found:             35446.186 / s

----------------------------------

[INFO]Current Time:       32.01 s

[P]indexs Load Factor:    36.9091 %

[P]slabs Load Factor:     39.2332 %

[P]EVICT Ratio:           0.0000 %

[P]set request:           6582240 

[P]get request:           6582244 

[P]Get Hit Rate:          14.4344 %

[P]ACC Hit Rate:          8.6780 %

[P]rx packet:             9094.500 / s

[P]Throughput:            473038.955 ops

[P]all request:           13164484 o

[P]Valid Entries:         236517.978 / s

[P]set success:           236517.978 / s

[P]get found:             34140.367 / s

----------------------------------

[INFO]Current Time:       33.01 s

[P]indexs Load Factor:    38.1625 %

[P]slabs Load Factor:     40.6358 %

[P]EVICT Ratio:           0.0000 %

[P]set request:           6817556 

[P]get request:           6817552 

[P]Get Hit Rate:          14.8473 %

[P]ACC Hit Rate:          8.8909 %

[P]rx packet:             9049.983 / s

[P]Throughput:            470519.111 ops

[P]all request:           13635108 o

[P]Valid Entries:         235263.555 / s

[P]set success:           235263.555 / s

[P]get found:             34929.214 / s

----------------------------------

[INFO]Current Time:       34.01 s

[P]indexs Load Factor:    39.4099 %

[P]slabs Load Factor:     42.0365 %

[P]EVICT Ratio:           0.0000 %

[P]set request:           7052552 

[P]get request:           7052552 

[P]Get Hit Rate:          15.2796 %

[P]ACC Hit Rate:          9.1038 %

[P]rx packet:             9034.481 / s

[P]Throughput:            469917.014 ops

[P]all request:           14105104 o

[P]Valid Entries:         234956.507 / s

[P]set success:           234956.507 / s

[P]get found:             35900.966 / s

----------------------------------

[INFO]Current Time:       35.01 s

[P]indexs Load Factor:    40.6214 %

[P]slabs Load Factor:     43.4011 %

[P]EVICT Ratio:           0.0000 %

[P]set request:           7281486 

[P]get request:           7281491 

[P]Get Hit Rate:          15.6898 %

[P]ACC Hit Rate:          9.3109 %

[P]rx packet:             8806.434 / s

[P]Throughput:            457791.577 ops

[P]all request:           14562977 o

[P]Valid Entries:         228893.289 / s

[P]set success:           228893.289 / s

[P]get found:             35913.612 / s

----------------------------------

[INFO]Current Time:       36.01 s

[P]indexs Load Factor:    41.8470 %

[P]slabs Load Factor:     44.7854 %

[P]EVICT Ratio:           0.0000 %

[P]set request:           7513740 

[P]get request:           7513740 

[P]Get Hit Rate:          15.9002 %

[P]ACC Hit Rate:          9.5146 %

[P]rx packet:             8930.527 / s

[P]Throughput:            464426.376 ops

[P]all request:           15027480 o

[P]Valid Entries:         232215.688 / s

[P]set success:           232215.688 / s

[P]get found:             36921.908 / s

----------------------------------

[INFO]Current Time:       37.01 s

[P]indexs Load Factor:    43.0280 %

[P]slabs Load Factor:     46.1256 %

[P]EVICT Ratio:           0.0000 %

[P]set request:           7738588 

[P]get request:           7738588 

[P]Get Hit Rate:          16.5165 %

[P]ACC Hit Rate:          9.7180 %

[P]rx packet:             8646.530 / s

[P]Throughput:            449619.568 ops

[P]all request:           15477176 o

[P]Valid Entries:         224809.784 / s

[P]set success:           224809.784 / s

[P]get found:             37130.688 / s

----------------------------------

[INFO]Current Time:       38.01 s

[P]indexs Load Factor:    44.1948 %

[P]slabs Load Factor:     47.4537 %

[P]EVICT Ratio:           0.0000 %

[P]set request:           7961399 

[P]get request:           7961399 

[P]Get Hit Rate:          16.8407 %

[P]ACC Hit Rate:          9.9173 %

[P]rx packet:             8566.595 / s

[P]Throughput:            445548.916 ops

[P]all request:           15922798 o

[P]Valid Entries:         222774.458 / s

[P]set success:           222774.458 / s

[P]get found:             37516.846 / s

----------------------------------

[INFO]Current Time:       39.01 s

[P]indexs Load Factor:    45.3381 %

[P]slabs Load Factor:     48.7588 %

[P]EVICT Ratio:           0.0000 %

[P]set request:           8180372 

[P]get request:           8180379 

[P]Get Hit Rate:          17.1655 %

[P]ACC Hit Rate:          10.1114 %

[P]rx packet:             8423.040 / s

[P]Throughput:            437903.095 ops

[P]all request:           16360751 o

[P]Valid Entries:         218948.048 / s

[P]set success:           218948.048 / s

[P]get found:             37584.717 / s

----------------------------------

[INFO]Current Time:       40.01 s

[P]indexs Load Factor:    46.4539 %

[P]slabs Load Factor:     50.0370 %

[P]EVICT Ratio:           0.0000 %

[P]set request:           8394804 

[P]get request:           8394802 

[P]Get Hit Rate:          17.5849 %

[P]ACC Hit Rate:          10.3023 %

[P]rx packet:             8246.622 / s

[P]Throughput:            428783.337 ops

[P]all request:           16789606 o

[P]Valid Entries:         214396.168 / s

[P]set success:           214396.168 / s

[P]get found:             37699.699 / s

----------------------------------

[INFO]Current Time:       41.01 s

[P]indexs Load Factor:    47.5375 %

[P]slabs Load Factor:     51.2823 %

[P]EVICT Ratio:           0.0000 %

[P]set request:           8603738 

[P]get request:           8603736 

[P]Get Hit Rate:          18.0497 %

[P]ACC Hit Rate:          10.4904 %

[P]rx packet:             8034.674 / s

[P]Throughput:            417799.069 ops

[P]all request:           17207474 o

[P]Valid Entries:         208899.535 / s

[P]set success:           208899.535 / s

[P]get found:             37705.779 / s

----------------------------------

[INFO]Current Time:       42.01 s

[P]indexs Load Factor:    48.6124 %

[P]slabs Load Factor:     52.5232 %

[P]EVICT Ratio:           0.0000 %

[P]set request:           8811920 

[P]get request:           8811921 

[P]Get Hit Rate:          18.4168 %

[P]ACC Hit Rate:          10.6777 %

[P]rx packet:             8006.664 / s

[P]Throughput:            416297.523 ops

[P]all request:           17623841 o

[P]Valid Entries:         208147.262 / s

[P]set success:           208147.262 / s

[P]get found:             38334.602 / s

----------------------------------

[INFO]Current Time:       43.01 s

[P]indexs Load Factor:    49.6908 %

[P]slabs Load Factor:     53.7727 %

[P]EVICT Ratio:           0.0000 %

[P]set request:           9021556 

[P]get request:           9021553 

[P]Get Hit Rate:          18.8492 %

[P]ACC Hit Rate:          10.8675 %

[P]rx packet:             8058.572 / s

[P]Throughput:            419193.742 ops

[P]all request:           18043109 o

[P]Valid Entries:         209598.871 / s

[P]set success:           209598.871 / s

[P]get found:             39507.002 / s

----------------------------------

[INFO]Current Time:       44.01 s

[P]indexs Load Factor:    50.0000 %

[P]slabs Load Factor:     54.1310 %

[P]EVICT Ratio:           0.0000 %

[P]set request:           9081667 

[P]get request:           9081667 

[P]Get Hit Rate:          18.8375 %

[P]ACC Hit Rate:          10.9203 %

[P]rx packet:             2311.624 / s

[P]Throughput:            120205.426 ops

[P]all request:           18163334 o

[P]Valid Entries:         60101.213 / s

[P]set success:           60101.213 / s

[P]get found:             11322.156 / s

----------------------------------
run finish job......

valid count:           9081667

Set request:           9081667

Set success:           9081667

Get request:           9081667

Get found:             991745

Get Hit Rate:          10.920297%

index load factor:    50.0000 %
index load factor:    15.465987%

slabs load factor:     54.130954%

[INFO] Everything works fine.
