[INFO] 单个Log Size为:1 GB
[INFO] 运行proto
[INFO] 运行cleanup
[INFO] 运行reload
[INFO] reload kv size 8
EAL: Probing VFIO support...
EAL: VFIO support initialized
EAL: PCI device 0000:03:00.0 on NUMA socket 0
EAL:   probe driver: 15b3:1017 net_mlx5
WEN: There are 1 device(s) available
starting port 0...
querying port 0...
port 0: 100 Gbps (full-duplex)
Adding UDP filter for each endpoint.
port_id/queue_id/udp_port = 0 0 0
Flow is created with src_port = 0, dst_port = 0
port_id/queue_id/udp_port = 0 1 1
Flow is created with src_port = 0, dst_port = 1
port_id/queue_id/udp_port = 0 2 2
Flow is created with src_port = 0, dst_port = 2
port_id/queue_id/udp_port = 0 3 3
Flow is created with src_port = 0, dst_port = 3
MEM: Initializing pages...
 == [STAT] Workers Start (4 threads in total) == 

[INFO]Current Time:       99.08 s

[P]indexs Load Factor:    0.0939 %

[P]set request:           59645 
[P]get request:           59509 

[P]Get Hit Rate:          49.6984 %
[P]ACC Hit Rate:          49.6984 %

[P]Throughput:            119846.367 ops
[P]all request:           119154 o

[P]GetThroughput:         59854.788 ops
[P]SetThroughput:         59991.579 ops

[P]Valid Entries:         57364.401 / s
[P]mica evicted:          0 / s
[P]set success:           59789.411 / s

[P]get found:             29746.851 / s

----------------------------------

[INFO]Current Time:       100.10 s

[P]indexs Load Factor:    1.2056 %

[P]set request:           542687 
[P]get request:           534281 

[P]Get Hit Rate:          56.7852 %
[P]ACC Hit Rate:          55.9958 %

[P]Throughput:            939492.096 ops
[P]all request:           1076968 o

[P]GetThroughput:         465690.146 ops
[P]SetThroughput:         473801.950 ops

[P]Valid Entries:         465224.232 / s
[P]mica evicted:          0 / s
[P]set success:           466217.855 / s

[P]get found:             264442.855 / s

----------------------------------

[INFO]Current Time:       101.10 s

[P]indexs Load Factor:    4.4413 %

[P]set request:           3070484 
[P]get request:           3067383 

[P]Get Hit Rate:          65.1710 %
[P]ACC Hit Rate:          63.5729 %

[P]Throughput:            5060914.479 ops
[P]all request:           6137868 o

[P]GetThroughput:         2533109.247 ops
[P]SetThroughput:         2527804.232 ops

[P]Valid Entries:         2549193.293 / s
[P]mica evicted:          0 / s
[P]set success:           2546793.286 / s

[P]get found:             1650853.723 / s

----------------------------------

[INFO]Current Time:       102.16 s

[P]indexs Load Factor:    7.6592 %

[P]set request:           5823687 
[P]get request:           5724067 

[P]Get Hit Rate:          71.9582 %
[P]ACC Hit Rate:          67.4647 %

[P]Throughput:            5103161.068 ops
[P]all request:           11547755 o

[P]GetThroughput:         2506057.217 ops
[P]SetThroughput:         2597103.851 ops

[P]Valid Entries:         2499654.078 / s
[P]mica evicted:          0 / s
[P]set success:           2433060.680 / s

[P]get found:             1803312.734 / s

----------------------------------

[INFO]Current Time:       103.27 s

[P]indexs Load Factor:    10.8486 %

[P]set request:           8686663 
[P]get request:           8513183 

[P]Get Hit Rate:          73.9540 %
[P]ACC Hit Rate:          69.5907 %

[P]Throughput:            5111984.507 ops
[P]all request:           17199846 o

[P]GetThroughput:         2522591.689 ops
[P]SetThroughput:         2589393.723 ops

[P]Valid Entries:         2476523.067 / s
[P]mica evicted:          0 / s
[P]set success:           2550521.741 / s

[P]get found:             1865556.692 / s

----------------------------------

[INFO]Current Time:       104.40 s

[P]indexs Load Factor:    14.0348 %

[P]set request:           11534438 
[P]get request:           11355453 

[P]Get Hit Rate:          76.7995 %
[P]ACC Hit Rate:          71.3951 %

[P]Throughput:            5032516.504 ops
[P]all request:           22889891 o

[P]GetThroughput:         2513823.824 ops
[P]SetThroughput:         2518692.679 ops

[P]Valid Entries:         2462693.330 / s
[P]mica evicted:          0 / s
[P]set success:           2513546.110 / s

[P]get found:             1930603.112 / s

----------------------------------

[INFO]Current Time:       105.55 s

[P]indexs Load Factor:    17.1880 %

[P]set request:           14474783 
[P]get request:           14172140 

[P]Get Hit Rate:          82.0111 %
[P]ACC Hit Rate:          73.5050 %

[P]Throughput:            5013788.709 ops
[P]all request:           28646923 o

[P]GetThroughput:         2453047.591 ops
[P]SetThroughput:         2560741.118 ops

[P]Valid Entries:         2462401.037 / s
[P]mica evicted:          0 / s
[P]set success:           2550926.096 / s

[P]get found:             2011771.319 / s

----------------------------------

[INFO]Current Time:       106.70 s

[P]indexs Load Factor:    20.3225 %

[P]set request:           17478217 
[P]get request:           17049980 

[P]Get Hit Rate:          79.7307 %
[P]ACC Hit Rate:          74.5558 %

[P]Throughput:            5081738.461 ops
[P]all request:           34528197 o

[P]GetThroughput:         2486609.230 ops
[P]SetThroughput:         2595129.231 ops

[P]Valid Entries:         2457607.257 / s
[P]mica evicted:          0 / s
[P]set success:           2551065.068 / s

[P]get found:             1982590.965 / s

----------------------------------

[INFO]Current Time:       107.87 s

[P]indexs Load Factor:    23.4080 %

[P]set request:           20468910 
[P]get request:           19907924 

[P]Get Hit Rate:          84.3004 %
[P]ACC Hit Rate:          75.9547 %

[P]Throughput:            4994292.634 ops
[P]all request:           40376834 o

[P]GetThroughput:         2440467.525 ops
[P]SetThroughput:         2553825.108 ops

[P]Valid Entries:         2415487.681 / s
[P]mica evicted:          0 / s
[P]set success:           2418727.469 / s

[P]cuckoo path / s:       0.854 / s
[P]cp per set * s:        0.000000 / set * s

[P]total cuckoo num:      155 

[P]total cuckoo path:     1 
[P]total cp perset:       0.000000 / set
[P]total cp percuckoo:    0.006452 / cuckoo num

[P]get found:             2057324.549 / s

----------------------------------

[INFO]Current Time:       109.05 s

[P]indexs Load Factor:    26.4979 %

[P]set request:           23511848 
[P]get request:           22857761 

[P]Get Hit Rate:          82.2958 %
[P]ACC Hit Rate:          76.7731 %

[P]Throughput:            5097566.675 ops
[P]all request:           46369609 o

[P]GetThroughput:         2509186.610 ops
[P]SetThroughput:         2588380.065 ops

[P]Valid Entries:         2448082.414 / s
[P]mica evicted:          0 / s
[P]set success:           2515243.016 / s

[P]cuckoo path / s:       4.253 / s
[P]cp per set * s:        0.000002 / set * s

[P]total cuckoo num:      577 

[P]total cuckoo path:     6 
[P]total cp perset:       0.000000 / set
[P]total cp percuckoo:    0.010399 / cuckoo num

[P]get found:             2064956.081 / s

----------------------------------

[INFO]Current Time:       110.23 s

[P]indexs Load Factor:    29.5770 %

[P]set request:           26547556 
[P]get request:           25759793 

[P]Get Hit Rate:          83.2453 %
[P]ACC Hit Rate:          77.5022 %

[P]Throughput:            5012951.034 ops
[P]all request:           52307349 o

[P]GetThroughput:         2450047.378 ops
[P]SetThroughput:         2562903.657 ops

[P]Valid Entries:         2419332.632 / s
[P]mica evicted:          0 / s
[P]set success:           2487863.130 / s

[P]cuckoo path / s:       10.131 / s
[P]cp per set * s:        0.000004 / set * s

[P]total cuckoo num:      1740 

[P]total cuckoo path:     18 
[P]total cp perset:       0.000001 / set
[P]total cp percuckoo:    0.010345 / cuckoo num

[P]get found:             2039548.239 / s

----------------------------------

[INFO]Current Time:       111.42 s

[P]indexs Load Factor:    32.6621 %

[P]set request:           29627669 
[P]get request:           28703070 

[P]Get Hit Rate:          87.4311 %
[P]ACC Hit Rate:          78.5203 %

[P]Throughput:            5068870.293 ops
[P]all request:           58330739 o

[P]GetThroughput:         2476859.269 ops
[P]SetThroughput:         2592011.025 ops

[P]Valid Entries:         2443925.947 / s
[P]mica evicted:          0 / s
[P]set success:           2546105.501 / s

[P]cuckoo path / s:       63.115 / s
[P]cp per set * s:        0.000025 / set * s

[P]total cuckoo num:      4688 

[P]total cuckoo path:     93 
[P]total cp perset:       0.000003 / set
[P]total cp percuckoo:    0.019838 / cuckoo num

[P]get found:             2165544.078 / s

----------------------------------

[INFO]Current Time:       112.62 s

[P]indexs Load Factor:    35.7180 %

[P]set request:           32650106 
[P]get request:           31692239 

[P]Get Hit Rate:          87.3156 %
[P]ACC Hit Rate:          79.3499 %

[P]Throughput:            5037436.008 ops
[P]all request:           64342345 o

[P]GetThroughput:         2504779.514 ops
[P]SetThroughput:         2532656.494 ops

[P]Valid Entries:         2441554.375 / s
[P]mica evicted:          0 / s
[P]set success:           2425283.028 / s

[P]cuckoo path / s:       180.998 / s
[P]cp per set * s:        0.000075 / set * s

[P]total cuckoo num:      11031 

[P]total cuckoo path:     309 
[P]total cp perset:       0.000010 / set
[P]total cp percuckoo:    0.028012 / cuckoo num

[P]get found:             2187062.551 / s

----------------------------------

[INFO]Current Time:       113.81 s

[P]indexs Load Factor:    38.7591 %

[P]set request:           35745118 
[P]get request:           34682956 

[P]Get Hit Rate:          87.0321 %
[P]ACC Hit Rate:          80.0123 %

[P]Throughput:            5096994.645 ops
[P]all request:           70428074 o

[P]GetThroughput:         2504822.106 ops
[P]SetThroughput:         2592172.538 ops

[P]Valid Entries:         2440155.399 / s
[P]mica evicted:          0 / s
[P]set success:           2545069.721 / s

[P]cuckoo path / s:       453.943 / s
[P]cp per set * s:        0.000178 / set * s

[P]total cuckoo num:      23233 

[P]total cuckoo path:     851 
[P]total cp perset:       0.000024 / set
[P]total cp percuckoo:    0.036629 / cuckoo num

[P]get found:             2180000.277 / s

----------------------------------

[INFO]Current Time:       115.01 s

[P]indexs Load Factor:    41.7469 %

[P]set request:           38796801 
[P]get request:           37633570 

[P]Get Hit Rate:          88.7419 %
[P]ACC Hit Rate:          80.6968 %

[P]Throughput:            5009946.741 ops
[P]all request:           76430371 o

[P]GetThroughput:         2462793.659 ops
[P]SetThroughput:         2547153.081 ops

[P]Valid Entries:         2427582.204 / s
[P]mica evicted:          0 / s
[P]set success:           2533350.952 / s

[P]cuckoo path / s:       1124.303 / s
[P]cp per set * s:        0.000444 / set * s

[P]total cuckoo num:      44510 

[P]total cuckoo path:     2198 
[P]total cp perset:       0.000058 / set
[P]total cp percuckoo:    0.049382 / cuckoo num

[P]get found:             2185529.949 / s

----------------------------------

[INFO]Current Time:       116.20 s

[P]indexs Load Factor:    44.6880 %

[P]set request:           41851436 
[P]get request:           40514150 

[P]Get Hit Rate:          88.3116 %
[P]ACC Hit Rate:          81.2382 %

[P]Throughput:            4979215.549 ops
[P]all request:           82365586 o

[P]GetThroughput:         2416598.004 ops
[P]SetThroughput:         2562617.544 ops

[P]Valid Entries:         2383318.586 / s
[P]mica evicted:          0 / s
[P]set success:           2457347.234 / s

[P]cuckoo path / s:       2311.245 / s
[P]cp per set * s:        0.000941 / set * s

[P]total cuckoo num:      78369 

[P]total cuckoo path:     4953 
[P]total cp perset:       0.000121 / set
[P]total cp percuckoo:    0.063201 / cuckoo num

[P]get found:             2134136.122 / s

----------------------------------

[INFO]Current Time:       117.39 s

[P]indexs Load Factor:    47.5716 %

[P]set request:           44891716 
[P]get request:           43385048 

[P]Get Hit Rate:          90.9289 %
[P]ACC Hit Rate:          81.8794 %

[P]Throughput:            4960760.853 ops
[P]all request:           88276764 o

[P]GetThroughput:         2409306.303 ops
[P]SetThroughput:         2551454.550 ops

[P]Valid Entries:         2372881.769 / s
[P]mica evicted:          0 / s
[P]set success:           2447872.518 / s

[P]cuckoo path / s:       4486.454 / s
[P]cp per set * s:        0.001833 / set * s

[P]total cuckoo num:      129133 

[P]total cuckoo path:     10299 
[P]total cp perset:       0.000235 / set
[P]total cp percuckoo:    0.079755 / cuckoo num

[P]get found:             2190755.742 / s

----------------------------------

[INFO]Current Time:       118.58 s

[P]indexs Load Factor:    50.4088 %

[P]set request:           47818110 
[P]get request:           46152030 

[P]Get Hit Rate:          88.4911 %
[P]ACC Hit Rate:          82.2758 %

[P]Throughput:            4790653.420 ops
[P]all request:           93970140 o

[P]GetThroughput:         2328258.625 ops
[P]SetThroughput:         2462394.794 ops

[P]Valid Entries:         2290724.362 / s
[P]mica evicted:          0 / s
[P]set success:           2364598.881 / s

[P]cuckoo path / s:       7695.841 / s
[P]cp per set * s:        0.003255 / set * s

[P]total cuckoo num:      200330 

[P]total cuckoo path:     19445 
[P]total cp perset:       0.000417 / set
[P]total cp percuckoo:    0.097065 / cuckoo num

[P]get found:             2060301.830 / s

----------------------------------

[INFO]Current Time:       119.82 s

[P]indexs Load Factor:    53.0858 %

[P]set request:           50675788 
[P]get request:           49025004 

[P]Get Hit Rate:          90.7904 %
[P]ACC Hit Rate:          82.7748 %

[P]Throughput:            4635734.155 ops
[P]all request:           99700793 o

[P]GetThroughput:         2324053.419 ops
[P]SetThroughput:         2311679.927 ops

[P]Valid Entries:         2256851.023 / s
[P]mica evicted:          0 / s
[P]set success:           2302916.718 / s

[P]cuckoo path / s:       13124.994 / s
[P]cp per set * s:        0.005699 / set * s

[P]total cuckoo num:      300814 

[P]total cuckoo path:     35670 
[P]total cp perset:       0.000722 / set
[P]total cp percuckoo:    0.118578 / cuckoo num

[P]get found:             2110016.921 / s

----------------------------------

[INFO]Current Time:       121.00 s

[P]indexs Load Factor:    55.7207 %

[P]set request:           53349562 
[P]get request:           51561136 

[P]Get Hit Rate:          91.1762 %
[P]ACC Hit Rate:          83.1880 %

[P]Throughput:            4399510.717 ops
[P]all request:           104910698 o

[P]GetThroughput:         2141639.802 ops
[P]SetThroughput:         2257871.759 ops

[P]Valid Entries:         2105559.779 / s
[P]mica evicted:          0 / s
[P]set success:           2201057.080 / s

[P]cuckoo path / s:       19202.821 / s
[P]cp per set * s:        0.008724 / set * s

[P]total cuckoo num:      420467 

[P]total cuckoo path:     58410 
[P]total cp perset:       0.001122 / set
[P]total cp percuckoo:    0.138917 / cuckoo num

[P]get found:             1952665.971 / s

----------------------------------

[INFO]Current Time:       122.28 s

[P]indexs Load Factor:    58.1724 %

[P]set request:           56163526 
[P]get request:           54271429 

[P]Get Hit Rate:          91.5005 %
[P]ACC Hit Rate:          83.6032 %

[P]Throughput:            4326564.301 ops
[P]all request:           110434955 o

[P]GetThroughput:         2122684.904 ops
[P]SetThroughput:         2203879.397 ops

[P]Valid Entries:         2055902.744 / s
[P]mica evicted:          0 / s
[P]set success:           2125043.884 / s

[P]cuckoo path / s:       27968.637 / s
[P]cp per set * s:        0.013161 / set * s

[P]total cuckoo num:      581938 

[P]total cuckoo path:     94121 
[P]total cp perset:       0.001719 / set
[P]total cp percuckoo:    0.161737 / cuckoo num

[P]get found:             1942267.577 / s

----------------------------------

[INFO]Current Time:       123.46 s

[P]indexs Load Factor:    60.4848 %

[P]set request:           58631669 
[P]get request:           56709569 

[P]Get Hit Rate:          91.7912 %
[P]ACC Hit Rate:          83.9552 %

[P]Throughput:            4162149.727 ops
[P]all request:           115341238 o

[P]GetThroughput:         2068348.633 ops
[P]SetThroughput:         2093801.094 ops

[P]Valid Entries:         2004251.322 / s
[P]mica evicted:          0 / s
[P]set success:           2070222.595 / s

[P]cuckoo path / s:       39972.487 / s
[P]cp per set * s:        0.019308 / set * s

[P]total cuckoo num:      762602 

[P]total cuckoo path:     141240 
[P]total cp perset:       0.002469 / set
[P]total cp percuckoo:    0.185208 / cuckoo num

[P]get found:             1898562.910 / s

----------------------------------

[INFO]Current Time:       124.63 s

[P]indexs Load Factor:    62.6535 %

[P]set request:           61055572 
[P]get request:           59049953 

[P]Get Hit Rate:          92.0249 %
[P]ACC Hit Rate:          84.2750 %

[P]Throughput:            4062962.410 ops
[P]all request:           120105525 o

[P]GetThroughput:         1995868.892 ops
[P]SetThroughput:         2067093.518 ops

[P]Valid Entries:         1934977.590 / s
[P]mica evicted:          0 / s
[P]set success:           2023016.783 / s

[P]cuckoo path / s:       53327.860 / s
[P]cp per set * s:        0.026361 / set * s

[P]total cuckoo num:      971900 

[P]total cuckoo path:     203773 
[P]total cp perset:       0.003421 / set
[P]total cp percuckoo:    0.209665 / cuckoo num

[P]get found:             1836696.322 / s

----------------------------------

[INFO]Current Time:       125.80 s

[P]indexs Load Factor:    64.6257 %

[P]set request:           63205983 
[P]get request:           61158651 

[P]Get Hit Rate:          92.1666 %
[P]ACC Hit Rate:          84.5471 %

[P]Throughput:            3649422.120 ops
[P]all request:           124364634 o

[P]GetThroughput:         1806840.146 ops
[P]SetThroughput:         1842581.974 ops

[P]Valid Entries:         1750606.723 / s
[P]mica evicted:          0 / s
[P]set success:           1830073.662 / s

[P]cuckoo path / s:       64440.342 / s
[P]cp per set * s:        0.035212 / set * s

[P]total cuckoo num:      1194733 

[P]total cuckoo path:     278979 
[P]total cp perset:       0.004521 / set
[P]total cp percuckoo:    0.233507 / cuckoo num

[P]get found:             1665303.771 / s

----------------------------------

[INFO]Current Time:       126.96 s

[P]indexs Load Factor:    66.4861 %

[P]set request:           65301489 
[P]get request:           63192121 

[P]Get Hit Rate:          92.4603 %
[P]ACC Hit Rate:          84.8018 %

[P]Throughput:            3549297.701 ops
[P]all request:           128493610 o

[P]GetThroughput:         1747985.553 ops
[P]SetThroughput:         1801312.148 ops

[P]Valid Entries:         1690813.075 / s
[P]mica evicted:          0 / s
[P]set success:           1768173.429 / s

[P]cuckoo path / s:       79448.340 / s
[P]cp per set * s:        0.044932 / set * s

[P]total cuckoo num:      1441652 

[P]total cuckoo path:     371403 
[P]total cp perset:       0.005825 / set
[P]total cp percuckoo:    0.257623 / cuckoo num

[P]get found:             1616192.288 / s

----------------------------------

[INFO]Current Time:       128.11 s

[P]indexs Load Factor:    68.1891 %

[P]set request:           67213143 
[P]get request:           65053321 

[P]Get Hit Rate:          92.5134 %
[P]ACC Hit Rate:          85.0224 %

[P]Throughput:            3270413.324 ops
[P]all request:           132266464 o

[P]GetThroughput:         1613339.206 ops
[P]SetThroughput:         1657074.117 ops

[P]Valid Entries:         1558657.999 / s
[P]mica evicted:          0 / s
[P]set success:           1629728.313 / s

[P]cuckoo path / s:       91522.240 / s
[P]cp per set * s:        0.056158 / set * s

[P]total cuckoo num:      1697173 

[P]total cuckoo path:     476986 
[P]total cp perset:       0.007266 / set
[P]total cp percuckoo:    0.281047 / cuckoo num

[P]get found:             1492554.606 / s

----------------------------------

[INFO]Current Time:       129.26 s

[P]indexs Load Factor:    69.7865 %

[P]set request:           69020206 
[P]get request:           66814720 

[P]Get Hit Rate:          92.6405 %
[P]ACC Hit Rate:          85.2232 %

[P]Throughput:            3099703.193 ops
[P]all request:           135834926 o

[P]GetThroughput:         1530018.844 ops
[P]SetThroughput:         1569684.349 ops

[P]Valid Entries:         1476747.856 / s
[P]mica evicted:          0 / s
[P]set success:           1543557.443 / s

[P]cuckoo path / s:       105792.342 / s
[P]cp per set * s:        0.068538 / set * s

[P]total cuckoo num:      1967357 

[P]total cuckoo path:     598777 
[P]total cp perset:       0.008881 / set
[P]total cp percuckoo:    0.304356 / cuckoo num

[P]get found:             1417416.377 / s

----------------------------------

[INFO]Current Time:       130.41 s

[P]indexs Load Factor:    71.2546 %

[P]set request:           70689583 
[P]get request:           68443926 

[P]Get Hit Rate:          92.6510 %
[P]ACC Hit Rate:          85.4000 %

[P]Throughput:            2871819.392 ops
[P]all request:           139133509 o

[P]GetThroughput:         1418422.815 ops
[P]SetThroughput:         1453396.577 ops

[P]Valid Entries:         1367535.821 / s
[P]mica evicted:          0 / s
[P]set success:           1428380.991 / s

[P]cuckoo path / s:       117023.804 / s
[P]cp per set * s:        0.081928 / set * s

[P]total cuckoo num:      2243115 

[P]total cuckoo path:     733191 
[P]total cp perset:       0.010617 / set
[P]total cp percuckoo:    0.326863 / cuckoo num

[P]get found:             1314183.226 / s

----------------------------------

[INFO]Current Time:       131.56 s

[P]indexs Load Factor:    72.6124 %

[P]set request:           72233922 
[P]get request:           69951929 

[P]Get Hit Rate:          92.3970 %
[P]ACC Hit Rate:          85.5509 %

[P]Throughput:            2666953.780 ops
[P]all request:           142185851 o

[P]GetThroughput:         1317602.779 ops
[P]SetThroughput:         1349351.001 ops

[P]Valid Entries:         1269097.968 / s
[P]mica evicted:          0 / s
[P]set success:           1324561.245 / s

[P]cuckoo path / s:       127358.987 / s
[P]cp per set * s:        0.096152 / set * s

[P]total cuckoo num:      2522566 

[P]total cuckoo path:     878954 
[P]total cp perset:       0.012454 / set
[P]total cp percuckoo:    0.348436 / cuckoo num

[P]get found:             1217425.849 / s

----------------------------------

[INFO]Current Time:       132.70 s

[P]indexs Load Factor:    73.8644 %

[P]set request:           73661990 
[P]get request:           71348895 

[P]Get Hit Rate:          92.0129 %
[P]ACC Hit Rate:          85.6774 %

[P]Throughput:            2467569.461 ops
[P]all request:           145010885 o

[P]GetThroughput:         1220201.470 ops
[P]SetThroughput:         1247367.991 ops

[P]Valid Entries:         1174448.479 / s
[P]mica evicted:          0 / s
[P]set success:           1224657.017 / s

[P]cuckoo path / s:       136641.434 / s
[P]cp per set * s:        0.111575 / set * s

[P]total cuckoo num:      2803222 

[P]total cuckoo path:     1035390 
[P]total cp perset:       0.014385 / set
[P]total cp percuckoo:    0.369357 / cuckoo num

[P]get found:             1122742.821 / s

----------------------------------

[INFO]Current Time:       133.84 s

[P]indexs Load Factor:    75.0282 %

[P]set request:           74979103 
[P]get request:           72639670 

[P]Get Hit Rate:          91.5914 %
[P]ACC Hit Rate:          85.7825 %

[P]Throughput:            2294557.050 ops
[P]all request:           147618773 o

[P]GetThroughput:         1135691.746 ops
[P]SetThroughput:         1158865.304 ops

[P]Valid Entries:         1091768.624 / s
[P]mica evicted:          0 / s
[P]set success:           1137494.564 / s

[P]cuckoo path / s:       145388.604 / s
[P]cp per set * s:        0.127815 / set * s

[P]total cuckoo num:      3081956 

[P]total cuckoo path:     1200632 
[P]total cp perset:       0.016386 / set
[P]total cp percuckoo:    0.389568 / cuckoo num

[P]get found:             1040196.064 / s

----------------------------------

[INFO]Current Time:       134.97 s

[P]indexs Load Factor:    76.1116 %

[P]set request:           76206397 
[P]get request:           73844474 

[P]Get Hit Rate:          91.1865 %
[P]ACC Hit Rate:          85.8707 %

[P]Throughput:            2140475.521 ops
[P]all request:           150050871 o

[P]GetThroughput:         1060341.100 ops
[P]SetThroughput:         1080134.420 ops

[P]Valid Entries:         1017680.291 / s
[P]mica evicted:          0 / s
[P]set success:           1059327.232 / s

[P]cuckoo path / s:       153105.600 / s
[P]cp per set * s:        0.144531 / set * s

[P]total cuckoo num:      3360918 

[P]total cuckoo path:     1374597 
[P]total cp perset:       0.018457 / set
[P]total cp percuckoo:    0.408995 / cuckoo num

[P]get found:             966887.410 / s

----------------------------------

[INFO]Current Time:       136.11 s

[P]indexs Load Factor:    77.1165 %

[P]set request:           77343698 
[P]get request:           74962731 

[P]Get Hit Rate:          90.9094 %
[P]ACC Hit Rate:          85.9458 %

[P]Throughput:            1992246.638 ops
[P]all request:           152306429 o

[P]GetThroughput:         987712.907 ops
[P]SetThroughput:         1004533.731 ops

[P]Valid Entries:         947044.916 / s
[P]mica evicted:          0 / s
[P]set success:           984622.376 / s

[P]cuckoo path / s:       158929.586 / s
[P]cp per set * s:        0.161412 / set * s

[P]total cuckoo num:      3635731 

[P]total cuckoo path:     1554532 
[P]total cp perset:       0.020565 / set
[P]total cp percuckoo:    0.427571 / cuckoo num

[P]get found:             897924.116 / s

----------------------------------

[INFO]Current Time:       137.24 s

[P]indexs Load Factor:    78.0558 %

[P]set request:           78405061 
[P]get request:           76007508 

[P]Get Hit Rate:          90.6454 %
[P]ACC Hit Rate:          86.0104 %

[P]Throughput:            1865717.824 ops
[P]all request:           154412569 o

[P]GetThroughput:         925512.583 ops
[P]SetThroughput:         940205.241 ops

[P]Valid Entries:         885300.444 / s
[P]mica evicted:          0 / s
[P]set success:           919830.760 / s

[P]cuckoo path / s:       164186.428 / s
[P]cp per set * s:        0.178496 / set * s

[P]total cuckoo num:      3906132 

[P]total cuckoo path:     1739876 
[P]total cp perset:       0.022706 / set
[P]total cp percuckoo:    0.445422 / cuckoo num

[P]get found:             838934.325 / s

----------------------------------

[INFO]Current Time:       138.36 s

[P]indexs Load Factor:    78.9299 %

[P]set request:           79397836 
[P]get request:           76986431 

[P]Get Hit Rate:          90.2901 %
[P]ACC Hit Rate:          86.0648 %

[P]Throughput:            1745281.049 ops
[P]all request:           156384267 o

[P]GetThroughput:         866509.861 ops
[P]SetThroughput:         878771.188 ops

[P]Valid Entries:         827263.348 / s
[P]mica evicted:          0 / s
[P]set success:           858649.583 / s

[P]cuckoo path / s:       167999.294 / s
[P]cp per set * s:        0.195655 / set * s

[P]total cuckoo num:      4171908 

[P]total cuckoo path:     1929670 
[P]total cp perset:       0.024868 / set
[P]total cp percuckoo:    0.462539 / cuckoo num

[P]get found:             782373.014 / s

----------------------------------

[INFO]Current Time:       139.49 s

[P]indexs Load Factor:    79.7500 %

[P]set request:           80325656 
[P]get request:           77901834 

[P]Get Hit Rate:          90.1044 %
[P]ACC Hit Rate:          86.1123 %

[P]Throughput:            1644627.629 ops
[P]all request:           158227490 o

[P]GetThroughput:         816774.240 ops
[P]SetThroughput:         827853.389 ops

[P]Valid Entries:         778013.728 / s
[P]mica evicted:          0 / s
[P]set success:           806886.254 / s

[P]cuckoo path / s:       171596.086 / s
[P]cp per set * s:        0.212665 / set * s

[P]total cuckoo num:      4431140 

[P]total cuckoo path:     2121987 
[P]total cp perset:       0.027031 / set
[P]total cp percuckoo:    0.478881 / cuckoo num

[P]get found:             735949.189 / s

----------------------------------

[INFO]Current Time:       140.60 s

[P]indexs Load Factor:    80.5210 %

[P]set request:           81199657 
[P]get request:           78764959 

[P]Get Hit Rate:          89.9209 %
[P]ACC Hit Rate:          86.1540 %

[P]Throughput:            1552068.395 ops
[P]all request:           159964616 o

[P]GetThroughput:         771175.513 ops
[P]SetThroughput:         780892.883 ops

[P]Valid Entries:         732384.658 / s
[P]mica evicted:          0 / s
[P]set success:           759041.309 / s

[P]cuckoo path / s:       173618.021 / s
[P]cp per set * s:        0.228733 / set * s

[P]total cuckoo num:      4685587 

[P]total cuckoo path:     2316306 
[P]total cp perset:       0.029190 / set
[P]total cp percuckoo:    0.494347 / cuckoo num

[P]get found:             693448.169 / s

----------------------------------

[INFO]Current Time:       141.72 s

[P]indexs Load Factor:    81.2469 %

[P]set request:           82020448 
[P]get request:           79576503 

[P]Get Hit Rate:          89.7619 %
[P]ACC Hit Rate:          86.1908 %

[P]Throughput:            1461671.596 ops
[P]all request:           161596951 o

[P]GetThroughput:         726695.693 ops
[P]SetThroughput:         734975.903 ops

[P]Valid Entries:         687701.606 / s
[P]mica evicted:          0 / s
[P]set success:           712555.669 / s

[P]cuckoo path / s:       176496.441 / s
[P]cp per set * s:        0.247695 / set * s

[P]total cuckoo num:      4933946 

[P]total cuckoo path:     2513410 
[P]total cp perset:       0.031360 / set
[P]total cp percuckoo:    0.509412 / cuckoo num

[P]get found:             652295.580 / s

----------------------------------

[INFO]Current Time:       142.84 s

[P]indexs Load Factor:    81.9127 %

[P]set request:           82790124 
[P]get request:           80338077 

[P]Get Hit Rate:          89.5228 %
[P]ACC Hit Rate:          86.2224 %

[P]Throughput:            1370029.120 ops
[P]all request:           163128201 o

[P]GetThroughput:         681390.078 ops
[P]SetThroughput:         688639.042 ops

[P]Valid Entries:         642360.017 / s
[P]mica evicted:          0 / s
[P]set success:           665105.409 / s

[P]cuckoo path / s:       174345.544 / s
[P]cp per set * s:        0.262132 / set * s

[P]total cuckoo num:      5173747 

[P]total cuckoo path:     2708272 
[P]total cp perset:       0.033481 / set
[P]total cp percuckoo:    0.523464 / cuckoo num

[P]get found:             609999.147 / s

----------------------------------

[INFO]Current Time:       143.95 s

[P]indexs Load Factor:    82.5531 %

[P]set request:           83512589 
[P]get request:           81053249 

[P]Get Hit Rate:          89.4365 %
[P]ACC Hit Rate:          86.2508 %

[P]Throughput:            1293491.603 ops
[P]all request:           164565838 o

[P]GetThroughput:         643464.920 ops
[P]SetThroughput:         650026.683 ops

[P]Valid Entries:         604382.252 / s
[P]mica evicted:          0 / s
[P]set success:           625285.784 / s

[P]cuckoo path / s:       174743.735 / s
[P]cp per set * s:        0.279462 / set * s

[P]total cuckoo num:      5405812 

[P]total cuckoo path:     2902489 
[P]total cp perset:       0.035576 / set
[P]total cp percuckoo:    0.536920 / cuckoo num

[P]get found:             575492.677 / s

----------------------------------

[INFO]Current Time:       145.06 s

[P]indexs Load Factor:    83.1624 %

[P]set request:           84210657 
[P]get request:           81744608 

[P]Get Hit Rate:          89.2585 %
[P]ACC Hit Rate:          86.2762 %

[P]Throughput:            1251898.299 ops
[P]all request:           165955265 o

[P]GetThroughput:         622926.686 ops
[P]SetThroughput:         628971.613 ops

[P]Valid Entries:         582889.064 / s
[P]mica evicted:          0 / s
[P]set success:           602533.953 / s

[P]cuckoo path / s:       177978.023 / s
[P]cp per set * s:        0.295383 / set * s

[P]total cuckoo num:      5635945 

[P]total cuckoo path:     3100019 
[P]total cp perset:       0.037688 / set
[P]total cp percuckoo:    0.550044 / cuckoo num

[P]get found:             556015.310 / s

----------------------------------

[INFO]Current Time:       146.17 s

[P]indexs Load Factor:    83.7410 %

[P]set request:           84871733 
[P]get request:           82399633 

[P]Get Hit Rate:          89.1781 %
[P]ACC Hit Rate:          86.2993 %

[P]Throughput:            1189538.870 ops
[P]all request:           167271366 o

[P]GetThroughput:         592034.881 ops
[P]SetThroughput:         597503.990 ops

[P]Valid Entries:         551133.611 / s
[P]mica evicted:          0 / s
[P]set success:           569593.548 / s

[P]cuckoo path / s:       177211.421 / s
[P]cp per set * s:        0.311119 / set * s

[P]total cuckoo num:      5859075 

[P]total cuckoo path:     3296085 
[P]total cp perset:       0.039767 / set
[P]total cp percuckoo:    0.562561 / cuckoo num

[P]get found:             527965.594 / s

----------------------------------

[INFO]Current Time:       147.28 s

[P]indexs Load Factor:    84.2915 %

[P]set request:           85507806 
[P]get request:           83030226 

[P]Get Hit Rate:          89.0275 %
[P]ACC Hit Rate:          86.3200 %

[P]Throughput:            1142386.908 ops
[P]all request:           168538032 o

[P]GetThroughput:         568722.290 ops
[P]SetThroughput:         573664.619 ops

[P]Valid Entries:         527029.054 / s
[P]mica evicted:          0 / s
[P]set success:           544460.684 / s

[P]cuckoo path / s:       177375.502 / s
[P]cp per set * s:        0.325782 / set * s

[P]total cuckoo num:      6078213 

[P]total cuckoo path:     3492757 
[P]total cp perset:       0.041835 / set
[P]total cp percuckoo:    0.574636 / cuckoo num

[P]get found:             506319.071 / s

----------------------------------

[INFO]Current Time:       148.38 s

[P]indexs Load Factor:    84.8142 %

[P]set request:           86113064 
[P]get request:           83630503 

[P]Get Hit Rate:          88.9063 %
[P]ACC Hit Rate:          86.3386 %

[P]Throughput:            1089797.489 ops
[P]all request:           169743567 o

[P]GetThroughput:         542647.345 ops
[P]SetThroughput:         547150.144 ops

[P]Valid Entries:         500527.511 / s
[P]mica evicted:          0 / s
[P]set success:           516528.221 / s

[P]cuckoo path / s:       176687.611 / s
[P]cp per set * s:        0.342068 / set * s

[P]total cuckoo num:      6291469 

[P]total cuckoo path:     3688209 
[P]total cp perset:       0.043876 / set
[P]total cp percuckoo:    0.586224 / cuckoo num

[P]get found:             482447.613 / s

----------------------------------

[INFO]Current Time:       149.48 s

[P]indexs Load Factor:    85.3088 %

[P]set request:           86689242 
[P]get request:           84202262 

[P]Get Hit Rate:          88.8369 %
[P]ACC Hit Rate:          86.3555 %

[P]Throughput:            1042112.596 ops
[P]all request:           170891504 o

[P]GetThroughput:         519050.484 ops
[P]SetThroughput:         523062.111 ops

[P]Valid Entries:         475337.453 / s
[P]mica evicted:          0 / s
[P]set success:           490628.662 / s

[P]cuckoo path / s:       173987.886 / s
[P]cp per set * s:        0.354622 / set * s

[P]total cuckoo num:      6497104 

[P]total cuckoo path:     3879865 
[P]total cp perset:       0.045861 / set
[P]total cp percuckoo:    0.597168 / cuckoo num

[P]get found:             461108.386 / s

----------------------------------

[INFO]Current Time:       150.58 s

[P]indexs Load Factor:    85.7798 %

[P]set request:           87240009 
[P]get request:           84748885 

[P]Get Hit Rate:          88.7396 %
[P]ACC Hit Rate:          86.3709 %

[P]Throughput:            996549.969 ops
[P]all request:           171988894 o

[P]GetThroughput:         496393.382 ops
[P]SetThroughput:         500156.587 ops

[P]Valid Entries:         452099.447 / s
[P]mica evicted:          0 / s
[P]set success:           466402.167 / s

[P]cuckoo path / s:       172564.361 / s
[P]cp per set * s:        0.369990 / set * s

[P]total cuckoo num:      6697003 

[P]total cuckoo path:     4069891 
[P]total cp perset:       0.047817 / set
[P]total cp percuckoo:    0.607718 / cuckoo num

[P]get found:             440497.444 / s

----------------------------------

[INFO]Current Time:       151.68 s

[P]indexs Load Factor:    86.2301 %

[P]set request:           87768392 
[P]get request:           85273718 

[P]Get Hit Rate:          88.6221 %
[P]ACC Hit Rate:          86.3848 %

[P]Throughput:            959700.075 ops
[P]all request:           173042110 o

[P]GetThroughput:         478232.641 ops
[P]SetThroughput:         481467.434 ops

[P]Valid Entries:         432867.182 / s
[P]mica evicted:          0 / s
[P]set success:           446302.961 / s

[P]cuckoo path / s:       173130.653 / s
[P]cp per set * s:        0.387922 / set * s

[P]total cuckoo num:      6891943 

[P]total cuckoo path:     4259892 
[P]total cp perset:       0.049763 / set
[P]total cp percuckoo:    0.618097 / cuckoo num

[P]get found:             423819.786 / s

----------------------------------

[INFO]Current Time:       152.78 s

[P]indexs Load Factor:    86.6571 %

[P]set request:           88275837 
[P]get request:           85777637 

[P]Get Hit Rate:          88.6033 %
[P]ACC Hit Rate:          86.3978 %

[P]Throughput:            920540.617 ops
[P]all request:           174053474 o

[P]GetThroughput:         458665.631 ops
[P]SetThroughput:         461874.986 ops

[P]Valid Entries:         412204.618 / s
[P]mica evicted:          0 / s
[P]set success:           424893.676 / s

[P]cuckoo path / s:       170655.592 / s
[P]cp per set * s:        0.401643 / set * s

[P]total cuckoo num:      7081857 

[P]total cuckoo path:     4447385 
[P]total cp perset:       0.051671 / set
[P]total cp percuckoo:    0.627997 / cuckoo num

[P]get found:             406393.009 / s

----------------------------------

[INFO]Current Time:       153.88 s

[P]indexs Load Factor:    87.0679 %

[P]set request:           88764597 
[P]get request:           86263138 

[P]Get Hit Rate:          88.5261 %
[P]ACC Hit Rate:          86.4098 %

[P]Throughput:            889773.440 ops
[P]all request:           175027735 o

[P]GetThroughput:         443398.530 ops
[P]SetThroughput:         446374.911 ops

[P]Valid Entries:         395842.195 / s
[P]mica evicted:          0 / s
[P]set success:           407956.859 / s

[P]cuckoo path / s:       168348.623 / s
[P]cp per set * s:        0.412663 / set * s

[P]total cuckoo num:      7265808 

[P]total cuckoo path:     4631719 
[P]total cp perset:       0.053535 / set
[P]total cp percuckoo:    0.637468 / cuckoo num

[P]get found:             392523.334 / s

----------------------------------

[INFO]Current Time:       154.97 s

[P]indexs Load Factor:    87.4589 %

[P]set request:           89232983 
[P]get request:           86728519 

[P]Get Hit Rate:          88.4273 %
[P]ACC Hit Rate:          86.4206 %

[P]Throughput:            853258.702 ops
[P]all request:           175961502 o

[P]GetThroughput:         425256.395 ops
[P]SetThroughput:         428002.307 ops

[P]Valid Entries:         376699.891 / s
[P]mica evicted:          0 / s
[P]set success:           388192.517 / s

[P]cuckoo path / s:       166718.461 / s
[P]cp per set * s:        0.429474 / set * s

[P]total cuckoo num:      7444738 

[P]total cuckoo path:     4814168 
[P]total cp perset:       0.055372 / set
[P]total cp percuckoo:    0.646654 / cuckoo num

[P]get found:             376042.882 / s

----------------------------------

[INFO]Current Time:       156.07 s

[P]indexs Load Factor:    87.8329 %

[P]set request:           89686905 
[P]get request:           87179712 

[P]Get Hit Rate:          88.3770 %
[P]ACC Hit Rate:          86.4307 %

[P]Throughput:            825001.443 ops
[P]all request:           176866617 o

[P]GetThroughput:         411256.996 ops
[P]SetThroughput:         413744.447 ops

[P]Valid Entries:         361714.890 / s
[P]mica evicted:          0 / s
[P]set success:           372533.341 / s

[P]cuckoo path / s:       162885.636 / s
[P]cp per set * s:        0.437238 / set * s

[P]total cuckoo num:      7618769 

[P]total cuckoo path:     4992871 
[P]total cp perset:       0.057159 / set
[P]total cp percuckoo:    0.655338 / cuckoo num

[P]get found:             363456.743 / s

----------------------------------

[INFO]Current Time:       157.15 s

[P]indexs Load Factor:    88.2069 %

[P]set request:           90124403 
[P]get request:           87614769 

[P]Get Hit Rate:          88.2022 %
[P]ACC Hit Rate:          86.4395 %

[P]Throughput:            804619.461 ops
[P]all request:           177739172 o

[P]GetThroughput:         401184.256 ops
[P]SetThroughput:         403435.205 ops

[P]Valid Entries:         350451.702 / s
[P]mica evicted:          0 / s
[P]set success:           360836.863 / s

[P]cuckoo path / s:       162760.799 / s
[P]cp per set * s:        0.451065 / set * s

[P]total cuckoo num:      7788435 

[P]total cuckoo path:     5169374 
[P]total cp perset:       0.058916 / set
[P]total cp percuckoo:    0.663724 / cuckoo num

[P]get found:             353853.483 / s

----------------------------------

[INFO]Current Time:       158.41 s

[P]indexs Load Factor:    88.5509 %

[P]set request:           90563085 
[P]get request:           88051501 

[P]Get Hit Rate:          88.2395 %
[P]ACC Hit Rate:          86.4485 %

[P]Throughput:            694491.404 ops
[P]all request:           178614586 o

[P]GetThroughput:         346472.206 ops
[P]SetThroughput:         348019.198 ops

[P]Valid Entries:         299532.510 / s
[P]mica evicted:          0 / s
[P]set success:           308132.991 / s

[P]cuckoo path / s:       143184.003 / s
[P]cp per set * s:        0.464682 / set * s

[P]total cuckoo num:      7959168 

[P]total cuckoo path:     5349859 
[P]total cp perset:       0.060704 / set
[P]total cp percuckoo:    0.672163 / cuckoo num

[P]get found:             305725.237 / s

----------------------------------

[INFO]Current Time:       159.50 s

[P]indexs Load Factor:    88.8768 %

[P]set request:           90964406 
[P]get request:           88450560 

[P]Get Hit Rate:          88.1411 %
[P]ACC Hit Rate:          86.4561 %

[P]Throughput:            734609.539 ops
[P]all request:           179414966 o

[P]GetThroughput:         366266.708 ops
[P]SetThroughput:         368342.831 ops

[P]Valid Entries:         314238.826 / s
[P]mica evicted:          0 / s
[P]set success:           323293.179 / s

[P]cuckoo path / s:       154760.141 / s
[P]cp per set * s:        0.478699 / set * s

[P]total cuckoo num:      8116411 

[P]total cuckoo path:     5518475 
[P]total cp perset:       0.062368 / set
[P]total cp percuckoo:    0.679916 / cuckoo num

[P]get found:             322831.513 / s

----------------------------------

[INFO]Current Time:       160.59 s

[P]indexs Load Factor:    89.1950 %

[P]set request:           91360325 
[P]get request:           88844495 

[P]Get Hit Rate:          88.0711 %
[P]ACC Hit Rate:          86.4633 %

[P]Throughput:            728507.966 ops
[P]all request:           180204820 o

[P]GetThroughput:         363339.029 ops
[P]SetThroughput:         365168.937 ops

[P]Valid Entries:         308929.716 / s
[P]mica evicted:          0 / s
[P]set success:           317868.962 / s

[P]cuckoo path / s:       154432.577 / s
[P]cp per set * s:        0.485837 / set * s

[P]total cuckoo num:      8271281 

[P]total cuckoo path:     5685912 
[P]total cp perset:       0.064011 / set
[P]total cp percuckoo:    0.687428 / cuckoo num

[P]get found:             319996.783 / s

----------------------------------

[INFO]Current Time:       161.67 s

[P]indexs Load Factor:    89.4995 %

[P]set request:           91743670 
[P]get request:           89225729 

[P]Get Hit Rate:          88.0805 %
[P]ACC Hit Rate:          86.4702 %

[P]Throughput:            704896.694 ops
[P]all request:           180969399 o

[P]GetThroughput:         351475.238 ops
[P]SetThroughput:         353421.456 ops

[P]Valid Entries:         296123.747 / s
[P]mica evicted:          0 / s
[P]set success:           304739.286 / s

[P]cuckoo path / s:       152020.688 / s
[P]cp per set * s:        0.498855 / set * s

[P]total cuckoo num:      8421557 

[P]total cuckoo path:     5850804 
[P]total cp perset:       0.065623 / set
[P]total cp percuckoo:    0.694741 / cuckoo num

[P]get found:             309581.319 / s

----------------------------------

[INFO]Current Time:       162.75 s

[P]indexs Load Factor:    89.7905 %

[P]set request:           92115633 
[P]get request:           89595842 

[P]Get Hit Rate:          88.0769 %
[P]ACC Hit Rate:          86.4768 %

[P]Throughput:            686553.042 ops
[P]all request:           181711475 o

[P]GetThroughput:         342420.731 ops
[P]SetThroughput:         344132.311 ops

[P]Valid Entries:         286274.400 / s
[P]mica evicted:          0 / s
[P]set success:           294302.177 / s

[P]cuckoo path / s:       150481.270 / s
[P]cp per set * s:        0.511316 / set * s

[P]total cuckoo num:      8568401 

[P]total cuckoo path:     6013455 
[P]total cp perset:       0.067207 / set
[P]total cp percuckoo:    0.701818 / cuckoo num

[P]get found:             301593.512 / s

----------------------------------

[INFO]Current Time:       163.83 s

[P]indexs Load Factor:    90.0720 %

[P]set request:           92473265 
[P]get request:           89951804 

[P]Get Hit Rate:          87.8597 %
[P]ACC Hit Rate:          86.4823 %

[P]Throughput:            664339.357 ops
[P]all request:           182425069 o

[P]GetThroughput:         331392.313 ops
[P]SetThroughput:         332947.044 ops

[P]Valid Entries:         273657.796 / s
[P]mica evicted:          0 / s
[P]set success:           281321.595 / s

[P]cuckoo path / s:       146687.475 / s
[P]cp per set * s:        0.521423 / set * s

[P]total cuckoo num:      8709747 

[P]total cuckoo path:     6171018 
[P]total cp perset:       0.068736 / set
[P]total cp percuckoo:    0.708519 / cuckoo num

[P]get found:             291160.157 / s

----------------------------------

[INFO]Current Time:       164.90 s

[P]indexs Load Factor:    91.0354 %

[P]set request:           93957097 
[P]get request:           91371952 

[P]Get Hit Rate:          88.5946 %
[P]ACC Hit Rate:          86.5151 %

[P]Throughput:            2691050.206 ops
[P]all request:           185329049 o

[P]GetThroughput:         1316017.868 ops
[P]SetThroughput:         1375032.338 ops

[P]Valid Entries:         696750.501 / s
[P]mica evicted:          0 / s
[P]set success:           1285101.158 / s

[P]cuckoo path / s:       83033.927 / s
[P]cp per set * s:        0.064613 / set * s

[P]total cuckoo num:      8788696 

[P]total cuckoo path:     6260622 
[P]total cp perset:       0.068674 / set
[P]total cp percuckoo:    0.712349 / cuckoo num

[P]expire scan persec:    8079742.068 / s
[P]total expire scan:     8719053

[P]expire hit persec:     588279.303 / s
[P]total expire hit:      634827

[P]expire hit rate:       7.280917 %
[P]total expire hit rate: 7.280917 %

[P]get found:             1165921.285 / s

----------------------------------

[INFO]Current Time:       165.98 s

[P]indexs Load Factor:    91.9916 %

[P]set request:           96192173 
[P]get request:           93531479 

[P]Get Hit Rate:          86.8943 %
[P]ACC Hit Rate:          86.5239 %

[P]Throughput:            4095099.522 ops
[P]all request:           189723652 o

[P]GetThroughput:         2012349.690 ops
[P]SetThroughput:         2082749.832 ops

[P]Valid Entries:         937107.711 / s
[P]mica evicted:          0 / s
[P]set success:           2043777.177 / s

[P]cuckoo path / s:       31385.553 / s
[P]cp per set * s:        0.015357 / set * s

[P]total cuckoo num:      8816435 

[P]total cuckoo path:     6294303 
[P]total cp perset:       0.067421 / set
[P]total cp percuckoo:    0.713928 / cuckoo num

[P]expire scan persec:    13894355.871 / s
[P]total expire scan:     23629601

[P]expire hit persec:     1105366.743 / s
[P]total expire hit:      1821037

[P]expire hit rate:       7.955509 %
[P]total expire hit rate: 7.706592 %

[P]get found:             1748617.298 / s

----------------------------------

[INFO]Current Time:       167.04 s

[P]indexs Load Factor:    92.8572 %

[P]set request:           98354177 
[P]get request:           95564438 

[P]Get Hit Rate:          90.0585 %
[P]ACC Hit Rate:          86.5991 %

[P]Throughput:            3938508.141 ops
[P]all request:           193918616 o

[P]GetThroughput:         1908675.634 ops
[P]SetThroughput:         2029831.568 ops

[P]Valid Entries:         845501.210 / s
[P]mica evicted:          0 / s
[P]set success:           1964811.358 / s

[P]cuckoo path / s:       28966.826 / s
[P]cp per set * s:        0.014743 / set * s

[P]total cuckoo num:      8841230 

[P]total cuckoo path:     6325156 
[P]total cp perset:       0.066266 / set
[P]total cp percuckoo:    0.715416 / cuckoo num

[P]expire scan persec:    13570064.584 / s
[P]total expire scan:     38083280

[P]expire hit persec:     1141499.302 / s
[P]total expire hit:      3036865

[P]expire hit rate:       8.411893 %
[P]total expire hit rate: 7.974274 %

[P]get found:             1718924.288 / s

----------------------------------

[INFO]Current Time:       168.10 s

[P]indexs Load Factor:    93.6694 %

[P]set request:           100591481 
[P]get request:           97727780 

[P]Get Hit Rate:          83.7573 %
[P]ACC Hit Rate:          86.5361 %

[P]Throughput:            4151407.380 ops
[P]all request:           198319261 o

[P]GetThroughput:         2040817.640 ops
[P]SetThroughput:         2110590.683 ops

[P]Valid Entries:         810409.526 / s
[P]mica evicted:          0 / s
[P]set success:           2043843.007 / s

[P]cuckoo path / s:       28026.383 / s
[P]cp per set * s:        0.013713 / set * s

[P]total cuckoo num:      8864626 

[P]total cuckoo path:     6354865 
[P]total cp perset:       0.065100 / set
[P]total cp percuckoo:    0.716879 / cuckoo num

[P]expire scan persec:    14208783.707 / s
[P]total expire scan:     53145115

[P]expire hit persec:     1240643.607 / s
[P]total expire hit:      4351993

[P]expire hit rate:       8.731526 %
[P]total expire hit rate: 8.188886 %

[P]get found:             1709333.896 / s

----------------------------------
[INFO]End rx_queue_1:1213032

[INFO]Current Time:       169.15 s

[P]indexs Load Factor:    94.2104 %

[P]set request:           102389477 
[P]get request:           99458620 

[P]Get Hit Rate:          86.5226 %
[P]ACC Hit Rate:          86.5359 %

[P]Throughput:            3366966.029 ops
[P]all request:           201848097 o

[P]GetThroughput:         1651445.259 ops
[P]SetThroughput:         1715520.770 ops

[P]Valid Entries:         601619.588 / s
[P]mica evicted:          0 / s
[P]set success:           1647256.631 / s

[P]cuckoo path / s:       21281.855 / s
[P]cp per set * s:        0.012920 / set * s

[P]total cuckoo num:      8881652 

[P]total cuckoo path:     6377170 
[P]total cp perset:       0.064193 / set
[P]total cp percuckoo:    0.718016 / cuckoo num

[P]expire scan persec:    11431678.598 / s
[P]total expire scan:     65126382

[P]expire hit persec:     1058682.854 / s
[P]total expire hit:      5461573

[P]expire hit rate:       9.260957 %
[P]total expire hit rate: 8.386115 %

[P]get found:             1428872.641 / s

----------------------------------

[INFO]Current Time:       170.19 s

[P]indexs Load Factor:    94.7337 %

[P]set request:           104044621 
[P]get request:           101050129 

[P]Get Hit Rate:          86.4823 %
[P]ACC Hit Rate:          86.5351 %

[P]Throughput:            3111137.689 ops
[P]all request:           205094750 o

[P]GetThroughput:         1525079.407 ops
[P]SetThroughput:         1586058.282 ops

[P]Valid Entries:         515919.515 / s
[P]mica evicted:          0 / s
[P]set success:           1551149.829 / s

[P]cuckoo path / s:       17903.171 / s
[P]cp per set * s:        0.011542 / set * s

[P]total cuckoo num:      8895787 

[P]total cuckoo path:     6395853 
[P]total cp perset:       0.063349 / set
[P]total cp percuckoo:    0.718976 / cuckoo num

[P]expire scan persec:    10603989.160 / s
[P]total expire scan:     76192261

[P]expire hit persec:     1006346.440 / s
[P]total expire hit:      6511754

[P]expire hit rate:       9.490263 %
[P]total expire hit rate: 8.546477 %

[P]get found:             1318923.185 / s

----------------------------------

[INFO]Current Time:       171.24 s

[P]indexs Load Factor:    95.2166 %

[P]set request:           105699826 
[P]get request:           102643957 

[P]Get Hit Rate:          85.8979 %
[P]ACC Hit Rate:          86.5252 %

[P]Throughput:            3119986.929 ops
[P]all request:           208343783 o

[P]GetThroughput:         1530523.860 ops
[P]SetThroughput:         1589463.069 ops

[P]Valid Entries:         481239.412 / s
[P]mica evicted:          0 / s
[P]set success:           1559361.119 / s

[P]cuckoo path / s:       14991.918 / s
[P]cp per set * s:        0.009614 / set * s

[P]total cuckoo num:      8907157 

[P]total cuckoo path:     6411465 
[P]total cp perset:       0.062498 / set
[P]total cp percuckoo:    0.719810 / cuckoo num

[P]expire scan persec:    10563387.732 / s
[P]total expire scan:     87192562

[P]expire hit persec:     1056178.310 / s
[P]total expire hit:      7611617

[P]expire hit rate:       9.998481 %
[P]total expire hit rate: 8.729663 %

[P]get found:             1314687.104 / s

----------------------------------

[INFO]Current Time:       172.27 s

[P]indexs Load Factor:    95.6645 %

[P]set request:           107379426 
[P]get request:           104260191 

[P]Get Hit Rate:          84.4237 %
[P]ACC Hit Rate:          86.4926 %

[P]Throughput:            3185990.616 ops
[P]all request:           211639617 o

[P]GetThroughput:         1562368.237 ops
[P]SetThroughput:         1623622.379 ops

[P]Valid Entries:         454118.363 / s
[P]mica evicted:          0 / s
[P]set success:           1554174.725 / s

[P]cuckoo path / s:       12225.501 / s
[P]cp per set * s:        0.007866 / set * s

[P]total cuckoo num:      8916252 

[P]total cuckoo path:     6424112 
[P]total cp perset:       0.061655 / set
[P]total cp percuckoo:    0.720495 / cuckoo num

[P]expire scan persec:    10723442.907 / s
[P]total expire scan:     98285717

[P]expire hit persec:     1117055.290 / s
[P]total expire hit:      8767185

[P]expire hit rate:       10.416946 %
[P]total expire hit rate: 8.920101 %

[P]get found:             1319008.548 / s

----------------------------------

[INFO]Current Time:       173.30 s

[P]indexs Load Factor:    96.0709 %

[P]set request:           109034599 
[P]get request:           105894854 

[P]Get Hit Rate:          84.0365 %
[P]ACC Hit Rate:          86.4547 %

[P]Throughput:            3181546.113 ops
[P]all request:           214929453 o

[P]GetThroughput:         1580855.615 ops
[P]SetThroughput:         1600690.498 ops

[P]Valid Entries:         423081.624 / s
[P]mica evicted:          0 / s
[P]set success:           1578262.865 / s

[P]cuckoo path / s:       9887.462 / s
[P]cp per set * s:        0.006265 / set * s

[P]total cuckoo num:      8923429 

[P]total cuckoo path:     6434336 
[P]total cp perset:       0.060801 / set
[P]total cp percuckoo:    0.721061 / cuckoo num

[P]expire scan persec:    10648898.766 / s
[P]total expire scan:     109297071

[P]expire hit persec:     1155423.979 / s
[P]total expire hit:      9961936

[P]expire hit rate:       10.850173 %
[P]total expire hit rate: 9.114550 %

[P]get found:             1328495.176 / s

----------------------------------
[INFO]End rx_queue_0:1274604
[INFO]End rx_queue_3:649293

[INFO]Current Time:       174.34 s

[P]indexs Load Factor:    96.2333 %

[P]set request:           109975276 
[P]get request:           106813902 

[P]Get Hit Rate:          84.3255 %
[P]ACC Hit Rate:          86.4364 %

[P]Throughput:            1801992.803 ops
[P]all request:           216789178 o

[P]GetThroughput:         890517.620 ops
[P]SetThroughput:         911475.182 ops

[P]Valid Entries:         221593.590 / s
[P]mica evicted:          0 / s
[P]set success:           881664.264 / s

[P]cuckoo path / s:       4878.696 / s
[P]cp per set * s:        0.005534 / set * s

[P]total cuckoo num:      8926938 

[P]total cuckoo path:     6439371 
[P]total cp perset:       0.060330 / set
[P]total cp percuckoo:    0.721342 / cuckoo num

[P]expire scan persec:    5986959.937 / s
[P]total expire scan:     115475841

[P]expire hit persec:     665360.207 / s
[P]total expire hit:      10648613

[P]expire hit rate:       11.113490 %
[P]total expire hit rate: 9.221507 %

[P]get found:             750933.609 / s

----------------------------------

[INFO]Current Time:       175.37 s

[P]indexs Load Factor:    96.2956 %

[P]set request:           110472136 
[P]get request:           107310765 

[P]Get Hit Rate:          82.8643 %
[P]ACC Hit Rate:          86.4198 %

[P]Throughput:            965857.923 ops
[P]all request:           217782901 o

[P]GetThroughput:         482930.419 ops
[P]SetThroughput:         482927.504 ops

[P]Valid Entries:         112610.187 / s
[P]mica evicted:          0 / s
[P]set success:           480083.552 / s

[P]cuckoo path / s:       2183.020 / s
[P]cp per set * s:        0.004547 / set * s

[P]total cuckoo num:      8928500 

[P]total cuckoo path:     6441617 
[P]total cp perset:       0.060073 / set
[P]total cp percuckoo:    0.721467 / cuckoo num

[P]expire scan persec:    3136485.157 / s
[P]total expire scan:     118702814

[P]expire hit persec:     356414.416 / s
[P]total expire hit:      11015310

[P]expire hit rate:       11.363498 %
[P]total expire hit rate: 9.279738 %

[P]get found:             400176.866 / s

----------------------------------
[INFO]End rx_queue_2:1285181
Finish the job......

Total Index Entries:      93581491

indexs Load Factor:     96.295650 %

log_0 Load Factor:      56.346830 %

log_1 Load Factor:      68.711489 %

log_2 Load Factor:      51.537473 %

log_3 Load Factor:      52.425858 %

Get Hit Rate:           86.419820%

Max Throughput:         5111984.51

Calc Load Factor:       96.295650%

valid count:              15125487

set request:              33139678 | set_success:              32806155
set_fail:                   333523 | set_key_duplicate:         1346705 | set_mica_evicted:                0
set_random:                      0 | set_cuckoo_evicted:        2334840 | set_expire_evicted:        3458933

get request:              33139678
get_found:                28505215 | get_notfound:              4634463 | get_hit_ratio:          86.015365%

clean up:                        0 | test_notfound:                   0
move_to_head_performed:    4150384 | move_to_head_skipped:     24354831 | move_to_head_failed:             0


valid count:              18444600

set request:              31538806 | set_success:              31232044
set_fail:                   306762 | set_key_duplicate:         1092786 | set_mica_evicted:                0
set_random:                      0 | set_cuckoo_evicted:        2406234 | set_expire_evicted:        1472505

get request:              31538806
get_found:                27713056 | get_notfound:              3825750 | get_hit_ratio:          87.869706%

clean up:                        0 | test_notfound:                   0
move_to_head_performed:    3346196 | move_to_head_skipped:     24366860 | move_to_head_failed:             0


valid count:              13834485

set request:              33414680 | set_success:              33073622
set_fail:                   341058 | set_key_duplicate:         1489343 | set_mica_evicted:                0
set_random:                      0 | set_cuckoo_evicted:        2327604 | set_expire_evicted:        4104012

get request:              33414680
get_found:                28386247 | get_notfound:              5028433 | get_hit_ratio:          84.951426%

clean up:                        0 | test_notfound:                   0
move_to_head_performed:    4519307 | move_to_head_skipped:     23866940 | move_to_head_failed:             0


valid count:              14072959

set request:              16881592 | set_success:              16768817
set_fail:                   112775 | set_key_duplicate:          373469 | set_mica_evicted:                0
set_random:                      0 | set_cuckoo_evicted:         977305 | set_expire_evicted:        2322389

get request:              16881592
get_found:                13538887 | get_notfound:              3342705 | get_hit_ratio:          80.199113%

clean up:                        0 | test_notfound:                   0
move_to_head_performed:    1760020 | move_to_head_skipped:     11778867 | move_to_head_failed:             0


[INFO] Everything works fine.
deleting piekv......
