[INFO] 单个Log Size为:2 GB
[INFO] 运行proto
[INFO] 运行cleanup
[INFO] 运行reload
[INFO] reload kv size 64
EAL: Probing VFIO support...
EAL: VFIO support initialized
EAL: PCI device 0000:03:00.0 on NUMA socket 0
EAL:   probe driver: 15b3:1017 net_mlx5
WEN: There are 1 device(s) available
starting port 0...
querying port 0...
port 0: 100 Gbps (full-duplex)
Adding UDP filter for each endpoint.
port_id/queue_id/udp_port = 0 0 0
Flow is created with src_port = 0, dst_port = 0
port_id/queue_id/udp_port = 0 1 1
Flow is created with src_port = 0, dst_port = 1
port_id/queue_id/udp_port = 0 2 2
Flow is created with src_port = 0, dst_port = 2
port_id/queue_id/udp_port = 0 3 3
Flow is created with src_port = 0, dst_port = 3
MEM: Initializing pages...
 == [STAT] Workers Start (4 threads in total) == 

[INFO]Current Time:       9.56 s

[P]indexs Load Factor:    0.1133 %

[P]set request:           71336 

[P]get request:           71245 

[P]Get Hit Rate:          50.9748 %

[P]ACC Hit Rate:          50.9748 %

[P]rx packet:             5745.224 / s

[P]Throughput:            147516.610 ops

[P]all request:           142581 o

[P]GetThroughput:         73711.230 ops

[P]SetThroughput:         73805.380 ops

[P]Valid Entries:         72136.544 / s

[P]mica evicted:          0 / s

[P]set success:           73979.196 / s

[P]setsuccess rate:       100.236  %

[P]get found:             37574.156 / s

----------------------------------

[INFO]Current Time:       10.53 s

[P]indexs Load Factor:    0.6308 %

[P]set request:           285136 

[P]get request:           284143 

[P]Get Hit Rate:          55.5698 %

[P]ACC Hit Rate:          54.4177 %

[P]rx packet:             17573.223 / s

[P]Throughput:            437075.018 ops

[P]all request:           569279 o

[P]GetThroughput:         218075.541 ops

[P]SetThroughput:         218999.477 ops

[P]Valid Entries:         219819.957 / s

[P]mica evicted:          0 / s

[P]set success:           221421.992 / s

[P]setsuccess rate:       101.106  %

[P]get found:             121184.149 / s

----------------------------------

[INFO]Current Time:       11.49 s

[P]indexs Load Factor:    3.3668 %

[P]set request:           2273155 

[P]get request:           2224600 

[P]Get Hit Rate:          65.0593 %

[P]ACC Hit Rate:          63.7001 %

[P]rx packet:             176192.283 / s

[P]Throughput:            4087367.979 ops

[P]all request:           4497755 o

[P]GetThroughput:         2018941.138 ops

[P]SetThroughput:         2068426.841 ops

[P]Valid Entries:         2094341.235 / s

[P]mica evicted:          0 / s

[P]set success:           2163026.291 / s

[P]setsuccess rate:       104.573  %

[P]get found:             1313509.241 / s

----------------------------------

[INFO]Current Time:       12.49 s

[P]indexs Load Factor:    6.0705 %

[P]set request:           4444557 

[P]get request:           4311889 

[P]Get Hit Rate:          74.7805 %

[P]ACC Hit Rate:          69.0639 %

[P]rx packet:             185513.734 / s

[P]Throughput:            4285039.940 ops

[P]all request:           8756446 o

[P]GetThroughput:         2100203.262 ops

[P]SetThroughput:         2184836.678 ops

[P]Valid Entries:         2192923.403 / s

[P]mica evicted:          0 / s

[P]set success:           2290436.014 / s

[P]setsuccess rate:       104.833  %

[P]get found:             1570543.355 / s

----------------------------------

[INFO]Current Time:       13.53 s

[P]indexs Load Factor:    8.7309 %

[P]set request:           6749082 

[P]get request:           6593575 

[P]Get Hit Rate:          76.7964 %

[P]ACC Hit Rate:          71.7397 %

[P]rx packet:             186946.023 / s

[P]Throughput:            4383705.588 ops

[P]all request:           13342657 o

[P]GetThroughput:         2180937.525 ops

[P]SetThroughput:         2202768.063 ops

[P]Valid Entries:         2201801.704 / s

[P]mica evicted:          0 / s

[P]set success:           2282576.318 / s

[P]setsuccess rate:       103.623  %

[P]get found:             1674881.785 / s

----------------------------------

[INFO]Current Time:       14.60 s

[P]indexs Load Factor:    11.3762 %

[P]set request:           9070820 

[P]get request:           8890873 

[P]Get Hit Rate:          77.6394 %

[P]ACC Hit Rate:          73.2641 %

[P]rx packet:             182886.617 / s

[P]Throughput:            4317312.327 ops

[P]all request:           17961693 o

[P]GetThroughput:         2147234.395 ops

[P]SetThroughput:         2170077.931 ops

[P]Valid Entries:         2131466.374 / s

[P]mica evicted:          0 / s

[P]set success:           2249855.521 / s

[P]setsuccess rate:       103.676  %

[P]get found:             1667100.478 / s

----------------------------------

[INFO]Current Time:       15.69 s

[P]indexs Load Factor:    13.9328 %

[P]set request:           11248094 

[P]get request:           11141648 

[P]Get Hit Rate:          79.7546 %

[P]ACC Hit Rate:          74.5753 %

[P]rx packet:             176323.481 / s

[P]Throughput:            4068200.371 ops

[P]all request:           22389742 o

[P]GetThroughput:         2067864.130 ops

[P]SetThroughput:         2000336.242 ops

[P]Valid Entries:         2050065.490 / s

[P]mica evicted:          0 / s

[P]set success:           2138110.552 / s

[P]setsuccess rate:       106.888  %

[P]get found:             1649216.216 / s

----------------------------------

[INFO]Current Time:       16.80 s

[P]indexs Load Factor:    16.5108 %

[P]set request:           13579805 

[P]get request:           13415751 

[P]Get Hit Rate:          84.9365 %

[P]ACC Hit Rate:          76.3316 %

[P]rx packet:             180860.595 / s

[P]Throughput:            4176578.668 ops

[P]all request:           26995556 o

[P]GetThroughput:         2062169.701 ops

[P]SetThroughput:         2114408.967 ops

[P]Valid Entries:         2102410.113 / s

[P]mica evicted:          0 / s

[P]set success:           2198596.814 / s

[P]setsuccess rate:       103.982  %

[P]get found:             1751535.226 / s

----------------------------------

[INFO]Current Time:       17.91 s

[P]indexs Load Factor:    19.0902 %

[P]set request:           15911993 

[P]get request:           15784922 

[P]Get Hit Rate:          84.1397 %

[P]ACC Hit Rate:          77.5035 %

[P]rx packet:             181506.677 / s

[P]Throughput:            4223643.549 ops

[P]all request:           31696915 o

[P]GetThroughput:         2128434.312 ops

[P]SetThroughput:         2095209.236 ops

[P]Valid Entries:         2109406.459 / s

[P]mica evicted:          0 / s

[P]set success:           2238338.583 / s

[P]setsuccess rate:       106.831  %

[P]get found:             1790857.911 / s

----------------------------------

[INFO]Current Time:       19.03 s

[P]indexs Load Factor:    21.6948 %

[P]set request:           18323795 

[P]get request:           18168135 

[P]Get Hit Rate:          85.4679 %

[P]ACC Hit Rate:          78.5483 %

[P]rx packet:             184216.985 / s

[P]Throughput:            4285480.325 ops

[P]all request:           36491930 o

[P]GetThroughput:         2129964.645 ops

[P]SetThroughput:         2155515.680 ops

[P]Valid Entries:         2139485.621 / s

[P]mica evicted:          0 / s

[P]set success:           2271594.188 / s

[P]setsuccess rate:       105.385  %

[P]get found:             1820435.066 / s

----------------------------------

[INFO]Current Time:       20.16 s

[P]indexs Load Factor:    24.2557 %

[P]set request:           20728346 

[P]get request:           20470222 

[P]Get Hit Rate:          90.2195 %

[P]ACC Hit Rate:          79.8608 %

[P]rx packet:             181406.975 / s

[P]Throughput:            4167725.732 ops

[P]all request:           41198568 o

[P]GetThroughput:         2038496.954 ops

[P]SetThroughput:         2129228.778 ops

[P]Valid Entries:         2076530.930 / s

[P]mica evicted:          0 / s

[P]set success:           2237642.256 / s

[P]setsuccess rate:       105.092  %

[P]get found:             1839122.308 / s

----------------------------------

[INFO]Current Time:       21.29 s

[P]indexs Load Factor:    26.8226 %

[P]set request:           23165551 

[P]get request:           22908694 

[P]Get Hit Rate:          87.5609 %

[P]ACC Hit Rate:          80.6804 %

[P]rx packet:             183195.323 / s

[P]Throughput:            4289617.054 ops

[P]all request:           46074245 o

[P]GetThroughput:         2145365.880 ops

[P]SetThroughput:         2144251.174 ops

[P]Valid Entries:         2126052.526 / s

[P]mica evicted:          0 / s

[P]set success:           2233988.940 / s

[P]setsuccess rate:       104.185  %

[P]get found:             1878502.526 / s

----------------------------------

[INFO]Current Time:       22.43 s

[P]indexs Load Factor:    29.3449 %

[P]set request:           25557085 

[P]get request:           25291579 

[P]Get Hit Rate:          89.7178 %

[P]ACC Hit Rate:          81.5319 %

[P]rx packet:             180740.895 / s

[P]Throughput:            4183389.064 ops

[P]all request:           50848664 o

[P]GetThroughput:         2087905.366 ops

[P]SetThroughput:         2095483.698 ops

[P]Valid Entries:         2070713.269 / s

[P]mica evicted:          0 / s

[P]set success:           2176020.451 / s

[P]setsuccess rate:       103.843  %

[P]get found:             1873222.762 / s

----------------------------------

[INFO]Current Time:       23.58 s

[P]indexs Load Factor:    31.7979 %

[P]set request:           27839670 

[P]get request:           27665079 

[P]Get Hit Rate:          89.2651 %

[P]ACC Hit Rate:          82.1954 %

[P]rx packet:             176837.871 / s

[P]Throughput:            4062504.486 ops

[P]all request:           55504749 o

[P]GetThroughput:         2070914.598 ops

[P]SetThroughput:         1991589.888 ops

[P]Valid Entries:         2051111.123 / s

[P]mica evicted:          0 / s

[P]set success:           2127744.997 / s

[P]setsuccess rate:       106.837  %

[P]get found:             1848602.985 / s

----------------------------------

[INFO]Current Time:       24.73 s

[P]indexs Load Factor:    34.3014 %

[P]set request:           30275409 

[P]get request:           30006397 

[P]Get Hit Rate:          91.2448 %

[P]ACC Hit Rate:          82.9015 %

[P]rx packet:             178866.408 / s

[P]Throughput:            4161982.587 ops

[P]all request:           60281806 o

[P]GetThroughput:         2039859.426 ops

[P]SetThroughput:         2122123.162 ops

[P]Valid Entries:         2075350.424 / s

[P]mica evicted:          0 / s

[P]set success:           2211434.392 / s

[P]setsuccess rate:       104.209  %

[P]get found:             1861265.717 / s

----------------------------------

[INFO]Current Time:       25.88 s

[P]indexs Load Factor:    36.7650 %

[P]set request:           32646095 

[P]get request:           32408588 

[P]Get Hit Rate:          90.6518 %

[P]ACC Hit Rate:          83.4759 %

[P]rx packet:             177905.991 / s

[P]Throughput:            4139722.953 ops

[P]all request:           65054683 o

[P]GetThroughput:         2083524.302 ops

[P]SetThroughput:         2056198.651 ops

[P]Valid Entries:         2064040.302 / s

[P]mica evicted:          0 / s

[P]set success:           2147281.841 / s

[P]setsuccess rate:       104.430  %

[P]get found:             1888751.953 / s

----------------------------------

[INFO]Current Time:       27.03 s

[P]indexs Load Factor:    39.2168 %

[P]set request:           35024655 

[P]get request:           34818534 

[P]Get Hit Rate:          91.2123 %

[P]ACC Hit Rate:          84.0114 %

[P]rx packet:             178338.629 / s

[P]Throughput:            4158675.008 ops

[P]all request:           69843189 o

[P]GetThroughput:         2092966.408 ops

[P]SetThroughput:         2065708.600 ops

[P]Valid Entries:         2070895.973 / s

[P]mica evicted:          0 / s

[P]set success:           2207487.237 / s

[P]setsuccess rate:       106.863  %

[P]get found:             1909043.515 / s

----------------------------------

[INFO]Current Time:       28.19 s

[P]indexs Load Factor:    41.6225 %

[P]set request:           37365491 

[P]get request:           37190579 

[P]Get Hit Rate:          91.7338 %

[P]ACC Hit Rate:          84.5039 %

[P]rx packet:             177266.571 / s

[P]Throughput:            4083665.329 ops

[P]all request:           74556070 o

[P]GetThroughput:         2055353.811 ops

[P]SetThroughput:         2028311.518 ops

[P]Valid Entries:         2058970.541 / s

[P]mica evicted:          0 / s

[P]set success:           2139870.401 / s

[P]setsuccess rate:       105.500  %

[P]get found:             1885453.274 / s

----------------------------------

[INFO]Current Time:       29.34 s

[P]indexs Load Factor:    43.9898 %

[P]set request:           39730577 

[P]get request:           39495877 

[P]Get Hit Rate:          93.3930 %

[P]ACC Hit Rate:          85.0228 %

[P]rx packet:             172807.359 / s

[P]Throughput:            4062521.253 ops

[P]all request:           79226454 o

[P]GetThroughput:         2005257.409 ops

[P]SetThroughput:         2057263.844 ops

[P]Valid Entries:         2007977.422 / s

[P]mica evicted:          0 / s

[P]set success:           2140397.767 / s

[P]setsuccess rate:       104.041  %

[P]get found:             1872770.086 / s

----------------------------------

[INFO]Current Time:       30.49 s

[P]indexs Load Factor:    46.3280 %

[P]set request:           42050911 

[P]get request:           41819293 

[P]Get Hit Rate:          92.6458 %

[P]ACC Hit Rate:          85.4463 %

[P]rx packet:             173477.805 / s

[P]Throughput:            4031243.405 ops

[P]all request:           83870204 o

[P]GetThroughput:         2016959.446 ops

[P]SetThroughput:         2014283.959 ops

[P]Valid Entries:         2016776.277 / s

[P]mica evicted:          0 / s

[P]set success:           2150146.954 / s

[P]setsuccess rate:       106.745  %

[P]get found:             1868628.787 / s

----------------------------------

[INFO]Current Time:       31.64 s

[P]indexs Load Factor:    48.5488 %

[P]set request:           44277259 

[P]get request:           44048886 

[P]Get Hit Rate:          90.4588 %

[P]ACC Hit Rate:          85.7000 %

[P]rx packet:             164002.745 / s

[P]Throughput:            3866513.705 ops

[P]all request:           88326145 o

[P]GetThroughput:         1934664.730 ops

[P]SetThroughput:         1931848.975 ops

[P]Valid Entries:         1909519.042 / s

[P]mica evicted:          0 / s

[P]set success:           2008175.452 / s

[P]setsuccess rate:       103.951  %

[P]get found:             1750073.568 / s

----------------------------------

[INFO]Current Time:       32.79 s

[P]indexs Load Factor:    50.7223 %

[P]set request:           46520794 

[P]get request:           46268158 

[P]Get Hit Rate:          93.2623 %

[P]ACC Hit Rate:          86.0627 %

[P]rx packet:             165276.484 / s

[P]Throughput:            3882416.669 ops

[P]all request:           92788952 o

[P]GetThroughput:         1930654.542 ops

[P]SetThroughput:         1951762.127 ops

[P]Valid Entries:         1927043.382 / s

[P]mica evicted:          0 / s

[P]set success:           2026265.471 / s

[P]setsuccess rate:       103.817  %

[P]get found:             1800572.735 / s

----------------------------------

[INFO]Current Time:       33.93 s

[P]indexs Load Factor:    52.8955 %

[P]set request:           48698755 

[P]get request:           48408734 

[P]Get Hit Rate:          94.7155 %

[P]ACC Hit Rate:          86.4454 %

[P]rx packet:             159991.477 / s

[P]Throughput:            3779947.886 ops

[P]all request:           97107489 o

[P]GetThroughput:         1873612.690 ops

[P]SetThroughput:         1906335.196 ops

[P]Valid Entries:         1869583.756 / s

[P]mica evicted:          0 / s

[P]set success:           1937261.618 / s

[P]setsuccess rate:       101.622  %

[P]get found:             1774602.274 / s

----------------------------------

[INFO]Current Time:       35.08 s

[P]indexs Load Factor:    55.0476 %

[P]set request:           50882816 

[P]get request:           50627415 

[P]Get Hit Rate:          92.6122 %

[P]ACC Hit Rate:          86.7156 %

[P]rx packet:             163335.179 / s

[P]Throughput:            3850270.120 ops

[P]all request:           101510231 o

[P]GetThroughput:         1940272.939 ops

[P]SetThroughput:         1909997.181 ops

[P]Valid Entries:         1885174.907 / s

[P]mica evicted:          0 / s

[P]set success:           2005469.012 / s

[P]setsuccess rate:       104.999  %

[P]get found:             1796930.080 / s

----------------------------------

[INFO]Current Time:       36.21 s

[P]indexs Load Factor:    57.1455 %

[P]set request:           53040617 

[P]get request:           52792880 

[P]Get Hit Rate:          93.9914 %

[P]ACC Hit Rate:          87.0141 %

[P]rx packet:             159681.178 / s

[P]Throughput:            3800199.320 ops

[P]all request:           105833497 o

[P]GetThroughput:         1903468.031 ops

[P]SetThroughput:         1896731.289 ops

[P]Valid Entries:         1868750.604 / s

[P]mica evicted:          0 / s

[P]set success:           1988067.587 / s

[P]setsuccess rate:       104.815  %

[P]get found:             1789096.365 / s

----------------------------------

[INFO]Current Time:       37.36 s

[P]indexs Load Factor:    59.0778 %

[P]set request:           55070831 

[P]get request:           54806897 

[P]Get Hit Rate:          95.2175 %

[P]ACC Hit Rate:          87.3155 %

[P]rx packet:             148687.930 / s

[P]Throughput:            3537059.059 ops

[P]all request:           109877728 o

[P]GetThroughput:         1761446.632 ops

[P]SetThroughput:         1775612.427 ops

[P]Valid Entries:         1745706.569 / s

[P]mica evicted:          0 / s

[P]set success:           1855532.802 / s

[P]setsuccess rate:       104.501  %

[P]get found:             1677205.765 / s

----------------------------------

[INFO]Current Time:       38.49 s

[P]indexs Load Factor:    60.9515 %

[P]set request:           57050557 

[P]get request:           56768966 

[P]Get Hit Rate:          92.6777 %

[P]ACC Hit Rate:          87.5008 %

[P]rx packet:             143268.471 / s

[P]Throughput:            3468717.409 ops

[P]all request:           113819523 o

[P]GetThroughput:         1726589.764 ops

[P]SetThroughput:         1742127.645 ops

[P]Valid Entries:         1690075.699 / s

[P]mica evicted:          0 / s

[P]set success:           1794402.228 / s

[P]setsuccess rate:       103.001  %

[P]get found:             1600163.311 / s

----------------------------------

[INFO]Current Time:       39.62 s

[P]indexs Load Factor:    62.7391 %

[P]set request:           58971148 

[P]get request:           58671941 

[P]Get Hit Rate:          93.2180 %

[P]ACC Hit Rate:          87.6863 %

[P]rx packet:             139191.958 / s

[P]Throughput:            3381771.297 ops

[P]all request:           117643089 o

[P]GetThroughput:         1683095.370 ops

[P]SetThroughput:         1698675.926 ops

[P]Valid Entries:         1648623.745 / s

[P]mica evicted:          0 / s

[P]set success:           1746297.626 / s

[P]setsuccess rate:       102.803  %

[P]get found:             1568948.519 / s

----------------------------------

[INFO]Current Time:       40.75 s

[P]indexs Load Factor:    64.5236 %

[P]set request:           60819087 

[P]get request:           60504857 

[P]Get Hit Rate:          92.4997 %

[P]ACC Hit Rate:          87.8321 %

[P]rx packet:             134146.214 / s

[P]Throughput:            3270798.969 ops

[P]all request:           121323945 o

[P]GetThroughput:         1628724.341 ops

[P]SetThroughput:         1642073.739 ops

[P]Valid Entries:         1593670.952 / s

[P]mica evicted:          0 / s

[P]set success:           1685002.767 / s

[P]setsuccess rate:       102.614  %

[P]get found:             1506565.306 / s

----------------------------------

[INFO]Current Time:       41.87 s

[P]indexs Load Factor:    66.2393 %

[P]set request:           62601783 

[P]get request:           62274550 

[P]Get Hit Rate:          93.1524 %

[P]ACC Hit Rate:          87.9833 %

[P]rx packet:             131618.243 / s

[P]Throughput:            3179462.693 ops

[P]all request:           124876333 o

[P]GetThroughput:         1583912.813 ops

[P]SetThroughput:         1595550.774 ops

[P]Valid Entries:         1569754.472 / s

[P]mica evicted:          0 / s

[P]set success:           1656152.662 / s

[P]setsuccess rate:       103.798  %

[P]get found:             1475453.245 / s

----------------------------------

[INFO]Current Time:       42.98 s

[P]indexs Load Factor:    67.8418 %

[P]set request:           64319949 

[P]get request:           63980876 

[P]Get Hit Rate:          90.1727 %

[P]ACC Hit Rate:          88.0417 %

[P]rx packet:             124819.183 / s

[P]Throughput:            3067532.827 ops

[P]all request:           128300825 o

[P]GetThroughput:         1528463.497 ops

[P]SetThroughput:         1539069.330 ops

[P]Valid Entries:         1493684.608 / s

[P]mica evicted:          0 / s

[P]set success:           1533860.469 / s

[P]setsuccess rate:        99.662  %

[P]get found:             1378256.602 / s

----------------------------------

[INFO]Current Time:       44.09 s

[P]indexs Load Factor:    69.3049 %

[P]set request:           65841929 

[P]get request:           65494535 

[P]Get Hit Rate:          90.8168 %

[P]ACC Hit Rate:          88.1058 %

[P]rx packet:             110919.597 / s

[P]Throughput:            2742131.862 ops

[P]all request:           131336464 o

[P]GetThroughput:         1367307.698 ops

[P]SetThroughput:         1374824.164 ops

[P]Valid Entries:         1333615.933 / s

[P]mica evicted:          0 / s

[P]set success:           1384769.639 / s

[P]setsuccess rate:       100.723  %

[P]get found:             1241745.398 / s

----------------------------------

[INFO]Current Time:       45.20 s

[P]indexs Load Factor:    70.7686 %

[P]set request:           67389889 

[P]get request:           67033917 

[P]Get Hit Rate:          90.5781 %

[P]ACC Hit Rate:          88.1626 %

[P]rx packet:             112192.312 / s

[P]Throughput:            2776071.856 ops

[P]all request:           134423806 o

[P]GetThroughput:         1384179.351 ops

[P]SetThroughput:         1391892.505 ops

[P]Valid Entries:         1349837.023 / s

[P]mica evicted:          0 / s

[P]set success:           1417270.922 / s

[P]setsuccess rate:       101.823  %

[P]get found:             1253763.386 / s

----------------------------------

[INFO]Current Time:       46.31 s

[P]indexs Load Factor:    72.4926 %

[P]set request:           69266900 

[P]get request:           68863354 

[P]Get Hit Rate:          92.3035 %

[P]ACC Hit Rate:          88.2726 %

[P]rx packet:             139495.911 / s

[P]Throughput:            3357627.478 ops

[P]all request:           138130254 o

[P]GetThroughput:         1657265.376 ops

[P]SetThroughput:         1700362.101 ops

[P]Valid Entries:         1473961.618 / s

[P]mica evicted:          183073.662 / s

[P]set success:           1720757.268 / s

[P]setsuccess rate:       101.199  %

[P]get found:             1529714.507 / s

----------------------------------

[INFO]Current Time:       47.41 s

[P]indexs Load Factor:    74.2563 %

[P]set request:           71389550 

[P]get request:           71014402 

[P]Get Hit Rate:          90.8561 %

[P]ACC Hit Rate:          88.3508 %

[P]rx packet:             164254.189 / s

[P]Throughput:            3887236.967 ops

[P]all request:           142403952 o

[P]GetThroughput:         1956533.500 ops

[P]SetThroughput:         1930703.468 ops

[P]Valid Entries:         1605369.496 / s

[P]mica evicted:          373081.056 / s

[P]set success:           2046827.643 / s

[P]setsuccess rate:       106.015  %

[P]get found:             1777629.740 / s

----------------------------------

[INFO]Current Time:       48.50 s

[P]indexs Load Factor:    75.9366 %

[P]set request:           73421558 

[P]get request:           73103847 

[P]Get Hit Rate:          90.4548 %

[P]ACC Hit Rate:          88.4110 %

[P]rx packet:             162678.326 / s

[P]Throughput:            3770419.487 ops

[P]all request:           146525405 o

[P]GetThroughput:         1911482.224 ops

[P]SetThroughput:         1858937.263 ops

[P]Valid Entries:         1543576.934 / s

[P]mica evicted:          421215.046 / s

[P]set success:           1999749.377 / s

[P]setsuccess rate:       107.575  %

[P]get found:             1729027.152 / s

----------------------------------

[INFO]Current Time:       49.59 s

[P]indexs Load Factor:    77.5472 %

[P]set request:           75487417 

[P]get request:           75197041 

[P]Get Hit Rate:          89.9825 %

[P]ACC Hit Rate:          88.4547 %

[P]rx packet:             161624.360 / s

[P]Throughput:            3828042.584 ops

[P]all request:           150684458 o

[P]GetThroughput:         1926601.024 ops

[P]SetThroughput:         1901441.560 ops

[P]Valid Entries:         1487222.073 / s

[P]mica evicted:          465759.802 / s

[P]set success:           1985100.574 / s

[P]setsuccess rate:       104.400  %

[P]get found:             1733604.419 / s

----------------------------------

[INFO]Current Time:       50.67 s

[P]indexs Load Factor:    79.1018 %

[P]set request:           77515923 

[P]get request:           77198561 

[P]Get Hit Rate:          93.4508 %

[P]ACC Hit Rate:          88.5843 %

[P]rx packet:             161645.049 / s

[P]Throughput:            3722818.950 ops

[P]all request:           154714484 o

[P]GetThroughput:         1848945.040 ops

[P]SetThroughput:         1873873.910 ops

[P]Valid Entries:         1439612.190 / s

[P]mica evicted:          523947.822 / s

[P]set success:           2013232.997 / s

[P]setsuccess rate:       107.437  %

[P]get found:             1727854.438 / s

----------------------------------

[INFO]Current Time:       51.74 s

[P]indexs Load Factor:    80.6017 %

[P]set request:           79621748 

[P]get request:           79276436 

[P]Get Hit Rate:          88.0738 %

[P]ACC Hit Rate:          88.5709 %

[P]rx packet:             162243.623 / s

[P]Throughput:            3893240.219 ops

[P]all request:           158898184 o

[P]GetThroughput:         1933615.345 ops

[P]SetThroughput:         1959624.874 ops

[P]Valid Entries:         1393719.883 / s

[P]mica evicted:          581189.660 / s

[P]set success:           1991057.784 / s

[P]setsuccess rate:       101.604  %

[P]get found:             1703008.073 / s

----------------------------------

[INFO]Current Time:       52.82 s

[P]indexs Load Factor:    82.0663 %

[P]set request:           81737061 

[P]get request:           81392177 

[P]Get Hit Rate:          88.8973 %

[P]ACC Hit Rate:          88.5794 %

[P]rx packet:             165123.479 / s

[P]Throughput:            3940475.779 ops

[P]all request:           163129238 o

[P]GetThroughput:         1970437.192 ops

[P]SetThroughput:         1970038.586 ops

[P]Valid Entries:         1367287.597 / s

[P]mica evicted:          648415.594 / s

[P]set success:           2055113.965 / s

[P]setsuccess rate:       104.318  %

[P]get found:             1751664.881 / s

----------------------------------

[INFO]Current Time:       53.88 s

[P]indexs Load Factor:    83.4398 %

[P]set request:           83853661 

[P]get request:           83422732 

[P]Get Hit Rate:          88.5944 %

[P]ACC Hit Rate:          88.5797 %

[P]rx packet:             163940.551 / s

[P]Throughput:            3883292.632 ops

[P]all request:           167276393 o

[P]GetThroughput:         1901361.119 ops

[P]SetThroughput:         1981931.513 ops

[P]Valid Entries:         1302254.291 / s

[P]mica evicted:          683772.927 / s

[P]set success:           2037838.725 / s

[P]setsuccess rate:       102.821  %

[P]get found:             1684499.457 / s

----------------------------------

[INFO]Current Time:       54.94 s

[P]indexs Load Factor:    84.7507 %

[P]set request:           85903914 

[P]get request:           85417578 

[P]Get Hit Rate:          90.6811 %

[P]ACC Hit Rate:          88.6288 %

[P]rx packet:             165642.198 / s

[P]Throughput:            3844259.696 ops

[P]all request:           171321492 o

[P]GetThroughput:         1895801.828 ops

[P]SetThroughput:         1948457.868 ops

[P]Valid Entries:         1261128.660 / s

[P]mica evicted:          769812.933 / s

[P]set success:           2059112.817 / s

[P]setsuccess rate:       105.679  %

[P]get found:             1719134.620 / s

----------------------------------

[INFO]Current Time:       55.99 s

[P]indexs Load Factor:    85.9998 %

[P]set request:           87951407 

[P]get request:           87409048 

[P]Get Hit Rate:          89.1578 %

[P]ACC Hit Rate:          88.6409 %

[P]rx packet:             161248.338 / s

[P]Throughput:            3845785.429 ops

[P]all request:           175360455 o

[P]GetThroughput:         1896220.963 ops

[P]SetThroughput:         1949564.466 ops

[P]Valid Entries:         1172689.650 / s

[P]mica evicted:          807350.017 / s

[P]set success:           1973045.015 / s

[P]setsuccess rate:       101.204  %

[P]get found:             1690629.046 / s

----------------------------------

[INFO]Current Time:       57.04 s

[P]indexs Load Factor:    87.2051 %

[P]set request:           90007850 

[P]get request:           89467923 

[P]Get Hit Rate:          87.5022 %

[P]ACC Hit Rate:          88.6147 %

[P]rx packet:             166127.205 / s

[P]Throughput:            3913104.286 ops

[P]all request:           179475773 o

[P]GetThroughput:         1957708.393 ops

[P]SetThroughput:         1955395.894 ops

[P]Valid Entries:         1151121.600 / s

[P]mica evicted:          893040.222 / s

[P]set success:           2063454.836 / s

[P]setsuccess rate:       105.526  %

[P]get found:             1713037.989 / s

----------------------------------

[INFO]Current Time:       58.08 s

[P]indexs Load Factor:    88.3218 %

[P]set request:           92072999 

[P]get request:           91506212 

[P]Get Hit Rate:          87.2431 %

[P]ACC Hit Rate:          88.5841 %

[P]rx packet:             163642.244 / s

[P]Throughput:            3933408.710 ops

[P]all request:           183579211 o

[P]GetThroughput:         1953830.838 ops

[P]SetThroughput:         1979577.872 ops

[P]Valid Entries:         1076217.397 / s

[P]mica evicted:          914312.071 / s

[P]set success:           2029466.345 / s

[P]setsuccess rate:       102.520  %

[P]get found:             1704582.102 / s

----------------------------------

[INFO]Current Time:       59.12 s

[P]indexs Load Factor:    89.3807 %

[P]set request:           94175171 

[P]get request:           93551651 

[P]Get Hit Rate:          88.1739 %

[P]ACC Hit Rate:          88.5751 %

[P]rx packet:             166874.784 / s

[P]Throughput:            3987025.555 ops

[P]all request:           187726822 o

[P]GetThroughput:         1966244.560 ops

[P]SetThroughput:         2020780.995 ops

[P]Valid Entries:         1024684.767 / s

[P]mica evicted:          1019936.993 / s

[P]set success:           2071009.924 / s

[P]setsuccess rate:       102.486  %

[P]get found:             1733714.186 / s

----------------------------------

[INFO]Current Time:       60.16 s

[P]indexs Load Factor:    90.3820 %

[P]set request:           96209479 

[P]get request:           95500956 

[P]Get Hit Rate:          86.6553 %

[P]ACC Hit Rate:          88.5360 %

[P]rx packet:             164470.814 / s

[P]Throughput:            3845000.422 ops

[P]all request:           191710435 o

[P]GetThroughput:         1881477.580 ops

[P]SetThroughput:         1963522.842 ops

[P]Valid Entries:         965408.930 / s

[P]mica evicted:          1066286.293 / s

[P]set success:           2038971.897 / s

[P]setsuccess rate:       103.843  %

[P]get found:             1630399.949 / s

----------------------------------

[INFO]Current Time:       61.19 s

[P]indexs Load Factor:    91.3165 %

[P]set request:           98231108 

[P]get request:           97554463 

[P]Get Hit Rate:          86.3290 %

[P]ACC Hit Rate:          88.4895 %

[P]rx packet:             166739.984 / s

[P]Throughput:            3957414.747 ops

[P]all request:           195785571 o

[P]GetThroughput:         1994185.933 ops

[P]SetThroughput:         1963228.814 ops

[P]Valid Entries:         919121.873 / s

[P]mica evicted:          1125978.507 / s

[P]set success:           2037861.709 / s

[P]setsuccess rate:       103.802  %

[P]get found:             1721560.717 / s

----------------------------------

[INFO]Current Time:       62.21 s

[P]indexs Load Factor:    92.1680 %

[P]set request:           100243350 

[P]get request:           99512356 

[P]Get Hit Rate:          88.6382 %

[P]ACC Hit Rate:          88.4924 %

[P]rx packet:             164021.335 / s

[P]Throughput:            3870398.714 ops

[P]all request:           199755706 o

[P]GetThroughput:         1908707.525 ops

[P]SetThroughput:         1961691.189 ops

[P]Valid Entries:         845293.632 / s

[P]mica evicted:          1150150.770 / s

[P]set success:           1975822.051 / s

[P]setsuccess rate:       100.720  %

[P]get found:             1691844.858 / s

----------------------------------

[INFO]Current Time:       63.23 s

[P]indexs Load Factor:    92.9895 %

[P]set request:           102259517 

[P]get request:           101531169 

[P]Get Hit Rate:          84.6653 %

[P]ACC Hit Rate:          88.4163 %

[P]rx packet:             165867.443 / s

[P]Throughput:            3966666.359 ops

[P]all request:           203790686 o

[P]GetThroughput:         1984633.781 ops

[P]SetThroughput:         1982032.578 ops

[P]Valid Entries:         797302.907 / s

[P]mica evicted:          1254360.494 / s

[P]set success:           1969639.019 / s

[P]setsuccess rate:        99.375  %

[P]get found:             1680297.046 / s

----------------------------------

[INFO]Current Time:       64.33 s

[P]indexs Load Factor:    93.6876 %

[P]set request:           104265169 

[P]get request:           103431176 

[P]Get Hit Rate:          89.1830 %

[P]ACC Hit Rate:          88.4304 %

[P]rx packet:             149910.199 / s

[P]Throughput:            3553383.582 ops

[P]all request:           207696345 o

[P]GetThroughput:         1728633.677 ops

[P]SetThroughput:         1824749.905 ops

[P]Valid Entries:         670722.862 / s

[P]mica evicted:          1170799.276 / s

[P]set success:           1825878.971 / s

[P]setsuccess rate:       100.062  %

[P]get found:             1541648.061 / s

----------------------------------

[INFO]Current Time:       65.34 s

[P]indexs Load Factor:    94.2236 %

[P]set request:           105998274 

[P]get request:           105168447 

[P]Get Hit Rate:          84.7914 %

[P]ACC Hit Rate:          88.3703 %

[P]rx packet:             90830.607 / s

[P]Throughput:            3432009.666 ops

[P]all request:           211166721 o

[P]GetThroughput:         1718064.805 ops

[P]SetThroughput:         1713944.861 ops

[P]Valid Entries:         588391.390 / s

[P]mica evicted:          1150251.374 / s

[P]set success:           1762862.018 / s

[P]setsuccess rate:       102.854  %

[P]get found:             1456771.791 / s

----------------------------------
[INFO]End rx_queue_1:2599127

[INFO]Current Time:       66.35 s

[P]indexs Load Factor:    94.7106 %

[P]set request:           107540391 

[P]get request:           106748277 

[P]Get Hit Rate:          83.4701 %

[P]ACC Hit Rate:          88.2978 %

[P]rx packet:             84711.423 / s

[P]Throughput:            3093695.655 ops

[P]all request:           214288668 o

[P]GetThroughput:         1565533.690 ops

[P]SetThroughput:         1528161.965 ops

[P]Valid Entries:         494053.350 / s

[P]mica evicted:          1062353.683 / s

[P]set success:           1570508.262 / s

[P]setsuccess rate:       102.771  %

[P]get found:             1306752.853 / s

----------------------------------

[INFO]Current Time:       67.35 s

[P]indexs Load Factor:    95.1735 %

[P]set request:           109157525 

[P]get request:           108352357 

[P]Get Hit Rate:          83.2165 %

[P]ACC Hit Rate:          88.2226 %

[P]rx packet:             128247.465 / s

[P]Throughput:            3216485.480 ops

[P]all request:           217509882 o

[P]GetThroughput:         1601725.321 ops

[P]SetThroughput:         1614760.159 ops

[P]Valid Entries:         472463.437 / s

[P]mica evicted:          1102622.048 / s

[P]set success:           1625603.219 / s

[P]setsuccess rate:       100.671  %

[P]get found:             1332900.518 / s

----------------------------------

[INFO]Current Time:       68.35 s

[P]indexs Load Factor:    95.5963 %

[P]set request:           110757223 

[P]get request:           109918271 

[P]Get Hit Rate:          82.9991 %

[P]ACC Hit Rate:          88.1481 %

[P]rx packet:             126056.364 / s

[P]Throughput:            3181775.370 ops

[P]all request:           220675494 o

[P]GetThroughput:         1573909.436 ops

[P]SetThroughput:         1607865.934 ops

[P]Valid Entries:         439762.989 / s

[P]mica evicted:          1158596.653 / s

[P]set success:           1598103.340 / s

[P]setsuccess rate:        99.393  %

[P]get found:             1306331.142 / s

----------------------------------

[INFO]Current Time:       69.34 s

[P]indexs Load Factor:    95.9735 %

[P]set request:           112332636 

[P]get request:           111459610 

[P]Get Hit Rate:          83.9630 %

[P]ACC Hit Rate:          88.0903 %

[P]rx packet:             123733.026 / s

[P]Throughput:            3126886.433 ops

[P]all request:           223792246 o

[P]GetThroughput:         1546350.819 ops

[P]SetThroughput:         1580535.614 ops

[P]Valid Entries:         402127.320 / s

[P]mica evicted:          1152289.642 / s

[P]set success:           1569518.908 / s

[P]setsuccess rate:        99.303  %

[P]get found:             1298362.072 / s

----------------------------------
[INFO]End rx_queue_3:1390441

[INFO]Current Time:       70.34 s

[P]indexs Load Factor:    96.0564 %

[P]set request:           113108959 

[P]get request:           112232311 

[P]Get Hit Rate:          82.6679 %

[P]ACC Hit Rate:          88.0529 %

[P]rx packet:             42629.519 / s

[P]Throughput:            1559174.254 ops

[P]all request:           225341270 o

[P]GetThroughput:         777764.260 ops

[P]SetThroughput:         781409.994 ops

[P]Valid Entries:         188888.669 / s

[P]mica evicted:          590304.896 / s

[P]set success:           784404.488 / s

[P]setsuccess rate:       100.383  %

[P]get found:             642961.693 / s

----------------------------------
[INFO]End rx_queue_0:2738597
[INFO]End rx_queue_2:2802410
Finish the job......

Total Index Entries:      92311251

indexs Load Factor:     96.056443 %

log_0 Load Factor:      14.310267 %

log_1 Load Factor:      20.379992 %

log_2 Load Factor:      12.300061 %

log_3 Load Factor:      24.952145 %

Get Hit Rate:           88.052932%

Max Throughput:         4383705.59

Calc Load Factor:       96.056443%

valid count:               7682766

set request:              35601748 | set_success:              35590427
set_fail:                    11321 | set_key_duplicate:         1369972 | set_mica_evicted:                0
set_random:                      0 | set_cuckoo_evicted:         638691 | set_expire_evicted:        6654761

get request:              35601748
get_found:                30503396 | get_notfound:              5098352 | get_hit_ratio:          85.679490%

clean up:                        0 | test_notfound:                   0
move_to_head_performed:    4044989 | move_to_head_skipped:     26458407 | move_to_head_failed:             0


valid count:              10941425

set request:              33788638 | set_success:              33779802
set_fail:                     8836 | set_key_duplicate:         1044097 | set_mica_evicted:                0
set_random:                      0 | set_cuckoo_evicted:         683447 | set_expire_evicted:        4656572

get request:              33788638
get_found:                29462664 | get_notfound:              4325974 | get_hit_ratio:          87.196957%

clean up:                        0 | test_notfound:                   0
move_to_head_performed:    3220644 | move_to_head_skipped:     26242020 | move_to_head_failed:             0


valid count:               6603545

set request:              36431317 | set_success:              36423665
set_fail:                     7652 | set_key_duplicate:         1554691 | set_mica_evicted:                0
set_random:                      0 | set_cuckoo_evicted:         619251 | set_expire_evicted:        6889432

get request:              36431317
get_found:                30714805 | get_notfound:              5716512 | get_hit_ratio:          84.308797%

clean up:                        0 | test_notfound:                   0
move_to_head_performed:    4496635 | move_to_head_skipped:     26218170 | move_to_head_failed:             0


valid count:              13396081

set request:              18075720 | set_success:              18072909
set_fail:                     2811 | set_key_duplicate:          402096 | set_mica_evicted:                0
set_random:                      0 | set_cuckoo_evicted:         310948 | set_expire_evicted:        3394009

get request:              18075720
get_found:                14603130 | get_notfound:              3472590 | get_hit_ratio:          80.788649%

clean up:                        0 | test_notfound:                   0
move_to_head_performed:    1775081 | move_to_head_skipped:     12828049 | move_to_head_failed:             0


[INFO] Everything works fine.
deleting piekv......
