EAL: Probing VFIO support...
EAL: VFIO support initialized
EAL: PCI device 0000:03:00.0 on NUMA socket 0
EAL:   probe driver: 15b3:1017 net_mlx5
WEN: There are 1 device(s) available
starting port 0...
querying port 0...
port 0: 100 Gbps (full-duplex)
Adding UDP filter for each endpoint.
port_id/queue_id/udp_port = 0 0 0
Flow is created with src_port = 0, dst_port = 0
port_id/queue_id/udp_port = 0 1 1
Flow is created with src_port = 0, dst_port = 1
port_id/queue_id/udp_port = 0 2 2
Flow is created with src_port = 0, dst_port = 2
port_id/queue_id/udp_port = 0 3 3
Flow is created with src_port = 0, dst_port = 3
MEM: Initializing pages...
 == [STAT] Workers Start (4 threads in total) == 

[INFO]Current Time:       6.60 s

[P]indexs Load Factor:    1.1659 %

[P]log_0 Load Factor:     0.950662 %

[P]log_1 Load Factor:     0.978431 %

[P]log_2 Load Factor:     0.982001 %

[P]log_3 Load Factor:     0.571517 %

[P]Get Hit Rate:         61.7812 %

[P]rx packet:       46014.804 / s

[P]Throughput:      2226933.244 ops

[P]Valid Entries:   1175914.452 / s

[P]set success:     1169355.905 / s

[P]get found:       669779.930 / s

----------------------------------

[INFO]Current Time:       7.58 s

[P]indexs Load Factor:    3.5601 %

[P]log_0 Load Factor:     2.338994 %

[P]log_1 Load Factor:     2.417751 %

[P]log_2 Load Factor:     2.394833 %

[P]log_3 Load Factor:     1.636188 %

[P]Get Hit Rate:         69.5758 %

[P]rx packet:       56374.117 / s

[P]Throughput:      4564212.475 ops

[P]Valid Entries:   2433594.248 / s

[P]set success:     2398478.793 / s

[P]get found:       1500993.691 / s

----------------------------------

[INFO]Current Time:       8.58 s

[P]indexs Load Factor:    6.0322 %

[P]log_0 Load Factor:     3.786765 %

[P]log_1 Load Factor:     3.914764 %

[P]log_2 Load Factor:     3.866071 %

[P]log_3 Load Factor:     2.747145 %

[P]Get Hit Rate:         73.1601 %

[P]rx packet:       54684.423 / s

[P]Throughput:      4639140.846 ops

[P]Valid Entries:   2429532.692 / s

[P]mica evicted:      1.006 / s

[P]set success:     2366596.673 / s

[P]get found:       1614910.904 / s

----------------------------------

[INFO]Current Time:       9.61 s

[P]indexs Load Factor:    8.5914 %

[P]log_0 Load Factor:     5.283898 %

[P]log_1 Load Factor:     5.459733 %

[P]log_2 Load Factor:     5.381824 %

[P]log_3 Load Factor:     3.865372 %

[P]Get Hit Rate:         79.4503 %

[P]rx packet:       56274.677 / s

[P]Throughput:      4498574.534 ops

[P]Valid Entries:   2438257.712 / s

[P]mica evicted:      3.871 / s

[P]set success:     2374385.490 / s

[P]get found:       1663756.089 / s

----------------------------------

[INFO]Current Time:       10.68 s

[P]indexs Load Factor:    11.2259 %

[P]log_0 Load Factor:     6.825147 %

[P]log_1 Load Factor:     7.043198 %

[P]log_2 Load Factor:     6.947149 %

[P]log_3 Load Factor:     5.033590 %

[P]Get Hit Rate:         73.8739 %

[P]rx packet:       56463.786 / s

[P]Throughput:      4665434.892 ops

[P]Valid Entries:   2435648.241 / s

[P]mica evicted:     13.974 / s

[P]set success:     2343139.975 / s

[P]get found:       1650785.035 / s

----------------------------------

[INFO]Current Time:       11.78 s

[P]indexs Load Factor:    13.8987 %

[P]log_0 Load Factor:     8.376403 %

[P]log_1 Load Factor:     8.642320 %

[P]log_2 Load Factor:     8.522017 %

[P]log_3 Load Factor:     6.182414 %

[P]Get Hit Rate:         77.9246 %

[P]rx packet:       59065.322 / s

[P]Throughput:      4558489.257 ops

[P]Valid Entries:   2442025.518 / s

[P]mica evicted:     99.969 / s

[P]set success:     2348389.098 / s

[P]get found:       1675790.381 / s

----------------------------------

[INFO]Current Time:       12.89 s

[P]indexs Load Factor:    16.6095 %

[P]log_0 Load Factor:     9.946240 %

[P]log_1 Load Factor:     10.269962 %

[P]log_2 Load Factor:     10.117223 %

[P]log_3 Load Factor:     7.329475 %

[P]Get Hit Rate:         76.9390 %

[P]rx packet:       62764.345 / s

[P]Throughput:      4726933.168 ops

[P]Valid Entries:   2443163.384 / s

[P]mica evicted:    270.811 / s

[P]set success:     2319600.550 / s

[P]get found:       1716869.939 / s

----------------------------------

[INFO]Current Time:       14.01 s

[P]indexs Load Factor:    19.3367 %

[P]log_0 Load Factor:     11.530833 %

[P]log_1 Load Factor:     11.910008 %

[P]log_2 Load Factor:     11.732459 %

[P]log_3 Load Factor:     8.487139 %

[P]Get Hit Rate:         77.7755 %

[P]rx packet:       63967.795 / s

[P]Throughput:      4777244.879 ops

[P]Valid Entries:   2471505.716 / s

[P]mica evicted:    787.345 / s

[P]set success:     2366093.382 / s

[P]get found:       1755936.419 / s

----------------------------------

[INFO]Current Time:       15.15 s

[P]indexs Load Factor:    22.0760 %

[P]log_0 Load Factor:     13.122996 %

[P]log_1 Load Factor:     13.551883 %

[P]log_2 Load Factor:     13.350831 %

[P]log_3 Load Factor:     9.630445 %

[P]Get Hit Rate:         77.4812 %

[P]rx packet:       63462.433 / s

[P]Throughput:      4668565.811 ops

[P]Valid Entries:   2467217.140 / s

[P]mica evicted:    1810.136 / s

[P]set success:     2406527.719 / s

[P]get found:       1742700.275 / s

----------------------------------

[INFO]Current Time:       16.29 s

[P]indexs Load Factor:    24.8326 %

[P]log_0 Load Factor:     14.724860 %

[P]log_1 Load Factor:     15.213586 %

[P]log_2 Load Factor:     14.985628 %

[P]log_3 Load Factor:     10.778431 %

[P]Get Hit Rate:         82.0203 %

[P]rx packet:       64528.322 / s

[P]Throughput:      4656310.090 ops

[P]Valid Entries:   2470832.040 / s

[P]mica evicted:    3785.603 / s

[P]set success:     2205838.075 / s

[P]get found:       1803897.354 / s

----------------------------------

[INFO]Current Time:       17.43 s

[P]indexs Load Factor:    27.5748 %

[P]log_0 Load Factor:     16.318364 %

[P]log_1 Load Factor:     16.850406 %

[P]log_2 Load Factor:     16.610278 %

[P]log_3 Load Factor:     11.944583 %

[P]Get Hit Rate:         81.5033 %

[P]rx packet:       67800.188 / s

[P]Throughput:      4584509.838 ops

[P]Valid Entries:   2470324.819 / s

[P]mica evicted:    7082.900 / s

[P]set success:     2295363.869 / s

[P]get found:       1815109.122 / s

----------------------------------

[INFO]Current Time:       18.58 s

[P]indexs Load Factor:    30.3361 %

[P]log_0 Load Factor:     17.924463 %

[P]log_1 Load Factor:     18.503180 %

[P]log_2 Load Factor:     18.243043 %

[P]log_3 Load Factor:     13.093608 %

[P]Get Hit Rate:         81.0146 %

[P]rx packet:       74020.096 / s

[P]Throughput:      4623192.857 ops

[P]Valid Entries:   2467045.599 / s

[P]mica evicted:    12098.442 / s

[P]set success:     2441134.428 / s

[P]get found:       1827425.731 / s

----------------------------------

[INFO]Current Time:       19.74 s

[P]indexs Load Factor:    33.0912 %

[P]log_0 Load Factor:     19.534424 %

[P]log_1 Load Factor:     20.161014 %

[P]log_2 Load Factor:     19.884806 %

[P]log_3 Load Factor:     14.251687 %

[P]Get Hit Rate:         80.4298 %

[P]rx packet:       72247.163 / s

[P]Throughput:      4740173.379 ops

[P]Valid Entries:   2466901.244 / s

[P]mica evicted:    19873.742 / s

[P]set success:     2357619.442 / s

[P]get found:       1816017.803 / s

----------------------------------

[INFO]Current Time:       20.90 s

[P]indexs Load Factor:    35.8565 %

[P]log_0 Load Factor:     21.139646 %

[P]log_1 Load Factor:     21.820245 %

[P]log_2 Load Factor:     21.524908 %

[P]log_3 Load Factor:     15.385814 %

[P]Get Hit Rate:         78.8704 %

[P]rx packet:       74334.339 / s

[P]Throughput:      4831421.568 ops

[P]Valid Entries:   2476790.760 / s

[P]mica evicted:    31199.180 / s

[P]set success:     2419533.496 / s

[P]get found:       1791931.859 / s

----------------------------------

[INFO]Current Time:       22.07 s

[P]indexs Load Factor:    38.6225 %

[P]log_0 Load Factor:     22.742044 %

[P]log_1 Load Factor:     23.485109 %

[P]log_2 Load Factor:     23.167808 %

[P]log_3 Load Factor:     16.518084 %

[P]Get Hit Rate:         85.6073 %

[P]rx packet:       77276.570 / s

[P]Throughput:      4718788.020 ops

[P]Valid Entries:   2459087.657 / s

[P]mica evicted:    45404.628 / s

[P]set success:     2429677.763 / s

[P]get found:       1857336.503 / s

----------------------------------

[INFO]Current Time:       23.24 s

[P]indexs Load Factor:    41.3593 %

[P]log_0 Load Factor:     24.332315 %

[P]log_1 Load Factor:     25.106372 %

[P]log_2 Load Factor:     24.790579 %

[P]log_3 Load Factor:     17.632881 %

[P]Get Hit Rate:         85.3851 %

[P]rx packet:       81682.995 / s

[P]Throughput:      4674096.478 ops

[P]Valid Entries:   2448127.097 / s

[P]mica evicted:    64136.196 / s

[P]set success:     2373971.932 / s

[P]get found:       1863977.159 / s

----------------------------------

[INFO]Current Time:       24.42 s

[P]indexs Load Factor:    44.0419 %

[P]log_0 Load Factor:     25.896952 %

[P]log_1 Load Factor:     26.702791 %

[P]log_2 Load Factor:     26.391497 %

[P]log_3 Load Factor:     18.746246 %

[P]Get Hit Rate:         82.5093 %

[P]rx packet:       84510.863 / s

[P]Throughput:      4777029.759 ops

[P]Valid Entries:   2410420.364 / s

[P]mica evicted:    87650.846 / s

[P]set success:     2375625.474 / s

[P]get found:       1856227.384 / s

----------------------------------

[INFO]Current Time:       25.60 s

[P]indexs Load Factor:    46.7165 %

[P]log_0 Load Factor:     27.470129 %

[P]log_1 Load Factor:     28.269781 %

[P]log_2 Load Factor:     27.996674 %

[P]log_3 Load Factor:     19.852446 %

[P]Get Hit Rate:         84.5828 %

[P]rx packet:       84772.539 / s

[P]Throughput:      4760839.434 ops

[P]Valid Entries:   2421749.262 / s

[P]mica evicted:    117338.533 / s

[P]set success:     2478039.091 / s

[P]get found:       1860457.937 / s

----------------------------------

[INFO]Current Time:       26.78 s

[P]indexs Load Factor:    49.3553 %

[P]log_0 Load Factor:     29.024884 %

[P]log_1 Load Factor:     29.839484 %

[P]log_2 Load Factor:     29.578377 %

[P]log_3 Load Factor:     20.892359 %

[P]Get Hit Rate:         83.5740 %

[P]rx packet:       90853.702 / s

[P]Throughput:      4570180.463 ops

[P]Valid Entries:   2370056.524 / s

[P]mica evicted:    150231.758 / s

[P]set success:     2482628.582 / s

[P]get found:       1861116.683 / s

----------------------------------

[INFO]Current Time:       27.97 s

[P]indexs Load Factor:    51.9409 %

[P]log_0 Load Factor:     30.539488 %

[P]log_1 Load Factor:     31.358020 %

[P]log_2 Load Factor:     31.120554 %

[P]log_3 Load Factor:     21.916937 %

[P]Get Hit Rate:         81.5544 %

[P]rx packet:       90226.190 / s

[P]Throughput:      4672431.564 ops

[P]Valid Entries:   2351100.976 / s

[P]mica evicted:    190460.255 / s

[P]set success:     2467034.810 / s

[P]get found:       1808906.469 / s

----------------------------------

[INFO]Current Time:       29.15 s

[P]indexs Load Factor:    54.4566 %

[P]log_0 Load Factor:     32.030761 %

[P]log_1 Load Factor:     32.807708 %

[P]log_2 Load Factor:     32.635102 %

[P]log_3 Load Factor:     22.917630 %

[P]Get Hit Rate:         79.6174 %

[P]rx packet:       92320.177 / s

[P]Throughput:      4806697.356 ops

[P]Valid Entries:   2309425.188 / s

[P]mica evicted:    235339.499 / s

[P]set success:     2374834.741 / s

[P]get found:       1804013.398 / s

----------------------------------

[INFO]Current Time:       30.33 s

[P]indexs Load Factor:    56.9017 %

[P]log_0 Load Factor:     33.463364 %

[P]log_1 Load Factor:     34.245480 %

[P]log_2 Load Factor:     34.126587 %

[P]log_3 Load Factor:     23.878669 %

[P]Get Hit Rate:         82.5604 %

[P]rx packet:       94329.549 / s

[P]Throughput:      4592513.133 ops

[P]Valid Entries:   2191685.780 / s

[P]mica evicted:    276044.774 / s

[P]set success:     2414554.932 / s

[P]get found:       1764696.949 / s

----------------------------------

[INFO]Current Time:       31.51 s

[P]indexs Load Factor:    59.2425 %

[P]log_0 Load Factor:     34.813512 %

[P]log_1 Load Factor:     35.619726 %

[P]log_2 Load Factor:     35.551928 %

[P]log_3 Load Factor:     24.802163 %

[P]Get Hit Rate:         79.4358 %

[P]rx packet:       94969.219 / s

[P]Throughput:      4704880.552 ops

[P]Valid Entries:   2188505.698 / s

[P]mica evicted:    333910.710 / s

[P]set success:     2459813.501 / s

[P]get found:       1776386.290 / s

----------------------------------

[INFO]Current Time:       32.69 s

[P]indexs Load Factor:    61.5126 %

[P]log_0 Load Factor:     36.128335 %

[P]log_1 Load Factor:     36.883295 %

[P]log_2 Load Factor:     36.944902 %

[P]log_3 Load Factor:     25.694180 %

[P]Get Hit Rate:         82.4424 %

[P]rx packet:       95340.703 / s

[P]Throughput:      4590895.506 ops

[P]Valid Entries:   2128567.048 / s

[P]mica evicted:    388821.920 / s

[P]set success:     2360056.546 / s

[P]get found:       1784928.688 / s

----------------------------------

[INFO]Current Time:       33.87 s

[P]indexs Load Factor:    63.6768 %

[P]log_0 Load Factor:     37.396733 %

[P]log_1 Load Factor:     38.154015 %

[P]log_2 Load Factor:     38.279319 %

[P]log_3 Load Factor:     26.548922 %

[P]Get Hit Rate:         81.3586 %

[P]rx packet:       92523.923 / s

[P]Throughput:      4456028.758 ops

[P]Valid Entries:   2015834.415 / s

[P]mica evicted:    430338.004 / s

[P]set success:     2349915.179 / s

[P]get found:       1732233.476 / s

----------------------------------

[INFO]Current Time:       35.04 s

[P]indexs Load Factor:    65.7468 %

[P]log_0 Load Factor:     38.585499 %

[P]log_1 Load Factor:     39.316691 %

[P]log_2 Load Factor:     39.532052 %

[P]log_3 Load Factor:     27.366210 %

[P]Get Hit Rate:         80.1089 %

[P]rx packet:       93680.640 / s

[P]Throughput:      4588806.777 ops

[P]Valid Entries:   1979592.786 / s

[P]mica evicted:    497413.272 / s

[P]set success:     2374077.603 / s

[P]get found:       1746891.294 / s

----------------------------------

[INFO]Current Time:       36.20 s

[P]indexs Load Factor:    67.6801 %

[P]log_0 Load Factor:     39.694559 %

[P]log_1 Load Factor:     40.472779 %

[P]log_2 Load Factor:     40.695695 %

[P]log_3 Load Factor:     28.151019 %

[P]Get Hit Rate:         79.7935 %

[P]rx packet:       89930.780 / s

[P]Throughput:      4381585.046 ops

[P]Valid Entries:   1848185.085 / s

[P]mica evicted:    541633.714 / s

[P]set success:     2280004.207 / s

[P]get found:       1674785.078 / s

----------------------------------

[INFO]Current Time:       37.36 s

[P]indexs Load Factor:    69.5234 %

[P]log_0 Load Factor:     40.739084 %

[P]log_1 Load Factor:     41.503815 %

[P]log_2 Load Factor:     41.795028 %

[P]log_3 Load Factor:     28.906329 %

[P]Get Hit Rate:         80.4864 %

[P]rx packet:       90577.096 / s

[P]Throughput:      4376661.628 ops

[P]Valid Entries:   1809928.420 / s

[P]mica evicted:    609900.168 / s

[P]set success:     2307456.702 / s

[P]get found:       1664142.633 / s

----------------------------------

[INFO]Current Time:       38.51 s

[P]indexs Load Factor:    71.1839 %

[P]log_0 Load Factor:     41.714219 %

[P]log_1 Load Factor:     42.381588 %

[P]log_2 Load Factor:     42.820135 %

[P]log_3 Load Factor:     29.623959 %

[P]Get Hit Rate:         79.1685 %

[P]rx packet:       83194.895 / s

[P]Throughput:      4073748.996 ops

[P]Valid Entries:   1613062.852 / s

[P]mica evicted:    617782.768 / s

[P]set success:     2150822.220 / s

[P]get found:       1523326.206 / s

----------------------------------

[INFO]Current Time:       39.65 s

[P]indexs Load Factor:    72.8351 %

[P]log_0 Load Factor:     42.661769 %

[P]log_1 Load Factor:     43.340657 %

[P]log_2 Load Factor:     43.810692 %

[P]log_3 Load Factor:     30.317215 %

[P]Get Hit Rate:         79.9749 %

[P]rx packet:       85667.419 / s

[P]Throughput:      4193036.270 ops

[P]Valid Entries:   1606564.661 / s

[P]mica evicted:    674642.721 / s

[P]set success:     2211450.800 / s

[P]get found:       1585656.296 / s

----------------------------------

[INFO]Current Time:       40.79 s

[P]indexs Load Factor:    74.3985 %

[P]log_0 Load Factor:     43.569837 %

[P]log_1 Load Factor:     44.216270 %

[P]log_2 Load Factor:     44.752302 %

[P]log_3 Load Factor:     30.978533 %

[P]Get Hit Rate:         78.7178 %

[P]rx packet:       85893.202 / s

[P]Throughput:      4238493.409 ops

[P]Valid Entries:   1558164.529 / s

[P]mica evicted:    753737.139 / s

[P]set success:     2166837.828 / s

[P]get found:       1588711.994 / s

----------------------------------

[INFO]Current Time:       41.93 s

[P]indexs Load Factor:    75.8706 %

[P]log_0 Load Factor:     44.389440 %

[P]log_1 Load Factor:     45.055758 %

[P]log_2 Load Factor:     45.606297 %

[P]log_3 Load Factor:     31.607702 %

[P]Get Hit Rate:         79.1384 %

[P]rx packet:       84828.381 / s

[P]Throughput:      4165875.258 ops

[P]Valid Entries:   1465453.774 / s

[P]mica evicted:    791698.390 / s

[P]set success:     2054880.887 / s

[P]get found:       1561563.667 / s

----------------------------------

[INFO]Current Time:       43.06 s

[P]indexs Load Factor:    77.2838 %

[P]log_0 Load Factor:     45.196177 %

[P]log_1 Load Factor:     45.886360 %

[P]log_2 Load Factor:     46.455305 %

[P]log_3 Load Factor:     32.201985 %

[P]Get Hit Rate:         77.7205 %

[P]rx packet:       83609.305 / s

[P]Throughput:      4132125.015 ops

[P]Valid Entries:   1408680.132 / s

[P]mica evicted:    849561.762 / s

[P]set success:     2114906.332 / s

[P]get found:       1529487.680 / s

----------------------------------

[INFO]Current Time:       44.18 s

[P]indexs Load Factor:    78.4105 %

[P]log_0 Load Factor:     45.934634 %

[P]log_1 Load Factor:     46.099866 %

[P]log_2 Load Factor:     47.030596 %

[P]log_3 Load Factor:     32.753523 %

[P]Get Hit Rate:         75.2172 %

[P]rx packet:       82205.108 / s

[P]Throughput:      4153490.549 ops

[P]Valid Entries:   1288175.676 / s

[P]mica evicted:    854831.227 / s

[P]set success:     2014692.588 / s

[P]get found:       1571289.327 / s

----------------------------------
[INFO]End rx_queue_1:1010657

[INFO]Current Time:       45.29 s

[P]indexs Load Factor:    78.6640 %

[P]log_0 Load Factor:     46.032388 %

[P]log_1 Load Factor:     46.099866 %

[P]log_2 Load Factor:     47.030596 %

[P]log_3 Load Factor:     32.914650 %

[P]Get Hit Rate:         79.3586 %

[P]rx packet:       16553.210 / s

[P]Throughput:      2386603.540 ops

[P]Valid Entries:   453103.724 / s

[P]mica evicted:    315985.217 / s

[P]set success:     750205.980 / s

[P]get found:       1301888.706 / s

----------------------------------

[INFO]Current Time:       46.40 s
[INFO]End rx_queue_3:726889
[INFO]End rx_queue_0:1005989

[P]indexs Load Factor:    78.6640 %

[P]log_0 Load Factor:     46.032388 %

[P]log_1 Load Factor:     46.099866 %

[P]log_2 Load Factor:     47.030596 %

[P]log_3 Load Factor:     32.914650 %

[P]Get Hit Rate:         77.6422 %

[P]rx packet:       13950.924 / s

[P]Throughput:      1259977.373 ops

[P]get found:       978274.700 / s

----------------------------------

[INFO]Current Time:       47.50 s
[INFO]End rx_queue_2:980601
Finish the job......

[P]indexs Load Factor:    78.6640 %

[P]log_0 Load Factor:     46.032388 %

[P]log_1 Load Factor:     46.099866 %

[P]log_2 Load Factor:     47.030596 %

[P]log_3 Load Factor:     32.914650 %

[P]Get Hit Rate:         75.7345 %

[P]rx packet:       4320.181 / s

[P]Throughput:      424386.864 ops

[P]get found:       321407.192 / s

----------------------------------

Total Index Entries:      82863830

indexs Load Factor:     78.664000 %

log_0 Load Factor:      46.032388 %

log_1 Load Factor:      46.099866 %

log_2 Load Factor:      47.030596 %

log_3 Load Factor:      32.914650 %

Get Hit Rate:           79.595670%

Max Throughput:         4831421.57

Calc Load Factor:       78.664000%

valid count:              24713450

set request:              27576439
set_success:              27576439 | set_fail:                        0 | set_mica_evicted:          2862772
set_random:                      0 | set_cuckoo_evicted:              0 | set_expire_evicted:              0

get request:              26453090
get_found:                21049517 | get_notfound:              5403573 | get_hit_ratio:          79.572999%

clean up:               18446744073709551399 | test_notfound:                   0
move_to_head_performed:    3547632 | move_to_head_skipped:     17501885 | move_to_head_failed:             0


valid count:              24749677

set request:              27369403
set_success:              27369403 | set_fail:                        0 | set_mica_evicted:          2619639
set_random:                      0 | set_cuckoo_evicted:              0 | set_expire_evicted:              0

get request:              27063149
get_found:                21480308 | get_notfound:              5582841 | get_hit_ratio:          79.371059%

clean up:               18446744073709551529 | test_notfound:                   0
move_to_head_performed:    3070434 | move_to_head_skipped:     18409874 | move_to_head_failed:             0


valid count:              25249359

set request:              28127282
set_success:              28127282 | set_fail:                        0 | set_mica_evicted:          2877894
set_random:                      0 | set_cuckoo_evicted:              0 | set_expire_evicted:              0

get request:              23928899
get_found:                18500090 | get_notfound:              5428809 | get_hit_ratio:          77.312751%

clean up:               18446744073709551587 | test_notfound:                   0
move_to_head_performed:    3637693 | move_to_head_skipped:     14862397 | move_to_head_failed:             0


valid count:              17670918

set request:              19757057
set_success:              19757057 | set_fail:                        0 | set_mica_evicted:          2085857
set_random:                      0 | set_cuckoo_evicted:              0 | set_expire_evicted:              0

get request:              19357943
get_found:                13758638 | get_notfound:              5599305 | get_hit_ratio:          71.074897%

clean up:               18446744073709551334 | test_notfound:                   0
move_to_head_performed:    1941582 | move_to_head_skipped:     11817056 | move_to_head_failed:             0


[INFO] Everything works fine.
deleting piekv......
