EAL: Detected 44 lcore(s)
EAL: Detected 1 NUMA nodes
EAL: Multi-process socket /var/run/dpdk/rte/mp_socket
EAL: Selected IOVA mode 'PA'
EAL: No available hugepages reported in hugepages-1048576kB
[INFO] 单个Log Size为:1 GB
[INFO] 运行proto
[INFO] 运行cleanup
[INFO] 运行reload
[INFO] reload kv size 8
EAL: Probing VFIO support...
EAL: VFIO support initialized
EAL: PCI device 0000:03:00.0 on NUMA socket 0
EAL:   probe driver: 15b3:1017 net_mlx5
WEN: There are 1 device(s) available
starting port 0...
querying port 0...
port 0: 100 Gbps (full-duplex)
Adding UDP filter for each endpoint.
port_id/queue_id/udp_port = 0 0 0
Flow is created with src_port = 0, dst_port = 0
port_id/queue_id/udp_port = 0 1 1
Flow is created with src_port = 0, dst_port = 1
port_id/queue_id/udp_port = 0 2 2
Flow is created with src_port = 0, dst_port = 2
port_id/queue_id/udp_port = 0 3 3
Flow is created with src_port = 0, dst_port = 3
MEM: Initializing pages...
 == [STAT] Workers Start (4 threads in total) == 
trigger:60.000000 

[INFO]Current Time:       6.37 s

[P]indexs Load Factor:    0.0540 %

[P]full bucket LFactor:   0.0000 %

[P]set request:           40141 
[P]get request:           26306 

[P]Get Hit Rate:          45.7614 %
[P]ACC Hit Rate:          45.7614 %

[P]total cuckoo num:      0 
[P]total cuckoo path:     0 
[P]total cp perset:       0.000000 / set
[P]total cp percuckoo:    -nan / cuckoo num

[P]cuckoo path / s:       0 / s
[P]cp per set * s:        0 / set * s

[P]break loop / s:        0 / s
[P]break / set :          0 %

[P]Throughput:            97126.148 ops
[P]all request:           66447 o

[P]GetThroughput:         38451.705 ops
[P]SetThroughput:         58674.443 ops

[P]Valid Entries:         56850.231 / s
[P]set success:           58618.898 / s

[P]get found:             17596.048 / s

----------------------------------

[INFO]Current Time:       7.10 s

[P]indexs Load Factor:    0.1872 %

[P]full bucket LFactor:   0.0000 %

[P]set request:           151320 
[P]get request:           103537 

[P]Get Hit Rate:          54.2515 %
[P]ACC Hit Rate:          52.0944 %

[P]total cuckoo num:      0 
[P]total cuckoo path:     0 
[P]total cp perset:       0.000000 / set
[P]total cp percuckoo:    -nan / cuckoo num

[P]cuckoo path / s:       0 / s
[P]cp per set * s:        0 / set * s

[P]break loop / s:        0 / s
[P]break / set :          0 %

[P]Throughput:            256123.331 ops
[P]all request:           254857 o

[P]GetThroughput:         104987.320 ops
[P]SetThroughput:         151136.011 ops

[P]Valid Entries:         149975.089 / s
[P]set success:           151853.771 / s

[P]get found:             56957.229 / s

----------------------------------

[INFO]Current Time:       7.83 s

[P]indexs Load Factor:    1.8175 %

[P]full bucket LFactor:   0.0000 %

[P]set request:           1211543 
[P]get request:           872677 

[P]Get Hit Rate:          58.2826 %
[P]ACC Hit Rate:          57.5484 %

[P]total cuckoo num:      0 
[P]total cuckoo path:     0 
[P]total cp perset:       0.000000 / set
[P]total cp percuckoo:    -nan / cuckoo num

[P]cuckoo path / s:       0 / s
[P]cp per set * s:        0 / set * s

[P]break loop / s:        0 / s
[P]break / set :          0 %

[P]Throughput:            2506742.954 ops
[P]all request:           2084220 o

[P]GetThroughput:         1053938.598 ops
[P]SetThroughput:         1452804.356 ops

[P]Valid Entries:         1448523.595 / s
[P]set success:           1452794.764 / s

[P]get found:             614263.106 / s

----------------------------------

[INFO]Current Time:       8.57 s

[P]indexs Load Factor:    4.4682 %

[P]full bucket LFactor:   0.0002 %

[P]set request:           3606457 
[P]get request:           2674645 

[P]Get Hit Rate:          64.0816 %
[P]ACC Hit Rate:          61.9500 %

[P]total cuckoo num:      0 
[P]total cuckoo path:     0 
[P]total cp perset:       0.000000 / set
[P]total cp percuckoo:    -nan / cuckoo num

[P]cuckoo path / s:       0 / s
[P]cp per set * s:        0 / set * s

[P]break loop / s:        0 / s
[P]break / set :          0 %

[P]Throughput:            5725758.110 ops
[P]all request:           6281104 o

[P]GetThroughput:         2458403.161 ops
[P]SetThroughput:         3267352.221 ops

[P]Valid Entries:         3230329.540 / s
[P]set success:           2939588.871 / s

[P]get found:             1575384.181 / s

----------------------------------

[INFO]Current Time:       9.36 s

[P]indexs Load Factor:    7.1773 %

[P]full bucket LFactor:   0.0029 %

[P]set request:           5937866 
[P]get request:           4619647 

[P]Get Hit Rate:          67.7850 %
[P]ACC Hit Rate:          64.4067 %

[P]total cuckoo num:      0 
[P]total cuckoo path:     0 
[P]total cp perset:       0.000000 / set
[P]total cp percuckoo:    -nan / cuckoo num

[P]cuckoo path / s:       0 / s
[P]cp per set * s:        0 / set * s

[P]break loop / s:        0 / s
[P]break / set :          0 %

[P]Throughput:            5394976.408 ops
[P]all request:           10557513 o

[P]GetThroughput:         2453750.309 ops
[P]SetThroughput:         2941228.623 ops

[P]Valid Entries:         3100521.639 / s
[P]set success:           3099961.504 / s

[P]get found:             1663273.883 / s

----------------------------------

[INFO]Current Time:       10.20 s

[P]indexs Load Factor:    9.9160 %

[P]full bucket LFactor:   0.0175 %

[P]set request:           8522878 
[P]get request:           6603627 

[P]Get Hit Rate:          73.6603 %
[P]ACC Hit Rate:          67.1868 %

[P]total cuckoo num:      0 
[P]total cuckoo path:     0 
[P]total cp perset:       0.000000 / set
[P]total cp percuckoo:    -nan / cuckoo num

[P]cuckoo path / s:       0 / s
[P]cp per set * s:        0 / set * s

[P]break loop / s:        0 / s
[P]break / set :          0 %

[P]Throughput:            5435407.552 ops
[P]all request:           15126505 o

[P]GetThroughput:         2360201.085 ops
[P]SetThroughput:         3075206.467 ops

[P]Valid Entries:         2998745.412 / s
[P]set success:           3067789.128 / s

[P]get found:             1738530.462 / s

----------------------------------

[INFO]Current Time:       11.07 s

[P]indexs Load Factor:    12.6574 %

[P]full bucket LFactor:   0.0622 %

[P]set request:           11157023 
[P]get request:           8667896 

[P]Get Hit Rate:          77.3233 %
[P]ACC Hit Rate:          69.6008 %

[P]total cuckoo num:      0 
[P]total cuckoo path:     0 
[P]total cp perset:       0.000000 / set
[P]total cp percuckoo:    -nan / cuckoo num

[P]cuckoo path / s:       0 / s
[P]cp per set * s:        0 / set * s

[P]break loop / s:        0 / s
[P]break / set :          0 %

[P]Throughput:            5400183.554 ops
[P]all request:           19824919 o

[P]GetThroughput:         2372594.562 ops
[P]SetThroughput:         3027588.992 ops

[P]Valid Entries:         2941086.778 / s
[P]set success:           2971182.850 / s

[P]get found:             1834567.363 / s

----------------------------------

[INFO]Current Time:       11.96 s

[P]indexs Load Factor:    15.4196 %

[P]full bucket LFactor:   0.1650 %

[P]set request:           13777527 
[P]get request:           10819151 

[P]Get Hit Rate:          75.6813 %
[P]ACC Hit Rate:          70.8098 %

[P]total cuckoo num:      3 
[P]total cuckoo path:     0 
[P]total cp perset:       0.000000 / set
[P]total cp percuckoo:    0.000000 / cuckoo num

[P]cuckoo path / s:       0 / s
[P]cp per set * s:        0 / set * s

[P]break loop / s:        0 / s
[P]break / set :          0 %

[P]Throughput:            5347251.930 ops
[P]all request:           24596678 o

[P]GetThroughput:         2410704.826 ops
[P]SetThroughput:         2936547.104 ops

[P]Valid Entries:         2842666.268 / s
[P]set success:           2924315.712 / s

[P]get found:             1824453.032 / s

----------------------------------

[INFO]Current Time:       12.87 s

[P]indexs Load Factor:    18.2074 %

[P]full bucket LFactor:   0.3625 %

[P]set request:           16454340 
[P]get request:           13008757 

[P]Get Hit Rate:          79.8449 %
[P]ACC Hit Rate:          72.3306 %

[P]total cuckoo num:      16 
[P]total cuckoo path:     0 
[P]total cp perset:       0.000000 / set
[P]total cp percuckoo:    0.000000 / cuckoo num

[P]cuckoo path / s:       0 / s
[P]cp per set * s:        0 / set * s

[P]break loop / s:        0 / s
[P]break / set :          0 %

[P]Throughput:            5366584.506 ops
[P]all request:           29463097 o

[P]GetThroughput:         2414651.438 ops
[P]SetThroughput:         2951933.069 ops

[P]Valid Entries:         2804762.805 / s
[P]set success:           2846989.314 / s

[P]get found:             1927976.333 / s

----------------------------------

[INFO]Current Time:       13.79 s

[P]indexs Load Factor:    20.9831 %

[P]full bucket LFactor:   0.6850 %

[P]set request:           19131907 
[P]get request:           15219617 

[P]Get Hit Rate:          78.5075 %
[P]ACC Hit Rate:          73.2279 %

[P]total cuckoo num:      112 
[P]total cuckoo path:     1 
[P]total cp perset:       0.000000 / set
[P]total cp percuckoo:    0.008929 / cuckoo num

[P]cuckoo path / s:       1.087 / s
[P]cp per set * s:        0.000000 / set * s

[P]break loop / s:        0 / s
[P]break / set :          0 %

[P]Throughput:            5313761.925 ops
[P]all request:           34351524 o

[P]GetThroughput:         2403223.714 ops
[P]SetThroughput:         2910538.211 ops

[P]Valid Entries:         2806100.604 / s
[P]set success:           2809240.972 / s

[P]get found:             1886712.037 / s

----------------------------------

[INFO]Current Time:       14.72 s

[P]indexs Load Factor:    23.7589 %

[P]full bucket LFactor:   1.1653 %

[P]set request:           21707524 
[P]get request:           17504220 

[P]Get Hit Rate:          79.8796 %
[P]ACC Hit Rate:          74.0961 %

[P]total cuckoo num:      362 
[P]total cuckoo path:     1 
[P]total cp perset:       0.000000 / set
[P]total cp percuckoo:    0.002762 / cuckoo num

[P]cuckoo path / s:       0 / s
[P]cp per set * s:        0 / set * s

[P]break loop / s:        0 / s
[P]break / set :          0 %

[P]Throughput:            5222925.513 ops
[P]all request:           39211744 o

[P]GetThroughput:         2455096.949 ops
[P]SetThroughput:         2767828.563 ops

[P]Valid Entries:         2786534.602 / s
[P]set success:           2881785.275 / s

[P]get found:             1961121.904 / s

----------------------------------

[INFO]Current Time:       15.66 s

[P]indexs Load Factor:    26.5385 %

[P]full bucket LFactor:   1.8234 %

[P]set request:           24353973 
[P]get request:           19731742 

[P]Get Hit Rate:          83.4331 %
[P]ACC Hit Rate:          75.1501 %

[P]total cuckoo num:      1050 
[P]total cuckoo path:     13 
[P]total cp perset:       0.000001 / set
[P]total cp percuckoo:    0.012381 / cuckoo num

[P]cuckoo path / s:       12.792 / s
[P]cp per set * s:        0.000004 / set * s

[P]break loop / s:        0 / s
[P]break / set :          0 %

[P]Throughput:            5195472.365 ops
[P]all request:           44085715 o

[P]GetThroughput:         2374455.858 ops
[P]SetThroughput:         2821016.507 ops

[P]Valid Entries:         2750317.582 / s
[P]set success:           2846759.511 / s

[P]get found:             1981081.429 / s

----------------------------------

[INFO]Current Time:       16.61 s

[P]indexs Load Factor:    29.3121 %

[P]full bucket LFactor:   2.6863 %

[P]set request:           27061926 
[P]get request:           22064134 

[P]Get Hit Rate:          81.8764 %
[P]ACC Hit Rate:          75.8612 %

[P]total cuckoo num:      2627 
[P]total cuckoo path:     37 
[P]total cp perset:       0.000001 / set
[P]total cp percuckoo:    0.014085 / cuckoo num

[P]cuckoo path / s:       25.320 / s
[P]cp per set * s:        0.000009 / set * s

[P]break loop / s:        0 / s
[P]break / set :          0 %

[P]Throughput:            5317487.204 ops
[P]all request:           49126060 o

[P]GetThroughput:         2460638.035 ops
[P]SetThroughput:         2856849.169 ops

[P]Valid Entries:         2739547.523 / s
[P]set success:           2838267.723 / s

[P]get found:             2014682.258 / s

----------------------------------

[INFO]Current Time:       17.56 s

[P]indexs Load Factor:    32.0692 %

[P]full bucket LFactor:   3.7422 %

[P]set request:           29718221 
[P]get request:           24332165 

[P]Get Hit Rate:          85.1545 %
[P]ACC Hit Rate:          76.7274 %

[P]total cuckoo num:      6029 
[P]total cuckoo path:     148 
[P]total cp perset:       0.000005 / set
[P]total cp percuckoo:    0.024548 / cuckoo num

[P]cuckoo path / s:       116.623 / s
[P]cp per set * s:        0.000042 / set * s

[P]break loop / s:        0 / s
[P]break / set :          0 %

[P]Throughput:            5173801.349 ops
[P]all request:           54050386 o

[P]GetThroughput:         2382933.593 ops
[P]SetThroughput:         2790867.756 ops

[P]Valid Entries:         2712448.459 / s
[P]set success:           2771976.856 / s

[P]get found:             2029175.756 / s

----------------------------------

[INFO]Current Time:       18.52 s

[P]indexs Load Factor:    34.8291 %

[P]full bucket LFactor:   5.0092 %

[P]set request:           32401921 
[P]get request:           26637522 

[P]Get Hit Rate:          85.8358 %
[P]ACC Hit Rate:          77.5157 %

[P]total cuckoo num:      12219 
[P]total cuckoo path:     379 
[P]total cp perset:       0.000012 / set
[P]total cp percuckoo:    0.031017 / cuckoo num

[P]cuckoo path / s:       241.314 / s
[P]cp per set * s:        0.000088 / set * s

[P]break loop / s:        0 / s
[P]break / set :          0 %

[P]Throughput:            5211815.521 ops
[P]all request:           59039443 o

[P]GetThroughput:         2408289.862 ops
[P]SetThroughput:         2803525.659 ops

[P]Valid Entries:         2683051.464 / s
[P]set success:           2739359.113 / s

[P]get found:             2067174.218 / s

----------------------------------

[INFO]Current Time:       19.47 s

[P]indexs Load Factor:    37.5734 %

[P]full bucket LFactor:   6.4747 %

[P]set request:           35029828 
[P]get request:           28977420 

[P]Get Hit Rate:          85.3891 %
[P]ACC Hit Rate:          78.1515 %

[P]total cuckoo num:      22816 
[P]total cuckoo path:     931 
[P]total cp perset:       0.000027 / set
[P]total cp percuckoo:    0.040805 / cuckoo num

[P]cuckoo path / s:       576.997 / s
[P]cp per set * s:        0.000215 / set * s

[P]break loop / s:        0 / s
[P]break / set :          0 %

[P]Throughput:            5192765.184 ops
[P]all request:           64007248 o

[P]GetThroughput:         2445857.047 ops
[P]SetThroughput:         2746908.137 ops

[P]Valid Entries:         2664403.901 / s
[P]set success:           2688035.673 / s

[P]get found:             2088495.484 / s

----------------------------------

[INFO]Current Time:       20.44 s

[P]indexs Load Factor:    40.2990 %

[P]full bucket LFactor:   8.1239 %

[P]set request:           37675565 
[P]get request:           31344175 

[P]Get Hit Rate:          85.9256 %
[P]ACC Hit Rate:          78.7385 %

[P]total cuckoo num:      40694 
[P]total cuckoo path:     2122 
[P]total cp perset:       0.000057 / set
[P]total cp percuckoo:    0.052145 / cuckoo num

[P]cuckoo path / s:       1236.787 / s
[P]cp per set * s:        0.000447 / set * s

[P]break loop / s:        0 / s
[P]break / set :          0 %

[P]Throughput:            5205194.333 ops
[P]all request:           69019740 o

[P]GetThroughput:         2457743.516 ops
[P]SetThroughput:         2747450.817 ops

[P]Valid Entries:         2662861.211 / s
[P]set success:           2766272.622 / s

[P]get found:             2111831.450 / s

----------------------------------

[INFO]Current Time:       21.40 s

[P]indexs Load Factor:    42.9943 %

[P]full bucket LFactor:   9.9328 %

[P]set request:           40215605 
[P]get request:           33664204 

[P]Get Hit Rate:          86.5376 %
[P]ACC Hit Rate:          79.2760 %

[P]total cuckoo num:      67102 
[P]total cuckoo path:     4184 
[P]total cp perset:       0.000105 / set
[P]total cp percuckoo:    0.062353 / cuckoo num

[P]cuckoo path / s:       2146.496 / s
[P]cp per set * s:        0.000794 / set * s

[P]break loop / s:        0 / s
[P]break / set :          0 %

[P]Throughput:            5059224.433 ops
[P]all request:           73879809 o

[P]GetThroughput:         2415098.922 ops
[P]SetThroughput:         2644125.511 ops

[P]Valid Entries:         2601118.550 / s
[P]set success:           2704174.321 / s

[P]get found:             2089968.211 / s

----------------------------------

[INFO]Current Time:       22.36 s

[P]indexs Load Factor:    45.6798 %

[P]full bucket LFactor:   11.9112 %

[P]set request:           42842006 
[P]get request:           36037755 

[P]Get Hit Rate:          83.1034 %
[P]ACC Hit Rate:          79.5280 %

[P]total cuckoo num:      106342 
[P]total cuckoo path:     7964 
[P]total cp perset:       0.000187 / set
[P]total cp percuckoo:    0.074890 / cuckoo num

[P]cuckoo path / s:       3930.552 / s
[P]cp per set * s:        0.001429 / set * s

[P]break loop / s:        0 / s
[P]break / set :          0 %

[P]Throughput:            5199093.593 ops
[P]all request:           78879761 o

[P]GetThroughput:         2468086.453 ops
[P]SetThroughput:         2731007.140 ops

[P]Valid Entries:         2643295.510 / s
[P]set success:           2749856.115 / s

[P]get found:             2051063.153 / s

----------------------------------

[INFO]Current Time:       23.31 s

[P]indexs Load Factor:    48.3237 %

[P]full bucket LFactor:   14.0067 %

[P]set request:           45452773 
[P]get request:           38340145 

[P]Get Hit Rate:          88.8808 %
[P]ACC Hit Rate:          80.0897 %

[P]total cuckoo num:      161223 
[P]total cuckoo path:     14396 
[P]total cp perset:       0.000320 / set
[P]total cp percuckoo:    0.089292 / cuckoo num

[P]cuckoo path / s:       6719.809 / s
[P]cp per set * s:        0.002593 / set * s

[P]break loop / s:        0 / s
[P]break / set :          0 %

[P]Throughput:            5133003.490 ops
[P]all request:           83792918 o

[P]GetThroughput:         2405413.852 ops
[P]SetThroughput:         2727589.638 ops

[P]Valid Entries:         2602826.013 / s
[P]set success:           2591101.868 / s

[P]get found:             2137951.440 / s

----------------------------------

[INFO]Current Time:       24.27 s

[P]indexs Load Factor:    50.8921 %

[P]full bucket LFactor:   16.1802 %

[P]set request:           47993451 
[P]get request:           40625427 

[P]Get Hit Rate:          86.5898 %
[P]ACC Hit Rate:          80.4553 %

[P]total cuckoo num:      233905 
[P]total cuckoo path:     24628 
[P]total cp perset:       0.000518 / set
[P]total cp percuckoo:    0.105291 / cuckoo num

[P]cuckoo path / s:       10661.222 / s
[P]cp per set * s:        0.004050 / set * s

[P]break loop / s:        0 / s
[P]break / set :          0 %

[P]Throughput:            5028403.927 ops
[P]all request:           88618878 o

[P]GetThroughput:         2381147.167 ops
[P]SetThroughput:         2647256.760 ops

[P]Valid Entries:         2527631.643 / s
[P]set success:           2632439.204 / s

[P]get found:             2061829.410 / s

----------------------------------

[INFO]Current Time:       25.23 s

[P]indexs Load Factor:    53.4330 %

[P]full bucket LFactor:   18.4564 %

[P]set request:           50476316 
[P]get request:           42865027 

[P]Get Hit Rate:          86.9588 %
[P]ACC Hit Rate:          80.7951 %

[P]total cuckoo num:      328410 
[P]total cuckoo path:     40350 
[P]total cp perset:       0.000806 / set
[P]total cp percuckoo:    0.122865 / cuckoo num

[P]cuckoo path / s:       16449.716 / s
[P]cp per set * s:        0.006264 / set * s

[P]break loop / s:        0 / s
[P]break / set :          0 %

[P]Throughput:            4941051.205 ops
[P]all request:           93341343 o

[P]GetThroughput:         2343263.164 ops
[P]SetThroughput:         2597788.041 ops

[P]Valid Entries:         2520635.923 / s
[P]set success:           2626016.849 / s

[P]get found:             2037674.277 / s

----------------------------------

[INFO]Current Time:       26.19 s

[P]indexs Load Factor:    55.8739 %

[P]full bucket LFactor:   20.7549 %

[P]set request:           52880266 
[P]get request:           45032200 

[P]Get Hit Rate:          89.2749 %
[P]ACC Hit Rate:          81.2032 %

[P]total cuckoo num:      446388 
[P]total cuckoo path:     63745 
[P]total cp perset:       0.001215 / set
[P]total cp percuckoo:    0.142802 / cuckoo num

[P]cuckoo path / s:       24486.051 / s
[P]cp per set * s:        0.009738 / set * s

[P]break loop / s:        0 / s
[P]break / set :          0 %

[P]Throughput:            4784302.167 ops
[P]all request:           97912466 o

[P]GetThroughput:         2268241.410 ops
[P]SetThroughput:         2516060.757 ops

[P]Valid Entries:         2451938.598 / s
[P]set success:           2514546.274 / s

[P]get found:             2024969.697 / s

----------------------------------

[INFO]Current Time:       27.13 s

[P]indexs Load Factor:    58.1069 %

[P]full bucket LFactor:   22.9691 %

[P]set request:           55161245 
[P]get request:           47078028 

[P]Get Hit Rate:          87.2547 %
[P]ACC Hit Rate:          81.4662 %

[P]total cuckoo num:      585256 
[P]total cuckoo path:     96326 
[P]total cp perset:       0.001762 / set
[P]total cp percuckoo:    0.164588 / cuckoo num

[P]cuckoo path / s:       34414.355 / s
[P]cp per set * s:        0.014733 / set * s

[P]break loop / s:        0 / s
[P]break / set :          0 %

[P]Throughput:            4570279.319 ops
[P]all request:           102239273 o

[P]GetThroughput:         2160948.108 ops
[P]SetThroughput:         2409331.211 ops

[P]Valid Entries:         2318550.029 / s
[P]set success:           2335858.080 / s

[P]get found:             1885528.700 / s

----------------------------------

[INFO]Current Time:       28.08 s

[P]indexs Load Factor:    60.2077 %

[P]full bucket LFactor:   25.0812 %

[P]set request:           57246591 
[P]get request:           48910711 

[P]Get Hit Rate:          86.6559 %
[P]ACC Hit Rate:          81.6607 %

[P]total cuckoo num:      738791 
[P]total cuckoo path:     137889 
[P]total cp perset:       0.002431 / set
[P]total cp percuckoo:    0.186641 / cuckoo num

[P]cuckoo path / s:       43918.158 / s
[P]cp per set * s:        0.020242 / set * s

[P]break loop / s:        0 / s
[P]break / set :          0 %

[P]Throughput:            4140043.207 ops
[P]all request:           106157302 o

[P]GetThroughput:         1936531.558 ops
[P]SetThroughput:         2203511.649 ops

[P]Valid Entries:         2123163.917 / s
[P]set success:           2169683.583 / s

[P]get found:             1678118.906 / s

----------------------------------

[INFO]Current Time:       29.02 s

[P]indexs Load Factor:    62.4708 %

[P]full bucket LFactor:   27.4471 %

[P]set request:           59354733 
[P]get request:           50813685 

[P]Get Hit Rate:          87.8908 %
[P]ACC Hit Rate:          81.8940 %

[P]total cuckoo num:      871115 
[P]total cuckoo path:     177797 
[P]total cp perset:       0.003017 / set
[P]total cp percuckoo:    0.204103 / cuckoo num

[P]cuckoo path / s:       42476.066 / s
[P]cp per set * s:        0.018051 / set * s

[P]break loop / s:        0 / s
[P]break / set :          0 %

[P]Throughput:            4269229.959 ops
[P]all request:           110168418 o

[P]GetThroughput:         2025429.734 ops
[P]SetThroughput:         2243800.225 ops

[P]Valid Entries:         2210512.689 / s
[P]set success:           2353052.525 / s

[P]expire scan persec:    4274264.333 / s
[P]total expire scan:     4015846
[P]expire hit persec:     68326.991 / s
[P]total expire hit:      64196

[P]expire hit rate:       1.598567 %
[P]total expire hit rate: 1.598567 %

[P]get found:             1780166.319 / s

----------------------------------

[INFO]Current Time:       29.95 s

[P]indexs Load Factor:    64.8000 %

[P]full bucket LFactor:   30.0456 %

[P]set request:           61925823 
[P]get request:           53012655 

[P]Get Hit Rate:          85.7327 %
[P]ACC Hit Rate:          82.0532 %

[P]total cuckoo num:      900174 
[P]total cuckoo path:     187735 
[P]total cp perset:       0.003053 / set
[P]total cp percuckoo:    0.208554 / cuckoo num

[P]cuckoo path / s:       10634.561 / s
[P]cp per set * s:        0.003889 / set * s

[P]break loop / s:        0 / s
[P]break / set :          0 %

[P]Throughput:            5104396.886 ops
[P]all request:           114938478 o

[P]GetThroughput:         2353097.366 ops
[P]SetThroughput:         2751299.520 ops

[P]Valid Entries:         2409218.273 / s
[P]set success:           2734488.395 / s

[P]expire scan persec:    13648119.885 / s
[P]total expire scan:     16770017
[P]expire hit persec:     264487.900 / s
[P]total expire hit:      311360

[P]expire hit rate:       1.937907 %
[P]total expire hit rate: 1.856647 %

[P]get found:             2017374.597 / s

----------------------------------

[INFO]Current Time:       30.88 s

[P]indexs Load Factor:    67.0843 %

[P]full bucket LFactor:   32.6571 %

[P]set request:           64417710 
[P]get request:           55168328 

[P]Get Hit Rate:          86.6682 %
[P]ACC Hit Rate:          82.2335 %

[P]total cuckoo num:      921655 
[P]total cuckoo path:     196649 
[P]total cp perset:       0.003074 / set
[P]total cp percuckoo:    0.213365 / cuckoo num

[P]cuckoo path / s:       9606.877 / s
[P]cp per set * s:        0.003598 / set * s

[P]break loop / s:        0 / s
[P]break / set :          0 %

[P]Throughput:            5008810.709 ops
[P]all request:           119586038 o

[P]GetThroughput:         2323231.547 ops
[P]SetThroughput:         2685579.162 ops

[P]Valid Entries:         2298943.843 / s
[P]set success:           2669940.235 / s

[P]expire scan persec:    12806269.203 / s
[P]total expire scan:     28652659
[P]expire hit persec:     320598.545 / s
[P]total expire hit:      608836

[P]expire hit rate:       2.503450 %
[P]total expire hit rate: 2.124885 %

[P]get found:             2013504.055 / s

----------------------------------

[INFO]Current Time:       31.80 s

[P]indexs Load Factor:    69.2842 %

[P]full bucket LFactor:   35.2763 %

[P]set request:           66963706 
[P]get request:           57361734 

[P]Get Hit Rate:          86.2415 %
[P]ACC Hit Rate:          82.3868 %

[P]total cuckoo num:      938932 
[P]total cuckoo path:     205301 
[P]total cp perset:       0.003089 / set
[P]total cp percuckoo:    0.218654 / cuckoo num

[P]cuckoo path / s:       9381.649 / s
[P]cp per set * s:        0.003470 / set * s

[P]break loop / s:        0 / s
[P]break / set :          0 %

[P]Throughput:            5139089.817 ops
[P]all request:           124325440 o

[P]GetThroughput:         2378382.429 ops
[P]SetThroughput:         2760707.389 ops

[P]Valid Entries:         2305692.000 / s
[P]set success:           2703374.367 / s

[P]expire scan persec:    12743220.870 / s
[P]total expire scan:     40404788
[P]expire hit persec:     396615.384 / s
[P]total expire hit:      974605

[P]expire hit rate:       3.112364 %
[P]total expire hit rate: 2.412103 %

[P]get found:             2051152.427 / s

----------------------------------

[INFO]Current Time:       32.72 s

[P]indexs Load Factor:    71.4214 %

[P]full bucket LFactor:   37.8693 %

[P]set request:           69330770 
[P]get request:           59530727 

[P]Get Hit Rate:          84.5005 %
[P]ACC Hit Rate:          82.4638 %

[P]total cuckoo num:      951996 
[P]total cuckoo path:     212969 
[P]total cp perset:       0.003089 / set
[P]total cp percuckoo:    0.223708 / cuckoo num

[P]cuckoo path / s:       8393.777 / s
[P]cp per set * s:        0.003098 / set * s

[P]break loop / s:        0 / s
[P]break / set :          0 %

[P]Throughput:            4965395.231 ops
[P]all request:           128861497 o

[P]GetThroughput:         2374288.396 ops
[P]SetThroughput:         2591106.835 ops

[P]Valid Entries:         2214126.857 / s
[P]set success:           2709231.622 / s

[P]expire scan persec:    12236196.907 / s
[P]total expire scan:     51582969
[P]expire hit persec:     460606.867 / s
[P]total expire hit:      1395385

[P]expire hit rate:       3.764298 %
[P]total expire hit rate: 2.705127 %

[P]get found:             2006285.643 / s

----------------------------------

[INFO]Current Time:       33.63 s

[P]indexs Load Factor:    73.4809 %

[P]full bucket LFactor:   40.4701 %

[P]set request:           71847885 
[P]get request:           61682896 

[P]Get Hit Rate:          84.1518 %
[P]ACC Hit Rate:          82.5227 %

[P]total cuckoo num:      962532 
[P]total cuckoo path:     220228 
[P]total cp perset:       0.003082 / set
[P]total cp percuckoo:    0.228801 / cuckoo num

[P]cuckoo path / s:       7987.254 / s
[P]cp per set * s:        0.002898 / set * s

[P]break loop / s:        0 / s
[P]break / set :          0 %

[P]Throughput:            5137726.413 ops
[P]all request:           133530781 o

[P]GetThroughput:         2368083.740 ops
[P]SetThroughput:         2769642.673 ops

[P]Valid Entries:         2187652.569 / s
[P]set success:           2756519.106 / s

[P]expire scan persec:    12179739.991 / s
[P]total expire scan:     62652197
[P]expire hit persec:     542591.894 / s
[P]total expire hit:      1888505

[P]expire hit rate:       4.454873 %
[P]total expire hit rate: 3.014268 %

[P]get found:             1992785.145 / s

----------------------------------

[INFO]Current Time:       34.52 s

[P]indexs Load Factor:    75.4480 %

[P]full bucket LFactor:   43.0103 %

[P]set request:           74219990 
[P]get request:           63808070 

[P]Get Hit Rate:          81.1327 %
[P]ACC Hit Rate:          82.4764 %

[P]total cuckoo num:      970842 
[P]total cuckoo path:     226818 
[P]total cp perset:       0.003073 / set
[P]total cp percuckoo:    0.233630 / cuckoo num

[P]cuckoo path / s:       7338.881 / s
[P]cp per set * s:        0.002786 / set * s

[P]break loop / s:        0 / s
[P]break / set :          0 %

[P]Throughput:            5008345.128 ops
[P]all request:           138028060 o

[P]GetThroughput:         2366676.573 ops
[P]SetThroughput:         2641668.556 ops

[P]Valid Entries:         2089348.175 / s
[P]set success:           2633987.788 / s

[P]expire scan persec:    11837437.623 / s
[P]total expire scan:     73281708
[P]expire hit persec:     612746.431 / s
[P]total expire hit:      2438725

[P]expire hit rate:       5.176343 %
[P]total expire hit rate: 3.327877 %

[P]get found:             1920149.666 / s

----------------------------------

[INFO]Current Time:       35.41 s

[P]indexs Load Factor:    77.3455 %

[P]full bucket LFactor:   45.5519 %

[P]set request:           76710595 
[P]get request:           65958945 

[P]Get Hit Rate:          83.5936 %
[P]ACC Hit Rate:          82.5128 %

[P]total cuckoo num:      977943 
[P]total cuckoo path:     233086 
[P]total cp perset:       0.003057 / set
[P]total cp percuckoo:    0.238343 / cuckoo num

[P]cuckoo path / s:       7038.031 / s
[P]cp per set * s:        0.002566 / set * s

[P]break loop / s:        0 / s
[P]break / set :          0 %

[P]Throughput:            5211691.404 ops
[P]all request:           142669540 o

[P]GetThroughput:         2415112.582 ops
[P]SetThroughput:         2796578.822 ops

[P]Valid Entries:         2065703.745 / s
[P]set success:           2742418.094 / s

[P]expire scan persec:    11971439.797 / s
[P]total expire scan:     83943352
[P]expire hit persec:     699434.120 / s
[P]total expire hit:      3061634

[P]expire hit rate:       5.842523 %
[P]total expire hit rate: 3.647262 %

[P]get found:             2018879.727 / s

----------------------------------

[INFO]Current Time:       36.30 s

[P]indexs Load Factor:    79.0702 %

[P]full bucket LFactor:   47.9427 %

[P]set request:           79133135 
[P]get request:           68046330 

[P]Get Hit Rate:          83.2329 %
[P]ACC Hit Rate:          82.5349 %

[P]total cuckoo num:      983657 
[P]total cuckoo path:     238579 
[P]total cp perset:       0.003033 / set
[P]total cp percuckoo:    0.242543 / cuckoo num

[P]cuckoo path / s:       6226.649 / s
[P]cp per set * s:        0.002272 / set * s

[P]break loop / s:        0 / s
[P]break / set :          0 %

[P]Throughput:            5112273.964 ops
[P]all request:           147179465 o

[P]GetThroughput:         2366177.706 ops
[P]SetThroughput:         2746096.259 ops

[P]Valid Entries:         1954720.092 / s
[P]set success:           2740071.383 / s

[P]expire scan persec:    11663666.780 / s
[P]total expire scan:     94232758
[P]expire hit persec:     780041.693 / s
[P]total expire hit:      3749768

[P]expire hit rate:       6.687791 %
[P]total expire hit rate: 3.979262 %

[P]get found:             1969438.245 / s

----------------------------------

[INFO]Current Time:       37.17 s

[P]indexs Load Factor:    80.7434 %

[P]full bucket LFactor:   50.2786 %

[P]set request:           81377791 
[P]get request:           69976761 

[P]Get Hit Rate:          84.4463 %
[P]ACC Hit Rate:          82.5877 %

[P]total cuckoo num:      988359 
[P]total cuckoo path:     243560 
[P]total cp perset:       0.003012 / set
[P]total cp percuckoo:    0.246429 / cuckoo num

[P]cuckoo path / s:       5685.249 / s
[P]cp per set * s:        0.002263 / set * s

[P]break loop / s:        0 / s
[P]break / set :          0 %

[P]Throughput:            4765390.152 ops
[P]all request:           151354552 o

[P]GetThroughput:         2203368.906 ops
[P]SetThroughput:         2562021.246 ops

[P]Valid Entries:         1787147.288 / s
[P]set success:           2512529.563 / s

[P]expire scan persec:    11080891.182 / s
[P]total expire scan:     103941026
[P]expire hit persec:     820502.046 / s
[P]total expire hit:      4468632

[P]expire hit rate:       7.404658 %
[P]total expire hit rate: 4.299199 %

[P]get found:             1860662.885 / s

----------------------------------

[INFO]Current Time:       38.04 s

[P]indexs Load Factor:    82.3784 %

[P]full bucket LFactor:   52.6666 %

[P]set request:           83780785 
[P]get request:           72071170 

[P]Get Hit Rate:          82.7027 %
[P]ACC Hit Rate:          82.5910 %

[P]total cuckoo num:      992921 
[P]total cuckoo path:     248879 
[P]total cp perset:       0.002989 / set
[P]total cp percuckoo:    0.250653 / cuckoo num

[P]cuckoo path / s:       6111.362 / s
[P]cp per set * s:        0.002214 / set * s

[P]break loop / s:        0 / s
[P]break / set :          0 %

[P]Throughput:            5167373.254 ops
[P]all request:           155851955 o

[P]GetThroughput:         2406409.443 ops
[P]SetThroughput:         2760963.810 ops

[P]Valid Entries:         1843475.896 / s
[P]set success:           2760606.481 / s

[P]expire scan persec:    11809062.351 / s
[P]total expire scan:     114218997
[P]expire hit persec:     969031.779 / s
[P]total expire hit:      5312025

[P]expire hit rate:       8.205832 %
[P]total expire hit rate: 4.650737 %

[P]get found:             1990164.672 / s

----------------------------------

[INFO]Current Time:       38.91 s

[P]indexs Load Factor:    83.8755 %

[P]full bucket LFactor:   54.9159 %

[P]set request:           86126563 
[P]get request:           74007713 

[P]Get Hit Rate:          85.3769 %
[P]ACC Hit Rate:          82.6639 %

[P]total cuckoo num:      996818 
[P]total cuckoo path:     253965 
[P]total cp perset:       0.002966 / set
[P]total cp percuckoo:    0.254776 / cuckoo num

[P]cuckoo path / s:       5894.358 / s
[P]cp per set * s:        0.002167 / set * s

[P]break loop / s:        0 / s
[P]break / set :          0 %

[P]Throughput:            4962944.058 ops
[P]all request:           160134276 o

[P]GetThroughput:         2244333.056 ops
[P]SetThroughput:         2718611.002 ops

[P]Valid Entries:         1703376.776 / s
[P]set success:           2719548.583 / s

[P]expire scan persec:    11454297.721 / s
[P]total expire scan:     124102441
[P]expire hit persec:     1009010.730 / s
[P]total expire hit:      6182659

[P]expire hit rate:       8.809014 %
[P]total expire hit rate: 4.981900 %

[P]get found:             1916142.706 / s

----------------------------------

[INFO]Current Time:       39.77 s

[P]indexs Load Factor:    85.2955 %

[P]full bucket LFactor:   57.1097 %

[P]set request:           88497128 
[P]get request:           76031992 

[P]Get Hit Rate:          82.1716 %
[P]ACC Hit Rate:          82.6508 %

[P]total cuckoo num:      1000373 
[P]total cuckoo path:     259225 
[P]total cp perset:       0.002946 / set
[P]total cp percuckoo:    0.259128 / cuckoo num

[P]cuckoo path / s:       6105.042 / s
[P]cp per set * s:        0.002214 / set * s

[P]break loop / s:        0 / s
[P]break / set :          0 %

[P]Throughput:            5100894.549 ops
[P]all request:           164529120 o

[P]GetThroughput:         2349488.109 ops
[P]SetThroughput:         2751406.441 ops

[P]Valid Entries:         1642541.704 / s
[P]set success:           2758005.921 / s

[P]expire scan persec:    11594105.344 / s
[P]total expire scan:     134091725
[P]expire hit persec:     1107312.942 / s
[P]total expire hit:      7136701

[P]expire hit rate:       9.550654 %
[P]total expire hit rate: 5.322253 %

[P]get found:             1930612.617 / s

----------------------------------

[INFO]Current Time:       40.62 s

[P]indexs Load Factor:    86.6446 %

[P]full bucket LFactor:   59.2700 %

[P]set request:           90842886 
[P]get request:           78031553 

[P]Get Hit Rate:          81.9890 %
[P]ACC Hit Rate:          82.6338 %

[P]total cuckoo num:      1003579 
[P]total cuckoo path:     264221 
[P]total cp perset:       0.002924 / set
[P]total cp percuckoo:    0.263279 / cuckoo num

[P]cuckoo path / s:       5867.245 / s
[P]cp per set * s:        0.002123 / set * s

[P]break loop / s:        0 / s
[P]break / set :          0 %

[P]Throughput:            5103092.826 ops
[P]all request:           168874439 o

[P]GetThroughput:         2348261.519 ops
[P]SetThroughput:         2754831.307 ops

[P]Valid Entries:         1558473.483 / s
[P]set success:           2763130.711 / s

[P]expire scan persec:    11631952.056 / s
[P]total expire scan:     143996413
[P]expire hit persec:     1218156.824 / s
[P]total expire hit:      8173970

[P]expire hit rate:       10.472506 %
[P]total expire hit rate: 5.676509 %

[P]get found:             1925316.056 / s

----------------------------------

[INFO]Current Time:       41.46 s

[P]indexs Load Factor:    87.9182 %

[P]full bucket LFactor:   61.3753 %

[P]set request:           93165274 
[P]get request:           80006140 

[P]Get Hit Rate:          78.8960 %
[P]ACC Hit Rate:          82.5416 %

[P]total cuckoo num:      1006582 
[P]total cuckoo path:     269227 
[P]total cp perset:       0.002905 / set
[P]total cp percuckoo:    0.267467 / cuckoo num

[P]cuckoo path / s:       5940.514 / s
[P]cp per set * s:        0.002147 / set * s

[P]break loop / s:        0 / s
[P]break / set :          0 %

[P]Throughput:            5099128.709 ops
[P]all request:           173171414 o

[P]GetThroughput:         2343200.335 ops
[P]SetThroughput:         2755928.374 ops

[P]Valid Entries:         1475411.868 / s
[P]set success:           2767392.877 / s

[P]expire scan persec:    11652718.474 / s
[P]total expire scan:     153816020
[P]expire hit persec:     1282686.941 / s
[P]total expire hit:      9254875

[P]expire hit rate:       11.007620 %
[P]total expire hit rate: 6.016847 %

[P]get found:             1848691.147 / s

----------------------------------

[INFO]Current Time:       42.30 s

[P]indexs Load Factor:    89.1081 %

[P]full bucket LFactor:   63.4085 %

[P]set request:           95516355 
[P]get request:           82002136 

[P]Get Hit Rate:          81.5624 %
[P]ACC Hit Rate:          82.5177 %

[P]total cuckoo num:      1009386 
[P]total cuckoo path:     274435 
[P]total cp perset:       0.002889 / set
[P]total cp percuckoo:    0.271883 / cuckoo num

[P]cuckoo path / s:       6237.170 / s
[P]cp per set * s:        0.002240 / set * s

[P]break loop / s:        0 / s
[P]break / set :          0 %

[P]Throughput:            5206118.362 ops
[P]all request:           177518492 o

[P]GetThroughput:         2390431.326 ops
[P]SetThroughput:         2815685.839 ops

[P]Valid Entries:         1418131.016 / s
[P]set success:           2785000.591 / s

[P]expire scan persec:    11917241.410 / s
[P]total expire scan:     163766846
[P]expire hit persec:     1427085.571 / s
[P]total expire hit:      10446483

[P]expire hit rate:       11.974966 %
[P]total expire hit rate: 6.378875 %

[P]get found:             1949692.870 / s

----------------------------------

[INFO]Current Time:       43.13 s

[P]indexs Load Factor:    90.2024 %

[P]full bucket LFactor:   65.3433 %

[P]set request:           97847932 
[P]get request:           83943749 

[P]Get Hit Rate:          81.3307 %
[P]ACC Hit Rate:          82.4903 %

[P]total cuckoo num:      1011891 
[P]total cuckoo path:     279612 
[P]total cp perset:       0.002872 / set
[P]total cp percuckoo:    0.276326 / cuckoo num

[P]cuckoo path / s:       6232.080 / s
[P]cp per set * s:        0.002202 / set * s

[P]break loop / s:        0 / s
[P]break / set :          0 %

[P]Throughput:            5144070.780 ops
[P]all request:           181791681 o

[P]GetThroughput:         2337316.393 ops
[P]SetThroughput:         2806755.591 ops

[P]Valid Entries:         1323444.782 / s
[P]set success:           2830092.484 / s

[P]expire scan persec:    11869249.191 / s
[P]total expire scan:     173626653
[P]expire hit persec:     1514708.356 / s
[P]total expire hit:      11704754

[P]expire hit rate:       12.761619 %
[P]total expire hit rate: 6.741335 %

[P]get found:             1900955.249 / s

----------------------------------

[INFO]Current Time:       43.95 s

[P]indexs Load Factor:    91.2021 %

[P]full bucket LFactor:   67.1767 %

[P]set request:           100158209 
[P]get request:           85863305 

[P]Get Hit Rate:          79.6402 %
[P]ACC Hit Rate:          82.4266 %

[P]total cuckoo num:      1014153 
[P]total cuckoo path:     284843 
[P]total cp perset:       0.002858 / set
[P]total cp percuckoo:    0.280868 / cuckoo num

[P]cuckoo path / s:       6343.528 / s
[P]cp per set * s:        0.002284 / set * s

[P]break loop / s:        0 / s
[P]break / set :          0 %

[P]Throughput:            5129432.898 ops
[P]all request:           186021514 o

[P]GetThroughput:         2327806.723 ops
[P]SetThroughput:         2801626.175 ops

[P]Valid Entries:         1233403.252 / s
[P]set success:           2777971.643 / s

[P]expire scan persec:    11836947.806 / s
[P]total expire scan:     183387637
[P]expire hit persec:     1600231.605 / s
[P]total expire hit:      13024337

[P]expire hit rate:       13.518955 %
[P]total expire hit rate: 7.102080 %

[P]get found:             1853869.642 / s

----------------------------------

[INFO]Current Time:       44.77 s

[P]indexs Load Factor:    92.1312 %

[P]full bucket LFactor:   68.9256 %

[P]set request:           102379155 
[P]get request:           87773248 

[P]Get Hit Rate:          79.4891 %
[P]ACC Hit Rate:          82.3627 %

[P]total cuckoo num:      1016334 
[P]total cuckoo path:     290218 
[P]total cp perset:       0.002847 / set
[P]total cp percuckoo:    0.285554 / cuckoo num

[P]cuckoo path / s:       6545.850 / s
[P]cp per set * s:        0.002350 / set * s

[P]break loop / s:        0 / s
[P]break / set :          0 %

[P]Throughput:            5030730.840 ops
[P]all request:           190152403 o

[P]GetThroughput:         2325990.641 ops
[P]SetThroughput:         2704740.199 ops

[P]Valid Entries:         1128296.228 / s
[P]set success:           2784996.578 / s

[P]expire scan persec:    11636785.245 / s
[P]total expire scan:     192942962
[P]expire hit persec:     1658102.075 / s
[P]total expire hit:      14385856

[P]expire hit rate:       14.248798 %
[P]total expire hit rate: 7.456015 %

[P]get found:             1848908.416 / s

----------------------------------

[INFO]Current Time:       45.59 s

[P]indexs Load Factor:    92.9837 %

[P]full bucket LFactor:   70.5863 %

[P]set request:           104661535 
[P]get request:           89699150 

[P]Get Hit Rate:          80.7220 %
[P]ACC Hit Rate:          82.3274 %

[P]total cuckoo num:      1018381 
[P]total cuckoo path:     296031 
[P]total cp perset:       0.002840 / set
[P]total cp percuckoo:    0.290688 / cuckoo num

[P]cuckoo path / s:       7141.067 / s
[P]cp per set * s:        0.002514 / set * s

[P]break loop / s:        0 / s
[P]break / set :          0 %

[P]Throughput:            5169728.592 ops
[P]all request:           194360686 o

[P]GetThroughput:         2365903.299 ops
[P]SetThroughput:         2803824.064 ops

[P]Valid Entries:         1065066.915 / s
[P]set success:           2840997.416 / s

[P]expire scan persec:    11887291.208 / s
[P]total expire scan:     202619502
[P]expire hit persec:     1709672.010 / s
[P]total expire hit:      15777570

[P]expire hit rate:       14.382352 %
[P]total expire hit rate: 7.786797 %

[P]get found:             1909804.937 / s

----------------------------------

[INFO]Current Time:       46.40 s

[P]indexs Load Factor:    93.7404 %

[P]full bucket LFactor:   72.1044 %

[P]set request:           106921553 
[P]get request:           91568681 

[P]Get Hit Rate:          82.0312 %
[P]ACC Hit Rate:          82.3214 %

[P]total cuckoo num:      1020343 
[P]total cuckoo path:     302251 
[P]total cp perset:       0.002838 / set
[P]total cp percuckoo:    0.296225 / cuckoo num

[P]cuckoo path / s:       7686.937 / s
[P]cp per set * s:        0.002763 / set * s

[P]break loop / s:        0 / s
[P]break / set :          0 %

[P]Throughput:            5103468.384 ops
[P]all request:           198490234 o

[P]GetThroughput:         2310444.715 ops
[P]SetThroughput:         2793024.905 ops

[P]Valid Entries:         976197.684 / s
[P]set success:           2782590.692 / s

[P]expire scan persec:    11864161.190 / s
[P]total expire scan:     212219566
[P]expire hit persec:     1814270.264 / s
[P]total expire hit:      17245614

[P]expire hit rate:       15.292023 %
[P]total expire hit rate: 8.126307 %

[P]get found:             1895285.879 / s

----------------------------------

[INFO]Current Time:       47.20 s

[P]indexs Load Factor:    94.4421 %

[P]full bucket LFactor:   73.5515 %

[P]set request:           109116126 
[P]get request:           93414152 

[P]Get Hit Rate:          80.3931 %
[P]ACC Hit Rate:          82.2833 %

[P]total cuckoo num:      1022136 
[P]total cuckoo path:     308584 
[P]total cp perset:       0.002839 / set
[P]total cp percuckoo:    0.301901 / cuckoo num

[P]cuckoo path / s:       7885.191 / s
[P]cp per set * s:        0.002893 / set * s

[P]break loop / s:        0 / s
[P]break / set :          0 %

[P]Throughput:            5030241.315 ops
[P]all request:           202530278 o

[P]GetThroughput:         2297787.962 ops
[P]SetThroughput:         2732453.353 ops

[P]Valid Entries:         878254.382 / s
[P]set success:           2725694.974 / s

[P]expire scan persec:    11661369.377 / s
[P]total expire scan:     221585408
[P]expire hit persec:     1854019.677 / s
[P]total expire hit:      18734672

[P]expire hit rate:       15.898816 %
[P]total expire hit rate: 8.454831 %

[P]get found:             1847262.543 / s

----------------------------------

[INFO]Current Time:       47.99 s

[P]indexs Load Factor:    95.0509 %

[P]full bucket LFactor:   74.8478 %

[P]set request:           111236353 
[P]get request:           95161808 

[P]Get Hit Rate:          81.7134 %
[P]ACC Hit Rate:          82.2728 %

[P]total cuckoo num:      1023892 
[P]total cuckoo path:     315318 
[P]total cp perset:       0.002845 / set
[P]total cp percuckoo:    0.307960 / cuckoo num

[P]cuckoo path / s:       8469.832 / s
[P]cp per set * s:        0.003120 / set * s

[P]break loop / s:        0 / s
[P]break / set :          0 %

[P]Throughput:            4864912.473 ops
[P]all request:           206398161 o

[P]GetThroughput:         2198151.669 ops
[P]SetThroughput:         2666760.804 ops

[P]Valid Entries:         786066.853 / s
[P]set success:           2714813.959 / s

[P]expire scan persec:    11427187.401 / s
[P]total expire scan:     230670674
[P]expire hit persec:     1908085.695 / s
[P]total expire hit:      20251709

[P]expire hit rate:       16.697772 %
[P]total expire hit rate: 8.779490 %

[P]get found:             1796184.293 / s

----------------------------------

[INFO]Current Time:       48.79 s

[P]indexs Load Factor:    95.6089 %

[P]full bucket LFactor:   76.0726 %

[P]set request:           113396300 
[P]get request:           96973468 

[P]Get Hit Rate:          76.9807 %
[P]ACC Hit Rate:          82.1739 %

[P]total cuckoo num:      1025651 
[P]total cuckoo path:     322803 
[P]total cp perset:       0.002855 / set
[P]total cp percuckoo:    0.314730 / cuckoo num

[P]cuckoo path / s:       9419.492 / s
[P]cp per set * s:        0.003401 / set * s

[P]break loop / s:        0 / s
[P]break / set :          0 %

[P]Throughput:            4998065.395 ops
[P]all request:           210369768 o

[P]GetThroughput:         2279881.961 ops
[P]SetThroughput:         2718183.435 ops

[P]Valid Entries:         733055.430 / s
[P]set success:           2769447.619 / s

[P]expire scan persec:    11741773.407 / s
[P]total expire scan:     240001026
[P]expire hit persec:     1971977.211 / s
[P]total expire hit:      21818699

[P]expire hit rate:       16.794543 %
[P]total expire hit rate: 9.091086 %

[P]get found:             1755069.659 / s

----------------------------------

[INFO]Current Time:       49.58 s

[P]indexs Load Factor:    96.1017 %

[P]full bucket LFactor:   77.1772 %

[P]set request:           115495767 
[P]get request:           98700117 

[P]Get Hit Rate:          81.3905 %
[P]ACC Hit Rate:          82.1602 %

[P]total cuckoo num:      1027361 
[P]total cuckoo path:     330723 
[P]total cp perset:       0.002871 / set
[P]total cp percuckoo:    0.321915 / cuckoo num

[P]cuckoo path / s:       9974.459 / s
[P]cp per set * s:        0.003694 / set * s

[P]break loop / s:        0 / s
[P]break / set :          0 %

[P]Throughput:            4818615.703 ops
[P]all request:           214195884 o

[P]GetThroughput:         2174544.103 ops
[P]SetThroughput:         2644071.600 ops

[P]Valid Entries:         650896.406 / s
[P]set success:           2700159.040 / s

[P]expire scan persec:    11536231.084 / s
[P]total expire scan:     249161117
[P]expire hit persec:     1942534.665 / s
[P]total expire hit:      23361126

[P]expire hit rate:       16.838555 %
[P]total expire hit rate: 9.375912 %

[P]get found:             1769873.257 / s

----------------------------------

[INFO]Current Time:       50.37 s

[P]indexs Load Factor:    96.5625 %

[P]full bucket LFactor:   78.2388 %

[P]set request:           117582972 
[P]get request:           100481086 

[P]Get Hit Rate:          79.7559 %
[P]ACC Hit Rate:          82.1176 %

[P]total cuckoo num:      1029077 
[P]total cuckoo path:     339245 
[P]total cp perset:       0.002891 / set
[P]total cp percuckoo:    0.329659 / cuckoo num

[P]cuckoo path / s:       10868.983 / s
[P]cp per set * s:        0.003994 / set * s

[P]break loop / s:        0 / s
[P]break / set :          0 %

[P]Throughput:            4933480.330 ops
[P]all request:           218064058 o

[P]GetThroughput:         2271453.024 ops
[P]SetThroughput:         2662027.306 ops

[P]Valid Entries:         606136.503 / s
[P]set success:           2721404.963 / s

[P]expire scan persec:    11932879.956 / s
[P]total expire scan:     258517282
[P]expire hit persec:     2085279.912 / s
[P]total expire hit:      24996123

[P]expire hit rate:       17.475077 %
[P]total expire hit rate: 9.669034 %

[P]get found:             1811616.712 / s

----------------------------------

[INFO]Current Time:       51.15 s

[P]indexs Load Factor:    96.9705 %

[P]full bucket LFactor:   79.2044 %

[P]set request:           119583373 
[P]get request:           102216959 

[P]Get Hit Rate:          79.5768 %
[P]ACC Hit Rate:          82.0745 %

[P]total cuckoo num:      1030838 
[P]total cuckoo path:     348674 
[P]total cp perset:       0.002919 / set
[P]total cp percuckoo:    0.338243 / cuckoo num

[P]cuckoo path / s:       12051.841 / s
[P]cp per set * s:        0.004436 / set * s

[P]break loop / s:        0 / s
[P]break / set :          0 %

[P]Throughput:            4775583.890 ops
[P]all request:           221800332 o

[P]GetThroughput:         2218736.403 ops
[P]SetThroughput:         2556847.487 ops

[P]Valid Entries:         536656.507 / s
[P]set success:           2716620.978 / s

[P]expire scan persec:    11773580.192 / s
[P]total expire scan:     267728579
[P]expire hit persec:     2091923.017 / s
[P]total expire hit:      26632781

[P]expire hit rate:       17.767943 %
[P]total expire hit rate: 9.947680 %

[P]get found:             1765600.471 / s

----------------------------------

[INFO]Current Time:       51.92 s

[P]indexs Load Factor:    97.3433 %

[P]full bucket LFactor:   80.1064 %

[P]set request:           121677152 
[P]get request:           103932821 

[P]Get Hit Rate:          81.0188 %
[P]ACC Hit Rate:          82.0571 %

[P]total cuckoo num:      1032749 
[P]total cuckoo path:     359740 
[P]total cp perset:       0.002958 / set
[P]total cp percuckoo:    0.348332 / cuckoo num

[P]cuckoo path / s:       14277.992 / s
[P]cp per set * s:        0.005066 / set * s

[P]break loop / s:        0 / s
[P]break / set :          0 %

[P]Throughput:            4915418.719 ops
[P]all request:           225609973 o

[P]GetThroughput:         2213904.196 ops
[P]SetThroughput:         2701514.523 ops

[P]Valid Entries:         501778.648 / s
[P]set success:           2818377.036 / s

[P]expire scan persec:    12329006.054 / s
[P]total expire scan:     277284039
[P]expire hit persec:     2260423.148 / s
[P]total expire hit:      28384697

[P]expire hit rate:       18.334188 %
[P]total expire hit rate: 10.236686 %

[P]get found:             1793678.868 / s

----------------------------------

[INFO]Current Time:       52.70 s

[P]indexs Load Factor:    97.6708 %

[P]full bucket LFactor:   80.9167 %

[P]set request:           123695318 
[P]get request:           105716631 

[P]Get Hit Rate:          79.3272 %
[P]ACC Hit Rate:          82.0110 %

[P]total cuckoo num:      1034702 
[P]total cuckoo path:     371606 
[P]total cp perset:       0.003001 / set
[P]total cp percuckoo:    0.359143 / cuckoo num

[P]cuckoo path / s:       15273.053 / s
[P]cp per set * s:        0.005416 / set * s

[P]break loop / s:        0 / s
[P]break / set :          0 %

[P]Throughput:            4893627.323 ops
[P]all request:           229411949 o

[P]GetThroughput:         2295990.652 ops
[P]SetThroughput:         2597636.671 ops

[P]Valid Entries:         450757.149 / s
[P]set success:           2820126.932 / s

[P]expire scan persec:    12419161.083 / s
[P]total expire scan:     286932782
[P]expire hit persec:     2222064.492 / s
[P]total expire hit:      30111072

[P]expire hit rate:       17.892227 %
[P]total expire hit rate: 10.494121 %

[P]get found:             1821344.419 / s

----------------------------------

[INFO]Current Time:       53.48 s

[P]indexs Load Factor:    97.9645 %

[P]full bucket LFactor:   81.6605 %

[P]set request:           125780288 
[P]get request:           107453681 

[P]Get Hit Rate:          79.1925 %
[P]ACC Hit Rate:          81.9654 %

[P]total cuckoo num:      1036627 
[P]total cuckoo path:     383945 
[P]total cp perset:       0.003050 / set
[P]total cp percuckoo:    0.370379 / cuckoo num

[P]cuckoo path / s:       15883.926 / s
[P]cp per set * s:        0.005993 / set * s

[P]break loop / s:        0 / s
[P]break / set :          0 %

[P]Throughput:            4920065.168 ops
[P]all request:           233233969 o

[P]GetThroughput:         2236094.840 ops
[P]SetThroughput:         2683970.328 ops

[P]Valid Entries:         393018.722 / s
[P]set success:           2650633.264 / s

[P]expire scan persec:    12200801.811 / s
[P]total expire scan:     296410646
[P]expire hit persec:     2165431.385 / s
[P]total expire hit:      31793229

[P]expire hit rate:       17.748271 %
[P]total expire hit rate: 10.726075 %

[P]get found:             1770818.993 / s

----------------------------------

[INFO]Current Time:       54.25 s

[P]indexs Load Factor:    98.2242 %

[P]full bucket LFactor:   82.3308 %

[P]set request:           127837284 
[P]get request:           109133188 

[P]Get Hit Rate:          80.6733 %
[P]ACC Hit Rate:          81.9455 %

[P]total cuckoo num:      1038645 
[P]total cuckoo path:     397921 
[P]total cp perset:       0.003108 / set
[P]total cp percuckoo:    0.383116 / cuckoo num

[P]cuckoo path / s:       18119.915 / s
[P]cp per set * s:        0.006499 / set * s

[P]break loop / s:        0 / s
[P]break / set :          0 %

[P]Throughput:            4844384.481 ops
[P]all request:           236970472 o

[P]GetThroughput:         2177484.575 ops
[P]SetThroughput:         2666899.906 ops

[P]Valid Entries:         354496.123 / s
[P]set success:           2788121.568 / s

[P]expire scan persec:    12461600.879 / s
[P]total expire scan:     306022354
[P]expire hit persec:     2271377.266 / s
[P]total expire hit:      33545156

[P]expire hit rate:       18.227010 %
[P]total expire hit rate: 10.961669 %

[P]get found:             1756649.026 / s

----------------------------------

[INFO]Current Time:       55.02 s

[P]indexs Load Factor:    98.4532 %

[P]full bucket LFactor:   82.9344 %

[P]set request:           129936672 
[P]get request:           110880080 

[P]Get Hit Rate:          75.9761 %
[P]ACC Hit Rate:          81.8515 %

[P]total cuckoo num:      1040702 
[P]total cuckoo path:     412897 
[P]total cp perset:       0.003171 / set
[P]total cp percuckoo:    0.396749 / cuckoo num

[P]cuckoo path / s:       19478.186 / s
[P]cp per set * s:        0.006943 / set * s

[P]break loop / s:        0 / s
[P]break / set :          0 %

[P]Throughput:            5002575.880 ops
[P]all request:           240816753 o

[P]GetThroughput:         2272054.430 ops
[P]SetThroughput:         2730520.150 ops

[P]Valid Entries:         316736.425 / s
[P]set success:           2805550.705 / s

[P]expire scan persec:    12596572.483 / s
[P]total expire scan:     315707356
[P]expire hit persec:     2365131.181 / s
[P]total expire hit:      35363611

[P]expire hit rate:       18.775990 %
[P]total expire hit rate: 11.201390 %

[P]get found:             1726219.109 / s

----------------------------------

[INFO]Current Time:       55.78 s

[P]indexs Load Factor:    98.6518 %

[P]full bucket LFactor:   83.4679 %

[P]set request:           132020170 
[P]get request:           112578751 

[P]Get Hit Rate:          80.4140 %
[P]ACC Hit Rate:          81.8298 %

[P]total cuckoo num:      1042864 
[P]total cuckoo path:     428935 
[P]total cp perset:       0.003241 / set
[P]total cp percuckoo:    0.411305 / cuckoo num

[P]cuckoo path / s:       20917.817 / s
[P]cp per set * s:        0.007491 / set * s

[P]break loop / s:        0 / s
[P]break / set :          0 %

[P]Throughput:            4932952.832 ops
[P]all request:           244598921 o

[P]GetThroughput:         2215518.697 ops
[P]SetThroughput:         2717435.439 ops

[P]Valid Entries:         279905.901 / s
[P]set success:           2792374.646 / s

[P]expire scan persec:    12636347.775 / s
[P]total expire scan:     325395831
[P]expire hit persec:     2351269.303 / s
[P]total expire hit:      37166364

[P]expire hit rate:       18.607191 %
[P]total expire hit rate: 11.421893 %

[P]get found:             1781586.817 / s

----------------------------------

[INFO]Current Time:       56.55 s

[P]indexs Load Factor:    98.8279 %

[P]full bucket LFactor:   83.9493 %

[P]set request:           134053576 
[P]get request:           114267956 

[P]Get Hit Rate:          78.7856 %
[P]ACC Hit Rate:          81.7848 %

[P]total cuckoo num:      1045042 
[P]total cuckoo path:     446044 
[P]total cp perset:       0.003318 / set
[P]total cp percuckoo:    0.426819 / cuckoo num

[P]cuckoo path / s:       22316.629 / s
[P]cp per set * s:        0.008181 / set * s

[P]break loop / s:        0 / s
[P]break / set :          0 %

[P]Throughput:            4855697.448 ops
[P]all request:           248321532 o

[P]GetThroughput:         2203364.361 ops
[P]SetThroughput:         2652333.087 ops

[P]Valid Entries:         241658.475 / s
[P]set success:           2727812.311 / s

[P]expire scan persec:    12380533.609 / s
[P]total expire scan:     334887343
[P]expire hit persec:     2312096.131 / s
[P]total expire hit:      38938928

[P]expire hit rate:       18.675254 %
[P]total expire hit rate: 11.627471 %

[P]get found:             1735933.448 / s

----------------------------------

[INFO]Current Time:       57.32 s

[P]indexs Load Factor:    98.9815 %

[P]full bucket LFactor:   84.3794 %

[P]set request:           136124370 
[P]get request:           115921591 

[P]Get Hit Rate:          80.1458 %
[P]ACC Hit Rate:          81.7614 %

[P]total cuckoo num:      1047317 
[P]total cuckoo path:     464152 
[P]total cp perset:       0.003399 / set
[P]total cp percuckoo:    0.443182 / cuckoo num

[P]cuckoo path / s:       23580.515 / s
[P]cp per set * s:        0.008504 / set * s

[P]break loop / s:        0 / s
[P]break / set :          0 %

[P]Throughput:            4850008.477 ops
[P]all request:           252045961 o

[P]GetThroughput:         2153388.819 ops
[P]SetThroughput:         2696619.657 ops

[P]Valid Entries:         217354.060 / s
[P]set success:           2772943.799 / s

[P]expire scan persec:    12681336.038 / s
[P]total expire scan:     344625622
[P]expire hit persec:     2289077.051 / s
[P]total expire hit:      40696761

[P]expire hit rate:       18.050756 %
[P]total expire hit rate: 11.808977 %

[P]get found:             1725850.697 / s

----------------------------------

[INFO]Current Time:       58.07 s

[P]indexs Load Factor:    99.1169 %

[P]full bucket LFactor:   84.7619 %

[P]set request:           138111788 
[P]get request:           117568139 

[P]Get Hit Rate:          80.1335 %
[P]ACC Hit Rate:          81.7386 %

[P]total cuckoo num:      1049693 
[P]total cuckoo path:     483668 
[P]total cp perset:       0.003489 / set
[P]total cp percuckoo:    0.460771 / cuckoo num

[P]cuckoo path / s:       25940.298 / s
[P]cp per set * s:        0.009366 / set * s

[P]break loop / s:        0 / s
[P]break / set :          0 %

[P]Throughput:            4830198.849 ops
[P]all request:           255679927 o

[P]GetThroughput:         2188560.447 ops
[P]SetThroughput:         2641638.402 ops

[P]Valid Entries:         191403.405 / s
[P]set success:           2769520.243 / s

[P]expire scan persec:    12706779.714 / s
[P]total expire scan:     354185478
[P]expire hit persec:     2298329.538 / s
[P]total expire hit:      42425893

[P]expire hit rate:       18.087427 %
[P]total expire hit rate: 11.978439 %

[P]get found:             1753769.366 / s

----------------------------------

[INFO]Current Time:       58.83 s

[P]indexs Load Factor:    99.2354 %

[P]full bucket LFactor:   85.1021 %

[P]set request:           140119759 
[P]get request:           119261432 

[P]Get Hit Rate:          78.5369 %
[P]ACC Hit Rate:          81.6932 %

[P]total cuckoo num:      1052115 
[P]total cuckoo path:     504321 
[P]total cp perset:       0.003583 / set
[P]total cp percuckoo:    0.479340 / cuckoo num

[P]cuckoo path / s:       27182.692 / s
[P]cp per set * s:        0.009824 / set * s

[P]break loop / s:        0 / s
[P]break / set :          0 %

[P]Throughput:            4871465.358 ops
[P]all request:           259381193 o

[P]GetThroughput:         2228647.763 ops
[P]SetThroughput:         2642814.963 ops

[P]Valid Entries:         168816.192 / s
[P]set success:           2767013.266 / s

[P]expire scan persec:    12763032.707 / s
[P]total expire scan:     363882638
[P]expire hit persec:     2456134.505 / s
[P]total expire hit:      44292027

[P]expire hit rate:       19.244129 %
[P]total expire hit rate: 12.172064 %

[P]get found:             1750311.089 / s

----------------------------------

[INFO]Current Time:       59.59 s

[P]indexs Load Factor:    99.3382 %

[P]full bucket LFactor:   85.4004 %

[P]set request:           142114723 
[P]get request:           120945101 

[P]Get Hit Rate:          76.9165 %
[P]ACC Hit Rate:          81.6267 %

[P]total cuckoo num:      1054587 
[P]total cuckoo path:     525888 
[P]total cp perset:       0.003683 / set
[P]total cp percuckoo:    0.498667 / cuckoo num

[P]cuckoo path / s:       28431.879 / s
[P]cp per set * s:        0.010498 / set * s

[P]break loop / s:        0 / s
[P]break / set :          0 %

[P]Throughput:            4849556.847 ops
[P]all request:           263059824 o

[P]GetThroughput:         2219588.898 ops
[P]SetThroughput:         2629970.585 ops

[P]Valid Entries:         147357.472 / s
[P]set success:           2708382.036 / s

[P]expire scan persec:    12769213.514 / s
[P]total expire scan:     373568724
[P]expire hit persec:     2515767.160 / s
[P]total expire hit:      46200362

[P]expire hit rate:       19.701818 %
[P]total expire hit rate: 12.367299 %

[P]get found:             1707229.743 / s

----------------------------------

[INFO]Current Time:       60.35 s

[P]indexs Load Factor:    99.4284 %

[P]full bucket LFactor:   85.6679 %

[P]set request:           144146572 
[P]get request:           122625533 

[P]Get Hit Rate:          73.8007 %
[P]ACC Hit Rate:          81.5194 %

[P]total cuckoo num:      1057121 
[P]total cuckoo path:     548264 
[P]total cp perset:       0.003785 / set
[P]total cp percuckoo:    0.518639 / cuckoo num

[P]cuckoo path / s:       29594.746 / s
[P]cp per set * s:        0.010903 / set * s

[P]break loop / s:        0 / s
[P]break / set :          0 %

[P]Throughput:            4909904.058 ops
[P]all request:           266772105 o

[P]GetThroughput:         2222558.017 ops
[P]SetThroughput:         2687346.042 ops

[P]Valid Entries:         129810.312 / s
[P]set success:           2714451.634 / s

[P]expire scan persec:    12845811.376 / s
[P]total expire scan:     383281187
[P]expire hit persec:     2492372.004 / s
[P]total expire hit:      48084795

[P]expire hit rate:       19.402215 %
[P]total expire hit rate: 12.545566 %

[P]get found:             1640262.608 / s

----------------------------------

[INFO]Current Time:       61.10 s

[P]indexs Load Factor:    99.5069 %

[P]full bucket LFactor:   85.9037 %

[P]set request:           146090096 
[P]get request:           124262209 

[P]Get Hit Rate:          79.6997 %
[P]ACC Hit Rate:          81.4955 %

[P]total cuckoo num:      1059739 
[P]total cuckoo path:     571945 
[P]total cp perset:       0.003893 / set
[P]total cp percuckoo:    0.539704 / cuckoo num

[P]cuckoo path / s:       31257.878 / s
[P]cp per set * s:        0.011391 / set * s

[P]break loop / s:        0 / s
[P]break / set :          0 %

[P]Throughput:            4725707.718 ops
[P]all request:           270352306 o

[P]GetThroughput:         2160340.273 ops
[P]SetThroughput:         2565366.125 ops

[P]Valid Entries:         113500.375 / s
[P]set success:           2744101.364 / s

[P]expire scan persec:    12792205.540 / s
[P]total expire scan:     392972575
[P]expire hit persec:     2436605.739 / s
[P]total expire hit:      49930770

[P]expire hit rate:       19.047581 %
[P]total expire hit rate: 12.705917 %

[P]get found:             1721784.898 / s

----------------------------------

[INFO]Current Time:       61.86 s

[P]indexs Load Factor:    99.5734 %

[P]full bucket LFactor:   86.1063 %

[P]set request:           148029093 
[P]get request:           125926130 

[P]Get Hit Rate:          78.0448 %
[P]ACC Hit Rate:          81.4499 %

[P]total cuckoo num:      1062433 
[P]total cuckoo path:     596857 
[P]total cp perset:       0.004006 / set
[P]total cp percuckoo:    0.561783 / cuckoo num

[P]cuckoo path / s:       33000.096 / s
[P]cp per set * s:        0.012003 / set * s

[P]break loop / s:        0 / s
[P]break / set :          0 %

[P]Throughput:            4772664.066 ops
[P]all request:           273955223 o

[P]GetThroughput:         2204140.691 ops
[P]SetThroughput:         2568524.700 ops

[P]Valid Entries:         99304.962 / s
[P]set success:           2749364.219 / s

[P]expire scan persec:    12833758.829 / s
[P]total expire scan:     402660868
[P]expire hit persec:     2500537.507 / s
[P]total expire hit:      51818443

[P]expire hit rate:       19.484062 %
[P]total expire hit rate: 12.869004 %

[P]get found:             1720217.437 / s

----------------------------------

[INFO]Current Time:       62.61 s

[P]indexs Load Factor:    99.6326 %

[P]full bucket LFactor:   86.2894 %

[P]set request:           149965765 
[P]get request:           127524674 

[P]Get Hit Rate:          79.6051 %
[P]ACC Hit Rate:          81.4267 %

[P]total cuckoo num:      1064990 
[P]total cuckoo path:     620663 
[P]total cp perset:       0.004109 / set
[P]total cp percuckoo:    0.582788 / cuckoo num

[P]cuckoo path / s:       31507.630 / s
[P]cp per set * s:        0.011693 / set * s

[P]break loop / s:        0 / s
[P]break / set :          0 %

[P]Throughput:            4678916.124 ops
[P]all request:           277490439 o

[P]GetThroughput:         2115699.096 ops
[P]SetThroughput:         2563217.027 ops

[P]Valid Entries:         85020.042 / s
[P]set success:           2694662.052 / s

[P]expire scan persec:    12582402.446 / s
[P]total expire scan:     412167666
[P]expire hit persec:     2414969.963 / s
[P]total expire hit:      53643105

[P]expire hit rate:       19.193234 %
[P]total expire hit rate: 13.014875 %

[P]get found:             1684203.654 / s

----------------------------------

[INFO]Current Time:       63.37 s

[P]indexs Load Factor:    99.6839 %

[P]full bucket LFactor:   86.4496 %

[P]set request:           151982110 
[P]get request:           129187821 

[P]Get Hit Rate:          77.8348 %
[P]ACC Hit Rate:          81.3805 %

[P]total cuckoo num:      1067732 
[P]total cuckoo path:     646439 
[P]total cp perset:       0.004223 / set
[P]total cp percuckoo:    0.605432 / cuckoo num

[P]cuckoo path / s:       33986.403 / s
[P]cp per set * s:        0.012641 / set * s

[P]break loop / s:        0 / s
[P]break / set :          0 %

[P]Throughput:            4851516.863 ops
[P]all request:           281169931 o

[P]GetThroughput:         2192907.531 ops
[P]SetThroughput:         2658609.332 ops

[P]Valid Entries:         76026.381 / s
[P]set success:           2688663.882 / s

[P]expire scan persec:    12836109.122 / s
[P]total expire scan:     421902840
[P]expire hit persec:     2512277.667 / s
[P]total expire hit:      55548469

[P]expire hit rate:       19.571956 %
[P]total expire hit rate: 13.166176 %

[P]get found:             1706845.005 / s

----------------------------------

[INFO]Current Time:       64.13 s

[P]indexs Load Factor:    99.7282 %

[P]full bucket LFactor:   86.5893 %

[P]set request:           153920154 
[P]get request:           130784561 

[P]Get Hit Rate:          80.9328 %
[P]ACC Hit Rate:          81.3750 %

[P]total cuckoo num:      1070524 
[P]total cuckoo path:     672963 
[P]total cp perset:       0.004339 / set
[P]total cp percuckoo:    0.628630 / cuckoo num

[P]cuckoo path / s:       35035.618 / s
[P]cp per set * s:        0.013025 / set * s

[P]break loop / s:        0 / s
[P]break / set :          0 %

[P]Throughput:            4669105.048 ops
[P]all request:           284704715 o

[P]GetThroughput:         2109137.869 ops
[P]SetThroughput:         2559967.179 ops

[P]Valid Entries:         66333.082 / s
[P]set success:           2689870.015 / s

[P]expire scan persec:    12848854.585 / s
[P]total expire scan:     431630170
[P]expire hit persec:     2524471.886 / s
[P]total expire hit:      57459641

[P]expire hit rate:       19.647447 %
[P]total expire hit rate: 13.312239 %

[P]get found:             1706983.817 / s

----------------------------------

[INFO]Current Time:       64.88 s

[P]indexs Load Factor:    99.7665 %

[P]full bucket LFactor:   86.7105 %

[P]set request:           155918095 
[P]get request:           132430694 

[P]Get Hit Rate:          77.8193 %
[P]ACC Hit Rate:          81.3308 %

[P]total cuckoo num:      1073312 
[P]total cuckoo path:     699662 
[P]total cp perset:       0.004452 / set
[P]total cp percuckoo:    0.651872 / cuckoo num

[P]cuckoo path / s:       35494.510 / s
[P]cp per set * s:        0.012965 / set * s

[P]break loop / s:        0 / s
[P]break / set :          0 %

[P]Throughput:            4844549.217 ops
[P]all request:           288348789 o

[P]GetThroughput:         2188422.172 ops
[P]SetThroughput:         2656127.046 ops

[P]Valid Entries:         58050.985 / s
[P]set success:           2737763.487 / s

[P]expire scan persec:    12846309.738 / s
[P]total expire scan:     441293175
[P]expire hit persec:     2575687.093 / s
[P]total expire hit:      59397075

[P]expire hit rate:       20.050015 %
[P]total expire hit rate: 13.459776 %

[P]get found:             1703014.579 / s

----------------------------------

[INFO]Current Time:       65.63 s

[P]indexs Load Factor:    99.7998 %

[P]full bucket LFactor:   86.8180 %

[P]set request:           157855792 
[P]get request:           134088964 

[P]Get Hit Rate:          77.6576 %
[P]ACC Hit Rate:          81.2854 %

[P]total cuckoo num:      1076203 
[P]total cuckoo path:     727447 
[P]total cp perset:       0.004569 / set
[P]total cp percuckoo:    0.675938 / cuckoo num

[P]cuckoo path / s:       36900.588 / s
[P]cp per set * s:        0.013639 / set * s

[P]break loop / s:        0 / s
[P]break / set :          0 %

[P]Throughput:            4775717.026 ops
[P]all request:           291944756 o

[P]GetThroughput:         2202308.384 ops
[P]SetThroughput:         2573408.642 ops

[P]Valid Entries:         50999.442 / s
[P]set success:           2705504.381 / s

[P]expire scan persec:    12940780.638 / s
[P]total expire scan:     451037182
[P]expire hit persec:     2551515.311 / s
[P]total expire hit:      61318287

[P]expire hit rate:       19.716858 %
[P]total expire hit rate: 13.594952 %

[P]get found:             1710260.256 / s

----------------------------------

[INFO]Current Time:       66.39 s

[P]indexs Load Factor:    99.8279 %

[P]full bucket LFactor:   86.9094 %

[P]set request:           159818110 
[P]get request:           135703744 

[P]Get Hit Rate:          77.6417 %
[P]ACC Hit Rate:          81.2420 %

[P]total cuckoo num:      1078995 
[P]total cuckoo path:     754605 
[P]total cp perset:       0.004680 / set
[P]total cp percuckoo:    0.699359 / cuckoo num

[P]cuckoo path / s:       35931.449 / s
[P]cp per set * s:        0.013423 / set * s

[P]break loop / s:        0 / s
[P]break / set :          0 %

[P]Throughput:            4732686.970 ops
[P]all request:           295521854 o

[P]GetThroughput:         2136438.047 ops
[P]SetThroughput:         2596248.923 ops

[P]Valid Entries:         43217.496 / s
[P]set success:           2676792.365 / s

[P]expire scan persec:    12554863.296 / s
[P]total expire scan:     460526501
[P]expire hit persec:     2530644.062 / s
[P]total expire hit:      63231019

[P]expire hit rate:       20.156684 %
[P]total expire hit rate: 13.730159 %

[P]get found:             1658765.968 / s

----------------------------------

[INFO]Current Time:       67.15 s

[P]indexs Load Factor:    99.8525 %

[P]full bucket LFactor:   86.9903 %

[P]set request:           161825042 
[P]get request:           137324029 

[P]Get Hit Rate:          79.1402 %
[P]ACC Hit Rate:          81.2172 %

[P]total cuckoo num:      1081888 
[P]total cuckoo path:     782659 
[P]total cp perset:       0.004793 / set
[P]total cp percuckoo:    0.723420 / cuckoo num

[P]cuckoo path / s:       37078.552 / s
[P]cp per set * s:        0.013559 / set * s

[P]break loop / s:        0 / s
[P]break / set :          0 %

[P]Throughput:            4794038.407 ops
[P]all request:           299149071 o

[P]GetThroughput:         2141506.428 ops
[P]SetThroughput:         2652531.979 ops

[P]Valid Entries:         39189.283 / s
[P]set success:           2734571.613 / s

[P]expire scan persec:    12845858.593 / s
[P]total expire scan:     470245805
[P]expire hit persec:     2494648.773 / s
[P]total expire hit:      65118495

[P]expire hit rate:       19.419868 %
[P]total expire hit rate: 13.847757 %

[P]get found:             1694792.748 / s

----------------------------------

[INFO]Current Time:       67.89 s

[P]indexs Load Factor:    99.8739 %

[P]full bucket LFactor:   87.0610 %

[P]set request:           163810226 
[P]get request:           138957100 

[P]Get Hit Rate:          77.5350 %
[P]ACC Hit Rate:          81.1740 %

[P]total cuckoo num:      1084712 
[P]total cuckoo path:     810234 
[P]total cp perset:       0.004901 / set
[P]total cp percuckoo:    0.746958 / cuckoo num

[P]cuckoo path / s:       36942.954 / s
[P]cp per set * s:        0.013725 / set * s

[P]break loop / s:        0 / s
[P]break / set :          0 %

[P]Throughput:            4847472.836 ops
[P]all request:           302767327 o

[P]GetThroughput:         2187868.219 ops
[P]SetThroughput:         2659603.277 ops

[P]Valid Entries:         34200.534 / s
[P]set success:           2691750.010 / s

[P]expire scan persec:    12862683.031 / s
[P]total expire scan:     479846783
[P]expire hit persec:     2504248.611 / s
[P]total expire hit:      66987719

[P]expire hit rate:       19.469100 %
[P]total expire hit rate: 13.960231 %

[P]get found:             1696362.820 / s

----------------------------------

[INFO]Current Time:       68.64 s

[P]indexs Load Factor:    99.8918 %

[P]full bucket LFactor:   87.1210 %

[P]set request:           165759481 
[P]get request:           140559652 

[P]Get Hit Rate:          75.9831 %
[P]ACC Hit Rate:          81.1148 %

[P]total cuckoo num:      1087471 
[P]total cuckoo path:     837328 
[P]total cp perset:       0.005005 / set
[P]total cp percuckoo:    0.769977 / cuckoo num

[P]cuckoo path / s:       36147.074 / s
[P]cp per set * s:        0.013729 / set * s

[P]break loop / s:        0 / s
[P]break / set :          0 %

[P]Throughput:            4738591.362 ops
[P]all request:           306319133 o

[P]GetThroughput:         2138021.915 ops
[P]SetThroughput:         2600570.782 ops

[P]Valid Entries:         29274.941 / s
[P]set success:           2632880.881 / s

[P]expire scan persec:    12559433.879 / s
[P]total expire scan:     489260693
[P]expire hit persec:     2498210.550 / s
[P]total expire hit:      68860250

[P]expire hit rate:       19.891108 %
[P]total expire hit rate: 14.074347 %

[P]get found:             1624534.411 / s

----------------------------------

[INFO]Current Time:       69.40 s

[P]indexs Load Factor:    99.9062 %

[P]full bucket LFactor:   87.1698 %

[P]set request:           167719967 
[P]get request:           142202931 

[P]Get Hit Rate:          77.4447 %
[P]ACC Hit Rate:          81.0724 %

[P]total cuckoo num:      1090338 
[P]total cuckoo path:     865470 
[P]total cp perset:       0.005112 / set
[P]total cp percuckoo:    0.793763 / cuckoo num

[P]cuckoo path / s:       37393.431 / s
[P]cp per set * s:        0.013912 / set * s

[P]break loop / s:        0 / s
[P]break / set :          0 %

[P]Throughput:            4788470.492 ops
[P]all request:           309922898 o

[P]GetThroughput:         2183492.265 ops
[P]SetThroughput:         2604978.227 ops

[P]Valid Entries:         26388.797 / s
[P]set success:           2687770.753 / s

[P]expire scan persec:    12861883.841 / s
[P]total expire scan:     498940445
[P]expire hit persec:     2606600.620 / s
[P]total expire hit:      70821957

[P]expire hit rate:       20.266087 %
[P]total expire hit rate: 14.194471 %

[P]get found:             1690998.381 / s

----------------------------------
[INFO]End rx_queue_1:1774409

[INFO]Current Time:       70.15 s

[P]indexs Load Factor:    99.9154 %

[P]full bucket LFactor:   87.2008 %

[P]set request:           169149650 
[P]get request:           143357920 

[P]Get Hit Rate:          80.6997 %
[P]ACC Hit Rate:          81.0694 %

[P]total cuckoo num:      1092711 
[P]total cuckoo path:     888843 
[P]total cp perset:       0.005204 / set
[P]total cp percuckoo:    0.813429 / cuckoo num

[P]cuckoo path / s:       31018.881 / s
[P]cp per set * s:        0.015715 / set * s

[P]break loop / s:        0 / s
[P]break / set :          0 %

[P]Throughput:            3430181.544 ops
[P]all request:           312507570 o

[P]GetThroughput:         1532814.203 ops
[P]SetThroughput:         1897367.341 ops

[P]Valid Entries:         17399.929 / s
[P]set success:           1973889.340 / s

[P]expire scan persec:    9328473.592 / s
[P]total expire scan:     505969532
[P]expire hit persec:     1878193.046 / s
[P]total expire hit:      72237192

[P]expire hit rate:       20.133980 %
[P]total expire hit rate: 14.276985 %

[P]get found:             1236976.917 / s

----------------------------------

[INFO]Current Time:       70.90 s

[P]indexs Load Factor:    99.9248 %

[P]full bucket LFactor:   87.2327 %

[P]set request:           170582144 
[P]get request:           144525393 

[P]Get Hit Rate:          75.1788 %
[P]ACC Hit Rate:          81.0218 %

[P]total cuckoo num:      1095101 
[P]total cuckoo path:     912410 
[P]total cp perset:       0.005298 / set
[P]total cp percuckoo:    0.833174 / cuckoo num

[P]cuckoo path / s:       31451.141 / s
[P]cp per set * s:        0.016690 / set * s

[P]break loop / s:        0 / s
[P]break / set :          0 %

[P]Throughput:            3469764.034 ops
[P]all request:           315107537 o

[P]GetThroughput:         1558041.247 ops
[P]SetThroughput:         1911722.787 ops

[P]Valid Entries:         15746.256 / s
[P]set success:           1884471.449 / s

[P]expire scan persec:    8984185.876 / s
[P]total expire scan:     512701571
[P]expire hit persec:     1794866.324 / s
[P]total expire hit:      73582123

[P]expire hit rate:       19.978063 %
[P]total expire hit rate: 14.351843 %

[P]get found:             1171316.457 / s

----------------------------------

[INFO]Current Time:       71.65 s

[P]indexs Load Factor:    99.9331 %

[P]full bucket LFactor:   87.2608 %

[P]set request:           172064965 
[P]get request:           145731993 

[P]Get Hit Rate:          77.4731 %
[P]ACC Hit Rate:          80.9924 %

[P]total cuckoo num:      1097799 
[P]total cuckoo path:     939108 
[P]total cp perset:       0.005406 / set
[P]total cp percuckoo:    0.855446 / cuckoo num

[P]cuckoo path / s:       35552.059 / s
[P]cp per set * s:        0.017671 / set * s

[P]break loop / s:        0 / s
[P]break / set :          0 %

[P]Throughput:            3581333.934 ops
[P]all request:           317796958 o

[P]GetThroughput:         1606753.842 ops
[P]SetThroughput:         1974580.092 ops

[P]Valid Entries:         15275.214 / s
[P]set success:           2011855.290 / s

[P]expire scan persec:    9346858.361 / s
[P]total expire scan:     519720642
[P]expire hit persec:     1938752.384 / s
[P]total expire hit:      75038039

[P]expire hit rate:       20.742289 %
[P]total expire hit rate: 14.438149 %

[P]get found:             1244801.446 / s

----------------------------------

[INFO]Current Time:       72.40 s

[P]indexs Load Factor:    99.9405 %

[P]full bucket LFactor:   87.2864 %

[P]set request:           173513233 
[P]get request:           146953727 

[P]Get Hit Rate:          76.0861 %
[P]ACC Hit Rate:          80.9516 %

[P]total cuckoo num:      1100433 
[P]total cuckoo path:     965196 
[P]total cp perset:       0.005508 / set
[P]total cp percuckoo:    0.877106 / cuckoo num

[P]cuckoo path / s:       34885.027 / s
[P]cp per set * s:        0.017061 / set * s

[P]break loop / s:        0 / s
[P]break / set :          0 %

[P]Throughput:            3570342.346 ops
[P]all request:           320466960 o

[P]GetThroughput:         1633709.876 ops
[P]SetThroughput:         1936632.470 ops

[P]Valid Entries:         13937.697 / s
[P]set success:           2044757.600 / s

[P]expire scan persec:    9386905.728 / s
[P]total expire scan:     526740433
[P]expire hit persec:     1938702.465 / s
[P]total expire hit:      76487855

[P]expire hit rate:       20.653264 %
[P]total expire hit rate: 14.520977 %

[P]get found:             1243026.460 / s

----------------------------------

[INFO]Current Time:       73.15 s

[P]indexs Load Factor:    99.9470 %

[P]full bucket LFactor:   87.3089 %

[P]set request:           175053571 
[P]get request:           148207089 

[P]Get Hit Rate:          74.7032 %
[P]ACC Hit Rate:          80.8988 %

[P]total cuckoo num:      1103175 
[P]total cuckoo path:     992364 
[P]total cp perset:       0.005612 / set
[P]total cp percuckoo:    0.899553 / cuckoo num

[P]cuckoo path / s:       36224.725 / s
[P]cp per set * s:        0.017314 / set * s

[P]break loop / s:        0 / s
[P]break / set :          0 %

[P]Throughput:            3725007.935 ops
[P]all request:           323260660 o

[P]GetThroughput:         1671182.802 ops
[P]SetThroughput:         2053825.132 ops

[P]Valid Entries:         12996.260 / s
[P]set success:           2092224.568 / s

[P]expire scan persec:    9585109.296 / s
[P]total expire scan:     533929121
[P]expire hit persec:     2019473.778 / s
[P]total expire hit:      78002430

[P]expire hit rate:       21.068865 %
[P]total expire hit rate: 14.609136 %

[P]get found:             1248426.336 / s

----------------------------------

[INFO]Current Time:       73.89 s

[P]indexs Load Factor:    99.9517 %

[P]full bucket LFactor:   87.3253 %

[P]set request:           176362769 
[P]get request:           149276984 

[P]Get Hit Rate:          76.8578 %
[P]ACC Hit Rate:          80.8698 %

[P]total cuckoo num:      1105497 
[P]total cuckoo path:     1015407 
[P]total cp perset:       0.005700 / set
[P]total cp percuckoo:    0.918507 / cuckoo num

[P]cuckoo path / s:       30868.178 / s
[P]cp per set * s:        0.017352 / set * s

[P]break loop / s:        0 / s
[P]break / set :          0 %

[P]Throughput:            3187009.818 ops
[P]all request:           325639753 o

[P]GetThroughput:         1433220.925 ops
[P]SetThroughput:         1753788.894 ops

[P]Valid Entries:         10345.656 / s
[P]set success:           1778915.588 / s

[P]expire scan persec:    8482645.897 / s
[P]total expire scan:     540261390
[P]expire hit persec:     1728938.155 / s
[P]total expire hit:      79293077

[P]expire hit rate:       20.382062 %
[P]total expire hit rate: 14.676799 %

[P]get found:             1101542.394 / s

----------------------------------
[INFO]End rx_queue_3:933521

[INFO]Current Time:       74.64 s

[P]indexs Load Factor:    99.9525 %

[P]full bucket LFactor:   87.3281 %

[P]set request:           177115729 
[P]get request:           149896107 

[P]Get Hit Rate:          77.9887 %
[P]ACC Hit Rate:          80.8579 %

[P]total cuckoo num:      1106973 
[P]total cuckoo path:     1030059 
[P]total cp perset:       0.005758 / set
[P]total cp percuckoo:    0.930519 / cuckoo num

[P]cuckoo path / s:       19546.109 / s
[P]cp per set * s:        0.019296 / set * s

[P]break loop / s:        0 / s
[P]break / set :          0 %

[P]Throughput:            1830390.695 ops
[P]all request:           327011836 o

[P]GetThroughput:         825924.509 ops
[P]SetThroughput:         1004466.186 ops

[P]Valid Entries:         5829.682 / s
[P]set success:           1012978.589 / s

[P]expire scan persec:    5128959.413 / s
[P]total expire scan:     544106120
[P]expire hit persec:     994869.222 / s
[P]total expire hit:      80038843

[P]expire hit rate:       19.397097 %
[P]total expire hit rate: 14.710153 %

[P]get found:             644127.816 / s

----------------------------------
[INFO]End rx_queue_0:1757311
[INFO]End rx_queue_2:1734489
Finish the job......

Total Index Entries:      94817305

indexs Load Factor:     99.952511 %

log_0 Load Factor:      1717986918362.653564 %

log_1 Load Factor:      1717986918370.732666 %

log_2 Load Factor:      1717986918361.689453 %

log_3 Load Factor:      4.689179 %

Get Hit Rate:           80.857912%

Max Throughput:         5725758.11

Calc Load Factor:       99.952511%

set request:              54002630 | set_success:              54002630
set_fail:                        0 | set_key_duplicate:         1451208 | set_mica_evicted:                0
set_random:                      0 | set_cuckoo_evicted:         328262 | set_expire_evicted:       24671682

get request:              45690060
get_found:                37377490 | get_notfound:              8312570 | get_hit_ratio:          81.806612%

clean up:                        0 | test_notfound:                   0
move_to_head_performed:    4383427 | move_to_head_skipped:     32994063 | move_to_head_failed:             0


set request:              53606792 | set_success:              53606792
set_fail:                        0 | set_key_duplicate:         1182402 | set_mica_evicted:                0
set_random:                      0 | set_cuckoo_evicted:         310129 | set_expire_evicted:       22803899

get request:              46134608
get_found:                38662424 | get_notfound:              7472184 | get_hit_ratio:          83.803517%

clean up:                        0 | test_notfound:                   0
move_to_head_performed:    3650891 | move_to_head_skipped:     35011533 | move_to_head_failed:             0


set request:              54025531 | set_success:              54025531
set_fail:                        0 | set_key_duplicate:         1565420 | set_mica_evicted:                0
set_random:                      0 | set_cuckoo_evicted:         318087 | set_expire_evicted:       24788367

get request:              45096688
get_found:                36167845 | get_notfound:              8928843 | get_hit_ratio:          80.200668%

clean up:                        0 | test_notfound:                   0
move_to_head_performed:    4729032 | move_to_head_skipped:     31438812 | move_to_head_failed:             1


set request:              29869739 | set_success:              29869739
set_fail:                        0 | set_key_duplicate:          496133 | set_mica_evicted:                0
set_random:                      0 | set_cuckoo_evicted:         150495 | set_expire_evicted:       13866026

get request:              24271520
get_found:                18673301 | get_notfound:              5598219 | get_hit_ratio:          76.935029%

clean up:                        0 | test_notfound:                   0
move_to_head_performed:    1939839 | move_to_head_skipped:     16733461 | move_to_head_failed:             1


[INFO] Everything works fine.
deleting piekv......
