EAL: Detected 44 lcore(s)
EAL: Detected 1 NUMA nodes
EAL: Multi-process socket /var/run/dpdk/rte/mp_socket
EAL: Selected IOVA mode 'PA'
EAL: No available hugepages reported in hugepages-1048576kB
[INFO] 单个Log Size为:-2147483648 GB
[INFO] 运行proto
[INFO] 运行cleanup
[INFO] 运行reload
[INFO] reload kv size 8
EAL: Probing VFIO support...
EAL: VFIO support initialized
EAL: PCI device 0000:03:00.0 on NUMA socket 0
EAL:   probe driver: 15b3:1017 net_mlx5
WEN: There are 1 device(s) available
starting port 0...
querying port 0...
port 0: 100 Gbps (full-duplex)
Adding UDP filter for each endpoint.
port_id/queue_id/udp_port = 0 0 0
Flow is created with src_port = 0, dst_port = 0
port_id/queue_id/udp_port = 0 1 1
Flow is created with src_port = 0, dst_port = 1
port_id/queue_id/udp_port = 0 2 2
Flow is created with src_port = 0, dst_port = 2
port_id/queue_id/udp_port = 0 3 3
Flow is created with src_port = 0, dst_port = 3
MEM: Initializing pages...
 == [STAT] Workers Start (4 threads in total) == 
trigger:70.000000 

[INFO]Current Time:       6.36 s

[P]indexs Load Factor:    0.0595 %

[P]full bucket LFactor:   0.0000 %

[P]set request:           41480 
[P]get request:           27176 

[P]Get Hit Rate:          45.9008 %
[P]ACC Hit Rate:          45.9008 %

[P]total cuckoo num:      0 
[P]total cuckoo path:     0 
[P]total cp perset:       0.000000 / set
[P]total cp percuckoo:    -nan / cuckoo num

[P]cuckoo path / s:       0 / s
[P]cp per set * s:        0 / set * s

[P]break loop / s:        0 / s
[P]break / set :          0 %

[P]Throughput:            99840.317 ops
[P]all request:           68656 o

[P]GetThroughput:         39519.641 ops
[P]SetThroughput:         60320.676 ops

[P]Valid Entries:         58145.177 / s
[P]set success:           60041.468 / s

[P]get found:             18139.829 / s

----------------------------------

[INFO]Current Time:       7.11 s

[P]indexs Load Factor:    0.2730 %

[P]full bucket LFactor:   0.0000 %

[P]set request:           189358 
[P]get request:           130449 

[P]Get Hit Rate:          54.5903 %
[P]ACC Hit Rate:          52.7800 %

[P]total cuckoo num:      0 
[P]total cuckoo path:     0 
[P]total cp perset:       0.000000 / set
[P]total cp percuckoo:    -nan / cuckoo num

[P]cuckoo path / s:       0 / s
[P]cp per set * s:        0 / set * s

[P]break loop / s:        0 / s
[P]break / set :          0 %

[P]Throughput:            338480.347 ops
[P]all request:           319807 o

[P]GetThroughput:         139182.726 ops
[P]SetThroughput:         199297.621 ops

[P]Valid Entries:         198393.303 / s
[P]set success:           200156.116 / s

[P]get found:             75980.213 / s

----------------------------------

[INFO]Current Time:       7.84 s

[P]indexs Load Factor:    2.6604 %

[P]full bucket LFactor:   0.0000 %

[P]set request:           1945289 
[P]get request:           1385017 

[P]Get Hit Rate:          60.1884 %
[P]ACC Hit Rate:          59.4906 %

[P]total cuckoo num:      0 
[P]total cuckoo path:     0 
[P]total cp perset:       0.000000 / set
[P]total cp percuckoo:    -nan / cuckoo num

[P]cuckoo path / s:       0 / s
[P]cp per set * s:        0 / set * s

[P]break loop / s:        0 / s
[P]break / set :          0 %

[P]Throughput:            4124931.683 ops
[P]all request:           3330306 o

[P]GetThroughput:         1718986.551 ops
[P]SetThroughput:         2405945.132 ops

[P]Valid Entries:         2397780.218 / s
[P]set success:           2411043.580 / s

[P]get found:             1034629.945 / s

----------------------------------

[INFO]Current Time:       8.59 s

[P]indexs Load Factor:    5.3394 %

[P]full bucket LFactor:   0.0006 %

[P]set request:           4409375 
[P]get request:           3233395 

[P]Get Hit Rate:          67.9409 %
[P]ACC Hit Rate:          64.3212 %

[P]total cuckoo num:      0 
[P]total cuckoo path:     0 
[P]total cp perset:       0.000000 / set
[P]total cp percuckoo:    -nan / cuckoo num

[P]cuckoo path / s:       0 / s
[P]cp per set * s:        0 / set * s

[P]break loop / s:        0 / s
[P]break / set :          0 %

[P]Throughput:            5713226.904 ops
[P]all request:           7642770 o

[P]GetThroughput:         2448763.148 ops
[P]SetThroughput:         3264463.757 ops

[P]Valid Entries:         3217382.400 / s
[P]set success:           3140439.661 / s

[P]get found:             1663712.187 / s

----------------------------------

[INFO]Current Time:       9.40 s

[P]indexs Load Factor:    8.0179 %

[P]full bucket LFactor:   0.0057 %

[P]set request:           6841284 
[P]get request:           5188549 

[P]Get Hit Rate:          70.8660 %
[P]ACC Hit Rate:          66.7874 %

[P]total cuckoo num:      0 
[P]total cuckoo path:     0 
[P]total cp perset:       0.000000 / set
[P]total cp percuckoo:    -nan / cuckoo num

[P]cuckoo path / s:       0 / s
[P]cp per set * s:        0 / set * s

[P]break loop / s:        0 / s
[P]break / set :          0 %

[P]Throughput:            5446945.705 ops
[P]all request:           12029833 o

[P]GetThroughput:         2427505.072 ops
[P]SetThroughput:         3019440.633 ops

[P]Valid Entries:         3017667.638 / s
[P]set success:           2962995.342 / s

[P]get found:             1720275.206 / s

----------------------------------

[INFO]Current Time:       10.25 s

[P]indexs Load Factor:    10.7958 %

[P]full bucket LFactor:   0.0273 %

[P]set request:           9475946 
[P]get request:           7305721 

[P]Get Hit Rate:          72.7707 %
[P]ACC Hit Rate:          68.5214 %

[P]total cuckoo num:      0 
[P]total cuckoo path:     0 
[P]total cp perset:       0.000000 / set
[P]total cp percuckoo:    -nan / cuckoo num

[P]cuckoo path / s:       0 / s
[P]cp per set * s:        0 / set * s

[P]break loop / s:        0 / s
[P]break / set :          0 %

[P]Throughput:            5583694.608 ops
[P]all request:           16781668 o

[P]GetThroughput:         2487805.633 ops
[P]SetThroughput:         3095887.800 ops

[P]Valid Entries:         3012981.392 / s
[P]set success:           2834399.190 / s

[P]get found:             1810392.534 / s

----------------------------------

[INFO]Current Time:       11.12 s

[P]indexs Load Factor:    13.6035 %

[P]full bucket LFactor:   0.0895 %

[P]set request:           11995943 
[P]get request:           9433553 

[P]Get Hit Rate:          75.1882 %
[P]ACC Hit Rate:          70.0251 %

[P]total cuckoo num:      1 
[P]total cuckoo path:     0 
[P]total cp perset:       0.000000 / set
[P]total cp percuckoo:    0.000000 / cuckoo num

[P]cuckoo path / s:       0 / s
[P]cp per set * s:        0 / set * s

[P]break loop / s:        0 / s
[P]break / set :          0 %

[P]Throughput:            5317504.564 ops
[P]all request:           21429497 o

[P]GetThroughput:         2434417.525 ops
[P]SetThroughput:         2883087.039 ops

[P]Valid Entries:         2940764.865 / s
[P]set success:           2974690.374 / s

[P]get found:             1830394.054 / s

----------------------------------

[INFO]Current Time:       12.02 s

[P]indexs Load Factor:    16.3942 %

[P]full bucket LFactor:   0.2212 %

[P]set request:           14675694 
[P]get request:           11621679 

[P]Get Hit Rate:          79.6235 %
[P]ACC Hit Rate:          71.8323 %

[P]total cuckoo num:      6 
[P]total cuckoo path:     0 
[P]total cp perset:       0.000000 / set
[P]total cp percuckoo:    0.000000 / cuckoo num

[P]cuckoo path / s:       0 / s
[P]cp per set * s:        0 / set * s

[P]break loop / s:        0 / s
[P]break / set :          0 %

[P]Throughput:            5411865.870 ops
[P]all request:           26297373 o

[P]GetThroughput:         2432651.205 ops
[P]SetThroughput:         2979215.776 ops

[P]Valid Entries:         2881486.195 / s
[P]set success:           2923890.601 / s

[P]get found:             1936961.470 / s

----------------------------------

[INFO]Current Time:       12.93 s

[P]indexs Load Factor:    19.1944 %

[P]full bucket LFactor:   0.4609 %

[P]set request:           17337344 
[P]get request:           13822357 

[P]Get Hit Rate:          81.0463 %
[P]ACC Hit Rate:          73.2993 %

[P]total cuckoo num:      28 
[P]total cuckoo path:     0 
[P]total cp perset:       0.000000 / set
[P]total cp percuckoo:    0.000000 / cuckoo num

[P]cuckoo path / s:       0 / s
[P]cp per set * s:        0 / set * s

[P]break loop / s:        0 / s
[P]break / set :          0 %

[P]Throughput:            5337018.457 ops
[P]all request:           31159701 o

[P]GetThroughput:         2415521.763 ops
[P]SetThroughput:         2921496.694 ops

[P]Valid Entries:         2862153.535 / s
[P]set success:           2864708.809 / s

[P]get found:             1957689.814 / s

----------------------------------

[INFO]Current Time:       13.85 s

[P]indexs Load Factor:    22.0005 %

[P]full bucket LFactor:   0.8403 %

[P]set request:           20029944 
[P]get request:           16105801 

[P]Get Hit Rate:          79.9431 %
[P]ACC Hit Rate:          74.2412 %

[P]total cuckoo num:      157 
[P]total cuckoo path:     1 
[P]total cp perset:       0.000000 / set
[P]total cp percuckoo:    0.006369 / cuckoo num

[P]cuckoo path / s:       1.088 / s
[P]cp per set * s:        0.000000 / set * s

[P]break loop / s:        0 / s
[P]break / set :          0 %

[P]Throughput:            5413220.893 ops
[P]all request:           36135745 o

[P]GetThroughput:         2484058.977 ops
[P]SetThroughput:         2929161.916 ops

[P]Valid Entries:         2822078.780 / s
[P]set success:           2821874.263 / s

[P]get found:             1985834.927 / s

----------------------------------

[INFO]Current Time:       14.78 s

[P]indexs Load Factor:    24.8119 %

[P]full bucket LFactor:   1.3874 %

[P]set request:           22734016 
[P]get request:           18417584 

[P]Get Hit Rate:          81.0753 %
[P]ACC Hit Rate:          75.0990 %

[P]total cuckoo num:      556 
[P]total cuckoo path:     4 
[P]total cp perset:       0.000000 / set
[P]total cp percuckoo:    0.007194 / cuckoo num

[P]cuckoo path / s:       3.219 / s
[P]cp per set * s:        0.000001 / set * s

[P]break loop / s:        0 / s
[P]break / set :          0 %

[P]Throughput:            5382530.688 ops
[P]all request:           41151601 o

[P]GetThroughput:         2480781.534 ops
[P]SetThroughput:         2901748.081 ops

[P]Valid Entries:         2792390.289 / s
[P]set success:           2847455.502 / s

[P]get found:             2011302.141 / s

----------------------------------

[INFO]Current Time:       15.73 s

[P]indexs Load Factor:    27.6070 %

[P]full bucket LFactor:   2.1325 %

[P]set request:           25453486 
[P]get request:           20769717 

[P]Get Hit Rate:          83.2955 %
[P]ACC Hit Rate:          76.0273 %

[P]total cuckoo num:      1507 
[P]total cuckoo path:     26 
[P]total cp perset:       0.000001 / set
[P]total cp percuckoo:    0.017253 / cuckoo num

[P]cuckoo path / s:       23.303 / s
[P]cp per set * s:        0.000008 / set * s

[P]break loop / s:        0 / s
[P]break / set :          0 %

[P]Throughput:            5372083.884 ops
[P]all request:           46223203 o

[P]GetThroughput:         2491491.994 ops
[P]SetThroughput:         2880592.949 ops

[P]Valid Entries:         2783698.245 / s
[P]set success:           2797792.598 / s

[P]get found:             2075299.715 / s

----------------------------------

[INFO]Current Time:       16.68 s

[P]indexs Load Factor:    30.4503 %

[P]full bucket LFactor:   3.1024 %

[P]set request:           28080089 
[P]get request:           23071909 

[P]Get Hit Rate:          84.0939 %
[P]ACC Hit Rate:          76.8322 %

[P]total cuckoo num:      3755 
[P]total cuckoo path:     123 
[P]total cp perset:       0.000004 / set
[P]total cp percuckoo:    0.032756 / cuckoo num

[P]cuckoo path / s:       102.166 / s
[P]cp per set * s:        0.000036 / set * s

[P]break loop / s:        0 / s
[P]break / set :          0 %

[P]Throughput:            5191270.579 ops
[P]all request:           51151998 o

[P]GetThroughput:         2424791.779 ops
[P]SetThroughput:         2766478.800 ops

[P]Valid Entries:         2765442.398 / s
[P]set success:           2862135.282 / s

[P]get found:             2039101.933 / s

----------------------------------

[INFO]Current Time:       17.63 s

[P]indexs Load Factor:    33.3556 %

[P]full bucket LFactor:   4.3399 %

[P]set request:           30757332 
[P]get request:           25364473 

[P]Get Hit Rate:          84.3309 %
[P]ACC Hit Rate:          77.5100 %

[P]total cuckoo num:      8625 
[P]total cuckoo path:     473 
[P]total cp perset:       0.000016 / set
[P]total cp percuckoo:    0.054841 / cuckoo num

[P]cuckoo path / s:       367.163 / s
[P]cp per set * s:        0.000126 / set * s

[P]break loop / s:        0 / s
[P]break / set :          0 %

[P]Throughput:            5213512.987 ops
[P]all request:           56121805 o

[P]GetThroughput:         2404985.181 ops
[P]SetThroughput:         2808527.806 ops

[P]Valid Entries:         2814171.627 / s
[P]set success:           2904129.724 / s

[P]get found:             2028146.850 / s

----------------------------------

[INFO]Current Time:       18.59 s

[P]indexs Load Factor:    36.2280 %

[P]full bucket LFactor:   5.8044 %

[P]set request:           33499837 
[P]get request:           27728327 

[P]Get Hit Rate:          78.4196 %
[P]ACC Hit Rate:          77.5875 %

[P]total cuckoo num:      17750 
[P]total cuckoo path:     1312 
[P]total cp perset:       0.000040 / set
[P]total cp percuckoo:    0.073915 / cuckoo num

[P]cuckoo path / s:       875.835 / s
[P]cp per set * s:        0.000310 / set * s

[P]break loop / s:        0 / s
[P]break / set :          0 %

[P]Throughput:            5330545.971 ops
[P]all request:           61228164 o

[P]GetThroughput:         2467635.436 ops
[P]SetThroughput:         2862910.535 ops

[P]Valid Entries:         2827742.471 / s
[P]set success:           2826426.108 / s

[P]get found:             1935108.949 / s

----------------------------------

[INFO]Current Time:       19.55 s

[P]indexs Load Factor:    39.1667 %

[P]full bucket LFactor:   7.5287 %

[P]set request:           36194494 
[P]get request:           30039596 

[P]Get Hit Rate:          81.8540 %
[P]ACC Hit Rate:          77.9158 %

[P]total cuckoo num:      33859 
[P]total cuckoo path:     3034 
[P]total cp perset:       0.000085 / set
[P]total cp percuckoo:    0.089607 / cuckoo num

[P]cuckoo path / s:       1793.206 / s
[P]cp per set * s:        0.000628 / set * s

[P]break loop / s:        0 / s
[P]break / set :          0 %

[P]Throughput:            5212925.283 ops
[P]all request:           66234090 o

[P]GetThroughput:         2406841.932 ops
[P]SetThroughput:         2806083.351 ops

[P]Valid Entries:         2818778.459 / s
[P]set success:           2854049.012 / s

[P]get found:             1970097.304 / s

----------------------------------

[INFO]Current Time:       20.51 s

[P]indexs Load Factor:    42.0132 %

[P]full bucket LFactor:   9.4182 %

[P]set request:           38872765 
[P]get request:           32367215 

[P]Get Hit Rate:          76.4229 %
[P]ACC Hit Rate:          77.8084 %

[P]total cuckoo num:      60348 
[P]total cuckoo path:     6311 
[P]total cp perset:       0.000164 / set
[P]total cp percuckoo:    0.104577 / cuckoo num

[P]cuckoo path / s:       3403.579 / s
[P]cp per set * s:        0.001202 / set * s

[P]break loop / s:        0 / s
[P]break / set :          0 %

[P]Throughput:            5199249.898 ops
[P]all request:           71239980 o

[P]GetThroughput:         2417526.723 ops
[P]SetThroughput:         2781723.175 ops

[P]Valid Entries:         2804714.211 / s
[P]set success:           2831957.383 / s

[P]get found:             1847544.092 / s

----------------------------------

[INFO]Current Time:       21.48 s

[P]indexs Load Factor:    44.9158 %

[P]full bucket LFactor:   11.5121 %

[P]set request:           41567732 
[P]get request:           34598188 

[P]Get Hit Rate:          80.8230 %
[P]ACC Hit Rate:          78.0028 %

[P]total cuckoo num:      100155 
[P]total cuckoo path:     12013 
[P]total cp perset:       0.000291 / set
[P]total cp percuckoo:    0.119944 / cuckoo num

[P]cuckoo path / s:       5905.804 / s
[P]cp per set * s:        0.002077 / set * s

[P]break loop / s:        0 / s
[P]break / set :          0 %

[P]Throughput:            5102006.055 ops
[P]all request:           76165920 o

[P]GetThroughput:         2310713.845 ops
[P]SetThroughput:         2791292.211 ops

[P]Valid Entries:         2775665.962 / s
[P]set success:           2843484.318 / s

[P]get found:             1867587.932 / s

----------------------------------

[INFO]Current Time:       22.45 s

[P]indexs Load Factor:    47.7676 %

[P]full bucket LFactor:   13.7801 %

[P]set request:           44243614 
[P]get request:           36846712 

[P]Get Hit Rate:          80.2886 %
[P]ACC Hit Rate:          78.1423 %

[P]total cuckoo num:      159333 
[P]total cuckoo path:     21891 
[P]total cp perset:       0.000499 / set
[P]total cp percuckoo:    0.137392 / cuckoo num

[P]cuckoo path / s:       10191.458 / s
[P]cp per set * s:        0.003733 / set * s

[P]break loop / s:        0 / s
[P]break / set :          0 %

[P]Throughput:            5080671.976 ops
[P]all request:           81090326 o

[P]GetThroughput:         2319876.321 ops
[P]SetThroughput:         2760795.655 ops

[P]Valid Entries:         2794966.651 / s
[P]set success:           2729996.363 / s

[P]get found:             1862595.766 / s

----------------------------------

[INFO]Current Time:       23.40 s

[P]indexs Load Factor:    50.4717 %

[P]full bucket LFactor:   16.0426 %

[P]set request:           46810157 
[P]get request:           38927577 

[P]Get Hit Rate:          80.2865 %
[P]ACC Hit Rate:          78.2569 %

[P]total cuckoo num:      235719 
[P]total cuckoo path:     36179 
[P]total cp perset:       0.000778 / set
[P]total cp percuckoo:    0.153484 / cuckoo num

[P]cuckoo path / s:       14925.717 / s
[P]cp per set * s:        0.005546 / set * s

[P]break loop / s:        0 / s
[P]break / set :          0 %

[P]Throughput:            4854836.957 ops
[P]all request:           85737735 o

[P]GetThroughput:         2173740.315 ops
[P]SetThroughput:         2681095.597 ops

[P]Valid Entries:         2633706.865 / s
[P]set success:           2691499.098 / s

[P]get found:             1745219.310 / s

----------------------------------

[INFO]Current Time:       24.36 s

[P]indexs Load Factor:    53.1671 %

[P]full bucket LFactor:   18.4519 %

[P]set request:           49382549 
[P]get request:           41105684 

[P]Get Hit Rate:          78.7466 %
[P]ACC Hit Rate:          78.2829 %

[P]total cuckoo num:      340310 
[P]total cuckoo path:     58985 
[P]total cp perset:       0.001202 / set
[P]total cp percuckoo:    0.173327 / cuckoo num

[P]cuckoo path / s:       23788.784 / s
[P]cp per set * s:        0.008826 / set * s

[P]break loop / s:        0 / s
[P]break / set :          0 %

[P]Throughput:            4955213.399 ops
[P]all request:           90488234 o

[P]GetThroughput:         2271968.690 ops
[P]SetThroughput:         2683244.709 ops

[P]Valid Entries:         2680919.654 / s
[P]set success:           2695347.720 / s

[P]get found:             1789098.924 / s

----------------------------------

[INFO]Current Time:       25.32 s

[P]indexs Load Factor:    55.7396 %

[P]full bucket LFactor:   20.8554 %

[P]set request:           51875276 
[P]get request:           43181737 

[P]Get Hit Rate:          78.4618 %
[P]ACC Hit Rate:          78.2915 %

[P]total cuckoo num:      470284 
[P]total cuckoo path:     91089 
[P]total cp perset:       0.001766 / set
[P]total cp percuckoo:    0.193689 / cuckoo num

[P]cuckoo path / s:       33630.803 / s
[P]cp per set * s:        0.012808 / set * s

[P]break loop / s:        0 / s
[P]break / set :          0 %

[P]Throughput:            4786061.154 ops
[P]all request:           95057013 o

[P]GetThroughput:         2174786.002 ops
[P]SetThroughput:         2611276.199 ops

[P]Valid Entries:         2574730.042 / s
[P]set success:           2625805.829 / s

[P]get found:             1706375.664 / s

----------------------------------

[INFO]Current Time:       26.27 s

[P]indexs Load Factor:    58.1797 %

[P]full bucket LFactor:   23.2306 %

[P]set request:           54235953 
[P]get request:           45173397 

[P]Get Hit Rate:          78.1761 %
[P]ACC Hit Rate:          78.2864 %

[P]total cuckoo num:      627296 
[P]total cuckoo path:     135331 
[P]total cp perset:       0.002507 / set
[P]total cp percuckoo:    0.215737 / cuckoo num

[P]cuckoo path / s:       46498.581 / s
[P]cp per set * s:        0.018348 / set * s

[P]break loop / s:        0 / s
[P]break / set :          0 %

[P]Throughput:            4574329.685 ops
[P]all request:           99409350 o

[P]GetThroughput:         2093245.413 ops
[P]SetThroughput:         2481084.272 ops

[P]Valid Entries:         2487592.098 / s
[P]set success:           2534308.237 / s

[P]get found:             1636418.559 / s

----------------------------------

[INFO]Current Time:       27.21 s

[P]indexs Load Factor:    60.4546 %

[P]full bucket LFactor:   25.5270 %

[P]set request:           56459723 
[P]get request:           46988671 

[P]Get Hit Rate:          77.9962 %
[P]ACC Hit Rate:          78.2752 %

[P]total cuckoo num:      804488 
[P]total cuckoo path:     191178 
[P]total cp perset:       0.003407 / set
[P]total cp percuckoo:    0.237639 / cuckoo num

[P]cuckoo path / s:       59062.356 / s
[P]cp per set * s:        0.026118 / set * s

[P]break loop / s:        0 / s
[P]break / set :          0 %

[P]Throughput:            4271589.420 ops
[P]all request:           103448394 o

[P]GetThroughput:         1919787.260 ops
[P]SetThroughput:         2351802.160 ops

[P]Valid Entries:         2323720.388 / s
[P]set success:           2261403.876 / s

[P]get found:             1497360.328 / s

----------------------------------

[INFO]Current Time:       28.15 s

[P]indexs Load Factor:    62.6048 %

[P]full bucket LFactor:   27.7617 %

[P]set request:           58594394 
[P]get request:           48755426 

[P]Get Hit Rate:          76.6122 %
[P]ACC Hit Rate:          78.2149 %

[P]total cuckoo num:      1008855 
[P]total cuckoo path:     263360 
[P]total cp perset:       0.004520 / set
[P]total cp percuckoo:    0.261048 / cuckoo num

[P]cuckoo path / s:       76699.850 / s
[P]cp per set * s:        0.033608 / set * s

[P]break loop / s:        0 / s
[P]break / set :          0 %

[P]Throughput:            4145615.077 ops
[P]all request:           107349820 o

[P]GetThroughput:         1877335.663 ops
[P]SetThroughput:         2268279.414 ops

[P]Valid Entries:         2243508.323 / s
[P]set success:           2282173.837 / s

[P]get found:             1438267.224 / s

----------------------------------

[INFO]Current Time:       29.08 s

[P]indexs Load Factor:    64.5879 %

[P]full bucket LFactor:   29.8781 %

[P]set request:           60516443 
[P]get request:           50393399 

[P]Get Hit Rate:          77.6203 %
[P]ACC Hit Rate:          78.1956 %

[P]total cuckoo num:      1231747 
[P]total cuckoo path:     351229 
[P]total cp perset:       0.005829 / set
[P]total cp percuckoo:    0.285147 / cuckoo num

[P]cuckoo path / s:       94614.036 / s
[P]cp per set * s:        0.044055 / set * s

[P]break loop / s:        0 / s
[P]break / set :          0 %

[P]Throughput:            3833297.867 ops
[P]all request:           110909842 o

[P]GetThroughput:         1763707.754 ops
[P]SetThroughput:         2069590.113 ops

[P]Valid Entries:         2112380.651 / s
[P]set success:           2147640.313 / s

[P]get found:             1368995.728 / s

----------------------------------

[INFO]Current Time:       30.01 s

[P]indexs Load Factor:    66.4465 %

[P]full bucket LFactor:   31.9136 %

[P]set request:           62301311 
[P]get request:           51910916 

[P]Get Hit Rate:          77.5648 %
[P]ACC Hit Rate:          78.1771 %

[P]total cuckoo num:      1469245 
[P]total cuckoo path:     454524 
[P]total cp perset:       0.007322 / set
[P]total cp percuckoo:    0.309359 / cuckoo num

[P]cuckoo path / s:       111300.749 / s
[P]cp per set * s:        0.056744 / set * s

[P]break loop / s:        0 / s
[P]break / set :          0 %

[P]Throughput:            3558332.198 ops
[P]all request:           114212227 o

[P]GetThroughput:         1635130.248 ops
[P]SetThroughput:         1923201.951 ops

[P]Valid Entries:         1960729.251 / s
[P]set success:           1961452.256 / s

[P]get found:             1268285.478 / s

----------------------------------

[INFO]Current Time:       30.93 s

[P]indexs Load Factor:    68.1754 %

[P]full bucket LFactor:   33.8410 %

[P]set request:           64015885 
[P]get request:           53322991 

[P]Get Hit Rate:          76.1872 %
[P]ACC Hit Rate:          78.1244 %

[P]total cuckoo num:      1719121 
[P]total cuckoo path:     573031 
[P]total cp perset:       0.008981 / set
[P]total cp percuckoo:    0.333328 / cuckoo num

[P]cuckoo path / s:       128588.443 / s
[P]cp per set * s:        0.068736 / set * s

[P]break loop / s:        0 / s
[P]break / set :          0 %

[P]Throughput:            3392634.424 ops
[P]all request:           117338876 o

[P]GetThroughput:         1532200.849 ops
[P]SetThroughput:         1860433.574 ops

[P]Valid Entries:         1841761.682 / s
[P]set success:           1870751.509 / s

[P]get found:             1167341.572 / s

----------------------------------

[INFO]Current Time:       31.85 s

[P]indexs Load Factor:    69.7451 %

[P]full bucket LFactor:   35.6384 %

[P]set request:           65597073 
[P]get request:           54624632 

[P]Get Hit Rate:          77.3696 %
[P]ACC Hit Rate:          78.1065 %

[P]total cuckoo num:      1975627 
[P]total cuckoo path:     706581 
[P]total cp perset:       0.010810 / set
[P]total cp percuckoo:    0.357649 / cuckoo num

[P]cuckoo path / s:       145412.309 / s
[P]cp per set * s:        0.085398 / set * s

[P]break loop / s:        0 / s
[P]break / set :          0 %

[P]Throughput:            3138890.464 ops
[P]all request:           120221705 o

[P]GetThroughput:         1417256.633 ops
[P]SetThroughput:         1721633.831 ops

[P]Valid Entries:         1704168.021 / s
[P]set success:           1702755.818 / s

[P]get found:             1096525.314 / s

----------------------------------

[INFO]Current Time:       32.77 s

[P]indexs Load Factor:    71.2692 %

[P]full bucket LFactor:   37.4100 %

[P]set request:           67111385 
[P]get request:           55869557 

[P]Get Hit Rate:          77.2369 %
[P]ACC Hit Rate:          78.0871 %

[P]total cuckoo num:      2247664 
[P]total cuckoo path:     860178 
[P]total cp perset:       0.012860 / set
[P]total cp percuckoo:    0.382699 / cuckoo num

[P]cuckoo path / s:       167915.503 / s
[P]cp per set * s:        0.100938 / set * s

[P]break loop / s:        0 / s
[P]break / set :          0 %

[P]Throughput:            3016456.501 ops
[P]all request:           122980942 o

[P]GetThroughput:         1360978.455 ops
[P]SetThroughput:         1655478.046 ops

[P]Valid Entries:         1639971.796 / s
[P]set success:           1663552.578 / s

[P]get found:             1051177.047 / s

----------------------------------

[INFO]Current Time:       33.68 s

[P]indexs Load Factor:    73.2483 %

[P]full bucket LFactor:   39.7830 %

[P]set request:           68998250 
[P]get request:           57420859 

[P]Get Hit Rate:          77.2706 %
[P]ACC Hit Rate:          78.0650 %

[P]total cuckoo num:      2436456 
[P]total cuckoo path:     973341 
[P]total cp perset:       0.014151 / set
[P]total cp percuckoo:    0.399490 / cuckoo num

[P]cuckoo path / s:       123573.569 / s
[P]cp per set * s:        0.059816 / set * s

[P]break loop / s:        0 / s
[P]break / set :          0 %

[P]Throughput:            3754465.392 ops
[P]all request:           126419109 o

[P]GetThroughput:         1694015.931 ops
[P]SetThroughput:         2060449.461 ops

[P]Valid Entries:         1851761.338 / s
[P]set success:           2065902.890 / s

[P]expire scan persec:    2690568.412 / s
[P]total expire scan:     2463899
[P]expire hit persec:     209271.249 / s
[P]total expire hit:      191641

[P]expire hit rate:       7.777957 %
[P]total expire hit rate: 7.777957 %

[P]get found:             1308976.969 / s

----------------------------------

[INFO]Current Time:       34.57 s

[P]indexs Load Factor:    75.4134 %

[P]full bucket LFactor:   42.6115 %

[P]set request:           71602288 
[P]get request:           59523660 

[P]Get Hit Rate:          78.4318 %
[P]ACC Hit Rate:          78.0780 %

[P]total cuckoo num:      2436468 
[P]total cuckoo path:     973350 
[P]total cp perset:       0.013676 / set
[P]total cp percuckoo:    0.399492 / cuckoo num

[P]cuckoo path / s:       10.101 / s
[P]cp per set * s:        0.000004 / set * s

[P]break loop / s:        0 / s
[P]break / set :          0 %

[P]Throughput:            5282523.004 ops
[P]all request:           131125948 o

[P]GetThroughput:         2359990.358 ops
[P]SetThroughput:         2922532.647 ops

[P]Valid Entries:         2283671.170 / s
[P]set success:           2685421.516 / s

[P]expire scan persec:    7946945.015 / s
[P]total expire scan:     9544794
[P]expire hit persec:     666090.913 / s
[P]total expire hit:      785142

[P]expire hit rate:       8.381723 %
[P]total expire hit rate: 8.225866 %

[P]get found:             1850983.283 / s

----------------------------------

[INFO]Current Time:       35.47 s

[P]indexs Load Factor:    77.5002 %

[P]full bucket LFactor:   45.4388 %

[P]set request:           74290013 
[P]get request:           61728275 

[P]Get Hit Rate:          75.7361 %
[P]ACC Hit Rate:          77.9943 %

[P]total cuckoo num:      2436479 
[P]total cuckoo path:     973358 
[P]total cp perset:       0.013177 / set
[P]total cp percuckoo:    0.399494 / cuckoo num

[P]cuckoo path / s:       8.890 / s
[P]cp per set * s:        0.000003 / set * s

[P]break loop / s:        0 / s
[P]break / set :          0 %

[P]Throughput:            5436912.154 ops
[P]all request:           136018288 o

[P]GetThroughput:         2450013.304 ops
[P]SetThroughput:         2986898.850 ops

[P]Valid Entries:         2248512.583 / s
[P]set success:           2994331.299 / s

[P]expire scan persec:    8208592.258 / s
[P]total expire scan:     16931197
[P]expire hit persec:     788605.308 / s
[P]total expire hit:      1494759

[P]expire hit rate:       9.607071 %
[P]total expire hit rate: 8.828431 %

[P]get found:             1855545.170 / s

----------------------------------

[INFO]Current Time:       36.36 s

[P]indexs Load Factor:    79.4532 %

[P]full bucket LFactor:   48.1567 %

[P]set request:           76898729 
[P]get request:           63827943 

[P]Get Hit Rate:          77.9967 %
[P]ACC Hit Rate:          77.9944 %

[P]total cuckoo num:      2436485 
[P]total cuckoo path:     973365 
[P]total cp perset:       0.012734 / set
[P]total cp percuckoo:    0.399496 / cuckoo num

[P]cuckoo path / s:       7.879 / s
[P]cp per set * s:        0.000003 / set * s

[P]break loop / s:        0 / s
[P]break / set :          0 %

[P]Throughput:            5299620.314 ops
[P]all request:           140726672 o

[P]GetThroughput:         2363325.333 ops
[P]SetThroughput:         2936294.981 ops

[P]Valid Entries:         2118765.776 / s
[P]set success:           2897045.196 / s

[P]expire scan persec:    8158357.827 / s
[P]total expire scan:     24179392
[P]expire hit persec:     860900.830 / s
[P]total expire hit:      2259616

[P]expire hit rate:       10.552379 %
[P]total expire hit rate: 9.345214 %

[P]get found:             1843316.050 / s

----------------------------------

[INFO]Current Time:       37.24 s

[P]indexs Load Factor:    81.2279 %

[P]full bucket LFactor:   50.7388 %

[P]set request:           79476358 
[P]get request:           65866202 

[P]Get Hit Rate:          79.0658 %
[P]ACC Hit Rate:          78.0276 %

[P]total cuckoo num:      2436491 
[P]total cuckoo path:     973372 
[P]total cp perset:       0.012316 / set
[P]total cp percuckoo:    0.399497 / cuckoo num

[P]cuckoo path / s:       7.938 / s
[P]cp per set * s:        0.000003 / set * s

[P]break loop / s:        0 / s
[P]break / set :          0 %

[P]Throughput:            5234246.855 ops
[P]all request:           145342560 o

[P]GetThroughput:         2311310.578 ops
[P]SetThroughput:         2922936.277 ops

[P]Valid Entries:         2016256.770 / s
[P]set success:           2936981.545 / s

[P]expire scan persec:    8209150.395 / s
[P]total expire scan:     31418737
[P]expire hit persec:     955061.178 / s
[P]total expire hit:      3101849

[P]expire hit rate:       11.634105 %
[P]total expire hit rate: 9.872609 %

[P]get found:             1827455.309 / s

----------------------------------

[INFO]Current Time:       38.11 s

[P]indexs Load Factor:    82.9465 %

[P]full bucket LFactor:   53.2848 %

[P]set request:           81906161 
[P]get request:           67851746 

[P]Get Hit Rate:          77.6356 %
[P]ACC Hit Rate:          78.0161 %

[P]total cuckoo num:      2436498 
[P]total cuckoo path:     973375 
[P]total cp perset:       0.011952 / set
[P]total cp percuckoo:    0.399498 / cuckoo num

[P]cuckoo path / s:       3.454 / s
[P]cp per set * s:        0.000001 / set * s

[P]break loop / s:        0 / s
[P]break / set :          0 %

[P]Throughput:            5084210.406 ops
[P]all request:           149757907 o

[P]GetThroughput:         2286326.186 ops
[P]SetThroughput:         2797884.220 ops

[P]Valid Entries:         1872858.641 / s
[P]set success:           2770193.284 / s

[P]expire scan persec:    8126397.358 / s
[P]total expire scan:     38476050
[P]expire hit persec:     1010570.628 / s
[P]total expire hit:      3979472

[P]expire hit rate:       12.435654 %
[P]total expire hit rate: 10.342725 %

[P]get found:             1775003.055 / s

----------------------------------

[INFO]Current Time:       38.97 s

[P]indexs Load Factor:    84.5656 %

[P]full bucket LFactor:   55.7827 %

[P]set request:           84414760 
[P]get request:           69898813 

[P]Get Hit Rate:          77.5890 %
[P]ACC Hit Rate:          78.0036 %

[P]total cuckoo num:      2436502 
[P]total cuckoo path:     973380 
[P]total cp perset:       0.011593 / set
[P]total cp percuckoo:    0.399499 / cuckoo num

[P]cuckoo path / s:       5.813 / s
[P]cp per set * s:        0.000002 / set * s

[P]break loop / s:        0 / s
[P]break / set :          0 %

[P]Throughput:            5296053.380 ops
[P]all request:           154313573 o

[P]GetThroughput:         2379756.572 ops
[P]SetThroughput:         2916296.808 ops

[P]Valid Entries:         1851398.153 / s
[P]set success:           2938019.658 / s

[P]expire scan persec:    8559863.489 / s
[P]total expire scan:     45839246
[P]expire hit persec:     1193397.816 / s
[P]total expire hit:      5006033

[P]expire hit rate:       13.941786 %
[P]total expire hit rate: 10.920845 %

[P]get found:             1846429.542 / s

----------------------------------

[INFO]Current Time:       39.82 s

[P]indexs Load Factor:    86.0698 %

[P]full bucket LFactor:   58.1843 %

[P]set request:           86926109 
[P]get request:           71874594 

[P]Get Hit Rate:          78.7842 %
[P]ACC Hit Rate:          78.0250 %

[P]total cuckoo num:      2436505 
[P]total cuckoo path:     973385 
[P]total cp perset:       0.011259 / set
[P]total cp percuckoo:    0.399501 / cuckoo num

[P]cuckoo path / s:       5.906 / s
[P]cp per set * s:        0.000002 / set * s

[P]break loop / s:        0 / s
[P]break / set :          0 %

[P]Throughput:            5300427.604 ops
[P]all request:           158800703 o

[P]GetThroughput:         2333893.636 ops
[P]SetThroughput:         2966533.968 ops

[P]Valid Entries:         1751151.717 / s
[P]set success:           2939264.784 / s

[P]expire scan persec:    8687998.474 / s
[P]total expire scan:     53194158
[P]expire hit persec:     1299436.541 / s
[P]total expire hit:      6106084

[P]expire hit rate:       14.956685 %
[P]total expire hit rate: 11.478862 %

[P]get found:             1838739.130 / s

----------------------------------

[INFO]Current Time:       40.66 s

[P]indexs Load Factor:    87.4747 %

[P]full bucket LFactor:   60.5075 %

[P]set request:           89417934 
[P]get request:           73796838 

[P]Get Hit Rate:          80.0900 %
[P]ACC Hit Rate:          78.0788 %

[P]total cuckoo num:      2436509 
[P]total cuckoo path:     973398 
[P]total cp perset:       0.010941 / set
[P]total cp percuckoo:    0.399505 / cuckoo num

[P]cuckoo path / s:       15.428 / s
[P]cp per set * s:        0.000005 / set * s

[P]break loop / s:        0 / s
[P]break / set :          0 %

[P]Throughput:            5238412.169 ops
[P]all request:           163214772 o

[P]GetThroughput:         2281229.941 ops
[P]SetThroughput:         2957182.229 ops

[P]Valid Entries:         1641430.913 / s
[P]set success:           2984564.194 / s

[P]expire scan persec:    8778455.363 / s
[P]total expire scan:     60591191
[P]expire hit persec:     1378909.155 / s
[P]total expire hit:      7268001

[P]expire hit rate:       15.707879 %
[P]total expire hit rate: 11.995145 %

[P]get found:             1827037.986 / s

----------------------------------

[INFO]Current Time:       41.50 s

[P]indexs Load Factor:    88.7719 %

[P]full bucket LFactor:   62.7285 %

[P]set request:           91903611 
[P]get request:           75746709 

[P]Get Hit Rate:          78.5333 %
[P]ACC Hit Rate:          78.0905 %

[P]total cuckoo num:      2436516 
[P]total cuckoo path:     973402 
[P]total cp perset:       0.010656 / set
[P]total cp percuckoo:    0.399506 / cuckoo num

[P]cuckoo path / s:       4.751 / s
[P]cp per set * s:        0.000002 / set * s

[P]break loop / s:        0 / s
[P]break / set :          0 %

[P]Throughput:            5268604.182 ops
[P]all request:           167650320 o

[P]GetThroughput:         2316083.267 ops
[P]SetThroughput:         2952520.914 ops

[P]Valid Entries:         1533843.878 / s
[P]set success:           2831988.718 / s

[P]expire scan persec:    8886577.466 / s
[P]total expire scan:     68072649
[P]expire hit persec:     1507138.265 / s
[P]total expire hit:      8536835

[P]expire hit rate:       16.959716 %
[P]total expire hit rate: 12.540771 %

[P]get found:             1818897.759 / s

----------------------------------

[INFO]Current Time:       42.34 s

[P]indexs Load Factor:    89.9352 %

[P]full bucket LFactor:   64.7889 %

[P]set request:           94220141 
[P]get request:           77596332 

[P]Get Hit Rate:          79.9268 %
[P]ACC Hit Rate:          78.1343 %

[P]total cuckoo num:      2436519 
[P]total cuckoo path:     973405 
[P]total cp perset:       0.010384 / set
[P]total cp percuckoo:    0.399506 / cuckoo num

[P]cuckoo path / s:       3.571 / s
[P]cp per set * s:        0.000001 / set * s

[P]break loop / s:        0 / s
[P]break / set :          0 %

[P]Throughput:            4958631.193 ops
[P]all request:           171816473 o

[P]GetThroughput:         2201454.988 ops
[P]SetThroughput:         2757176.205 ops

[P]Valid Entries:         1388704.957 / s
[P]set success:           2846478.278 / s

[P]expire scan persec:    8729878.079 / s
[P]total expire scan:     75407336
[P]expire hit persec:     1531814.415 / s
[P]total expire hit:      9823838

[P]expire hit rate:       17.546802 %
[P]total expire hit rate: 13.027695 %

[P]get found:             1759551.959 / s

----------------------------------

[INFO]Current Time:       43.17 s

[P]indexs Load Factor:    91.0198 %

[P]full bucket LFactor:   66.7782 %

[P]set request:           96636772 
[P]get request:           79522873 

[P]Get Hit Rate:          75.6451 %
[P]ACC Hit Rate:          78.0740 %

[P]total cuckoo num:      2436521 
[P]total cuckoo path:     973406 
[P]total cp perset:       0.010119 / set
[P]total cp percuckoo:    0.399507 / cuckoo num

[P]cuckoo path / s:       1.210 / s
[P]cp per set * s:        0.000000 / set * s

[P]break loop / s:        0 / s
[P]break / set :          0 %

[P]Throughput:            5255207.711 ops
[P]all request:           176159645 o

[P]GetThroughput:         2331101.121 ops
[P]SetThroughput:         2924106.590 ops

[P]Valid Entries:         1320911.847 / s
[P]set success:           2966952.442 / s

[P]expire scan persec:    9043498.561 / s
[P]total expire scan:     82881345
[P]expire hit persec:     1634525.092 / s
[P]total expire hit:      11174693

[P]expire hit rate:       18.074035 %
[P]total expire hit rate: 13.482760 %

[P]get found:             1763363.936 / s

----------------------------------

[INFO]Current Time:       43.99 s

[P]indexs Load Factor:    91.9890 %

[P]full bucket LFactor:   68.6120 %

[P]set request:           98936691 
[P]get request:           81388643 

[P]Get Hit Rate:          76.9298 %
[P]ACC Hit Rate:          78.0478 %

[P]total cuckoo num:      2436527 
[P]total cuckoo path:     973423 
[P]total cp perset:       0.009875 / set
[P]total cp percuckoo:    0.399513 / cuckoo num

[P]cuckoo path / s:       20.768 / s
[P]cp per set * s:        0.000007 / set * s

[P]break loop / s:        0 / s
[P]break / set :          0 %

[P]Throughput:            5088921.604 ops
[P]all request:           180325334 o

[P]GetThroughput:         2279276.552 ops
[P]SetThroughput:         2809645.052 ops

[P]Valid Entries:         1198091.946 / s
[P]set success:           2907419.257 / s

[P]expire scan persec:    8965898.003 / s
[P]total expire scan:     90220649
[P]expire hit persec:     1750057.604 / s
[P]total expire hit:      12607255

[P]expire hit rate:       19.519044 %
[P]total expire hit rate: 13.973802 %

[P]get found:             1753442.735 / s

----------------------------------

[INFO]Current Time:       44.80 s

[P]indexs Load Factor:    92.8595 %

[P]full bucket LFactor:   70.3190 %

[P]set request:           101189841 
[P]get request:           83249339 

[P]Get Hit Rate:          75.4028 %
[P]ACC Hit Rate:          77.9887 %

[P]total cuckoo num:      2436531 
[P]total cuckoo path:     973444 
[P]total cp perset:       0.009651 / set
[P]total cp percuckoo:    0.399520 / cuckoo num

[P]cuckoo path / s:       25.806 / s
[P]cp per set * s:        0.000009 / set * s

[P]break loop / s:        0 / s
[P]break / set :          0 %

[P]Throughput:            5055386.229 ops
[P]all request:           184439180 o

[P]GetThroughput:         2286555.436 ops
[P]SetThroughput:         2768830.793 ops

[P]Valid Entries:         1107773.176 / s
[P]set success:           2819170.266 / s

[P]expire scan persec:    9118983.818 / s
[P]total expire scan:     97641268
[P]expire hit persec:     1850118.198 / s
[P]total expire hit:      14112798

[P]expire hit rate:       20.288644 %
[P]total expire hit rate: 14.453723 %

[P]get found:             1724126.966 / s

----------------------------------

[INFO]Current Time:       45.61 s

[P]indexs Load Factor:    93.6555 %

[P]full bucket LFactor:   71.9225 %

[P]set request:           103496773 
[P]get request:           85116973 

[P]Get Hit Rate:          73.9740 %
[P]ACC Hit Rate:          77.9006 %

[P]total cuckoo num:      2436531 
[P]total cuckoo path:     973444 
[P]total cp perset:       0.009431 / set
[P]total cp percuckoo:    0.399520 / cuckoo num

[P]cuckoo path / s:       0 / s
[P]cp per set * s:        0 / set * s

[P]break loop / s:        0 / s
[P]break / set :          0 %

[P]Throughput:            5180436.530 ops
[P]all request:           188613746 o

[P]GetThroughput:         2317644.373 ops
[P]SetThroughput:         2862792.157 ops

[P]Valid Entries:         1014343.095 / s
[P]set success:           2919357.237 / s

[P]expire scan persec:    9194101.335 / s
[P]total expire scan:     105050177
[P]expire hit persec:     1929897.714 / s
[P]total expire hit:      15667973

[P]expire hit rate:       20.990607 %
[P]total expire hit rate: 14.914752 %

[P]get found:             1714453.535 / s

----------------------------------

[INFO]Current Time:       46.40 s

[P]indexs Load Factor:    94.3975 %

[P]full bucket LFactor:   73.4624 %

[P]set request:           105719524 
[P]get request:           86881530 

[P]Get Hit Rate:          78.1604 %
[P]ACC Hit Rate:          77.9058 %

[P]total cuckoo num:      2436533 
[P]total cuckoo path:     973449 
[P]total cp perset:       0.009231 / set
[P]total cp percuckoo:    0.399522 / cuckoo num

[P]cuckoo path / s:       6.301 / s
[P]cp per set * s:        0.000002 / set * s

[P]break loop / s:        0 / s
[P]break / set :          0 %

[P]Throughput:            5024620.455 ops
[P]all request:           192601054 o

[P]GetThroughput:         2223612.822 ops
[P]SetThroughput:         2801007.632 ops

[P]Valid Entries:         925716.382 / s
[P]set success:           2806314.139 / s

[P]expire scan persec:    9277945.008 / s
[P]total expire scan:     112412728
[P]expire hit persec:     1970314.392 / s
[P]total expire hit:      17231524

[P]expire hit rate:       21.236539 %
[P]total expire hit rate: 15.328802 %

[P]get found:             1737984.917 / s

----------------------------------

[INFO]Current Time:       47.20 s

[P]indexs Load Factor:    95.0642 %

[P]full bucket LFactor:   74.8899 %

[P]set request:           108003758 
[P]get request:           88693549 

[P]Get Hit Rate:          77.9617 %
[P]ACC Hit Rate:          77.9070 %

[P]total cuckoo num:      2436538 
[P]total cuckoo path:     973461 
[P]total cp perset:       0.009032 / set
[P]total cp percuckoo:    0.399526 / cuckoo num

[P]cuckoo path / s:       15.031 / s
[P]cp per set * s:        0.000005 / set * s

[P]break loop / s:        0 / s
[P]break / set :          0 %

[P]Throughput:            5130982.390 ops
[P]all request:           196697307 o

[P]GetThroughput:         2269742.025 ops
[P]SetThroughput:         2861240.365 ops

[P]Valid Entries:         863135.512 / s
[P]set success:           2926353.220 / s

[P]expire scan persec:    9581987.513 / s
[P]total expire scan:     120062383
[P]expire hit persec:     2089007.570 / s
[P]total expire hit:      18899256

[P]expire hit rate:       21.801402 %
[P]total expire hit rate: 15.741197 %

[P]get found:             1769528.445 / s

----------------------------------

[INFO]Current Time:       47.99 s

[P]indexs Load Factor:    95.6599 %

[P]full bucket LFactor:   76.2005 %

[P]set request:           110268134 
[P]get request:           90522325 

[P]Get Hit Rate:          76.4160 %
[P]ACC Hit Rate:          77.8769 %

[P]total cuckoo num:      2436545 
[P]total cuckoo path:     973501 
[P]total cp perset:       0.008842 / set
[P]total cp percuckoo:    0.399542 / cuckoo num

[P]cuckoo path / s:       50.331 / s
[P]cp per set * s:        0.000017 / set * s

[P]break loop / s:        0 / s
[P]break / set :          0 %

[P]Throughput:            5150289.587 ops
[P]all request:           200790459 o

[P]GetThroughput:         2301093.629 ops
[P]SetThroughput:         2849195.958 ops

[P]Valid Entries:         776930.018 / s
[P]set success:           2916714.716 / s

[P]expire scan persec:    9661111.357 / s
[P]total expire scan:     127740475
[P]expire hit persec:     2194391.091 / s
[P]total expire hit:      20643231

[P]expire hit rate:       22.713651 %
[P]total expire hit rate: 16.160290 %

[P]get found:             1758403.118 / s

----------------------------------

[INFO]Current Time:       48.78 s

[P]indexs Load Factor:    96.1890 %

[P]full bucket LFactor:   77.3938 %

[P]set request:           112557666 
[P]get request:           92371160 

[P]Get Hit Rate:          73.5185 %
[P]ACC Hit Rate:          77.7896 %

[P]total cuckoo num:      2436548 
[P]total cuckoo path:     973518 
[P]total cp perset:       0.008657 / set
[P]total cp percuckoo:    0.399548 / cuckoo num

[P]cuckoo path / s:       21.579 / s
[P]cp per set * s:        0.000007 / set * s

[P]break loop / s:        0 / s
[P]break / set :          0 %

[P]Throughput:            5252954.675 ops
[P]all request:           204928826 o

[P]GetThroughput:         2346782.307 ops
[P]SetThroughput:         2906172.368 ops

[P]Valid Entries:         703554.251 / s
[P]set success:           2978786.947 / s

[P]expire scan persec:    9776868.215 / s
[P]total expire scan:     135442858
[P]expire hit persec:     2183609.896 / s
[P]total expire hit:      22363516

[P]expire hit rate:       22.334452 %
[P]total expire hit rate: 16.511403 %

[P]get found:             1725319.456 / s

----------------------------------

[INFO]Current Time:       49.56 s

[P]indexs Load Factor:    96.6577 %

[P]full bucket LFactor:   78.4803 %

[P]set request:           114808333 
[P]get request:           94118588 

[P]Get Hit Rate:          77.7831 %
[P]ACC Hit Rate:          77.7895 %

[P]total cuckoo num:      2436553 
[P]total cuckoo path:     973554 
[P]total cp perset:       0.008487 / set
[P]total cp percuckoo:    0.399562 / cuckoo num

[P]cuckoo path / s:       46.520 / s
[P]cp per set * s:        0.000016 / set * s

[P]break loop / s:        0 / s
[P]break / set :          0 %

[P]Throughput:            5166419.328 ops
[P]all request:           208926921 o

[P]GetThroughput:         2258061.850 ops
[P]SetThroughput:         2908357.478 ops

[P]Valid Entries:         630969.181 / s
[P]set success:           2930542.315 / s

[P]expire scan persec:    9892334.986 / s
[P]total expire scan:     143098159
[P]expire hit persec:     2335773.392 / s
[P]total expire hit:      24171082

[P]expire hit rate:       23.611952 %
[P]total expire hit rate: 16.891260 %

[P]get found:             1756390.935 / s

----------------------------------

[INFO]Current Time:       50.34 s

[P]indexs Load Factor:    97.0802 %

[P]full bucket LFactor:   79.4869 %

[P]set request:           116979870 
[P]get request:           95868937 

[P]Get Hit Rate:          76.1429 %
[P]ACC Hit Rate:          77.7594 %

[P]total cuckoo num:      2436556 
[P]total cuckoo path:     973566 
[P]total cp perset:       0.008325 / set
[P]total cp percuckoo:    0.399566 / cuckoo num

[P]cuckoo path / s:       15.353 / s
[P]cp per set * s:        0.000005 / set * s

[P]break loop / s:        0 / s
[P]break / set :          0 %

[P]Throughput:            5017740.110 ops
[P]all request:           212848807 o

[P]GetThroughput:         2239431.841 ops
[P]SetThroughput:         2778308.269 ops

[P]Valid Entries:         554507.105 / s
[P]set success:           2856575.520 / s

[P]expire scan persec:    9722993.355 / s
[P]total expire scan:     150697690
[P]expire hit persec:     2329628.405 / s
[P]total expire hit:      25991929

[P]expire hit rate:       23.959992 %
[P]total expire hit rate: 17.247729 %

[P]get found:             1705167.722 / s

----------------------------------

[INFO]Current Time:       51.11 s

[P]indexs Load Factor:    97.4473 %

[P]full bucket LFactor:   80.3817 %

[P]set request:           119179097 
[P]get request:           97641931 

[P]Get Hit Rate:          71.7178 %
[P]ACC Hit Rate:          77.6497 %

[P]total cuckoo num:      2436559 
[P]total cuckoo path:     973591 
[P]total cp perset:       0.008167 / set
[P]total cp percuckoo:    0.399576 / cuckoo num

[P]cuckoo path / s:       32.255 / s
[P]cp per set * s:        0.000011 / set * s

[P]break loop / s:        0 / s
[P]break / set :          0 %

[P]Throughput:            5124930.267 ops
[P]all request:           216821028 o

[P]GetThroughput:         2287503.795 ops
[P]SetThroughput:         2837426.472 ops

[P]Valid Entries:         497549.887 / s
[P]set success:           2923037.204 / s

[P]expire scan persec:    9832025.199 / s
[P]total expire scan:     158318277
[P]expire hit persec:     2298071.763 / s
[P]total expire hit:      27773114

[P]expire hit rate:       23.373331 %
[P]total expire hit rate: 17.542582 %

[P]get found:             1640548.312 / s

----------------------------------

[INFO]Current Time:       51.88 s

[P]indexs Load Factor:    97.7791 %

[P]full bucket LFactor:   81.2106 %

[P]set request:           121370744 
[P]get request:           99441383 

[P]Get Hit Rate:          74.5591 %
[P]ACC Hit Rate:          77.5938 %

[P]total cuckoo num:      2436564 
[P]total cuckoo path:     973618 
[P]total cp perset:       0.008012 / set
[P]total cp percuckoo:    0.399586 / cuckoo num

[P]cuckoo path / s:       35.004 / s
[P]cp per set * s:        0.000012 / set * s

[P]break loop / s:        0 / s
[P]break / set :          0 %

[P]Throughput:            5174227.253 ops
[P]all request:           220812127 o

[P]GetThroughput:         2332884.646 ops
[P]SetThroughput:         2841342.607 ops

[P]Valid Entries:         452270.176 / s
[P]set success:           2986231.637 / s

[P]expire scan persec:    10124415.116 / s
[P]total expire scan:     166127664
[P]expire hit persec:     2440333.736 / s
[P]total expire hit:      29655446

[P]expire hit rate:       24.103454 %
[P]total expire hit rate: 17.850998 %

[P]get found:             1739378.812 / s

----------------------------------

[INFO]Current Time:       52.67 s

[P]indexs Load Factor:    98.0725 %

[P]full bucket LFactor:   81.9590 %

[P]set request:           123597144 
[P]get request:           101168017 

[P]Get Hit Rate:          77.3403 %
[P]ACC Hit Rate:          77.5895 %

[P]total cuckoo num:      2436570 
[P]total cuckoo path:     973674 
[P]total cp perset:       0.007869 / set
[P]total cp percuckoo:    0.399608 / cuckoo num

[P]cuckoo path / s:       71.454 / s
[P]cp per set * s:        0.000025 / set * s

[P]break loop / s:        0 / s
[P]break / set :          0 %

[P]Throughput:            5043904.281 ops
[P]all request:           224765161 o

[P]GetThroughput:         2203111.996 ops
[P]SetThroughput:         2840792.285 ops

[P]Valid Entries:         392650.472 / s
[P]set success:           2821743.513 / s

[P]expire scan persec:    10006579.817 / s
[P]total expire scan:     173970071
[P]expire hit persec:     2482241.784 / s
[P]total expire hit:      31600841

[P]expire hit rate:       24.806096 %
[P]total expire hit rate: 18.164527 %

[P]get found:             1703893.535 / s

----------------------------------

[INFO]Current Time:       53.44 s

[P]indexs Load Factor:    98.3300 %

[P]full bucket LFactor:   82.6293 %

[P]set request:           125739295 
[P]get request:           102958716 

[P]Get Hit Rate:          74.4926 %
[P]ACC Hit Rate:          77.5356 %

[P]total cuckoo num:      2436578 
[P]total cuckoo path:     973723 
[P]total cp perset:       0.007729 / set
[P]total cp percuckoo:    0.399627 / cuckoo num

[P]cuckoo path / s:       63.654 / s
[P]cp per set * s:        0.000022 / set * s

[P]break loop / s:        0 / s
[P]break / set :          0 %

[P]Throughput:            5109051.331 ops
[P]all request:           228698011 o

[P]GetThroughput:         2326245.117 ops
[P]SetThroughput:         2782806.214 ops

[P]Valid Entries:         352814.689 / s
[P]set success:           2932104.545 / s

[P]expire scan persec:    10269664.088 / s
[P]total expire scan:     181875462
[P]expire hit persec:     2524093.628 / s
[P]total expire hit:      33543840

[P]expire hit rate:       24.578152 %
[P]total expire hit rate: 18.443302 %

[P]get found:             1732881.453 / s

----------------------------------

[INFO]Current Time:       54.20 s

[P]indexs Load Factor:    98.5558 %

[P]full bucket LFactor:   83.2284 %

[P]set request:           127917730 
[P]get request:           104744375 

[P]Get Hit Rate:          72.9557 %
[P]ACC Hit Rate:          77.4575 %

[P]total cuckoo num:      2436593 
[P]total cuckoo path:     973844 
[P]total cp perset:       0.007591 / set
[P]total cp percuckoo:    0.399674 / cuckoo num

[P]cuckoo path / s:       157.650 / s
[P]cp per set * s:        0.000053 / set * s

[P]break loop / s:        0 / s
[P]break / set :          0 %

[P]Throughput:            5164789.511 ops
[P]all request:           232662106 o

[P]GetThroughput:         2326521.659 ops
[P]SetThroughput:         2838266.550 ops

[P]Valid Entries:         313159.325 / s
[P]set success:           2992139.453 / s

[P]expire scan persec:    10342832.045 / s
[P]total expire scan:     189813824
[P]expire hit persec:     2512347.999 / s
[P]total expire hit:      35472125

[P]expire hit rate:       24.290716 %
[P]total expire hit rate: 18.687851 %

[P]get found:             1697330.132 / s

----------------------------------

[INFO]Current Time:       54.97 s

[P]indexs Load Factor:    98.7482 %

[P]full bucket LFactor:   83.7510 %

[P]set request:           130081095 
[P]get request:           106482876 

[P]Get Hit Rate:          74.3324 %
[P]ACC Hit Rate:          77.4065 %

[P]total cuckoo num:      2436603 
[P]total cuckoo path:     973907 
[P]total cp perset:       0.007462 / set
[P]total cp percuckoo:    0.399699 / cuckoo num

[P]cuckoo path / s:       82.260 / s
[P]cp per set * s:        0.000028 / set * s

[P]break loop / s:        0 / s
[P]break / set :          0 %

[P]Throughput:            5094703.162 ops
[P]all request:           236563971 o

[P]GetThroughput:         2269977.701 ops
[P]SetThroughput:         2824726.767 ops

[P]Valid Entries:         267832.406 / s
[P]set success:           2923913.702 / s

[P]expire scan persec:    10157895.630 / s
[P]total expire scan:     197593421
[P]expire hit persec:     2581928.733 / s
[P]total expire hit:      37449539

[P]expire hit rate:       25.417949 %
[P]total expire hit rate: 18.952827 %

[P]get found:             1687329.535 / s

----------------------------------

[INFO]Current Time:       55.73 s

[P]indexs Load Factor:    98.9163 %

[P]full bucket LFactor:   84.2146 %

[P]set request:           132218250 
[P]get request:           108233970 

[P]Get Hit Rate:          74.2308 %
[P]ACC Hit Rate:          77.3551 %

[P]total cuckoo num:      2436609 
[P]total cuckoo path:     973950 
[P]total cp perset:       0.007340 / set
[P]total cp percuckoo:    0.399715 / cuckoo num

[P]cuckoo path / s:       56.960 / s
[P]cp per set * s:        0.000020 / set * s

[P]break loop / s:        0 / s
[P]break / set :          0 %

[P]Throughput:            5150599.695 ops
[P]all request:           240452220 o

[P]GetThroughput:         2319600.474 ops
[P]SetThroughput:         2830999.222 ops

[P]Valid Entries:         240883.738 / s
[P]set success:           2876901.267 / s

[P]expire scan persec:    10442235.716 / s
[P]total expire scan:     205476389
[P]expire hit persec:     2668500.790 / s
[P]total expire hit:      39464022

[P]expire hit rate:       25.554880 %
[P]total expire hit rate: 19.206110 %

[P]get found:             1721857.876 / s

----------------------------------

[INFO]Current Time:       56.49 s

[P]indexs Load Factor:    99.0657 %

[P]full bucket LFactor:   84.6313 %

[P]set request:           134280965 
[P]get request:           109857167 

[P]Get Hit Rate:          75.6957 %
[P]ACC Hit Rate:          77.3306 %

[P]total cuckoo num:      2436617 
[P]total cuckoo path:     973994 
[P]total cp perset:       0.007224 / set
[P]total cp percuckoo:    0.399732 / cuckoo num

[P]cuckoo path / s:       57.871 / s
[P]cp per set * s:        0.000021 / set * s

[P]break loop / s:        0 / s
[P]break / set :          0 %

[P]Throughput:            4847937.596 ops
[P]all request:           244138132 o

[P]GetThroughput:         2134928.279 ops
[P]SetThroughput:         2713009.317 ops

[P]Valid Entries:         202550.248 / s
[P]set success:           2814155.546 / s

[P]expire scan persec:    10052417.555 / s
[P]total expire scan:     213119294
[P]expire hit persec:     2586197.079 / s
[P]total expire hit:      41430321

[P]expire hit rate:       25.727116 %
[P]total expire hit rate: 19.439967 %

[P]get found:             1616049.784 / s

----------------------------------

[INFO]Current Time:       57.25 s

[P]indexs Load Factor:    99.1967 %

[P]full bucket LFactor:   85.0041 %

[P]set request:           136436401 
[P]get request:           111620518 

[P]Get Hit Rate:          74.1081 %
[P]ACC Hit Rate:          77.2797 %

[P]total cuckoo num:      2436627 
[P]total cuckoo path:     974070 
[P]total cp perset:       0.007106 / set
[P]total cp percuckoo:    0.399762 / cuckoo num

[P]cuckoo path / s:       99.768 / s
[P]cp per set * s:        0.000034 / set * s

[P]break loop / s:        0 / s
[P]break / set :          0 %

[P]Throughput:            5144332.262 ops
[P]all request:           248056919 o

[P]GetThroughput:         2314814.109 ops
[P]SetThroughput:         2829518.153 ops

[P]Valid Entries:         184516.841 / s
[P]set success:           2938760.094 / s

[P]expire scan persec:    10525896.899 / s
[P]total expire scan:     221137584
[P]expire hit persec:     2715344.263 / s
[P]total expire hit:      43498783

[P]expire hit rate:       25.796797 %
[P]total expire hit rate: 19.670461 %

[P]get found:             1715464.857 / s

----------------------------------

[INFO]Current Time:       58.01 s

[P]indexs Load Factor:    99.3099 %

[P]full bucket LFactor:   85.3312 %

[P]set request:           138584519 
[P]get request:           113378656 

[P]Get Hit Rate:          72.7807 %
[P]ACC Hit Rate:          77.2100 %

[P]total cuckoo num:      2436635 
[P]total cuckoo path:     974146 
[P]total cp perset:       0.006991 / set
[P]total cp percuckoo:    0.399792 / cuckoo num

[P]cuckoo path / s:       99.734 / s
[P]cp per set * s:        0.000033 / set * s

[P]break loop / s:        0 / s
[P]break / set :          0 %

[P]Throughput:            5126117.556 ops
[P]all request:           251963175 o

[P]GetThroughput:         2307176.505 ops
[P]SetThroughput:         2818941.050 ops

[P]Valid Entries:         159214.178 / s
[P]set success:           2980670.877 / s

[P]expire scan persec:    10526757.067 / s
[P]total expire scan:     229159290
[P]expire hit persec:     2625787.269 / s
[P]total expire hit:      45499712

[P]expire hit rate:       24.943933 %
[P]total expire hit rate: 19.855059 %

[P]get found:             1679179.023 / s

----------------------------------

[INFO]Current Time:       58.76 s

[P]indexs Load Factor:    99.4091 %

[P]full bucket LFactor:   85.6230 %

[P]set request:           140757599 
[P]get request:           115121884 

[P]Get Hit Rate:          74.0480 %
[P]ACC Hit Rate:          77.1621 %

[P]total cuckoo num:      2436652 
[P]total cuckoo path:     974316 
[P]total cp perset:       0.006881 / set
[P]total cp percuckoo:    0.399858 / cuckoo num

[P]cuckoo path / s:       225.770 / s
[P]cp per set * s:        0.000075 / set * s

[P]break loop / s:        0 / s
[P]break / set :          0 %

[P]Throughput:            5201093.246 ops
[P]all request:           255879483 o

[P]GetThroughput:         2315111.931 ops
[P]SetThroughput:         2885981.315 ops

[P]Valid Entries:         139897.874 / s
[P]set success:           2994275.337 / s

[P]expire scan persec:    10599788.587 / s
[P]total expire scan:     237140696
[P]expire hit persec:     2650621.137 / s
[P]total expire hit:      47495571

[P]expire hit rate:       25.006359 %
[P]total expire hit rate: 20.028435 %

[P]get found:             1714294.787 / s

----------------------------------

[INFO]Current Time:       59.52 s

[P]indexs Load Factor:    99.4940 %

[P]full bucket LFactor:   85.8759 %

[P]set request:           142947807 
[P]get request:           116810857 

[P]Get Hit Rate:          75.4337 %
[P]ACC Hit Rate:          77.1371 %

[P]total cuckoo num:      2436662 
[P]total cuckoo path:     974399 
[P]total cp perset:       0.006777 / set
[P]total cp percuckoo:    0.399891 / cuckoo num

[P]cuckoo path / s:       109.518 / s
[P]cp per set * s:        0.000038 / set * s

[P]break loop / s:        0 / s
[P]break / set :          0 %

[P]Throughput:            5118537.601 ops
[P]all request:           259758664 o

[P]GetThroughput:         2228581.705 ops
[P]SetThroughput:         2889955.896 ops

[P]Valid Entries:         121088.208 / s
[P]set success:           2886265.285 / s

[P]expire scan persec:    10656184.571 / s
[P]total expire scan:     245216688
[P]expire hit persec:     2723776.782 / s
[P]total expire hit:      49559837

[P]expire hit rate:       25.560526 %
[P]total expire hit rate: 20.210630 %

[P]get found:             1681101.868 / s

----------------------------------

[INFO]Current Time:       60.27 s

[P]indexs Load Factor:    99.5675 %

[P]full bucket LFactor:   86.0983 %

[P]set request:           145030826 
[P]get request:           118515095 

[P]Get Hit Rate:          73.9270 %
[P]ACC Hit Rate:          77.0909 %

[P]total cuckoo num:      2436669 
[P]total cuckoo path:     974453 
[P]total cp perset:       0.006675 / set
[P]total cp percuckoo:    0.399912 / cuckoo num

[P]cuckoo path / s:       71.679 / s
[P]cp per set * s:        0.000024 / set * s

[P]break loop / s:        0 / s
[P]break / set :          0 %

[P]Throughput:            5027139.809 ops
[P]all request:           263545921 o

[P]GetThroughput:         2262176.212 ops
[P]SetThroughput:         2764963.597 ops

[P]Valid Entries:         103931.419 / s
[P]set success:           2929434.291 / s

[P]expire scan persec:    10636372.817 / s
[P]total expire scan:     253229729
[P]expire hit persec:     2726247.823 / s
[P]total expire hit:      51613689

[P]expire hit rate:       25.631368 %
[P]total expire hit rate: 20.382160 %

[P]get found:             1672358.973 / s

----------------------------------

[INFO]Current Time:       61.03 s

[P]indexs Load Factor:    99.6293 %

[P]full bucket LFactor:   86.2885 %

[P]set request:           147180031 
[P]get request:           120270797 

[P]Get Hit Rate:          72.4329 %
[P]ACC Hit Rate:          77.0229 %

[P]total cuckoo num:      2436683 
[P]total cuckoo path:     974589 
[P]total cp perset:       0.006575 / set
[P]total cp percuckoo:    0.399965 / cuckoo num

[P]cuckoo path / s:       179.981 / s
[P]cp per set * s:        0.000061 / set * s

[P]break loop / s:        0 / s
[P]break / set :          0 %

[P]Throughput:            5167702.692 ops
[P]all request:           267450828 o

[P]GetThroughput:         2323472.992 ops
[P]SetThroughput:         2844229.700 ops

[P]Valid Entries:         89965.164 / s
[P]set success:           2954433.419 / s

[P]expire scan persec:    10744451.035 / s
[P]total expire scan:     261348633
[P]expire hit persec:     2651999.815 / s
[P]total expire hit:      53617638

[P]expire hit rate:       24.682506 %
[P]total expire hit rate: 20.515752 %

[P]get found:             1682959.036 / s

----------------------------------

[INFO]Current Time:       61.77 s

[P]indexs Load Factor:    99.6837 %

[P]full bucket LFactor:   86.4567 %

[P]set request:           149329147 
[P]get request:           121924555 

[P]Get Hit Rate:          75.2983 %
[P]ACC Hit Rate:          76.9995 %

[P]total cuckoo num:      2436696 
[P]total cuckoo path:     974718 
[P]total cp perset:       0.006478 / set
[P]total cp percuckoo:    0.400016 / cuckoo num

[P]cuckoo path / s:       173.284 / s
[P]cp per set * s:        0.000058 / set * s

[P]break loop / s:        0 / s
[P]break / set :          0 %

[P]Throughput:            5108361.622 ops
[P]all request:           271253702 o

[P]GetThroughput:         2221476.152 ops
[P]SetThroughput:         2886885.470 ops

[P]Valid Entries:         77216.324 / s
[P]set success:           2998221.354 / s

[P]expire scan persec:    10715878.965 / s
[P]total expire scan:     269325973
[P]expire hit persec:     2812365.129 / s
[P]total expire hit:      55711278

[P]expire hit rate:       26.244839 %
[P]total expire hit rate: 20.685446 %

[P]get found:             1672734.234 / s

----------------------------------

[INFO]Current Time:       62.53 s

[P]indexs Load Factor:    99.7303 %

[P]full bucket LFactor:   86.6028 %

[P]set request:           151370519 
[P]get request:           123622917 

[P]Get Hit Rate:          75.2257 %
[P]ACC Hit Rate:          76.9752 %

[P]total cuckoo num:      2436710 
[P]total cuckoo path:     974847 
[P]total cp perset:       0.006384 / set
[P]total cp percuckoo:    0.400067 / cuckoo num

[P]cuckoo path / s:       171.489 / s
[P]cp per set * s:        0.000057 / set * s

[P]break loop / s:        0 / s
[P]break / set :          0 %

[P]Throughput:            4971497.364 ops
[P]all request:           274993436 o

[P]GetThroughput:         2257754.751 ops
[P]SetThroughput:         2713742.613 ops

[P]Valid Entries:         66944.511 / s
[P]set success:           2987847.138 / s

[P]expire scan persec:    10693342.755 / s
[P]total expire scan:     277369879
[P]expire hit persec:     2811867.542 / s
[P]total expire hit:      57826463

[P]expire hit rate:       26.295496 %
[P]total expire hit rate: 20.848141 %

[P]get found:             1698412.210 / s

----------------------------------

[INFO]Current Time:       63.27 s

[P]indexs Load Factor:    99.7694 %

[P]full bucket LFactor:   86.7262 %

[P]set request:           153391328 
[P]get request:           125308647 

[P]Get Hit Rate:          72.2172 %
[P]ACC Hit Rate:          76.9112 %

[P]total cuckoo num:      2436722 
[P]total cuckoo path:     974962 
[P]total cp perset:       0.006298 / set
[P]total cp percuckoo:    0.400112 / cuckoo num

[P]cuckoo path / s:       153.722 / s
[P]cp per set * s:        0.000055 / set * s

[P]break loop / s:        0 / s
[P]break / set :          0 %

[P]Throughput:            4954570.223 ops
[P]all request:           278699975 o

[P]GetThroughput:         2253333.274 ops
[P]SetThroughput:         2701236.948 ops

[P]Valid Entries:         56334.334 / s
[P]set success:           2813203.844 / s

[P]expire scan persec:    10466520.723 / s
[P]total expire scan:     285199936
[P]expire hit persec:     2759672.592 / s
[P]total expire hit:      59890988

[P]expire hit rate:       26.366666 %
[P]total expire hit rate: 20.999650 %

[P]get found:             1627294.190 / s

----------------------------------

[INFO]Current Time:       64.02 s

[P]indexs Load Factor:    99.8040 %

[P]full bucket LFactor:   86.8363 %

[P]set request:           155555938 
[P]get request:           127007879 

[P]Get Hit Rate:          75.1175 %
[P]ACC Hit Rate:          76.8872 %

[P]total cuckoo num:      2436738 
[P]total cuckoo path:     975122 
[P]total cp perset:       0.006209 / set
[P]total cp percuckoo:    0.400175 / cuckoo num

[P]cuckoo path / s:       213.119 / s
[P]cp per set * s:        0.000071 / set * s

[P]break loop / s:        0 / s
[P]break / set :          0 %

[P]Throughput:            5146601.385 ops
[P]all request:           282563817 o

[P]GetThroughput:         2263361.122 ops
[P]SetThroughput:         2883240.263 ops

[P]Valid Entries:         49163.775 / s
[P]set success:           2997522.396 / s

[P]expire scan persec:    10749883.754 / s
[P]total expire scan:     293270476
[P]expire hit persec:     2836205.010 / s
[P]total expire hit:      62020286

[P]expire hit rate:       26.383588 %
[P]total expire hit rate: 21.147811 %

[P]get found:             1700180.827 / s

----------------------------------

[INFO]Current Time:       64.78 s

[P]indexs Load Factor:    99.8334 %

[P]full bucket LFactor:   86.9318 %

[P]set request:           157695919 
[P]get request:           128721818 

[P]Get Hit Rate:          75.2486 %
[P]ACC Hit Rate:          76.8653 %

[P]total cuckoo num:      2436746 
[P]total cuckoo path:     975202 
[P]total cp perset:       0.006121 / set
[P]total cp percuckoo:    0.400207 / cuckoo num

[P]cuckoo path / s:       106.043 / s
[P]cp per set * s:        0.000035 / set * s

[P]break loop / s:        0 / s
[P]break / set :          0 %

[P]Throughput:            5108521.699 ops
[P]all request:           286417737 o

[P]GetThroughput:         2271893.182 ops
[P]SetThroughput:         2836628.517 ops

[P]Valid Entries:         42711.521 / s
[P]set success:           3007237.330 / s

[P]expire scan persec:    10791916.455 / s
[P]total expire scan:     301412006
[P]expire hit persec:     2851758.220 / s
[P]total expire hit:      64171681

[P]expire hit rate:       26.424947 %
[P]total expire hit rate: 21.290353 %

[P]get found:             1709567.677 / s

----------------------------------

[INFO]Current Time:       65.53 s

[P]indexs Load Factor:    99.8586 %

[P]full bucket LFactor:   87.0138 %

[P]set request:           159821274 
[P]get request:           130287556 

[P]Get Hit Rate:          79.9828 %
[P]ACC Hit Rate:          76.9028 %

[P]total cuckoo num:      2436756 
[P]total cuckoo path:     975300 
[P]total cp perset:       0.006038 / set
[P]total cp percuckoo:    0.400245 / cuckoo num

[P]cuckoo path / s:       130.140 / s
[P]cp per set * s:        0.000044 / set * s

[P]break loop / s:        0 / s
[P]break / set :          0 %

[P]Throughput:            4901603.034 ops
[P]all request:           290108830 o

[P]GetThroughput:         2079228.600 ops
[P]SetThroughput:         2822374.434 ops

[P]Valid Entries:         35606.440 / s
[P]set success:           2934890.679 / s

[P]expire scan persec:    10531368.592 / s
[P]total expire scan:     309342526
[P]expire hit persec:     2732687.052 / s
[P]total expire hit:      66229498

[P]expire hit rate:       25.948072 %
[P]total expire hit rate: 21.409762 %

[P]get found:             1663025.129 / s

----------------------------------

[INFO]Current Time:       66.28 s

[P]indexs Load Factor:    99.8797 %

[P]full bucket LFactor:   87.0839 %

[P]set request:           161936909 
[P]get request:           131982245 

[P]Get Hit Rate:          72.1323 %
[P]ACC Hit Rate:          76.8416 %

[P]total cuckoo num:      2436778 
[P]total cuckoo path:     975520 
[P]total cp perset:       0.005959 / set
[P]total cp percuckoo:    0.400332 / cuckoo num

[P]cuckoo path / s:       293.351 / s
[P]cp per set * s:        0.000102 / set * s

[P]break loop / s:        0 / s
[P]break / set :          0 %

[P]Throughput:            5080730.797 ops
[P]all request:           293919154 o

[P]GetThroughput:         2259718.227 ops
[P]SetThroughput:         2821012.570 ops

[P]Valid Entries:         30401.788 / s
[P]set success:           2887119.125 / s

[P]expire scan persec:    10525608.343 / s
[P]total expire scan:     317236268
[P]expire hit persec:     2791720.181 / s
[P]total expire hit:      68323165

[P]expire hit rate:       26.523124 %
[P]total expire hit rate: 21.536997 %

[P]get found:             1629987.859 / s

----------------------------------

[INFO]Current Time:       67.03 s

[P]indexs Load Factor:    99.8968 %

[P]full bucket LFactor:   87.1410 %

[P]set request:           164107191 
[P]get request:           133651358 

[P]Get Hit Rate:          76.5888 %
[P]ACC Hit Rate:          76.8384 %

[P]total cuckoo num:      2436791 
[P]total cuckoo path:     975650 
[P]total cp perset:       0.005880 / set
[P]total cp percuckoo:    0.400383 / cuckoo num

[P]cuckoo path / s:       173.117 / s
[P]cp per set * s:        0.000059 / set * s

[P]break loop / s:        0 / s
[P]break / set :          0 %

[P]Throughput:            5112799.052 ops
[P]all request:           297758550 o

[P]GetThroughput:         2222703.614 ops
[P]SetThroughput:         2890094.106 ops

[P]Valid Entries:         26655.989 / s
[P]set success:           2946997.592 / s

[P]expire scan persec:    10801560.298 / s
[P]total expire scan:     325347572
[P]expire hit persec:     2807988.812 / s
[P]total expire hit:      70431791

[P]expire hit rate:       25.996141 %
[P]total expire hit rate: 21.648169 %

[P]get found:             1702341.203 / s

----------------------------------
[INFO]End rx_queue_1:1674115

[INFO]Current Time:       67.78 s

[P]indexs Load Factor:    99.9075 %

[P]full bucket LFactor:   87.1764 %

[P]set request:           165641561 
[P]get request:           134934633 

[P]Get Hit Rate:          71.9628 %
[P]ACC Hit Rate:          76.7920 %

[P]total cuckoo num:      2436805 
[P]total cuckoo path:     975790 
[P]total cp perset:       0.005823 / set
[P]total cp percuckoo:    0.400438 / cuckoo num

[P]cuckoo path / s:       187.680 / s
[P]cp per set * s:        0.000084 / set * s

[P]break loop / s:        0 / s
[P]break / set :          0 %

[P]Throughput:            3777255.931 ops
[P]all request:           300576194 o

[P]GetThroughput:         1720323.116 ops
[P]SetThroughput:         2056934.156 ops

[P]Valid Entries:         16958.242 / s
[P]set success:           2227977.795 / s

[P]expire scan persec:    7956671.534 / s
[P]total expire scan:     331282851
[P]expire hit persec:     2089028.801 / s
[P]total expire hit:      71990102

[P]expire hit rate:       26.255059 %
[P]total expire hit rate: 21.730706 %

[P]get found:             1237993.190 / s

----------------------------------

[INFO]Current Time:       68.53 s

[P]indexs Load Factor:    99.9183 %

[P]full bucket LFactor:   87.2128 %

[P]set request:           167204962 
[P]get request:           136191832 

[P]Get Hit Rate:          71.1487 %
[P]ACC Hit Rate:          76.7399 %

[P]total cuckoo num:      2436812 
[P]total cuckoo path:     975860 
[P]total cp perset:       0.005767 / set
[P]total cp percuckoo:    0.400466 / cuckoo num

[P]cuckoo path / s:       93.055 / s
[P]cp per set * s:        0.000043 / set * s

[P]break loop / s:        0 / s
[P]break / set :          0 %

[P]Throughput:            3749587.217 ops
[P]all request:           303396794 o

[P]GetThroughput:         1671267.567 ops
[P]SetThroughput:         2078319.650 ops

[P]Valid Entries:         14602.998 / s
[P]set success:           2163948.917 / s

[P]expire scan persec:    7678526.099 / s
[P]total expire scan:     337058967
[P]expire hit persec:     2024532.495 / s
[P]total expire hit:      73513042

[P]expire hit rate:       26.366160 %
[P]total expire hit rate: 21.810143 %

[P]get found:             1189085.486 / s

----------------------------------

[INFO]Current Time:       69.27 s

[P]indexs Load Factor:    99.9281 %

[P]full bucket LFactor:   87.2456 %

[P]set request:           168839536 
[P]get request:           137532022 

[P]Get Hit Rate:          71.8968 %
[P]ACC Hit Rate:          76.6927 %

[P]total cuckoo num:      2436824 
[P]total cuckoo path:     975980 
[P]total cp perset:       0.005709 / set
[P]total cp percuckoo:    0.400513 / cuckoo num

[P]cuckoo path / s:       162.177 / s
[P]cp per set * s:        0.000069 / set * s

[P]break loop / s:        0 / s
[P]break / set :          0 %

[P]Throughput:            4020308.800 ops
[P]all request:           306371558 o

[P]GetThroughput:         1811228.605 ops
[P]SetThroughput:         2209080.195 ops

[P]Valid Entries:         13937.726 / s
[P]set success:           2345608.550 / s

[P]expire scan persec:    8226309.786 / s
[P]total expire scan:     343145895
[P]expire hit persec:     2273842.710 / s
[P]total expire hit:      75195536

[P]expire hit rate:       27.641102 %
[P]total expire hit rate: 21.913576 %

[P]get found:             1302215.781 / s

----------------------------------

[INFO]Current Time:       70.03 s

[P]indexs Load Factor:    99.9368 %

[P]full bucket LFactor:   87.2751 %

[P]set request:           170552521 
[P]get request:           138885995 

[P]Get Hit Rate:          71.9585 %
[P]ACC Hit Rate:          76.6466 %

[P]total cuckoo num:      2436834 
[P]total cuckoo path:     976080 
[P]total cp perset:       0.005653 / set
[P]total cp percuckoo:    0.400553 / cuckoo num

[P]cuckoo path / s:       131.195 / s
[P]cp per set * s:        0.000058 / set * s

[P]break loop / s:        0 / s
[P]break / set :          0 %

[P]Throughput:            4023692.940 ops
[P]all request:           309438517 o

[P]GetThroughput:         1776343.147 ops
[P]SetThroughput:         2247348.482 ops

[P]Valid Entries:         12245.729 / s
[P]set success:           2261774.670 / s

[P]expire scan persec:    7938543.991 / s
[P]total expire scan:     349196851
[P]expire hit persec:     2147908.016 / s
[P]total expire hit:      76832725

[P]expire hit rate:       27.056700 %
[P]total expire hit rate: 22.002697 %

[P]get found:             1278230.328 / s

----------------------------------

[INFO]Current Time:       70.78 s

[P]indexs Load Factor:    99.9443 %

[P]full bucket LFactor:   87.3011 %

[P]set request:           172183858 
[P]get request:           140200245 

[P]Get Hit Rate:          71.9315 %
[P]ACC Hit Rate:          76.6024 %

[P]total cuckoo num:      2436841 
[P]total cuckoo path:     976150 
[P]total cp perset:       0.005598 / set
[P]total cp percuckoo:    0.400580 / cuckoo num

[P]cuckoo path / s:       93.508 / s
[P]cp per set * s:        0.000041 / set * s

[P]break loop / s:        0 / s
[P]break / set :          0 %

[P]Throughput:            3934787.902 ops
[P]all request:           312384103 o

[P]GetThroughput:         1755608.222 ops
[P]SetThroughput:         2179181.016 ops

[P]Valid Entries:         10470.198 / s
[P]set success:           2273431.496 / s

[P]expire scan persec:    7746192.313 / s
[P]total expire scan:     354995658
[P]expire hit persec:     2164006.042 / s
[P]total expire hit:      78452702

[P]expire hit rate:       27.936384 %
[P]total expire hit rate: 22.099623 %

[P]get found:             1262835.677 / s

----------------------------------

[INFO]Current Time:       71.53 s

[P]indexs Load Factor:    99.9500 %

[P]full bucket LFactor:   87.3208 %

[P]set request:           173782698 
[P]get request:           141465219 

[P]Get Hit Rate:          72.2884 %
[P]ACC Hit Rate:          76.5638 %

[P]total cuckoo num:      2436845 
[P]total cuckoo path:     976190 
[P]total cp perset:       0.005548 / set
[P]total cp percuckoo:    0.400596 / cuckoo num

[P]cuckoo path / s:       53.418 / s
[P]cp per set * s:        0.000025 / set * s

[P]break loop / s:        0 / s
[P]break / set :          0 %

[P]Throughput:            3824491.453 ops
[P]all request:           315247917 o

[P]GetThroughput:         1689314.408 ops
[P]SetThroughput:         2135177.045 ops

[P]Valid Entries:         9024.997 / s
[P]set success:           2136561.911 / s

[P]expire scan persec:    7461988.651 / s
[P]total expire scan:     360583263
[P]expire hit persec:     2123499.837 / s
[P]total expire hit:      80042798

[P]expire hit rate:       28.457559 %
[P]total expire hit rate: 22.198146 %

[P]get found:             1221177.735 / s

----------------------------------
[INFO]End rx_queue_3:865437

[INFO]Current Time:       72.28 s

[P]indexs Load Factor:    99.9532 %

[P]full bucket LFactor:   87.3323 %

[P]set request:           174968482 
[P]get request:           142405274 

[P]Get Hit Rate:          73.2279 %
[P]ACC Hit Rate:          76.5418 %

[P]total cuckoo num:      2436853 
[P]total cuckoo path:     976270 
[P]total cp perset:       0.005510 / set
[P]total cp percuckoo:    0.400627 / cuckoo num

[P]cuckoo path / s:       107.346 / s
[P]cp per set * s:        0.000067 / set * s

[P]break loop / s:        0 / s
[P]break / set :          0 %

[P]Throughput:            2852495.184 ops
[P]all request:           317373756 o

[P]GetThroughput:         1261385.439 ops
[P]SetThroughput:         1591109.745 ops

[P]Valid Entries:         6063.689 / s
[P]set success:           1610476.246 / s

[P]expire scan persec:    5716936.599 / s
[P]total expire scan:     364843844
[P]expire hit persec:     1588632.744 / s
[P]total expire hit:      81226736

[P]expire hit rate:       27.788182 %
[P]total expire hit rate: 22.263425 %

[P]get found:             923686.691 / s

----------------------------------
[INFO]End rx_queue_0:1721093

[INFO]Current Time:       73.03 s

[P]indexs Load Factor:    99.9556 %

[P]full bucket LFactor:   87.3405 %

[P]set request:           175689477 
[P]get request:           142970206 

[P]Get Hit Rate:          72.3747 %
[P]ACC Hit Rate:          76.5253 %

[P]total cuckoo num:      2436855 
[P]total cuckoo path:     976290 
[P]total cp perset:       0.005488 / set
[P]total cp percuckoo:    0.400635 / cuckoo num

[P]cuckoo path / s:       26.624 / s
[P]cp per set * s:        0.000028 / set * s

[P]break loop / s:        0 / s
[P]break / set :          0 %

[P]Throughput:            1711807.676 ops
[P]all request:           318659683 o

[P]GetThroughput:         752029.418 ops
[P]SetThroughput:         959778.257 ops

[P]Valid Entries:         3224.132 / s
[P]set success:           959778.257 / s

[P]expire scan persec:    3405286.255 / s
[P]total expire scan:     367401929
[P]expire hit persec:     950442.652 / s
[P]total expire hit:      81940718

[P]expire hit rate:       27.910800 %
[P]total expire hit rate: 22.302746 %

[P]get found:             544279.248 / s

----------------------------------

[INFO]Current Time:       73.77 s

[P]indexs Load Factor:    99.9557 %

[P]full bucket LFactor:   87.3408 %

[P]set request:           176066321 
[P]get request:           143265639 

[P]Get Hit Rate:          72.4438 %
[P]ACC Hit Rate:          76.5169 %

[P]total cuckoo num:      2436857 
[P]total cuckoo path:     976310 
[P]total cp perset:       0.005477 / set
[P]total cp percuckoo:    0.400643 / cuckoo num

[P]cuckoo path / s:       26.904 / s
[P]cp per set * s:        0.000053 / set * s

[P]break loop / s:        0 / s
[P]break / set :          0 %

[P]Throughput:            904332.227 ops
[P]all request:           319331960 o

[P]GetThroughput:         397409.971 ops
[P]SetThroughput:         506922.257 ops

[P]Valid Entries:         1585.965 / s
[P]set success:           506923.602 / s

[P]expire scan persec:    1779998.711 / s
[P]total expire scan:     368725173
[P]expire hit persec:     502254.489 / s
[P]total expire hit:      82314092

[P]expire hit rate:       28.216565 %
[P]total expire hit rate: 22.323969 %

[P]get found:             287899.030 / s

----------------------------------
[INFO]End rx_queue_2:1696729
Finish the job......

Total Index Entries:      94856936

indexs Load Factor:     99.955655 %

log_0 Load Factor:      3435973836660.642090 %

log_1 Load Factor:      3435973836690.775879 %

log_2 Load Factor:      3435973836653.876953 %

log_3 Load Factor:      3435973836758.980469 %

Get Hit Rate:           76.516907%

Max Throughput:         5713226.90

Calc Load Factor:       99.955655%

set request:              55464700 | set_success:              55464700
set_fail:                        0 | set_key_duplicate:          884563 | set_mica_evicted:                0
set_random:                      0 | set_cuckoo_evicted:         688260 | set_expire_evicted:       26162301

get request:              44748392
get_found:                34032084 | get_notfound:             10716308 | get_hit_ratio:          76.052082%

clean up:                        0 | test_notfound:                   0
move_to_head_performed:    3627534 | move_to_head_skipped:     30404550 | move_to_head_failed:             0


set request:              52542461 | set_success:              52542461
set_fail:                        0 | set_key_duplicate:          714510 | set_mica_evicted:                0
set_random:                      0 | set_cuckoo_evicted:         720827 | set_expire_evicted:       22253517

get request:              43526964
get_found:                34511467 | get_notfound:              9015497 | get_hit_ratio:          79.287558%

clean up:                        0 | test_notfound:                   0
move_to_head_performed:    2904562 | move_to_head_skipped:     31606905 | move_to_head_failed:             0


set request:              55548792 | set_success:              55548792
set_fail:                        0 | set_key_duplicate:          966138 | set_mica_evicted:                0
set_random:                      0 | set_cuckoo_evicted:         677493 | set_expire_evicted:       27004356

get request:              44114928
get_found:                32681064 | get_notfound:             11433864 | get_hit_ratio:          74.081644%

clean up:                        0 | test_notfound:                   0
move_to_head_performed:    3948111 | move_to_head_skipped:     28732949 | move_to_head_failed:             4


set request:              28497788 | set_success:              28497788
set_fail:                        0 | set_key_duplicate:          326923 | set_mica_evicted:                0
set_random:                      0 | set_cuckoo_evicted:         350277 | set_expire_evicted:       13120638

get request:              22501336
get_found:                16504884 | get_notfound:              5996452 | get_hit_ratio:          73.350685%

clean up:                        0 | test_notfound:                   0
move_to_head_performed:    1595984 | move_to_head_skipped:     14908900 | move_to_head_failed:             0


[INFO] Everything works fine.
deleting piekv......
