EAL: Detected 44 lcore(s)
EAL: Detected 1 NUMA nodes
EAL: Multi-process socket /var/run/dpdk/rte/mp_socket
EAL: Selected IOVA mode 'PA'
EAL: No available hugepages reported in hugepages-1048576kB
[INFO] 单个Log Size为:1 GB
[INFO] 运行proto
[INFO] 运行cleanup
[INFO] 运行reload
[INFO] reload kv size 8
EAL: Probing VFIO support...
EAL: VFIO support initialized
EAL: PCI device 0000:03:00.0 on NUMA socket 0
EAL:   probe driver: 15b3:1017 net_mlx5
WEN: There are 1 device(s) available
starting port 0...
querying port 0...
port 0: 100 Gbps (full-duplex)
Adding UDP filter for each endpoint.
port_id/queue_id/udp_port = 0 0 0
Flow is created with src_port = 0, dst_port = 0
port_id/queue_id/udp_port = 0 1 1
Flow is created with src_port = 0, dst_port = 1
port_id/queue_id/udp_port = 0 2 2
Flow is created with src_port = 0, dst_port = 2
port_id/queue_id/udp_port = 0 3 3
Flow is created with src_port = 0, dst_port = 3
MEM: Initializing pages...
 == [STAT] Workers Start (4 threads in total) == 
trigger:80.000000 

[INFO]Current Time:       7.01 s

[P]indexs Load Factor:    0.0340 %

[P]full bucket LFactor:   0.0000 %

[P]set request:           25566 
[P]get request:           16297 

[P]Get Hit Rate:          42.8422 %
[P]ACC Hit Rate:          42.8422 %

[P]total cuckoo num:      0 
[P]total cuckoo path:     0 
[P]total cp perset:       0.000000 / set
[P]total cp percuckoo:    -nan / cuckoo num

[P]cuckoo path / s:       0 / s
[P]cp per set * s:        0 / set * s

[P]break loop / s:        0 / s
[P]break / set :          0 %

[P]Throughput:            61686.164 ops
[P]all request:           41863 o

[P]GetThroughput:         24014.032 ops
[P]SetThroughput:         37672.132 ops

[P]Valid Entries:         36107.249 / s
[P]set success:           37284.595 / s

[P]get found:             10288.149 / s

----------------------------------

[INFO]Current Time:       7.76 s

[P]indexs Load Factor:    0.1169 %

[P]full bucket LFactor:   0.0000 %

[P]set request:           111891 
[P]get request:           75036 

[P]Get Hit Rate:          52.6635 %
[P]ACC Hit Rate:          50.5304 %

[P]total cuckoo num:      0 
[P]total cuckoo path:     0 
[P]total cp perset:       0.000000 / set
[P]total cp percuckoo:    -nan / cuckoo num

[P]cuckoo path / s:       0 / s
[P]cp per set * s:        0 / set * s

[P]break loop / s:        0 / s
[P]break / set :          0 %

[P]Throughput:            193451.383 ops
[P]all request:           186927 o

[P]GetThroughput:         78331.914 ops
[P]SetThroughput:         115119.469 ops

[P]Valid Entries:         112592.375 / s
[P]set success:           115090.131 / s

[P]get found:             41252.310 / s

----------------------------------

[INFO]Current Time:       8.49 s

[P]indexs Load Factor:    0.4641 %

[P]full bucket LFactor:   0.0000 %

[P]set request:           278757 
[P]get request:           191521 

[P]Get Hit Rate:          55.8192 %
[P]ACC Hit Rate:          53.7471 %

[P]total cuckoo num:      0 
[P]total cuckoo path:     0 
[P]total cp perset:       0.000000 / set
[P]total cp percuckoo:    -nan / cuckoo num

[P]cuckoo path / s:       0 / s
[P]cp per set * s:        0 / set * s

[P]break loop / s:        0 / s
[P]break / set :          0 %

[P]Throughput:            387753.254 ops
[P]all request:           470278 o

[P]GetThroughput:         159404.547 ops
[P]SetThroughput:         228348.707 ops

[P]Valid Entries:         229161.569 / s
[P]set success:           229487.262 / s

[P]get found:             88978.349 / s

----------------------------------

[INFO]Current Time:       9.23 s

[P]indexs Load Factor:    2.6833 %

[P]full bucket LFactor:   0.0000 %

[P]set request:           2285725 
[P]get request:           1680333 

[P]Get Hit Rate:          59.9769 %
[P]ACC Hit Rate:          59.2668 %

[P]total cuckoo num:      0 
[P]total cuckoo path:     0 
[P]total cp perset:       0.000000 / set
[P]total cp percuckoo:    -nan / cuckoo num

[P]cuckoo path / s:       0 / s
[P]cp per set * s:        0 / set * s

[P]break loop / s:        0 / s
[P]break / set :          0 %

[P]Throughput:            4774109.366 ops
[P]all request:           3966058 o

[P]GetThroughput:         2033237.593 ops
[P]SetThroughput:         2740871.773 ops

[P]Valid Entries:         2794187.837 / s
[P]set success:           2799837.646 / s

[P]get found:             1219472.490 / s

----------------------------------

[INFO]Current Time:       9.98 s

[P]indexs Load Factor:    5.0143 %

[P]full bucket LFactor:   0.0001 %

[P]set request:           4705173 
[P]get request:           3536195 

[P]Get Hit Rate:          66.2045 %
[P]ACC Hit Rate:          62.9079 %

[P]total cuckoo num:      0 
[P]total cuckoo path:     0 
[P]total cp perset:       0.000000 / set
[P]total cp percuckoo:    -nan / cuckoo num

[P]cuckoo path / s:       0 / s
[P]cp per set * s:        0 / set * s

[P]break loop / s:        0 / s
[P]break / set :          0 %

[P]Throughput:            5655419.556 ops
[P]all request:           8241368 o

[P]GetThroughput:         2454951.395 ops
[P]SetThroughput:         3200468.161 ops

[P]Valid Entries:         3219344.649 / s
[P]set success:           3080285.651 / s

[P]get found:             1625289.410 / s

----------------------------------

[INFO]Current Time:       10.80 s

[P]indexs Load Factor:    7.3585 %

[P]full bucket LFactor:   0.0011 %

[P]set request:           7273655 
[P]get request:           5519792 

[P]Get Hit Rate:          69.3329 %
[P]ACC Hit Rate:          65.2168 %

[P]total cuckoo num:      0 
[P]total cuckoo path:     0 
[P]total cp perset:       0.000000 / set
[P]total cp percuckoo:    -nan / cuckoo num

[P]cuckoo path / s:       0 / s
[P]cp per set * s:        0 / set * s

[P]break loop / s:        0 / s
[P]break / set :          0 %

[P]Throughput:            5591835.759 ops
[P]all request:           12793447 o

[P]GetThroughput:         2436677.535 ops
[P]SetThroughput:         3155158.224 ops

[P]Valid Entries:         3090812.691 / s
[P]set success:           3135373.395 / s

[P]get found:             1689418.800 / s

----------------------------------

[INFO]Current Time:       11.65 s

[P]indexs Load Factor:    9.6877 %

[P]full bucket LFactor:   0.0062 %

[P]set request:           9736039 
[P]get request:           7420004 

[P]Get Hit Rate:          77.4263 %
[P]ACC Hit Rate:          68.3435 %

[P]total cuckoo num:      0 
[P]total cuckoo path:     0 
[P]total cp perset:       0.000000 / set
[P]total cp percuckoo:    -nan / cuckoo num

[P]cuckoo path / s:       0 / s
[P]cp per set * s:        0 / set * s

[P]break loop / s:        0 / s
[P]break / set :          0 %

[P]Throughput:            5123473.114 ops
[P]all request:           17156043 o

[P]GetThroughput:         2231626.557 ops
[P]SetThroughput:         2891846.556 ops

[P]Valid Entries:         2875031.365 / s
[P]set success:           2927212.717 / s

[P]get found:             1727866.057 / s

----------------------------------

[INFO]Current Time:       12.53 s

[P]indexs Load Factor:    12.1250 %

[P]full bucket LFactor:   0.0240 %

[P]set request:           12396817 
[P]get request:           9576683 

[P]Get Hit Rate:          75.6582 %
[P]ACC Hit Rate:          69.9908 %

[P]total cuckoo num:      0 
[P]total cuckoo path:     0 
[P]total cp perset:       0.000000 / set
[P]total cp percuckoo:    -nan / cuckoo num

[P]cuckoo path / s:       0 / s
[P]cp per set * s:        0 / set * s

[P]break loop / s:        0 / s
[P]break / set :          0 %

[P]Throughput:            5476628.691 ops
[P]all request:           21973500 o

[P]GetThroughput:         2451776.962 ops
[P]SetThroughput:         3024851.729 ops

[P]Valid Entries:         2989728.236 / s
[P]set success:           3001677.454 / s

[P]get found:             1854970.873 / s

----------------------------------

[INFO]Current Time:       13.43 s

[P]indexs Load Factor:    14.5474 %

[P]full bucket LFactor:   0.0687 %

[P]set request:           15064212 
[P]get request:           11766377 

[P]Get Hit Rate:          78.7287 %
[P]ACC Hit Rate:          71.6169 %

[P]total cuckoo num:      0 
[P]total cuckoo path:     0 
[P]total cp perset:       0.000000 / set
[P]total cp percuckoo:    -nan / cuckoo num

[P]cuckoo path / s:       0 / s
[P]cp per set * s:        0 / set * s

[P]break loop / s:        0 / s
[P]break / set :          0 %

[P]Throughput:            5404837.432 ops
[P]all request:           26830589 o

[P]GetThroughput:         2436632.332 ops
[P]SetThroughput:         2968205.100 ops

[P]Valid Entries:         2921919.308 / s
[P]set success:           2990172.351 / s

[P]get found:             1918329.381 / s

----------------------------------

[INFO]Current Time:       14.33 s

[P]indexs Load Factor:    16.9520 %

[P]full bucket LFactor:   0.1599 %

[P]set request:           17690540 
[P]get request:           13979507 

[P]Get Hit Rate:          80.3748 %
[P]ACC Hit Rate:          73.0034 %

[P]total cuckoo num:      3 
[P]total cuckoo path:     0 
[P]total cp perset:       0.000000 / set
[P]total cp percuckoo:    0.000000 / cuckoo num

[P]cuckoo path / s:       0 / s
[P]cp per set * s:        0 / set * s

[P]break loop / s:        0 / s
[P]break / set :          0 %

[P]Throughput:            5334364.399 ops
[P]all request:           31670047 o

[P]GetThroughput:         2439455.386 ops
[P]SetThroughput:         2894909.013 ops

[P]Valid Entries:         2884994.141 / s
[P]set success:           2911538.883 / s

[P]get found:             1960706.493 / s

----------------------------------

[INFO]Current Time:       15.25 s

[P]indexs Load Factor:    19.3684 %

[P]full bucket LFactor:   0.3263 %

[P]set request:           20340819 
[P]get request:           16198521 

[P]Get Hit Rate:          80.3365 %
[P]ACC Hit Rate:          74.0079 %

[P]total cuckoo num:      10 
[P]total cuckoo path:     0 
[P]total cp perset:       0.000000 / set
[P]total cp percuckoo:    0.000000 / cuckoo num

[P]cuckoo path / s:       0 / s
[P]cp per set * s:        0 / set * s

[P]break loop / s:        0 / s
[P]break / set :          0 %

[P]Throughput:            5338404.725 ops
[P]all request:           36539340 o

[P]GetThroughput:         2432795.648 ops
[P]SetThroughput:         2905609.076 ops

[P]Valid Entries:         2842143.002 / s
[P]set success:           2738732.846 / s

[P]get found:             1954422.676 / s

----------------------------------

[INFO]Current Time:       16.17 s

[P]indexs Load Factor:    21.7387 %

[P]full bucket LFactor:   0.5848 %

[P]set request:           22903305 
[P]get request:           18392548 

[P]Get Hit Rate:          84.0925 %
[P]ACC Hit Rate:          75.2109 %

[P]total cuckoo num:      53 
[P]total cuckoo path:     0 
[P]total cp perset:       0.000000 / set
[P]total cp percuckoo:    0.000000 / cuckoo num

[P]cuckoo path / s:       0 / s
[P]cp per set * s:        0 / set * s

[P]break loop / s:        0 / s
[P]break / set :          0 %

[P]Throughput:            5118906.273 ops
[P]all request:           41295853 o

[P]GetThroughput:         2361187.402 ops
[P]SetThroughput:         2757718.871 ops

[P]Valid Entries:         2774116.760 / s
[P]set success:           2762765.120 / s

[P]get found:             1985582.425 / s

----------------------------------

[INFO]Current Time:       17.12 s

[P]indexs Load Factor:    24.1584 %

[P]full bucket LFactor:   0.9739 %

[P]set request:           25565117 
[P]get request:           20582830 

[P]Get Hit Rate:          83.8022 %
[P]ACC Hit Rate:          76.1252 %

[P]total cuckoo num:      203 
[P]total cuckoo path:     1 
[P]total cp perset:       0.000000 / set
[P]total cp percuckoo:    0.004926 / cuckoo num

[P]cuckoo path / s:       1.063 / s
[P]cp per set * s:        0.000000 / set * s

[P]break loop / s:        0 / s
[P]break / set :          0 %

[P]Throughput:            5156613.104 ops
[P]all request:           46147948 o

[P]GetThroughput:         2327744.379 ops
[P]SetThroughput:         2828867.662 ops

[P]Valid Entries:         2757735.001 / s
[P]set success:           2836604.556 / s

[P]get found:             1950701.529 / s

----------------------------------

[INFO]Current Time:       18.06 s

[P]indexs Load Factor:    26.5485 %

[P]full bucket LFactor:   1.5031 %

[P]set request:           28243172 
[P]get request:           22836960 

[P]Get Hit Rate:          84.7727 %
[P]ACC Hit Rate:          76.9787 %

[P]total cuckoo num:      584 
[P]total cuckoo path:     5 
[P]total cp perset:       0.000000 / set
[P]total cp percuckoo:    0.008562 / cuckoo num

[P]cuckoo path / s:       4.229 / s
[P]cp per set * s:        0.000002 / set * s

[P]break loop / s:        0 / s
[P]break / set :          0 %

[P]Throughput:            5213990.054 ops
[P]all request:           51080132 o

[P]GetThroughput:         2382922.332 ops
[P]SetThroughput:         2831068.779 ops

[P]Valid Entries:         2746529.600 / s
[P]set success:           2743082.279 / s

[P]get found:             2020066.688 / s

----------------------------------

[INFO]Current Time:       19.01 s

[P]indexs Load Factor:    28.9069 %

[P]full bucket LFactor:   2.1850 %

[P]set request:           30895742 
[P]get request:           25085089 

[P]Get Hit Rate:          84.3641 %
[P]ACC Hit Rate:          77.6406 %

[P]total cuckoo num:      1377 
[P]total cuckoo path:     18 
[P]total cp perset:       0.000001 / set
[P]total cp percuckoo:    0.013072 / cuckoo num

[P]cuckoo path / s:       13.668 / s
[P]cp per set * s:        0.000005 / set * s

[P]break loop / s:        0 / s
[P]break / set :          0 %

[P]Throughput:            5152436.361 ops
[P]all request:           55980831 o

[P]GetThroughput:         2363610.090 ops
[P]SetThroughput:         2788826.271 ops

[P]Valid Entries:         2664841.639 / s
[P]set success:           2705554.800 / s

[P]get found:             1994038.593 / s

----------------------------------

[INFO]Current Time:       19.97 s

[P]indexs Load Factor:    31.3073 %

[P]full bucket LFactor:   3.0568 %

[P]set request:           33486828 
[P]get request:           27326791 

[P]Get Hit Rate:          87.6230 %
[P]ACC Hit Rate:          78.4595 %

[P]total cuckoo num:      3062 
[P]total cuckoo path:     50 
[P]total cp perset:       0.000002 / set
[P]total cp percuckoo:    0.016329 / cuckoo num

[P]cuckoo path / s:       33.500 / s
[P]cp per set * s:        0.000012 / set * s

[P]break loop / s:        0 / s
[P]break / set :          0 %

[P]Throughput:            5059393.562 ops
[P]all request:           60813619 o

[P]GetThroughput:         2346813.613 ops
[P]SetThroughput:         2712579.949 ops

[P]Valid Entries:         2713836.216 / s
[P]set success:           2755607.095 / s

[P]get found:             2056348.970 / s

----------------------------------

[INFO]Current Time:       20.93 s

[P]indexs Load Factor:    33.6972 %

[P]full bucket LFactor:   4.1117 %

[P]set request:           36207396 
[P]get request:           29658095 

[P]Get Hit Rate:          87.0279 %
[P]ACC Hit Rate:          79.1330 %

[P]total cuckoo num:      6342 
[P]total cuckoo path:     157 
[P]total cp perset:       0.000004 / set
[P]total cp percuckoo:    0.024756 / cuckoo num

[P]cuckoo path / s:       110.881 / s
[P]cp per set * s:        0.000043 / set * s

[P]break loop / s:        0 / s
[P]break / set :          0 %

[P]Throughput:            5235090.379 ops
[P]all request:           65865492 o

[P]GetThroughput:         2415853.910 ops
[P]SetThroughput:         2819235.433 ops

[P]Valid Entries:         2685651.262 / s
[P]set success:           2607443.139 / s

[P]get found:             2102467.015 / s

----------------------------------

[INFO]Current Time:       21.89 s

[P]indexs Load Factor:    36.0254 %

[P]full bucket LFactor:   5.3376 %

[P]set request:           38839092 
[P]get request:           31953135 

[P]Get Hit Rate:          87.6815 %
[P]ACC Hit Rate:          79.7470 %

[P]total cuckoo num:      12014 
[P]total cuckoo path:     344 
[P]total cp perset:       0.000009 / set
[P]total cp percuckoo:    0.028633 / cuckoo num

[P]cuckoo path / s:       194.435 / s
[P]cp per set * s:        0.000074 / set * s

[P]break loop / s:        0 / s
[P]break / set :          0 %

[P]Throughput:            5122614.793 ops
[P]all request:           70792228 o

[P]GetThroughput:         2386286.957 ops
[P]SetThroughput:         2736327.837 ops

[P]Valid Entries:         2678659.720 / s
[P]set success:           2644839.501 / s

[P]get found:             2092331.680 / s

----------------------------------

[INFO]Current Time:       22.87 s

[P]indexs Load Factor:    38.3880 %

[P]full bucket LFactor:   6.7372 %

[P]set request:           41453678 
[P]get request:           34184914 

[P]Get Hit Rate:          88.0034 %
[P]ACC Hit Rate:          80.2860 %

[P]total cuckoo num:      21265 
[P]total cuckoo path:     798 
[P]total cp perset:       0.000020 / set
[P]total cp percuckoo:    0.037526 / cuckoo num

[P]cuckoo path / s:       466.960 / s
[P]cp per set * s:        0.000182 / set * s

[P]break loop / s:        0 / s
[P]break / set :          0 %

[P]Throughput:            4984709.982 ops
[P]all request:           75638592 o

[P]GetThroughput:         2295488.135 ops
[P]SetThroughput:         2689222.876 ops

[P]Valid Entries:         2559301.015 / s
[P]set success:           2563359.659 / s

[P]get found:             2020108.222 / s

----------------------------------

[INFO]Current Time:       23.84 s

[P]indexs Load Factor:    40.7225 %

[P]full bucket LFactor:   8.3105 %

[P]set request:           44113852 
[P]get request:           36458765 

[P]Get Hit Rate:          88.6181 %
[P]ACC Hit Rate:          80.8057 %

[P]total cuckoo num:      35545 
[P]total cuckoo path:     1627 
[P]total cp perset:       0.000038 / set
[P]total cp percuckoo:    0.045773 / cuckoo num

[P]cuckoo path / s:       855.074 / s
[P]cp per set * s:        0.000322 / set * s

[P]break loop / s:        0 / s
[P]break / set :          0 %

[P]Throughput:            5089210.400 ops
[P]all request:           80572617 o

[P]GetThroughput:         2345368.367 ops
[P]SetThroughput:         2743842.033 ops

[P]Valid Entries:         2608157.605 / s
[P]set success:           2655698.263 / s

[P]get found:             2078420.314 / s

----------------------------------

[INFO]Current Time:       24.81 s

[P]indexs Load Factor:    43.0471 %

[P]full bucket LFactor:   10.0569 %

[P]set request:           46743091 
[P]get request:           38784161 

[P]Get Hit Rate:          89.1425 %
[P]ACC Hit Rate:          81.3055 %

[P]total cuckoo num:      57148 
[P]total cuckoo path:     3121 
[P]total cp perset:       0.000068 / set
[P]total cp percuckoo:    0.054613 / cuckoo num

[P]cuckoo path / s:       1534.290 / s
[P]cp per set * s:        0.000578 / set * s

[P]break loop / s:        0 / s
[P]break / set :          0 %

[P]Throughput:            5088251.984 ops
[P]all request:           85527252 o

[P]GetThroughput:         2388107.461 ops
[P]SetThroughput:         2700144.523 ops

[P]Valid Entries:         2602726.331 / s
[P]set success:           2652376.130 / s

[P]get found:             2128818.561 / s

----------------------------------

[INFO]Current Time:       25.78 s

[P]indexs Load Factor:    45.3139 %

[P]full bucket LFactor:   11.9238 %

[P]set request:           49335684 
[P]get request:           40982561 

[P]Get Hit Rate:          88.0547 %
[P]ACC Hit Rate:          81.6676 %

[P]total cuckoo num:      87565 
[P]total cuckoo path:     5752 
[P]total cp perset:       0.000119 / set
[P]total cp percuckoo:    0.065688 / cuckoo num

[P]cuckoo path / s:       2716.477 / s
[P]cp per set * s:        0.001034 / set * s

[P]break loop / s:        0 / s
[P]break / set :          0 %

[P]Throughput:            4946644.140 ops
[P]all request:           90318245 o

[P]GetThroughput:         2269822.243 ops
[P]SetThroughput:         2676821.897 ops

[P]Valid Entries:         2577527.499 / s
[P]set success:           2627478.250 / s

[P]get found:             1998685.657 / s

----------------------------------

[INFO]Current Time:       26.75 s

[P]indexs Load Factor:    47.5251 %

[P]full bucket LFactor:   13.8674 %

[P]set request:           51849862 
[P]get request:           43148861 

[P]Get Hit Rate:          87.8667 %
[P]ACC Hit Rate:          81.9788 %

[P]total cuckoo num:      127721 
[P]total cuckoo path:     10064 
[P]total cp perset:       0.000198 / set
[P]total cp percuckoo:    0.078797 / cuckoo num

[P]cuckoo path / s:       4445.837 / s
[P]cp per set * s:        0.001827 / set * s

[P]break loop / s:        0 / s
[P]break / set :          0 %

[P]Throughput:            4825752.063 ops
[P]all request:           94998723 o

[P]GetThroughput:         2233538.261 ops
[P]SetThroughput:         2592213.802 ops

[P]Valid Entries:         2456824.039 / s
[P]set success:           2433302.962 / s

[P]get found:             1962536.031 / s

----------------------------------

[INFO]Current Time:       27.72 s

[P]indexs Load Factor:    49.6119 %

[P]full bucket LFactor:   15.8243 %

[P]set request:           54168360 
[P]get request:           45231752 

[P]Get Hit Rate:          87.0661 %
[P]ACC Hit Rate:          82.2131 %

[P]total cuckoo num:      179057 
[P]total cuckoo path:     16856 
[P]total cp perset:       0.000318 / set
[P]total cp percuckoo:    0.094138 / cuckoo num

[P]cuckoo path / s:       6997.150 / s
[P]cp per set * s:        0.003081 / set * s

[P]break loop / s:        0 / s
[P]break / set :          0 %

[P]Throughput:            4534331.276 ops
[P]all request:           99400112 o

[P]GetThroughput:         2145803.928 ops
[P]SetThroughput:         2388527.348 ops

[P]Valid Entries:         2340939.106 / s
[P]set success:           2270935.672 / s

[P]get found:             1868266.804 / s

----------------------------------

[INFO]Current Time:       28.69 s

[P]indexs Load Factor:    51.7185 %

[P]full bucket LFactor:   17.9234 %

[P]set request:           56566285 
[P]get request:           47309165 

[P]Get Hit Rate:          87.7936 %
[P]ACC Hit Rate:          82.4581 %

[P]total cuckoo num:      246939 
[P]total cuckoo path:     27789 
[P]total cp perset:       0.000502 / set
[P]total cp percuckoo:    0.112534 / cuckoo num

[P]cuckoo path / s:       11272.367 / s
[P]cp per set * s:        0.004739 / set * s

[P]break loop / s:        0 / s
[P]break / set :          0 %

[P]Throughput:            4614255.075 ops
[P]all request:           103875450 o

[P]GetThroughput:         2141897.099 ops
[P]SetThroughput:         2472357.977 ops

[P]Valid Entries:         2385071.112 / s
[P]set success:           2378473.484 / s

[P]get found:             1880447.891 / s

----------------------------------

[INFO]Current Time:       29.65 s

[P]indexs Load Factor:    53.8262 %

[P]full bucket LFactor:   20.1176 %

[P]set request:           58979298 
[P]get request:           49392995 

[P]Get Hit Rate:          85.8432 %
[P]ACC Hit Rate:          82.6009 %

[P]total cuckoo num:      333282 
[P]total cuckoo path:     43641 
[P]total cp perset:       0.000756 / set
[P]total cp percuckoo:    0.130943 / cuckoo num

[P]cuckoo path / s:       16455.847 / s
[P]cp per set * s:        0.006695 / set * s

[P]break loop / s:        0 / s
[P]break / set :          0 %

[P]Throughput:            4668140.429 ops
[P]all request:           108372293 o

[P]GetThroughput:         2163208.960 ops
[P]SetThroughput:         2504931.469 ops

[P]Valid Entries:         2383868.046 / s
[P]set success:           2457877.836 / s

[P]get found:             1856967.426 / s

----------------------------------

[INFO]Current Time:       30.62 s

[P]indexs Load Factor:    55.8671 %

[P]full bucket LFactor:   22.3504 %

[P]set request:           61324181 
[P]get request:           51379218 

[P]Get Hit Rate:          86.6674 %
[P]ACC Hit Rate:          82.7581 %

[P]total cuckoo num:      439571 
[P]total cuckoo path:     65760 
[P]total cp perset:       0.001095 / set
[P]total cp percuckoo:    0.149600 / cuckoo num

[P]cuckoo path / s:       22960.285 / s
[P]cp per set * s:        0.009471 / set * s

[P]break loop / s:        0 / s
[P]break / set :          0 %

[P]Throughput:            4495837.452 ops
[P]all request:           112703399 o

[P]GetThroughput:         2061767.999 ops
[P]SetThroughput:         2434069.453 ops

[P]Valid Entries:         2353978.863 / s
[P]set success:           2424171.794 / s

[P]get found:             1786879.855 / s

----------------------------------

[INFO]Current Time:       31.57 s

[P]indexs Load Factor:    57.7888 %

[P]full bucket LFactor:   24.5163 %

[P]set request:           63588226 
[P]get request:           53292529 

[P]Get Hit Rate:          83.4856 %
[P]ACC Hit Rate:          82.7842 %

[P]total cuckoo num:      563727 
[P]total cuckoo path:     94949 
[P]total cp perset:       0.001527 / set
[P]total cp percuckoo:    0.168431 / cuckoo num

[P]cuckoo path / s:       30533.833 / s
[P]cp per set * s:        0.013533 / set * s

[P]break loop / s:        0 / s
[P]break / set :          0 %

[P]Throughput:            4369820.450 ops
[P]all request:           116880755 o

[P]GetThroughput:         2001463.494 ops
[P]SetThroughput:         2368356.956 ops

[P]Valid Entries:         2260859.328 / s
[P]set success:           2256260.790 / s

[P]get found:             1670933.631 / s

----------------------------------

[INFO]Current Time:       32.53 s

[P]indexs Load Factor:    59.6300 %

[P]full bucket LFactor:   26.6657 %

[P]set request:           65663998 
[P]get request:           55123050 

[P]Get Hit Rate:          84.4338 %
[P]ACC Hit Rate:          82.8390 %

[P]total cuckoo num:      702921 
[P]total cuckoo path:     131949 
[P]total cp perset:       0.002052 / set
[P]total cp percuckoo:    0.187715 / cuckoo num

[P]cuckoo path / s:       38748.450 / s
[P]cp per set * s:        0.017609 / set * s

[P]break loop / s:        0 / s
[P]break / set :          0 %

[P]Throughput:            4090886.481 ops
[P]all request:           120787048 o

[P]GetThroughput:         1917023.022 ops
[P]SetThroughput:         2173863.459 ops

[P]Valid Entries:         2140623.572 / s
[P]set success:           2200434.423 / s

[P]get found:             1618615.971 / s

----------------------------------

[INFO]Current Time:       33.48 s

[P]indexs Load Factor:    61.4202 %

[P]full bucket LFactor:   28.8042 %

[P]set request:           67719735 
[P]get request:           56826046 

[P]Get Hit Rate:          88.0364 %
[P]ACC Hit Rate:          82.9948 %

[P]total cuckoo num:      859601 
[P]total cuckoo path:     178196 
[P]total cp perset:       0.002687 / set
[P]total cp percuckoo:    0.207301 / cuckoo num

[P]cuckoo path / s:       48757.063 / s
[P]cp per set * s:        0.022878 / set * s

[P]break loop / s:        0 / s
[P]break / set :          0 %

[P]Throughput:            3962739.844 ops
[P]all request:           124545782 o

[P]GetThroughput:         1795426.360 ops
[P]SetThroughput:         2167312.430 ops

[P]Valid Entries:         2075233.093 / s
[P]set success:           2131137.087 / s

[P]get found:             1580629.395 / s

----------------------------------

[INFO]Current Time:       34.42 s

[P]indexs Load Factor:    63.1615 %

[P]full bucket LFactor:   30.9256 %

[P]set request:           69728274 
[P]get request:           58463183 

[P]Get Hit Rate:          87.5296 %
[P]ACC Hit Rate:          83.1218 %

[P]total cuckoo num:      1038183 
[P]total cuckoo path:     235741 
[P]total cp perset:       0.003452 / set
[P]total cp percuckoo:    0.227071 / cuckoo num

[P]cuckoo path / s:       60876.199 / s
[P]cp per set * s:        0.029126 / set * s

[P]break loop / s:        0 / s
[P]break / set :          0 %

[P]Throughput:            3856717.997 ops
[P]all request:           128191457 o

[P]GetThroughput:         1731908.558 ops
[P]SetThroughput:         2124810.497 ops

[P]Valid Entries:         2036505.363 / s
[P]set success:           2090083.188 / s

[P]get found:             1515932.139 / s

----------------------------------

[INFO]Current Time:       35.36 s

[P]indexs Load Factor:    64.8132 %

[P]full bucket LFactor:   32.9944 %

[P]set request:           71656904 
[P]get request:           60081190 

[P]Get Hit Rate:          86.0086 %
[P]ACC Hit Rate:          83.1995 %

[P]total cuckoo num:      1237248 
[P]total cuckoo path:     307023 
[P]total cp perset:       0.004372 / set
[P]total cp percuckoo:    0.248150 / cuckoo num

[P]cuckoo path / s:       75510.440 / s
[P]cp per set * s:        0.036975 / set * s

[P]break loop / s:        0 / s
[P]break / set :          0 %

[P]Throughput:            3757023.107 ops
[P]all request:           131738094 o

[P]GetThroughput:         1713986.993 ops
[P]SetThroughput:         2043036.114 ops

[P]Valid Entries:         1991087.067 / s
[P]set success:           2042177.005 / s

[P]get found:             1474176.038 / s

----------------------------------

[INFO]Current Time:       36.29 s

[P]indexs Load Factor:    66.3939 %

[P]full bucket LFactor:   35.0143 %

[P]set request:           73412236 
[P]get request:           61621930 

[P]Get Hit Rate:          84.6028 %
[P]ACC Hit Rate:          83.2346 %

[P]total cuckoo num:      1448784 
[P]total cuckoo path:     389133 
[P]total cp perset:       0.005402 / set
[P]total cp percuckoo:    0.268593 / cuckoo num

[P]cuckoo path / s:       88489.472 / s
[P]cp per set * s:        0.045329 / set * s

[P]break loop / s:        0 / s
[P]break / set :          0 %

[P]Throughput:            3552157.744 ops
[P]all request:           135034166 o

[P]GetThroughput:         1660446.593 ops
[P]SetThroughput:         1891711.151 ops

[P]Valid Entries:         1904383.757 / s
[P]set success:           1952150.398 / s

[P]get found:             1404784.115 / s

----------------------------------

[INFO]Current Time:       37.23 s

[P]indexs Load Factor:    67.8520 %

[P]full bucket LFactor:   36.9160 %

[P]set request:           75182055 
[P]get request:           63126020 

[P]Get Hit Rate:          81.6990 %
[P]ACC Hit Rate:          83.1980 %

[P]total cuckoo num:      1677137 
[P]total cuckoo path:     485914 
[P]total cp perset:       0.006586 / set
[P]total cp percuckoo:    0.289728 / cuckoo num

[P]cuckoo path / s:       103359.527 / s
[P]cp per set * s:        0.055457 / set * s

[P]break loop / s:        0 / s
[P]break / set :          0 %

[P]Throughput:            3496447.506 ops
[P]all request:           138308075 o

[P]GetThroughput:         1606328.010 ops
[P]SetThroughput:         1890119.496 ops

[P]Valid Entries:         1819091.793 / s
[P]set success:           1863771.526 / s

[P]get found:             1312353.398 / s

----------------------------------

[INFO]Current Time:       38.16 s

[P]indexs Load Factor:    69.2633 %

[P]full bucket LFactor:   38.7796 %

[P]set request:           76809326 
[P]get request:           64507872 

[P]Get Hit Rate:          82.6541 %
[P]ACC Hit Rate:          83.1864 %

[P]total cuckoo num:      1910259 
[P]total cuckoo path:     592736 
[P]total cp perset:       0.007866 / set
[P]total cp percuckoo:    0.310291 / cuckoo num

[P]cuckoo path / s:       114176.922 / s
[P]cp per set * s:        0.067528 / set * s

[P]break loop / s:        0 / s
[P]break / set :          0 %

[P]Throughput:            3216307.512 ops
[P]all request:           141317198 o

[P]GetThroughput:         1476995.446 ops
[P]SetThroughput:         1739312.066 ops

[P]Valid Entries:         1677336.813 / s
[P]set success:           1690807.557 / s

[P]get found:             1220798.005 / s

----------------------------------

[INFO]Current Time:       39.09 s

[P]indexs Load Factor:    70.5994 %

[P]full bucket LFactor:   40.5748 %

[P]set request:           78371170 
[P]get request:           65854393 

[P]Get Hit Rate:          83.9086 %
[P]ACC Hit Rate:          83.2011 %

[P]total cuckoo num:      2159327 
[P]total cuckoo path:     715902 
[P]total cp perset:       0.009307 / set
[P]total cp percuckoo:    0.331539 / cuckoo num

[P]cuckoo path / s:       133316.313 / s
[P]cp per set * s:        0.078634 / set * s

[P]break loop / s:        0 / s
[P]break / set :          0 %

[P]Throughput:            3148048.149 ops
[P]all request:           144225563 o

[P]GetThroughput:         1457490.013 ops
[P]SetThroughput:         1690558.136 ops

[P]Valid Entries:         1656278.159 / s
[P]set success:           1695393.269 / s

[P]get found:             1222959.552 / s

----------------------------------

[INFO]Current Time:       40.01 s

[P]indexs Load Factor:    71.8341 %

[P]full bucket LFactor:   42.2766 %

[P]set request:           79877418 
[P]get request:           67131741 

[P]Get Hit Rate:          83.6675 %
[P]ACC Hit Rate:          83.2100 %

[P]total cuckoo num:      2416828 
[P]total cuckoo path:     852645 
[P]total cp perset:       0.010874 / set
[P]total cp percuckoo:    0.352795 / cuckoo num

[P]cuckoo path / s:       149035.939 / s
[P]cp per set * s:        0.091878 / set * s

[P]break loop / s:        0 / s
[P]break / set :          0 %

[P]Throughput:            3033836.061 ops
[P]all request:           147009159 o

[P]GetThroughput:         1392179.190 ops
[P]SetThroughput:         1641656.871 ops

[P]Valid Entries:         1585919.481 / s
[P]set success:           1622111.728 / s

[P]get found:             1164801.374 / s

----------------------------------

[INFO]Current Time:       40.92 s

[P]indexs Load Factor:    73.0287 %

[P]full bucket LFactor:   43.9236 %

[P]set request:           81251191 
[P]get request:           68296101 

[P]Get Hit Rate:          83.4645 %
[P]ACC Hit Rate:          83.2143 %

[P]total cuckoo num:      2670804 
[P]total cuckoo path:     996848 
[P]total cp perset:       0.012497 / set
[P]total cp percuckoo:    0.373239 / cuckoo num

[P]cuckoo path / s:       158019.430 / s
[P]cp per set * s:        0.106156 / set * s

[P]break loop / s:        0 / s
[P]break / set :          0 %

[P]Throughput:            2781318.613 ops
[P]all request:           149547293 o

[P]GetThroughput:         1275920.081 ops
[P]SetThroughput:         1505397.435 ops

[P]Valid Entries:         1455917.124 / s
[P]set success:           1488561.374 / s

[P]get found:             1064940.040 / s

----------------------------------

[INFO]Current Time:       41.83 s

[P]indexs Load Factor:    74.1529 %

[P]full bucket LFactor:   45.5093 %

[P]set request:           82608863 
[P]get request:           69428968 

[P]Get Hit Rate:          84.6944 %
[P]ACC Hit Rate:          83.2385 %

[P]total cuckoo num:      2941025 
[P]total cuckoo path:     1160439 
[P]total cp perset:       0.014310 / set
[P]total cp percuckoo:    0.394570 / cuckoo num

[P]cuckoo path / s:       178645.638 / s
[P]cp per set * s:        0.123717 / set * s

[P]break loop / s:        0 / s
[P]break / set :          0 %

[P]Throughput:            2719732.448 ops
[P]all request:           152037831 o

[P]GetThroughput:         1237120.309 ops
[P]SetThroughput:         1482613.232 ops

[P]Valid Entries:         1435127.570 / s
[P]set success:           1443987.177 / s

[P]get found:             1047771.723 / s

----------------------------------

[INFO]Current Time:       42.75 s

[P]indexs Load Factor:    75.2185 %

[P]full bucket LFactor:   47.0327 %

[P]set request:           83875400 
[P]get request:           70500933 

[P]Get Hit Rate:          83.2774 %
[P]ACC Hit Rate:          83.2391 %

[P]total cuckoo num:      3212117 
[P]total cuckoo path:     1335506 
[P]total cp perset:       0.016218 / set
[P]total cp percuckoo:    0.415771 / cuckoo num

[P]cuckoo path / s:       191232.448 / s
[P]cp per set * s:        0.139638 / set * s

[P]break loop / s:        0 / s
[P]break / set :          0 %

[P]Throughput:            2554436.085 ops
[P]all request:           154376333 o

[P]GetThroughput:         1170948.786 ops
[P]SetThroughput:         1383487.299 ops

[P]Valid Entries:         1340457.895 / s
[P]set success:           1369485.702 / s

[P]get found:             975136.162 / s

----------------------------------

[INFO]Current Time:       43.65 s

[P]indexs Load Factor:    76.2288 %

[P]full bucket LFactor:   48.4966 %

[P]set request:           85069256 
[P]get request:           71511236 

[P]Get Hit Rate:          83.1366 %
[P]ACC Hit Rate:          83.2376 %

[P]total cuckoo num:      3482969 
[P]total cuckoo path:     1520290 
[P]total cp perset:       0.018205 / set
[P]total cp percuckoo:    0.436493 / cuckoo num

[P]cuckoo path / s:       204114.704 / s
[P]cp per set * s:        0.158830 / set * s

[P]break loop / s:        0 / s
[P]break / set :          0 %

[P]Throughput:            2434741.444 ops
[P]all request:           156580492 o

[P]GetThroughput:         1115993.259 ops
[P]SetThroughput:         1318748.185 ops

[P]Valid Entries:         1278957.836 / s
[P]set success:           1285114.946 / s

[P]get found:             927799.333 / s

----------------------------------

[INFO]Current Time:       44.56 s

[P]indexs Load Factor:    77.1729 %

[P]full bucket LFactor:   49.9028 %

[P]set request:           86232417 
[P]get request:           72481376 

[P]Get Hit Rate:          83.1186 %
[P]ACC Hit Rate:          83.2360 %

[P]total cuckoo num:      3763371 
[P]total cuckoo path:     1722223 
[P]total cp perset:       0.020342 / set
[P]total cp percuckoo:    0.457628 / cuckoo num

[P]cuckoo path / s:       221820.048 / s
[P]cp per set * s:        0.175242 / set * s

[P]break loop / s:        0 / s
[P]break / set :          0 %

[P]Throughput:            2343395.727 ops
[P]all request:           158713793 o

[P]GetThroughput:         1065682.682 ops
[P]SetThroughput:         1277713.046 ops

[P]Valid Entries:         1240227.300 / s
[P]set success:           1265790.107 / s

[P]get found:             885780.761 / s

----------------------------------

[INFO]Current Time:       45.47 s

[P]indexs Load Factor:    78.0714 %

[P]full bucket LFactor:   51.2346 %

[P]set request:           87281219 
[P]get request:           73369304 

[P]Get Hit Rate:          81.7743 %
[P]ACC Hit Rate:          83.2184 %

[P]total cuckoo num:      4029992 
[P]total cuckoo path:     1923247 
[P]total cp perset:       0.022441 / set
[P]total cp percuckoo:    0.477233 / cuckoo num

[P]cuckoo path / s:       223084.347 / s
[P]cp per set * s:        0.193350 / set * s

[P]break loop / s:        0 / s
[P]break / set :          0 %

[P]Throughput:            2149266.494 ops
[P]all request:           160650523 o

[P]GetThroughput:         985369.101 ops
[P]SetThroughput:         1163897.393 ops

[P]Valid Entries:         1130720.610 / s
[P]set success:           1153784.333 / s

[P]get found:             805778.789 / s

----------------------------------

[INFO]Current Time:       46.36 s

[P]indexs Load Factor:    78.9476 %

[P]full bucket LFactor:   52.5582 %

[P]set request:           88322650 
[P]get request:           74250353 

[P]Get Hit Rate:          81.7264 %
[P]ACC Hit Rate:          83.2006 %

[P]total cuckoo num:      4309346 
[P]total cuckoo path:     2145495 
[P]total cp perset:       0.024737 / set
[P]total cp percuckoo:    0.497870 / cuckoo num

[P]cuckoo path / s:       249134.321 / s
[P]cp per set * s:        0.215268 / set * s

[P]break loop / s:        0 / s
[P]break / set :          0 %

[P]Throughput:            2155050.889 ops
[P]all request:           162573003 o

[P]GetThroughput:         987633.385 ops
[P]SetThroughput:         1167417.504 ops

[P]Valid Entries:         1134602.099 / s
[P]set success:           1157319.766 / s

[P]get found:             807157.626 / s

----------------------------------

[INFO]Current Time:       47.25 s

[P]indexs Load Factor:    79.7668 %

[P]full bucket LFactor:   53.8157 %

[P]set request:           89306527 
[P]get request:           75082442 

[P]Get Hit Rate:          82.8070 %
[P]ACC Hit Rate:          83.1963 %

[P]total cuckoo num:      4586860 
[P]total cuckoo path:     2378032 
[P]total cp perset:       0.027122 / set
[P]total cp percuckoo:    0.518444 / cuckoo num

[P]cuckoo path / s:       259920.150 / s
[P]cp per set * s:        0.246146 / set * s

[P]break loop / s:        0 / s
[P]break / set :          0 %

[P]Throughput:            2029810.978 ops
[P]all request:           164388969 o

[P]GetThroughput:         930074.344 ops
[P]SetThroughput:         1099736.633 ops

[P]Valid Entries:         1070162.986 / s
[P]set success:           1055960.749 / s

[P]get found:             770166.731 / s

----------------------------------

[INFO]Current Time:       48.15 s

[P]indexs Load Factor:    80.4958 %

[P]full bucket LFactor:   54.9668 %

[P]set request:           90254380 
[P]get request:           75871241 

[P]Get Hit Rate:          84.0905 %
[P]ACC Hit Rate:          83.2056 %

[P]total cuckoo num:      4866673 
[P]total cuckoo path:     2622707 
[P]total cp perset:       0.029595 / set
[P]total cp percuckoo:    0.538912 / cuckoo num

[P]cuckoo path / s:       273254.983 / s
[P]cp per set * s:        0.260089 / set * s

[P]break loop / s:        0 / s
[P]break / set :          0 %

[P]Throughput:            1939506.742 ops
[P]all request:           166125621 o

[P]GetThroughput:         880936.986 ops
[P]SetThroughput:         1058569.756 ops

[P]Valid Entries:         1030932.110 / s
[P]set success:           1050622.551 / s

[P]get found:             740784.290 / s

----------------------------------

[INFO]Current Time:       49.04 s

[P]indexs Load Factor:    81.7016 %

[P]full bucket LFactor:   56.8999 %

[P]set request:           91526020 
[P]get request:           76946463 

[P]Get Hit Rate:          83.8495 %
[P]ACC Hit Rate:          83.2146 %

[P]total cuckoo num:      5023434 
[P]total cuckoo path:     2764502 
[P]total cp perset:       0.030761 / set
[P]total cp percuckoo:    0.550321 / cuckoo num

[P]cuckoo path / s:       159324.517 / s
[P]cp per set * s:        0.113381 / set * s

[P]break loop / s:        0 / s
[P]break / set :          0 %

[P]Throughput:            2636994.633 ops
[P]all request:           168472483 o

[P]GetThroughput:         1208147.153 ops
[P]SetThroughput:         1428847.480 ops

[P]Valid Entries:         1146345.488 / s
[P]set success:           1405217.630 / s

[P]expire scan persec:    3385328.275 / s
[P]total expire scan:     3012861
[P]expire hit persec:     276306.320 / s
[P]total expire hit:      245906

[P]expire hit rate:       8.161877 %
[P]total expire hit rate: 8.161877 %

[P]get found:             1013025.042 / s

----------------------------------

[INFO]Current Time:       49.91 s

[P]indexs Load Factor:    83.0822 %

[P]full bucket LFactor:   59.3436 %

[P]set request:           93835407 
[P]get request:           78862917 

[P]Get Hit Rate:          84.2433 %
[P]ACC Hit Rate:          83.2396 %

[P]total cuckoo num:      5023921 
[P]total cuckoo path:     2765006 
[P]total cp perset:       0.030014 / set
[P]total cp percuckoo:    0.550368 / cuckoo num

[P]cuckoo path / s:       575.540 / s
[P]cp per set * s:        0.000224 / set * s

[P]break loop / s:        0 / s
[P]break / set :          0 %

[P]Throughput:            4825677.306 ops
[P]all request:           172698324 o

[P]GetThroughput:         2188484.748 ops
[P]SetThroughput:         2637192.558 ops

[P]Valid Entries:         1762644.383 / s
[P]set success:           2572539.067 / s

[P]expire scan persec:    10407097.130 / s
[P]total expire scan:     12126346
[P]expire hit persec:     884589.296 / s
[P]total expire hit:      1020540

[P]expire hit rate:       8.499866 %
[P]total expire hit rate: 8.415890 %

[P]get found:             1843651.666 / s

----------------------------------

[INFO]Current Time:       50.79 s

[P]indexs Load Factor:    84.3712 %

[P]full bucket LFactor:   61.6882 %

[P]set request:           96110088 
[P]get request:           80776244 

[P]Get Hit Rate:          81.1620 %
[P]ACC Hit Rate:          83.1904 %

[P]total cuckoo num:      5024412 
[P]total cuckoo path:     2765524 
[P]total cp perset:       0.029314 / set
[P]total cp percuckoo:    0.550417 / cuckoo num

[P]cuckoo path / s:       588.556 / s
[P]cp per set * s:        0.000234 / set * s

[P]break loop / s:        0 / s
[P]break / set :          0 %

[P]Throughput:            4758450.910 ops
[P]all request:           176886332 o

[P]GetThroughput:         2173938.685 ops
[P]SetThroughput:         2584512.225 ops

[P]Valid Entries:         1658181.765 / s
[P]set success:           2520345.978 / s

[P]expire scan persec:    10206069.175 / s
[P]total expire scan:     21108912
[P]expire hit persec:     938716.270 / s
[P]total expire hit:      1846723

[P]expire hit rate:       9.197628 %
[P]total expire hit rate: 8.748547 %

[P]get found:             1764411.593 / s

----------------------------------

[INFO]Current Time:       51.67 s

[P]indexs Load Factor:    85.6086 %

[P]full bucket LFactor:   63.9954 %

[P]set request:           98343623 
[P]get request:           82715160 

[P]Get Hit Rate:          80.8504 %
[P]ACC Hit Rate:          83.1355 %

[P]total cuckoo num:      5024913 
[P]total cuckoo path:     2766122 
[P]total cp perset:       0.028625 / set
[P]total cp percuckoo:    0.550482 / cuckoo num

[P]cuckoo path / s:       684.449 / s
[P]cp per set * s:        0.000261 / set * s

[P]break loop / s:        0 / s
[P]break / set :          0 %

[P]Throughput:            4775638.516 ops
[P]all request:           181058783 o

[P]GetThroughput:         2219214.061 ops
[P]SetThroughput:         2556424.455 ops

[P]Valid Entries:         1627291.181 / s
[P]set success:           2623285.324 / s

[P]expire scan persec:    10427283.065 / s
[P]total expire scan:     30219176
[P]expire hit persec:     1048507.898 / s
[P]total expire hit:      2762799

[P]expire hit rate:       10.055428 %
[P]total expire hit rate: 9.142536 %

[P]get found:             1794244.199 / s

----------------------------------

[INFO]Current Time:       52.53 s

[P]indexs Load Factor:    86.7551 %

[P]full bucket LFactor:   66.2027 %

[P]set request:           100612058 
[P]get request:           84582744 

[P]Get Hit Rate:          83.3921 %
[P]ACC Hit Rate:          83.1412 %

[P]total cuckoo num:      5025332 
[P]total cuckoo path:     2766697 
[P]total cp perset:       0.027987 / set
[P]total cp percuckoo:    0.550550 / cuckoo num

[P]cuckoo path / s:       666.971 / s
[P]cp per set * s:        0.000258 / set * s

[P]break loop / s:        0 / s
[P]break / set :          0 %

[P]Throughput:            4797575.464 ops
[P]all request:           185194802 o

[P]GetThroughput:         2166304.162 ops
[P]SetThroughput:         2631271.302 ops

[P]Valid Entries:         1546219.222 / s
[P]set success:           2580876.112 / s

[P]expire scan persec:    10360760.882 / s
[P]total expire scan:     39151251
[P]expire hit persec:     1102525.567 / s
[P]total expire hit:      3713293

[P]expire hit rate:       10.641357 %
[P]total expire hit rate: 9.484481 %

[P]get found:             1806527.094 / s

----------------------------------

[INFO]Current Time:       53.39 s

[P]indexs Load Factor:    87.8355 %

[P]full bucket LFactor:   68.3298 %

[P]set request:           102732302 
[P]get request:           86322948 

[P]Get Hit Rate:          86.3210 %
[P]ACC Hit Rate:          83.2053 %

[P]total cuckoo num:      5025711 
[P]total cuckoo path:     2767331 
[P]total cp perset:       0.027410 / set
[P]total cp percuckoo:    0.550635 / cuckoo num

[P]cuckoo path / s:       738.718 / s
[P]cp per set * s:        0.000301 / set * s

[P]break loop / s:        0 / s
[P]break / set :          0 %

[P]Throughput:            4498077.772 ops
[P]all request:           189055250 o

[P]GetThroughput:         2027633.304 ops
[P]SetThroughput:         2470444.469 ops

[P]Valid Entries:         1407751.270 / s
[P]set success:           2452610.378 / s

[P]expire scan persec:    9925319.109 / s
[P]total expire scan:     47669596
[P]expire hit persec:     1141867.658 / s
[P]total expire hit:      4693294

[P]expire hit rate:       11.504594 %
[P]total expire hit rate: 9.845466 %

[P]get found:             1750272.767 / s

----------------------------------

[INFO]Current Time:       54.25 s

[P]indexs Load Factor:    88.8535 %

[P]full bucket LFactor:   70.4102 %

[P]set request:           104986396 
[P]get request:           88170936 

[P]Get Hit Rate:          84.4409 %
[P]ACC Hit Rate:          83.2312 %

[P]total cuckoo num:      5026073 
[P]total cuckoo path:     2767902 
[P]total cp perset:       0.026840 / set
[P]total cp percuckoo:    0.550709 / cuckoo num

[P]cuckoo path / s:       665.357 / s
[P]cp per set * s:        0.000264 / set * s

[P]break loop / s:        0 / s
[P]break / set :          0 %

[P]Throughput:            4779945.104 ops
[P]all request:           193157332 o

[P]GetThroughput:         2153365.338 ops
[P]SetThroughput:         2626579.766 ops

[P]Valid Entries:         1398189.892 / s
[P]set success:           2520312.594 / s

[P]expire scan persec:    10326960.510 / s
[P]total expire scan:     56532049
[P]expire hit persec:     1222981.955 / s
[P]total expire hit:      5742840

[P]expire hit rate:       11.842613 %
[P]total expire hit rate: 10.158556 %

[P]get found:             1818320.257 / s

----------------------------------

[INFO]Current Time:       55.09 s

[P]indexs Load Factor:    89.8028 %

[P]full bucket LFactor:   72.3704 %

[P]set request:           107123386 
[P]get request:           89950180 

[P]Get Hit Rate:          81.4788 %
[P]ACC Hit Rate:          83.1965 %

[P]total cuckoo num:      5026355 
[P]total cuckoo path:     2768417 
[P]total cp perset:       0.026303 / set
[P]total cp percuckoo:    0.550780 / cuckoo num

[P]cuckoo path / s:       606.970 / s
[P]cp per set * s:        0.000242 / set * s

[P]break loop / s:        0 / s
[P]break / set :          0 %

[P]Throughput:            4615604.810 ops
[P]all request:           197073566 o

[P]GetThroughput:         2096985.820 ops
[P]SetThroughput:         2518618.991 ops

[P]Valid Entries:         1271956.864 / s
[P]set success:           2505191.400 / s

[P]expire scan persec:    9976919.975 / s
[P]total expire scan:     64997235
[P]expire hit persec:     1262706.170 / s
[P]total expire hit:      6814217

[P]expire hit rate:       12.656272 %
[P]total expire hit rate: 10.483857 %

[P]get found:             1708599.283 / s

----------------------------------

[INFO]Current Time:       55.94 s

[P]indexs Load Factor:    90.6957 %

[P]full bucket LFactor:   74.2899 %

[P]set request:           109331241 
[P]get request:           91752833 

[P]Get Hit Rate:          82.6384 %
[P]ACC Hit Rate:          83.1856 %

[P]total cuckoo num:      5026628 
[P]total cuckoo path:     2768942 
[P]total cp perset:       0.025780 / set
[P]total cp percuckoo:    0.550855 / cuckoo num

[P]cuckoo path / s:       624.292 / s
[P]cp per set * s:        0.000243 / set * s

[P]break loop / s:        0 / s
[P]break / set :          0 %

[P]Throughput:            4769003.104 ops
[P]all request:           201084074 o

[P]GetThroughput:         2143583.245 ops
[P]SetThroughput:         2625419.859 ops

[P]Valid Entries:         1253069.863 / s
[P]set success:           2565121.610 / s

[P]expire scan persec:    10396158.691 / s
[P]total expire scan:     73739917
[P]expire hit persec:     1408882.355 / s
[P]total expire hit:      7999021

[P]expire hit rate:       13.551951 %
[P]total expire hit rate: 10.847613 %

[P]get found:             1771423.376 / s

----------------------------------

[INFO]Current Time:       56.77 s

[P]indexs Load Factor:    91.5385 %

[P]full bucket LFactor:   76.1519 %

[P]set request:           111446792 
[P]get request:           93507757 

[P]Get Hit Rate:          83.9714 %
[P]ACC Hit Rate:          83.2003 %

[P]total cuckoo num:      5026888 
[P]total cuckoo path:     2769510 
[P]total cp perset:       0.025289 / set
[P]total cp percuckoo:    0.550939 / cuckoo num

[P]cuckoo path / s:       679.676 / s
[P]cp per set * s:        0.000270 / set * s

[P]break loop / s:        0 / s
[P]break / set :          0 %

[P]Throughput:            4631456.221 ops
[P]all request:           204954549 o

[P]GetThroughput:         2099962.841 ops
[P]SetThroughput:         2531493.380 ops

[P]Valid Entries:         1158753.437 / s
[P]set success:           2518051.839 / s

[P]expire scan persec:    10293651.148 / s
[P]total expire scan:     82342248
[P]expire hit persec:     1427589.040 / s
[P]total expire hit:      9192047

[P]expire hit rate:       13.868636 %
[P]total expire hit rate: 11.163221 %

[P]get found:             1763367.896 / s

----------------------------------

[INFO]Current Time:       57.60 s

[P]indexs Load Factor:    92.3220 %

[P]full bucket LFactor:   77.9334 %

[P]set request:           113624535 
[P]get request:           95311283 

[P]Get Hit Rate:          80.8281 %
[P]ACC Hit Rate:          83.1554 %

[P]total cuckoo num:      5027114 
[P]total cuckoo path:     2770025 
[P]total cp perset:       0.024811 / set
[P]total cp percuckoo:    0.551017 / cuckoo num

[P]cuckoo path / s:       619.042 / s
[P]cp per set * s:        0.000242 / set * s

[P]break loop / s:        0 / s
[P]break / set :          0 %

[P]Throughput:            4785580.796 ops
[P]all request:           208935818 o

[P]GetThroughput:         2167881.495 ops
[P]SetThroughput:         2617699.301 ops

[P]Valid Entries:         1106329.646 / s
[P]set success:           2562121.319 / s

[P]expire scan persec:    10559838.334 / s
[P]total expire scan:     91127296
[P]expire hit persec:     1518381.061 / s
[P]total expire hit:      10455234

[P]expire hit rate:       14.378829 %
[P]total expire hit rate: 11.473219 %

[P]get found:             1752256.462 / s

----------------------------------

[INFO]Current Time:       58.43 s

[P]indexs Load Factor:    93.0345 %

[P]full bucket LFactor:   79.6016 %

[P]set request:           115733563 
[P]get request:           97055569 

[P]Get Hit Rate:          82.1496 %
[P]ACC Hit Rate:          83.1373 %

[P]total cuckoo num:      5027321 
[P]total cuckoo path:     2770612 
[P]total cp perset:       0.024358 / set
[P]total cp percuckoo:    0.551111 / cuckoo num

[P]cuckoo path / s:       706.832 / s
[P]cp per set * s:        0.000279 / set * s

[P]break loop / s:        0 / s
[P]break / set :          0 %

[P]Throughput:            4639941.733 ops
[P]all request:           212789132 o

[P]GetThroughput:         2100370.073 ops
[P]SetThroughput:         2539571.661 ops

[P]Valid Entries:         1005033.280 / s
[P]set success:           2530933.137 / s

[P]expire scan persec:    10335177.682 / s
[P]total expire scan:     99710310
[P]expire hit persec:     1564650.389 / s
[P]total expire hit:      11754623

[P]expire hit rate:       15.139076 %
[P]total expire hit rate: 11.788774 %

[P]get found:             1725445.647 / s

----------------------------------

[INFO]Current Time:       59.26 s

[P]indexs Load Factor:    93.7102 %

[P]full bucket LFactor:   81.2281 %

[P]set request:           117853020 
[P]get request:           98804942 

[P]Get Hit Rate:          80.5705 %
[P]ACC Hit Rate:          83.0919 %

[P]total cuckoo num:      5027560 
[P]total cuckoo path:     2771322 
[P]total cp perset:       0.023912 / set
[P]total cp percuckoo:    0.551226 / cuckoo num

[P]cuckoo path / s:       862.503 / s
[P]cp per set * s:        0.000330 / set * s

[P]break loop / s:        0 / s
[P]break / set :          0 %

[P]Throughput:            4699826.494 ops
[P]all request:           216657963 o

[P]GetThroughput:         2125125.025 ops
[P]SetThroughput:         2574700.255 ops

[P]Valid Entries:         968892.907 / s
[P]set success:           2612064.840 / s

[P]expire scan persec:    10782698.995 / s
[P]total expire scan:     108586476
[P]expire hit persec:     1678222.337 / s
[P]total expire hit:      13136112

[P]expire hit rate:       15.564028 %
[P]total expire hit rate: 12.097374 %

[P]get found:             1712223.162 / s

----------------------------------

[INFO]Current Time:       60.07 s

[P]indexs Load Factor:    94.3141 %

[P]full bucket LFactor:   82.7226 %

[P]set request:           119992739 
[P]get request:           100536997 

[P]Get Hit Rate:          83.2761 %
[P]ACC Hit Rate:          83.0951 %

[P]total cuckoo num:      5027773 
[P]total cuckoo path:     2771997 
[P]total cp perset:       0.023500 / set
[P]total cp percuckoo:    0.551337 / cuckoo num

[P]cuckoo path / s:       826.105 / s
[P]cp per set * s:        0.000328 / set * s

[P]break loop / s:        0 / s
[P]break / set :          0 %

[P]Throughput:            4738508.026 ops
[P]all request:           220529736 o

[P]GetThroughput:         2119792.798 ops
[P]SetThroughput:         2618716.453 ops

[P]Valid Entries:         900179.612 / s
[P]set success:           2520308.319 / s

[P]expire scan persec:    10884923.768 / s
[P]total expire scan:     117480405
[P]expire hit persec:     1711652.628 / s
[P]total expire hit:      14534681

[P]expire hit rate:       15.724985 %
[P]total expire hit rate: 12.372005 %

[P]get found:             1765280.949 / s

----------------------------------

[INFO]Current Time:       60.89 s

[P]indexs Load Factor:    94.8694 %

[P]full bucket LFactor:   84.1261 %

[P]set request:           121965351 
[P]get request:           102192063 

[P]Get Hit Rate:          81.8407 %
[P]ACC Hit Rate:          83.0748 %

[P]total cuckoo num:      5027962 
[P]total cuckoo path:     2772758 
[P]total cp perset:       0.023114 / set
[P]total cp percuckoo:    0.551468 / cuckoo num

[P]cuckoo path / s:       935.974 / s
[P]cp per set * s:        0.000379 / set * s

[P]break loop / s:        0 / s
[P]break / set :          0 %

[P]Throughput:            4461776.040 ops
[P]all request:           224157414 o

[P]GetThroughput:         2035608.955 ops
[P]SetThroughput:         2426167.085 ops

[P]Valid Entries:         791243.471 / s
[P]set success:           2468512.212 / s

[P]expire scan persec:    10400090.724 / s
[P]total expire scan:     125936271
[P]expire hit persec:     1700915.301 / s
[P]total expire hit:      15917622

[P]expire hit rate:       16.354812 %
[P]total expire hit rate: 12.639426 %

[P]get found:             1665957.110 / s

----------------------------------

[INFO]Current Time:       61.70 s

[P]indexs Load Factor:    95.3858 %

[P]full bucket LFactor:   85.4691 %

[P]set request:           124002840 
[P]get request:           103897960 

[P]Get Hit Rate:          80.2259 %
[P]ACC Hit Rate:          83.0280 %

[P]total cuckoo num:      5028208 
[P]total cuckoo path:     2773721 
[P]total cp perset:       0.022729 / set
[P]total cp percuckoo:    0.551632 / cuckoo num

[P]cuckoo path / s:       1190.307 / s
[P]cp per set * s:        0.000464 / set * s

[P]break loop / s:        0 / s
[P]break / set :          0 %

[P]Throughput:            4626976.224 ops
[P]all request:           227900800 o

[P]GetThroughput:         2108557.563 ops
[P]SetThroughput:         2518418.662 ops

[P]Valid Entries:         761159.841 / s
[P]set success:           2563206.584 / s

[P]expire scan persec:    10903854.982 / s
[P]total expire scan:     134757872
[P]expire hit persec:     1751977.220 / s
[P]total expire hit:      17335033

[P]expire hit rate:       16.067503 %
[P]total expire hit rate: 12.863837 %

[P]get found:             1691609.008 / s

----------------------------------

[INFO]Current Time:       62.50 s

[P]indexs Load Factor:    95.8653 %

[P]full bucket LFactor:   86.7510 %

[P]set request:           126105885 
[P]get request:           105624924 

[P]Get Hit Rate:          78.5305 %
[P]ACC Hit Rate:          82.9544 %

[P]total cuckoo num:      5028434 
[P]total cuckoo path:     2774595 
[P]total cp perset:       0.022351 / set
[P]total cp percuckoo:    0.551781 / cuckoo num

[P]cuckoo path / s:       1081.632 / s
[P]cp per set * s:        0.000416 / set * s

[P]break loop / s:        0 / s
[P]break / set :          0 %

[P]Throughput:            4739887.255 ops
[P]all request:           231730809 o

[P]GetThroughput:         2137231.180 ops
[P]SetThroughput:         2602656.075 ops

[P]Valid Entries:         710800.733 / s
[P]set success:           2602154.861 / s

[P]expire scan persec:    11188082.790 / s
[P]total expire scan:     143798268
[P]expire hit persec:     1901076.443 / s
[P]total expire hit:      18871175

[P]expire hit rate:       16.991977 %
[P]total expire hit rate: 13.123367 %

[P]get found:             1678377.757 / s

----------------------------------

[INFO]Current Time:       63.31 s

[P]indexs Load Factor:    96.2932 %

[P]full bucket LFactor:   87.9233 %

[P]set request:           128197870 
[P]get request:           107310356 

[P]Get Hit Rate:          82.8604 %
[P]ACC Hit Rate:          82.9530 %

[P]total cuckoo num:      5028691 
[P]total cuckoo path:     2775806 
[P]total cp perset:       0.021990 / set
[P]total cp percuckoo:    0.551994 / cuckoo num

[P]cuckoo path / s:       1502.528 / s
[P]cp per set * s:        0.000579 / set * s

[P]break loop / s:        0 / s
[P]break / set :          0 %

[P]Throughput:            4686767.190 ops
[P]all request:           235508226 o

[P]GetThroughput:         2091171.665 ops
[P]SetThroughput:         2595595.525 ops

[P]Valid Entries:         652046.311 / s
[P]set success:           2596459.075 / s

[P]expire scan persec:    11283357.980 / s
[P]total expire scan:     152892372
[P]expire hit persec:     1876859.796 / s
[P]total expire hit:      20383877

[P]expire hit rate:       16.633876 %
[P]total expire hit rate: 13.332174 %

[P]get found:             1732752.342 / s

----------------------------------

[INFO]Current Time:       64.11 s

[P]indexs Load Factor:    96.6892 %

[P]full bucket LFactor:   89.0313 %

[P]set request:           130229045 
[P]get request:           108975037 

[P]Get Hit Rate:          78.3048 %
[P]ACC Hit Rate:          82.8820 %

[P]total cuckoo num:      5028946 
[P]total cuckoo path:     2777071 
[P]total cp perset:       0.021651 / set
[P]total cp percuckoo:    0.552217 / cuckoo num

[P]cuckoo path / s:       1586.378 / s
[P]cp per set * s:        0.000622 / set * s

[P]break loop / s:        0 / s
[P]break / set :          0 %

[P]Throughput:            4634801.623 ops
[P]all request:           239204082 o

[P]GetThroughput:         2087599.246 ops
[P]SetThroughput:         2547202.377 ops

[P]Valid Entries:         587795.000 / s
[P]set success:           2549677.878 / s

[P]expire scan persec:    11198239.909 / s
[P]total expire scan:     161822006
[P]expire hit persec:     1958216.026 / s
[P]total expire hit:      21945386

[P]expire hit rate:       17.486820 %
[P]total expire hit rate: 13.561435 %

[P]get found:             1634690.255 / s

----------------------------------

[INFO]Current Time:       64.90 s

[P]indexs Load Factor:    97.0435 %

[P]full bucket LFactor:   90.0515 %

[P]set request:           132259962 
[P]get request:           110544381 

[P]Get Hit Rate:          85.9320 %
[P]ACC Hit Rate:          82.9253 %

[P]total cuckoo num:      5029220 
[P]total cuckoo path:     2778461 
[P]total cp perset:       0.021324 / set
[P]total cp percuckoo:    0.552464 / cuckoo num

[P]cuckoo path / s:       1747.157 / s
[P]cp per set * s:        0.000683 / set * s

[P]break loop / s:        0 / s
[P]break / set :          0 %

[P]Throughput:            4525340.051 ops
[P]all request:           242804343 o

[P]GetThroughput:         1972583.448 ops
[P]SetThroughput:         2552756.603 ops

[P]Valid Entries:         539458.103 / s
[P]set success:           2556866.822 / s

[P]expire scan persec:    11351036.563 / s
[P]total expire scan:     170852641
[P]expire hit persec:     1970162.566 / s
[P]total expire hit:      23512804

[P]expire hit rate:       17.356675 %
[P]total expire hit rate: 13.762037 %

[P]get found:             1695080.803 / s

----------------------------------

[INFO]Current Time:       65.70 s

[P]indexs Load Factor:    97.3698 %

[P]full bucket LFactor:   91.0108 %

[P]set request:           134281421 
[P]get request:           112228838 

[P]Get Hit Rate:          81.0470 %
[P]ACC Hit Rate:          82.8971 %

[P]total cuckoo num:      5029518 
[P]total cuckoo path:     2780084 
[P]total cp perset:       0.021003 / set
[P]total cp percuckoo:    0.552754 / cuckoo num

[P]cuckoo path / s:       2049.240 / s
[P]cp per set * s:        0.000786 / set * s

[P]break loop / s:        0 / s
[P]break / set :          0 %

[P]Throughput:            4679180.908 ops
[P]all request:           246510259 o

[P]GetThroughput:         2126836.937 ops
[P]SetThroughput:         2552343.971 ops

[P]Valid Entries:         499768.303 / s
[P]set success:           2606293.397 / s

[P]expire scan persec:    11686583.596 / s
[P]total expire scan:     180108427
[P]expire hit persec:     2089480.924 / s
[P]total expire hit:      25167675

[P]expire hit rate:       17.879314 %
[P]total expire hit rate: 13.973624 %

[P]get found:             1723737.703 / s

----------------------------------

[INFO]Current Time:       66.49 s

[P]indexs Load Factor:    97.6610 %

[P]full bucket LFactor:   91.8880 %

[P]set request:           136339377 
[P]get request:           113910006 

[P]Get Hit Rate:          80.9670 %
[P]ACC Hit Rate:          82.8686 %

[P]total cuckoo num:      5029832 
[P]total cuckoo path:     2781810 
[P]total cp perset:       0.020700 / set
[P]total cp percuckoo:    0.553062 / cuckoo num

[P]cuckoo path / s:       2177.723 / s
[P]cp per set * s:        0.000852 / set * s

[P]break loop / s:        0 / s
[P]break / set :          0 %

[P]Throughput:            4717714.476 ops
[P]all request:           250249383 o

[P]GetThroughput:         2121157.418 ops
[P]SetThroughput:         2596557.058 ops

[P]Valid Entries:         453655.217 / s
[P]set success:           2557240.710 / s

[P]expire scan persec:    11803272.135 / s
[P]total expire scan:     189463359
[P]expire hit persec:     2088468.867 / s
[P]total expire hit:      26822935

[P]expire hit rate:       17.693982 %
[P]total expire hit rate: 14.157321 %

[P]get found:             1717437.155 / s

----------------------------------

[INFO]Current Time:       67.27 s

[P]indexs Load Factor:    97.9289 %

[P]full bucket LFactor:   92.7091 %

[P]set request:           138325498 
[P]get request:           115562603 

[P]Get Hit Rate:          80.8177 %
[P]ACC Hit Rate:          82.8393 %

[P]total cuckoo num:      5030169 
[P]total cuckoo path:     2783993 
[P]total cp perset:       0.020413 / set
[P]total cp percuckoo:    0.553459 / cuckoo num

[P]cuckoo path / s:       2800.639 / s
[P]cp per set * s:        0.001095 / set * s

[P]break loop / s:        0 / s
[P]break / set :          0 %

[P]Throughput:            4668225.239 ops
[P]all request:           253888101 o

[P]GetThroughput:         2120168.429 ops
[P]SetThroughput:         2548056.810 ops

[P]Valid Entries:         411518.178 / s
[P]set success:           2557890.479 / s

[P]expire scan persec:    11920900.202 / s
[P]total expire scan:     198755283
[P]expire hit persec:     2123835.047 / s
[P]total expire hit:      28478390

[P]expire hit rate:       17.816063 %
[P]total expire hit rate: 14.328369 %

[P]get found:             1713471.507 / s

----------------------------------

[INFO]Current Time:       68.06 s

[P]indexs Load Factor:    98.1664 %

[P]full bucket LFactor:   93.4546 %

[P]set request:           140381186 
[P]get request:           117209090 

[P]Get Hit Rate:          79.2498 %
[P]ACC Hit Rate:          82.7888 %

[P]total cuckoo num:      5030586 
[P]total cuckoo path:     2786613 
[P]total cp perset:       0.020128 / set
[P]total cp percuckoo:    0.553934 / cuckoo num

[P]cuckoo path / s:       3298.100 / s
[P]cp per set * s:        0.001270 / set * s

[P]break loop / s:        0 / s
[P]break / set :          0 %

[P]Throughput:            4660359.457 ops
[P]all request:           257590276 o

[P]GetThroughput:         2072625.217 ops
[P]SetThroughput:         2587734.241 ops

[P]Valid Entries:         371406.294 / s
[P]set success:           2597668.821 / s

[P]expire scan persec:    11996553.955 / s
[P]total expire scan:     208285308
[P]expire hit persec:     2149833.476 / s
[P]total expire hit:      30186211

[P]expire hit rate:       17.920425 %
[P]total expire hit rate: 14.492722 %

[P]get found:             1642550.515 / s

----------------------------------

[INFO]Current Time:       68.85 s

[P]indexs Load Factor:    98.3712 %

[P]full bucket LFactor:   94.1064 %

[P]set request:           142346263 
[P]get request:           118811288 

[P]Get Hit Rate:          80.6996 %
[P]ACC Hit Rate:          82.7607 %

[P]total cuckoo num:      5031027 
[P]total cuckoo path:     2789537 
[P]total cp perset:       0.019866 / set
[P]total cp percuckoo:    0.554467 / cuckoo num

[P]cuckoo path / s:       3722.498 / s
[P]cp per set * s:        0.001482 / set * s

[P]break loop / s:        0 / s
[P]break / set :          0 %

[P]Throughput:            4541440.922 ops
[P]all request:           261157551 o

[P]GetThroughput:         2039732.726 ops
[P]SetThroughput:         2501708.195 ops

[P]Valid Entries:         323554.313 / s
[P]set success:           2512241.693 / s

[P]expire scan persec:    11699261.811 / s
[P]total expire scan:     217475009
[P]expire hit persec:     2108281.937 / s
[P]total expire hit:      31842254

[P]expire hit rate:       18.020641 %
[P]total expire hit rate: 14.641799 %

[P]get found:             1646055.671 / s

----------------------------------

[INFO]Current Time:       69.63 s

[P]indexs Load Factor:    98.5637 %

[P]full bucket LFactor:   94.7335 %

[P]set request:           144294230 
[P]get request:           120397897 

[P]Get Hit Rate:          79.0810 %
[P]ACC Hit Rate:          82.7122 %

[P]total cuckoo num:      5031479 
[P]total cuckoo path:     2792844 
[P]total cp perset:       0.019611 / set
[P]total cp percuckoo:    0.555074 / cuckoo num

[P]cuckoo path / s:       4220.169 / s
[P]cp per set * s:        0.001659 / set * s

[P]break loop / s:        0 / s
[P]break / set :          0 %

[P]Throughput:            4510585.668 ops
[P]all request:           264692127 o

[P]GetThroughput:         2024722.574 ops
[P]SetThroughput:         2485863.094 ops

[P]Valid Entries:         295838.033 / s
[P]set success:           2544487.324 / s

[P]expire scan persec:    11932670.406 / s
[P]total expire scan:     226825664
[P]expire hit persec:     2161008.371 / s
[P]total expire hit:      33535659

[P]expire hit rate:       18.110015 %
[P]total expire hit rate: 14.784773 %

[P]get found:             1601171.799 / s

----------------------------------

[INFO]Current Time:       70.41 s

[P]indexs Load Factor:    98.7339 %

[P]full bucket LFactor:   95.2986 %

[P]set request:           146311343 
[P]get request:           122039568 

[P]Get Hit Rate:          80.4988 %
[P]ACC Hit Rate:          82.6824 %

[P]total cuckoo num:      5031945 
[P]total cuckoo path:     2796250 
[P]total cp perset:       0.019364 / set
[P]total cp percuckoo:    0.555700 / cuckoo num

[P]cuckoo path / s:       4355.694 / s
[P]cp per set * s:        0.001711 / set * s

[P]break loop / s:        0 / s
[P]break / set :          0 %

[P]Throughput:            4678961.231 ops
[P]all request:           268350911 o

[P]GetThroughput:         2099417.447 ops
[P]SetThroughput:         2579543.784 ops

[P]Valid Entries:         270145.077 / s
[P]set success:           2545551.215 / s

[P]expire scan persec:    12268056.483 / s
[P]total expire scan:     236418855
[P]expire hit persec:     2187209.098 / s
[P]total expire hit:      35245980

[P]expire hit rate:       17.828489 %
[P]total expire hit rate: 14.908278 %

[P]get found:             1690006.549 / s

----------------------------------

[INFO]Current Time:       71.19 s

[P]indexs Load Factor:    98.8835 %

[P]full bucket LFactor:   95.8018 %

[P]set request:           148256399 
[P]get request:           123650751 

[P]Get Hit Rate:          81.9958 %
[P]ACC Hit Rate:          82.6734 %

[P]total cuckoo num:      5032459 
[P]total cuckoo path:     2800248 
[P]total cp perset:       0.019123 / set
[P]total cp percuckoo:    0.556437 / cuckoo num

[P]cuckoo path / s:       5129.376 / s
[P]cp per set * s:        0.001970 / set * s

[P]break loop / s:        0 / s
[P]break / set :          0 %

[P]Throughput:            4562602.939 ops
[P]all request:           271907150 o

[P]GetThroughput:         2067124.367 ops
[P]SetThroughput:         2495478.572 ops

[P]Valid Entries:         242304.634 / s
[P]set success:           2603953.710 / s

[P]expire scan persec:    12394401.663 / s
[P]total expire scan:     246079449
[P]expire hit persec:     2303899.334 / s
[P]total expire hit:      37041713

[P]expire hit rate:       18.588226 %
[P]total expire hit rate: 15.052745 %

[P]get found:             1694955.944 / s

----------------------------------

[INFO]Current Time:       71.97 s

[P]indexs Load Factor:    99.0188 %

[P]full bucket LFactor:   96.2662 %

[P]set request:           150213155 
[P]get request:           125241972 

[P]Get Hit Rate:          76.1187 %
[P]ACC Hit Rate:          82.5902 %

[P]total cuckoo num:      5033001 
[P]total cuckoo path:     2804560 
[P]total cp perset:       0.018898 / set
[P]total cp percuckoo:    0.557234 / cuckoo num

[P]cuckoo path / s:       5537.008 / s
[P]cp per set * s:        0.002191 / set * s

[P]break loop / s:        0 / s
[P]break / set :          0 %

[P]Throughput:            4555931.479 ops
[P]all request:           275455127 o

[P]GetThroughput:         2043275.321 ops
[P]SetThroughput:         2512656.158 ops

[P]Valid Entries:         211583.812 / s
[P]set success:           2527393.690 / s

[P]expire scan persec:    12105387.447 / s
[P]total expire scan:     255506640
[P]expire hit persec:     2256660.715 / s
[P]total expire hit:      38799110

[P]expire hit rate:       18.641788 %
[P]total expire hit rate: 15.185167 %

[P]get found:             1555314.947 / s

----------------------------------

[INFO]Current Time:       72.74 s

[P]indexs Load Factor:    99.1388 %

[P]full bucket LFactor:   96.6838 %

[P]set request:           152196185 
[P]get request:           126792395 

[P]Get Hit Rate:          83.3660 %
[P]ACC Hit Rate:          82.5997 %

[P]total cuckoo num:      5033609 
[P]total cuckoo path:     2809499 
[P]total cp perset:       0.018680 / set
[P]total cp percuckoo:    0.558148 / cuckoo num

[P]cuckoo path / s:       6403.217 / s
[P]cp per set * s:        0.002475 / set * s

[P]break loop / s:        0 / s
[P]break / set :          0 %

[P]Throughput:            4580981.020 ops
[P]all request:           278988580 o

[P]GetThroughput:         2010061.641 ops
[P]SetThroughput:         2570919.379 ops

[P]Valid Entries:         192624.160 / s
[P]set success:           2586766.011 / s

[P]expire scan persec:    12461420.719 / s
[P]total expire scan:     265118521
[P]expire hit persec:     2285158.817 / s
[P]total expire hit:      40561724

[P]expire hit rate:       18.337867 %
[P]total expire hit rate: 15.299468 %

[P]get found:             1675708.457 / s

----------------------------------

[INFO]Current Time:       73.51 s

[P]indexs Load Factor:    99.2450 %

[P]full bucket LFactor:   97.0587 %

[P]set request:           154140893 
[P]get request:           128370611 

[P]Get Hit Rate:          79.1099 %
[P]ACC Hit Rate:          82.5568 %

[P]total cuckoo num:      5034231 
[P]total cuckoo path:     2814690 
[P]total cp perset:       0.018470 / set
[P]total cp percuckoo:    0.559110 / cuckoo num

[P]cuckoo path / s:       6729.089 / s
[P]cp per set * s:        0.002604 / set * s

[P]break loop / s:        0 / s
[P]break / set :          0 %

[P]Throughput:            4566763.133 ops
[P]all request:           282511504 o

[P]GetThroughput:         2045839.945 ops
[P]SetThroughput:         2520923.187 ops

[P]Valid Entries:         171438.146 / s
[P]set success:           2583881.841 / s

[P]expire scan persec:    12525100.950 / s
[P]total expire scan:     274780721
[P]expire hit persec:     2301125.308 / s
[P]total expire hit:      42336874

[P]expire hit rate:       18.372110 %
[P]total expire hit rate: 15.407513 %

[P]get found:             1618461.806 / s

----------------------------------

[INFO]Current Time:       74.29 s

[P]indexs Load Factor:    99.3389 %

[P]full bucket LFactor:   97.3947 %

[P]set request:           156134335 
[P]get request:           129988748 

[P]Get Hit Rate:          78.6996 %
[P]ACC Hit Rate:          82.5087 %

[P]total cuckoo num:      5034940 
[P]total cuckoo path:     2820695 
[P]total cp perset:       0.018277 / set
[P]total cp percuckoo:    0.560224 / cuckoo num

[P]cuckoo path / s:       7721.714 / s
[P]cp per set * s:        0.003100 / set * s

[P]break loop / s:        0 / s
[P]break / set :          0 %

[P]Throughput:            4644060.098 ops
[P]all request:           286123083 o

[P]GetThroughput:         2080731.302 ops
[P]SetThroughput:         2563328.796 ops

[P]Valid Entries:         151443.325 / s
[P]set success:           2491052.008 / s

[P]expire scan persec:    12574003.418 / s
[P]total expire scan:     284559235
[P]expire hit persec:     2270077.250 / s
[P]total expire hit:      44102261

[P]expire hit rate:       18.053735 %
[P]total expire hit rate: 15.498447 %

[P]get found:             1637526.766 / s

----------------------------------

[INFO]Current Time:       75.06 s

[P]indexs Load Factor:    99.4226 %

[P]full bucket LFactor:   97.7005 %

[P]set request:           158084612 
[P]get request:           131601011 

[P]Get Hit Rate:          78.6296 %
[P]ACC Hit Rate:          82.4612 %

[P]total cuckoo num:      5035652 
[P]total cuckoo path:     2826875 
[P]total cp perset:       0.018091 / set
[P]total cp percuckoo:    0.561372 / cuckoo num

[P]cuckoo path / s:       7990.515 / s
[P]cp per set * s:        0.003199 / set * s

[P]break loop / s:        0 / s
[P]break / set :          0 %

[P]Throughput:            4606234.436 ops
[P]all request:           289685623 o

[P]GetThroughput:         2084597.324 ops
[P]SetThroughput:         2521637.112 ops

[P]Valid Entries:         134656.984 / s
[P]set success:           2497756.075 / s

[P]expire scan persec:    12683243.387 / s
[P]total expire scan:     294368671
[P]expire hit persec:     2333985.430 / s
[P]total expire hit:      45907405

[P]expire hit rate:       18.402118 %
[P]total expire hit rate: 15.595207 %

[P]get found:             1639110.605 / s

----------------------------------

[INFO]Current Time:       75.84 s

[P]indexs Load Factor:    99.4957 %

[P]full bucket LFactor:   97.9704 %

[P]set request:           160028629 
[P]get request:           133208333 

[P]Get Hit Rate:          80.0048 %
[P]ACC Hit Rate:          82.4316 %

[P]total cuckoo num:      5036373 
[P]total cuckoo path:     2833278 
[P]total cp perset:       0.017903 / set
[P]total cp percuckoo:    0.562563 / cuckoo num

[P]cuckoo path / s:       8292.796 / s
[P]cp per set * s:        0.003209 / set * s

[P]break loop / s:        0 / s
[P]break / set :          0 %

[P]Throughput:            4599489.260 ops
[P]all request:           293236962 o

[P]GetThroughput:         2081710.666 ops
[P]SetThroughput:         2517778.593 ops

[P]Valid Entries:         119763.101 / s
[P]set success:           2584563.900 / s

[P]expire scan persec:    12709560.077 / s
[P]total expire scan:     304181925
[P]expire hit persec:     2387190.693 / s
[P]total expire hit:      47750593

[P]expire hit rate:       18.782638 %
[P]total expire hit rate: 15.698038 %

[P]get found:             1665468.777 / s

----------------------------------

[INFO]Current Time:       76.61 s

[P]indexs Load Factor:    99.5605 %

[P]full bucket LFactor:   98.2128 %

[P]set request:           162001585 
[P]get request:           134746679 

[P]Get Hit Rate:          82.9911 %
[P]ACC Hit Rate:          82.4380 %

[P]total cuckoo num:      5037189 
[P]total cuckoo path:     2840546 
[P]total cp perset:       0.017739 / set
[P]total cp percuckoo:    0.563915 / cuckoo num

[P]cuckoo path / s:       9421.123 / s
[P]cp per set * s:        0.003871 / set * s

[P]break loop / s:        0 / s
[P]break / set :          0 %

[P]Throughput:            4551514.674 ops
[P]all request:           296748264 o

[P]GetThroughput:         1994076.383 ops
[P]SetThroughput:         2557438.291 ops

[P]Valid Entries:         105702.461 / s
[P]set success:           2433505.411 / s

[P]expire scan persec:    12724252.180 / s
[P]total expire scan:     313998150
[P]expire hit persec:     2346760.562 / s
[P]total expire hit:      49561020

[P]expire hit rate:       18.443210 %
[P]total expire hit rate: 15.783857 %

[P]get found:             1654906.875 / s

----------------------------------

[INFO]Current Time:       77.38 s

[P]indexs Load Factor:    99.6168 %

[P]full bucket LFactor:   98.4253 %

[P]set request:           163972247 
[P]get request:           136342731 

[P]Get Hit Rate:          73.7929 %
[P]ACC Hit Rate:          82.3368 %

[P]total cuckoo num:      5038054 
[P]total cuckoo path:     2848434 
[P]total cp perset:       0.017578 / set
[P]total cp percuckoo:    0.565384 / cuckoo num

[P]cuckoo path / s:       10256.516 / s
[P]cp per set * s:        0.004125 / set * s

[P]break loop / s:        0 / s
[P]break / set :          0 %

[P]Throughput:            4637685.082 ops
[P]all request:           300314978 o

[P]GetThroughput:         2075295.790 ops
[P]SetThroughput:         2562389.291 ops

[P]Valid Entries:         92419.169 / s
[P]set success:           2486357.404 / s

[P]expire scan persec:    12773087.939 / s
[P]total expire scan:     323821575
[P]expire hit persec:     2406695.167 / s
[P]total expire hit:      51411942

[P]expire hit rate:       18.841921 %
[P]total expire hit rate: 15.876627 %

[P]get found:             1531420.874 / s

----------------------------------

[INFO]Current Time:       78.15 s

[P]indexs Load Factor:    99.6659 %

[P]full bucket LFactor:   98.6135 %

[P]set request:           165891875 
[P]get request:           137896861 

[P]Get Hit Rate:          76.6203 %
[P]ACC Hit Rate:          82.2723 %

[P]total cuckoo num:      5038895 
[P]total cuckoo path:     2856301 
[P]total cp perset:       0.017419 / set
[P]total cp percuckoo:    0.566851 / cuckoo num

[P]cuckoo path / s:       10239.648 / s
[P]cp per set * s:        0.004066 / set * s

[P]break loop / s:        0 / s
[P]break / set :          0 %

[P]Throughput:            4521426.063 ops
[P]all request:           303788736 o

[P]GetThroughput:         2022847.846 ops
[P]SetThroughput:         2498578.217 ops

[P]Valid Entries:         80701.494 / s
[P]set success:           2518461.383 / s

[P]expire scan persec:    12508361.844 / s
[P]total expire scan:     333431601
[P]expire hit persec:     2356226.676 / s
[P]total expire hit:      53222203

[P]expire hit rate:       18.837212 %
[P]total expire hit rate: 15.961955 %

[P]get found:             1549911.999 / s

----------------------------------

[INFO]Current Time:       78.92 s

[P]indexs Load Factor:    99.6972 %

[P]full bucket LFactor:   98.7360 %

[P]set request:           167646062 
[P]get request:           139283130 

[P]Get Hit Rate:          81.2237 %
[P]ACC Hit Rate:          82.2619 %

[P]total cuckoo num:      5039765 
[P]total cuckoo path:     2864363 
[P]total cp perset:       0.017282 / set
[P]total cp percuckoo:    0.568352 / cuckoo num

[P]cuckoo path / s:       10446.592 / s
[P]cp per set * s:        0.004575 / set * s

[P]break loop / s:        0 / s
[P]break / set :          0 %

[P]Throughput:            4069346.591 ops
[P]all request:           306929193 o

[P]GetThroughput:         1796301.949 ops
[P]SetThroughput:         2273043.346 ops

[P]Valid Entries:         65040.465 / s
[P]set success:           2283194.500 / s

[P]expire scan persec:    11318144.872 / s
[P]total expire scan:     342166209
[P]expire hit persec:     2159481.042 / s
[P]total expire hit:      54888750

[P]expire hit rate:       19.079814 %
[P]total expire hit rate: 16.041546 %

[P]get found:             1459022.940 / s

----------------------------------
[INFO]End rx_queue_1:1729315

[INFO]Current Time:       79.69 s

[P]indexs Load Factor:    99.7257 %

[P]full bucket LFactor:   98.8475 %

[P]set request:           168901146 
[P]get request:           140289654 

[P]Get Hit Rate:          78.9823 %
[P]ACC Hit Rate:          82.2384 %

[P]total cuckoo num:      5040422 
[P]total cuckoo path:     2870477 
[P]total cp perset:       0.017190 / set
[P]total cp percuckoo:    0.569491 / cuckoo num

[P]cuckoo path / s:       7949.914 / s
[P]cp per set * s:        0.004901 / set * s

[P]break loop / s:        0 / s
[P]break / set :          0 %

[P]Throughput:            2940723.196 ops
[P]all request:           309190800 o

[P]GetThroughput:         1308763.403 ops
[P]SetThroughput:         1631961.093 ops

[P]Valid Entries:         42136.886 / s
[P]set success:           1622255.800 / s

[P]expire scan persec:    8080254.311 / s
[P]total expire scan:     348380449
[P]expire hit persec:     1609818.618 / s
[P]total expire hit:      56126805

[P]expire hit rate:       19.922871 %
[P]total expire hit rate: 16.110779 %

[P]get found:             1033691.691 / s

----------------------------------

[INFO]Current Time:       80.45 s

[P]indexs Load Factor:    99.7540 %

[P]full bucket LFactor:   98.9595 %

[P]set request:           170410147 
[P]get request:           141525019 

[P]Get Hit Rate:          77.3032 %
[P]ACC Hit Rate:          82.1953 %

[P]total cuckoo num:      5041224 
[P]total cuckoo path:     2878002 
[P]total cp perset:       0.017077 / set
[P]total cp percuckoo:    0.570893 / cuckoo num

[P]cuckoo path / s:       9822.182 / s
[P]cp per set * s:        0.004887 / set * s

[P]break loop / s:        0 / s
[P]break / set :          0 %

[P]Throughput:            3582147.773 ops
[P]all request:           311935166 o

[P]GetThroughput:         1612488.999 ops
[P]SetThroughput:         1969658.774 ops

[P]Valid Entries:         46803.186 / s
[P]set success:           2009837.698 / s

[P]expire scan persec:    9755935.339 / s
[P]total expire scan:     355854696
[P]expire hit persec:     1887500.954 / s
[P]total expire hit:      57572863

[P]expire hit rate:       19.347206 %
[P]total expire hit rate: 16.178756 %

[P]get found:             1246506.018 / s

----------------------------------

[INFO]Current Time:       81.21 s

[P]indexs Load Factor:    99.7796 %

[P]full bucket LFactor:   99.0606 %

[P]set request:           171921821 
[P]get request:           142784379 

[P]Get Hit Rate:          77.2646 %
[P]ACC Hit Rate:          82.1518 %

[P]total cuckoo num:      5041969 
[P]total cuckoo path:     2885084 
[P]total cp perset:       0.016964 / set
[P]total cp percuckoo:    0.572214 / cuckoo num

[P]cuckoo path / s:       9290.183 / s
[P]cp per set * s:        0.004590 / set * s

[P]break loop / s:        0 / s
[P]break / set :          0 %

[P]Throughput:            3635048.600 ops
[P]all request:           314706200 o

[P]GetThroughput:         1652031.265 ops
[P]SetThroughput:         1983017.335 ops

[P]Valid Entries:         42271.515 / s
[P]set success:           2023902.275 / s

[P]expire scan persec:    9733314.172 / s
[P]total expire scan:     363274499
[P]expire hit persec:     1940583.156 / s
[P]total expire hit:      59052189

[P]expire hit rate:       19.937537 %
[P]total expire hit rate: 16.255528 %

[P]get found:             1276436.049 / s

----------------------------------

[INFO]Current Time:       81.98 s

[P]indexs Load Factor:    99.8027 %

[P]full bucket LFactor:   99.1542 %

[P]set request:           173407519 
[P]get request:           144039911 

[P]Get Hit Rate:          74.5304 %
[P]ACC Hit Rate:          82.0854 %

[P]total cuckoo num:      5042682 
[P]total cuckoo path:     2891955 
[P]total cp perset:       0.016849 / set
[P]total cp percuckoo:    0.573495 / cuckoo num

[P]cuckoo path / s:       8985.753 / s
[P]cp per set * s:        0.004389 / set * s

[P]break loop / s:        0 / s
[P]break / set :          0 %

[P]Throughput:            3584925.815 ops
[P]all request:           317447431 o

[P]GetThroughput:         1641959.061 ops
[P]SetThroughput:         1942965.446 ops

[P]Valid Entries:         38465.720 / s
[P]set success:           2047411.259 / s

[P]expire scan persec:    9588094.239 / s
[P]total expire scan:     370606082
[P]expire hit persec:     1966328.928 / s
[P]total expire hit:      60555752

[P]expire hit rate:       20.508027 %
[P]total expire hit rate: 16.339654 %

[P]get found:             1223758.627 / s

----------------------------------

[INFO]Current Time:       82.74 s

[P]indexs Load Factor:    99.8234 %

[P]full bucket LFactor:   99.2390 %

[P]set request:           174973578 
[P]get request:           145275959 

[P]Get Hit Rate:          77.3591 %
[P]ACC Hit Rate:          82.0452 %

[P]total cuckoo num:      5043342 
[P]total cuckoo path:     2898300 
[P]total cp perset:       0.016733 / set
[P]total cp percuckoo:    0.574678 / cuckoo num

[P]cuckoo path / s:       8308.138 / s
[P]cp per set * s:        0.004040 / set * s

[P]break loop / s:        0 / s
[P]break / set :          0 %

[P]Throughput:            3669075.197 ops
[P]all request:           320249537 o

[P]GetThroughput:         1618480.193 ops
[P]SetThroughput:         2050596.313 ops

[P]Valid Entries:         34370.418 / s
[P]set success:           2056289.581 / s

[P]expire scan persec:    9534086.084 / s
[P]total expire scan:     377887350
[P]expire hit persec:     1978185.231 / s
[P]total expire hit:      62066510

[P]expire hit rate:       20.748556 %
[P]total expire hit rate: 16.424606 %

[P]get found:             1252040.914 / s

----------------------------------

[INFO]Current Time:       83.50 s

[P]indexs Load Factor:    99.8413 %

[P]full bucket LFactor:   99.3117 %

[P]set request:           176511390 
[P]get request:           146512080 

[P]Get Hit Rate:          75.9411 %
[P]ACC Hit Rate:          81.9937 %

[P]total cuckoo num:      5043848 
[P]total cuckoo path:     2903115 
[P]total cp perset:       0.016615 / set
[P]total cp percuckoo:    0.575575 / cuckoo num

[P]cuckoo path / s:       6334.535 / s
[P]cp per set * s:        0.003177 / set * s

[P]break loop / s:        0 / s
[P]break / set :          0 %

[P]Throughput:            3649340.618 ops
[P]all request:           323023470 o

[P]GetThroughput:         1626220.451 ops
[P]SetThroughput:         2023120.167 ops

[P]Valid Entries:         30684.671 / s
[P]set success:           1993881.323 / s

[P]expire scan persec:    9307403.656 / s
[P]total expire scan:     384962084
[P]expire hit persec:     1959812.971 / s
[P]total expire hit:      63556201

[P]expire hit rate:       21.056495 %
[P]total expire hit rate: 16.509730 %

[P]get found:             1234969.850 / s

----------------------------------

[INFO]Current Time:       84.27 s

[P]indexs Load Factor:    99.8486 %

[P]full bucket LFactor:   99.3418 %

[P]set request:           177665631 
[P]get request:           147443118 

[P]Get Hit Rate:          77.3649 %
[P]ACC Hit Rate:          81.9644 %

[P]total cuckoo num:      5044270 
[P]total cuckoo path:     2907224 
[P]total cp perset:       0.016532 / set
[P]total cp percuckoo:    0.576342 / cuckoo num

[P]cuckoo path / s:       5382.964 / s
[P]cp per set * s:        0.003642 / set * s

[P]break loop / s:        0 / s
[P]break / set :          0 %

[P]Throughput:            2731804.036 ops
[P]all request:           325108749 o

[P]GetThroughput:         1219699.314 ops
[P]SetThroughput:         1512104.722 ops

[P]Valid Entries:         20765.483 / s
[P]set success:           1478202.133 / s

[P]expire scan persec:    7178271.559 / s
[P]total expire scan:     390441503
[P]expire hit persec:     1474663.708 / s
[P]total expire hit:      64681862

[P]expire hit rate:       20.543437 %
[P]total expire hit rate: 16.566339 %

[P]get found:             943619.656 / s

----------------------------------
[INFO]End rx_queue_3:925353
[INFO]End rx_queue_0:1771277

[INFO]Current Time:       85.03 s

[P]indexs Load Factor:    99.8528 %

[P]full bucket LFactor:   99.3589 %

[P]set request:           178257074 
[P]get request:           147921786 

[P]Get Hit Rate:          76.4390 %
[P]ACC Hit Rate:          81.9465 %

[P]total cuckoo num:      5044459 
[P]total cuckoo path:     2909045 
[P]total cp perset:       0.016487 / set
[P]total cp percuckoo:    0.576681 / cuckoo num

[P]cuckoo path / s:       2392.694 / s
[P]cp per set * s:        0.003079 / set * s

[P]break loop / s:        0 / s
[P]break / set :          0 %

[P]Throughput:            1406066.905 ops
[P]all request:           326178860 o

[P]GetThroughput:         628943.384 ops
[P]SetThroughput:         777123.522 ops

[P]Valid Entries:         9654.867 / s
[P]set success:           777123.522 / s

[P]expire scan persec:    3703018.683 / s
[P]total expire scan:     393259748
[P]expire hit persec:     759218.394 / s
[P]total expire hit:      65259678

[P]expire hit rate:       20.502689 %
[P]total expire hit rate: 16.594548 %

[P]get found:             480757.990 / s

----------------------------------
[INFO]End rx_queue_2:1772813
Finish the job......

[INFO]Current Time:       85.78 s

[P]indexs Load Factor:    99.8528 %

[P]full bucket LFactor:   99.3589 %

[P]set request:           178371132 
[P]get request:           148014136 

[P]Get Hit Rate:          76.4927 %
[P]ACC Hit Rate:          81.9431 %

[P]total cuckoo num:      5044495 
[P]total cuckoo path:     2909397 
[P]total cp perset:       0.016478 / set
[P]total cp percuckoo:    0.576747 / cuckoo num

[P]cuckoo path / s:       465.423 / s
[P]cp per set * s:        0.003086 / set * s

[P]break loop / s:        0 / s
[P]break / set :          0 %

[P]Throughput:            272917.734 ops
[P]all request:           326385268 o

[P]GetThroughput:         122107.441 ops
[P]SetThroughput:         150810.293 ops

[P]Valid Entries:         1856.403 / s
[P]set success:           150810.293 / s

[P]expire scan persec:    712849.623 / s
[P]total expire scan:     393798877
[P]expire hit persec:     147426.720 / s
[P]total expire hit:      65371177

[P]expire hit rate:       20.681321 %
[P]total expire hit rate: 16.600143 %

[P]get found:             93403.268 / s

----------------------------------

Total Index Entries:     110221791

indexs Load Factor:     99.852776 %

log_0 Load Factor:      1717986918377.449951 %

log_1 Load Factor:      1717986918391.455078 %

log_2 Load Factor:      1717986918373.505371 %

log_3 Load Factor:      14.554288 %

Get Hit Rate:           81.943145%

Max Throughput:         5655419.56

Calc Load Factor:       99.852776%

set request:              54955855 | set_success:              54955855
set_fail:                        0 | set_key_duplicate:         1325501 | set_mica_evicted:                0
set_random:                      0 | set_cuckoo_evicted:        1392057 | set_expire_evicted:       20807423

get request:              46053176
get_found:                37150497 | get_notfound:              8902679 | get_hit_ratio:          80.668697%

clean up:                        0 | test_notfound:                   0
move_to_head_performed:    4357358 | move_to_head_skipped:     32793139 | move_to_head_failed:             0


set request:              52517389 | set_success:              52517389
set_fail:                        0 | set_key_duplicate:         1060405 | set_mica_evicted:                0
set_random:                      0 | set_cuckoo_evicted:        1483609 | set_expire_evicted:       17358933

get request:              44962164
get_found:                37406939 | get_notfound:              7555225 | get_hit_ratio:          83.196483%

clean up:                        0 | test_notfound:                   0
move_to_head_performed:    3525222 | move_to_head_skipped:     33881717 | move_to_head_failed:             0


set request:              55702867 | set_success:              55702867
set_fail:                        0 | set_key_duplicate:         1454565 | set_mica_evicted:                0
set_random:                      0 | set_cuckoo_evicted:        1410122 | set_expire_evicted:       21727710

get request:              46093112
get_found:                36483357 | get_notfound:              9609755 | get_hit_ratio:          79.151429%

clean up:                        0 | test_notfound:                   0
move_to_head_performed:    4739256 | move_to_head_skipped:     31744100 | move_to_head_failed:             1


set request:              29552466 | set_success:              29552466
set_fail:                        0 | set_key_duplicate:          453022 | set_mica_evicted:                0
set_random:                      0 | set_cuckoo_evicted:         758707 | set_expire_evicted:       11256102

get request:              24059152
get_found:                18565838 | get_notfound:              5493314 | get_hit_ratio:          77.167466%

clean up:                        0 | test_notfound:                   0
move_to_head_performed:    2059185 | move_to_head_skipped:     16506653 | move_to_head_failed:             0


[INFO] Everything works fine.
deleting piekv......
