EAL: Probing VFIO support...
EAL: VFIO support initialized
EAL: PCI device 0000:03:00.0 on NUMA socket 0
EAL:   probe driver: 15b3:1017 net_mlx5
WEN: There are 1 device(s) available
starting port 0...
querying port 0...
port 0: 100 Gbps (full-duplex)
Adding UDP filter for each endpoint.
port_id/queue_id/udp_port = 0 0 0
Flow is created with src_port = 0, dst_port = 0
port_id/queue_id/udp_port = 0 1 1
Flow is created with src_port = 0, dst_port = 1
port_id/queue_id/udp_port = 0 2 2
Flow is created with src_port = 0, dst_port = 2
port_id/queue_id/udp_port = 0 3 3
Flow is created with src_port = 0, dst_port = 3
MEM: Initializing pages...
 == [STAT] Workers Start (4 threads in total) == 

[INFO]Current Time:       2.40 s

[P]indexs Load Factor:    0.0310 %

[P]log_0 Load Factor:     0.023594 %

[P]log_1 Load Factor:     0.027703 %

[P]log_2 Load Factor:     0.031510 %

[P]log_3 Load Factor:     0.031430 %

[P]Get Hit Rate:         0.0514 %

[P]rx packet:       1373.045 / s

[P]Throughput:      236155.396 ops

[P]Valid Entries:   12439.054 / s

[P]set success:     12439.054 / s

[P]get found:       114.976 / s

----------------------------------

[INFO]Current Time:       3.41 s

[P]indexs Load Factor:    0.1430 %

[P]log_0 Load Factor:     0.072924 %

[P]log_1 Load Factor:     0.087215 %

[P]log_2 Load Factor:     0.097454 %

[P]log_3 Load Factor:     0.096941 %

[P]Get Hit Rate:         0.6968 %

[P]rx packet:       9777.493 / s

[P]Throughput:      2378484.207 ops

[P]Valid Entries:   132933.130 / s

[P]set success:     132903.291 / s

[P]get found:       15657.915 / s

----------------------------------

[INFO]Current Time:       4.37 s

[P]indexs Load Factor:    0.2526 %

[P]log_0 Load Factor:     0.121569 %

[P]log_1 Load Factor:     0.146452 %

[P]log_2 Load Factor:     0.162506 %

[P]log_3 Load Factor:     0.164123 %

[P]Get Hit Rate:         1.8648 %

[P]rx packet:       7947.381 / s

[P]Throughput:      2434794.429 ops

[P]Valid Entries:   133069.450 / s

[P]set success:     133050.713 / s

[P]get found:       42924.185 / s

----------------------------------

[INFO]Current Time:       5.32 s

[P]indexs Load Factor:    0.3619 %

[P]log_0 Load Factor:     0.169950 %

[P]log_1 Load Factor:     0.204805 %

[P]log_2 Load Factor:     0.227483 %

[P]log_3 Load Factor:     0.230568 %

[P]Get Hit Rate:         2.9980 %

[P]rx packet:       7592.354 / s

[P]Throughput:      2471102.107 ops

[P]Valid Entries:   133791.711 / s

[P]set success:     133774.979 / s

[P]get found:       70076.592 / s

----------------------------------

[INFO]Current Time:       6.27 s

[P]indexs Load Factor:    0.4706 %

[P]log_0 Load Factor:     0.218829 %

[P]log_1 Load Factor:     0.263056 %

[P]log_2 Load Factor:     0.291806 %

[P]log_3 Load Factor:     0.296945 %

[P]Get Hit Rate:         4.1654 %

[P]rx packet:       7254.045 / s

[P]Throughput:      2424980.088 ops

[P]Valid Entries:   132595.705 / s

[P]set success:     132579.943 / s

[P]get found:       95560.458 / s

----------------------------------

[INFO]Current Time:       7.23 s

[P]indexs Load Factor:    0.5799 %

[P]log_0 Load Factor:     0.268115 %

[P]log_1 Load Factor:     0.321478 %

[P]log_2 Load Factor:     0.356795 %

[P]log_3 Load Factor:     0.363024 %

[P]Get Hit Rate:         5.3929 %

[P]rx packet:       6990.755 / s

[P]Throughput:      2386956.677 ops

[P]Valid Entries:   132920.885 / s

[P]set success:     132910.392 / s

[P]get found:       121658.235 / s

----------------------------------

[INFO]Current Time:       8.18 s

[P]indexs Load Factor:    0.6884 %

[P]log_0 Load Factor:     0.316981 %

[P]log_1 Load Factor:     0.380060 %

[P]log_2 Load Factor:     0.421550 %

[P]log_3 Load Factor:     0.428008 %

[P]Get Hit Rate:         6.5439 %

[P]rx packet:       7002.013 / s

[P]Throughput:      2386396.314 ops

[P]Valid Entries:   133321.169 / s

[P]set success:     133331.648 / s

[P]get found:       147463.515 / s

----------------------------------

[INFO]Current Time:       9.13 s

[P]indexs Load Factor:    0.7970 %

[P]log_0 Load Factor:     0.365552 %

[P]log_1 Load Factor:     0.439201 %

[P]log_2 Load Factor:     0.486631 %

[P]log_3 Load Factor:     0.493707 %

[P]Get Hit Rate:         7.8088 %

[P]rx packet:       6616.766 / s

[P]Throughput:      2351644.971 ops

[P]Valid Entries:   132887.588 / s

[P]set success:     132913.837 / s

[P]get found:       173300.047 / s

----------------------------------

[INFO]Current Time:       10.09 s

[P]indexs Load Factor:    0.9063 %

[P]log_0 Load Factor:     0.414571 %

[P]log_1 Load Factor:     0.498829 %

[P]log_2 Load Factor:     0.550091 %

[P]log_3 Load Factor:     0.561297 %

[P]Get Hit Rate:         9.3671 %

[P]rx packet:       7719.254 / s

[P]Throughput:      2279346.029 ops

[P]Valid Entries:   133870.060 / s

[P]set success:     133890.959 / s

[P]get found:       201007.815 / s

----------------------------------

[INFO]Current Time:       11.05 s

[P]indexs Load Factor:    1.0157 %

[P]log_0 Load Factor:     0.464221 %

[P]log_1 Load Factor:     0.558408 %

[P]log_2 Load Factor:     0.616128 %

[P]log_3 Load Factor:     0.624944 %

[P]Get Hit Rate:         9.9496 %

[P]rx packet:       6824.911 / s

[P]Throughput:      2389322.066 ops

[P]Valid Entries:   132628.887 / s

[P]set success:     132683.252 / s

[P]get found:       224580.134 / s

----------------------------------

[INFO]Current Time:       12.01 s

[P]indexs Load Factor:    1.1253 %

[P]log_0 Load Factor:     0.513088 %

[P]log_1 Load Factor:     0.617508 %

[P]log_2 Load Factor:     0.681370 %

[P]log_3 Load Factor:     0.692228 %

[P]Get Hit Rate:         11.0191 %

[P]rx packet:       7059.852 / s

[P]Throughput:      2426770.393 ops

[P]Valid Entries:   133213.344 / s

[P]set success:     133270.564 / s

[P]get found:       252786.589 / s

----------------------------------

[INFO]Current Time:       12.97 s

[P]indexs Load Factor:    1.2350 %

[P]log_0 Load Factor:     0.562411 %

[P]log_1 Load Factor:     0.676652 %

[P]log_2 Load Factor:     0.746509 %

[P]log_3 Load Factor:     0.759682 %

[P]Get Hit Rate:         13.1279 %

[P]rx packet:       6670.376 / s

[P]Throughput:      2238049.389 ops

[P]Valid Entries:   132682.656 / s

[P]set success:     131142.458 / s

[P]get found:       276465.964 / s

----------------------------------

[INFO]Current Time:       13.93 s

[P]indexs Load Factor:    1.3451 %

[P]log_0 Load Factor:     0.611750 %

[P]log_1 Load Factor:     0.735944 %

[P]log_2 Load Factor:     0.812687 %

[P]log_3 Load Factor:     0.824880 %

[P]Get Hit Rate:         13.7040 %

[P]rx packet:       6940.908 / s

[P]Throughput:      2339109.692 ops

[P]Valid Entries:   134568.128 / s

[P]set success:     134614.809 / s

[P]get found:       302183.109 / s

----------------------------------

[INFO]Current Time:       14.90 s

[P]indexs Load Factor:    1.4538 %

[P]log_0 Load Factor:     0.660300 %

[P]log_1 Load Factor:     0.794308 %

[P]log_2 Load Factor:     0.877460 %

[P]log_3 Load Factor:     0.890208 %

[P]Get Hit Rate:         14.8878 %

[P]rx packet:       6720.919 / s

[P]Throughput:      2321365.918 ops

[P]Valid Entries:   131962.021 / s

[P]set success:     132033.808 / s

[P]get found:       326037.403 / s

----------------------------------

[INFO]Current Time:       15.86 s

[P]indexs Load Factor:    1.5616 %

[P]log_0 Load Factor:     0.706991 %

[P]log_1 Load Factor:     0.852533 %

[P]log_2 Load Factor:     0.942014 %

[P]log_3 Load Factor:     0.956776 %

[P]Get Hit Rate:         15.8306 %

[P]rx packet:       6861.371 / s

[P]Throughput:      2328454.522 ops

[P]Valid Entries:   130557.274 / s

[P]set success:     130622.394 / s

[P]get found:       348030.072 / s

----------------------------------

[INFO]Current Time:       16.83 s

[P]indexs Load Factor:    1.6708 %

[P]log_0 Load Factor:     0.756107 %

[P]log_1 Load Factor:     0.910934 %

[P]log_2 Load Factor:     1.007549 %

[P]log_3 Load Factor:     1.023928 %

[P]Get Hit Rate:         17.7483 %

[P]rx packet:       6667.287 / s

[P]Throughput:      2243199.413 ops

[P]Valid Entries:   131381.863 / s

[P]set success:     131453.221 / s

[P]get found:       374896.601 / s

----------------------------------

[INFO]Current Time:       17.80 s

[P]indexs Load Factor:    1.7803 %

[P]log_0 Load Factor:     0.805900 %

[P]log_1 Load Factor:     0.967650 %

[P]log_2 Load Factor:     1.074059 %

[P]log_3 Load Factor:     1.090724 %

[P]Get Hit Rate:         17.9278 %

[P]rx packet:       6819.331 / s

[P]Throughput:      2368637.423 ops

[P]Valid Entries:   131489.773 / s

[P]set success:     131551.589 / s

[P]get found:       401158.837 / s

----------------------------------

[INFO]Current Time:       18.77 s

[P]indexs Load Factor:    1.8904 %

[P]log_0 Load Factor:     0.855319 %

[P]log_1 Load Factor:     1.026642 %

[P]log_2 Load Factor:     1.139624 %

[P]log_3 Load Factor:     1.158144 %

[P]Get Hit Rate:         19.6469 %

[P]rx packet:       7275.977 / s

[P]Throughput:      2318753.575 ops

[P]Valid Entries:   132297.314 / s

[P]set success:     132340.507 / s

[P]get found:       429683.717 / s

----------------------------------

[INFO]Current Time:       19.74 s

[P]indexs Load Factor:    2.0013 %

[P]log_0 Load Factor:     0.905124 %

[P]log_1 Load Factor:     1.086539 %

[P]log_2 Load Factor:     1.205748 %

[P]log_3 Load Factor:     1.224943 %

[P]Get Hit Rate:         20.2446 %

[P]rx packet:       6932.736 / s

[P]Throughput:      2386313.634 ops

[P]Valid Entries:   133382.376 / s

[P]set success:     133460.561 / s

[P]get found:       456196.428 / s

----------------------------------

[INFO]Current Time:       20.72 s

[P]indexs Load Factor:    2.1118 %

[P]log_0 Load Factor:     0.954822 %

[P]log_1 Load Factor:     1.145773 %

[P]log_2 Load Factor:     1.271494 %

[P]log_3 Load Factor:     1.291163 %

[P]Get Hit Rate:         22.0324 %

[P]rx packet:       6900.518 / s

[P]Throughput:      2304958.341 ops

[P]Valid Entries:   131972.156 / s

[P]set success:     132029.780 / s

[P]get found:       478880.125 / s

----------------------------------

[INFO]Current Time:       21.69 s

[P]indexs Load Factor:    2.2222 %

[P]log_0 Load Factor:     1.004338 %

[P]log_1 Load Factor:     1.205359 %

[P]log_2 Load Factor:     1.337228 %

[P]log_3 Load Factor:     1.358839 %

[P]Get Hit Rate:         22.6311 %

[P]rx packet:       7221.999 / s

[P]Throughput:      2378672.306 ops

[P]Valid Entries:   132987.753 / s

[P]set success:     131384.911 / s

[P]get found:       508353.620 / s

----------------------------------

[INFO]Current Time:       22.67 s

[P]indexs Load Factor:    2.3333 %

[P]log_0 Load Factor:     1.053998 %

[P]log_1 Load Factor:     1.265423 %

[P]log_2 Load Factor:     1.403758 %

[P]log_3 Load Factor:     1.426173 %

[P]Get Hit Rate:         24.4171 %

[P]rx packet:       7276.366 / s

[P]Throughput:      2296038.985 ops

[P]Valid Entries:   132097.015 / s

[P]set success:     132154.366 / s

[P]get found:       528498.665 / s

----------------------------------

[INFO]Current Time:       23.65 s

[P]indexs Load Factor:    2.4457 %

[P]log_0 Load Factor:     1.104672 %

[P]log_1 Load Factor:     1.326105 %

[P]log_2 Load Factor:     1.470810 %

[P]log_3 Load Factor:     1.492918 %

[P]Get Hit Rate:         25.9927 %

[P]rx packet:       7114.975 / s

[P]Throughput:      2277230.340 ops

[P]Valid Entries:   133535.777 / s

[P]set success:     133592.983 / s

[P]get found:       557348.246 / s

----------------------------------

[INFO]Current Time:       24.63 s

[P]indexs Load Factor:    2.5571 %

[P]log_0 Load Factor:     1.154711 %

[P]log_1 Load Factor:     1.386369 %

[P]log_2 Load Factor:     1.536854 %

[P]log_3 Load Factor:     1.561653 %

[P]Get Hit Rate:         27.3518 %

[P]rx packet:       7830.348 / s

[P]Throughput:      2260582.294 ops

[P]Valid Entries:   133093.543 / s

[P]set success:     133147.454 / s

[P]get found:       582493.284 / s

----------------------------------

[INFO]Current Time:       25.61 s

[P]indexs Load Factor:    2.6686 %

[P]log_0 Load Factor:     1.204964 %

[P]log_1 Load Factor:     1.445975 %

[P]log_2 Load Factor:     1.603261 %

[P]log_3 Load Factor:     1.627928 %

[P]Get Hit Rate:         27.7261 %

[P]rx packet:       7468.122 / s

[P]Throughput:      2327389.716 ops

[P]Valid Entries:   132750.876 / s

[P]set success:     132811.982 / s

[P]get found:       608621.862 / s

----------------------------------

[INFO]Current Time:       26.60 s

[P]indexs Load Factor:    2.7799 %

[P]log_0 Load Factor:     1.255278 %

[P]log_1 Load Factor:     1.505762 %

[P]log_2 Load Factor:     1.669981 %

[P]log_3 Load Factor:     1.696436 %

[P]Get Hit Rate:         28.5702 %

[P]rx packet:       7438.864 / s

[P]Throughput:      2346974.457 ops

[P]Valid Entries:   132400.783 / s

[P]set success:     132474.142 / s

[P]get found:       632855.709 / s

----------------------------------

[INFO]Current Time:       27.58 s

[P]indexs Load Factor:    2.8928 %

[P]log_0 Load Factor:     1.305826 %

[P]log_1 Load Factor:     1.566404 %

[P]log_2 Load Factor:     1.737053 %

[P]log_3 Load Factor:     1.764456 %

[P]Get Hit Rate:         30.2135 %

[P]rx packet:       7803.967 / s

[P]Throughput:      2314885.514 ops

[P]Valid Entries:   133885.879 / s

[P]set success:     133930.630 / s

[P]get found:       659108.183 / s

----------------------------------

[INFO]Current Time:       28.57 s

[P]indexs Load Factor:    3.0048 %

[P]log_0 Load Factor:     1.355890 %

[P]log_1 Load Factor:     1.626687 %

[P]log_2 Load Factor:     1.804117 %

[P]log_3 Load Factor:     1.831334 %

[P]Get Hit Rate:         31.3141 %

[P]rx packet:       7391.571 / s

[P]Throughput:      2301547.324 ops

[P]Valid Entries:   132313.074 / s

[P]set success:     130803.164 / s

[P]get found:       679432.133 / s

----------------------------------

[INFO]Current Time:       29.55 s

[P]indexs Load Factor:    3.1175 %

[P]log_0 Load Factor:     1.406550 %

[P]log_1 Load Factor:     1.687298 %

[P]log_2 Load Factor:     1.871763 %

[P]log_3 Load Factor:     1.899136 %

[P]Get Hit Rate:         32.6948 %

[P]rx packet:       7462.741 / s

[P]Throughput:      2313455.821 ops

[P]Valid Entries:   133446.595 / s

[P]set success:     133499.357 / s

[P]get found:       712919.561 / s

----------------------------------

[INFO]Current Time:       30.54 s

[P]indexs Load Factor:    3.2295 %

[P]log_0 Load Factor:     1.456618 %

[P]log_1 Load Factor:     1.747349 %

[P]log_2 Load Factor:     1.939269 %

[P]log_3 Load Factor:     1.967141 %

[P]Get Hit Rate:         33.3941 %

[P]rx packet:       7182.410 / s

[P]Throughput:      2300246.166 ops

[P]Valid Entries:   131962.260 / s

[P]set success:     132017.796 / s

[P]get found:       724218.720 / s

----------------------------------

[INFO]Current Time:       31.53 s

[P]indexs Load Factor:    3.3422 %

[P]log_0 Load Factor:     1.507137 %

[P]log_1 Load Factor:     1.807924 %

[P]log_2 Load Factor:     2.006503 %

[P]log_3 Load Factor:     2.035266 %

[P]Get Hit Rate:         34.5416 %

[P]rx packet:       7272.772 / s

[P]Throughput:      2331032.469 ops

[P]Valid Entries:   132795.695 / s

[P]set success:     132834.037 / s

[P]get found:       759484.061 / s

----------------------------------

[INFO]Current Time:       32.53 s

[P]indexs Load Factor:    3.4543 %

[P]log_0 Load Factor:     1.557430 %

[P]log_1 Load Factor:     1.868162 %

[P]log_2 Load Factor:     2.074085 %

[P]log_3 Load Factor:     2.103357 %

[P]Get Hit Rate:         35.7106 %

[P]rx packet:       7424.611 / s

[P]Throughput:      2310722.871 ops

[P]Valid Entries:   131876.482 / s

[P]set success:     130314.413 / s

[P]get found:       778256.757 / s

----------------------------------

[INFO]Current Time:       33.52 s

[P]indexs Load Factor:    3.5666 %

[P]log_0 Load Factor:     1.607791 %

[P]log_1 Load Factor:     1.928607 %

[P]log_2 Load Factor:     2.141995 %

[P]log_3 Load Factor:     2.170218 %

[P]Get Hit Rate:         37.4800 %

[P]rx packet:       7445.705 / s

[P]Throughput:      2254652.068 ops

[P]Valid Entries:   132174.099 / s

[P]set success:     132221.421 / s

[P]get found:       795696.654 / s

----------------------------------

[INFO]Current Time:       34.51 s

[P]indexs Load Factor:    3.6799 %

[P]log_0 Load Factor:     1.658631 %

[P]log_1 Load Factor:     1.989240 %

[P]log_2 Load Factor:     2.210094 %

[P]log_3 Load Factor:     2.237774 %

[P]Get Hit Rate:         38.2540 %

[P]rx packet:       7621.545 / s

[P]Throughput:      2311761.257 ops

[P]Valid Entries:   132722.194 / s

[P]set success:     132766.488 / s

[P]get found:       834389.547 / s

----------------------------------

[INFO]Current Time:       35.51 s

[P]indexs Load Factor:    3.7924 %

[P]log_0 Load Factor:     1.708485 %

[P]log_1 Load Factor:     2.049649 %

[P]log_2 Load Factor:     2.277179 %

[P]log_3 Load Factor:     2.307456 %

[P]Get Hit Rate:         40.5514 %

[P]rx packet:       8394.824 / s

[P]Throughput:      2233125.588 ops

[P]Valid Entries:   131922.108 / s

[P]set success:     131975.265 / s

[P]get found:       852281.286 / s

----------------------------------

[INFO]Current Time:       36.51 s

[P]indexs Load Factor:    3.9055 %

[P]log_0 Load Factor:     1.759287 %

[P]log_1 Load Factor:     2.110640 %

[P]log_2 Load Factor:     2.345262 %

[P]log_3 Load Factor:     2.375066 %

[P]Get Hit Rate:         41.7247 %

[P]rx packet:       7709.097 / s

[P]Throughput:      2251877.565 ops

[P]Valid Entries:   132605.707 / s

[P]set success:     131066.698 / s

[P]get found:       884449.985 / s

----------------------------------

[INFO]Current Time:       37.51 s

[P]indexs Load Factor:    4.0190 %

[P]log_0 Load Factor:     1.809251 %

[P]log_1 Load Factor:     2.171336 %

[P]log_2 Load Factor:     2.413837 %

[P]log_3 Load Factor:     2.444293 %

[P]Get Hit Rate:         43.5326 %

[P]rx packet:       7710.632 / s

[P]Throughput:      2214454.336 ops

[P]Valid Entries:   131990.111 / s

[P]set success:     132038.077 / s

[P]get found:       906764.726 / s

----------------------------------

[INFO]Current Time:       38.51 s

[P]indexs Load Factor:    4.1321 %

[P]log_0 Load Factor:     1.860153 %

[P]log_1 Load Factor:     2.232084 %

[P]log_2 Load Factor:     2.482073 %

[P]log_3 Load Factor:     2.512991 %

[P]Get Hit Rate:         43.7491 %

[P]rx packet:       7548.829 / s

[P]Throughput:      2230581.763 ops

[P]Valid Entries:   131723.227 / s

[P]set success:     131758.116 / s

[P]get found:       920512.554 / s

----------------------------------

[INFO]Current Time:       39.51 s

[P]indexs Load Factor:    4.2456 %

[P]log_0 Load Factor:     1.910601 %

[P]log_1 Load Factor:     2.292408 %

[P]log_2 Load Factor:     2.549907 %

[P]log_3 Load Factor:     2.580760 %

[P]Get Hit Rate:         44.3382 %

[P]rx packet:       7920.679 / s

[P]Throughput:      2300021.848 ops

[P]Valid Entries:   132507.667 / s

[P]set success:     132549.528 / s

[P]get found:       961253.679 / s

----------------------------------

[INFO]Current Time:       40.52 s

[P]indexs Load Factor:    4.3592 %

[P]log_0 Load Factor:     1.961771 %

[P]log_1 Load Factor:     2.353020 %

[P]log_2 Load Factor:     2.618419 %

[P]log_3 Load Factor:     2.650153 %

[P]Get Hit Rate:         45.4254 %

[P]rx packet:       7721.788 / s

[P]Throughput:      2284720.415 ops

[P]Valid Entries:   132001.771 / s

[P]set success:     132037.691 / s

[P]get found:       978104.829 / s

----------------------------------

[INFO]Current Time:       41.52 s

[P]indexs Load Factor:    4.4727 %

[P]log_0 Load Factor:     2.012368 %

[P]log_1 Load Factor:     2.413670 %

[P]log_2 Load Factor:     2.686715 %

[P]log_3 Load Factor:     2.719540 %

[P]Get Hit Rate:         46.8519 %

[P]rx packet:       8186.784 / s

[P]Throughput:      2263616.949 ops

[P]Valid Entries:   132607.147 / s

[P]set success:     132655.046 / s

[P]get found:       998647.991 / s

----------------------------------

[INFO]Current Time:       42.52 s

[P]indexs Load Factor:    4.5872 %

[P]log_0 Load Factor:     2.063790 %

[P]log_1 Load Factor:     2.475491 %

[P]log_2 Load Factor:     2.755726 %

[P]log_3 Load Factor:     2.788391 %

[P]Get Hit Rate:         47.4257 %

[P]rx packet:       7701.273 / s

[P]Throughput:      2273718.835 ops

[P]Valid Entries:   131773.251 / s

[P]set success:     131812.999 / s

[P]get found:       1016080.106 / s

----------------------------------

[INFO]Current Time:       43.53 s

[P]indexs Load Factor:    4.7016 %

[P]log_0 Load Factor:     2.114952 %

[P]log_1 Load Factor:     2.537221 %

[P]log_2 Load Factor:     2.824221 %

[P]log_3 Load Factor:     2.858063 %

[P]Get Hit Rate:         48.6161 %

[P]rx packet:       8184.090 / s

[P]Throughput:      2285523.910 ops

[P]Valid Entries:   133230.203 / s

[P]set success:     133273.836 / s

[P]get found:       1046584.766 / s

----------------------------------

[INFO]Current Time:       44.55 s

[P]indexs Load Factor:    4.8157 %

[P]log_0 Load Factor:     2.166152 %

[P]log_1 Load Factor:     2.598096 %

[P]log_2 Load Factor:     2.892276 %

[P]log_3 Load Factor:     2.927337 %

[P]Get Hit Rate:         52.5320 %

[P]rx packet:       8007.130 / s

[P]Throughput:      2158375.357 ops

[P]Valid Entries:   131476.199 / s

[P]set success:     130025.560 / s

[P]get found:       1065007.441 / s

----------------------------------

[INFO]Current Time:       45.56 s

[P]indexs Load Factor:    4.9297 %

[P]log_0 Load Factor:     2.217706 %

[P]log_1 Load Factor:     2.658552 %

[P]log_2 Load Factor:     2.960229 %

[P]log_3 Load Factor:     2.996245 %

[P]Get Hit Rate:         51.2619 %

[P]rx packet:       9119.795 / s

[P]Throughput:      2249257.861 ops

[P]Valid Entries:   131700.862 / s

[P]set success:     131730.485 / s

[P]get found:       1085773.034 / s

----------------------------------

[INFO]Current Time:       46.57 s

[P]indexs Load Factor:    5.0442 %

[P]log_0 Load Factor:     2.269240 %

[P]log_1 Load Factor:     2.720032 %

[P]log_2 Load Factor:     3.028333 %

[P]log_3 Load Factor:     3.064388 %

[P]Get Hit Rate:         53.0384 %

[P]rx packet:       8108.248 / s

[P]Throughput:      2215461.893 ops

[P]Valid Entries:   130994.278 / s

[P]set success:     131017.984 / s

[P]get found:       1105812.288 / s

----------------------------------

[INFO]Current Time:       47.59 s

[P]indexs Load Factor:    5.1582 %

[P]log_0 Load Factor:     2.320588 %

[P]log_1 Load Factor:     2.780881 %

[P]log_2 Load Factor:     3.097676 %

[P]log_3 Load Factor:     3.133880 %

[P]Get Hit Rate:         54.2181 %

[P]rx packet:       8014.020 / s

[P]Throughput:      2245246.919 ops

[P]Valid Entries:   131282.463 / s

[P]set success:     131314.860 / s

[P]get found:       1147252.605 / s

----------------------------------

[INFO]Current Time:       48.61 s

[P]indexs Load Factor:    5.2735 %

[P]log_0 Load Factor:     2.372030 %

[P]log_1 Load Factor:     2.842467 %

[P]log_2 Load Factor:     3.166858 %

[P]log_3 Load Factor:     3.204063 %

[P]Get Hit Rate:         55.5251 %

[P]rx packet:       8328.227 / s

[P]Throughput:      2247345.751 ops

[P]Valid Entries:   131513.014 / s

[P]set success:     131544.482 / s

[P]get found:       1175077.475 / s

----------------------------------

[INFO]Current Time:       49.63 s

[P]indexs Load Factor:    5.3881 %

[P]log_0 Load Factor:     2.423320 %

[P]log_1 Load Factor:     2.904013 %

[P]log_2 Load Factor:     3.235957 %

[P]log_3 Load Factor:     3.272729 %

[P]Get Hit Rate:         56.8507 %

[P]rx packet:       8739.824 / s

[P]Throughput:      2223234.688 ops

[P]Valid Entries:   131261.862 / s

[P]set success:     131285.361 / s

[P]get found:       1189584.489 / s

----------------------------------

[INFO]Current Time:       50.65 s

[P]indexs Load Factor:    5.5036 %

[P]log_0 Load Factor:     2.475701 %

[P]log_1 Load Factor:     2.966240 %

[P]log_2 Load Factor:     3.305772 %

[P]log_3 Load Factor:     3.341591 %

[P]Get Hit Rate:         58.0579 %

[P]rx packet:       8381.063 / s

[P]Throughput:      2245403.468 ops

[P]Valid Entries:   132022.994 / s

[P]set success:     132060.135 / s

[P]get found:       1227260.255 / s

----------------------------------

[INFO]Current Time:       51.68 s

[P]indexs Load Factor:    5.6189 %

[P]log_0 Load Factor:     2.527192 %

[P]log_1 Load Factor:     3.028365 %

[P]log_2 Load Factor:     3.375234 %

[P]log_3 Load Factor:     3.410250 %

[P]Get Hit Rate:         59.9922 %

[P]rx packet:       8429.632 / s

[P]Throughput:      2203153.994 ops

[P]Valid Entries:   131219.198 / s

[P]set success:     131237.731 / s

[P]get found:       1243300.559 / s

----------------------------------

[INFO]Current Time:       52.70 s

[P]indexs Load Factor:    5.7344 %

[P]log_0 Load Factor:     2.579043 %

[P]log_1 Load Factor:     3.090246 %

[P]log_2 Load Factor:     3.445422 %

[P]log_3 Load Factor:     3.480498 %

[P]Get Hit Rate:         61.2022 %

[P]rx packet:       8287.935 / s

[P]Throughput:      2178287.747 ops

[P]Valid Entries:   131231.145 / s

[P]set success:     131260.335 / s

[P]get found:       1253111.776 / s

----------------------------------

[INFO]Current Time:       53.73 s

[P]indexs Load Factor:    5.8498 %

[P]log_0 Load Factor:     2.630709 %

[P]log_1 Load Factor:     3.151443 %

[P]log_2 Load Factor:     3.515013 %

[P]log_3 Load Factor:     3.550084 %

[P]Get Hit Rate:         61.0694 %

[P]rx packet:       8412.419 / s

[P]Throughput:      2220879.520 ops

[P]Valid Entries:   131017.377 / s

[P]set success:     131056.220 / s

[P]get found:       1276561.967 / s

----------------------------------

[INFO]Current Time:       54.76 s

[P]indexs Load Factor:    5.9662 %

[P]log_0 Load Factor:     2.683137 %

[P]log_1 Load Factor:     3.213499 %

[P]log_2 Load Factor:     3.584903 %

[P]log_3 Load Factor:     3.620867 %

[P]Get Hit Rate:         62.9437 %

[P]rx packet:       8466.421 / s

[P]Throughput:      2220775.447 ops

[P]Valid Entries:   131124.040 / s

[P]set success:     131147.372 / s

[P]get found:       1315605.338 / s

----------------------------------

[INFO]Current Time:       55.80 s

[P]indexs Load Factor:    6.0819 %

[P]log_0 Load Factor:     2.735035 %

[P]log_1 Load Factor:     3.275359 %

[P]log_2 Load Factor:     3.654696 %

[P]log_3 Load Factor:     3.689885 %

[P]Get Hit Rate:         65.8761 %

[P]rx packet:       8348.730 / s

[P]Throughput:      2169093.639 ops

[P]Valid Entries:   131321.549 / s

[P]set success:     131332.173 / s

[P]get found:       1342723.869 / s

----------------------------------

[INFO]Current Time:       56.83 s

[P]indexs Load Factor:    6.1982 %

[P]log_0 Load Factor:     2.787407 %

[P]log_1 Load Factor:     3.337620 %

[P]log_2 Load Factor:     3.724199 %

[P]log_3 Load Factor:     3.760925 %

[P]Get Hit Rate:         66.6677 %

[P]rx packet:       9471.554 / s

[P]Throughput:      2168482.126 ops

[P]Valid Entries:   131487.906 / s

[P]set success:     131520.837 / s

[P]get found:       1358368.397 / s

----------------------------------

[INFO]Current Time:       57.87 s

[P]indexs Load Factor:    6.3144 %

[P]log_0 Load Factor:     2.839619 %

[P]log_1 Load Factor:     3.399847 %

[P]log_2 Load Factor:     3.794022 %

[P]log_3 Load Factor:     3.830019 %

[P]Get Hit Rate:         67.0396 %

[P]rx packet:       8595.649 / s

[P]Throughput:      2176456.785 ops

[P]Valid Entries:   130545.515 / s

[P]set success:     130571.589 / s

[P]get found:       1371950.963 / s

----------------------------------

[INFO]Current Time:       58.90 s

[P]indexs Load Factor:    6.4310 %

[P]log_0 Load Factor:     2.892319 %

[P]log_1 Load Factor:     3.462140 %

[P]log_2 Load Factor:     3.864126 %

[P]log_3 Load Factor:     3.901279 %

[P]Get Hit Rate:         68.9681 %

[P]rx packet:       8395.539 / s

[P]Throughput:      2172111.203 ops

[P]Valid Entries:   130814.272 / s

[P]set success:     129399.293 / s

[P]get found:       1408166.290 / s

----------------------------------

[INFO]Current Time:       59.94 s

[P]indexs Load Factor:    6.5475 %

[P]log_0 Load Factor:     2.944600 %

[P]log_1 Load Factor:     3.524598 %

[P]log_2 Load Factor:     3.934415 %

[P]log_3 Load Factor:     3.971130 %

[P]Get Hit Rate:         69.4721 %

[P]rx packet:       8630.105 / s

[P]Throughput:      2207375.056 ops

[P]Valid Entries:   131417.946 / s

[P]set success:     131444.909 / s

[P]get found:       1442567.910 / s

----------------------------------

[INFO]Current Time:       60.98 s

[P]indexs Load Factor:    6.6642 %

[P]log_0 Load Factor:     2.996905 %

[P]log_1 Load Factor:     3.587196 %

[P]log_2 Load Factor:     4.004177 %

[P]log_3 Load Factor:     4.040832 %

[P]Get Hit Rate:         70.0206 %

[P]rx packet:       9437.486 / s

[P]Throughput:      2186273.863 ops

[P]Valid Entries:   131076.512 / s

[P]set success:     131087.101 / s

[P]get found:       1439428.357 / s

----------------------------------

[INFO]Current Time:       62.02 s

[P]indexs Load Factor:    6.7803 %

[P]log_0 Load Factor:     3.049191 %

[P]log_1 Load Factor:     3.649678 %

[P]log_2 Load Factor:     4.074225 %

[P]log_3 Load Factor:     4.110854 %

[P]Get Hit Rate:         72.2447 %

[P]rx packet:       9419.665 / s

[P]Throughput:      2123234.828 ops

[P]Valid Entries:   129940.518 / s

[P]set success:     129959.713 / s

[P]get found:       1440454.478 / s

----------------------------------

[INFO]Current Time:       63.06 s

[P]indexs Load Factor:    6.8971 %

[P]log_0 Load Factor:     3.101630 %

[P]log_1 Load Factor:     3.712086 %

[P]log_2 Load Factor:     4.145155 %

[P]log_3 Load Factor:     4.181568 %

[P]Get Hit Rate:         73.4650 %

[P]rx packet:       8922.374 / s

[P]Throughput:      2143461.059 ops

[P]Valid Entries:   130639.030 / s

[P]set success:     130670.718 / s

[P]get found:       1479104.299 / s

----------------------------------

[INFO]Current Time:       64.11 s

[P]indexs Load Factor:    7.0151 %

[P]log_0 Load Factor:     3.154639 %

[P]log_1 Load Factor:     3.775371 %

[P]log_2 Load Factor:     4.215593 %

[P]log_3 Load Factor:     4.253529 %

[P]Get Hit Rate:         76.4144 %

[P]rx packet:       8808.115 / s

[P]Throughput:      2136324.327 ops

[P]Valid Entries:   131394.331 / s

[P]set success:     131420.172 / s

[P]get found:       1532434.892 / s

----------------------------------

[INFO]Current Time:       65.16 s

[P]indexs Load Factor:    7.1328 %

[P]log_0 Load Factor:     3.207672 %

[P]log_1 Load Factor:     3.838165 %

[P]log_2 Load Factor:     4.286285 %

[P]log_3 Load Factor:     4.324416 %

[P]Get Hit Rate:         75.8586 %

[P]rx packet:       9309.301 / s

[P]Throughput:      2186920.529 ops

[P]Valid Entries:   131334.509 / s

[P]mica evicted:      0.953 / s

[P]set success:     131361.189 / s

[P]get found:       1559735.694 / s

----------------------------------

[INFO]Current Time:       66.21 s

[P]indexs Load Factor:    7.2509 %

[P]log_0 Load Factor:     3.261143 %

[P]log_1 Load Factor:     3.901565 %

[P]log_2 Load Factor:     4.357724 %

[P]log_3 Load Factor:     4.394749 %

[P]Get Hit Rate:         77.3703 %

[P]rx packet:       9694.592 / s

[P]Throughput:      2143046.823 ops

[P]Valid Entries:   131078.704 / s

[P]mica evicted:      0.949 / s

[P]set success:     131091.044 / s

[P]get found:       1557085.489 / s

----------------------------------

[INFO]Current Time:       67.27 s

[P]indexs Load Factor:    7.3693 %

[P]log_0 Load Factor:     3.313892 %

[P]log_1 Load Factor:     3.964705 %

[P]log_2 Load Factor:     4.428534 %

[P]log_3 Load Factor:     4.467037 %

[P]Get Hit Rate:         80.6247 %

[P]rx packet:       9151.602 / s

[P]Throughput:      2096004.490 ops

[P]Valid Entries:   131064.763 / s

[P]set success:     131084.695 / s

[P]get found:       1584624.312 / s

----------------------------------

[INFO]Current Time:       68.32 s

[P]indexs Load Factor:    7.4878 %

[P]log_0 Load Factor:     3.367497 %

[P]log_1 Load Factor:     4.028620 %

[P]log_2 Load Factor:     4.499389 %

[P]log_3 Load Factor:     4.538517 %

[P]Get Hit Rate:         79.9952 %

[P]rx packet:       9038.172 / s

[P]Throughput:      2151907.612 ops

[P]Valid Entries:   131089.553 / s

[P]set success:     131137.941 / s

[P]get found:       1616962.804 / s

----------------------------------

[INFO]Current Time:       69.38 s

[P]indexs Load Factor:    7.6072 %

[P]log_0 Load Factor:     3.420791 %

[P]log_1 Load Factor:     4.092718 %

[P]log_2 Load Factor:     4.570996 %

[P]log_3 Load Factor:     4.610369 %

[P]Get Hit Rate:         82.1884 %

[P]rx packet:       9119.405 / s

[P]Throughput:      2138077.408 ops

[P]Valid Entries:   131118.838 / s

[P]mica evicted:      0.944 / s

[P]set success:     131116.949 / s

[P]get found:       1649921.958 / s

----------------------------------

[INFO]Current Time:       70.44 s

[P]indexs Load Factor:    7.7261 %

[P]log_0 Load Factor:     3.474046 %

[P]log_1 Load Factor:     4.157208 %

[P]log_2 Load Factor:     4.642921 %

[P]log_3 Load Factor:     4.681826 %

[P]Get Hit Rate:         83.5976 %

[P]rx packet:       9226.236 / s

[P]Throughput:      2123149.310 ops

[P]Valid Entries:   131232.152 / s

[P]set success:     131264.223 / s

[P]get found:       1665636.089 / s

----------------------------------

[INFO]Current Time:       71.50 s

[P]indexs Load Factor:    7.8456 %

[P]log_0 Load Factor:     3.527930 %

[P]log_1 Load Factor:     4.220849 %

[P]log_2 Load Factor:     4.715111 %

[P]log_3 Load Factor:     4.752994 %

[P]Get Hit Rate:         84.9540 %

[P]rx packet:       9397.732 / s

[P]Throughput:      2104728.270 ops

[P]Valid Entries:   130540.035 / s

[P]mica evicted:      0.940 / s

[P]set success:     130566.351 / s

[P]get found:       1678835.907 / s

----------------------------------

[INFO]Current Time:       72.57 s

[P]indexs Load Factor:    7.9647 %

[P]log_0 Load Factor:     3.581010 %

[P]log_1 Load Factor:     4.284659 %

[P]log_2 Load Factor:     4.786668 %

[P]log_3 Load Factor:     4.825490 %

[P]Get Hit Rate:         85.3510 %

[P]rx packet:       9225.700 / s

[P]Throughput:      2140142.256 ops

[P]Valid Entries:   131239.104 / s

[P]set success:     129865.124 / s

[P]get found:       1716297.062 / s

----------------------------------

[INFO]Current Time:       73.63 s

[P]indexs Load Factor:    8.0840 %

[P]log_0 Load Factor:     3.634114 %

[P]log_1 Load Factor:     4.348837 %

[P]log_2 Load Factor:     4.858447 %

[P]log_3 Load Factor:     4.897557 %

[P]Get Hit Rate:         83.4396 %

[P]rx packet:       9512.824 / s

[P]Throughput:      2157488.953 ops

[P]Valid Entries:   130736.179 / s

[P]mica evicted:      0.941 / s

[P]set success:     130754.055 / s

[P]get found:       1691542.150 / s

----------------------------------

[INFO]Current Time:       74.69 s

[P]indexs Load Factor:    8.2036 %

[P]log_0 Load Factor:     3.688123 %

[P]log_1 Load Factor:     4.412387 %

[P]log_2 Load Factor:     4.930457 %

[P]log_3 Load Factor:     4.969224 %

[P]Get Hit Rate:         87.8915 %

[P]rx packet:       9816.355 / s

[P]Throughput:      2161555.659 ops

[P]Valid Entries:   132111.107 / s

[P]set success:     132137.447 / s

[P]get found:       1784256.752 / s

----------------------------------

[INFO]Current Time:       75.76 s

[P]indexs Load Factor:    8.3239 %

[P]log_0 Load Factor:     3.742160 %

[P]log_1 Load Factor:     4.476868 %

[P]log_2 Load Factor:     5.002588 %

[P]log_3 Load Factor:     5.042188 %

[P]Get Hit Rate:         88.2018 %

[P]rx packet:       9522.755 / s

[P]Throughput:      2150766.310 ops

[P]Valid Entries:   131540.557 / s

[P]set success:     131568.720 / s

[P]get found:       1781510.800 / s

----------------------------------

[INFO]Current Time:       76.83 s

[P]indexs Load Factor:    8.4439 %

[P]log_0 Load Factor:     3.796289 %

[P]log_1 Load Factor:     4.540915 %

[P]log_2 Load Factor:     5.074851 %

[P]log_3 Load Factor:     5.114803 %

[P]Get Hit Rate:         89.5875 %

[P]rx packet:       9762.003 / s

[P]Throughput:      2146354.421 ops

[P]Valid Entries:   130940.486 / s

[P]mica evicted:      0.935 / s

[P]set success:     130958.259 / s

[P]get found:       1806083.705 / s

----------------------------------

[INFO]Current Time:       77.90 s

[P]indexs Load Factor:    8.5641 %

[P]log_0 Load Factor:     3.850034 %

[P]log_1 Load Factor:     4.605228 %

[P]log_2 Load Factor:     5.147155 %

[P]log_3 Load Factor:     5.187044 %

[P]Get Hit Rate:         91.8775 %

[P]rx packet:       9256.608 / s

[P]Throughput:      2139743.487 ops

[P]Valid Entries:   130371.737 / s

[P]set success:     130396.903 / s

[P]get found:       1846624.723 / s

----------------------------------

[INFO]Current Time:       78.97 s

[P]indexs Load Factor:    8.6844 %

[P]log_0 Load Factor:     3.903750 %

[P]log_1 Load Factor:     4.670279 %

[P]log_2 Load Factor:     5.219720 %

[P]log_3 Load Factor:     5.259354 %

[P]Get Hit Rate:         92.3020 %

[P]rx packet:       9928.736 / s

[P]Throughput:      2130110.920 ops

[P]Valid Entries:   130819.184 / s

[P]set success:     130833.134 / s

[P]get found:       1845958.986 / s

----------------------------------

[INFO]Current Time:       80.05 s

[P]indexs Load Factor:    8.8054 %

[P]log_0 Load Factor:     3.958067 %

[P]log_1 Load Factor:     4.734760 %

[P]log_2 Load Factor:     5.292755 %

[P]log_3 Load Factor:     5.332209 %

[P]Get Hit Rate:         95.8538 %

[P]rx packet:       9800.234 / s

[P]Throughput:      2094804.541 ops

[P]Valid Entries:   131024.975 / s

[P]mica evicted:      2.792 / s

[P]set success:     131049.171 / s

[P]get found:       1882920.884 / s

----------------------------------

[INFO]Current Time:       81.13 s

[P]indexs Load Factor:    8.9260 %

[P]log_0 Load Factor:     4.012862 %

[P]log_1 Load Factor:     4.799094 %

[P]log_2 Load Factor:     5.365079 %

[P]log_3 Load Factor:     5.405290 %

[P]Get Hit Rate:         95.9473 %

[P]rx packet:       9467.110 / s

[P]Throughput:      2103915.744 ops

[P]Valid Entries:   130734.514 / s

[P]set success:     129341.828 / s

[P]get found:       1893744.423 / s

----------------------------------

[INFO]Current Time:       82.21 s

[P]indexs Load Factor:    9.0469 %

[P]log_0 Load Factor:     4.067594 %

[P]log_1 Load Factor:     4.863903 %

[P]log_2 Load Factor:     5.438276 %

[P]log_3 Load Factor:     5.468747 %

[P]Get Hit Rate:         98.5679 %

[P]rx packet:       9636.166 / s

[P]Throughput:      2111393.092 ops

[P]Valid Entries:   131625.847 / s

[P]mica evicted:      1.858 / s

[P]set success:     131656.497 / s

[P]get found:       1951980.722 / s

----------------------------------

[INFO]Current Time:       83.29 s

[P]indexs Load Factor:    9.1251 %

[P]log_0 Load Factor:     4.121142 %

[P]log_1 Load Factor:     4.927557 %

[P]log_2 Load Factor:     5.468735 %

[P]log_3 Load Factor:     5.468747 %

[P]Get Hit Rate:         98.9208 %

[P]rx packet:       10120.087 / s

[P]Throughput:      2070295.344 ops

[P]Valid Entries:   100514.446 / s

[P]mica evicted:      0.923 / s

[P]set success:     100530.130 / s

[P]get found:       1948880.137 / s

----------------------------------

[INFO]Current Time:       84.37 s

[P]indexs Load Factor:    9.1790 %

[P]log_0 Load Factor:     4.174663 %

[P]log_1 Load Factor:     4.991820 %

[P]log_2 Load Factor:     5.468735 %

[P]log_3 Load Factor:     5.468747 %

[P]Get Hit Rate:         101.4548 %

[P]rx packet:       9654.619 / s

[P]Throughput:      2021927.894 ops

[P]Valid Entries:   58218.959 / s

[P]set success:     58214.336 / s

[P]get found:       1992339.012 / s

----------------------------------

[INFO]Current Time:       85.45 s

[P]indexs Load Factor:    9.2327 %

[P]log_0 Load Factor:     4.228961 %

[P]log_1 Load Factor:     5.055685 %

[P]log_2 Load Factor:     5.468735 %

[P]log_3 Load Factor:     5.468747 %

[P]Get Hit Rate:         100.6139 %

[P]rx packet:       9371.894 / s

[P]Throughput:      2046587.945 ops

[P]Valid Entries:   58462.984 / s

[P]set success:     58465.757 / s

[P]get found:       2000396.578 / s

----------------------------------

[INFO]Current Time:       86.54 s

[P]indexs Load Factor:    9.2864 %

[P]log_0 Load Factor:     4.282458 %

[P]log_1 Load Factor:     5.119018 %

[P]log_2 Load Factor:     5.468735 %

[P]log_3 Load Factor:     5.468747 %

[P]Get Hit Rate:         101.5051 %

[P]rx packet:       9989.337 / s

[P]Throughput:      2016670.031 ops

[P]Valid Entries:   58241.132 / s

[P]set success:     58250.363 / s

[P]get found:       1987967.649 / s

----------------------------------

[INFO]Current Time:       87.62 s

[P]indexs Load Factor:    9.3404 %

[P]log_0 Load Factor:     4.336506 %

[P]log_1 Load Factor:     5.183406 %

[P]log_2 Load Factor:     5.468735 %

[P]log_3 Load Factor:     5.468747 %

[P]Get Hit Rate:         107.5125 %

[P]rx packet:       9798.904 / s

[P]Throughput:      1959272.704 ops

[P]Valid Entries:   58111.712 / s

[P]set success:     58117.254 / s

[P]get found:       2044084.766 / s

----------------------------------

[INFO]Current Time:       88.70 s

[P]indexs Load Factor:    9.3951 %

[P]log_0 Load Factor:     4.391687 %

[P]log_1 Load Factor:     5.248580 %

[P]log_2 Load Factor:     5.468735 %

[P]log_3 Load Factor:     5.468747 %

[P]Get Hit Rate:         102.6381 %

[P]rx packet:       10111.591 / s

[P]Throughput:      2052357.599 ops

[P]Valid Entries:   59139.609 / s

[P]mica evicted:      0.923 / s

[P]set success:     59138.686 / s

[P]get found:       2045885.369 / s

----------------------------------

[INFO]Current Time:       89.79 s

[P]indexs Load Factor:    9.4500 %

[P]log_0 Load Factor:     4.446374 %

[P]log_1 Load Factor:     5.313503 %

[P]log_2 Load Factor:     5.468735 %

[P]log_3 Load Factor:     5.468747 %

[P]Get Hit Rate:         104.6632 %

[P]rx packet:       10403.882 / s

[P]Throughput:      2036043.275 ops

[P]Valid Entries:   59454.318 / s

[P]set success:     59466.323 / s

[P]get found:       2068840.530 / s

----------------------------------

[INFO]Current Time:       90.87 s

[P]indexs Load Factor:    9.5047 %

[P]log_0 Load Factor:     4.501691 %

[P]log_1 Load Factor:     5.378637 %

[P]log_2 Load Factor:     5.468735 %

[P]log_3 Load Factor:     5.468747 %

[P]Get Hit Rate:         105.4865 %

[P]rx packet:       10682.758 / s

[P]Throughput:      2011577.475 ops

[P]Valid Entries:   59062.591 / s

[P]set success:     59064.435 / s

[P]get found:       2059712.108 / s

----------------------------------

[INFO]Current Time:       91.96 s

[P]indexs Load Factor:    9.5599 %

[P]log_0 Load Factor:     4.556900 %

[P]log_1 Load Factor:     5.443687 %

[P]log_2 Load Factor:     5.468735 %

[P]log_3 Load Factor:     5.468747 %

[P]Get Hit Rate:         103.3584 %

[P]rx packet:       10088.106 / s

[P]Throughput:      2055639.277 ops

[P]Valid Entries:   59597.824 / s

[P]set success:     59598.744 / s

[P]get found:       2063142.812 / s

----------------------------------

[INFO]Current Time:       93.05 s

[P]indexs Load Factor:    9.6036 %

[P]log_0 Load Factor:     4.617197 %

[P]log_1 Load Factor:     5.468737 %

[P]log_2 Load Factor:     5.468735 %

[P]log_3 Load Factor:     5.468747 %

[P]Get Hit Rate:         104.2011 %

[P]rx packet:       11017.056 / s

[P]Throughput:      2028814.007 ops

[P]Valid Entries:   53751.327 / s

[P]set success:     53752.245 / s

[P]get found:       2058096.665 / s

----------------------------------

[INFO]Current Time:       94.14 s
[INFO]End rx_queue_2:906221

[P]indexs Load Factor:    9.6389 %

[P]log_0 Load Factor:     4.701173 %

[P]log_1 Load Factor:     5.468737 %

[P]log_2 Load Factor:     5.468735 %

[P]log_3 Load Factor:     5.468747 %

[P]Get Hit Rate:         103.7308 %

[P]rx packet:       10360.015 / s

[P]Throughput:      2069497.288 ops

[P]Valid Entries:   35615.020 / s

[P]set success:     35615.020 / s

[P]get found:       2109762.975 / s

----------------------------------

[INFO]Current Time:       95.22 s
[INFO]End rx_queue_3:905162

[P]indexs Load Factor:    9.9580 %

[P]log_0 Load Factor:     5.376877 %

[P]log_1 Load Factor:     5.468737 %

[P]log_2 Load Factor:     5.468735 %

[P]log_3 Load Factor:     5.468747 %

[P]Get Hit Rate:         99.3849 %

[P]rx packet:       11021.069 / s

[P]Throughput:      1885290.129 ops

[P]Valid Entries:   354833.079 / s

[P]mica evicted:      1.843 / s

[P]set success:     354834.922 / s

[P]get found:       1521042.011 / s

----------------------------------
[INFO]End rx_queue_1:905174
[INFO]End rx_queue_0:905101
Finish the job......

Total Index Entries:      11634422

indexs Load Factor:     9.957987 %

log_0 Load Factor:      5.376877 %

log_1 Load Factor:      5.468737 %

log_2 Load Factor:      5.468735 %

log_3 Load Factor:      5.468747 %

Get Hit Rate:           54.844798%

Max Throughput:         2471102.11

Calc Load Factor:       9.957987%

valid count:               2886689

set request:               2886706
set_success:               2886706 | set_fail:                        0 | set_mica_evicted:                6
set_random:                      0 | set_cuckoo_evicted:              0 | set_expire_evicted:              0

get request:              55784244
get_found:                24053409 | get_notfound:             31730835 | get_hit_ratio:          43.118643%

clean up:               18446744073709551605 | test_notfound:                   0
move_to_head_performed:    2254040 | move_to_head_skipped:     21799369 | move_to_head_failed:             0


valid count:               2936006

set request:               2936013
set_success:               2936013 | set_fail:                        0 | set_mica_evicted:                3
set_random:                      0 | set_cuckoo_evicted:              0 | set_expire_evicted:              0

get request:              55784206
get_found:                28831131 | get_notfound:             26953075 | get_hit_ratio:          51.683322%

clean up:               18446744073709551612 | test_notfound:                   0
move_to_head_performed:    2692378 | move_to_head_skipped:     26138753 | move_to_head_failed:             0


valid count:               2936005

set request:               2936013
set_success:               2936013 | set_fail:                        0 | set_mica_evicted:                4
set_random:                      0 | set_cuckoo_evicted:              0 | set_expire_evicted:              0

get request:              55784239
get_found:                31094303 | get_notfound:             24689936 | get_hit_ratio:          55.740301%

clean up:               18446744073709551612 | test_notfound:                   0
move_to_head_performed:    2805752 | move_to_head_skipped:     28288551 | move_to_head_failed:             0


valid count:               2936011

set request:               2936013
set_success:               2936013 | set_fail:                        0 | set_mica_evicted:                2
set_random:                      0 | set_cuckoo_evicted:              0 | set_expire_evicted:              0

get request:              55784188
get_found:                31747500 | get_notfound:             24036688 | get_hit_ratio:          56.911288%

clean up:                        0 | test_notfound:                   0
move_to_head_performed:    2828791 | move_to_head_skipped:     28918709 | move_to_head_failed:             0


[INFO] Everything works fine.
deleting piekv......
