EAL: Detected 44 lcore(s)
EAL: Detected 1 NUMA nodes
EAL: Multi-process socket /var/run/dpdk/rte/mp_socket
EAL: Selected IOVA mode 'PA'
EAL: No available hugepages reported in hugepages-1048576kB
[INFO] 单个Log Size为:1 GB
[INFO] 运行proto
[INFO] 运行cleanup
[INFO] 运行reload
[INFO] reload kv size 8
EAL: Probing VFIO support...
EAL: VFIO support initialized
EAL: PCI device 0000:03:00.0 on NUMA socket 0
EAL:   probe driver: 15b3:1017 net_mlx5
WEN: There are 1 device(s) available
starting port 0...
querying port 0...
port 0: 100 Gbps (full-duplex)
Adding UDP filter for each endpoint.
port_id/queue_id/udp_port = 0 0 0
Flow is created with src_port = 0, dst_port = 0
port_id/queue_id/udp_port = 0 1 1
Flow is created with src_port = 0, dst_port = 1
port_id/queue_id/udp_port = 0 2 2
Flow is created with src_port = 0, dst_port = 2
port_id/queue_id/udp_port = 0 3 3
Flow is created with src_port = 0, dst_port = 3
MEM: Initializing pages...
 == [STAT] Workers Start (4 threads in total) == 
trigger:30.000000 

[INFO]Current Time:       6.37 s

[P]indexs Load Factor:    0.0442 %

[P]full bucket LFactor:   0.0000 %

[P]set request:           30036 
[P]get request:           19445 

[P]Get Hit Rate:          43.6513 %
[P]ACC Hit Rate:          43.6513 %

[P]total cuckoo num:      0 
[P]total cuckoo path:     0 
[P]total cp perset:       0.000000 / set
[P]total cp percuckoo:    -nan / cuckoo num

[P]cuckoo path / s:       0 / s
[P]cp per set * s:        0 / set * s

[P]break loop / s:        0 / s
[P]break / set :          0 %

[P]Throughput:            72365.084 ops
[P]all request:           49481 o

[P]GetThroughput:         28437.967 ops
[P]SetThroughput:         43927.117 ops

[P]Valid Entries:         42303.761 / s
[P]set success:           43622.920 / s

[P]get found:             12413.549 / s

----------------------------------

[INFO]Current Time:       7.11 s

[P]indexs Load Factor:    0.1570 %

[P]full bucket LFactor:   0.0000 %

[P]set request:           125494 
[P]get request:           85598 

[P]Get Hit Rate:          53.9446 %
[P]ACC Hit Rate:          51.6063 %

[P]total cuckoo num:      0 
[P]total cuckoo path:     0 
[P]total cp perset:       0.000000 / set
[P]total cp percuckoo:    -nan / cuckoo num

[P]cuckoo path / s:       0 / s
[P]cp per set * s:        0 / set * s

[P]break loop / s:        0 / s
[P]break / set :          0 %

[P]Throughput:            219502.000 ops
[P]all request:           211092 o

[P]GetThroughput:         89849.799 ops
[P]SetThroughput:         129652.202 ops

[P]Valid Entries:         127518.451 / s
[P]set success:           129711.963 / s

[P]get found:             48469.154 / s

----------------------------------

[INFO]Current Time:       7.85 s

[P]indexs Load Factor:    1.4329 %

[P]full bucket LFactor:   0.0000 %

[P]set request:           836808 
[P]get request:           604433 

[P]Get Hit Rate:          57.0686 %
[P]ACC Hit Rate:          56.2951 %

[P]total cuckoo num:      0 
[P]total cuckoo path:     0 
[P]total cp perset:       0.000000 / set
[P]total cp percuckoo:    -nan / cuckoo num

[P]cuckoo path / s:       0 / s
[P]cp per set * s:        0 / set * s

[P]break loop / s:        0 / s
[P]break / set :          0 %

[P]Throughput:            1663024.140 ops
[P]all request:           1441241 o

[P]GetThroughput:         701407.008 ops
[P]SetThroughput:         961617.132 ops

[P]Valid Entries:         953443.615 / s
[P]set success:           953713.992 / s

[P]get found:             400283.334 / s

----------------------------------

[INFO]Current Time:       8.58 s

[P]indexs Load Factor:    4.1183 %

[P]full bucket LFactor:   0.0002 %

[P]set request:           3149985 
[P]get request:           2430344 

[P]Get Hit Rate:          62.5987 %
[P]ACC Hit Rate:          61.0310 %

[P]total cuckoo num:      0 
[P]total cuckoo path:     0 
[P]total cp perset:       0.000000 / set
[P]total cp percuckoo:    -nan / cuckoo num

[P]cuckoo path / s:       0 / s
[P]cp per set * s:        0 / set * s

[P]break loop / s:        0 / s
[P]break / set :          0 %

[P]Throughput:            5687162.801 ops
[P]all request:           5580329 o

[P]GetThroughput:         2508826.369 ops
[P]SetThroughput:         3178336.432 ops

[P]Valid Entries:         3239991.166 / s
[P]set success:           3190460.727 / s

[P]get found:             1570493.311 / s

----------------------------------

[INFO]Current Time:       9.36 s

[P]indexs Load Factor:    6.8441 %

[P]full bucket LFactor:   0.0024 %

[P]set request:           5642946 
[P]get request:           4322363 

[P]Get Hit Rate:          68.9511 %
[P]ACC Hit Rate:          64.4978 %

[P]total cuckoo num:      0 
[P]total cuckoo path:     0 
[P]total cp perset:       0.000000 / set
[P]total cp percuckoo:    -nan / cuckoo num

[P]cuckoo path / s:       0 / s
[P]cp per set * s:        0 / set * s

[P]break loop / s:        0 / s
[P]break / set :          0 %

[P]Throughput:            5578641.653 ops
[P]all request:           9965309 o

[P]GetThroughput:         2407056.817 ops
[P]SetThroughput:         3171584.836 ops

[P]Valid Entries:         3086169.527 / s
[P]set success:           3072335.450 / s

[P]get found:             1659690.992 / s

----------------------------------

[INFO]Current Time:       10.19 s

[P]indexs Load Factor:    9.5850 %

[P]full bucket LFactor:   0.0146 %

[P]set request:           8174184 
[P]get request:           6322954 

[P]Get Hit Rate:          71.3221 %
[P]ACC Hit Rate:          66.6570 %

[P]total cuckoo num:      0 
[P]total cuckoo path:     0 
[P]total cp perset:       0.000000 / set
[P]total cp percuckoo:    -nan / cuckoo num

[P]cuckoo path / s:       0 / s
[P]cp per set * s:        0 / set * s

[P]break loop / s:        0 / s
[P]break / set :          0 %

[P]Throughput:            5446287.027 ops
[P]all request:           14497138 o

[P]GetThroughput:         2404281.541 ops
[P]SetThroughput:         3042005.487 ops

[P]Valid Entries:         2888696.096 / s
[P]set success:           2944531.057 / s

[P]get found:             1714783.467 / s

----------------------------------

[INFO]Current Time:       11.06 s

[P]indexs Load Factor:    12.3614 %

[P]full bucket LFactor:   0.0562 %

[P]set request:           10705171 
[P]get request:           8432689 

[P]Get Hit Rate:          72.6709 %
[P]ACC Hit Rate:          68.1616 %

[P]total cuckoo num:      0 
[P]total cuckoo path:     0 
[P]total cp perset:       0.000000 / set
[P]total cp percuckoo:    -nan / cuckoo num

[P]cuckoo path / s:       0 / s
[P]cp per set * s:        0 / set * s

[P]break loop / s:        0 / s
[P]break / set :          0 %

[P]Throughput:            5358084.859 ops
[P]all request:           19137860 o

[P]GetThroughput:         2435857.860 ops
[P]SetThroughput:         2922226.999 ops

[P]Valid Entries:         2911132.640 / s
[P]set success:           2877339.238 / s

[P]get found:             1770159.354 / s

----------------------------------

[INFO]Current Time:       11.95 s

[P]indexs Load Factor:    15.1650 %

[P]full bucket LFactor:   0.1531 %

[P]set request:           13282768 
[P]get request:           10608993 

[P]Get Hit Rate:          77.1995 %
[P]ACC Hit Rate:          70.0156 %

[P]total cuckoo num:      2 
[P]total cuckoo path:     0 
[P]total cp perset:       0.000000 / set
[P]total cp percuckoo:    0.000000 / cuckoo num

[P]cuckoo path / s:       0 / s
[P]cp per set * s:        0 / set * s

[P]break loop / s:        0 / s
[P]break / set :          0 %

[P]Throughput:            5360179.785 ops
[P]all request:           23891761 o

[P]GetThroughput:         2453854.362 ops
[P]SetThroughput:         2906325.422 ops

[P]Valid Entries:         2834037.033 / s
[P]set success:           2904959.980 / s

[P]get found:             1894362.389 / s

----------------------------------

[INFO]Current Time:       12.85 s

[P]indexs Load Factor:    17.9302 %

[P]full bucket LFactor:   0.3368 %

[P]set request:           15884488 
[P]get request:           12762642 

[P]Get Hit Rate:          77.5624 %
[P]ACC Hit Rate:          71.2891 %

[P]total cuckoo num:      18 
[P]total cuckoo path:     0 
[P]total cp perset:       0.000000 / set
[P]total cp percuckoo:    0.000000 / cuckoo num

[P]cuckoo path / s:       0 / s
[P]cp per set * s:        0 / set * s

[P]break loop / s:        0 / s
[P]break / set :          0 %

[P]Throughput:            5267594.789 ops
[P]all request:           28647130 o

[P]GetThroughput:         2385629.853 ops
[P]SetThroughput:         2881964.936 ops

[P]Valid Entries:         2757129.857 / s
[P]set success:           2786524.189 / s

[P]get found:             1850350.826 / s

----------------------------------

[INFO]Current Time:       13.77 s

[P]indexs Load Factor:    20.7180 %

[P]full bucket LFactor:   0.6509 %

[P]set request:           18525969 
[P]get request:           15069258 

[P]Get Hit Rate:          78.9571 %
[P]ACC Hit Rate:          72.4628 %

[P]total cuckoo num:      86 
[P]total cuckoo path:     0 
[P]total cp perset:       0.000000 / set
[P]total cp percuckoo:    0.000000 / cuckoo num

[P]cuckoo path / s:       0 / s
[P]cp per set * s:        0 / set * s

[P]break loop / s:        0 / s
[P]break / set :          0 %

[P]Throughput:            5386147.574 ops
[P]all request:           33595227 o

[P]GetThroughput:         2510818.638 ops
[P]SetThroughput:         2875328.935 ops

[P]Valid Entries:         2822289.267 / s
[P]set success:           2903020.027 / s

[P]get found:             1982470.561 / s

----------------------------------

[INFO]Current Time:       14.69 s

[P]indexs Load Factor:    23.5045 %

[P]full bucket LFactor:   1.1120 %

[P]set request:           21161454 
[P]get request:           17330191 

[P]Get Hit Rate:          78.7928 %
[P]ACC Hit Rate:          73.2886 %

[P]total cuckoo num:      314 
[P]total cuckoo path:     3 
[P]total cp perset:       0.000000 / set
[P]total cp percuckoo:    0.009554 / cuckoo num

[P]cuckoo path / s:       3.243 / s
[P]cp per set * s:        0.000001 / set * s

[P]break loop / s:        0 / s
[P]break / set :          0 %

[P]Throughput:            5292943.556 ops
[P]all request:           38491645 o

[P]GetThroughput:         2444029.646 ops
[P]SetThroughput:         2848913.909 ops

[P]Valid Entries:         2713934.832 / s
[P]set success:           2752088.120 / s

[P]get found:             1925720.021 / s

----------------------------------

[INFO]Current Time:       15.63 s

[P]indexs Load Factor:    26.3104 %

[P]full bucket LFactor:   1.7623 %

[P]set request:           23816625 
[P]get request:           19626318 

[P]Get Hit Rate:          82.4947 %
[P]ACC Hit Rate:          74.3657 %

[P]total cuckoo num:      980 
[P]total cuckoo path:     19 
[P]total cp perset:       0.000001 / set
[P]total cp percuckoo:    0.019388 / cuckoo num

[P]cuckoo path / s:       17.040 / s
[P]cp per set * s:        0.000006 / set * s

[P]break loop / s:        0 / s
[P]break / set :          0 %

[P]Throughput:            5273071.603 ops
[P]all request:           43442943 o

[P]GetThroughput:         2445347.075 ops
[P]SetThroughput:         2827724.528 ops

[P]Valid Entries:         2731371.894 / s
[P]set success:           2774810.613 / s

[P]get found:             2017281.648 / s

----------------------------------

[INFO]Current Time:       16.58 s

[P]indexs Load Factor:    29.1044 %

[P]full bucket LFactor:   2.6134 %

[P]set request:           26429637 
[P]get request:           21904604 

[P]Get Hit Rate:          82.1607 %
[P]ACC Hit Rate:          75.1764 %

[P]total cuckoo num:      2526 
[P]total cuckoo path:     52 
[P]total cp perset:       0.000002 / set
[P]total cp percuckoo:    0.020586 / cuckoo num

[P]cuckoo path / s:       34.972 / s
[P]cp per set * s:        0.000013 / set * s

[P]break loop / s:        0 / s
[P]break / set :          0 %

[P]Throughput:            5183519.023 ops
[P]all request:           48334241 o

[P]GetThroughput:         2414397.737 ops
[P]SetThroughput:         2769121.286 ops

[P]Valid Entries:         2713362.906 / s
[P]set success:           2675643.472 / s

[P]get found:             1983685.312 / s

----------------------------------

[INFO]Current Time:       17.52 s

[P]indexs Load Factor:    31.8255 %

[P]full bucket LFactor:   3.6430 %

[P]set request:           29026348 
[P]get request:           24217122 

[P]Get Hit Rate:          82.9595 %
[P]ACC Hit Rate:          75.9196 %

[P]total cuckoo num:      5703 
[P]total cuckoo path:     158 
[P]total cp perset:       0.000006 / set
[P]total cp percuckoo:    0.027705 / cuckoo num

[P]cuckoo path / s:       111.873 / s
[P]cp per set * s:        0.000042 / set * s

[P]break loop / s:        0 / s
[P]break / set :          0 %

[P]Throughput:            5181249.594 ops
[P]all request:           53243470 o

[P]GetThroughput:         2440654.724 ops
[P]SetThroughput:         2740594.870 ops

[P]Valid Entries:         2642191.604 / s
[P]set success:           2646883.957 / s

[P]get found:             2024754.565 / s

----------------------------------

[INFO]Current Time:       18.48 s

[P]indexs Load Factor:    34.5271 %

[P]full bucket LFactor:   4.8703 %

[P]set request:           31643616 
[P]get request:           26562391 

[P]Get Hit Rate:          83.6840 %
[P]ACC Hit Rate:          76.6052 %

[P]total cuckoo num:      11198 
[P]total cuckoo path:     370 
[P]total cp perset:       0.000012 / set
[P]total cp percuckoo:    0.033042 / cuckoo num

[P]cuckoo path / s:       222.148 / s
[P]cp per set * s:        0.000083 / set * s

[P]break loop / s:        0 / s
[P]break / set :          0 %

[P]Throughput:            5200087.138 ops
[P]all request:           58206007 o

[P]GetThroughput:         2457533.952 ops
[P]SetThroughput:         2742553.187 ops

[P]Valid Entries:         2636964.699 / s
[P]set success:           2686893.546 / s

[P]expire scan persec:    3589911.154 / s
[P]total expire scan:     3425917
[P]expire hit persec:     490.403 / s
[P]total expire hit:      468

[P]expire hit rate:       0.013661 %
[P]total expire hit rate: 0.013661 %

[P]get found:             2056561.758 / s

----------------------------------

[INFO]Current Time:       19.43 s

[P]indexs Load Factor:    37.2388 %

[P]full bucket LFactor:   6.2860 %

[P]set request:           34209821 
[P]get request:           28802890 

[P]Get Hit Rate:          85.6995 %
[P]ACC Hit Rate:          77.3126 %

[P]total cuckoo num:      18885 
[P]total cuckoo path:     777 
[P]total cp perset:       0.000023 / set
[P]total cp percuckoo:    0.041144 / cuckoo num

[P]cuckoo path / s:       426.887 / s
[P]cp per set * s:        0.000167 / set * s

[P]break loop / s:        0 / s
[P]break / set :          0 %

[P]Throughput:            5041565.759 ops
[P]all request:           63012711 o

[P]GetThroughput:         2349972.672 ops
[P]SetThroughput:         2691593.087 ops

[P]Valid Entries:         2541941.559 / s
[P]set success:           2551768.340 / s

[P]expire scan persec:    11617620.831 / s
[P]total expire scan:     14502330
[P]expire hit persec:     2216.244 / s
[P]total expire hit:      2581

[P]expire hit rate:       0.019077 %
[P]total expire hit rate: 0.017797 %

[P]get found:             2013914.368 / s

----------------------------------

[INFO]Current Time:       20.39 s

[P]indexs Load Factor:    39.9081 %

[P]full bucket LFactor:   7.8763 %

[P]set request:           36778120 
[P]get request:           31125799 

[P]Get Hit Rate:          84.9323 %
[P]ACC Hit Rate:          77.8813 %

[P]total cuckoo num:      31825 
[P]total cuckoo path:     1591 
[P]total cp perset:       0.000044 / set
[P]total cp percuckoo:    0.049992 / cuckoo num

[P]cuckoo path / s:       846.234 / s
[P]cp per set * s:        0.000319 / set * s

[P]break loop / s:        0 / s
[P]break / set :          0 %

[P]Throughput:            5084896.510 ops
[P]all request:           67903919 o

[P]GetThroughput:         2414894.616 ops
[P]SetThroughput:         2670001.893 ops

[P]Valid Entries:         2557871.750 / s
[P]set success:           2651137.324 / s

[P]expire scan persec:    12530352.977 / s
[P]total expire scan:     26555390
[P]expire hit persec:     3506.569 / s
[P]total expire hit:      5954

[P]expire hit rate:       0.027985 %
[P]total expire hit rate: 0.022421 %

[P]get found:             2051024.458 / s

----------------------------------

[INFO]Current Time:       21.35 s

[P]indexs Load Factor:    42.5437 %

[P]full bucket LFactor:   9.6219 %

[P]set request:           39304154 
[P]get request:           33420573 

[P]Get Hit Rate:          84.2372 %
[P]ACC Hit Rate:          78.3177 %

[P]total cuckoo num:      51088 
[P]total cuckoo path:     3048 
[P]total cp perset:       0.000079 / set
[P]total cp percuckoo:    0.059662 / cuckoo num

[P]cuckoo path / s:       1519.375 / s
[P]cp per set * s:        0.000590 / set * s

[P]break loop / s:        0 / s
[P]break / set :          0 %

[P]Throughput:            5027189.495 ops
[P]all request:           72724727 o

[P]GetThroughput:         2393014.563 ops
[P]SetThroughput:         2634174.933 ops

[P]Valid Entries:         2520222.852 / s
[P]set success:           2576005.917 / s

[P]expire scan persec:    13165951.556 / s
[P]total expire scan:     39180839
[P]expire hit persec:     5391.331 / s
[P]total expire hit:      11124

[P]expire hit rate:       0.040949 %
[P]total expire hit rate: 0.028391 %

[P]get found:             2015808.084 / s

----------------------------------

[INFO]Current Time:       22.31 s

[P]indexs Load Factor:    45.1525 %

[P]full bucket LFactor:   11.5179 %

[P]set request:           41826703 
[P]get request:           35617361 

[P]Get Hit Rate:          90.1069 %
[P]ACC Hit Rate:          79.0448 %

[P]total cuckoo num:      79577 
[P]total cuckoo path:     5798 
[P]total cp perset:       0.000142 / set
[P]total cp percuckoo:    0.072860 / cuckoo num

[P]cuckoo path / s:       2862.949 / s
[P]cp per set * s:        0.001131 / set * s

[P]break loop / s:        0 / s
[P]break / set :          0 %

[P]Throughput:            4913171.828 ops
[P]all request:           77444064 o

[P]GetThroughput:         2287015.510 ops
[P]SetThroughput:         2626156.319 ops

[P]Valid Entries:         2509110.623 / s
[P]set success:           2532409.825 / s

[P]expire scan persec:    13920552.703 / s
[P]total expire scan:     52552197
[P]expire hit persec:     7740.374 / s
[P]total expire hit:      18559

[P]expire hit rate:       0.055604 %
[P]total expire hit rate: 0.035315 %

[P]get found:             2060759.230 / s

----------------------------------

[INFO]Current Time:       23.27 s

[P]indexs Load Factor:    47.7464 %

[P]full bucket LFactor:   13.5519 %

[P]set request:           44385367 
[P]get request:           37893820 

[P]Get Hit Rate:          87.6915 %
[P]ACC Hit Rate:          79.5643 %

[P]total cuckoo num:      119725 
[P]total cuckoo path:     10372 
[P]total cp perset:       0.000239 / set
[P]total cp percuckoo:    0.086632 / cuckoo num

[P]cuckoo path / s:       4775.437 / s
[P]cp per set * s:        0.001826 / set * s

[P]break loop / s:        0 / s
[P]break / set :          0 %

[P]Throughput:            5048060.114 ops
[P]all request:           82279187 o

[P]GetThroughput:         2376713.452 ops
[P]SetThroughput:         2671346.661 ops

[P]Valid Entries:         2512621.314 / s
[P]set success:           2615910.244 / s

[P]expire scan persec:    14725717.766 / s
[P]total expire scan:     66656755
[P]expire hit persec:     10803.722 / s
[P]total expire hit:      28907

[P]expire hit rate:       0.073366 %
[P]total expire hit rate: 0.043367 %

[P]get found:             2084176.675 / s

----------------------------------

[INFO]Current Time:       24.23 s

[P]indexs Load Factor:    50.1327 %

[P]full bucket LFactor:   15.5634 %

[P]set request:           46831032 
[P]get request:           40107682 

[P]Get Hit Rate:          85.6063 %
[P]ACC Hit Rate:          79.8978 %

[P]total cuckoo num:      172015 
[P]total cuckoo path:     17638 
[P]total cp perset:       0.000385 / set
[P]total cp percuckoo:    0.102538 / cuckoo num

[P]cuckoo path / s:       7584.099 / s
[P]cp per set * s:        0.003029 / set * s

[P]break loop / s:        0 / s
[P]break / set :          0 %

[P]Throughput:            4863516.677 ops
[P]all request:           86938714 o

[P]GetThroughput:         2310782.781 ops
[P]SetThroughput:         2552733.896 ops

[P]Valid Entries:         2399732.588 / s
[P]set success:           2503569.815 / s

[P]expire scan persec:    14782497.867 / s
[P]total expire scan:     80819233
[P]expire hit persec:     14212.096 / s
[P]total expire hit:      42523

[P]expire hit rate:       0.096141 %
[P]total expire hit rate: 0.052615 %

[P]get found:             1978176.323 / s

----------------------------------

[INFO]Current Time:       25.18 s

[P]indexs Load Factor:    52.5627 %

[P]full bucket LFactor:   17.6914 %

[P]set request:           49131803 
[P]get request:           42196533 

[P]Get Hit Rate:          87.3519 %
[P]ACC Hit Rate:          80.2668 %

[P]total cuckoo num:      236767 
[P]total cuckoo path:     27897 
[P]total cp perset:       0.000581 / set
[P]total cp percuckoo:    0.117825 / cuckoo num

[P]cuckoo path / s:       10760.664 / s
[P]cp per set * s:        0.004613 / set * s

[P]break loop / s:        0 / s
[P]break / set :          0 %

[P]Throughput:            4604273.848 ops
[P]all request:           91328336 o

[P]GetThroughput:         2190995.496 ops
[P]SetThroughput:         2413278.352 ops

[P]Valid Entries:         2301711.071 / s
[P]set success:           2332643.127 / s

[P]expire scan persec:    14812310.866 / s
[P]total expire scan:     94940992
[P]expire hit persec:     17907.867 / s
[P]total expire hit:      59596

[P]expire hit rate:       0.120899 %
[P]total expire hit rate: 0.062772 %

[P]get found:             1913875.107 / s

----------------------------------

[INFO]Current Time:       26.13 s

[P]indexs Load Factor:    54.9867 %

[P]full bucket LFactor:   19.9440 %

[P]set request:           51506100 
[P]get request:           44386168 

[P]Get Hit Rate:          84.6658 %
[P]ACC Hit Rate:          80.4838 %

[P]total cuckoo num:      312524 
[P]total cuckoo path:     41835 
[P]total cp perset:       0.000832 / set
[P]total cp percuckoo:    0.133862 / cuckoo num

[P]cuckoo path / s:       14667.025 / s
[P]cp per set * s:        0.006112 / set * s

[P]break loop / s:        0 / s
[P]break / set :          0 %

[P]Throughput:            4802647.743 ops
[P]all request:           95892268 o

[P]GetThroughput:         2304163.513 ops
[P]SetThroughput:         2498484.230 ops

[P]Valid Entries:         2377673.320 / s
[P]set success:           2399799.082 / s

[P]expire scan persec:    15576014.232 / s
[P]total expire scan:     109742800
[P]expire hit persec:     34085.206 / s
[P]total expire hit:      91987

[P]expire hit rate:       0.218831 %
[P]total expire hit rate: 0.083821 %

[P]get found:             1950839.535 / s

----------------------------------

[INFO]Current Time:       27.08 s

[P]indexs Load Factor:    57.3835 %

[P]full bucket LFactor:   22.2910 %

[P]set request:           53858333 
[P]get request:           46542863 

[P]Get Hit Rate:          85.8069 %
[P]ACC Hit Rate:          80.7304 %

[P]total cuckoo num:      377093 
[P]total cuckoo path:     56018 
[P]total cp perset:       0.001064 / set
[P]total cp percuckoo:    0.148552 / cuckoo num

[P]cuckoo path / s:       14954.863 / s
[P]cp per set * s:        0.006107 / set * s

[P]break loop / s:        0 / s
[P]break / set :          0 %

[P]Throughput:            4754311.590 ops
[P]all request:           100401196 o

[P]GetThroughput:         2274066.038 ops
[P]SetThroughput:         2480245.552 ops

[P]Valid Entries:         2363081.374 / s
[P]set success:           2448890.213 / s

[P]expire scan persec:    14987007.215 / s
[P]total expire scan:     123956285
[P]expire hit persec:     77652.887 / s
[P]total expire hit:      165632

[P]expire hit rate:       0.518135 %
[P]total expire hit rate: 0.133621 %

[P]get found:             1951305.443 / s

----------------------------------

[INFO]Current Time:       28.02 s

[P]indexs Load Factor:    59.7566 %

[P]full bucket LFactor:   24.7051 %

[P]set request:           56296088 
[P]get request:           48668673 

[P]Get Hit Rate:          88.6613 %
[P]ACC Hit Rate:          81.0769 %

[P]total cuckoo num:      429327 
[P]total cuckoo path:     70072 
[P]total cp perset:       0.001274 / set
[P]total cp percuckoo:    0.163214 / cuckoo num

[P]cuckoo path / s:       14921.871 / s
[P]cp per set * s:        0.005926 / set * s

[P]break loop / s:        0 / s
[P]break / set :          0 %

[P]Throughput:            4845377.074 ops
[P]all request:           104964761 o

[P]GetThroughput:         2257084.327 ops
[P]SetThroughput:         2588292.747 ops

[P]Valid Entries:         2353922.536 / s
[P]set success:           2518205.395 / s

[P]expire scan persec:    14379690.469 / s
[P]total expire scan:     137499638
[P]expire hit persec:     128887.212 / s
[P]total expire hit:      287023

[P]expire hit rate:       0.896314 %
[P]total expire hit rate: 0.208745 %

[P]get found:             2001160.539 / s

----------------------------------

[INFO]Current Time:       28.96 s

[P]indexs Load Factor:    62.1005 %

[P]full bucket LFactor:   27.1977 %

[P]set request:           58751750 
[P]get request:           50865007 

[P]Get Hit Rate:          85.4955 %
[P]ACC Hit Rate:          81.2677 %

[P]total cuckoo num:      470009 
[P]total cuckoo path:     83114 
[P]total cp perset:       0.001449 / set
[P]total cp percuckoo:    0.176835 / cuckoo num

[P]cuckoo path / s:       13922.949 / s
[P]cp per set * s:        0.005538 / set * s

[P]break loop / s:        0 / s
[P]break / set :          0 %

[P]Throughput:            4966224.899 ops
[P]all request:           109616757 o

[P]GetThroughput:         2344690.021 ops
[P]SetThroughput:         2621534.878 ops

[P]Valid Entries:         2339034.156 / s
[P]set success:           2513933.602 / s

[P]expire scan persec:    13837409.031 / s
[P]total expire scan:     150461510
[P]expire hit persec:     180533.960 / s
[P]total expire hit:      456134

[P]expire hit rate:       1.304680 %
[P]total expire hit rate: 0.303157 %

[P]get found:             2004604.739 / s

----------------------------------

[INFO]Current Time:       29.89 s

[P]indexs Load Factor:    64.3433 %

[P]full bucket LFactor:   29.6616 %

[P]set request:           61161752 
[P]get request:           52976182 

[P]Get Hit Rate:          83.6024 %
[P]ACC Hit Rate:          81.3607 %

[P]total cuckoo num:      500905 
[P]total cuckoo path:     95196 
[P]total cp perset:       0.001595 / set
[P]total cp percuckoo:    0.190048 / cuckoo num

[P]cuckoo path / s:       12989.316 / s
[P]cp per set * s:        0.005160 / set * s

[P]break loop / s:        0 / s
[P]break / set :          0 %

[P]Throughput:            4860701.478 ops
[P]all request:           114137934 o

[P]GetThroughput:         2269716.811 ops
[P]SetThroughput:         2590984.667 ops

[P]Valid Entries:         2264202.641 / s
[P]set success:           2517279.278 / s

[P]expire scan persec:    13066505.448 / s
[P]total expire scan:     162615308
[P]expire hit persec:     240785.058 / s
[P]total expire hit:      680100

[P]expire hit rate:       1.842766 %
[P]total expire hit rate: 0.418226 %

[P]get found:             1897536.686 / s

----------------------------------

[INFO]Current Time:       30.82 s

[P]indexs Load Factor:    66.5606 %

[P]full bucket LFactor:   32.1832 %

[P]set request:           63572182 
[P]get request:           55146278 

[P]Get Hit Rate:          83.5446 %
[P]ACC Hit Rate:          81.4466 %

[P]total cuckoo num:      525372 
[P]total cuckoo path:     106593 
[P]total cp perset:       0.001718 / set
[P]total cp percuckoo:    0.202891 / cuckoo num

[P]cuckoo path / s:       12253.666 / s
[P]cp per set * s:        0.004863 / set * s

[P]break loop / s:        0 / s
[P]break / set :          0 %

[P]Throughput:            4924825.490 ops
[P]all request:           118718460 o

[P]GetThroughput:         2333213.281 ops
[P]SetThroughput:         2591612.209 ops

[P]Valid Entries:         2251205.000 / s
[P]set success:           2519523.409 / s

[P]expire scan persec:    12783780.950 / s
[P]total expire scan:     174505362
[P]expire hit persec:     304337.543 / s
[P]total expire hit:      963161

[P]expire hit rate:       2.380654 %
[P]total expire hit rate: 0.551938 %

[P]get found:             1949273.678 / s

----------------------------------

[INFO]Current Time:       31.73 s

[P]indexs Load Factor:    68.6982 %

[P]full bucket LFactor:   34.6885 %

[P]set request:           65927777 
[P]get request:           57227557 

[P]Get Hit Rate:          84.2246 %
[P]ACC Hit Rate:          81.5477 %

[P]total cuckoo num:      544015 
[P]total cuckoo path:     116741 
[P]total cp perset:       0.001814 / set
[P]total cp percuckoo:    0.214592 / cuckoo num

[P]cuckoo path / s:       11085.633 / s
[P]cp per set * s:        0.004360 / set * s

[P]break loop / s:        0 / s
[P]break / set :          0 %

[P]Throughput:            4846822.610 ops
[P]all request:           123155334 o

[P]GetThroughput:         2273580.479 ops
[P]SetThroughput:         2573242.131 ops

[P]Valid Entries:         2185960.503 / s
[P]set success:           2542343.715 / s

[P]expire scan persec:    12302831.543 / s
[P]total expire scan:     185767609
[P]expire hit persec:     363940.407 / s
[P]total expire hit:      1296319

[P]expire hit rate:       2.958184 %
[P]total expire hit rate: 0.697818 %

[P]get found:             1914914.160 / s

----------------------------------

[INFO]Current Time:       32.65 s

[P]indexs Load Factor:    70.7946 %

[P]full bucket LFactor:   37.2175 %

[P]set request:           68364030 
[P]get request:           59339681 

[P]Get Hit Rate:          83.7886 %
[P]ACC Hit Rate:          81.6274 %

[P]total cuckoo num:      559127 
[P]total cuckoo path:     126294 
[P]total cp perset:       0.001891 / set
[P]total cp percuckoo:    0.225877 / cuckoo num

[P]cuckoo path / s:       10446.638 / s
[P]cp per set * s:        0.003970 / set * s

[P]break loop / s:        0 / s
[P]break / set :          0 %

[P]Throughput:            4973856.370 ops
[P]all request:           127703711 o

[P]GetThroughput:         2309703.310 ops
[P]SetThroughput:         2664153.060 ops

[P]Valid Entries:         2172136.402 / s
[P]set success:           2631076.595 / s

[P]expire scan persec:    12209257.407 / s
[P]total expire scan:     196932448
[P]expire hit persec:     435166.517 / s
[P]total expire hit:      1694260

[P]expire hit rate:       3.564234 %
[P]total expire hit rate: 0.860325 %

[P]get found:             1935269.019 / s

----------------------------------

[INFO]Current Time:       33.56 s

[P]indexs Load Factor:    72.8051 %

[P]full bucket LFactor:   39.7256 %

[P]set request:           70700859 
[P]get request:           61424053 

[P]Get Hit Rate:          84.8844 %
[P]ACC Hit Rate:          81.7379 %

[P]total cuckoo num:      570967 
[P]total cuckoo path:     134530 
[P]total cp perset:       0.001945 / set
[P]total cp percuckoo:    0.235618 / cuckoo num

[P]cuckoo path / s:       9059.359 / s
[P]cp per set * s:        0.003456 / set * s

[P]break loop / s:        0 / s
[P]break / set :          0 %

[P]Throughput:            4863191.819 ops
[P]all request:           132124912 o

[P]GetThroughput:         2292748.250 ops
[P]SetThroughput:         2570443.568 ops

[P]Valid Entries:         2103288.187 / s
[P]set success:           2621433.813 / s

[P]expire scan persec:    11914321.174 / s
[P]total expire scan:     207763937
[P]expire hit persec:     502539.241 / s
[P]total expire hit:      2151126

[P]expire hit rate:       4.217943 %
[P]total expire hit rate: 1.035370 %

[P]get found:             1946184.863 / s

----------------------------------

[INFO]Current Time:       34.46 s

[P]indexs Load Factor:    74.7254 %

[P]full bucket LFactor:   42.1613 %

[P]set request:           73052500 
[P]get request:           63449006 

[P]Get Hit Rate:          83.2276 %
[P]ACC Hit Rate:          81.7855 %

[P]total cuckoo num:      580571 
[P]total cuckoo path:     142277 
[P]total cp perset:       0.001990 / set
[P]total cp percuckoo:    0.245064 / cuckoo num

[P]cuckoo path / s:       8617.093 / s
[P]cp per set * s:        0.003329 / set * s

[P]break loop / s:        0 / s
[P]break / set :          0 %

[P]Throughput:            4868144.637 ops
[P]all request:           136501506 o

[P]GetThroughput:         2252382.580 ops
[P]SetThroughput:         2615762.057 ops

[P]Valid Entries:         2015007.091 / s
[P]set success:           2588518.162 / s

[P]expire scan persec:    11594908.423 / s
[P]total expire scan:     218188074
[P]expire hit persec:     567131.953 / s
[P]total expire hit:      2660993

[P]expire hit rate:       4.891215 %
[P]total expire hit rate: 1.219587 %

[P]get found:             1874604.206 / s

----------------------------------

[INFO]Current Time:       35.35 s

[P]indexs Load Factor:    76.6087 %

[P]full bucket LFactor:   44.6388 %

[P]set request:           75372629 
[P]get request:           65509723 

[P]Get Hit Rate:          84.2492 %
[P]ACC Hit Rate:          81.8630 %

[P]total cuckoo num:      588802 
[P]total cuckoo path:     149538 
[P]total cp perset:       0.002025 / set
[P]total cp percuckoo:    0.253970 / cuckoo num

[P]cuckoo path / s:       8091.667 / s
[P]cp per set * s:        0.003060 / set * s

[P]break loop / s:        0 / s
[P]break / set :          0 %

[P]Throughput:            4882019.907 ops
[P]all request:           140882352 o

[P]GetThroughput:         2296465.435 ops
[P]SetThroughput:         2585554.471 ops

[P]Valid Entries:         1992202.713 / s
[P]set success:           2644019.300 / s

[P]expire scan persec:    11680767.478 / s
[P]total expire scan:     228669728
[P]expire hit persec:     642617.206 / s
[P]total expire hit:      3237641

[P]expire hit rate:       5.501498 %
[P]total expire hit rate: 1.415859 %

[P]get found:             1934754.218 / s

----------------------------------

[INFO]Current Time:       36.24 s

[P]indexs Load Factor:    78.4025 %

[P]full bucket LFactor:   47.0662 %

[P]set request:           77686612 
[P]get request:           67558294 

[P]Get Hit Rate:          78.4750 %
[P]ACC Hit Rate:          81.7603 %

[P]total cuckoo num:      595796 
[P]total cuckoo path:     156401 
[P]total cp perset:       0.002053 / set
[P]total cp percuckoo:    0.262508 / cuckoo num

[P]cuckoo path / s:       7739.097 / s
[P]cp per set * s:        0.002946 / set * s

[P]break loop / s:        0 / s
[P]break / set :          0 %

[P]Throughput:            4919457.250 ops
[P]all request:           145244907 o

[P]GetThroughput:         2310081.468 ops
[P]SetThroughput:         2609374.655 ops

[P]Valid Entries:         1941108.220 / s
[P]set success:           2627401.349 / s

[P]expire scan persec:    11713488.816 / s
[P]total expire scan:     239057203
[P]expire hit persec:     738473.112 / s
[P]total expire hit:      3892516

[P]expire hit rate:       6.304468 %
[P]total expire hit rate: 1.628278 %

[P]get found:             1812836.328 / s

----------------------------------

[INFO]Current Time:       37.12 s

[P]indexs Load Factor:    80.1002 %

[P]full bucket LFactor:   49.4318 %

[P]set request:           80027715 
[P]get request:           69598125 

[P]Get Hit Rate:          82.0954 %
[P]ACC Hit Rate:          81.7701 %

[P]total cuckoo num:      601914 
[P]total cuckoo path:     162838 
[P]total cp perset:       0.002073 / set
[P]total cp percuckoo:    0.270534 / cuckoo num

[P]cuckoo path / s:       7295.928 / s
[P]cp per set * s:        0.002729 / set * s

[P]break loop / s:        0 / s
[P]break / set :          0 %

[P]Throughput:            4965507.507 ops
[P]all request:           149625840 o

[P]GetThroughput:         2312018.044 ops
[P]SetThroughput:         2653490.597 ops

[P]Valid Entries:         1870150.256 / s
[P]set success:           2673596.619 / s

[P]expire scan persec:    11659843.927 / s
[P]total expire scan:     249344368
[P]expire hit persec:     820379.898 / s
[P]total expire hit:      4616315

[P]expire hit rate:       7.035942 %
[P]total expire hit rate: 1.851381 %

[P]get found:             1898059.986 / s

----------------------------------

[INFO]Current Time:       37.99 s

[P]indexs Load Factor:    81.6620 %

[P]full bucket LFactor:   51.6710 %

[P]set request:           82193397 
[P]get request:           71572589 

[P]Get Hit Rate:          77.8908 %
[P]ACC Hit Rate:          81.6631 %

[P]total cuckoo num:      607141 
[P]total cuckoo path:     168904 
[P]total cp perset:       0.002090 / set
[P]total cp percuckoo:    0.278196 / cuckoo num

[P]cuckoo path / s:       7018.526 / s
[P]cp per set * s:        0.002680 / set * s

[P]break loop / s:        0 / s
[P]break / set :          0 %

[P]Throughput:            4790260.858 ops
[P]all request:           153765986 o

[P]GetThroughput:         2284508.231 ops
[P]SetThroughput:         2505752.627 ops

[P]Valid Entries:         1727686.656 / s
[P]set success:           2619017.475 / s

[P]expire scan persec:    11402320.951 / s
[P]total expire scan:     259199212
[P]expire hit persec:     883867.995 / s
[P]total expire hit:      5380228

[P]expire hit rate:       7.751650 %
[P]total expire hit rate: 2.075712 %

[P]get found:             1779420.805 / s

----------------------------------

[INFO]Current Time:       38.86 s

[P]indexs Load Factor:    83.1870 %

[P]full bucket LFactor:   53.9292 %

[P]set request:           84442429 
[P]get request:           73517696 

[P]Get Hit Rate:          83.2264 %
[P]ACC Hit Rate:          81.7044 %

[P]total cuckoo num:      611927 
[P]total cuckoo path:     175187 
[P]total cp perset:       0.002108 / set
[P]total cp percuckoo:    0.286287 / cuckoo num

[P]cuckoo path / s:       7235.329 / s
[P]cp per set * s:        0.002763 / set * s

[P]break loop / s:        0 / s
[P]break / set :          0 %

[P]Throughput:            4829854.473 ops
[P]all request:           157960125 o

[P]GetThroughput:         2239931.424 ops
[P]SetThroughput:         2589923.048 ops

[P]Valid Entries:         1681932.439 / s
[P]set success:           2618972.612 / s

[P]expire scan persec:    11365552.633 / s
[P]total expire scan:     269068807
[P]expire hit persec:     962296.457 / s
[P]total expire hit:      6215865

[P]expire hit rate:       8.466781 %
[P]total expire hit rate: 2.310140 %

[P]get found:             1864214.826 / s

----------------------------------

[INFO]Current Time:       39.72 s

[P]indexs Load Factor:    84.5960 %

[P]full bucket LFactor:   56.0684 %

[P]set request:           86666848 
[P]get request:           75438018 

[P]Get Hit Rate:          83.0108 %
[P]ACC Hit Rate:          81.7377 %

[P]total cuckoo num:      616383 
[P]total cuckoo path:     181411 
[P]total cp perset:       0.002129 / set
[P]total cp percuckoo:    0.294315 / cuckoo num

[P]cuckoo path / s:       7229.568 / s
[P]cp per set * s:        0.002909 / set * s

[P]break loop / s:        0 / s
[P]break / set :          0 %

[P]Throughput:            4814377.677 ops
[P]all request:           162104866 o

[P]GetThroughput:         2230574.931 ops
[P]SetThroughput:         2583802.746 ops

[P]Valid Entries:         1603752.573 / s
[P]set success:           2485225.543 / s

[P]expire scan persec:    11354334.975 / s
[P]total expire scan:     278843856
[P]expire hit persec:     1040712.799 / s
[P]total expire hit:      7111824

[P]expire hit rate:       9.165775 %
[P]total expire hit rate: 2.550468 %

[P]get found:             1851618.496 / s

----------------------------------

[INFO]Current Time:       40.57 s

[P]indexs Load Factor:    85.9097 %

[P]full bucket LFactor:   58.1348 %

[P]set request:           88813661 
[P]get request:           77352376 

[P]Get Hit Rate:          80.0236 %
[P]ACC Hit Rate:          81.6953 %

[P]total cuckoo num:      620349 
[P]total cuckoo path:     187446 
[P]total cp perset:       0.002145 / set
[P]total cp percuckoo:    0.302162 / cuckoo num

[P]cuckoo path / s:       7051.336 / s
[P]cp per set * s:        0.002774 / set * s

[P]break loop / s:        0 / s
[P]break / set :          0 %

[P]Throughput:            4745100.378 ops
[P]all request:           166166037 o

[P]GetThroughput:         2236749.172 ops
[P]SetThroughput:         2508351.207 ops

[P]Valid Entries:         1509405.336 / s
[P]set success:           2542098.304 / s

[P]expire scan persec:    11274894.452 / s
[P]total expire scan:     288493657
[P]expire hit persec:     1112060.515 / s
[P]total expire hit:      8063599

[P]expire hit rate:       9.863157 %
[P]total expire hit rate: 2.795070 %

[P]get found:             1789928.158 / s

----------------------------------

[INFO]Current Time:       41.42 s

[P]indexs Load Factor:    87.1873 %

[P]full bucket LFactor:   60.1988 %

[P]set request:           90994324 
[P]get request:           79259399 

[P]Get Hit Rate:          81.2603 %
[P]ACC Hit Rate:          81.6848 %

[P]total cuckoo num:      624099 
[P]total cuckoo path:     193526 
[P]total cp perset:       0.002159 / set
[P]total cp percuckoo:    0.310089 / cuckoo num

[P]cuckoo path / s:       7186.822 / s
[P]cp per set * s:        0.002748 / set * s

[P]break loop / s:        0 / s
[P]break / set :          0 %

[P]Throughput:            4831822.425 ops
[P]all request:           170253724 o

[P]GetThroughput:         2254183.478 ops
[P]SetThroughput:         2577637.766 ops

[P]Valid Entries:         1450573.805 / s
[P]set success:           2615453.690 / s

[P]expire scan persec:    11412958.785 / s
[P]total expire scan:     298148938
[P]expire hit persec:     1200848.276 / s
[P]total expire hit:      9079508

[P]expire hit rate:       10.521796 %
[P]total expire hit rate: 3.045293 %

[P]get found:             1831756.716 / s

----------------------------------

[INFO]Current Time:       42.26 s

[P]indexs Load Factor:    88.3844 %

[P]full bucket LFactor:   62.1972 %

[P]set request:           93215997 
[P]get request:           81199500 

[P]Get Hit Rate:          75.5233 %
[P]ACC Hit Rate:          81.5376 %

[P]total cuckoo num:      627676 
[P]total cuckoo path:     200210 
[P]total cp perset:       0.002179 / set
[P]total cp percuckoo:    0.318970 / cuckoo num

[P]cuckoo path / s:       7930.876 / s
[P]cp per set * s:        0.002960 / set * s

[P]break loop / s:        0 / s
[P]break / set :          0 %

[P]Throughput:            4938136.907 ops
[P]all request:           174415497 o

[P]GetThroughput:         2302019.921 ops
[P]SetThroughput:         2636118.173 ops

[P]Valid Entries:         1400961.306 / s
[P]set success:           2679507.803 / s

[P]expire scan persec:    11666113.847 / s
[P]total expire scan:     307980929
[P]expire hit persec:     1313871.171 / s
[P]total expire hit:      10186815

[P]expire hit rate:       11.262287 %
[P]total expire hit rate: 3.307612 %

[P]get found:             1738562.243 / s

----------------------------------

[INFO]Current Time:       43.10 s

[P]indexs Load Factor:    89.4989 %

[P]full bucket LFactor:   64.1220 %

[P]set request:           95462847 
[P]get request:           83091445 

[P]Get Hit Rate:          82.2306 %
[P]ACC Hit Rate:          81.5534 %

[P]total cuckoo num:      630958 
[P]total cuckoo path:     206799 
[P]total cp perset:       0.002197 / set
[P]total cp percuckoo:    0.327754 / cuckoo num

[P]cuckoo path / s:       7875.493 / s
[P]cp per set * s:        0.002930 / set * s

[P]break loop / s:        0 / s
[P]break / set :          0 %

[P]Throughput:            4946888.653 ops
[P]all request:           178554292 o

[P]GetThroughput:         2261344.486 ops
[P]SetThroughput:         2685544.167 ops

[P]Valid Entries:         1321905.435 / s
[P]set success:           2687545.013 / s

[P]expire scan persec:    11704152.131 / s
[P]total expire scan:     317773162
[P]expire hit persec:     1399624.080 / s
[P]total expire hit:      11357805

[P]expire hit rate:       11.958355 %
[P]total expire hit rate: 3.574186 %

[P]get found:             1859516.272 / s

----------------------------------

[INFO]Current Time:       43.93 s

[P]indexs Load Factor:    90.5312 %

[P]full bucket LFactor:   65.9624 %

[P]set request:           97621033 
[P]get request:           85003620 

[P]Get Hit Rate:          79.2719 %
[P]ACC Hit Rate:          81.5020 %

[P]total cuckoo num:      633967 
[P]total cuckoo path:     213361 
[P]total cp perset:       0.002216 / set
[P]total cp percuckoo:    0.336549 / cuckoo num

[P]cuckoo path / s:       7879.435 / s
[P]cp per set * s:        0.003035 / set * s

[P]break loop / s:        0 / s
[P]break / set :          0 %

[P]Throughput:            4887556.162 ops
[P]all request:           182624653 o

[P]GetThroughput:         2296077.106 ops
[P]SetThroughput:         2591479.056 ops

[P]Valid Entries:         1239818.597 / s
[P]set success:           2596373.383 / s

[P]expire scan persec:    11700543.800 / s
[P]total expire scan:     327517385
[P]expire hit persec:     1482606.529 / s
[P]total expire hit:      12592521

[P]expire hit rate:       12.671262 %
[P]total expire hit rate: 3.844840 %

[P]get found:             1820144.603 / s

----------------------------------

[INFO]Current Time:       44.75 s

[P]indexs Load Factor:    91.4835 %

[P]full bucket LFactor:   67.7142 %

[P]set request:           99829397 
[P]get request:           86889791 

[P]Get Hit Rate:          80.4712 %
[P]ACC Hit Rate:          81.4797 %

[P]total cuckoo num:      636685 
[P]total cuckoo path:     220127 
[P]total cp perset:       0.002236 / set
[P]total cp percuckoo:    0.345739 / cuckoo num

[P]cuckoo path / s:       8215.621 / s
[P]cp per set * s:        0.003106 / set * s

[P]break loop / s:        0 / s
[P]break / set :          0 %

[P]Throughput:            4971794.864 ops
[P]all request:           186719190 o

[P]GetThroughput:         2290284.662 ops
[P]SetThroughput:         2681507.773 ops

[P]Valid Entries:         1156362.616 / s
[P]set success:           2644850.756 / s

[P]expire scan persec:    11696631.549 / s
[P]total expire scan:     337150182
[P]expire hit persec:     1540088.942 / s
[P]total expire hit:      13860866

[P]expire hit rate:       13.166944 %
[P]total expire hit rate: 4.111184 %

[P]get found:             1843019.020 / s

----------------------------------

[INFO]Current Time:       45.57 s

[P]indexs Load Factor:    92.3559 %

[P]full bucket LFactor:   69.3704 %

[P]set request:           102026643 
[P]get request:           88698800 

[P]Get Hit Rate:          83.1785 %
[P]ACC Hit Rate:          81.5143 %

[P]total cuckoo num:      639312 
[P]total cuckoo path:     227022 
[P]total cp perset:       0.002255 / set
[P]total cp percuckoo:    0.355104 / cuckoo num

[P]cuckoo path / s:       8418.443 / s
[P]cp per set * s:        0.003120 / set * s

[P]break loop / s:        0 / s
[P]break / set :          0 %

[P]Throughput:            4891430.451 ops
[P]all request:           190725443 o

[P]GetThroughput:         2208707.665 ops
[P]SetThroughput:         2682725.228 ops

[P]Valid Entries:         1079388.479 / s
[P]set success:           2697846.681 / s

[P]expire scan persec:    11723316.312 / s
[P]total expire scan:     346751989
[P]expire hit persec:     1645264.137 / s
[P]total expire hit:      15208395

[P]expire hit rate:       14.034119 %
[P]total expire hit rate: 4.385958 %

[P]get found:             1837169.232 / s

----------------------------------

[INFO]Current Time:       46.38 s

[P]indexs Load Factor:    93.1578 %

[P]full bucket LFactor:   70.9407 %

[P]set request:           104152161 
[P]get request:           90540989 

[P]Get Hit Rate:          74.4105 %
[P]ACC Hit Rate:          81.3698 %

[P]total cuckoo num:      641897 
[P]total cuckoo path:     234847 
[P]total cp perset:       0.002283 / set
[P]total cp percuckoo:    0.365864 / cuckoo num

[P]cuckoo path / s:       9652.866 / s
[P]cp per set * s:        0.003592 / set * s

[P]break loop / s:        0 / s
[P]break / set :          0 %

[P]Throughput:            4894535.832 ops
[P]all request:           194693150 o

[P]GetThroughput:         2272511.572 ops
[P]SetThroughput:         2622024.261 ops

[P]Valid Entries:         994832.359 / s
[P]set success:           2686961.833 / s

[P]expire scan persec:    11661899.083 / s
[P]total expire scan:     356205592
[P]expire hit persec:     1684674.871 / s
[P]total expire hit:      16574060

[P]expire hit rate:       14.445974 %
[P]total expire hit rate: 4.652948 %

[P]get found:             1690987.166 / s

----------------------------------

[INFO]Current Time:       47.19 s

[P]indexs Load Factor:    93.8812 %

[P]full bucket LFactor:   72.3998 %

[P]set request:           106302375 
[P]get request:           92335581 

[P]Get Hit Rate:          79.9626 %
[P]ACC Hit Rate:          81.3424 %

[P]total cuckoo num:      644300 
[P]total cuckoo path:     243035 
[P]total cp perset:       0.002315 / set
[P]total cp percuckoo:    0.377208 / cuckoo num

[P]cuckoo path / s:       10150.486 / s
[P]cp per set * s:        0.003845 / set * s

[P]break loop / s:        0 / s
[P]break / set :          0 %

[P]Throughput:            4890290.389 ops
[P]all request:           198637956 o

[P]GetThroughput:         2224716.756 ops
[P]SetThroughput:         2665573.632 ops

[P]Valid Entries:         918384.675 / s
[P]set success:           2640165.186 / s

[P]expire scan persec:    11673697.225 / s
[P]total expire scan:     365622307
[P]expire hit persec:     1785754.109 / s
[P]total expire hit:      18014558

[P]expire hit rate:       15.297245 %
[P]total expire hit rate: 4.927095 %

[P]get found:             1778940.837 / s

----------------------------------

[INFO]Current Time:       47.99 s

[P]indexs Load Factor:    94.5370 %

[P]full bucket LFactor:   73.7586 %

[P]set request:           108356850 
[P]get request:           94112668 

[P]Get Hit Rate:          79.7527 %
[P]ACC Hit Rate:          81.3124 %

[P]total cuckoo num:      646632 
[P]total cuckoo path:     251579 
[P]total cp perset:       0.002351 / set
[P]total cp percuckoo:    0.389061 / cuckoo num

[P]cuckoo path / s:       10642.618 / s
[P]cp per set * s:        0.004189 / set * s

[P]break loop / s:        0 / s
[P]break / set :          0 %

[P]Throughput:            4772688.707 ops
[P]all request:           202469518 o

[P]GetThroughput:         2213583.666 ops
[P]SetThroughput:         2559105.042 ops

[P]Valid Entries:         829461.564 / s
[P]set success:           2540886.533 / s

[P]expire scan persec:    11436481.272 / s
[P]total expire scan:     374803628
[P]expire hit persec:     1751413.262 / s
[P]total expire hit:      19420610

[P]expire hit rate:       15.314267 %
[P]total expire hit rate: 5.181543 %

[P]get found:             1765391.664 / s

----------------------------------

[INFO]Current Time:       48.80 s

[P]indexs Load Factor:    95.1373 %

[P]full bucket LFactor:   75.0406 %

[P]set request:           110430994 
[P]get request:           95809296 

[P]Get Hit Rate:          84.1533 %
[P]ACC Hit Rate:          81.3627 %

[P]total cuckoo num:      648924 
[P]total cuckoo path:     260545 
[P]total cp perset:       0.002388 / set
[P]total cp percuckoo:    0.401503 / cuckoo num

[P]cuckoo path / s:       11179.118 / s
[P]cp per set * s:        0.004273 / set * s

[P]break loop / s:        0 / s
[P]break / set :          0 %

[P]Throughput:            4701528.758 ops
[P]all request:           206240290 o

[P]GetThroughput:         2115414.385 ops
[P]SetThroughput:         2586114.372 ops

[P]Valid Entries:         768455.296 / s
[P]set success:           2616361.331 / s

[P]expire scan persec:    11625450.304 / s
[P]total expire scan:     384127600
[P]expire hit persec:     1898739.480 / s
[P]total expire hit:      20943458

[P]expire hit rate:       16.332610 %
[P]total expire hit rate: 5.452214 %

[P]get found:             1780191.699 / s

----------------------------------

[INFO]Current Time:       49.59 s

[P]indexs Load Factor:    95.6796 %

[P]full bucket LFactor:   76.2307 %

[P]set request:           112482136 
[P]get request:           97578040 

[P]Get Hit Rate:          76.5915 %
[P]ACC Hit Rate:          81.2762 %

[P]total cuckoo num:      651328 
[P]total cuckoo path:     271147 
[P]total cp perset:       0.002438 / set
[P]total cp percuckoo:    0.416299 / cuckoo num

[P]cuckoo path / s:       13358.852 / s
[P]cp per set * s:        0.005108 / set * s

[P]break loop / s:        0 / s
[P]break / set :          0 %

[P]Throughput:            4813175.935 ops
[P]all request:           210060176 o

[P]GetThroughput:         2228672.807 ops
[P]SetThroughput:         2584503.127 ops

[P]Valid Entries:         703467.916 / s
[P]set success:           2615463.357 / s

[P]expire scan persec:    11727808.136 / s
[P]total expire scan:     393435153
[P]expire hit persec:     1958810.643 / s
[P]total expire hit:      22498031

[P]expire hit rate:       16.702274 %
[P]total expire hit rate: 5.718358 %

[P]get found:             1706974.487 / s

----------------------------------

[INFO]Current Time:       50.38 s

[P]indexs Load Factor:    96.1630 %

[P]full bucket LFactor:   77.3197 %

[P]set request:           114484882 
[P]get request:           99273929 

[P]Get Hit Rate:          80.8885 %
[P]ACC Hit Rate:          81.2696 %

[P]total cuckoo num:      653732 
[P]total cuckoo path:     282403 
[P]total cp perset:       0.002494 / set
[P]total cp percuckoo:    0.431986 / cuckoo num

[P]cuckoo path / s:       14253.785 / s
[P]cp per set * s:        0.005542 / set * s

[P]break loop / s:        0 / s
[P]break / set :          0 %

[P]Throughput:            4683683.936 ops
[P]all request:           213758811 o

[P]GetThroughput:         2147551.209 ops
[P]SetThroughput:         2536132.727 ops

[P]Valid Entries:         630483.032 / s
[P]set success:           2571858.364 / s

[P]expire scan persec:    11623286.340 / s
[P]total expire scan:     402613888
[P]expire hit persec:     1981576.171 / s
[P]total expire hit:      24062852

[P]expire hit rate:       17.048330 %
[P]total expire hit rate: 5.976657 %

[P]get found:             1737123.006 / s

----------------------------------

[INFO]Current Time:       51.16 s

[P]indexs Load Factor:    96.6061 %

[P]full bucket LFactor:   78.3427 %

[P]set request:           116503084 
[P]get request:           100979015 

[P]Get Hit Rate:          80.7078 %
[P]ACC Hit Rate:          81.2601 %

[P]total cuckoo num:      656289 
[P]total cuckoo path:     295566 
[P]total cp perset:       0.002563 / set
[P]total cp percuckoo:    0.450360 / cuckoo num

[P]cuckoo path / s:       16743.965 / s
[P]cp per set * s:        0.006310 / set * s

[P]break loop / s:        0 / s
[P]break / set :          0 %

[P]Throughput:            4736200.162 ops
[P]all request:           217482099 o

[P]GetThroughput:         2168950.828 ops
[P]SetThroughput:         2567249.334 ops

[P]Valid Entries:         582035.629 / s
[P]set success:           2653539.966 / s

[P]expire scan persec:    11884934.306 / s
[P]total expire scan:     411957039
[P]expire hit persec:     2058783.859 / s
[P]total expire hit:      25681332

[P]expire hit rate:       17.322636 %
[P]total expire hit rate: 6.233983 %

[P]get found:             1750511.989 / s

----------------------------------

[INFO]Current Time:       51.95 s

[P]indexs Load Factor:    96.9995 %

[P]full bucket LFactor:   79.2727 %

[P]set request:           118513310 
[P]get request:           102675186 

[P]Get Hit Rate:          79.3202 %
[P]ACC Hit Rate:          81.2281 %

[P]total cuckoo num:      658895 
[P]total cuckoo path:     309768 
[P]total cp perset:       0.002639 / set
[P]total cp percuckoo:    0.470133 / cuckoo num

[P]cuckoo path / s:       18076.686 / s
[P]cp per set * s:        0.006823 / set * s

[P]break loop / s:        0 / s
[P]break / set :          0 %

[P]Throughput:            4717601.263 ops
[P]all request:           221188496 o

[P]GetThroughput:         2158931.829 ops
[P]SetThroughput:         2558669.435 ops

[P]Valid Entries:         525461.069 / s
[P]set success:           2649234.877 / s

[P]expire scan persec:    11954625.622 / s
[P]total expire scan:     421349225
[P]expire hit persec:     2102077.203 / s
[P]total expire hit:      27332835

[P]expire hit rate:       17.583798 %
[P]total expire hit rate: 6.486979 %

[P]get found:             1712468.752 / s

----------------------------------

[INFO]Current Time:       52.73 s

[P]indexs Load Factor:    97.3538 %

[P]full bucket LFactor:   80.1288 %

[P]set request:           120544650 
[P]get request:           104387453 

[P]Get Hit Rate:          77.6616 %
[P]ACC Hit Rate:          81.1696 %

[P]total cuckoo num:      661489 
[P]total cuckoo path:     325085 
[P]total cp perset:       0.002721 / set
[P]total cp percuckoo:    0.491444 / cuckoo num

[P]cuckoo path / s:       19728.867 / s
[P]cp per set * s:        0.007412 / set * s

[P]break loop / s:        0 / s
[P]break / set :          0 %

[P]Throughput:            4821905.308 ops
[P]all request:           224932103 o

[P]GetThroughput:         2205463.697 ops
[P]SetThroughput:         2616441.610 ops

[P]Valid Entries:         476137.142 / s
[P]set success:           2661643.990 / s

[P]expire scan persec:    12113783.069 / s
[P]total expire scan:     430754064
[P]expire hit persec:     2118316.384 / s
[P]total expire hit:      28977443

[P]expire hit rate:       17.486828 %
[P]total expire hit rate: 6.727143 %

[P]get found:             1712798.461 / s

----------------------------------

[INFO]Current Time:       53.51 s

[P]indexs Load Factor:    97.6618 %

[P]full bucket LFactor:   80.8875 %

[P]set request:           122432389 
[P]get request:           106007295 

[P]Get Hit Rate:          80.3883 %
[P]ACC Hit Rate:          81.1576 %

[P]total cuckoo num:      664170 
[P]total cuckoo path:     341565 
[P]total cp perset:       0.002812 / set
[P]total cp percuckoo:    0.514273 / cuckoo num

[P]cuckoo path / s:       21182.386 / s
[P]cp per set * s:        0.008261 / set * s

[P]break loop / s:        0 / s
[P]break / set :          0 %

[P]Throughput:            4508430.562 ops
[P]all request:           228439684 o

[P]GetThroughput:         2082046.054 ops
[P]SetThroughput:         2426384.509 ops

[P]Valid Entries:         415181.198 / s
[P]set success:           2564197.268 / s

[P]expire scan persec:    11755154.986 / s
[P]total expire scan:     439899632
[P]expire hit persec:     2084931.640 / s
[P]total expire hit:      30599530

[P]expire hit rate:       17.736318 %
[P]total expire hit rate: 6.956025 %

[P]get found:             1673722.139 / s

----------------------------------

[INFO]Current Time:       54.28 s

[P]indexs Load Factor:    97.9416 %

[P]full bucket LFactor:   81.5974 %

[P]set request:           124430823 
[P]get request:           107689657 

[P]Get Hit Rate:          78.7860 %
[P]ACC Hit Rate:          81.1206 %

[P]total cuckoo num:      667049 
[P]total cuckoo path:     360585 
[P]total cp perset:       0.002920 / set
[P]total cp percuckoo:    0.540567 / cuckoo num

[P]cuckoo path / s:       24522.002 / s
[P]cp per set * s:        0.009340 / set * s

[P]break loop / s:        0 / s
[P]break / set :          0 %

[P]Throughput:            4745556.532 ops
[P]all request:           232120480 o

[P]GetThroughput:         2169026.476 ops
[P]SetThroughput:         2576530.056 ops

[P]Valid Entries:         382374.329 / s
[P]set success:           2625463.181 / s

[P]expire scan persec:    12122365.088 / s
[P]total expire scan:     449302102
[P]expire hit persec:     2165014.254 / s
[P]total expire hit:      32278780

[P]expire hit rate:       17.859669 %
[P]total expire hit rate: 7.184204 %

[P]get found:             1708888.265 / s

----------------------------------

[INFO]Current Time:       55.04 s

[P]indexs Load Factor:    98.1894 %

[P]full bucket LFactor:   82.2386 %

[P]set request:           126386873 
[P]get request:           109332948 

[P]Get Hit Rate:          74.1892 %
[P]ACC Hit Rate:          81.0164 %

[P]total cuckoo num:      670040 
[P]total cuckoo path:     380993 
[P]total cp perset:       0.003036 / set
[P]total cp percuckoo:    0.568612 / cuckoo num

[P]cuckoo path / s:       26788.444 / s
[P]cp per set * s:        0.010241 / set * s

[P]break loop / s:        0 / s
[P]break / set :          0 %

[P]Throughput:            4724655.596 ops
[P]all request:           235719822 o

[P]GetThroughput:         2157056.490 ops
[P]SetThroughput:         2567597.794 ops

[P]Valid Entries:         341472.589 / s
[P]set success:           2615854.535 / s

[P]expire scan persec:    12172760.551 / s
[P]total expire scan:     458575567
[P]expire hit persec:     2232512.532 / s
[P]total expire hit:      33979555

[P]expire hit rate:       18.340232 %
[P]total expire hit rate: 7.409805 %

[P]get found:             1600302.367 / s

----------------------------------

[INFO]Current Time:       55.81 s

[P]indexs Load Factor:    98.4101 %

[P]full bucket LFactor:   82.8177 %

[P]set request:           128316146 
[P]get request:           110953937 

[P]Get Hit Rate:          80.0978 %
[P]ACC Hit Rate:          81.0030 %

[P]total cuckoo num:      673266 
[P]total cuckoo path:     404045 
[P]total cp perset:       0.003170 / set
[P]total cp percuckoo:    0.600127 / cuckoo num

[P]cuckoo path / s:       29907.520 / s
[P]cp per set * s:        0.011711 / set * s

[P]break loop / s:        0 / s
[P]break / set :          0 %

[P]Throughput:            4606086.394 ops
[P]all request:           239270083 o

[P]GetThroughput:         2103060.980 ops
[P]SetThroughput:         2503026.711 ops

[P]Valid Entries:         304528.151 / s
[P]set success:           2553823.568 / s

[P]expire scan persec:    12188185.144 / s
[P]total expire scan:     467969928
[P]expire hit persec:     2128256.366 / s
[P]total expire hit:      35619964

[P]expire hit rate:       17.461635 %
[P]total expire hit rate: 7.611593 %

[P]get found:             1684504.893 / s

----------------------------------

[INFO]Current Time:       56.58 s

[P]indexs Load Factor:    98.6033 %

[P]full bucket LFactor:   83.3359 %

[P]set request:           130260926 
[P]get request:           112584939 

[P]Get Hit Rate:          78.4579 %
[P]ACC Hit Rate:          80.9661 %

[P]total cuckoo num:      676700 
[P]total cuckoo path:     429848 
[P]total cp perset:       0.003323 / set
[P]total cp percuckoo:    0.635212 / cuckoo num

[P]cuckoo path / s:       33707.819 / s
[P]cp per set * s:        0.013499 / set * s

[P]break loop / s:        0 / s
[P]break / set :          0 %

[P]Throughput:            4671232.469 ops
[P]all request:           242845865 o

[P]GetThroughput:         2130663.866 ops
[P]SetThroughput:         2540568.603 ops

[P]Valid Entries:         271943.441 / s
[P]set success:           2496980.839 / s

[P]expire scan persec:    12219266.518 / s
[P]total expire scan:     477323655
[P]expire hit persec:     2268413.533 / s
[P]total expire hit:      37356412

[P]expire hit rate:       18.564236 %
[P]total expire hit rate: 7.826223 %

[P]get found:             1671674.232 / s

----------------------------------

[INFO]Current Time:       57.34 s

[P]indexs Load Factor:    98.7755 %

[P]full bucket LFactor:   83.8050 %

[P]set request:           132127240 
[P]get request:           114175714 

[P]Get Hit Rate:          76.8861 %
[P]ACC Hit Rate:          80.9093 %

[P]total cuckoo num:      680176 
[P]total cuckoo path:     456993 
[P]total cp perset:       0.003481 / set
[P]total cp percuckoo:    0.671875 / cuckoo num

[P]cuckoo path / s:       35426.474 / s
[P]cp per set * s:        0.014285 / set * s

[P]break loop / s:        0 / s
[P]break / set :          0 %

[P]Throughput:            4511787.592 ops
[P]all request:           246302954 o

[P]GetThroughput:         2076093.183 ops
[P]SetThroughput:         2435694.409 ops

[P]Valid Entries:         235902.862 / s
[P]set success:           2479964.124 / s

[P]expire scan persec:    11985847.033 / s
[P]total expire scan:     486507629
[P]expire hit persec:     2207013.875 / s
[P]total expire hit:      39047503

[P]expire hit rate:       18.413499 %
[P]total expire hit rate: 8.026082 %

[P]get found:             1596227.267 / s

----------------------------------

[INFO]Current Time:       58.11 s

[P]indexs Load Factor:    98.9252 %

[P]full bucket LFactor:   84.2190 %

[P]set request:           133975958 
[P]get request:           115695466 

[P]Get Hit Rate:          79.7331 %
[P]ACC Hit Rate:          80.8938 %

[P]total cuckoo num:      683866 
[P]total cuckoo path:     486444 
[P]total cp perset:       0.003653 / set
[P]total cp percuckoo:    0.711315 / cuckoo num

[P]cuckoo path / s:       38329.837 / s
[P]cp per set * s:        0.015603 / set * s

[P]break loop / s:        0 / s
[P]break / set :          0 %

[P]Throughput:            4383990.555 ops
[P]all request:           249671424 o

[P]GetThroughput:         1977924.225 ops
[P]SetThroughput:         2406066.330 ops

[P]Valid Entries:         208922.405 / s
[P]set success:           2456587.114 / s

[P]expire scan persec:    11934175.833 / s
[P]total expire scan:     495677337
[P]expire hit persec:     2241111.767 / s
[P]total expire hit:      40769477

[P]expire hit rate:       18.778940 %
[P]total expire hit rate: 8.225003 %

[P]get found:             1577061.105 / s

----------------------------------

[INFO]Current Time:       58.88 s

[P]indexs Load Factor:    99.0544 %

[P]full bucket LFactor:   84.5840 %

[P]set request:           135811787 
[P]get request:           117288852 

[P]Get Hit Rate:          78.2487 %
[P]ACC Hit Rate:          80.8579 %

[P]total cuckoo num:      687810 
[P]total cuckoo path:     518963 
[P]total cp perset:       0.003842 / set
[P]total cp percuckoo:    0.754515 / cuckoo num

[P]cuckoo path / s:       42625.169 / s
[P]cp per set * s:        0.016743 / set * s

[P]break loop / s:        0 / s
[P]break / set :          0 %

[P]Throughput:            4494937.338 ops
[P]all request:           253100639 o

[P]GetThroughput:         2088574.273 ops
[P]SetThroughput:         2406363.065 ops

[P]Valid Entries:         191068.081 / s
[P]set success:           2545895.314 / s

[P]expire scan persec:    12202850.798 / s
[P]total expire scan:     504986966
[P]expire hit persec:     2255078.387 / s
[P]total expire hit:      42489890

[P]expire hit rate:       18.479931 %
[P]total expire hit rate: 8.414057 %

[P]get found:             1634282.439 / s

----------------------------------

[INFO]Current Time:       59.64 s

[P]indexs Load Factor:    99.1711 %

[P]full bucket LFactor:   84.9168 %

[P]set request:           137553909 
[P]get request:           118778991 

[P]Get Hit Rate:          76.4996 %
[P]ACC Hit Rate:          80.8032 %

[P]total cuckoo num:      691515 
[P]total cuckoo path:     550144 
[P]total cp perset:       0.004018 / set
[P]total cp percuckoo:    0.795563 / cuckoo num

[P]cuckoo path / s:       41059.667 / s
[P]cp per set * s:        0.017133 / set * s

[P]break loop / s:        0 / s
[P]break / set :          0 %

[P]Throughput:            4256295.787 ops
[P]all request:           256332900 o

[P]GetThroughput:         1962240.162 ops
[P]SetThroughput:         2294055.625 ops

[P]Valid Entries:         159243.980 / s
[P]set success:           2396536.898 / s

[P]expire scan persec:    11522827.021 / s
[P]total expire scan:     513737482
[P]expire hit persec:     2180763.287 / s
[P]total expire hit:      44145977

[P]expire hit rate:       18.925593 %
[P]total expire hit rate: 8.593100 %

[P]get found:             1501106.699 / s

----------------------------------

[INFO]Current Time:       60.39 s

[P]indexs Load Factor:    99.2737 %

[P]full bucket LFactor:   85.2140 %

[P]set request:           139436873 
[P]get request:           120352971 

[P]Get Hit Rate:          76.5341 %
[P]ACC Hit Rate:          80.7474 %

[P]total cuckoo num:      695658 
[P]total cuckoo path:     586061 
[P]total cp perset:       0.004221 / set
[P]total cp percuckoo:    0.842456 / cuckoo num

[P]cuckoo path / s:       47382.973 / s
[P]cp per set * s:        0.018666 / set * s

[P]break loop / s:        0 / s
[P]break / set :          0 %

[P]Throughput:            4560522.387 ops
[P]all request:           259789844 o

[P]GetThroughput:         2076449.901 ops
[P]SetThroughput:         2484072.486 ops

[P]Valid Entries:         150036.625 / s
[P]set success:           2538405.190 / s

[P]expire scan persec:    12265712.438 / s
[P]total expire scan:     523035075
[P]expire hit persec:     2326030.741 / s
[P]total expire hit:      45909143

[P]expire hit rate:       18.963682 %
[P]total expire hit rate: 8.777450 %

[P]get found:             1589191.680 / s

----------------------------------

[INFO]Current Time:       61.15 s

[P]indexs Load Factor:    99.3649 %

[P]full bucket LFactor:   85.4808 %

[P]set request:           141250753 
[P]get request:           121837933 

[P]Get Hit Rate:          80.9871 %
[P]ACC Hit Rate:          80.7503 %

[P]total cuckoo num:      699887 
[P]total cuckoo path:     623300 
[P]total cp perset:       0.004429 / set
[P]total cp percuckoo:    0.890572 / cuckoo num

[P]cuckoo path / s:       49026.030 / s
[P]cp per set * s:        0.019719 / set * s

[P]break loop / s:        0 / s
[P]break / set :          0 %

[P]Throughput:            4343004.048 ops
[P]all request:           263088686 o

[P]GetThroughput:         1954987.834 ops
[P]SetThroughput:         2388016.214 ops

[P]Valid Entries:         131735.322 / s
[P]set success:           2486290.767 / s

[P]expire scan persec:    12060216.500 / s
[P]total expire scan:     532195727
[P]expire hit persec:     2292033.729 / s
[P]total expire hit:      47650117

[P]expire hit rate:       19.004914 %
[P]total expire hit rate: 8.953495 %

[P]get found:             1583288.400 / s

----------------------------------

[INFO]Current Time:       61.90 s

[P]indexs Load Factor:    99.4439 %

[P]full bucket LFactor:   85.7145 %

[P]set request:           143091408 
[P]get request:           123374066 

[P]Get Hit Rate:          76.3269 %
[P]ACC Hit Rate:          80.6952 %

[P]total cuckoo num:      704342 
[P]total cuckoo path:     663326 
[P]total cp perset:       0.004653 / set
[P]total cp percuckoo:    0.941767 / cuckoo num

[P]cuckoo path / s:       53425.778 / s
[P]cp per set * s:        0.021677 / set * s

[P]break loop / s:        0 / s
[P]break / set :          0 %

[P]Throughput:            4507258.450 ops
[P]all request:           266465474 o

[P]GetThroughput:         2050394.767 ops
[P]SetThroughput:         2456863.683 ops

[P]Valid Entries:         117559.136 / s
[P]set success:           2464602.719 / s

[P]expire scan persec:    12231507.968 / s
[P]total expire scan:     541359437
[P]expire hit persec:     2328512.876 / s
[P]total expire hit:      49394613

[P]expire hit rate:       19.037006 %
[P]total expire hit rate: 9.124181 %

[P]get found:             1565003.165 / s

----------------------------------

[INFO]Current Time:       62.66 s

[P]indexs Load Factor:    99.5143 %

[P]full bucket LFactor:   85.9253 %

[P]set request:           144870415 
[P]get request:           124854981 

[P]Get Hit Rate:          77.6694 %
[P]ACC Hit Rate:          80.6593 %

[P]total cuckoo num:      708923 
[P]total cuckoo path:     704955 
[P]total cp perset:       0.004883 / set
[P]total cp percuckoo:    0.994403 / cuckoo num

[P]cuckoo path / s:       55087.622 / s
[P]cp per set * s:        0.023348 / set * s

[P]break loop / s:        0 / s
[P]break / set :          0 %

[P]Throughput:            4313852.173 ops
[P]all request:           269725396 o

[P]GetThroughput:         1959693.634 ops
[P]SetThroughput:         2354158.539 ops

[P]Valid Entries:         102354.546 / s
[P]set success:           2359410.713 / s

[P]expire scan persec:    11959949.052 / s
[P]total expire scan:     550397415
[P]expire hit persec:     2284377.002 / s
[P]total expire hit:      51120887

[P]expire hit rate:       19.100224 %
[P]total expire hit rate: 9.287995 %

[P]get found:             1522082.559 / s

----------------------------------

[INFO]Current Time:       63.41 s

[P]indexs Load Factor:    99.5764 %

[P]full bucket LFactor:   86.1141 %

[P]set request:           146714386 
[P]get request:           126390556 

[P]Get Hit Rate:          77.6952 %
[P]ACC Hit Rate:          80.6233 %

[P]total cuckoo num:      713760 
[P]total cuckoo path:     749683 
[P]total cp perset:       0.005128 / set
[P]total cp percuckoo:    1.050329 / cuckoo num

[P]cuckoo path / s:       59128.197 / s
[P]cp per set * s:        0.024199 / set * s

[P]break loop / s:        0 / s
[P]break / set :          0 %

[P]Throughput:            4467592.124 ops
[P]all request:           273104942 o

[P]GetThroughput:         2029953.957 ops
[P]SetThroughput:         2437638.167 ops

[P]Valid Entries:         92931.790 / s
[P]set success:           2443367.500 / s

[P]expire scan persec:    12221125.907 / s
[P]total expire scan:     559642184
[P]expire hit persec:     2287879.696 / s
[P]total expire hit:      52851572

[P]expire hit rate:       18.720695 %
[P]total expire hit rate: 9.443815 %

[P]get found:             1577176.698 / s

----------------------------------

[INFO]Current Time:       64.18 s

[P]indexs Load Factor:    99.6312 %

[P]full bucket LFactor:   86.2840 %

[P]set request:           148481214 
[P]get request:           127891268 

[P]Get Hit Rate:          77.5375 %
[P]ACC Hit Rate:          80.5871 %

[P]total cuckoo num:      718696 
[P]total cuckoo path:     795719 
[P]total cp perset:       0.005374 / set
[P]total cp percuckoo:    1.107170 / cuckoo num

[P]cuckoo path / s:       60518.267 / s
[P]cp per set * s:        0.024541 / set * s

[P]break loop / s:        0 / s
[P]break / set :          0 %

[P]Throughput:            4295461.370 ops
[P]all request:           276372482 o

[P]GetThroughput:         1972814.540 ops
[P]SetThroughput:         2322646.829 ops

[P]Valid Entries:         81990.710 / s
[P]set success:           2466018.175 / s

[P]expire scan persec:    12134216.293 / s
[P]total expire scan:     568872633
[P]expire hit persec:     2274703.889 / s
[P]total expire hit:      54581930

[P]expire hit rate:       18.746195 %
[P]total expire hit rate: 9.594754 %

[P]get found:             1529670.329 / s

----------------------------------

[INFO]Current Time:       64.93 s

[P]indexs Load Factor:    99.6785 %

[P]full bucket LFactor:   86.4312 %

[P]set request:           150316038 
[P]get request:           129418104 

[P]Get Hit Rate:          77.5362 %
[P]ACC Hit Rate:          80.5511 %

[P]total cuckoo num:      723781 
[P]total cuckoo path:     843632 
[P]total cp perset:       0.005628 / set
[P]total cp percuckoo:    1.165590 / cuckoo num

[P]cuckoo path / s:       63432.694 / s
[P]cp per set * s:        0.026527 / set * s

[P]break loop / s:        0 / s
[P]break / set :          0 %

[P]Throughput:            4450548.887 ops
[P]all request:           279734142 o

[P]GetThroughput:         2021399.624 ops
[P]SetThroughput:         2429149.263 ops

[P]Valid Entries:         73571.227 / s
[P]set success:           2391241.632 / s

[P]expire scan persec:    12220477.291 / s
[P]total expire scan:     578103200
[P]expire hit persec:     2341206.949 / s
[P]total expire hit:      56350328

[P]expire hit rate:       19.158065 %
[P]total expire hit rate: 9.747451 %

[P]get found:             1567316.966 / s

----------------------------------

[INFO]Current Time:       65.69 s

[P]indexs Load Factor:    99.7205 %

[P]full bucket LFactor:   86.5644 %

[P]set request:           152145339 
[P]get request:           130881793 

[P]Get Hit Rate:          77.6390 %
[P]ACC Hit Rate:          80.5185 %

[P]total cuckoo num:      728997 
[P]total cuckoo path:     893171 
[P]total cp perset:       0.005887 / set
[P]total cp percuckoo:    1.225205 / cuckoo num

[P]cuckoo path / s:       65357.809 / s
[P]cp per set * s:        0.027001 / set * s

[P]break loop / s:        0 / s
[P]break / set :          0 %

[P]Throughput:            4344508.618 ops
[P]all request:           283027132 o

[P]GetThroughput:         1931074.639 ops
[P]SetThroughput:         2413433.979 ops

[P]Valid Entries:         64919.795 / s
[P]set success:           2420607.124 / s

[P]expire scan persec:    12180021.919 / s
[P]total expire scan:     587335243
[P]expire hit persec:     2290475.964 / s
[P]total expire hit:      58086431

[P]expire hit rate:       18.805188 %
[P]total expire hit rate: 9.889826 %

[P]get found:             1499266.376 / s

----------------------------------

[INFO]Current Time:       66.44 s

[P]indexs Load Factor:    99.7566 %

[P]full bucket LFactor:   86.6792 %

[P]set request:           153968478 
[P]get request:           132396376 

[P]Get Hit Rate:          77.4192 %
[P]ACC Hit Rate:          80.4831 %

[P]total cuckoo num:      734343 
[P]total cuckoo path:     944232 
[P]total cp perset:       0.006148 / set
[P]total cp percuckoo:    1.285819 / cuckoo num

[P]cuckoo path / s:       67641.924 / s
[P]cp per set * s:        0.027424 / set * s

[P]break loop / s:        0 / s
[P]break / set :          0 %

[P]Throughput:            4421572.969 ops
[P]all request:           286364854 o

[P]GetThroughput:         2006410.136 ops
[P]SetThroughput:         2415162.833 ops

[P]Valid Entries:         58457.586 / s
[P]set success:           2466511.930 / s

[P]expire scan persec:    12227328.576 / s
[P]total expire scan:     596565312
[P]expire hit persec:     2340538.269 / s
[P]total expire hit:      59853238

[P]expire hit rate:       19.141861 %
[P]total expire hit rate: 10.032973 %

[P]get found:             1553346.620 / s

----------------------------------

[INFO]Current Time:       67.20 s

[P]indexs Load Factor:    99.7879 %

[P]full bucket LFactor:   86.7789 %

[P]set request:           155739048 
[P]get request:           133895045 

[P]Get Hit Rate:          74.4632 %
[P]ACC Hit Rate:          80.4157 %

[P]total cuckoo num:      739843 
[P]total cuckoo path:     997175 
[P]total cp perset:       0.006416 / set
[P]total cp percuckoo:    1.347820 / cuckoo num

[P]cuckoo path / s:       70297.497 / s
[P]cp per set * s:        0.028712 / set * s

[P]break loop / s:        0 / s
[P]break / set :          0 %

[P]Throughput:            4340883.369 ops
[P]all request:           289634094 o

[P]GetThroughput:         1989926.508 ops
[P]SetThroughput:         2350955.533 ops

[P]Valid Entries:         51185.203 / s
[P]set success:           2448371.933 / s

[P]expire scan persec:    12129861.410 / s
[P]total expire scan:     605700648
[P]expire hit persec:     2286481.749 / s
[P]total expire hit:      61575251

[P]expire hit rate:       18.850024 %
[P]total expire hit rate: 10.165954 %

[P]get found:             1481763.095 / s

----------------------------------

[INFO]Current Time:       67.95 s

[P]indexs Load Factor:    99.8122 %

[P]full bucket LFactor:   86.8580 %

[P]set request:           157485803 
[P]get request:           135372522 

[P]Get Hit Rate:          78.6994 %
[P]ACC Hit Rate:          80.3970 %

[P]total cuckoo num:      745416 
[P]total cuckoo path:     1051043 
[P]total cp perset:       0.006683 / set
[P]total cp percuckoo:    1.410009 / cuckoo num

[P]cuckoo path / s:       71378.966 / s
[P]cp per set * s:        0.029073 / set * s

[P]break loop / s:        0 / s
[P]break / set :          0 %

[P]Throughput:            4272337.477 ops
[P]all request:           292858325 o

[P]GetThroughput:         1957763.063 ops
[P]SetThroughput:         2314575.739 ops

[P]Valid Entries:         45867.359 / s
[P]set success:           2455193.680 / s

[P]expire scan persec:    12179797.341 / s
[P]total expire scan:     614892450
[P]expire hit persec:     2260939.484 / s
[P]total expire hit:      63281528

[P]expire hit rate:       18.563030 %
[P]total expire hit rate: 10.291479 %

[P]get found:             1540747.076 / s

----------------------------------
[INFO]End rx_queue_1:1619917

[INFO]Current Time:       68.70 s

[P]indexs Load Factor:    99.8292 %

[P]full bucket LFactor:   86.9127 %

[P]set request:           158731160 
[P]get request:           136409137 

[P]Get Hit Rate:          75.7982 %
[P]ACC Hit Rate:          80.3620 %

[P]total cuckoo num:      748868 
[P]total cuckoo path:     1084552 
[P]total cp perset:       0.006841 / set
[P]total cp percuckoo:    1.448255 / cuckoo num

[P]cuckoo path / s:       44588.546 / s
[P]cp per set * s:        0.026561 / set * s

[P]break loop / s:        0 / s
[P]break / set :          0 %

[P]Throughput:            3036493.446 ops
[P]all request:           295140298 o

[P]GetThroughput:         1379365.424 ops
[P]SetThroughput:         1657126.692 ops

[P]Valid Entries:         28498.400 / s
[P]set success:           1678731.026 / s

[P]expire scan persec:    8220320.136 / s
[P]total expire scan:     621070151
[P]expire hit persec:     1630640.225 / s
[P]total expire hit:      64506980

[P]expire hit rate:       19.836700 %
[P]total expire hit rate: 10.386424 %

[P]get found:             1045534.813 / s

----------------------------------

[INFO]Current Time:       69.46 s

[P]indexs Load Factor:    99.8472 %

[P]full bucket LFactor:   86.9716 %

[P]set request:           160109437 
[P]get request:           137515126 

[P]Get Hit Rate:          77.7575 %
[P]ACC Hit Rate:          80.3411 %

[P]total cuckoo num:      752185 
[P]total cuckoo path:     1116730 
[P]total cp perset:       0.006983 / set
[P]total cp percuckoo:    1.484648 / cuckoo num

[P]cuckoo path / s:       42661.624 / s
[P]cp per set * s:        0.023414 / set * s

[P]break loop / s:        0 / s
[P]break / set :          0 %

[P]Throughput:            3293640.987 ops
[P]all request:           297624563 o

[P]GetThroughput:         1466321.307 ops
[P]SetThroughput:         1827321.006 ops

[P]Valid Entries:         27905.459 / s
[P]set success:           1822058.902 / s

[P]expire scan persec:    8684957.665 / s
[P]total expire scan:     627620876
[P]expire hit persec:     1791129.291 / s
[P]total expire hit:      65857959

[P]expire hit rate:       20.623351 %
[P]total expire hit rate: 10.493271 %

[P]get found:             1140174.264 / s

----------------------------------

[INFO]Current Time:       70.21 s

[P]indexs Load Factor:    99.8634 %

[P]full bucket LFactor:   87.0251 %

[P]set request:           161594195 
[P]get request:           138685158 

[P]Get Hit Rate:          77.3965 %
[P]ACC Hit Rate:          80.3162 %

[P]total cuckoo num:      755416 
[P]total cuckoo path:     1148200 
[P]total cp perset:       0.007114 / set
[P]total cp percuckoo:    1.519957 / cuckoo num

[P]cuckoo path / s:       42019.722 / s
[P]cp per set * s:        0.021221 / set * s

[P]break loop / s:        0 / s
[P]break / set :          0 %

[P]Throughput:            3544758.139 ops
[P]all request:           300279353 o

[P]GetThroughput:         1562263.100 ops
[P]SetThroughput:         1982495.039 ops

[P]Valid Entries:         26981.015 / s
[P]set success:           1980104.975 / s

[P]expire scan persec:    9234121.722 / s
[P]total expire scan:     634536624
[P]expire hit persec:     1939770.315 / s
[P]total expire hit:      67310719

[P]expire hit rate:       21.006549 %
[P]total expire hit rate: 10.607854 %

[P]get found:             1209137.204 / s

----------------------------------

[INFO]Current Time:       70.95 s

[P]indexs Load Factor:    99.8782 %

[P]full bucket LFactor:   87.0740 %

[P]set request:           163035297 
[P]get request:           139880976 

[P]Get Hit Rate:          77.4221 %
[P]ACC Hit Rate:          80.2915 %

[P]total cuckoo num:      758404 
[P]total cuckoo path:     1177501 
[P]total cp perset:       0.007228 / set
[P]total cp percuckoo:    1.552604 / cuckoo num

[P]cuckoo path / s:       39138.657 / s
[P]cp per set * s:        0.019341 / set * s

[P]break loop / s:        0 / s
[P]break / set :          0 %

[P]Throughput:            3522252.074 ops
[P]all request:           302916273 o

[P]GetThroughput:         1597307.628 ops
[P]SetThroughput:         1924944.446 ops

[P]Valid Entries:         24424.093 / s
[P]set success:           2023586.525 / s

[P]expire scan persec:    9230252.759 / s
[P]total expire scan:     641446816
[P]expire hit persec:     1952458.117 / s
[P]total expire hit:      68772419

[P]expire hit rate:       21.152813 %
[P]total expire hit rate: 10.721453 %

[P]get found:             1236669.900 / s

----------------------------------

[INFO]Current Time:       71.70 s

[P]indexs Load Factor:    99.8914 %

[P]full bucket LFactor:   87.1181 %

[P]set request:           164542481 
[P]get request:           141068275 

[P]Get Hit Rate:          74.6728 %
[P]ACC Hit Rate:          80.2442 %

[P]total cuckoo num:      761122 
[P]total cuckoo path:     1204280 
[P]total cp perset:       0.007323 / set
[P]total cp percuckoo:    1.582243 / cuckoo num

[P]cuckoo path / s:       35760.593 / s
[P]cp per set * s:        0.017486 / set * s

[P]break loop / s:        0 / s
[P]break / set :          0 %

[P]Throughput:            3598205.533 ops
[P]all request:           305610757 o

[P]GetThroughput:         1585515.383 ops
[P]SetThroughput:         2012688.815 ops

[P]Valid Entries:         22661.685 / s
[P]set success:           2045090.885 / s

[P]expire scan persec:    9259468.381 / s
[P]total expire scan:     648380686
[P]expire hit persec:     1911549.861 / s
[P]total expire hit:      70203866

[P]expire hit rate:       20.644272 %
[P]total expire hit rate: 10.827569 %

[P]get found:             1183949.522 / s

----------------------------------

[INFO]Current Time:       72.45 s

[P]indexs Load Factor:    99.8968 %

[P]full bucket LFactor:   87.1365 %

[P]set request:           165638950 
[P]get request:           141962365 

[P]Get Hit Rate:          76.0890 %
[P]ACC Hit Rate:          80.2180 %

[P]total cuckoo num:      763023 
[P]total cuckoo path:     1222901 
[P]total cp perset:       0.007387 / set
[P]total cp percuckoo:    1.602705 / cuckoo num

[P]cuckoo path / s:       24889.930 / s
[P]cp per set * s:        0.016936 / set * s

[P]break loop / s:        0 / s
[P]break / set :          0 %

[P]Throughput:            2660697.511 ops
[P]all request:           307601315 o

[P]GetThroughput:         1195093.556 ops
[P]SetThroughput:         1465605.292 ops

[P]Valid Entries:         14852.956 / s
[P]set success:           1469624.626 / s

[P]expire scan persec:    6687143.859 / s
[P]total expire scan:     653383565
[P]expire hit persec:     1409556.502 / s
[P]total expire hit:      71258403

[P]expire hit rate:       21.078603 %
[P]total expire hit rate: 10.906060 %

[P]get found:             909334.548 / s

----------------------------------
[INFO]End rx_queue_0:1678107
[INFO]End rx_queue_3:916406

[INFO]Current Time:       73.20 s

[P]indexs Load Factor:    99.9015 %

[P]full bucket LFactor:   87.1525 %

[P]set request:           166183043 
[P]get request:           142405745 

[P]Get Hit Rate:          77.2845 %
[P]ACC Hit Rate:          80.2089 %

[P]total cuckoo num:      764118 
[P]total cuckoo path:     1233728 
[P]total cp perset:       0.007428 / set
[P]total cp percuckoo:    1.614578 / cuckoo num

[P]cuckoo path / s:       14511.303 / s
[P]cp per set * s:        0.019899 / set * s

[P]break loop / s:        0 / s
[P]break / set :          0 %

[P]Throughput:            1323498.645 ops
[P]all request:           308588788 o

[P]GetThroughput:         594257.088 ops
[P]SetThroughput:         729241.557 ops

[P]Valid Entries:         6910.527 / s
[P]set success:           729241.557 / s

[P]expire scan persec:    3547234.187 / s
[P]total expire scan:     656030185
[P]expire hit persec:     713056.234 / s
[P]total expire hit:      71790420

[P]expire hit rate:       20.101752 %
[P]total expire hit rate: 10.943158 %

[P]get found:             459268.597 / s

----------------------------------

[INFO]Current Time:       73.94 s

[P]indexs Load Factor:    99.9019 %

[P]full bucket LFactor:   87.1540 %

[P]set request:           166576991 
[P]get request:           142727233 

[P]Get Hit Rate:          77.4620 %
[P]ACC Hit Rate:          80.2027 %

[P]total cuckoo num:      764811 
[P]total cuckoo path:     1240549 
[P]total cp perset:       0.007452 / set
[P]total cp percuckoo:    1.622033 / cuckoo num

[P]cuckoo path / s:       9133.049 / s
[P]cp per set * s:        0.017314 / set * s

[P]break loop / s:        0 / s
[P]break / set :          0 %

[P]Throughput:            957940.435 ops
[P]all request:           309304224 o

[P]GetThroughput:         430459.684 ops
[P]SetThroughput:         527480.751 ops

[P]Valid Entries:         4762.682 / s
[P]set success:           527480.751 / s

[P]expire scan persec:    2537467.771 / s
[P]total expire scan:     657925288
[P]expire hit persec:     516100.927 / s
[P]total expire hit:      72175869

[P]expire hit rate:       20.339211 %
[P]total expire hit rate: 10.970223 %

[P]get found:             333442.634 / s

----------------------------------
[INFO]End rx_queue_2:1672589
Finish the job......

Total Index Entries:      93294651

indexs Load Factor:     99.901879 %

log_0 Load Factor:      1717986918373.325439 %

log_1 Load Factor:      1717986918385.623535 %

log_2 Load Factor:      1717986918368.966797 %

log_3 Load Factor:      7.761754 %

Get Hit Rate:           80.202718%

Max Throughput:         5687162.80

Calc Load Factor:       99.901879%

set request:              51619072 | set_success:              51619072
set_fail:                        0 | set_key_duplicate:         1376194 | set_mica_evicted:                0
set_random:                      0 | set_cuckoo_evicted:         243271 | set_expire_evicted:       21836641

get request:              43630756
get_found:                35642440 | get_notfound:              7988316 | get_hit_ratio:          81.691090%

clean up:                        0 | test_notfound:                   0
move_to_head_performed:    4198696 | move_to_head_skipped:     31443744 | move_to_head_failed:             0


set request:              48789797 | set_success:              48789797
set_fail:                        0 | set_key_duplicate:         1097675 | set_mica_evicted:                0
set_random:                      0 | set_cuckoo_evicted:         249467 | set_expire_evicted:       18849670

get request:              42117816
get_found:                35445835 | get_notfound:              6671981 | get_hit_ratio:          84.158768%

clean up:                        0 | test_notfound:                   0
move_to_head_performed:    3404677 | move_to_head_skipped:     32041158 | move_to_head_failed:             0


set request:              52061108 | set_success:              52061108
set_fail:                        0 | set_key_duplicate:         1536368 | set_mica_evicted:                0
set_random:                      0 | set_cuckoo_evicted:         249991 | set_expire_evicted:       22842253

get request:              43487288
get_found:                34913468 | get_notfound:              8573820 | get_hit_ratio:          80.284307%

clean up:                        0 | test_notfound:                   0
move_to_head_performed:    4597319 | move_to_head_skipped:     30316149 | move_to_head_failed:             0


set request:              29273487 | set_success:              29273487
set_fail:                        0 | set_key_duplicate:          490359 | set_mica_evicted:                0
set_random:                      0 | set_cuckoo_evicted:          22082 | set_expire_evicted:       13063989

get request:              23826530
get_found:                18379573 | get_notfound:              5446957 | get_hit_ratio:          77.139109%

clean up:                        0 | test_notfound:                   0
move_to_head_performed:    1917763 | move_to_head_skipped:     16461810 | move_to_head_failed:             0


[INFO] Everything works fine.
deleting piekv......
