threshold in zipf
0
[P]total path: 2301
[P]total num: 4295
[P]total percuckoo: 0.5366997
[P]total perset: 0.0000141
 
40
[P]total path: 14756
[P]total num: 70547
[P]total percuckoo: 0.2063890
[P]total perset: 0.0000910
 
50
[P]total path: 69815
[P]total num: 362826
[P]total percuckoo: 0.1929780
[P]total perset: 0.0004257
 
60
[P]total path: 278593
[P]total num: 1044083
[P]total percuckoo: 0.2666590
[P]total perset: 0.0017026
 
66
[P]total path: 570993
[P]total num: 1708458
[P]total percuckoo: 0.3338348
[P]total perset: 0.0035063
 
70
[P]total path: 890293
[P]total num: 2303530
[P]total percuckoo: 0.3862512
[P]total perset: 0.0054602
 
80
[P]total path: 2901939
[P]total num: 4790665
[P]total percuckoo: 0.6057336
[P]total perset: 0.0179702
 
100
[P]total path: 16998237
[P]total num: 10945881
[P]total percuckoo: 1.5527106
[P]total perset: 0.1896925
 
