[INFO] 单个Log Size为:8 GB
[INFO] 运行proto
[INFO] 运行cleanup
[INFO] 运行reload
[INFO] reload kv size 512
EAL: Probing VFIO support...
EAL: VFIO support initialized
EAL: PCI device 0000:03:00.0 on NUMA socket 0
EAL:   probe driver: 15b3:1017 net_mlx5
WEN: There are 1 device(s) available
starting port 0...
querying port 0...
port 0: 100 Gbps (full-duplex)
Adding UDP filter for each endpoint.
port_id/queue_id/udp_port = 0 0 0
Flow is created with src_port = 0, dst_port = 0
port_id/queue_id/udp_port = 0 1 1
Flow is created with src_port = 0, dst_port = 1
port_id/queue_id/udp_port = 0 2 2
Flow is created with src_port = 0, dst_port = 2
port_id/queue_id/udp_port = 0 3 3
Flow is created with src_port = 0, dst_port = 3
MEM: Initializing pages...
 == [STAT] Workers Start (4 threads in total) == 

[INFO]Current Time:       11.43 s

[P]indexs Load Factor:    0.1095 %

[P]set request:           64566 

[P]get request:           64414 

[P]Get Hit Rate:          43.3431 %

[P]ACC Hit Rate:          43.3431 %

[P]rx packet:             33276.191 / s

[P]Throughput:            132410.782 ops

[P]all request:           128980 o

[P]GetThroughput:         66127.369 ops

[P]SetThroughput:         66283.412 ops

[P]Valid Entries:         65746.501 / s

[P]mica evicted:          0 / s

[P]set success:           66300.865 / s

[P]setsuccess rate:       100.026  %

[P]get found:             28661.627 / s

----------------------------------

[INFO]Current Time:       12.40 s

[P]indexs Load Factor:    0.7976 %

[P]set request:           406228 

[P]get request:           404012 

[P]Get Hit Rate:          51.1617 %

[P]ACC Hit Rate:          49.9151 %

[P]rx packet:             180132.966 / s

[P]Throughput:            697745.496 ops

[P]all request:           810240 o

[P]GetThroughput:         347815.775 ops

[P]SetThroughput:         349929.721 ops

[P]Valid Entries:         347917.171 / s

[P]mica evicted:          0 / s

[P]set success:           351713.875 / s

[P]setsuccess rate:       100.510  %

[P]get found:             177948.351 / s

----------------------------------

[INFO]Current Time:       13.36 s

[P]indexs Load Factor:    2.6043 %

[P]set request:           1864459 

[P]get request:           1809088 

[P]Get Hit Rate:          61.8417 %

[P]ACC Hit Rate:          59.1782 %

[P]rx packet:             792744.575 / s

[P]Throughput:            2974976.133 ops

[P]all request:           3673547 o

[P]GetThroughput:         1459874.043 ops

[P]SetThroughput:         1515102.091 ops

[P]Valid Entries:         1496164.237 / s

[P]mica evicted:          0 / s

[P]set success:           1531986.881 / s

[P]setsuccess rate:       101.114  %

[P]get found:             902811.046 / s

----------------------------------

[INFO]Current Time:       14.35 s

[P]indexs Load Factor:    4.3817 %

[P]set request:           3290516 

[P]get request:           3247154 

[P]Get Hit Rate:          66.7334 %

[P]ACC Hit Rate:          62.5242 %

[P]rx packet:             769649.772 / s

[P]Throughput:            2909278.049 ops

[P]all request:           6537670 o

[P]GetThroughput:         1460738.190 ops

[P]SetThroughput:         1448539.859 ops

[P]Valid Entries:         1443025.267 / s

[P]mica evicted:          0 / s

[P]set success:           1442465.580 / s

[P]setsuccess rate:        99.581  %

[P]get found:             974799.918 / s

----------------------------------

[INFO]Current Time:       15.37 s

[P]indexs Load Factor:    6.2087 %

[P]set request:           4855145 

[P]get request:           4785529 

[P]Get Hit Rate:          71.0749 %

[P]ACC Hit Rate:          65.2729 %

[P]rx packet:             802068.133 / s

[P]Throughput:            3032780.057 ops

[P]all request:           9640674 o

[P]GetThroughput:         1503560.105 ops

[P]SetThroughput:         1529219.952 ops

[P]Valid Entries:         1497997.898 / s

[P]mica evicted:          0 / s

[P]set success:           1550302.779 / s

[P]setsuccess rate:       101.379  %

[P]get found:             1068654.337 / s

----------------------------------

[INFO]Current Time:       16.42 s

[P]indexs Load Factor:    8.0242 %

[P]set request:           6430088 

[P]get request:           6352645 

[P]Get Hit Rate:          73.6743 %

[P]ACC Hit Rate:          67.3454 %

[P]rx packet:             800233.000 / s

[P]Throughput:            3002028.870 ops

[P]all request:           12782733 o

[P]GetThroughput:         1497275.345 ops

[P]SetThroughput:         1504753.524 ops

[P]Valid Entries:         1491025.854 / s

[P]mica evicted:          0 / s

[P]set success:           1525892.494 / s

[P]setsuccess rate:       101.405  %

[P]get found:             1103107.375 / s

----------------------------------

[INFO]Current Time:       17.49 s

[P]indexs Load Factor:    9.7275 %

[P]set request:           7948722 

[P]get request:           7842527 

[P]Get Hit Rate:          74.4621 %

[P]ACC Hit Rate:          68.6974 %

[P]rx packet:             747040.640 / s

[P]Throughput:            2819830.316 ops

[P]all request:           15791249 o

[P]GetThroughput:         1396440.781 ops

[P]SetThroughput:         1423389.536 ops

[P]Valid Entries:         1391052.342 / s

[P]mica evicted:          0 / s

[P]set success:           1444970.472 / s

[P]setsuccess rate:       101.516  %

[P]get found:             1039818.732 / s

----------------------------------

[INFO]Current Time:       18.57 s

[P]indexs Load Factor:    11.4660 %

[P]set request:           9524935 

[P]get request:           9411818 

[P]Get Hit Rate:          75.9683 %

[P]ACC Hit Rate:          69.9097 %

[P]rx packet:             765719.978 / s

[P]Throughput:            2910046.027 ops

[P]all request:           18936753 o

[P]GetThroughput:         1451821.088 ops

[P]SetThroughput:         1458224.939 ops

[P]Valid Entries:         1423173.985 / s

[P]mica evicted:          0 / s

[P]set success:           1461053.106 / s

[P]setsuccess rate:       100.194  %

[P]get found:             1102923.157 / s

----------------------------------

[INFO]Current Time:       19.66 s

[P]indexs Load Factor:    13.2016 %

[P]set request:           11092207 

[P]get request:           10993738 

[P]Get Hit Rate:          77.2173 %

[P]ACC Hit Rate:          70.9612 %

[P]rx packet:             763576.010 / s

[P]Throughput:            2882178.292 ops

[P]all request:           22085945 o

[P]GetThroughput:         1447792.158 ops

[P]SetThroughput:         1434386.133 ops

[P]Valid Entries:         1417781.442 / s

[P]mica evicted:          0 / s

[P]set success:           1476317.486 / s

[P]setsuccess rate:       102.923  %

[P]get found:             1117946.095 / s

----------------------------------

[INFO]Current Time:       20.76 s

[P]indexs Load Factor:    14.9590 %

[P]set request:           12690999 

[P]get request:           12606767 

[P]Get Hit Rate:          78.3213 %

[P]ACC Hit Rate:          71.9030 %

[P]rx packet:             774664.861 / s

[P]Throughput:            2924365.039 ops

[P]all request:           25297766 o

[P]GetThroughput:         1468663.918 ops

[P]SetThroughput:         1455701.121 ops

[P]Valid Entries:         1438326.037 / s

[P]mica evicted:          0 / s

[P]set success:           1498525.607 / s

[P]setsuccess rate:       102.942  %

[P]get found:             1150276.416 / s

----------------------------------

[INFO]Current Time:       21.87 s

[P]indexs Load Factor:    16.6717 %

[P]set request:           14295605 

[P]get request:           14183111 

[P]Get Hit Rate:          80.4194 %

[P]ACC Hit Rate:          72.8495 %

[P]rx packet:             760223.713 / s

[P]Throughput:            2870007.191 ops

[P]all request:           28478716 o

[P]GetThroughput:         1422253.923 ops

[P]SetThroughput:         1447753.268 ops

[P]Valid Entries:         1410892.810 / s

[P]mica evicted:          0 / s

[P]set success:           1470484.516 / s

[P]setsuccess rate:       101.570  %

[P]get found:             1143768.624 / s

----------------------------------

[INFO]Current Time:       22.98 s

[P]indexs Load Factor:    18.3439 %

[P]set request:           15862419 

[P]get request:           15742630 

[P]Get Hit Rate:          80.1609 %

[P]ACC Hit Rate:          73.5738 %

[P]rx packet:             740159.703 / s

[P]Throughput:            2812963.178 ops

[P]all request:           31605049 o

[P]GetThroughput:         1403199.698 ops

[P]SetThroughput:         1409763.480 ops

[P]Valid Entries:         1373441.790 / s

[P]mica evicted:          0 / s

[P]set success:           1412431.281 / s

[P]setsuccess rate:       100.189  %

[P]get found:             1124817.088 / s

----------------------------------

[INFO]Current Time:       24.10 s

[P]indexs Load Factor:    20.0164 %

[P]set request:           17479716 

[P]get request:           17353340 

[P]Get Hit Rate:          80.9667 %

[P]ACC Hit Rate:          74.2600 %

[P]rx packet:             759112.074 / s

[P]Throughput:            2884176.101 ops

[P]all request:           34833056 o

[P]GetThroughput:         1439145.358 ops

[P]SetThroughput:         1445030.744 ops

[P]Valid Entries:         1407608.015 / s

[P]mica evicted:          0 / s

[P]set success:           1468174.688 / s

[P]setsuccess rate:       101.602  %

[P]get found:             1165228.742 / s

----------------------------------

[INFO]Current Time:       25.22 s

[P]indexs Load Factor:    21.7497 %

[P]set request:           19052726 

[P]get request:           18962428 

[P]Get Hit Rate:          81.6003 %

[P]ACC Hit Rate:          74.8829 %

[P]rx packet:             755564.538 / s

[P]Throughput:            2833765.978 ops

[P]all request:           38015154 o

[P]GetThroughput:         1432947.329 ops

[P]SetThroughput:         1400818.649 ops

[P]Valid Entries:         1401174.862 / s

[P]mica evicted:          0 / s

[P]set success:           1461609.161 / s

[P]setsuccess rate:       104.340  %

[P]get found:             1169288.754 / s

----------------------------------

[INFO]Current Time:       26.35 s

[P]indexs Load Factor:    23.4590 %

[P]set request:           20685332 

[P]get request:           20606640 

[P]Get Hit Rate:          82.3393 %

[P]ACC Hit Rate:          75.4778 %

[P]rx packet:             769393.282 / s

[P]Throughput:            2907465.001 ops

[P]all request:           41291972 o

[P]GetThroughput:         1458881.404 ops

[P]SetThroughput:         1448583.597 ops

[P]Valid Entries:         1408103.083 / s

[P]mica evicted:          0 / s

[P]set success:           1488444.787 / s

[P]setsuccess rate:       102.752  %

[P]get found:             1201233.045 / s

----------------------------------

[INFO]Current Time:       27.48 s

[P]indexs Load Factor:    25.0418 %

[P]set request:           22210651 

[P]get request:           22125590 

[P]Get Hit Rate:          82.8329 %

[P]ACC Hit Rate:          75.9827 %

[P]rx packet:             707225.586 / s

[P]Throughput:            2685658.418 ops

[P]all request:           44336241 o

[P]GetThroughput:         1340019.839 ops

[P]SetThroughput:         1345638.580 ops

[P]Valid Entries:         1311462.097 / s

[P]mica evicted:          0 / s

[P]set success:           1330649.095 / s

[P]setsuccess rate:        98.886  %

[P]get found:             1109976.998 / s

----------------------------------

[INFO]Current Time:       28.62 s

[P]indexs Load Factor:    26.7369 %

[P]set request:           23823009 

[P]get request:           23732077 

[P]Get Hit Rate:          82.2822 %

[P]ACC Hit Rate:          76.4092 %

[P]rx packet:             745116.685 / s

[P]Throughput:            2829147.103 ops

[P]all request:           47555086 o

[P]GetThroughput:         1411993.446 ops

[P]SetThroughput:         1417153.658 ops

[P]Valid Entries:         1362825.968 / s

[P]mica evicted:          0 / s

[P]set success:           1440967.452 / s

[P]setsuccess rate:       101.680  %

[P]get found:             1161819.406 / s

----------------------------------

[INFO]Current Time:       29.76 s

[P]indexs Load Factor:    28.4393 %

[P]set request:           25507928 

[P]get request:           25410856 

[P]Get Hit Rate:          83.9468 %

[P]ACC Hit Rate:          76.9072 %

[P]rx packet:             773781.451 / s

[P]Throughput:            2940341.889 ops

[P]all request:           50918784 o

[P]GetThroughput:         1467487.336 ops

[P]SetThroughput:         1472854.553 ops

[P]Valid Entries:         1434323.351 / s

[P]mica evicted:          0 / s

[P]set success:           1461947.039 / s

[P]setsuccess rate:        99.259  %

[P]get found:             1231909.315 / s

----------------------------------

[INFO]Current Time:       30.90 s

[P]indexs Load Factor:    30.1180 %

[P]set request:           27115885 

[P]get request:           27012545 

[P]Get Hit Rate:          84.3256 %

[P]ACC Hit Rate:          77.3470 %

[P]rx packet:             738602.414 / s

[P]Throughput:            2806515.344 ops

[P]all request:           54128430 o

[P]GetThroughput:         1400517.301 ops

[P]SetThroughput:         1405998.042 ops

[P]Valid Entries:         1368711.866 / s

[P]mica evicted:          0 / s

[P]set success:           1429126.804 / s

[P]setsuccess rate:       101.645  %

[P]get found:             1180994.740 / s

----------------------------------

[INFO]Current Time:       32.05 s

[P]indexs Load Factor:    31.7869 %

[P]set request:           28745680 

[P]get request:           28635288 

[P]Get Hit Rate:          83.8245 %

[P]ACC Hit Rate:          77.7141 %

[P]rx packet:             738468.450 / s

[P]Throughput:            2842262.659 ops

[P]all request:           57380968 o

[P]GetThroughput:         1418050.099 ops

[P]SetThroughput:         1424212.560 ops

[P]Valid Entries:         1386502.008 / s

[P]mica evicted:          0 / s

[P]set success:           1429183.075 / s

[P]setsuccess rate:       100.349  %

[P]get found:             1188673.225 / s

----------------------------------

[INFO]Current Time:       33.20 s

[P]indexs Load Factor:    33.4405 %

[P]set request:           30384062 

[P]get request:           30267410 

[P]Get Hit Rate:          85.2756 %

[P]ACC Hit Rate:          78.1218 %

[P]rx packet:             748064.158 / s

[P]Throughput:            2841623.405 ops

[P]all request:           60651472 o

[P]GetThroughput:         1418092.158 ops

[P]SetThroughput:         1423531.247 ops

[P]Valid Entries:         1386069.304 / s

[P]mica evicted:          0 / s

[P]set success:           1429436.047 / s

[P]setsuccess rate:       100.415  %

[P]get found:             1209286.745 / s

----------------------------------

[INFO]Current Time:       34.35 s

[P]indexs Load Factor:    35.0962 %

[P]set request:           32006638 

[P]get request:           31883674 

[P]Get Hit Rate:          83.3918 %

[P]ACC Hit Rate:          78.3890 %

[P]rx packet:             732897.992 / s

[P]Throughput:            2821741.604 ops

[P]all request:           63890312 o

[P]GetThroughput:         1408121.232 ops

[P]SetThroughput:         1413620.372 ops

[P]Valid Entries:         1375923.562 / s

[P]mica evicted:          0 / s

[P]set success:           1437038.761 / s

[P]setsuccess rate:       101.657  %

[P]get found:             1174257.082 / s

----------------------------------

[INFO]Current Time:       35.50 s

[P]indexs Load Factor:    36.7348 %

[P]set request:           33635916 

[P]get request:           33507201 

[P]Get Hit Rate:          86.0156 %

[P]ACC Hit Rate:          78.7585 %

[P]rx packet:             743245.534 / s

[P]Throughput:            2824456.157 ops

[P]all request:           67143117 o

[P]GetThroughput:         1409731.242 ops

[P]SetThroughput:         1414724.916 ops

[P]Valid Entries:         1377557.603 / s

[P]mica evicted:          0 / s

[P]set success:           1438786.765 / s

[P]setsuccess rate:       101.701  %

[P]get found:             1212588.360 / s

----------------------------------

[INFO]Current Time:       36.65 s

[P]indexs Load Factor:    38.3989 %

[P]set request:           35281032 

[P]get request:           35125749 

[P]Get Hit Rate:          86.3932 %

[P]ACC Hit Rate:          79.1103 %

[P]rx packet:             749783.944 / s

[P]Throughput:            2832697.656 ops

[P]all request:           70406781 o

[P]GetThroughput:         1404818.978 ops

[P]SetThroughput:         1427878.678 ops

[P]Valid Entries:         1389398.976 / s

[P]mica evicted:          0 / s

[P]set success:           1433432.691 / s

[P]setsuccess rate:       100.389  %

[P]get found:             1213668.581 / s

----------------------------------

[INFO]Current Time:       37.81 s

[P]indexs Load Factor:    39.9419 %

[P]set request:           36824134 

[P]get request:           36662039 

[P]Get Hit Rate:          86.6241 %

[P]ACC Hit Rate:          79.4252 %

[P]rx packet:             692183.894 / s

[P]Throughput:            2667863.492 ops

[P]all request:           73486173 o

[P]GetThroughput:         1330980.922 ops

[P]SetThroughput:         1336882.570 ops

[P]Valid Entries:         1301536.796 / s

[P]mica evicted:          0 / s

[P]set success:           1359017.214 / s

[P]setsuccess rate:       101.656  %

[P]get found:             1152950.777 / s

----------------------------------

[INFO]Current Time:       38.96 s

[P]indexs Load Factor:    41.5793 %

[P]set request:           38454128 

[P]get request:           38286127 

[P]Get Hit Rate:          86.9537 %

[P]ACC Hit Rate:          79.7445 %

[P]rx packet:             740200.307 / s

[P]Throughput:            2815777.626 ops

[P]all request:           76740255 o

[P]GetThroughput:         1405333.563 ops

[P]SetThroughput:         1410444.062 ops

[P]Valid Entries:         1372988.414 / s

[P]mica evicted:          0 / s

[P]set success:           1398202.574 / s

[P]setsuccess rate:        99.132  %

[P]get found:             1221989.005 / s

----------------------------------

[INFO]Current Time:       40.12 s

[P]indexs Load Factor:    43.2150 %

[P]set request:           40076904 

[P]get request:           39922797 

[P]Get Hit Rate:          87.2244 %

[P]ACC Hit Rate:          80.0512 %

[P]rx packet:             746902.381 / s

[P]Throughput:            2822349.337 ops

[P]all request:           79999701 o

[P]GetThroughput:         1417190.065 ops

[P]SetThroughput:         1405159.272 ops

[P]Valid Entries:         1383230.393 / s

[P]mica evicted:          0 / s

[P]set success:           1444527.346 / s

[P]setsuccess rate:       102.802  %

[P]get found:             1236135.889 / s

----------------------------------

[INFO]Current Time:       41.27 s

[P]indexs Load Factor:    44.8978 %

[P]set request:           41744003 

[P]get request:           41581515 

[P]Get Hit Rate:          87.0379 %

[P]ACC Hit Rate:          80.3299 %

[P]rx packet:             761000.496 / s

[P]Throughput:            2886442.666 ops

[P]all request:           83325518 o

[P]GetThroughput:         1439584.441 ops

[P]SetThroughput:         1446858.225 ops

[P]Valid Entries:         1405600.480 / s

[P]mica evicted:          0 / s

[P]set success:           1447630.647 / s

[P]setsuccess rate:       100.053  %

[P]get found:             1252984.661 / s

----------------------------------

[INFO]Current Time:       42.42 s

[P]indexs Load Factor:    46.5828 %

[P]set request:           43391663 

[P]get request:           43220299 

[P]Get Hit Rate:          85.3896 %

[P]ACC Hit Rate:          80.5217 %

[P]rx packet:             752829.034 / s

[P]Throughput:            2857451.922 ops

[P]all request:           86611962 o

[P]GetThroughput:         1424867.270 ops

[P]SetThroughput:         1432584.652 ops

[P]Valid Entries:         1392309.239 / s

[P]mica evicted:          0 / s

[P]set success:           1451097.326 / s

[P]setsuccess rate:       101.292  %

[P]get found:             1216688.373 / s

----------------------------------

[INFO]Current Time:       43.57 s

[P]indexs Load Factor:    48.2455 %

[P]set request:           45035810 

[P]get request:           44834139 

[P]Get Hit Rate:          86.9798 %

[P]ACC Hit Rate:          80.7542 %

[P]rx packet:             750660.217 / s

[P]Throughput:            2831615.970 ops

[P]all request:           89869949 o

[P]GetThroughput:         1402637.615 ops

[P]SetThroughput:         1428978.354 ops

[P]Valid Entries:         1371740.894 / s

[P]mica evicted:          0 / s

[P]set success:           1447372.633 / s

[P]setsuccess rate:       101.287  %

[P]get found:             1220011.563 / s

----------------------------------

[INFO]Current Time:       44.72 s

[P]indexs Load Factor:    49.9025 %

[P]set request:           46660457 

[P]get request:           46449694 

[P]Get Hit Rate:          85.4022 %

[P]ACC Hit Rate:          80.9159 %

[P]rx packet:             740367.853 / s

[P]Throughput:            2813703.856 ops

[P]all request:           93110151 o

[P]GetThroughput:         1402904.304 ops

[P]SetThroughput:         1410799.551 ops

[P]Valid Entries:         1372225.555 / s

[P]mica evicted:          0 / s

[P]set success:           1409014.177 / s

[P]setsuccess rate:        99.873  %

[P]get found:             1198110.695 / s

----------------------------------

[INFO]Current Time:       45.87 s

[P]indexs Load Factor:    51.5861 %

[P]set request:           48249453 

[P]get request:           48092356 

[P]Get Hit Rate:          84.9625 %

[P]ACC Hit Rate:          81.0541 %

[P]rx packet:             754039.432 / s

[P]Throughput:            2814851.872 ops

[P]all request:           96341809 o

[P]GetThroughput:         1430798.125 ops

[P]SetThroughput:         1384053.748 ops

[P]Valid Entries:         1364551.519 / s

[P]mica evicted:          0 / s

[P]set success:           1455523.014 / s

[P]setsuccess rate:       105.164  %

[P]get found:             1215642.117 / s

----------------------------------

[INFO]Current Time:       47.01 s

[P]indexs Load Factor:    53.2532 %

[P]set request:           49876197 

[P]get request:           49669901 

[P]Get Hit Rate:          85.7026 %

[P]ACC Hit Rate:          81.2017 %

[P]rx packet:             743936.179 / s

[P]Throughput:            2796768.545 ops

[P]all request:           99546098 o

[P]GetThroughput:         1376913.329 ops

[P]SetThroughput:         1419855.216 ops

[P]Valid Entries:         1382691.400 / s

[P]mica evicted:          0 / s

[P]set success:           1401705.790 / s

[P]setsuccess rate:        98.722  %

[P]get found:             1180050.452 / s

----------------------------------

[INFO]Current Time:       48.16 s

[P]indexs Load Factor:    54.8713 %

[P]set request:           51474976 

[P]get request:           51280290 

[P]Get Hit Rate:          83.3935 %

[P]ACC Hit Rate:          81.2705 %

[P]rx packet:             742016.946 / s

[P]Throughput:            2808364.316 ops

[P]all request:           102755266 o

[P]GetThroughput:         1409262.152 ops

[P]SetThroughput:         1399102.164 ops

[P]Valid Entries:         1380990.081 / s

[P]mica evicted:          0 / s

[P]set success:           1433007.296 / s

[P]setsuccess rate:       102.423  %

[P]get found:             1175233.251 / s

----------------------------------

[INFO]Current Time:       49.30 s

[P]indexs Load Factor:    56.4493 %

[P]set request:           52963060 

[P]get request:           52780693 

[P]Get Hit Rate:          82.9514 %

[P]ACC Hit Rate:          81.3183 %

[P]rx packet:             691539.561 / s

[P]Throughput:            2623060.604 ops

[P]all request:           105743753 o

[P]GetThroughput:         1316936.630 ops

[P]SetThroughput:         1306123.974 ops

[P]Valid Entries:         1290912.175 / s

[P]mica evicted:          0 / s

[P]set success:           1338011.612 / s

[P]setsuccess rate:       102.441  %

[P]get found:             1092417.114 / s

----------------------------------

[INFO]Current Time:       50.43 s

[P]indexs Load Factor:    58.0097 %

[P]set request:           54487550 

[P]get request:           54276952 

[P]Get Hit Rate:          84.9912 %

[P]ACC Hit Rate:          81.4196 %

[P]rx packet:             701464.186 / s

[P]Throughput:            2662435.527 ops

[P]all request:           108764502 o

[P]GetThroughput:         1318776.608 ops

[P]SetThroughput:         1343658.919 ops

[P]Valid Entries:         1310310.047 / s

[P]mica evicted:          0 / s

[P]set success:           1357049.765 / s

[P]setsuccess rate:       100.997  %

[P]get found:             1120843.642 / s

----------------------------------

[INFO]Current Time:       51.57 s

[P]indexs Load Factor:    59.5063 %

[P]set request:           55954302 

[P]get request:           55736180 

[P]Get Hit Rate:          83.6222 %

[P]ACC Hit Rate:          81.4772 %

[P]rx packet:             654773.419 / s

[P]Throughput:            2575249.015 ops

[P]all request:           111690482 o

[P]GetThroughput:         1284313.451 ops

[P]SetThroughput:         1290935.565 ops

[P]Valid Entries:         1227867.937 / s

[P]mica evicted:          0 / s

[P]set success:           1268910.258 / s

[P]setsuccess rate:        98.294  %

[P]get found:             1073971.553 / s

----------------------------------

[INFO]Current Time:       52.70 s

[P]indexs Load Factor:    60.9955 %

[P]set request:           57398846 

[P]get request:           57173863 

[P]Get Hit Rate:          83.3962 %

[P]ACC Hit Rate:          81.5255 %

[P]rx packet:             664639.483 / s

[P]Throughput:            2547311.409 ops

[P]all request:           114572709 o

[P]GetThroughput:         1270623.830 ops

[P]SetThroughput:         1276687.580 ops

[P]Valid Entries:         1246909.716 / s

[P]mica evicted:          0 / s

[P]set success:           1288882.248 / s

[P]setsuccess rate:       100.955  %

[P]get found:             1059651.999 / s

----------------------------------

[INFO]Current Time:       53.83 s

[P]indexs Load Factor:    62.4894 %

[P]set request:           58868275 

[P]get request:           58636089 

[P]Get Hit Rate:          82.2342 %

[P]ACC Hit Rate:          81.5432 %

[P]rx packet:             677762.385 / s

[P]Throughput:            2598427.429 ops

[P]all request:           117504364 o

[P]GetThroughput:         1296021.580 ops

[P]SetThroughput:         1302405.849 ops

[P]Valid Entries:         1272735.796 / s

[P]mica evicted:          0 / s

[P]set success:           1314218.031 / s

[P]setsuccess rate:       100.907  %

[P]get found:             1065773.108 / s

----------------------------------

[INFO]Current Time:       54.95 s

[P]indexs Load Factor:    63.9209 %

[P]set request:           60220229 

[P]get request:           60017558 

[P]Get Hit Rate:          82.0013 %

[P]ACC Hit Rate:          81.5537 %

[P]rx packet:             640412.374 / s

[P]Throughput:            2428515.815 ops

[P]all request:           120237787 o

[P]GetThroughput:         1227369.241 ops

[P]SetThroughput:         1201146.573 ops

[P]Valid Entries:         1205046.879 / s

[P]mica evicted:          0 / s

[P]set success:           1227586.912 / s

[P]setsuccess rate:       102.201  %

[P]get found:             1006458.255 / s

----------------------------------

[INFO]Current Time:       56.08 s

[P]indexs Load Factor:    65.3000 %

[P]set request:           61573524 

[P]get request:           61364437 

[P]Get Hit Rate:          82.8596 %

[P]ACC Hit Rate:          81.5824 %

[P]rx packet:             624441.026 / s

[P]Throughput:            2402354.088 ops

[P]all request:           122937961 o

[P]GetThroughput:         1198322.875 ops

[P]SetThroughput:         1204031.212 ops

[P]Valid Entries:         1176522.472 / s

[P]mica evicted:          0 / s

[P]set success:           1212970.063 / s

[P]setsuccess rate:       100.742  %

[P]get found:             992925.940 / s

----------------------------------

[INFO]Current Time:       57.19 s

[P]indexs Load Factor:    66.6732 %

[P]set request:           62860869 

[P]get request:           62696555 

[P]Get Hit Rate:          82.6662 %

[P]ACC Hit Rate:          81.6054 %

[P]rx packet:             620048.321 / s

[P]Throughput:            2343740.817 ops

[P]all request:           125557424 o

[P]GetThroughput:         1191900.527 ops

[P]SetThroughput:         1151840.290 ops

[P]Valid Entries:         1155116.831 / s

[P]mica evicted:          0 / s

[P]set success:           1205490.747 / s

[P]setsuccess rate:       104.658  %

[P]get found:             985298.578 / s

----------------------------------

[INFO]Current Time:       58.31 s

[P]indexs Load Factor:    67.9944 %

[P]set request:           64159155 

[P]get request:           63988435 

[P]Get Hit Rate:          82.5195 %

[P]ACC Hit Rate:          81.6239 %

[P]rx packet:             599996.441 / s

[P]Throughput:            2315791.142 ops

[P]all request:           128147590 o

[P]GetThroughput:         1155031.863 ops

[P]SetThroughput:         1160759.279 ops

[P]Valid Entries:         1134217.006 / s

[P]mica evicted:          0 / s

[P]set success:           1167546.168 / s

[P]setsuccess rate:       100.585  %

[P]get found:             953126.593 / s

----------------------------------

[INFO]Current Time:       59.42 s

[P]indexs Load Factor:    69.2472 %

[P]set request:           65389279 

[P]get request:           65213078 

[P]Get Hit Rate:          82.4012 %

[P]ACC Hit Rate:          81.6385 %

[P]rx packet:             571932.573 / s

[P]Throughput:            2210952.084 ops

[P]all request:           130602357 o

[P]GetThroughput:         1103007.737 ops

[P]SetThroughput:         1107944.347 ops

[P]Valid Entries:         1082732.598 / s

[P]mica evicted:          0 / s

[P]set success:           1114010.406 / s

[P]setsuccess rate:       100.548  %

[P]get found:             908892.036 / s

----------------------------------

[INFO]Current Time:       60.53 s

[P]indexs Load Factor:    70.4099 %

[P]set request:           66539792 

[P]get request:           66357581 

[P]Get Hit Rate:          83.3881 %

[P]ACC Hit Rate:          81.6686 %

[P]rx packet:             541381.878 / s

[P]Throughput:            2069785.923 ops

[P]all request:           132897373 o

[P]GetThroughput:         1032182.869 ops

[P]SetThroughput:         1037603.055 ops

[P]Valid Entries:         1026276.580 / s

[P]mica evicted:          0 / s

[P]set success:           1054661.759 / s

[P]setsuccess rate:       101.644  %

[P]get found:             860717.407 / s

----------------------------------

[INFO]Current Time:       61.64 s

[P]indexs Load Factor:    71.7538 %

[P]set request:           67908234 

[P]get request:           67719155 

[P]Get Hit Rate:          82.3880 %

[P]ACC Hit Rate:          81.6831 %

[P]rx packet:             645925.481 / s

[P]Throughput:            2469992.463 ops

[P]all request:           135627389 o

[P]GetThroughput:         1231889.307 ops

[P]SetThroughput:         1238103.156 ops

[P]Valid Entries:         1081305.696 / s

[P]mica evicted:          143126.629 / s

[P]set success:           1226868.828 / s

[P]setsuccess rate:        99.093  %

[P]get found:             1014928.431 / s

----------------------------------

[INFO]Current Time:       62.74 s

[P]indexs Load Factor:    73.1761 %

[P]set request:           69578711 

[P]get request:           69380536 

[P]Get Hit Rate:          82.2669 %

[P]ACC Hit Rate:          81.6971 %

[P]rx packet:             797017.597 / s

[P]Throughput:            3027588.629 ops

[P]all request:           138959247 o

[P]GetThroughput:         1509661.643 ops

[P]SetThroughput:         1517926.985 ops

[P]Valid Entries:         1225408.750 / s

[P]mica evicted:          286878.974 / s

[P]set success:           1531720.729 / s

[P]setsuccess rate:       100.909  %

[P]get found:             1241951.247 / s

----------------------------------

[INFO]Current Time:       63.83 s

[P]indexs Load Factor:    74.5633 %

[P]set request:           71239600 

[P]get request:           70987345 

[P]Get Hit Rate:          81.4510 %

[P]ACC Hit Rate:          81.6915 %

[P]rx packet:             795121.426 / s

[P]Throughput:            2979496.960 ops

[P]all request:           142226945 o

[P]GetThroughput:         1465093.326 ops

[P]SetThroughput:         1514403.634 ops

[P]Valid Entries:         1195308.132 / s

[P]mica evicted:          315530.353 / s

[P]set success:           1506966.057 / s

[P]setsuccess rate:        99.509  %

[P]get found:             1193333.166 / s

----------------------------------

[INFO]Current Time:       64.93 s

[P]indexs Load Factor:    75.8964 %

[P]set request:           72882302 

[P]get request:           72621509 

[P]Get Hit Rate:          81.9850 %

[P]ACC Hit Rate:          81.6981 %

[P]rx packet:             787796.354 / s

[P]Throughput:            2992505.803 ops

[P]all request:           145503811 o

[P]GetThroughput:         1492354.357 ops

[P]SetThroughput:         1500151.446 ops

[P]Valid Entries:         1158032.038 / s

[P]mica evicted:          341492.938 / s

[P]set success:           1512569.437 / s

[P]setsuccess rate:       100.828  %

[P]get found:             1223507.308 / s

----------------------------------

[INFO]Current Time:       66.02 s

[P]indexs Load Factor:    77.2273 %

[P]set request:           74536328 

[P]get request:           74289489 

[P]Get Hit Rate:          80.8532 %

[P]ACC Hit Rate:          81.6791 %

[P]rx packet:             797799.612 / s

[P]Throughput:            3053011.775 ops

[P]all request:           148825817 o

[P]GetThroughput:         1532917.936 ops

[P]SetThroughput:         1520093.839 ops

[P]Valid Entries:         1160514.585 / s

[P]mica evicted:          376237.530 / s

[P]set success:           1552380.161 / s

[P]setsuccess rate:       102.124  %

[P]get found:             1239413.016 / s

----------------------------------

[INFO]Current Time:       67.10 s

[P]indexs Load Factor:    78.4953 %

[P]set request:           76181830 

[P]get request:           75926830 

[P]Get Hit Rate:          81.6385 %

[P]ACC Hit Rate:          81.6783 %

[P]rx packet:             795470.035 / s

[P]Throughput:            3024337.157 ops

[P]all request:           152108660 o

[P]GetThroughput:         1508409.396 ops

[P]SetThroughput:         1515927.762 ops

[P]Valid Entries:         1113043.387 / s

[P]mica evicted:          406625.593 / s

[P]set success:           1527337.511 / s

[P]setsuccess rate:       100.753  %

[P]get found:             1231442.222 / s

----------------------------------

[INFO]Current Time:       68.19 s

[P]indexs Load Factor:    79.6838 %

[P]set request:           77790834 

[P]get request:           77527372 

[P]Get Hit Rate:          82.6767 %

[P]ACC Hit Rate:          81.6989 %

[P]rx packet:             779995.727 / s

[P]Throughput:            2966728.328 ops

[P]all request:           155318206 o

[P]GetThroughput:         1479453.259 ops

[P]SetThroughput:         1487275.068 ops

[P]Valid Entries:         1076265.915 / s

[P]mica evicted:          437683.906 / s

[P]set success:           1517824.676 / s

[P]setsuccess rate:       102.054  %

[P]get found:             1223162.849 / s

----------------------------------

[INFO]Current Time:       69.26 s

[P]indexs Load Factor:    80.8356 %

[P]set request:           79293694 

[P]get request:           79045479 

[P]Get Hit Rate:          81.4041 %

[P]ACC Hit Rate:          81.6932 %

[P]rx packet:             746137.538 / s

[P]Throughput:            2815136.007 ops

[P]all request:           158339173 o

[P]GetThroughput:         1414672.083 ops

[P]SetThroughput:         1400463.924 ops

[P]Valid Entries:         986930.744 / s

[P]mica evicted:          443025.803 / s

[P]set success:           1430968.553 / s

[P]setsuccess rate:       102.178  %

[P]get found:             1151600.760 / s

----------------------------------

[INFO]Current Time:       70.33 s

[P]indexs Load Factor:    82.0169 %

[P]set request:           80959446 

[P]get request:           80703105 

[P]Get Hit Rate:          81.1937 %

[P]ACC Hit Rate:          81.6830 %

[P]rx packet:             816105.736 / s

[P]Throughput:            3102866.306 ops

[P]all request:           161662551 o

[P]GetThroughput:         1547639.740 ops

[P]SetThroughput:         1555226.566 ops

[P]Valid Entries:         1048785.837 / s

[P]mica evicted:          504114.077 / s

[P]set success:           1563646.207 / s

[P]setsuccess rate:       100.541  %

[P]get found:             1256586.078 / s

----------------------------------

[INFO]Current Time:       71.40 s

[P]indexs Load Factor:    83.1358 %

[P]set request:           82617450 

[P]get request:           82352816 

[P]Get Hit Rate:          80.0093 %

[P]ACC Hit Rate:          81.6494 %

[P]rx packet:             815260.138 / s

[P]Throughput:            3100051.719 ops

[P]all request:           164970266 o

[P]GetThroughput:         1546139.683 ops

[P]SetThroughput:         1553912.036 ops

[P]Valid Entries:         1013888.606 / s

[P]mica evicted:          552886.754 / s

[P]set success:           1561870.896 / s

[P]setsuccess rate:       100.512  %

[P]get found:             1237055.328 / s

----------------------------------

[INFO]Current Time:       72.46 s

[P]indexs Load Factor:    84.2263 %

[P]set request:           84230174 

[P]get request:           83957363 

[P]Get Hit Rate:          80.8570 %

[P]ACC Hit Rate:          81.6343 %

[P]rx packet:             807068.254 / s

[P]Throughput:            3026512.773 ops

[P]all request:           168187537 o

[P]GetThroughput:         1509410.301 ops

[P]SetThroughput:         1517102.471 ops

[P]Valid Entries:         969600.030 / s

[P]mica evicted:          575970.148 / s

[P]set success:           1545039.619 / s

[P]setsuccess rate:       101.841  %

[P]get found:             1220464.294 / s

----------------------------------

[INFO]Current Time:       73.52 s

[P]indexs Load Factor:    85.2681 %

[P]set request:           85799044 

[P]get request:           85541395 

[P]Get Hit Rate:          82.9147 %

[P]ACC Hit Rate:          81.6580 %

[P]rx packet:             811843.225 / s

[P]Throughput:            2982812.915 ops

[P]all request:           171340439 o

[P]GetThroughput:         1498578.486 ops

[P]SetThroughput:         1484234.428 ops

[P]Valid Entries:         941388.176 / s

[P]mica evicted:          624147.223 / s

[P]set success:           1511877.156 / s

[P]setsuccess rate:       101.862  %

[P]get found:             1242541.496 / s

----------------------------------

[INFO]Current Time:       74.57 s

[P]indexs Load Factor:    86.2578 %

[P]set request:           87378484 

[P]get request:           87136062 

[P]Get Hit Rate:          81.6143 %

[P]ACC Hit Rate:          81.6572 %

[P]rx packet:             807615.390 / s

[P]Throughput:            3009445.439 ops

[P]all request:           174514546 o

[P]GetThroughput:         1511941.258 ops

[P]SetThroughput:         1497504.181 ops

[P]Valid Entries:         900558.989 / s

[P]mica evicted:          658807.407 / s

[P]set success:           1545199.534 / s

[P]setsuccess rate:       103.185  %

[P]get found:             1233960.929 / s

----------------------------------

[INFO]Current Time:       75.62 s

[P]indexs Load Factor:    87.2141 %

[P]set request:           88987608 

[P]get request:           88759363 

[P]Get Hit Rate:          79.2908 %

[P]ACC Hit Rate:          81.6139 %

[P]rx packet:             815144.576 / s

[P]Throughput:            3082713.303 ops

[P]all request:           177746971 o

[P]GetThroughput:         1548116.843 ops

[P]SetThroughput:         1534596.460 ops

[P]Valid Entries:         873278.316 / s

[P]mica evicted:          703728.489 / s

[P]set success:           1560600.572 / s

[P]setsuccess rate:       101.695  %

[P]get found:             1227514.851 / s

----------------------------------

[INFO]Current Time:       76.67 s

[P]indexs Load Factor:    88.1236 %

[P]set request:           90594789 

[P]get request:           90381347 

[P]Get Hit Rate:          79.0770 %

[P]ACC Hit Rate:          81.5684 %

[P]rx packet:             804435.652 / s

[P]Throughput:            3084475.069 ops

[P]all request:           180976136 o

[P]GetThroughput:         1549307.394 ops

[P]SetThroughput:         1535167.675 ops

[P]Valid Entries:         836942.773 / s

[P]mica evicted:          742844.823 / s

[P]set success:           1561143.188 / s

[P]setsuccess rate:       101.692  %

[P]get found:             1225145.533 / s

----------------------------------

[INFO]Current Time:       77.71 s

[P]indexs Load Factor:    88.9856 %

[P]set request:           92139902 

[P]get request:           91919931 

[P]Get Hit Rate:          83.5236 %

[P]ACC Hit Rate:          81.6011 %

[P]rx packet:             813517.457 / s

[P]Throughput:            2969270.160 ops

[P]all request:           184059833 o

[P]GetThroughput:         1481491.716 ops

[P]SetThroughput:         1487778.444 ops

[P]Valid Entries:         798812.156 / s

[P]mica evicted:          767641.384 / s

[P]set success:           1554974.893 / s

[P]setsuccess rate:       104.517  %

[P]get found:             1237395.460 / s

----------------------------------

[INFO]Current Time:       78.74 s

[P]indexs Load Factor:    89.8094 %

[P]set request:           93729748 

[P]get request:           93502634 

[P]Get Hit Rate:          81.0937 %

[P]ACC Hit Rate:          81.5925 %

[P]rx packet:             814686.650 / s

[P]Throughput:            3060548.628 ops

[P]all request:           187232382 o

[P]GetThroughput:         1526828.898 ops

[P]SetThroughput:         1533719.729 ops

[P]Valid Entries:         764311.135 / s

[P]mica evicted:          817146.627 / s

[P]set success:           1557244.831 / s

[P]setsuccess rate:       101.534  %

[P]get found:             1238161.639 / s

----------------------------------

[INFO]Current Time:       79.78 s

[P]indexs Load Factor:    90.5841 %

[P]set request:           95319612 

[P]get request:           95105016 

[P]Get Hit Rate:          79.8306 %

[P]ACC Hit Rate:          81.5628 %

[P]rx packet:             811442.378 / s

[P]Throughput:            3072048.544 ops

[P]all request:           190424628 o

[P]GetThroughput:         1542047.602 ops

[P]SetThroughput:         1530000.942 ops

[P]Valid Entries:         714957.462 / s

[P]mica evicted:          840372.455 / s

[P]set success:           1529455.291 / s

[P]setsuccess rate:        99.964  %

[P]get found:             1231025.694 / s

----------------------------------

[INFO]Current Time:       80.81 s

[P]indexs Load Factor:    91.3153 %

[P]set request:           96836697 

[P]get request:           96615489 

[P]Get Hit Rate:          77.4396 %

[P]ACC Hit Rate:          81.4984 %

[P]rx packet:             771994.064 / s

[P]Throughput:            2947033.374 ops

[P]all request:           193452186 o

[P]GetThroughput:         1470298.618 ops

[P]SetThroughput:         1476734.757 ops

[P]Valid Entries:         656237.005 / s

[P]mica evicted:          845727.378 / s

[P]set success:           1477173.761 / s

[P]setsuccess rate:       100.030  %

[P]get found:             1138594.099 / s

----------------------------------

[INFO]Current Time:       81.94 s

[P]indexs Load Factor:    91.9943 %

[P]set request:           98476729 

[P]get request:           98229243 

[P]Get Hit Rate:          80.5794 %

[P]ACC Hit Rate:          81.4833 %

[P]rx packet:             759561.039 / s

[P]Throughput:            2880167.946 ops

[P]all request:           196705972 o

[P]GetThroughput:         1428453.667 ops

[P]SetThroughput:         1451714.279 ops

[P]Valid Entries:         611650.173 / s

[P]mica evicted:          867582.407 / s

[P]set success:           1430812.657 / s

[P]setsuccess rate:        98.560  %

[P]get found:             1151040.022 / s

----------------------------------

[INFO]Current Time:       82.96 s

[P]indexs Load Factor:    92.6359 %

[P]set request:           100060309 

[P]get request:           99806149 

[P]Get Hit Rate:          78.3365 %

[P]ACC Hit Rate:          81.4336 %

[P]rx packet:             810390.816 / s

[P]Throughput:            3091296.536 ops

[P]all request:           199866458 o

[P]GetThroughput:         1542384.322 ops

[P]SetThroughput:         1548912.214 ops

[P]Valid Entries:         617705.503 / s

[P]mica evicted:          961523.168 / s

[P]set success:           1548856.462 / s

[P]setsuccess rate:        99.996  %

[P]get found:             1208249.925 / s

----------------------------------

[INFO]Current Time:       83.98 s

[P]indexs Load Factor:    93.2470 %

[P]set request:           101620816 

[P]get request:           101360778 

[P]Get Hit Rate:          79.2897 %

[P]ACC Hit Rate:          81.4007 %

[P]rx packet:             801431.202 / s

[P]Throughput:            3055927.149 ops

[P]all request:           202981594 o

[P]GetThroughput:         1525080.436 ops

[P]SetThroughput:         1530846.714 ops

[P]Valid Entries:         577011.355 / s

[P]mica evicted:          985545.962 / s

[P]set success:           1530760.386 / s

[P]setsuccess rate:        99.994  %

[P]get found:             1209231.045 / s

----------------------------------

[INFO]Current Time:       84.99 s

[P]indexs Load Factor:    93.8086 %

[P]set request:           103150208 

[P]get request:           102905267 

[P]Get Hit Rate:          79.2298 %

[P]ACC Hit Rate:          81.3681 %

[P]rx packet:             800186.918 / s

[P]Throughput:            3031016.970 ops

[P]all request:           206055475 o

[P]GetThroughput:         1522951.724 ops

[P]SetThroughput:         1508065.246 ops

[P]Valid Entries:         542237.783 / s

[P]mica evicted:          1019121.786 / s

[P]set success:           1505862.398 / s

[P]setsuccess rate:        99.854  %

[P]get found:             1206631.067 / s

----------------------------------

[INFO]Current Time:       86.00 s

[P]indexs Load Factor:    94.3350 %

[P]set request:           104646631 

[P]get request:           104440196 

[P]Get Hit Rate:          79.0666 %

[P]ACC Hit Rate:          81.3343 %

[P]rx packet:             799622.886 / s

[P]Throughput:            3006595.619 ops

[P]all request:           209086827 o

[P]GetThroughput:         1522393.575 ops

[P]SetThroughput:         1484202.045 ops

[P]Valid Entries:         510259.511 / s

[P]mica evicted:          1050936.563 / s

[P]set success:           1526032.611 / s

[P]setsuccess rate:       102.818  %

[P]get found:             1203704.667 / s

----------------------------------

[INFO]Current Time:       87.01 s

[P]indexs Load Factor:    94.8345 %

[P]set request:           106208404 

[P]get request:           105995738 

[P]Get Hit Rate:          77.8716 %

[P]ACC Hit Rate:          81.2835 %

[P]rx packet:             811792.953 / s

[P]Throughput:            3097614.008 ops

[P]all request:           212204142 o

[P]GetThroughput:         1545711.193 ops

[P]SetThroughput:         1551902.814 ops

[P]Valid Entries:         485425.667 / s

[P]mica evicted:          1084209.370 / s

[P]set success:           1549589.527 / s

[P]setsuccess rate:        99.851  %

[P]get found:             1203670.590 / s

----------------------------------

[INFO]Current Time:       88.01 s

[P]indexs Load Factor:    95.2941 %

[P]set request:           107773676 

[P]get request:           107554635 

[P]Get Hit Rate:          78.9873 %

[P]ACC Hit Rate:          81.2502 %

[P]rx packet:             814106.708 / s

[P]Throughput:            3105961.859 ops

[P]all request:           215328311 o

[P]GetThroughput:         1549812.006 ops

[P]SetThroughput:         1556149.853 ops

[P]Valid Entries:         454102.055 / s

[P]mica evicted:          1136672.827 / s

[P]set success:           1553660.446 / s

[P]setsuccess rate:        99.840  %

[P]get found:             1224154.012 / s

----------------------------------

[INFO]Current Time:       89.01 s

[P]indexs Load Factor:    95.7200 %

[P]set request:           109303367 

[P]get request:           109056327 

[P]Get Hit Rate:          78.8385 %

[P]ACC Hit Rate:          81.2170 %

[P]rx packet:             800709.796 / s

[P]Throughput:            3033211.907 ops

[P]all request:           218359694 o

[P]GetThroughput:         1502598.007 ops

[P]SetThroughput:         1530613.900 ops

[P]Valid Entries:         417039.458 / s

[P]mica evicted:          1147516.907 / s

[P]set success:           1526968.702 / s

[P]setsuccess rate:        99.762  %

[P]get found:             1184625.282 / s

----------------------------------

[INFO]Current Time:       90.01 s

[P]indexs Load Factor:    96.1160 %

[P]set request:           110853780 

[P]get request:           110600793 

[P]Get Hit Rate:          78.6992 %

[P]ACC Hit Rate:          81.1818 %

[P]rx packet:             812392.634 / s

[P]Throughput:            3101413.383 ops

[P]all request:           221454573 o

[P]GetThroughput:         1547726.914 ops

[P]SetThroughput:         1553686.470 ops

[P]Valid Entries:         393813.728 / s

[P]mica evicted:          1194070.794 / s

[P]set success:           1549705.081 / s

[P]setsuccess rate:        99.744  %

[P]get found:             1218048.312 / s

----------------------------------

[INFO]Current Time:       91.01 s

[P]indexs Load Factor:    96.4800 %

[P]set request:           112366717 

[P]get request:           112130170 

[P]Get Hit Rate:          75.2455 %

[P]ACC Hit Rate:          81.1008 %

[P]rx packet:             807850.859 / s

[P]Throughput:            3061500.641 ops

[P]all request:           224496887 o

[P]GetThroughput:         1539022.161 ops

[P]SetThroughput:         1522478.480 ops

[P]Valid Entries:         362450.503 / s

[P]mica evicted:          1198674.176 / s

[P]set success:           1517499.275 / s

[P]setsuccess rate:        99.673  %

[P]get found:             1158044.547 / s

----------------------------------

[INFO]Current Time:       92.00 s

[P]indexs Load Factor:    96.8146 %

[P]set request:           113889834 

[P]get request:           113648069 

[P]Get Hit Rate:          77.3225 %

[P]ACC Hit Rate:          81.0504 %

[P]rx packet:             801975.394 / s

[P]Throughput:            3061417.401 ops

[P]all request:           227537903 o

[P]GetThroughput:         1528082.197 ops

[P]SetThroughput:         1533335.204 ops

[P]Valid Entries:         333257.843 / s

[P]mica evicted:          1216723.290 / s

[P]set success:           1529270.114 / s

[P]setsuccess rate:        99.735  %

[P]get found:             1181550.900 / s

----------------------------------

[INFO]Current Time:       92.99 s

[P]indexs Load Factor:    97.0570 %

[P]set request:           115208440 

[P]get request:           114960718 

[P]Get Hit Rate:          77.6089 %

[P]ACC Hit Rate:          81.0111 %

[P]rx packet:             476534.745 / s

[P]Throughput:            2662090.230 ops

[P]all request:           230169158 o

[P]GetThroughput:         1328031.711 ops

[P]SetThroughput:         1334058.520 ops

[P]Valid Entries:         267586.478 / s

[P]mica evicted:          1083852.359 / s

[P]set success:           1330175.543 / s

[P]setsuccess rate:        99.709  %

[P]get found:             1030670.347 / s

----------------------------------
[INFO]End rx_queue_1:17669544

[INFO]Current Time:       93.97 s

[P]indexs Load Factor:    97.2796 %

[P]set request:           116387882 

[P]get request:           116120419 

[P]Get Hit Rate:          77.6708 %

[P]ACC Hit Rate:          80.9777 %

[P]rx packet:             454001.191 / s

[P]Throughput:            2367570.413 ops

[P]all request:           232508301 o

[P]GetThroughput:         1173794.751 ops

[P]SetThroughput:         1193775.662 ops

[P]Valid Entries:         221237.397 / s

[P]mica evicted:          963113.097 / s

[P]set success:           1188450.726 / s

[P]setsuccess rate:        99.554  %

[P]get found:             911695.729 / s

----------------------------------

[INFO]Current Time:       94.96 s

[P]indexs Load Factor:    97.4828 %

[P]set request:           117563057 

[P]get request:           117275304 

[P]Get Hit Rate:          77.5610 %

[P]ACC Hit Rate:          80.9441 %

[P]rx packet:             607787.983 / s

[P]Throughput:            2361788.104 ops

[P]all request:           234838361 o

[P]GetThroughput:         1170610.909 ops

[P]SetThroughput:         1191177.195 ops

[P]Valid Entries:         207173.150 / s

[P]mica evicted:          974712.219 / s

[P]set success:           1184324.131 / s

[P]setsuccess rate:        99.425  %

[P]get found:             907937.167 / s

----------------------------------

[INFO]Current Time:       95.95 s

[P]indexs Load Factor:    97.6730 %

[P]set request:           118703819 

[P]get request:           118395584 

[P]Get Hit Rate:          77.5563 %

[P]ACC Hit Rate:          80.9120 %

[P]rx packet:             582340.910 / s

[P]Throughput:            2293713.843 ops

[P]all request:           237099403 o

[P]GetThroughput:         1136467.940 ops

[P]SetThroughput:         1157245.903 ops

[P]Valid Entries:         188531.457 / s

[P]mica evicted:          971602.585 / s

[P]set success:           1150406.481 / s

[P]setsuccess rate:        99.409  %

[P]get found:             881402.771 / s

----------------------------------

[INFO]Current Time:       96.93 s

[P]indexs Load Factor:    97.8511 %

[P]set request:           119837053 

[P]get request:           119539836 

[P]Get Hit Rate:          77.4623 %

[P]ACC Hit Rate:          80.8790 %

[P]rx packet:             605797.190 / s

[P]Throughput:            2323289.258 ops

[P]all request:           239376889 o

[P]GetThroughput:         1167264.422 ops

[P]SetThroughput:         1156024.836 ops

[P]Valid Entries:         181490.046 / s

[P]mica evicted:          995353.222 / s

[P]set success:           1180955.336 / s

[P]setsuccess rate:       102.157  %

[P]get found:             904189.953 / s

----------------------------------

[INFO]Current Time:       97.91 s

[P]indexs Load Factor:    98.0150 %

[P]set request:           120976777 

[P]get request:           120627516 

[P]Get Hit Rate:          80.7541 %

[P]ACC Hit Rate:          80.8779 %

[P]rx packet:             601721.941 / s

[P]Throughput:            2273855.182 ops

[P]all request:           241604294 o

[P]GetThroughput:         1110362.419 ops

[P]SetThroughput:         1163491.742 ops

[P]Valid Entries:         168222.438 / s

[P]mica evicted:          1014193.894 / s

[P]set success:           1155761.836 / s

[P]setsuccess rate:        99.336  %

[P]get found:             896662.980 / s

----------------------------------
run finish job......

Total Index Entries:      91621277

[INFO]End rx_queue_2:18743664
[INFO]End rx_queue_0:18437300
[INFO]End rx_queue_3:9305900
indexs Load Factor:     98.024981 %

log_0 Load Factor:      214748364798.875061 %

log_1 Load Factor:      0.531282 %

log_2 Load Factor:      214748364798.397369 %

log_3 Load Factor:      2.607177 %

Get Hit Rate:           80.863168%

Max Throughput:         3105961.859023

Calc Load Factor:       98.024981%
valid count:            18446744073707135823

set request:              36874600 | set_success:              36871564
set_fail:                     3036 | set_key_duplicate:          882270 | set_mica_evicted:                0
set_random:                      0 | set_cuckoo_evicted:         518287 | set_expire_evicted:        9009582

get request:              36874600
get_found:                29380892 | get_notfound:              7493708 | get_hit_ratio:          79.677860%

clean up:                        0 | test_notfound:                   0
move_to_head_performed:    3442822 | move_to_head_skipped:     25938070 | move_to_head_failed:             0


valid count:               1140920

set request:              35339086 | set_success:              35336022
set_fail:                     3064 | set_key_duplicate:          673726 | set_mica_evicted:                0
set_random:                      0 | set_cuckoo_evicted:         562633 | set_expire_evicted:        7013812

get request:              35339086
get_found:                29119759 | get_notfound:              6219327 | get_hit_ratio:          82.400996%

clean up:                        0 | test_notfound:                   0
move_to_head_performed:    2723895 | move_to_head_skipped:     26395864 | move_to_head_failed:             0


valid count:            18446744073706110011

set request:              37487328 | set_success:              37484442
set_fail:                     2886 | set_key_duplicate:         1000677 | set_mica_evicted:                0
set_random:                      0 | set_cuckoo_evicted:         523270 | set_expire_evicted:        9154363

get request:              37487328
get_found:                29257842 | get_notfound:              8229486 | get_hit_ratio:          78.047286%

clean up:                        0 | test_notfound:                   0
move_to_head_performed:    3815814 | move_to_head_skipped:     25442028 | move_to_head_failed:             0


valid count:               5598870

set request:              18611800 | set_success:              18610096
set_fail:                     1704 | set_key_duplicate:          290316 | set_mica_evicted:                0
set_random:                      0 | set_cuckoo_evicted:         269830 | set_expire_evicted:        4529860

get request:              18611800
get_found:                14300473 | get_notfound:              4311327 | get_hit_ratio:          76.835518%

clean up:                        0 | test_notfound:                   0
move_to_head_performed:    1618721 | move_to_head_skipped:     12681752 | move_to_head_failed:             0


[INFO] Everything works fine.
