EAL: Probing VFIO support...
EAL: VFIO support initialized
EAL: PCI device 0000:03:00.0 on NUMA socket 0
EAL:   probe driver: 15b3:1017 net_mlx5
WEN: There are 1 device(s) available
starting port 0...
querying port 0...
port 0: 100 Gbps (full-duplex)
Adding UDP filter for each endpoint.
port_id/queue_id/udp_port = 0 0 0
Flow is created with src_port = 0, dst_port = 0
port_id/queue_id/udp_port = 0 1 1
Flow is created with src_port = 0, dst_port = 1
port_id/queue_id/udp_port = 0 2 2
Flow is created with src_port = 0, dst_port = 2
port_id/queue_id/udp_port = 0 3 3
Flow is created with src_port = 0, dst_port = 3
MEM: Initializing pages...
 == [STAT] Workers Start (4 threads in total) == 

[INFO]Current Time:       3.00 s

[P]indexs Load Factor:    0.0411 %

[P]log_0 Load Factor:     0.037555 %

[P]log_1 Load Factor:     0.042323 %

[P]log_2 Load Factor:     0.039952 %

[P]log_3 Load Factor:     0.071311 %

[P]Get Hit Rate:         20.4290 %

[P]rx packet:       8396.486 / s

[P]Throughput:      523101.594 ops

[P]Valid Entries:   29495.178 / s

[P]set success:     29516.840 / s

[P]get found:       100842.817 / s

----------------------------------

[INFO]Current Time:       4.78 s

[P]indexs Load Factor:    0.2188 %

[P]log_0 Load Factor:     0.130180 %

[P]log_1 Load Factor:     0.152625 %

[P]log_2 Load Factor:     0.170384 %

[P]log_3 Load Factor:     0.144942 %

[P]Get Hit Rate:         25.1494 %

[P]rx packet:       34825.357 / s

[P]Throughput:      2050482.972 ops

[P]Valid Entries:   118138.016 / s

[P]set success:     118290.453 / s

[P]get found:       486040.758 / s

----------------------------------

[INFO]Current Time:       5.74 s

[P]indexs Load Factor:    0.4776 %

[P]log_0 Load Factor:     0.268368 %

[P]log_1 Load Factor:     0.322705 %

[P]log_2 Load Factor:     0.350900 %

[P]log_3 Load Factor:     0.236468 %

[P]Get Hit Rate:         29.0618 %

[P]rx packet:       88243.816 / s

[P]Throughput:      5242169.588 ops

[P]Valid Entries:   300683.095 / s

[P]set success:     301045.571 / s

[P]get found:       1436290.848 / s

----------------------------------

[INFO]Current Time:       6.69 s

[P]indexs Load Factor:    0.7451 %

[P]log_0 Load Factor:     0.404799 %

[P]log_1 Load Factor:     0.500489 %

[P]log_2 Load Factor:     0.529267 %

[P]log_3 Load Factor:     0.330055 %

[P]Get Hit Rate:         32.9622 %

[P]rx packet:       91936.126 / s

[P]Throughput:      5520462.848 ops

[P]Valid Entries:   325719.593 / s

[P]set success:     326079.112 / s

[P]get found:       1712561.582 / s

----------------------------------

[INFO]Current Time:       7.65 s

[P]indexs Load Factor:    1.0114 %

[P]log_0 Load Factor:     0.541113 %

[P]log_1 Load Factor:     0.673711 %

[P]log_2 Load Factor:     0.709673 %

[P]log_3 Load Factor:     0.424020 %

[P]Get Hit Rate:         37.3436 %

[P]rx packet:       91581.334 / s

[P]Throughput:      5364516.345 ops

[P]Valid Entries:   324556.659 / s

[P]set success:     324982.677 / s

[P]get found:       1884159.135 / s

----------------------------------

[INFO]Current Time:       8.60 s

[P]indexs Load Factor:    1.2792 %

[P]log_0 Load Factor:     0.679770 %

[P]log_1 Load Factor:     0.848420 %

[P]log_2 Load Factor:     0.890346 %

[P]log_3 Load Factor:     0.517910 %

[P]Get Hit Rate:         38.4004 %

[P]rx packet:       92872.058 / s

[P]Throughput:      5509105.651 ops

[P]Valid Entries:   325818.817 / s

[P]set success:     326306.186 / s

[P]get found:       1990730.348 / s

----------------------------------

[INFO]Current Time:       9.57 s

[P]indexs Load Factor:    1.5418 %

[P]log_0 Load Factor:     0.815444 %

[P]log_1 Load Factor:     1.020743 %

[P]log_2 Load Factor:     1.067761 %

[P]log_3 Load Factor:     0.611672 %

[P]Get Hit Rate:         43.2701 %

[P]rx packet:       90687.160 / s

[P]Throughput:      5130758.334 ops

[P]Valid Entries:   318108.819 / s

[P]set success:     318556.193 / s

[P]get found:       2082815.274 / s

----------------------------------

[INFO]Current Time:       10.53 s

[P]indexs Load Factor:    1.8138 %

[P]log_0 Load Factor:     0.955198 %

[P]log_1 Load Factor:     1.197556 %

[P]log_2 Load Factor:     1.249619 %

[P]log_3 Load Factor:     0.705793 %

[P]Get Hit Rate:         44.1185 %

[P]rx packet:       94130.836 / s

[P]Throughput:      5407742.198 ops

[P]Valid Entries:   327724.325 / s

[P]set success:     328208.531 / s

[P]get found:       2241618.457 / s

----------------------------------

[INFO]Current Time:       11.50 s

[P]indexs Load Factor:    2.0843 %

[P]log_0 Load Factor:     1.094831 %

[P]log_1 Load Factor:     1.374001 %

[P]log_2 Load Factor:     1.432410 %

[P]log_3 Load Factor:     0.797933 %

[P]Get Hit Rate:         42.6608 %

[P]rx packet:       92306.018 / s

[P]Throughput:      5493014.613 ops

[P]Valid Entries:   325034.759 / s

[P]set success:     325471.021 / s

[P]get found:       2205083.519 / s

----------------------------------

[INFO]Current Time:       12.47 s

[P]indexs Load Factor:    2.3535 %

[P]log_0 Load Factor:     1.233064 %

[P]log_1 Load Factor:     1.546772 %

[P]log_2 Load Factor:     1.614813 %

[P]log_3 Load Factor:     0.891907 %

[P]Get Hit Rate:         47.9512 %

[P]rx packet:       93158.990 / s

[P]Throughput:      5305068.658 ops

[P]Valid Entries:   323875.156 / s

[P]set success:     324331.566 / s

[P]get found:       2391206.842 / s

----------------------------------

[INFO]Current Time:       13.45 s

[P]indexs Load Factor:    2.6234 %

[P]log_0 Load Factor:     1.374602 %

[P]log_1 Load Factor:     1.722401 %

[P]log_2 Load Factor:     1.796266 %

[P]log_3 Load Factor:     0.985771 %

[P]Get Hit Rate:         49.6010 %

[P]rx packet:       92524.959 / s

[P]Throughput:      5127496.150 ops

[P]Valid Entries:   319964.179 / s

[P]set success:     320354.562 / s

[P]get found:       2385098.607 / s

----------------------------------

[INFO]Current Time:       14.43 s

[P]indexs Load Factor:    2.8939 %

[P]log_0 Load Factor:     1.515269 %

[P]log_1 Load Factor:     1.896387 %

[P]log_2 Load Factor:     1.981689 %

[P]log_3 Load Factor:     1.080170 %

[P]Get Hit Rate:         51.9848 %

[P]rx packet:       93727.304 / s

[P]Throughput:      5063796.593 ops

[P]Valid Entries:   321031.195 / s

[P]set success:     321470.230 / s

[P]get found:       2466052.247 / s

----------------------------------

[INFO]Current Time:       15.42 s

[P]indexs Load Factor:    3.1663 %

[P]log_0 Load Factor:     1.657089 %

[P]log_1 Load Factor:     2.072347 %

[P]log_2 Load Factor:     2.167059 %

[P]log_3 Load Factor:     1.175029 %

[P]Get Hit Rate:         54.9109 %

[P]rx packet:       93547.498 / s

[P]Throughput:      4949533.520 ops

[P]Valid Entries:   321287.548 / s

[P]set success:     321793.456 / s

[P]get found:       2541894.465 / s

----------------------------------

[INFO]Current Time:       16.41 s

[P]indexs Load Factor:    3.4334 %

[P]log_0 Load Factor:     1.794836 %

[P]log_1 Load Factor:     2.242481 %

[P]log_2 Load Factor:     2.349509 %

[P]log_3 Load Factor:     1.269825 %

[P]Get Hit Rate:         55.4140 %

[P]rx packet:       92172.978 / s

[P]Throughput:      4921273.058 ops

[P]Valid Entries:   318021.206 / s

[P]set success:     318374.266 / s

[P]get found:       2553990.590 / s

----------------------------------

[INFO]Current Time:       17.40 s

[P]indexs Load Factor:    3.7051 %

[P]log_0 Load Factor:     1.936438 %

[P]log_1 Load Factor:     2.414223 %

[P]log_2 Load Factor:     2.535328 %

[P]log_3 Load Factor:     1.365233 %

[P]Get Hit Rate:         54.3929 %

[P]rx packet:       93816.708 / s

[P]Throughput:      5072748.589 ops

[P]Valid Entries:   316282.040 / s

[P]set success:     316739.957 / s

[P]get found:       2587803.954 / s

----------------------------------

[INFO]Current Time:       18.39 s

[P]indexs Load Factor:    3.9817 %

[P]log_0 Load Factor:     2.081698 %

[P]log_1 Load Factor:     2.592068 %

[P]log_2 Load Factor:     2.723789 %

[P]log_3 Load Factor:     1.461240 %

[P]Get Hit Rate:         55.5210 %

[P]rx packet:       94153.991 / s

[P]Throughput:      5113522.405 ops

[P]Valid Entries:   322134.354 / s

[P]set success:     322644.497 / s

[P]get found:       2660814.674 / s

----------------------------------

[INFO]Current Time:       19.40 s

[P]indexs Load Factor:    4.2581 %

[P]log_0 Load Factor:     2.225967 %

[P]log_1 Load Factor:     2.768403 %

[P]log_2 Load Factor:     2.912233 %

[P]log_3 Load Factor:     1.555977 %

[P]Get Hit Rate:         55.1832 %

[P]rx packet:       94185.034 / s

[P]Throughput:      5290921.917 ops

[P]Valid Entries:   320948.848 / s

[P]set success:     321380.529 / s

[P]get found:       2743219.296 / s

----------------------------------

[INFO]Current Time:       20.40 s

[P]indexs Load Factor:    4.5306 %

[P]log_0 Load Factor:     2.365656 %

[P]log_1 Load Factor:     2.938768 %

[P]log_2 Load Factor:     3.100524 %

[P]log_3 Load Factor:     1.651863 %

[P]Get Hit Rate:         60.6543 %

[P]rx packet:       93729.472 / s

[P]Throughput:      4927322.817 ops

[P]Valid Entries:   317143.388 / s

[P]set success:     317571.554 / s

[P]get found:       2796888.396 / s

----------------------------------

[INFO]Current Time:       21.42 s

[P]indexs Load Factor:    4.7991 %

[P]log_0 Load Factor:     2.502037 %

[P]log_1 Load Factor:     3.105206 %

[P]log_2 Load Factor:     3.285579 %

[P]log_3 Load Factor:     1.746841 %

[P]Get Hit Rate:         59.8527 %

[P]rx packet:       90971.515 / s

[P]Throughput:      4860778.398 ops

[P]Valid Entries:   306279.164 / s

[P]set success:     306801.767 / s

[P]get found:       2729423.045 / s

----------------------------------

[INFO]Current Time:       22.43 s

[P]indexs Load Factor:    5.0750 %

[P]log_0 Load Factor:     2.647532 %

[P]log_1 Load Factor:     3.282636 %

[P]log_2 Load Factor:     3.479382 %

[P]log_3 Load Factor:     1.842786 %

[P]Get Hit Rate:         60.9377 %

[P]rx packet:       94598.544 / s

[P]Throughput:      4901132.609 ops

[P]Valid Entries:   318409.375 / s

[P]set success:     318895.158 / s

[P]get found:       2793339.209 / s

----------------------------------

[INFO]Current Time:       23.45 s

[P]indexs Load Factor:    5.3492 %

[P]log_0 Load Factor:     2.789432 %

[P]log_1 Load Factor:     3.456654 %

[P]log_2 Load Factor:     3.668943 %

[P]log_3 Load Factor:     1.937414 %

[P]Get Hit Rate:         61.1059 %

[P]rx packet:       93046.188 / s

[P]Throughput:      5038408.473 ops

[P]Valid Entries:   312826.261 / s

[P]set success:     313294.200 / s

[P]get found:       2888214.670 / s

----------------------------------

[INFO]Current Time:       24.47 s

[P]indexs Load Factor:    5.6124 %

[P]log_0 Load Factor:     2.924412 %

[P]log_1 Load Factor:     3.621208 %

[P]log_2 Load Factor:     3.850365 %

[P]log_3 Load Factor:     2.033627 %

[P]Get Hit Rate:         59.9319 %

[P]rx packet:       89825.740 / s

[P]Throughput:      4868317.190 ops

[P]Valid Entries:   304314.921 / s

[P]set success:     304870.029 / s

[P]get found:       2735921.682 / s

----------------------------------

[INFO]Current Time:       25.49 s

[P]indexs Load Factor:    5.8907 %

[P]log_0 Load Factor:     3.066722 %

[P]log_1 Load Factor:     3.795335 %

[P]log_2 Load Factor:     4.041750 %

[P]log_3 Load Factor:     2.129218 %

[P]Get Hit Rate:         62.7949 %

[P]rx packet:       93523.580 / s

[P]Throughput:      4890598.784 ops

[P]Valid Entries:   314800.450 / s

[P]set success:     315240.857 / s

[P]get found:       2874058.421 / s

----------------------------------

[INFO]Current Time:       26.52 s

[P]indexs Load Factor:    6.1681 %

[P]log_0 Load Factor:     3.212569 %

[P]log_1 Load Factor:     3.974104 %

[P]log_2 Load Factor:     4.236842 %

[P]log_3 Load Factor:     2.226451 %

[P]Get Hit Rate:         67.8722 %

[P]rx packet:       92685.588 / s

[P]Throughput:      4650274.021 ops

[P]Valid Entries:   312118.818 / s

[P]set success:     312566.683 / s

[P]get found:       2945197.822 / s

----------------------------------

[INFO]Current Time:       27.56 s

[P]indexs Load Factor:    6.4444 %

[P]log_0 Load Factor:     3.352638 %

[P]log_1 Load Factor:     4.144592 %

[P]log_2 Load Factor:     4.426459 %

[P]log_3 Load Factor:     2.322096 %

[P]Get Hit Rate:         65.4713 %

[P]rx packet:       92887.741 / s

[P]Throughput:      4854422.204 ops

[P]Valid Entries:   312507.828 / s

[P]set success:     312973.876 / s

[P]get found:       2974385.037 / s

----------------------------------

[INFO]Current Time:       28.59 s

[P]indexs Load Factor:    6.7146 %

[P]log_0 Load Factor:     3.491957 %

[P]log_1 Load Factor:     4.314741 %

[P]log_2 Load Factor:     4.615363 %

[P]log_3 Load Factor:     2.419962 %

[P]Get Hit Rate:         65.2211 %

[P]rx packet:       90469.849 / s

[P]Throughput:      4764931.162 ops

[P]Valid Entries:   304761.425 / s

[P]set success:     305160.107 / s

[P]get found:       2909684.789 / s

----------------------------------

[INFO]Current Time:       29.63 s

[P]indexs Load Factor:    6.9945 %

[P]log_0 Load Factor:     3.638476 %

[P]log_1 Load Factor:     4.493052 %

[P]log_2 Load Factor:     4.810996 %

[P]log_3 Load Factor:     2.516400 %

[P]Get Hit Rate:         67.1663 %

[P]rx packet:       92814.190 / s

[P]Throughput:      4822666.435 ops

[P]Valid Entries:   310801.429 / s

[P]set success:     311243.689 / s

[P]get found:       3031250.019 / s

----------------------------------

[INFO]Current Time:       30.68 s

[P]indexs Load Factor:    7.2545 %

[P]log_0 Load Factor:     3.784658 %

[P]log_1 Load Factor:     4.670968 %

[P]log_2 Load Factor:     5.007023 %

[P]log_3 Load Factor:     2.539480 %

[P]Get Hit Rate:         62.0333 %

[P]rx packet:       93362.148 / s

[P]Throughput:      5083841.283 ops

[P]Valid Entries:   299509.646 / s

[P]set success:     299951.953 / s

[P]get found:       2968469.021 / s

----------------------------------

[INFO]Current Time:       31.72 s

[P]indexs Load Factor:    7.4656 %

[P]log_0 Load Factor:     3.925525 %

[P]log_1 Load Factor:     4.830878 %

[P]log_2 Load Factor:     5.107023 %

[P]log_3 Load Factor:     2.539480 %

[P]Get Hit Rate:         67.3624 %

[P]rx packet:       91603.146 / s

[P]Throughput:      4828618.820 ops

[P]Valid Entries:   255376.354 / s

[P]set success:     255777.825 / s

[P]get found:       3081036.761 / s

----------------------------------

[INFO]Current Time:       32.77 s

[P]indexs Load Factor:    7.5470 %

[P]log_0 Load Factor:     4.069554 %

[P]log_1 Load Factor:     4.830878 %

[P]log_2 Load Factor:     5.107023 %

[P]log_3 Load Factor:     2.539480 %

[P]Get Hit Rate:         69.8351 %

[P]rx packet:       89568.590 / s

[P]Throughput:      4580715.081 ops

[P]Valid Entries:   103603.429 / s

[P]set success:     103670.471 / s

[P]get found:       3126605.604 / s

----------------------------------

[INFO]Current Time:       33.82 s
[INFO]End rx_queue_1:800885

[P]indexs Load Factor:    7.6127 %

[P]log_0 Load Factor:     4.212344 %

[P]log_1 Load Factor:     4.830878 %

[P]log_2 Load Factor:     5.107023 %

[P]log_3 Load Factor:     2.539480 %

[P]Get Hit Rate:         67.4443 %

[P]rx packet:       46119.168 / s

[P]Throughput:      4077567.114 ops

[P]Valid Entries:   73413.856 / s

[P]set success:     73413.856 / s

[P]get found:       2700571.555 / s

----------------------------------

[INFO]Current Time:       34.86 s
[INFO]End rx_queue_3:419057

[P]indexs Load Factor:    7.8161 %

[P]log_0 Load Factor:     4.620286 %

[P]log_1 Load Factor:     4.830878 %

[P]log_2 Load Factor:     5.107023 %

[P]log_3 Load Factor:     2.539480 %

[P]Get Hit Rate:         65.9979 %

[P]rx packet:       28018.251 / s

[P]Throughput:      3408313.052 ops

[P]Valid Entries:   240561.676 / s

[P]set success:     240561.676 / s

[P]get found:       2090650.372 / s

----------------------------------
[INFO]End rx_queue_0:821489

[INFO]Current Time:       35.92 s

[P]indexs Load Factor:    7.8161 %

[P]log_0 Load Factor:     4.620286 %

[P]log_1 Load Factor:     4.830878 %

[P]log_2 Load Factor:     5.107023 %

[P]log_3 Load Factor:     2.539480 %

[P]Get Hit Rate:         65.0530 %

[P]rx packet:       3195.844 / s

[P]Throughput:      1211568.796 ops

[P]get found:       788162.211 / s

----------------------------------
[INFO]End rx_queue_2:823141
Finish the job......

Total Index Entries:       9120396

indexs Load Factor:     7.816076 %

log_0 Load Factor:      4.620286 %

log_1 Load Factor:      4.830878 %

log_2 Load Factor:      5.107023 %

log_3 Load Factor:      2.539480 %

Get Hit Rate:           54.228532%

Max Throughput:         5520462.85

Calc Load Factor:       7.816076%

valid count:               2480497

set request:               2480497
set_success:               2480497 | set_fail:                        0 | set_mica_evicted:                0
set_random:                      0 | set_cuckoo_evicted:              0 | set_expire_evicted:              0

get request:              50833045
get_found:                25949268 | get_notfound:             24883777 | get_hit_ratio:          51.048030%

clean up:                        0 | test_notfound:                   0
move_to_head_performed:    1883823 | move_to_head_skipped:     24065445 | move_to_head_failed:             0


valid count:               2593558

set request:               2593558
set_success:               2593558 | set_fail:                        0 | set_mica_evicted:                0
set_random:                      0 | set_cuckoo_evicted:              0 | set_expire_evicted:              0

get request:              49367338
get_found:                25530367 | get_notfound:             23836971 | get_hit_ratio:          51.715098%

clean up:                        0 | test_notfound:                   0
move_to_head_performed:    2122460 | move_to_head_skipped:     23407907 | move_to_head_failed:             0


valid count:               2741812

set request:               2741812
set_success:               2741812 | set_fail:                        0 | set_mica_evicted:                0
set_random:                      0 | set_cuckoo_evicted:              0 | set_expire_evicted:              0

get request:              50568213
get_found:                26429778 | get_notfound:             24138435 | get_hit_ratio:          52.265596%

clean up:                        0 | test_notfound:                   0
move_to_head_performed:    2394303 | move_to_head_skipped:     24035475 | move_to_head_failed:             0


valid count:               1363373

set request:               1363373
set_success:               1363373 | set_fail:                        0 | set_mica_evicted:                0
set_random:                      0 | set_cuckoo_evicted:              0 | set_expire_evicted:              0

get request:              25820780
get_found:                10641746 | get_notfound:             15179034 | get_hit_ratio:          41.213883%

clean up:                        0 | test_notfound:                   0
move_to_head_performed:    1013460 | move_to_head_skipped:      9628286 | move_to_head_failed:             0


[INFO] Everything works fine.
deleting piekv......
