[INFO] maxbytes Size为:8 GB
[INFO] 运行memc3
EAL: Probing VFIO support...
EAL: VFIO support initialized
EAL: PCI device 0000:03:00.0 on NUMA socket 0
EAL:   probe driver: 15b3:1017 net_mlx5
WEN: There are 1 device(s) available
starting port 0...
querying port 0...
port 0: 100 Gbps (full-duplex)
Adding UDP filter for each endpoint.
port_id/queue_id/udp_port = 0 0 0
Flow is created with src_port = 0, dst_port = 0
port_id/queue_id/udp_port = 0 1 1
Flow is created with src_port = 0, dst_port = 1
port_id/queue_id/udp_port = 0 2 2
Flow is created with src_port = 0, dst_port = 2
port_id/queue_id/udp_port = 0 3 3
Flow is created with src_port = 0, dst_port = 3
MEM: Initializing pages...
maxbytes:8589934592
alloc maxbytes:8589934592
memc3 settings:
	eviction = CLOCK
	+int_keycmp
	+cuckoo 
	+tag
	+opt lock

 == [STAT] Workers Start (4 threads in total) == 

[INFO]Current Time:       5.00 s

[P]indexs Load Factor:    0.2119 %

[P]slabs Load Factor:     0.0941 %

[P]set request:           126278 

[P]get request:           126257 

[P]Get Hit Rate:          2.9456 %

[P]ACC Hit Rate:          2.9456 %

[P]rx packet:             4861.382 / s

[P]Throughput:            252502.913 ops

[P]all request:           252535 o

[P]Valid Entries:         126259.955 / s

[P]set success:           126260.955 / s

[P]get found:             3718.527 / s

----------------------------------

[INFO]Current Time:       6.00 s

[P]indexs Load Factor:    0.6773 %

[P]slabs Load Factor:     0.3006 %

[P]set request:           403509 

[P]get request:           403502 

[P]Get Hit Rate:          2.7106 %

[P]ACC Hit Rate:          2.7841 %

[P]rx packet:             10658.308 / s

[P]Throughput:            554387.971 ops

[P]all request:           807011 o

[P]Valid Entries:         277179.987 / s

[P]set success:           277180.987 / s

[P]get found:             7513.807 / s

----------------------------------

[INFO]Current Time:       7.00 s

[P]indexs Load Factor:    1.0970 %

[P]slabs Load Factor:     0.4871 %

[P]set request:           653846 

[P]get request:           653829 

[P]Get Hit Rate:          2.8830 %

[P]ACC Hit Rate:          2.8220 %

[P]rx packet:             9630.478 / s

[P]Throughput:            500584.872 ops

[P]all request:           1307675 o

[P]Valid Entries:         250287.437 / s

[P]set success:           250290.436 / s

[P]get found:             7215.859 / s

----------------------------------

[INFO]Current Time:       8.00 s

[P]indexs Load Factor:    1.7922 %

[P]slabs Load Factor:     0.7968 %

[P]set request:           1069557 

[P]get request:           1069493 

[P]Get Hit Rate:          3.2411 %

[P]ACC Hit Rate:          2.9849 %

[P]rx packet:             15989.427 / s

[P]Throughput:            831241.226 ops

[P]all request:           2139050 o

[P]Valid Entries:         415602.116 / s

[P]set success:           415613.114 / s

[P]get found:             13469.832 / s

----------------------------------

[INFO]Current Time:       9.00 s

[P]indexs Load Factor:    2.6698 %

[P]slabs Load Factor:     1.1893 %

[P]set request:           1596414 

[P]get request:           1596216 

[P]Get Hit Rate:          3.7688 %

[P]ACC Hit Rate:          3.2435 %

[P]rx packet:             20261.850 / s

[P]Throughput:            1053469.231 ops

[P]all request:           3192631 o

[P]Valid Entries:         526726.116 / s

[P]set success:           526745.114 / s

[P]get found:             19848.894 / s

----------------------------------

[INFO]Current Time:       10.00 s

[P]indexs Load Factor:    3.5344 %

[P]slabs Load Factor:     1.5775 %

[P]set request:           2117482 

[P]get request:           2117190 

[P]Get Hit Rate:          4.2829 %

[P]ACC Hit Rate:          3.4993 %

[P]rx packet:             20048.453 / s

[P]Throughput:            1041856.689 ops

[P]all request:           4234672 o

[P]Valid Entries:         520876.853 / s

[P]set success:           520906.848 / s

[P]get found:             22309.053 / s

----------------------------------

[INFO]Current Time:       11.00 s

[P]indexs Load Factor:    4.4081 %

[P]slabs Load Factor:     1.9711 %

[P]set request:           2645946 

[P]get request:           2645504 

[P]Get Hit Rate:          4.7438 %

[P]ACC Hit Rate:          3.7478 %

[P]rx packet:             20324.724 / s

[P]Throughput:            1056607.706 ops

[P]all request:           5291450 o

[P]Valid Entries:         528248.862 / s

[P]set success:           528283.856 / s

[P]get found:             25057.961 / s

----------------------------------

[INFO]Current Time:       12.00 s

[P]indexs Load Factor:    5.1291 %

[P]slabs Load Factor:     2.2966 %

[P]set request:           3073203 

[P]get request:           3082364 

[P]Get Hit Rate:          5.0071 %

[P]ACC Hit Rate:          3.9263 %

[P]rx packet:             16812.521 / s

[P]Throughput:            863938.210 ops

[P]all request:           6155567 o

[P]Valid Entries:         436774.611 / s

[P]set success:           436806.604 / s

[P]get found:             21869.474 / s

----------------------------------

[INFO]Current Time:       13.00 s

[P]indexs Load Factor:    5.8833 %

[P]slabs Load Factor:     2.6382 %

[P]set request:           3531809 

[P]get request:           3540756 

[P]Get Hit Rate:          5.4466 %

[P]ACC Hit Rate:          4.1231 %

[P]rx packet:             17645.211 / s

[P]Throughput:            916853.072 ops

[P]all request:           7072565 o

[P]Valid Entries:         458411.538 / s

[P]set success:           458444.533 / s

[P]get found:             24963.054 / s

----------------------------------

[INFO]Current Time:       14.00 s

[P]indexs Load Factor:    6.6551 %

[P]slabs Load Factor:     2.9887 %

[P]set request:           4002395 

[P]get request:           4011149 

[P]Get Hit Rate:          5.7835 %

[P]ACC Hit Rate:          4.3178 %

[P]rx packet:             18101.104 / s

[P]Throughput:            940828.487 ops

[P]all request:           8013544 o

[P]Valid Entries:         470341.755 / s

[P]set success:           470385.748 / s

[P]get found:             27200.648 / s

----------------------------------

[INFO]Current Time:       15.00 s

[P]indexs Load Factor:    7.4680 %

[P]slabs Load Factor:     3.3591 %

[P]set request:           4499672 

[P]get request:           4508206 

[P]Get Hit Rate:          6.2379 %

[P]ACC Hit Rate:          4.5295 %

[P]rx packet:             19134.089 / s

[P]Throughput:            994234.679 ops

[P]all request:           9007878 o

[P]Valid Entries:         497048.346 / s

[P]set success:           497111.340 / s

[P]get found:             31002.903 / s

----------------------------------

[INFO]Current Time:       16.00 s

[P]indexs Load Factor:    8.3010 %

[P]slabs Load Factor:     3.7399 %

[P]set request:           5010971 

[P]get request:           5019329 

[P]Get Hit Rate:          6.6467 %

[P]ACC Hit Rate:          4.7451 %

[P]rx packet:             19677.954 / s

[P]Throughput:            1022315.730 ops

[P]all request:           10030300 o

[P]Valid Entries:         511052.876 / s

[P]set success:           511109.870 / s

[P]get found:             33969.469 / s

----------------------------------

[INFO]Current Time:       17.00 s

[P]indexs Load Factor:    9.0820 %

[P]slabs Load Factor:     4.0978 %

[P]set request:           5491632 

[P]get request:           5499815 

[P]Get Hit Rate:          6.9856 %

[P]ACC Hit Rate:          4.9409 %

[P]rx packet:             18488.540 / s

[P]Throughput:            960967.147 ops

[P]all request:           10991447 o

[P]Valid Entries:         480384.092 / s

[P]set success:           480437.082 / s

[P]get found:             33558.719 / s

----------------------------------

[INFO]Current Time:       18.00 s

[P]indexs Load Factor:    9.8880 %

[P]slabs Load Factor:     4.4683 %

[P]set request:           5989026 

[P]get request:           5997011 

[P]Get Hit Rate:          7.3261 %

[P]ACC Hit Rate:          5.1386 %

[P]rx packet:             19145.896 / s

[P]Throughput:            994480.696 ops

[P]all request:           11986037 o

[P]Valid Entries:         497121.361 / s

[P]set success:           497189.353 / s

[P]get found:             36420.997 / s

----------------------------------

[INFO]Current Time:       19.00 s

[P]indexs Load Factor:    10.7642 %

[P]slabs Load Factor:     4.8728 %

[P]set request:           6532170 

[P]get request:           6539934 

[P]Get Hit Rate:          7.9120 %

[P]ACC Hit Rate:          5.3689 %

[P]rx packet:             20896.572 / s

[P]Throughput:            1085888.879 ops

[P]all request:           13072104 o

[P]Valid Entries:         542812.961 / s

[P]set success:           533851.431 / s

[P]get found:             42948.955 / s

----------------------------------

[INFO]Current Time:       20.00 s

[P]indexs Load Factor:    11.6179 %

[P]slabs Load Factor:     5.2680 %

[P]set request:           7062945 

[P]get request:           7070496 

[P]Get Hit Rate:          8.2782 %

[P]ACC Hit Rate:          5.5872 %

[P]rx packet:             20428.712 / s

[P]Throughput:            1061166.224 ops

[P]all request:           14133441 o

[P]Valid Entries:         530412.639 / s

[P]set success:           530498.626 / s

[P]get found:             43913.933 / s

----------------------------------

[INFO]Current Time:       21.00 s

[P]indexs Load Factor:    12.4839 %

[P]slabs Load Factor:     5.6704 %

[P]set request:           7603321 

[P]get request:           7610682 

[P]Get Hit Rate:          8.7144 %

[P]ACC Hit Rate:          5.8091 %

[P]rx packet:             20797.754 / s

[P]Throughput:            1080445.308 ops

[P]all request:           15214003 o

[P]Valid Entries:         540041.674 / s

[P]set success:           540111.666 / s

[P]get found:             47068.916 / s

----------------------------------

[INFO]Current Time:       22.00 s

[P]indexs Load Factor:    13.3616 %

[P]slabs Load Factor:     6.0797 %

[P]set request:           8152916 

[P]get request:           8159985 

[P]Get Hit Rate:          9.1827 %

[P]ACC Hit Rate:          6.0362 %

[P]rx packet:             21152.656 / s

[P]Throughput:            1098724.323 ops

[P]all request:           16312901 o

[P]Valid Entries:         549197.188 / s

[P]set success:           549272.176 / s

[P]get found:             50433.028 / s

----------------------------------

[INFO]Current Time:       23.00 s

[P]indexs Load Factor:    14.2146 %

[P]slabs Load Factor:     6.4785 %

[P]set request:           8688512 

[P]get request:           8695357 

[P]Get Hit Rate:          9.5162 %

[P]ACC Hit Rate:          6.2505 %

[P]rx packet:             20612.722 / s

[P]Throughput:            1070797.716 ops

[P]all request:           17383869 o

[P]Valid Entries:         535179.893 / s

[P]set success:           535280.877 / s

[P]get found:             50938.899 / s

----------------------------------

[INFO]Current Time:       24.00 s

[P]indexs Load Factor:    15.0637 %

[P]slabs Load Factor:     6.8768 %

[P]set request:           9223436 

[P]get request:           9230010 

[P]Get Hit Rate:          9.8995 %

[P]ACC Hit Rate:          6.4619 %

[P]rx packet:             20588.480 / s

[P]Throughput:            1069394.191 ops

[P]all request:           18453446 o

[P]Valid Entries:         534551.620 / s

[P]set success:           534645.604 / s

[P]get found:             52918.954 / s

----------------------------------

[INFO]Current Time:       25.00 s

[P]indexs Load Factor:    15.9165 %

[P]slabs Load Factor:     7.2779 %

[P]set request:           9762165 

[P]get request:           9768445 

[P]Get Hit Rate:          10.2846 %

[P]ACC Hit Rate:          6.6726 %

[P]rx packet:             20732.619 / s

[P]Throughput:            1076988.367 ops

[P]all request:           19530610 o

[P]Valid Entries:         538262.221 / s

[P]set success:           538400.199 / s

[P]get found:             55366.971 / s

----------------------------------

[INFO]Current Time:       26.00 s

[P]indexs Load Factor:    16.7624 %

[P]slabs Load Factor:     7.6772 %

[P]set request:           10298411 

[P]get request:           10304423 

[P]Get Hit Rate:          10.7085 %

[P]ACC Hit Rate:          6.8825 %

[P]rx packet:             20644.245 / s

[P]Throughput:            1072028.984 ops

[P]all request:           20602834 o

[P]Valid Entries:         535778.535 / s

[P]set success:           535882.516 / s

[P]get found:             57384.561 / s

----------------------------------

[INFO]Current Time:       27.00 s

[P]indexs Load Factor:    17.5876 %

[P]slabs Load Factor:     8.0679 %

[P]set request:           10823164 

[P]get request:           10828912 

[P]Get Hit Rate:          11.0835 %

[P]ACC Hit Rate:          7.0860 %

[P]rx packet:             20195.676 / s

[P]Throughput:            1049017.405 ops

[P]all request:           21652076 o

[P]Valid Entries:         524278.752 / s

[P]set success:           524393.727 / s

[P]get found:             58119.557 / s

----------------------------------

[INFO]Current Time:       28.00 s

[P]indexs Load Factor:    18.4016 %

[P]slabs Load Factor:     8.4542 %

[P]set request:           11342042 

[P]get request:           11347559 

[P]Get Hit Rate:          11.3812 %

[P]ACC Hit Rate:          7.2823 %

[P]rx packet:             19976.785 / s

[P]Throughput:            1037358.055 ops

[P]all request:           22689601 o

[P]Valid Entries:         518445.565 / s

[P]set success:           518545.549 / s

[P]get found:             59018.502 / s

----------------------------------

[INFO]Current Time:       29.00 s

[P]indexs Load Factor:    19.1937 %

[P]slabs Load Factor:     8.8312 %

[P]set request:           11848425 

[P]get request:           11853698 

[P]Get Hit Rate:          11.6719 %

[P]ACC Hit Rate:          7.4697 %

[P]rx packet:             19492.844 / s

[P]Throughput:            1012358.113 ops

[P]all request:           23702123 o

[P]Valid Entries:         505908.100 / s

[P]set success:           506005.085 / s

[P]get found:             59066.438 / s

----------------------------------

[INFO]Current Time:       30.00 s

[P]indexs Load Factor:    19.9630 %

[P]slabs Load Factor:     9.1985 %

[P]set request:           12341772 

[P]get request:           12346801 

[P]Get Hit Rate:          12.0784 %

[P]ACC Hit Rate:          7.6538 %

[P]rx packet:             18998.079 / s

[P]Throughput:            986350.290 ops

[P]all request:           24688573 o

[P]Valid Entries:         492959.167 / s

[P]set success:           493061.157 / s

[P]get found:             59552.980 / s

----------------------------------

[INFO]Current Time:       31.00 s

[P]indexs Load Factor:    20.7125 %

[P]slabs Load Factor:     9.5572 %

[P]set request:           12823597 

[P]get request:           12828402 

[P]Get Hit Rate:          12.3413 %

[P]ACC Hit Rate:          7.8298 %

[P]rx packet:             18553.886 / s

[P]Throughput:            963316.217 ops

[P]all request:           25651999 o

[P]Valid Entries:         481395.138 / s

[P]set success:           481484.128 / s

[P]get found:             59429.227 / s

----------------------------------

[INFO]Current Time:       32.00 s

[P]indexs Load Factor:    21.4394 %

[P]slabs Load Factor:     9.9058 %

[P]set request:           13291821 

[P]get request:           13296366 

[P]Get Hit Rate:          12.5687 %

[P]ACC Hit Rate:          7.9965 %

[P]rx packet:             18029.206 / s

[P]Throughput:            936042.939 ops

[P]all request:           26588187 o

[P]Valid Entries:         467790.506 / s

[P]set success:           467880.492 / s

[P]get found:             58807.886 / s

----------------------------------

[INFO]Current Time:       33.00 s

[P]indexs Load Factor:    22.1301 %

[P]slabs Load Factor:     10.2379 %

[P]set request:           13737837 

[P]get request:           13742155 

[P]Get Hit Rate:          12.9164 %

[P]ACC Hit Rate:          8.1561 %

[P]rx packet:             17169.253 / s

[P]Throughput:            891662.353 ops

[P]all request:           27479992 o

[P]Valid Entries:         445598.714 / s

[P]set success:           445696.698 / s

[P]get found:             57570.790 / s

----------------------------------

[INFO]Current Time:       34.01 s

[P]indexs Load Factor:    22.8199 %

[P]slabs Load Factor:     10.5704 %

[P]set request:           14184571 

[P]get request:           14188562 

[P]Get Hit Rate:          13.2433 %

[P]ACC Hit Rate:          8.3162 %

[P]rx packet:             17201.228 / s

[P]Throughput:            892997.075 ops

[P]all request:           28373133 o

[P]Valid Entries:         446302.069 / s

[P]set success:           446394.054 / s

[P]get found:             59109.473 / s

----------------------------------

[INFO]Current Time:       35.01 s

[P]indexs Load Factor:    23.4980 %

[P]slabs Load Factor:     10.8979 %

[P]set request:           14624343 

[P]get request:           14628137 

[P]Get Hit Rate:          13.4466 %

[P]ACC Hit Rate:          8.4704 %

[P]rx packet:             16935.938 / s

[P]Throughput:            879136.140 ops

[P]all request:           29252480 o

[P]Valid Entries:         439343.624 / s

[P]set success:           439410.608 / s

[P]get found:             59093.826 / s

----------------------------------

[INFO]Current Time:       36.01 s

[P]indexs Load Factor:    24.1546 %

[P]slabs Load Factor:     11.2155 %

[P]set request:           15051051 

[P]get request:           15054629 

[P]Get Hit Rate:          13.7015 %

[P]ACC Hit Rate:          8.6186 %

[P]rx packet:             16426.273 / s

[P]Throughput:            853110.302 ops

[P]all request:           30105680 o

[P]Valid Entries:         426331.174 / s

[P]set success:           426401.167 / s

[P]get found:             58429.857 / s

----------------------------------

[INFO]Current Time:       37.01 s

[P]indexs Load Factor:    24.8099 %

[P]slabs Load Factor:     11.5333 %

[P]set request:           15477920 

[P]get request:           15481195 

[P]Get Hit Rate:          13.9289 %

[P]ACC Hit Rate:          8.7649 %

[P]rx packet:             16434.225 / s

[P]Throughput:            853342.836 ops

[P]all request:           30959115 o

[P]Valid Entries:         426452.942 / s

[P]set success:           426556.930 / s

[P]get found:             59409.584 / s

----------------------------------

[INFO]Current Time:       38.01 s

[P]indexs Load Factor:    25.4334 %

[P]slabs Load Factor:     11.8362 %

[P]set request:           15884749 

[P]get request:           15887723 

[P]Get Hit Rate:          14.1562 %

[P]ACC Hit Rate:          8.9028 %

[P]rx packet:             15666.327 / s

[P]Throughput:            813270.133 ops

[P]all request:           31772472 o

[P]Valid Entries:         406475.584 / s

[P]set success:           406551.576 / s

[P]get found:             57542.854 / s

----------------------------------

[INFO]Current Time:       39.01 s

[P]indexs Load Factor:    26.0568 %

[P]slabs Load Factor:     12.1399 %

[P]set request:           16292635 

[P]get request:           16295390 

[P]Get Hit Rate:          14.5432 %

[P]ACC Hit Rate:          9.0439 %

[P]rx packet:             15710.397 / s

[P]Throughput:            815469.787 ops

[P]all request:           32588025 o

[P]Valid Entries:         407551.412 / s

[P]set success:           407608.406 / s

[P]get found:             59281.951 / s

----------------------------------

[INFO]Current Time:       40.01 s

[P]indexs Load Factor:    26.6532 %

[P]slabs Load Factor:     12.4307 %

[P]set request:           16683222 

[P]get request:           16685732 

[P]Get Hit Rate:          14.6500 %

[P]ACC Hit Rate:          9.1751 %

[P]rx packet:             15041.500 / s

[P]Throughput:            780799.249 ops

[P]all request:           33368954 o

[P]Valid Entries:         390243.150 / s

[P]set success:           390309.139 / s

[P]get found:             57175.499 / s

----------------------------------

[INFO]Current Time:       41.01 s

[P]indexs Load Factor:    27.2533 %

[P]slabs Load Factor:     12.7240 %

[P]set request:           17077227 

[P]get request:           17079491 

[P]Get Hit Rate:          14.8759 %

[P]ACC Hit Rate:          9.3065 %

[P]rx packet:             15169.544 / s

[P]Throughput:            787636.493 ops

[P]all request:           34156718 o

[P]Valid Entries:         393664.271 / s

[P]set success:           393742.259 / s

[P]get found:             58565.519 / s

----------------------------------

[INFO]Current Time:       42.01 s

[P]indexs Load Factor:    27.8408 %

[P]slabs Load Factor:     13.0116 %

[P]set request:           17463391 

[P]get request:           17465444 

[P]Get Hit Rate:          15.0410 %

[P]ACC Hit Rate:          9.4332 %

[P]rx packet:             14869.621 / s

[P]Throughput:            771993.497 ops

[P]all request:           34928835 o

[P]Valid Entries:         385863.270 / s

[P]set success:           385926.260 / s

[P]get found:             58041.715 / s

----------------------------------

[INFO]Current Time:       43.01 s

[P]indexs Load Factor:    28.4411 %

[P]slabs Load Factor:     13.3061 %

[P]set request:           17859039 

[P]get request:           17860822 

[P]Get Hit Rate:          15.3415 %

[P]ACC Hit Rate:          9.5640 %

[P]rx packet:             15236.800 / s

[P]Throughput:            790859.882 ops

[P]all request:           35719861 o

[P]Valid Entries:         395281.972 / s

[P]set success:           395346.959 / s

[P]get found:             60644.262 / s

----------------------------------

[INFO]Current Time:       44.01 s

[P]indexs Load Factor:    29.0089 %

[P]slabs Load Factor:     13.5850 %

[P]set request:           18233626 

[P]get request:           18235093 

[P]Get Hit Rate:          15.4161 %

[P]ACC Hit Rate:          9.6841 %

[P]rx packet:             14421.679 / s

[P]Throughput:            748737.504 ops

[P]all request:           36468719 o

[P]Valid Entries:         374288.765 / s

[P]set success:           374345.756 / s

[P]get found:             57688.716 / s

----------------------------------

[INFO]Current Time:       45.01 s

[P]indexs Load Factor:    29.5676 %

[P]slabs Load Factor:     13.8599 %

[P]set request:           18602855 

[P]get request:           18604032 

[P]Get Hit Rate:          15.6061 %

[P]ACC Hit Rate:          9.8016 %

[P]rx packet:             14221.694 / s

[P]Throughput:            738048.344 ops

[P]all request:           37206887 o

[P]Valid Entries:         368928.188 / s

[P]set success:           368995.177 / s

[P]get found:             57567.667 / s

----------------------------------

[INFO]Current Time:       46.01 s

[P]indexs Load Factor:    30.1319 %

[P]slabs Load Factor:     14.1382 %

[P]set request:           18976564 

[P]get request:           18977583 

[P]Get Hit Rate:          15.7962 %

[P]ACC Hit Rate:          9.9196 %

[P]rx packet:             14397.710 / s

[P]Throughput:            747141.186 ops

[P]all request:           37954147 o

[P]Valid Entries:         373413.618 / s

[P]set success:           373463.610 / s

[P]get found:             58997.618 / s

----------------------------------

[INFO]Current Time:       47.01 s

[P]indexs Load Factor:    30.6779 %

[P]slabs Load Factor:     14.4077 %

[P]set request:           19338464 

[P]get request:           19339180 

[P]Get Hit Rate:          15.9150 %

[P]ACC Hit Rate:          10.0317 %

[P]rx packet:             13933.758 / s

[P]Throughput:            723380.585 ops

[P]all request:           38677644 o

[P]Valid Entries:         361596.807 / s

[P]set success:           361650.799 / s

[P]get found:             57538.740 / s

----------------------------------

[INFO]Current Time:       48.01 s

[P]indexs Load Factor:    31.2273 %

[P]slabs Load Factor:     14.6795 %

[P]set request:           19703616 

[P]get request:           19704122 

[P]Get Hit Rate:          16.2790 %

[P]ACC Hit Rate:          10.1474 %

[P]rx packet:             14061.750 / s

[P]Throughput:            729977.219 ops

[P]all request:           39407738 o

[P]Valid Entries:         364869.629 / s

[P]set success:           364916.621 / s

[P]get found:             59399.497 / s

----------------------------------

[INFO]Current Time:       49.01 s

[P]indexs Load Factor:    31.7679 %

[P]slabs Load Factor:     14.9475 %

[P]set request:           20063491 

[P]get request:           20063797 

[P]Get Hit Rate:          16.4846 %

[P]ACC Hit Rate:          10.2610 %

[P]rx packet:             13857.770 / s

[P]Throughput:            719434.220 ops

[P]all request:           40127288 o

[P]Valid Entries:         359583.131 / s

[P]set success:           359643.122 / s

[P]get found:             59281.460 / s

----------------------------------

[INFO]Current Time:       50.01 s

[P]indexs Load Factor:    32.2953 %

[P]slabs Load Factor:     15.2095 %

[P]set request:           20415389 

[P]get request:           20415443 

[P]Get Hit Rate:          16.7970 %

[P]ACC Hit Rate:          10.3736 %

[P]rx packet:             13557.127 / s

[P]Throughput:            703394.913 ops

[P]all request:           40830832 o

[P]Valid Entries:         351626.471 / s

[P]set success:           351667.463 / s

[P]get found:             59053.483 / s

----------------------------------

[INFO]Current Time:       51.01 s

[P]indexs Load Factor:    32.8155 %

[P]slabs Load Factor:     15.4683 %

[P]set request:           20762882 

[P]get request:           20762729 

[P]Get Hit Rate:          16.9422 %

[P]ACC Hit Rate:          10.4834 %

[P]rx packet:             13381.872 / s

[P]Throughput:            694668.530 ops

[P]all request:           41525611 o

[P]Valid Entries:         347265.776 / s

[P]set success:           347289.772 / s

[P]get found:             58828.645 / s

----------------------------------

[INFO]Current Time:       52.01 s

[P]indexs Load Factor:    33.3347 %

[P]slabs Load Factor:     15.7270 %

[P]set request:           21110285 

[P]get request:           21109951 

[P]Get Hit Rate:          17.0113 %

[P]ACC Hit Rate:          10.5908 %

[P]rx packet:             13385.843 / s

[P]Throughput:            694513.065 ops

[P]all request:           42220236 o

[P]Valid Entries:         347173.046 / s

[P]set success:           347203.041 / s

[P]get found:             59057.482 / s

----------------------------------

[INFO]Current Time:       53.01 s

[P]indexs Load Factor:    33.8425 %

[P]slabs Load Factor:     15.9804 %

[P]set request:           21450485 

[P]get request:           21449937 

[P]Get Hit Rate:          17.1407 %

[P]ACC Hit Rate:          10.6946 %

[P]rx packet:             13102.638 / s

[P]Throughput:            680115.302 ops

[P]all request:           42900422 o

[P]Valid Entries:         339992.658 / s

[P]set success:           340022.654 / s

[P]get found:             58269.943 / s

----------------------------------

[INFO]Current Time:       54.01 s

[P]indexs Load Factor:    34.3527 %

[P]slabs Load Factor:     16.2353 %

[P]set request:           21792880 

[P]get request:           21792089 

[P]Get Hit Rate:          17.3698 %

[P]ACC Hit Rate:          10.7994 %

[P]rx packet:             13186.629 / s

[P]Throughput:            684475.848 ops

[P]all request:           43584969 o

[P]Valid Entries:         342155.433 / s

[P]set success:           342214.427 / s

[P]get found:             59424.823 / s

----------------------------------

[INFO]Current Time:       55.01 s

[P]indexs Load Factor:    34.8645 %

[P]slabs Load Factor:     16.4915 %

[P]set request:           22136866 

[P]get request:           22135799 

[P]Get Hit Rate:          17.5651 %

[P]ACC Hit Rate:          10.9045 %

[P]rx packet:             13250.648 / s

[P]Throughput:            687625.832 ops

[P]all request:           44272665 o

[P]Valid Entries:         343753.922 / s

[P]set success:           343794.918 / s

[P]get found:             60366.840 / s

----------------------------------

[INFO]Current Time:       56.01 s

[P]indexs Load Factor:    35.3649 %

[P]slabs Load Factor:     16.7422 %

[P]set request:           22473635 

[P]get request:           22472299 

[P]Get Hit Rate:          17.6728 %

[P]ACC Hit Rate:          11.0058 %

[P]rx packet:             12973.872 / s

[P]Throughput:            673158.580 ops

[P]all request:           44945934 o

[P]Valid Entries:         336543.796 / s

[P]set success:           336575.791 / s

[P]get found:             59459.247 / s

----------------------------------

[INFO]Current Time:       57.01 s

[P]indexs Load Factor:    35.8687 %

[P]slabs Load Factor:     16.9950 %

[P]set request:           22813066 

[P]get request:           22811564 

[P]Get Hit Rate:          17.7749 %

[P]ACC Hit Rate:          11.1065 %

[P]rx packet:             13069.897 / s

[P]Throughput:            678586.793 ops

[P]all request:           45624630 o

[P]Valid Entries:         339190.413 / s

[P]set success:           339232.406 / s

[P]get found:             60294.297 / s

----------------------------------

[INFO]Current Time:       58.01 s

[P]indexs Load Factor:    36.3638 %

[P]slabs Load Factor:     17.2439 %

[P]set request:           23147302 

[P]get request:           23145596 

[P]Get Hit Rate:          17.9878 %

[P]ACC Hit Rate:          11.2058 %

[P]rx packet:             12877.734 / s

[P]Throughput:            668150.437 ops

[P]all request:           46292898 o

[P]Valid Entries:         333990.233 / s

[P]set success:           334047.223 / s

[P]get found:             60074.430 / s

----------------------------------

[INFO]Current Time:       59.01 s

[P]indexs Load Factor:    36.8499 %

[P]slabs Load Factor:     17.4884 %

[P]set request:           23475590 

[P]get request:           23473704 

[P]Get Hit Rate:          18.0864 %

[P]ACC Hit Rate:          11.3020 %

[P]rx packet:             12642.671 / s

[P]Throughput:            656326.992 ops

[P]all request:           46949294 o

[P]Valid Entries:         328094.503 / s

[P]set success:           328121.500 / s

[P]get found:             59336.761 / s

----------------------------------

[INFO]Current Time:       60.01 s

[P]indexs Load Factor:    37.3320 %

[P]slabs Load Factor:     17.7314 %

[P]set request:           23802016 

[P]get request:           23799993 

[P]Get Hit Rate:          18.4352 %

[P]ACC Hit Rate:          11.3998 %

[P]rx packet:             12573.964 / s

[P]Throughput:            652609.352 ops

[P]all request:           47602009 o

[P]Valid Entries:         326196.193 / s

[P]set success:           326235.187 / s

[P]get found:             60142.264 / s

----------------------------------

[INFO]Current Time:       61.01 s

[P]indexs Load Factor:    37.8068 %

[P]slabs Load Factor:     17.9714 %

[P]set request:           24124267 

[P]get request:           24122079 

[P]Get Hit Rate:          18.6792 %

[P]ACC Hit Rate:          11.4970 %

[P]rx packet:             12421.962 / s

[P]Throughput:            644231.325 ops

[P]all request:           48246346 o

[P]Valid Entries:         322043.175 / s

[P]set success:           322090.167 / s

[P]get found:             60153.133 / s

----------------------------------

[INFO]Current Time:       62.01 s

[P]indexs Load Factor:    38.2864 %

[P]slabs Load Factor:     18.2141 %

[P]set request:           24450161 

[P]get request:           24447784 

[P]Get Hit Rate:          18.8032 %

[P]ACC Hit Rate:          11.5943 %

[P]rx packet:             12549.953 / s

[P]Throughput:            651492.756 ops

[P]all request:           48897945 o

[P]Valid Entries:         325675.889 / s

[P]set success:           325710.884 / s

[P]get found:             61233.014 / s

----------------------------------

[INFO]Current Time:       63.01 s

[P]indexs Load Factor:    38.7642 %

[P]slabs Load Factor:     18.4562 %

[P]set request:           24775269 

[P]get request:           24772724 

[P]Get Hit Rate:          18.8804 %

[P]ACC Hit Rate:          11.6899 %

[P]rx packet:             12525.984 / s

[P]Throughput:            649943.403 ops

[P]all request:           49547993 o

[P]Valid Entries:         324849.721 / s

[P]set success:           324901.713 / s

[P]get found:             61340.128 / s

----------------------------------

[INFO]Current Time:       64.01 s

[P]indexs Load Factor:    39.2371 %

[P]slabs Load Factor:     18.6959 %

[P]set request:           25097157 

[P]get request:           25094466 

[P]Get Hit Rate:          18.9801 %

[P]ACC Hit Rate:          11.7834 %

[P]rx packet:             12402.004 / s

[P]Throughput:            643526.436 ops

[P]all request:           50191623 o

[P]Valid Entries:         321662.234 / s

[P]set success:           321700.228 / s

[P]get found:             61057.174 / s

----------------------------------

[INFO]Current Time:       65.01 s

[P]indexs Load Factor:    39.7084 %

[P]slabs Load Factor:     18.9353 %

[P]set request:           25418599 

[P]get request:           25415742 

[P]Get Hit Rate:          19.0811 %

[P]ACC Hit Rate:          11.8756 %

[P]rx packet:             12377.326 / s

[P]Throughput:            642579.198 ops

[P]all request:           50834341 o

[P]Valid Entries:         321228.612 / s

[P]set success:           321265.604 / s

[P]get found:             61289.761 / s

----------------------------------

[INFO]Current Time:       66.01 s

[P]indexs Load Factor:    40.1754 %

[P]slabs Load Factor:     19.1727 %

[P]set request:           25737516 

[P]get request:           25734517 

[P]Get Hit Rate:          19.2722 %

[P]ACC Hit Rate:          11.9672 %

[P]rx packet:             12289.996 / s

[P]Throughput:            637588.023 ops

[P]all request:           51472033 o

[P]Valid Entries:         318681.030 / s

[P]set success:           318717.024 / s

[P]get found:             61424.983 / s

----------------------------------

[INFO]Current Time:       67.01 s

[P]indexs Load Factor:    40.6589 %

[P]slabs Load Factor:     19.4188 %

[P]set request:           26067920 

[P]get request:           26064747 

[P]Get Hit Rate:          19.3350 %

[P]ACC Hit Rate:          12.0606 %

[P]rx packet:             12729.912 / s

[P]Throughput:            660525.653 ops

[P]all request:           52132667 o

[P]Valid Entries:         330157.844 / s

[P]set success:           330215.834 / s

[P]get found:             63839.528 / s

----------------------------------

[INFO]Current Time:       68.01 s

[P]indexs Load Factor:    41.1379 %

[P]slabs Load Factor:     19.6629 %

[P]set request:           26395744 

[P]get request:           26392434 

[P]Get Hit Rate:          19.5449 %

[P]ACC Hit Rate:          12.1535 %

[P]rx packet:             12629.955 / s

[P]Throughput:            655404.899 ops

[P]all request:           52788178 o

[P]Valid Entries:         327605.965 / s

[P]set success:           327633.961 / s

[P]get found:             64035.634 / s

----------------------------------

[INFO]Current Time:       69.01 s

[P]indexs Load Factor:    41.6050 %

[P]slabs Load Factor:     19.9013 %

[P]set request:           26715861 

[P]get request:           26712503 

[P]Get Hit Rate:          19.7386 %

[P]ACC Hit Rate:          12.2444 %

[P]rx packet:             12334.027 / s

[P]Throughput:            640083.600 ops

[P]all request:           53428364 o

[P]Valid Entries:         319897.823 / s

[P]set success:           319929.818 / s

[P]get found:             63166.895 / s

----------------------------------

[INFO]Current Time:       70.01 s

[P]indexs Load Factor:    42.0631 %

[P]slabs Load Factor:     20.1355 %

[P]set request:           27030395 

[P]get request:           27026988 

[P]Get Hit Rate:          19.9332 %

[P]ACC Hit Rate:          12.3339 %

[P]rx packet:             12118.047 / s

[P]Throughput:            628917.637 ops

[P]all request:           54057383 o

[P]Valid Entries:         314334.338 / s

[P]set success:           314351.336 / s

[P]get found:             62676.898 / s

----------------------------------

[INFO]Current Time:       71.01 s

[P]indexs Load Factor:    42.5214 %

[P]slabs Load Factor:     20.3703 %

[P]set request:           27345659 

[P]get request:           27342174 

[P]Get Hit Rate:          20.1135 %

[P]ACC Hit Rate:          12.4235 %

[P]rx packet:             12142.034 / s

[P]Throughput:            630347.955 ops

[P]all request:           54687833 o

[P]Valid Entries:         315041.999 / s

[P]set success:           315061.996 / s

[P]get found:             63384.739 / s

----------------------------------

[INFO]Current Time:       72.01 s

[P]indexs Load Factor:    42.9778 %

[P]slabs Load Factor:     20.6040 %

[P]set request:           27659514 

[P]get request:           27655931 

[P]Get Hit Rate:          20.0827 %

[P]ACC Hit Rate:          12.5104 %

[P]rx packet:             12093.861 / s

[P]Throughput:            627500.991 ops

[P]all request:           55315445 o

[P]Valid Entries:         313634.516 / s

[P]set success:           313672.509 / s

[P]get found:             62999.855 / s

----------------------------------

[INFO]Current Time:       73.01 s

[P]indexs Load Factor:    43.4286 %

[P]slabs Load Factor:     20.8354 %

[P]set request:           27970237 

[P]get request:           27966543 

[P]Get Hit Rate:          20.2967 %

[P]ACC Hit Rate:          12.5969 %

[P]rx packet:             11964.600 / s

[P]Throughput:            621158.470 ops

[P]all request:           55936780 o

[P]Valid Entries:         310472.765 / s

[P]set success:           310508.755 / s

[P]get found:             63026.088 / s

----------------------------------

[INFO]Current Time:       74.01 s

[P]indexs Load Factor:    43.8820 %

[P]slabs Load Factor:     21.0684 %

[P]set request:           28283200 

[P]get request:           28279458 

[P]Get Hit Rate:          20.5084 %

[P]ACC Hit Rate:          12.6844 %

[P]rx packet:             12058.036 / s

[P]Throughput:            625776.099 ops

[P]all request:           56562658 o

[P]Valid Entries:         312768.069 / s

[P]set success:           312809.062 / s

[P]get found:             64163.552 / s

----------------------------------

[INFO]Current Time:       75.01 s

[P]indexs Load Factor:    44.3332 %

[P]slabs Load Factor:     21.3006 %

[P]set request:           28594968 

[P]get request:           28591127 

[P]Get Hit Rate:          20.4974 %

[P]ACC Hit Rate:          12.7696 %

[P]rx packet:             12014.078 / s

[P]Throughput:            623337.279 ops

[P]all request:           57186095 o

[P]Valid Entries:         311565.156 / s

[P]set success:           311600.151 / s

[P]get found:             63873.782 / s

----------------------------------

[INFO]Current Time:       76.01 s

[P]indexs Load Factor:    44.7903 %

[P]slabs Load Factor:     21.5361 %

[P]set request:           28911242 

[P]get request:           28907297 

[P]Get Hit Rate:          20.6990 %

[P]ACC Hit Rate:          12.8563 %

[P]rx packet:             12186.050 / s

[P]Throughput:            632342.839 ops

[P]all request:           57818539 o

[P]Valid Entries:         316052.438 / s

[P]set success:           316097.431 / s

[P]get found:             65433.532 / s

----------------------------------

[INFO]Current Time:       77.01 s

[P]indexs Load Factor:    45.2339 %

[P]slabs Load Factor:     21.7647 %

[P]set request:           29218125 

[P]get request:           29214121 

[P]Get Hit Rate:          20.7575 %

[P]ACC Hit Rate:          12.9393 %

[P]rx packet:             11822.072 / s

[P]Throughput:            613606.934 ops

[P]all request:           58432246 o

[P]Valid Entries:         306686.986 / s

[P]set success:           306712.982 / s

[P]get found:             63678.615 / s

----------------------------------

[INFO]Current Time:       78.01 s

[P]indexs Load Factor:    45.6762 %

[P]slabs Load Factor:     21.9932 %

[P]set request:           29525033 

[P]get request:           29520942 

[P]Get Hit Rate:          21.0214 %

[P]ACC Hit Rate:          13.0233 %

[P]rx packet:             11822.109 / s

[P]Throughput:            613630.832 ops

[P]all request:           59045975 o

[P]Valid Entries:         306727.930 / s

[P]set success:           306765.924 / s

[P]get found:             64487.683 / s

----------------------------------

[INFO]Current Time:       79.01 s

[P]indexs Load Factor:    46.1179 %

[P]slabs Load Factor:     22.2216 %

[P]set request:           29831751 

[P]get request:           29827553 

[P]Get Hit Rate:          21.1245 %

[P]ACC Hit Rate:          13.1066 %

[P]rx packet:             11814.099 / s

[P]Throughput:            613230.311 ops

[P]all request:           59659304 o

[P]Valid Entries:         306529.669 / s

[P]set success:           306564.664 / s

[P]get found:             64759.578 / s

----------------------------------

[INFO]Current Time:       80.01 s

[P]indexs Load Factor:    46.5573 %

[P]slabs Load Factor:     22.4491 %

[P]set request:           30137215 

[P]get request:           30132919 

[P]Get Hit Rate:          21.1684 %

[P]ACC Hit Rate:          13.1883 %

[P]rx packet:             11762.130 / s

[P]Throughput:            610732.878 ops

[P]all request:           60270134 o

[P]Valid Entries:         305287.452 / s

[P]set success:           305320.446 / s

[P]get found:             64630.722 / s

----------------------------------

[INFO]Current Time:       81.01 s

[P]indexs Load Factor:    46.9928 %

[P]slabs Load Factor:     22.6750 %

[P]set request:           30440445 

[P]get request:           30436086 

[P]Get Hit Rate:          21.3196 %

[P]ACC Hit Rate:          13.2693 %

[P]rx packet:             11681.535 / s

[P]Throughput:            606269.077 ops

[P]all request:           60876531 o

[P]Valid Entries:         303032.060 / s

[P]set success:           303063.054 / s

[P]get found:             64620.365 / s

----------------------------------

[INFO]Current Time:       82.01 s

[P]indexs Load Factor:    47.4298 %

[P]slabs Load Factor:     22.9016 %

[P]set request:           30744757 

[P]get request:           30740364 

[P]Get Hit Rate:          21.4692 %

[P]ACC Hit Rate:          13.3505 %

[P]rx packet:             11726.099 / s

[P]Throughput:            608491.349 ops

[P]all request:           61485121 o

[P]Valid Entries:         304135.692 / s

[P]set success:           304167.687 / s

[P]get found:             65315.411 / s

----------------------------------

[INFO]Current Time:       83.01 s

[P]indexs Load Factor:    47.8539 %

[P]slabs Load Factor:     23.1221 %

[P]set request:           31040884 

[P]get request:           31036453 

[P]Get Hit Rate:          21.6229 %

[P]ACC Hit Rate:          13.4294 %

[P]rx packet:             11406.735 / s

[P]Throughput:            592150.351 ops

[P]all request:           62077337 o

[P]Valid Entries:         295972.187 / s

[P]set success:           296001.184 / s

[P]get found:             64015.903 / s

----------------------------------

[INFO]Current Time:       84.01 s

[P]indexs Load Factor:    48.2865 %

[P]slabs Load Factor:     23.3470 %

[P]set request:           31342785 

[P]get request:           31338299 

[P]Get Hit Rate:          21.6077 %

[P]ACC Hit Rate:          13.5081 %

[P]rx packet:             11630.114 / s

[P]Throughput:            603649.134 ops

[P]all request:           62681084 o

[P]Valid Entries:         301752.079 / s

[P]set success:           301771.075 / s

[P]get found:             65211.428 / s

----------------------------------

[INFO]Current Time:       85.01 s

[P]indexs Load Factor:    48.7190 %

[P]slabs Load Factor:     23.5722 %

[P]set request:           31645207 

[P]get request:           31640689 

[P]Get Hit Rate:          21.7960 %

[P]ACC Hit Rate:          13.5874 %

[P]rx packet:             11650.858 / s

[P]Throughput:            604752.740 ops

[P]all request:           63285896 o

[P]Valid Entries:         302257.382 / s

[P]set success:           302276.380 / s

[P]get found:             65902.542 / s

----------------------------------

[INFO]Current Time:       86.01 s

[P]indexs Load Factor:    49.1575 %

[P]slabs Load Factor:     23.8007 %

[P]set request:           31952104 

[P]get request:           31947456 

[P]Get Hit Rate:          21.9864 %

[P]ACC Hit Rate:          13.6680 %

[P]rx packet:             11822.216 / s

[P]Throughput:            613571.400 ops

[P]all request:           63899560 o

[P]Valid Entries:         306678.716 / s

[P]set success:           306712.711 / s

[P]get found:             67436.823 / s

----------------------------------

[INFO]Current Time:       87.01 s

[P]indexs Load Factor:    49.5993 %

[P]slabs Load Factor:     24.0313 %

[P]set request:           32261723 

[P]get request:           32256989 

[P]Get Hit Rate:          22.1666 %

[P]ACC Hit Rate:          13.7496 %

[P]rx packet:             11930.771 / s

[P]Throughput:            619088.236 ops

[P]all request:           64518712 o

[P]Valid Entries:         309421.131 / s

[P]set success:           309470.126 / s

[P]get found:             68605.934 / s

----------------------------------

[INFO]Current Time:       88.01 s

[P]indexs Load Factor:    50.0251 %

[P]slabs Load Factor:     24.2539 %

[P]set request:           32560596 

[P]get request:           32555786 

[P]Get Hit Rate:          22.2308 %

[P]ACC Hit Rate:          13.8274 %

[P]rx packet:             11518.273 / s

[P]Throughput:            597580.384 ops

[P]all request:           65116382 o

[P]Valid Entries:         298703.205 / s

[P]set success:           298725.202 / s

[P]get found:             66415.040 / s

----------------------------------

[INFO]Current Time:       89.01 s

[P]indexs Load Factor:    50.4582 %

[P]slabs Load Factor:     24.4806 %

[P]set request:           32865007 

[P]get request:           32860179 

[P]Get Hit Rate:          22.3816 %

[P]ACC Hit Rate:          13.9066 %

[P]rx packet:             11730.755 / s

[P]Throughput:            608739.415 ops

[P]all request:           65725186 o

[P]Valid Entries:         304308.714 / s

[P]set success:           304346.710 / s

[P]get found:             68120.773 / s

----------------------------------

[INFO]Current Time:       90.01 s

[P]indexs Load Factor:    50.8819 %

[P]slabs Load Factor:     24.7024 %

[P]set request:           33162782 

[P]get request:           33157908 

[P]Get Hit Rate:          22.4023 %

[P]ACC Hit Rate:          13.9829 %

[P]rx packet:             11469.913 / s

[P]Throughput:            595395.690 ops

[P]all request:           66320690 o

[P]Valid Entries:         297598.863 / s

[P]set success:           297624.858 / s

[P]get found:             66685.869 / s

----------------------------------

[INFO]Current Time:       91.01 s

[P]indexs Load Factor:    51.3007 %

[P]slabs Load Factor:     24.9219 %

[P]set request:           33457446 

[P]get request:           33452519 

[P]Get Hit Rate:          22.6183 %

[P]ACC Hit Rate:          14.0590 %

[P]rx packet:             11354.170 / s

[P]Throughput:            589180.041 ops

[P]all request:           66909965 o

[P]Valid Entries:         294524.531 / s

[P]set success:           294544.528 / s

[P]get found:             66625.262 / s

----------------------------------

[INFO]Current Time:       92.01 s

[P]indexs Load Factor:    51.7256 %

[P]slabs Load Factor:     25.1447 %

[P]set request:           33756667 

[P]get request:           33751677 

[P]Get Hit Rate:          22.5607 %

[P]ACC Hit Rate:          14.1343 %

[P]rx packet:             11534.144 / s

[P]Throughput:            598282.717 ops

[P]all request:           67508344 o

[P]Valid Entries:         299032.876 / s

[P]set success:           299062.871 / s

[P]get found:             67481.140 / s

----------------------------------

[INFO]Current Time:       93.01 s

[P]indexs Load Factor:    52.1465 %

[P]slabs Load Factor:     25.3657 %

[P]set request:           34053345 

[P]get request:           34048268 

[P]Get Hit Rate:          22.6969 %

[P]ACC Hit Rate:          14.2089 %

[P]rx packet:             11430.150 / s

[P]Throughput:            593172.973 ops

[P]all request:           68101613 o

[P]Valid Entries:         296512.999 / s

[P]set success:           296543.994 / s

[P]get found:             67306.104 / s

----------------------------------

[INFO]Current Time:       94.01 s

[P]indexs Load Factor:    52.5592 %

[P]slabs Load Factor:     25.5825 %

[P]set request:           34344443 

[P]get request:           34339326 

[P]Get Hit Rate:          22.7223 %

[P]ACC Hit Rate:          14.2811 %

[P]rx packet:             11214.799 / s

[P]Throughput:            582093.687 ops

[P]all request:           68683769 o

[P]Valid Entries:         290962.852 / s

[P]set success:           290983.850 / s

[P]get found:             66127.921 / s

----------------------------------

[INFO]Current Time:       95.01 s

[P]indexs Load Factor:    52.9764 %

[P]slabs Load Factor:     25.8018 %

[P]set request:           34638979 

[P]get request:           34633832 

[P]Get Hit Rate:          22.9197 %

[P]ACC Hit Rate:          14.3545 %

[P]rx packet:             11342.683 / s

[P]Throughput:            588973.614 ops

[P]all request:           69272811 o

[P]Valid Entries:         294366.821 / s

[P]set success:           294404.817 / s

[P]get found:             67492.163 / s

----------------------------------

[INFO]Current Time:       96.01 s

[P]indexs Load Factor:    53.3920 %

[P]slabs Load Factor:     26.0206 %

[P]set request:           34932743 

[P]get request:           34927516 

[P]Get Hit Rate:          23.0486 %

[P]ACC Hit Rate:          14.4276 %

[P]rx packet:             11322.100 / s

[P]Throughput:            587349.415 ops

[P]all request:           69860259 o

[P]Valid Entries:         293601.720 / s

[P]set success:           293620.717 / s

[P]get found:             67678.640 / s

----------------------------------

[INFO]Current Time:       97.01 s

[P]indexs Load Factor:    53.8171 %

[P]slabs Load Factor:     26.2449 %

[P]set request:           35233873 

[P]get request:           35228589 

[P]Get Hit Rate:          23.2236 %

[P]ACC Hit Rate:          14.5028 %

[P]rx packet:             11594.665 / s

[P]Throughput:            602133.661 ops

[P]all request:           70462462 o

[P]Valid Entries:         300949.344 / s

[P]set success:           300983.340 / s

[P]get found:             69911.949 / s

----------------------------------

[INFO]Current Time:       98.01 s

[P]indexs Load Factor:    54.2331 %

[P]slabs Load Factor:     26.4644 %

[P]set request:           35528591 

[P]get request:           35523341 

[P]Get Hit Rate:          23.2053 %

[P]ACC Hit Rate:          14.5750 %

[P]rx packet:             11362.683 / s

[P]Throughput:            589401.705 ops

[P]all request:           71051932 o

[P]Valid Entries:         294567.868 / s

[P]set success:           294594.865 / s

[P]get found:             68390.076 / s

----------------------------------

[INFO]Current Time:       99.02 s

[P]indexs Load Factor:    54.6489 %

[P]slabs Load Factor:     26.6840 %

[P]set request:           35823502 

[P]get request:           35818219 

[P]Get Hit Rate:          23.2961 %

[P]ACC Hit Rate:          14.6468 %

[P]rx packet:             11358.659 / s

[P]Throughput:            589719.403 ops

[P]all request:           71641721 o

[P]Valid Entries:         294754.214 / s

[P]set success:           294768.212 / s

[P]get found:             68686.894 / s

----------------------------------

[INFO]Current Time:       100.02 s

[P]indexs Load Factor:    55.0593 %

[P]slabs Load Factor:     26.9012 %

[P]set request:           36115088 

[P]get request:           36109773 

[P]Get Hit Rate:          23.5037 %

[P]ACC Hit Rate:          14.7183 %

[P]rx packet:             11230.136 / s

[P]Throughput:            583043.250 ops

[P]all request:           72224861 o

[P]Valid Entries:         291446.638 / s

[P]set success:           291465.634 / s

[P]get found:             68514.631 / s

----------------------------------

[INFO]Current Time:       101.02 s

[P]indexs Load Factor:    55.4674 %

[P]slabs Load Factor:     27.1173 %

[P]set request:           36405261 

[P]get request:           36399948 

[P]Get Hit Rate:          23.5410 %

[P]ACC Hit Rate:          14.7887 %

[P]rx packet:             11182.198 / s

[P]Throughput:            580254.480 ops

[P]all request:           72805209 o

[P]Valid Entries:         290025.256 / s

[P]set success:           290042.254 / s

[P]get found:             68298.992 / s

----------------------------------

[INFO]Current Time:       102.02 s

[P]indexs Load Factor:    55.8774 %

[P]slabs Load Factor:     27.3347 %

[P]set request:           36697088 

[P]get request:           36691789 

[P]Get Hit Rate:          23.6413 %

[P]ACC Hit Rate:          14.8591 %

[P]rx packet:             11238.181 / s

[P]Throughput:            583573.527 ops

[P]all request:           73388877 o

[P]Valid Entries:         291689.779 / s

[P]set success:           291721.774 / s

[P]get found:             68983.832 / s

----------------------------------

[INFO]Current Time:       103.02 s

[P]indexs Load Factor:    56.2837 %

[P]slabs Load Factor:     27.5500 %

[P]set request:           36986260 

[P]get request:           36980905 

[P]Get Hit Rate:          23.7023 %

[P]ACC Hit Rate:          14.9282 %

[P]rx packet:             11137.549 / s

[P]Throughput:            578160.770 ops

[P]all request:           73967165 o

[P]Valid Entries:         289028.396 / s

[P]set success:           289024.397 / s

[P]get found:             68511.923 / s

----------------------------------

[INFO]Current Time:       104.02 s

[P]indexs Load Factor:    56.6911 %

[P]slabs Load Factor:     27.7665 %

[P]set request:           37276830 

[P]get request:           37271435 

[P]Get Hit Rate:          24.0113 %

[P]ACC Hit Rate:          14.9990 %

[P]rx packet:             11194.198 / s

[P]Throughput:            581006.497 ops

[P]all request:           74548265 o

[P]Valid Entries:         290436.259 / s

[P]set success:           290444.258 / s

[P]get found:             69748.775 / s

----------------------------------

[INFO]Current Time:       105.02 s

[P]indexs Load Factor:    57.0974 %

[P]slabs Load Factor:     27.9824 %

[P]set request:           37566696 

[P]get request:           37561253 

[P]Get Hit Rate:          23.9933 %

[P]ACC Hit Rate:          15.0684 %

[P]rx packet:             11170.224 / s

[P]Throughput:            579591.830 ops

[P]all request:           75127949 o

[P]Valid Entries:         289724.926 / s

[P]set success:           289748.923 / s

[P]get found:             69525.944 / s

----------------------------------

[INFO]Current Time:       106.02 s

[P]indexs Load Factor:    57.5009 %

[P]slabs Load Factor:     28.1968 %

[P]set request:           37854591 

[P]get request:           37849109 

[P]Get Hit Rate:          23.9331 %

[P]ACC Hit Rate:          15.1358 %

[P]rx packet:             11098.214 / s

[P]Throughput:            575658.358 ops

[P]all request:           75703700 o

[P]Valid Entries:         287769.688 / s

[P]set success:           287791.685 / s

[P]get found:             68881.915 / s

----------------------------------

[INFO]Current Time:       107.02 s

[P]indexs Load Factor:    57.9140 %

[P]slabs Load Factor:     28.4166 %

[P]set request:           38149724 

[P]get request:           38144205 

[P]Get Hit Rate:          24.0762 %

[P]ACC Hit Rate:          15.2050 %

[P]rx packet:             11370.167 / s

[P]Throughput:            590133.888 ops

[P]all request:           76293929 o

[P]Valid Entries:         294956.462 / s

[P]set success:           294979.458 / s

[P]get found:             71036.551 / s

----------------------------------

[INFO]Current Time:       108.02 s

[P]indexs Load Factor:    58.3192 %

[P]slabs Load Factor:     28.6322 %

[P]set request:           38439230 

[P]get request:           38433599 

[P]Get Hit Rate:          24.1176 %

[P]ACC Hit Rate:          15.2721 %

[P]rx packet:             11150.206 / s

[P]Throughput:            578806.851 ops

[P]all request:           76872829 o

[P]Valid Entries:         289349.434 / s

[P]set success:           289349.434 / s

[P]get found:             69783.770 / s

----------------------------------

[INFO]Current Time:       109.02 s

[P]indexs Load Factor:    58.7261 %

[P]slabs Load Factor:     28.8492 %

[P]set request:           38730611 

[P]get request:           38724964 

[P]Get Hit Rate:          24.3358 %

[P]ACC Hit Rate:          15.3403 %

[P]rx packet:             11230.182 / s

[P]Throughput:            582651.677 ops

[P]all request:           77455575 o

[P]Valid Entries:         291230.854 / s

[P]set success:           291257.849 / s

[P]get found:             70894.523 / s

----------------------------------

[INFO]Current Time:       110.02 s

[P]indexs Load Factor:    59.1329 %

[P]slabs Load Factor:     29.0664 %

[P]set request:           39022227 

[P]get request:           39016461 

[P]Get Hit Rate:          24.3639 %

[P]ACC Hit Rate:          15.4077 %

[P]rx packet:             11234.144 / s

[P]Throughput:            583016.672 ops

[P]all request:           78038688 o

[P]Valid Entries:         291466.843 / s

[P]set success:           291491.839 / s

[P]get found:             71008.268 / s

----------------------------------

[INFO]Current Time:       111.02 s

[P]indexs Load Factor:    59.5294 %

[P]slabs Load Factor:     29.2785 %

[P]set request:           39306925 

[P]get request:           39301203 

[P]Get Hit Rate:          24.6708 %

[P]ACC Hit Rate:          15.4748 %

[P]rx packet:             10973.609 / s

[P]Throughput:            569315.938 ops

[P]all request:           78608128 o

[P]Valid Entries:         284548.993 / s

[P]set success:           284560.990 / s

[P]get found:             70232.695 / s

----------------------------------

[INFO]Current Time:       112.02 s

[P]indexs Load Factor:    59.9287 %

[P]slabs Load Factor:     29.4918 %

[P]set request:           39593411 

[P]get request:           39587647 

[P]Get Hit Rate:          24.5085 %

[P]ACC Hit Rate:          15.5402 %

[P]rx packet:             11038.058 / s

[P]Throughput:            572829.209 ops

[P]all request:           79181058 o

[P]Valid Entries:         286319.621 / s

[P]set success:           286352.615 / s

[P]get found:             70190.650 / s

----------------------------------

[INFO]Current Time:       113.02 s

[P]indexs Load Factor:    60.3224 %

[P]slabs Load Factor:     29.7026 %

[P]set request:           39876335 

[P]get request:           39870567 

[P]Get Hit Rate:          24.6402 %

[P]ACC Hit Rate:          15.6048 %

[P]rx packet:             10898.257 / s

[P]Throughput:            565753.491 ops

[P]all request:           79746902 o

[P]Valid Entries:         282765.763 / s

[P]set success:           282784.760 / s

[P]get found:             69700.849 / s

----------------------------------

[INFO]Current Time:       114.02 s

[P]indexs Load Factor:    60.7203 %

[P]slabs Load Factor:     29.9157 %

[P]set request:           40162471 

[P]get request:           40156693 

[P]Get Hit Rate:          24.7339 %

[P]ACC Hit Rate:          15.6698 %

[P]rx packet:             11006.668 / s

[P]Throughput:            571155.042 ops

[P]all request:           80319164 o

[P]Valid Entries:         285480.709 / s

[P]set success:           285491.687 / s

[P]get found:             70633.106 / s

----------------------------------

[INFO]Current Time:       115.02 s

[P]indexs Load Factor:    61.1218 %

[P]slabs Load Factor:     30.1310 %

[P]set request:           40451540 

[P]get request:           40445698 

[P]Get Hit Rate:          24.8148 %

[P]ACC Hit Rate:          15.7352 %

[P]rx packet:             11138.218 / s

[P]Throughput:            577981.535 ops

[P]all request:           80897238 o

[P]Valid Entries:         288918.779 / s

[P]set success:           288936.776 / s

[P]get found:             71704.529 / s

----------------------------------

[INFO]Current Time:       116.02 s

[P]indexs Load Factor:    61.5130 %

[P]slabs Load Factor:     30.3407 %

[P]set request:           40733107 

[P]get request:           40727244 

[P]Get Hit Rate:          24.8908 %

[P]ACC Hit Rate:          15.7984 %

[P]rx packet:             10854.264 / s

[P]Throughput:            563022.928 ops

[P]all request:           81460351 o

[P]Valid Entries:         281407.981 / s

[P]set success:           281435.976 / s

[P]get found:             70067.791 / s

----------------------------------

[INFO]Current Time:       117.02 s

[P]indexs Load Factor:    61.9029 %

[P]slabs Load Factor:     30.5501 %

[P]set request:           41014327 

[P]get request:           41008392 

[P]Get Hit Rate:          25.0441 %

[P]ACC Hit Rate:          15.8618 %

[P]rx packet:             10830.288 / s

[P]Throughput:            562279.120 ops

[P]all request:           82022719 o

[P]Valid Entries:         281121.563 / s

[P]set success:           281121.563 / s

[P]get found:             70399.872 / s

----------------------------------

[INFO]Current Time:       118.02 s

[P]indexs Load Factor:    62.2950 %

[P]slabs Load Factor:     30.7607 %

[P]set request:           41297019 

[P]get request:           41291038 

[P]Get Hit Rate:          24.9899 %

[P]ACC Hit Rate:          15.9243 %

[P]rx packet:             10890.247 / s

[P]Throughput:            565247.033 ops

[P]all request:           82588057 o

[P]Valid Entries:         282536.531 / s

[P]set success:           282566.526 / s

[P]get found:             70621.635 / s

----------------------------------

[INFO]Current Time:       119.02 s

[P]indexs Load Factor:    62.6867 %

[P]slabs Load Factor:     30.9713 %

[P]set request:           41579817 

[P]get request:           41573861 

[P]Get Hit Rate:          25.1733 %

[P]ACC Hit Rate:          15.9872 %

[P]rx packet:             10901.505 / s

[P]Throughput:            565491.569 ops

[P]all request:           83153678 o

[P]Valid Entries:         282678.300 / s

[P]set success:           282694.296 / s

[P]get found:             71179.708 / s

----------------------------------

[INFO]Current Time:       120.02 s

[P]indexs Load Factor:    63.0778 %

[P]slabs Load Factor:     31.1818 %

[P]set request:           41862357 

[P]get request:           41856330 

[P]Get Hit Rate:          25.1925 %

[P]ACC Hit Rate:          16.0494 %

[P]rx packet:             10890.245 / s

[P]Throughput:            564917.952 ops

[P]all request:           83718687 o

[P]Valid Entries:         282397.486 / s

[P]set success:           282415.483 / s

[P]get found:             71149.533 / s

----------------------------------

[INFO]Current Time:       121.02 s

[P]indexs Load Factor:    63.4705 %

[P]slabs Load Factor:     31.3934 %

[P]set request:           42146461 

[P]get request:           42140394 

[P]Get Hit Rate:          25.3306 %

[P]ACC Hit Rate:          16.1119 %

[P]rx packet:             10942.239 / s

[P]Throughput:            568076.578 ops

[P]all request:           84286855 o

[P]Valid Entries:         283944.304 / s

[P]set success:           283960.302 / s

[P]get found:             71943.422 / s

----------------------------------

[INFO]Current Time:       122.02 s

[P]indexs Load Factor:    63.8646 %

[P]slabs Load Factor:     31.6056 %

[P]set request:           42431432 

[P]get request:           42425330 

[P]Get Hit Rate:          25.3404 %

[P]ACC Hit Rate:          16.1739 %

[P]rx packet:             10978.210 / s

[P]Throughput:            569814.076 ops

[P]all request:           84856762 o

[P]Valid Entries:         284817.552 / s

[P]set success:           284839.549 / s

[P]get found:             72192.227 / s

----------------------------------

[INFO]Current Time:       123.02 s

[P]indexs Load Factor:    64.2516 %

[P]slabs Load Factor:     31.8141 %

[P]set request:           42711430 

[P]get request:           42705277 

[P]Get Hit Rate:          25.4048 %

[P]ACC Hit Rate:          16.2344 %

[P]rx packet:             10786.254 / s

[P]Throughput:            559854.367 ops

[P]all request:           85416707 o

[P]Valid Entries:         279841.697 / s

[P]set success:           279863.694 / s

[P]get found:             71108.489 / s

----------------------------------

[INFO]Current Time:       124.02 s

[P]indexs Load Factor:    64.6321 %

[P]slabs Load Factor:     32.0177 %

[P]set request:           42984759 

[P]get request:           42978486 

[P]Get Hit Rate:          25.5094 %

[P]ACC Hit Rate:          16.2934 %

[P]rx packet:             10530.335 / s

[P]Throughput:            546451.622 ops

[P]all request:           85963245 o

[P]Valid Entries:         273181.818 / s

[P]set success:           273207.814 / s

[P]get found:             69682.985 / s

----------------------------------

[INFO]Current Time:       125.02 s

[P]indexs Load Factor:    65.0178 %

[P]slabs Load Factor:     32.2229 %

[P]set request:           43260181 

[P]get request:           43253697 

[P]Get Hit Rate:          25.6629 %

[P]ACC Hit Rate:          16.3530 %

[P]rx packet:             10610.346 / s

[P]Throughput:            550547.156 ops

[P]all request:           86513878 o

[P]Valid Entries:         275293.075 / s

[P]set success:           275306.073 / s

[P]get found:             70615.989 / s

----------------------------------

[INFO]Current Time:       126.02 s

[P]indexs Load Factor:    65.3740 %

[P]slabs Load Factor:     32.4138 %

[P]set request:           43516716 

[P]get request:           43510338 

[P]Get Hit Rate:          25.3806 %

[P]ACC Hit Rate:          16.4062 %

[P]rx packet:             5007.099 / s

[P]Throughput:            513083.642 ops

[P]all request:           87027054 o

[P]Valid Entries:         256295.865 / s

[P]set success:           256472.833 / s

[P]get found:             65125.277 / s

----------------------------------
[INFO]End rx_queue_0:399209
[INFO]End rx_queue_2:403185

[INFO]Current Time:       127.02 s

[P]indexs Load Factor:    65.6532 %

[P]slabs Load Factor:     32.5648 %

[P]set request:           43719388 

[P]get request:           43713084 

[P]Get Hit Rate:          25.2242 %

[P]ACC Hit Rate:          16.4471 %

[P]rx packet:             3240.666 / s

[P]Throughput:            405376.248 ops

[P]all request:           87432472 o

[P]Valid Entries:         202569.136 / s

[P]set success:           202651.128 / s

[P]get found:             51135.733 / s

----------------------------------
[INFO]End rx_queue_1:407733
[INFO]End rx_queue_3:474233
Finish the job......

valid count:           43707893

Set request:           43719573

Set success:           43704230

Get request:           43713268

Get found:             7189597

Get Hit Rate:          16.447173%

slabs load factor:     32.564918%

[INFO] Everything works fine.
deleting piekv......
