[INFO] 单个Log Size为:1 GB
[INFO] 运行proto
[INFO] 运行cleanup
[INFO] 运行reload
[INFO] reload kv size 8
EAL: Probing VFIO support...
EAL: VFIO support initialized
EAL: PCI device 0000:03:00.0 on NUMA socket 0
EAL:   probe driver: 15b3:1017 net_mlx5
WEN: There are 1 device(s) available
starting port 0...
querying port 0...
port 0: 100 Gbps (full-duplex)
Adding UDP filter for each endpoint.
port_id/queue_id/udp_port = 0 0 0
Flow is created with src_port = 0, dst_port = 0
port_id/queue_id/udp_port = 0 1 1
Flow is created with src_port = 0, dst_port = 1
port_id/queue_id/udp_port = 0 2 2
Flow is created with src_port = 0, dst_port = 2
port_id/queue_id/udp_port = 0 3 3
Flow is created with src_port = 0, dst_port = 3
MEM: Initializing pages...
 == [STAT] Workers Start (4 threads in total) == 

[INFO]Current Time:       7.00 s

[P]indexs Load Factor:    0.0274 %

[P]set request:           11918 
[P]get request:           11855 

[P]Get Hit Rate:          43.0283 %
[P]ACC Hit Rate:          43.0283 %

[P]Throughput:            24510.367 ops

[P]all request:           23773 o

[P]GetThroughput:         12222.707 ops

[P]SetThroughput:         12287.661 ops

[P]Valid Entries:         11577.290 / s

[P]mica evicted:          0 / s

[P]set success:           12192.807 / s

[P]get found:             5259.218 / s

----------------------------------

[INFO]Current Time:       8.02 s

[P]indexs Load Factor:    0.1543 %

[P]set request:           101136 
[P]get request:           100967 

[P]Get Hit Rate:          54.1914 %
[P]ACC Hit Rate:          52.8806 %

[P]Throughput:            175352.526 ops

[P]all request:           202103 o

[P]GetThroughput:         87624.148 ops

[P]SetThroughput:         87728.378 ops

[P]Valid Entries:         85425.481 / s

[P]mica evicted:          0 / s

[P]set success:           87559.250 / s

[P]get found:             47484.713 / s

----------------------------------

[INFO]Current Time:       9.03 s

[P]indexs Load Factor:    2.1369 %

[P]set request:           1299712 
[P]get request:           1252682 

[P]Get Hit Rate:          61.9978 %
[P]ACC Hit Rate:          61.2630 %

[P]Throughput:            2334851.589 ops

[P]all request:           2552395 o

[P]GetThroughput:         1144148.726 ops

[P]SetThroughput:         1190701.869 ops

[P]Valid Entries:         1159901.552 / s

[P]mica evicted:          0 / s

[P]set success:           1127704.472 / s

[P]get found:             709347.076 / s

----------------------------------

[INFO]Current Time:       10.04 s

[P]indexs Load Factor:    5.3329 %

[P]set request:           3959106 
[P]get request:           3776029 

[P]Get Hit Rate:          69.6756 %
[P]ACC Hit Rate:          66.8847 %

[P]Throughput:            5096010.821 ops

[P]all request:           7735135 o

[P]GetThroughput:         2481120.723 ops

[P]SetThroughput:         2614891.081 ops

[P]Valid Entries:         2513259.748 / s

[P]mica evicted:          0 / s

[P]set success:           2479708.754 / s

[P]get found:             1728734.608 / s

----------------------------------

[INFO]Current Time:       11.12 s

[P]indexs Load Factor:    8.5213 %

[P]set request:           6750186 
[P]get request:           6495484 

[P]Get Hit Rate:          73.1503 %
[P]ACC Hit Rate:          69.5079 %

[P]Throughput:            5133710.735 ops

[P]all request:           13245670 o

[P]GetThroughput:         2533491.816 ops

[P]SetThroughput:         2600218.918 ops

[P]Valid Entries:         2476793.576 / s

[P]mica evicted:          0 / s

[P]set success:           2430813.596 / s

[P]get found:             1853257.338 / s

----------------------------------

[INFO]Current Time:       12.23 s

[P]indexs Load Factor:    11.6973 %

[P]set request:           9558031 
[P]get request:           9337464 

[P]Get Hit Rate:          75.5624 %
[P]ACC Hit Rate:          71.3507 %

[P]Throughput:            5059964.456 ops

[P]all request:           18895495 o

[P]GetThroughput:         2545267.824 ops

[P]SetThroughput:         2514696.632 ops

[P]Valid Entries:         2443491.323 / s

[P]mica evicted:          0 / s

[P]set success:           2449758.708 / s

[P]get found:             1923264.294 / s

----------------------------------

[INFO]Current Time:       13.37 s

[P]indexs Load Factor:    14.8510 %

[P]set request:           12462608 
[P]get request:           12200162 

[P]Get Hit Rate:          80.1160 %
[P]ACC Hit Rate:          73.4074 %

[P]Throughput:            5078610.162 ops

[P]all request:           24662770 o

[P]GetThroughput:         2520865.947 ops

[P]SetThroughput:         2557744.215 ops

[P]Valid Entries:         2475932.032 / s

[P]mica evicted:          0 / s

[P]set success:           2520282.115 / s

[P]get found:             2019617.728 / s

----------------------------------

[INFO]Current Time:       14.52 s

[P]indexs Load Factor:    17.9525 %

[P]set request:           15391212 
[P]get request:           15118783 

[P]Get Hit Rate:          79.0646 %
[P]ACC Hit Rate:          74.4995 %

[P]Throughput:            5097357.652 ops

[P]all request:           30509995 o

[P]GetThroughput:         2544327.452 ops

[P]SetThroughput:         2553030.200 ops

[P]Valid Entries:         2434758.966 / s

[P]mica evicted:          0 / s

[P]set success:           2486216.150 / s

[P]get found:             2011661.434 / s

----------------------------------

[INFO]Current Time:       15.68 s

[P]indexs Load Factor:    21.0841 %

[P]set request:           18365079 
[P]get request:           18035057 

[P]Get Hit Rate:          83.8478 %
[P]ACC Hit Rate:          76.0111 %

[P]Throughput:            5061433.043 ops

[P]all request:           36400136 o

[P]GetThroughput:         2505971.519 ops

[P]SetThroughput:         2555461.525 ops

[P]Valid Entries:         2455012.100 / s

[P]mica evicted:          0 / s

[P]set success:           2509887.376 / s

[P]get found:             2101203.198 / s

----------------------------------

[INFO]Current Time:       16.85 s

[P]indexs Load Factor:    24.1995 %

[P]set request:           21432129 
[P]get request:           21051250 

[P]Get Hit Rate:          82.1233 %
[P]ACC Hit Rate:          76.8869 %

[P]Throughput:            5197931.184 ops

[P]all request:           42483379 o

[P]GetThroughput:         2577237.775 ops

[P]SetThroughput:         2620693.409 ops

[P]Valid Entries:         2459763.070 / s

[P]mica evicted:          0 / s

[P]set success:           2524646.177 / s

[P]cuckoo path ps:        0.854 / s

[P]cp per set second:     0.000000 / set

[P]total cp perset:       0.000000 / set

[P]total cp:              1 

[P]get found:             2116511.662 / s

----------------------------------

[INFO]Current Time:       18.03 s

[P]indexs Load Factor:    27.3039 %

[P]set request:           24496998 
[P]get request:           24063719 

[P]Get Hit Rate:          83.3038 %
[P]ACC Hit Rate:          77.6902 %

[P]Throughput:            5134673.431 ops

[P]all request:           48560717 o

[P]GetThroughput:         2545200.635 ops

[P]SetThroughput:         2589472.796 ops

[P]Valid Entries:         2456521.975 / s

[P]mica evicted:          0 / s

[P]set success:           2551135.977 / s

[P]cuckoo path ps:        5.069 / s

[P]cp per set second:     0.000002 / set

[P]total cp perset:       0.000000 / set

[P]total cp:              7 

[P]get found:             2120248.719 / s

----------------------------------

[INFO]Current Time:       19.22 s

[P]indexs Load Factor:    30.3747 %

[P]set request:           27523717 
[P]get request:           27108697 

[P]Get Hit Rate:          85.4134 %
[P]ACC Hit Rate:          78.5577 %

[P]Throughput:            5121102.877 ops

[P]all request:           54632414 o

[P]GetThroughput:         2568251.610 ops

[P]SetThroughput:         2552851.267 ops

[P]Valid Entries:         2449314.976 / s

[P]mica evicted:          0 / s

[P]set success:           2487249.465 / s

[P]cuckoo path ps:        16.025 / s

[P]cp per set second:     0.000006 / set

[P]total cp perset:       0.000001 / set

[P]total cp:              26 

[P]get found:             2193631.662 / s

----------------------------------

[INFO]Current Time:       20.40 s

[P]indexs Load Factor:    33.4328 %

[P]set request:           30557705 
[P]get request:           30126179 

[P]Get Hit Rate:          87.2984 %
[P]ACC Hit Rate:          79.4332 %

[P]Throughput:            5101654.354 ops

[P]all request:           60683884 o

[P]GetThroughput:         2543869.536 ops

[P]SetThroughput:         2557784.818 ops

[P]Valid Entries:         2451337.890 / s

[P]mica evicted:          0 / s

[P]set success:           2549931.864 / s

[P]cuckoo path ps:        80.932 / s

[P]cp per set second:     0.000032 / set

[P]total cp perset:       0.000004 / set

[P]total cp:              122 

[P]get found:             2220758.663 / s

----------------------------------

[INFO]Current Time:       21.60 s

[P]indexs Load Factor:    36.4349 %

[P]set request:           33649403 
[P]get request:           33162225 

[P]Get Hit Rate:          83.9763 %
[P]ACC Hit Rate:          79.8491 %

[P]Throughput:            5129257.348 ops

[P]all request:           66811628 o

[P]GetThroughput:         2541336.788 ops

[P]SetThroughput:         2587920.560 ops

[P]Valid Entries:         2421694.876 / s

[P]mica evicted:          0 / s

[P]set success:           2490291.514 / s

[P]cuckoo path ps:        216.797 / s

[P]cp per set second:     0.000087 / set

[P]total cp perset:       0.000012 / set

[P]total cp:              381 

[P]get found:             2134119.687 / s

----------------------------------

[INFO]Current Time:       22.79 s

[P]indexs Load Factor:    39.3717 %

[P]set request:           36655622 
[P]get request:           36080321 

[P]Get Hit Rate:          87.7109 %
[P]ACC Hit Rate:          80.4850 %

[P]Throughput:            4965217.848 ops

[P]all request:           72735943 o

[P]GetThroughput:         2445680.613 ops

[P]SetThroughput:         2519537.235 ops

[P]Valid Entries:         2356825.204 / s

[P]mica evicted:          0 / s

[P]set success:           2424033.113 / s

[P]cuckoo path ps:        595.895 / s

[P]cp per set second:     0.000246 / set

[P]total cp perset:       0.000031 / set

[P]total cp:              1092 

[P]get found:             2145128.255 / s

----------------------------------

[INFO]Current Time:       23.99 s

[P]indexs Load Factor:    42.3416 %

[P]set request:           39724440 
[P]get request:           39096715 

[P]Get Hit Rate:          87.3642 %
[P]ACC Hit Rate:          81.0157 %

[P]Throughput:            5071754.464 ops

[P]all request:           78821155 o

[P]GetThroughput:         2514030.692 ops

[P]SetThroughput:         2557723.772 ops

[P]Valid Entries:         2421379.592 / s

[P]mica evicted:          0 / s

[P]set success:           2522725.302 / s

[P]cuckoo path ps:        1301.858 / s

[P]cp per set second:     0.000516 / set

[P]total cp perset:       0.000069 / set

[P]total cp:              2654 

[P]get found:             2196363.230 / s

----------------------------------

[INFO]Current Time:       25.19 s

[P]indexs Load Factor:    45.2668 %

[P]set request:           42789583 
[P]get request:           42108448 

[P]Get Hit Rate:          89.0537 %
[P]ACC Hit Rate:          81.5906 %

[P]Throughput:            5088965.182 ops

[P]all request:           84898031 o

[P]GetThroughput:         2522118.992 ops

[P]SetThroughput:         2566846.189 ops

[P]Valid Entries:         2399435.331 / s

[P]mica evicted:          0 / s

[P]set success:           2471750.022 / s

[P]cuckoo path ps:        2577.613 / s

[P]cp per set second:     0.001043 / set

[P]total cp perset:       0.000138 / set

[P]total cp:              5732 

[P]get found:             2246039.719 / s

----------------------------------

[INFO]Current Time:       26.38 s

[P]indexs Load Factor:    48.1149 %

[P]set request:           45829733 
[P]get request:           45026469 

[P]Get Hit Rate:          91.7475 %
[P]ACC Hit Rate:          82.2488 %

[P]Throughput:            4999253.916 ops

[P]all request:           90856202 o

[P]GetThroughput:         2448390.271 ops

[P]SetThroughput:         2550863.645 ops

[P]Valid Entries:         2383787.802 / s

[P]mica evicted:          0 / s

[P]set success:           2485907.932 / s

[P]cuckoo path ps:        5049.454 / s

[P]cp per set second:     0.002031 / set

[P]total cp perset:       0.000264 / set

[P]total cp:              11750 

[P]get found:             2246337.437 / s

----------------------------------

[INFO]Current Time:       27.57 s

[P]indexs Load Factor:    50.9030 %

[P]set request:           48669864 
[P]get request:           47847243 

[P]Get Hit Rate:          91.0776 %
[P]ACC Hit Rate:          82.7693 %

[P]Throughput:            4763560.267 ops

[P]all request:           96517107 o

[P]GetThroughput:         2373635.832 ops

[P]SetThroughput:         2389924.435 ops

[P]Valid Entries:         2313117.153 / s

[P]mica evicted:          0 / s

[P]set success:           2383455.107 / s

[P]cuckoo path ps:        8472.060 / s

[P]cp per set second:     0.003555 / set

[P]total cp perset:       0.000461 / set

[P]total cp:              21818 

[P]get found:             2161850.329 / s

----------------------------------

[INFO]Current Time:       28.75 s

[P]indexs Load Factor:    53.5637 %

[P]set request:           51505052 
[P]get request:           50640809 

[P]Get Hit Rate:          91.6066 %
[P]ACC Hit Rate:          83.2568 %

[P]Throughput:            4759268.870 ops

[P]all request:           102145861 o

[P]GetThroughput:         2362038.153 ops

[P]SetThroughput:         2397230.717 ops

[P]Valid Entries:         2270768.483 / s

[P]mica evicted:          0 / s

[P]set success:           2370040.229 / s

[P]cuckoo path ps:        13757.585 / s

[P]cp per set second:     0.005805 / set

[P]total cp perset:       0.000760 / set

[P]total cp:              38089 

[P]get found:             2163782.140 / s

----------------------------------

[INFO]Current Time:       29.93 s

[P]indexs Load Factor:    56.1596 %

[P]set request:           54302318 
[P]get request:           53400643 

[P]Get Hit Rate:          88.5987 %
[P]ACC Hit Rate:          83.5329 %

[P]Throughput:            4709981.310 ops

[P]all request:           107702961 o

[P]GetThroughput:         2339127.703 ops

[P]SetThroughput:         2370853.607 ops

[P]Valid Entries:         2220730.210 / s

[P]mica evicted:          0 / s

[P]set success:           2290015.780 / s

[P]cuckoo path ps:        21311.074 / s

[P]cp per set second:     0.009306 / set

[P]total cp perset:       0.001197 / set

[P]total cp:              63233 

[P]get found:             2072436.697 / s

----------------------------------

[INFO]Current Time:       31.11 s

[P]indexs Load Factor:    58.5560 %

[P]set request:           56920953 
[P]get request:           56016837 

[P]Get Hit Rate:          91.1955 %
[P]ACC Hit Rate:          83.8908 %

[P]Throughput:            4447943.632 ops

[P]all request:           112937790 o

[P]GetThroughput:         2222934.778 ops

[P]SetThroughput:         2225008.854 ops

[P]Valid Entries:         2108574.285 / s

[P]mica evicted:          0 / s

[P]set success:           2175094.244 / s

[P]cuckoo path ps:        30379.555 / s

[P]cp per set second:     0.013967 / set

[P]total cp perset:       0.001787 / set

[P]total cp:              98987 

[P]get found:             2027217.166 / s

----------------------------------

[INFO]Current Time:       32.28 s

[P]indexs Load Factor:    60.8736 %

[P]set request:           59412770 
[P]get request:           58482561 

[P]Get Hit Rate:          90.3980 %
[P]ACC Hit Rate:          84.1651 %

[P]Throughput:            4232807.501 ops

[P]all request:           117895331 o

[P]GetThroughput:         2105264.494 ops

[P]SetThroughput:         2127543.008 ops

[P]Valid Entries:         2021106.816 / s

[P]mica evicted:          0 / s

[P]set success:           2111351.319 / s

[P]cuckoo path ps:        41474.767 / s

[P]cp per set second:     0.019644 / set

[P]total cp perset:       0.002550 / set

[P]total cp:              147563 

[P]get found:             1903116.842 / s

----------------------------------

[INFO]Current Time:       33.44 s

[P]indexs Load Factor:    63.0495 %

[P]set request:           61819175 
[P]get request:           60866681 

[P]Get Hit Rate:          91.8046 %
[P]ACC Hit Rate:          84.4644 %

[P]Throughput:            4109936.003 ops

[P]all request:           122685856 o

[P]GetThroughput:         2045408.515 ops

[P]SetThroughput:         2064527.489 ops

[P]Valid Entries:         1938121.771 / s

[P]mica evicted:          0 / s

[P]set success:           1999400.293 / s

[P]cuckoo path ps:        54829.460 / s

[P]cp per set second:     0.027423 / set

[P]total cp perset:       0.003513 / set

[P]total cp:              211472 

[P]get found:             1877779.251 / s

----------------------------------

[INFO]Current Time:       34.61 s

[P]indexs Load Factor:    65.1169 %

[P]set request:           64065166 
[P]get request:           63149806 

[P]Get Hit Rate:          92.0950 %
[P]ACC Hit Rate:          84.7402 %

[P]Throughput:            3895521.139 ops

[P]all request:           127214972 o

[P]GetThroughput:         1963730.163 ops

[P]SetThroughput:         1931790.976 ops

[P]Valid Entries:         1860449.460 / s

[P]mica evicted:          0 / s

[P]set success:           1919855.281 / s

[P]cuckoo path ps:        69873.314 / s

[P]cp per set second:     0.036395 / set

[P]total cp perset:       0.004689 / set

[P]total cp:              292710 

[P]get found:             1808497.320 / s

----------------------------------

[INFO]Current Time:       35.77 s

[P]indexs Load Factor:    66.9648 %

[P]set request:           66132271 
[P]get request:           65255469 

[P]Get Hit Rate:          92.3432 %
[P]ACC Hit Rate:          84.9856 %

[P]Throughput:            3591835.437 ops

[P]all request:           131387740 o

[P]GetThroughput:         1812512.697 ops

[P]SetThroughput:         1779322.740 ops

[P]Valid Entries:         1717625.469 / s

[P]mica evicted:          0 / s

[P]set success:           1794328.719 / s

[P]cuckoo path ps:        83576.578 / s

[P]cp per set second:     0.046578 / set

[P]total cp perset:       0.006042 / set

[P]total cp:              389804 

[P]get found:             1673731.712 / s

----------------------------------

[INFO]Current Time:       36.92 s

[P]indexs Load Factor:    68.7090 %

[P]set request:           68018977 
[P]get request:           67180078 

[P]Get Hit Rate:          92.5504 %
[P]ACC Hit Rate:          85.2023 %

[P]Throughput:            3307611.848 ops

[P]all request:           135199055 o

[P]GetThroughput:         1670252.795 ops

[P]SetThroughput:         1637359.053 ops

[P]Valid Entries:         1582517.636 / s

[P]mica evicted:          0 / s

[P]set success:           1631724.167 / s

[P]cuckoo path ps:        95504.063 / s

[P]cp per set second:     0.058530 / set

[P]total cp perset:       0.007529 / set

[P]total cp:              499852 

[P]get found:             1545825.358 / s

----------------------------------

[INFO]Current Time:       38.07 s

[P]indexs Load Factor:    70.3364 %

[P]set request:           69836177 
[P]get request:           68927737 

[P]Get Hit Rate:          97.0868 %
[P]ACC Hit Rate:          85.5036 %

[P]Throughput:            3108147.786 ops

[P]all request:           138763914 o

[P]GetThroughput:         1523758.009 ops

[P]SetThroughput:         1584389.777 ops

[P]Valid Entries:         1510707.631 / s

[P]mica evicted:          0 / s

[P]set success:           1558033.560 / s

[P]cuckoo path ps:        111012.783 / s

[P]cp per set second:     0.071252 / set

[P]total cp perset:       0.009199 / set

[P]total cp:              627177 

[P]get found:             1479368.590 / s

----------------------------------

[INFO]Current Time:       39.21 s

[P]indexs Load Factor:    71.9508 %

[P]set request:           71686558 
[P]get request:           70723170 

[P]Get Hit Rate:          92.2369 %
[P]ACC Hit Rate:          85.6746 %

[P]Throughput:            3184938.108 ops

[P]all request:           142409728 o

[P]GetThroughput:         1568468.107 ops

[P]SetThroughput:         1616470.001 ops

[P]Valid Entries:         1472400.546 / s

[P]mica evicted:          0 / s

[P]set success:           1548352.878 / s

[P]cuckoo path ps:        105083.859 / s

[P]cp per set second:     0.067868 / set

[P]total cp perset:       0.010686 / set

[P]total cp:              747467 

[P]expire scan persec:    8078661.720 / s
[P]total expire scan:     9247683

[P]expire hit persec:     55377.595 / s
[P]total expire hit:      63391

[P]expire hit rate:       0.685480 %
[P]total expire hit rate: 0.685480 %

[P]get found:             1446705.712 / s

----------------------------------

[INFO]Current Time:       40.35 s

[P]indexs Load Factor:    73.6192 %

[P]set request:           73690273 
[P]get request:           72711424 

[P]Get Hit Rate:          89.4725 %
[P]ACC Hit Rate:          85.7784 %

[P]Throughput:            3510916.994 ops

[P]all request:           146401697 o

[P]GetThroughput:         1748659.560 ops

[P]SetThroughput:         1762257.433 ops

[P]Valid Entries:         1529031.176 / s

[P]mica evicted:          0 / s

[P]set success:           1727243.856 / s

[P]cuckoo path ps:        95895.743 / s

[P]cp per set second:     0.055520 / set

[P]total cp perset:       0.011910 / set

[P]total cp:              856502 

[P]expire scan persec:    16236460.225 / s
[P]total expire scan:     27708799

[P]expire hit persec:     141274.170 / s
[P]total expire hit:      224022

[P]expire hit rate:       0.870104 %
[P]total expire hit rate: 0.808487 %

[P]get found:             1564569.812 / s

----------------------------------

[INFO]Current Time:       41.49 s

[P]indexs Load Factor:    75.2497 %

[P]set request:           75674061 
[P]get request:           74722814 

[P]Get Hit Rate:          90.4474 %
[P]ACC Hit Rate:          85.9041 %

[P]Throughput:            3504535.919 ops

[P]all request:           150396875 o

[P]GetThroughput:         1764374.079 ops

[P]SetThroughput:         1740161.841 ops

[P]Valid Entries:         1492973.680 / s

[P]mica evicted:          0 / s

[P]set success:           1702268.048 / s

[P]cuckoo path ps:        94255.974 / s

[P]cp per set second:     0.055371 / set

[P]total cp perset:       0.013052 / set

[P]total cp:              963954 

[P]expire scan persec:    15949378.865 / s
[P]total expire scan:     45891123

[P]expire hit persec:     200182.980 / s
[P]total expire hit:      452231

[P]expire hit rate:       1.255115 %
[P]total expire hit rate: 0.985443 %

[P]get found:             1595829.639 / s

----------------------------------

[INFO]Current Time:       42.61 s

[P]indexs Load Factor:    76.8130 %

[P]set request:           77621633 
[P]get request:           76676263 

[P]Get Hit Rate:          89.6517 %
[P]ACC Hit Rate:          85.9996 %

[P]Throughput:            3463854.606 ops

[P]all request:           154297896 o

[P]GetThroughput:         1734536.501 ops

[P]SetThroughput:         1729318.105 ops

[P]Valid Entries:         1434561.736 / s

[P]mica evicted:          0 / s

[P]set success:           1692562.907 / s

[P]cuckoo path ps:        88476.546 / s

[P]cp per set second:     0.052274 / set

[P]total cp perset:       0.014039 / set

[P]total cp:              1063597 

[P]expire scan persec:    15448441.110 / s
[P]total expire scan:     63289282

[P]expire hit persec:     253375.915 / s
[P]total expire hit:      737585

[P]expire hit rate:       1.640139 %
[P]total expire hit rate: 1.165418 %

[P]get found:             1555041.250 / s

----------------------------------

[INFO]Current Time:       43.74 s

[P]indexs Load Factor:    78.3451 %

[P]set request:           79613903 
[P]get request:           78650086 

[P]Get Hit Rate:          91.5077 %
[P]ACC Hit Rate:          86.1378 %

[P]Throughput:            3518847.513 ops

[P]all request:           158263989 o

[P]GetThroughput:         1751240.366 ops

[P]SetThroughput:         1767607.148 ops

[P]Valid Entries:         1414614.509 / s

[P]mica evicted:          0 / s

[P]set success:           1729333.702 / s

[P]cuckoo path ps:        85675.628 / s

[P]cp per set second:     0.049543 / set

[P]total cp perset:       0.014929 / set

[P]total cp:              1160162 

[P]expire scan persec:    15375684.625 / s
[P]total expire scan:     80619216

[P]expire hit persec:     319013.400 / s
[P]total expire hit:      1097145

[P]expire hit rate:       2.074792 %
[P]total expire hit rate: 1.360898 %

[P]get found:             1602520.641 / s

----------------------------------

[INFO]Current Time:       44.86 s

[P]indexs Load Factor:    79.8622 %

[P]set request:           81674286 
[P]get request:           80688225 

[P]Get Hit Rate:          90.1035 %
[P]ACC Hit Rate:          86.2380 %

[P]Throughput:            3671708.507 ops

[P]all request:           162362511 o

[P]GetThroughput:         1825890.480 ops

[P]SetThroughput:         1845818.026 ops

[P]Valid Entries:         1401898.891 / s

[P]mica evicted:          0 / s

[P]set success:           1803441.980 / s

[P]cuckoo path ps:        82209.636 / s

[P]cp per set second:     0.045585 / set

[P]total cp perset:       0.015703 / set

[P]total cp:              1251928 

[P]expire scan persec:    15442465.520 / s
[P]total expire scan:     97856773

[P]expire hit persec:     386244.461 / s
[P]total expire hit:      1528288

[P]expire hit rate:       2.501184 %
[P]total expire hit rate: 1.561760 %

[P]get found:             1645191.611 / s

----------------------------------

[INFO]Current Time:       45.97 s

[P]indexs Load Factor:    81.3562 %

[P]set request:           83769617 
[P]get request:           82760163 

[P]Get Hit Rate:          89.7170 %
[P]ACC Hit Rate:          86.3251 %

[P]Throughput:            3737926.932 ops

[P]all request:           166529780 o

[P]GetThroughput:         1858472.024 ops

[P]SetThroughput:         1879454.908 ops

[P]Valid Entries:         1386491.216 / s

[P]mica evicted:          0 / s

[P]set success:           1880746.549 / s

[P]cuckoo path ps:        78040.221 / s

[P]cp per set second:     0.041494 / set

[P]total cp perset:       0.016364 / set

[P]total cp:              1338932 

[P]expire scan persec:    15524336.057 / s
[P]total expire scan:     115164250

[P]expire hit persec:     459965.856 / s
[P]total expire hit:      2041086

[P]expire hit rate:       2.962870 %
[P]total expire hit rate: 1.772326 %

[P]get found:             1667365.690 / s

----------------------------------

[INFO]Current Time:       47.08 s

[P]indexs Load Factor:    82.7553 %

[P]set request:           85885264 
[P]get request:           84902431 

[P]Get Hit Rate:          89.4032 %
[P]ACC Hit Rate:          86.4027 %

[P]Throughput:            3844031.527 ops

[P]all request:           170787695 o

[P]GetThroughput:         1934032.439 ops

[P]SetThroughput:         1909999.088 ops

[P]Valid Entries:         1345959.709 / s

[P]mica evicted:          0 / s

[P]set success:           1886995.829 / s

[P]cuckoo path ps:        73085.905 / s

[P]cp per set second:     0.038731 / set

[P]total cp perset:       0.016921 / set

[P]total cp:              1419887 

[P]expire scan persec:    15389775.492 / s
[P]total expire scan:     132211029

[P]expire hit persec:     540897.992 / s
[P]total expire hit:      2640222

[P]expire hit rate:       3.514658 %
[P]total expire hit rate: 1.996976 %

[P]get found:             1729087.662 / s

----------------------------------

[INFO]Current Time:       48.18 s

[P]indexs Load Factor:    84.1164 %

[P]set request:           87931896 
[P]get request:           86924653 

[P]Get Hit Rate:          89.0013 %
[P]ACC Hit Rate:          86.4632 %

[P]Throughput:            3691792.939 ops

[P]all request:           174856549 o

[P]GetThroughput:         1834822.508 ops

[P]SetThroughput:         1856970.431 ops

[P]Valid Entries:         1234318.001 / s

[P]mica evicted:          0 / s

[P]set success:           1814539.148 / s

[P]cuckoo path ps:        63239.987 / s

[P]cp per set second:     0.034852 / set

[P]total cp perset:       0.017339 / set

[P]total cp:              1489586 

[P]expire scan persec:    14425302.547 / s
[P]total expire scan:     148109659

[P]expire hit persec:     582328.874 / s
[P]total expire hit:      3282027

[P]expire hit rate:       4.036857 %
[P]total expire hit rate: 2.215944 %

[P]get found:             1633016.004 / s

----------------------------------

[INFO]Current Time:       49.28 s

[P]indexs Load Factor:    85.4410 %

[P]set request:           90121271 
[P]get request:           89054962 

[P]Get Hit Rate:          89.9702 %
[P]ACC Hit Rate:          86.5471 %

[P]Throughput:            3928452.877 ops

[P]all request:           179176233 o

[P]GetThroughput:         1937368.224 ops

[P]SetThroughput:         1991084.653 ops

[P]Valid Entries:         1245545.257 / s

[P]mica evicted:          0 / s

[P]set success:           1942260.051 / s

[P]cuckoo path ps:        60276.152 / s

[P]cp per set second:     0.031034 / set

[P]total cp perset:       0.017671 / set

[P]total cp:              1555865 

[P]expire scan persec:    15003914.516 / s
[P]total expire scan:     164607800

[P]expire hit persec:     681332.685 / s
[P]total expire hit:      4031213

[P]expire hit rate:       4.541033 %
[P]total expire hit rate: 2.448981 %

[P]get found:             1743053.822 / s

----------------------------------

[INFO]Current Time:       50.37 s

[P]indexs Load Factor:    86.6851 %

[P]set request:           92297511 
[P]get request:           91199056 

[P]Get Hit Rate:          87.3529 %
[P]ACC Hit Rate:          86.5660 %

[P]Throughput:            3956650.414 ops

[P]all request:           183496567 o

[P]GetThroughput:         1963605.224 ops

[P]SetThroughput:         1993045.190 ops

[P]Valid Entries:         1183818.875 / s

[P]mica evicted:          0 / s

[P]set success:           1945643.237 / s

[P]cuckoo path ps:        54846.658 / s

[P]cp per set second:     0.028189 / set

[P]total cp perset:       0.017919 / set

[P]total cp:              1615753 

[P]expire scan persec:    14748879.668 / s
[P]total expire scan:     180712353

[P]expire hit persec:     749431.478 / s
[P]total expire hit:      4849530

[P]expire hit rate:       5.081277 %
[P]total expire hit rate: 2.683563 %

[P]get found:             1715265.844 / s

----------------------------------

[INFO]Current Time:       51.46 s

[P]indexs Load Factor:    87.8480 %

[P]set request:           94465297 
[P]get request:           93305321 

[P]Get Hit Rate:          88.1828 %
[P]ACC Hit Rate:          86.6025 %

[P]Throughput:            3925155.772 ops

[P]all request:           187770618 o

[P]GetThroughput:         1934328.398 ops

[P]SetThroughput:         1990827.374 ops

[P]Valid Entries:         1119504.619 / s

[P]mica evicted:          0 / s

[P]set success:           1943858.312 / s

[P]cuckoo path ps:        48791.106 / s

[P]cp per set second:     0.025100 / set

[P]total cp perset:       0.018084 / set

[P]total cp:              1668881 

[P]expire scan persec:    14510774.162 / s
[P]total expire scan:     196512946

[P]expire hit persec:     813544.490 / s
[P]total expire hit:      5735388

[P]expire hit rate:       5.606486 %
[P]total expire hit rate: 2.918580 %

[P]get found:             1705744.527 / s

----------------------------------

[INFO]Current Time:       52.54 s

[P]indexs Load Factor:    88.9208 %

[P]set request:           96563719 
[P]get request:           95289450 

[P]Get Hit Rate:          91.4193 %
[P]ACC Hit Rate:          86.7028 %

[P]Throughput:            3793117.501 ops

[P]all request:           191853169 o

[P]GetThroughput:         1843463.666 ops

[P]SetThroughput:         1949653.835 ops

[P]Valid Entries:         1035937.853 / s

[P]mica evicted:          0 / s

[P]set success:           1854116.781 / s

[P]cuckoo path ps:        43535.061 / s

[P]cp per set second:     0.023480 / set

[P]total cp perset:       0.018198 / set

[P]total cp:              1715738 

[P]expire scan persec:    14042731.594 / s
[P]total expire scan:     211627207

[P]expire hit persec:     859439.541 / s
[P]total expire hit:      6660407

[P]expire hit rate:       6.120174 %
[P]total expire hit rate: 3.147236 %

[P]get found:             1685280.796 / s

----------------------------------

[INFO]Current Time:       53.61 s

[P]indexs Load Factor:    89.9692 %

[P]set request:           98636976 
[P]get request:           97381572 

[P]Get Hit Rate:          86.4459 %
[P]ACC Hit Rate:          86.6973 %

[P]Throughput:            3874800.210 ops

[P]all request:           196018548 o

[P]GetThroughput:         1946174.589 ops

[P]SetThroughput:         1928625.620 ops

[P]Valid Entries:         1003681.012 / s

[P]mica evicted:          0 / s

[P]set success:           1933818.217 / s

[P]cuckoo path ps:        40134.254 / s

[P]cp per set second:     0.020754 / set

[P]total cp perset:       0.018253 / set

[P]total cp:              1758882 

[P]expire scan persec:    14284894.061 / s
[P]total expire scan:     226983353

[P]expire hit persec:     947186.635 / s
[P]total expire hit:      7678625

[P]expire hit rate:       6.630687 %
[P]total expire hit rate: 3.382902 %

[P]get found:             1682387.495 / s

----------------------------------

[INFO]Current Time:       54.68 s

[P]indexs Load Factor:    90.9791 %

[P]set request:           100749485 
[P]get request:           99508213 

[P]Get Hit Rate:          89.7122 %
[P]ACC Hit Rate:          86.7617 %

[P]Throughput:            3978457.556 ops

[P]all request:           200257698 o

[P]GetThroughput:         1995860.244 ops

[P]SetThroughput:         1982597.312 ops

[P]Valid Entries:         978064.347 / s

[P]mica evicted:          0 / s

[P]set success:           2040668.161 / s

[P]cuckoo path ps:        37499.789 / s

[P]cp per set second:     0.018376 / set

[P]total cp perset:       0.018256 / set

[P]total cp:              1798839 

[P]expire scan persec:    14756372.790 / s
[P]total expire scan:     242706652

[P]expire hit persec:     1055423.322 / s
[P]total expire hit:      8803206

[P]expire hit rate:       7.152322 %
[P]total expire hit rate: 3.627097 %

[P]get found:             1790529.733 / s

----------------------------------

[INFO]Current Time:       55.74 s

[P]indexs Load Factor:    91.8854 %

[P]set request:           102919910 
[P]get request:           101558368 

[P]Get Hit Rate:          90.4947 %
[P]ACC Hit Rate:          86.8371 %

[P]Throughput:            3968839.984 ops

[P]all request:           204478278 o

[P]GetThroughput:         1927871.794 ops

[P]SetThroughput:         2040968.190 ops

[P]Valid Entries:         891338.205 / s

[P]mica evicted:          0 / s

[P]set success:           1997041.425 / s

[P]cuckoo path ps:        31486.819 / s

[P]cp per set second:     0.015767 / set

[P]total cp perset:       0.018203 / set

[P]total cp:              1832323 

[P]expire scan persec:    14295933.555 / s
[P]total expire scan:     257909364

[P]expire hit persec:     1054704.053 / s
[P]total expire hit:      9924809

[P]expire hit rate:       7.377651 %
[P]total expire hit rate: 3.848177 %

[P]get found:             1744622.157 / s

----------------------------------

[INFO]Current Time:       56.80 s

[P]indexs Load Factor:    92.7608 %

[P]set request:           105158151 
[P]get request:           103725163 

[P]Get Hit Rate:          87.9659 %
[P]ACC Hit Rate:          86.8607 %

[P]Throughput:            4163366.813 ops

[P]all request:           208883316 o

[P]GetThroughput:         2047919.313 ops

[P]SetThroughput:         2115445.610 ops

[P]Valid Entries:         859505.250 / s

[P]mica evicted:          0 / s

[P]set success:           2042522.577 / s

[P]cuckoo path ps:        29264.294 / s

[P]cp per set second:     0.014328 / set

[P]total cp perset:       0.018122 / set

[P]total cp:              1863286 

[P]expire scan persec:    14759122.393 / s
[P]total expire scan:     273525210

[P]expire hit persec:     1202680.913 / s
[P]total expire hit:      11197302

[P]expire hit rate:       8.148729 %
[P]total expire hit rate: 4.093700 %

[P]get found:             1801470.916 / s

----------------------------------

[INFO]Current Time:       57.85 s

[P]indexs Load Factor:    93.5697 %

[P]set request:           107412256 
[P]get request:           105934203 

[P]Get Hit Rate:          86.4680 %
[P]ACC Hit Rate:          86.8525 %

[P]Throughput:            4241422.864 ops

[P]all request:           213346459 o

[P]GetThroughput:         2099299.252 ops

[P]SetThroughput:         2142125.512 ops

[P]Valid Entries:         803097.143 / s

[P]mica evicted:          0 / s

[P]set success:           2042584.987 / s

[P]cuckoo path ps:        26285.906 / s

[P]cp per set second:     0.012869 / set

[P]total cp perset:       0.018014 / set

[P]total cp:              1890946 

[P]expire scan persec:    14879101.810 / s
[P]total expire scan:     289182116

[P]expire hit persec:     1250563.847 / s
[P]total expire hit:      12513239

[P]expire hit rate:       8.404834 %
[P]total expire hit rate: 4.327114 %

[P]get found:             1815222.356 / s

----------------------------------
[INFO]End rx_queue_1:1329367

[INFO]Current Time:       58.90 s

[P]indexs Load Factor:    94.1130 %

[P]set request:           109209198 
[P]get request:           107763519 

[P]Get Hit Rate:          85.6089 %
[P]ACC Hit Rate:          86.8314 %

[P]Throughput:            3452474.637 ops

[P]all request:           216972717 o

[P]GetThroughput:         1741648.579 ops

[P]SetThroughput:         1710826.058 ops

[P]Valid Entries:         615264.136 / s

[P]mica evicted:          0 / s

[P]set success:           1739649.219 / s

[P]cuckoo path ps:        20546.761 / s

[P]cp per set second:     0.011811 / set

[P]total cp perset:       0.017908 / set

[P]total cp:              1912527 

[P]expire scan persec:    12364223.861 / s
[P]total expire scan:     302168704

[P]expire hit persec:     1113008.722 / s
[P]total expire hit:      13682272

[P]expire hit rate:       9.001849 %
[P]total expire hit rate: 4.528024 %

[P]get found:             1491005.900 / s

----------------------------------

[INFO]Current Time:       59.95 s

[P]indexs Load Factor:    94.6223 %

[P]set request:           110839423 
[P]get request:           109373264 

[P]Get Hit Rate:          85.9544 %
[P]ACC Hit Rate:          86.8185 %

[P]Throughput:            3110149.823 ops

[P]all request:           220212688 o

[P]GetThroughput:         1545244.734 ops

[P]SetThroughput:         1564904.129 ops

[P]Valid Entries:         504839.430 / s

[P]mica evicted:          0 / s

[P]set success:           1538146.042 / s

[P]cuckoo path ps:        17649.298 / s

[P]cp per set second:     0.011474 / set

[P]total cp perset:       0.017813 / set

[P]total cp:              1930913 

[P]expire scan persec:    10984942.075 / s
[P]total expire scan:     313612170

[P]expire hit persec:     1012231.318 / s
[P]total expire hit:      14736755

[P]expire hit rate:       9.214717 %
[P]total expire hit rate: 4.699038 %

[P]get found:             1328206.170 / s

----------------------------------

[INFO]Current Time:       60.98 s

[P]indexs Load Factor:    95.0858 %

[P]set request:           112453651 
[P]get request:           110950094 

[P]Get Hit Rate:          87.6292 %
[P]ACC Hit Rate:          86.8300 %

[P]Throughput:            3077592.751 ops

[P]all request:           223403745 o

[P]GetThroughput:         1520762.737 ops

[P]SetThroughput:         1556830.978 ops

[P]Valid Entries:         475590.980 / s

[P]mica evicted:          0 / s

[P]set success:           1531791.143 / s

[P]cuckoo path ps:        16233.505 / s

[P]cp per set second:     0.010598 / set

[P]total cp perset:       0.017709 / set

[P]total cp:              1947745 

[P]expire scan persec:    11071595.983 / s
[P]total expire scan:     325091952

[P]expire hit persec:     1038098.532 / s
[P]total expire hit:      15813126

[P]expire hit rate:       9.376232 %
[P]total expire hit rate: 4.864201 %

[P]get found:             1332631.724 / s

----------------------------------

[INFO]Current Time:       62.01 s

[P]indexs Load Factor:    95.5282 %

[P]set request:           114069623 
[P]get request:           112532775 

[P]Get Hit Rate:          84.9744 %
[P]ACC Hit Rate:          86.8039 %

[P]Throughput:            3102042.546 ops

[P]all request:           226602398 o

[P]GetThroughput:         1534878.525 ops

[P]SetThroughput:         1567164.021 ops

[P]Valid Entries:         435887.653 / s

[P]mica evicted:          0 / s

[P]set success:           1527615.719 / s

[P]cuckoo path ps:        13838.996 / s

[P]cp per set second:     0.009059 / set

[P]total cp perset:       0.017587 / set

[P]total cp:              1962015 

[P]expire scan persec:    11008598.639 / s
[P]total expire scan:     336443404

[P]expire hit persec:     1064116.019 / s
[P]total expire hit:      16910383

[P]expire hit rate:       9.666226 %
[P]total expire hit rate: 5.026219 %

[P]get found:             1304254.124 / s

----------------------------------

[INFO]Current Time:       63.05 s

[P]indexs Load Factor:    95.8748 %

[P]set request:           115628044 
[P]get request:           114117949 

[P]Get Hit Rate:          84.8498 %
[P]ACC Hit Rate:          86.7768 %

[P]Throughput:            3044025.425 ops

[P]all request:           229745993 o

[P]GetThroughput:         1534965.528 ops

[P]SetThroughput:         1509059.897 ops

[P]Valid Entries:         407097.894 / s

[P]mica evicted:          0 / s

[P]set success:           1528779.860 / s

[P]cuckoo path ps:        12203.815 / s

[P]cp per set second:     0.007983 / set

[P]total cp perset:       0.017453 / set

[P]total cp:              1974618 

[P]expire scan persec:    10890214.848 / s
[P]total expire scan:     347689836

[P]expire hit persec:     1086636.304 / s
[P]total expire hit:      18032563

[P]expire hit rate:       9.978098 %
[P]total expire hit rate: 5.186393 %

[P]get found:             1302415.211 / s

----------------------------------
[INFO]End rx_queue_3:760416
[INFO]End rx_queue_0:1314361

[INFO]Current Time:       64.07 s

[P]indexs Load Factor:    95.9116 %

[P]set request:           116108017 
[P]get request:           114596375 

[P]Get Hit Rate:          84.5021 %
[P]ACC Hit Rate:          86.7673 %

[P]Throughput:            932816.461 ops

[P]all request:           230704392 o

[P]GetThroughput:         465655.378 ops

[P]SetThroughput:         467161.084 ops

[P]Valid Entries:         115294.055 / s

[P]mica evicted:          0 / s

[P]set success:           462485.317 / s

[P]cuckoo path ps:        3217.753 / s

[P]cp per set second:     0.006958 / set

[P]total cp perset:       0.017409 / set

[P]total cp:              1977924 

[P]expire scan persec:    3241047.118 / s
[P]total expire scan:     351019769

[P]expire hit persec:     338013.950 / s
[P]total expire hit:      18379847

[P]expire hit rate:       10.429159 %
[P]total expire hit rate: 5.236129 %

[P]get found:             393488.556 / s

----------------------------------
[INFO]End rx_queue_2:1327013
Finish the job......

Total Index Entries:      93233093

indexs Load Factor:     95.911601 %

log_0 Load Factor:      50.868392 %

log_1 Load Factor:      57.992917 %

log_2 Load Factor:      46.862472 %

log_3 Load Factor:      57.139225 %

Get Hit Rate:           86.767256%

Max Throughput:         5197931.18

Calc Load Factor:       95.911601%

valid count:              13654880

set request:              34173360 | set_success:              34043469
set_fail:                   129891 | set_key_duplicate:         1463219 | set_mica_evicted:                0
set_random:                      0 | set_cuckoo_evicted:        1161619 | set_expire_evicted:        5211680

get request:              34173360
get_found:                29887043 | get_notfound:              4286317 | get_hit_ratio:          87.457139%

clean up:                        0 | test_notfound:                   0
move_to_head_performed:    4218824 | move_to_head_skipped:     25668219 | move_to_head_failed:             0


valid count:              15567355

set request:              34563516 | set_success:              34500762
set_fail:                    62754 | set_key_duplicate:         1215847 | set_mica_evicted:                0
set_random:                      0 | set_cuckoo_evicted:        1038595 | set_expire_evicted:        4234741

get request:              34563516
get_found:                30668502 | get_notfound:              3895014 | get_hit_ratio:          88.730851%

clean up:                        0 | test_notfound:                   0
move_to_head_performed:    3571222 | move_to_head_skipped:     27097280 | move_to_head_failed:             0


valid count:              12579549

set request:              34502312 | set_success:              34379312
set_fail:                   123000 | set_key_duplicate:         1636490 | set_mica_evicted:                0
set_random:                      0 | set_cuckoo_evicted:        1129552 | set_expire_evicted:        5569627

get request:              34502312
get_found:                29762761 | get_notfound:              4739551 | get_hit_ratio:          86.263092%

clean up:                        0 | test_notfound:                   0
move_to_head_performed:    4619365 | move_to_head_skipped:     25143395 | move_to_head_failed:             1


valid count:              15338194

set request:              19770790 | set_success:              19763848
set_fail:                     6942 | set_key_duplicate:          484161 | set_mica_evicted:                0
set_random:                      0 | set_cuckoo_evicted:         302522 | set_expire_evicted:        3941493

get request:              19770790
get_found:                16222732 | get_notfound:              3548058 | get_hit_ratio:          82.054040%

clean up:                        0 | test_notfound:                   0
move_to_head_performed:    1994254 | move_to_head_skipped:     14228478 | move_to_head_failed:             0


[INFO] Everything works fine.
deleting piekv......
