EAL: Detected 44 lcore(s)
EAL: Detected 1 NUMA nodes
EAL: Multi-process socket /var/run/dpdk/rte/mp_socket
EAL: Selected IOVA mode 'PA'
EAL: No available hugepages reported in hugepages-1048576kB
[INFO] 单个Log Size为:2 GB
[INFO] 运行proto
[INFO] 运行cleanup
[INFO] 运行reload
[INFO] reload kv size 8
EAL: Probing VFIO support...
EAL: VFIO support initialized
EAL: PCI device 0000:03:00.0 on NUMA socket 0
EAL:   probe driver: 15b3:1017 net_mlx5
WEN: There are 1 device(s) available
starting port 0...
querying port 0...
port 0: 100 Gbps (full-duplex)
Adding UDP filter for each endpoint.
port_id/queue_id/udp_port = 0 0 0
Flow is created with src_port = 0, dst_port = 0
port_id/queue_id/udp_port = 0 1 1
Flow is created with src_port = 0, dst_port = 1
port_id/queue_id/udp_port = 0 2 2
Flow is created with src_port = 0, dst_port = 2
port_id/queue_id/udp_port = 0 3 3
Flow is created with src_port = 0, dst_port = 3
MEM: Initializing pages...
 == [STAT] Workers Start (4 threads in total) == 
trigger:70.000000 

[INFO]Current Time:       1.62 s

[P]indexs Load Factor:    0.0379 %

[P]full bucket LFactor:   0.0000 %

[P]set request:           14104 
[P]get request:           14141 

[P]Get Hit Rate:          1.7891 %
[P]ACC Hit Rate:          1.7891 %

[P]total cuckoo num:      0 
[P]total cuckoo path:     0 
[P]total cp perset:       0.000000 / set
[P]total cp percuckoo:    -nan / cuckoo num

[P]cuckoo path / s:       0 / s
[P]cp per set * s:        0 / set * s

[P]break loop / s:        0 / s
[P]break / set :          0 %

[P]Throughput:            40369.549 ops
[P]all request:           28245 o

[P]GetThroughput:         20211.216 ops
[P]SetThroughput:         20158.333 ops

[P]Valid Entries:         20171.197 / s
[P]set success:           20148.329 / s

[P]get found:             361.604 / s

----------------------------------

[INFO]Current Time:       2.37 s

[P]indexs Load Factor:    0.1362 %

[P]full bucket LFactor:   0.0000 %

[P]set request:           62965 
[P]get request:           62966 

[P]Get Hit Rate:          2.5520 %
[P]ACC Hit Rate:          2.3806 %

[P]total cuckoo num:      0 
[P]total cuckoo path:     0 
[P]total cp perset:       0.000000 / set
[P]total cp percuckoo:    -nan / cuckoo num

[P]cuckoo path / s:       0 / s
[P]cp per set * s:        0 / set * s

[P]break loop / s:        0 / s
[P]break / set :          0 %

[P]Throughput:            130576.004 ops
[P]all request:           125931 o

[P]GetThroughput:         65263.942 ops
[P]SetThroughput:         65312.062 ops

[P]Valid Entries:         65342.806 / s
[P]set success:           65288.002 / s

[P]get found:             1665.517 / s

----------------------------------

[INFO]Current Time:       3.12 s

[P]indexs Load Factor:    0.7370 %

[P]full bucket LFactor:   0.0000 %

[P]set request:           206056 
[P]get request:           206118 

[P]Get Hit Rate:          2.4659 %
[P]ACC Hit Rate:          2.4399 %

[P]total cuckoo num:      0 
[P]total cuckoo path:     0 
[P]total cp perset:       0.000000 / set
[P]total cp percuckoo:    -nan / cuckoo num

[P]cuckoo path / s:       0 / s
[P]cp per set * s:        0 / set * s

[P]break loop / s:        0 / s
[P]break / set :          0 %

[P]Throughput:            382069.922 ops
[P]all request:           412174 o

[P]GetThroughput:         191075.672 ops
[P]SetThroughput:         190994.250 ops

[P]Valid Entries:         190406.949 / s
[P]set success:           190270.802 / s

[P]get found:             4711.755 / s

----------------------------------

[INFO]Current Time:       3.85 s

[P]indexs Load Factor:    2.8361 %

[P]full bucket LFactor:   0.0000 %

[P]set request:           1305600 
[P]get request:           1356656 

[P]Get Hit Rate:          3.3987 %
[P]ACC Hit Rate:          3.2530 %

[P]total cuckoo num:      0 
[P]total cuckoo path:     0 
[P]total cp perset:       0.000000 / set
[P]total cp percuckoo:    -nan / cuckoo num

[P]cuckoo path / s:       0 / s
[P]cp per set * s:        0 / set * s

[P]break loop / s:        0 / s
[P]break / set :          0 %

[P]Throughput:            3063424.278 ops
[P]all request:           2662256 o

[P]GetThroughput:         1566425.598 ops
[P]SetThroughput:         1496998.680 ops

[P]Valid Entries:         1532395.598 / s
[P]set success:           1539055.920 / s

[P]get found:             53237.651 / s

----------------------------------

[INFO]Current Time:       4.63 s

[P]indexs Load Factor:    4.9816 %

[P]full bucket LFactor:   0.0001 %

[P]set request:           2509920 
[P]get request:           2559844 

[P]Get Hit Rate:          5.2712 %
[P]ACC Hit Rate:          4.2016 %

[P]total cuckoo num:      0 
[P]total cuckoo path:     0 
[P]total cp perset:       0.000000 / set
[P]total cp percuckoo:    -nan / cuckoo num

[P]cuckoo path / s:       0 / s
[P]cp per set * s:        0 / set * s

[P]break loop / s:        0 / s
[P]break / set :          0 %

[P]Throughput:            3107597.295 ops
[P]all request:           5069764 o

[P]GetThroughput:         1553068.058 ops
[P]SetThroughput:         1554529.237 ops

[P]Valid Entries:         1560136.447 / s
[P]set success:           1553310.727 / s

[P]get found:             81866.039 / s

----------------------------------

[INFO]Current Time:       5.44 s

[P]indexs Load Factor:    7.1726 %

[P]full bucket LFactor:   0.0009 %

[P]set request:           3786204 
[P]get request:           3815514 

[P]Get Hit Rate:          7.0335 %
[P]ACC Hit Rate:          5.1336 %

[P]total cuckoo num:      0 
[P]total cuckoo path:     0 
[P]total cp perset:       0.000000 / set
[P]total cp percuckoo:    -nan / cuckoo num

[P]cuckoo path / s:       0 / s
[P]cp per set * s:        0 / set * s

[P]break loop / s:        0 / s
[P]break / set :          0 %

[P]Throughput:            3117497.940 ops
[P]all request:           7601718 o

[P]GetThroughput:         1546058.356 ops
[P]SetThroughput:         1571439.584 ops

[P]Valid Entries:         1512410.437 / s
[P]set success:           1398590.144 / s

[P]get found:             108741.338 / s

----------------------------------

[INFO]Current Time:       6.29 s

[P]indexs Load Factor:    9.4308 %

[P]full bucket LFactor:   0.0052 %

[P]set request:           5065981 
[P]get request:           5154194 

[P]Get Hit Rate:          8.7645 %
[P]ACC Hit Rate:          6.0766 %

[P]total cuckoo num:      0 
[P]total cuckoo path:     0 
[P]total cp perset:       0.000000 / set
[P]total cp percuckoo:    -nan / cuckoo num

[P]cuckoo path / s:       0 / s
[P]cp per set * s:        0 / set * s

[P]break loop / s:        0 / s
[P]break / set :          0 %

[P]Throughput:            3077264.929 ops
[P]all request:           10220175 o

[P]GetThroughput:         1573244.478 ops
[P]SetThroughput:         1504020.451 ops

[P]Valid Entries:         1502750.038 / s
[P]set success:           1524625.596 / s

[P]get found:             137886.297 / s

----------------------------------

[INFO]Current Time:       7.17 s

[P]indexs Load Factor:    11.7339 %

[P]full bucket LFactor:   0.0198 %

[P]set request:           6477843 
[P]get request:           6544604 

[P]Get Hit Rate:          10.8182 %
[P]ACC Hit Rate:          7.0840 %

[P]total cuckoo num:      0 
[P]total cuckoo path:     0 
[P]total cp perset:       0.000000 / set
[P]total cp percuckoo:    -nan / cuckoo num

[P]cuckoo path / s:       0 / s
[P]cp per set * s:        0 / set * s

[P]break loop / s:        0 / s
[P]break / set :          0 %

[P]Throughput:            3178952.028 ops
[P]all request:           13022447 o

[P]GetThroughput:         1577308.230 ops
[P]SetThroughput:         1601643.798 ops

[P]Valid Entries:         1512579.387 / s
[P]set success:           1525206.611 / s

[P]get found:             170635.979 / s

----------------------------------

[INFO]Current Time:       8.07 s

[P]indexs Load Factor:    14.0141 %

[P]full bucket LFactor:   0.0558 %

[P]set request:           7868125 
[P]get request:           7910913 

[P]Get Hit Rate:          13.2059 %
[P]ACC Hit Rate:          8.1413 %

[P]total cuckoo num:      0 
[P]total cuckoo path:     0 
[P]total cp perset:       0.000000 / set
[P]total cp percuckoo:    -nan / cuckoo num

[P]cuckoo path / s:       0 / s
[P]cp per set * s:        0 / set * s

[P]break loop / s:        0 / s
[P]break / set :          0 %

[P]Throughput:            3081925.089 ops
[P]all request:           15779038 o

[P]GetThroughput:         1527561.392 ops
[P]SetThroughput:         1554363.696 ops

[P]Valid Entries:         1497886.894 / s
[P]set success:           1549792.111 / s

[P]get found:             201727.782 / s

----------------------------------

[INFO]Current Time:       8.97 s

[P]indexs Load Factor:    16.3212 %

[P]full bucket LFactor:   0.1317 %

[P]set request:           9309428 
[P]get request:           9327691 

[P]Get Hit Rate:          14.6822 %
[P]ACC Hit Rate:          9.1348 %

[P]total cuckoo num:      1 
[P]total cuckoo path:     0 
[P]total cp perset:       0.000000 / set
[P]total cp percuckoo:    0.000000 / cuckoo num

[P]cuckoo path / s:       0 / s
[P]cp per set * s:        0 / set * s

[P]break loop / s:        0 / s
[P]break / set :          0 %

[P]Throughput:            3180430.769 ops
[P]all request:           18637119 o

[P]GetThroughput:         1576569.854 ops
[P]SetThroughput:         1603860.915 ops

[P]Valid Entries:         1485377.091 / s
[P]set success:           1551495.460 / s

[P]get found:             231474.939 / s

----------------------------------

[INFO]Current Time:       9.89 s

[P]indexs Load Factor:    18.6199 %

[P]full bucket LFactor:   0.2662 %

[P]set request:           10760050 
[P]get request:           10793949 

[P]Get Hit Rate:          16.3094 %
[P]ACC Hit Rate:          10.1094 %

[P]total cuckoo num:      7 
[P]total cuckoo path:     0 
[P]total cp perset:       0.000000 / set
[P]total cp percuckoo:    0.000000 / cuckoo num

[P]cuckoo path / s:       0 / s
[P]cp per set * s:        0 / set * s

[P]break loop / s:        0 / s
[P]break / set :          0 %

[P]Throughput:            3165556.682 ops
[P]all request:           21553999 o

[P]GetThroughput:         1591262.859 ops
[P]SetThroughput:         1574293.823 ops

[P]Valid Entries:         1464451.975 / s
[P]set success:           1523333.535 / s

[P]get found:             259525.553 / s

----------------------------------

[INFO]Current Time:       10.82 s

[P]indexs Load Factor:    20.9022 %

[P]full bucket LFactor:   0.4808 %

[P]set request:           12188667 
[P]get request:           12279059 

[P]Get Hit Rate:          18.4893 %
[P]ACC Hit Rate:          11.1229 %

[P]total cuckoo num:      37 
[P]total cuckoo path:     1 
[P]total cp perset:       0.000000 / set
[P]total cp percuckoo:    0.027027 / cuckoo num

[P]cuckoo path / s:       1.073 / s
[P]cp per set * s:        0.000001 / set * s

[P]break loop / s:        0 / s
[P]break / set :          0 %

[P]Throughput:            3127843.464 ops
[P]all request:           24467726 o

[P]GetThroughput:         1594243.938 ops
[P]SetThroughput:         1533599.526 ops

[P]Valid Entries:         1453085.972 / s
[P]set success:           1505223.012 / s

[P]get found:             294765.142 / s

----------------------------------

[INFO]Current Time:       11.76 s

[P]indexs Load Factor:    23.1605 %

[P]full bucket LFactor:   0.7952 %

[P]set request:           13674951 
[P]get request:           13779512 

[P]Get Hit Rate:          20.3892 %
[P]ACC Hit Rate:          12.1319 %

[P]total cuckoo num:      122 
[P]total cuckoo path:     2 
[P]total cp perset:       0.000000 / set
[P]total cp percuckoo:    0.016393 / cuckoo num

[P]cuckoo path / s:       1.059 / s
[P]cp per set * s:        0.000001 / set * s

[P]break loop / s:        0 / s
[P]break / set :          0 %

[P]Throughput:            3162730.098 ops
[P]all request:           27454463 o

[P]GetThroughput:         1588867.002 ops
[P]SetThroughput:         1573863.096 ops

[P]Valid Entries:         1433235.755 / s
[P]set success:           1522358.049 / s

[P]get found:             323957.945 / s

----------------------------------

[INFO]Current Time:       12.71 s

[P]indexs Load Factor:    25.4104 %

[P]full bucket LFactor:   1.2292 %

[P]set request:           15142678 
[P]get request:           15259376 

[P]Get Hit Rate:          22.6175 %
[P]ACC Hit Rate:          13.1488 %

[P]total cuckoo num:      327 
[P]total cuckoo path:     2 
[P]total cp perset:       0.000000 / set
[P]total cp percuckoo:    0.006116 / cuckoo num

[P]cuckoo path / s:       0 / s
[P]cp per set * s:        0 / set * s

[P]break loop / s:        0 / s
[P]break / set :          0 %

[P]Throughput:            3118421.102 ops
[P]all request:           30402054 o

[P]GetThroughput:         1565630.756 ops
[P]SetThroughput:         1552790.346 ops

[P]Valid Entries:         1418139.017 / s
[P]set success:           1521746.748 / s

[P]get found:             354106.282 / s

----------------------------------

[INFO]Current Time:       13.67 s

[P]indexs Load Factor:    27.6223 %

[P]full bucket LFactor:   1.7936 %

[P]set request:           16668189 
[P]get request:           16715842 

[P]Get Hit Rate:          25.1709 %
[P]ACC Hit Rate:          14.1963 %

[P]total cuckoo num:      848 
[P]total cuckoo path:     9 
[P]total cp perset:       0.000001 / set
[P]total cp percuckoo:    0.010613 / cuckoo num

[P]cuckoo path / s:       7.324 / s
[P]cp per set * s:        0.000005 / set * s

[P]break loop / s:        0 / s
[P]break / set :          0 %

[P]Throughput:            3120094.790 ops
[P]all request:           33384031 o

[P]GetThroughput:         1523925.898 ops
[P]SetThroughput:         1596168.892 ops

[P]Valid Entries:         1404485.614 / s
[P]set success:           1544464.065 / s

[P]get found:             383586.282 / s

----------------------------------

[INFO]Current Time:       14.62 s

[P]indexs Load Factor:    29.7927 %

[P]full bucket LFactor:   2.4905 %

[P]set request:           18198956 
[P]get request:           18217631 

[P]Get Hit Rate:          26.3480 %
[P]ACC Hit Rate:          15.1981 %

[P]total cuckoo num:      1894 
[P]total cuckoo path:     26 
[P]total cp perset:       0.000001 / set
[P]total cp percuckoo:    0.013728 / cuckoo num

[P]cuckoo path / s:       17.767 / s
[P]cp per set * s:        0.000011 / set * s

[P]break loop / s:        0 / s
[P]break / set :          0 %

[P]Throughput:            3169414.297 ops
[P]all request:           36416587 o

[P]GetThroughput:         1569564.264 ops
[P]SetThroughput:         1599850.032 ops

[P]Valid Entries:         1392762.811 / s
[P]set success:           1548169.415 / s

[P]get found:             413549.455 / s

----------------------------------

[INFO]Current Time:       15.58 s

[P]indexs Load Factor:    31.9320 %

[P]full bucket LFactor:   3.3210 %

[P]set request:           19713541 
[P]get request:           19702246 

[P]Get Hit Rate:          28.2017 %
[P]ACC Hit Rate:          16.1779 %

[P]total cuckoo num:      3918 
[P]total cuckoo path:     89 
[P]total cp perset:       0.000005 / set
[P]total cp percuckoo:    0.022716 / cuckoo num

[P]cuckoo path / s:       66.042 / s
[P]cp per set * s:        0.000045 / set * s

[P]break loop / s:        0 / s
[P]break / set :          0 %

[P]Throughput:            3144019.818 ops
[P]all request:           39415787 o

[P]GetThroughput:         1556301.341 ops
[P]SetThroughput:         1587718.477 ops

[P]Valid Entries:         1366410.595 / s
[P]set success:           1480832.076 / s

[P]get found:             438902.735 / s

----------------------------------

[INFO]Current Time:       16.54 s

[P]indexs Load Factor:    34.0704 %

[P]full bucket LFactor:   4.3071 %

[P]set request:           21201089 
[P]get request:           21200268 

[P]Get Hit Rate:          30.0154 %
[P]ACC Hit Rate:          17.1557 %

[P]total cuckoo num:      7252 
[P]total cuckoo path:     180 
[P]total cp perset:       0.000009 / set
[P]total cp percuckoo:    0.024821 / cuckoo num

[P]cuckoo path / s:       94.863 / s
[P]cp per set * s:        0.000062 / set * s

[P]break loop / s:        0 / s
[P]break / set :          0 %

[P]Throughput:            3112296.743 ops
[P]all request:           42401357 o

[P]GetThroughput:         1561607.664 ops
[P]SetThroughput:         1550689.080 ops

[P]Valid Entries:         1358039.770 / s
[P]set success:           1520516.511 / s

[P]get found:             468723.521 / s

----------------------------------

[INFO]Current Time:       17.51 s

[P]indexs Load Factor:    36.1644 %

[P]full bucket LFactor:   5.4193 %

[P]set request:           22750597 
[P]get request:           22718264 

[P]Get Hit Rate:          31.7807 %
[P]ACC Hit Rate:          18.1329 %

[P]total cuckoo num:      12646 
[P]total cuckoo path:     406 
[P]total cp perset:       0.000018 / set
[P]total cp percuckoo:    0.032105 / cuckoo num

[P]cuckoo path / s:       232.250 / s
[P]cp per set * s:        0.000151 / set * s

[P]break loop / s:        0 / s
[P]break / set :          0 %

[P]Throughput:            3152339.683 ops
[P]all request:           45468861 o

[P]GetThroughput:         1559978.090 ops
[P]SetThroughput:         1592361.594 ops

[P]Valid Entries:         1342204.369 / s
[P]set success:           1540709.535 / s

[P]get found:             495772.209 / s

----------------------------------

[INFO]Current Time:       18.48 s

[P]indexs Load Factor:    38.2298 %

[P]full bucket LFactor:   6.6585 %

[P]set request:           24296841 
[P]get request:           24210992 

[P]Get Hit Rate:          33.9990 %
[P]ACC Hit Rate:          19.1111 %

[P]total cuckoo num:      20769 
[P]total cuckoo path:     788 
[P]total cp perset:       0.000033 / set
[P]total cp percuckoo:    0.037941 / cuckoo num

[P]cuckoo path / s:       392.557 / s
[P]cp per set * s:        0.000252 / set * s

[P]break loop / s:        0 / s
[P]break / set :          0 %

[P]Throughput:            3122960.443 ops
[P]all request:           48507833 o

[P]GetThroughput:         1533982.707 ops
[P]SetThroughput:         1588977.735 ops

[P]Valid Entries:         1324305.684 / s
[P]set success:           1556822.970 / s

[P]get found:             521538.172 / s

----------------------------------

[INFO]Current Time:       19.45 s

[P]indexs Load Factor:    40.2608 %

[P]full bucket LFactor:   8.0133 %

[P]set request:           25824819 
[P]get request:           25746559 

[P]Get Hit Rate:          34.8405 %
[P]ACC Hit Rate:          20.0492 %

[P]total cuckoo num:      32740 
[P]total cuckoo path:     1400 
[P]total cp perset:       0.000056 / set
[P]total cp percuckoo:    0.042761 / cuckoo num

[P]cuckoo path / s:       628.840 / s
[P]cp per set * s:        0.000409 / set * s

[P]break loop / s:        0 / s
[P]break / set :          0 %

[P]Throughput:            3147844.685 ops
[P]all request:           51571378 o

[P]GetThroughput:         1577821.256 ops
[P]SetThroughput:         1570023.429 ops

[P]Valid Entries:         1311544.326 / s
[P]set success:           1539227.716 / s

[P]get found:             549720.588 / s

----------------------------------

[INFO]Current Time:       20.43 s

[P]indexs Load Factor:    42.2513 %

[P]full bucket LFactor:   9.4691 %

[P]set request:           27328014 
[P]get request:           27256427 

[P]Get Hit Rate:          37.0046 %
[P]ACC Hit Rate:          20.9885 %

[P]total cuckoo num:      49562 
[P]total cuckoo path:     2526 
[P]total cp perset:       0.000095 / set
[P]total cp percuckoo:    0.050966 / cuckoo num

[P]cuckoo path / s:       1155.138 / s
[P]cp per set * s:        0.000744 / set * s

[P]break loop / s:        0 / s
[P]break / set :          0 %

[P]Throughput:            3091034.101 ops
[P]all request:           54584441 o

[P]GetThroughput:         1548939.891 ops
[P]SetThroughput:         1542094.209 ops

[P]Valid Entries:         1292705.395 / s
[P]set success:           1552923.374 / s

[P]get found:             573178.381 / s

----------------------------------

[INFO]Current Time:       21.41 s

[P]indexs Load Factor:    44.1932 %

[P]full bucket LFactor:   11.0052 %

[P]set request:           28852297 
[P]get request:           28714839 

[P]Get Hit Rate:          40.0949 %
[P]ACC Hit Rate:          21.9589 %

[P]total cuckoo num:      72202 
[P]total cuckoo path:     4321 
[P]total cp perset:       0.000154 / set
[P]total cp percuckoo:    0.059846 / cuckoo num

[P]cuckoo path / s:       1839.562 / s
[P]cp per set * s:        0.001202 / set * s

[P]break loop / s:        0 / s
[P]break / set :          0 %

[P]Throughput:            3056741.641 ops
[P]all request:           57567136 o

[P]GetThroughput:         1494617.683 ops
[P]SetThroughput:         1562123.958 ops

[P]Valid Entries:         1277233.766 / s
[P]set success:           1530482.473 / s

[P]get found:             599265.636 / s

----------------------------------

[INFO]Current Time:       22.38 s

[P]indexs Load Factor:    46.1140 %

[P]full bucket LFactor:   12.6299 %

[P]set request:           30387847 
[P]get request:           30234813 

[P]Get Hit Rate:          39.7942 %
[P]ACC Hit Rate:          22.8555 %

[P]total cuckoo num:      101758 
[P]total cuckoo path:     6992 
[P]total cp perset:       0.000236 / set
[P]total cp percuckoo:    0.068712 / cuckoo num

[P]cuckoo path / s:       2751.200 / s
[P]cp per set * s:        0.001802 / set * s

[P]break loop / s:        0 / s
[P]break / set :          0 %

[P]Throughput:            3147269.949 ops
[P]all request:           60622660 o

[P]GetThroughput:         1565613.130 ops
[P]SetThroughput:         1581656.819 ops

[P]Valid Entries:         1260528.623 / s
[P]set success:           1526624.576 / s

[P]get found:             623022.712 / s

----------------------------------

[INFO]Current Time:       23.35 s

[P]indexs Load Factor:    47.9844 %

[P]full bucket LFactor:   14.3082 %

[P]set request:           31923737 
[P]get request:           31753603 

[P]Get Hit Rate:          41.2839 %
[P]ACC Hit Rate:          23.7369 %

[P]total cuckoo num:      139770 
[P]total cuckoo path:     11067 
[P]total cp perset:       0.000356 / set
[P]total cp percuckoo:    0.079180 / cuckoo num

[P]cuckoo path / s:       4183.413 / s
[P]cp per set * s:        0.002748 / set * s

[P]break loop / s:        0 / s
[P]break / set :          0 %

[P]Throughput:            3135947.797 ops
[P]all request:           63677340 o

[P]GetThroughput:         1559196.431 ops
[P]SetThroughput:         1576751.366 ops

[P]Valid Entries:         1242362.715 / s
[P]set success:           1522411.144 / s

[P]get found:             643696.331 / s

----------------------------------

[INFO]Current Time:       24.32 s

[P]indexs Load Factor:    49.8196 %

[P]full bucket LFactor:   16.0460 %

[P]set request:           33441090 
[P]get request:           33273495 

[P]Get Hit Rate:          42.2815 %
[P]ACC Hit Rate:          24.5840 %

[P]total cuckoo num:      187029 
[P]total cuckoo path:     16953 
[P]total cp perset:       0.000520 / set
[P]total cp percuckoo:    0.090644 / cuckoo num

[P]cuckoo path / s:       6057.189 / s
[P]cp per set * s:        0.003962 / set * s

[P]break loop / s:        0 / s
[P]break / set :          0 %

[P]Throughput:            3125580.591 ops
[P]all request:           66714585 o

[P]GetThroughput:         1564096.718 ops
[P]SetThroughput:         1561483.873 ops

[P]Valid Entries:         1235273.470 / s
[P]set success:           1528629.334 / s

[P]get found:             661323.414 / s

----------------------------------

[INFO]Current Time:       25.29 s

[P]indexs Load Factor:    51.6025 %

[P]full bucket LFactor:   17.8180 %

[P]set request:           34844827 
[P]get request:           34754114 

[P]Get Hit Rate:          44.9511 %
[P]ACC Hit Rate:          25.4517 %

[P]total cuckoo num:      244767 
[P]total cuckoo path:     24985 
[P]total cp perset:       0.000733 / set
[P]total cp percuckoo:    0.102077 / cuckoo num

[P]cuckoo path / s:       8278.756 / s
[P]cp per set * s:        0.005398 / set * s

[P]break loop / s:        0 / s
[P]break / set :          0 %

[P]Throughput:            2972967.982 ops
[P]all request:           69598941 o

[P]GetThroughput:         1526105.960 ops
[P]SetThroughput:         1446862.023 ops

[P]Valid Entries:         1208583.930 / s
[P]set success:           1533715.777 / s

[P]get found:             686000.872 / s

----------------------------------

[INFO]Current Time:       26.26 s

[P]indexs Load Factor:    53.3464 %

[P]full bucket LFactor:   19.6177 %

[P]set request:           36312394 
[P]get request:           36182624 

[P]Get Hit Rate:          47.8755 %
[P]ACC Hit Rate:          26.3370 %

[P]total cuckoo num:      313185 
[P]total cuckoo path:     35701 
[P]total cp perset:       0.001004 / set
[P]total cp percuckoo:    0.113993 / cuckoo num

[P]cuckoo path / s:       11087.970 / s
[P]cp per set * s:        0.007246 / set * s

[P]break loop / s:        0 / s
[P]break / set :          0 %

[P]Throughput:            2996604.582 ops
[P]all request:           72495018 o

[P]GetThroughput:         1478095.925 ops
[P]SetThroughput:         1518508.657 ops

[P]Valid Entries:         1192243.383 / s
[P]set success:           1530299.197 / s

[P]get found:             707646.534 / s

----------------------------------

[INFO]Current Time:       27.23 s

[P]indexs Load Factor:    55.0342 %

[P]full bucket LFactor:   21.4297 %

[P]set request:           37815578 
[P]get request:           37665649 

[P]Get Hit Rate:          47.2776 %
[P]ACC Hit Rate:          27.1615 %

[P]total cuckoo num:      393590 
[P]total cuckoo path:     49931 
[P]total cp perset:       0.001350 / set
[P]total cp percuckoo:    0.126860 / cuckoo num

[P]cuckoo path / s:       14689.940 / s
[P]cp per set * s:        0.009812 / set * s

[P]break loop / s:        0 / s
[P]break / set :          0 %

[P]Throughput:            3082728.753 ops
[P]all request:           75481227 o

[P]GetThroughput:         1530959.089 ops
[P]SetThroughput:         1551769.665 ops

[P]Valid Entries:         1170347.393 / s
[P]set success:           1497160.872 / s

[P]get found:             723801.099 / s

----------------------------------

[INFO]Current Time:       28.19 s

[P]indexs Load Factor:    56.6674 %

[P]full bucket LFactor:   23.2346 %

[P]set request:           39249581 
[P]get request:           39100615 

[P]Get Hit Rate:          48.7347 %
[P]ACC Hit Rate:          27.9533 %

[P]total cuckoo num:      485462 
[P]total cuckoo path:     67778 
[P]total cp perset:       0.001763 / set
[P]total cp percuckoo:    0.139615 / cuckoo num

[P]cuckoo path / s:       18617.465 / s
[P]cp per set * s:        0.012357 / set * s

[P]break loop / s:        0 / s
[P]break / set :          0 %

[P]Throughput:            2992823.973 ops
[P]all request:           78350196 o

[P]GetThroughput:         1496914.273 ops
[P]SetThroughput:         1495909.700 ops

[P]Valid Entries:         1148754.015 / s
[P]set success:           1506640.795 / s

[P]get found:             729516.289 / s

----------------------------------

[INFO]Current Time:       29.14 s

[P]indexs Load Factor:    58.2541 %

[P]full bucket LFactor:   25.0371 %

[P]set request:           40709153 
[P]get request:           40539056 

[P]Get Hit Rate:          50.0225 %
[P]ACC Hit Rate:          28.7363 %

[P]total cuckoo num:      590788 
[P]total cuckoo path:     90769 
[P]total cp perset:       0.002278 / set
[P]total cp percuckoo:    0.153641 / cuckoo num

[P]cuckoo path / s:       24055.634 / s
[P]cp per set * s:        0.016327 / set * s

[P]break loop / s:        0 / s
[P]break / set :          0 %

[P]Throughput:            3032210.016 ops
[P]all request:           81248209 o

[P]GetThroughput:         1505050.256 ops
[P]SetThroughput:         1527159.760 ops

[P]Valid Entries:         1126940.176 / s
[P]set success:           1473345.075 / s

[P]get found:             752863.608 / s

----------------------------------

[INFO]Current Time:       30.10 s

[P]indexs Load Factor:    59.8255 %

[P]full bucket LFactor:   26.8628 %

[P]set request:           42131896 
[P]get request:           41981011 

[P]Get Hit Rate:          51.4148 %
[P]ACC Hit Rate:          29.5153 %

[P]total cuckoo num:      709910 
[P]total cuckoo path:     119218 
[P]total cp perset:       0.002889 / set
[P]total cp percuckoo:    0.167934 / cuckoo num

[P]cuckoo path / s:       29739.579 / s
[P]cp per set * s:        0.020110 / set * s

[P]break loop / s:        0 / s
[P]break / set :          0 %

[P]Throughput:            2994653.993 ops
[P]all request:           84112907 o

[P]GetThroughput:         1507368.769 ops
[P]SetThroughput:         1487285.224 ops

[P]Valid Entries:         1116307.266 / s
[P]set success:           1478841.814 / s

[P]get found:             775011.391 / s

----------------------------------

[INFO]Current Time:       31.05 s

[P]indexs Load Factor:    61.3574 %

[P]full bucket LFactor:   28.6902 %

[P]set request:           43591125 
[P]get request:           43417877 

[P]Get Hit Rate:          52.0170 %
[P]ACC Hit Rate:          30.2600 %

[P]total cuckoo num:      844608 
[P]total cuckoo path:     154132 
[P]total cp perset:       0.003610 / set
[P]total cp percuckoo:    0.182489 / cuckoo num

[P]cuckoo path / s:       36659.005 / s
[P]cp per set * s:        0.024449 / set * s

[P]break loop / s:        0 / s
[P]break / set :          0 %

[P]Throughput:            3040842.077 ops
[P]all request:           87009002 o

[P]GetThroughput:         1508680.686 ops
[P]SetThroughput:         1532161.391 ops

[P]Valid Entries:         1105244.738 / s
[P]set success:           1499387.312 / s

[P]get found:             784769.816 / s

----------------------------------

[INFO]Current Time:       32.00 s

[P]indexs Load Factor:    62.8507 %

[P]full bucket LFactor:   30.5174 %

[P]set request:           45021608 
[P]get request:           44846404 

[P]Get Hit Rate:          54.0374 %
[P]ACC Hit Rate:          31.0174 %

[P]total cuckoo num:      994179 
[P]total cuckoo path:     196679 
[P]total cp perset:       0.004461 / set
[P]total cp percuckoo:    0.197831 / cuckoo num

[P]cuckoo path / s:       44834.258 / s
[P]cp per set * s:        0.030372 / set * s

[P]break loop / s:        0 / s
[P]break / set :          0 %

[P]Throughput:            3012705.757 ops
[P]all request:           89868012 o

[P]GetThroughput:         1505322.303 ops
[P]SetThroughput:         1507383.454 ops

[P]Valid Entries:         1091481.880 / s
[P]set success:           1476152.163 / s

[P]get found:             813437.193 / s

----------------------------------

[INFO]Current Time:       32.95 s

[P]indexs Load Factor:    64.2989 %

[P]full bucket LFactor:   32.3238 %

[P]set request:           46464710 
[P]get request:           46266134 

[P]Get Hit Rate:          55.2754 %
[P]ACC Hit Rate:          31.7617 %

[P]total cuckoo num:      1158169 
[P]total cuckoo path:     247798 
[P]total cp perset:       0.005448 / set
[P]total cp percuckoo:    0.213957 / cuckoo num

[P]cuckoo path / s:       53919.296 / s
[P]cp per set * s:        0.036710 / set * s

[P]break loop / s:        0 / s
[P]break / set :          0 %

[P]Throughput:            3019657.799 ops
[P]all request:           92730844 o

[P]GetThroughput:         1497502.741 ops
[P]SetThroughput:         1522155.058 ops

[P]Valid Entries:         1075029.618 / s
[P]set success:           1468792.686 / s

[P]get found:             827750.170 / s

----------------------------------

[INFO]Current Time:       33.89 s

[P]indexs Load Factor:    65.7062 %

[P]full bucket LFactor:   34.1058 %

[P]set request:           47839903 
[P]get request:           47639569 

[P]Get Hit Rate:          57.4594 %
[P]ACC Hit Rate:          32.5026 %

[P]total cuckoo num:      1335653 
[P]total cuckoo path:     307920 
[P]total cp perset:       0.006569 / set
[P]total cp percuckoo:    0.230539 / cuckoo num

[P]cuckoo path / s:       64032.948 / s
[P]cp per set * s:        0.043325 / set * s

[P]break loop / s:        0 / s
[P]break / set :          0 %

[P]Throughput:            2927426.791 ops
[P]all request:           95479472 o

[P]GetThroughput:         1462777.217 ops
[P]SetThroughput:         1464649.575 ops

[P]Valid Entries:         1052818.095 / s
[P]set success:           1477960.572 / s

[P]get found:             840503.533 / s

----------------------------------

[INFO]Current Time:       34.82 s

[P]indexs Load Factor:    67.0786 %

[P]full bucket LFactor:   35.8762 %

[P]set request:           49252196 
[P]get request:           49028448 

[P]Get Hit Rate:          57.7385 %
[P]ACC Hit Rate:          33.2175 %

[P]total cuckoo num:      1528265 
[P]total cuckoo path:     378284 
[P]total cp perset:       0.007839 / set
[P]total cp percuckoo:    0.247525 / cuckoo num

[P]cuckoo path / s:       75158.186 / s
[P]cp per set * s:        0.050861 / set * s

[P]break loop / s:        0 / s
[P]break / set :          0 %

[P]Throughput:            2992027.246 ops
[P]all request:           98280644 o

[P]GetThroughput:         1483508.977 ops
[P]SetThroughput:         1508518.269 ops

[P]Valid Entries:         1041822.722 / s
[P]set success:           1477709.009 / s

[P]get found:             856555.936 / s

----------------------------------

[INFO]Current Time:       35.76 s

[P]indexs Load Factor:    68.3792 %

[P]full bucket LFactor:   37.5778 %

[P]set request:           50590365 
[P]get request:           50344706 

[P]Get Hit Rate:          59.7873 %
[P]ACC Hit Rate:          33.9122 %

[P]total cuckoo num:      1729103 
[P]total cuckoo path:     458146 
[P]total cp perset:       0.009243 / set
[P]total cp percuckoo:    0.264962 / cuckoo num

[P]cuckoo path / s:       85521.572 / s
[P]cp per set * s:        0.060850 / set * s

[P]break loop / s:        0 / s
[P]break / set :          0 %

[P]Throughput:            2842538.006 ops
[P]all request:           100935071 o

[P]GetThroughput:         1409537.121 ops
[P]SetThroughput:         1433000.886 ops

[P]Valid Entries:         994632.954 / s
[P]set success:           1405449.622 / s

[P]get found:             842724.059 / s

----------------------------------

[INFO]Current Time:       36.69 s

[P]indexs Load Factor:    69.6822 %

[P]full bucket LFactor:   39.3149 %

[P]set request:           51989999 
[P]get request:           51700357 

[P]Get Hit Rate:          60.8858 %
[P]ACC Hit Rate:          34.6194 %

[P]total cuckoo num:      1952136 
[P]total cuckoo path:     553638 
[P]total cp perset:       0.010868 / set
[P]total cp percuckoo:    0.283606 / cuckoo num

[P]cuckoo path / s:       102843.661 / s
[P]cp per set * s:        0.069557 / set * s

[P]break loop / s:        0 / s
[P]break / set :          0 %

[P]Throughput:            2967406.654 ops
[P]all request:           103690356 o

[P]GetThroughput:         1460018.763 ops
[P]SetThroughput:         1507387.891 ops

[P]Valid Entries:         1019786.248 / s
[P]set success:           1478556.943 / s

[P]get found:             888944.151 / s

----------------------------------

[INFO]Current Time:       37.61 s

[P]indexs Load Factor:    70.9095 %

[P]full bucket LFactor:   40.9787 %

[P]set request:           53325378 
[P]get request:           53034775 

[P]Get Hit Rate:          61.1295 %
[P]ACC Hit Rate:          35.2865 %

[P]total cuckoo num:      2184395 
[P]total cuckoo path:     660726 
[P]total cp perset:       0.012640 / set
[P]total cp percuckoo:    0.302476 / cuckoo num

[P]cuckoo path / s:       115626.185 / s
[P]cp per set * s:        0.080462 / set * s

[P]break loop / s:        0 / s
[P]break / set :          0 %

[P]Throughput:            2882661.370 ops
[P]all request:           106360153 o

[P]GetThroughput:         1440811.875 ops
[P]SetThroughput:         1441849.496 ops

[P]Valid Entries:         980044.423 / s
[P]set success:           1437023.100 / s

[P]get found:             880761.039 / s

----------------------------------

[INFO]Current Time:       38.52 s

[P]indexs Load Factor:    72.0468 %

[P]full bucket LFactor:   42.6076 %

[P]set request:           54672515 
[P]get request:           54361114 

[P]Get Hit Rate:          62.1234 %
[P]ACC Hit Rate:          35.9412 %

[P]total cuckoo num:      2349206 
[P]total cuckoo path:     741500 
[P]total cp perset:       0.013836 / set
[P]total cp percuckoo:    0.315639 / cuckoo num

[P]cuckoo path / s:       88789.381 / s
[P]cp per set * s:        0.061087 / set * s

[P]break loop / s:        0 / s
[P]break / set :          0 %

[P]Throughput:            2938770.883 ops
[P]all request:           109033629 o

[P]GetThroughput:         1457954.526 ops
[P]SetThroughput:         1480816.357 ops

[P]Valid Entries:         932433.600 / s
[P]set success:           1453479.552 / s

[P]expire scan persec:    4137935.373 / s
[P]total expire scan:     3764387
[P]expire hit persec:     56843.495 / s
[P]total expire hit:      51712

[P]expire hit rate:       1.373716 %
[P]total expire hit rate: 1.373716 %

[P]get found:             905731.051 / s

----------------------------------

[INFO]Current Time:       39.43 s

[P]indexs Load Factor:    73.1272 %

[P]full bucket LFactor:   44.1916 %

[P]set request:           56072060 
[P]get request:           55778726 

[P]Get Hit Rate:          62.9468 %
[P]ACC Hit Rate:          36.6276 %

[P]total cuckoo num:      2371879 
[P]total cuckoo path:     753610 
[P]total cp perset:       0.013706 / set
[P]total cp percuckoo:    0.317727 / cuckoo num

[P]cuckoo path / s:       13278.041 / s
[P]cp per set * s:        0.008699 / set * s

[P]break loop / s:        0 / s
[P]break / set :          0 %

[P]Throughput:            3088879.125 ops
[P]all request:           111850786 o

[P]GetThroughput:         1554344.367 ops
[P]SetThroughput:         1534534.758 ops

[P]Valid Entries:         875370.479 / s
[P]set success:           1526394.694 / s

[P]expire scan persec:    12301599.541 / s
[P]total expire scan:     14983841
[P]expire hit persec:     182767.684 / s
[P]total expire hit:      218402

[P]expire hit rate:       1.485723 %
[P]total expire hit rate: 1.457584 %

[P]get found:             978410.709 / s

----------------------------------

[INFO]Current Time:       40.35 s

[P]indexs Load Factor:    74.1616 %

[P]full bucket LFactor:   45.7334 %

[P]set request:           57467880 
[P]get request:           57154777 

[P]Get Hit Rate:          64.7566 %
[P]ACC Hit Rate:          37.3048 %

[P]total cuckoo num:      2391692 
[P]total cuckoo path:     765322 
[P]total cp perset:       0.013575 / set
[P]total cp percuckoo:    0.319992 / cuckoo num

[P]cuckoo path / s:       12767.365 / s
[P]cp per set * s:        0.008416 / set * s

[P]break loop / s:        0 / s
[P]break / set :          0 %

[P]Throughput:            3021643.535 ops
[P]all request:           114622657 o

[P]GetThroughput:         1500046.578 ops
[P]SetThroughput:         1521596.957 ops

[P]Valid Entries:         835617.070 / s
[P]set success:           1517082.813 / s

[P]expire scan persec:    11803486.817 / s
[P]total expire scan:     25811638
[P]expire hit persec:     194263.004 / s
[P]total expire hit:      396607

[P]expire hit rate:       1.645810 %
[P]total expire hit rate: 1.536543 %

[P]get found:             971379.335 / s

----------------------------------

[INFO]Current Time:       41.26 s

[P]indexs Load Factor:    75.1603 %

[P]full bucket LFactor:   47.2422 %

[P]set request:           58886009 
[P]get request:           58553450 

[P]Get Hit Rate:          64.6605 %
[P]ACC Hit Rate:          37.9583 %

[P]total cuckoo num:      2409413 
[P]total cuckoo path:     776582 
[P]total cp perset:       0.013447 / set
[P]total cp percuckoo:    0.322312 / cuckoo num

[P]cuckoo path / s:       12436.328 / s
[P]cp per set * s:        0.008198 / set * s

[P]break loop / s:        0 / s
[P]break / set :          0 %

[P]Throughput:            3111072.228 ops
[P]all request:           117439459 o

[P]GetThroughput:         1544791.834 ops
[P]SetThroughput:         1566280.395 ops

[P]Valid Entries:         825688.233 / s
[P]set success:           1516981.289 / s

[P]expire scan persec:    11699277.769 / s
[P]total expire scan:     36404304
[P]expire hit persec:     211478.320 / s
[P]total expire hit:      588082

[P]expire hit rate:       1.807619 %
[P]total expire hit rate: 1.615419 %

[P]get found:             998870.173 / s

----------------------------------

[INFO]Current Time:       42.16 s

[P]indexs Load Factor:    76.1199 %

[P]full bucket LFactor:   48.7123 %

[P]set request:           60255652 
[P]get request:           59945143 

[P]Get Hit Rate:          65.4708 %
[P]ACC Hit Rate:          38.5970 %

[P]total cuckoo num:      2425263 
[P]total cuckoo path:     787530 
[P]total cp perset:       0.013317 / set
[P]total cp percuckoo:    0.324719 / cuckoo num

[P]cuckoo path / s:       12066.796 / s
[P]cp per set * s:        0.007888 / set * s

[P]break loop / s:        0 / s
[P]break / set :          0 %

[P]Throughput:            3043522.026 ops
[P]all request:           120200795 o

[P]GetThroughput:         1533912.678 ops
[P]SetThroughput:         1509609.348 ops

[P]Valid Entries:         796501.143 / s
[P]set success:           1529769.539 / s

[P]expire scan persec:    11378828.028 / s
[P]total expire scan:     46728122
[P]expire hit persec:     223768.091 / s
[P]total expire hit:      791103

[P]expire hit rate:       1.966530 %
[P]total expire hit rate: 1.692991 %

[P]get found:             1004264.306 / s

----------------------------------

[INFO]Current Time:       43.06 s

[P]indexs Load Factor:    77.0390 %

[P]full bucket LFactor:   50.1421 %

[P]set request:           61596860 
[P]get request:           61307423 

[P]Get Hit Rate:          66.2175 %
[P]ACC Hit Rate:          39.2107 %

[P]total cuckoo num:      2439255 
[P]total cuckoo path:     797991 
[P]total cp perset:       0.013195 / set
[P]total cp percuckoo:    0.327145 / cuckoo num

[P]cuckoo path / s:       11600.557 / s
[P]cp per set * s:        0.007813 / set * s

[P]break loop / s:        0 / s
[P]break / set :          0 %

[P]Throughput:            2997989.451 ops
[P]all request:           122904283 o

[P]GetThroughput:         1510678.453 ops
[P]SetThroughput:         1487310.998 ops

[P]Valid Entries:         764391.454 / s
[P]set success:           1484814.788 / s

[P]expire scan persec:    11060200.505 / s
[P]total expire scan:     56701846
[P]expire hit persec:     234322.166 / s
[P]total expire hit:      1002407

[P]expire hit rate:       2.118607 %
[P]total expire hit rate: 1.767856 %

[P]get found:             1000333.772 / s

----------------------------------

[INFO]Current Time:       43.96 s

[P]indexs Load Factor:    77.9346 %

[P]full bucket LFactor:   51.5485 %

[P]set request:           62962304 
[P]get request:           62693101 

[P]Get Hit Rate:          67.0245 %
[P]ACC Hit Rate:          39.8255 %

[P]total cuckoo num:      2452291 
[P]total cuckoo path:     808610 
[P]total cp perset:       0.013072 / set
[P]total cp percuckoo:    0.329737 / cuckoo num

[P]cuckoo path / s:       11863.452 / s
[P]cp per set * s:        0.007679 / set * s

[P]break loop / s:        0 / s
[P]break / set :          0 %

[P]Throughput:            3073528.968 ops
[P]all request:           125655405 o

[P]GetThroughput:         1548067.106 ops
[P]SetThroughput:         1525461.862 ops

[P]Valid Entries:         762292.992 / s
[P]set success:           1544857.416 / s

[P]expire scan persec:    11124176.610 / s
[P]total expire scan:     66659119
[P]expire hit persec:     253546.516 / s
[P]total expire hit:      1229357

[P]expire hit rate:       2.279239 %
[P]total expire hit rate: 1.844244 %

[P]get found:             1037584.516 / s

----------------------------------

[INFO]Current Time:       44.86 s

[P]indexs Load Factor:    78.7934 %

[P]full bucket LFactor:   52.9158 %

[P]set request:           64360772 
[P]get request:           64070962 

[P]Get Hit Rate:          66.7481 %
[P]ACC Hit Rate:          40.4045 %

[P]total cuckoo num:      2463306 
[P]total cuckoo path:     817793 
[P]total cp perset:       0.012932 / set
[P]total cp percuckoo:    0.331990 / cuckoo num

[P]cuckoo path / s:       10192.575 / s
[P]cp per set * s:        0.006673 / set * s

[P]break loop / s:        0 / s
[P]break / set :          0 %

[P]Throughput:            3081557.399 ops
[P]all request:           128431734 o

[P]GetThroughput:         1529342.437 ops
[P]SetThroughput:         1552214.962 ops

[P]Valid Entries:         732408.050 / s
[P]set success:           1527378.954 / s

[P]expire scan persec:    10723808.738 / s
[P]total expire scan:     76320734
[P]expire hit persec:     264121.219 / s
[P]total expire hit:      1467317

[P]expire hit rate:       2.462942 %
[P]total expire hit rate: 1.922567 %

[P]get found:             1020806.977 / s

----------------------------------

[INFO]Current Time:       45.76 s

[P]indexs Load Factor:    79.6178 %

[P]full bucket LFactor:   54.2494 %

[P]set request:           65720807 
[P]get request:           65430930 

[P]Get Hit Rate:          68.4063 %
[P]ACC Hit Rate:          40.9865 %

[P]total cuckoo num:      2472899 
[P]total cuckoo path:     826588 
[P]total cp perset:       0.012805 / set
[P]total cp percuckoo:    0.334259 / cuckoo num

[P]cuckoo path / s:       9823.074 / s
[P]cp per set * s:        0.006678 / set * s

[P]break loop / s:        0 / s
[P]break / set :          0 %

[P]Throughput:            3037952.294 ops
[P]all request:           131151737 o

[P]GetThroughput:         1518938.731 ops
[P]SetThroughput:         1519013.563 ops

[P]Valid Entries:         707508.153 / s
[P]set success:           1471057.528 / s

[P]expire scan persec:    10433182.262 / s
[P]total expire scan:     85661989
[P]expire hit persec:     276304.807 / s
[P]total expire hit:      1714704

[P]expire hit rate:       2.648327 %
[P]total expire hit rate: 2.001709 %

[P]get found:             1039050.020 / s

----------------------------------

[INFO]Current Time:       46.65 s

[P]indexs Load Factor:    80.4089 %

[P]full bucket LFactor:   55.5466 %

[P]set request:           67105779 
[P]get request:           66794016 

[P]Get Hit Rate:          69.2256 %
[P]ACC Hit Rate:          41.5628 %

[P]total cuckoo num:      2481226 
[P]total cuckoo path:     834539 
[P]total cp perset:       0.012661 / set
[P]total cp percuckoo:    0.336341 / cuckoo num

[P]cuckoo path / s:       8938.709 / s
[P]cp per set * s:        0.005843 / set * s

[P]break loop / s:        0 / s
[P]break / set :          0 %

[P]Throughput:            3089434.144 ops
[P]all request:           133899795 o

[P]GetThroughput:         1532414.683 ops
[P]SetThroughput:         1557019.461 ops

[P]Valid Entries:         693142.867 / s
[P]set success:           1529945.886 / s

[P]expire scan persec:    10313688.446 / s
[P]total expire scan:     94836036
[P]expire hit persec:     285793.608 / s
[P]total expire hit:      1968918

[P]expire hit rate:       2.771013 %
[P]total expire hit rate: 2.076129 %

[P]get found:             1060823.864 / s

----------------------------------

[INFO]Current Time:       47.53 s

[P]indexs Load Factor:    81.1765 %

[P]full bucket LFactor:   56.8218 %

[P]set request:           68463709 
[P]get request:           68130357 

[P]Get Hit Rate:          70.8012 %
[P]ACC Hit Rate:          42.1363 %

[P]total cuckoo num:      2488700 
[P]total cuckoo path:     842306 
[P]total cp perset:       0.012530 / set
[P]total cp percuckoo:    0.338452 / cuckoo num

[P]cuckoo path / s:       8762.132 / s
[P]cp per set * s:        0.005922 / set * s

[P]break loop / s:        0 / s
[P]break / set :          0 %

[P]Throughput:            3039469.243 ops
[P]all request:           136594066 o

[P]GetThroughput:         1507557.097 ops
[P]SetThroughput:         1531912.146 ops

[P]Valid Entries:         664020.001 / s
[P]set success:           1479470.217 / s

[P]expire scan persec:    10141547.656 / s
[P]total expire scan:     103825789
[P]expire hit persec:     304950.841 / s
[P]total expire hit:      2239235

[P]expire hit rate:       3.006946 %
[P]total expire hit rate: 2.156723 %

[P]get found:             1067369.120 / s

----------------------------------

[INFO]Current Time:       48.41 s

[P]indexs Load Factor:    81.9264 %

[P]full bucket LFactor:   58.0842 %

[P]set request:           69812051 
[P]get request:           69478719 

[P]Get Hit Rate:          69.7705 %
[P]ACC Hit Rate:          42.6726 %

[P]total cuckoo num:      2495009 
[P]total cuckoo path:     848704 
[P]total cp perset:       0.012378 / set
[P]total cp percuckoo:    0.340161 / cuckoo num

[P]cuckoo path / s:       7282.238 / s
[P]cp per set * s:        0.004769 / set * s

[P]break loop / s:        0 / s
[P]break / set :          0 %

[P]Throughput:            3069403.075 ops
[P]all request:           139290770 o

[P]GetThroughput:         1534712.920 ops
[P]SetThroughput:         1534690.156 ops

[P]Valid Entries:         657532.158 / s
[P]set success:           1526938.977 / s

[P]expire scan persec:    10014782.554 / s
[P]total expire scan:     112624537
[P]expire hit persec:     311028.286 / s
[P]total expire hit:      2512497

[P]expire hit rate:       3.105692 %
[P]total expire hit rate: 2.230861 %

[P]get found:             1070776.981 / s

----------------------------------

[INFO]Current Time:       49.29 s

[P]indexs Load Factor:    82.6514 %

[P]full bucket LFactor:   59.3204 %

[P]set request:           71183862 
[P]get request:           70790112 

[P]Get Hit Rate:          71.9705 %
[P]ACC Hit Rate:          43.2153 %

[P]total cuckoo num:      2500632 
[P]total cuckoo path:     855027 
[P]total cp perset:       0.012230 / set
[P]total cp percuckoo:    0.341924 / cuckoo num

[P]cuckoo path / s:       7176.395 / s
[P]cp per set * s:        0.004706 / set * s

[P]break loop / s:        0 / s
[P]break / set :          0 %

[P]Throughput:            3045347.560 ops
[P]all request:           141973974 o

[P]GetThroughput:         1488387.567 ops
[P]SetThroughput:         1556959.993 ops

[P]Valid Entries:         640628.627 / s
[P]set success:           1524994.787 / s

[P]expire scan persec:    9909625.864 / s
[P]total expire scan:     121355740
[P]expire hit persec:     334921.904 / s
[P]total expire hit:      2807591

[P]expire hit rate:       3.379763 %
[P]total expire hit rate: 2.313521 %

[P]get found:             1071199.861 / s

----------------------------------

[INFO]Current Time:       50.17 s

[P]indexs Load Factor:    83.3486 %

[P]full bucket LFactor:   60.5283 %

[P]set request:           72542611 
[P]get request:           72087904 

[P]Get Hit Rate:          72.2388 %
[P]ACC Hit Rate:          43.7378 %

[P]total cuckoo num:      2505588 
[P]total cuckoo path:     860817 
[P]total cp perset:       0.012086 / set
[P]total cp percuckoo:    0.343559 / cuckoo num

[P]cuckoo path / s:       6587.923 / s
[P]cp per set * s:        0.004415 / set * s

[P]break loop / s:        0 / s
[P]break / set :          0 %

[P]Throughput:            3022640.230 ops
[P]all request:           144630515 o

[P]GetThroughput:         1476641.358 ops
[P]SetThroughput:         1545998.872 ops

[P]Valid Entries:         622407.372 / s
[P]set success:           1492030.245 / s

[P]expire scan persec:    9729542.700 / s
[P]total expire scan:     129906850
[P]expire hit persec:     346219.804 / s
[P]total expire hit:      3111877

[P]expire hit rate:       3.558439 %
[P]total expire hit rate: 2.395468 %

[P]get found:             1066707.579 / s

----------------------------------

[INFO]Current Time:       51.05 s

[P]indexs Load Factor:    84.0140 %

[P]full bucket LFactor:   61.7010 %

[P]set request:           73867094 
[P]get request:           73392032 

[P]Get Hit Rate:          71.2258 %
[P]ACC Hit Rate:          44.2263 %

[P]total cuckoo num:      2509986 
[P]total cuckoo path:     866354 
[P]total cp perset:       0.011946 / set
[P]total cp percuckoo:    0.345163 / cuckoo num

[P]cuckoo path / s:       6325.680 / s
[P]cp per set * s:        0.004257 / set * s

[P]break loop / s:        0 / s
[P]break / set :          0 %

[P]Throughput:            3003025.480 ops
[P]all request:           147259126 o

[P]GetThroughput:         1489885.576 ops
[P]SetThroughput:         1513139.904 ops

[P]Valid Entries:         602705.811 / s
[P]set success:           1485809.356 / s

[P]expire scan persec:    9596812.884 / s
[P]total expire scan:     138307141
[P]expire hit persec:     359673.802 / s
[P]total expire hit:      3426707

[P]expire hit rate:       3.747846 %
[P]total expire hit rate: 2.477607 %

[P]get found:             1061183.376 / s

----------------------------------

[INFO]Current Time:       51.91 s

[P]indexs Load Factor:    84.6685 %

[P]full bucket LFactor:   62.8685 %

[P]set request:           75201974 
[P]get request:           74686402 

[P]Get Hit Rate:          69.1422 %
[P]ACC Hit Rate:          44.6581 %

[P]total cuckoo num:      2513927 
[P]total cuckoo path:     871533 
[P]total cp perset:       0.011808 / set
[P]total cp percuckoo:    0.346682 / cuckoo num

[P]cuckoo path / s:       5978.209 / s
[P]cp per set * s:        0.004021 / set * s

[P]break loop / s:        0 / s
[P]break / set :          0 %

[P]Throughput:            3034988.577 ops
[P]all request:           149888376 o

[P]GetThroughput:         1494113.593 ops
[P]SetThroughput:         1540874.984 ops

[P]Valid Entries:         588275.844 / s
[P]set success:           1486782.524 / s

[P]expire scan persec:    9545874.510 / s
[P]total expire scan:     146576856
[P]expire hit persec:     368356.480 / s
[P]total expire hit:      3745819

[P]expire hit rate:       3.858803 %
[P]total expire hit rate: 2.555532 %

[P]get found:             1033063.131 / s

----------------------------------

[INFO]Current Time:       52.79 s

[P]indexs Load Factor:    85.3085 %

[P]full bucket LFactor:   64.0227 %

[P]set request:           76534322 
[P]get request:           75998151 

[P]Get Hit Rate:          70.3816 %
[P]ACC Hit Rate:          45.1021 %

[P]total cuckoo num:      2517486 
[P]total cuckoo path:     876301 
[P]total cp perset:       0.011669 / set
[P]total cp percuckoo:    0.348086 / cuckoo num

[P]cuckoo path / s:       5458.619 / s
[P]cp per set * s:        0.003708 / set * s

[P]break loop / s:        0 / s
[P]break / set :          0 %

[P]Throughput:            3027080.032 ops
[P]all request:           152532473 o

[P]GetThroughput:         1501748.690 ops
[P]SetThroughput:         1525331.342 ops

[P]Valid Entries:         569072.458 / s
[P]set success:           1471960.979 / s

[P]expire scan persec:    9379523.618 / s
[P]total expire scan:     154769692
[P]expire hit persec:     384463.985 / s
[P]total expire hit:      4081641

[P]expire hit rate:       4.098971 %
[P]total expire hit rate: 2.637235 %

[P]get found:             1056954.831 / s

----------------------------------

[INFO]Current Time:       53.65 s

[P]indexs Load Factor:    85.9296 %

[P]full bucket LFactor:   65.1620 %

[P]set request:           77832496 
[P]get request:           77336516 

[P]Get Hit Rate:          70.4652 %
[P]ACC Hit Rate:          45.5410 %

[P]total cuckoo num:      2520634 
[P]total cuckoo path:     880724 
[P]total cp perset:       0.011526 / set
[P]total cp percuckoo:    0.349406 / cuckoo num

[P]cuckoo path / s:       5107.950 / s
[P]cp per set * s:        0.003371 / set * s

[P]break loop / s:        0 / s
[P]break / set :          0 %

[P]Throughput:            3044836.164 ops
[P]all request:           155169012 o

[P]GetThroughput:         1545625.592 ops
[P]SetThroughput:         1499210.572 ops

[P]Valid Entries:         569296.832 / s
[P]set success:           1515467.551 / s

[P]expire scan persec:    9584035.841 / s
[P]total expire scan:     163068557
[P]expire hit persec:     410066.902 / s
[P]total expire hit:      4436720

[P]expire hit rate:       4.278645 %
[P]total expire hit rate: 2.720770 %

[P]get found:             1089128.657 / s

----------------------------------

[INFO]Current Time:       54.51 s

[P]indexs Load Factor:    86.5272 %

[P]full bucket LFactor:   66.2780 %

[P]set request:           79174595 
[P]get request:           78657284 

[P]Get Hit Rate:          70.5977 %
[P]ACC Hit Rate:          45.9617 %

[P]total cuckoo num:      2523419 
[P]total cuckoo path:     885053 
[P]total cp perset:       0.011387 / set
[P]total cp percuckoo:    0.350736 / cuckoo num

[P]cuckoo path / s:       5029.500 / s
[P]cp per set * s:        0.003292 / set * s

[P]break loop / s:        0 / s
[P]break / set :          0 %

[P]Throughput:            3093760.281 ops
[P]all request:           157831879 o

[P]GetThroughput:         1534488.797 ops
[P]SetThroughput:         1559271.484 ops

[P]Valid Entries:         550338.083 / s
[P]set success:           1527853.668 / s

[P]expire scan persec:    9442120.264 / s
[P]total expire scan:     171195596
[P]expire hit persec:     414318.528 / s
[P]total expire hit:      4793333

[P]expire hit rate:       4.387982 %
[P]total expire hit rate: 2.799916 %

[P]get found:             1083313.994 / s

----------------------------------

[INFO]Current Time:       55.37 s

[P]indexs Load Factor:    87.1053 %

[P]full bucket LFactor:   67.3719 %

[P]set request:           80490161 
[P]get request:           79951878 

[P]Get Hit Rate:          71.7402 %
[P]ACC Hit Rate:          46.3791 %

[P]total cuckoo num:      2525861 
[P]total cuckoo path:     888857 
[P]total cp perset:       0.011250 / set
[P]total cp percuckoo:    0.351903 / cuckoo num

[P]cuckoo path / s:       4451.237 / s
[P]cp per set * s:        0.002953 / set * s

[P]break loop / s:        0 / s
[P]break / set :          0 %

[P]Throughput:            3054269.072 ops
[P]all request:           160442039 o

[P]GetThroughput:         1514864.382 ops
[P]SetThroughput:         1539404.690 ops

[P]Valid Entries:         536350.599 / s
[P]set success:           1507591.923 / s

[P]expire scan persec:    9406513.588 / s
[P]total expire scan:     179234346
[P]expire hit persec:     437215.805 / s
[P]total expire hit:      5166975

[P]expire hit rate:       4.648011 %
[P]total expire hit rate: 2.882804 %

[P]get found:             1086766.357 / s

----------------------------------

[INFO]Current Time:       56.22 s

[P]indexs Load Factor:    87.6658 %

[P]full bucket LFactor:   68.4499 %

[P]set request:           81780675 
[P]get request:           81241690 

[P]Get Hit Rate:          70.6238 %
[P]ACC Hit Rate:          46.7641 %

[P]total cuckoo num:      2528079 
[P]total cuckoo path:     892414 
[P]total cp perset:       0.011117 / set
[P]total cp percuckoo:    0.353001 / cuckoo num

[P]cuckoo path / s:       4172.874 / s
[P]cp per set * s:        0.002815 / set * s

[P]break loop / s:        0 / s
[P]break / set :          0 %

[P]Throughput:            3027094.665 ops
[P]all request:           163022365 o

[P]GetThroughput:         1513135.559 ops
[P]SetThroughput:         1513959.106 ops

[P]Valid Entries:         513911.099 / s
[P]set success:           1482277.172 / s

[P]expire scan persec:    9220112.716 / s
[P]total expire scan:     187093663
[P]expire hit persec:     445167.191 / s
[P]total expire hit:      5546440

[P]expire hit rate:       4.828219 %
[P]total expire hit rate: 2.964526 %

[P]get found:             1068633.541 / s

----------------------------------

[INFO]Current Time:       57.07 s

[P]indexs Load Factor:    88.2050 %

[P]full bucket LFactor:   69.4999 %

[P]set request:           83127543 
[P]get request:           82567228 

[P]Get Hit Rate:          69.6523 %
[P]ACC Hit Rate:          47.1315 %

[P]total cuckoo num:      2530086 
[P]total cuckoo path:     895833 
[P]total cp perset:       0.010979 / set
[P]total cp percuckoo:    0.354072 / cuckoo num

[P]cuckoo path / s:       4019.738 / s
[P]cp per set * s:        0.002590 / set * s

[P]break loop / s:        0 / s
[P]break / set :          0 %

[P]Throughput:            3141962.803 ops
[P]all request:           165694771 o

[P]GetThroughput:         1558442.501 ops
[P]SetThroughput:         1583520.302 ops

[P]Valid Entries:         514225.429 / s
[P]set success:           1551732.749 / s

[P]expire scan persec:    9433044.928 / s
[P]total expire scan:     195116968
[P]expire hit persec:     471466.191 / s
[P]total expire hit:      5947447

[P]expire hit rate:       4.998028 %
[P]total expire hit rate: 3.048144 %

[P]get found:             1085491.393 / s

----------------------------------

[INFO]Current Time:       57.92 s

[P]indexs Load Factor:    88.7314 %

[P]full bucket LFactor:   70.5383 %

[P]set request:           84445072 
[P]get request:           83833920 

[P]Get Hit Rate:          72.3729 %
[P]ACC Hit Rate:          47.5129 %

[P]total cuckoo num:      2531969 
[P]total cuckoo path:     899185 
[P]total cp perset:       0.010851 / set
[P]total cp percuckoo:    0.355133 / cuckoo num

[P]cuckoo path / s:       3961.164 / s
[P]cp per set * s:        0.002640 / set * s

[P]break loop / s:        0 / s
[P]break / set :          0 %

[P]Throughput:            3053855.176 ops
[P]all request:           168278992 o

[P]GetThroughput:         1496889.748 ops
[P]SetThroughput:         1556965.428 ops

[P]Valid Entries:         489947.032 / s
[P]set success:           1500481.030 / s

[P]expire scan persec:    9225704.002 / s
[P]total expire scan:     202923906
[P]expire hit persec:     477563.669 / s
[P]total expire hit:      6351569

[P]expire hit rate:       5.176447 %
[P]total expire hit rate: 3.130025 %

[P]get found:             1083342.834 / s

----------------------------------

[INFO]Current Time:       58.76 s

[P]indexs Load Factor:    89.2388 %

[P]full bucket LFactor:   71.5551 %

[P]set request:           85771893 
[P]get request:           85119580 

[P]Get Hit Rate:          71.8725 %
[P]ACC Hit Rate:          47.8808 %

[P]total cuckoo num:      2533618 
[P]total cuckoo path:     902452 
[P]total cp perset:       0.010722 / set
[P]total cp percuckoo:    0.356191 / cuckoo num

[P]cuckoo path / s:       3857.758 / s
[P]cp per set * s:        0.002511 / set * s

[P]break loop / s:        0 / s
[P]break / set :          0 %

[P]Throughput:            3084885.063 ops
[P]all request:           170891473 o

[P]GetThroughput:         1518140.545 ops
[P]SetThroughput:         1566744.518 ops

[P]Valid Entries:         479536.915 / s
[P]set success:           1536351.241 / s

[P]expire scan persec:    9222554.439 / s
[P]total expire scan:     210734164
[P]expire hit persec:     487631.476 / s
[P]total expire hit:      6764527

[P]expire hit rate:       5.287380 %
[P]total expire hit rate: 3.209981 %

[P]get found:             1091125.583 / s

----------------------------------

[INFO]Current Time:       59.61 s

[P]indexs Load Factor:    89.7258 %

[P]full bucket LFactor:   72.5509 %

[P]set request:           87074980 
[P]get request:           86401361 

[P]Get Hit Rate:          70.8725 %
[P]ACC Hit Rate:          48.2219 %

[P]total cuckoo num:      2535125 
[P]total cuckoo path:     905524 
[P]total cp perset:       0.010595 / set
[P]total cp percuckoo:    0.357191 / cuckoo num

[P]cuckoo path / s:       3639.348 / s
[P]cp per set * s:        0.002368 / set * s

[P]break loop / s:        0 / s
[P]break / set :          0 %

[P]Throughput:            3062251.039 ops
[P]all request:           173476341 o

[P]GetThroughput:         1518505.084 ops
[P]SetThroughput:         1543745.955 ops

[P]Valid Entries:         464585.568 / s
[P]set success:           1536954.163 / s

[P]expire scan persec:    9175067.396 / s
[P]total expire scan:     218478904
[P]expire hit persec:     509915.121 / s
[P]total expire hit:      7194950

[P]expire hit rate:       5.557617 %
[P]total expire hit rate: 3.293201 %

[P]get found:             1076202.232 / s

----------------------------------

[INFO]Current Time:       60.44 s

[P]indexs Load Factor:    90.1952 %

[P]full bucket LFactor:   73.5202 %

[P]set request:           88296807 
[P]get request:           87664753 

[P]Get Hit Rate:          71.9780 %
[P]ACC Hit Rate:          48.5643 %

[P]total cuckoo num:      2536381 
[P]total cuckoo path:     908143 
[P]total cp perset:       0.010472 / set
[P]total cp percuckoo:    0.358047 / cuckoo num

[P]cuckoo path / s:       3128.427 / s
[P]cp per set * s:        0.002081 / set * s

[P]break loop / s:        0 / s
[P]break / set :          0 %

[P]Throughput:            2968623.692 ops
[P]all request:           175961560 o

[P]GetThroughput:         1509136.790 ops
[P]SetThroughput:         1459486.902 ops

[P]Valid Entries:         446798.818 / s
[P]set success:           1503471.220 / s

[P]expire scan persec:    9081896.739 / s
[P]total expire scan:     226081923
[P]expire hit persec:     519070.372 / s
[P]total expire hit:      7629496

[P]expire hit rate:       5.715440 %
[P]total expire hit rate: 3.374660 %

[P]get found:             1086246.128 / s

----------------------------------

[INFO]Current Time:       61.28 s

[P]indexs Load Factor:    90.6512 %

[P]full bucket LFactor:   74.4828 %

[P]set request:           89583664 
[P]get request:           88950301 

[P]Get Hit Rate:          69.7065 %
[P]ACC Hit Rate:          48.8698 %

[P]total cuckoo num:      2537602 
[P]total cuckoo path:     910829 
[P]total cp perset:       0.010350 / set
[P]total cp percuckoo:    0.358933 / cuckoo num

[P]cuckoo path / s:       3215.146 / s
[P]cp per set * s:        0.002096 / set * s

[P]break loop / s:        0 / s
[P]break / set :          0 %

[P]Throughput:            3079172.622 ops
[P]all request:           178533965 o

[P]GetThroughput:         1538802.874 ops
[P]SetThroughput:         1540369.749 ops

[P]Valid Entries:         434942.462 / s
[P]set success:           1533712.026 / s

[P]expire scan persec:    9081725.729 / s
[P]total expire scan:     233668986
[P]expire hit persec:     536220.758 / s
[P]total expire hit:      8077466

[P]expire hit rate:       5.904393 %
[P]total expire hit rate: 3.456798 %

[P]get found:             1072645.007 / s

----------------------------------

[INFO]Current Time:       62.12 s

[P]indexs Load Factor:    91.0886 %

[P]full bucket LFactor:   75.4193 %

[P]set request:           90870514 
[P]get request:           90216410 

[P]Get Hit Rate:          70.6952 %
[P]ACC Hit Rate:          49.1761 %

[P]total cuckoo num:      2538779 
[P]total cuckoo path:     913457 
[P]total cp perset:       0.010235 / set
[P]total cp percuckoo:    0.359802 / cuckoo num

[P]cuckoo path / s:       3145.110 / s
[P]cp per set * s:        0.002117 / set * s

[P]break loop / s:        0 / s
[P]break / set :          0 %

[P]Throughput:            3055304.006 ops
[P]all request:           181086925 o

[P]GetThroughput:         1515240.309 ops
[P]SetThroughput:         1540062.500 ops

[P]Valid Entries:         421500.930 / s
[P]set success:           1485361.768 / s

[P]expire scan persec:    9066369.538 / s
[P]total expire scan:     241244690
[P]expire hit persec:     541716.401 / s
[P]total expire hit:      8530115

[P]expire hit rate:       5.975009 %
[P]total expire hit rate: 3.535877 %

[P]get found:             1071201.820 / s

----------------------------------

[INFO]Current Time:       62.95 s

[P]indexs Load Factor:    91.5108 %

[P]full bucket LFactor:   76.3361 %

[P]set request:           92162588 
[P]get request:           91487391 

[P]Get Hit Rate:          70.7322 %
[P]ACC Hit Rate:          49.4756 %

[P]total cuckoo num:      2539800 
[P]total cuckoo path:     915869 
[P]total cp perset:       0.010119 / set
[P]total cp percuckoo:    0.360607 / cuckoo num

[P]cuckoo path / s:       2884.533 / s
[P]cp per set * s:        0.001904 / set * s

[P]break loop / s:        0 / s
[P]break / set :          0 %

[P]Throughput:            3065179.343 ops
[P]all request:           183649979 o

[P]GetThroughput:         1519977.615 ops
[P]SetThroughput:         1545202.924 ops

[P]Valid Entries:         402841.946 / s
[P]set success:           1515135.380 / s

[P]expire scan persec:    8930024.706 / s
[P]total expire scan:     248711834
[P]expire hit persec:     557409.597 / s
[P]total expire hit:      8996212

[P]expire hit rate:       6.241971 %
[P]total expire hit rate: 3.617123 %

[P]get found:             1075113.819 / s

----------------------------------

[INFO]Current Time:       63.78 s

[P]indexs Load Factor:    91.9166 %

[P]full bucket LFactor:   77.2292 %

[P]set request:           93452235 
[P]get request:           92776716 

[P]Get Hit Rate:          69.6091 %
[P]ACC Hit Rate:          49.7554 %

[P]total cuckoo num:      2540745 
[P]total cuckoo path:     918203 
[P]total cp perset:       0.010005 / set
[P]total cp percuckoo:    0.361391 / cuckoo num

[P]cuckoo path / s:       2815.817 / s
[P]cp per set * s:        0.001845 / set * s

[P]break loop / s:        0 / s
[P]break / set :          0 %

[P]Throughput:            3111359.411 ops
[P]all request:           186228951 o

[P]GetThroughput:         1555485.470 ops
[P]SetThroughput:         1555873.941 ops

[P]Valid Entries:         399285.004 / s
[P]set success:           1525821.671 / s

[P]expire scan persec:    9101985.673 / s
[P]total expire scan:     256256371
[P]expire hit persec:     562913.642 / s
[P]total expire hit:      9462805

[P]expire hit rate:       6.184515 %
[P]total expire hit rate: 3.692710 %

[P]get found:             1082758.798 / s

----------------------------------

[INFO]Current Time:       64.61 s

[P]indexs Load Factor:    92.3020 %

[P]full bucket LFactor:   78.0891 %

[P]set request:           94704477 
[P]get request:           94048187 

[P]Get Hit Rate:          70.6649 %
[P]ACC Hit Rate:          50.0381 %

[P]total cuckoo num:      2541583 
[P]total cuckoo path:     920450 
[P]total cp perset:       0.009897 / set
[P]total cp percuckoo:    0.362156 / cuckoo num

[P]cuckoo path / s:       2717.210 / s
[P]cp per set * s:        0.001828 / set * s

[P]break loop / s:        0 / s
[P]break / set :          0 %

[P]Throughput:            3051828.848 ops
[P]all request:           188752664 o

[P]GetThroughput:         1537540.868 ops
[P]SetThroughput:         1514287.980 ops

[P]Valid Entries:         379327.179 / s
[P]set success:           1486822.024 / s

[P]expire scan persec:    8993712.757 / s
[P]total expire scan:     263693731
[P]expire hit persec:     591865.762 / s
[P]total expire hit:      9952249

[P]expire hit rate:       6.580884 %
[P]total expire hit rate: 3.774170 %

[P]get found:             1086502.067 / s

----------------------------------

[INFO]Current Time:       65.42 s

[P]indexs Load Factor:    92.6771 %

[P]full bucket LFactor:   78.9405 %

[P]set request:           95942304 
[P]get request:           95306212 

[P]Get Hit Rate:          70.5791 %
[P]ACC Hit Rate:          50.3092 %

[P]total cuckoo num:      2542364 
[P]total cuckoo path:     922649 
[P]total cp perset:       0.009788 / set
[P]total cp percuckoo:    0.362910 / cuckoo num

[P]cuckoo path / s:       2696.929 / s
[P]cp per set * s:        0.001753 / set * s

[P]break loop / s:        0 / s
[P]break / set :          0 %

[P]Throughput:            3060997.962 ops
[P]all request:           191248516 o

[P]GetThroughput:         1542884.739 ops
[P]SetThroughput:         1518113.223 ops

[P]Valid Entries:         369844.689 / s
[P]set success:           1538393.537 / s

[P]expire scan persec:    8987225.571 / s
[P]total expire scan:     271021663
[P]expire hit persec:     606070.611 / s
[P]total expire hit:      10446422

[P]expire hit rate:       6.743690 %
[P]total expire hit rate: 3.854460 %

[P]get found:             1088954.503 / s

----------------------------------

[INFO]Current Time:       66.24 s

[P]indexs Load Factor:    93.0367 %

[P]full bucket LFactor:   79.7683 %

[P]set request:           97205271 
[P]get request:           96548051 

[P]Get Hit Rate:          71.6488 %
[P]ACC Hit Rate:          50.5837 %

[P]total cuckoo num:      2543143 
[P]total cuckoo path:     924879 
[P]total cp perset:       0.009683 / set
[P]total cp percuckoo:    0.363676 / cuckoo num

[P]cuckoo path / s:       2712.717 / s
[P]cp per set * s:        0.001771 / set * s

[P]break loop / s:        0 / s
[P]break / set :          0 %

[P]Throughput:            3047009.413 ops
[P]all request:           193753322 o

[P]GetThroughput:         1510653.968 ops
[P]SetThroughput:         1536355.445 ops

[P]Valid Entries:         354602.048 / s
[P]set success:           1532021.180 / s

[P]expire scan persec:    8939313.975 / s
[P]total expire scan:     278370261
[P]expire hit persec:     617438.825 / s
[P]total expire hit:      10953990

[P]expire hit rate:       6.907005 %
[P]total expire hit rate: 3.935043 %

[P]get found:             1082365.755 / s

----------------------------------

[INFO]Current Time:       67.06 s

[P]indexs Load Factor:    93.3833 %

[P]full bucket LFactor:   80.5806 %

[P]set request:           98444297 
[P]get request:           97806478 

[P]Get Hit Rate:          70.3417 %
[P]ACC Hit Rate:          50.8379 %

[P]total cuckoo num:      2543811 
[P]total cuckoo path:     926779 
[P]total cp perset:       0.009577 / set
[P]total cp percuckoo:    0.364327 / cuckoo num

[P]cuckoo path / s:       2321.240 / s
[P]cp per set * s:        0.001514 / set * s

[P]break loop / s:        0 / s
[P]break / set :          0 %

[P]Throughput:            3051151.815 ops
[P]all request:           196250775 o

[P]GetThroughput:         1537427.060 ops
[P]SetThroughput:         1513724.754 ops

[P]Valid Entries:         343337.090 / s
[P]set success:           1533662.986 / s

[P]expire scan persec:    8946254.208 / s
[P]total expire scan:     285693020
[P]expire hit persec:     631319.930 / s
[P]total expire hit:      11470743

[P]expire hit rate:       7.056807 %
[P]total expire hit rate: 4.015059 %

[P]get found:             1081452.398 / s

----------------------------------

[INFO]Current Time:       67.88 s

[P]indexs Load Factor:    93.7146 %

[P]full bucket LFactor:   81.3685 %

[P]set request:           99705163 
[P]get request:           99026763 

[P]Get Hit Rate:          72.5417 %
[P]ACC Hit Rate:          51.1054 %

[P]total cuckoo num:      2544500 
[P]total cuckoo path:     928904 
[P]total cp perset:       0.009477 / set
[P]total cp percuckoo:    0.365063 / cuckoo num

[P]cuckoo path / s:       2601.686 / s
[P]cp per set * s:        0.001717 / set * s

[P]break loop / s:        0 / s
[P]break / set :          0 %

[P]Throughput:            3037729.278 ops
[P]all request:           198731926 o

[P]GetThroughput:         1494022.521 ops
[P]SetThroughput:         1543706.757 ops

[P]Valid Entries:         331125.397 / s
[P]set success:           1515450.615 / s

[P]expire scan persec:    8961222.462 / s
[P]total expire scan:     293012351
[P]expire hit persec:     648433.089 / s
[P]total expire hit:      12000369

[P]expire hit rate:       7.235989 %
[P]total expire hit rate: 4.095516 %

[P]get found:             1083789.967 / s

----------------------------------

[INFO]Current Time:       68.70 s

[P]indexs Load Factor:    94.0340 %

[P]full bucket LFactor:   82.1405 %

[P]set request:           100956839 
[P]get request:           100278279 

[P]Get Hit Rate:          70.0891 %
[P]ACC Hit Rate:          51.3423 %

[P]total cuckoo num:      2545132 
[P]total cuckoo path:     930968 
[P]total cp perset:       0.009379 / set
[P]total cp percuckoo:    0.365784 / cuckoo num

[P]cuckoo path / s:       2530.910 / s
[P]cp per set * s:        0.001654 / set * s

[P]break loop / s:        0 / s
[P]break / set :          0 %

[P]Throughput:            3069454.294 ops
[P]all request:           201235118 o

[P]GetThroughput:         1534629.050 ops
[P]SetThroughput:         1534825.244 ops

[P]Valid Entries:         315883.073 / s
[P]set success:           1530592.346 / s

[P]expire scan persec:    8898261.418 / s
[P]total expire scan:     300269034
[P]expire hit persec:     657837.953 / s
[P]total expire hit:      12536847

[P]expire hit rate:       7.392882 %
[P]total expire hit rate: 4.175205 %

[P]get found:             1075607.320 / s

----------------------------------

[INFO]Current Time:       69.51 s

[P]indexs Load Factor:    94.3370 %

[P]full bucket LFactor:   82.8818 %

[P]set request:           102212481 
[P]get request:           101492350 

[P]Get Hit Rate:          72.1987 %
[P]ACC Hit Rate:          51.5918 %

[P]total cuckoo num:      2545719 
[P]total cuckoo path:     932974 
[P]total cp perset:       0.009284 / set
[P]total cp percuckoo:    0.366487 / cuckoo num

[P]cuckoo path / s:       2465.264 / s
[P]cp per set * s:        0.001629 / set * s

[P]break loop / s:        0 / s
[P]break / set :          0 %

[P]Throughput:            3035141.979 ops
[P]all request:           203704831 o

[P]GetThroughput:         1492026.749 ops
[P]SetThroughput:         1543115.230 ops

[P]Valid Entries:         307646.772 / s
[P]set success:           1513712.716 / s

[P]expire scan persec:    8961451.318 / s
[P]total expire scan:     307561020
[P]expire hit persec:     663555.452 / s
[P]total expire hit:      13076786

[P]expire hit rate:       7.404553 %
[P]total expire hit rate: 4.251770 %

[P]get found:             1077224.556 / s

----------------------------------

[INFO]Current Time:       70.31 s

[P]indexs Load Factor:    94.6298 %

[P]full bucket LFactor:   83.6100 %

[P]set request:           103447771 
[P]get request:           102707935 

[P]Get Hit Rate:          69.7017 %
[P]ACC Hit Rate:          51.8061 %

[P]total cuckoo num:      2546276 
[P]total cuckoo path:     934993 
[P]total cp perset:       0.009193 / set
[P]total cp percuckoo:    0.367200 / cuckoo num

[P]cuckoo path / s:       2508.844 / s
[P]cp per set * s:        0.001665 / set * s

[P]break loop / s:        0 / s
[P]break / set :          0 %

[P]Throughput:            3045499.429 ops
[P]all request:           206155706 o

[P]GetThroughput:         1510506.828 ops
[P]SetThroughput:         1534992.600 ops

[P]Valid Entries:         293088.663 / s
[P]set success:           1506649.745 / s

[P]expire scan persec:    8923595.711 / s
[P]total expire scan:     314742311
[P]expire hit persec:     672411.232 / s
[P]total expire hit:      13617911

[P]expire hit rate:       7.535205 %
[P]total expire hit rate: 4.326686 %

[P]get found:             1052848.429 / s

----------------------------------

[INFO]Current Time:       71.12 s

[P]indexs Load Factor:    94.9082 %

[P]full bucket LFactor:   84.3097 %

[P]set request:           104690192 
[P]get request:           103951174 

[P]Get Hit Rate:          67.2384 %
[P]ACC Hit Rate:          51.9907 %

[P]total cuckoo num:      2546833 
[P]total cuckoo path:     937120 
[P]total cp perset:       0.009105 / set
[P]total cp percuckoo:    0.367955 / cuckoo num

[P]cuckoo path / s:       2629.890 / s
[P]cp per set * s:        0.001743 / set * s

[P]break loop / s:        0 / s
[P]break / set :          0 %

[P]Throughput:            3073348.833 ops
[P]all request:           208641366 o

[P]GetThroughput:         1537180.117 ops
[P]SetThroughput:         1536168.716 ops

[P]Valid Entries:         281382.182 / s
[P]set success:           1508718.696 / s

[P]expire scan persec:    8931092.411 / s
[P]total expire scan:     321965591
[P]expire hit persec:     698952.370 / s
[P]total expire hit:      14183209

[P]expire hit rate:       7.826057 %
[P]total expire hit rate: 4.405194 %

[P]get found:             1033575.301 / s

----------------------------------

[INFO]Current Time:       71.93 s

[P]indexs Load Factor:    95.1781 %

[P]full bucket LFactor:   85.0005 %

[P]set request:           105931391 
[P]get request:           105172480 

[P]Get Hit Rate:          69.3422 %
[P]ACC Hit Rate:          52.1922 %

[P]total cuckoo num:      2547342 
[P]total cuckoo path:     939083 
[P]total cp perset:       0.009017 / set
[P]total cp percuckoo:    0.368652 / cuckoo num

[P]cuckoo path / s:       2443.737 / s
[P]cp per set * s:        0.001611 / set * s

[P]break loop / s:        0 / s
[P]break / set :          0 %

[P]Throughput:            3065570.194 ops
[P]all request:           211103871 o

[P]GetThroughput:         1520402.708 ops
[P]SetThroughput:         1545167.485 ops

[P]Valid Entries:         273358.673 / s
[P]set success:           1517343.991 / s

[P]expire scan persec:    8996283.075 / s
[P]total expire scan:     329192107
[P]expire hit persec:     691154.272 / s
[P]total expire hit:      14738398

[P]expire hit rate:       7.682665 %
[P]total expire hit rate: 4.477142 %

[P]get found:             1054280.128 / s

----------------------------------

[INFO]Current Time:       72.74 s

[P]indexs Load Factor:    95.4339 %

[P]full bucket LFactor:   85.6633 %

[P]set request:           107189815 
[P]get request:           106390108 

[P]Get Hit Rate:          70.2486 %
[P]ACC Hit Rate:          52.3988 %

[P]total cuckoo num:      2547827 
[P]total cuckoo path:     940931 
[P]total cp perset:       0.008929 / set
[P]total cp percuckoo:    0.369307 / cuckoo num

[P]cuckoo path / s:       2283.474 / s
[P]cp per set * s:        0.001495 / set * s

[P]break loop / s:        0 / s
[P]break / set :          0 %

[P]Throughput:            3059525.911 ops
[P]all request:           213579924 o

[P]GetThroughput:         1504557.623 ops
[P]SetThroughput:         1554967.052 ops

[P]Valid Entries:         259049.555 / s
[P]set success:           1526984.605 / s

[P]expire scan persec:    8922055.074 / s
[P]total expire scan:     336412664
[P]expire hit persec:     707987.067 / s
[P]total expire hit:      15311367

[P]expire hit rate:       7.935247 %
[P]total expire hit rate: 4.551365 %

[P]get found:             1056931.132 / s

----------------------------------

[INFO]Current Time:       73.54 s

[P]indexs Load Factor:    95.6734 %

[P]full bucket LFactor:   86.2929 %

[P]set request:           108444061 
[P]get request:           107624211 

[P]Get Hit Rate:          67.7118 %
[P]ACC Hit Rate:          52.5744 %

[P]total cuckoo num:      2548358 
[P]total cuckoo path:     943266 
[P]total cp perset:       0.008848 / set
[P]total cp percuckoo:    0.370147 / cuckoo num

[P]cuckoo path / s:       2906.159 / s
[P]cp per set * s:        0.001895 / set * s

[P]break loop / s:        0 / s
[P]break / set :          0 %

[P]Throughput:            3097016.858 ops
[P]all request:           216068272 o

[P]GetThroughput:         1535973.986 ops
[P]SetThroughput:         1561044.117 ops

[P]Valid Entries:         249018.602 / s
[P]set success:           1533395.159 / s

[P]expire scan persec:    8986203.855 / s
[P]total expire scan:     343632774
[P]expire hit persec:     723846.362 / s
[P]total expire hit:      15892953

[P]expire hit rate:       8.055085 %
[P]total expire hit rate: 4.624982 %

[P]get found:             1040035.191 / s

----------------------------------

[INFO]Current Time:       74.33 s

[P]indexs Load Factor:    95.9034 %

[P]full bucket LFactor:   86.9051 %

[P]set request:           109638083 
[P]get request:           108797423 

[P]Get Hit Rate:          69.8587 %
[P]ACC Hit Rate:          52.7608 %

[P]total cuckoo num:      2548843 
[P]total cuckoo path:     945408 
[P]total cp perset:       0.008770 / set
[P]total cp percuckoo:    0.370917 / cuckoo num

[P]cuckoo path / s:       2708.260 / s
[P]cp per set * s:        0.001798 / set * s

[P]break loop / s:        0 / s
[P]break / set :          0 %

[P]Throughput:            2993036.585 ops
[P]all request:           218435506 o

[P]GetThroughput:         1483362.624 ops
[P]SetThroughput:         1509673.961 ops

[P]Valid Entries:         235425.144 / s
[P]set success:           1506578.807 / s

[P]expire scan persec:    8835411.420 / s
[P]total expire scan:     350620823
[P]expire hit persec:     734389.747 / s
[P]total expire hit:      16473792

[P]expire hit rate:       8.311891 %
[P]total expire hit rate: 4.698464 %

[P]get found:             1036258.286 / s

----------------------------------

[INFO]Current Time:       75.12 s

[P]indexs Load Factor:    96.1224 %

[P]full bucket LFactor:   87.4943 %

[P]set request:           110841314 
[P]get request:           110000916 

[P]Get Hit Rate:          68.5502 %
[P]ACC Hit Rate:          52.9335 %

[P]total cuckoo num:      2549319 
[P]total cuckoo path:     947503 
[P]total cp perset:       0.008692 / set
[P]total cp percuckoo:    0.371669 / cuckoo num

[P]cuckoo path / s:       2642.003 / s
[P]cp per set * s:        0.001743 / set * s

[P]break loop / s:        0 / s
[P]break / set :          0 %

[P]Throughput:            3035117.927 ops
[P]all request:           220842230 o

[P]GetThroughput:         1517724.168 ops
[P]SetThroughput:         1517393.760 ops

[P]Valid Entries:         225915.849 / s
[P]set success:           1515671.098 / s

[P]expire scan persec:    8905039.509 / s
[P]total expire scan:     357682154
[P]expire hit persec:     739181.999 / s
[P]total expire hit:      17059933

[P]expire hit rate:       8.300716 %
[P]total expire hit rate: 4.769579 %

[P]get found:             1040403.131 / s

----------------------------------

[INFO]Current Time:       75.92 s

[P]indexs Load Factor:    96.3367 %

[P]full bucket LFactor:   88.0828 %

[P]set request:           112071631 
[P]get request:           111211320 

[P]Get Hit Rate:          68.2233 %
[P]ACC Hit Rate:          53.1000 %

[P]total cuckoo num:      2549769 
[P]total cuckoo path:     949736 
[P]total cp perset:       0.008617 / set
[P]total cp percuckoo:    0.372479 / cuckoo num

[P]cuckoo path / s:       2809.084 / s
[P]cp per set * s:        0.001847 / set * s

[P]break loop / s:        0 / s
[P]break / set :          0 %

[P]Throughput:            3070393.800 ops
[P]all request:           223282951 o

[P]GetThroughput:         1522671.758 ops
[P]SetThroughput:         1547722.041 ops

[P]Valid Entries:         217042.908 / s
[P]set success:           1520833.840 / s

[P]expire scan persec:    8951378.275 / s
[P]total expire scan:     364797794
[P]expire hit persec:     766026.910 / s
[P]total expire hit:      17668864

[P]expire hit rate:       8.557642 %
[P]total expire hit rate: 4.843468 %

[P]get found:             1038816.227 / s

----------------------------------

[INFO]Current Time:       76.71 s

[P]indexs Load Factor:    96.5394 %

[P]full bucket LFactor:   88.6471 %

[P]set request:           113240204 
[P]get request:           112440674 

[P]Get Hit Rate:          68.2131 %
[P]ACC Hit Rate:          53.2652 %

[P]total cuckoo num:      2550228 
[P]total cuckoo path:     951945 
[P]total cp perset:       0.008542 / set
[P]total cp percuckoo:    0.373278 / cuckoo num

[P]cuckoo path / s:       2772.030 / s
[P]cp per set * s:        0.001800 / set * s

[P]break loop / s:        0 / s
[P]break / set :          0 %

[P]Throughput:            3009111.077 ops
[P]all request:           225680878 o

[P]GetThroughput:         1542691.975 ops
[P]SetThroughput:         1466419.102 ops

[P]Valid Entries:         210698.148 / s
[P]set success:           1540396.799 / s

[P]expire scan persec:    9091377.295 / s
[P]total expire scan:     372042611
[P]expire hit persec:     785836.089 / s
[P]total expire hit:      18295088

[P]expire hit rate:       8.643752 %
[P]total expire hit rate: 4.917471 %

[P]get found:             1052317.425 / s

----------------------------------

[INFO]Current Time:       77.51 s

[P]indexs Load Factor:    96.7335 %

[P]full bucket LFactor:   89.1921 %

[P]set request:           114454591 
[P]get request:           113634306 

[P]Get Hit Rate:          67.4738 %
[P]ACC Hit Rate:          53.4144 %

[P]total cuckoo num:      2550664 
[P]total cuckoo path:     954158 
[P]total cp perset:       0.008473 / set
[P]total cp percuckoo:    0.374082 / cuckoo num

[P]cuckoo path / s:       2797.151 / s
[P]cp per set * s:        0.001888 / set * s

[P]break loop / s:        0 / s
[P]break / set :          0 %

[P]Throughput:            3043648.402 ops
[P]all request:           228088897 o

[P]GetThroughput:         1508707.419 ops
[P]SetThroughput:         1534940.984 ops

[P]Valid Entries:         200949.992 / s
[P]set success:           1481872.207 / s

[P]expire scan persec:    9080346.216 / s
[P]total expire scan:     379226636
[P]expire hit persec:     793595.988 / s
[P]total expire hit:      18922951

[P]expire hit rate:       8.739711 %
[P]total expire hit rate: 4.989879 %

[P]get found:             1017982.393 / s

----------------------------------

[INFO]Current Time:       78.30 s

[P]indexs Load Factor:    96.9172 %

[P]full bucket LFactor:   89.7149 %

[P]set request:           115673905 
[P]get request:           114854154 

[P]Get Hit Rate:          67.7474 %
[P]ACC Hit Rate:          53.5667 %

[P]total cuckoo num:      2551098 
[P]total cuckoo path:     956453 
[P]total cp perset:       0.008402 / set
[P]total cp percuckoo:    0.374918 / cuckoo num

[P]cuckoo path / s:       2895.383 / s
[P]cp per set * s:        0.001883 / set * s

[P]break loop / s:        0 / s
[P]break / set :          0 %

[P]Throughput:            3077258.808 ops
[P]all request:           230528059 o

[P]GetThroughput:         1538966.252 ops
[P]SetThroughput:         1538292.555 ops

[P]Valid Entries:         191835.861 / s
[P]set success:           1537526.761 / s

[P]expire scan persec:    9117742.477 / s
[P]total expire scan:     386453734
[P]expire hit persec:     795020.533 / s
[P]total expire hit:      19553117

[P]expire hit rate:       8.719489 %
[P]total expire hit rate: 5.059627 %

[P]get found:             1042609.239 / s

----------------------------------

[INFO]Current Time:       79.08 s

[P]indexs Load Factor:    97.0919 %

[P]full bucket LFactor:   90.2179 %

[P]set request:           116861619 
[P]get request:           116063706 

[P]Get Hit Rate:          67.5100 %
[P]ACC Hit Rate:          53.7120 %

[P]total cuckoo num:      2551553 
[P]total cuckoo path:     958850 
[P]total cp perset:       0.008335 / set
[P]total cp percuckoo:    0.375791 / cuckoo num

[P]cuckoo path / s:       3053.137 / s
[P]cp per set * s:        0.001984 / set * s

[P]break loop / s:        0 / s
[P]break / set :          0 %

[P]Throughput:            3053476.311 ops
[P]all request:           232925325 o

[P]GetThroughput:         1540646.044 ops
[P]SetThroughput:         1512830.267 ops

[P]Valid Entries:         183734.681 / s
[P]set success:           1538526.552 / s

[P]expire scan persec:    9145384.874 / s
[P]total expire scan:     393633721
[P]expire hit persec:     817030.803 / s
[P]total expire hit:      20194563

[P]expire hit rate:       8.933804 %
[P]total expire hit rate: 5.130293 %

[P]get found:             1040089.437 / s

----------------------------------

[INFO]Current Time:       79.87 s

[P]indexs Load Factor:    97.2583 %

[P]full bucket LFactor:   90.7020 %

[P]set request:           118049463 
[P]get request:           117273236 

[P]Get Hit Rate:          67.3499 %
[P]ACC Hit Rate:          53.8526 %

[P]total cuckoo num:      2552018 
[P]total cuckoo path:     961479 
[P]total cp perset:       0.008272 / set
[P]total cp percuckoo:    0.376752 / cuckoo num

[P]cuckoo path / s:       3344.214 / s
[P]cp per set * s:        0.002212 / set * s

[P]break loop / s:        0 / s
[P]break / set :          0 %

[P]Throughput:            3049574.228 ops
[P]all request:           235322699 o

[P]GetThroughput:         1538579.928 ops
[P]SetThroughput:         1510994.300 ops

[P]Valid Entries:         173812.606 / s
[P]set success:           1511641.772 / s

[P]expire scan persec:    9154703.852 / s
[P]total expire scan:     400830545
[P]expire hit persec:     827876.668 / s
[P]total expire hit:      20845385

[P]expire hit rate:       9.043183 %
[P]total expire hit rate: 5.200548 %

[P]get found:             1036231.731 / s

----------------------------------

[INFO]Current Time:       80.66 s

[P]indexs Load Factor:    97.4145 %

[P]full bucket LFactor:   91.1622 %

[P]set request:           119243465 
[P]get request:           118488164 

[P]Get Hit Rate:          67.0443 %
[P]ACC Hit Rate:          53.9879 %

[P]total cuckoo num:      2552487 
[P]total cuckoo path:     964186 
[P]total cp perset:       0.008210 / set
[P]total cp percuckoo:    0.377744 / cuckoo num

[P]cuckoo path / s:       3443.411 / s
[P]cp per set * s:        0.002229 / set * s

[P]break loop / s:        0 / s
[P]break / set :          0 %

[P]Throughput:            3064254.496 ops
[P]all request:           237731629 o

[P]GetThroughput:         1545436.599 ops
[P]SetThroughput:         1518817.897 ops

[P]Valid Entries:         166663.908 / s
[P]set success:           1544668.287 / s

[P]expire scan persec:    9234890.897 / s
[P]total expire scan:     408090453
[P]expire hit persec:     843944.888 / s
[P]total expire hit:      21508843

[P]expire hit rate:       9.138656 %
[P]total expire hit rate: 5.270607 %

[P]get found:             1036127.184 / s

----------------------------------

[INFO]Current Time:       81.43 s

[P]indexs Load Factor:    97.5636 %

[P]full bucket LFactor:   91.6064 %

[P]set request:           120456328 
[P]get request:           119660924 

[P]Get Hit Rate:          66.8791 %
[P]ACC Hit Rate:          54.1142 %

[P]total cuckoo num:      2552929 
[P]total cuckoo path:     966853 
[P]total cp perset:       0.008150 / set
[P]total cp percuckoo:    0.378723 / cuckoo num

[P]cuckoo path / s:       3430.384 / s
[P]cp per set * s:        0.002236 / set * s

[P]break loop / s:        0 / s
[P]break / set :          0 %

[P]Throughput:            3068467.822 ops
[P]all request:           240117252 o

[P]GetThroughput:         1508443.004 ops
[P]SetThroughput:         1560024.819 ops

[P]Valid Entries:         157100.539 / s
[P]set success:           1534166.384 / s

[P]expire scan persec:    9191684.502 / s
[P]total expire scan:     415236656
[P]expire hit persec:     831762.078 / s
[P]total expire hit:      22155508

[P]expire hit rate:       9.049071 %
[P]total expire hit rate: 5.335634 %

[P]get found:             1008832.676 / s

----------------------------------

[INFO]Current Time:       82.22 s

[P]indexs Load Factor:    97.6683 %

[P]full bucket LFactor:   91.9243 %

[P]set request:           121499827 
[P]get request:           120674833 

[P]Get Hit Rate:          65.1232 %
[P]ACC Hit Rate:          54.2067 %

[P]total cuckoo num:      2553306 
[P]total cuckoo path:     969008 
[P]total cp perset:       0.008099 / set
[P]total cp percuckoo:    0.379511 / cuckoo num

[P]cuckoo path / s:       2748.840 / s
[P]cp per set * s:        0.002143 / set * s

[P]break loop / s:        0 / s
[P]break / set :          0 %

[P]Throughput:            2624355.301 ops
[P]all request:           242174660 o

[P]GetThroughput:         1293305.683 ops
[P]SetThroughput:         1331049.618 ops

[P]Valid Entries:         139970.174 / s
[P]set success:           1282678.961 / s

[P]expire scan persec:    7851505.048 / s
[P]total expire scan:     421391977
[P]expire hit persec:     784276.616 / s
[P]total expire hit:      22770355

[P]expire hit rate:       9.988870 %
[P]total expire hit rate: 5.403604 %

[P]get found:             842242.065 / s

----------------------------------
[INFO]End rx_queue_1:1327608
[INFO]End rx_queue_2:1328329

[INFO]Current Time:       83.00 s

[P]indexs Load Factor:    97.6768 %

[P]full bucket LFactor:   91.9549 %

[P]set request:           121863933 
[P]get request:           121027725 

[P]Get Hit Rate:          66.9927 %
[P]ACC Hit Rate:          54.2440 %

[P]total cuckoo num:      2553476 
[P]total cuckoo path:     970127 
[P]total cp perset:       0.008084 / set
[P]total cp percuckoo:    0.379924 / cuckoo num

[P]cuckoo path / s:       1430.842 / s
[P]cp per set * s:        0.003105 / set * s

[P]break loop / s:        0 / s
[P]break / set :          0 %

[P]Throughput:            916810.357 ops
[P]all request:           242891658 o

[P]GetThroughput:         451235.625 ops
[P]SetThroughput:         465574.732 ops

[P]Valid Entries:         62898.225 / s
[P]set success:           460748.997 / s

[P]expire scan persec:    2710954.410 / s
[P]total expire scan:     423512098
[P]expire hit persec:     344121.955 / s
[P]total expire hit:      23039478

[P]expire hit rate:       12.693757 %
[P]total expire hit rate: 5.440099 %

[P]get found:             302295.083 / s

----------------------------------
[INFO]End rx_queue_0:1321541
[INFO]End rx_queue_3:929941
Finish the job......

Total Index Entries:      65320777

indexs Load Factor:     97.676774 %

log_0 Load Factor:      7.626493 %

log_1 Load Factor:      7.255469 %

log_2 Load Factor:      7.585343 %

log_3 Load Factor:      15.878754 %

Get Hit Rate:           54.244023%

Max Throughput:         3180430.77

Calc Load Factor:       97.676774%

set request:              34360040 | set_success:              34360040
set_fail:                        0 | set_key_duplicate:        10211562 | set_mica_evicted:                0
set_random:                      0 | set_cuckoo_evicted:         421548 | set_expire_evicted:        6348993

get request:              34360040
get_found:                19057110 | get_notfound:             15302930 | get_hit_ratio:          55.463003%

clean up:                        0 | test_notfound:                   0
move_to_head_performed:    4561831 | move_to_head_skipped:     10858996 | move_to_head_failed:       3636283


set request:              34517782 | set_success:              34517782
set_fail:                        0 | set_key_duplicate:        10123823 | set_mica_evicted:                0
set_random:                      0 | set_cuckoo_evicted:         444002 | set_expire_evicted:        6295229

get request:              34517782
get_found:                18736252 | get_notfound:             15781530 | get_hit_ratio:          54.280000%

clean up:                        0 | test_notfound:                   0
move_to_head_performed:    4461343 | move_to_head_skipped:     10581378 | move_to_head_failed:       3693531


set request:              34536528 | set_success:              34536528
set_fail:                        0 | set_key_duplicate:        10274845 | set_mica_evicted:                0
set_random:                      0 | set_cuckoo_evicted:         423781 | set_expire_evicted:        6222349

get request:              34536528
get_found:                18974431 | get_notfound:             15562097 | get_hit_ratio:          54.940181%

clean up:                        0 | test_notfound:                   0
move_to_head_performed:    4517068 | move_to_head_skipped:     10753014 | move_to_head_failed:       3704349


set request:              24178440 | set_success:              24178440
set_fail:                        0 | set_key_duplicate:         5913910 | set_mica_evicted:                0
set_random:                      0 | set_cuckoo_evicted:         273960 | set_expire_evicted:        4714922

get request:              24178440
get_found:                11143971 | get_notfound:             13034469 | get_hit_ratio:          46.090529%

clean up:                        0 | test_notfound:                   0
move_to_head_performed:    3201554 | move_to_head_skipped:      6783251 | move_to_head_failed:       1159166


[INFO] Everything works fine.
deleting piekv......
