EAL: Detected 44 lcore(s)
EAL: Detected 1 NUMA nodes
EAL: Multi-process socket /var/run/dpdk/rte/mp_socket
EAL: Selected IOVA mode 'PA'
EAL: No available hugepages reported in hugepages-1048576kB
[INFO] 单个Log Size为:1 GB
[INFO] 运行proto
[INFO] 运行cleanup
[INFO] 运行reload
[INFO] reload kv size 8
EAL: Probing VFIO support...
EAL: VFIO support initialized
EAL: PCI device 0000:03:00.0 on NUMA socket 0
EAL:   probe driver: 15b3:1017 net_mlx5
WEN: There are 1 device(s) available
starting port 0...
querying port 0...
port 0: 100 Gbps (full-duplex)
Adding UDP filter for each endpoint.
port_id/queue_id/udp_port = 0 0 0
Flow is created with src_port = 0, dst_port = 0
port_id/queue_id/udp_port = 0 1 1
Flow is created with src_port = 0, dst_port = 1
port_id/queue_id/udp_port = 0 2 2
Flow is created with src_port = 0, dst_port = 2
port_id/queue_id/udp_port = 0 3 3
Flow is created with src_port = 0, dst_port = 3
MEM: Initializing pages...
 == [STAT] Workers Start (4 threads in total) == 
trigger:80.000000 

[INFO]Current Time:       7.03 s

[P]indexs Load Factor:    0.0455 %

[P]full bucket LFactor:   0.0000 %

[P]set request:           37887 
[P]get request:           24484 

[P]Get Hit Rate:          45.0376 %
[P]ACC Hit Rate:          45.0376 %

[P]total cuckoo num:      0 
[P]total cuckoo path:     0 
[P]total cp perset:       0.000000 / set
[P]total cp percuckoo:    -nan / cuckoo num

[P]cuckoo path / s:       0 / s
[P]cp per set * s:        0 / set * s

[P]break loop / s:        0 / s
[P]break / set :          0 %

[P]Throughput:            91920.611 ops
[P]all request:           62371 o

[P]GetThroughput:         36083.825 ops
[P]SetThroughput:         55836.786 ops

[P]Valid Entries:         53856.037 / s
[P]set success:           55572.981 / s

[P]get found:             16251.280 / s

----------------------------------

[INFO]Current Time:       7.76 s

[P]indexs Load Factor:    0.1480 %

[P]full bucket LFactor:   0.0000 %

[P]set request:           139898 
[P]get request:           94624 

[P]Get Hit Rate:          53.8922 %
[P]ACC Hit Rate:          51.6011 %

[P]total cuckoo num:      0 
[P]total cuckoo path:     0 
[P]total cp perset:       0.000000 / set
[P]total cp percuckoo:    -nan / cuckoo num

[P]cuckoo path / s:       0 / s
[P]cp per set * s:        0 / set * s

[P]break loop / s:        0 / s
[P]break / set :          0 %

[P]Throughput:            235551.637 ops
[P]all request:           234522 o

[P]GetThroughput:         95971.512 ops
[P]SetThroughput:         139580.125 ops

[P]Valid Entries:         137742.518 / s
[P]set success:           140106.914 / s

[P]get found:             51721.174 / s

----------------------------------

[INFO]Current Time:       8.50 s

[P]indexs Load Factor:    1.4212 %

[P]full bucket LFactor:   0.0000 %

[P]set request:           1011083 
[P]get request:           713081 

[P]Get Hit Rate:          59.3086 %
[P]ACC Hit Rate:          58.2858 %

[P]total cuckoo num:      0 
[P]total cuckoo path:     0 
[P]total cp perset:       0.000000 / set
[P]total cp percuckoo:    -nan / cuckoo num

[P]cuckoo path / s:       0 / s
[P]cp per set * s:        0 / set * s

[P]break loop / s:        0 / s
[P]break / set :          0 %

[P]Throughput:            2001472.720 ops
[P]all request:           1724164 o

[P]GetThroughput:         830954.561 ops
[P]SetThroughput:         1170518.159 ops

[P]Valid Entries:         1182938.334 / s
[P]set success:           1111867.633 / s

[P]get found:             492827.264 / s

----------------------------------

[INFO]Current Time:       9.23 s

[P]indexs Load Factor:    3.6798 %

[P]full bucket LFactor:   0.0000 %

[P]set request:           3371351 
[P]get request:           2410608 

[P]Get Hit Rate:          66.7073 %
[P]ACC Hit Rate:          64.2162 %

[P]total cuckoo num:      0 
[P]total cuckoo path:     0 
[P]total cp perset:       0.000000 / set
[P]total cp percuckoo:    -nan / cuckoo num

[P]cuckoo path / s:       0 / s
[P]cp per set * s:        0 / set * s

[P]break loop / s:        0 / s
[P]break / set :          0 %

[P]Throughput:            5587133.225 ops
[P]all request:           5781959 o

[P]GetThroughput:         2337306.222 ops
[P]SetThroughput:         3249827.003 ops

[P]Valid Entries:         3319800.501 / s
[P]set success:           3268311.738 / s

[P]get found:             1559154.661 / s

----------------------------------

[INFO]Current Time:       10.01 s

[P]indexs Load Factor:    5.9959 %

[P]full bucket LFactor:   0.0003 %

[P]set request:           5808085 
[P]get request:           4291055 

[P]Get Hit Rate:          70.7869 %
[P]ACC Hit Rate:          67.0956 %

[P]total cuckoo num:      0 
[P]total cuckoo path:     0 
[P]total cp perset:       0.000000 / set
[P]total cp percuckoo:    -nan / cuckoo num

[P]cuckoo path / s:       0 / s
[P]cp per set * s:        0 / set * s

[P]break loop / s:        0 / s
[P]break / set :          0 %

[P]Throughput:            5538993.982 ops
[P]all request:           10099140 o

[P]GetThroughput:         2412635.610 ops
[P]SetThroughput:         3126358.371 ops

[P]Valid Entries:         3102101.751 / s
[P]set success:           2964079.195 / s

[P]get found:             1707829.780 / s

----------------------------------

[INFO]Current Time:       10.84 s

[P]indexs Load Factor:    8.3304 %

[P]full bucket LFactor:   0.0023 %

[P]set request:           8319941 
[P]get request:           6238755 

[P]Get Hit Rate:          75.7969 %
[P]ACC Hit Rate:          69.8121 %

[P]total cuckoo num:      0 
[P]total cuckoo path:     0 
[P]total cp perset:       0.000000 / set
[P]total cp percuckoo:    -nan / cuckoo num

[P]cuckoo path / s:       0 / s
[P]cp per set * s:        0 / set * s

[P]break loop / s:        0 / s
[P]break / set :          0 %

[P]Throughput:            5349409.217 ops
[P]all request:           14558696 o

[P]GetThroughput:         2336341.181 ops
[P]SetThroughput:         3013068.036 ops

[P]Valid Entries:         3027065.451 / s
[P]set success:           2995305.269 / s

[P]get found:             1770873.923 / s

----------------------------------

[INFO]Current Time:       11.71 s

[P]indexs Load Factor:    10.7054 %

[P]full bucket LFactor:   0.0112 %

[P]set request:           10921570 
[P]get request:           8289871 

[P]Get Hit Rate:          77.1501 %
[P]ACC Hit Rate:          71.6277 %

[P]total cuckoo num:      0 
[P]total cuckoo path:     0 
[P]total cp perset:       0.000000 / set
[P]total cp percuckoo:    -nan / cuckoo num

[P]cuckoo path / s:       0 / s
[P]cp per set * s:        0 / set * s

[P]break loop / s:        0 / s
[P]break / set :          0 %

[P]Throughput:            5379752.960 ops
[P]all request:           19211441 o

[P]GetThroughput:         2371610.173 ops
[P]SetThroughput:         3008142.788 ops

[P]Valid Entries:         3004700.621 / s
[P]set success:           3065295.245 / s

[P]get found:             1829699.568 / s

----------------------------------

[INFO]Current Time:       12.60 s

[P]indexs Load Factor:    13.0771 %

[P]full bucket LFactor:   0.0370 %

[P]set request:           13516996 
[P]get request:           10397955 

[P]Get Hit Rate:          78.0718 %
[P]ACC Hit Rate:          72.9342 %

[P]total cuckoo num:      0 
[P]total cuckoo path:     0 
[P]total cp perset:       0.000000 / set
[P]total cp percuckoo:    -nan / cuckoo num

[P]cuckoo path / s:       0 / s
[P]cp per set * s:        0 / set * s

[P]break loop / s:        0 / s
[P]break / set :          0 %

[P]Throughput:            5274052.178 ops
[P]all request:           23914951 o

[P]GetThroughput:         2363797.464 ops
[P]SetThroughput:         2910254.714 ops

[P]Valid Entries:         2895812.352 / s
[P]set success:           2865184.005 / s

[P]get found:             1845459.089 / s

----------------------------------

[INFO]Current Time:       13.50 s

[P]indexs Load Factor:    15.4499 %

[P]full bucket LFactor:   0.0967 %

[P]set request:           16174365 
[P]get request:           12515547 

[P]Get Hit Rate:          81.0303 %
[P]ACC Hit Rate:          74.3040 %

[P]total cuckoo num:      0 
[P]total cuckoo path:     0 
[P]total cp perset:       0.000000 / set
[P]total cp percuckoo:    -nan / cuckoo num

[P]cuckoo path / s:       0 / s
[P]cp per set * s:        0 / set * s

[P]break loop / s:        0 / s
[P]break / set :          0 %

[P]Throughput:            5268942.710 ops
[P]all request:           28689914 o

[P]GetThroughput:         2336661.233 ops
[P]SetThroughput:         2932279.270 ops

[P]Valid Entries:         2866692.287 / s
[P]set success:           2795362.940 / s

[P]get found:             1893403.441 / s

----------------------------------

[INFO]Current Time:       14.42 s

[P]indexs Load Factor:    17.8122 %

[P]full bucket LFactor:   0.2081 %

[P]set request:           18824979 
[P]get request:           14681611 

[P]Get Hit Rate:          83.9503 %
[P]ACC Hit Rate:          75.7272 %

[P]total cuckoo num:      7 
[P]total cuckoo path:     0 
[P]total cp perset:       0.000000 / set
[P]total cp percuckoo:    0.000000 / cuckoo num

[P]cuckoo path / s:       0 / s
[P]cp per set * s:        0 / set * s

[P]break loop / s:        0 / s
[P]break / set :          0 %

[P]Throughput:            5236332.243 ops
[P]all request:           33506591 o

[P]GetThroughput:         2354783.342 ops
[P]SetThroughput:         2881549.988 ops

[P]Valid Entries:         2853603.254 / s
[P]set success:           2883639.443 / s

[P]get found:             1976847.434 / s

----------------------------------

[INFO]Current Time:       15.36 s

[P]indexs Load Factor:    20.1867 %

[P]full bucket LFactor:   0.4032 %

[P]set request:           21367267 
[P]get request:           16836794 

[P]Get Hit Rate:          82.4719 %
[P]ACC Hit Rate:          76.5905 %

[P]total cuckoo num:      29 
[P]total cuckoo path:     0 
[P]total cp perset:       0.000000 / set
[P]total cp percuckoo:    0.000000 / cuckoo num

[P]cuckoo path / s:       0 / s
[P]cp per set * s:        0 / set * s

[P]break loop / s:        0 / s
[P]break / set :          0 %

[P]Throughput:            5041767.468 ops
[P]all request:           38204061 o

[P]GetThroughput:         2313145.488 ops
[P]SetThroughput:         2728623.053 ops

[P]Valid Entries:         2771518.330 / s
[P]set success:           2761550.647 / s

[P]get found:             1907694.638 / s

----------------------------------

[INFO]Current Time:       16.30 s

[P]indexs Load Factor:    22.5618 %

[P]full bucket LFactor:   0.6970 %

[P]set request:           23809183 
[P]get request:           19069753 

[P]Get Hit Rate:          85.0225 %
[P]ACC Hit Rate:          77.5779 %

[P]total cuckoo num:      100 
[P]total cuckoo path:     1 
[P]total cp perset:       0.000000 / set
[P]total cp percuckoo:    0.010000 / cuckoo num

[P]cuckoo path / s:       1.064 / s
[P]cp per set * s:        0.000000 / set * s

[P]break loop / s:        0 / s
[P]break / set :          0 %

[P]Throughput:            4972413.367 ops
[P]all request:           42878936 o

[P]GetThroughput:         2375078.516 ops
[P]SetThroughput:         2597334.850 ops

[P]Valid Entries:         2772358.908 / s
[P]set success:           2851789.884 / s

[P]get found:             2019351.593 / s

----------------------------------

[INFO]Current Time:       17.25 s

[P]indexs Load Factor:    24.9008 %

[P]full bucket LFactor:   1.1232 %

[P]set request:           26421706 
[P]get request:           21324818 

[P]Get Hit Rate:          85.9832 %
[P]ACC Hit Rate:          78.4667 %

[P]total cuckoo num:      285 
[P]total cuckoo path:     6 
[P]total cp perset:       0.000000 / set
[P]total cp percuckoo:    0.021053 / cuckoo num

[P]cuckoo path / s:       5.261 / s
[P]cp per set * s:        0.000002 / set * s

[P]break loop / s:        0 / s
[P]break / set :          0 %

[P]Throughput:            5121383.360 ops
[P]all request:           47746524 o

[P]GetThroughput:         2372643.775 ops
[P]SetThroughput:         2748739.585 ops

[P]Valid Entries:         2747586.440 / s
[P]set success:           2528288.929 / s

[P]get found:             2040076.043 / s

----------------------------------

[INFO]Current Time:       18.20 s

[P]indexs Load Factor:    27.2651 %

[P]full bucket LFactor:   1.6947 %

[P]set request:           28996070 
[P]get request:           23562859 

[P]Get Hit Rate:          84.2204 %
[P]ACC Hit Rate:          79.0132 %

[P]total cuckoo num:      793 
[P]total cuckoo path:     19 
[P]total cp perset:       0.000001 / set
[P]total cp percuckoo:    0.023960 / cuckoo num

[P]cuckoo path / s:       13.609 / s
[P]cp per set * s:        0.000005 / set * s

[P]break loop / s:        0 / s
[P]break / set :          0 %

[P]Throughput:            5037848.600 ops
[P]all request:           52558929 o

[P]GetThroughput:         2342885.048 ops
[P]SetThroughput:         2694963.552 ops

[P]Valid Entries:         2648668.866 / s
[P]set success:           2771617.829 / s

[P]get found:             1973188.119 / s

----------------------------------

[INFO]Current Time:       19.16 s

[P]indexs Load Factor:    29.6391 %

[P]full bucket LFactor:   2.4307 %

[P]set request:           31533654 
[P]get request:           25843336 

[P]Get Hit Rate:          87.6988 %
[P]ACC Hit Rate:          79.7797 %

[P]total cuckoo num:      1781 
[P]total cuckoo path:     41 
[P]total cp perset:       0.000001 / set
[P]total cp percuckoo:    0.023021 / cuckoo num

[P]cuckoo path / s:       22.916 / s
[P]cp per set * s:        0.000008 / set * s

[P]break loop / s:        0 / s
[P]break / set :          0 %

[P]Throughput:            5018584.009 ops
[P]all request:           57376990 o

[P]GetThroughput:         2375388.233 ops
[P]SetThroughput:         2643195.776 ops

[P]Valid Entries:         2708045.935 / s
[P]set success:           2705451.262 / s

[P]get found:             2083187.014 / s

----------------------------------

[INFO]Current Time:       20.13 s

[P]indexs Load Factor:    31.9800 %

[P]full bucket LFactor:   3.3394 %

[P]set request:           34183737 
[P]get request:           28136917 

[P]Get Hit Rate:          87.0614 %
[P]ACC Hit Rate:          80.3732 %

[P]total cuckoo num:      3781 
[P]total cuckoo path:     83 
[P]total cp perset:       0.000002 / set
[P]total cp percuckoo:    0.021952 / cuckoo num

[P]cuckoo path / s:       43.512 / s
[P]cp per set * s:        0.000016 / set * s

[P]break loop / s:        0 / s
[P]break / set :          0 %

[P]Throughput:            5121582.753 ops
[P]all request:           62320654 o

[P]GetThroughput:         2376125.257 ops
[P]SetThroughput:         2745457.496 ops

[P]Valid Entries:         2691563.263 / s
[P]set success:           2735365.925 / s

[P]get found:             2068688.195 / s

----------------------------------

[INFO]Current Time:       21.10 s

[P]indexs Load Factor:    34.3060 %

[P]full bucket LFactor:   4.4088 %

[P]set request:           36793086 
[P]get request:           30338558 

[P]Get Hit Rate:          87.6574 %
[P]ACC Hit Rate:          80.9018 %

[P]total cuckoo num:      7521 
[P]total cuckoo path:     184 
[P]total cp perset:       0.000005 / set
[P]total cp percuckoo:    0.024465 / cuckoo num

[P]cuckoo path / s:       104.264 / s
[P]cp per set * s:        0.000040 / set * s

[P]break loop / s:        0 / s
[P]break / set :          0 %

[P]Throughput:            4966449.685 ops
[P]all request:           67131644 o

[P]GetThroughput:         2272783.617 ops
[P]SetThroughput:         2693666.069 ops

[P]Valid Entries:         2598756.202 / s
[P]set success:           2599683.220 / s

[P]get found:             1992263.792 / s

----------------------------------

[INFO]Current Time:       22.07 s

[P]indexs Load Factor:    36.6574 %

[P]full bucket LFactor:   5.6842 %

[P]set request:           39485957 
[P]get request:           32655500 

[P]Get Hit Rate:          88.4101 %
[P]ACC Hit Rate:          81.4346 %

[P]total cuckoo num:      13971 
[P]total cuckoo path:     428 
[P]total cp perset:       0.000011 / set
[P]total cp percuckoo:    0.030635 / cuckoo num

[P]cuckoo path / s:       250.936 / s
[P]cp per set * s:        0.000092 / set * s

[P]break loop / s:        0 / s
[P]break / set :          0 %

[P]Throughput:            5152231.030 ops
[P]all request:           72141457 o

[P]GetThroughput:         2382807.595 ops
[P]SetThroughput:         2769423.435 ops

[P]Valid Entries:         2667261.473 / s
[P]set success:           2716979.787 / s

[P]get found:             2106642.846 / s

----------------------------------

[INFO]Current Time:       23.04 s

[P]indexs Load Factor:    38.9354 %

[P]full bucket LFactor:   7.0895 %

[P]set request:           42043077 
[P]get request:           34899030 

[P]Get Hit Rate:          86.1405 %
[P]ACC Hit Rate:          81.7371 %

[P]total cuckoo num:      24076 
[P]total cuckoo path:     943 
[P]total cp perset:       0.000023 / set
[P]total cp percuckoo:    0.039168 / cuckoo num

[P]cuckoo path / s:       529.150 / s
[P]cp per set * s:        0.000202 / set * s

[P]break loop / s:        0 / s
[P]break / set :          0 %

[P]Throughput:            4932551.497 ops
[P]all request:           76942107 o

[P]GetThroughput:         2305172.687 ops
[P]SetThroughput:         2627378.810 ops

[P]Valid Entries:         2567929.063 / s
[P]set success:           2614537.418 / s

[P]get found:             1985686.292 / s

----------------------------------

[INFO]Current Time:       24.01 s

[P]indexs Load Factor:    41.2502 %

[P]full bucket LFactor:   8.6935 %

[P]set request:           44646316 
[P]get request:           37191053 

[P]Get Hit Rate:          89.3374 %
[P]ACC Hit Rate:          82.2055 %

[P]total cuckoo num:      39438 
[P]total cuckoo path:     1908 
[P]total cp perset:       0.000043 / set
[P]total cp percuckoo:    0.048380 / cuckoo num

[P]cuckoo path / s:       991.039 / s
[P]cp per set * s:        0.000373 / set * s

[P]break loop / s:        0 / s
[P]break / set :          0 %

[P]Throughput:            5027355.357 ops
[P]all request:           81837369 o

[P]GetThroughput:         2353870.765 ops
[P]SetThroughput:         2673484.592 ops

[P]Valid Entries:         2610769.765 / s
[P]set success:           2659585.392 / s

[P]get found:             2102887.192 / s

----------------------------------

[INFO]Current Time:       24.99 s

[P]indexs Load Factor:    43.5291 %

[P]full bucket LFactor:   10.4484 %

[P]set request:           47269672 
[P]get request:           39508962 

[P]Get Hit Rate:          88.4096 %
[P]ACC Hit Rate:          82.5695 %

[P]total cuckoo num:      62605 
[P]total cuckoo path:     3656 
[P]total cp perset:       0.000078 / set
[P]total cp percuckoo:    0.058398 / cuckoo num

[P]cuckoo path / s:       1789.244 / s
[P]cp per set * s:        0.000680 / set * s

[P]break loop / s:        0 / s
[P]break / set :          0 %

[P]Throughput:            5057853.705 ops
[P]all request:           86778634 o

[P]GetThroughput:         2372599.855 ops
[P]SetThroughput:         2685253.850 ops

[P]Valid Entries:         2617393.601 / s
[P]set success:           2629431.078 / s

[P]get found:             2097606.988 / s

----------------------------------

[INFO]Current Time:       25.96 s

[P]indexs Load Factor:    45.7945 %

[P]full bucket LFactor:   12.3256 %

[P]set request:           49799144 
[P]get request:           41716329 

[P]Get Hit Rate:          91.1954 %
[P]ACC Hit Rate:          83.0259 %

[P]total cuckoo num:      94089 
[P]total cuckoo path:     6549 
[P]total cp perset:       0.000132 / set
[P]total cp percuckoo:    0.069604 / cuckoo num

[P]cuckoo path / s:       2978.952 / s
[P]cp per set * s:        0.001136 / set * s

[P]break loop / s:        0 / s
[P]break / set :          0 %

[P]Throughput:            4877571.269 ops
[P]all request:           91515473 o

[P]GetThroughput:         2272948.238 ops
[P]SetThroughput:         2604623.031 ops

[P]Valid Entries:         2508103.149 / s
[P]set success:           2621234.315 / s

[P]get found:             2072825.097 / s

----------------------------------

[INFO]Current Time:       26.94 s

[P]indexs Load Factor:    48.0437 %

[P]full bucket LFactor:   14.3457 %

[P]set request:           52386974 
[P]get request:           43969305 

[P]Get Hit Rate:          90.7217 %
[P]ACC Hit Rate:          83.4202 %

[P]total cuckoo num:      138234 
[P]total cuckoo path:     11601 
[P]total cp perset:       0.000223 / set
[P]total cp percuckoo:    0.083923 / cuckoo num

[P]cuckoo path / s:       5188.089 / s
[P]cp per set * s:        0.001980 / set * s

[P]break loop / s:        0 / s
[P]break / set :          0 %

[P]Throughput:            4971205.954 ops
[P]all request:           96356279 o

[P]GetThroughput:         2313665.887 ops
[P]SetThroughput:         2657540.068 ops

[P]Valid Entries:         2536292.620 / s
[P]set success:           2619930.530 / s

[P]get found:             2098996.893 / s

----------------------------------

[INFO]Current Time:       27.92 s

[P]indexs Load Factor:    50.2324 %

[P]full bucket LFactor:   16.4289 %

[P]set request:           54894667 
[P]get request:           46141469 

[P]Get Hit Rate:          89.8551 %
[P]ACC Hit Rate:          83.7232 %

[P]total cuckoo num:      196184 
[P]total cuckoo path:     19976 
[P]total cp perset:       0.000367 / set
[P]total cp percuckoo:    0.101823 / cuckoo num

[P]cuckoo path / s:       8540.881 / s
[P]cp per set * s:        0.003431 / set * s

[P]break loop / s:        0 / s
[P]break / set :          0 %

[P]Throughput:            4772549.720 ops
[P]all request:           101036136 o

[P]GetThroughput:         2215187.492 ops
[P]SetThroughput:         2557362.228 ops

[P]Valid Entries:         2446367.482 / s
[P]set success:           2489433.921 / s

[P]get found:             1990458.799 / s

----------------------------------

[INFO]Current Time:       28.89 s

[P]indexs Load Factor:    52.3487 %

[P]full bucket LFactor:   18.5732 %

[P]set request:           57333185 
[P]get request:           48213492 

[P]Get Hit Rate:          91.6748 %
[P]ACC Hit Rate:          84.0649 %

[P]total cuckoo num:      270329 
[P]total cuckoo path:     32691 
[P]total cp perset:       0.000574 / set
[P]total cp percuckoo:    0.120930 / cuckoo num

[P]cuckoo path / s:       13070.733 / s
[P]cp per set * s:        0.005210 / set * s

[P]break loop / s:        0 / s
[P]break / set :          0 %

[P]Throughput:            4636734.161 ops
[P]all request:           105546677 o

[P]GetThroughput:         2129992.794 ops
[P]SetThroughput:         2506741.367 ops

[P]Valid Entries:         2435190.029 / s
[P]set success:           2508844.609 / s

[P]get found:             1952665.666 / s

----------------------------------

[INFO]Current Time:       29.86 s

[P]indexs Load Factor:    54.4434 %

[P]full bucket LFactor:   20.7817 %

[P]set request:           59698781 
[P]get request:           50275668 

[P]Get Hit Rate:          88.3082 %
[P]ACC Hit Rate:          84.2389 %

[P]total cuckoo num:      362190 
[P]total cuckoo path:     50336 
[P]total cp perset:       0.000849 / set
[P]total cp percuckoo:    0.138977 / cuckoo num

[P]cuckoo path / s:       18261.149 / s
[P]cp per set * s:        0.007453 / set * s

[P]break loop / s:        0 / s
[P]break / set :          0 %

[P]Throughput:            4582387.318 ops
[P]all request:           109974450 o

[P]GetThroughput:         2134185.549 ops
[P]SetThroughput:         2448200.734 ops

[P]Valid Entries:         2380965.138 / s
[P]set success:           2450303.690 / s

[P]get found:             1884660.319 / s

----------------------------------

[INFO]Current Time:       30.82 s

[P]indexs Load Factor:    56.4969 %

[P]full bucket LFactor:   23.0463 %

[P]set request:           62028967 
[P]get request:           52300543 

[P]Get Hit Rate:          86.4189 %
[P]ACC Hit Rate:          84.3233 %

[P]total cuckoo num:      474871 
[P]total cuckoo path:     74949 
[P]total cp perset:       0.001218 / set
[P]total cp percuckoo:    0.157830 / cuckoo num

[P]cuckoo path / s:       25550.130 / s
[P]cp per set * s:        0.011035 / set * s

[P]break loop / s:        0 / s
[P]break / set :          0 %

[P]Throughput:            4520878.110 ops
[P]all request:           114329511 o

[P]GetThroughput:         2101971.261 ops
[P]SetThroughput:         2418906.849 ops

[P]Valid Entries:         2356921.340 / s
[P]set success:           2315338.148 / s

[P]get found:             1816499.714 / s

----------------------------------

[INFO]Current Time:       31.78 s

[P]indexs Load Factor:    58.4689 %

[P]full bucket LFactor:   25.2991 %

[P]set request:           64328098 
[P]get request:           54235681 

[P]Get Hit Rate:          88.5190 %
[P]ACC Hit Rate:          84.4730 %

[P]total cuckoo num:      608086 
[P]total cuckoo path:     107563 
[P]total cp perset:       0.001688 / set
[P]total cp percuckoo:    0.176888 / cuckoo num

[P]cuckoo path / s:       33915.967 / s
[P]cp per set * s:        0.014803 / set * s

[P]break loop / s:        0 / s
[P]break / set :          0 %

[P]Throughput:            4403302.019 ops
[P]all request:           118563779 o

[P]GetThroughput:         2012389.641 ops
[P]SetThroughput:         2390913.417 ops

[P]Valid Entries:         2264441.408 / s
[P]set success:           2291187.123 / s

[P]get found:             1781346.348 / s

----------------------------------

[INFO]Current Time:       32.74 s

[P]indexs Load Factor:    60.2706 %

[P]full bucket LFactor:   27.4317 %

[P]set request:           66478962 
[P]get request:           56067930 

[P]Get Hit Rate:          86.6758 %
[P]ACC Hit Rate:          84.5450 %

[P]total cuckoo num:      756431 
[P]total cuckoo path:     148272 
[P]total cp perset:       0.002252 / set
[P]total cp percuckoo:    0.196015 / cuckoo num

[P]cuckoo path / s:       42415.941 / s
[P]cp per set * s:        0.019159 / set * s

[P]break loop / s:        0 / s
[P]break / set :          0 %

[P]Throughput:            4150126.155 ops
[P]all request:           122546892 o

[P]GetThroughput:         1909075.765 ops
[P]SetThroughput:         2241050.390 ops

[P]Valid Entries:         2156461.278 / s
[P]set success:           2213837.254 / s

[P]get found:             1654706.193 / s

----------------------------------

[INFO]Current Time:       33.69 s

[P]indexs Load Factor:    62.0616 %

[P]full bucket LFactor:   29.5710 %

[P]set request:           68464332 
[P]get request:           57807427 

[P]Get Hit Rate:          84.9072 %
[P]ACC Hit Rate:          84.5559 %

[P]total cuckoo num:      920775 
[P]total cuckoo path:     198535 
[P]total cp perset:       0.002925 / set
[P]total cp percuckoo:    0.215617 / cuckoo num

[P]cuckoo path / s:       52741.376 / s
[P]cp per set * s:        0.024875 / set * s

[P]break loop / s:        0 / s
[P]break / set :          0 %

[P]Throughput:            3908533.319 ops
[P]all request:           126271759 o

[P]GetThroughput:         1825268.387 ops
[P]SetThroughput:         2083264.931 ops

[P]Valid Entries:         2067094.043 / s
[P]set success:           2120275.079 / s

[P]get found:             1549784.074 / s

----------------------------------

[INFO]Current Time:       34.64 s

[P]indexs Load Factor:    63.7007 %

[P]full bucket LFactor:   31.6146 %

[P]set request:           70412115 
[P]get request:           59436833 

[P]Get Hit Rate:          88.6099 %
[P]ACC Hit Rate:          84.6671 %

[P]total cuckoo num:      1105603 
[P]total cuckoo path:     260522 
[P]total cp perset:       0.003732 / set
[P]total cp percuckoo:    0.235638 / cuckoo num

[P]cuckoo path / s:       65492.962 / s
[P]cp per set * s:        0.032171 / set * s

[P]break loop / s:        0 / s
[P]break / set :          0 %

[P]Throughput:            3779513.482 ops
[P]all request:           129848948 o

[P]GetThroughput:         1721564.598 ops
[P]SetThroughput:         2057948.883 ops

[P]Valid Entries:         2016634.232 / s
[P]set success:           2035747.396 / s

[P]get found:             1525476.640 / s

----------------------------------

[INFO]Current Time:       35.58 s

[P]indexs Load Factor:    65.3014 %

[P]full bucket LFactor:   33.6155 %

[P]set request:           72217703 
[P]get request:           60946425 

[P]Get Hit Rate:          88.2546 %
[P]ACC Hit Rate:          84.7559 %

[P]total cuckoo num:      1299806 
[P]total cuckoo path:     331945 
[P]total cp perset:       0.004637 / set
[P]total cp percuckoo:    0.255380 / cuckoo num

[P]cuckoo path / s:       76390.519 / s
[P]cp per set * s:        0.039957 / set * s

[P]break loop / s:        0 / s
[P]break / set :          0 %

[P]Throughput:            3545753.061 ops
[P]all request:           133164128 o

[P]GetThroughput:         1614585.167 ops
[P]SetThroughput:         1931167.893 ops

[P]Valid Entries:         1894737.927 / s
[P]set success:           1911813.304 / s

[P]get found:             1424945.273 / s

----------------------------------

[INFO]Current Time:       36.51 s

[P]indexs Load Factor:    66.7875 %

[P]full bucket LFactor:   35.5545 %

[P]set request:           74055479 
[P]get request:           62481906 

[P]Get Hit Rate:          85.2357 %
[P]ACC Hit Rate:          84.7677 %

[P]total cuckoo num:      1519352 
[P]total cuckoo path:     420200 
[P]total cp perset:       0.005724 / set
[P]total cp percuckoo:    0.276565 / cuckoo num

[P]cuckoo path / s:       94127.536 / s
[P]cp per set * s:        0.048503 / set * s

[P]break loop / s:        0 / s
[P]break / set :          0 %

[P]Throughput:            3597715.350 ops
[P]all request:           136537385 o

[P]GetThroughput:         1637652.738 ops
[P]SetThroughput:         1960062.612 ops

[P]Valid Entries:         1894889.519 / s
[P]set success:           1940671.838 / s

[P]get found:             1395864.798 / s

----------------------------------

[INFO]Current Time:       37.44 s

[P]indexs Load Factor:    68.2251 %

[P]full bucket LFactor:   37.4071 %

[P]set request:           75664352 
[P]get request:           63846495 

[P]Get Hit Rate:          84.9694 %
[P]ACC Hit Rate:          84.7720 %

[P]total cuckoo num:      1733024 
[P]total cuckoo path:     513289 
[P]total cp perset:       0.006844 / set
[P]total cp percuckoo:    0.296181 / cuckoo num

[P]cuckoo path / s:       100383.251 / s
[P]cp per set * s:        0.058382 / set * s

[P]break loop / s:        0 / s
[P]break / set :          0 %

[P]Throughput:            3206455.990 ops
[P]all request:           139510847 o

[P]GetThroughput:         1471515.215 ops
[P]SetThroughput:         1734940.775 ops

[P]Valid Entries:         1654281.767 / s
[P]set success:           1719409.188 / s

[P]get found:             1250337.556 / s

----------------------------------

[INFO]Current Time:       38.37 s

[P]indexs Load Factor:    69.5638 %

[P]full bucket LFactor:   39.1870 %

[P]set request:           77260543 
[P]get request:           65198191 

[P]Get Hit Rate:          84.7222 %
[P]ACC Hit Rate:          84.7710 %

[P]total cuckoo num:      1965762 
[P]total cuckoo path:     621862 
[P]total cp perset:       0.008120 / set
[P]total cp percuckoo:    0.316347 / cuckoo num

[P]cuckoo path / s:       116410.310 / s
[P]cp per set * s:        0.068636 / set * s

[P]break loop / s:        0 / s
[P]break / set :          0 %

[P]Throughput:            3160679.348 ops
[P]all request:           142458734 o

[P]GetThroughput:         1449267.774 ops
[P]SetThroughput:         1711411.573 ops

[P]Valid Entries:         1657667.243 / s
[P]set success:           1696051.455 / s

[P]get found:             1227851.983 / s

----------------------------------

[INFO]Current Time:       39.30 s

[P]indexs Load Factor:    70.8600 %

[P]full bucket LFactor:   40.9366 %

[P]set request:           78805593 
[P]get request:           66506425 

[P]Get Hit Rate:          84.4842 %
[P]ACC Hit Rate:          84.7653 %

[P]total cuckoo num:      2212245 
[P]total cuckoo path:     745673 
[P]total cp perset:       0.009552 / set
[P]total cp percuckoo:    0.337066 / cuckoo num

[P]cuckoo path / s:       134221.639 / s
[P]cp per set * s:        0.083421 / set * s

[P]break loop / s:        0 / s
[P]break / set :          0 %

[P]Throughput:            3093202.188 ops
[P]all request:           145312018 o

[P]GetThroughput:         1418236.765 ops
[P]SetThroughput:         1674965.422 ops

[P]Valid Entries:         1623471.388 / s
[P]set success:           1608958.743 / s

[P]get found:             1198185.954 / s

----------------------------------

[INFO]Current Time:       40.22 s

[P]indexs Load Factor:    72.1060 %

[P]full bucket LFactor:   42.6426 %

[P]set request:           80263844 
[P]get request:           67759479 

[P]Get Hit Rate:          84.3116 %
[P]ACC Hit Rate:          84.7569 %

[P]total cuckoo num:      2469544 
[P]total cuckoo path:     885171 
[P]total cp perset:       0.011129 / set
[P]total cp percuckoo:    0.358435 / cuckoo num

[P]cuckoo path / s:       151196.690 / s
[P]cp per set * s:        0.094951 / set * s

[P]break loop / s:        0 / s
[P]break / set :          0 %

[P]Throughput:            2938682.571 ops
[P]all request:           148023323 o

[P]GetThroughput:         1358138.590 ops
[P]SetThroughput:         1580543.981 ops

[P]Valid Entries:         1557531.406 / s
[P]set success:           1592372.175 / s

[P]get found:             1145068.510 / s

----------------------------------

[INFO]Current Time:       41.13 s

[P]indexs Load Factor:    73.2823 %

[P]full bucket LFactor:   44.2862 %

[P]set request:           81673039 
[P]get request:           68951041 

[P]Get Hit Rate:          84.1001 %
[P]ACC Hit Rate:          84.7456 %

[P]total cuckoo num:      2734904 
[P]total cuckoo path:     1038722 
[P]total cp perset:       0.012834 / set
[P]total cp percuckoo:    0.379802 / cuckoo num

[P]cuckoo path / s:       168960.543 / s
[P]cp per set * s:        0.109804 / set * s

[P]break loop / s:        0 / s
[P]break / set :          0 %

[P]Throughput:            2861754.822 ops
[P]all request:           150624080 o

[P]GetThroughput:         1311140.679 ops
[P]SetThroughput:         1550614.143 ops

[P]Valid Entries:         1505261.930 / s
[P]set success:           1538753.421 / s

[P]get found:             1102670.806 / s

----------------------------------

[INFO]Current Time:       42.04 s

[P]indexs Load Factor:    74.3724 %

[P]full bucket LFactor:   45.8294 %

[P]set request:           82999690 
[P]get request:           70055330 

[P]Get Hit Rate:          85.3134 %
[P]ACC Hit Rate:          84.7545 %

[P]total cuckoo num:      3002459 
[P]total cuckoo path:     1202996 
[P]total cp perset:       0.014626 / set
[P]total cp percuckoo:    0.400670 / cuckoo num

[P]cuckoo path / s:       180236.870 / s
[P]cp per set * s:        0.124782 / set * s

[P]break loop / s:        0 / s
[P]break / set :          0 %

[P]Throughput:            2667159.852 ops
[P]all request:           153055020 o

[P]GetThroughput:         1211595.221 ops
[P]SetThroughput:         1455564.632 ops

[P]Valid Entries:         1413929.140 / s
[P]set success:           1444411.876 / s

[P]get found:             1033652.538 / s

----------------------------------

[INFO]Current Time:       42.94 s

[P]indexs Load Factor:    75.4352 %

[P]full bucket LFactor:   47.3482 %

[P]set request:           84199537 
[P]get request:           71085625 

[P]Get Hit Rate:          83.7702 %
[P]ACC Hit Rate:          84.7403 %

[P]total cuckoo num:      3265920 
[P]total cuckoo path:     1376440 
[P]total cp perset:       0.016492 / set
[P]total cp percuckoo:    0.421456 / cuckoo num

[P]cuckoo path / s:       191928.829 / s
[P]cp per set * s:        0.143159 / set * s

[P]break loop / s:        0 / s
[P]break / set :          0 %

[P]Throughput:            2467819.836 ops
[P]all request:           155285162 o

[P]GetThroughput:         1140098.899 ops
[P]SetThroughput:         1327720.937 ops

[P]Valid Entries:         1312659.342 / s
[P]set success:           1340665.654 / s

[P]get found:             955062.926 / s

----------------------------------

[INFO]Current Time:       43.85 s

[P]indexs Load Factor:    76.4430 %

[P]full bucket LFactor:   48.8189 %

[P]set request:           85411140 
[P]get request:           72109837 

[P]Get Hit Rate:          83.6628 %
[P]ACC Hit Rate:          84.7250 %

[P]total cuckoo num:      3544501 
[P]total cuckoo path:     1568156 
[P]total cp perset:       0.018526 / set
[P]total cp percuckoo:    0.442419 / cuckoo num

[P]cuckoo path / s:       211281.051 / s
[P]cp per set * s:        0.161854 / set * s

[P]break loop / s:        0 / s
[P]break / set :          0 %

[P]Throughput:            2463984.972 ops
[P]all request:           157520977 o

[P]GetThroughput:         1128735.149 ops
[P]SetThroughput:         1335249.824 ops

[P]Valid Entries:         1298754.261 / s
[P]set success:           1305376.493 / s

[P]get found:             944330.948 / s

----------------------------------

[INFO]Current Time:       44.75 s

[P]indexs Load Factor:    77.3964 %

[P]full bucket LFactor:   50.2235 %

[P]set request:           86545522 
[P]get request:           73068620 

[P]Get Hit Rate:          83.5538 %
[P]ACC Hit Rate:          84.7096 %

[P]total cuckoo num:      3821443 
[P]total cuckoo path:     1769711 
[P]total cp perset:       0.020633 / set
[P]total cp percuckoo:    0.463100 / cuckoo num

[P]cuckoo path / s:       222715.413 / s
[P]cp per set * s:        0.178862 / set * s

[P]break loop / s:        0 / s
[P]break / set :          0 %

[P]Throughput:            2312917.605 ops
[P]all request:           159614142 o

[P]GetThroughput:         1059441.602 ops
[P]SetThroughput:         1253476.003 ops

[P]Valid Entries:         1219975.044 / s
[P]set success:           1245183.085 / s

[P]get found:             885204.126 / s

----------------------------------

[INFO]Current Time:       45.66 s

[P]indexs Load Factor:    78.3119 %

[P]full bucket LFactor:   51.5948 %

[P]set request:           87644679 
[P]get request:           73997383 

[P]Get Hit Rate:          83.4341 %
[P]ACC Hit Rate:          84.6936 %

[P]total cuckoo num:      4105189 
[P]total cuckoo path:     1988094 
[P]total cp perset:       0.022891 / set
[P]total cp percuckoo:    0.484288 / cuckoo num

[P]cuckoo path / s:       242353.195 / s
[P]cp per set * s:        0.202952 / set * s

[P]break loop / s:        0 / s
[P]break / set :          0 %

[P]Throughput:            2250508.926 ops
[P]all request:           161642062 o

[P]GetThroughput:         1030706.054 ops
[P]SetThroughput:         1219802.872 ops

[P]Valid Entries:         1188591.920 / s
[P]set success:           1194139.621 / s

[P]get found:             859960.264 / s

----------------------------------

[INFO]Current Time:       46.55 s

[P]indexs Load Factor:    79.1765 %

[P]full bucket LFactor:   52.9089 %

[P]set request:           88681315 
[P]get request:           74873458 

[P]Get Hit Rate:          83.3680 %
[P]ACC Hit Rate:          84.6781 %

[P]total cuckoo num:      4387886 
[P]total cuckoo path:     2216972 
[P]total cp perset:       0.025227 / set
[P]total cp percuckoo:    0.505248 / cuckoo num

[P]cuckoo path / s:       255928.349 / s
[P]cp per set * s:        0.222053 / set * s

[P]break loop / s:        0 / s
[P]break / set :          0 %

[P]Throughput:            2138768.116 ops
[P]all request:           163554773 o

[P]GetThroughput:         979615.466 ops
[P]SetThroughput:         1159152.650 ops

[P]Valid Entries:         1130382.823 / s
[P]set success:           1152553.112 / s

[P]get found:             816685.591 / s

----------------------------------

[INFO]Current Time:       47.44 s

[P]indexs Load Factor:    79.9973 %

[P]full bucket LFactor:   54.1737 %

[P]set request:           89668632 
[P]get request:           75707451 

[P]Get Hit Rate:          83.2241 %
[P]ACC Hit Rate:          84.6621 %

[P]total cuckoo num:      4670640 
[P]total cuckoo path:     2456470 
[P]total cp perset:       0.027644 / set
[P]total cp percuckoo:    0.525939 / cuckoo num

[P]cuckoo path / s:       269762.097 / s
[P]cp per set * s:        0.243944 / set * s

[P]break loop / s:        0 / s
[P]break / set :          0 %

[P]Throughput:            2051459.326 ops
[P]all request:           165376083 o

[P]GetThroughput:         939380.291 ops
[P]SetThroughput:         1112079.035 ops

[P]Valid Entries:         1084595.736 / s
[P]set success:           1105834.469 / s

[P]get found:             781790.603 / s

----------------------------------

[INFO]Current Time:       48.32 s

[P]indexs Load Factor:    80.7784 %

[P]full bucket LFactor:   55.4007 %

[P]set request:           90603335 
[P]get request:           76496087 

[P]Get Hit Rate:          83.1614 %
[P]ACC Hit Rate:          84.6466 %

[P]total cuckoo num:      4950689 
[P]total cuckoo path:     2705713 
[P]total cp perset:       0.030138 / set
[P]total cp percuckoo:    0.546533 / cuckoo num

[P]cuckoo path / s:       281125.434 / s
[P]cp per set * s:        0.272265 / set * s

[P]break loop / s:        0 / s
[P]break / set :          0 %

[P]Throughput:            1943783.476 ops
[P]all request:           167099422 o

[P]GetThroughput:         889516.007 ops
[P]SetThroughput:         1054267.470 ops

[P]Valid Entries:         1028940.092 / s
[P]set success:           1032544.915 / s

[P]get found:             739734.259 / s

----------------------------------

[INFO]Current Time:       49.21 s

[P]indexs Load Factor:    82.0300 %

[P]full bucket LFactor:   57.4358 %

[P]set request:           91991535 
[P]get request:           77665016 

[P]Get Hit Rate:          84.5063 %
[P]ACC Hit Rate:          84.6445 %

[P]total cuckoo num:      5133991 
[P]total cuckoo path:     2875714 
[P]total cp perset:       0.031546 / set
[P]total cp percuckoo:    0.560132 / cuckoo num

[P]cuckoo path / s:       192825.123 / s
[P]cp per set * s:        0.122899 / set * s

[P]break loop / s:        0 / s
[P]break / set :          0 %

[P]Throughput:            2900445.962 ops
[P]all request:           169656551 o

[P]GetThroughput:         1325867.955 ops
[P]SetThroughput:         1574578.007 ops

[P]Valid Entries:         1272437.562 / s
[P]set success:           1568978.171 / s

[P]expire scan persec:    3523587.306 / s
[P]total expire scan:     3106511
[P]expire hit persec:     297924.405 / s
[P]total expire hit:      262660

[P]expire hit rate:       8.455145 %
[P]total expire hit rate: 8.455145 %

[P]get found:             1120442.351 / s

----------------------------------

[INFO]Current Time:       50.09 s

[P]indexs Load Factor:    83.3948 %

[P]full bucket LFactor:   59.8728 %

[P]set request:           94312663 
[P]get request:           79609998 

[P]Get Hit Rate:          86.8085 %
[P]ACC Hit Rate:          84.6974 %

[P]total cuckoo num:      5134440 
[P]total cuckoo path:     2876192 
[P]total cp perset:       0.030795 / set
[P]total cp percuckoo:    0.560176 / cuckoo num

[P]cuckoo path / s:       540.068 / s
[P]cp per set * s:        0.000214 / set * s

[P]break loop / s:        0 / s
[P]break / set :          0 %

[P]Throughput:            4820065.981 ops
[P]all request:           173922661 o

[P]GetThroughput:         2197538.641 ops
[P]SetThroughput:         2622527.340 ops

[P]Valid Entries:         1772186.130 / s
[P]set success:           2527309.199 / s

[P]expire scan persec:    10423192.841 / s
[P]total expire scan:     12331797
[P]expire hit persec:     928669.217 / s
[P]total expire hit:      1084600

[P]expire hit rate:       8.909642 %
[P]total expire hit rate: 8.795150 %

[P]get found:             1907650.671 / s

----------------------------------

[INFO]Current Time:       50.96 s

[P]indexs Load Factor:    84.6889 %

[P]full bucket LFactor:   62.2465 %

[P]set request:           96632409 
[P]get request:           81548343 

[P]Get Hit Rate:          82.3327 %
[P]ACC Hit Rate:          84.6412 %

[P]total cuckoo num:      5134886 
[P]total cuckoo path:     2876674 
[P]total cp perset:       0.030067 / set
[P]total cp percuckoo:    0.560222 / cuckoo num

[P]cuckoo path / s:       552.127 / s
[P]cp per set * s:        0.000211 / set * s

[P]break loop / s:        0 / s
[P]break / set :          0 %

[P]Throughput:            4877605.500 ops
[P]all request:           178180752 o

[P]GetThroughput:         2220357.017 ops
[P]SetThroughput:         2657248.482 ops

[P]Valid Entries:         1694144.736 / s
[P]set success:           2611440.292 / s

[P]expire scan persec:    10412075.710 / s
[P]total expire scan:     21421414
[P]expire hit persec:     987566.856 / s
[P]total expire hit:      1946734

[P]expire hit rate:       9.484822 %
[P]total expire hit rate: 9.087794 %

[P]get found:             1828080.141 / s

----------------------------------

[INFO]Current Time:       51.83 s

[P]indexs Load Factor:    85.9172 %

[P]full bucket LFactor:   64.5619 %

[P]set request:           98906596 
[P]get request:           83443754 

[P]Get Hit Rate:          86.2195 %
[P]ACC Hit Rate:          84.6770 %

[P]total cuckoo num:      5135306 
[P]total cuckoo path:     2877202 
[P]total cp perset:       0.029388 / set
[P]total cp percuckoo:    0.560279 / cuckoo num

[P]cuckoo path / s:       607.417 / s
[P]cp per set * s:        0.000237 / set * s

[P]break loop / s:        0 / s
[P]break / set :          0 %

[P]Throughput:            4796748.576 ops
[P]all request:           182350350 o

[P]GetThroughput:         2180500.378 ops
[P]SetThroughput:         2616248.198 ops

[P]Valid Entries:         1621654.052 / s
[P]set success:           2563843.557 / s

[P]expire scan persec:    10379386.159 / s
[P]total expire scan:     30443748
[P]expire hit persec:     1063945.482 / s
[P]total expire hit:      2871574

[P]expire hit rate:       10.250563 %
[P]total expire hit rate: 9.432393 %

[P]get found:             1880016.653 / s

----------------------------------

[INFO]Current Time:       52.70 s

[P]indexs Load Factor:    87.0654 %

[P]full bucket LFactor:   66.7905 %

[P]set request:           101194537 
[P]get request:           85313679 

[P]Get Hit Rate:          85.9264 %
[P]ACC Hit Rate:          84.7044 %

[P]total cuckoo num:      5135698 
[P]total cuckoo path:     2877769 
[P]total cp perset:       0.028724 / set
[P]total cp percuckoo:    0.560346 / cuckoo num

[P]cuckoo path / s:       657.416 / s
[P]cp per set * s:        0.000248 / set * s

[P]break loop / s:        0 / s
[P]break / set :          0 %

[P]Throughput:            4820893.041 ops
[P]all request:           186508216 o

[P]GetThroughput:         2168109.415 ops
[P]SetThroughput:         2652783.627 ops

[P]Valid Entries:         1542871.148 / s
[P]set success:           2646636.152 / s

[P]expire scan persec:    10319913.268 / s
[P]total expire scan:     39344343
[P]expire hit persec:     1155404.021 / s
[P]total expire hit:      3868073

[P]expire hit rate:       11.195869 %
[P]total expire hit rate: 9.831332 %

[P]get found:             1862979.255 / s

----------------------------------

[INFO]Current Time:       53.56 s

[P]indexs Load Factor:    88.1478 %

[P]full bucket LFactor:   68.9387 %

[P]set request:           103432672 
[P]get request:           87169618 

[P]Get Hit Rate:          84.3347 %
[P]ACC Hit Rate:          84.6965 %

[P]total cuckoo num:      5136066 
[P]total cuckoo path:     2878309 
[P]total cp perset:       0.028102 / set
[P]total cp percuckoo:    0.560411 / cuckoo num

[P]cuckoo path / s:       623.213 / s
[P]cp per set * s:        0.000242 / set * s

[P]break loop / s:        0 / s
[P]break / set :          0 %

[P]Throughput:            4724961.464 ops
[P]all request:           190602291 o

[P]GetThroughput:         2141934.443 ops
[P]SetThroughput:         2583025.867 ops

[P]Valid Entries:         1429836.705 / s
[P]set success:           2578804.178 / s

[P]expire scan persec:    10082319.851 / s
[P]total expire scan:     48080451
[P]expire hit persec:     1180542.426 / s
[P]total expire hit:      4890987

[P]expire hit rate:       11.709036 %
[P]total expire hit rate: 10.172506 %

[P]get found:             1806393.308 / s

----------------------------------

[INFO]Current Time:       54.41 s

[P]indexs Load Factor:    89.1562 %

[P]full bucket LFactor:   71.0017 %

[P]set request:           105625663 
[P]get request:           89049627 

[P]Get Hit Rate:          84.1518 %
[P]ACC Hit Rate:          84.6850 %

[P]total cuckoo num:      5136370 
[P]total cuckoo path:     2878873 
[P]total cp perset:       0.027499 / set
[P]total cp percuckoo:    0.560488 / cuckoo num

[P]cuckoo path / s:       661.781 / s
[P]cp per set * s:        0.000249 / set * s

[P]break loop / s:        0 / s
[P]break / set :          0 %

[P]Throughput:            4779140.457 ops
[P]all request:           194675290 o

[P]GetThroughput:         2205948.754 ops
[P]SetThroughput:         2573192.876 ops

[P]Valid Entries:         1398610.577 / s
[P]set success:           2660181.936 / s

[P]expire scan persec:    10411181.102 / s
[P]total expire scan:     56953329
[P]expire hit persec:     1315143.977 / s
[P]total expire hit:      6011812

[P]expire hit rate:       12.632034 %
[P]total expire hit rate: 10.555681 %

[P]get found:             1856345.099 / s

----------------------------------

[INFO]Current Time:       55.25 s

[P]indexs Load Factor:    90.1167 %

[P]full bucket LFactor:   73.0279 %

[P]set request:           107834286 
[P]get request:           90874777 

[P]Get Hit Rate:          82.4359 %
[P]ACC Hit Rate:          84.6398 %

[P]total cuckoo num:      5136645 
[P]total cuckoo path:     2879338 
[P]total cp perset:       0.026936 / set
[P]total cp percuckoo:    0.560548 / cuckoo num

[P]cuckoo path / s:       559.273 / s
[P]cp per set * s:        0.000211 / set * s

[P]break loop / s:        0 / s
[P]break / set :          0 %

[P]Throughput:            4851574.137 ops
[P]all request:           198709063 o

[P]GetThroughput:         2195178.196 ops
[P]SetThroughput:         2656395.941 ops

[P]Valid Entries:         1318698.140 / s
[P]set success:           2654625.510 / s

[P]expire scan persec:    10413865.704 / s
[P]total expire scan:     65611791
[P]expire hit persec:     1364078.667 / s
[P]total expire hit:      7145956

[P]expire hit rate:       13.098677 %
[P]total expire hit rate: 10.891268 %

[P]get found:             1809613.905 / s

----------------------------------

[INFO]Current Time:       56.09 s

[P]indexs Load Factor:    91.0082 %

[P]full bucket LFactor:   74.9602 %

[P]set request:           110031722 
[P]get request:           92720661 

[P]Get Hit Rate:          83.7714 %
[P]ACC Hit Rate:          84.6226 %

[P]total cuckoo num:      5136877 
[P]total cuckoo path:     2879834 
[P]total cp perset:       0.026398 / set
[P]total cp percuckoo:    0.560620 / cuckoo num

[P]cuckoo path / s:       588.089 / s
[P]cp per set * s:        0.000226 / set * s

[P]break loop / s:        0 / s
[P]break / set :          0 %

[P]Throughput:            4794020.108 ops
[P]all request:           202752383 o

[P]GetThroughput:         2188598.729 ops
[P]SetThroughput:         2605421.379 ops

[P]Valid Entries:         1241921.682 / s
[P]set success:           2606154.120 / s

[P]expire scan persec:    10459137.094 / s
[P]total expire scan:     74433122
[P]expire hit persec:     1435330.797 / s
[P]total expire hit:      8356527

[P]expire hit rate:       13.723224 %
[P]total expire hit rate: 11.226893 %

[P]get found:             1833418.765 / s

----------------------------------

[INFO]Current Time:       56.92 s

[P]indexs Load Factor:    91.8350 %

[P]full bucket LFactor:   76.8088 %

[P]set request:           112198519 
[P]get request:           94505818 

[P]Get Hit Rate:          83.4834 %
[P]ACC Hit Rate:          84.6010 %

[P]total cuckoo num:      5137078 
[P]total cuckoo path:     2880299 
[P]total cp perset:       0.025887 / set
[P]total cp percuckoo:    0.560688 / cuckoo num

[P]cuckoo path / s:       558.356 / s
[P]cp per set * s:        0.000214 / set * s

[P]break loop / s:        0 / s
[P]break / set :          0 %

[P]Throughput:            4745370.122 ops
[P]all request:           206704337 o

[P]GetThroughput:         2143554.983 ops
[P]SetThroughput:         2601815.139 ops

[P]Valid Entries:         1166008.167 / s
[P]set success:           2604351.155 / s

[P]expire scan persec:    10518917.339 / s
[P]total expire scan:     83193298
[P]expire hit persec:     1503938.408 / s
[P]total expire hit:      9609010

[P]expire hit rate:       14.297464 %
[P]total expire hit rate: 11.550221 %

[P]get found:             1789512.870 / s

----------------------------------

[INFO]Current Time:       57.75 s

[P]indexs Load Factor:    92.5852 %

[P]full bucket LFactor:   78.5336 %

[P]set request:           114359083 
[P]get request:           96314689 

[P]Get Hit Rate:          83.3193 %
[P]ACC Hit Rate:          84.5770 %

[P]total cuckoo num:      5137279 
[P]total cuckoo path:     2880865 
[P]total cp perset:       0.025389 / set
[P]total cp percuckoo:    0.560776 / cuckoo num

[P]cuckoo path / s:       684.028 / s
[P]cp per set * s:        0.000257 / set * s

[P]break loop / s:        0 / s
[P]break / set :          0 %

[P]Throughput:            4797178.890 ops
[P]all request:           210673772 o

[P]GetThroughput:         2186073.780 ops
[P]SetThroughput:         2611105.110 ops

[P]Valid Entries:         1096971.258 / s
[P]set success:           2662832.585 / s

[P]expire scan persec:    10676461.709 / s
[P]total expire scan:     92027557
[P]expire hit persec:     1609827.627 / s
[P]total expire hit:      10941065

[P]expire hit rate:       15.078288 %
[P]total expire hit rate: 11.888901 %

[P]get found:             1821421.788 / s

----------------------------------

[INFO]Current Time:       58.57 s

[P]indexs Load Factor:    93.2895 %

[P]full bucket LFactor:   80.1928 %

[P]set request:           116395314 
[P]get request:           98049853 

[P]Get Hit Rate:          83.2401 %
[P]ACC Hit Rate:          84.5533 %

[P]total cuckoo num:      5137485 
[P]total cuckoo path:     2881447 
[P]total cp perset:       0.024937 / set
[P]total cp percuckoo:    0.560867 / cuckoo num

[P]cuckoo path / s:       709.258 / s
[P]cp per set * s:        0.000279 / set * s

[P]break loop / s:        0 / s
[P]break / set :          0 %

[P]Throughput:            4596034.028 ops
[P]all request:           214445167 o

[P]GetThroughput:         2114568.426 ops
[P]SetThroughput:         2481465.602 ops

[P]Valid Entries:         977105.163 / s
[P]set success:           2539440.735 / s

[P]expire scan persec:    10452767.929 / s
[P]total expire scan:     100604847
[P]expire hit persec:     1626790.300 / s
[P]total expire hit:      12275970

[P]expire hit rate:       15.563249 %
[P]total expire hit rate: 12.202166 %

[P]get found:             1760169.788 / s

----------------------------------

[INFO]Current Time:       59.38 s

[P]indexs Load Factor:    93.9478 %

[P]full bucket LFactor:   81.7945 %

[P]set request:           118538156 
[P]get request:           99775171 

[P]Get Hit Rate:          81.5020 %
[P]ACC Hit Rate:          84.5005 %

[P]total cuckoo num:      5137699 
[P]total cuckoo path:     2882103 
[P]total cp perset:       0.024495 / set
[P]total cp percuckoo:    0.560972 / cuckoo num

[P]cuckoo path / s:       807.353 / s
[P]cp per set * s:        0.000311 / set * s

[P]break loop / s:        0 / s
[P]break / set :          0 %

[P]Throughput:            4760625.116 ops
[P]all request:           218313327 o

[P]GetThroughput:         2123384.815 ops
[P]SetThroughput:         2637240.302 ops

[P]Valid Entries:         949162.678 / s
[P]set success:           2598675.664 / s

[P]expire scan persec:    10802035.564 / s
[P]total expire scan:     109381846
[P]expire hit persec:     1701037.114 / s
[P]total expire hit:      13658117

[P]expire hit rate:       15.747376 %
[P]total expire hit rate: 12.486640 %

[P]get found:             1730600.259 / s

----------------------------------

[INFO]Current Time:       60.20 s

[P]indexs Load Factor:    94.5469 %

[P]full bucket LFactor:   83.2902 %

[P]set request:           120665525 
[P]get request:           101548395 

[P]Get Hit Rate:          81.5121 %
[P]ACC Hit Rate:          84.4484 %

[P]total cuckoo num:      5137903 
[P]total cuckoo path:     2882791 
[P]total cp perset:       0.024064 / set
[P]total cp percuckoo:    0.561083 / cuckoo num

[P]cuckoo path / s:       844.285 / s
[P]cp per set * s:        0.000322 / set * s

[P]break loop / s:        0 / s
[P]break / set :          0 %

[P]Throughput:            4786643.271 ops
[P]all request:           222213920 o

[P]GetThroughput:         2176025.729 ops
[P]SetThroughput:         2610617.542 ops

[P]Valid Entries:         887900.236 / s
[P]set success:           2621583.424 / s

[P]expire scan persec:    11004623.809 / s
[P]total expire scan:     118349416
[P]expire hit persec:     1779488.081 / s
[P]total expire hit:      15108206

[P]expire hit rate:       16.170367 %
[P]total expire hit rate: 12.765763 %

[P]get found:             1773724.121 / s

----------------------------------

[INFO]Current Time:       61.00 s

[P]indexs Load Factor:    95.0937 %

[P]full bucket LFactor:   84.6930 %

[P]set request:           122746407 
[P]get request:           103281165 

[P]Get Hit Rate:          81.2782 %
[P]ACC Hit Rate:          84.3952 %

[P]total cuckoo num:      5138092 
[P]total cuckoo path:     2883456 
[P]total cp perset:       0.023656 / set
[P]total cp percuckoo:    0.561192 / cuckoo num

[P]cuckoo path / s:       830.234 / s
[P]cp per set * s:        0.000318 / set * s

[P]break loop / s:        0 / s
[P]break / set :          0 %

[P]Throughput:            4761239.035 ops
[P]all request:           226027572 o

[P]GetThroughput:         2163315.416 ops
[P]SetThroughput:         2597923.619 ops

[P]Valid Entries:         819527.207 / s
[P]set success:           2611281.025 / s

[P]expire scan persec:    11081100.902 / s
[P]total expire scan:     127225144
[P]expire hit persec:     1831777.344 / s
[P]total expire hit:      16575421

[P]expire hit rate:       16.530644 %
[P]total expire hit rate: 13.028416 %

[P]get found:             1758304.747 / s

----------------------------------

[INFO]Current Time:       61.81 s

[P]indexs Load Factor:    95.6042 %

[P]full bucket LFactor:   86.0391 %

[P]set request:           124833001 
[P]get request:           104961977 

[P]Get Hit Rate:          82.7275 %
[P]ACC Hit Rate:          84.3685 %

[P]total cuckoo num:      5138301 
[P]total cuckoo path:     2884310 
[P]total cp perset:       0.023275 / set
[P]total cp percuckoo:    0.561335 / cuckoo num

[P]cuckoo path / s:       1056.587 / s
[P]cp per set * s:        0.000420 / set * s

[P]break loop / s:        0 / s
[P]break / set :          0 %

[P]Throughput:            4661113.653 ops
[P]all request:           229794978 o

[P]GetThroughput:         2079535.829 ops
[P]SetThroughput:         2581577.823 ops

[P]Valid Entries:         743244.405 / s
[P]set success:           2516002.638 / s

[P]expire scan persec:    10987665.281 / s
[P]total expire scan:     136106068
[P]expire hit persec:     1817389.742 / s
[P]total expire hit:      18044350

[P]expire hit rate:       16.540272 %
[P]total expire hit rate: 13.257565 %

[P]get found:             1720348.316 / s

----------------------------------

[INFO]Current Time:       62.61 s

[P]indexs Load Factor:    96.0481 %

[P]full bucket LFactor:   87.2431 %

[P]set request:           126963947 
[P]get request:           106638248 

[P]Get Hit Rate:          85.6075 %
[P]ACC Hit Rate:          84.3879 %

[P]total cuckoo num:      5138499 
[P]total cuckoo path:     2885182 
[P]total cp perset:       0.022885 / set
[P]total cp percuckoo:    0.561483 / cuckoo num

[P]cuckoo path / s:       1084.560 / s
[P]cp per set * s:        0.000406 / set * s

[P]break loop / s:        0 / s
[P]break / set :          0 %

[P]Throughput:            4735267.881 ops
[P]all request:           233602195 o

[P]GetThroughput:         2084880.432 ops
[P]SetThroughput:         2650387.448 ops

[P]Valid Entries:         698956.348 / s
[P]set success:           2669807.532 / s

[P]expire scan persec:    11351222.981 / s
[P]total expire scan:     145232599
[P]expire hit persec:     1983309.937 / s
[P]total expire hit:      19638957

[P]expire hit rate:       17.472214 %
[P]total expire hit rate: 13.522417 %

[P]get found:             1784813.150 / s

----------------------------------

[INFO]Current Time:       63.40 s

[P]indexs Load Factor:    96.4659 %

[P]full bucket LFactor:   88.3944 %

[P]set request:           128917301 
[P]get request:           108259143 

[P]Get Hit Rate:          82.4649 %
[P]ACC Hit Rate:          84.3592 %

[P]total cuckoo num:      5138690 
[P]total cuckoo path:     2886038 
[P]total cp perset:       0.022534 / set
[P]total cp percuckoo:    0.561629 / cuckoo num

[P]cuckoo path / s:       1079.568 / s
[P]cp per set * s:        0.000427 / set * s

[P]break loop / s:        0 / s
[P]break / set :          0 %

[P]Throughput:            4507761.983 ops
[P]all request:           237176445 o

[P]GetThroughput:         2044235.534 ops
[P]SetThroughput:         2463525.187 ops

[P]Valid Entries:         607287.006 / s
[P]set success:           2530781.235 / s

[P]expire scan persec:    10862927.601 / s
[P]total expire scan:     153845924
[P]expire hit persec:     1929158.176 / s
[P]total expire hit:      21168606

[P]expire hit rate:       17.759100 %
[P]total expire hit rate: 13.759614 %

[P]get found:             1685777.494 / s

----------------------------------

[INFO]Current Time:       64.20 s

[P]indexs Load Factor:    96.8467 %

[P]full bucket LFactor:   89.4750 %

[P]set request:           131009980 
[P]get request:           109962550 

[P]Get Hit Rate:          80.7379 %
[P]ACC Hit Rate:          84.3031 %

[P]total cuckoo num:      5138923 
[P]total cuckoo path:     2887225 
[P]total cp perset:       0.022184 / set
[P]total cp percuckoo:    0.561835 / cuckoo num

[P]cuckoo path / s:       1497.618 / s
[P]cp per set * s:        0.000573 / set * s

[P]break loop / s:        0 / s
[P]break / set :          0 %

[P]Throughput:            4789457.765 ops
[P]all request:           240972530 o

[P]GetThroughput:         2149160.486 ops
[P]SetThroughput:         2640298.541 ops

[P]Valid Entries:         584325.997 / s
[P]set success:           2613934.403 / s

[P]expire scan persec:    11551950.048 / s
[P]total expire scan:     163001905
[P]expire hit persec:     1928934.895 / s
[P]total expire hit:      22697464

[P]expire hit rate:       16.697916 %
[P]total expire hit rate: 13.924662 %

[P]get found:             1735186.993 / s

----------------------------------

[INFO]Current Time:       64.98 s

[P]indexs Load Factor:    97.1970 %

[P]full bucket LFactor:   90.4906 %

[P]set request:           133038314 
[P]get request:           111615007 

[P]Get Hit Rate:          83.4702 %
[P]ACC Hit Rate:          84.2907 %

[P]total cuckoo num:      5139145 
[P]total cuckoo path:     2888410 
[P]total cp perset:       0.021843 / set
[P]total cp percuckoo:    0.562041 / cuckoo num

[P]cuckoo path / s:       1512.990 / s
[P]cp per set * s:        0.000568 / set * s

[P]break loop / s:        0 / s
[P]break / set :          0 %

[P]Throughput:            4699578.915 ops
[P]all request:           244653321 o

[P]GetThroughput:         2109832.391 ops
[P]SetThroughput:         2589746.524 ops

[P]Valid Entries:         534358.802 / s
[P]set success:           2662857.790 / s

[P]expire scan persec:    11669639.146 / s
[P]total expire scan:     172141767
[P]expire hit persec:     2084951.680 / s
[P]total expire hit:      24330434

[P]expire hit rate:       17.866462 %
[P]total expire hit rate: 14.133952 %

[P]get found:             1761081.108 / s

----------------------------------

[INFO]Current Time:       65.77 s

[P]indexs Load Factor:    97.5107 %

[P]full bucket LFactor:   91.4236 %

[P]set request:           135132052 
[P]get request:           113315101 

[P]Get Hit Rate:          82.0623 %
[P]ACC Hit Rate:          84.2573 %

[P]total cuckoo num:      5139389 
[P]total cuckoo path:     2889688 
[P]total cp perset:       0.021509 / set
[P]total cp percuckoo:    0.562263 / cuckoo num

[P]cuckoo path / s:       1613.368 / s
[P]cp per set * s:        0.000605 / set * s

[P]break loop / s:        0 / s
[P]break / set :          0 %

[P]Throughput:            4789395.549 ops
[P]all request:           248447154 o

[P]GetThroughput:         2146225.898 ops
[P]SetThroughput:         2643168.389 ops

[P]Valid Entries:         478546.565 / s
[P]set success:           2668848.456 / s

[P]expire scan persec:    11811281.670 / s
[P]total expire scan:     181497860
[P]expire hit persec:     2170772.315 / s
[P]total expire hit:      26049972

[P]expire hit rate:       18.378804 %
[P]total expire hit rate: 14.352771 %

[P]get found:             1761242.034 / s

----------------------------------

[INFO]Current Time:       66.56 s

[P]indexs Load Factor:    97.7878 %

[P]full bucket LFactor:   92.2635 %

[P]set request:           137166490 
[P]get request:           114935171 

[P]Get Hit Rate:          81.9770 %
[P]ACC Hit Rate:          84.2252 %

[P]total cuckoo num:      5139687 
[P]total cuckoo path:     2891539 
[P]total cp perset:       0.021198 / set
[P]total cp percuckoo:    0.562590 / cuckoo num

[P]cuckoo path / s:       2351.103 / s
[P]cp per set * s:        0.000901 / set * s

[P]break loop / s:        0 / s
[P]break / set :          0 %

[P]Throughput:            4641881.077 ops
[P]all request:           252101661 o

[P]GetThroughput:         2057780.236 ops
[P]SetThroughput:         2584102.111 ops

[P]Valid Entries:         430437.270 / s
[P]set success:           2609959.162 / s

[P]expire scan persec:    11664027.076 / s
[P]total expire scan:     190680833
[P]expire hit persec:     2122111.034 / s
[P]total expire hit:      27720689

[P]expire hit rate:       18.193639 %
[P]total expire hit rate: 14.537743 %

[P]get found:             1686906.778 / s

----------------------------------

[INFO]Current Time:       67.34 s

[P]indexs Load Factor:    98.0421 %

[P]full bucket LFactor:   93.0504 %

[P]set request:           139185553 
[P]get request:           116603189 

[P]Get Hit Rate:          81.8530 %
[P]ACC Hit Rate:          84.1912 %

[P]total cuckoo num:      5139991 
[P]total cuckoo path:     2893464 
[P]total cp perset:       0.020899 / set
[P]total cp percuckoo:    0.562932 / cuckoo num

[P]cuckoo path / s:       2465.982 / s
[P]cp per set * s:        0.000941 / set * s

[P]break loop / s:        0 / s
[P]break / set :          0 %

[P]Throughput:            4723260.393 ops
[P]all request:           255788742 o

[P]GetThroughput:         2136780.655 ops
[P]SetThroughput:         2586479.738 ops

[P]Valid Entries:         397549.644 / s
[P]set success:           2620072.181 / s

[P]expire scan persec:    12008681.455 / s
[P]total expire scan:     200055074
[P]expire hit persec:     2166864.357 / s
[P]total expire hit:      29412191

[P]expire hit rate:       18.044149 %
[P]total expire hit rate: 14.702047 %

[P]get found:             1749018.078 / s

----------------------------------

[INFO]Current Time:       68.12 s

[P]indexs Load Factor:    98.2676 %

[P]full bucket LFactor:   93.7636 %

[P]set request:           141204560 
[P]get request:           118238413 

[P]Get Hit Rate:          78.6045 %
[P]ACC Hit Rate:          84.1140 %

[P]total cuckoo num:      5140302 
[P]total cuckoo path:     2895538 
[P]total cp perset:       0.020616 / set
[P]total cp percuckoo:    0.563301 / cuckoo num

[P]cuckoo path / s:       2645.004 / s
[P]cp per set * s:        0.001035 / set * s

[P]break loop / s:        0 / s
[P]break / set :          0 %

[P]Throughput:            4660296.543 ops
[P]all request:           259442973 o

[P]GetThroughput:         2085426.114 ops
[P]SetThroughput:         2574870.429 ops

[P]Valid Entries:         351878.609 / s
[P]set success:           2555961.329 / s

[P]expire scan persec:    11837680.255 / s
[P]total expire scan:     209337234
[P]expire hit persec:     2143631.502 / s
[P]total expire hit:      31093055

[P]expire hit rate:       18.108544 %
[P]total expire hit rate: 14.853093 %

[P]get found:             1639237.942 / s

----------------------------------

[INFO]Current Time:       68.91 s

[P]indexs Load Factor:    98.4684 %

[P]full bucket LFactor:   94.4152 %

[P]set request:           143143871 
[P]get request:           119870196 

[P]Get Hit Rate:          81.6765 %
[P]ACC Hit Rate:          84.0808 %

[P]total cuckoo num:      5140628 
[P]total cuckoo path:     2897819 
[P]total cp perset:       0.020337 / set
[P]total cp percuckoo:    0.563709 / cuckoo num

[P]cuckoo path / s:       2896.420 / s
[P]cp per set * s:        0.001119 / set * s

[P]break loop / s:        0 / s
[P]break / set :          0 %

[P]Throughput:            4534584.430 ops
[P]all request:           263014067 o

[P]GetThroughput:         2072042.289 ops
[P]SetThroughput:         2462542.141 ops

[P]Valid Entries:         309421.687 / s
[P]set success:           2589188.443 / s

[P]expire scan persec:    11846939.495 / s
[P]total expire scan:     218666983
[P]expire hit persec:     2243313.263 / s
[P]total expire hit:      32859718

[P]expire hit rate:       18.935804 %
[P]total expire hit rate: 15.027288 %

[P]get found:             1692371.313 / s

----------------------------------

[INFO]Current Time:       69.69 s

[P]indexs Load Factor:    98.6490 %

[P]full bucket LFactor:   95.0067 %

[P]set request:           145107904 
[P]get request:           121428972 

[P]Get Hit Rate:          83.1800 %
[P]ACC Hit Rate:          84.0692 %

[P]total cuckoo num:      5141004 
[P]total cuckoo path:     2900472 
[P]total cp perset:       0.020075 / set
[P]total cp percuckoo:    0.564184 / cuckoo num

[P]cuckoo path / s:       3397.214 / s
[P]cp per set * s:        0.001334 / set * s

[P]break loop / s:        0 / s
[P]break / set :          0 %

[P]Throughput:            4511019.586 ops
[P]all request:           266536876 o

[P]GetThroughput:         1996040.395 ops
[P]SetThroughput:         2514979.192 ops

[P]Valid Entries:         283780.669 / s
[P]set success:           2546091.932 / s

[P]expire scan persec:    11963222.063 / s
[P]total expire scan:     228009471
[P]expire hit persec:     2197491.453 / s
[P]total expire hit:      34575814

[P]expire hit rate:       18.368726 %
[P]total expire hit rate: 15.164201 %

[P]get found:             1660306.558 / s

----------------------------------

[INFO]Current Time:       70.47 s

[P]indexs Load Factor:    98.8127 %

[P]full bucket LFactor:   95.5578 %

[P]set request:           147116370 
[P]get request:           123084167 

[P]Get Hit Rate:          81.4254 %
[P]ACC Hit Rate:          84.0337 %

[P]total cuckoo num:      5141396 
[P]total cuckoo path:     2903423 
[P]total cp perset:       0.019811 / set
[P]total cp percuckoo:    0.564715 / cuckoo num

[P]cuckoo path / s:       3791.402 / s
[P]cp per set * s:        0.001423 / set * s

[P]break loop / s:        0 / s
[P]break / set :          0 %

[P]Throughput:            4707018.171 ops
[P]all request:           270200537 o

[P]GetThroughput:         2126570.374 ops
[P]SetThroughput:         2580447.798 ops

[P]Valid Entries:         261599.010 / s
[P]set success:           2665142.136 / s

[P]expire scan persec:    12372408.905 / s
[P]total expire scan:     237639413
[P]expire hit persec:     2362519.928 / s
[P]total expire hit:      36414658

[P]expire hit rate:       19.095068 %
[P]total expire hit rate: 15.323493 %

[P]get found:             1731568.241 / s

----------------------------------

[INFO]Current Time:       71.25 s

[P]indexs Load Factor:    98.9567 %

[P]full bucket LFactor:   96.0475 %

[P]set request:           149101447 
[P]get request:           124657771 

[P]Get Hit Rate:          82.9941 %
[P]ACC Hit Rate:          84.0205 %

[P]total cuckoo num:      5141816 
[P]total cuckoo path:     2906777 
[P]total cp perset:       0.019560 / set
[P]total cp percuckoo:    0.565321 / cuckoo num

[P]cuckoo path / s:       4314.876 / s
[P]cp per set * s:        0.001635 / set * s

[P]break loop / s:        0 / s
[P]break / set :          0 %

[P]Throughput:            4578195.465 ops
[P]all request:           273759218 o

[P]GetThroughput:         2024420.479 ops
[P]SetThroughput:         2553774.985 ops

[P]Valid Entries:         230086.844 / s
[P]set success:           2638563.458 / s

[P]expire scan persec:    12341721.490 / s
[P]total expire scan:     247232767
[P]expire hit persec:     2363744.188 / s
[P]total expire hit:      38252022

[P]expire hit rate:       19.152467 %
[P]total expire hit rate: 15.472068 %

[P]get found:             1680150.229 / s

----------------------------------

[INFO]Current Time:       72.03 s

[P]indexs Load Factor:    99.0841 %

[P]full bucket LFactor:   96.4864 %

[P]set request:           151060365 
[P]get request:           126300322 

[P]Get Hit Rate:          81.4117 %
[P]ACC Hit Rate:          83.9866 %

[P]total cuckoo num:      5142255 
[P]total cuckoo path:     2910345 
[P]total cp perset:       0.019321 / set
[P]total cp percuckoo:    0.565967 / cuckoo num

[P]cuckoo path / s:       4589.338 / s
[P]cp per set * s:        0.001764 / set * s

[P]break loop / s:        0 / s
[P]break / set :          0 %

[P]Throughput:            4632387.719 ops
[P]all request:           277360687 o

[P]GetThroughput:         2112730.411 ops
[P]SetThroughput:         2519657.308 ops

[P]Valid Entries:         206221.811 / s
[P]set success:           2602377.300 / s

[P]expire scan persec:    12482713.164 / s
[P]total expire scan:     256937504
[P]expire hit persec:     2351601.093 / s
[P]total expire hit:      40080284

[P]expire hit rate:       18.838862 %
[P]total expire hit rate: 15.599235 %

[P]get found:             1720008.853 / s

----------------------------------

[INFO]Current Time:       72.79 s

[P]indexs Load Factor:    99.1958 %

[P]full bucket LFactor:   96.8785 %

[P]set request:           152939046 
[P]get request:           127877898 

[P]Get Hit Rate:          79.6491 %
[P]ACC Hit Rate:          83.9331 %

[P]total cuckoo num:      5142739 
[P]total cuckoo path:     2914384 
[P]total cp perset:       0.019092 / set
[P]total cp percuckoo:    0.566699 / cuckoo num

[P]cuckoo path / s:       5303.178 / s
[P]cp per set * s:        0.001998 / set * s

[P]break loop / s:        0 / s
[P]break / set :          0 %

[P]Throughput:            4538040.239 ops
[P]all request:           280816944 o

[P]GetThroughput:         2071345.785 ops
[P]SetThroughput:         2466694.454 ops

[P]Valid Entries:         184141.975 / s
[P]set success:           2653710.571 / s

[P]expire scan persec:    12552476.829 / s
[P]total expire scan:     266497707
[P]expire hit persec:     2415893.453 / s
[P]total expire hit:      41920274

[P]expire hit rate:       19.246349 %
[P]total expire hit rate: 15.730069 %

[P]get found:             1649808.163 / s

----------------------------------

[INFO]Current Time:       73.56 s

[P]indexs Load Factor:    99.2964 %

[P]full bucket LFactor:   97.2382 %

[P]set request:           154865840 
[P]get request:           129461891 

[P]Get Hit Rate:          79.5049 %
[P]ACC Hit Rate:          83.8789 %

[P]total cuckoo num:      5143224 
[P]total cuckoo path:     2918461 
[P]total cp perset:       0.018872 / set
[P]total cp percuckoo:    0.567438 / cuckoo num

[P]cuckoo path / s:       5263.110 / s
[P]cp per set * s:        0.002044 / set * s

[P]break loop / s:        0 / s
[P]break / set :          0 %

[P]Throughput:            4532170.647 ops
[P]all request:           284327731 o

[P]GetThroughput:         2044819.745 ops
[P]SetThroughput:         2487350.901 ops

[P]Valid Entries:         157921.714 / s
[P]set success:           2574368.435 / s

[P]expire scan persec:    12236651.744 / s
[P]total expire scan:     275976670
[P]expire hit persec:     2362740.275 / s
[P]total expire hit:      43750540

[P]expire hit rate:       19.308716 %
[P]total expire hit rate: 15.852985 %

[P]get found:             1625731.828 / s

----------------------------------

[INFO]Current Time:       74.34 s

[P]indexs Load Factor:    99.3848 %

[P]full bucket LFactor:   97.5579 %

[P]set request:           156855770 
[P]get request:           131096176 

[P]Get Hit Rate:          79.5492 %
[P]ACC Hit Rate:          83.8249 %

[P]total cuckoo num:      5143762 
[P]total cuckoo path:     2923133 
[P]total cp perset:       0.018659 / set
[P]total cp percuckoo:    0.568287 / cuckoo num

[P]cuckoo path / s:       6023.607 / s
[P]cp per set * s:        0.002313 / set * s

[P]break loop / s:        0 / s
[P]break / set :          0 %

[P]Throughput:            4672698.579 ops
[P]all request:           287951946 o

[P]GetThroughput:         2107082.829 ops
[P]SetThroughput:         2565615.749 ops

[P]Valid Entries:         144671.007 / s
[P]set success:           2604627.373 / s

[P]expire scan persec:    12690478.257 / s
[P]total expire scan:     285819595
[P]expire hit persec:     2403771.273 / s
[P]total expire hit:      45614941

[P]expire hit rate:       18.941534 %
[P]total expire hit rate: 15.959347 %

[P]get found:             1676167.994 / s

----------------------------------

[INFO]Current Time:       75.10 s

[P]indexs Load Factor:    99.4638 %

[P]full bucket LFactor:   97.8479 %

[P]set request:           158764186 
[P]get request:           132695916 

[P]Get Hit Rate:          79.4400 %
[P]ACC Hit Rate:          83.7721 %

[P]total cuckoo num:      5144341 
[P]total cuckoo path:     2928201 
[P]total cp perset:       0.018458 / set
[P]total cp percuckoo:    0.569208 / cuckoo num

[P]cuckoo path / s:       6647.785 / s
[P]cp per set * s:        0.002564 / set * s

[P]break loop / s:        0 / s
[P]break / set :          0 %

[P]Throughput:            4601710.408 ops
[P]all request:           291460102 o

[P]GetThroughput:         2098407.314 ops
[P]SetThroughput:         2503303.094 ops

[P]Valid Entries:         127868.867 / s
[P]set success:           2592589.097 / s

[P]expire scan persec:    12700797.384 / s
[P]total expire scan:     295502164
[P]expire hit persec:     2360603.947 / s
[P]total expire hit:      47414569

[P]expire hit rate:       18.586266 %
[P]total expire hit rate: 16.045422 %

[P]get found:             1666974.172 / s

----------------------------------

[INFO]Current Time:       75.87 s

[P]indexs Load Factor:    99.5321 %

[P]full bucket LFactor:   98.1035 %

[P]set request:           160775409 
[P]get request:           134316444 

[P]Get Hit Rate:          80.9051 %
[P]ACC Hit Rate:          83.7375 %

[P]total cuckoo num:      5144936 
[P]total cuckoo path:     2933524 
[P]total cp perset:       0.018256 / set
[P]total cp percuckoo:    0.570177 / cuckoo num

[P]cuckoo path / s:       6906.153 / s
[P]cp per set * s:        0.002605 / set * s

[P]break loop / s:        0 / s
[P]break / set :          0 %

[P]Throughput:            4711897.002 ops
[P]all request:           295091853 o

[P]GetThroughput:         2102501.252 ops
[P]SetThroughput:         2609395.750 ops

[P]Valid Entries:         113370.929 / s
[P]set success:           2651202.431 / s

[P]expire scan persec:    12776779.895 / s
[P]total expire scan:     305350020
[P]expire hit persec:     2382171.253 / s
[P]total expire hit:      49250656

[P]expire hit rate:       18.644535 %
[P]total expire hit rate: 16.129246 %

[P]get found:             1701029.704 / s

----------------------------------

[INFO]Current Time:       76.64 s

[P]indexs Load Factor:    99.5929 %

[P]full bucket LFactor:   98.3340 %

[P]set request:           162745015 
[P]get request:           135871979 

[P]Get Hit Rate:          82.3631 %
[P]ACC Hit Rate:          83.7218 %

[P]total cuckoo num:      5145596 
[P]total cuckoo path:     2939496 
[P]total cp perset:       0.018073 / set
[P]total cp percuckoo:    0.571264 / cuckoo num

[P]cuckoo path / s:       7765.951 / s
[P]cp per set * s:        0.003041 / set * s

[P]break loop / s:        0 / s
[P]break / set :          0 %

[P]Throughput:            4584070.990 ops
[P]all request:           298616994 o

[P]GetThroughput:         2022807.845 ops
[P]SetThroughput:         2561263.146 ops

[P]Valid Entries:         98431.997 / s
[P]set success:           2553412.669 / s

[P]expire scan persec:    12578097.943 / s
[P]total expire scan:     315022551
[P]expire hit persec:     2438841.486 / s
[P]total expire hit:      51126120

[P]expire hit rate:       19.389589 %
[P]total expire hit rate: 16.229352 %

[P]get found:             1666047.446 / s

----------------------------------

[INFO]Current Time:       77.41 s

[P]indexs Load Factor:    99.6434 %

[P]full bucket LFactor:   98.5279 %

[P]set request:           164626000 
[P]get request:           137416846 

[P]Get Hit Rate:          79.2185 %
[P]ACC Hit Rate:          83.6711 %

[P]total cuckoo num:      5146218 
[P]total cuckoo path:     2945201 
[P]total cp perset:       0.017893 / set
[P]total cp percuckoo:    0.572304 / cuckoo num

[P]cuckoo path / s:       7442.008 / s
[P]cp per set * s:        0.002925 / set * s

[P]break loop / s:        0 / s
[P]break / set :          0 %

[P]Throughput:            4468925.185 ops
[P]all request:           302042846 o

[P]GetThroughput:         2015234.471 ops
[P]SetThroughput:         2453690.714 ops

[P]Valid Entries:         84357.542 / s
[P]set success:           2544660.620 / s

[P]expire scan persec:    12315277.562 / s
[P]total expire scan:     324463371
[P]expire hit persec:     2394251.180 / s
[P]total expire hit:      52961539

[P]expire hit rate:       19.441309 %
[P]total expire hit rate: 16.322810 %

[P]get found:             1596437.914 / s

----------------------------------

[INFO]Current Time:       78.17 s

[P]indexs Load Factor:    99.6902 %

[P]full bucket LFactor:   98.7080 %

[P]set request:           166512999 
[P]get request:           138961626 

[P]Get Hit Rate:          82.4238 %
[P]ACC Hit Rate:          83.6573 %

[P]total cuckoo num:      5146877 
[P]total cuckoo path:     2951337 
[P]total cp perset:       0.017716 / set
[P]total cp percuckoo:    0.573423 / cuckoo num

[P]cuckoo path / s:       7989.979 / s
[P]cp per set * s:        0.003082 / set * s

[P]break loop / s:        0 / s
[P]break / set :          0 %

[P]Throughput:            4468683.469 ops
[P]all request:           305474625 o

[P]GetThroughput:         2011531.876 ops
[P]SetThroughput:         2457151.593 ops

[P]Valid Entries:         75723.801 / s
[P]set success:           2592292.398 / s

[P]expire scan persec:    12597609.342 / s
[P]total expire scan:     334137856
[P]expire hit persec:     2400962.614 / s
[P]total expire hit:      54805387

[P]expire hit rate:       19.058875 %
[P]total expire hit rate: 16.402029 %

[P]get found:             1657981.821 / s

----------------------------------

[INFO]Current Time:       78.95 s

[P]indexs Load Factor:    99.7306 %

[P]full bucket LFactor:   98.8667 %

[P]set request:           168495880 
[P]get request:           140556095 

[P]Get Hit Rate:          80.6941 %
[P]ACC Hit Rate:          83.6236 %

[P]total cuckoo num:      5147606 
[P]total cuckoo path:     2958110 
[P]total cp perset:       0.017545 / set
[P]total cp percuckoo:    0.574657 / cuckoo num

[P]cuckoo path / s:       8764.575 / s
[P]cp per set * s:        0.003359 / set * s

[P]break loop / s:        0 / s
[P]break / set :          0 %

[P]Throughput:            4629256.226 ops
[P]all request:           309051975 o

[P]GetThroughput:         2063316.574 ops
[P]SetThroughput:         2565939.652 ops

[P]Valid Entries:         68382.578 / s
[P]set success:           2609168.560 / s

[P]expire scan persec:    12720900.030 / s
[P]total expire scan:     343968185
[P]expire hit persec:     2378539.761 / s
[P]total expire hit:      56643451

[P]expire hit rate:       18.697889 %
[P]total expire hit rate: 16.467642 %

[P]get found:             1664975.504 / s

----------------------------------

[INFO]Current Time:       79.71 s

[P]indexs Load Factor:    99.7565 %

[P]full bucket LFactor:   98.9701 %

[P]set request:           170162756 
[P]get request:           141914141 

[P]Get Hit Rate:          82.0321 %
[P]ACC Hit Rate:          83.6084 %

[P]total cuckoo num:      5148310 
[P]total cuckoo path:     2964722 
[P]total cp perset:       0.017403 / set
[P]total cp percuckoo:    0.575863 / cuckoo num

[P]cuckoo path / s:       8620.924 / s
[P]cp per set * s:        0.003782 / set * s

[P]break loop / s:        0 / s
[P]break / set :          0 %

[P]Throughput:            3943984.272 ops
[P]all request:           312076897 o

[P]GetThroughput:         1770661.215 ops
[P]SetThroughput:         2173323.057 ops

[P]Valid Entries:         52250.990 / s
[P]set success:           2279746.883 / s

[P]expire scan persec:    11083804.689 / s
[P]total expire scan:     352469143
[P]expire hit persec:     2186023.665 / s
[P]total expire hit:      58320068

[P]expire hit rate:       19.722683 %
[P]total expire hit rate: 16.546149 %

[P]get found:             1452511.031 / s

----------------------------------
[INFO]End rx_queue_1:1774448

[INFO]Current Time:       80.48 s

[P]indexs Load Factor:    99.7797 %

[P]full bucket LFactor:   99.0620 %

[P]set request:           171460469 
[P]get request:           142953027 

[P]Get Hit Rate:          79.1671 %
[P]ACC Hit Rate:          83.5761 %

[P]total cuckoo num:      5148899 
[P]total cuckoo path:     2970363 
[P]total cp perset:       0.017305 / set
[P]total cp percuckoo:    0.576893 / cuckoo num

[P]cuckoo path / s:       7381.442 / s
[P]cp per set * s:        0.004355 / set * s

[P]break loop / s:        0 / s
[P]break / set :          0 %

[P]Throughput:            3057520.027 ops
[P]all request:           314413496 o

[P]GetThroughput:         1359418.005 ops
[P]SetThroughput:         1698102.022 ops

[P]Valid Entries:         35508.388 / s
[P]set success:           1694922.284 / s

[P]expire scan persec:    8357549.937 / s
[P]total expire scan:     358856098
[P]expire hit persec:     1660888.614 / s
[P]total expire hit:      59589342

[P]expire hit rate:       19.872913 %
[P]total expire hit rate: 16.605359 %

[P]get found:             1076211.918 / s

----------------------------------

[INFO]Current Time:       81.24 s

[P]indexs Load Factor:    99.8022 %

[P]full bucket LFactor:   99.1533 %

[P]set request:           172985374 
[P]get request:           144173004 

[P]Get Hit Rate:          79.2927 %
[P]ACC Hit Rate:          83.5399 %

[P]total cuckoo num:      5149566 
[P]total cuckoo path:     2976751 
[P]total cp perset:       0.017188 / set
[P]total cp percuckoo:    0.578059 / cuckoo num

[P]cuckoo path / s:       8361.683 / s
[P]cp per set * s:        0.004162 / set * s

[P]break loop / s:        0 / s
[P]break / set :          0 %

[P]Throughput:            3592960.536 ops
[P]all request:           317158378 o

[P]GetThroughput:         1596909.891 ops
[P]SetThroughput:         1996050.645 ops

[P]Valid Entries:         37808.209 / s
[P]set success:           2009260.742 / s

[P]expire scan persec:    9653188.133 / s
[P]total expire scan:     366230758
[P]expire hit persec:     1973404.203 / s
[P]total expire hit:      61096946

[P]expire hit rate:       20.443031 %
[P]total expire hit rate: 16.682636 %

[P]get found:             1266233.359 / s

----------------------------------

[INFO]Current Time:       82.00 s

[P]indexs Load Factor:    99.8226 %

[P]full bucket LFactor:   99.2361 %

[P]set request:           174514006 
[P]get request:           145399148 

[P]Get Hit Rate:          76.4548 %
[P]ACC Hit Rate:          83.4801 %

[P]total cuckoo num:      5150291 
[P]total cuckoo path:     2983718 
[P]total cp perset:       0.017077 / set
[P]total cp percuckoo:    0.579330 / cuckoo num

[P]cuckoo path / s:       9161.162 / s
[P]cp per set * s:        0.004521 / set * s

[P]break loop / s:        0 / s
[P]break / set :          0 %

[P]Throughput:            3622356.622 ops
[P]all request:           319913155 o

[P]GetThroughput:         1612301.409 ops
[P]SetThroughput:         2010053.898 ops

[P]Valid Entries:         33609.775 / s
[P]set success:           2026548.461 / s

[P]expire scan persec:    9601022.778 / s
[P]total expire scan:     373532269
[P]expire hit persec:     1888357.847 / s
[P]total expire hit:      62533029

[P]expire hit rate:       19.668299 %
[P]total expire hit rate: 16.740998 %

[P]get found:             1232681.893 / s

----------------------------------

[INFO]Current Time:       82.77 s

[P]indexs Load Factor:    99.8413 %

[P]full bucket LFactor:   99.3128 %

[P]set request:           176033209 
[P]get request:           146645038 

[P]Get Hit Rate:          77.8469 %
[P]ACC Hit Rate:          83.4323 %

[P]total cuckoo num:      5150897 
[P]total cuckoo path:     2989466 
[P]total cp perset:       0.016960 / set
[P]total cp percuckoo:    0.580378 / cuckoo num

[P]cuckoo path / s:       7524.162 / s
[P]cp per set * s:        0.003734 / set * s

[P]break loop / s:        0 / s
[P]break / set :          0 %

[P]Throughput:            3619519.815 ops
[P]all request:           322678247 o

[P]GetThroughput:         1630876.493 ops
[P]SetThroughput:         1988644.632 ops

[P]Valid Entries:         30791.729 / s
[P]set success:           2015045.958 / s

[P]expire scan persec:    9587341.296 / s
[P]total expire scan:     380856412
[P]expire hit persec:     1985321.067 / s
[P]total expire hit:      64049693

[P]expire hit rate:       20.707733 %
[P]total expire hit rate: 16.817281 %

[P]get found:             1269587.130 / s

----------------------------------

[INFO]Current Time:       83.53 s

[P]indexs Load Factor:    99.8581 %

[P]full bucket LFactor:   99.3815 %

[P]set request:           177557778 
[P]get request:           147888550 

[P]Get Hit Rate:          74.9739 %
[P]ACC Hit Rate:          83.3612 %

[P]total cuckoo num:      5151484 
[P]total cuckoo path:     2995230 
[P]total cp perset:       0.016843 / set
[P]total cp percuckoo:    0.581431 / cuckoo num

[P]cuckoo path / s:       7590.881 / s
[P]cp per set * s:        0.003686 / set * s

[P]break loop / s:        0 / s
[P]break / set :          0 %

[P]Throughput:            3645415.107 ops
[P]all request:           325446328 o

[P]GetThroughput:         1637639.011 ops
[P]SetThroughput:         2007776.096 ops

[P]Valid Entries:         28056.232 / s
[P]set success:           2059514.981 / s

[P]expire scan persec:    9558479.399 / s
[P]total expire scan:     388114473
[P]expire hit persec:     1997174.675 / s
[P]total expire hit:      65566212

[P]expire hit rate:       20.894272 %
[P]total expire hit rate: 16.893524 %

[P]get found:             1227801.250 / s

----------------------------------

[INFO]Current Time:       84.29 s

[P]indexs Load Factor:    99.8710 %

[P]full bucket LFactor:   99.4351 %

[P]set request:           179078353 
[P]get request:           149108133 

[P]Get Hit Rate:          77.8891 %
[P]ACC Hit Rate:          83.3164 %

[P]total cuckoo num:      5152003 
[P]total cuckoo path:     3000302 
[P]total cp perset:       0.016730 / set
[P]total cp percuckoo:    0.582356 / cuckoo num

[P]cuckoo path / s:       6606.826 / s
[P]cp per set * s:        0.003372 / set * s

[P]break loop / s:        0 / s
[P]break / set :          0 %

[P]Throughput:            3569350.647 ops
[P]all request:           328186486 o

[P]GetThroughput:         1588638.090 ops
[P]SetThroughput:         1980712.558 ops

[P]Valid Entries:         24438.221 / s
[P]set success:           1959099.692 / s

[P]expire scan persec:    9273070.748 / s
[P]total expire scan:     395233325
[P]expire hit persec:     1903269.930 / s
[P]total expire hit:      67027335

[P]expire hit rate:       20.524700 %
[P]total expire hit rate: 16.958928 %

[P]get found:             1237375.620 / s

----------------------------------
[INFO]End rx_queue_3:926749

[INFO]Current Time:       85.05 s

[P]indexs Load Factor:    99.8822 %

[P]full bucket LFactor:   99.4822 %

[P]set request:           180301202 
[P]get request:           150098993 

[P]Get Hit Rate:          78.7561 %
[P]ACC Hit Rate:          83.2863 %

[P]total cuckoo num:      5152475 
[P]total cuckoo path:     3004869 
[P]total cp perset:       0.016643 / set
[P]total cp percuckoo:    0.583189 / cuckoo num

[P]cuckoo path / s:       6015.963 / s
[P]cp per set * s:        0.003742 / set * s

[P]break loop / s:        0 / s
[P]break / set :          0 %

[P]Throughput:            2916048.154 ops
[P]all request:           330400195 o

[P]GetThroughput:         1305228.227 ops
[P]SetThroughput:         1610819.926 ops

[P]Valid Entries:         18041.303 / s
[P]set success:           1607862.660 / s

[P]expire scan persec:    8114309.321 / s
[P]total expire scan:     401393278
[P]expire hit persec:     1581256.479 / s
[P]total expire hit:      68227741

[P]expire hit rate:       19.487259 %
[P]total expire hit rate: 16.997729 %

[P]get found:             1027947.253 / s

----------------------------------

[INFO]Current Time:       85.81 s

[P]indexs Load Factor:    99.8906 %

[P]full bucket LFactor:   99.5174 %

[P]set request:           181600361 
[P]get request:           151152769 

[P]Get Hit Rate:          78.4628 %
[P]ACC Hit Rate:          83.2527 %

[P]total cuckoo num:      5153006 
[P]total cuckoo path:     3010054 
[P]total cp perset:       0.016552 / set
[P]total cp percuckoo:    0.584136 / cuckoo num

[P]cuckoo path / s:       6857.494 / s
[P]cp per set * s:        0.003988 / set * s

[P]break loop / s:        0 / s
[P]break / set :          0 %

[P]Throughput:            3111907.063 ops
[P]all request:           332753130 o

[P]GetThroughput:         1393686.174 ops
[P]SetThroughput:         1718220.889 ops

[P]Valid Entries:         17830.807 / s
[P]set success:           1719325.230 / s

[P]expire scan persec:    8657973.282 / s
[P]total expire scan:     407939633
[P]expire hit persec:     1688143.140 / s
[P]total expire hit:      69504158

[P]expire hit rate:       19.498133 %
[P]total expire hit rate: 17.037854 %

[P]get found:             1093524.990 / s

----------------------------------
[INFO]End rx_queue_0:1836865

[INFO]Current Time:       86.57 s

[P]indexs Load Factor:    99.8906 %

[P]full bucket LFactor:   99.5176 %

[P]set request:           182006687 
[P]get request:           151482526 

[P]Get Hit Rate:          78.4538 %
[P]ACC Hit Rate:          83.2422 %

[P]total cuckoo num:      5153156 
[P]total cuckoo path:     3011512 
[P]total cp perset:       0.016523 / set
[P]total cp percuckoo:    0.584401 / cuckoo num

[P]cuckoo path / s:       1913.351 / s
[P]cp per set * s:        0.003588 / set * s

[P]break loop / s:        0 / s
[P]break / set :          0 %

[P]Throughput:            965970.553 ops
[P]all request:           333489213 o

[P]GetThroughput:         432744.068 ops
[P]SetThroughput:         533226.485 ops

[P]Valid Entries:         5094.395 / s
[P]set success:           533214.674 / s

[P]expire scan persec:    2685750.178 / s
[P]total expire scan:     409986212
[P]expire hit persec:     524254.208 / s
[P]total expire hit:      69903647

[P]expire hit rate:       19.519843 %
[P]total expire hit rate: 17.050243 %

[P]get found:             339504.300 / s

----------------------------------
[INFO]End rx_queue_2:1808440
Finish the job......

Total Index Entries:     111208985

indexs Load Factor:     99.890602 %

log_0 Load Factor:      1717986918369.662354 %

log_1 Load Factor:      1717986918387.421143 %

log_2 Load Factor:      1717986918369.474609 %

log_3 Load Factor:      14.033694 %

Get Hit Rate:           83.242227%

Max Throughput:         5587133.23

Calc Load Factor:       99.890602%

set request:              56899807 | set_success:              56899807
set_fail:                        0 | set_key_duplicate:         1402322 | set_mica_evicted:                0
set_random:                      0 | set_cuckoo_evicted:        1441051 | set_expire_evicted:       22804111

get request:              47758464
get_found:                38617121 | get_notfound:              9141343 | get_hit_ratio:          80.859219%

clean up:                        0 | test_notfound:                   0
move_to_head_performed:    4569695 | move_to_head_skipped:     34047421 | move_to_head_failed:             5


set request:              53822926 | set_success:              53822926
set_fail:                        0 | set_key_duplicate:         1111319 | set_mica_evicted:                0
set_random:                      0 | set_cuckoo_evicted:        1511096 | set_expire_evicted:       18356263

get request:              46135622
get_found:                38448318 | get_notfound:              7687304 | get_hit_ratio:          83.337595%

clean up:                        0 | test_notfound:                   0
move_to_head_performed:    3670265 | move_to_head_skipped:     34778053 | move_to_head_failed:             0


set request:              56754400 | set_success:              56754400
set_fail:                        0 | set_key_duplicate:         1497042 | set_mica_evicted:                0
set_random:                      0 | set_cuckoo_evicted:        1434758 | set_expire_evicted:       22732366

get request:              47019414
get_found:                37284428 | get_notfound:              9734986 | get_hit_ratio:          79.295816%

clean up:                        0 | test_notfound:                   0
move_to_head_performed:    4882056 | move_to_head_skipped:     32402370 | move_to_head_failed:             2


set request:              29574611 | set_success:              29574611
set_fail:                        0 | set_key_duplicate:          456629 | set_mica_evicted:                0
set_random:                      0 | set_cuckoo_evicted:         766251 | set_expire_evicted:       11362619

get request:              24095448
get_found:                18616285 | get_notfound:              5479163 | get_hit_ratio:          77.260589%

clean up:                        0 | test_notfound:                   0
move_to_head_performed:    2088453 | move_to_head_skipped:     16527832 | move_to_head_failed:             0


[INFO] Everything works fine.
deleting piekv......
