[INFO] 单个Log Size为:2 GB
[INFO] 运行proto
[INFO] reload kv size 64
EAL: Probing VFIO support...
EAL: VFIO support initialized
EAL: PCI device 0000:03:00.0 on NUMA socket 0
EAL:   probe driver: 15b3:1017 net_mlx5
WEN: There are 1 device(s) available
starting port 0...
querying port 0...
port 0: 100 Gbps (full-duplex)
Adding UDP filter for each endpoint.
port_id/queue_id/udp_port = 0 0 0
Flow is created with src_port = 0, dst_port = 0
port_id/queue_id/udp_port = 0 1 1
Flow is created with src_port = 0, dst_port = 1
port_id/queue_id/udp_port = 0 2 2
Flow is created with src_port = 0, dst_port = 2
port_id/queue_id/udp_port = 0 3 3
Flow is created with src_port = 0, dst_port = 3
MEM: Initializing pages...
 == [STAT] Workers Start (4 threads in total) == 

[INFO]Current Time:       4.20 s

[P]indexs Load Factor:    0.0449 %

[P]set request:           17067 

[P]get request:           17028 

[P]Get Hit Rate:          1.8616 %

[P]ACC Hit Rate:          1.8616 %

[P]rx packet:             1340.534 / s

[P]Throughput:            34007.086 ops

[P]all request:           34095 o

[P]GetThroughput:         16984.093 ops

[P]SetThroughput:         17022.993 ops

[P]Valid Entries:         16963.147 / s

[P]mica evicted:          0 / s

[P]set success:           17038.951 / s

[P]setsuccess rate:       100.094  %

[P]get found:             316.183 / s

----------------------------------

[INFO]Current Time:       5.24 s

[P]indexs Load Factor:    0.2709 %

[P]set request:           115616 

[P]get request:           115469 

[P]Get Hit Rate:          2.2734 %

[P]ACC Hit Rate:          2.2127 %

[P]rx packet:             7412.443 / s

[P]Throughput:            189117.614 ops

[P]all request:           231085 o

[P]GetThroughput:         94506.965 ops

[P]SetThroughput:         94610.649 ops

[P]Valid Entries:         94555.927 / s

[P]mica evicted:          0 / s

[P]set success:           94745.054 / s

[P]setsuccess rate:       100.142  %

[P]get found:             2148.562 / s

----------------------------------

[INFO]Current Time:       6.28 s

[P]indexs Load Factor:    2.8257 %

[P]set request:           1363016 

[P]get request:           1357396 

[P]Get Hit Rate:          3.2507 %

[P]ACC Hit Rate:          3.1624 %

[P]rx packet:             57058.589 / s

[P]Throughput:            2412772.192 ops

[P]all request:           2720412 o

[P]GetThroughput:         1203733.752 ops

[P]SetThroughput:         1209038.440 ops

[P]Valid Entries:         1175325.129 / s

[P]mica evicted:          0 / s

[P]set success:           1204927.864 / s

[P]setsuccess rate:        99.660  %

[P]get found:             39129.462 / s

----------------------------------

[INFO]Current Time:       7.31 s

[P]indexs Load Factor:    5.6775 %

[P]set request:           2961725 

[P]get request:           2970243 

[P]Get Hit Rate:          5.4242 %

[P]ACC Hit Rate:          4.3905 %

[P]rx packet:             66125.370 / s

[P]Throughput:            3096200.976 ops

[P]all request:           5931968 o

[P]GetThroughput:         1554915.579 ops

[P]SetThroughput:         1541285.398 ops

[P]Valid Entries:         1501800.485 / s

[P]mica evicted:          0 / s

[P]set success:           1509841.887 / s

[P]setsuccess rate:        97.960  %

[P]get found:             84341.686 / s

----------------------------------

[INFO]Current Time:       8.40 s

[P]indexs Load Factor:    8.5465 %

[P]set request:           4623888 

[P]get request:           4626683 

[P]Get Hit Rate:          7.9320 %

[P]ACC Hit Rate:          5.6585 %

[P]rx packet:             65129.010 / s

[P]Throughput:            3065386.379 ops

[P]all request:           9250571 o

[P]GetThroughput:         1530050.028 ops

[P]SetThroughput:         1535336.351 ops

[P]Valid Entries:         1461667.755 / s

[P]mica evicted:          0 / s

[P]set success:           1551729.216 / s

[P]setsuccess rate:       101.068  %

[P]get found:             121363.734 / s

----------------------------------

[INFO]Current Time:       9.51 s

[P]indexs Load Factor:    11.4263 %

[P]set request:           6358081 

[P]get request:           6352766 

[P]Get Hit Rate:          10.2464 %

[P]ACC Hit Rate:          6.9050 %

[P]rx packet:             64811.949 / s

[P]Throughput:            3108217.679 ops

[P]all request:           12710847 o

[P]GetThroughput:         1550466.407 ops

[P]SetThroughput:         1557751.272 ops

[P]Valid Entries:         1447642.910 / s

[P]mica evicted:          0 / s

[P]set success:           1554638.811 / s

[P]setsuccess rate:        99.800  %

[P]get found:             158866.659 / s

----------------------------------

[INFO]Current Time:       10.64 s

[P]indexs Load Factor:    14.2972 %

[P]set request:           8081525 

[P]get request:           8089367 

[P]Get Hit Rate:          12.8153 %

[P]ACC Hit Rate:          8.1738 %

[P]rx packet:             67824.847 / s

[P]Throughput:            3066551.080 ops

[P]all request:           16170892 o

[P]GetThroughput:         1539105.899 ops

[P]SetThroughput:         1527445.180 ops

[P]Valid Entries:         1436937.900 / s

[P]mica evicted:          0 / s

[P]set success:           1524492.999 / s

[P]setsuccess rate:        99.807  %

[P]get found:             197240.482 / s

----------------------------------

[INFO]Current Time:       11.79 s

[P]indexs Load Factor:    17.1171 %

[P]set request:           9804942 

[P]get request:           9824750 

[P]Get Hit Rate:          15.4035 %

[P]ACC Hit Rate:          9.4508 %

[P]rx packet:             72315.376 / s

[P]Throughput:            3008183.281 ops

[P]all request:           19629692 o

[P]GetThroughput:         1509295.168 ops

[P]SetThroughput:         1498888.113 ops

[P]Valid Entries:         1388375.558 / s

[P]mica evicted:          0 / s

[P]set success:           1531996.567 / s

[P]setsuccess rate:       102.209  %

[P]get found:             232484.524 / s

----------------------------------

[INFO]Current Time:       12.95 s

[P]indexs Load Factor:    19.9179 %

[P]set request:           11580829 

[P]get request:           11531591 

[P]Get Hit Rate:          18.4867 %

[P]ACC Hit Rate:          10.7883 %

[P]rx packet:             68245.210 / s

[P]Throughput:            3003392.882 ops

[P]all request:           23112420 o

[P]GetThroughput:         1471924.914 ops

[P]SetThroughput:         1531467.969 ops

[P]Valid Entries:         1390100.859 / s

[P]mica evicted:          0 / s

[P]set success:           1494204.189 / s

[P]setsuccess rate:        97.567  %

[P]get found:             272109.847 / s

----------------------------------

[INFO]Current Time:       14.11 s

[P]indexs Load Factor:    22.7060 %

[P]set request:           13389510 

[P]get request:           13332889 

[P]Get Hit Rate:          20.0371 %

[P]ACC Hit Rate:          12.0378 %

[P]rx packet:             68865.961 / s

[P]Throughput:            3098842.921 ops

[P]all request:           26722399 o

[P]GetThroughput:         1546252.639 ops

[P]SetThroughput:         1552590.282 ops

[P]Valid Entries:         1392736.269 / s

[P]mica evicted:          0 / s

[P]set success:           1550138.662 / s

[P]setsuccess rate:        99.842  %

[P]get found:             309823.431 / s

----------------------------------

[INFO]Current Time:       15.29 s

[P]indexs Load Factor:    25.4450 %

[P]set request:           15208392 

[P]get request:           15143774 

[P]Get Hit Rate:          22.4297 %

[P]ACC Hit Rate:          13.2804 %

[P]rx packet:             74247.719 / s

[P]Throughput:            3076751.782 ops

[P]all request:           30352166 o

[P]GetThroughput:         1534986.585 ops

[P]SetThroughput:         1541765.197 ops

[P]Valid Entries:         1366611.343 / s

[P]mica evicted:          0 / s

[P]set success:           1521681.110 / s

[P]setsuccess rate:        98.697  %

[P]get found:             344292.824 / s

----------------------------------

[INFO]Current Time:       16.48 s

[P]indexs Load Factor:    28.1413 %

[P]set request:           17018369 

[P]get request:           16965807 

[P]Get Hit Rate:          24.7475 %

[P]ACC Hit Rate:          14.5119 %

[P]rx packet:             71226.819 / s

[P]Throughput:            3062367.049 ops

[P]all request:           33984176 o

[P]GetThroughput:         1536266.095 ops

[P]SetThroughput:         1526100.953 ops

[P]Valid Entries:         1320458.345 / s

[P]mica evicted:          0 / s

[P]set success:           1505926.654 / s

[P]setsuccess rate:        98.678  %

[P]get found:             380187.775 / s

----------------------------------

[INFO]Current Time:       17.67 s

[P]indexs Load Factor:    30.7749 %

[P]set request:           18800381 

[P]get request:           18759850 

[P]Get Hit Rate:          27.2710 %

[P]ACC Hit Rate:          15.7321 %

[P]rx packet:             71798.735 / s

[P]Throughput:            2992008.601 ops

[P]all request:           37560231 o

[P]GetThroughput:         1501037.341 ops

[P]SetThroughput:         1490971.261 ops

[P]Valid Entries:         1303045.723 / s

[P]mica evicted:          0 / s

[P]set success:           1505019.094 / s

[P]setsuccess rate:       100.942  %

[P]get found:             409347.503 / s

----------------------------------

[INFO]Current Time:       18.87 s

[P]indexs Load Factor:    33.3703 %

[P]set request:           20642665 

[P]get request:           20593249 

[P]Get Hit Rate:          29.2517 %

[P]ACC Hit Rate:          16.9358 %

[P]rx packet:             72114.209 / s

[P]Throughput:            3069384.464 ops

[P]all request:           41235914 o

[P]GetThroughput:         1530982.516 ops

[P]SetThroughput:         1538401.948 ops

[P]Valid Entries:         1298424.024 / s

[P]mica evicted:          0 / s

[P]set success:           1518597.033 / s

[P]setsuccess rate:        98.713  %

[P]get found:             447838.099 / s

----------------------------------

[INFO]Current Time:       20.07 s

[P]indexs Load Factor:    35.9174 %

[P]set request:           22494283 

[P]get request:           22415823 

[P]Get Hit Rate:          31.7454 %

[P]ACC Hit Rate:          18.1399 %

[P]rx packet:             73132.600 / s

[P]Throughput:            3062319.372 ops

[P]all request:           44910106 o

[P]GetThroughput:         1519056.072 ops

[P]SetThroughput:         1543263.300 ops

[P]Valid Entries:         1286314.459 / s

[P]mica evicted:          0 / s

[P]set success:           1524254.408 / s

[P]setsuccess rate:        98.768  %

[P]get found:             482230.921 / s

----------------------------------

[INFO]Current Time:       21.27 s

[P]indexs Load Factor:    38.4088 %

[P]set request:           24248958 

[P]get request:           24242335 

[P]Get Hit Rate:          33.5690 %

[P]ACC Hit Rate:          19.3024 %

[P]rx packet:             76653.984 / s

[P]Throughput:            2983536.954 ops

[P]all request:           48491293 o

[P]GetThroughput:         1521692.681 ops

[P]SetThroughput:         1461844.272 ops

[P]Valid Entries:         1271940.106 / s

[P]mica evicted:          0 / s

[P]set success:           1508871.057 / s

[P]setsuccess rate:       103.217  %

[P]get found:             510816.339 / s

----------------------------------

[INFO]Current Time:       22.47 s

[P]indexs Load Factor:    40.8550 %

[P]set request:           26096626 

[P]get request:           26081376 

[P]Get Hit Rate:          35.6893 %

[P]ACC Hit Rate:          20.4578 %

[P]rx packet:             70746.441 / s

[P]Throughput:            3063658.962 ops

[P]all request:           52178002 o

[P]GetThroughput:         1528244.958 ops

[P]SetThroughput:         1535414.004 ops

[P]Valid Entries:         1260554.597 / s

[P]mica evicted:          0 / s

[P]set success:           1532852.859 / s

[P]setsuccess rate:        99.833  %

[P]get found:             545419.213 / s

----------------------------------

[INFO]Current Time:       23.68 s

[P]indexs Load Factor:    43.2442 %

[P]set request:           27952065 

[P]get request:           27887281 

[P]Get Hit Rate:          38.4450 %

[P]ACC Hit Rate:          21.6226 %

[P]rx packet:             75670.157 / s

[P]Throughput:            3040144.790 ops

[P]all request:           55839346 o

[P]GetThroughput:         1499507.470 ops

[P]SetThroughput:         1540637.321 ops

[P]Valid Entries:         1249001.819 / s

[P]mica evicted:          0 / s

[P]set success:           1537132.473 / s

[P]setsuccess rate:        99.773  %

[P]get found:             576486.330 / s

----------------------------------

[INFO]Current Time:       24.88 s

[P]indexs Load Factor:    45.5800 %

[P]set request:           29768331 

[P]get request:           29698143 

[P]Get Hit Rate:          39.1686 %

[P]ACC Hit Rate:          22.6925 %

[P]rx packet:             74670.159 / s

[P]Throughput:            3016721.346 ops

[P]all request:           59466474 o

[P]GetThroughput:         1506113.390 ops

[P]SetThroughput:         1510607.955 ops

[P]Valid Entries:         1211582.990 / s

[P]mica evicted:          0 / s

[P]set success:           1527643.055 / s

[P]setsuccess rate:       101.128  %

[P]get found:             589923.285 / s

----------------------------------

[INFO]Current Time:       26.08 s

[P]indexs Load Factor:    47.8540 %

[P]set request:           31611730 

[P]get request:           31533625 

[P]Get Hit Rate:          41.1283 %

[P]ACC Hit Rate:          23.7656 %

[P]rx packet:             75561.591 / s

[P]Throughput:            3059152.190 ops

[P]all request:           63145355 o

[P]GetThroughput:         1526284.427 ops

[P]SetThroughput:         1532867.763 ops

[P]Valid Entries:         1197827.791 / s

[P]mica evicted:          0 / s

[P]set success:           1530117.015 / s

[P]setsuccess rate:        99.821  %

[P]get found:             627735.218 / s

----------------------------------

[INFO]Current Time:       27.29 s

[P]indexs Load Factor:    50.0550 %

[P]set request:           33419766 

[P]get request:           33333047 

[P]Get Hit Rate:          44.0126 %

[P]ACC Hit Rate:          24.8586 %

[P]rx packet:             76768.131 / s

[P]Throughput:            3000117.088 ops

[P]all request:           66752813 o

[P]GetThroughput:         1496476.658 ops

[P]SetThroughput:         1503640.430 ops

[P]Valid Entries:         1184656.284 / s

[P]mica evicted:          0 / s

[P]set success:           1483225.258 / s

[P]setsuccess rate:        98.642  %

[P]get found:             658637.947 / s

----------------------------------

[INFO]Current Time:       28.48 s

[P]indexs Load Factor:    52.2068 %

[P]set request:           35227151 

[P]get request:           35110444 

[P]Get Hit Rate:          45.8413 %

[P]ACC Hit Rate:          25.9208 %

[P]rx packet:             82941.166 / s

[P]Throughput:            2993857.732 ops

[P]all request:           70337595 o

[P]GetThroughput:         1484406.514 ops

[P]SetThroughput:         1509451.218 ops

[P]Valid Entries:         1148855.245 / s

[P]mica evicted:          0 / s

[P]set success:           1504504.580 / s

[P]setsuccess rate:        99.672  %

[P]get found:             680471.334 / s

----------------------------------

[INFO]Current Time:       29.68 s

[P]indexs Load Factor:    54.2805 %

[P]set request:           37040950 

[P]get request:           36914675 

[P]Get Hit Rate:          47.0991 %

[P]ACC Hit Rate:          26.9559 %

[P]rx packet:             83318.880 / s

[P]Throughput:            3017066.563 ops

[P]all request:           73955625 o

[P]GetThroughput:         1504543.916 ops

[P]SetThroughput:         1512522.648 ops

[P]Valid Entries:         1148513.833 / s

[P]mica evicted:          0 / s

[P]set success:           1508163.865 / s

[P]setsuccess rate:        99.712  %

[P]get found:             708626.174 / s

----------------------------------

[INFO]Current Time:       30.88 s

[P]indexs Load Factor:    56.2701 %

[P]set request:           38802272 

[P]get request:           38651572 

[P]Get Hit Rate:          49.2015 %

[P]ACC Hit Rate:          27.9556 %

[P]rx packet:             90645.159 / s

[P]Throughput:            2925083.639 ops

[P]all request:           77453844 o

[P]GetThroughput:         1452330.171 ops

[P]SetThroughput:         1472753.468 ops

[P]Valid Entries:         1105260.371 / s

[P]mica evicted:          0 / s

[P]set success:           1467553.367 / s

[P]setsuccess rate:        99.647  %

[P]get found:             714567.913 / s

----------------------------------

[INFO]Current Time:       32.07 s

[P]indexs Load Factor:    58.2181 %

[P]set request:           40541216 

[P]get request:           40359810 

[P]Get Hit Rate:          51.7834 %

[P]ACC Hit Rate:          28.9641 %

[P]rx packet:             90269.268 / s

[P]Throughput:            2892790.647 ops

[P]all request:           80901026 o

[P]GetThroughput:         1433511.462 ops

[P]SetThroughput:         1459279.185 ops

[P]Valid Entries:         1092316.973 / s

[P]mica evicted:          0 / s

[P]set success:           1470876.590 / s

[P]setsuccess rate:       100.795  %

[P]get found:             742320.373 / s

----------------------------------

[INFO]Current Time:       33.26 s

[P]indexs Load Factor:    60.1230 %

[P]set request:           42304446 

[P]get request:           42114112 

[P]Get Hit Rate:          52.0961 %

[P]ACC Hit Rate:          29.9277 %

[P]rx packet:             99844.383 / s

[P]Throughput:            2960339.627 ops

[P]all request:           84418558 o

[P]GetThroughput:         1476412.931 ops

[P]SetThroughput:         1483926.697 ops

[P]Valid Entries:         1084548.323 / s

[P]mica evicted:          0 / s

[P]set success:           1458563.528 / s

[P]setsuccess rate:        98.291  %

[P]get found:             769153.621 / s

----------------------------------

[INFO]Current Time:       34.44 s

[P]indexs Load Factor:    61.9735 %

[P]set request:           44058953 

[P]get request:           43858831 

[P]Get Hit Rate:          52.9515 %

[P]ACC Hit Rate:          30.8436 %

[P]rx packet:             96528.985 / s

[P]Throughput:            2957505.776 ops

[P]all request:           87917784 o

[P]GetThroughput:         1474616.535 ops

[P]SetThroughput:         1482889.241 ops

[P]Valid Entries:         1069956.312 / s

[P]mica evicted:          0 / s

[P]set success:           1476055.046 / s

[P]setsuccess rate:        99.539  %

[P]get found:             780831.675 / s

----------------------------------

[INFO]Current Time:       35.62 s

[P]indexs Load Factor:    63.7238 %

[P]set request:           45733200 

[P]get request:           45543131 

[P]Get Hit Rate:          54.0419 %

[P]ACC Hit Rate:          31.7015 %

[P]rx packet:             103472.522 / s

[P]Throughput:            2849133.225 ops

[P]all request:           91276331 o

[P]GetThroughput:         1428830.709 ops

[P]SetThroughput:         1420302.516 ops

[P]Valid Entries:         1020141.692 / s

[P]mica evicted:          0 / s

[P]set success:           1375988.659 / s

[P]setsuccess rate:        96.880  %

[P]get found:             772166.651 / s

----------------------------------

[INFO]Current Time:       36.80 s

[P]indexs Load Factor:    65.5355 %

[P]set request:           47457421 

[P]get request:           47256815 

[P]Get Hit Rate:          54.3505 %

[P]ACC Hit Rate:          32.5228 %

[P]rx packet:             113644.182 / s

[P]Throughput:            2917528.414 ops

[P]all request:           94714236 o

[P]GetThroughput:         1454293.171 ops

[P]SetThroughput:         1463235.244 ops

[P]Valid Entries:         1047531.966 / s

[P]mica evicted:          0 / s

[P]set success:           1454507.876 / s

[P]setsuccess rate:        99.404  %

[P]get found:             790414.912 / s

----------------------------------

[INFO]Current Time:       37.97 s

[P]indexs Load Factor:    67.2634 %

[P]set request:           49165028 

[P]get request:           48954356 

[P]Get Hit Rate:          54.6786 %

[P]ACC Hit Rate:          33.2911 %

[P]rx packet:             113806.027 / s

[P]Throughput:            2909815.854 ops

[P]all request:           98119384 o

[P]GetThroughput:         1450607.056 ops

[P]SetThroughput:         1459208.798 ops

[P]Valid Entries:         1040851.864 / s

[P]mica evicted:          0 / s

[P]set success:           1449638.868 / s

[P]setsuccess rate:        99.344  %

[P]get found:             793171.926 / s

----------------------------------

[INFO]Current Time:       39.14 s

[P]indexs Load Factor:    68.8502 %

[P]set request:           50742669 

[P]get request:           50523592 

[P]Get Hit Rate:          54.8754 %

[P]ACC Hit Rate:          33.9615 %

[P]rx packet:             106618.862 / s

[P]Throughput:            2692056.967 ops

[P]all request:           101266261 o

[P]GetThroughput:         1342433.373 ops

[P]SetThroughput:         1349623.594 ops

[P]Valid Entries:         961133.554 / s

[P]mica evicted:          0 / s

[P]set success:           1341482.091 / s

[P]setsuccess rate:        99.397  %

[P]get found:             736665.228 / s

----------------------------------

[INFO]Current Time:       40.30 s

[P]indexs Load Factor:    70.3590 %

[P]set request:           52218122 

[P]get request:           51992159 

[P]Get Hit Rate:          54.3171 %

[P]ACC Hit Rate:          34.5365 %

[P]rx packet:             100351.036 / s

[P]Throughput:            2537930.874 ops

[P]all request:           104210281 o

[P]GetThroughput:         1265997.354 ops

[P]SetThroughput:         1271933.520 ops

[P]Valid Entries:         903085.187 / s

[P]mica evicted:          0 / s

[P]set success:           1264024.954 / s

[P]setsuccess rate:        99.378  %

[P]get found:             687653.044 / s

----------------------------------

[INFO]Current Time:       41.46 s

[P]indexs Load Factor:    71.8762 %

[P]set request:           53836664 

[P]get request:           53619252 

[P]Get Hit Rate:          55.2888 %

[P]ACC Hit Rate:          35.1662 %

[P]rx packet:             93555.204 / s

[P]Throughput:            2802739.962 ops

[P]all request:           107455916 o

[P]GetThroughput:         1405062.052 ops

[P]SetThroughput:         1397677.910 ops

[P]Valid Entries:         913350.393 / s

[P]mica evicted:          94875.559 / s

[P]set success:           1405741.659 / s

[P]setsuccess rate:       100.577  %

[P]get found:             776841.780 / s

----------------------------------

[INFO]Current Time:       42.61 s

[P]indexs Load Factor:    73.3608 %

[P]set request:           55603293 

[P]get request:           55351996 

[P]Get Hit Rate:          56.2685 %

[P]ACC Hit Rate:          35.8268 %

[P]rx packet:             84446.581 / s

[P]Throughput:            3029660.811 ops

[P]all request:           110955289 o

[P]GetThroughput:         1500162.055 ops

[P]SetThroughput:         1529498.756 ops

[P]Valid Entries:         898388.718 / s

[P]mica evicted:          197827.278 / s

[P]set success:           1521790.783 / s

[P]setsuccess rate:        99.496  %

[P]get found:             844118.636 / s

----------------------------------

[INFO]Current Time:       43.76 s

[P]indexs Load Factor:    74.7930 %

[P]set request:           57336742 

[P]get request:           57073075 

[P]Get Hit Rate:          56.3605 %

[P]ACC Hit Rate:          36.4460 %

[P]rx packet:             84248.852 / s

[P]Throughput:            3009471.983 ops

[P]all request:           114409817 o

[P]GetThroughput:         1499347.821 ops

[P]SetThroughput:         1510124.161 ops

[P]Valid Entries:         874154.577 / s

[P]mica evicted:          220205.841 / s

[P]set success:           1502128.587 / s

[P]setsuccess rate:        99.471  %

[P]get found:             845040.164 / s

----------------------------------

[INFO]Current Time:       44.91 s

[P]indexs Load Factor:    76.1806 %

[P]set request:           59069358 

[P]get request:           58792306 

[P]Get Hit Rate:          56.4716 %

[P]ACC Hit Rate:          37.0316 %

[P]rx packet:             86677.878 / s

[P]Throughput:            3005301.210 ops

[P]all request:           117861664 o

[P]GetThroughput:         1496823.876 ops

[P]SetThroughput:         1508477.334 ops

[P]Valid Entries:         847874.665 / s

[P]mica evicted:          244585.074 / s

[P]set success:           1464711.349 / s

[P]setsuccess rate:        97.099  %

[P]get found:             845280.171 / s

----------------------------------

[INFO]Current Time:       46.05 s

[P]indexs Load Factor:    77.4893 %

[P]set request:           60760107 

[P]get request:           60491074 

[P]Get Hit Rate:          55.9607 %

[P]ACC Hit Rate:          37.5632 %

[P]rx packet:             86036.942 / s

[P]Throughput:            2969751.709 ops

[P]all request:           121251181 o

[P]GetThroughput:         1488388.809 ops

[P]SetThroughput:         1481362.900 ops

[P]Valid Entries:         809465.531 / s

[P]mica evicted:          264065.195 / s

[P]set success:           1474031.211 / s

[P]setsuccess rate:        99.505  %

[P]get found:             832913.266 / s

----------------------------------

[INFO]Current Time:       47.18 s

[P]indexs Load Factor:    78.7710 %

[P]set request:           62457262 

[P]get request:           62195890 

[P]Get Hit Rate:          56.7574 %

[P]ACC Hit Rate:          38.0893 %

[P]rx packet:             87366.814 / s

[P]Throughput:            3001094.227 ops

[P]all request:           124653152 o

[P]GetThroughput:         1503926.240 ops

[P]SetThroughput:         1497167.987 ops

[P]Valid Entries:         803180.644 / s

[P]mica evicted:          292348.061 / s

[P]set success:           1496829.236 / s

[P]setsuccess rate:        99.977  %

[P]get found:             853589.223 / s

----------------------------------

[INFO]Current Time:       48.31 s

[P]indexs Load Factor:    80.0043 %

[P]set request:           64133928 

[P]get request:           63900979 

[P]Get Hit Rate:          55.5246 %

[P]ACC Hit Rate:          38.5545 %

[P]rx packet:             86565.179 / s

[P]Throughput:            2987318.006 ops

[P]all request:           128034907 o

[P]GetThroughput:         1506212.920 ops

[P]SetThroughput:         1481105.087 ops

[P]Valid Entries:         770055.992 / s

[P]mica evicted:          314818.287 / s

[P]set success:           1508181.053 / s

[P]setsuccess rate:       101.828  %

[P]get found:             836317.951 / s

----------------------------------

[INFO]Current Time:       49.44 s

[P]indexs Load Factor:    81.1956 %

[P]set request:           65847598 

[P]get request:           65560738 

[P]Get Hit Rate:          56.8130 %

[P]ACC Hit Rate:          39.0168 %

[P]rx packet:             85361.171 / s

[P]Throughput:            2993656.838 ops

[P]all request:           131408336 o

[P]GetThroughput:         1472907.501 ops

[P]SetThroughput:         1520749.336 ops

[P]Valid Entries:         748276.437 / s

[P]mica evicted:          336285.211 / s

[P]set success:           1510673.541 / s

[P]setsuccess rate:        99.337  %

[P]get found:             836803.045 / s

----------------------------------

[INFO]Current Time:       50.57 s

[P]indexs Load Factor:    82.3421 %

[P]set request:           67565258 

[P]get request:           67245142 

[P]Get Hit Rate:          55.9030 %

[P]ACC Hit Rate:          39.4397 %

[P]rx packet:             86055.249 / s

[P]Throughput:            3027251.207 ops

[P]all request:           134810400 o

[P]GetThroughput:         1498829.546 ops

[P]SetThroughput:         1528421.661 ops

[P]Valid Entries:         726650.308 / s

[P]mica evicted:          368241.898 / s

[P]set success:           1517918.133 / s

[P]setsuccess rate:        99.313  %

[P]get found:             837890.354 / s

----------------------------------

[INFO]Current Time:       51.68 s

[P]indexs Load Factor:    83.4460 %

[P]set request:           69267398 

[P]get request:           68935010 

[P]Get Hit Rate:          55.9361 %

[P]ACC Hit Rate:          39.8441 %

[P]rx packet:             85184.226 / s

[P]Throughput:            3039708.557 ops

[P]all request:           138202408 o

[P]GetThroughput:         1514355.573 ops

[P]SetThroughput:         1525352.983 ops

[P]Valid Entries:         700583.959 / s

[P]mica evicted:          388385.478 / s

[P]set success:           1496774.234 / s

[P]setsuccess rate:        98.126  %

[P]get found:             847071.220 / s

----------------------------------

[INFO]Current Time:       52.80 s

[P]indexs Load Factor:    84.5000 %

[P]set request:           70933972 

[P]get request:           70629236 

[P]Get Hit Rate:          55.8069 %

[P]ACC Hit Rate:          40.2270 %

[P]rx packet:             85449.562 / s

[P]Throughput:            3007927.672 ops

[P]all request:           141563208 o

[P]GetThroughput:         1516338.154 ops

[P]SetThroughput:         1491589.518 ops

[P]Valid Entries:         675590.686 / s

[P]mica evicted:          415772.968 / s

[P]set success:           1516990.611 / s

[P]setsuccess rate:       101.703  %

[P]get found:             846221.309 / s

----------------------------------

[INFO]Current Time:       53.91 s

[P]indexs Load Factor:    85.5124 %

[P]set request:           72563592 

[P]get request:           72293393 

[P]Get Hit Rate:          55.6095 %

[P]ACC Hit Rate:          40.5811 %

[P]rx packet:             85765.993 / s

[P]Throughput:            2972870.587 ops

[P]all request:           144856985 o

[P]GetThroughput:         1502021.357 ops

[P]SetThroughput:         1470849.231 ops

[P]Valid Entries:         645948.149 / s

[P]mica evicted:          436351.999 / s

[P]set success:           1502173.891 / s

[P]setsuccess rate:       102.130  %

[P]get found:             835267.120 / s

----------------------------------

[INFO]Current Time:       55.01 s

[P]indexs Load Factor:    86.4742 %

[P]set request:           74272294 

[P]get request:           73989405 

[P]Get Hit Rate:          55.5669 %

[P]ACC Hit Rate:          40.9246 %

[P]rx packet:             87646.201 / s

[P]Throughput:            3081540.811 ops

[P]all request:           148261699 o

[P]GetThroughput:         1535027.668 ops

[P]SetThroughput:         1546513.142 ops

[P]Valid Entries:         633696.753 / s

[P]mica evicted:          477999.346 / s

[P]set success:           1461481.719 / s

[P]setsuccess rate:        94.502  %

[P]get found:             852967.025 / s

----------------------------------

[INFO]Current Time:       56.11 s

[P]indexs Load Factor:    87.3959 %

[P]set request:           75921870 

[P]get request:           75646902 

[P]Get Hit Rate:          54.7483 %

[P]ACC Hit Rate:          41.2275 %

[P]rx packet:             87832.204 / s

[P]Throughput:            3012117.315 ops

[P]all request:           151568772 o

[P]GetThroughput:         1509665.923 ops

[P]SetThroughput:         1502451.392 ops

[P]Valid Entries:         597213.079 / s

[P]mica evicted:          497653.278 / s

[P]set success:           1508905.396 / s

[P]setsuccess rate:       100.430  %

[P]get found:             826516.037 / s

----------------------------------

[INFO]Current Time:       57.21 s

[P]indexs Load Factor:    88.2731 %

[P]set request:           77602577 

[P]get request:           77314915 

[P]Get Hit Rate:          55.3565 %

[P]ACC Hit Rate:          41.5324 %

[P]rx packet:             86260.324 / s

[P]Throughput:            3052763.842 ops

[P]all request:           154917492 o

[P]GetThroughput:         1520595.862 ops

[P]SetThroughput:         1532167.980 ops

[P]Valid Entries:         577236.663 / s

[P]mica evicted:          527267.975 / s

[P]set success:           1482203.850 / s

[P]setsuccess rate:        96.739  %

[P]get found:             841748.086 / s

----------------------------------

[INFO]Current Time:       58.30 s

[P]indexs Load Factor:    89.1085 %

[P]set request:           79280049 

[P]get request:           78979722 

[P]Get Hit Rate:          54.5042 %

[P]ACC Hit Rate:          41.8058 %

[P]rx packet:             83833.302 / s

[P]Throughput:            3061429.614 ops

[P]all request:           158259771 o

[P]GetThroughput:         1524914.423 ops

[P]SetThroughput:         1536515.191 ops

[P]Valid Entries:         551972.184 / s

[P]mica evicted:          547981.299 / s

[P]set success:           1523051.338 / s

[P]setsuccess rate:        99.124  %

[P]get found:             831142.648 / s

----------------------------------

[INFO]Current Time:       59.38 s

[P]indexs Load Factor:    89.8985 %

[P]set request:           80946006 

[P]get request:           80632848 

[P]Get Hit Rate:          55.0670 %

[P]ACC Hit Rate:          42.0777 %

[P]rx packet:             83974.823 / s

[P]Throughput:            3062446.800 ops

[P]all request:           161578854 o

[P]GetThroughput:         1525303.956 ops

[P]SetThroughput:         1537142.845 ops

[P]Valid Entries:         525285.531 / s

[P]mica evicted:          575575.204 / s

[P]set success:           1522973.270 / s

[P]setsuccess rate:        99.078  %

[P]get found:             839939.227 / s

----------------------------------

[INFO]Current Time:       60.47 s

[P]indexs Load Factor:    90.6515 %

[P]set request:           82610071 

[P]get request:           82284024 

[P]Get Hit Rate:          54.3387 %

[P]ACC Hit Rate:          42.3237 %

[P]rx packet:             83919.295 / s

[P]Throughput:            3058794.881 ops

[P]all request:           164894095 o

[P]GetThroughput:         1523451.446 ops

[P]SetThroughput:         1535343.434 ops

[P]Valid Entries:         499063.081 / s

[P]mica evicted:          607644.712 / s

[P]set success:           1520858.810 / s

[P]setsuccess rate:        99.057  %

[P]get found:             827824.105 / s

----------------------------------

[INFO]Current Time:       61.55 s

[P]indexs Load Factor:    91.3542 %

[P]set request:           84194849 

[P]get request:           83937487 

[P]Get Hit Rate:          54.2419 %

[P]ACC Hit Rate:          42.5585 %

[P]rx packet:             83733.616 / s

[P]Throughput:            2987874.680 ops

[P]all request:           168132336 o

[P]GetThroughput:         1525624.631 ops

[P]SetThroughput:         1462250.048 ops

[P]Valid Entries:         476112.568 / s

[P]mica evicted:          618707.916 / s

[P]set success:           1522573.314 / s

[P]setsuccess rate:       104.125  %

[P]get found:             827528.020 / s

----------------------------------

[INFO]Current Time:       62.62 s

[P]indexs Load Factor:    92.0165 %

[P]set request:           85822539 

[P]get request:           85545635 

[P]Get Hit Rate:          55.5918 %

[P]ACC Hit Rate:          42.8035 %

[P]rx packet:             91267.633 / s

[P]Throughput:            3011239.105 ops

[P]all request:           171368174 o

[P]GetThroughput:         1496526.756 ops

[P]SetThroughput:         1514712.349 ops

[P]Valid Entries:         450635.509 / s

[P]mica evicted:          640710.417 / s

[P]set success:           1443042.015 / s

[P]setsuccess rate:        95.268  %

[P]get found:             831946.701 / s

----------------------------------

[INFO]Current Time:       63.69 s

[P]indexs Load Factor:    92.6362 %

[P]set request:           87402147 

[P]get request:           87138251 

[P]Get Hit Rate:          55.2564 %

[P]ACC Hit Rate:          43.0311 %

[P]rx packet:             90712.330 / s

[P]Throughput:            2963205.295 ops

[P]all request:           174540398 o

[P]GetThroughput:         1487678.097 ops

[P]SetThroughput:         1475527.198 ops

[P]Valid Entries:         421120.018 / s

[P]mica evicted:          677310.820 / s

[P]set success:           1503723.300 / s

[P]setsuccess rate:       101.911  %

[P]get found:             822037.110 / s

----------------------------------

[INFO]Current Time:       64.76 s

[P]indexs Load Factor:    93.2212 %

[P]set request:           89043444 

[P]get request:           88766167 

[P]Get Hit Rate:          54.4597 %

[P]ACC Hit Rate:          43.2407 %

[P]rx packet:             87265.574 / s

[P]Throughput:            3073117.062 ops

[P]all request:           177809611 o

[P]GetThroughput:         1530269.345 ops

[P]SetThroughput:         1542847.717 ops

[P]Valid Entries:         403842.750 / s

[P]mica evicted:          713282.373 / s

[P]set success:           1526690.698 / s

[P]setsuccess rate:        98.953  %

[P]get found:             833379.935 / s

----------------------------------

[INFO]Current Time:       65.82 s

[P]indexs Load Factor:    93.7664 %

[P]set request:           90649506 

[P]get request:           90358514 

[P]Get Hit Rate:          54.2849 %

[P]ACC Hit Rate:          43.4353 %

[P]rx packet:             93434.134 / s

[P]Throughput:            3003785.136 ops

[P]all request:           181008020 o

[P]GetThroughput:         1495452.348 ops

[P]SetThroughput:         1508332.788 ops

[P]Valid Entries:         372989.913 / s

[P]mica evicted:          720314.740 / s

[P]set success:           1492178.472 / s

[P]setsuccess rate:        98.929  %

[P]get found:             811804.834 / s

----------------------------------

[INFO]Current Time:       66.88 s

[P]indexs Load Factor:    94.2799 %

[P]set request:           92288076 

[P]get request:           91984135 

[P]Get Hit Rate:          54.0857 %

[P]ACC Hit Rate:          43.6235 %

[P]rx packet:             84534.929 / s

[P]Throughput:            3080320.088 ops

[P]all request:           184272211 o

[P]GetThroughput:         1534050.251 ops

[P]SetThroughput:         1546269.838 ops

[P]Valid Entries:         356789.471 / s

[P]mica evicted:          761711.790 / s

[P]set success:           1510081.025 / s

[P]setsuccess rate:        97.660  %

[P]get found:             829702.291 / s

----------------------------------

[INFO]Current Time:       67.94 s

[P]indexs Load Factor:    94.7595 %

[P]set request:           93918712 

[P]get request:           93582297 

[P]Get Hit Rate:          54.7215 %

[P]ACC Hit Rate:          43.8131 %

[P]rx packet:             84981.551 / s

[P]Throughput:            3048555.241 ops

[P]all request:           187501009 o

[P]GetThroughput:         1508947.027 ops

[P]SetThroughput:         1539608.215 ops

[P]Valid Entries:         333771.119 / s

[P]mica evicted:          780801.875 / s

[P]set success:           1522850.970 / s

[P]setsuccess rate:        98.912  %

[P]get found:             825719.185 / s

----------------------------------

[INFO]Current Time:       69.00 s

[P]indexs Load Factor:    95.2040 %

[P]set request:           95543717 

[P]get request:           95194459 

[P]Get Hit Rate:          53.2314 %

[P]ACC Hit Rate:          43.9726 %

[P]rx packet:             87666.067 / s

[P]Throughput:            3068593.862 ops

[P]all request:           190738176 o

[P]GetThroughput:         1528209.826 ops

[P]SetThroughput:         1540384.036 ops

[P]Valid Entries:         312090.325 / s

[P]mica evicted:          804487.497 / s

[P]set success:           1503319.193 / s

[P]setsuccess rate:        97.594  %

[P]get found:             813487.103 / s

----------------------------------

[INFO]Current Time:       70.05 s

[P]indexs Load Factor:    95.6167 %

[P]set request:           97173233 

[P]get request:           96770262 

[P]Get Hit Rate:          55.0637 %

[P]ACC Hit Rate:          44.1532 %

[P]rx packet:             86071.970 / s

[P]Throughput:            3040424.531 ops

[P]all request:           193943495 o

[P]GetThroughput:         1494737.372 ops

[P]SetThroughput:         1545687.160 ops

[P]Valid Entries:         291665.789 / s

[P]mica evicted:          827801.017 / s

[P]set success:           1508447.800 / s

[P]setsuccess rate:        97.591  %

[P]get found:             823057.288 / s

----------------------------------

[INFO]Current Time:       71.10 s

[P]indexs Load Factor:    95.9930 %

[P]set request:           98759715 

[P]get request:           98364558 

[P]Get Hit Rate:          52.2074 %

[P]ACC Hit Rate:          44.2837 %

[P]rx packet:             87611.795 / s

[P]Throughput:            3045380.913 ops

[P]all request:           197124273 o

[P]GetThroughput:         1526431.146 ops

[P]SetThroughput:         1518949.767 ops

[P]Valid Entries:         269690.604 / s

[P]mica evicted:          834147.933 / s

[P]set success:           1483201.144 / s

[P]setsuccess rate:        97.646  %

[P]get found:             796909.545 / s

----------------------------------

[INFO]Current Time:       72.14 s

[P]indexs Load Factor:    96.3470 %

[P]set request:           100336317 

[P]get request:           99948001 

[P]Get Hit Rate:          53.4411 %

[P]ACC Hit Rate:          44.4288 %

[P]rx packet:             91805.560 / s

[P]Throughput:            3026042.310 ops

[P]all request:           200284318 o

[P]GetThroughput:         1516296.607 ops

[P]SetThroughput:         1509745.702 ops

[P]Valid Entries:         250009.779 / s

[P]mica evicted:          839857.465 / s

[P]set success:           1491644.290 / s

[P]setsuccess rate:        98.801  %

[P]get found:             810326.202 / s

----------------------------------

[INFO]Current Time:       73.18 s

[P]indexs Load Factor:    96.6725 %

[P]set request:           101908884 

[P]get request:           101504221 

[P]Get Hit Rate:          54.6344 %

[P]ACC Hit Rate:          44.5853 %

[P]rx packet:             87229.590 / s

[P]Throughput:            2998163.332 ops

[P]all request:           203413105 o

[P]GetThroughput:         1491249.401 ops

[P]SetThroughput:         1506913.931 ops

[P]Valid Entries:         233497.984 / s

[P]mica evicted:          874799.813 / s

[P]set success:           1505733.365 / s

[P]setsuccess rate:        99.922  %

[P]get found:             814735.681 / s

----------------------------------

[INFO]Current Time:       74.22 s

[P]indexs Load Factor:    96.9732 %

[P]set request:           103494491 

[P]get request:           103096780 

[P]Get Hit Rate:          52.9997 %

[P]ACC Hit Rate:          44.7152 %

[P]rx packet:             87277.069 / s

[P]Throughput:            3050590.169 ops

[P]all request:           206591271 o

[P]GetThroughput:         1528631.553 ops

[P]SetThroughput:         1521958.616 ops

[P]Valid Entries:         215943.243 / s

[P]mica evicted:          902904.490 / s

[P]set success:           1502706.730 / s

[P]setsuccess rate:        98.735  %

[P]get found:             810170.625 / s

----------------------------------

[INFO]Current Time:       75.26 s

[P]indexs Load Factor:    97.2490 %

[P]set request:           105072080 

[P]get request:           104662073 

[P]Get Hit Rate:          53.5794 %

[P]ACC Hit Rate:          44.8478 %

[P]rx packet:             88319.603 / s

[P]Throughput:            3031089.585 ops

[P]all request:           209734153 o

[P]GetThroughput:         1509615.477 ops

[P]SetThroughput:         1521474.108 ops

[P]Valid Entries:         200318.855 / s

[P]mica evicted:          920935.140 / s

[P]set success:           1502456.514 / s

[P]setsuccess rate:        98.750  %

[P]get found:             808843.303 / s

----------------------------------

[INFO]Current Time:       76.30 s

[P]indexs Load Factor:    97.5015 %

[P]set request:           106669625 

[P]get request:           106225940 

[P]Get Hit Rate:          53.3452 %

[P]ACC Hit Rate:          44.9729 %

[P]rx packet:             88157.807 / s

[P]Throughput:            3059914.677 ops

[P]all request:           212895565 o

[P]GetThroughput:         1513658.955 ops

[P]SetThroughput:         1546255.721 ops

[P]Valid Entries:         185252.188 / s

[P]mica evicted:          937837.930 / s

[P]set success:           1525845.721 / s

[P]setsuccess rate:        98.680  %

[P]get found:             807464.418 / s

----------------------------------

[INFO]Current Time:       77.33 s

[P]indexs Load Factor:    97.7328 %

[P]set request:           108232229 

[P]get request:           107796985 

[P]Get Hit Rate:          52.5296 %

[P]ACC Hit Rate:          45.0830 %

[P]rx packet:             90152.999 / s

[P]Throughput:            3039320.236 ops

[P]all request:           216029214 o

[P]GetThroughput:         1523753.573 ops

[P]SetThroughput:         1515566.663 ops

[P]Valid Entries:         169008.625 / s

[P]mica evicted:          912817.665 / s

[P]set success:           1516484.187 / s

[P]setsuccess rate:       100.061  %

[P]get found:             800421.992 / s

----------------------------------

[INFO]Current Time:       78.35 s

[P]indexs Load Factor:    97.9448 %

[P]set request:           109821701 

[P]get request:           109373850 

[P]Get Hit Rate:          51.5836 %

[P]ACC Hit Rate:          45.1768 %

[P]rx packet:             86016.164 / s

[P]Throughput:            3078444.745 ops

[P]all request:           219195551 o

[P]GetThroughput:         1533093.847 ops

[P]SetThroughput:         1545350.898 ops

[P]Valid Entries:         156104.093 / s

[P]mica evicted:          944086.515 / s

[P]set success:           1525338.275 / s

[P]setsuccess rate:        98.705  %

[P]get found:             790825.256 / s

----------------------------------

[INFO]Current Time:       79.38 s

[P]indexs Load Factor:    98.1384 %

[P]set request:           111379509 

[P]get request:           110938842 

[P]Get Hit Rate:          52.0660 %

[P]ACC Hit Rate:          45.2740 %

[P]rx packet:             88493.980 / s

[P]Throughput:            3043089.035 ops

[P]all request:           222318351 o

[P]GetThroughput:         1525044.830 ops

[P]SetThroughput:         1518044.205 ops

[P]Valid Entries:         142704.972 / s

[P]mica evicted:          966168.100 / s

[P]set success:           1480023.133 / s

[P]setsuccess rate:        97.495  %

[P]get found:             794030.100 / s

----------------------------------

[INFO]Current Time:       80.41 s

[P]indexs Load Factor:    98.3148 %

[P]set request:           112957576 

[P]get request:           112524971 

[P]Get Hit Rate:          51.9218 %

[P]ACC Hit Rate:          45.3677 %

[P]rx packet:             86533.065 / s

[P]Throughput:            3076904.516 ops

[P]all request:           225482547 o

[P]GetThroughput:         1542372.054 ops

[P]SetThroughput:         1534532.462 ops

[P]Valid Entries:         131920.430 / s

[P]mica evicted:          975943.575 / s

[P]set success:           1533837.187 / s

[P]setsuccess rate:        99.955  %

[P]get found:             800827.598 / s

----------------------------------

[INFO]Current Time:       81.43 s

[P]indexs Load Factor:    98.4743 %

[P]set request:           114488862 

[P]get request:           114063901 

[P]Get Hit Rate:          51.7034 %

[P]ACC Hit Rate:          45.4531 %

[P]rx packet:             89971.785 / s

[P]Throughput:            2993647.279 ops

[P]all request:           228552763 o

[P]GetThroughput:         1500550.322 ops

[P]SetThroughput:         1493096.957 ops

[P]Valid Entries:         117721.041 / s

[P]mica evicted:          987656.639 / s

[P]set success:           1493597.163 / s

[P]setsuccess rate:       100.034  %

[P]get found:             775835.405 / s

----------------------------------

[INFO]Current Time:       82.46 s

[P]indexs Load Factor:    98.6205 %

[P]set request:           116066371 

[P]get request:           115628808 

[P]Get Hit Rate:          52.0862 %

[P]ACC Hit Rate:          45.5429 %

[P]rx packet:             86446.545 / s

[P]Throughput:            3056241.908 ops

[P]all request:           231695179 o

[P]GetThroughput:         1521992.746 ops

[P]SetThroughput:         1534249.163 ops

[P]Valid Entries:         109938.173 / s

[P]mica evicted:          1025578.685 / s

[P]set success:           1532487.826 / s

[P]setsuccess rate:        99.885  %

[P]get found:             792748.584 / s

----------------------------------

[INFO]Current Time:       83.49 s

[P]indexs Load Factor:    98.7583 %

[P]set request:           117644752 

[P]get request:           117194399 

[P]Get Hit Rate:          50.4921 %

[P]ACC Hit Rate:          45.6090 %

[P]rx packet:             88541.110 / s

[P]Throughput:            3071541.885 ops

[P]all request:           234839151 o

[P]GetThroughput:         1529523.269 ops

[P]SetThroughput:         1542018.616 ops

[P]Valid Entries:         99487.971 / s

[P]mica evicted:          1029246.314 / s

[P]set success:           1502438.945 / s

[P]setsuccess rate:        97.433  %

[P]get found:             772288.640 / s

----------------------------------

[INFO]Current Time:       84.51 s

[P]indexs Load Factor:    98.8876 %

[P]set request:           119202906 

[P]get request:           118760287 

[P]Get Hit Rate:          50.9718 %

[P]ACC Hit Rate:          45.6797 %

[P]rx packet:             86531.934 / s

[P]Throughput:            3047441.528 ops

[P]all request:           237963193 o

[P]GetThroughput:         1527492.947 ops

[P]SetThroughput:         1519948.582 ops

[P]Valid Entries:         104457.360 / s

[P]mica evicted:          1121445.356 / s

[P]set success:           1520244.152 / s

[P]setsuccess rate:       100.019  %

[P]get found:             778590.357 / s

----------------------------------
[INFO]End rx_queue_0:2639773

[INFO]Current Time:       85.53 s

[P]indexs Load Factor:    98.9486 %

[P]set request:           120485450 

[P]get request:           120034143 

[P]Get Hit Rate:          50.0230 %

[P]ACC Hit Rate:          45.7258 %

[P]rx packet:             40469.976 / s

[P]Throughput:            2500723.874 ops

[P]all request:           240519593 o

[P]GetThroughput:         1246112.546 ops

[P]SetThroughput:         1254611.329 ops

[P]Valid Entries:         70388.862 / s

[P]mica evicted:          883298.245 / s

[P]set success:           1226247.814 / s

[P]setsuccess rate:        97.739  %

[P]get found:             623342.892 / s

----------------------------------
[INFO]End rx_queue_2:2641985
[INFO]End rx_queue_1:2634831
[INFO]End rx_queue_3:1773146
Finish the job......

[INFO]Current Time:       86.55 s

[P]indexs Load Factor:    98.9491 %

[P]set request:           120595153 

[P]get request:           120143843 

[P]Get Hit Rate:          42.8532 %

[P]ACC Hit Rate:          45.7232 %

[P]rx packet:             741.230 / s

[P]Throughput:            215687.166 ops

[P]all request:           240738996 o

[P]GetThroughput:         107842.108 ops

[P]SetThroughput:         107845.057 ops

[P]Valid Entries:         5810.891 / s

[P]mica evicted:          77230.482 / s

[P]set success:           107845.057 / s

[P]setsuccess rate:       100.000  %

[P]get found:             46213.833 / s

----------------------------------

Total Index Entries:      63579395

indexs Load Factor:     98.949070 %

log_0 Load Factor:      858993459185.724731 %

log_1 Load Factor:      858993459185.014038 %

log_2 Load Factor:      858993459185.396729 %

log_3 Load Factor:      858993459198.962769 %

Get Hit Rate:           45.723207%

Max Throughput:         3108217.68

Calc Load Factor:       98.949070%

valid count:            18446744073701887629

set request:              34317036 | set_success:              34307837
set_fail:                     9199 | set_key_duplicate:         8153175 | set_mica_evicted:                0
set_random:                      0 | set_cuckoo_evicted:         393717 | set_expire_evicted:        8119772

get request:              34317036
get_found:                15923693 | get_notfound:             18393343 | get_hit_ratio:          46.401714%

clean up:                        0 | test_notfound:                   0
move_to_head_performed:    6813428 | move_to_head_skipped:      9110262 | move_to_head_failed:             3


valid count:            18446744073701506086

set request:              34252790 | set_success:              34242768
set_fail:                    10022 | set_key_duplicate:         8078871 | set_mica_evicted:                0
set_random:                      0 | set_cuckoo_evicted:         414299 | set_expire_evicted:        8230209

get request:              34252790
get_found:                15481819 | get_notfound:             18770971 | get_hit_ratio:          45.198709%

clean up:                        0 | test_notfound:                   0
move_to_head_performed:    6665465 | move_to_head_skipped:      8816354 | move_to_head_failed:             0


valid count:            18446744073701711578

set request:              34345792 | set_success:              34336282
set_fail:                     9510 | set_key_duplicate:         8214108 | set_mica_evicted:                0
set_random:                      0 | set_cuckoo_evicted:         398799 | set_expire_evicted:        8111708

get request:              34345792
get_found:                15715729 | get_notfound:             18630063 | get_hit_ratio:          45.757364%

clean up:                        0 | test_notfound:                   0
move_to_head_performed:    6762821 | move_to_head_skipped:      8952908 | move_to_head_failed:             0


valid count:            18446744073708994758

set request:              23050885 | set_success:              23048481
set_fail:                     2404 | set_key_duplicate:         4767308 | set_mica_evicted:                0
set_random:                      0 | set_cuckoo_evicted:         238096 | set_expire_evicted:        5619101

get request:              23050885
get_found:                 9195475 | get_notfound:             13855410 | get_hit_ratio:          39.892069%

clean up:                        0 | test_notfound:                   0
move_to_head_performed:    3784244 | move_to_head_skipped:      5411231 | move_to_head_failed:             0


[INFO] Everything works fine.
deleting piekv......
