EAL: Detected 44 lcore(s)
EAL: Detected 1 NUMA nodes
EAL: Multi-process socket /var/run/dpdk/rte/mp_socket
EAL: Selected IOVA mode 'PA'
EAL: No available hugepages reported in hugepages-1048576kB
[INFO] 单个Log Size为:1 GB
[INFO] 运行proto
[INFO] 运行cleanup
[INFO] 运行reload
[INFO] reload kv size 8
EAL: Probing VFIO support...
EAL: VFIO support initialized
EAL: PCI device 0000:03:00.0 on NUMA socket 0
EAL:   probe driver: 15b3:1017 net_mlx5
WEN: There are 1 device(s) available
starting port 0...
querying port 0...
port 0: 100 Gbps (full-duplex)
Adding UDP filter for each endpoint.
port_id/queue_id/udp_port = 0 0 0
Flow is created with src_port = 0, dst_port = 0
port_id/queue_id/udp_port = 0 1 1
Flow is created with src_port = 0, dst_port = 1
port_id/queue_id/udp_port = 0 2 2
Flow is created with src_port = 0, dst_port = 2
port_id/queue_id/udp_port = 0 3 3
Flow is created with src_port = 0, dst_port = 3
MEM: Initializing pages...
 == [STAT] Workers Start (4 threads in total) == 
trigger:50.000000 

[INFO]Current Time:       6.36 s

[P]indexs Load Factor:    0.0430 %

[P]full bucket LFactor:   0.0000 %

[P]set request:           28678 
[P]get request:           18500 

[P]Get Hit Rate:          43.6216 %
[P]ACC Hit Rate:          43.6216 %

[P]total cuckoo num:      0 
[P]total cuckoo path:     0 
[P]total cp perset:       0.000000 / set
[P]total cp percuckoo:    -nan / cuckoo num

[P]cuckoo path / s:       0 / s
[P]cp per set * s:        0 / set * s

[P]break loop / s:        0 / s
[P]break / set :          0 %

[P]Throughput:            69050.510 ops
[P]all request:           47178 o

[P]GetThroughput:         27076.909 ops
[P]SetThroughput:         41973.600 ops

[P]Valid Entries:         40452.903 / s
[P]set success:           41732.104 / s

[P]get found:             11811.387 / s

----------------------------------

[INFO]Current Time:       7.10 s

[P]indexs Load Factor:    0.1597 %

[P]full bucket LFactor:   0.0000 %

[P]set request:           130545 
[P]get request:           88965 

[P]Get Hit Rate:          53.7004 %
[P]ACC Hit Rate:          51.6046 %

[P]total cuckoo num:      0 
[P]total cuckoo path:     0 
[P]total cp perset:       0.000000 / set
[P]total cp percuckoo:    -nan / cuckoo num

[P]cuckoo path / s:       0 / s
[P]cp per set * s:        0 / set * s

[P]break loop / s:        0 / s
[P]break / set :          0 %

[P]Throughput:            231319.637 ops
[P]all request:           219510 o

[P]GetThroughput:         94584.513 ops
[P]SetThroughput:         136735.124 ops

[P]Valid Entries:         134720.346 / s
[P]set success:           136841.165 / s

[P]get found:             50792.279 / s

----------------------------------

[INFO]Current Time:       7.83 s

[P]indexs Load Factor:    1.1247 %

[P]full bucket LFactor:   0.0000 %

[P]set request:           566997 
[P]get request:           403419 

[P]Get Hit Rate:          56.7097 %
[P]ACC Hit Rate:          55.5839 %

[P]total cuckoo num:      0 
[P]total cuckoo path:     0 
[P]total cp perset:       0.000000 / set
[P]total cp percuckoo:    -nan / cuckoo num

[P]cuckoo path / s:       0 / s
[P]cp per set * s:        0 / set * s

[P]break loop / s:        0 / s
[P]break / set :          0 %

[P]Throughput:            1032543.785 ops
[P]all request:           970416 o

[P]GetThroughput:         432394.366 ops
[P]SetThroughput:         600149.420 ops

[P]Valid Entries:         601832.498 / s
[P]set success:           602157.013 / s

[P]get found:             245209.658 / s

----------------------------------

[INFO]Current Time:       8.54 s

[P]indexs Load Factor:    3.7663 %

[P]full bucket LFactor:   0.0001 %

[P]set request:           2930627 
[P]get request:           2131597 

[P]Get Hit Rate:          63.4933 %
[P]ACC Hit Rate:          61.9964 %

[P]total cuckoo num:      0 
[P]total cuckoo path:     0 
[P]total cp perset:       0.000000 / set
[P]total cp percuckoo:    -nan / cuckoo num

[P]cuckoo path / s:       0 / s
[P]cp per set * s:        0 / set * s

[P]break loop / s:        0 / s
[P]break / set :          0 %

[P]Throughput:            5706518.750 ops
[P]all request:           5062224 o

[P]GetThroughput:         2410152.226 ops
[P]SetThroughput:         3296366.524 ops

[P]Valid Entries:         3251027.416 / s
[P]set success:           3207767.687 / s

[P]get found:             1530286.240 / s

----------------------------------

[INFO]Current Time:       9.32 s

[P]indexs Load Factor:    6.5148 %

[P]full bucket LFactor:   0.0016 %

[P]set request:           5385756 
[P]get request:           4067448 

[P]Get Hit Rate:          67.7273 %
[P]ACC Hit Rate:          64.7239 %

[P]total cuckoo num:      0 
[P]total cuckoo path:     0 
[P]total cp perset:       0.000000 / set
[P]total cp percuckoo:    -nan / cuckoo num

[P]cuckoo path / s:       0 / s
[P]cp per set * s:        0 / set * s

[P]break loop / s:        0 / s
[P]break / set :          0 %

[P]Throughput:            5660982.042 ops
[P]all request:           9453204 o

[P]GetThroughput:         2495756.698 ops
[P]SetThroughput:         3165225.344 ops

[P]Valid Entries:         3154354.559 / s
[P]set success:           2902989.567 / s

[P]get found:             1690307.834 / s

----------------------------------

[INFO]Current Time:       10.15 s

[P]indexs Load Factor:    9.3131 %

[P]full bucket LFactor:   0.0121 %

[P]set request:           7964467 
[P]get request:           6079410 

[P]Get Hit Rate:          73.8330 %
[P]ACC Hit Rate:          67.7386 %

[P]total cuckoo num:      0 
[P]total cuckoo path:     0 
[P]total cp perset:       0.000000 / set
[P]total cp percuckoo:    -nan / cuckoo num

[P]cuckoo path / s:       0 / s
[P]cp per set * s:        0 / set * s

[P]break loop / s:        0 / s
[P]break / set :          0 %

[P]Throughput:            5509471.360 ops
[P]all request:           14043878 o

[P]GetThroughput:         2414644.781 ops
[P]SetThroughput:         3094825.379 ops

[P]Valid Entries:         3060024.793 / s
[P]set success:           3069235.901 / s

[P]get found:             1782804.797 / s

----------------------------------

[INFO]Current Time:       11.02 s

[P]indexs Load Factor:    12.0977 %

[P]full bucket LFactor:   0.0492 %

[P]set request:           10607698 
[P]get request:           8217085 

[P]Get Hit Rate:          74.1187 %
[P]ACC Hit Rate:          69.3983 %

[P]total cuckoo num:      0 
[P]total cuckoo path:     0 
[P]total cp perset:       0.000000 / set
[P]total cp percuckoo:    -nan / cuckoo num

[P]cuckoo path / s:       0 / s
[P]cp per set * s:        0 / set * s

[P]break loop / s:        0 / s
[P]break / set :          0 %

[P]Throughput:            5519879.609 ops
[P]all request:           18824783 o

[P]GetThroughput:         2468091.009 ops
[P]SetThroughput:         3051789.755 ops

[P]Valid Entries:         2951854.973 / s
[P]set success:           2918581.480 / s

[P]get found:             1829315.908 / s

----------------------------------

[INFO]Current Time:       11.90 s

[P]indexs Load Factor:    14.9335 %

[P]full bucket LFactor:   0.1411 %

[P]set request:           13285344 
[P]get request:           10304858 

[P]Get Hit Rate:          78.8452 %
[P]ACC Hit Rate:          71.3123 %

[P]total cuckoo num:      3 
[P]total cuckoo path:     0 
[P]total cp perset:       0.000000 / set
[P]total cp percuckoo:    0.000000 / cuckoo num

[P]cuckoo path / s:       0 / s
[P]cp per set * s:        0 / set * s

[P]break loop / s:        0 / s
[P]break / set :          0 %

[P]Throughput:            5397858.254 ops
[P]all request:           23590202 o

[P]GetThroughput:         2364850.335 ops
[P]SetThroughput:         3033007.919 ops

[P]Valid Entries:         2923175.409 / s
[P]set success:           2904494.685 / s

[P]get found:             1864571.206 / s

----------------------------------

[INFO]Current Time:       12.81 s

[P]indexs Load Factor:    17.7682 %

[P]full bucket LFactor:   0.3228 %

[P]set request:           15902034 
[P]get request:           12485129 

[P]Get Hit Rate:          80.3892 %
[P]ACC Hit Rate:          72.8974 %

[P]total cuckoo num:      16 
[P]total cuckoo path:     0 
[P]total cp perset:       0.000000 / set
[P]total cp percuckoo:    0.000000 / cuckoo num

[P]cuckoo path / s:       0 / s
[P]cp per set * s:        0 / set * s

[P]break loop / s:        0 / s
[P]break / set :          0 %

[P]Throughput:            5278665.339 ops
[P]all request:           28387163 o

[P]GetThroughput:         2399210.867 ops
[P]SetThroughput:         2879454.473 ops

[P]Valid Entries:         2861445.021 / s
[P]set success:           2945383.855 / s

[P]get found:             1928705.966 / s

----------------------------------

[INFO]Current Time:       13.73 s

[P]indexs Load Factor:    20.5501 %

[P]full bucket LFactor:   0.6286 %

[P]set request:           18552250 
[P]get request:           14781989 

[P]Get Hit Rate:          78.0947 %
[P]ACC Hit Rate:          73.7049 %

[P]total cuckoo num:      89 
[P]total cuckoo path:     0 
[P]total cp perset:       0.000000 / set
[P]total cp percuckoo:    0.000000 / cuckoo num

[P]cuckoo path / s:       0 / s
[P]cp per set * s:        0 / set * s

[P]break loop / s:        0 / s
[P]break / set :          0 %

[P]Throughput:            5369820.798 ops
[P]all request:           33334239 o

[P]GetThroughput:         2493134.651 ops
[P]SetThroughput:         2876686.147 ops

[P]Valid Entries:         2802563.786 / s
[P]set success:           2844640.304 / s

[P]get found:             1947005.021 / s

----------------------------------

[INFO]Current Time:       14.66 s

[P]indexs Load Factor:    23.3128 %

[P]full bucket LFactor:   1.0780 %

[P]set request:           21146429 
[P]get request:           16911852 

[P]Get Hit Rate:          84.5706 %
[P]ACC Hit Rate:          75.0734 %

[P]total cuckoo num:      294 
[P]total cuckoo path:     2 
[P]total cp perset:       0.000000 / set
[P]total cp percuckoo:    0.006803 / cuckoo num

[P]cuckoo path / s:       2.148 / s
[P]cp per set * s:        0.000001 / set * s

[P]break loop / s:        0 / s
[P]break / set :          0 %

[P]Throughput:            5074061.544 ops
[P]all request:           38058281 o

[P]GetThroughput:         2287671.435 ops
[P]SetThroughput:         2786390.109 ops

[P]Valid Entries:         2712761.018 / s
[P]set success:           2800617.548 / s

[P]get found:             1934696.473 / s

----------------------------------

[INFO]Current Time:       15.60 s

[P]indexs Load Factor:    26.1228 %

[P]full bucket LFactor:   1.7102 %

[P]set request:           23778018 
[P]get request:           19202439 

[P]Get Hit Rate:          80.3001 %
[P]ACC Hit Rate:          75.6968 %

[P]total cuckoo num:      918 
[P]total cuckoo path:     14 
[P]total cp perset:       0.000001 / set
[P]total cp percuckoo:    0.015251 / cuckoo num

[P]cuckoo path / s:       12.806 / s
[P]cp per set * s:        0.000005 / set * s

[P]break loop / s:        0 / s
[P]break / set :          0 %

[P]Throughput:            5252803.089 ops
[P]all request:           42980457 o

[P]GetThroughput:         2444447.835 ops
[P]SetThroughput:         2808355.253 ops

[P]Valid Entries:         2731075.004 / s
[P]set success:           2778893.866 / s

[P]get found:             1962894.428 / s

----------------------------------

[INFO]Current Time:       16.55 s

[P]indexs Load Factor:    28.9515 %

[P]full bucket LFactor:   2.5583 %

[P]set request:           26382895 
[P]get request:           21552618 

[P]Get Hit Rate:          81.2552 %
[P]ACC Hit Rate:          76.3029 %

[P]total cuckoo num:      2364 
[P]total cuckoo path:     45 
[P]total cp perset:       0.000002 / set
[P]total cp percuckoo:    0.019036 / cuckoo num

[P]cuckoo path / s:       32.708 / s
[P]cp per set * s:        0.000012 / set * s

[P]break loop / s:        0 / s
[P]break / set :          0 %

[P]Throughput:            5228092.473 ops
[P]all request:           47935513 o

[P]GetThroughput:         2479679.976 ops
[P]SetThroughput:         2748412.498 ops

[P]Valid Entries:         2746912.142 / s
[P]set success:           2841412.406 / s

[P]get found:             2014869.296 / s

----------------------------------

[INFO]Current Time:       17.50 s

[P]indexs Load Factor:    31.7621 %

[P]full bucket LFactor:   3.6101 %

[P]set request:           29059415 
[P]get request:           23842782 

[P]Get Hit Rate:          84.6127 %
[P]ACC Hit Rate:          77.1011 %

[P]total cuckoo num:      5415 
[P]total cuckoo path:     152 
[P]total cp perset:       0.000005 / set
[P]total cp percuckoo:    0.028070 / cuckoo num

[P]cuckoo path / s:       112.445 / s
[P]cp per set * s:        0.000040 / set * s

[P]break loop / s:        0 / s
[P]break / set :          0 %

[P]Throughput:            5219441.462 ops
[P]all request:           52902197 o

[P]GetThroughput:         2406711.789 ops
[P]SetThroughput:         2812729.673 ops

[P]Valid Entries:         2725996.520 / s
[P]set success:           2779929.276 / s

[P]get found:             2036384.252 / s

----------------------------------

[INFO]Current Time:       18.46 s

[P]indexs Load Factor:    34.5575 %

[P]full bucket LFactor:   4.8776 %

[P]set request:           31784155 
[P]get request:           26151661 

[P]Get Hit Rate:          86.7223 %
[P]ACC Hit Rate:          77.9505 %

[P]total cuckoo num:      11402 
[P]total cuckoo path:     373 
[P]total cp perset:       0.000012 / set
[P]total cp percuckoo:    0.032714 / cuckoo num

[P]cuckoo path / s:       231.075 / s
[P]cp per set * s:        0.000086 / set * s

[P]break loop / s:        0 / s
[P]break / set :          0 %

[P]Throughput:            5263100.661 ops
[P]all request:           57935816 o

[P]GetThroughput:         2414140.322 ops
[P]SetThroughput:         2848960.340 ops

[P]Valid Entries:         2713914.053 / s
[P]set success:           2688362.975 / s

[P]get found:             2093596.995 / s

----------------------------------

[INFO]Current Time:       19.41 s

[P]indexs Load Factor:    37.3264 %

[P]full bucket LFactor:   6.3345 %

[P]set request:           34389844 
[P]get request:           28476171 

[P]Get Hit Rate:          84.8890 %
[P]ACC Hit Rate:          78.5169 %

[P]total cuckoo num:      21841 
[P]total cuckoo path:     896 
[P]total cp perset:       0.000027 / set
[P]total cp percuckoo:    0.041024 / cuckoo num

[P]cuckoo path / s:       547.882 / s
[P]cp per set * s:        0.000200 / set * s

[P]break loop / s:        0 / s
[P]break / set :          0 %

[P]Throughput:            5164756.005 ops
[P]all request:           62866015 o

[P]GetThroughput:         2435099.877 ops
[P]SetThroughput:         2729656.127 ops

[P]Valid Entries:         2677405.153 / s
[P]set success:           2735787.587 / s

[P]get found:             2067131.627 / s

----------------------------------

[INFO]Current Time:       20.37 s

[P]indexs Load Factor:    40.0234 %

[P]full bucket LFactor:   7.9450 %

[P]set request:           37016046 
[P]get request:           30797932 

[P]Get Hit Rate:          85.4041 %
[P]ACC Hit Rate:          79.0361 %

[P]total cuckoo num:      38418 
[P]total cuckoo path:     1965 
[P]total cp perset:       0.000054 / set
[P]total cp percuckoo:    0.051148 / cuckoo num

[P]cuckoo path / s:       1114.415 / s
[P]cp per set * s:        0.000425 / set * s

[P]break loop / s:        0 / s
[P]break / set :          0 %

[P]Throughput:            5158168.336 ops
[P]all request:           67813978 o

[P]GetThroughput:         2420396.853 ops
[P]SetThroughput:         2737771.483 ops

[P]Valid Entries:         2605809.789 / s
[P]set success:           2622290.406 / s

[P]get found:             2067117.016 / s

----------------------------------

[INFO]Current Time:       21.33 s

[P]indexs Load Factor:    42.7072 %

[P]full bucket LFactor:   9.7319 %

[P]set request:           39636596 
[P]get request:           32984202 

[P]Get Hit Rate:          91.5586 %
[P]ACC Hit Rate:          79.8662 %

[P]total cuckoo num:      63730 
[P]total cuckoo path:     3848 
[P]total cp perset:       0.000099 / set
[P]total cp percuckoo:    0.060380 / cuckoo num

[P]cuckoo path / s:       1963.764 / s
[P]cp per set * s:        0.000728 / set * s

[P]break loop / s:        0 / s
[P]break / set :          0 %

[P]Throughput:            5012989.032 ops
[P]all request:           72620798 o

[P]GetThroughput:         2280041.177 ops
[P]SetThroughput:         2732947.855 ops

[P]Valid Entries:         2599186.663 / s
[P]set success:           2698555.397 / s

[P]get found:             2087574.611 / s

----------------------------------

[INFO]Current Time:       22.28 s

[P]indexs Load Factor:    45.3414 %

[P]full bucket LFactor:   11.6516 %

[P]set request:           42132609 
[P]get request:           35244462 

[P]Get Hit Rate:          86.5050 %
[P]ACC Hit Rate:          80.2919 %

[P]total cuckoo num:      100372 
[P]total cuckoo path:     7350 
[P]total cp perset:       0.000178 / set
[P]total cp percuckoo:    0.073228 / cuckoo num

[P]cuckoo path / s:       3662.326 / s
[P]cp per set * s:        0.001420 / set * s

[P]break loop / s:        0 / s
[P]break / set :          0 %

[P]Throughput:            4974020.647 ops
[P]all request:           77377071 o

[P]GetThroughput:         2363737.302 ops
[P]SetThroughput:         2610283.345 ops

[P]Valid Entries:         2560542.856 / s
[P]set success:           2578236.428 / s

[P]get found:             2044751.044 / s

----------------------------------

[INFO]Current Time:       23.24 s

[P]indexs Load Factor:    47.9919 %

[P]full bucket LFactor:   13.7334 %

[P]set request:           44624424 
[P]get request:           37580277 

[P]Get Hit Rate:          87.0560 %
[P]ACC Hit Rate:          80.7123 %

[P]total cuckoo num:      152902 
[P]total cuckoo path:     13413 
[P]total cp perset:       0.000305 / set
[P]total cp percuckoo:    0.087723 / cuckoo num

[P]cuckoo path / s:       6321.691 / s
[P]cp per set * s:        0.002352 / set * s

[P]break loop / s:        0 / s
[P]break / set :          0 %

[P]Throughput:            5033611.479 ops
[P]all request:           82204701 o

[P]GetThroughput:         2435477.697 ops
[P]SetThroughput:         2598133.781 ops

[P]Valid Entries:         2585190.111 / s
[P]set success:           2687351.686 / s

[P]get found:             2120230.396 / s

----------------------------------

[INFO]Current Time:       24.20 s

[P]indexs Load Factor:    50.5560 %

[P]full bucket LFactor:   15.9056 %

[P]set request:           47190134 
[P]get request:           39889051 

[P]Get Hit Rate:          87.5461 %
[P]ACC Hit Rate:          81.1079 %

[P]total cuckoo num:      223711 
[P]total cuckoo path:     22995 
[P]total cp perset:       0.000496 / set
[P]total cp percuckoo:    0.102789 / cuckoo num

[P]cuckoo path / s:       9982.090 / s
[P]cp per set * s:        0.003892 / set * s

[P]break loop / s:        0 / s
[P]break / set :          0 %

[P]Throughput:            5078014.824 ops
[P]all request:           87079185 o

[P]GetThroughput:         2405175.317 ops
[P]SetThroughput:         2672839.508 ops

[P]Valid Entries:         2541459.702 / s
[P]set success:           2564876.256 / s

[P]get found:             2105637.610 / s

----------------------------------

[INFO]Current Time:       25.16 s

[P]indexs Load Factor:    52.9878 %

[P]full bucket LFactor:   18.0706 %

[P]set request:           49598156 
[P]get request:           42059737 

[P]Get Hit Rate:          89.1220 %
[P]ACC Hit Rate:          81.5215 %

[P]total cuckoo num:      302916 
[P]total cuckoo path:     35550 
[P]total cp perset:       0.000729 / set
[P]total cp percuckoo:    0.117359 / cuckoo num

[P]cuckoo path / s:       13142.608 / s
[P]cp per set * s:        0.005270 / set * s

[P]break loop / s:        0 / s
[P]break / set :          0 %

[P]Throughput:            4793003.971 ops
[P]all request:           91657893 o

[P]GetThroughput:         2272280.001 ops
[P]SetThroughput:         2520723.970 ops

[P]Valid Entries:         2425303.715 / s
[P]set success:           2493705.992 / s

[P]expire scan persec:    4960717.468 / s
[P]total expire scan:     4738923
[P]expire hit persec:     10475.355 / s
[P]total expire hit:      10007

[P]expire hit rate:       0.211166 %
[P]total expire hit rate: 0.211166 %

[P]get found:             2025100.569 / s

----------------------------------

[INFO]Current Time:       26.11 s

[P]indexs Load Factor:    55.4143 %

[P]full bucket LFactor:   20.3366 %

[P]set request:           51954443 
[P]get request:           44116848 

[P]Get Hit Rate:          90.2540 %
[P]ACC Hit Rate:          81.9287 %

[P]total cuckoo num:      367715 
[P]total cuckoo path:     47594 
[P]total cp perset:       0.000931 / set
[P]total cp percuckoo:    0.129432 / cuckoo num

[P]cuckoo path / s:       12673.225 / s
[P]cp per set * s:        0.005176 / set * s

[P]break loop / s:        0 / s
[P]break / set :          0 %

[P]Throughput:            4643971.995 ops
[P]all request:           96071292 o

[P]GetThroughput:         2164582.417 ops
[P]SetThroughput:         2479388.526 ops

[P]Valid Entries:         2350158.249 / s
[P]set success:           2448328.392 / s

[P]expire scan persec:    15080147.634 / s
[P]total expire scan:     19070342
[P]expire hit persec:     49484.924 / s
[P]total expire hit:      57035

[P]expire hit rate:       0.328146 %
[P]total expire hit rate: 0.299077 %

[P]get found:             1953621.203 / s

----------------------------------

[INFO]Current Time:       27.05 s

[P]indexs Load Factor:    57.7796 %

[P]full bucket LFactor:   22.6641 %

[P]set request:           54241691 
[P]get request:           46266678 

[P]Get Hit Rate:          85.5994 %
[P]ACC Hit Rate:          82.0992 %

[P]total cuckoo num:      423974 
[P]total cuckoo path:     60166 
[P]total cp perset:       0.001125 / set
[P]total cp percuckoo:    0.141910 / cuckoo num

[P]cuckoo path / s:       13308.563 / s
[P]cp per set * s:        0.005302 / set * s

[P]break loop / s:        0 / s
[P]break / set :          0 %

[P]Throughput:            4697034.658 ops
[P]all request:           100508369 o

[P]GetThroughput:         2275783.363 ops
[P]SetThroughput:         2421252.353 ops

[P]Valid Entries:         2339758.046 / s
[P]set success:           2509977.872 / s

[P]expire scan persec:    14612533.522 / s
[P]total expire scan:     32874144
[P]expire hit persec:     89869.852 / s
[P]total expire hit:      141931

[P]expire hit rate:       0.615019 %
[P]total expire hit rate: 0.431741 %

[P]get found:             1948056.289 / s

----------------------------------

[INFO]Current Time:       28.00 s

[P]indexs Load Factor:    60.2033 %

[P]full bucket LFactor:   25.1516 %

[P]set request:           56678585 
[P]get request:           48437819 

[P]Get Hit Rate:          89.0867 %
[P]ACC Hit Rate:          82.4124 %

[P]total cuckoo num:      471000 
[P]total cuckoo path:     72834 
[P]total cp perset:       0.001301 / set
[P]total cp percuckoo:    0.154637 / cuckoo num

[P]cuckoo path / s:       13388.713 / s
[P]cp per set * s:        0.005102 / set * s

[P]break loop / s:        0 / s
[P]break / set :          0 %

[P]Throughput:            4870197.273 ops
[P]all request:           105116404 o

[P]GetThroughput:         2294662.471 ops
[P]SetThroughput:         2575534.802 ops

[P]Valid Entries:         2405115.127 / s
[P]set success:           2624349.493 / s

[P]expire scan persec:    14489263.739 / s
[P]total expire scan:     46583452
[P]expire hit persec:     145444.251 / s
[P]total expire hit:      279546

[P]expire hit rate:       1.003807 %
[P]total expire hit rate: 0.600097 %

[P]get found:             2044239.209 / s

----------------------------------

[INFO]Current Time:       28.94 s

[P]indexs Load Factor:    62.5244 %

[P]full bucket LFactor:   27.6365 %

[P]set request:           59106518 
[P]get request:           50557949 

[P]Get Hit Rate:          88.6265 %
[P]ACC Hit Rate:          82.6730 %

[P]total cuckoo num:      507087 
[P]total cuckoo path:     84632 
[P]total cp perset:       0.001449 / set
[P]total cp percuckoo:    0.166898 / cuckoo num

[P]cuckoo path / s:       12574.607 / s
[P]cp per set * s:        0.004838 / set * s

[P]break loop / s:        0 / s
[P]break / set :          0 %

[P]Throughput:            4847440.688 ops
[P]all request:           109664467 o

[P]GetThroughput:         2259688.229 ops
[P]SetThroughput:         2587752.459 ops

[P]Valid Entries:         2337782.316 / s
[P]set success:           2599300.677 / s

[P]expire scan persec:    13627960.118 / s
[P]total expire scan:     59369750
[P]expire hit persec:     198631.469 / s
[P]total expire hit:      465910

[P]expire hit rate:       1.457529 %
[P]total expire hit rate: 0.784760 %

[P]get found:             2002681.507 / s

----------------------------------

[INFO]Current Time:       29.87 s

[P]indexs Load Factor:    64.8479 %

[P]full bucket LFactor:   30.2046 %

[P]set request:           61611099 
[P]get request:           52770997 

[P]Get Hit Rate:          85.3901 %
[P]ACC Hit Rate:          82.7870 %

[P]total cuckoo num:      534700 
[P]total cuckoo path:     95384 
[P]total cp perset:       0.001567 / set
[P]total cp percuckoo:    0.178388 / cuckoo num

[P]cuckoo path / s:       11568.470 / s
[P]cp per set * s:        0.004339 / set * s

[P]break loop / s:        0 / s
[P]break / set :          0 %

[P]Throughput:            5075869.366 ops
[P]all request:           114382096 o

[P]GetThroughput:         2381099.181 ops
[P]SetThroughput:         2694770.185 ops

[P]Valid Entries:         2347864.578 / s
[P]set success:           2666161.033 / s

[P]expire scan persec:    13344782.655 / s
[P]total expire scan:     71772696
[P]expire hit persec:     259538.485 / s
[P]total expire hit:      707131

[P]expire hit rate:       1.944869 %
[P]total expire hit rate: 0.985237 %

[P]get found:             2033224.155 / s

----------------------------------

[INFO]Current Time:       30.79 s

[P]indexs Load Factor:    67.0315 %

[P]full bucket LFactor:   32.7223 %

[P]set request:           64003546 
[P]get request:           54909984 

[P]Get Hit Rate:          84.9392 %
[P]ACC Hit Rate:          82.8708 %

[P]total cuckoo num:      555447 
[P]total cuckoo path:     104899 
[P]total cp perset:       0.001658 / set
[P]total cp percuckoo:    0.188855 / cuckoo num

[P]cuckoo path / s:       10298.924 / s
[P]cp per set * s:        0.004019 / set * s

[P]break loop / s:        0 / s
[P]break / set :          0 %

[P]Throughput:            4904770.615 ops
[P]all request:           118913530 o

[P]GetThroughput:         2315214.253 ops
[P]SetThroughput:         2589556.362 ops

[P]Valid Entries:         2241119.370 / s
[P]set success:           2562447.950 / s

[P]expire scan persec:    12562894.313 / s
[P]total expire scan:     83379340
[P]expire hit persec:     318355.260 / s
[P]total expire hit:      1001254

[P]expire hit rate:       2.534092 %
[P]total expire hit rate: 1.200842 %

[P]get found:             1966525.064 / s

----------------------------------

[INFO]Current Time:       31.71 s

[P]indexs Load Factor:    69.1848 %

[P]full bucket LFactor:   35.2535 %

[P]set request:           66441134 
[P]get request:           56978878 

[P]Get Hit Rate:          85.9933 %
[P]ACC Hit Rate:          82.9842 %

[P]total cuckoo num:      571365 
[P]total cuckoo path:     113342 
[P]total cp perset:       0.001727 / set
[P]total cp percuckoo:    0.198371 / cuckoo num

[P]cuckoo path / s:       9150.150 / s
[P]cp per set * s:        0.003555 / set * s

[P]break loop / s:        0 / s
[P]break / set :          0 %

[P]Throughput:            4883925.991 ops
[P]all request:           123420012 o

[P]GetThroughput:         2242175.866 ops
[P]SetThroughput:         2641750.126 ops

[P]Valid Entries:         2197609.660 / s
[P]set success:           2573810.558 / s

[P]expire scan persec:    12220647.117 / s
[P]total expire scan:     94655540
[P]expire hit persec:     375605.917 / s
[P]total expire hit:      1347832

[P]expire hit rate:       3.073535 %
[P]total expire hit rate: 1.423934 %

[P]get found:             1928120.776 / s

----------------------------------

[INFO]Current Time:       32.63 s

[P]indexs Load Factor:    71.2841 %

[P]full bucket LFactor:   37.8064 %

[P]set request:           68859052 
[P]get request:           59126672 

[P]Get Hit Rate:          84.2183 %
[P]ACC Hit Rate:          83.0290 %

[P]total cuckoo num:      584269 
[P]total cuckoo path:     121459 
[P]total cp perset:       0.001787 / set
[P]total cp percuckoo:    0.207882 / cuckoo num

[P]cuckoo path / s:       8881.425 / s
[P]cp per set * s:        0.003444 / set * s

[P]break loop / s:        0 / s
[P]break / set :          0 %

[P]Throughput:            4995691.468 ops
[P]all request:           127985724 o

[P]GetThroughput:         2350064.165 ops
[P]SetThroughput:         2645627.303 ops

[P]Valid Entries:         2182016.273 / s
[P]set success:           2578693.288 / s

[P]expire scan persec:    12113453.695 / s
[P]total expire scan:     105726388
[P]expire hit persec:     447278.268 / s
[P]total expire hit:      1756613

[P]expire hit rate:       3.692409 %
[P]total expire hit rate: 1.661471 %

[P]get found:             1979184.533 / s

----------------------------------

[INFO]Current Time:       33.53 s

[P]indexs Load Factor:    73.3236 %

[P]full bucket LFactor:   40.3563 %

[P]set request:           71272793 
[P]get request:           61264062 

[P]Get Hit Rate:          83.9281 %
[P]ACC Hit Rate:          83.0604 %

[P]total cuckoo num:      594383 
[P]total cuckoo path:     128587 
[P]total cp perset:       0.001827 / set
[P]total cp percuckoo:    0.216337 / cuckoo num

[P]cuckoo path / s:       7883.621 / s
[P]cp per set * s:        0.002979 / set * s

[P]break loop / s:        0 / s
[P]break / set :          0 %

[P]Throughput:            5033584.419 ops
[P]all request:           132536855 o

[P]GetThroughput:         2363969.089 ops
[P]SetThroughput:         2669615.331 ops

[P]Valid Entries:         2140071.169 / s
[P]set success:           2646265.303 / s

[P]expire scan persec:    11977721.358 / s
[P]total expire scan:     116556082
[P]expire hit persec:     531257.367 / s
[P]total expire hit:      2236951

[P]expire hit rate:       4.435379 %
[P]total expire hit rate: 1.919206 %

[P]get found:             1984034.543 / s

----------------------------------

[INFO]Current Time:       34.43 s

[P]indexs Load Factor:    75.3188 %

[P]full bucket LFactor:   42.9207 %

[P]set request:           73773276 
[P]get request:           63333592 

[P]Get Hit Rate:          87.7734 %
[P]ACC Hit Rate:          83.2144 %

[P]total cuckoo num:      602683 
[P]total cuckoo path:     135120 
[P]total cp perset:       0.001856 / set
[P]total cp percuckoo:    0.224197 / cuckoo num

[P]cuckoo path / s:       7247.856 / s
[P]cp per set * s:        0.002676 / set * s

[P]break loop / s:        0 / s
[P]break / set :          0 %

[P]Throughput:            5070074.169 ops
[P]all request:           137106868 o

[P]GetThroughput:         2295982.658 ops
[P]SetThroughput:         2774091.511 ops

[P]Valid Entries:         2119524.609 / s
[P]set success:           2708040.947 / s

[P]expire scan persec:    12039836.489 / s
[P]total expire scan:     127408430
[P]expire hit persec:     621350.799 / s
[P]total expire hit:      2797018

[P]expire hit rate:       5.160791 %
[P]total expire hit rate: 2.195316 %

[P]get found:             2015261.105 / s

----------------------------------

[INFO]Current Time:       35.33 s

[P]indexs Load Factor:    77.1961 %

[P]full bucket LFactor:   45.4127 %

[P]set request:           76171157 
[P]get request:           65445465 

[P]Get Hit Rate:          83.2833 %
[P]ACC Hit Rate:          83.2166 %

[P]total cuckoo num:      609530 
[P]total cuckoo path:     141205 
[P]total cp perset:       0.001879 / set
[P]total cp percuckoo:    0.231662 / cuckoo num

[P]cuckoo path / s:       6821.038 / s
[P]cp per set * s:        0.002599 / set * s

[P]break loop / s:        0 / s
[P]break / set :          0 %

[P]Throughput:            5055251.288 ops
[P]all request:           141616622 o

[P]GetThroughput:         2367323.961 ops
[P]SetThroughput:         2687927.327 ops

[P]Valid Entries:         2017591.344 / s
[P]set success:           2624609.933 / s

[P]expire scan persec:    11720339.321 / s
[P]total expire scan:     137864062
[P]expire hit persec:     692805.615 / s
[P]total expire hit:      3415065

[P]expire hit rate:       5.911140 %
[P]total expire hit rate: 2.477125 %

[P]get found:             1971586.048 / s

----------------------------------

[INFO]Current Time:       36.21 s

[P]indexs Load Factor:    79.0169 %

[P]full bucket LFactor:   47.9055 %

[P]set request:           78436593 
[P]get request:           67570653 

[P]Get Hit Rate:          81.5839 %
[P]ACC Hit Rate:          83.1653 %

[P]total cuckoo num:      615240 
[P]total cuckoo path:     146648 
[P]total cp perset:       0.001890 / set
[P]total cp percuckoo:    0.238359 / cuckoo num

[P]cuckoo path / s:       6148.838 / s
[P]cp per set * s:        0.002226 / set * s

[P]break loop / s:        0 / s
[P]break / set :          0 %

[P]Throughput:            4959993.062 ops
[P]all request:           146007247 o

[P]GetThroughput:         2400778.417 ops
[P]SetThroughput:         2559213.516 ops

[P]Valid Entries:         1976974.016 / s
[P]set success:           2761727.526 / s

[P]expire scan persec:    11817011.688 / s
[P]total expire scan:     148324574
[P]expire hit persec:     788345.887 / s
[P]total expire hit:      4112915

[P]expire hit rate:       6.671280 %
[P]total expire hit rate: 2.772915 %

[P]get found:             1958649.507 / s

----------------------------------

[INFO]Current Time:       37.09 s

[P]indexs Load Factor:    80.7203 %

[P]full bucket LFactor:   50.3092 %

[P]set request:           80887650 
[P]get request:           69647142 

[P]Get Hit Rate:          82.6755 %
[P]ACC Hit Rate:          83.1507 %

[P]total cuckoo num:      620149 
[P]total cuckoo path:     151958 
[P]total cp perset:       0.001899 / set
[P]total cp percuckoo:    0.245035 / cuckoo num

[P]cuckoo path / s:       6037.404 / s
[P]cp per set * s:        0.002213 / set * s

[P]break loop / s:        0 / s
[P]break / set :          0 %

[P]Throughput:            5147762.461 ops
[P]all request:           150534792 o

[P]GetThroughput:         2360942.216 ops
[P]SetThroughput:         2786821.382 ops

[P]Valid Entries:         1904177.919 / s
[P]set success:           2727669.603 / s

[P]expire scan persec:    11770858.411 / s
[P]total expire scan:     158677245
[P]expire hit persec:     877757.828 / s
[P]total expire hit:      4884918

[P]expire hit rate:       7.457042 %
[P]total expire hit rate: 3.078525 %

[P]get found:             1951920.028 / s

----------------------------------

[INFO]Current Time:       37.96 s

[P]indexs Load Factor:    82.3508 %

[P]full bucket LFactor:   52.6719 %

[P]set request:           83266624 
[P]get request:           71691925 

[P]Get Hit Rate:          82.3925 %
[P]ACC Hit Rate:          83.1290 %

[P]total cuckoo num:      624411 
[P]total cuckoo path:     157071 
[P]total cp perset:       0.001908 / set
[P]total cp percuckoo:    0.251551 / cuckoo num

[P]cuckoo path / s:       5866.734 / s
[P]cp per set * s:        0.002196 / set * s

[P]break loop / s:        0 / s
[P]break / set :          0 %

[P]Throughput:            5075886.051 ops
[P]all request:           154958549 o

[P]GetThroughput:         2346215.108 ops
[P]SetThroughput:         2729670.943 ops

[P]Valid Entries:         1787180.651 / s
[P]set success:           2671911.209 / s

[P]expire scan persec:    11525809.844 / s
[P]total expire scan:     168722266
[P]expire hit persec:     915801.415 / s
[P]total expire hit:      5683061

[P]expire hit rate:       7.945658 %
[P]total expire hit rate: 3.368293 %

[P]get found:             1933105.474 / s

----------------------------------

[INFO]Current Time:       38.82 s

[P]indexs Load Factor:    83.8992 %

[P]full bucket LFactor:   54.9895 %

[P]set request:           85675394 
[P]get request:           73723572 

[P]Get Hit Rate:          82.1487 %
[P]ACC Hit Rate:          83.1020 %

[P]total cuckoo num:      628325 
[P]total cuckoo path:     162064 
[P]total cp perset:       0.001915 / set
[P]total cp percuckoo:    0.257930 / cuckoo num

[P]cuckoo path / s:       5793.883 / s
[P]cp per set * s:        0.002176 / set * s

[P]break loop / s:        0 / s
[P]break / set :          0 %

[P]Throughput:            5152665.474 ops
[P]all request:           159398966 o

[P]GetThroughput:         2357525.735 ops
[P]SetThroughput:         2795139.739 ops

[P]Valid Entries:         1748204.837 / s
[P]set success:           2662855.156 / s

[P]expire scan persec:    11755560.988 / s
[P]total expire scan:     178852866
[P]expire hit persec:     1057554.895 / s
[P]total expire hit:      6594431

[P]expire hit rate:       8.996210 %
[P]total expire hit rate: 3.687070 %

[P]get found:             1936677.209 / s

----------------------------------

[INFO]Current Time:       39.68 s

[P]indexs Load Factor:    85.3508 %

[P]full bucket LFactor:   57.2352 %

[P]set request:           88067724 
[P]get request:           75770966 

[P]Get Hit Rate:          80.4896 %
[P]ACC Hit Rate:          83.0314 %

[P]total cuckoo num:      631817 
[P]total cuckoo path:     167052 
[P]total cp perset:       0.001921 / set
[P]total cp percuckoo:    0.264399 / cuckoo num

[P]cuckoo path / s:       5801.821 / s
[P]cp per set * s:        0.002123 / set * s

[P]break loop / s:        0 / s
[P]break / set :          0 %

[P]Throughput:            5164091.020 ops
[P]all request:           163838690 o

[P]GetThroughput:         2381438.344 ops
[P]SetThroughput:         2782652.676 ops

[P]Valid Entries:         1655824.493 / s
[P]set success:           2732234.522 / s

[P]expire scan persec:    11716301.558 / s
[P]total expire scan:     188925722
[P]expire hit persec:     1144703.563 / s
[P]total expire hit:      7578567

[P]expire hit rate:       9.770178 %
[P]total expire hit rate: 4.011400 %

[P]get found:             1916809.917 / s

----------------------------------

[INFO]Current Time:       40.53 s

[P]indexs Load Factor:    86.6998 %

[P]full bucket LFactor:   59.3992 %

[P]set request:           90403824 
[P]get request:           77801113 

[P]Get Hit Rate:          80.2944 %
[P]ACC Hit Rate:          82.9600 %

[P]total cuckoo num:      635050 
[P]total cuckoo path:     171990 
[P]total cp perset:       0.001925 / set
[P]total cp percuckoo:    0.270829 / cuckoo num

[P]cuckoo path / s:       5804.182 / s
[P]cp per set * s:        0.002077 / set * s

[P]break loop / s:        0 / s
[P]break / set :          0 %

[P]Throughput:            5132136.557 ops
[P]all request:           168204937 o

[P]GetThroughput:         2386257.954 ops
[P]SetThroughput:         2745878.602 ops

[P]Valid Entries:         1575295.779 / s
[P]set success:           2794305.553 / s

[P]expire scan persec:    11780503.294 / s
[P]total expire scan:     198948173
[P]expire hit persec:     1202797.324 / s
[P]total expire hit:      8601866

[P]expire hit rate:       10.210067 %
[P]total expire hit rate: 4.323672 %

[P]get found:             1916031.092 / s

----------------------------------

[INFO]Current Time:       41.38 s

[P]indexs Load Factor:    87.9525 %

[P]full bucket LFactor:   61.4636 %

[P]set request:           92666099 
[P]get request:           79764168 

[P]Get Hit Rate:          81.4749 %
[P]ACC Hit Rate:          82.9235 %

[P]total cuckoo num:      637910 
[P]total cuckoo path:     176573 
[P]total cp perset:       0.001928 / set
[P]total cp percuckoo:    0.276799 / cuckoo num

[P]cuckoo path / s:       5439.911 / s
[P]cp per set * s:        0.002059 / set * s

[P]break loop / s:        0 / s
[P]break / set :          0 %

[P]Throughput:            5015364.909 ops
[P]all request:           172430267 o

[P]GetThroughput:         2330098.989 ops
[P]SetThroughput:         2685265.920 ops

[P]Valid Entries:         1456818.262 / s
[P]set success:           2641417.843 / s

[P]expire scan persec:    11542541.861 / s
[P]total expire scan:     208672500
[P]expire hit persec:     1304233.696 / s
[P]total expire hit:      9700653

[P]expire hit rate:       11.299363 %
[P]total expire hit rate: 4.648745 %

[P]get found:             1898445.705 / s

----------------------------------

[INFO]Current Time:       42.21 s

[P]indexs Load Factor:    89.1088 %

[P]full bucket LFactor:   63.4402 %

[P]set request:           94961031 
[P]get request:           81682758 

[P]Get Hit Rate:          82.6802 %
[P]ACC Hit Rate:          82.9177 %

[P]total cuckoo num:      640540 
[P]total cuckoo path:     181514 
[P]total cp perset:       0.001934 / set
[P]total cp percuckoo:    0.283377 / cuckoo num

[P]cuckoo path / s:       5898.786 / s
[P]cp per set * s:        0.002183 / set * s

[P]break loop / s:        0 / s
[P]break / set :          0 %

[P]Throughput:            5030290.022 ops
[P]all request:           176643789 o

[P]GetThroughput:         2290498.100 ops
[P]SetThroughput:         2739791.923 ops

[P]Valid Entries:         1376296.162 / s
[P]set success:           2701602.031 / s

[P]expire scan persec:    11576265.908 / s
[P]total expire scan:     218369128
[P]expire hit persec:     1371173.375 / s
[P]total expire hit:      10849189

[P]expire hit rate:       11.844695 %
[P]total expire hit rate: 4.968280 %

[P]get found:             1893788.351 / s

----------------------------------

[INFO]Current Time:       43.04 s

[P]indexs Load Factor:    90.1763 %

[P]full bucket LFactor:   65.3247 %

[P]set request:           97217395 
[P]get request:           83634602 

[P]Get Hit Rate:          80.9716 %
[P]ACC Hit Rate:          82.8723 %

[P]total cuckoo num:      642946 
[P]total cuckoo path:     186457 
[P]total cp perset:       0.001939 / set
[P]total cp percuckoo:    0.290004 / cuckoo num

[P]cuckoo path / s:       5962.412 / s
[P]cp per set * s:        0.002140 / set * s

[P]break loop / s:        0 / s
[P]break / set :          0 %

[P]Throughput:            5076081.138 ops
[P]all request:           180851997 o

[P]GetThroughput:         2354379.468 ops
[P]SetThroughput:         2721701.670 ops

[P]Valid Entries:         1307501.543 / s
[P]set success:           2785885.350 / s

[P]expire scan persec:    11651672.055 / s
[P]total expire scan:     228028678
[P]expire hit persec:     1476739.711 / s
[P]total expire hit:      12073446

[P]expire hit rate:       12.674058 %
[P]total expire hit rate: 5.294705 %

[P]get found:             1906379.550 / s

----------------------------------

[INFO]Current Time:       43.87 s

[P]indexs Load Factor:    91.1719 %

[P]full bucket LFactor:   67.1394 %

[P]set request:           99397257 
[P]get request:           85514918 

[P]Get Hit Rate:          79.3482 %
[P]ACC Hit Rate:          82.7948 %

[P]total cuckoo num:      645075 
[P]total cuckoo path:     191176 
[P]total cp perset:       0.001943 / set
[P]total cp percuckoo:    0.296362 / cuckoo num

[P]cuckoo path / s:       5719.286 / s
[P]cp per set * s:        0.002115 / set * s

[P]break loop / s:        0 / s
[P]break / set :          0 %

[P]Throughput:            4920813.257 ops
[P]all request:           184912175 o

[P]GetThroughput:         2278886.271 ops
[P]SetThroughput:         2641926.987 ops

[P]Valid Entries:         1185914.907 / s
[P]set success:           2703908.336 / s

[P]expire scan persec:    11308225.151 / s
[P]total expire scan:     237359129
[P]expire hit persec:     1535811.810 / s
[P]total expire hit:      13340649

[P]expire hit rate:       13.581369 %
[P]total expire hit rate: 5.620449 %

[P]get found:             1808255.357 / s

----------------------------------

[INFO]Current Time:       44.69 s

[P]indexs Load Factor:    92.1010 %

[P]full bucket LFactor:   68.8887 %

[P]set request:           101627170 
[P]get request:           87402853 

[P]Get Hit Rate:          82.0797 %
[P]ACC Hit Rate:          82.7794 %

[P]total cuckoo num:      647019 
[P]total cuckoo path:     196054 
[P]total cp perset:       0.001948 / set
[P]total cp percuckoo:    0.303011 / cuckoo num

[P]cuckoo path / s:       5971.071 / s
[P]cp per set * s:        0.002169 / set * s

[P]break loop / s:        0 / s
[P]break / set :          0 %

[P]Throughput:            5040582.736 ops
[P]all request:           189030023 o

[P]GetThroughput:         2310986.847 ops
[P]SetThroughput:         2729595.888 ops

[P]Valid Entries:         1139779.274 / s
[P]set success:           2753019.917 / s

[P]expire scan persec:    11674389.930 / s
[P]total expire scan:     246896392
[P]expire hit persec:     1675247.731 / s
[P]total expire hit:      14709224

[P]expire hit rate:       14.349767 %
[P]total expire hit rate: 5.957650 %

[P]get found:             1896851.825 / s

----------------------------------

[INFO]Current Time:       45.50 s

[P]indexs Load Factor:    92.9294 %

[P]full bucket LFactor:   70.4990 %

[P]set request:           103842327 
[P]get request:           89242392 

[P]Get Hit Rate:          81.8812 %
[P]ACC Hit Rate:          82.7609 %

[P]total cuckoo num:      648956 
[P]total cuckoo path:     201342 
[P]total cp perset:       0.001957 / set
[P]total cp percuckoo:    0.310255 / cuckoo num

[P]cuckoo path / s:       6479.431 / s
[P]cp per set * s:        0.002363 / set * s

[P]break loop / s:        0 / s
[P]break / set :          0 %

[P]Throughput:            4968254.090 ops
[P]all request:           193084720 o

[P]GetThroughput:         2254002.497 ops
[P]SetThroughput:         2714250.368 ops

[P]Valid Entries:         1033536.565 / s
[P]set success:           2741965.618 / s

[P]expire scan persec:    11442406.016 / s
[P]total expire scan:     256234781
[P]expire hit persec:     1717833.294 / s
[P]total expire hit:      16111184

[P]expire hit rate:       15.012868 %
[P]total expire hit rate: 6.287665 %

[P]get found:             1845603.548 / s

----------------------------------

[INFO]Current Time:       46.31 s

[P]indexs Load Factor:    93.7043 %

[P]full bucket LFactor:   72.0442 %

[P]set request:           106002868 
[P]get request:           91097232 

[P]Get Hit Rate:          81.7148 %
[P]ACC Hit Rate:          82.7396 %

[P]total cuckoo num:      650701 
[P]total cuckoo path:     206797 
[P]total cp perset:       0.001967 / set
[P]total cp percuckoo:    0.317806 / cuckoo num

[P]cuckoo path / s:       6773.636 / s
[P]cp per set * s:        0.002412 / set * s

[P]break loop / s:        0 / s
[P]break / set :          0 %

[P]Throughput:            4986017.310 ops
[P]all request:           197100100 o

[P]GetThroughput:         2303210.243 ops
[P]SetThroughput:         2682808.308 ops

[P]Valid Entries:         976276.588 / s
[P]set success:           2808843.891 / s

[P]expire scan persec:    11732718.180 / s
[P]total expire scan:     265683469
[P]expire hit persec:     1836424.115 / s
[P]total expire hit:      17590108

[P]expire hit rate:       15.652163 %
[P]total expire hit rate: 6.620701 %

[P]get found:             1882063.897 / s

----------------------------------

[INFO]Current Time:       47.11 s

[P]indexs Load Factor:    94.4092 %

[P]full bucket LFactor:   73.4973 %

[P]set request:           108189336 
[P]get request:           92970811 

[P]Get Hit Rate:          80.0920 %
[P]ACC Hit Rate:          82.6862 %

[P]total cuckoo num:      652355 
[P]total cuckoo path:     212374 
[P]total cp perset:       0.001979 / set
[P]total cp percuckoo:    0.325550 / cuckoo num

[P]cuckoo path / s:       6938.010 / s
[P]cp per set * s:        0.002569 / set * s

[P]break loop / s:        0 / s
[P]break / set :          0 %

[P]Throughput:            5050860.272 ops
[P]all request:           201160147 o

[P]GetThroughput:         2330806.943 ops
[P]SetThroughput:         2720053.329 ops

[P]Valid Entries:         892909.604 / s
[P]set success:           2700166.107 / s

[P]expire scan persec:    11705360.068 / s
[P]total expire scan:     275092621
[P]expire hit persec:     1904708.365 / s
[P]total expire hit:      19121175

[P]expire hit rate:       16.272104 %
[P]total expire hit rate: 6.950813 %

[P]get found:             1866788.786 / s

----------------------------------

[INFO]Current Time:       47.91 s

[P]indexs Load Factor:    95.0464 %

[P]full bucket LFactor:   74.8527 %

[P]set request:           110366817 
[P]get request:           94837890 

[P]Get Hit Rate:          79.8687 %
[P]ACC Hit Rate:          82.6307 %

[P]total cuckoo num:      654006 
[P]total cuckoo path:     218394 
[P]total cp perset:       0.001993 / set
[P]total cp percuckoo:    0.333933 / cuckoo num

[P]cuckoo path / s:       7501.239 / s
[P]cp per set * s:        0.002674 / set * s

[P]break loop / s:        0 / s
[P]break / set :          0 %

[P]Throughput:            5039735.985 ops
[P]all request:           205204707 o

[P]GetThroughput:         2326479.326 ops
[P]SetThroughput:         2713256.659 ops

[P]Valid Entries:         817251.251 / s
[P]set success:           2804878.933 / s

[P]expire scan persec:    11748187.348 / s
[P]total expire scan:     284520942
[P]expire hit persec:     1942364.808 / s
[P]total expire hit:      20679989

[P]expire hit rate:       16.533315 %
[P]total expire hit rate: 7.268354 %

[P]get found:             1858129.136 / s

----------------------------------

[INFO]Current Time:       48.71 s

[P]indexs Load Factor:    95.6187 %

[P]full bucket LFactor:   76.1021 %

[P]set request:           112553855 
[P]get request:           96678865 

[P]Get Hit Rate:          79.7526 %
[P]ACC Hit Rate:          82.5759 %

[P]total cuckoo num:      655520 
[P]total cuckoo path:     224609 
[P]total cp perset:       0.002011 / set
[P]total cp percuckoo:    0.342642 / cuckoo num

[P]cuckoo path / s:       7834.868 / s
[P]cp per set * s:        0.002899 / set * s

[P]break loop / s:        0 / s
[P]break / set :          0 %

[P]Throughput:            5077867.793 ops
[P]all request:           209232720 o

[P]GetThroughput:         2320803.746 ops
[P]SetThroughput:         2757064.047 ops

[P]Valid Entries:         744008.603 / s
[P]set success:           2702222.495 / s

[P]expire scan persec:    11797690.607 / s
[P]total expire scan:     293879447
[P]expire hit persec:     2042069.036 / s
[P]total expire hit:      22299858

[P]expire hit rate:       17.309057 %
[P]total expire hit rate: 7.588097 %

[P]get found:             1850902.050 / s

----------------------------------

[INFO]Current Time:       49.50 s

[P]indexs Load Factor:    96.1352 %

[P]full bucket LFactor:   77.2618 %

[P]set request:           114728077 
[P]get request:           98473361 

[P]Get Hit Rate:          79.5918 %
[P]ACC Hit Rate:          82.5216 %

[P]total cuckoo num:      656997 
[P]total cuckoo path:     231191 
[P]total cp perset:       0.002030 / set
[P]total cp percuckoo:    0.351890 / cuckoo num

[P]cuckoo path / s:       8328.725 / s
[P]cp per set * s:        0.003029 / set * s

[P]break loop / s:        0 / s
[P]break / set :          0 %

[P]Throughput:            5021932.789 ops
[P]all request:           213201438 o

[P]GetThroughput:         2270717.723 ops
[P]SetThroughput:         2751215.066 ops

[P]Valid Entries:         673635.949 / s
[P]set success:           2750061.040 / s

[P]expire scan persec:    11849038.944 / s
[P]total expire scan:     303243470
[P]expire hit persec:     2103053.728 / s
[P]total expire hit:      23961853

[P]expire hit rate:       17.748728 %
[P]total expire hit rate: 7.901853 %

[P]get found:             1807305.530 / s

----------------------------------

[INFO]Current Time:       50.28 s

[P]indexs Load Factor:    96.5987 %

[P]full bucket LFactor:   78.3282 %

[P]set request:           116862634 
[P]get request:           100227584 

[P]Get Hit Rate:          80.9200 %
[P]ACC Hit Rate:          82.4935 %

[P]total cuckoo num:      658483 
[P]total cuckoo path:     238432 
[P]total cp perset:       0.002054 / set
[P]total cp percuckoo:    0.362093 / cuckoo num

[P]cuckoo path / s:       9214.285 / s
[P]cp per set * s:        0.003272 / set * s

[P]break loop / s:        0 / s
[P]break / set :          0 %

[P]Throughput:            4948532.848 ops
[P]all request:           217090218 o

[P]GetThroughput:         2232275.968 ops
[P]SetThroughput:         2716256.880 ops

[P]Valid Entries:         614180.881 / s
[P]set success:           2815775.228 / s

[P]expire scan persec:    12000648.353 / s
[P]total expire scan:     312674120
[P]expire hit persec:     2092289.082 / s
[P]total expire hit:      25606068

[P]expire hit rate:       17.434800 %
[P]total expire hit rate: 8.189379 %

[P]get found:             1806358.665 / s

----------------------------------

[INFO]Current Time:       51.07 s

[P]indexs Load Factor:    97.0128 %

[P]full bucket LFactor:   79.3086 %

[P]set request:           119007099 
[P]get request:           102027049 

[P]Get Hit Rate:          77.8514 %
[P]ACC Hit Rate:          82.4117 %

[P]total cuckoo num:      659959 
[P]total cuckoo path:     246076 
[P]total cp perset:       0.002081 / set
[P]total cp percuckoo:    0.372866 / cuckoo num

[P]cuckoo path / s:       9757.131 / s
[P]cp per set * s:        0.003491 / set * s

[P]break loop / s:        0 / s
[P]break / set :          0 %

[P]Throughput:            5034203.569 ops
[P]all request:           221034149 o

[P]GetThroughput:         2296914.709 ops
[P]SetThroughput:         2737287.584 ops

[P]Valid Entries:         549664.487 / s
[P]set success:           2795035.147 / s

[P]expire scan persec:    11996331.502 / s
[P]total expire scan:     322072370
[P]expire hit persec:     2206985.462 / s
[P]total expire hit:      27335080

[P]expire hit rate:       18.397170 %
[P]total expire hit rate: 8.487248 %

[P]get found:             1788180.647 / s

----------------------------------

[INFO]Current Time:       51.85 s

[P]indexs Load Factor:    97.3803 %

[P]full bucket LFactor:   80.2007 %

[P]set request:           121145004 
[P]get request:           103817044 

[P]Get Hit Rate:          79.0704 %
[P]ACC Hit Rate:          82.3540 %

[P]total cuckoo num:      661416 
[P]total cuckoo path:     254408 
[P]total cp perset:       0.002112 / set
[P]total cp percuckoo:    0.384641 / cuckoo num

[P]cuckoo path / s:       10673.703 / s
[P]cp per set * s:        0.003812 / set * s

[P]break loop / s:        0 / s
[P]break / set :          0 %

[P]Throughput:            5031832.253 ops
[P]all request:           224962048 o

[P]GetThroughput:         2293071.836 ops
[P]SetThroughput:         2738761.697 ops

[P]Valid Entries:         494788.637 / s
[P]set success:           2800339.175 / s

[P]expire scan persec:    12112267.299 / s
[P]total expire scan:     331527328
[P]expire hit persec:     2259040.762 / s
[P]total expire hit:      29098510

[P]expire hit rate:       18.650850 %
[P]total expire hit rate: 8.777108 %

[P]get found:             1813142.090 / s

----------------------------------

[INFO]Current Time:       52.62 s

[P]indexs Load Factor:    97.7075 %

[P]full bucket LFactor:   81.0132 %

[P]set request:           123185644 
[P]get request:           105587806 

[P]Get Hit Rate:          79.0124 %
[P]ACC Hit Rate:          82.2980 %

[P]total cuckoo num:      662871 
[P]total cuckoo path:     263146 
[P]total cp perset:       0.002146 / set
[P]total cp percuckoo:    0.396979 / cuckoo num

[P]cuckoo path / s:       11288.704 / s
[P]cp per set * s:        0.004034 / set * s

[P]break loop / s:        0 / s
[P]break / set :          0 %

[P]Throughput:            4923986.054 ops
[P]all request:           228773450 o

[P]GetThroughput:         2287664.065 ops
[P]SetThroughput:         2636321.989 ops

[P]Valid Entries:         441392.472 / s
[P]set success:           2798323.551 / s

[P]expire scan persec:    12190866.591 / s
[P]total expire scan:     340963645
[P]expire hit persec:     2175345.462 / s
[P]total expire hit:      30782332

[P]expire hit rate:       17.844059 %
[P]total expire hit rate: 9.028039 %

[P]get found:             1807537.565 / s

----------------------------------

[INFO]Current Time:       53.40 s

[P]indexs Load Factor:    97.9962 %

[P]full bucket LFactor:   81.7443 %

[P]set request:           125299411 
[P]get request:           107321240 

[P]Get Hit Rate:          78.8539 %
[P]ACC Hit Rate:          82.2424 %

[P]total cuckoo num:      664390 
[P]total cuckoo path:     273192 
[P]total cp perset:       0.002190 / set
[P]total cp percuckoo:    0.411192 / cuckoo num

[P]cuckoo path / s:       12973.766 / s
[P]cp per set * s:        0.004727 / set * s

[P]break loop / s:        0 / s
[P]break / set :          0 %

[P]Throughput:            4968414.005 ops
[P]all request:           232620651 o

[P]GetThroughput:         2238619.132 ops
[P]SetThroughput:         2729794.873 ops

[P]Valid Entries:         394959.883 / s
[P]set success:           2744515.953 / s

[P]expire scan persec:    12276353.497 / s
[P]total expire scan:     350469616
[P]expire hit persec:     2343169.919 / s
[P]total expire hit:      32596723

[P]expire hit rate:       19.086856 %
[P]total expire hit rate: 9.300870 %

[P]get found:             1765238.087 / s

----------------------------------

[INFO]Current Time:       54.16 s

[P]indexs Load Factor:    98.2527 %

[P]full bucket LFactor:   82.4063 %

[P]set request:           127388441 
[P]get request:           109033988 

[P]Get Hit Rate:          80.3182 %
[P]ACC Hit Rate:          82.2122 %

[P]total cuckoo num:      665971 
[P]total cuckoo path:     283971 
[P]total cp perset:       0.002239 / set
[P]total cp percuckoo:    0.426401 / cuckoo num

[P]cuckoo path / s:       14068.731 / s
[P]cp per set * s:        0.005119 / set * s

[P]break loop / s:        0 / s
[P]break / set :          0 %

[P]Throughput:            4962073.787 ops
[P]all request:           236422429 o

[P]GetThroughput:         2235475.600 ops
[P]SetThroughput:         2726598.187 ops

[P]Valid Entries:         351833.141 / s
[P]set success:           2748162.672 / s

[P]expire scan persec:    12343025.708 / s
[P]total expire scan:     359926437
[P]expire hit persec:     2379931.020 / s
[P]total expire hit:      34420148

[P]expire hit rate:       19.281585 %
[P]total expire hit rate: 9.563106 %

[P]get found:             1795493.288 / s

----------------------------------

[INFO]Current Time:       54.93 s

[P]indexs Load Factor:    98.4714 %

[P]full bucket LFactor:   82.9835 %

[P]set request:           129442611 
[P]get request:           110780929 

[P]Get Hit Rate:          78.6770 %
[P]ACC Hit Rate:          82.1564 %

[P]total cuckoo num:      667508 
[P]total cuckoo path:     294799 
[P]total cp perset:       0.002285 / set
[P]total cp percuckoo:    0.441641 / cuckoo num

[P]cuckoo path / s:       14066.942 / s
[P]cp per set * s:        0.005040 / set * s

[P]break loop / s:        0 / s
[P]break / set :          0 %

[P]Throughput:            4938125.381 ops
[P]all request:           240223541 o

[P]GetThroughput:         2269497.371 ops
[P]SetThroughput:         2668626.711 ops

[P]Valid Entries:         310914.752 / s
[P]set success:           2791105.760 / s

[P]expire scan persec:    12397318.786 / s
[P]total expire scan:     369469248
[P]expire hit persec:     2319882.694 / s
[P]total expire hit:      36205873

[P]expire hit rate:       18.712778 %
[P]total expire hit rate: 9.799428 %

[P]get found:             1785572.745 / s

----------------------------------

[INFO]Current Time:       55.69 s

[P]indexs Load Factor:    98.6688 %

[P]full bucket LFactor:   83.5145 %

[P]set request:           131385808 
[P]get request:           112432969 

[P]Get Hit Rate:          78.5075 %
[P]ACC Hit Rate:          82.1028 %

[P]total cuckoo num:      668978 
[P]total cuckoo path:     305626 
[P]total cp perset:       0.002333 / set
[P]total cp percuckoo:    0.456855 / cuckoo num

[P]cuckoo path / s:       14203.180 / s
[P]cp per set * s:        0.005424 / set * s

[P]break loop / s:        0 / s
[P]break / set :          0 %

[P]Throughput:            4716337.457 ops
[P]all request:           243818777 o

[P]GetThroughput:         2167195.180 ops
[P]SetThroughput:         2549143.588 ops

[P]Valid Entries:         264497.668 / s
[P]set success:           2618741.402 / s

[P]expire scan persec:    11923317.455 / s
[P]total expire scan:     378558322
[P]expire hit persec:     2291312.638 / s
[P]total expire hit:      37952527

[P]expire hit rate:       19.217073 %
[P]total expire hit rate: 10.025543 %

[P]get found:             1701410.359 / s

----------------------------------

[INFO]Current Time:       56.46 s

[P]indexs Load Factor:    98.8413 %

[P]full bucket LFactor:   83.9899 %

[P]set request:           133424277 
[P]get request:           114129575 

[P]Get Hit Rate:          78.4232 %
[P]ACC Hit Rate:          82.0481 %

[P]total cuckoo num:      670656 
[P]total cuckoo path:     318606 
[P]total cp perset:       0.002393 / set
[P]total cp percuckoo:    0.475066 / cuckoo num

[P]cuckoo path / s:       16961.493 / s
[P]cp per set * s:        0.006082 / set * s

[P]break loop / s:        0 / s
[P]break / set :          0 %

[P]Throughput:            4880774.022 ops
[P]all request:           247553852 o

[P]GetThroughput:         2217023.886 ops
[P]SetThroughput:         2663750.136 ops

[P]Valid Entries:         245381.050 / s
[P]set success:           2788878.386 / s

[P]expire scan persec:    12523903.516 / s
[P]total expire scan:     388142400
[P]expire hit persec:     2465139.944 / s
[P]total expire hit:      39839007

[P]expire hit rate:       19.683479 %
[P]total expire hit rate: 10.264018 %

[P]get found:             1738660.140 / s

----------------------------------

[INFO]Current Time:       57.22 s

[P]indexs Load Factor:    98.9959 %

[P]full bucket LFactor:   84.4198 %

[P]set request:           135442413 
[P]get request:           115745817 

[P]Get Hit Rate:          81.4136 %
[P]ACC Hit Rate:          82.0392 %

[P]total cuckoo num:      672306 
[P]total cuckoo path:     331824 
[P]total cp perset:       0.002454 / set
[P]total cp percuckoo:    0.493561 / cuckoo num

[P]cuckoo path / s:       17360.262 / s
[P]cp per set * s:        0.006366 / set * s

[P]break loop / s:        0 / s
[P]break / set :          0 %

[P]Throughput:            4773320.890 ops
[P]all request:           251188230 o

[P]GetThroughput:         2122740.591 ops
[P]SetThroughput:         2650580.300 ops

[P]Valid Entries:         212510.205 / s
[P]set success:           2726835.167 / s

[P]expire scan persec:    12305577.278 / s
[P]total expire scan:     397511793
[P]expire hit persec:     2433982.855 / s
[P]total expire hit:      41692227

[P]expire hit rate:       19.779510 %
[P]total expire hit rate: 10.488299 %

[P]get found:             1728199.800 / s

----------------------------------

[INFO]Current Time:       57.98 s

[P]indexs Load Factor:    99.1296 %

[P]full bucket LFactor:   84.7982 %

[P]set request:           137471556 
[P]get request:           117465645 

[P]Get Hit Rate:          78.2618 %
[P]ACC Hit Rate:          81.9839 %

[P]total cuckoo num:      674019 
[P]total cuckoo path:     346053 
[P]total cp perset:       0.002520 / set
[P]total cp percuckoo:    0.513417 / cuckoo num

[P]cuckoo path / s:       18632.883 / s
[P]cp per set * s:        0.006695 / set * s

[P]break loop / s:        0 / s
[P]break / set :          0 %

[P]Throughput:            4909279.503 ops
[P]all request:           254937201 o

[P]GetThroughput:         2252115.673 ops
[P]SetThroughput:         2657163.829 ops

[P]Valid Entries:         189995.432 / s
[P]set success:           2783175.755 / s

[P]expire scan persec:    12625383.031 / s
[P]total expire scan:     407153166
[P]expire hit persec:     2461262.550 / s
[P]total expire hit:      43571770

[P]expire hit rate:       19.494557 %
[P]total expire hit rate: 10.701567 %

[P]get found:             1762547.116 / s

----------------------------------

[INFO]Current Time:       58.74 s

[P]indexs Load Factor:    99.2474 %

[P]full bucket LFactor:   85.1357 %

[P]set request:           139472034 
[P]get request:           119160919 

[P]Get Hit Rate:          76.6673 %
[P]ACC Hit Rate:          81.9083 %

[P]total cuckoo num:      675782 
[P]total cuckoo path:     360938 
[P]total cp perset:       0.002592 / set
[P]total cp percuckoo:    0.534104 / cuckoo num

[P]cuckoo path / s:       19676.971 / s
[P]cp per set * s:        0.007672 / set * s

[P]break loop / s:        0 / s
[P]break / set :          0 %

[P]Throughput:            4885536.095 ops
[P]all request:           258632953 o

[P]GetThroughput:         2241038.446 ops
[P]SetThroughput:         2644497.649 ops

[P]Valid Entries:         166315.020 / s
[P]set success:           2564758.658 / s

[P]expire scan persec:    12647436.866 / s
[P]total expire scan:     416720548
[P]expire hit persec:     2423909.353 / s
[P]total expire hit:      45405380

[P]expire hit rate:       19.165222 %
[P]total expire hit rate: 10.895882 %

[P]get found:             1718143.928 / s

----------------------------------

[INFO]Current Time:       59.50 s

[P]indexs Load Factor:    99.3458 %

[P]full bucket LFactor:   85.4233 %

[P]set request:           141403642 
[P]get request:           120722528 

[P]Get Hit Rate:          81.2536 %
[P]ACC Hit Rate:          81.8998 %

[P]total cuckoo num:      677603 
[P]total cuckoo path:     376630 
[P]total cp perset:       0.002666 / set
[P]total cp percuckoo:    0.555827 / cuckoo num

[P]cuckoo path / s:       20640.440 / s
[P]cp per set * s:        0.007784 / set * s

[P]break loop / s:        0 / s
[P]break / set :          0 %

[P]Throughput:            4594795.888 ops
[P]all request:           262126170 o

[P]GetThroughput:         2054059.227 ops
[P]SetThroughput:         2540736.661 ops

[P]Valid Entries:         140654.104 / s
[P]set success:           2651583.665 / s

[P]expire scan persec:    12120310.696 / s
[P]total expire scan:     425935076
[P]expire hit persec:     2425132.043 / s
[P]total expire hit:      47249099

[P]expire hit rate:       20.008827 %
[P]total expire hit rate: 11.093028 %

[P]get found:             1668996.371 / s

----------------------------------

[INFO]Current Time:       60.26 s

[P]indexs Load Factor:    99.4358 %

[P]full bucket LFactor:   85.6907 %

[P]set request:           143437067 
[P]get request:           122377282 

[P]Get Hit Rate:          79.5005 %
[P]ACC Hit Rate:          81.8674 %

[P]total cuckoo num:      679517 
[P]total cuckoo path:     393697 
[P]total cp perset:       0.002746 / set
[P]total cp percuckoo:    0.579378 / cuckoo num

[P]cuckoo path / s:       22586.422 / s
[P]cp per set * s:        0.008156 / set * s

[P]break loop / s:        0 / s
[P]break / set :          0 %

[P]Throughput:            4880926.201 ops
[P]all request:           265814349 o

[P]GetThroughput:         2189897.008 ops
[P]SetThroughput:         2691029.194 ops

[P]Valid Entries:         128216.026 / s
[P]set success:           2769154.631 / s

[P]expire scan persec:    12717807.212 / s
[P]total expire scan:     435545045
[P]expire hit persec:     2454561.914 / s
[P]total expire hit:      49103842

[P]expire hit rate:       19.300198 %
[P]total expire hit rate: 11.274113 %

[P]get found:             1740978.139 / s

----------------------------------

[INFO]Current Time:       61.01 s

[P]indexs Load Factor:    99.5135 %

[P]full bucket LFactor:   85.9240 %

[P]set request:           145429745 
[P]get request:           124061319 

[P]Get Hit Rate:          77.8838 %
[P]ACC Hit Rate:          81.8133 %

[P]total cuckoo num:      681464 
[P]total cuckoo path:     411324 
[P]total cp perset:       0.002827 / set
[P]total cp percuckoo:    0.603589 / cuckoo num

[P]cuckoo path / s:       23294.692 / s
[P]cp per set * s:        0.008433 / set * s

[P]break loop / s:        0 / s
[P]break / set :          0 %

[P]Throughput:            4858906.442 ops
[P]all request:           269491064 o

[P]GetThroughput:         2225513.326 ops
[P]SetThroughput:         2633393.116 ops

[P]Valid Entries:         112648.939 / s
[P]set success:           2762240.106 / s

[P]expire scan persec:    12725068.166 / s
[P]total expire scan:     445174053
[P]expire hit persec:     2508226.600 / s
[P]total expire hit:      51001807

[P]expire hit rate:       19.710909 %
[P]total expire hit rate: 11.456599 %

[P]get found:             1733314.336 / s

----------------------------------

[INFO]Current Time:       61.77 s

[P]indexs Load Factor:    99.5818 %

[P]full bucket LFactor:   86.1327 %

[P]set request:           147453733 
[P]get request:           125738133 

[P]Get Hit Rate:          77.7774 %
[P]ACC Hit Rate:          81.7595 %

[P]total cuckoo num:      683497 
[P]total cuckoo path:     429837 
[P]total cp perset:       0.002913 / set
[P]total cp percuckoo:    0.628879 / cuckoo num

[P]cuckoo path / s:       24428.511 / s
[P]cp per set * s:        0.008885 / set * s

[P]break loop / s:        0 / s
[P]break / set :          0 %

[P]Throughput:            4883329.736 ops
[P]all request:           273191866 o

[P]GetThroughput:         2212611.123 ops
[P]SetThroughput:         2670718.613 ops

[P]Valid Entries:         97500.281 / s
[P]set success:           2749536.948 / s

[P]expire scan persec:    12716975.216 / s
[P]total expire scan:     454811536
[P]expire hit persec:     2460837.680 / s
[P]total expire hit:      52866738

[P]expire hit rate:       19.350810 %
[P]total expire hit rate: 11.623878 %

[P]get found:             1720912.285 / s

----------------------------------

[INFO]Current Time:       62.53 s

[P]indexs Load Factor:    99.6403 %

[P]full bucket LFactor:   86.3132 %

[P]set request:           149447260 
[P]get request:           127390219 

[P]Get Hit Rate:          79.2042 %
[P]ACC Hit Rate:          81.7263 %

[P]total cuckoo num:      685513 
[P]total cuckoo path:     448606 
[P]total cp perset:       0.002998 / set
[P]total cp percuckoo:    0.654409 / cuckoo num

[P]cuckoo path / s:       24825.473 / s
[P]cp per set * s:        0.008968 / set * s

[P]break loop / s:        0 / s
[P]break / set :          0 %

[P]Throughput:            4821997.358 ops
[P]all request:           276837479 o

[P]GetThroughput:         2185189.247 ops
[P]SetThroughput:         2636808.111 ops

[P]Valid Entries:         86470.527 / s
[P]set success:           2768204.954 / s

[P]expire scan persec:    12820812.756 / s
[P]total expire scan:     464504557
[P]expire hit persec:     2536563.143 / s
[P]total expire hit:      54784476

[P]expire hit rate:       19.784730 %
[P]total expire hit rate: 11.794174 %

[P]get found:             1730762.324 / s

----------------------------------

[INFO]Current Time:       63.28 s

[P]indexs Load Factor:    99.6912 %

[P]full bucket LFactor:   86.4720 %

[P]set request:           151467964 
[P]get request:           129061903 

[P]Get Hit Rate:          77.6235 %
[P]ACC Hit Rate:          81.6732 %

[P]total cuckoo num:      687586 
[P]total cuckoo path:     468216 
[P]total cp perset:       0.003086 / set
[P]total cp percuckoo:    0.680956 / cuckoo num

[P]cuckoo path / s:       25898.184 / s
[P]cp per set * s:        0.009426 / set * s

[P]break loop / s:        0 / s
[P]break / set :          0 %

[P]Throughput:            4876396.925 ops
[P]all request:           280529867 o

[P]GetThroughput:         2207729.718 ops
[P]SetThroughput:         2668667.207 ops

[P]Valid Entries:         74124.802 / s
[P]set success:           2747502.811 / s

[P]expire scan persec:    12764377.577 / s
[P]total expire scan:     474169692
[P]expire hit persec:     2479928.744 / s
[P]total expire hit:      56662268

[P]expire hit rate:       19.428513 %
[P]total expire hit rate: 11.949787 %

[P]get found:             1713716.246 / s

----------------------------------

[INFO]Current Time:       64.04 s

[P]indexs Load Factor:    99.7349 %

[P]full bucket LFactor:   86.6098 %

[P]set request:           153450759 
[P]get request:           130701246 

[P]Get Hit Rate:          79.0484 %
[P]ACC Hit Rate:          81.6403 %

[P]total cuckoo num:      689695 
[P]total cuckoo path:     488205 
[P]total cp perset:       0.003175 / set
[P]total cp percuckoo:    0.707856 / cuckoo num

[P]cuckoo path / s:       26458.390 / s
[P]cp per set * s:        0.009789 / set * s

[P]break loop / s:        0 / s
[P]break / set :          0 %

[P]Throughput:            4794435.181 ops
[P]all request:           284152006 o

[P]GetThroughput:         2169912.240 ops
[P]SetThroughput:         2624521.617 ops

[P]Valid Entries:         65286.265 / s
[P]set success:           2702910.668 / s

[P]expire scan persec:    12814444.418 / s
[P]total expire scan:     483850853
[P]expire hit persec:     2492649.265 / s
[P]total expire hit:      58545435

[P]expire hit rate:       19.451872 %
[P]total expire hit rate: 12.099893 %

[P]get found:             1715280.362 / s

----------------------------------

[INFO]Current Time:       64.79 s

[P]indexs Load Factor:    99.7730 %

[P]full bucket LFactor:   86.7310 %

[P]set request:           155460442 
[P]get request:           132362785 

[P]Get Hit Rate:          75.9729 %
[P]ACC Hit Rate:          81.5691 %

[P]total cuckoo num:      691852 
[P]total cuckoo path:     508705 
[P]total cp perset:       0.003265 / set
[P]total cp percuckoo:    0.735280 / cuckoo num

[P]cuckoo path / s:       27280.372 / s
[P]cp per set * s:        0.010086 / set * s

[P]break loop / s:        0 / s
[P]break / set :          0 %

[P]Throughput:            4885476.849 ops
[P]all request:           287823227 o

[P]GetThroughput:         2211092.800 ops
[P]SetThroughput:         2674385.380 ops

[P]Valid Entries:         56554.208 / s
[P]set success:           2704753.092 / s

[P]expire scan persec:    12824718.566 / s
[P]total expire scan:     493488065
[P]expire hit persec:     2454707.854 / s
[P]total expire hit:      60390040

[P]expire hit rate:       19.140442 %
[P]total expire hit rate: 12.237386 %

[P]get found:             1679830.839 / s

----------------------------------

[INFO]Current Time:       65.55 s

[P]indexs Load Factor:    99.8056 %

[P]full bucket LFactor:   86.8360 %

[P]set request:           157481933 
[P]get request:           134033323 

[P]Get Hit Rate:          77.5079 %
[P]ACC Hit Rate:          81.5185 %

[P]total cuckoo num:      694027 
[P]total cuckoo path:     529568 
[P]total cp perset:       0.003355 / set
[P]total cp percuckoo:    0.763037 / cuckoo num

[P]cuckoo path / s:       27558.649 / s
[P]cp per set * s:        0.010131 / set * s

[P]break loop / s:        0 / s
[P]break / set :          0 %

[P]Throughput:            4876927.090 ops
[P]all request:           291515256 o

[P]GetThroughput:         2206670.648 ops
[P]SetThroughput:         2670256.441 ops

[P]Valid Entries:         49484.834 / s
[P]set success:           2720329.091 / s

[P]expire scan persec:    12823278.420 / s
[P]total expire scan:     503195800
[P]expire hit persec:     2503481.904 / s
[P]total expire hit:      62285276

[P]expire hit rate:       19.522947 %
[P]total expire hit rate: 12.377940 %

[P]get found:             1710344.182 / s

----------------------------------

[INFO]Current Time:       66.30 s

[P]indexs Load Factor:    99.8335 %

[P]full bucket LFactor:   86.9269 %

[P]set request:           159490675 
[P]get request:           135691825 

[P]Get Hit Rate:          74.3979 %
[P]ACC Hit Rate:          81.4315 %

[P]total cuckoo num:      696236 
[P]total cuckoo path:     550905 
[P]total cp perset:       0.003445 / set
[P]total cp percuckoo:    0.791262 / cuckoo num

[P]cuckoo path / s:       28285.585 / s
[P]cp per set * s:        0.010508 / set * s

[P]break loop / s:        0 / s
[P]break / set :          0 %

[P]Throughput:            4861514.769 ops
[P]all request:           295182500 o

[P]GetThroughput:         2198607.992 ops
[P]SetThroughput:         2662906.777 ops

[P]Valid Entries:         42524.487 / s
[P]set success:           2691738.533 / s

[P]expire scan persec:    12807998.282 / s
[P]total expire scan:     512857409
[P]expire hit persec:     2552076.388 / s
[P]total expire hit:      64210414

[P]expire hit rate:       19.925646 %
[P]total expire hit rate: 12.520130 %

[P]get found:             1635718.627 / s

----------------------------------

[INFO]Current Time:       67.06 s

[P]indexs Load Factor:    99.8559 %

[P]full bucket LFactor:   87.0007 %

[P]set request:           161499857 
[P]get request:           137350461 

[P]Get Hit Rate:          75.8177 %
[P]ACC Hit Rate:          81.3637 %

[P]total cuckoo num:      698567 
[P]total cuckoo path:     573630 
[P]total cp perset:       0.003542 / set
[P]total cp percuckoo:    0.821152 / cuckoo num

[P]cuckoo path / s:       30138.659 / s
[P]cp per set * s:        0.011183 / set * s

[P]break loop / s:        0 / s
[P]break / set :          0 %

[P]Throughput:            4864383.535 ops
[P]all request:           298850318 o

[P]GetThroughput:         2199738.823 ops
[P]SetThroughput:         2664644.713 ops

[P]Valid Entries:         37362.653 / s
[P]set success:           2695079.122 / s

[P]expire scan persec:    12813109.021 / s
[P]total expire scan:     522518685
[P]expire hit persec:     2608452.194 / s
[P]total expire hit:      66177226

[P]expire hit rate:       20.357684 %
[P]total expire hit rate: 12.665045 %

[P]get found:             1667791.824 / s

----------------------------------
[INFO]End rx_queue_1:1720778

[INFO]Current Time:       67.81 s

[P]indexs Load Factor:    99.8699 %

[P]full bucket LFactor:   87.0479 %

[P]set request:           162920373 
[P]get request:           138543143 

[P]Get Hit Rate:          78.0369 %
[P]ACC Hit Rate:          81.3351 %

[P]total cuckoo num:      700438 
[P]total cuckoo path:     591894 
[P]total cp perset:       0.003621 / set
[P]total cp percuckoo:    0.845034 / cuckoo num

[P]cuckoo path / s:       24321.128 / s
[P]cp per set * s:        0.011976 / set * s

[P]break loop / s:        0 / s
[P]break / set :          0 %

[P]Throughput:            3479848.221 ops
[P]all request:           301463517 o

[P]GetThroughput:         1588226.666 ops
[P]SetThroughput:         1891620.223 ops

[P]Valid Entries:         24422.333 / s
[P]set success:           2030803.552 / s

[P]expire scan persec:    9407128.484 / s
[P]total expire scan:     529582987
[P]expire hit persec:     1930039.456 / s
[P]total expire hit:      67626593

[P]expire hit rate:       20.516776 %
[P]total expire hit rate: 12.769782 %

[P]get found:             1239402.776 / s

----------------------------------

[INFO]Current Time:       68.56 s

[P]indexs Load Factor:    99.8844 %

[P]full bucket LFactor:   87.0959 %

[P]set request:           164348615 
[P]get request:           139730025 

[P]Get Hit Rate:          76.7608 %
[P]ACC Hit Rate:          81.2962 %

[P]total cuckoo num:      702460 
[P]total cuckoo path:     611704 
[P]total cp perset:       0.003709 / set
[P]total cp percuckoo:    0.870803 / cuckoo num

[P]cuckoo path / s:       26233.859 / s
[P]cp per set * s:        0.013626 / set * s

[P]break loop / s:        0 / s
[P]break / set :          0 %

[P]Throughput:            3463138.155 ops
[P]all request:           304078640 o

[P]GetThroughput:         1571756.411 ops
[P]SetThroughput:         1891383.069 ops

[P]Valid Entries:         21886.269 / s
[P]set success:           1925337.442 / s

[P]expire scan persec:    8977777.292 / s
[P]total expire scan:     536362385
[P]expire hit persec:     1836560.793 / s
[P]total expire hit:      69013437

[P]expire hit rate:       20.456743 %
[P]total expire hit rate: 12.866942 %

[P]get found:             1206492.638 / s

----------------------------------

[INFO]Current Time:       69.31 s

[P]indexs Load Factor:    99.8974 %

[P]full bucket LFactor:   87.1395 %

[P]set request:           165903497 
[P]get request:           141000856 

[P]Get Hit Rate:          74.8541 %
[P]ACC Hit Rate:          81.2381 %

[P]total cuckoo num:      704717 
[P]total cuckoo path:     633851 
[P]total cp perset:       0.003807 / set
[P]total cp percuckoo:    0.899440 / cuckoo num

[P]cuckoo path / s:       29514.734 / s
[P]cp per set * s:        0.014001 / set * s

[P]break loop / s:        0 / s
[P]break / set :          0 %

[P]Throughput:            3765754.644 ops
[P]all request:           306904353 o

[P]GetThroughput:         1693603.611 ops
[P]SetThroughput:         2072151.033 ops

[P]Valid Entries:         21117.554 / s
[P]set success:           2108066.601 / s

[P]expire scan persec:    9631681.127 / s
[P]total expire scan:     543589719
[P]expire hit persec:     1965153.292 / s
[P]total expire hit:      70488031

[P]expire hit rate:       20.403014 %
[P]total expire hit rate: 12.967138 %

[P]get found:             1267731.597 / s

----------------------------------

[INFO]Current Time:       70.07 s

[P]indexs Load Factor:    99.9090 %

[P]full bucket LFactor:   87.1787 %

[P]set request:           167431270 
[P]get request:           142248352 

[P]Get Hit Rate:          76.1156 %
[P]ACC Hit Rate:          81.1932 %

[P]total cuckoo num:      707067 
[P]total cuckoo path:     656941 
[P]total cp perset:       0.003909 / set
[P]total cp percuckoo:    0.929107 / cuckoo num

[P]cuckoo path / s:       30695.966 / s
[P]cp per set * s:        0.014603 / set * s

[P]break loop / s:        0 / s
[P]break / set :          0 %

[P]Throughput:            3689457.056 ops
[P]all request:           309679622 o

[P]GetThroughput:         1658427.676 ops
[P]SetThroughput:         2031029.379 ops

[P]Valid Entries:         19348.163 / s
[P]set success:           2102027.594 / s

[P]expire scan persec:    9621084.943 / s
[P]total expire scan:     550826854
[P]expire hit persec:     1994085.209 / s
[P]total expire hit:      71988014

[P]expire hit rate:       20.726199 %
[P]total expire hit rate: 13.069082 %

[P]get found:             1262322.090 / s

----------------------------------

[INFO]Current Time:       70.81 s

[P]indexs Load Factor:    99.9193 %

[P]full bucket LFactor:   87.2137 %

[P]set request:           168982340 
[P]get request:           143498941 

[P]Get Hit Rate:          76.0383 %
[P]ACC Hit Rate:          81.1483 %

[P]total cuckoo num:      709372 
[P]total cuckoo path:     679628 
[P]total cp perset:       0.004007 / set
[P]total cp percuckoo:    0.958070 / cuckoo num

[P]cuckoo path / s:       30341.939 / s
[P]cp per set * s:        0.014558 / set * s

[P]break loop / s:        0 / s
[P]break / set :          0 %

[P]Throughput:            3746981.404 ops
[P]all request:           312481281 o

[P]GetThroughput:         1672556.770 ops
[P]SetThroughput:         2074424.634 ops

[P]Valid Entries:         17663.243 / s
[P]set success:           2084270.685 / s

[P]expire scan persec:    9687263.595 / s
[P]total expire scan:     558070127
[P]expire hit persec:     1977848.543 / s
[P]total expire hit:      73466873

[P]expire hit rate:       20.416999 %
[P]total expire hit rate: 13.164452 %

[P]get found:             1271782.911 / s

----------------------------------

[INFO]Current Time:       71.56 s

[P]indexs Load Factor:    99.9284 %

[P]full bucket LFactor:   87.2456 %

[P]set request:           170534899 
[P]get request:           144766134 

[P]Get Hit Rate:          74.7252 %
[P]ACC Hit Rate:          81.0921 %

[P]total cuckoo num:      711508 
[P]total cuckoo path:     700757 
[P]total cp perset:       0.004093 / set
[P]total cp percuckoo:    0.984890 / cuckoo num

[P]cuckoo path / s:       28225.207 / s
[P]cp per set * s:        0.013375 / set * s

[P]break loop / s:        0 / s
[P]break / set :          0 %

[P]Throughput:            3766770.057 ops
[P]all request:           315301033 o

[P]GetThroughput:         1692781.723 ops
[P]SetThroughput:         2073988.334 ops

[P]Valid Entries:         15799.116 / s
[P]set success:           2110343.534 / s

[P]expire scan persec:    9583985.401 / s
[P]total expire scan:     565244566
[P]expire hit persec:     2004446.575 / s
[P]total expire hit:      74967374

[P]expire hit rate:       20.914541 %
[P]total expire hit rate: 13.262821 %

[P]get found:             1264933.855 / s

----------------------------------

[INFO]Current Time:       72.31 s

[P]indexs Load Factor:    99.9347 %

[P]full bucket LFactor:   87.2673 %

[P]set request:           171910249 
[P]get request:           145915545 

[P]Get Hit Rate:          76.8460 %
[P]ACC Hit Rate:          81.0586 %

[P]total cuckoo num:      713535 
[P]total cuckoo path:     720773 
[P]total cp perset:       0.004175 / set
[P]total cp percuckoo:    1.010144 / cuckoo num

[P]cuckoo path / s:       26795.438 / s
[P]cp per set * s:        0.014068 / set * s

[P]break loop / s:        0 / s
[P]break / set :          0 %

[P]Throughput:            3379899.927 ops
[P]all request:           317825794 o

[P]GetThroughput:         1538717.588 ops
[P]SetThroughput:         1841182.340 ops

[P]Valid Entries:         13150.059 / s
[P]set success:           1904709.054 / s

[P]expire scan persec:    8920085.661 / s
[P]total expire scan:     571907806
[P]expire hit persec:     1853582.727 / s
[P]total expire hit:      76351987

[P]expire hit rate:       20.779876 %
[P]total expire hit rate: 13.350401 %

[P]get found:             1182442.413 / s

----------------------------------
[INFO]End rx_queue_3:920210

[INFO]Current Time:       73.06 s

[P]indexs Load Factor:    99.9378 %

[P]full bucket LFactor:   87.2778 %

[P]set request:           172745832 
[P]get request:           146601783 

[P]Get Hit Rate:          77.7704 %
[P]ACC Hit Rate:          81.0432 %

[P]total cuckoo num:      714919 
[P]total cuckoo path:     734472 
[P]total cp perset:       0.004234 / set
[P]total cp percuckoo:    1.027350 / cuckoo num

[P]cuckoo path / s:       18346.939 / s
[P]cp per set * s:        0.016305 / set * s

[P]break loop / s:        0 / s
[P]break / set :          0 %

[P]Throughput:            2038160.275 ops
[P]all request:           319347615 o

[P]GetThroughput:         919071.974 ops
[P]SetThroughput:         1119088.301 ops

[P]Valid Entries:         7506.723 / s
[P]set success:           1125267.787 / s

[P]expire scan persec:    5572457.942 / s
[P]total expire scan:     576068560
[P]expire hit persec:     1104437.803 / s
[P]total expire hit:      77176631

[P]expire hit rate:       19.819581 %
[P]total expire hit rate: 13.397126 %

[P]get found:             714765.900 / s

----------------------------------
[INFO]End rx_queue_0:1734365

[INFO]Current Time:       73.81 s

[P]indexs Load Factor:    99.9400 %

[P]full bucket LFactor:   87.2854 %

[P]set request:           173423166 
[P]get request:           147154830 

[P]Get Hit Rate:          77.5267 %
[P]ACC Hit Rate:          81.0300 %

[P]total cuckoo num:      715883 
[P]total cuckoo path:     744024 
[P]total cp perset:       0.004272 / set
[P]total cp percuckoo:    1.039309 / cuckoo num

[P]cuckoo path / s:       12735.543 / s
[P]cp per set * s:        0.014102 / set * s

[P]break loop / s:        0 / s
[P]break / set :          0 %

[P]Throughput:            1640449.072 ops
[P]all request:           320577996 o

[P]GetThroughput:         737369.512 ops
[P]SetThroughput:         903079.560 ops

[P]Valid Entries:         5533.135 / s
[P]set success:           903079.560 / s

[P]expire scan persec:    4392590.211 / s
[P]total expire scan:     579363121
[P]expire hit persec:     885968.174 / s
[P]total expire hit:      77841131

[P]expire hit rate:       20.169607 %
[P]total expire hit rate: 13.435638 %

[P]get found:             571658.132 / s

----------------------------------
[INFO]End rx_queue_2:1730457
Finish the job......

[INFO]Current Time:       74.55 s

[P]indexs Load Factor:    99.9400 %

[P]full bucket LFactor:   87.2854 %

[P]set request:           173524947 
[P]get request:           147238095 

[P]Get Hit Rate:          77.7614 %
[P]ACC Hit Rate:          81.0282 %

[P]total cuckoo num:      716004 
[P]total cuckoo path:     745202 
[P]total cp perset:       0.004277 / set
[P]total cp percuckoo:    1.040779 / cuckoo num

[P]cuckoo path / s:       1586.626 / s
[P]cp per set * s:        0.011574 / set * s

[P]break loop / s:        0 / s
[P]break / set :          0 %

[P]Throughput:            249234.985 ops
[P]all request:           320763042 o

[P]GetThroughput:         112148.066 ops
[P]SetThroughput:         137086.919 ops

[P]Valid Entries:         767.722 / s
[P]set success:           137088.266 / s

[P]expire scan persec:    659006.092 / s
[P]total expire scan:     579852404
[P]expire hit persec:     134568.251 / s
[P]total expire hit:      77941042

[P]expire hit rate:       20.419880 %
[P]total expire hit rate: 13.441531 %

[P]get found:             87207.866 / s

----------------------------------

Total Index Entries:      93970191

indexs Load Factor:     99.939971 %

log_0 Load Factor:      1717986918365.436035 %

log_1 Load Factor:      1717986918377.113037 %

log_2 Load Factor:      1717986918360.572754 %

log_3 Load Factor:      6.889813 %

Get Hit Rate:           81.028159%

Max Throughput:         5706518.75

Calc Load Factor:       99.939971%

set request:              53376982 | set_success:              53376982
set_fail:                        0 | set_key_duplicate:         1412724 | set_mica_evicted:                0
set_random:                      0 | set_cuckoo_evicted:         229108 | set_expire_evicted:       23958122

get request:              45093464
get_found:                36809946 | get_notfound:              8283518 | get_hit_ratio:          81.630336%

clean up:                        0 | test_notfound:                   0
move_to_head_performed:    4295412 | move_to_head_skipped:     32514534 | move_to_head_failed:             0


set request:              52039551 | set_success:              52039551
set_fail:                        0 | set_key_duplicate:         1132583 | set_mica_evicted:                0
set_random:                      0 | set_cuckoo_evicted:         181938 | set_expire_evicted:       21136528

get request:              44740202
get_found:                37440853 | get_notfound:              7299349 | get_hit_ratio:          83.685033%

clean up:                        0 | test_notfound:                   0
move_to_head_performed:    3517227 | move_to_head_skipped:     33923626 | move_to_head_failed:             0


set request:              53916158 | set_success:              53916158
set_fail:                        0 | set_key_duplicate:         1565679 | set_mica_evicted:                0
set_random:                      0 | set_cuckoo_evicted:         240012 | set_expire_evicted:       25104563

get request:              44991856
get_found:                36067554 | get_notfound:              8924302 | get_hit_ratio:          80.164628%

clean up:                        0 | test_notfound:                   0
move_to_head_performed:    4698180 | move_to_head_skipped:     31369374 | move_to_head_failed:             0


set request:              29415546 | set_success:              29415546
set_fail:                        0 | set_key_duplicate:          491776 | set_mica_evicted:                0
set_random:                      0 | set_cuckoo_evicted:          64946 | set_expire_evicted:       13296565

get request:              23925434
get_found:                18435322 | get_notfound:              5490112 | get_hit_ratio:          77.053240%

clean up:                        0 | test_notfound:                   0
move_to_head_performed:    1923930 | move_to_head_skipped:     16511392 | move_to_head_failed:             0


[INFO] Everything works fine.
deleting piekv......
