EAL: Detected 44 lcore(s)
EAL: Detected 1 NUMA nodes
EAL: Multi-process socket /var/run/dpdk/rte/mp_socket
EAL: Selected IOVA mode 'PA'
EAL: No available hugepages reported in hugepages-1048576kB
[INFO] 单个Log Size为:1 GB
[INFO] 运行proto
[INFO] 运行cleanup
[INFO] 运行reload
[INFO] reload kv size 8
EAL: Probing VFIO support...
EAL: VFIO support initialized
EAL: PCI device 0000:03:00.0 on NUMA socket 0
EAL:   probe driver: 15b3:1017 net_mlx5
WEN: There are 1 device(s) available
starting port 0...
querying port 0...
port 0: 100 Gbps (full-duplex)
Adding UDP filter for each endpoint.
port_id/queue_id/udp_port = 0 0 0
Flow is created with src_port = 0, dst_port = 0
port_id/queue_id/udp_port = 0 1 1
Flow is created with src_port = 0, dst_port = 1
port_id/queue_id/udp_port = 0 2 2
Flow is created with src_port = 0, dst_port = 2
port_id/queue_id/udp_port = 0 3 3
Flow is created with src_port = 0, dst_port = 3
MEM: Initializing pages...
 == [STAT] Workers Start (4 threads in total) == 
trigger:30.000000 

[INFO]Current Time:       6.36 s

[P]indexs Load Factor:    0.0366 %

[P]full bucket LFactor:   0.0000 %

[P]set request:           24232 
[P]get request:           15538 

[P]Get Hit Rate:          42.5023 %
[P]ACC Hit Rate:          42.5023 %

[P]total cuckoo num:      0 
[P]total cuckoo path:     0 
[P]total cp perset:       0.000000 / set
[P]total cp percuckoo:    -nan / cuckoo num

[P]cuckoo path / s:       0 / s
[P]cp per set * s:        0 / set * s

[P]break loop / s:        0 / s
[P]break / set :          0 %

[P]Throughput:            59208.946 ops
[P]all request:           39770 o

[P]GetThroughput:         23132.728 ops
[P]SetThroughput:         36076.218 ops

[P]Valid Entries:         34877.747 / s
[P]set success:           35976.469 / s

[P]get found:             9831.931 / s

----------------------------------

[INFO]Current Time:       7.09 s

[P]indexs Load Factor:    0.1420 %

[P]full bucket LFactor:   0.0000 %

[P]set request:           112222 
[P]get request:           76127 

[P]Get Hit Rate:          53.1846 %
[P]ACC Hit Rate:          51.0042 %

[P]total cuckoo num:      0 
[P]total cuckoo path:     0 
[P]total cp perset:       0.000000 / set
[P]total cp percuckoo:    -nan / cuckoo num

[P]cuckoo path / s:       0 / s
[P]cp per set * s:        0 / set * s

[P]break loop / s:        0 / s
[P]break / set :          0 %

[P]Throughput:            202509.228 ops
[P]all request:           188349 o

[P]GetThroughput:         82581.197 ops
[P]SetThroughput:         119928.031 ops

[P]Valid Entries:         117830.415 / s
[P]set success:           120143.381 / s

[P]get found:             43920.455 / s

----------------------------------

[INFO]Current Time:       7.85 s

[P]indexs Load Factor:    2.1213 %

[P]full bucket LFactor:   0.0000 %

[P]set request:           1391443 
[P]get request:           1094132 

[P]Get Hit Rate:          58.2746 %
[P]ACC Hit Rate:          57.7687 %

[P]total cuckoo num:      0 
[P]total cuckoo path:     0 
[P]total cp perset:       0.000000 / set
[P]total cp percuckoo:    -nan / cuckoo num

[P]cuckoo path / s:       0 / s
[P]cp per set * s:        0 / set * s

[P]break loop / s:        0 / s
[P]break / set :          0 %

[P]Throughput:            3017908.439 ops
[P]all request:           2485575 o

[P]GetThroughput:         1337372.065 ops
[P]SetThroughput:         1680536.373 ops

[P]Valid Entries:         1788457.040 / s
[P]set success:           1794871.927 / s

[P]get found:             779347.773 / s

----------------------------------

[INFO]Current Time:       8.59 s

[P]indexs Load Factor:    4.7822 %

[P]full bucket LFactor:   0.0003 %

[P]set request:           3767411 
[P]get request:           2881761 

[P]Get Hit Rate:          65.6751 %
[P]ACC Hit Rate:          62.6733 %

[P]total cuckoo num:      0 
[P]total cuckoo path:     0 
[P]total cp perset:       0.000000 / set
[P]total cp percuckoo:    -nan / cuckoo num

[P]cuckoo path / s:       0 / s
[P]cp per set * s:        0 / set * s

[P]break loop / s:        0 / s
[P]break / set :          0 %

[P]Throughput:            5681021.381 ops
[P]all request:           6649172 o

[P]GetThroughput:         2439131.013 ops
[P]SetThroughput:         3241890.367 ops

[P]Valid Entries:         3163887.470 / s
[P]set success:           3142203.625 / s

[P]get found:             1601902.915 / s

----------------------------------

[INFO]Current Time:       9.38 s

[P]indexs Load Factor:    7.5086 %

[P]full bucket LFactor:   0.0038 %

[P]set request:           6239975 
[P]get request:           4800318 

[P]Get Hit Rate:          71.5303 %
[P]ACC Hit Rate:          66.2132 %

[P]total cuckoo num:      0 
[P]total cuckoo path:     0 
[P]total cp perset:       0.000000 / set
[P]total cp percuckoo:    -nan / cuckoo num

[P]cuckoo path / s:       0 / s
[P]cp per set * s:        0 / set * s

[P]break loop / s:        0 / s
[P]break / set :          0 %

[P]Throughput:            5502953.165 ops
[P]all request:           11040293 o

[P]GetThroughput:         2404335.776 ops
[P]SetThroughput:         3098617.389 ops

[P]Valid Entries:         3054405.744 / s
[P]set success:           3001376.583 / s

[P]get found:             1719829.123 / s

----------------------------------

[INFO]Current Time:       10.23 s

[P]indexs Load Factor:    10.2787 %

[P]full bucket LFactor:   0.0213 %

[P]set request:           8749815 
[P]get request:           6866183 

[P]Get Hit Rate:          69.6055 %
[P]ACC Hit Rate:          67.2338 %

[P]total cuckoo num:      0 
[P]total cuckoo path:     0 
[P]total cp perset:       0.000000 / set
[P]total cp percuckoo:    -nan / cuckoo num

[P]cuckoo path / s:       0 / s
[P]cp per set * s:        0 / set * s

[P]break loop / s:        0 / s
[P]break / set :          0 %

[P]Throughput:            5427715.657 ops
[P]all request:           15615998 o

[P]GetThroughput:         2450535.558 ops
[P]SetThroughput:         2977180.099 ops

[P]Valid Entries:         2917833.169 / s
[P]set success:           2931334.533 / s

[P]get found:             1705706.742 / s

----------------------------------

[INFO]Current Time:       11.10 s

[P]indexs Load Factor:    13.0504 %

[P]full bucket LFactor:   0.0737 %

[P]set request:           11364256 
[P]get request:           9016265 

[P]Get Hit Rate:          74.6375 %
[P]ACC Hit Rate:          68.9994 %

[P]total cuckoo num:      0 
[P]total cuckoo path:     0 
[P]total cp perset:       0.000000 / set
[P]total cp percuckoo:    -nan / cuckoo num

[P]cuckoo path / s:       0 / s
[P]cp per set * s:        0 / set * s

[P]break loop / s:        0 / s
[P]break / set :          0 %

[P]Throughput:            5434430.636 ops
[P]all request:           20380521 o

[P]GetThroughput:         2452390.615 ops
[P]SetThroughput:         2982040.021 ops

[P]Valid Entries:         2907904.229 / s
[P]set success:           2840691.898 / s

[P]get found:             1830403.670 / s

----------------------------------

[INFO]Current Time:       11.99 s

[P]indexs Load Factor:    15.8102 %

[P]full bucket LFactor:   0.1866 %

[P]set request:           13961536 
[P]get request:           11147587 

[P]Get Hit Rate:          75.2532 %
[P]ACC Hit Rate:          70.1950 %

[P]total cuckoo num:      4 
[P]total cuckoo path:     0 
[P]total cp perset:       0.000000 / set
[P]total cp percuckoo:    0.000000 / cuckoo num

[P]cuckoo path / s:       0 / s
[P]cp per set * s:        0 / set * s

[P]break loop / s:        0 / s
[P]break / set :          0 %

[P]Throughput:            5326081.831 ops
[P]all request:           25109123 o

[P]GetThroughput:         2400623.986 ops
[P]SetThroughput:         2925457.845 ops

[P]Valid Entries:         2798438.856 / s
[P]set success:           2741106.289 / s

[P]get found:             1806545.235 / s

----------------------------------

[INFO]Current Time:       12.90 s

[P]indexs Load Factor:    18.6104 %

[P]full bucket LFactor:   0.4008 %

[P]set request:           16655383 
[P]get request:           13352721 

[P]Get Hit Rate:          78.1274 %
[P]ACC Hit Rate:          71.5050 %

[P]total cuckoo num:      21 
[P]total cuckoo path:     0 
[P]total cp perset:       0.000000 / set
[P]total cp percuckoo:    0.000000 / cuckoo num

[P]cuckoo path / s:       0 / s
[P]cp per set * s:        0 / set * s

[P]break loop / s:        0 / s
[P]break / set :          0 %

[P]Throughput:            5422148.044 ops
[P]all request:           30008104 o

[P]GetThroughput:         2440622.449 ops
[P]SetThroughput:         2981525.595 ops

[P]Valid Entries:         2844638.792 / s
[P]set success:           2933330.381 / s

[P]get found:             1906793.910 / s

----------------------------------

[INFO]Current Time:       13.81 s

[P]indexs Load Factor:    21.3724 %

[P]full bucket LFactor:   0.7420 %

[P]set request:           19282571 
[P]get request:           15629403 

[P]Get Hit Rate:          79.4454 %
[P]ACC Hit Rate:          72.6617 %

[P]total cuckoo num:      120 
[P]total cuckoo path:     0 
[P]total cp perset:       0.000000 / set
[P]total cp percuckoo:    0.000000 / cuckoo num

[P]cuckoo path / s:       0 / s
[P]cp per set * s:        0 / set * s

[P]break loop / s:        0 / s
[P]break / set :          0 %

[P]Throughput:            5343606.493 ops
[P]all request:           34911974 o

[P]GetThroughput:         2480835.079 ops
[P]SetThroughput:         2862771.414 ops

[P]Valid Entries:         2769767.967 / s
[P]set success:           2811727.940 / s

[P]get found:             1970909.219 / s

----------------------------------

[INFO]Current Time:       14.73 s

[P]indexs Load Factor:    24.1617 %

[P]full bucket LFactor:   1.2461 %

[P]set request:           21891782 
[P]get request:           17807778 

[P]Get Hit Rate:          83.1225 %
[P]ACC Hit Rate:          73.9413 %

[P]total cuckoo num:      437 
[P]total cuckoo path:     4 
[P]total cp perset:       0.000000 / set
[P]total cp percuckoo:    0.009153 / cuckoo num

[P]cuckoo path / s:       4.344 / s
[P]cp per set * s:        0.000002 / set * s

[P]break loop / s:        0 / s
[P]break / set :          0 %

[P]Throughput:            5198997.180 ops
[P]all request:           39699560 o

[P]GetThroughput:         2365569.095 ops
[P]SetThroughput:         2833428.085 ops

[P]Valid Entries:         2738117.925 / s
[P]set success:           2741748.199 / s

[P]get found:             1966320.432 / s

----------------------------------

[INFO]Current Time:       15.67 s

[P]indexs Load Factor:    26.9338 %

[P]full bucket LFactor:   1.9327 %

[P]set request:           24574942 
[P]get request:           20134105 

[P]Get Hit Rate:          80.4444 %
[P]ACC Hit Rate:          74.6927 %

[P]total cuckoo num:      1239 
[P]total cuckoo path:     15 
[P]total cp perset:       0.000001 / set
[P]total cp percuckoo:    0.012107 / cuckoo num

[P]cuckoo path / s:       11.745 / s
[P]cp per set * s:        0.000004 / set * s

[P]break loop / s:        0 / s
[P]break / set :          0 %

[P]Throughput:            5348730.580 ops
[P]all request:           44709047 o

[P]GetThroughput:         2483866.385 ops
[P]SetThroughput:         2864864.195 ops

[P]Valid Entries:         2719662.787 / s
[P]set success:           2772584.339 / s

[P]get found:             1998131.626 / s

----------------------------------

[INFO]Current Time:       16.62 s

[P]indexs Load Factor:    29.7007 %

[P]full bucket LFactor:   2.8175 %

[P]set request:           27179358 
[P]get request:           22477961 

[P]Get Hit Rate:          80.0829 %
[P]ACC Hit Rate:          75.2548 %

[P]total cuckoo num:      3032 
[P]total cuckoo path:     52 
[P]total cp perset:       0.000002 / set
[P]total cp percuckoo:    0.017150 / cuckoo num

[P]cuckoo path / s:       39.080 / s
[P]cp per set * s:        0.000014 / set * s

[P]break loop / s:        0 / s
[P]break / set :          0 %

[P]Throughput:            5226439.484 ops
[P]all request:           49657319 o

[P]GetThroughput:         2475616.042 ops
[P]SetThroughput:         2750823.442 ops

[P]Valid Entries:         2688007.163 / s
[P]set success:           2704290.831 / s

[P]get found:             1982545.271 / s

----------------------------------

[INFO]Current Time:       17.56 s

[P]indexs Load Factor:    32.4876 %

[P]full bucket LFactor:   3.9222 %

[P]set request:           29813001 
[P]get request:           24827957 

[P]Get Hit Rate:          83.2949 %
[P]ACC Hit Rate:          76.0158 %

[P]total cuckoo num:      6730 
[P]total cuckoo path:     183 
[P]total cp perset:       0.000006 / set
[P]total cp percuckoo:    0.027192 / cuckoo num

[P]cuckoo path / s:       138.247 / s
[P]cp per set * s:        0.000051 / set * s

[P]break loop / s:        0 / s
[P]break / set :          0 %

[P]Throughput:            5259322.113 ops
[P]all request:           54640958 o

[P]GetThroughput:         2479992.216 ops
[P]SetThroughput:         2779329.897 ops

[P]Valid Entries:         2671603.073 / s
[P]set success:           2729896.708 / s

[P]get found:             2065706.173 / s

----------------------------------

[INFO]Current Time:       18.52 s

[P]indexs Load Factor:    35.2137 %

[P]full bucket LFactor:   5.2036 %

[P]set request:           32452488 
[P]get request:           27159056 

[P]Get Hit Rate:          85.3425 %
[P]ACC Hit Rate:          76.8163 %

[P]total cuckoo num:      12943 
[P]total cuckoo path:     437 
[P]total cp perset:       0.000014 / set
[P]total cp percuckoo:    0.033763 / cuckoo num

[P]cuckoo path / s:       265.973 / s
[P]cp per set * s:        0.000100 / set * s

[P]break loop / s:        0 / s
[P]break / set :          0 %

[P]Throughput:            5204888.271 ops
[P]all request:           59611544 o

[P]GetThroughput:         2440981.777 ops
[P]SetThroughput:         2763906.495 ops

[P]Valid Entries:         2649716.123 / s
[P]set success:           2668600.205 / s

[P]expire scan persec:    3654411.291 / s
[P]total expire scan:     3489905
[P]expire hit persec:     588.491 / s
[P]total expire hit:      562

[P]expire hit rate:       0.016104 %
[P]total expire hit rate: 0.016104 %

[P]get found:             2083194.701 / s

----------------------------------

[INFO]Current Time:       19.48 s

[P]indexs Load Factor:    37.9388 %

[P]full bucket LFactor:   6.6877 %

[P]set request:           35028929 
[P]get request:           29484816 

[P]Get Hit Rate:          84.6662 %
[P]ACC Hit Rate:          77.4355 %

[P]total cuckoo num:      21841 
[P]total cuckoo path:     892 
[P]total cp perset:       0.000026 / set
[P]total cp percuckoo:    0.040841 / cuckoo num

[P]cuckoo path / s:       473.372 / s
[P]cp per set * s:        0.000183 / set * s

[P]break loop / s:        0 / s
[P]break / set :          0 %

[P]Throughput:            5100138.448 ops
[P]all request:           64513746 o

[P]GetThroughput:         2419667.324 ops
[P]SetThroughput:         2680470.083 ops

[P]Valid Entries:         2564638.664 / s
[P]set success:           2581737.261 / s

[P]expire scan persec:    11923340.001 / s
[P]total expire scan:     14950500
[P]expire hit persec:     2721.626 / s
[P]total expire hit:      3178

[P]expire hit rate:       0.022826 %
[P]total expire hit rate: 0.021257 %

[P]get found:             2048640.779 / s

----------------------------------

[INFO]Current Time:       20.45 s

[P]indexs Load Factor:    40.5365 %

[P]full bucket LFactor:   8.2927 %

[P]set request:           37505365 
[P]get request:           31765553 

[P]Get Hit Rate:          85.3200 %
[P]ACC Hit Rate:          78.0016 %

[P]total cuckoo num:      35738 
[P]total cuckoo path:     1838 
[P]total cp perset:       0.000050 / set
[P]total cp percuckoo:    0.051430 / cuckoo num

[P]cuckoo path / s:       980.943 / s
[P]cp per set * s:        0.000384 / set * s

[P]break loop / s:        0 / s
[P]break / set :          0 %

[P]Throughput:            4932892.073 ops
[P]all request:           69270918 o

[P]GetThroughput:         2364982.697 ops
[P]SetThroughput:         2567910.413 ops

[P]Valid Entries:         2495377.642 / s
[P]set success:           2554252.903 / s

[P]expire scan persec:    12409628.266 / s
[P]total expire scan:     26918071
[P]expire hit persec:     4047.169 / s
[P]total expire hit:      7081

[P]expire hit rate:       0.032613 %
[P]total expire hit rate: 0.026306 %

[P]get found:             2017802.399 / s

----------------------------------

[INFO]Current Time:       21.40 s

[P]indexs Load Factor:    43.0875 %

[P]full bucket LFactor:   10.0053 %

[P]set request:           39986694 
[P]get request:           33924520 

[P]Get Hit Rate:          88.3940 %
[P]ACC Hit Rate:          78.6630 %

[P]total cuckoo num:      55815 
[P]total cuckoo path:     3461 
[P]total cp perset:       0.000089 / set
[P]total cp percuckoo:    0.062008 / cuckoo num

[P]cuckoo path / s:       1691.210 / s
[P]cp per set * s:        0.000679 / set * s

[P]break loop / s:        0 / s
[P]break / set :          0 %

[P]Throughput:            4835314.277 ops
[P]all request:           73911214 o

[P]GetThroughput:         2249702.165 ops
[P]SetThroughput:         2585612.112 ops

[P]Valid Entries:         2432804.045 / s
[P]set success:           2492245.440 / s

[P]expire scan persec:    12847454.551 / s
[P]total expire scan:     39247361
[P]expire hit persec:     6001.034 / s
[P]total expire hit:      12840

[P]expire hit rate:       0.046710 %
[P]total expire hit rate: 0.032716 %

[P]get found:             1988602.472 / s

----------------------------------

[INFO]Current Time:       22.36 s

[P]indexs Load Factor:    45.7025 %

[P]full bucket LFactor:   11.9524 %

[P]set request:           42579950 
[P]get request:           36259187 

[P]Get Hit Rate:          85.0081 %
[P]ACC Hit Rate:          79.0715 %

[P]total cuckoo num:      86379 
[P]total cuckoo path:     6510 
[P]total cp perset:       0.000157 / set
[P]total cp percuckoo:    0.075366 / cuckoo num

[P]cuckoo path / s:       3176.432 / s
[P]cp per set * s:        0.001201 / set * s

[P]break loop / s:        0 / s
[P]break / set :          0 %

[P]Throughput:            5133884.053 ops
[P]all request:           78839137 o

[P]GetThroughput:         2432243.702 ops
[P]SetThroughput:         2701640.351 ops

[P]Valid Entries:         2537746.251 / s
[P]set success:           2644933.382 / s

[P]expire scan persec:    14233456.510 / s
[P]total expire scan:     52909800
[P]expire hit persec:     9004.232 / s
[P]total expire hit:      21483

[P]expire hit rate:       0.063261 %
[P]total expire hit rate: 0.040603 %

[P]get found:             2067603.056 / s

----------------------------------

[INFO]Current Time:       23.32 s

[P]indexs Load Factor:    48.2327 %

[P]full bucket LFactor:   13.9525 %

[P]set request:           45022747 
[P]get request:           38498519 

[P]Get Hit Rate:          86.7616 %
[P]ACC Hit Rate:          79.5188 %

[P]total cuckoo num:      126765 
[P]total cuckoo path:     11424 
[P]total cp perset:       0.000261 / set
[P]total cp percuckoo:    0.090120 / cuckoo num

[P]cuckoo path / s:       5125.429 / s
[P]cp per set * s:        0.002118 / set * s

[P]break loop / s:        0 / s
[P]break / set :          0 %

[P]Throughput:            4883581.341 ops
[P]all request:           83521266 o

[P]GetThroughput:         2335681.048 ops
[P]SetThroughput:         2547900.293 ops

[P]Valid Entries:         2426607.866 / s
[P]set success:           2419812.552 / s

[P]expire scan persec:    14340060.015 / s
[P]total expire scan:     66658319
[P]expire hit persec:     11907.183 / s
[P]total expire hit:      32899

[P]expire hit rate:       0.083034 %
[P]total expire hit rate: 0.049355 %

[P]get found:             2026475.007 / s

----------------------------------

[INFO]Current Time:       24.28 s

[P]indexs Load Factor:    50.7045 %

[P]full bucket LFactor:   16.0447 %

[P]set request:           47399572 
[P]get request:           40618542 

[P]Get Hit Rate:          89.8302 %
[P]ACC Hit Rate:          80.0570 %

[P]total cuckoo num:      181102 
[P]total cuckoo path:     19126 
[P]total cp perset:       0.000414 / set
[P]total cp percuckoo:    0.105609 / cuckoo num

[P]cuckoo path / s:       8037.828 / s
[P]cp per set * s:        0.003206 / set * s

[P]break loop / s:        0 / s
[P]break / set :          0 %

[P]Throughput:            4692922.765 ops
[P]all request:           88018114 o

[P]GetThroughput:         2212461.751 ops
[P]SetThroughput:         2480461.014 ops

[P]Valid Entries:         2397529.038 / s
[P]set success:           2507462.147 / s

[P]expire scan persec:    14877147.328 / s
[P]total expire scan:     80913885
[P]expire hit persec:     16106.964 / s
[P]total expire hit:      48333

[P]expire hit rate:       0.108266 %
[P]total expire hit rate: 0.059734 %

[P]get found:             1987457.875 / s

----------------------------------

[INFO]Current Time:       25.24 s

[P]indexs Load Factor:    53.0924 %

[P]full bucket LFactor:   18.1830 %

[P]set request:           49767730 
[P]get request:           42792215 

[P]Get Hit Rate:          86.0945 %
[P]ACC Hit Rate:          80.3637 %

[P]total cuckoo num:      248582 
[P]total cuckoo path:     30172 
[P]total cp perset:       0.000622 / set
[P]total cp percuckoo:    0.121376 / cuckoo num

[P]cuckoo path / s:       11525.508 / s
[P]cp per set * s:        0.004848 / set * s

[P]break loop / s:        0 / s
[P]break / set :          0 %

[P]Throughput:            4738992.232 ops
[P]all request:           92559945 o

[P]GetThroughput:         2268032.312 ops
[P]SetThroughput:         2470959.920 ops

[P]Valid Entries:         2336853.554 / s
[P]set success:           2377401.513 / s

[P]expire scan persec:    15093974.343 / s
[P]total expire scan:     95379889
[P]expire hit persec:     22061.863 / s
[P]total expire hit:      69477

[P]expire hit rate:       0.146163 %
[P]total expire hit rate: 0.072842 %

[P]get found:             1952651.182 / s

----------------------------------

[INFO]Current Time:       26.19 s

[P]indexs Load Factor:    55.5156 %

[P]full bucket LFactor:   20.4586 %

[P]set request:           52183531 
[P]get request:           44918937 

[P]Get Hit Rate:          89.7518 %
[P]ACC Hit Rate:          80.8082 %

[P]total cuckoo num:      318425 
[P]total cuckoo path:     43372 
[P]total cp perset:       0.000854 / set
[P]total cp percuckoo:    0.136208 / cuckoo num

[P]cuckoo path / s:       13902.814 / s
[P]cp per set * s:        0.005713 / set * s

[P]break loop / s:        0 / s
[P]break / set :          0 %

[P]Throughput:            4784382.589 ops
[P]all request:           97102468 o

[P]GetThroughput:         2239956.013 ops
[P]SetThroughput:         2544426.576 ops

[P]Valid Entries:         2368955.164 / s
[P]set success:           2433489.497 / s

[P]expire scan persec:    15303931.692 / s
[P]total expire scan:     109910178
[P]expire hit persec:     47461.256 / s
[P]total expire hit:      114539

[P]expire hit rate:       0.310125 %
[P]total expire hit rate: 0.104211 %

[P]get found:             2010401.603 / s

----------------------------------

[INFO]Current Time:       27.14 s

[P]indexs Load Factor:    57.8234 %

[P]full bucket LFactor:   22.7353 %

[P]set request:           54502329 
[P]get request:           47009445 

[P]Get Hit Rate:          87.6518 %
[P]ACC Hit Rate:          81.1125 %

[P]total cuckoo num:      374324 
[P]total cuckoo path:     56249 
[P]total cp perset:       0.001059 / set
[P]total cp percuckoo:    0.150268 / cuckoo num

[P]cuckoo path / s:       13590.775 / s
[P]cp per set * s:        0.005553 / set * s

[P]break loop / s:        0 / s
[P]break / set :          0 %

[P]Throughput:            4653714.836 ops
[P]all request:           101511774 o

[P]GetThroughput:         2206385.335 ops
[P]SetThroughput:         2447329.501 ops

[P]Valid Entries:         2281566.796 / s
[P]set success:           2447341.111 / s

[P]expire scan persec:    14235183.800 / s
[P]total expire scan:     123397743
[P]expire hit persec:     89701.015 / s
[P]total expire hit:      199529

[P]expire hit rate:       0.630136 %
[P]total expire hit rate: 0.161696 %

[P]get found:             1933935.520 / s

----------------------------------

[INFO]Current Time:       28.08 s

[P]indexs Load Factor:    60.1937 %

[P]full bucket LFactor:   25.1692 %

[P]set request:           56777995 
[P]get request:           49168553 

[P]Get Hit Rate:          85.7918 %
[P]ACC Hit Rate:          81.3180 %

[P]total cuckoo num:      420511 
[P]total cuckoo path:     69128 
[P]total cp perset:       0.001245 / set
[P]total cp percuckoo:    0.164390 / cuckoo num

[P]cuckoo path / s:       13690.097 / s
[P]cp per set * s:        0.005348 / set * s

[P]break loop / s:        0 / s
[P]break / set :          0 %

[P]Throughput:            4714068.496 ops
[P]all request:           105946548 o

[P]GetThroughput:         2295084.936 ops
[P]SetThroughput:         2418983.560 ops

[P]Valid Entries:         2346374.702 / s
[P]set success:           2559765.468 / s

[P]expire scan persec:    14128366.573 / s
[P]total expire scan:     136689046
[P]expire hit persec:     143394.709 / s
[P]total expire hit:      334428

[P]expire hit rate:       1.014942 %
[P]total expire hit rate: 0.244663 %

[P]get found:             1968995.085 / s

----------------------------------

[INFO]Current Time:       29.01 s

[P]indexs Load Factor:    62.5540 %

[P]full bucket LFactor:   27.6929 %

[P]set request:           59213396 
[P]get request:           51374775 

[P]Get Hit Rate:          83.8880 %
[P]ACC Hit Rate:          81.4284 %

[P]total cuckoo num:      456798 
[P]total cuckoo path:     81557 
[P]total cp perset:       0.001407 / set
[P]total cp percuckoo:    0.178541 / cuckoo num

[P]cuckoo path / s:       13307.593 / s
[P]cp per set * s:        0.005106 / set * s

[P]break loop / s:        0 / s
[P]break / set :          0 %

[P]Throughput:            4969734.403 ops
[P]all request:           110588171 o

[P]GetThroughput:         2362177.492 ops
[P]SetThroughput:         2607556.912 ops

[P]Valid Entries:         2345041.115 / s
[P]set success:           2606477.657 / s

[P]expire scan persec:    13703349.429 / s
[P]total expire scan:     149487674
[P]expire hit persec:     201444.770 / s
[P]total expire hit:      522573

[P]expire hit rate:       1.470040 %
[P]total expire hit rate: 0.349576 %

[P]get found:             1981582.907 / s

----------------------------------

[INFO]Current Time:       29.95 s

[P]indexs Load Factor:    64.7827 %

[P]full bucket LFactor:   30.1705 %

[P]set request:           61533739 
[P]get request:           53569810 

[P]Get Hit Rate:          84.8064 %
[P]ACC Hit Rate:          81.5668 %

[P]total cuckoo num:      484414 
[P]total cuckoo path:     92561 
[P]total cp perset:       0.001532 / set
[P]total cp percuckoo:    0.191078 / cuckoo num

[P]cuckoo path / s:       11755.382 / s
[P]cp per set * s:        0.004519 / set * s

[P]break loop / s:        0 / s
[P]break / set :          0 %

[P]Throughput:            4823699.792 ops
[P]all request:           115103549 o

[P]GetThroughput:         2344917.717 ops
[P]SetThroughput:         2478782.074 ops

[P]Valid Entries:         2291278.179 / s
[P]set success:           2601099.365 / s

[P]expire scan persec:    13078966.893 / s
[P]total expire scan:     161730658
[P]expire hit persec:     260104.381 / s
[P]total expire hit:      766052

[P]expire hit rate:       1.988723 %
[P]total expire hit rate: 0.473659 %

[P]get found:             1988640.126 / s

----------------------------------

[INFO]Current Time:       30.87 s

[P]indexs Load Factor:    66.9881 %

[P]full bucket LFactor:   32.6981 %

[P]set request:           63897785 
[P]get request:           55695511 

[P]Get Hit Rate:          82.9434 %
[P]ACC Hit Rate:          81.6193 %

[P]total cuckoo num:      505235 
[P]total cuckoo path:     102319 
[P]total cp perset:       0.001632 / set
[P]total cp percuckoo:    0.202518 / cuckoo num

[P]cuckoo path / s:       10552.658 / s
[P]cp per set * s:        0.004255 / set * s

[P]break loop / s:        0 / s
[P]break / set :          0 %

[P]Throughput:            4855376.418 ops
[P]all request:           119593296 o

[P]GetThroughput:         2298810.714 ops
[P]SetThroughput:         2556565.704 ops

[P]Valid Entries:         2206642.042 / s
[P]set success:           2479817.235 / s

[P]expire scan persec:    12406538.353 / s
[P]total expire scan:     173202934
[P]expire hit persec:     314292.492 / s
[P]total expire hit:      1056677

[P]expire hit rate:       2.533281 %
[P]total expire hit rate: 0.610080 %

[P]get found:             1906712.108 / s

----------------------------------

[INFO]Current Time:       31.79 s

[P]indexs Load Factor:    69.1134 %

[P]full bucket LFactor:   35.1933 %

[P]set request:           66272830 
[P]get request:           57819564 

[P]Get Hit Rate:          82.6441 %
[P]ACC Hit Rate:          81.6570 %

[P]total cuckoo num:      521415 
[P]total cuckoo path:     111278 
[P]total cp perset:       0.001710 / set
[P]total cp percuckoo:    0.213415 / cuckoo num

[P]cuckoo path / s:       9762.523 / s
[P]cp per set * s:        0.003776 / set * s

[P]break loop / s:        0 / s
[P]break / set :          0 %

[P]Throughput:            4902618.112 ops
[P]all request:           124092395 o

[P]GetThroughput:         2314556.916 ops
[P]SetThroughput:         2588060.106 ops

[P]Valid Entries:         2176313.538 / s
[P]set success:           2585454.660 / s

[P]expire scan persec:    12179598.534 / s
[P]total expire scan:     184380068
[P]expire hit persec:     379804.518 / s
[P]total expire hit:      1405221

[P]expire hit rate:       3.118366 %
[P]total expire hit rate: 0.762133 %

[P]get found:             1912845.293 / s

----------------------------------

[INFO]Current Time:       32.70 s

[P]indexs Load Factor:    71.1834 %

[P]full bucket LFactor:   37.7047 %

[P]set request:           68718535 
[P]get request:           59968288 

[P]Get Hit Rate:          83.5509 %
[P]ACC Hit Rate:          81.7248 %

[P]total cuckoo num:      534591 
[P]total cuckoo path:     119452 
[P]total cp perset:       0.001771 / set
[P]total cp percuckoo:    0.223446 / cuckoo num

[P]cuckoo path / s:       8968.994 / s
[P]cp per set * s:        0.003443 / set * s

[P]break loop / s:        0 / s
[P]break / set :          0 %

[P]Throughput:            5041277.055 ops
[P]all request:           128686823 o

[P]GetThroughput:         2357706.552 ops
[P]SetThroughput:         2683571.600 ops

[P]Valid Entries:         2171271.291 / s
[P]set success:           2605342.526 / s

[P]expire scan persec:    12114081.797 / s
[P]total expire scan:     195420381
[P]expire hit persec:     445907.367 / s
[P]total expire hit:      1811604

[P]expire hit rate:       3.680901 %
[P]total expire hit rate: 0.927029 %

[P]get found:             1969884.780 / s

----------------------------------

[INFO]Current Time:       33.60 s

[P]indexs Load Factor:    73.1445 %

[P]full bucket LFactor:   40.1581 %

[P]set request:           71031053 
[P]get request:           61993968 

[P]Get Hit Rate:          84.6686 %
[P]ACC Hit Rate:          81.8210 %

[P]total cuckoo num:      544498 
[P]total cuckoo path:     126485 
[P]total cp perset:       0.001814 / set
[P]total cp percuckoo:    0.232297 / cuckoo num

[P]cuckoo path / s:       7795.562 / s
[P]cp per set * s:        0.003085 / set * s

[P]break loop / s:        0 / s
[P]break / set :          0 %

[P]Throughput:            4808572.801 ops
[P]all request:           133025021 o

[P]GetThroughput:         2245317.007 ops
[P]SetThroughput:         2563255.793 ops

[P]Valid Entries:         2050680.673 / s
[P]set success:           2527044.614 / s

[P]expire scan persec:    11571956.266 / s
[P]total expire scan:     205860368
[P]expire hit persec:     507841.032 / s
[P]total expire hit:      2269768

[P]expire hit rate:       4.388550 %
[P]total expire hit rate: 1.102576 %

[P]get found:             1901077.482 / s

----------------------------------

[INFO]Current Time:       34.50 s

[P]indexs Load Factor:    75.0387 %

[P]full bucket LFactor:   42.5796 %

[P]set request:           73398062 
[P]get request:           64061214 

[P]Get Hit Rate:          82.9338 %
[P]ACC Hit Rate:          81.8569 %

[P]total cuckoo num:      552745 
[P]total cuckoo path:     133085 
[P]total cp perset:       0.001847 / set
[P]total cp percuckoo:    0.240771 / cuckoo num

[P]cuckoo path / s:       7332.559 / s
[P]cp per set * s:        0.002825 / set * s

[P]break loop / s:        0 / s
[P]break / set :          0 %

[P]Throughput:            4926430.065 ops
[P]all request:           137459276 o

[P]GetThroughput:         2296697.607 ops
[P]SetThroughput:         2629732.458 ops

[P]Valid Entries:         2009150.177 / s
[P]set success:           2595418.302 / s

[P]expire scan persec:    11536617.981 / s
[P]total expire scan:     216244420
[P]expire hit persec:     584221.675 / s
[P]total expire hit:      2795623

[P]expire hit rate:       5.064064 %
[P]total expire hit rate: 1.292807 %

[P]get found:             1904738.974 / s

----------------------------------

[INFO]Current Time:       35.39 s

[P]indexs Load Factor:    76.8962 %

[P]full bucket LFactor:   45.0302 %

[P]set request:           75680091 
[P]get request:           66052612 

[P]Get Hit Rate:          82.5290 %
[P]ACC Hit Rate:          81.8772 %

[P]total cuckoo num:      559750 
[P]total cuckoo path:     139440 
[P]total cp perset:       0.001875 / set
[P]total cp percuckoo:    0.249111 / cuckoo num

[P]cuckoo path / s:       7170.364 / s
[P]cp per set * s:        0.002771 / set * s

[P]break loop / s:        0 / s
[P]break / set :          0 %

[P]Throughput:            4821719.291 ops
[P]all request:           141732703 o

[P]GetThroughput:         2246899.772 ops
[P]SetThroughput:         2574819.519 ops

[P]Valid Entries:         1938196.149 / s
[P]set success:           2587278.238 / s

[P]expire scan persec:    11356549.623 / s
[P]total expire scan:     226309582
[P]expire hit persec:     642984.741 / s
[P]total expire hit:      3365492

[P]expire hit rate:       5.661797 %
[P]total expire hit rate: 1.487119 %

[P]get found:             1854344.076 / s

----------------------------------

[INFO]Current Time:       36.28 s

[P]indexs Load Factor:    78.6825 %

[P]full bucket LFactor:   47.4543 %

[P]set request:           78061468 
[P]get request:           68086621 

[P]Get Hit Rate:          83.7483 %
[P]ACC Hit Rate:          81.9331 %

[P]total cuckoo num:      565830 
[P]total cuckoo path:     145362 
[P]total cp perset:       0.001897 / set
[P]total cp percuckoo:    0.256900 / cuckoo num

[P]cuckoo path / s:       6673.104 / s
[P]cp per set * s:        0.002601 / set * s

[P]break loop / s:        0 / s
[P]break / set :          0 %

[P]Throughput:            4975401.996 ops
[P]all request:           146148089 o

[P]GetThroughput:         2291988.161 ops
[P]SetThroughput:         2683413.835 ops

[P]Valid Entries:         1916441.816 / s
[P]set success:           2566040.671 / s

[P]expire scan persec:    11539301.389 / s
[P]total expire scan:     236550055
[P]expire hit persec:     747947.700 / s
[P]total expire hit:      4029253

[P]expire hit rate:       6.481742 %
[P]total expire hit rate: 1.703341 %

[P]get found:             1919501.167 / s

----------------------------------

[INFO]Current Time:       37.16 s

[P]indexs Load Factor:    80.3924 %

[P]full bucket LFactor:   49.8512 %

[P]set request:           80421187 
[P]get request:           70163832 

[P]Get Hit Rate:          78.0340 %
[P]ACC Hit Rate:          81.8176 %

[P]total cuckoo num:      571017 
[P]total cuckoo path:     150854 
[P]total cp perset:       0.001910 / set
[P]total cp percuckoo:    0.264185 / cuckoo num

[P]cuckoo path / s:       6227.505 / s
[P]cp per set * s:        0.002351 / set * s

[P]break loop / s:        0 / s
[P]break / set :          0 %

[P]Throughput:            5031136.892 ops
[P]all request:           150585019 o

[P]GetThroughput:         2355397.289 ops
[P]SetThroughput:         2675739.603 ops

[P]Valid Entries:         1869680.246 / s
[P]set success:           2648770.379 / s

[P]expire scan persec:    11623698.202 / s
[P]total expire scan:     246800926
[P]expire hit persec:     839871.806 / s
[P]total expire hit:      4769931

[P]expire hit rate:       7.225513 %
[P]total expire hit rate: 1.932704 %

[P]get found:             1838010.912 / s

----------------------------------

[INFO]Current Time:       38.03 s

[P]indexs Load Factor:    82.0096 %

[P]full bucket LFactor:   52.1848 %

[P]set request:           82805247 
[P]get request:           72188883 

[P]Get Hit Rate:          81.8053 %
[P]ACC Hit Rate:          81.8173 %

[P]total cuckoo num:      575666 
[P]total cuckoo path:     156357 
[P]total cp perset:       0.001923 / set
[P]total cp percuckoo:    0.271611 / cuckoo num

[P]cuckoo path / s:       6304.309 / s
[P]cp per set * s:        0.002330 / set * s

[P]break loop / s:        0 / s
[P]break / set :          0 %

[P]Throughput:            5051135.575 ops
[P]all request:           154994130 o

[P]GetThroughput:         2319925.071 ops
[P]SetThroughput:         2731210.505 ops

[P]Valid Entries:         1801257.878 / s
[P]set success:           2706252.176 / s

[P]expire scan persec:    11633725.674 / s
[P]total expire scan:     256955947
[P]expire hit persec:     896793.999 / s
[P]total expire hit:      5552738

[P]expire hit rate:       7.708571 %
[P]total expire hit rate: 2.160969 %

[P]get found:             1897822.757 / s

----------------------------------

[INFO]Current Time:       38.90 s

[P]indexs Load Factor:    83.5112 %

[P]full bucket LFactor:   54.4156 %

[P]set request:           85109678 
[P]get request:           74106165 

[P]Get Hit Rate:          84.4890 %
[P]ACC Hit Rate:          81.8864 %

[P]total cuckoo num:      579670 
[P]total cuckoo path:     161474 
[P]total cp perset:       0.001932 / set
[P]total cp percuckoo:    0.278562 / cuckoo num

[P]cuckoo path / s:       5931.695 / s
[P]cp per set * s:        0.002276 / set * s

[P]break loop / s:        0 / s
[P]break / set :          0 %

[P]Throughput:            4893866.073 ops
[P]all request:           159215843 o

[P]GetThroughput:         2222538.892 ops
[P]SetThroughput:         2671327.181 ops

[P]Valid Entries:         1685279.439 / s
[P]set success:           2606063.470 / s

[P]expire scan persec:    11404075.486 / s
[P]total expire scan:     266793718
[P]expire hit persec:     976825.041 / s
[P]total expire hit:      6395400

[P]expire hit rate:       8.565579 %
[P]total expire hit rate: 2.397133 %

[P]get found:             1877801.593 / s

----------------------------------

[INFO]Current Time:       39.75 s

[P]indexs Load Factor:    84.9374 %

[P]full bucket LFactor:   56.6139 %

[P]set request:           87327214 
[P]get request:           76010001 

[P]Get Hit Rate:          84.1300 %
[P]ACC Hit Rate:          81.9426 %

[P]total cuckoo num:      583495 
[P]total cuckoo path:     166848 
[P]total cp perset:       0.001943 / set
[P]total cp percuckoo:    0.285946 / cuckoo num

[P]cuckoo path / s:       6304.204 / s
[P]cp per set * s:        0.002324 / set * s

[P]break loop / s:        0 / s
[P]break / set :          0 %

[P]Throughput:            4834754.349 ops
[P]all request:           163337215 o

[P]GetThroughput:         2233377.473 ops
[P]SetThroughput:         2601376.877 ops

[P]Valid Entries:         1643611.797 / s
[P]set success:           2712875.886 / s

[P]expire scan persec:    11657499.664 / s
[P]total expire scan:     276731119
[P]expire hit persec:     1101074.863 / s
[P]total expire hit:      7334008

[P]expire hit rate:       9.445206 %
[P]total expire hit rate: 2.650229 %

[P]get found:             1878940.202 / s

----------------------------------

[INFO]Current Time:       40.60 s

[P]indexs Load Factor:    86.1909 %

[P]full bucket LFactor:   58.5826 %

[P]set request:           89473981 
[P]get request:           77885450 

[P]Get Hit Rate:          78.2811 %
[P]ACC Hit Rate:          81.8545 %

[P]total cuckoo num:      586732 
[P]total cuckoo path:     171892 
[P]total cp perset:       0.001954 / set
[P]total cp percuckoo:    0.292965 / cuckoo num

[P]cuckoo path / s:       5932.506 / s
[P]cp per set * s:        0.002408 / set * s

[P]break loop / s:        0 / s
[P]break / set :          0 %

[P]Throughput:            4730733.554 ops
[P]all request:           167359431 o

[P]GetThroughput:         2205811.302 ops
[P]SetThroughput:         2524922.252 ops

[P]Valid Entries:         1472592.860 / s
[P]set success:           2463700.061 / s

[P]expire scan persec:    11008098.677 / s
[P]total expire scan:     286090545
[P]expire hit persec:     1116284.957 / s
[P]total expire hit:      8283108

[P]expire hit rate:       10.140579 %
[P]total expire hit rate: 2.895275 %

[P]get found:             1726733.225 / s

----------------------------------

[INFO]Current Time:       41.44 s

[P]indexs Load Factor:    87.4394 %

[P]full bucket LFactor:   60.6185 %

[P]set request:           91598479 
[P]get request:           79671655 

[P]Get Hit Rate:          82.5068 %
[P]ACC Hit Rate:          81.8691 %

[P]total cuckoo num:      589837 
[P]total cuckoo path:     177100 
[P]total cp perset:       0.001965 / set
[P]total cp percuckoo:    0.300252 / cuckoo num

[P]cuckoo path / s:       6174.699 / s
[P]cp per set * s:        0.002415 / set * s

[P]break loop / s:        0 / s
[P]break / set :          0 %

[P]Throughput:            4636599.992 ops
[P]all request:           171270134 o

[P]GetThroughput:         2117756.856 ops
[P]SetThroughput:         2518843.136 ops

[P]Valid Entries:         1397905.311 / s
[P]set success:           2557073.390 / s

[P]expire scan persec:    11031165.636 / s
[P]total expire scan:     295394693
[P]expire hit persec:     1150030.521 / s
[P]total expire hit:      9253092

[P]expire hit rate:       10.425286 %
[P]total expire hit rate: 3.132450 %

[P]get found:             1747293.903 / s

----------------------------------

[INFO]Current Time:       42.28 s

[P]indexs Load Factor:    88.6309 %

[P]full bucket LFactor:   62.6265 %

[P]set request:           93877513 
[P]get request:           81620889 

[P]Get Hit Rate:          79.5358 %
[P]ACC Hit Rate:          81.8134 %

[P]total cuckoo num:      592892 
[P]total cuckoo path:     182731 
[P]total cp perset:       0.001977 / set
[P]total cp percuckoo:    0.308203 / cuckoo num

[P]cuckoo path / s:       6681.428 / s
[P]cp per set * s:        0.002474 / set * s

[P]break loop / s:        0 / s
[P]break / set :          0 %

[P]Throughput:            5017024.957 ops
[P]all request:           175498402 o

[P]GetThroughput:         2312851.415 ops
[P]SetThroughput:         2704173.543 ops

[P]Valid Entries:         1393378.494 / s
[P]set success:           2700540.346 / s

[P]expire scan persec:    11584158.972 / s
[P]total expire scan:     305157636
[P]expire hit persec:     1337764.002 / s
[P]total expire hit:      10380538

[P]expire hit rate:       11.548219 %
[P]total expire hit rate: 3.401697 %

[P]get found:             1839543.860 / s

----------------------------------

[INFO]Current Time:       43.12 s

[P]indexs Load Factor:    89.6944 %

[P]full bucket LFactor:   64.4700 %

[P]set request:           96064146 
[P]get request:           83488231 

[P]Get Hit Rate:          79.1446 %
[P]ACC Hit Rate:          81.7537 %

[P]total cuckoo num:      595522 
[P]total cuckoo path:     188056 
[P]total cp perset:       0.001988 / set
[P]total cp percuckoo:    0.315783 / cuckoo num

[P]cuckoo path / s:       6388.891 / s
[P]cp per set * s:        0.002434 / set * s

[P]break loop / s:        0 / s
[P]break / set :          0 %

[P]Throughput:            4863925.775 ops
[P]all request:           179552377 o

[P]GetThroughput:         2240421.533 ops
[P]SetThroughput:         2623504.242 ops

[P]Valid Entries:         1271912.436 / s
[P]set success:           2625085.567 / s

[P]expire scan persec:    11266284.525 / s
[P]total expire scan:     314547836
[P]expire hit persec:     1382316.073 / s
[P]total expire hit:      11532668

[P]expire hit rate:       12.269494 %
[P]total expire hit rate: 3.666427 %

[P]get found:             1773172.233 / s

----------------------------------

[INFO]Current Time:       43.94 s

[P]indexs Load Factor:    90.7090 %

[P]full bucket LFactor:   66.2897 %

[P]set request:           98304596 
[P]get request:           85364830 

[P]Get Hit Rate:          81.7400 %
[P]ACC Hit Rate:          81.7534 %

[P]total cuckoo num:      598040 
[P]total cuckoo path:     193671 
[P]total cp perset:       0.002000 / set
[P]total cp percuckoo:    0.323843 / cuckoo num

[P]cuckoo path / s:       6798.718 / s
[P]cp per set * s:        0.002499 / set * s

[P]break loop / s:        0 / s
[P]break / set :          0 %

[P]Throughput:            4984978.539 ops
[P]all request:           183669426 o

[P]GetThroughput:         2272211.417 ops
[P]SetThroughput:         2712767.122 ops

[P]Valid Entries:         1235592.806 / s
[P]set success:           2720350.447 / s

[P]expire scan persec:    11621731.914 / s
[P]total expire scan:     324146120
[P]expire hit persec:     1485250.443 / s
[P]total expire hit:      12759323

[P]expire hit rate:       12.779941 %
[P]total expire hit rate: 3.936287 %

[P]get found:             1857305.585 / s

----------------------------------

[INFO]Current Time:       44.76 s

[P]indexs Load Factor:    91.6509 %

[P]full bucket LFactor:   68.0330 %

[P]set request:           100466575 
[P]get request:           87238029 

[P]Get Hit Rate:          80.1584 %
[P]ACC Hit Rate:          81.7191 %

[P]total cuckoo num:      600356 
[P]total cuckoo path:     199367 
[P]total cp perset:       0.002013 / set
[P]total cp percuckoo:    0.332081 / cuckoo num

[P]cuckoo path / s:       7016.834 / s
[P]cp per set * s:        0.002619 / set * s

[P]break loop / s:        0 / s
[P]break / set :          0 %

[P]Throughput:            4970887.440 ops
[P]all request:           187704604 o

[P]GetThroughput:         2307571.409 ops
[P]SetThroughput:         2663316.031 ops

[P]Valid Entries:         1152813.129 / s
[P]set success:           2679240.648 / s

[P]expire scan persec:    11606430.091 / s
[P]total expire scan:     333567780
[P]expire hit persec:     1564757.715 / s
[P]total expire hit:      14029534

[P]expire hit rate:       13.481817 %
[P]total expire hit rate: 4.205902 %

[P]get found:             1849711.892 / s

----------------------------------

[INFO]Current Time:       45.57 s

[P]indexs Load Factor:    92.5030 %

[P]full bucket LFactor:   69.6600 %

[P]set request:           102583738 
[P]get request:           89070478 

[P]Get Hit Rate:          80.0565 %
[P]ACC Hit Rate:          81.6849 %

[P]total cuckoo num:      602492 
[P]total cuckoo path:     205112 
[P]total cp perset:       0.002027 / set
[P]total cp percuckoo:    0.340439 / cuckoo num

[P]cuckoo path / s:       7059.353 / s
[P]cp per set * s:        0.002648 / set * s

[P]break loop / s:        0 / s
[P]break / set :          0 %

[P]Throughput:            4853212.608 ops
[P]all request:           191654216 o

[P]GetThroughput:         2251680.567 ops
[P]SetThroughput:         2601532.040 ops

[P]Valid Entries:         1048940.027 / s
[P]set success:           2666416.651 / s

[P]expire scan persec:    11347525.176 / s
[P]total expire scan:     342802554
[P]expire hit persec:     1634416.615 / s
[P]total expire hit:      15359645

[P]expire hit rate:       14.403287 %
[P]total expire hit rate: 4.480610 %

[P]get found:             1802615.998 / s

----------------------------------

[INFO]Current Time:       46.38 s

[P]indexs Load Factor:    93.2990 %

[P]full bucket LFactor:   71.2242 %

[P]set request:           104704051 
[P]get request:           90935417 

[P]Get Hit Rate:          78.3971 %
[P]ACC Hit Rate:          81.6175 %

[P]total cuckoo num:      604596 
[P]total cuckoo path:     211507 
[P]total cp perset:       0.002045 / set
[P]total cp percuckoo:    0.349832 / cuckoo num

[P]cuckoo path / s:       7890.805 / s
[P]cp per set * s:        0.002886 / set * s

[P]break loop / s:        0 / s
[P]break / set :          0 %

[P]Throughput:            4917411.442 ops
[P]all request:           195639468 o

[P]GetThroughput:         2301152.443 ops
[P]SetThroughput:         2616258.999 ops

[P]Valid Entries:         996427.897 / s
[P]set success:           2733725.260 / s

[P]expire scan persec:    11632806.027 / s
[P]total expire scan:     352230210
[P]expire hit persec:     1750208.916 / s
[P]total expire hit:      16778079

[P]expire hit rate:       15.045458 %
[P]total expire hit rate: 4.763384 %

[P]get found:             1804036.668 / s

----------------------------------

[INFO]Current Time:       47.18 s

[P]indexs Load Factor:    94.0091 %

[P]full bucket LFactor:   72.6652 %

[P]set request:           106826595 
[P]get request:           92699378 

[P]Get Hit Rate:          81.1954 %
[P]ACC Hit Rate:          81.6094 %

[P]total cuckoo num:      606441 
[P]total cuckoo path:     217417 
[P]total cp perset:       0.002061 / set
[P]total cp percuckoo:    0.358513 / cuckoo num

[P]cuckoo path / s:       7342.545 / s
[P]cp per set * s:        0.002811 / set * s

[P]break loop / s:        0 / s
[P]break / set :          0 %

[P]Throughput:            4828568.199 ops
[P]all request:           199525973 o

[P]GetThroughput:         2191533.521 ops
[P]SetThroughput:         2637034.677 ops

[P]Valid Entries:         893029.898 / s
[P]set success:           2611820.303 / s

[P]expire scan persec:    11338827.693 / s
[P]total expire scan:     361356810
[P]expire hit persec:     1773413.474 / s
[P]total expire hit:      18205496

[P]expire hit rate:       15.640184 %
[P]total expire hit rate: 5.038094 %

[P]get found:             1779424.173 / s

----------------------------------

[INFO]Current Time:       47.99 s

[P]indexs Load Factor:    94.6599 %

[P]full bucket LFactor:   74.0208 %

[P]set request:           108991986 
[P]get request:           94530289 

[P]Get Hit Rate:          78.0994 %
[P]ACC Hit Rate:          81.5415 %

[P]total cuckoo num:      608317 
[P]total cuckoo path:     224325 
[P]total cp perset:       0.002083 / set
[P]total cp percuckoo:    0.368763 / cuckoo num

[P]cuckoo path / s:       8597.729 / s
[P]cp per set * s:        0.003156 / set * s

[P]break loop / s:        0 / s
[P]break / set :          0 %

[P]Throughput:            4973816.076 ops
[P]all request:           203522275 o

[P]GetThroughput:         2278760.355 ops
[P]SetThroughput:         2695055.721 ops

[P]Valid Entries:         840472.812 / s
[P]set success:           2724078.657 / s

[P]expire scan persec:    11648350.810 / s
[P]total expire scan:     370715887
[P]expire hit persec:     1848964.763 / s
[P]total expire hit:      19691080

[P]expire hit rate:       15.873189 %
[P]total expire hit rate: 5.311636 %

[P]get found:             1779697.536 / s

----------------------------------

[INFO]Current Time:       48.77 s

[P]indexs Load Factor:    95.2555 %

[P]full bucket LFactor:   75.2980 %

[P]set request:           111049955 
[P]get request:           96302011 

[P]Get Hit Rate:          77.8804 %
[P]ACC Hit Rate:          81.4741 %

[P]total cuckoo num:      610087 
[P]total cuckoo path:     231309 
[P]total cp perset:       0.002106 / set
[P]total cp percuckoo:    0.379141 / cuckoo num

[P]cuckoo path / s:       8897.925 / s
[P]cp per set * s:        0.003291 / set * s

[P]break loop / s:        0 / s
[P]break / set :          0 %

[P]Throughput:            4879195.788 ops
[P]all request:           207351966 o

[P]GetThroughput:         2257252.222 ops
[P]SetThroughput:         2621943.566 ops

[P]Valid Entries:         765057.200 / s
[P]set success:           2703809.827 / s

[P]expire scan persec:    11585243.623 / s
[P]total expire scan:     379809169
[P]expire hit persec:     1895168.847 / s
[P]total expire hit:      21178602

[P]expire hit rate:       16.358472 %
[P]total expire hit rate: 5.576117 %

[P]get found:             1757956.830 / s

----------------------------------

[INFO]Current Time:       49.57 s

[P]indexs Load Factor:    95.7973 %

[P]full bucket LFactor:   76.4948 %

[P]set request:           113131268 
[P]get request:           98025196 

[P]Get Hit Rate:          82.2498 %
[P]ACC Hit Rate:          81.4877 %

[P]total cuckoo num:      611957 
[P]total cuckoo path:     239320 
[P]total cp perset:       0.002137 / set
[P]total cp percuckoo:    0.391073 / cuckoo num

[P]cuckoo path / s:       10093.131 / s
[P]cp per set * s:        0.003727 / set * s

[P]break loop / s:        0 / s
[P]break / set :          0 %

[P]Throughput:            4793321.458 ops
[P]all request:           211156464 o

[P]GetThroughput:         2171056.375 ops
[P]SetThroughput:         2622265.083 ops

[P]Valid Entries:         700159.177 / s
[P]set success:           2708394.985 / s

[P]expire scan persec:    11690353.372 / s
[P]total expire scan:     389087897
[P]expire hit persec:     1992696.091 / s
[P]total expire hit:      22760221

[P]expire hit rate:       17.045645 %
[P]total expire hit rate: 5.849635 %

[P]get found:             1785690.514 / s

----------------------------------

[INFO]Current Time:       50.36 s

[P]indexs Load Factor:    96.2839 %

[P]full bucket LFactor:   77.5992 %

[P]set request:           115170445 
[P]get request:           99776188 

[P]Get Hit Rate:          77.6413 %
[P]ACC Hit Rate:          81.4202 %

[P]total cuckoo num:      613787 
[P]total cuckoo path:     247841 
[P]total cp perset:       0.002173 / set
[P]total cp percuckoo:    0.403790 / cuckoo num

[P]cuckoo path / s:       10785.982 / s
[P]cp per set * s:        0.004115 / set * s

[P]break loop / s:        0 / s
[P]break / set :          0 %

[P]Throughput:            4797640.521 ops
[P]all request:           214946633 o

[P]GetThroughput:         2216426.278 ops
[P]SetThroughput:         2581214.243 ops

[P]Valid Entries:         638037.485 / s
[P]set success:           2620935.416 / s

[P]expire scan persec:    11832386.887 / s
[P]total expire scan:     398435564
[P]expire hit persec:     1983148.562 / s
[P]total expire hit:      24326922

[P]expire hit rate:       16.760342 %
[P]total expire hit rate: 6.105610 %

[P]get found:             1720862.237 / s

----------------------------------

[INFO]Current Time:       51.14 s

[P]indexs Load Factor:    96.7112 %

[P]full bucket LFactor:   78.5937 %

[P]set request:           117155147 
[P]get request:           101510036 

[P]Get Hit Rate:          80.4278 %
[P]ACC Hit Rate:          81.4033 %

[P]total cuckoo num:      615639 
[P]total cuckoo path:     257234 
[P]total cp perset:       0.002216 / set
[P]total cp percuckoo:    0.417833 / cuckoo num

[P]cuckoo path / s:       11978.421 / s
[P]cp per set * s:        0.004566 / set * s

[P]break loop / s:        0 / s
[P]break / set :          0 %

[P]Throughput:            4742079.868 ops
[P]all request:           218665183 o

[P]GetThroughput:         2211089.187 ops
[P]SetThroughput:         2530990.682 ops

[P]Valid Entries:         578738.932 / s
[P]set success:           2623332.789 / s

[P]expire scan persec:    11924256.994 / s
[P]total expire scan:     407786091
[P]expire hit persec:     2112534.062 / s
[P]total expire hit:      25983487

[P]expire hit rate:       17.716274 %
[P]total expire hit rate: 6.371842 %

[P]get found:             1778329.367 / s

----------------------------------

[INFO]Current Time:       51.91 s

[P]indexs Load Factor:    97.0972 %

[P]full bucket LFactor:   79.5100 %

[P]set request:           119166541 
[P]get request:           103201645 

[P]Get Hit Rate:          78.8734 %
[P]ACC Hit Rate:          81.3618 %

[P]total cuckoo num:      617413 
[P]total cuckoo path:     267000 
[P]total cp perset:       0.002260 / set
[P]total cp percuckoo:    0.432450 / cuckoo num

[P]cuckoo path / s:       12657.361 / s
[P]cp per set * s:        0.004766 / set * s

[P]break loop / s:        0 / s
[P]break / set :          0 %

[P]Throughput:            4799328.683 ops
[P]all request:           222368186 o

[P]GetThroughput:         2192433.437 ops
[P]SetThroughput:         2606895.246 ops

[P]Valid Entries:         511360.734 / s
[P]set success:           2655712.791 / s

[P]expire scan persec:    11724602.724 / s
[P]total expire scan:     416832406
[P]expire hit persec:     2106915.250 / s
[P]total expire hit:      27609113

[P]expire hit rate:       17.970035 %
[P]total expire hit rate: 6.623552 %

[P]get found:             1729247.400 / s

----------------------------------

[INFO]Current Time:       52.69 s

[P]indexs Load Factor:    97.4376 %

[P]full bucket LFactor:   80.3395 %

[P]set request:           121127092 
[P]get request:           104880792 

[P]Get Hit Rate:          77.2772 %
[P]ACC Hit Rate:          81.2964 %

[P]total cuckoo num:      619322 
[P]total cuckoo path:     278410 
[P]total cp perset:       0.002318 / set
[P]total cp percuckoo:    0.449540 / cuckoo num

[P]cuckoo path / s:       14632.839 / s
[P]cp per set * s:        0.005818 / set * s

[P]break loop / s:        0 / s
[P]break / set :          0 %

[P]Throughput:            4667757.792 ops
[P]all request:           226007884 o

[P]GetThroughput:         2153434.569 ops
[P]SetThroughput:         2514323.223 ops

[P]Valid Entries:         453196.094 / s
[P]set success:           2515070.896 / s

[P]expire scan persec:    11612749.616 / s
[P]total expire scan:     425887482
[P]expire hit persec:     2115358.407 / s
[P]total expire hit:      29258570

[P]expire hit rate:       18.215827 %
[P]total expire hit rate: 6.870023 %

[P]get found:             1664114.214 / s

----------------------------------

[INFO]Current Time:       53.47 s

[P]indexs Load Factor:    97.7441 %

[P]full bucket LFactor:   81.1008 %

[P]set request:           123100320 
[P]get request:           106536661 

[P]Get Hit Rate:          78.5926 %
[P]ACC Hit Rate:          81.2544 %

[P]total cuckoo num:      621318 
[P]total cuckoo path:     290848 
[P]total cp perset:       0.002381 / set
[P]total cp percuckoo:    0.468115 / cuckoo num

[P]cuckoo path / s:       16054.997 / s
[P]cp per set * s:        0.006054 / set * s

[P]break loop / s:        0 / s
[P]break / set :          0 %

[P]Throughput:            4684446.089 ops
[P]all request:           229636981 o

[P]GetThroughput:         2137399.210 ops
[P]SetThroughput:         2547046.879 ops

[P]Valid Entries:         414916.723 / s
[P]set success:           2651951.658 / s

[P]expire scan persec:    11859234.120 / s
[P]total expire scan:     435074974
[P]expire hit persec:     2184682.582 / s
[P]total expire hit:      30951070

[P]expire hit rate:       18.421785 %
[P]total expire hit rate: 7.113962 %

[P]get found:             1679836.967 / s

----------------------------------

[INFO]Current Time:       54.24 s

[P]indexs Load Factor:    98.0148 %

[P]full bucket LFactor:   81.7888 %

[P]set request:           124982175 
[P]get request:           108208865 

[P]Get Hit Rate:          78.3860 %
[P]ACC Hit Rate:          81.2101 %

[P]total cuckoo num:      623385 
[P]total cuckoo path:     304277 
[P]total cp perset:       0.002451 / set
[P]total cp percuckoo:    0.488104 / cuckoo num

[P]cuckoo path / s:       17395.393 / s
[P]cp per set * s:        0.006709 / set * s

[P]break loop / s:        0 / s
[P]break / set :          0 %

[P]Throughput:            4603786.810 ops
[P]all request:           233191040 o

[P]GetThroughput:         2166106.618 ops
[P]SetThroughput:         2437680.193 ops

[P]Valid Entries:         370931.594 / s
[P]set success:           2592933.007 / s

[P]expire scan persec:    11892617.105 / s
[P]total expire scan:     444255908
[P]expire hit persec:     2172400.773 / s
[P]total expire hit:      32628133

[P]expire hit rate:       18.266802 %
[P]total expire hit rate: 7.344445 %

[P]get found:             1697923.261 / s

----------------------------------

[INFO]Current Time:       55.01 s

[P]indexs Load Factor:    98.2624 %

[P]full bucket LFactor:   82.4305 %

[P]set request:           127016279 
[P]get request:           109880308 

[P]Get Hit Rate:          78.4575 %
[P]ACC Hit Rate:          81.1682 %

[P]total cuckoo num:      625444 
[P]total cuckoo path:     318302 
[P]total cp perset:       0.002521 / set
[P]total cp percuckoo:    0.508922 / cuckoo num

[P]cuckoo path / s:       18204.191 / s
[P]cp per set * s:        0.006742 / set * s

[P]break loop / s:        0 / s
[P]break / set :          0 %

[P]Throughput:            4809731.558 ops
[P]all request:           236896587 o

[P]GetThroughput:         2169502.139 ops
[P]SetThroughput:         2640229.418 ops

[P]Valid Entries:         338370.805 / s
[P]set success:           2700167.609 / s

[P]expire scan persec:    12239515.411 / s
[P]total expire scan:     453685561
[P]expire hit persec:     2255936.027 / s
[P]total expire hit:      34366167

[P]expire hit rate:       18.431580 %
[P]total expire hit rate: 7.574887 %

[P]get found:             1702137.931 / s

----------------------------------

[INFO]Current Time:       55.78 s

[P]indexs Load Factor:    98.4797 %

[P]full bucket LFactor:   83.0058 %

[P]set request:           128958821 
[P]get request:           111568353 

[P]Get Hit Rate:          78.2217 %
[P]ACC Hit Rate:          81.1236 %

[P]total cuckoo num:      627651 
[P]total cuckoo path:     334478 
[P]total cp perset:       0.002607 / set
[P]total cp percuckoo:    0.532904 / cuckoo num

[P]cuckoo path / s:       21046.881 / s
[P]cp per set * s:        0.007834 / set * s

[P]break loop / s:        0 / s
[P]break / set :          0 %

[P]Throughput:            4723821.192 ops
[P]all request:           240527174 o

[P]GetThroughput:         2196345.314 ops
[P]SetThroughput:         2527475.878 ops

[P]Valid Entries:         301066.938 / s
[P]set success:           2686646.817 / s

[P]expire scan persec:    12258418.437 / s
[P]total expire scan:     463107013
[P]expire hit persec:     2316049.448 / s
[P]total expire hit:      36146213

[P]expire hit rate:       18.893542 %
[P]total expire hit rate: 7.805153 %

[P]get found:             1718017.997 / s

----------------------------------

[INFO]Current Time:       56.54 s

[P]indexs Load Factor:    98.6720 %

[P]full bucket LFactor:   83.5248 %

[P]set request:           130919100 
[P]get request:           113207508 

[P]Get Hit Rate:          78.1693 %
[P]ACC Hit Rate:          81.0808 %

[P]total cuckoo num:      629772 
[P]total cuckoo path:     350377 
[P]total cp perset:       0.002689 / set
[P]total cp percuckoo:    0.556355 / cuckoo num

[P]cuckoo path / s:       20878.859 / s
[P]cp per set * s:        0.007918 / set * s

[P]break loop / s:        0 / s
[P]break / set :          0 %

[P]Throughput:            4726842.951 ops
[P]all request:           244126608 o

[P]GetThroughput:         2152568.503 ops
[P]SetThroughput:         2574274.448 ops

[P]Valid Entries:         267343.688 / s
[P]set success:           2636841.425 / s

[P]expire scan persec:    12337915.349 / s
[P]total expire scan:     472502187
[P]expire hit persec:     2301358.774 / s
[P]total expire hit:      37898670

[P]expire hit rate:       18.652736 %
[P]total expire hit rate: 8.020845 %

[P]get found:             1682647.745 / s

----------------------------------

[INFO]Current Time:       57.30 s

[P]indexs Load Factor:    98.8410 %

[P]full bucket LFactor:   83.9867 %

[P]set request:           132827513 
[P]get request:           114861419 

[P]Get Hit Rate:          78.0876 %
[P]ACC Hit Rate:          81.0377 %

[P]total cuckoo num:      632091 
[P]total cuckoo path:     368251 
[P]total cp perset:       0.002784 / set
[P]total cp percuckoo:    0.582592 / cuckoo num

[P]cuckoo path / s:       23460.507 / s
[P]cp per set * s:        0.009147 / set * s

[P]break loop / s:        0 / s
[P]break / set :          0 %

[P]Throughput:            4675726.107 ops
[P]all request:           247688932 o

[P]GetThroughput:         2170839.834 ops
[P]SetThroughput:         2504886.273 ops

[P]Valid Entries:         235729.928 / s
[P]set success:           2564910.468 / s

[P]expire scan persec:    12299235.956 / s
[P]total expire scan:     481872681
[P]expire hit persec:     2267204.583 / s
[P]total expire hit:      39625999

[P]expire hit rate:       18.433703 %
[P]total expire hit rate: 8.223334 %

[P]get found:             1695157.506 / s

----------------------------------

[INFO]Current Time:       58.06 s

[P]indexs Load Factor:    98.9894 %

[P]full bucket LFactor:   84.4009 %

[P]set request:           134812116 
[P]get request:           116455777 

[P]Get Hit Rate:          79.5191 %
[P]ACC Hit Rate:          81.0170 %

[P]total cuckoo num:      634559 
[P]total cuckoo path:     388115 
[P]total cp perset:       0.002890 / set
[P]total cp percuckoo:    0.611629 / cuckoo num

[P]cuckoo path / s:       26025.821 / s
[P]cp per set * s:        0.009763 / set * s

[P]break loop / s:        0 / s
[P]break / set :          0 %

[P]Throughput:            4689156.218 ops
[P]all request:           251267893 o

[P]GetThroughput:         2088928.527 ops
[P]SetThroughput:         2600227.691 ops

[P]Valid Entries:         208950.764 / s
[P]set success:           2665822.876 / s

[P]expire scan persec:    12381183.061 / s
[P]total expire scan:     491322520
[P]expire hit persec:     2374641.313 / s
[P]total expire hit:      41438425

[P]expire hit rate:       19.179438 %
[P]total expire hit rate: 8.434058 %

[P]get found:             1661096.991 / s

----------------------------------

[INFO]Current Time:       58.83 s

[P]indexs Load Factor:    99.1163 %

[P]full bucket LFactor:   84.7610 %

[P]set request:           136768401 
[P]get request:           118087504 

[P]Get Hit Rate:          77.8720 %
[P]ACC Hit Rate:          80.9735 %

[P]total cuckoo num:      636978 
[P]total cuckoo path:     408240 
[P]total cp perset:       0.002996 / set
[P]total cp percuckoo:    0.640901 / cuckoo num

[P]cuckoo path / s:       26304.169 / s
[P]cp per set * s:        0.010213 / set * s

[P]break loop / s:        0 / s
[P]break / set :          0 %

[P]Throughput:            4689673.262 ops
[P]all request:           254855905 o

[P]GetThroughput:         2132731.575 ops
[P]SetThroughput:         2556941.687 ops

[P]Valid Entries:         181943.814 / s
[P]set success:           2575502.955 / s

[P]expire scan persec:    12208383.764 / s
[P]total expire scan:     500663006
[P]expire hit persec:     2226309.065 / s
[P]total expire hit:      43141747

[P]expire hit rate:       18.235903 %
[P]total expire hit rate: 8.616923 %

[P]get found:             1660801.451 / s

----------------------------------

[INFO]Current Time:       59.59 s

[P]indexs Load Factor:    99.2306 %

[P]full bucket LFactor:   85.0891 %

[P]set request:           138684862 
[P]get request:           119661218 

[P]Get Hit Rate:          76.2552 %
[P]ACC Hit Rate:          80.9114 %

[P]total cuckoo num:      639411 
[P]total cuckoo path:     429261 
[P]total cp perset:       0.003105 / set
[P]total cp percuckoo:    0.671338 / cuckoo num

[P]cuckoo path / s:       27562.774 / s
[P]cp per set * s:        0.010640 / set * s

[P]break loop / s:        0 / s
[P]break / set :          0 %

[P]Throughput:            4576323.975 ops
[P]all request:           258346080 o

[P]GetThroughput:         2063456.734 ops
[P]SetThroughput:         2512867.241 ops

[P]Valid Entries:         159242.844 / s
[P]set success:           2590466.790 / s

[P]expire scan persec:    12112501.285 / s
[P]total expire scan:     509900715
[P]expire hit persec:     2303112.967 / s
[P]total expire hit:      44898237

[P]expire hit rate:       19.014347 %
[P]total expire hit rate: 8.805290 %

[P]get found:             1573492.066 / s

----------------------------------

[INFO]Current Time:       60.35 s

[P]indexs Load Factor:    99.3320 %

[P]full bucket LFactor:   85.3828 %

[P]set request:           140591319 
[P]get request:           121248935 

[P]Get Hit Rate:          77.6068 %
[P]ACC Hit Rate:          80.8682 %

[P]total cuckoo num:      642043 
[P]total cuckoo path:     452225 
[P]total cp perset:       0.003224 / set
[P]total cp percuckoo:    0.704353 / cuckoo num

[P]cuckoo path / s:       30448.196 / s
[P]cp per set * s:        0.011508 / set * s

[P]break loop / s:        0 / s
[P]break / set :          0 %

[P]Throughput:            4632960.094 ops
[P]all request:           261840254 o

[P]GetThroughput:         2105169.778 ops
[P]SetThroughput:         2527790.317 ops

[P]Valid Entries:         144049.509 / s
[P]set success:           2645838.732 / s

[P]expire scan persec:    12429197.933 / s
[P]total expire scan:     519274804
[P]expire hit persec:     2326111.457 / s
[P]total expire hit:      46652588

[P]expire hit rate:       18.714896 %
[P]total expire hit rate: 8.984181 %

[P]get found:             1633754.426 / s

----------------------------------

[INFO]Current Time:       61.10 s

[P]indexs Load Factor:    99.4202 %

[P]full bucket LFactor:   85.6449 %

[P]set request:           142539471 
[P]get request:           122838847 

[P]Get Hit Rate:          76.1806 %
[P]ACC Hit Rate:          80.8075 %

[P]total cuckoo num:      644761 
[P]total cuckoo path:     476031 
[P]total cp perset:       0.003346 / set
[P]total cp percuckoo:    0.738306 / cuckoo num

[P]cuckoo path / s:       31499.042 / s
[P]cp per set * s:        0.011906 / set * s

[P]break loop / s:        0 / s
[P]break / set :          0 %

[P]Throughput:            4681409.178 ops
[P]all request:           265378318 o

[P]GetThroughput:         2103700.959 ops
[P]SetThroughput:         2577708.219 ops

[P]Valid Entries:         127359.019 / s
[P]set success:           2645684.015 / s

[P]expire scan persec:    12497027.293 / s
[P]total expire scan:     528719670
[P]expire hit persec:     2380888.824 / s
[P]total expire hit:      48451990

[P]expire hit rate:       19.051641 %
[P]total expire hit rate: 9.164023 %

[P]get found:             1602612.673 / s

----------------------------------

[INFO]Current Time:       61.86 s

[P]indexs Load Factor:    99.4968 %

[P]full bucket LFactor:   85.8750 %

[P]set request:           144490960 
[P]get request:           124430689 

[P]Get Hit Rate:          79.0778 %
[P]ACC Hit Rate:          80.7854 %

[P]total cuckoo num:      647696 
[P]total cuckoo path:     502411 
[P]total cp perset:       0.003483 / set
[P]total cp percuckoo:    0.775690 / cuckoo num

[P]cuckoo path / s:       34794.487 / s
[P]cp per set * s:        0.013166 / set * s

[P]break loop / s:        0 / s
[P]break / set :          0 %

[P]Throughput:            4673555.199 ops
[P]all request:           268921649 o

[P]GetThroughput:         2099595.396 ops
[P]SetThroughput:         2573959.802 ops

[P]Valid Entries:         111632.534 / s
[P]set success:           2642654.514 / s

[P]expire scan persec:    12499556.912 / s
[P]total expire scan:     538196410
[P]expire hit persec:     2437109.839 / s
[P]total expire hit:      50299724

[P]expire hit rate:       19.497570 %
[P]total expire hit rate: 9.345979 %

[P]get found:             1660314.332 / s

----------------------------------

[INFO]Current Time:       62.62 s

[P]indexs Load Factor:    99.5637 %

[P]full bucket LFactor:   86.0786 %

[P]set request:           146348077 
[P]get request:           126021451 

[P]Get Hit Rate:          77.8023 %
[P]ACC Hit Rate:          80.7477 %

[P]total cuckoo num:      650509 
[P]total cuckoo path:     528203 
[P]total cp perset:       0.003612 / set
[P]total cp percuckoo:    0.811984 / cuckoo num

[P]cuckoo path / s:       34112.162 / s
[P]cp per set * s:        0.013058 / set * s

[P]break loop / s:        0 / s
[P]break / set :          0 %

[P]Throughput:            4560119.636 ops
[P]all request:           272369528 o

[P]GetThroughput:         2103921.000 ops
[P]SetThroughput:         2456198.637 ops

[P]Valid Entries:         97786.786 / s
[P]set success:           2612368.376 / s

[P]expire scan persec:    12415673.530 / s
[P]total expire scan:     547583826
[P]expire hit persec:     2419610.592 / s
[P]total expire hit:      52129177

[P]expire hit rate:       19.488355 %
[P]total expire hit rate: 9.519853 %

[P]get found:             1636899.690 / s

----------------------------------

[INFO]Current Time:       63.37 s

[P]indexs Load Factor:    99.6281 %

[P]full bucket LFactor:   86.2755 %

[P]set request:           148233827 
[P]get request:           127556524 

[P]Get Hit Rate:          78.8760 %
[P]ACC Hit Rate:          80.7252 %

[P]total cuckoo num:      653450 
[P]total cuckoo path:     555477 
[P]total cp perset:       0.003749 / set
[P]total cp percuckoo:    0.850068 / cuckoo num

[P]cuckoo path / s:       36306.863 / s
[P]cp per set * s:        0.014051 / set * s

[P]break loop / s:        0 / s
[P]break / set :          0 %

[P]Throughput:            4553763.779 ops
[P]all request:           275790351 o

[P]GetThroughput:         2043473.113 ops
[P]SetThroughput:         2510290.666 ops

[P]Valid Entries:         85848.413 / s
[P]set success:           2583876.161 / s

[P]expire scan persec:    12499832.461 / s
[P]total expire scan:     556973798
[P]expire hit persec:     2379353.532 / s
[P]total expire hit:      53916566

[P]expire hit rate:       19.035083 %
[P]total expire hit rate: 9.680270 %

[P]get found:             1611809.614 / s

----------------------------------

[INFO]Current Time:       64.39 s

[P]indexs Load Factor:    99.6792 %

[P]full bucket LFactor:   86.4348 %

[P]set request:           150291329 
[P]get request:           129266929 

[P]Get Hit Rate:          77.8955 %
[P]ACC Hit Rate:          80.6878 %

[P]total cuckoo num:      656615 
[P]total cuckoo path:     585054 
[P]total cp perset:       0.003894 / set
[P]total cp percuckoo:    0.891015 / cuckoo num

[P]cuckoo path / s:       28905.320 / s
[P]cp per set * s:        0.014169 / set * s

[P]break loop / s:        0 / s
[P]break / set :          0 %

[P]Throughput:            3682339.633 ops
[P]all request:           279558258 o

[P]GetThroughput:         1671562.520 ops
[P]SetThroughput:         2010777.113 ops

[P]Valid Entries:         59727.108 / s
[P]set success:           2040022.531 / s

[P]expire scan persec:    9865901.787 / s
[P]total expire scan:     567068956
[P]expire hit persec:     1916605.403 / s
[P]total expire hit:      55877708

[P]expire hit rate:       19.426561 %
[P]total expire hit rate: 9.853777 %

[P]get found:             1302071.468 / s

----------------------------------

[INFO]Current Time:       65.33 s

[P]indexs Load Factor:    99.7209 %

[P]full bucket LFactor:   86.5666 %

[P]set request:           152201731 
[P]get request:           130826440 

[P]Get Hit Rate:          78.4976 %
[P]ACC Hit Rate:          80.6616 %

[P]total cuckoo num:      659677 
[P]total cuckoo path:     613995 
[P]total cp perset:       0.004034 / set
[P]total cp percuckoo:    0.930751 / cuckoo num

[P]cuckoo path / s:       30786.961 / s
[P]cp per set * s:        0.014813 / set * s

[P]break loop / s:        0 / s
[P]break / set :          0 %

[P]Throughput:            3691236.488 ops
[P]all request:           283028171 o

[P]GetThroughput:         1658982.201 ops
[P]SetThroughput:         2032254.287 ops

[P]Valid Entries:         52516.868 / s
[P]set success:           2078350.157 / s

[P]expire scan persec:    9936333.331 / s
[P]total expire scan:     576409515
[P]expire hit persec:     1946480.353 / s
[P]total expire hit:      57707479

[P]expire hit rate:       19.589523 %
[P]total expire hit rate: 10.011542 %

[P]get found:             1302260.461 / s

----------------------------------

[INFO]Current Time:       66.25 s

[P]indexs Load Factor:    99.7583 %

[P]full bucket LFactor:   86.6851 %

[P]set request:           154138480 
[P]get request:           132405704 

[P]Get Hit Rate:          74.7294 %
[P]ACC Hit Rate:          80.5909 %

[P]total cuckoo num:      662810 
[P]total cuckoo path:     643829 
[P]total cp perset:       0.004176 / set
[P]total cp percuckoo:    0.971363 / cuckoo num

[P]cuckoo path / s:       32617.977 / s
[P]cp per set * s:        0.015318 / set * s

[P]break loop / s:        0 / s
[P]break / set :          0 %

[P]Throughput:            3844111.744 ops
[P]all request:           286544184 o

[P]GetThroughput:         1726633.914 ops
[P]SetThroughput:         2117477.830 ops

[P]Valid Entries:         48323.455 / s
[P]set success:           2129412.462 / s

[P]expire scan persec:    10318848.979 / s
[P]total expire scan:     585847640
[P]expire hit persec:     2000957.723 / s
[P]total expire hit:      59537653

[P]expire hit rate:       19.391288 %
[P]total expire hit rate: 10.162651 %

[P]get found:             1290303.698 / s

----------------------------------

[INFO]Current Time:       67.00 s

[P]indexs Load Factor:    99.7915 %

[P]full bucket LFactor:   86.7923 %

[P]set request:           156055615 
[P]get request:           133934766 

[P]Get Hit Rate:          80.1489 %
[P]ACC Hit Rate:          80.5858 %

[P]total cuckoo num:      665994 
[P]total cuckoo path:     674286 
[P]total cp perset:       0.004320 / set
[P]total cp percuckoo:    1.012451 / cuckoo num

[P]cuckoo path / s:       40265.574 / s
[P]cp per set * s:        0.015753 / set * s

[P]break loop / s:        0 / s
[P]break / set :          0 %

[P]Throughput:            4556034.468 ops
[P]all request:           289990382 o

[P]GetThroughput:         2021491.271 ops
[P]SetThroughput:         2534541.875 ops

[P]Valid Entries:         50600.013 / s
[P]set success:           2556084.625 / s

[P]expire scan persec:    12473692.439 / s
[P]total expire scan:     595282778
[P]expire hit persec:     2408597.102 / s
[P]total expire hit:      61359523

[P]expire hit rate:       19.309416 %
[P]total expire hit rate: 10.307626 %

[P]get found:             1620202.524 / s

----------------------------------

[INFO]Current Time:       67.76 s

[P]indexs Load Factor:    99.8204 %

[P]full bucket LFactor:   86.8860 %

[P]set request:           157974568 
[P]get request:           135523780 

[P]Get Hit Rate:          77.0830 %
[P]ACC Hit Rate:          80.5448 %

[P]total cuckoo num:      669195 
[P]total cuckoo path:     705233 
[P]total cp perset:       0.004463 / set
[P]total cp percuckoo:    1.053853 / cuckoo num

[P]cuckoo path / s:       40762.640 / s
[P]cp per set * s:        0.015995 / set * s

[P]break loop / s:        0 / s
[P]break / set :          0 %

[P]Throughput:            4620607.950 ops
[P]all request:           293498348 o

[P]GetThroughput:         2093010.799 ops
[P]SetThroughput:         2527598.468 ops

[P]Valid Entries:         44706.264 / s
[P]set success:           2548484.925 / s

[P]expire scan persec:    12440824.294 / s
[P]total expire scan:     604727853
[P]expire hit persec:     2406829.253 / s
[P]total expire hit:      63186788

[P]expire hit rate:       19.346220 %
[P]total expire hit rate: 10.448797 %

[P]get found:             1613355.960 / s

----------------------------------

[INFO]Current Time:       68.52 s

[P]indexs Load Factor:    99.8450 %

[P]full bucket LFactor:   86.9663 %

[P]set request:           159902996 
[P]get request:           137089825 

[P]Get Hit Rate:          78.4788 %
[P]ACC Hit Rate:          80.5212 %

[P]total cuckoo num:      672391 
[P]total cuckoo path:     736242 
[P]total cp perset:       0.004601 / set
[P]total cp percuckoo:    1.094961 / cuckoo num

[P]cuckoo path / s:       41007.055 / s
[P]cp per set * s:        0.015643 / set * s

[P]break loop / s:        0 / s
[P]break / set :          0 %

[P]Throughput:            4621175.946 ops
[P]all request:           296992821 o

[P]GetThroughput:         2070975.934 ops
[P]SetThroughput:         2550200.012 ops

[P]Valid Entries:         39283.936 / s
[P]set success:           2621362.308 / s

[P]expire scan persec:    12563229.037 / s
[P]total expire scan:     614228003
[P]expire hit persec:     2434826.428 / s
[P]total expire hit:      65027972

[P]expire hit rate:       19.380578 %
[P]total expire hit rate: 10.586944 %

[P]get found:             1625277.956 / s

----------------------------------

[INFO]Current Time:       69.27 s

[P]indexs Load Factor:    99.8607 %

[P]full bucket LFactor:   87.0177 %

[P]set request:           161553972 
[P]get request:           138470558 

[P]Get Hit Rate:          75.2578 %
[P]ACC Hit Rate:          80.4687 %

[P]total cuckoo num:      675336 
[P]total cuckoo path:     764881 
[P]total cp perset:       0.004730 / set
[P]total cp percuckoo:    1.132593 / cuckoo num

[P]cuckoo path / s:       38063.534 / s
[P]cp per set * s:        0.016903 / set * s

[P]break loop / s:        0 / s
[P]break / set :          0 %

[P]Throughput:            4029385.057 ops
[P]all request:           300024530 o

[P]GetThroughput:         1835105.189 ops
[P]SetThroughput:         2194279.868 ops

[P]Valid Entries:         30644.607 / s
[P]set success:           2251842.340 / s

[P]expire scan persec:    10862490.502 / s
[P]total expire scan:     622400940
[P]expire hit persec:     2128878.479 / s
[P]total expire hit:      66629740

[P]expire hit rate:       19.598438 %
[P]total expire hit rate: 10.705276 %

[P]get found:             1381059.421 / s

----------------------------------
[INFO]End rx_queue_1:1704061

[INFO]Current Time:       70.03 s

[P]indexs Load Factor:    99.8745 %

[P]full bucket LFactor:   87.0636 %

[P]set request:           162848747 
[P]get request:           139509108 

[P]Get Hit Rate:          78.5913 %
[P]ACC Hit Rate:          80.4547 %

[P]total cuckoo num:      677755 
[P]total cuckoo path:     788563 
[P]total cp perset:       0.004838 / set
[P]total cp percuckoo:    1.163493 / cuckoo num

[P]cuckoo path / s:       31340.112 / s
[P]cp per set * s:        0.018270 / set * s

[P]break loop / s:        0 / s
[P]break / set :          0 %

[P]Throughput:            3087858.567 ops
[P]all request:           302357855 o

[P]GetThroughput:         1374388.700 ops
[P]SetThroughput:         1713469.866 ops

[P]Valid Entries:         21614.646 / s
[P]set success:           1715432.428 / s

[P]expire scan persec:    8191526.046 / s
[P]total expire scan:     628590826
[P]expire hit persec:     1665120.445 / s
[P]total expire hit:      67887980

[P]expire hit rate:       20.327353 %
[P]total expire hit rate: 10.800027 %

[P]get found:             1080150.018 / s

----------------------------------

[INFO]Current Time:       70.78 s

[P]indexs Load Factor:    99.8881 %

[P]full bucket LFactor:   87.1086 %

[P]set request:           164314943 
[P]get request:           140706050 

[P]Get Hit Rate:          75.9433 %
[P]ACC Hit Rate:          80.4163 %

[P]total cuckoo num:      680654 
[P]total cuckoo path:     817010 
[P]total cp perset:       0.004968 / set
[P]total cp percuckoo:    1.200331 / cuckoo num

[P]cuckoo path / s:       37890.127 / s
[P]cp per set * s:        0.019412 / set * s

[P]break loop / s:        0 / s
[P]break / set :          0 %

[P]Throughput:            3547180.269 ops
[P]all request:           305020993 o

[P]GetThroughput:         1594273.014 ops
[P]SetThroughput:         1952907.255 ops

[P]Valid Entries:         22430.124 / s
[P]set success:           1951882.982 / s

[P]expire scan persec:    9169105.724 / s
[P]total expire scan:     635474771
[P]expire hit persec:     1876102.728 / s
[P]total expire hit:      69296513

[P]expire hit rate:       20.461131 %
[P]total expire hit rate: 10.904684 %

[P]get found:             1210743.200 / s

----------------------------------

[INFO]Current Time:       71.53 s

[P]indexs Load Factor:    99.9001 %

[P]full bucket LFactor:   87.1488 %

[P]set request:           165777002 
[P]get request:           141920775 

[P]Get Hit Rate:          73.2471 %
[P]ACC Hit Rate:          80.3550 %

[P]total cuckoo num:      683722 
[P]total cuckoo path:     847142 
[P]total cp perset:       0.005104 / set
[P]total cp percuckoo:    1.239015 / cuckoo num

[P]cuckoo path / s:       40186.820 / s
[P]cp per set * s:        0.019950 / set * s

[P]break loop / s:        0 / s
[P]break / set :          0 %

[P]Throughput:            3570006.572 ops
[P]all request:           307697777 o

[P]GetThroughput:         1620069.544 ops
[P]SetThroughput:         1949937.028 ops

[P]Valid Entries:         20824.274 / s
[P]set success:           2014362.375 / s

[P]expire scan persec:    9347824.940 / s
[P]total expire scan:     642483752
[P]expire hit persec:     1907308.217 / s
[P]total expire hit:      70726609

[P]expire hit rate:       20.403765 %
[P]total expire hit rate: 11.008311 %

[P]get found:             1186654.178 / s

----------------------------------

[INFO]Current Time:       72.27 s

[P]indexs Load Factor:    99.9110 %

[P]full bucket LFactor:   87.1852 %

[P]set request:           167258278 
[P]get request:           143129757 

[P]Get Hit Rate:          74.5478 %
[P]ACC Hit Rate:          80.3059 %

[P]total cuckoo num:      686557 
[P]total cuckoo path:     875084 
[P]total cp perset:       0.005225 / set
[P]total cp percuckoo:    1.274598 / cuckoo num

[P]cuckoo path / s:       37395.216 / s
[P]cp per set * s:        0.018573 / set * s

[P]break loop / s:        0 / s
[P]break / set :          0 %

[P]Throughput:            3600414.385 ops
[P]all request:           310388035 o

[P]GetThroughput:         1617999.532 ops
[P]SetThroughput:         1982414.853 ops

[P]Valid Entries:         19123.192 / s
[P]set success:           2013437.010 / s

[P]expire scan persec:    9279630.455 / s
[P]total expire scan:     649417565
[P]expire hit persec:     1877355.737 / s
[P]total expire hit:      72129384

[P]expire hit rate:       20.230932 %
[P]total expire hit rate: 11.106781 %

[P]get found:             1206183.746 / s

----------------------------------

[INFO]Current Time:       73.02 s

[P]indexs Load Factor:    99.9174 %

[P]full bucket LFactor:   87.2069 %

[P]set request:           168583340 
[P]get request:           144230468 

[P]Get Hit Rate:          75.8149 %
[P]ACC Hit Rate:          80.2716 %

[P]total cuckoo num:      688941 
[P]total cuckoo path:     898560 
[P]total cp perset:       0.005322 / set
[P]total cp percuckoo:    1.304263 / cuckoo num

[P]cuckoo path / s:       31247.336 / s
[P]cp per set * s:        0.017121 / set * s

[P]break loop / s:        0 / s
[P]break / set :          0 %

[P]Throughput:            3228784.474 ops
[P]all request:           312813808 o

[P]GetThroughput:         1465082.919 ops
[P]SetThroughput:         1763701.555 ops

[P]Valid Entries:         15422.682 / s
[P]set success:           1825043.552 / s

[P]expire scan persec:    8256561.517 / s
[P]total expire scan:     655620687
[P]expire hit persec:     1772970.870 / s
[P]total expire hit:      73461410

[P]expire hit rate:       21.473477 %
[P]total expire hit rate: 11.204865 %

[P]get found:             1110751.224 / s

----------------------------------
[INFO]End rx_queue_0:1690309
[INFO]End rx_queue_3:918529

[INFO]Current Time:       73.77 s

[P]indexs Load Factor:    99.9202 %

[P]full bucket LFactor:   87.2165 %

[P]set request:           169190335 
[P]get request:           144712231 

[P]Get Hit Rate:          78.4462 %
[P]ACC Hit Rate:          80.2656 %

[P]total cuckoo num:      690008 
[P]total cuckoo path:     909056 
[P]total cp perset:       0.005364 / set
[P]total cp percuckoo:    1.317457 / cuckoo num

[P]cuckoo path / s:       14002.750 / s
[P]cp per set * s:        0.017260 / set * s

[P]break loop / s:        0 / s
[P]break / set :          0 %

[P]Throughput:            1452515.857 ops
[P]all request:           313902566 o

[P]GetThroughput:         642721.704 ops
[P]SetThroughput:         809794.153 ops

[P]Valid Entries:         6485.077 / s
[P]set success:           811297.688 / s

[P]expire scan persec:    3823165.745 / s
[P]total expire scan:     658486406
[P]expire hit persec:     794884.213 / s
[P]total expire hit:      74057229

[P]expire hit rate:       20.791257 %
[P]total expire hit rate: 11.246584 %

[P]get found:             504191.065 / s

----------------------------------
[INFO]End rx_queue_2:1684356
Finish the job......

[INFO]Current Time:       74.52 s

[P]indexs Load Factor:    99.9202 %

[P]full bucket LFactor:   87.2166 %

[P]set request:           169370361 
[P]get request:           144859048 

[P]Get Hit Rate:          77.3786 %
[P]ACC Hit Rate:          80.2626 %

[P]total cuckoo num:      690304 
[P]total cuckoo path:     911986 
[P]total cp perset:       0.005376 / set
[P]total cp percuckoo:    1.321137 / cuckoo num

[P]cuckoo path / s:       3920.629 / s
[P]cp per set * s:        0.016275 / set * s

[P]break loop / s:        0 / s
[P]break / set :          0 %

[P]Throughput:            437348.211 ops
[P]all request:           314229409 o

[P]GetThroughput:         196455.645 ops
[P]SetThroughput:         240892.566 ops

[P]Valid Entries:         1858.619 / s
[P]set success:           240893.905 / s

[P]expire scan persec:    1165497.397 / s
[P]total expire scan:     659357416
[P]expire hit persec:     236051.325 / s
[P]total expire hit:      74233637

[P]expire hit rate:       20.253269 %
[P]total expire hit rate: 11.258482 %

[P]get found:             152014.709 / s

----------------------------------

Total Index Entries:      93368109

indexs Load Factor:     99.920211 %

log_0 Load Factor:      1717986918371.071777 %

log_1 Load Factor:      1717986918377.928955 %

log_2 Load Factor:      1717986918367.066650 %

log_3 Load Factor:      7.171515 %

Get Hit Rate:           80.262645%

Max Throughput:         5681021.38

Calc Load Factor:       99.920211%

set request:              51898214 | set_success:              51898214
set_fail:                        0 | set_key_duplicate:         1408685 | set_mica_evicted:                0
set_random:                      0 | set_cuckoo_evicted:         229876 | set_expire_evicted:       22373478

get request:              43948008
get_found:                35997802 | get_notfound:              7950206 | get_hit_ratio:          81.909974%

clean up:                        0 | test_notfound:                   0
move_to_head_performed:    4284652 | move_to_head_skipped:     31713147 | move_to_head_failed:             3


set request:              51365444 | set_success:              51365444
set_fail:                        0 | set_key_duplicate:         1163392 | set_mica_evicted:                0
set_random:                      0 | set_cuckoo_evicted:         207690 | set_expire_evicted:       20832315

get request:              44305560
get_found:                37245676 | get_notfound:              7059884 | get_hit_ratio:          84.065467%

clean up:                        0 | test_notfound:                   0
move_to_head_performed:    3590135 | move_to_head_skipped:     33655541 | move_to_head_failed:             0


set request:              52369557 | set_success:              52369557
set_fail:                        0 | set_key_duplicate:         1554297 | set_mica_evicted:                0
set_random:                      0 | set_cuckoo_evicted:         231669 | set_expire_evicted:       23288001

get request:              43793230
get_found:                35216903 | get_notfound:              8576327 | get_hit_ratio:          80.416318%

clean up:                        0 | test_notfound:                   0
move_to_head_performed:    4672626 | move_to_head_skipped:     30544275 | move_to_head_failed:             2


set request:              29324540 | set_success:              29324540
set_fail:                        0 | set_key_duplicate:          499038 | set_mica_evicted:                0
set_random:                      0 | set_cuckoo_evicted:          21069 | set_expire_evicted:       13195391

get request:              23881728
get_found:                18438916 | get_notfound:              5442812 | get_hit_ratio:          77.209304%

clean up:                        0 | test_notfound:                   0
move_to_head_performed:    1942717 | move_to_head_skipped:     16496199 | move_to_head_failed:             0


[INFO] Everything works fine.
deleting piekv......
