EAL: Detected 44 lcore(s)
EAL: Detected 1 NUMA nodes
EAL: Multi-process socket /var/run/dpdk/rte/mp_socket
EAL: Selected IOVA mode 'PA'
EAL: No available hugepages reported in hugepages-1048576kB
[INFO] 单个Log Size为:1 GB
[INFO] 运行proto
[INFO] 运行cleanup
[INFO] 运行reload
[INFO] reload kv size 8
EAL: Probing VFIO support...
EAL: VFIO support initialized
EAL: PCI device 0000:03:00.0 on NUMA socket 0
EAL:   probe driver: 15b3:1017 net_mlx5
WEN: There are 1 device(s) available
starting port 0...
querying port 0...
port 0: 100 Gbps (full-duplex)
Adding UDP filter for each endpoint.
port_id/queue_id/udp_port = 0 0 0
Flow is created with src_port = 0, dst_port = 0
port_id/queue_id/udp_port = 0 1 1
Flow is created with src_port = 0, dst_port = 1
port_id/queue_id/udp_port = 0 2 2
Flow is created with src_port = 0, dst_port = 2
port_id/queue_id/udp_port = 0 3 3
Flow is created with src_port = 0, dst_port = 3
MEM: Initializing pages...
 == [STAT] Workers Start (4 threads in total) == 
trigger:30.000000 

[INFO]Current Time:       6.38 s

[P]indexs Load Factor:    0.0430 %

[P]full bucket LFactor:   0.0000 %

[P]set request:           29170 
[P]get request:           18819 

[P]Get Hit Rate:          43.7218 %
[P]ACC Hit Rate:          43.7218 %

[P]total cuckoo num:      0 
[P]total cuckoo path:     0 
[P]total cp perset:       0.000000 / set
[P]total cp percuckoo:    -nan / cuckoo num

[P]cuckoo path / s:       0 / s
[P]cp per set * s:        0 / set * s

[P]break loop / s:        0 / s
[P]break / set :          0 %

[P]Throughput:            69976.225 ops
[P]all request:           47989 o

[P]GetThroughput:         27441.343 ops
[P]SetThroughput:         42534.883 ops

[P]Valid Entries:         40996.511 / s
[P]set success:           42305.950 / s

[P]get found:             11997.841 / s

----------------------------------

[INFO]Current Time:       7.12 s

[P]indexs Load Factor:    0.1550 %

[P]full bucket LFactor:   0.0000 %

[P]set request:           126813 
[P]get request:           86396 

[P]Get Hit Rate:          53.6751 %
[P]ACC Hit Rate:          51.5070 %

[P]total cuckoo num:      0 
[P]total cuckoo path:     0 
[P]total cp perset:       0.000000 / set
[P]total cp percuckoo:    -nan / cuckoo num

[P]cuckoo path / s:       0 / s
[P]cp per set * s:        0 / set * s

[P]break loop / s:        0 / s
[P]break / set :          0 %

[P]Throughput:            223932.660 ops
[P]all request:           213209 o

[P]GetThroughput:         91591.196 ops
[P]SetThroughput:         132341.465 ops

[P]Valid Entries:         130240.656 / s
[P]set success:           132699.280 / s

[P]get found:             49161.636 / s

----------------------------------

[INFO]Current Time:       7.85 s

[P]indexs Load Factor:    1.3290 %

[P]full bucket LFactor:   0.0000 %

[P]set request:           758984 
[P]get request:           543575 

[P]Get Hit Rate:          56.9683 %
[P]ACC Hit Rate:          56.1003 %

[P]total cuckoo num:      0 
[P]total cuckoo path:     0 
[P]total cp perset:       0.000000 / set
[P]total cp percuckoo:    -nan / cuckoo num

[P]cuckoo path / s:       0 / s
[P]cp per set * s:        0 / set * s

[P]break loop / s:        0 / s
[P]break / set :          0 %

[P]Throughput:            1485415.425 ops
[P]all request:           1302559 o

[P]GetThroughput:         623399.953 ops
[P]SetThroughput:         862015.472 ops

[P]Valid Entries:         861367.772 / s
[P]set success:           862288.188 / s

[P]get found:             355140.213 / s

----------------------------------

[INFO]Current Time:       8.57 s

[P]indexs Load Factor:    3.9900 %

[P]full bucket LFactor:   0.0001 %

[P]set request:           3113593 
[P]get request:           2294909 

[P]Get Hit Rate:          64.7171 %
[P]ACC Hit Rate:          62.6761 %

[P]total cuckoo num:      0 
[P]total cuckoo path:     0 
[P]total cp perset:       0.000000 / set
[P]total cp percuckoo:    -nan / cuckoo num

[P]cuckoo path / s:       0 / s
[P]cp per set * s:        0 / set * s

[P]break loop / s:        0 / s
[P]break / set :          0 %

[P]Throughput:            5697404.526 ops
[P]all request:           5408502 o

[P]GetThroughput:         2430150.214 ops
[P]SetThroughput:         3267254.313 ops

[P]Valid Entries:         3298143.666 / s
[P]set success:           3324108.428 / s

[P]get found:             1572721.944 / s

----------------------------------

[INFO]Current Time:       9.35 s

[P]indexs Load Factor:    6.7385 %

[P]full bucket LFactor:   0.0020 %

[P]set request:           5594337 
[P]get request:           4221496 

[P]Get Hit Rate:          67.1640 %
[P]ACC Hit Rate:          64.7243 %

[P]total cuckoo num:      0 
[P]total cuckoo path:     0 
[P]total cp perset:       0.000000 / set
[P]total cp percuckoo:    -nan / cuckoo num

[P]cuckoo path / s:       0 / s
[P]cp per set * s:        0 / set * s

[P]break loop / s:        0 / s
[P]break / set :          0 %

[P]Throughput:            5641058.314 ops
[P]all request:           9815833 o

[P]GetThroughput:         2465889.132 ops
[P]SetThroughput:         3175169.182 ops

[P]Valid Entries:         3116057.071 / s
[P]set success:           3107398.371 / s

[P]get found:             1656189.914 / s

----------------------------------

[INFO]Current Time:       10.20 s

[P]indexs Load Factor:    9.5436 %

[P]full bucket LFactor:   0.0143 %

[P]set request:           8151051 
[P]get request:           6251830 

[P]Get Hit Rate:          72.9789 %
[P]ACC Hit Rate:          67.4050 %

[P]total cuckoo num:      0 
[P]total cuckoo path:     0 
[P]total cp perset:       0.000000 / set
[P]total cp percuckoo:    -nan / cuckoo num

[P]cuckoo path / s:       0 / s
[P]cp per set * s:        0 / set * s

[P]break loop / s:        0 / s
[P]break / set :          0 %

[P]Throughput:            5433017.945 ops
[P]all request:           14402881 o

[P]GetThroughput:         2404779.949 ops
[P]SetThroughput:         3028237.996 ops

[P]Valid Entries:         3045644.317 / s
[P]set success:           3110295.014 / s

[P]get found:             1754981.457 / s

----------------------------------

[INFO]Current Time:       11.07 s

[P]indexs Load Factor:    12.3683 %

[P]full bucket LFactor:   0.0554 %

[P]set request:           10789201 
[P]get request:           8428832 

[P]Get Hit Rate:          73.2419 %
[P]ACC Hit Rate:          68.9126 %

[P]total cuckoo num:      0 
[P]total cuckoo path:     0 
[P]total cp perset:       0.000000 / set
[P]total cp percuckoo:    -nan / cuckoo num

[P]cuckoo path / s:       0 / s
[P]cp per set * s:        0 / set * s

[P]break loop / s:        0 / s
[P]break / set :          0 %

[P]Throughput:            5550300.458 ops
[P]all request:           19218033 o

[P]GetThroughput:         2509373.577 ops
[P]SetThroughput:         3040926.881 ops

[P]Valid Entries:         2998717.112 / s
[P]set success:           3024309.933 / s

[P]get found:             1837913.315 / s

----------------------------------

[INFO]Current Time:       11.96 s

[P]indexs Load Factor:    15.2094 %

[P]full bucket LFactor:   0.1545 %

[P]set request:           13405737 
[P]get request:           10656159 

[P]Get Hit Rate:          76.4862 %
[P]ACC Hit Rate:          70.4956 %

[P]total cuckoo num:      3 
[P]total cuckoo path:     0 
[P]total cp perset:       0.000000 / set
[P]total cp percuckoo:    0.000000 / cuckoo num

[P]cuckoo path / s:       0 / s
[P]cp per set * s:        0 / set * s

[P]break loop / s:        0 / s
[P]break / set :          0 %

[P]Throughput:            5437526.853 ops
[P]all request:           24061896 o

[P]GetThroughput:         2500308.199 ops
[P]SetThroughput:         2937218.654 ops

[P]Valid Entries:         2931105.192 / s
[P]set success:           3011644.382 / s

[P]get found:             1912390.972 / s

----------------------------------

[INFO]Current Time:       12.86 s

[P]indexs Load Factor:    18.0125 %

[P]full bucket LFactor:   0.3442 %

[P]set request:           16031230 
[P]get request:           12881533 

[P]Get Hit Rate:          78.1639 %
[P]ACC Hit Rate:          71.8203 %

[P]total cuckoo num:      16 
[P]total cuckoo path:     1 
[P]total cp perset:       0.000000 / set
[P]total cp percuckoo:    0.062500 / cuckoo num

[P]cuckoo path / s:       1.105 / s
[P]cp per set * s:        0.000000 / set * s

[P]break loop / s:        0 / s
[P]break / set :          0 %

[P]Throughput:            5360963.659 ops
[P]all request:           28912764 o

[P]GetThroughput:         2459384.412 ops
[P]SetThroughput:         2901578.143 ops

[P]Valid Entries:         2884889.189 / s
[P]set success:           2924628.372 / s

[P]get found:             1922350.653 / s

----------------------------------

[INFO]Current Time:       13.78 s

[P]indexs Load Factor:    20.8459 %

[P]full bucket LFactor:   0.6650 %

[P]set request:           18662057 
[P]get request:           15098530 

[P]Get Hit Rate:          79.6253 %
[P]ACC Hit Rate:          72.9664 %

[P]total cuckoo num:      102 
[P]total cuckoo path:     1 
[P]total cp perset:       0.000000 / set
[P]total cp percuckoo:    0.009804 / cuckoo num

[P]cuckoo path / s:       0 / s
[P]cp per set * s:        0 / set * s

[P]break loop / s:        0 / s
[P]break / set :          0 %

[P]Throughput:            5266317.757 ops
[P]all request:           33760588 o

[P]GetThroughput:         2408381.713 ops
[P]SetThroughput:         2857936.044 ops

[P]Valid Entries:         2831138.552 / s
[P]set success:           2739014.839 / s

[P]get found:             1917680.608 / s

----------------------------------

[INFO]Current Time:       14.71 s

[P]indexs Load Factor:    23.6916 %

[P]full bucket LFactor:   1.1454 %

[P]set request:           21351605 
[P]get request:           17349176 

[P]Get Hit Rate:          83.4541 %
[P]ACC Hit Rate:          74.3269 %

[P]total cuckoo num:      362 
[P]total cuckoo path:     3 
[P]total cp perset:       0.000000 / set
[P]total cp percuckoo:    0.008287 / cuckoo num

[P]cuckoo path / s:       2.157 / s
[P]cp per set * s:        0.000001 / set * s

[P]break loop / s:        0 / s
[P]break / set :          0 %

[P]Throughput:            5327938.181 ops
[P]all request:           38700781 o

[P]GetThroughput:         2427294.390 ops
[P]SetThroughput:         2900644.869 ops

[P]Valid Entries:         2825471.030 / s
[P]set success:           2874059.065 / s

[P]get found:             2025677.374 / s

----------------------------------

[INFO]Current Time:       15.65 s

[P]indexs Load Factor:    26.5283 %

[P]full bucket LFactor:   1.8197 %

[P]set request:           24054461 
[P]get request:           19635508 

[P]Get Hit Rate:          84.4957 %
[P]ACC Hit Rate:          75.5110 %

[P]total cuckoo num:      1072 
[P]total cuckoo path:     11 
[P]total cp perset:       0.000000 / set
[P]total cp percuckoo:    0.010261 / cuckoo num

[P]cuckoo path / s:       8.495 / s
[P]cp per set * s:        0.000003 / set * s

[P]break loop / s:        0 / s
[P]break / set :          0 %

[P]Throughput:            5297952.633 ops
[P]all request:           43689969 o

[P]GetThroughput:         2427825.658 ops
[P]SetThroughput:         2870126.975 ops

[P]Valid Entries:         2792185.549 / s
[P]set success:           2886881.424 / s

[P]get found:             2051408.043 / s

----------------------------------

[INFO]Current Time:       16.60 s

[P]indexs Load Factor:    29.2931 %

[P]full bucket LFactor:   2.6747 %

[P]set request:           26670401 
[P]get request:           21829253 

[P]Get Hit Rate:          85.5299 %
[P]ACC Hit Rate:          76.5178 %

[P]total cuckoo num:      2602 
[P]total cuckoo path:     43 
[P]total cp perset:       0.000002 / set
[P]total cp percuckoo:    0.016526 / cuckoo num

[P]cuckoo path / s:       33.892 / s
[P]cp per set * s:        0.000012 / set * s

[P]break loop / s:        0 / s
[P]break / set :          0 %

[P]Throughput:            5094006.901 ops
[P]all request:           48499654 o

[P]GetThroughput:         2323427.037 ops
[P]SetThroughput:         2770579.864 ops

[P]Valid Entries:         2692601.503 / s
[P]set success:           2746230.822 / s

[P]get found:             1987223.863 / s

----------------------------------

[INFO]Current Time:       17.55 s

[P]indexs Load Factor:    32.0765 %

[P]full bucket LFactor:   3.7487 %

[P]set request:           29359736 
[P]get request:           24206751 

[P]Get Hit Rate:          83.6644 %
[P]ACC Hit Rate:          77.2197 %

[P]total cuckoo num:      6016 
[P]total cuckoo path:     161 
[P]total cp perset:       0.000005 / set
[P]total cp percuckoo:    0.026762 / cuckoo num

[P]cuckoo path / s:       123.771 / s
[P]cp per set * s:        0.000044 / set * s

[P]break loop / s:        0 / s
[P]break / set :          0 %

[P]Throughput:            5314622.957 ops
[P]all request:           53566487 o

[P]GetThroughput:         2493767.892 ops
[P]SetThroughput:         2820855.065 ops

[P]Valid Entries:         2735770.045 / s
[P]set success:           2833453.454 / s

[P]get found:             2086395.486 / s

----------------------------------

[INFO]Current Time:       18.50 s

[P]indexs Load Factor:    34.8587 %

[P]full bucket LFactor:   5.0281 %

[P]set request:           32015234 
[P]get request:           26494752 

[P]Get Hit Rate:          87.1057 %
[P]ACC Hit Rate:          78.0734 %

[P]total cuckoo num:      11765 
[P]total cuckoo path:     362 
[P]total cp perset:       0.000011 / set
[P]total cp percuckoo:    0.030769 / cuckoo num

[P]cuckoo path / s:       210.953 / s
[P]cp per set * s:        0.000078 / set * s

[P]break loop / s:        0 / s
[P]break / set :          0 %

[P]Throughput:            5188276.618 ops
[P]all request:           58509986 o

[P]GetThroughput:         2401291.492 ops
[P]SetThroughput:         2786985.126 ops

[P]Valid Entries:         2694944.755 / s
[P]set success:           2711812.561 / s

[P]expire scan persec:    3684315.249 / s
[P]total expire scan:     3510493
[P]expire hit persec:     619.214 / s
[P]total expire hit:      590

[P]expire hit rate:       0.016807 %
[P]total expire hit rate: 0.016807 %

[P]get found:             2091661.462 / s

----------------------------------

[INFO]Current Time:       19.46 s

[P]indexs Load Factor:    37.6060 %

[P]full bucket LFactor:   6.4968 %

[P]set request:           34695255 
[P]get request:           28819668 

[P]Get Hit Rate:          81.2685 %
[P]ACC Hit Rate:          78.3312 %

[P]total cuckoo num:      20072 
[P]total cuckoo path:     816 
[P]total cp perset:       0.000024 / set
[P]total cp percuckoo:    0.040654 / cuckoo num

[P]cuckoo path / s:       473.841 / s
[P]cp per set * s:        0.000172 / set * s

[P]break loop / s:        0 / s
[P]break / set :          0 %

[P]Throughput:            5223667.516 ops
[P]all request:           63514923 o

[P]GetThroughput:         2426521.690 ops
[P]SetThroughput:         2797145.826 ops

[P]Valid Entries:         2657532.814 / s
[P]set success:           2759606.962 / s

[P]expire scan persec:    12103656.129 / s
[P]total expire scan:     15107333
[P]expire hit persec:     2587.340 / s
[P]total expire hit:      3069

[P]expire hit rate:       0.021377 %
[P]total expire hit rate: 0.020315 %

[P]get found:             1971997.404 / s

----------------------------------

[INFO]Current Time:       20.43 s

[P]indexs Load Factor:    40.3020 %

[P]full bucket LFactor:   8.1300 %

[P]set request:           37328127 
[P]get request:           31150770 

[P]Get Hit Rate:          84.4350 %
[P]ACC Hit Rate:          78.7880 %

[P]total cuckoo num:      33635 
[P]total cuckoo path:     1714 
[P]total cp perset:       0.000046 / set
[P]total cp percuckoo:    0.050959 / cuckoo num

[P]cuckoo path / s:       929.704 / s
[P]cp per set * s:        0.000362 / set * s

[P]break loop / s:        0 / s
[P]break / set :          0 %

[P]Throughput:            5139226.822 ops
[P]all request:           68478897 o

[P]GetThroughput:         2413401.425 ops
[P]SetThroughput:         2725825.397 ops

[P]Valid Entries:         2588290.312 / s
[P]set success:           2569720.047 / s

[P]expire scan persec:    12648169.341 / s
[P]total expire scan:     27324187
[P]expire hit persec:     4066.678 / s
[P]total expire hit:      6997

[P]expire hit rate:       0.032152 %
[P]total expire hit rate: 0.025607 %

[P]get found:             2037755.520 / s

----------------------------------

[INFO]Current Time:       21.38 s

[P]indexs Load Factor:    42.9780 %

[P]full bucket LFactor:   9.9316 %

[P]set request:           39918735 
[P]get request:           33490656 

[P]Get Hit Rate:          86.2945 %
[P]ACC Hit Rate:          79.3124 %

[P]total cuckoo num:      54086 
[P]total cuckoo path:     3286 
[P]total cp perset:       0.000083 / set
[P]total cp percuckoo:    0.060755 / cuckoo num

[P]cuckoo path / s:       1641.337 / s
[P]cp per set * s:        0.000606 / set * s

[P]break loop / s:        0 / s
[P]break / set :          0 %

[P]Throughput:            5147964.389 ops
[P]all request:           73409391 o

[P]GetThroughput:         2443091.869 ops
[P]SetThroughput:         2704872.520 ops

[P]Valid Entries:         2603391.563 / s
[P]set success:           2709710.913 / s

[P]expire scan persec:    13572240.136 / s
[P]total expire scan:     40323082
[P]expire hit persec:     6159.188 / s
[P]total expire hit:      12896

[P]expire hit rate:       0.045381 %
[P]total expire hit rate: 0.031982 %

[P]get found:             2108252.948 / s

----------------------------------

[INFO]Current Time:       22.35 s

[P]indexs Load Factor:    45.5633 %

[P]full bucket LFactor:   11.8432 %

[P]set request:           42506391 
[P]get request:           35838876 

[P]Get Hit Rate:          82.7596 %
[P]ACC Hit Rate:          79.5383 %

[P]total cuckoo num:      84655 
[P]total cuckoo path:     6383 
[P]total cp perset:       0.000151 / set
[P]total cp percuckoo:    0.075400 / cuckoo num

[P]cuckoo path / s:       3215.367 / s
[P]cp per set * s:        0.001212 / set * s

[P]break loop / s:        0 / s
[P]break / set :          0 %

[P]Throughput:            5124525.254 ops
[P]all request:           78345267 o

[P]GetThroughput:         2437969.003 ops
[P]SetThroughput:         2686556.251 ops

[P]Valid Entries:         2583274.124 / s
[P]set success:           2653100.649 / s

[P]expire scan persec:    14315659.676 / s
[P]total expire scan:     54111739
[P]expire hit persec:     8833.176 / s
[P]total expire hit:      21404

[P]expire hit rate:       0.061703 %
[P]total expire hit rate: 0.039555 %

[P]get found:             2017653.936 / s

----------------------------------

[INFO]Current Time:       23.30 s

[P]indexs Load Factor:    48.1364 %

[P]full bucket LFactor:   13.8750 %

[P]set request:           44952619 
[P]get request:           38003673 

[P]Get Hit Rate:          88.4170 %
[P]ACC Hit Rate:          80.0440 %

[P]total cuckoo num:      124903 
[P]total cuckoo path:     11239 
[P]total cp perset:       0.000252 / set
[P]total cp percuckoo:    0.089982 / cuckoo num

[P]cuckoo path / s:       5076.317 / s
[P]cp per set * s:        0.002008 / set * s

[P]break loop / s:        0 / s
[P]break / set :          0 %

[P]Throughput:            4820227.717 ops
[P]all request:           82956292 o

[P]GetThroughput:         2263014.081 ops
[P]SetThroughput:         2557213.636 ops

[P]Valid Entries:         2421083.450 / s
[P]set success:           2527672.522 / s

[P]expire scan persec:    14353633.070 / s
[P]total expire scan:     67842410
[P]expire hit persec:     11943.354 / s
[P]total expire hit:      32829

[P]expire hit rate:       0.083208 %
[P]total expire hit rate: 0.048390 %

[P]get found:             2000889.616 / s

----------------------------------

[INFO]Current Time:       24.26 s

[P]indexs Load Factor:    50.7025 %

[P]full bucket LFactor:   16.0402 %

[P]set request:           47482886 
[P]get request:           40281494 

[P]Get Hit Rate:          87.6932 %
[P]ACC Hit Rate:          80.4766 %

[P]total cuckoo num:      180940 
[P]total cuckoo path:     19121 
[P]total cp perset:       0.000406 / set
[P]total cp percuckoo:    0.105676 / cuckoo num

[P]cuckoo path / s:       8197.523 / s
[P]cp per set * s:        0.003153 / set * s

[P]break loop / s:        0 / s
[P]break / set :          0 %

[P]Throughput:            5000559.833 ops
[P]all request:           87764380 o

[P]GetThroughput:         2369004.103 ops
[P]SetThroughput:         2631555.730 ops

[P]Valid Entries:         2486423.586 / s
[P]set success:           2600273.682 / s

[P]expire scan persec:    15311595.171 / s
[P]total expire scan:     82564661
[P]expire hit persec:     15699.266 / s
[P]total expire hit:      47924

[P]expire hit rate:       0.102532 %
[P]total expire hit rate: 0.058044 %

[P]get found:             2077455.376 / s

----------------------------------

[INFO]Current Time:       25.22 s

[P]indexs Load Factor:    53.1690 %

[P]full bucket LFactor:   18.2567 %

[P]set request:           49980147 
[P]get request:           42539088 

[P]Get Hit Rate:          87.9680 %
[P]ACC Hit Rate:          80.8742 %

[P]total cuckoo num:      252543 
[P]total cuckoo path:     30931 
[P]total cp perset:       0.000623 / set
[P]total cp percuckoo:    0.122478 / cuckoo num

[P]cuckoo path / s:       12360.719 / s
[P]cp per set * s:        0.004775 / set * s

[P]break loop / s:        0 / s
[P]break / set :          0 %

[P]Throughput:            4976581.592 ops
[P]all request:           92519235 o

[P]GetThroughput:         2362869.266 ops
[P]SetThroughput:         2613712.326 ops

[P]Valid Entries:         2468865.836 / s
[P]set success:           2588545.022 / s

[P]expire scan persec:    15861016.659 / s
[P]total expire scan:     97719006
[P]expire hit persec:     21581.544 / s
[P]total expire hit:      68544

[P]expire hit rate:       0.136067 %
[P]total expire hit rate: 0.070144 %

[P]get found:             2078569.579 / s

----------------------------------

[INFO]Current Time:       26.17 s

[P]indexs Load Factor:    55.5956 %

[P]full bucket LFactor:   20.5436 %

[P]set request:           52409299 
[P]get request:           44565736 

[P]Get Hit Rate:          91.9738 %
[P]ACC Hit Rate:          81.3789 %

[P]total cuckoo num:      325036 
[P]total cuckoo path:     44818 
[P]total cp perset:       0.000862 / set
[P]total cp percuckoo:    0.137886 / cuckoo num

[P]cuckoo path / s:       14603.121 / s
[P]cp per set * s:        0.005843 / set * s

[P]break loop / s:        0 / s
[P]break / set :          0 %

[P]Throughput:            4685575.403 ops
[P]all request:           96975035 o

[P]GetThroughput:         2131157.597 ops
[P]SetThroughput:         2554417.806 ops

[P]Valid Entries:         2397921.396 / s
[P]set success:           2499229.430 / s

[P]expire scan persec:    15433079.018 / s
[P]total expire scan:     112395264
[P]expire hit persec:     45600.182 / s
[P]total expire hit:      111908

[P]expire hit rate:       0.295470 %
[P]total expire hit rate: 0.099566 %

[P]get found:             1960107.490 / s

----------------------------------

[INFO]Current Time:       27.12 s

[P]indexs Load Factor:    57.9462 %

[P]full bucket LFactor:   22.8532 %

[P]set request:           54705545 
[P]get request:           46659490 

[P]Get Hit Rate:          86.9344 %
[P]ACC Hit Rate:          81.6282 %

[P]total cuckoo num:      382260 
[P]total cuckoo path:     58229 
[P]total cp perset:       0.001071 / set
[P]total cp percuckoo:    0.152328 / cuckoo num

[P]cuckoo path / s:       14193.487 / s
[P]cp per set * s:        0.005696 / set * s

[P]break loop / s:        0 / s
[P]break / set :          0 %

[P]Throughput:            4646142.880 ops
[P]all request:           101365036 o

[P]GetThroughput:         2215917.545 ops
[P]SetThroughput:         2430224.276 ops

[P]Valid Entries:         2318117.848 / s
[P]set success:           2491616.849 / s

[P]expire scan persec:    14366794.448 / s
[P]total expire scan:     125970017
[P]expire hit persec:     89952.057 / s
[P]total expire hit:      196901

[P]expire hit rate:       0.626111 %
[P]total expire hit rate: 0.156308 %

[P]get found:             1926394.117 / s

----------------------------------

[INFO]Current Time:       28.06 s

[P]indexs Load Factor:    60.3325 %

[P]full bucket LFactor:   25.3083 %

[P]set request:           57177028 
[P]get request:           48865408 

[P]Get Hit Rate:          81.1313 %
[P]ACC Hit Rate:          81.6058 %

[P]total cuckoo num:      430421 
[P]total cuckoo path:     71697 
[P]total cp perset:       0.001262 / set
[P]total cp percuckoo:    0.166574 / cuckoo num

[P]cuckoo path / s:       14253.601 / s
[P]cp per set * s:        0.005485 / set * s

[P]break loop / s:        0 / s
[P]break / set :          0 %

[P]Throughput:            4950236.954 ops
[P]all request:           106042436 o

[P]GetThroughput:         2334591.183 ops
[P]SetThroughput:         2615646.829 ops

[P]Valid Entries:         2376564.587 / s
[P]set success:           2598663.793 / s

[P]expire scan persec:    14229378.549 / s
[P]total expire scan:     139415130
[P]expire hit persec:     144149.960 / s
[P]total expire hit:      333106

[P]expire hit rate:       1.013045 %
[P]total expire hit rate: 0.238931 %

[P]get found:             1894085.288 / s

----------------------------------

[INFO]Current Time:       29.00 s

[P]indexs Load Factor:    62.7277 %

[P]full bucket LFactor:   27.8735 %

[P]set request:           59710849 
[P]get request:           51117055 

[P]Get Hit Rate:          84.5683 %
[P]ACC Hit Rate:          81.7363 %

[P]total cuckoo num:      468552 
[P]total cuckoo path:     84778 
[P]total cp perset:       0.001430 / set
[P]total cp percuckoo:    0.180936 / cuckoo num

[P]cuckoo path / s:       13956.208 / s
[P]cp per set * s:        0.005275 / set * s

[P]break loop / s:        0 / s
[P]break / set :          0 %

[P]Throughput:            5105648.314 ops
[P]all request:           110827904 o

[P]GetThroughput:         2402297.478 ops
[P]SetThroughput:         2703350.835 ops

[P]Valid Entries:         2409915.193 / s
[P]set success:           2645911.774 / s

[P]expire scan persec:    13979164.384 / s
[P]total expire scan:     152517647
[P]expire hit persec:     207114.348 / s
[P]total expire hit:      527232

[P]expire hit rate:       1.481593 %
[P]total expire hit rate: 0.345686 %

[P]get found:             2031582.576 / s

----------------------------------

[INFO]Current Time:       29.93 s

[P]indexs Load Factor:    65.0514 %

[P]full bucket LFactor:   30.4511 %

[P]set request:           62139757 
[P]get request:           53363587 

[P]Get Hit Rate:          85.3539 %
[P]ACC Hit Rate:          81.8886 %

[P]total cuckoo num:      497825 
[P]total cuckoo path:     96751 
[P]total cp perset:       0.001567 / set
[P]total cp percuckoo:    0.194347 / cuckoo num

[P]cuckoo path / s:       12838.577 / s
[P]cp per set * s:        0.004892 / set * s

[P]break loop / s:        0 / s
[P]break / set :          0 %

[P]Throughput:            5013446.599 ops
[P]all request:           115503344 o

[P]GetThroughput:         2408942.947 ops
[P]SetThroughput:         2604503.651 ops

[P]Valid Entries:         2376875.993 / s
[P]set success:           2624646.695 / s

[P]expire scan persec:    13473074.780 / s
[P]total expire scan:     165082367
[P]expire hit persec:     270551.590 / s
[P]total expire hit:      779543

[P]expire hit rate:       2.008091 %
[P]total expire hit rate: 0.472215 %

[P]get found:             2056126.029 / s

----------------------------------

[INFO]Current Time:       30.86 s

[P]indexs Load Factor:    67.3129 %

[P]full bucket LFactor:   33.0493 %

[P]set request:           64613968 
[P]get request:           55578360 

[P]Get Hit Rate:          84.9561 %
[P]ACC Hit Rate:          82.0108 %

[P]total cuckoo num:      519908 
[P]total cuckoo path:     107666 
[P]total cp perset:       0.001676 / set
[P]total cp percuckoo:    0.207087 / cuckoo num

[P]cuckoo path / s:       11741.371 / s
[P]cp per set * s:        0.004370 / set * s

[P]break loop / s:        0 / s
[P]break / set :          0 %

[P]Throughput:            5043985.579 ops
[P]all request:           120192328 o

[P]GetThroughput:         2382452.803 ops
[P]SetThroughput:         2661532.776 ops

[P]Valid Entries:         2304404.685 / s
[P]set success:           2686721.595 / s

[P]expire scan persec:    12857896.747 / s
[P]total expire scan:     177035310
[P]expire hit persec:     332428.720 / s
[P]total expire hit:      1088575

[P]expire hit rate:       2.585405 %
[P]total expire hit rate: 0.614891 %

[P]get found:             2024038.163 / s

----------------------------------

[INFO]Current Time:       31.78 s

[P]indexs Load Factor:    69.4830 %

[P]full bucket LFactor:   35.6226 %

[P]set request:           67081684 
[P]get request:           57712262 

[P]Get Hit Rate:          85.7890 %
[P]ACC Hit Rate:          82.1505 %

[P]total cuckoo num:      536868 
[P]total cuckoo path:     117316 
[P]total cp perset:       0.001760 / set
[P]total cp percuckoo:    0.218519 / cuckoo num

[P]cuckoo path / s:       10536.762 / s
[P]cp per set * s:        0.003997 / set * s

[P]break loop / s:        0 / s
[P]break / set :          0 %

[P]Throughput:            5024472.026 ops
[P]all request:           124793946 o

[P]GetThroughput:         2329991.517 ops
[P]SetThroughput:         2694480.509 ops

[P]Valid Entries:         2241862.692 / s
[P]set success:           2636131.959 / s

[P]expire scan persec:    12433876.322 / s
[P]total expire scan:     188422765
[P]expire hit persec:     396363.517 / s
[P]total expire hit:      1451581

[P]expire hit rate:       3.187771 %
[P]total expire hit rate: 0.770385 %

[P]get found:             1998877.310 / s

----------------------------------

[INFO]Current Time:       32.69 s

[P]indexs Load Factor:    71.5796 %

[P]full bucket LFactor:   38.1988 %

[P]set request:           69557479 
[P]get request:           59912649 

[P]Get Hit Rate:          82.8581 %
[P]ACC Hit Rate:          82.1765 %

[P]total cuckoo num:      550410 
[P]total cuckoo path:     126099 
[P]total cp perset:       0.001825 / set
[P]total cp percuckoo:    0.229100 / cuckoo num

[P]cuckoo path / s:       9611.628 / s
[P]cp per set * s:        0.003568 / set * s

[P]break loop / s:        0 / s
[P]break / set :          0 %

[P]Throughput:            5117354.035 ops
[P]all request:           129470128 o

[P]GetThroughput:         2407981.403 ops
[P]SetThroughput:         2709372.632 ops

[P]Valid Entries:         2229723.628 / s
[P]set success:           2693709.279 / s

[P]expire scan persec:    12387611.998 / s
[P]total expire scan:     199742429
[P]expire hit persec:     474900.643 / s
[P]total expire hit:      1885540

[P]expire hit rate:       3.833674 %
[P]total expire hit rate: 0.943986 %

[P]get found:             1995206.697 / s

----------------------------------

[INFO]Current Time:       33.60 s

[P]indexs Load Factor:    73.6029 %

[P]full bucket LFactor:   40.7147 %

[P]set request:           71924783 
[P]get request:           62013288 

[P]Get Hit Rate:          83.9117 %
[P]ACC Hit Rate:          82.2353 %

[P]total cuckoo num:      560741 
[P]total cuckoo path:     133727 
[P]total cp perset:       0.001871 / set
[P]total cp percuckoo:    0.238483 / cuckoo num

[P]cuckoo path / s:       8413.613 / s
[P]cp per set * s:        0.003239 / set * s

[P]break loop / s:        0 / s
[P]break / set :          0 %

[P]Throughput:            4928099.424 ops
[P]all request:           133938071 o

[P]GetThroughput:         2316985.209 ops
[P]SetThroughput:         2611114.215 ops

[P]Valid Entries:         2089953.331 / s
[P]set success:           2597786.779 / s

[P]expire scan persec:    11764002.095 / s
[P]total expire scan:     210407979
[P]expire hit persec:     530495.494 / s
[P]total expire hit:      2366501

[P]expire hit rate:       4.509481 %
[P]total expire hit rate: 1.124720 %

[P]get found:             1944220.690 / s

----------------------------------

[INFO]Current Time:       34.50 s

[P]indexs Load Factor:    75.5805 %

[P]full bucket LFactor:   43.2662 %

[P]set request:           74413519 
[P]get request:           64177005 

[P]Get Hit Rate:          82.3148 %
[P]ACC Hit Rate:          82.2380 %

[P]total cuckoo num:      569821 
[P]total cuckoo path:     141111 
[P]total cp perset:       0.001912 / set
[P]total cp percuckoo:    0.247641 / cuckoo num

[P]cuckoo path / s:       8217.621 / s
[P]cp per set * s:        0.003128 / set * s

[P]break loop / s:        0 / s
[P]break / set :          0 %

[P]Throughput:            5177694.093 ops
[P]all request:           138590524 o

[P]GetThroughput:         2407990.952 ops
[P]SetThroughput:         2769703.141 ops

[P]Valid Entries:         2112391.435 / s
[P]set success:           2627322.627 / s

[P]expire scan persec:    12077756.482 / s
[P]total expire scan:     221260531
[P]expire hit persec:     629537.172 / s
[P]total expire hit:      2932176

[P]expire hit rate:       5.212368 %
[P]total expire hit rate: 1.325214 %

[P]get found:             1982132.579 / s

----------------------------------

[INFO]Current Time:       35.39 s

[P]indexs Load Factor:    77.4223 %

[P]full bucket LFactor:   45.7508 %

[P]set request:           76846135 
[P]get request:           66320421 

[P]Get Hit Rate:          83.3160 %
[P]ACC Hit Rate:          82.2728 %

[P]total cuckoo num:      577332 
[P]total cuckoo path:     148095 
[P]total cp perset:       0.001942 / set
[P]total cp percuckoo:    0.256516 / cuckoo num

[P]cuckoo path / s:       7834.067 / s
[P]cp per set * s:        0.002882 / set * s

[P]break loop / s:        0 / s
[P]break / set :          0 %

[P]Throughput:            5133010.122 ops
[P]all request:           143166556 o

[P]GetThroughput:         2404304.870 ops
[P]SetThroughput:         2728705.252 ops

[P]Valid Entries:         2042403.266 / s
[P]set success:           2718291.237 / s

[P]expire scan persec:    11982117.333 / s
[P]total expire scan:     231942480
[P]expire hit persec:     703586.514 / s
[P]total expire hit:      3559417

[P]expire hit rate:       5.871971 %
[P]total expire hit rate: 1.534612 %

[P]get found:             2003171.235 / s

----------------------------------

[INFO]Current Time:       36.27 s

[P]indexs Load Factor:    79.1617 %

[P]full bucket LFactor:   48.1181 %

[P]set request:           79079642 
[P]get request:           68290507 

[P]Get Hit Rate:          82.8882 %
[P]ACC Hit Rate:          82.2906 %

[P]total cuckoo num:      583294 
[P]total cuckoo path:     154267 
[P]total cp perset:       0.001967 / set
[P]total cp percuckoo:    0.264476 / cuckoo num

[P]cuckoo path / s:       6964.040 / s
[P]cp per set * s:        0.002810 / set * s

[P]break loop / s:        0 / s
[P]break / set :          0 %

[P]Throughput:            4743031.300 ops
[P]all request:           147370149 o

[P]GetThroughput:         2222903.017 ops
[P]SetThroughput:         2520128.283 ops

[P]Valid Entries:         1857719.689 / s
[P]set success:           2477923.178 / s

[P]expire scan persec:    11149496.636 / s
[P]total expire scan:     241823913
[P]expire hit persec:     735211.696 / s
[P]total expire hit:      4211011

[P]expire hit rate:       6.594125 %
[P]total expire hit rate: 1.741354 %

[P]get found:             1842523.369 / s

----------------------------------

[INFO]Current Time:       37.15 s

[P]indexs Load Factor:    80.8695 %

[P]full bucket LFactor:   50.5218 %

[P]set request:           81450464 
[P]get request:           70369538 

[P]Get Hit Rate:          81.3638 %
[P]ACC Hit Rate:          82.2632 %

[P]total cuckoo num:      588792 
[P]total cuckoo path:     160331 
[P]total cp perset:       0.001985 / set
[P]total cp percuckoo:    0.272305 / cuckoo num

[P]cuckoo path / s:       6901.364 / s
[P]cp per set * s:        0.002610 / set * s

[P]break loop / s:        0 / s
[P]break / set :          0 %

[P]Throughput:            5064323.138 ops
[P]all request:           151820002 o

[P]GetThroughput:         2366119.690 ops
[P]SetThroughput:         2698203.449 ops

[P]Valid Entries:         1872974.891 / s
[P]set success:           2644626.831 / s

[P]expire scan persec:    11731439.139 / s
[P]total expire scan:     252131940
[P]expire hit persec:     869932.644 / s
[P]total expire hit:      4975392

[P]expire hit rate:       7.415396 %
[P]total expire hit rate: 1.973329 %

[P]get found:             1925164.181 / s

----------------------------------

[INFO]Current Time:       38.02 s

[P]indexs Load Factor:    82.4681 %

[P]full bucket LFactor:   52.8520 %

[P]set request:           83876812 
[P]get request:           72422644 

[P]Get Hit Rate:          82.3712 %
[P]ACC Hit Rate:          82.2662 %

[P]total cuckoo num:      593727 
[P]total cuckoo path:     166529 
[P]total cp perset:       0.002003 / set
[P]total cp percuckoo:    0.280481 / cuckoo num

[P]cuckoo path / s:       7114.685 / s
[P]cp per set * s:        0.002598 / set * s

[P]break loop / s:        0 / s
[P]break / set :          0 %

[P]Throughput:            5141965.523 ops
[P]all request:           156299456 o

[P]GetThroughput:         2356760.504 ops
[P]SetThroughput:         2785205.019 ops

[P]Valid Entries:         1823078.807 / s
[P]set success:           2738228.357 / s

[P]expire scan persec:    11880386.831 / s
[P]total expire scan:     262481610
[P]expire hit persec:     969295.995 / s
[P]total expire hit:      5819800

[P]expire hit rate:       8.158792 %
[P]total expire hit rate: 2.217222 %

[P]get found:             1941291.851 / s

----------------------------------

[INFO]Current Time:       38.89 s

[P]indexs Load Factor:    83.9828 %

[P]full bucket LFactor:   55.1230 %

[P]set request:           86232132 
[P]get request:           74446124 

[P]Get Hit Rate:          82.1753 %
[P]ACC Hit Rate:          82.2638 %

[P]total cuckoo num:      598220 
[P]total cuckoo path:     172479 
[P]total cp perset:       0.002018 / set
[P]total cp percuckoo:    0.288320 / cuckoo num

[P]cuckoo path / s:       6895.233 / s
[P]cp per set * s:        0.002573 / set * s

[P]break loop / s:        0 / s
[P]break / set :          0 %

[P]Throughput:            5074427.727 ops
[P]all request:           160678256 o

[P]GetThroughput:         2344935.374 ops
[P]SetThroughput:         2729492.353 ops

[P]Valid Entries:         1704236.145 / s
[P]set success:           2679488.588 / s

[P]expire scan persec:    11673200.192 / s
[P]total expire scan:     272554590
[P]expire hit persec:     1039204.278 / s
[P]total expire hit:      6716545

[P]expire hit rate:       8.902480 %
[P]total expire hit rate: 2.464293 %

[P]get found:             1926957.956 / s

----------------------------------

[INFO]Current Time:       39.74 s

[P]indexs Load Factor:    85.4241 %

[P]full bucket LFactor:   57.3539 %

[P]set request:           88584385 
[P]get request:           76358344 

[P]Get Hit Rate:          84.8953 %
[P]ACC Hit Rate:          82.3297 %

[P]total cuckoo num:      602313 
[P]total cuckoo path:     178310 
[P]total cp perset:       0.002032 / set
[P]total cp percuckoo:    0.296042 / cuckoo num

[P]cuckoo path / s:       6808.075 / s
[P]cp per set * s:        0.002522 / set * s

[P]break loop / s:        0 / s
[P]break / set :          0 %

[P]Throughput:            4979051.641 ops
[P]all request:           164942729 o

[P]GetThroughput:         2232642.141 ops
[P]SetThroughput:         2746409.500 ops

[P]Valid Entries:         1632793.679 / s
[P]set success:           2699615.809 / s

[P]expire scan persec:    11757150.118 / s
[P]total expire scan:     282624389
[P]expire hit persec:     1114517.182 / s
[P]total expire hit:      7671110

[P]expire hit rate:       9.479484 %
[P]total expire hit rate: 2.714242 %

[P]get found:             1895407.186 / s

----------------------------------

[INFO]Current Time:       40.59 s

[P]indexs Load Factor:    86.7005 %

[P]full bucket LFactor:   59.3978 %

[P]set request:           90870637 
[P]get request:           78313825 

[P]Get Hit Rate:          83.2629 %
[P]ACC Hit Rate:          82.3530 %

[P]total cuckoo num:      606055 
[P]total cuckoo path:     184364 
[P]total cp perset:       0.002046 / set
[P]total cp percuckoo:    0.304203 / cuckoo num

[P]cuckoo path / s:       7111.443 / s
[P]cp per set * s:        0.002599 / set * s

[P]break loop / s:        0 / s
[P]break / set :          0 %

[P]Throughput:            4982629.859 ops
[P]all request:           169184462 o

[P]GetThroughput:         2297041.803 ops
[P]SetThroughput:         2685588.056 ops

[P]Valid Entries:         1542314.985 / s
[P]set success:           2736367.798 / s

[P]expire scan persec:    11742356.858 / s
[P]total expire scan:     292620705
[P]expire hit persec:     1194658.941 / s
[P]total expire hit:      8688128

[P]expire hit rate:       10.173928 %
[P]total expire hit rate: 2.969075 %

[P]get found:             1912583.397 / s

----------------------------------

[INFO]Current Time:       41.44 s

[P]indexs Load Factor:    87.9649 %

[P]full bucket LFactor:   61.4822 %

[P]set request:           92921371 
[P]get request:           80237391 

[P]Get Hit Rate:          80.1275 %
[P]ACC Hit Rate:          82.2996 %

[P]total cuckoo num:      609371 
[P]total cuckoo path:     190405 
[P]total cp perset:       0.002063 / set
[P]total cp percuckoo:    0.312462 / cuckoo num

[P]cuckoo path / s:       7140.358 / s
[P]cp per set * s:        0.002725 / set * s

[P]break loop / s:        0 / s
[P]break / set :          0 %

[P]Throughput:            4697554.478 ops
[P]all request:           173158762 o

[P]GetThroughput:         2273622.041 ops
[P]SetThroughput:         2423932.437 ops

[P]Valid Entries:         1419600.420 / s
[P]set success:           2620770.407 / s

[P]expire scan persec:    11487054.322 / s
[P]total expire scan:     302339166
[P]expire hit persec:     1270494.464 / s
[P]total expire hit:      9763012

[P]expire hit rate:       11.060229 %
[P]total expire hit rate: 3.229159 %

[P]get found:             1821797.273 / s

----------------------------------

[INFO]Current Time:       42.28 s

[P]indexs Load Factor:    89.1402 %

[P]full bucket LFactor:   63.4947 %

[P]set request:           95246178 
[P]get request:           82220205 

[P]Get Hit Rate:          81.3086 %
[P]ACC Hit Rate:          82.2757 %

[P]total cuckoo num:      612626 
[P]total cuckoo path:     197004 
[P]total cp perset:       0.002081 / set
[P]total cp percuckoo:    0.321573 / cuckoo num

[P]cuckoo path / s:       7868.945 / s
[P]cp per set * s:        0.002825 / set * s

[P]break loop / s:        0 / s
[P]break / set :          0 %

[P]Throughput:            5136601.542 ops
[P]all request:           177466383 o

[P]GetThroughput:         2364396.833 ops
[P]SetThroughput:         2772204.709 ops

[P]Valid Entries:         1392983.359 / s
[P]set success:           2785439.657 / s

[P]expire scan persec:    11938861.671 / s
[P]total expire scan:     312351251
[P]expire hit persec:     1387176.151 / s
[P]total expire hit:      10926316

[P]expire hit rate:       11.618998 %
[P]total expire hit rate: 3.498086 %

[P]get found:             1922458.793 / s

----------------------------------

[INFO]Current Time:       43.11 s

[P]indexs Load Factor:    90.2275 %

[P]full bucket LFactor:   65.4126 %

[P]set request:           97472160 
[P]get request:           84183616 

[P]Get Hit Rate:          81.1837 %
[P]ACC Hit Rate:          82.2502 %

[P]total cuckoo num:      615554 
[P]total cuckoo path:     203362 
[P]total cp perset:       0.002097 / set
[P]total cp percuckoo:    0.330372 / cuckoo num

[P]cuckoo path / s:       7612.958 / s
[P]cp per set * s:        0.002740 / set * s

[P]break loop / s:        0 / s
[P]break / set :          0 %

[P]Throughput:            5016305.894 ops
[P]all request:           181655776 o

[P]GetThroughput:         2350953.986 ops
[P]SetThroughput:         2665351.908 ops

[P]Valid Entries:         1304054.920 / s
[P]set success:           2778147.735 / s

[P]expire scan persec:    11907954.665 / s
[P]total expire scan:     322296239
[P]expire hit persec:     1492514.545 / s
[P]total expire hit:      12172797

[P]expire hit rate:       12.533761 %
[P]total expire hit rate: 3.776897 %

[P]get found:             1908590.598 / s

----------------------------------

[INFO]Current Time:       43.94 s

[P]indexs Load Factor:    91.2252 %

[P]full bucket LFactor:   67.2312 %

[P]set request:           99715696 
[P]get request:           86125340 

[P]Get Hit Rate:          80.9886 %
[P]ACC Hit Rate:          82.2218 %

[P]total cuckoo num:      618306 
[P]total cuckoo path:     209967 
[P]total cp perset:       0.002116 / set
[P]total cp percuckoo:    0.339584 / cuckoo num

[P]cuckoo path / s:       8005.061 / s
[P]cp per set * s:        0.002922 / set * s

[P]break loop / s:        0 / s
[P]break / set :          0 %

[P]Throughput:            5072408.868 ops
[P]all request:           185841036 o

[P]GetThroughput:         2353310.914 ops
[P]SetThroughput:         2719097.954 ops

[P]Valid Entries:         1219006.531 / s
[P]set success:           2739811.730 / s

[P]expire scan persec:    11939809.295 / s
[P]total expire scan:     332147812
[P]expire hit persec:     1530036.773 / s
[P]total expire hit:      13435235

[P]expire hit rate:       12.814583 %
[P]total expire hit rate: 4.044957 %

[P]get found:             1905914.674 / s

----------------------------------

[INFO]Current Time:       44.76 s

[P]indexs Load Factor:    92.1396 %

[P]full bucket LFactor:   68.9542 %

[P]set request:           101973247 
[P]get request:           88042578 

[P]Get Hit Rate:          79.4011 %
[P]ACC Hit Rate:          82.1604 %

[P]total cuckoo num:      620840 
[P]total cuckoo path:     216561 
[P]total cp perset:       0.002134 / set
[P]total cp percuckoo:    0.348819 / cuckoo num

[P]cuckoo path / s:       8049.405 / s
[P]cp per set * s:        0.002946 / set * s

[P]break loop / s:        0 / s
[P]break / set :          0 %

[P]Throughput:            5096234.098 ops
[P]all request:           190015825 o

[P]GetThroughput:         2340404.190 ops
[P]SetThroughput:         2755829.908 ops

[P]Valid Entries:         1128792.948 / s
[P]set success:           2731863.579 / s

[P]expire scan persec:    11894664.675 / s
[P]total expire scan:     341891814
[P]expire hit persec:     1664447.040 / s
[P]total expire hit:      14798735

[P]expire hit rate:       13.993224 %
[P]total expire hit rate: 4.328485 %

[P]get found:             1858306.596 / s

----------------------------------

[INFO]Current Time:       45.57 s

[P]indexs Load Factor:    92.9824 %

[P]full bucket LFactor:   70.5960 %

[P]set request:           104213662 
[P]get request:           89909243 

[P]Get Hit Rate:          82.0670 %
[P]ACC Hit Rate:          82.1584 %

[P]total cuckoo num:      623217 
[P]total cuckoo path:     223497 
[P]total cp perset:       0.002155 / set
[P]total cp percuckoo:    0.358618 / cuckoo num

[P]cuckoo path / s:       8530.715 / s
[P]cp per set * s:        0.003064 / set * s

[P]break loop / s:        0 / s
[P]break / set :          0 %

[P]Throughput:            5051373.991 ops
[P]all request:           194122905 o

[P]GetThroughput:         2295845.961 ops
[P]SetThroughput:         2755528.029 ops

[P]Valid Entries:         1045755.489 / s
[P]set success:           2784006.794 / s

[P]expire scan persec:    11911171.060 / s
[P]total expire scan:     351576334
[P]expire hit persec:     1715848.338 / s
[P]total expire hit:      16193826

[P]expire hit rate:       14.405371 %
[P]total expire hit rate: 4.606063 %

[P]get found:             1884131.947 / s

----------------------------------

[INFO]Current Time:       46.39 s

[P]indexs Load Factor:    93.7486 %

[P]full bucket LFactor:   72.1275 %

[P]set request:           106409043 
[P]get request:           91801346 

[P]Get Hit Rate:          78.9985 %
[P]ACC Hit Rate:          82.0933 %

[P]total cuckoo num:      625679 
[P]total cuckoo path:     231391 
[P]total cp perset:       0.002185 / set
[P]total cp percuckoo:    0.369824 / cuckoo num

[P]cuckoo path / s:       9666.473 / s
[P]cp per set * s:        0.003617 / set * s

[P]break loop / s:        0 / s
[P]break / set :          0 %

[P]Throughput:            5005264.033 ops
[P]all request:           198210389 o

[P]GetThroughput:         2316944.872 ops
[P]SetThroughput:         2688319.161 ops

[P]Valid Entries:         960732.813 / s
[P]set success:           2672315.723 / s

[P]expire scan persec:    11856097.061 / s
[P]total expire scan:     361258462
[P]expire hit persec:     1812222.479 / s
[P]total expire hit:      17673754

[P]expire hit rate:       15.285152 %
[P]total expire hit rate: 4.892274 %

[P]get found:             1830351.709 / s

----------------------------------

[INFO]Current Time:       47.19 s

[P]indexs Load Factor:    94.4452 %

[P]full bucket LFactor:   73.5672 %

[P]set request:           108576979 
[P]get request:           93668096 

[P]Get Hit Rate:          78.7715 %
[P]ACC Hit Rate:          82.0271 %

[P]total cuckoo num:      627976 
[P]total cuckoo path:     239496 
[P]total cp perset:       0.002215 / set
[P]total cp percuckoo:    0.381378 / cuckoo num

[P]cuckoo path / s:       10084.196 / s
[P]cp per set * s:        0.003689 / set * s

[P]break loop / s:        0 / s
[P]break / set :          0 %

[P]Throughput:            5019934.036 ops
[P]all request:           202245075 o

[P]GetThroughput:         2322600.039 ops
[P]SetThroughput:         2697333.997 ops

[P]Valid Entries:         886065.538 / s
[P]set success:           2733716.732 / s

[P]expire scan persec:    11940679.962 / s
[P]total expire scan:     370855579
[P]expire hit persec:     1860091.894 / s
[P]total expire hit:      19168771

[P]expire hit rate:       15.577772 %
[P]total expire hit rate: 5.168797 %

[P]get found:             1829546.919 / s

----------------------------------

[INFO]Current Time:       47.99 s

[P]indexs Load Factor:    95.0722 %

[P]full bucket LFactor:   74.8997 %

[P]set request:           110765579 
[P]get request:           95516094 

[P]Get Hit Rate:          78.6059 %
[P]ACC Hit Rate:          81.9609 %

[P]total cuckoo num:      630328 
[P]total cuckoo path:     248692 
[P]total cp perset:       0.002254 / set
[P]total cp percuckoo:    0.394544 / cuckoo num

[P]cuckoo path / s:       11529.878 / s
[P]cp per set * s:        0.004140 / set * s

[P]break loop / s:        0 / s
[P]break / set :          0 %

[P]Throughput:            5061057.174 ops
[P]all request:           206281673 o

[P]GetThroughput:         2317006.434 ops
[P]SetThroughput:         2744050.741 ops

[P]Valid Entries:         811464.677 / s
[P]set success:           2784972.027 / s

[P]expire scan persec:    12012527.841 / s
[P]total expire scan:     380436531
[P]expire hit persec:     1894954.729 / s
[P]total expire hit:      20680149

[P]expire hit rate:       15.774821 %
[P]total expire hit rate: 5.435900 %

[P]get found:             1821304.437 / s

----------------------------------

[INFO]Current Time:       48.78 s

[P]indexs Load Factor:    95.6371 %

[P]full bucket LFactor:   76.1361 %

[P]set request:           112893067 
[P]get request:           97277027 

[P]Get Hit Rate:          79.7343 %
[P]ACC Hit Rate:          81.9206 %

[P]total cuckoo num:      632680 
[P]total cuckoo path:     258495 
[P]total cp perset:       0.002298 / set
[P]total cp percuckoo:    0.408571 / cuckoo num

[P]cuckoo path / s:       12347.124 / s
[P]cp per set * s:        0.004546 / set * s

[P]break loop / s:        0 / s
[P]break / set :          0 %

[P]Throughput:            4897563.579 ops
[P]all request:           210170094 o

[P]GetThroughput:         2217939.191 ops
[P]SetThroughput:         2679624.389 ops

[P]Valid Entries:         732819.372 / s
[P]set success:           2716102.752 / s

[P]expire scan persec:    12041398.106 / s
[P]total expire scan:     389996800
[P]expire hit persec:     2017886.311 / s
[P]total expire hit:      22282250

[P]expire hit rate:       16.757907 %
[P]total expire hit rate: 5.713444 %

[P]get found:             1768457.531 / s

----------------------------------

[INFO]Current Time:       49.57 s

[P]indexs Load Factor:    96.1456 %

[P]full bucket LFactor:   77.2766 %

[P]set request:           115039868 
[P]get request:           99053716 

[P]Get Hit Rate:          81.3192 %
[P]ACC Hit Rate:          81.9098 %

[P]total cuckoo num:      635014 
[P]total cuckoo path:     269047 
[P]total cp perset:       0.002346 / set
[P]total cp percuckoo:    0.423687 / cuckoo num

[P]cuckoo path / s:       13388.738 / s
[P]cp per set * s:        0.004832 / set * s

[P]break loop / s:        0 / s
[P]break / set :          0 %

[P]Throughput:            4978258.284 ops
[P]all request:           214093584 o

[P]GetThroughput:         2254323.761 ops
[P]SetThroughput:         2723934.523 ops

[P]Valid Entries:         655115.591 / s
[P]set success:           2770801.452 / s

[P]expire scan persec:    12179911.226 / s
[P]total expire scan:     399596093
[P]expire hit persec:     2043168.180 / s
[P]total expire hit:      23892522

[P]expire hit rate:       16.774902 %
[P]total expire hit rate: 5.979168 %

[P]get found:             1833197.691 / s

----------------------------------

[INFO]Current Time:       50.36 s

[P]indexs Load Factor:    96.5910 %

[P]full bucket LFactor:   78.3055 %

[P]set request:           117089658 
[P]get request:           100811350 

[P]Get Hit Rate:          78.0507 %
[P]ACC Hit Rate:          81.8425 %

[P]total cuckoo num:      637351 
[P]total cuckoo path:     280798 
[P]total cp perset:       0.002406 / set
[P]total cp percuckoo:    0.440570 / cuckoo num

[P]cuckoo path / s:       14924.446 / s
[P]cp per set * s:        0.005736 / set * s

[P]break loop / s:        0 / s
[P]break / set :          0 %

[P]Throughput:            4835647.486 ops
[P]all request:           217901008 o

[P]GetThroughput:         2232296.281 ops
[P]SetThroughput:         2603351.206 ops

[P]Valid Entries:         590470.062 / s
[P]set success:           2602109.090 / s

[P]expire scan persec:    11963553.209 / s
[P]total expire scan:     409015787
[P]expire hit persec:     2083150.886 / s
[P]total expire hit:      25532724

[P]expire hit rate:       17.412476 %
[P]total expire hit rate: 6.242479 %

[P]get found:             1742323.330 / s

----------------------------------

[INFO]Current Time:       51.14 s

[P]indexs Load Factor:    96.9971 %

[P]full bucket LFactor:   79.2683 %

[P]set request:           119203485 
[P]get request:           102588246 

[P]Get Hit Rate:          78.0467 %
[P]ACC Hit Rate:          81.7768 %

[P]total cuckoo num:      639842 
[P]total cuckoo path:     294417 
[P]total cp perset:       0.002478 / set
[P]total cp percuckoo:    0.460140 / cuckoo num

[P]cuckoo path / s:       17326.993 / s
[P]cp per set * s:        0.006550 / set * s

[P]break loop / s:        0 / s
[P]break / set :          0 %

[P]Throughput:            4950035.184 ops
[P]all request:           221791731 o

[P]GetThroughput:         2260684.638 ops
[P]SetThroughput:         2689350.546 ops

[P]Valid Entries:         541986.653 / s
[P]set success:           2645191.460 / s

[P]expire scan persec:    12253192.776 / s
[P]total expire scan:     418646785
[P]expire hit persec:     2126791.348 / s
[P]total expire hit:      27204380

[P]expire hit rate:       17.357038 %
[P]total expire hit rate: 6.498170 %

[P]get found:             1764388.879 / s

----------------------------------

[INFO]Current Time:       51.92 s

[P]indexs Load Factor:    97.3591 %

[P]full bucket LFactor:   80.1447 %

[P]set request:           121275769 
[P]get request:           104296121 

[P]Get Hit Rate:          79.3230 %
[P]ACC Hit Rate:          81.7366 %

[P]total cuckoo num:      642532 
[P]total cuckoo path:     310334 
[P]total cp perset:       0.002566 / set
[P]total cp percuckoo:    0.482986 / cuckoo num

[P]cuckoo path / s:       20534.038 / s
[P]cp per set * s:        0.007524 / set * s

[P]break loop / s:        0 / s
[P]break / set :          0 %

[P]Throughput:            4876668.261 ops
[P]all request:           225571890 o

[P]GetThroughput:         2203277.642 ops
[P]SetThroughput:         2673390.620 ops

[P]Valid Entries:         486656.831 / s
[P]set success:           2728995.200 / s

[P]expire scan persec:    12288474.252 / s
[P]total expire scan:     428172220
[P]expire hit persec:     2158968.911 / s
[P]total expire hit:      28877909

[P]expire hit rate:       17.569056 %
[P]total expire hit rate: 6.744461 %

[P]get found:             1747706.328 / s

----------------------------------

[INFO]Current Time:       52.70 s

[P]indexs Load Factor:    97.6816 %

[P]full bucket LFactor:   80.9426 %

[P]set request:           123274469 
[P]get request:           106037343 

[P]Get Hit Rate:          79.2809 %
[P]ACC Hit Rate:          81.6963 %

[P]total cuckoo num:      645290 
[P]total cuckoo path:     327756 
[P]total cp perset:       0.002664 / set
[P]total cp percuckoo:    0.507920 / cuckoo num

[P]cuckoo path / s:       22430.535 / s
[P]cp per set * s:        0.008217 / set * s

[P]break loop / s:        0 / s
[P]break / set :          0 %

[P]Throughput:            4815087.267 ops
[P]all request:           229311812 o

[P]GetThroughput:         2241794.316 ops
[P]SetThroughput:         2573292.951 ops

[P]Valid Entries:         435999.796 / s
[P]set success:           2729845.775 / s

[P]expire scan persec:    12393227.080 / s
[P]total expire scan:     437798152
[P]expire hit persec:     2243990.762 / s
[P]total expire hit:      30620837

[P]expire hit rate:       18.106590 %
[P]total expire hit rate: 6.994282 %

[P]get found:             1777314.101 / s

----------------------------------

[INFO]Current Time:       53.47 s

[P]indexs Load Factor:    97.9670 %

[P]full bucket LFactor:   81.6631 %

[P]set request:           125337700 
[P]get request:           107766764 

[P]Get Hit Rate:          79.1117 %
[P]ACC Hit Rate:          81.6548 %

[P]total cuckoo num:      648180 
[P]total cuckoo path:     346980 
[P]total cp perset:       0.002773 / set
[P]total cp percuckoo:    0.535314 / cuckoo num

[P]cuckoo path / s:       24769.048 / s
[P]cp per set * s:        0.009112 / set * s

[P]break loop / s:        0 / s
[P]break / set :          0 %

[P]Throughput:            4886619.755 ops
[P]all request:           233104464 o

[P]GetThroughput:         2228262.130 ops
[P]SetThroughput:         2658357.625 ops

[P]Valid Entries:         390044.213 / s
[P]set success:           2718278.002 / s

[P]expire scan persec:    12434275.810 / s
[P]total expire scan:     447448766
[P]expire hit persec:     2189994.054 / s
[P]total expire hit:      32320557

[P]expire hit rate:       17.612558 %
[P]total expire hit rate: 7.223298 %

[P]get found:             1762815.596 / s

----------------------------------

[INFO]Current Time:       54.24 s

[P]indexs Load Factor:    98.2201 %

[P]full bucket LFactor:   82.3158 %

[P]set request:           127306962 
[P]get request:           109383354 

[P]Get Hit Rate:          83.7208 %
[P]ACC Hit Rate:          81.6853 %

[P]total cuckoo num:      651131 
[P]total cuckoo path:     367287 
[P]total cp perset:       0.002888 / set
[P]total cp percuckoo:    0.564075 / cuckoo num

[P]cuckoo path / s:       26312.788 / s
[P]cp per set * s:        0.010078 / set * s

[P]break loop / s:        0 / s
[P]break / set :          0 %

[P]Throughput:            4646366.429 ops
[P]all request:           236690316 o

[P]GetThroughput:         2094695.907 ops
[P]SetThroughput:         2551670.523 ops

[P]Valid Entries:         346802.207 / s
[P]set success:           2610792.987 / s

[P]expire scan persec:    12488939.053 / s
[P]total expire scan:     457087155
[P]expire hit persec:     2304608.644 / s
[P]total expire hit:      34099148

[P]expire hit rate:       18.453198 %
[P]total expire hit rate: 7.460098 %

[P]get found:             1753696.066 / s

----------------------------------

[INFO]Current Time:       55.02 s

[P]indexs Load Factor:    98.4434 %

[P]full bucket LFactor:   82.9041 %

[P]set request:           129300527 
[P]get request:           111082663 

[P]Get Hit Rate:          78.9528 %
[P]ACC Hit Rate:          81.6435 %

[P]total cuckoo num:      654346 
[P]total cuckoo path:     390677 
[P]total cp perset:       0.003025 / set
[P]total cp percuckoo:    0.597050 / cuckoo num

[P]cuckoo path / s:       30303.427 / s
[P]cp per set * s:        0.011671 / set * s

[P]break loop / s:        0 / s
[P]break / set :          0 %

[P]Throughput:            4784383.896 ops
[P]all request:           240383190 o

[P]GetThroughput:         2201577.041 ops
[P]SetThroughput:         2582806.855 ops

[P]Valid Entries:         308092.187 / s
[P]set success:           2596403.882 / s

[P]expire scan persec:    12498035.196 / s
[P]total expire scan:     466733887
[P]expire hit persec:     2323017.476 / s
[P]total expire hit:      35892192

[P]expire hit rate:       18.587061 %
[P]total expire hit rate: 7.690076 %

[P]get found:             1738206.671 / s

----------------------------------

[INFO]Current Time:       55.78 s

[P]indexs Load Factor:    98.6402 %

[P]full bucket LFactor:   83.4323 %

[P]set request:           131309514 
[P]get request:           112762082 

[P]Get Hit Rate:          78.8071 %
[P]ACC Hit Rate:          81.6013 %

[P]total cuckoo num:      657579 
[P]total cuckoo path:     414760 
[P]total cp perset:       0.003162 / set
[P]total cp percuckoo:    0.630738 / cuckoo num

[P]cuckoo path / s:       31408.253 / s
[P]cp per set * s:        0.011927 / set * s

[P]break loop / s:        0 / s
[P]break / set :          0 %

[P]Throughput:            4810297.272 ops
[P]all request:           244071596 o

[P]GetThroughput:         2190242.786 ops
[P]SetThroughput:         2620054.486 ops

[P]Valid Entries:         274172.413 / s
[P]set success:           2633423.501 / s

[P]expire scan persec:    12539900.573 / s
[P]total expire scan:     476349144
[P]expire hit persec:     2300485.324 / s
[P]total expire hit:      37656142

[P]expire hit rate:       18.345323 %
[P]total expire hit rate: 7.905156 %

[P]get found:             1726066.287 / s

----------------------------------

[INFO]Current Time:       56.55 s

[P]indexs Load Factor:    98.8115 %

[P]full bucket LFactor:   83.9018 %

[P]set request:           133258309 
[P]get request:           114358731 

[P]Get Hit Rate:          81.6700 %
[P]ACC Hit Rate:          81.6023 %

[P]total cuckoo num:      660988 
[P]total cuckoo path:     441573 
[P]total cp perset:       0.003315 / set
[P]total cp percuckoo:    0.668050 / cuckoo num

[P]cuckoo path / s:       34874.115 / s
[P]cp per set * s:        0.013176 / set * s

[P]break loop / s:        0 / s
[P]break / set :          0 %

[P]Throughput:            4611353.575 ops
[P]all request:           247617040 o

[P]GetThroughput:         2076668.839 ops
[P]SetThroughput:         2534684.736 ops

[P]Valid Entries:         239768.161 / s
[P]set success:           2646718.141 / s

[P]expire scan persec:    12435352.858 / s
[P]total expire scan:     485910078
[P]expire hit persec:     2299236.008 / s
[P]total expire hit:      39423912

[P]expire hit rate:       18.489512 %
[P]total expire hit rate: 8.113417 %

[P]get found:             1696016.431 / s

----------------------------------

[INFO]Current Time:       57.31 s

[P]indexs Load Factor:    98.9587 %

[P]full bucket LFactor:   84.3103 %

[P]set request:           135206177 
[P]get request:           115985210 

[P]Get Hit Rate:          77.2367 %
[P]ACC Hit Rate:          81.5410 %

[P]total cuckoo num:      664517 
[P]total cuckoo path:     470241 
[P]total cp perset:       0.003478 / set
[P]total cp percuckoo:    0.707643 / cuckoo num

[P]cuckoo path / s:       37607.088 / s
[P]cp per set * s:        0.014575 / set * s

[P]break loop / s:        0 / s
[P]break / set :          0 %

[P]Throughput:            4688878.918 ops
[P]all request:           251191387 o

[P]GetThroughput:         2133638.142 ops
[P]SetThroughput:         2555240.775 ops

[P]Valid Entries:         210985.626 / s
[P]set success:           2580271.501 / s

[P]expire scan persec:    12344732.467 / s
[P]total expire scan:     495320506
[P]expire hit persec:     2250173.151 / s
[P]total expire hit:      41139226

[P]expire hit rate:       18.227800 %
[P]total expire hit rate: 8.305577 %

[P]get found:             1647950.765 / s

----------------------------------

[INFO]Current Time:       58.08 s

[P]indexs Load Factor:    99.0909 %

[P]full bucket LFactor:   84.6845 %

[P]set request:           137096906 
[P]get request:           117593138 

[P]Get Hit Rate:          78.5469 %
[P]ACC Hit Rate:          81.5001 %

[P]total cuckoo num:      668103 
[P]total cuckoo path:     499847 
[P]total cp perset:       0.003644 / set
[P]total cp percuckoo:    0.748159 / cuckoo num

[P]cuckoo path / s:       38723.687 / s
[P]cp per set * s:        0.014984 / set * s

[P]break loop / s:        0 / s
[P]break / set :          0 %

[P]Throughput:            4576129.810 ops
[P]all request:           254690044 o

[P]GetThroughput:         2103117.640 ops
[P]SetThroughput:         2473012.170 ops

[P]Valid Entries:         185488.110 / s
[P]set success:           2584334.596 / s

[P]expire scan persec:    12248297.279 / s
[P]total expire scan:     504684880
[P]expire hit persec:     2283691.715 / s
[P]total expire hit:      42885211

[P]expire hit rate:       18.644973 %
[P]total expire hit rate: 8.497423 %

[P]get found:             1651934.235 / s

----------------------------------

[INFO]Current Time:       58.83 s

[P]indexs Load Factor:    99.2069 %

[P]full bucket LFactor:   85.0182 %

[P]set request:           139030245 
[P]get request:           119203409 

[P]Get Hit Rate:          78.4298 %
[P]ACC Hit Rate:          81.4586 %

[P]total cuckoo num:      671849 
[P]total cuckoo path:     531764 
[P]total cp perset:       0.003822 / set
[P]total cp percuckoo:    0.791493 / cuckoo num

[P]cuckoo path / s:       42507.489 / s
[P]cp per set * s:        0.016101 / set * s

[P]break loop / s:        0 / s
[P]break / set :          0 %

[P]Throughput:            4719427.380 ops
[P]all request:           258233654 o

[P]GetThroughput:         2144580.540 ops
[P]SetThroughput:         2574846.840 ops

[P]Valid Entries:         167384.975 / s
[P]set success:           2640047.098 / s

[P]expire scan persec:    12573923.591 / s
[P]total expire scan:     514126085
[P]expire hit persec:     2351046.248 / s
[P]total expire hit:      44650508

[P]expire hit rate:       18.697793 %
[P]total expire hit rate: 8.684739 %

[P]get found:             1681989.796 / s

----------------------------------

[INFO]Current Time:       59.58 s

[P]indexs Load Factor:    99.3089 %

[P]full bucket LFactor:   85.3152 %

[P]set request:           140923776 
[P]get request:           120810228 

[P]Get Hit Rate:          78.2777 %
[P]ACC Hit Rate:          81.4163 %

[P]total cuckoo num:      675821 
[P]total cuckoo path:     566231 
[P]total cp perset:       0.004012 / set
[P]total cp percuckoo:    0.837842 / cuckoo num

[P]cuckoo path / s:       45709.776 / s
[P]cp per set * s:        0.017421 / set * s

[P]break loop / s:        0 / s
[P]break / set :          0 %

[P]Throughput:            4642127.721 ops
[P]all request:           261734004 o

[P]GetThroughput:         2130946.626 ops
[P]SetThroughput:         2511181.095 ops

[P]Valid Entries:         148295.846 / s
[P]set success:           2623826.312 / s

[P]expire scan persec:    12550583.476 / s
[P]total expire scan:     523589727
[P]expire hit persec:     2352288.994 / s
[P]total expire hit:      46424228

[P]expire hit rate:       18.742467 %
[P]total expire hit rate: 8.866528 %

[P]get found:             1668056.065 / s

----------------------------------

[INFO]Current Time:       60.34 s

[P]indexs Load Factor:    99.3998 %

[P]full bucket LFactor:   85.5842 %

[P]set request:           142826278 
[P]get request:           122391938 

[P]Get Hit Rate:          76.7004 %
[P]ACC Hit Rate:          81.3554 %

[P]total cuckoo num:      679887 
[P]total cuckoo path:     602318 
[P]total cp perset:       0.004210 / set
[P]total cp percuckoo:    0.885909 / cuckoo num

[P]cuckoo path / s:       47429.286 / s
[P]cp per set * s:        0.018494 / set * s

[P]break loop / s:        0 / s
[P]break / set :          0 %

[P]Throughput:            4579313.568 ops
[P]all request:           265218216 o

[P]GetThroughput:         2078847.689 ops
[P]SetThroughput:         2500465.879 ops

[P]Valid Entries:         129231.564 / s
[P]set success:           2564552.654 / s

[P]expire scan persec:    12306040.731 / s
[P]total expire scan:     532952889
[P]expire hit persec:     2357055.605 / s
[P]total expire hit:      48217615

[P]expire hit rate:       19.153647 %
[P]total expire hit rate: 9.047257 %

[P]get found:             1594484.628 / s

----------------------------------

[INFO]Current Time:       61.10 s

[P]indexs Load Factor:    99.4766 %

[P]full bucket LFactor:   85.8138 %

[P]set request:           144716331 
[P]get request:           123963200 

[P]Get Hit Rate:          79.6338 %
[P]ACC Hit Rate:          81.3335 %

[P]total cuckoo num:      683959 
[P]total cuckoo path:     639022 
[P]total cp perset:       0.004405 / set
[P]total cp percuckoo:    0.934299 / cuckoo num

[P]cuckoo path / s:       48481.199 / s
[P]cp per set * s:        0.018564 / set * s

[P]break loop / s:        0 / s
[P]break / set :          0 %

[P]Throughput:            4571945.915 ops
[P]all request:           268679531 o

[P]GetThroughput:         2075432.280 ops
[P]SetThroughput:         2496513.635 ops

[P]Valid Entries:         115514.013 / s
[P]set success:           2611524.397 / s

[P]expire scan persec:    12568316.390 / s
[P]total expire scan:     542468072
[P]expire hit persec:     2413992.304 / s
[P]total expire hit:      50045193

[P]expire hit rate:       19.206966 %
[P]total expire hit rate: 9.225463 %

[P]get found:             1652744.748 / s

----------------------------------

[INFO]Current Time:       61.86 s

[P]indexs Load Factor:    99.5441 %

[P]full bucket LFactor:   86.0178 %

[P]set request:           146520666 
[P]get request:           125462033 

[P]Get Hit Rate:          77.9545 %
[P]ACC Hit Rate:          81.2932 %

[P]total cuckoo num:      688115 
[P]total cuckoo path:     677056 
[P]total cp perset:       0.004608 / set
[P]total cp percuckoo:    0.983929 / cuckoo num

[P]cuckoo path / s:       50188.296 / s
[P]cp per set * s:        0.020140 / set * s

[P]break loop / s:        0 / s
[P]break / set :          0 %

[P]Throughput:            4358741.464 ops
[P]all request:           271982699 o

[P]GetThroughput:         1977806.017 ops
[P]SetThroughput:         2380935.447 ops

[P]Valid Entries:         97377.223 / s
[P]set success:           2491968.837 / s

[P]expire scan persec:    11997309.306 / s
[P]total expire scan:     551559946
[P]expire hit persec:     2271535.677 / s
[P]total expire hit:      51766622

[P]expire hit rate:       18.933709 %
[P]total expire hit rate: 9.385493 %

[P]get found:             1541789.093 / s

----------------------------------

[INFO]Current Time:       62.61 s

[P]indexs Load Factor:    99.6029 %

[P]full bucket LFactor:   86.1966 %

[P]set request:           148387578 
[P]get request:           127042039 

[P]Get Hit Rate:          77.9549 %
[P]ACC Hit Rate:          81.2517 %

[P]total cuckoo num:      692539 
[P]total cuckoo path:     718070 
[P]total cp perset:       0.004823 / set
[P]total cp percuckoo:    1.036866 / cuckoo num

[P]cuckoo path / s:       54289.174 / s
[P]cp per set * s:        0.021015 / set * s

[P]break loop / s:        0 / s
[P]break / set :          0 %

[P]Throughput:            4562596.497 ops
[P]all request:           275429617 o

[P]GetThroughput:         2091413.210 ops
[P]SetThroughput:         2471183.286 ops

[P]Valid Entries:         90050.881 / s
[P]set success:           2583396.445 / s

[P]expire scan persec:    12516605.187 / s
[P]total expire scan:     561015902
[P]expire hit persec:     2366276.810 / s
[P]total expire hit:      53554280

[P]expire hit rate:       18.905101 %
[P]total expire hit rate: 9.545947 %

[P]get found:             1630358.948 / s

----------------------------------

[INFO]Current Time:       63.37 s

[P]indexs Load Factor:    99.6542 %

[P]full bucket LFactor:   86.3550 %

[P]set request:           150187616 
[P]get request:           128534710 

[P]Get Hit Rate:          71.5988 %
[P]ACC Hit Rate:          81.1396 %

[P]total cuckoo num:      696732 
[P]total cuckoo path:     757128 
[P]total cp perset:       0.005024 / set
[P]total cp percuckoo:    1.086685 / cuckoo num

[P]cuckoo path / s:       51642.764 / s
[P]cp per set * s:        0.021548 / set * s

[P]break loop / s:        0 / s
[P]break / set :          0 %

[P]Throughput:            4353643.176 ops
[P]all request:           278722326 o

[P]GetThroughput:         1973620.175 ops
[P]SetThroughput:         2380023.001 ops

[P]Valid Entries:         75287.794 / s
[P]set success:           2396637.855 / s

[P]expire scan persec:    11800641.399 / s
[P]total expire scan:     569940859
[P]expire hit persec:     2288991.687 / s
[P]total expire hit:      55285470

[P]expire hit rate:       19.397180 %
[P]total expire hit rate: 9.700212 %

[P]get found:             1413087.669 / s

----------------------------------

[INFO]Current Time:       64.13 s

[P]indexs Load Factor:    99.7008 %

[P]full bucket LFactor:   86.5006 %

[P]set request:           152089934 
[P]get request:           130112675 

[P]Get Hit Rate:          77.7996 %
[P]ACC Hit Rate:          81.0991 %

[P]total cuckoo num:      701372 
[P]total cuckoo path:     800772 
[P]total cp perset:       0.005246 / set
[P]total cp percuckoo:    1.141722 / cuckoo num

[P]cuckoo path / s:       57609.609 / s
[P]cp per set * s:        0.022361 / set * s

[P]break loop / s:        0 / s
[P]break / set :          0 %

[P]Throughput:            4593936.014 ops
[P]all request:           282202609 o

[P]GetThroughput:         2082896.777 ops
[P]SetThroughput:         2511039.237 ops

[P]Valid Entries:         71003.540 / s
[P]set success:           2576306.104 / s

[P]expire scan persec:    12531219.902 / s
[P]total expire scan:     579434285
[P]expire hit persec:     2421550.569 / s
[P]total expire hit:      57119993

[P]expire hit rate:       19.324141 %
[P]total expire hit rate: 9.857890 %

[P]get found:             1620486.076 / s

----------------------------------

[INFO]Current Time:       64.89 s

[P]indexs Load Factor:    99.7409 %

[P]full bucket LFactor:   86.6279 %

[P]set request:           153956428 
[P]get request:           131689264 

[P]Get Hit Rate:          77.7658 %
[P]ACC Hit Rate:          81.0591 %

[P]total cuckoo num:      706222 
[P]total cuckoo path:     846806 
[P]total cp perset:       0.005478 / set
[P]total cp percuckoo:    1.199065 / cuckoo num

[P]cuckoo path / s:       60750.427 / s
[P]cp per set * s:        0.024032 / set * s

[P]break loop / s:        0 / s
[P]break / set :          0 %

[P]Throughput:            4543788.533 ops
[P]all request:           285645692 o

[P]GetThroughput:         2080602.477 ops
[P]SetThroughput:         2463186.056 ops

[P]Valid Entries:         63476.898 / s
[P]set success:           2527888.942 / s

[P]expire scan persec:    12544795.508 / s
[P]total expire scan:     588940179
[P]expire hit persec:     2384634.384 / s
[P]total expire hit:      58926964

[P]expire hit rate:       19.008954 %
[P]total expire hit rate: 10.005594 %

[P]get found:             1617997.097 / s

----------------------------------

[INFO]Current Time:       65.63 s

[P]indexs Load Factor:    99.7756 %

[P]full bucket LFactor:   86.7391 %

[P]set request:           155819048 
[P]get request:           133202841 

[P]Get Hit Rate:          79.2094 %
[P]ACC Hit Rate:          81.0381 %

[P]total cuckoo num:      711101 
[P]total cuckoo path:     893512 
[P]total cp perset:       0.005710 / set
[P]total cp percuckoo:    1.256519 / cuckoo num

[P]cuckoo path / s:       62655.873 / s
[P]cp per set * s:        0.024441 / set * s

[P]break loop / s:        0 / s
[P]break / set :          0 %

[P]Throughput:            4529153.265 ops
[P]all request:           289021890 o

[P]GetThroughput:         2030456.215 ops
[P]SetThroughput:         2498695.708 ops

[P]Valid Entries:         55732.416 / s
[P]set success:           2563562.365 / s

[P]expire scan persec:    12496205.802 / s
[P]total expire scan:     598255312
[P]expire hit persec:     2382956.872 / s
[P]total expire hit:      60703308

[P]expire hit rate:       19.069443 %
[P]total expire hit rate: 10.146723 %

[P]get found:             1608313.177 / s

----------------------------------

[INFO]Current Time:       66.39 s

[P]indexs Load Factor:    99.8056 %

[P]full bucket LFactor:   86.8368 %

[P]set request:           157690806 
[P]get request:           134752467 

[P]Get Hit Rate:          77.6333 %
[P]ACC Hit Rate:          80.9990 %

[P]total cuckoo num:      715968 
[P]total cuckoo path:     940443 
[P]total cp perset:       0.005937 / set
[P]total cp percuckoo:    1.313527 / cuckoo num

[P]cuckoo path / s:       62028.567 / s
[P]cp per set * s:        0.024436 / set * s

[P]break loop / s:        0 / s
[P]break / set :          0 %

[P]Throughput:            4522032.015 ops
[P]all request:           292443273 o

[P]GetThroughput:         2048136.202 ops
[P]SetThroughput:         2473897.135 ops

[P]Valid Entries:         48552.543 / s
[P]set success:           2538460.717 / s

[P]expire scan persec:    12402797.727 / s
[P]total expire scan:     607639306
[P]expire hit persec:     2362623.455 / s
[P]total expire hit:      62490876

[P]expire hit rate:       19.049117 %
[P]total expire hit rate: 10.284206 %

[P]get found:             1590035.984 / s

----------------------------------

[INFO]Current Time:       67.14 s

[P]indexs Load Factor:    99.8321 %

[P]full bucket LFactor:   86.9233 %

[P]set request:           159530645 
[P]get request:           136274183 

[P]Get Hit Rate:          78.9653 %
[P]ACC Hit Rate:          80.9763 %

[P]total cuckoo num:      720979 
[P]total cuckoo path:     989138 
[P]total cp perset:       0.006172 / set
[P]total cp percuckoo:    1.371937 / cuckoo num

[P]cuckoo path / s:       64856.176 / s
[P]cp per set * s:        0.026274 / set * s

[P]break loop / s:        0 / s
[P]break / set :          0 %

[P]Throughput:            4477207.187 ops
[P]all request:           295804828 o

[P]GetThroughput:         2026751.849 ops
[P]SetThroughput:         2450455.338 ops

[P]Valid Entries:         43815.045 / s
[P]set success:           2468426.473 / s

[P]expire scan persec:    12511690.742 / s
[P]total expire scan:     617033273
[P]expire hit persec:     2422339.230 / s
[P]total expire hit:      64309605

[P]expire hit rate:       19.360607 %
[P]total expire hit rate: 10.422389 %

[P]get found:             1600429.873 / s

----------------------------------

[INFO]Current Time:       67.89 s

[P]indexs Load Factor:    99.8503 %

[P]full bucket LFactor:   86.9833 %

[P]set request:           161271284 
[P]get request:           137711844 

[P]Get Hit Rate:          77.4790 %
[P]ACC Hit Rate:          80.9398 %

[P]total cuckoo num:      725703 
[P]total cuckoo path:     1035080 
[P]total cp perset:       0.006388 / set
[P]total cp percuckoo:    1.426314 / cuckoo num

[P]cuckoo path / s:       61018.365 / s
[P]cp per set * s:        0.025746 / set * s

[P]break loop / s:        0 / s
[P]break / set :          0 %

[P]Throughput:            4221293.556 ops
[P]all request:           298983128 o

[P]GetThroughput:         1909445.023 ops
[P]SetThroughput:         2311848.534 ops

[P]Valid Entries:         36657.239 / s
[P]set success:           2369972.836 / s

[P]expire scan persec:    11527071.956 / s
[P]total expire scan:     625712246
[P]expire hit persec:     2231247.766 / s
[P]total expire hit:      65989558

[P]expire hit rate:       19.356587 %
[P]total expire hit rate: 10.546311 %

[P]get found:             1479418.423 / s

----------------------------------
[INFO]End rx_queue_1:1665498

[INFO]Current Time:       68.64 s

[P]indexs Load Factor:    99.8649 %

[P]full bucket LFactor:   87.0321 %

[P]set request:           162502030 
[P]get request:           138735951 

[P]Get Hit Rate:          78.6285 %
[P]ACC Hit Rate:          80.9227 %

[P]total cuckoo num:      729085 
[P]total cuckoo path:     1068096 
[P]total cp perset:       0.006541 / set
[P]total cp percuckoo:    1.464981 / cuckoo num

[P]cuckoo path / s:       43871.994 / s
[P]cp per set * s:        0.026210 / set * s

[P]break loop / s:        0 / s
[P]break / set :          0 %

[P]Throughput:            2996272.743 ops
[P]all request:           301237982 o

[P]GetThroughput:         1360843.713 ops
[P]SetThroughput:         1635427.701 ops

[P]Valid Entries:         23880.046 / s
[P]set success:           1673854.231 / s

[P]expire scan persec:    8196338.482 / s
[P]total expire scan:     631880425
[P]expire hit persec:     1674113.349 / s
[P]total expire hit:      67249417

[P]expire hit rate:       20.425137 %
[P]total expire hit rate: 10.642744 %

[P]get found:             1070011.036 / s

----------------------------------

[INFO]Current Time:       69.40 s

[P]indexs Load Factor:    99.8793 %

[P]full bucket LFactor:   87.0796 %

[P]set request:           163957053 
[P]get request:           139923895 

[P]Get Hit Rate:          76.2746 %
[P]ACC Hit Rate:          80.8832 %

[P]total cuckoo num:      732649 
[P]total cuckoo path:     1102998 
[P]total cp perset:       0.006694 / set
[P]total cp percuckoo:    1.505493 / cuckoo num

[P]cuckoo path / s:       46392.431 / s
[P]cp per set * s:        0.023578 / set * s

[P]break loop / s:        0 / s
[P]break / set :          0 %

[P]Throughput:            3513082.824 ops
[P]all request:           303880948 o

[P]GetThroughput:         1579038.725 ops
[P]SetThroughput:         1934045.428 ops

[P]Valid Entries:         24496.192 / s
[P]set success:           1967601.583 / s

[P]expire scan persec:    9193430.670 / s
[P]total expire scan:     638796836
[P]expire hit persec:     1863844.012 / s
[P]total expire hit:      68651626

[P]expire hit rate:       20.273651 %
[P]total expire hit rate: 10.747020 %

[P]get found:             1204406.090 / s

----------------------------------

[INFO]Current Time:       70.15 s

[P]indexs Load Factor:    99.8923 %

[P]full bucket LFactor:   87.1233 %

[P]set request:           165436084 
[P]get request:           141151401 

[P]Get Hit Rate:          76.2512 %
[P]ACC Hit Rate:          80.8430 %

[P]total cuckoo num:      736006 
[P]total cuckoo path:     1135888 
[P]total cp perset:       0.006830 / set
[P]total cp percuckoo:    1.543314 / cuckoo num

[P]cuckoo path / s:       43810.049 / s
[P]cp per set * s:        0.021499 / set * s

[P]break loop / s:        0 / s
[P]break / set :          0 %

[P]Throughput:            3605154.084 ops
[P]all request:           306587485 o

[P]GetThroughput:         1635059.217 ops
[P]SetThroughput:         1970094.867 ops

[P]Valid Entries:         22496.440 / s
[P]set success:           2037811.962 / s

[P]expire scan persec:    9384353.530 / s
[P]total expire scan:     645842055
[P]expire hit persec:     1964199.358 / s
[P]total expire hit:      70126231

[P]expire hit rate:       20.930577 %
[P]total expire hit rate: 10.858108 %

[P]get found:             1246752.201 / s

----------------------------------

[INFO]Current Time:       70.90 s

[P]indexs Load Factor:    99.9040 %

[P]full bucket LFactor:   87.1621 %

[P]set request:           166915524 
[P]get request:           142336339 

[P]Get Hit Rate:          73.2859 %
[P]ACC Hit Rate:          80.7800 %

[P]total cuckoo num:      739046 
[P]total cuckoo path:     1165662 
[P]total cp perset:       0.006947 / set
[P]total cp percuckoo:    1.577252 / cuckoo num

[P]cuckoo path / s:       39662.922 / s
[P]cp per set * s:        0.020130 / set * s

[P]break loop / s:        0 / s
[P]break / set :          0 %

[P]Throughput:            3549305.287 ops
[P]all request:           309251863 o

[P]GetThroughput:         1578494.759 ops
[P]SetThroughput:         1970810.528 ops

[P]Valid Entries:         20442.910 / s
[P]set success:           1970334.957 / s

[P]expire scan persec:    9136723.115 / s
[P]total expire scan:     652700773
[P]expire hit persec:     1899711.937 / s
[P]total expire hit:      71552299

[P]expire hit rate:       20.792049 %
[P]total expire hit rate: 10.962496 %

[P]get found:             1156814.786 / s

----------------------------------

[INFO]Current Time:       71.65 s

[P]indexs Load Factor:    99.9145 %

[P]full bucket LFactor:   87.1975 %

[P]set request:           168430494 
[P]get request:           143572410 

[P]Get Hit Rate:          73.5332 %
[P]ACC Hit Rate:          80.7176 %

[P]total cuckoo num:      741851 
[P]total cuckoo path:     1193324 
[P]total cp perset:       0.007047 / set
[P]total cp percuckoo:    1.608576 / cuckoo num

[P]cuckoo path / s:       36877.110 / s
[P]cp per set * s:        0.017946 / set * s

[P]break loop / s:        0 / s
[P]break / set :          0 %

[P]Throughput:            3667502.045 ops
[P]all request:           312002904 o

[P]GetThroughput:         1647846.368 ops
[P]SetThroughput:         2019655.677 ops

[P]Valid Entries:         18463.885 / s
[P]set success:           2054883.702 / s

[P]expire scan persec:    9300899.869 / s
[P]total expire scan:     659677499
[P]expire hit persec:     1917384.421 / s
[P]total expire hit:      72990554

[P]expire hit rate:       20.615042 %
[P]total expire hit rate: 11.064581 %

[P]get found:             1211714.751 / s

----------------------------------

[INFO]Current Time:       72.40 s

[P]indexs Load Factor:    99.9238 %

[P]full bucket LFactor:   87.2288 %

[P]set request:           169961209 
[P]get request:           144799020 

[P]Get Hit Rate:          77.4655 %
[P]ACC Hit Rate:          80.6901 %

[P]total cuckoo num:      744470 
[P]total cuckoo path:     1219182 
[P]total cp perset:       0.007135 / set
[P]total cp percuckoo:    1.637651 / cuckoo num

[P]cuckoo path / s:       34411.032 / s
[P]cp per set * s:        0.016877 / set * s

[P]break loop / s:        0 / s
[P]break / set :          0 %

[P]Throughput:            3669363.424 ops
[P]all request:           314760229 o

[P]GetThroughput:         1632334.915 ops
[P]SetThroughput:         2037028.509 ops

[P]Valid Entries:         16810.278 / s
[P]set success:           2038966.109 / s

[P]expire scan persec:    9295709.584 / s
[P]total expire scan:     666662714
[P]expire hit persec:     1975182.337 / s
[P]total expire hit:      74474795

[P]expire hit rate:       21.248322 %
[P]total expire hit rate: 11.171285 %

[P]get found:             1264496.976 / s

----------------------------------
[INFO]End rx_queue_3:932957

[INFO]Current Time:       73.15 s

[P]indexs Load Factor:    99.9282 %

[P]full bucket LFactor:   87.2443 %

[P]set request:           171118313 
[P]get request:           145747522 

[P]Get Hit Rate:          77.2655 %
[P]ACC Hit Rate:          80.6678 %

[P]total cuckoo num:      746639 
[P]total cuckoo path:     1240658 
[P]total cp perset:       0.007212 / set
[P]total cp percuckoo:    1.661657 / cuckoo num

[P]cuckoo path / s:       28676.491 / s
[P]cp per set * s:        0.018356 / set * s

[P]break loop / s:        0 / s
[P]break / set :          0 %

[P]Throughput:            2811575.310 ops
[P]all request:           316865835 o

[P]GetThroughput:         1266516.530 ops
[P]SetThroughput:         1545058.780 ops

[P]Valid Entries:         12228.502 / s
[P]set success:           1562257.197 / s

[P]expire scan persec:    7486982.325 / s
[P]total expire scan:     672269761
[P]expire hit persec:     1527286.192 / s
[P]total expire hit:      75618589

[P]expire hit rate:       20.399223 %
[P]total expire hit rate: 11.248251 %

[P]get found:             978580.579 / s

----------------------------------
[INFO]End rx_queue_0:1716084

[INFO]Current Time:       73.89 s

[P]indexs Load Factor:    99.9288 %

[P]full bucket LFactor:   87.2463 %

[P]set request:           171489832 
[P]get request:           146049925 

[P]Get Hit Rate:          77.1431 %
[P]ACC Hit Rate:          80.6605 %

[P]total cuckoo num:      747227 
[P]total cuckoo path:     1246492 
[P]total cp perset:       0.007230 / set
[P]total cp percuckoo:    1.668157 / cuckoo num

[P]cuckoo path / s:       7850.314 / s
[P]cp per set * s:        0.015703 / set * s

[P]break loop / s:        0 / s
[P]break / set :          0 %

[P]Throughput:            906839.082 ops
[P]all request:           317539757 o

[P]GetThroughput:         406917.802 ops
[P]SetThroughput:         499921.280 ops

[P]Valid Entries:         3460.920 / s
[P]set success:           499922.625 / s

[P]expire scan persec:    2401948.441 / s
[P]total expire scan:     674054781
[P]expire hit persec:     490239.585 / s
[P]total expire hit:      75982913

[P]expire hit rate:       20.410079 %
[P]total expire hit rate: 11.272513 %

[P]get found:             313908.941 / s

----------------------------------
[INFO]End rx_queue_2:1709536
Finish the job......

Total Index Entries:      94292542

indexs Load Factor:     99.928785 %

log_0 Load Factor:      1717986918368.211670 %

log_1 Load Factor:      1717986918381.486816 %

log_2 Load Factor:      1717986918365.074463 %

log_3 Load Factor:      5.241785 %

Get Hit Rate:           80.660515%

Max Throughput:         5697404.53

Calc Load Factor:       99.928785%

set request:              52743671 | set_success:              52743671
set_fail:                        0 | set_key_duplicate:         1420594 | set_mica_evicted:                0
set_random:                      0 | set_cuckoo_evicted:         251991 | set_expire_evicted:       23200608

get request:              44618158
get_found:                36492645 | get_notfound:              8125513 | get_hit_ratio:          81.788775%

clean up:                        0 | test_notfound:                   0
move_to_head_performed:    4286718 | move_to_head_skipped:     32205926 | move_to_head_failed:             1


set request:              50222031 | set_success:              50222031
set_fail:                        0 | set_key_duplicate:         1124018 | set_mica_evicted:                0
set_random:                      0 | set_cuckoo_evicted:         225648 | set_expire_evicted:       19952801

get request:              43302922
get_found:                36383813 | get_notfound:              6919109 | get_hit_ratio:          84.021612%

clean up:                        0 | test_notfound:                   0
move_to_head_performed:    3471761 | move_to_head_skipped:     32912052 | move_to_head_failed:             0


set request:              53252976 | set_success:              53252976
set_fail:                        0 | set_key_duplicate:         1550984 | set_mica_evicted:                0
set_random:                      0 | set_cuckoo_evicted:         248507 | set_expire_evicted:       23896245

get request:              44447910
get_found:                35642844 | get_notfound:              8805066 | get_hit_ratio:          80.190146%

clean up:                        0 | test_notfound:                   0
move_to_head_performed:    4663508 | move_to_head_skipped:     30979336 | move_to_head_failed:             0


set request:              29842030 | set_success:              29842030
set_fail:                        0 | set_key_duplicate:          495450 | set_mica_evicted:                0
set_random:                      0 | set_cuckoo_evicted:          21081 | set_expire_evicted:       13740155

get request:              24256856
get_found:                18671682 | get_notfound:              5585174 | get_hit_ratio:          76.974864%

clean up:                        0 | test_notfound:                   0
move_to_head_performed:    1924651 | move_to_head_skipped:     16747031 | move_to_head_failed:             0


[INFO] Everything works fine.
deleting piekv......
