EAL: Detected 44 lcore(s)
EAL: Detected 1 NUMA nodes
EAL: Multi-process socket /var/run/dpdk/rte/mp_socket
EAL: Selected IOVA mode 'PA'
EAL: No available hugepages reported in hugepages-1048576kB
[INFO] 单个Log Size为:1 GB
[INFO] 运行proto
[INFO] 运行cleanup
[INFO] 运行reload
[INFO] reload kv size 8
EAL: Probing VFIO support...
EAL: VFIO support initialized
EAL: PCI device 0000:03:00.0 on NUMA socket 0
EAL:   probe driver: 15b3:1017 net_mlx5
WEN: There are 1 device(s) available
starting port 0...
querying port 0...
port 0: 100 Gbps (full-duplex)
Adding UDP filter for each endpoint.
port_id/queue_id/udp_port = 0 0 0
Flow is created with src_port = 0, dst_port = 0
port_id/queue_id/udp_port = 0 1 1
Flow is created with src_port = 0, dst_port = 1
port_id/queue_id/udp_port = 0 2 2
Flow is created with src_port = 0, dst_port = 2
port_id/queue_id/udp_port = 0 3 3
Flow is created with src_port = 0, dst_port = 3
MEM: Initializing pages...
 == [STAT] Workers Start (4 threads in total) == 
trigger:100.000000 

[INFO]Current Time:       6.39 s

[P]indexs Load Factor:    0.0812 %

[P]full bucket LFactor:   0.0000 %

[P]set request:           64886 
[P]get request:           43063 

[P]Get Hit Rate:          47.7951 %
[P]ACC Hit Rate:          47.7951 %

[P]total cuckoo num:      0 
[P]total cuckoo path:     0 
[P]total cp perset:       0.000000 / set
[P]total cp percuckoo:    -nan / cuckoo num

[P]cuckoo path / s:       0 / s
[P]cp per set * s:        0 / set * s

[P]break loop / s:        0 / s
[P]break / set :          0 %

[P]Throughput:            152394.963 ops
[P]all request:           107949 o

[P]GetThroughput:         60793.378 ops
[P]SetThroughput:         91601.586 ops

[P]Valid Entries:         88492.954 / s
[P]set success:           91370.062 / s

[P]get found:             29056.250 / s

----------------------------------

[INFO]Current Time:       7.12 s

[P]indexs Load Factor:    0.2543 %

[P]full bucket LFactor:   0.0000 %

[P]set request:           192396 
[P]get request:           132578 

[P]Get Hit Rate:          55.1662 %
[P]ACC Hit Rate:          52.7720 %

[P]total cuckoo num:      0 
[P]total cuckoo path:     0 
[P]total cp perset:       0.000000 / set
[P]total cp percuckoo:    -nan / cuckoo num

[P]cuckoo path / s:       0 / s
[P]cp per set * s:        0 / set * s

[P]break loop / s:        0 / s
[P]break / set :          0 %

[P]Throughput:            297874.825 ops
[P]all request:           324974 o

[P]GetThroughput:         122862.642 ops
[P]SetThroughput:         175012.182 ops

[P]Valid Entries:         174806.302 / s
[P]set success:           175920.802 / s

[P]get found:             67778.618 / s

----------------------------------

[INFO]Current Time:       7.85 s

[P]indexs Load Factor:    2.4160 %

[P]full bucket LFactor:   0.0000 %

[P]set request:           1685615 
[P]get request:           1231861 

[P]Get Hit Rate:          61.8895 %
[P]ACC Hit Rate:          60.9083 %

[P]total cuckoo num:      0 
[P]total cuckoo path:     0 
[P]total cp perset:       0.000000 / set
[P]total cp percuckoo:    -nan / cuckoo num

[P]cuckoo path / s:       0 / s
[P]cp per set * s:        0 / set * s

[P]break loop / s:        0 / s
[P]break / set :          0 %

[P]Throughput:            3554070.121 ops
[P]all request:           2917476 o

[P]GetThroughput:         1507010.936 ops
[P]SetThroughput:         2047059.185 ops

[P]Valid Entries:         2097642.783 / s
[P]set success:           2031466.529 / s

[P]get found:             932681.873 / s

----------------------------------

[INFO]Current Time:       8.59 s

[P]indexs Load Factor:    4.9990 %

[P]full bucket LFactor:   0.0004 %

[P]set request:           3910243 
[P]get request:           3029613 

[P]Get Hit Rate:          64.7456 %
[P]ACC Hit Rate:          63.1853 %

[P]total cuckoo num:      0 
[P]total cuckoo path:     0 
[P]total cp perset:       0.000000 / set
[P]total cp percuckoo:    -nan / cuckoo num

[P]cuckoo path / s:       0 / s
[P]cp per set * s:        0 / set * s

[P]break loop / s:        0 / s
[P]break / set :          0 %

[P]Throughput:            5417835.164 ops
[P]all request:           6939856 o

[P]GetThroughput:         2421433.083 ops
[P]SetThroughput:         2996402.082 ops

[P]Valid Entries:         3121247.005 / s
[P]set success:           3090516.963 / s

[P]get found:             1567770.948 / s

----------------------------------

[INFO]Current Time:       9.39 s

[P]indexs Load Factor:    7.7461 %

[P]full bucket LFactor:   0.0046 %

[P]set request:           6407767 
[P]get request:           4913783 

[P]Get Hit Rate:          73.1975 %
[P]ACC Hit Rate:          67.0244 %

[P]total cuckoo num:      0 
[P]total cuckoo path:     0 
[P]total cp perset:       0.000000 / set
[P]total cp percuckoo:    -nan / cuckoo num

[P]cuckoo path / s:       0 / s
[P]cp per set * s:        0 / set * s

[P]break loop / s:        0 / s
[P]break / set :          0 %

[P]Throughput:            5452771.289 ops
[P]all request:           11321550 o

[P]GetThroughput:         2344743.398 ops
[P]SetThroughput:         3108027.891 ops

[P]Valid Entries:         3030410.696 / s
[P]set success:           3026178.343 / s

[P]get found:             1716293.131 / s

----------------------------------

[INFO]Current Time:       10.24 s

[P]indexs Load Factor:    10.5232 %

[P]full bucket LFactor:   0.0238 %

[P]set request:           8974953 
[P]get request:           7004906 

[P]Get Hit Rate:          73.7052 %
[P]ACC Hit Rate:          69.0188 %

[P]total cuckoo num:      0 
[P]total cuckoo path:     0 
[P]total cp perset:       0.000000 / set
[P]total cp percuckoo:    -nan / cuckoo num

[P]cuckoo path / s:       0 / s
[P]cp per set * s:        0 / set * s

[P]break loop / s:        0 / s
[P]break / set :          0 %

[P]Throughput:            5536424.755 ops
[P]all request:           15979859 o

[P]GetThroughput:         2485310.687 ops
[P]SetThroughput:         3051114.067 ops

[P]Valid Entries:         3007072.816 / s
[P]set success:           3071811.887 / s

[P]get found:             1831803.938 / s

----------------------------------

[INFO]Current Time:       11.11 s

[P]indexs Load Factor:    13.3554 %

[P]full bucket LFactor:   0.0809 %

[P]set request:           11613602 
[P]get request:           9152296 

[P]Get Hit Rate:          77.3685 %
[P]ACC Hit Rate:          70.9779 %

[P]total cuckoo num:      0 
[P]total cuckoo path:     0 
[P]total cp perset:       0.000000 / set
[P]total cp percuckoo:    -nan / cuckoo num

[P]cuckoo path / s:       0 / s
[P]cp per set * s:        0 / set * s

[P]break loop / s:        0 / s
[P]break / set :          0 %

[P]Throughput:            5506852.675 ops
[P]all request:           20765898 o

[P]GetThroughput:         2470803.177 ops
[P]SetThroughput:         3036049.498 ops

[P]Valid Entries:         2975274.407 / s
[P]set success:           2949168.272 / s

[P]get found:             1911622.859 / s

----------------------------------

[INFO]Current Time:       12.00 s

[P]indexs Load Factor:    16.1724 %

[P]full bucket LFactor:   0.2067 %

[P]set request:           14215601 
[P]get request:           11231259 

[P]Get Hit Rate:          81.9495 %
[P]ACC Hit Rate:          73.0088 %

[P]total cuckoo num:      4 
[P]total cuckoo path:     0 
[P]total cp perset:       0.000000 / set
[P]total cp percuckoo:    0.000000 / cuckoo num

[P]cuckoo path / s:       0 / s
[P]cp per set * s:        0 / set * s

[P]break loop / s:        0 / s
[P]break / set :          0 %

[P]Throughput:            5249998.567 ops
[P]all request:           25446860 o

[P]GetThroughput:         2331690.104 ops
[P]SetThroughput:         2918308.463 ops

[P]Valid Entries:         2897533.733 / s
[P]set success:           2931124.575 / s

[P]get found:             1910807.502 / s

----------------------------------

[INFO]Current Time:       12.91 s

[P]indexs Load Factor:    18.9797 %

[P]full bucket LFactor:   0.4374 %

[P]set request:           16836413 
[P]get request:           13493015 

[P]Get Hit Rate:          77.1597 %
[P]ACC Hit Rate:          73.7046 %

[P]total cuckoo num:      28 
[P]total cuckoo path:     2 
[P]total cp perset:       0.000000 / set
[P]total cp percuckoo:    0.071429 / cuckoo num

[P]cuckoo path / s:       2.201 / s
[P]cp per set * s:        0.000001 / set * s

[P]break loop / s:        0 / s
[P]break / set :          0 %

[P]Throughput:            5372319.180 ops
[P]all request:           30329428 o

[P]GetThroughput:         2488623.843 ops
[P]SetThroughput:         2883695.337 ops

[P]Valid Entries:         2856096.360 / s
[P]set success:           2938931.802 / s

[P]get found:             1920214.533 / s

----------------------------------

[INFO]Current Time:       13.82 s

[P]indexs Load Factor:    21.7573 %

[P]full bucket LFactor:   0.8008 %

[P]set request:           19494219 
[P]get request:           15687130 

[P]Get Hit Rate:          82.7006 %
[P]ACC Hit Rate:          74.9628 %

[P]total cuckoo num:      153 
[P]total cuckoo path:     2 
[P]total cp perset:       0.000000 / set
[P]total cp percuckoo:    0.013072 / cuckoo num

[P]cuckoo path / s:       0 / s
[P]cp per set * s:        0 / set * s

[P]break loop / s:        0 / s
[P]break / set :          0 %

[P]Throughput:            5280008.795 ops
[P]all request:           35181349 o

[P]GetThroughput:         2387703.035 ops
[P]SetThroughput:         2892305.760 ops

[P]Valid Entries:         2766542.217 / s
[P]set success:           2807283.393 / s

[P]get found:             1974644.443 / s

----------------------------------

[INFO]Current Time:       14.76 s

[P]indexs Load Factor:    24.5779 %

[P]full bucket LFactor:   1.3359 %

[P]set request:           22161501 
[P]get request:           17881376 

[P]Get Hit Rate:          86.2894 %
[P]ACC Hit Rate:          76.3527 %

[P]total cuckoo num:      534 
[P]total cuckoo path:     6 
[P]total cp perset:       0.000000 / set
[P]total cp percuckoo:    0.011236 / cuckoo num

[P]cuckoo path / s:       4.291 / s
[P]cp per set * s:        0.000002 / set * s

[P]break loop / s:        0 / s
[P]break / set :          0 %

[P]Throughput:            5215419.683 ops
[P]all request:           40042877 o

[P]GetThroughput:         2353974.672 ops
[P]SetThroughput:         2861445.012 ops

[P]Valid Entries:         2777701.613 / s
[P]set success:           2778104.984 / s

[P]get found:             2031230.934 / s

----------------------------------

[INFO]Current Time:       15.70 s

[P]indexs Load Factor:    27.3891 %

[P]full bucket LFactor:   2.0697 %

[P]set request:           24731402 
[P]get request:           20230139 

[P]Get Hit Rate:          80.7187 %
[P]ACC Hit Rate:          76.8596 %

[P]total cuckoo num:      1466 
[P]total cuckoo path:     25 
[P]total cp perset:       0.000001 / set
[P]total cp percuckoo:    0.017053 / cuckoo num

[P]cuckoo path / s:       20.246 / s
[P]cp per set * s:        0.000007 / set * s

[P]break loop / s:        0 / s
[P]break / set :          0 %

[P]Throughput:            5241264.570 ops
[P]all request:           44961541 o

[P]GetThroughput:         2502811.393 ops
[P]SetThroughput:         2738453.178 ops

[P]Valid Entries:         2782785.860 / s
[P]set success:           2837080.716 / s

[P]get found:             2020236.862 / s

----------------------------------

[INFO]Current Time:       16.64 s

[P]indexs Load Factor:    30.2045 %

[P]full bucket LFactor:   3.0028 %

[P]set request:           27354353 
[P]get request:           22571435 

[P]Get Hit Rate:          84.0063 %
[P]ACC Hit Rate:          77.6009 %

[P]total cuckoo num:      3604 
[P]total cuckoo path:     91 
[P]total cp perset:       0.000003 / set
[P]total cp percuckoo:    0.025250 / cuckoo num

[P]cuckoo path / s:       69.792 / s
[P]cp per set * s:        0.000026 / set * s

[P]break loop / s:        0 / s
[P]break / set :          0 %

[P]Throughput:            5249499.179 ops
[P]all request:           49925788 o

[P]GetThroughput:         2475829.956 ops
[P]SetThroughput:         2773669.223 ops

[P]Valid Entries:         2728655.210 / s
[P]set success:           2735481.123 / s

[P]get found:             2079854.048 / s

----------------------------------

[INFO]Current Time:       17.59 s

[P]indexs Load Factor:    32.9204 %

[P]full bucket LFactor:   4.1131 %

[P]set request:           30009440 
[P]get request:           24881560 

[P]Get Hit Rate:          84.7810 %
[P]ACC Hit Rate:          78.2676 %

[P]total cuckoo num:      7717 
[P]total cuckoo path:     210 
[P]total cp perset:       0.000007 / set
[P]total cp percuckoo:    0.027213 / cuckoo num

[P]cuckoo path / s:       124.970 / s
[P]cp per set * s:        0.000046 / set * s

[P]break loop / s:        0 / s
[P]break / set :          0 %

[P]Throughput:            5214293.972 ops
[P]all request:           54891000 o

[P]GetThroughput:         2426013.403 ops
[P]SetThroughput:         2788280.569 ops

[P]Valid Entries:         2654885.406 / s
[P]set success:           2702640.628 / s

[P]get found:             2056798.343 / s

----------------------------------

[INFO]Current Time:       18.55 s

[P]indexs Load Factor:    35.6795 %

[P]full bucket LFactor:   5.4387 %

[P]set request:           32598906 
[P]get request:           27184362 

[P]Get Hit Rate:          84.0528 %
[P]ACC Hit Rate:          78.7576 %

[P]total cuckoo num:      15053 
[P]total cuckoo path:     560 
[P]total cp perset:       0.000017 / set
[P]total cp percuckoo:    0.037202 / cuckoo num

[P]cuckoo path / s:       366.946 / s
[P]cp per set * s:        0.000135 / set * s

[P]break loop / s:        0 / s
[P]break / set :          0 %

[P]Throughput:            5129132.384 ops
[P]all request:           59783269 o

[P]GetThroughput:         2414294.127 ops
[P]SetThroughput:         2714837.209 ops

[P]Valid Entries:         2661435.099 / s
[P]set success:           2712354.560 / s

[P]get found:             2029282.275 / s

----------------------------------

[INFO]Current Time:       19.51 s

[P]indexs Load Factor:    38.4170 %

[P]full bucket LFactor:   6.9653 %

[P]set request:           35282934 
[P]get request:           29548378 

[P]Get Hit Rate:          86.1630 %
[P]ACC Hit Rate:          79.3501 %

[P]total cuckoo num:      27734 
[P]total cuckoo path:     1264 
[P]total cp perset:       0.000036 / set
[P]total cp percuckoo:    0.045576 / cuckoo num

[P]cuckoo path / s:       733.127 / s
[P]cp per set * s:        0.000266 / set * s

[P]break loop / s:        0 / s
[P]break / set :          0 %

[P]Throughput:            5256898.711 ops
[P]all request:           64831312 o

[P]GetThroughput:         2461823.852 ops
[P]SetThroughput:         2795075.900 ops

[P]Valid Entries:         2656884.582 / s
[P]set success:           2753816.678 / s

[P]get found:             2121180.134 / s

----------------------------------

[INFO]Current Time:       20.46 s

[P]indexs Load Factor:    41.0855 %

[P]full bucket LFactor:   8.6332 %

[P]set request:           37842330 
[P]get request:           31850516 

[P]Get Hit Rate:          86.7637 %
[P]ACC Hit Rate:          79.8859 %

[P]total cuckoo num:      47590 
[P]total cuckoo path:     2592 
[P]total cp perset:       0.000069 / set
[P]total cp percuckoo:    0.054465 / cuckoo num

[P]cuckoo path / s:       1396.651 / s
[P]cp per set * s:        0.000544 / set * s

[P]break loop / s:        0 / s
[P]break / set :          0 %

[P]Throughput:            5112851.314 ops
[P]all request:           69692846 o

[P]GetThroughput:         2421147.173 ops
[P]SetThroughput:         2691704.142 ops

[P]Valid Entries:         2598713.264 / s
[P]set success:           2568052.146 / s

[P]get found:             2100676.756 / s

----------------------------------

[INFO]Current Time:       21.41 s

[P]indexs Load Factor:    43.7414 %

[P]full bucket LFactor:   10.4708 %

[P]set request:           40421769 
[P]get request:           34109148 

[P]Get Hit Rate:          87.2525 %
[P]ACC Hit Rate:          80.3737 %

[P]total cuckoo num:      76734 
[P]total cuckoo path:     5048 
[P]total cp perset:       0.000126 / set
[P]total cp percuckoo:    0.065786 / cuckoo num

[P]cuckoo path / s:       2569.825 / s
[P]cp per set * s:        0.000966 / set * s

[P]break loop / s:        0 / s
[P]break / set :          0 %

[P]Throughput:            5062294.855 ops
[P]all request:           74530917 o

[P]GetThroughput:         2363309.913 ops
[P]SetThroughput:         2698984.942 ops

[P]Valid Entries:         2563729.064 / s
[P]set success:           2661123.969 / s

[P]get found:             2062047.101 / s

----------------------------------

[INFO]Current Time:       22.37 s

[P]indexs Load Factor:    46.3531 %

[P]full bucket LFactor:   12.4255 %

[P]set request:           42975436 
[P]get request:           36390356 

[P]Get Hit Rate:          86.3452 %
[P]ACC Hit Rate:          80.7481 %

[P]total cuckoo num:      118615 
[P]total cuckoo path:     9319 
[P]total cp perset:       0.000219 / set
[P]total cp percuckoo:    0.078565 / cuckoo num

[P]cuckoo path / s:       4470.136 / s
[P]cp per set * s:        0.001696 / set * s

[P]break loop / s:        0 / s
[P]break / set :          0 %

[P]Throughput:            5060301.486 ops
[P]all request:           79365792 o

[P]GetThroughput:         2387569.530 ops
[P]SetThroughput:         2672731.956 ops

[P]Valid Entries:         2538289.823 / s
[P]set success:           2635510.828 / s

[P]get found:             2061552.094 / s

----------------------------------

[INFO]Current Time:       23.32 s

[P]indexs Load Factor:    48.9672 %

[P]full bucket LFactor:   14.5366 %

[P]set request:           45460137 
[P]get request:           38685900 

[P]Get Hit Rate:          88.2282 %
[P]ACC Hit Rate:          81.1919 %

[P]total cuckoo num:      176735 
[P]total cuckoo path:     16520 
[P]total cp perset:       0.000367 / set
[P]total cp percuckoo:    0.093473 / cuckoo num

[P]cuckoo path / s:       7563.393 / s
[P]cp per set * s:        0.002895 / set * s

[P]break loop / s:        0 / s
[P]break / set :          0 %

[P]Throughput:            5020812.344 ops
[P]all request:           84146037 o

[P]GetThroughput:         2411067.979 ops
[P]SetThroughput:         2609744.365 ops

[P]Valid Entries:         2553098.220 / s
[P]set success:           2612731.490 / s

[P]get found:             2127242.770 / s

----------------------------------

[INFO]Current Time:       24.28 s

[P]indexs Load Factor:    51.5464 %

[P]full bucket LFactor:   16.7577 %

[P]set request:           47982236 
[P]get request:           40857795 

[P]Get Hit Rate:          94.1811 %
[P]ACC Hit Rate:          81.8824 %

[P]total cuckoo num:      255199 
[P]total cuckoo path:     27900 
[P]total cp perset:       0.000587 / set
[P]total cp percuckoo:    0.109326 / cuckoo num

[P]cuckoo path / s:       11877.230 / s
[P]cp per set * s:        0.004567 / set * s

[P]break loop / s:        0 / s
[P]break / set :          0 %

[P]Throughput:            4899090.283 ops
[P]all request:           88840031 o

[P]GetThroughput:         2266792.350 ops
[P]SetThroughput:         2632297.933 ops

[P]Valid Entries:         2539697.285 / s
[P]set success:           2600521.646 / s

[P]get found:             2134890.386 / s

----------------------------------

[INFO]Current Time:       25.23 s

[P]indexs Load Factor:    54.0323 %

[P]full bucket LFactor:   19.0138 %

[P]set request:           50385621 
[P]get request:           43064115 

[P]Get Hit Rate:          90.3167 %
[P]ACC Hit Rate:          82.3145 %

[P]total cuckoo num:      355048 
[P]total cuckoo path:     45055 
[P]total cp perset:       0.000902 / set
[P]total cp percuckoo:    0.126898 / cuckoo num

[P]cuckoo path / s:       17974.189 / s
[P]cp per set * s:        0.007086 / set * s

[P]break loop / s:        0 / s
[P]break / set :          0 %

[P]Throughput:            4829828.577 ops
[P]all request:           93449736 o

[P]GetThroughput:         2311676.645 ops
[P]SetThroughput:         2518151.933 ops

[P]Valid Entries:         2472301.249 / s
[P]set success:           2536480.262 / s

[P]get found:             2087829.625 / s

----------------------------------

[INFO]Current Time:       26.18 s

[P]indexs Load Factor:    56.3567 %

[P]full bucket LFactor:   21.2322 %

[P]set request:           52691694 
[P]get request:           45140081 

[P]Get Hit Rate:          86.9244 %
[P]ACC Hit Rate:          82.5265 %

[P]total cuckoo num:      473070 
[P]total cuckoo path:     69732 
[P]total cp perset:       0.001334 / set
[P]total cp percuckoo:    0.147403 / cuckoo num

[P]cuckoo path / s:       25983.150 / s
[P]cp per set * s:        0.010745 / set * s

[P]break loop / s:        0 / s
[P]break / set :          0 %

[P]Throughput:            4613979.733 ops
[P]all request:           97831775 o

[P]GetThroughput:         2185846.600 ops
[P]SetThroughput:         2428133.133 ops

[P]Valid Entries:         2319680.304 / s
[P]set success:           2418194.528 / s

[P]get found:             1900033.000 / s

----------------------------------

[INFO]Current Time:       27.13 s

[P]indexs Load Factor:    58.6497 %

[P]full bucket LFactor:   23.4939 %

[P]set request:           54915491 
[P]get request:           47161667 

[P]Get Hit Rate:          88.9617 %
[P]ACC Hit Rate:          82.8024 %

[P]total cuckoo num:      619019 
[P]total cuckoo path:     105635 
[P]total cp perset:       0.001937 / set
[P]total cp percuckoo:    0.170649 / cuckoo num

[P]cuckoo path / s:       37945.733 / s
[P]cp per set * s:        0.015711 / set * s

[P]break loop / s:        0 / s
[P]break / set :          0 %

[P]Throughput:            4486927.820 ops
[P]all request:           102077158 o

[P]GetThroughput:         2136605.923 ops
[P]SetThroughput:         2350321.897 ops

[P]Valid Entries:         2320615.724 / s
[P]set success:           2415275.547 / s

[P]get found:             1900760.664 / s

----------------------------------

[INFO]Current Time:       28.07 s

[P]indexs Load Factor:    60.8209 %

[P]full bucket LFactor:   25.7141 %

[P]set request:           57094474 
[P]get request:           49104386 

[P]Get Hit Rate:          87.0817 %
[P]ACC Hit Rate:          82.9717 %

[P]total cuckoo num:      788180 
[P]total cuckoo path:     153072 
[P]total cp perset:       0.002699 / set
[P]total cp percuckoo:    0.194209 / cuckoo num

[P]cuckoo path / s:       50244.448 / s
[P]cp per set * s:        0.021820 / set * s

[P]break loop / s:        0 / s
[P]break / set :          0 %

[P]Throughput:            4365635.268 ops
[P]all request:           106198860 o

[P]GetThroughput:         2057694.269 ops
[P]SetThroughput:         2307940.999 ops

[P]Valid Entries:         2215489.182 / s
[P]set success:           2302669.447 / s

[P]get found:             1791874.375 / s

----------------------------------

[INFO]Current Time:       29.01 s

[P]indexs Load Factor:    62.8440 %

[P]full bucket LFactor:   27.8512 %

[P]set request:           59114717 
[P]get request:           50926870 

[P]Get Hit Rate:          85.3161 %
[P]ACC Hit Rate:          83.0556 %

[P]total cuckoo num:      978100 
[P]total cuckoo path:     213864 
[P]total cp perset:       0.003639 / set
[P]total cp percuckoo:    0.218652 / cuckoo num

[P]cuckoo path / s:       64936.371 / s
[P]cp per set * s:        0.029697 / set * s

[P]break loop / s:        0 / s
[P]break / set :          0 %

[P]Throughput:            4104697.106 ops
[P]all request:           110041587 o

[P]GetThroughput:         1946728.144 ops
[P]SetThroughput:         2157968.962 ops

[P]Valid Entries:         2106677.432 / s
[P]set success:           2186628.043 / s

[P]get found:             1660873.308 / s

----------------------------------

[INFO]Current Time:       29.94 s

[P]indexs Load Factor:    64.7609 %

[P]full bucket LFactor:   29.9132 %

[P]set request:           61010228 
[P]get request:           52630199 

[P]Get Hit Rate:          86.2356 %
[P]ACC Hit Rate:          83.1585 %

[P]total cuckoo num:      1185377 
[P]total cuckoo path:     287405 
[P]total cp perset:       0.004738 / set
[P]total cp percuckoo:    0.242459 / cuckoo num

[P]cuckoo path / s:       78799.459 / s
[P]cp per set * s:        0.038848 / set * s

[P]break loop / s:        0 / s
[P]break / set :          0 %

[P]Throughput:            3856170.627 ops
[P]all request:           113640427 o

[P]GetThroughput:         1825123.445 ops
[P]SetThroughput:         2031047.182 ops

[P]Valid Entries:         1987066.238 / s
[P]set success:           2028419.855 / s

[P]get found:             1573906.171 / s

----------------------------------

[INFO]Current Time:       30.87 s

[P]indexs Load Factor:    66.5211 %

[P]full bucket LFactor:   31.8606 %

[P]set request:           62748155 
[P]get request:           54213548 

[P]Get Hit Rate:          85.9085 %
[P]ACC Hit Rate:          83.2388 %

[P]total cuckoo num:      1406881 
[P]total cuckoo path:     373957 
[P]total cp perset:       0.005991 / set
[P]total cp percuckoo:    0.265806 / cuckoo num

[P]cuckoo path / s:       93243.624 / s
[P]cp per set * s:        0.049082 / set * s

[P]break loop / s:        0 / s
[P]break / set :          0 %

[P]Throughput:            3578054.918 ops
[P]all request:           116961703 o

[P]GetThroughput:         1705762.989 ops
[P]SetThroughput:         1872291.929 ops

[P]Valid Entries:         1864225.007 / s
[P]set success:           1899749.414 / s

[P]get found:             1465396.070 / s

----------------------------------

[INFO]Current Time:       31.79 s

[P]indexs Load Factor:    68.2242 %

[P]full bucket LFactor:   33.7778 %

[P]set request:           64465385 
[P]get request:           55725650 

[P]Get Hit Rate:          85.6358 %
[P]ACC Hit Rate:          83.3039 %

[P]total cuckoo num:      1646177 
[P]total cuckoo path:     477294 
[P]total cp perset:       0.007442 / set
[P]total cp percuckoo:    0.289941 / cuckoo num

[P]cuckoo path / s:       112158.246 / s
[P]cp per set * s:        0.060241 / set * s

[P]break loop / s:        0 / s
[P]break / set :          0 %

[P]Throughput:            3505000.263 ops
[P]all request:           120191035 o

[P]GetThroughput:         1641180.872 ops
[P]SetThroughput:         1863819.391 ops

[P]Valid Entries:         1772411.131 / s
[P]set success:           1861828.833 / s

[P]get found:             1405437.669 / s

----------------------------------

[INFO]Current Time:       32.71 s

[P]indexs Load Factor:    69.8341 %

[P]full bucket LFactor:   35.6348 %

[P]set request:           66102731 
[P]get request:           57164270 

[P]Get Hit Rate:          85.4666 %
[P]ACC Hit Rate:          83.3583 %

[P]total cuckoo num:      1901103 
[P]total cuckoo path:     598205 
[P]total cp perset:       0.009102 / set
[P]total cp percuckoo:    0.314662 / cuckoo num

[P]cuckoo path / s:       131730.969 / s
[P]cp per set * s:        0.076286 / set * s

[P]break loop / s:        0 / s
[P]break / set :          0 %

[P]Throughput:            3351225.142 ops
[P]all request:           123267001 o

[P]GetThroughput:         1567357.869 ops
[P]SetThroughput:         1783867.273 ops

[P]Valid Entries:         1724421.591 / s
[P]set success:           1726815.194 / s

[P]get found:             1339567.915 / s

----------------------------------

[INFO]Current Time:       33.63 s

[P]indexs Load Factor:    71.3252 %

[P]full bucket LFactor:   37.3883 %

[P]set request:           67600578 
[P]get request:           58497002 

[P]Get Hit Rate:          86.5742 %
[P]ACC Hit Rate:          83.4315 %

[P]total cuckoo num:      2167051 
[P]total cuckoo path:     735159 
[P]total cp perset:       0.010930 / set
[P]total cp percuckoo:    0.339244 / cuckoo num

[P]cuckoo path / s:       149582.031 / s
[P]cp per set * s:        0.088815 / set * s

[P]break loop / s:        0 / s
[P]break / set :          0 %

[P]Throughput:            3091576.408 ops
[P]all request:           126097580 o

[P]GetThroughput:         1455618.377 ops
[P]SetThroughput:         1635958.031 ops

[P]Valid Entries:         1632021.720 / s
[P]set success:           1684197.510 / s

[P]get found:             1260189.892 / s

----------------------------------

[INFO]Current Time:       34.54 s

[P]indexs Load Factor:    72.7021 %

[P]full bucket LFactor:   39.0566 %

[P]set request:           69026477 
[P]get request:           59745374 

[P]Get Hit Rate:          85.0746 %
[P]ACC Hit Rate:          83.4659 %

[P]total cuckoo num:      2437400 
[P]total cuckoo path:     885953 
[P]total cp perset:       0.012903 / set
[P]total cp percuckoo:    0.363483 / cuckoo num

[P]cuckoo path / s:       165285.760 / s
[P]cp per set * s:        0.107502 / set * s

[P]break loop / s:        0 / s
[P]break / set :          0 %

[P]Throughput:            2931276.539 ops
[P]all request:           128771851 o

[P]GetThroughput:         1368344.328 ops
[P]SetThroughput:         1562932.210 ops

[P]Valid Entries:         1515044.565 / s
[P]set success:           1537517.966 / s

[P]get found:             1164112.932 / s

----------------------------------

[INFO]Current Time:       35.44 s

[P]indexs Load Factor:    73.9859 %

[P]full bucket LFactor:   40.6061 %

[P]set request:           70309195 
[P]get request:           60866040 

[P]Get Hit Rate:          84.8924 %
[P]ACC Hit Rate:          83.4921 %

[P]total cuckoo num:      2701510 
[P]total cuckoo path:     1044139 
[P]total cp perset:       0.014928 / set
[P]total cp percuckoo:    0.386502 / cuckoo num

[P]cuckoo path / s:       174999.597 / s
[P]cp per set * s:        0.123516 / set * s

[P]break loop / s:        0 / s
[P]break / set :          0 %

[P]Throughput:            2658839.794 ops
[P]all request:           131175235 o

[P]GetThroughput:         1239781.640 ops
[P]SetThroughput:         1419058.154 ops

[P]Valid Entries:         1375584.275 / s
[P]set success:           1416817.917 / s

[P]get found:             1052480.098 / s

----------------------------------

[INFO]Current Time:       36.34 s

[P]indexs Load Factor:    75.2100 %

[P]full bucket LFactor:   42.1278 %

[P]set request:           71561813 
[P]get request:           61959309 

[P]Get Hit Rate:          86.0826 %
[P]ACC Hit Rate:          83.5379 %

[P]total cuckoo num:      2983012 
[P]total cuckoo path:     1226124 
[P]total cp perset:       0.017217 / set
[P]total cp percuckoo:    0.411036 / cuckoo num

[P]cuckoo path / s:       202047.103 / s
[P]cp per set * s:        0.143132 / set * s

[P]break loop / s:        0 / s
[P]break / set :          0 %

[P]Throughput:            2604498.564 ops
[P]all request:           133521122 o

[P]GetThroughput:         1213791.432 ops
[P]SetThroughput:         1390707.132 ops

[P]Valid Entries:         1371400.051 / s
[P]set success:           1411618.510 / s

[P]get found:             1044862.801 / s

----------------------------------

[INFO]Current Time:       37.24 s

[P]indexs Load Factor:    76.3786 %

[P]full bucket LFactor:   43.6054 %

[P]set request:           72742734 
[P]get request:           62988519 

[P]Get Hit Rate:          83.2670 %
[P]ACC Hit Rate:          83.5334 %

[P]total cuckoo num:      3264825 
[P]total cuckoo path:     1420195 
[P]total cp perset:       0.019617 / set
[P]total cp percuckoo:    0.434999 / cuckoo num

[P]cuckoo path / s:       216578.218 / s
[P]cp per set * s:        0.164485 / set * s

[P]break loop / s:        0 / s
[P]break / set :          0 %

[P]Throughput:            2466449.047 ops
[P]all request:           135731253 o

[P]GetThroughput:         1148571.747 ops
[P]SetThroughput:         1317877.300 ops

[P]Valid Entries:         1280561.357 / s
[P]set success:           1316702.179 / s

[P]get found:             956380.912 / s

----------------------------------

[INFO]Current Time:       38.13 s

[P]indexs Load Factor:    77.4269 %

[P]full bucket LFactor:   44.9574 %

[P]set request:           73830352 
[P]get request:           63934814 

[P]Get Hit Rate:          84.4459 %
[P]ACC Hit Rate:          83.5469 %

[P]total cuckoo num:      3541449 
[P]total cuckoo path:     1624269 
[P]total cp perset:       0.022104 / set
[P]total cp percuckoo:    0.458645 / cuckoo num

[P]cuckoo path / s:       228333.035 / s
[P]cp per set * s:        0.187814 / set * s

[P]break loop / s:        0 / s
[P]break / set :          0 %

[P]Throughput:            2275691.798 ops
[P]all request:           137765166 o

[P]GetThroughput:         1058784.604 ops
[P]SetThroughput:         1216907.194 ops

[P]Valid Entries:         1182833.014 / s
[P]set success:           1215740.209 / s

[P]get found:             894099.819 / s

----------------------------------

[INFO]Current Time:       39.02 s

[P]indexs Load Factor:    78.4560 %

[P]full bucket LFactor:   46.3060 %

[P]set request:           74883874 
[P]get request:           64850543 

[P]Get Hit Rate:          84.4142 %
[P]ACC Hit Rate:          83.5592 %

[P]total cuckoo num:      3826898 
[P]total cuckoo path:     1847377 
[P]total cp perset:       0.024785 / set
[P]total cp percuckoo:    0.482735 / cuckoo num

[P]cuckoo path / s:       250406.008 / s
[P]cp per set * s:        0.212047 / set * s

[P]break loop / s:        0 / s
[P]break / set :          0 %

[P]Throughput:            2210195.428 ops
[P]all request:           139734417 o

[P]GetThroughput:         1027771.497 ops
[P]SetThroughput:         1182423.931 ops

[P]Valid Entries:         1149715.187 / s
[P]set success:           1180899.775 / s

[P]get found:             867584.740 / s

----------------------------------

[INFO]Current Time:       39.91 s

[P]indexs Load Factor:    79.4122 %

[P]full bucket LFactor:   47.5780 %

[P]set request:           75871996 
[P]get request:           65695058 

[P]Get Hit Rate:          85.6444 %
[P]ACC Hit Rate:          83.5860 %

[P]total cuckoo num:      4109987 
[P]total cuckoo path:     2082723 
[P]total cp perset:       0.027577 / set
[P]total cp percuckoo:    0.506747 / cuckoo num

[P]cuckoo path / s:       265183.920 / s
[P]cp per set * s:        0.238372 / set * s

[P]break loop / s:        0 / s
[P]break / set :          0 %

[P]Throughput:            2064984.593 ops
[P]all request:           141567054 o

[P]GetThroughput:         951585.319 ops
[P]SetThroughput:         1113399.274 ops

[P]Valid Entries:         1083919.245 / s
[P]set success:           1112477.566 / s

[P]get found:             814979.757 / s

----------------------------------

[INFO]Current Time:       40.79 s

[P]indexs Load Factor:    80.2804 %

[P]full bucket LFactor:   48.7579 %

[P]set request:           76774850 
[P]get request:           66478770 

[P]Get Hit Rate:          84.2599 %
[P]ACC Hit Rate:          83.5939 %

[P]total cuckoo num:      4381821 
[P]total cuckoo path:     2322115 
[P]total cp perset:       0.030384 / set
[P]total cp percuckoo:    0.529943 / cuckoo num

[P]cuckoo path / s:       272284.195 / s
[P]cp per set * s:        0.265439 / set * s

[P]break loop / s:        0 / s
[P]break / set :          0 %

[P]Throughput:            1918298.299 ops
[P]all request:           143253620 o

[P]GetThroughput:         891393.160 ops
[P]SetThroughput:         1026905.139 ops

[P]Valid Entries:         1000071.624 / s
[P]set success:           1025788.213 / s

[P]get found:             751087.045 / s

----------------------------------

[INFO]Current Time:       41.67 s

[P]indexs Load Factor:    81.1004 %

[P]full bucket LFactor:   49.8877 %

[P]set request:           77622962 
[P]get request:           67213795 

[P]Get Hit Rate:          84.0592 %
[P]ACC Hit Rate:          83.5990 %

[P]total cuckoo num:      4649969 
[P]total cuckoo path:     2572771 
[P]total cp perset:       0.033295 / set
[P]total cp percuckoo:    0.553288 / cuckoo num

[P]cuckoo path / s:       285269.836 / s
[P]cp per set * s:        0.295987 / set * s

[P]break loop / s:        0 / s
[P]break / set :          0 %

[P]Throughput:            1801757.120 ops
[P]all request:           144836757 o

[P]GetThroughput:         836526.799 ops
[P]SetThroughput:         965230.321 ops

[P]Valid Entries:         940203.656 / s
[P]set success:           963790.633 / s

[P]get found:             703177.582 / s

----------------------------------

[INFO]Current Time:       42.55 s

[P]indexs Load Factor:    81.9186 %

[P]full bucket LFactor:   51.0374 %

[P]set request:           78461079 
[P]get request:           67939714 

[P]Get Hit Rate:          84.0406 %
[P]ACC Hit Rate:          83.6037 %

[P]total cuckoo num:      4927395 
[P]total cuckoo path:     2845735 
[P]total cp perset:       0.036433 / set
[P]total cp percuckoo:    0.577533 / cuckoo num

[P]cuckoo path / s:       311768.908 / s
[P]cp per set * s:        0.326236 / set * s

[P]break loop / s:        0 / s
[P]break / set :          0 %

[P]Throughput:            1786381.341 ops
[P]all request:           146400793 o

[P]GetThroughput:         829116.565 ops
[P]SetThroughput:         957264.775 ops

[P]Valid Entries:         933158.320 / s
[P]set success:           955654.328 / s

[P]get found:             696794.898 / s

----------------------------------

[INFO]Current Time:       43.42 s

[P]indexs Load Factor:    82.6780 %

[P]full bucket LFactor:   52.1230 %

[P]set request:           79256844 
[P]get request:           68628063 

[P]Get Hit Rate:          83.9193 %
[P]ACC Hit Rate:          83.6069 %

[P]total cuckoo num:      5202427 
[P]total cuckoo path:     3132229 
[P]total cp perset:       0.039697 / set
[P]total cp percuckoo:    0.602071 / cuckoo num

[P]cuckoo path / s:       328080.554 / s
[P]cp per set * s:        0.360582 / set * s

[P]break loop / s:        0 / s
[P]break / set :          0 %

[P]Throughput:            1699543.250 ops
[P]all request:           147884907 o

[P]GetThroughput:         788267.543 ops
[P]SetThroughput:         911275.707 ops

[P]Valid Entries:         888854.682 / s
[P]set success:           909864.874 / s

[P]get found:             661508.991 / s

----------------------------------

[INFO]Current Time:       44.29 s

[P]indexs Load Factor:    83.4025 %

[P]full bucket LFactor:   53.1719 %

[P]set request:           79996145 
[P]get request:           69267480 

[P]Get Hit Rate:          83.8895 %
[P]ACC Hit Rate:          83.6095 %

[P]total cuckoo num:      5468645 
[P]total cuckoo path:     3422978 
[P]total cp perset:       0.042980 / set
[P]total cp percuckoo:    0.625928 / cuckoo num

[P]cuckoo path / s:       334849.673 / s
[P]cp per set * s:        0.393807 / set * s

[P]break loop / s:        0 / s
[P]break / set :          0 %

[P]Throughput:            1587841.304 ops
[P]all request:           149263625 o

[P]GetThroughput:         736403.473 ops
[P]SetThroughput:         851437.832 ops

[P]Valid Entries:         830919.509 / s
[P]set success:           850288.455 / s

[P]get found:             617765.509 / s

----------------------------------

[INFO]Current Time:       45.15 s

[P]indexs Load Factor:    84.0618 %

[P]full bucket LFactor:   54.1425 %

[P]set request:           80687723 
[P]get request:           69865162 

[P]Get Hit Rate:          83.8670 %
[P]ACC Hit Rate:          83.6117 %

[P]total cuckoo num:      5727522 
[P]total cuckoo path:     3720090 
[P]total cp perset:       0.046309 / set
[P]total cp percuckoo:    0.649511 / cuckoo num

[P]cuckoo path / s:       343155.575 / s
[P]cp per set * s:        0.430371 / set * s

[P]break loop / s:        0 / s
[P]break / set :          0 %

[P]Throughput:            1489057.180 ops
[P]all request:           150552885 o

[P]GetThroughput:         690305.038 ops
[P]SetThroughput:         798752.142 ops

[P]Valid Entries:         779591.182 / s
[P]set success:           797347.698 / s

[P]get found:             578938.169 / s

----------------------------------

[INFO]Current Time:       46.02 s

[P]indexs Load Factor:    84.7052 %

[P]full bucket LFactor:   55.1026 %

[P]set request:           81350250 
[P]get request:           70428338 

[P]Get Hit Rate:          85.1293 %
[P]ACC Hit Rate:          83.6238 %

[P]total cuckoo num:      5984446 
[P]total cuckoo path:     4031221 
[P]total cp perset:       0.049779 / set
[P]total cp percuckoo:    0.673616 / cuckoo num

[P]cuckoo path / s:       359328.504 / s
[P]cp per set * s:        0.477953 / set * s

[P]break loop / s:        0 / s
[P]break / set :          0 %

[P]Throughput:            1415577.441 ops
[P]all request:           151778588 o

[P]GetThroughput:         650417.957 ops
[P]SetThroughput:         765159.484 ops

[P]Valid Entries:         747214.483 / s
[P]set success:           751807.562 / s

[P]get found:             553696.500 / s

----------------------------------

[INFO]Current Time:       46.88 s

[P]indexs Load Factor:    85.3136 %

[P]full bucket LFactor:   56.0355 %

[P]set request:           81982345 
[P]get request:           70973455 

[P]Get Hit Rate:          83.6521 %
[P]ACC Hit Rate:          83.6241 %

[P]total cuckoo num:      6238942 
[P]total cuckoo path:     4355323 
[P]total cp perset:       0.053366 / set
[P]total cp percuckoo:    0.698087 / cuckoo num

[P]cuckoo path / s:       375946.083 / s
[P]cp per set * s:        0.513757 / set * s

[P]break loop / s:        0 / s
[P]break / set :          0 %

[P]Throughput:            1365522.634 ops
[P]all request:           152955801 o

[P]GetThroughput:         632315.139 ops
[P]SetThroughput:         733206.335 ops

[P]Valid Entries:         716153.730 / s
[P]set success:           731758.702 / s

[P]get found:             528945.103 / s

----------------------------------

[INFO]Current Time:       47.74 s

[P]indexs Load Factor:    85.8867 %

[P]full bucket LFactor:   56.9240 %

[P]set request:           82579002 
[P]get request:           71487895 

[P]Get Hit Rate:          83.6430 %
[P]ACC Hit Rate:          83.6242 %

[P]total cuckoo num:      6486629 
[P]total cuckoo path:     4687309 
[P]total cp perset:       0.057017 / set
[P]total cp percuckoo:    0.722611 / cuckoo num

[P]cuckoo path / s:       387424.518 / s
[P]cp per set * s:        0.557501 / set * s

[P]break loop / s:        0 / s
[P]break / set :          0 %

[P]Throughput:            1296638.509 ops
[P]all request:           154066897 o

[P]GetThroughput:         600346.608 ops
[P]SetThroughput:         696293.068 ops

[P]Valid Entries:         680399.824 / s
[P]set success:           694931.190 / s

[P]get found:             502147.856 / s

----------------------------------

[INFO]Current Time:       48.59 s

[P]indexs Load Factor:    86.4240 %

[P]full bucket LFactor:   57.7696 %

[P]set request:           83142795 
[P]get request:           71973739 

[P]Get Hit Rate:          83.6472 %
[P]ACC Hit Rate:          83.6244 %

[P]total cuckoo num:      6728555 
[P]total cuckoo path:     5026161 
[P]total cp perset:       0.060723 / set
[P]total cp percuckoo:    0.746990 / cuckoo num

[P]cuckoo path / s:       395118.814 / s
[P]cp per set * s:        0.602107 / set * s

[P]break loop / s:        0 / s
[P]break / set :          0 %

[P]Throughput:            1223930.583 ops
[P]all request:           155116534 o

[P]GetThroughput:         566519.026 ops
[P]SetThroughput:         657411.558 ops

[P]Valid Entries:         642842.913 / s
[P]set success:           656226.850 / s

[P]get found:             473877.416 / s

----------------------------------

[INFO]Current Time:       49.46 s

[P]indexs Load Factor:    86.9335 %

[P]full bucket LFactor:   58.5825 %

[P]set request:           83671489 
[P]get request:           72429278 

[P]Get Hit Rate:          83.5869 %
[P]ACC Hit Rate:          83.6241 %

[P]total cuckoo num:      6961401 
[P]total cuckoo path:     5370313 
[P]total cp perset:       0.064470 / set
[P]total cp percuckoo:    0.771441 / cuckoo num

[P]cuckoo path / s:       400067.435 / s
[P]cp per set * s:        0.652031 / set * s

[P]break loop / s:        0 / s
[P]break / set :          0 %

[P]Throughput:            1144144.365 ops
[P]all request:           156100767 o

[P]GetThroughput:         529551.823 ops
[P]SetThroughput:         614592.541 ops

[P]Valid Entries:         601318.261 / s
[P]set success:           613570.728 / s

[P]get found:             442636.036 / s

----------------------------------

[INFO]Current Time:       50.31 s

[P]indexs Load Factor:    87.4151 %

[P]full bucket LFactor:   59.3660 %

[P]set request:           84175451 
[P]get request:           72863544 

[P]Get Hit Rate:          83.6071 %
[P]ACC Hit Rate:          83.6240 %

[P]total cuckoo num:      7189845 
[P]total cuckoo path:     5723664 
[P]total cp perset:       0.068300 / set
[P]total cp percuckoo:    0.796076 / cuckoo num

[P]cuckoo path / s:       414593.509 / s
[P]cp per set * s:        0.702313 / set * s

[P]break loop / s:        0 / s
[P]break / set :          0 %

[P]Throughput:            1100840.917 ops
[P]all request:           157038995 o

[P]GetThroughput:         509532.631 ops
[P]SetThroughput:         591308.285 ops

[P]Valid Entries:         578605.932 / s
[P]set success:           590326.217 / s

[P]get found:             426005.211 / s

----------------------------------

[INFO]Current Time:       51.16 s

[P]indexs Load Factor:    87.8666 %

[P]full bucket LFactor:   60.1096 %

[P]set request:           84649720 
[P]get request:           73271543 

[P]Get Hit Rate:          83.4916 %
[P]ACC Hit Rate:          83.6233 %

[P]total cuckoo num:      7409859 
[P]total cuckoo path:     6082452 
[P]total cp perset:       0.072173 / set
[P]total cp percuckoo:    0.820859 / cuckoo num

[P]cuckoo path / s:       422841.292 / s
[P]cp per set * s:        0.758095 / set * s

[P]break loop / s:        0 / s
[P]break / set :          0 %

[P]Throughput:            1039776.529 ops
[P]all request:           157921263 o

[P]GetThroughput:         480837.777 ops
[P]SetThroughput:         558938.752 ops

[P]Valid Entries:         546936.634 / s
[P]set success:           557768.475 / s

[P]get found:             401459.280 / s

----------------------------------

[INFO]Current Time:       52.00 s

[P]indexs Load Factor:    88.2966 %

[P]full bucket LFactor:   60.8278 %

[P]set request:           85097510 
[P]get request:           73656781 

[P]Get Hit Rate:          83.4308 %
[P]ACC Hit Rate:          83.6223 %

[P]total cuckoo num:      7623158 
[P]total cuckoo path:     6446443 
[P]total cp perset:       0.076094 / set
[P]total cp percuckoo:    0.845639 / cuckoo num

[P]cuckoo path / s:       431115.214 / s
[P]cp per set * s:        0.824274 / set * s

[P]break loop / s:        0 / s
[P]break / set :          0 %

[P]Throughput:            986648.144 ops
[P]all request:           158754291 o

[P]GetThroughput:         456280.410 ops
[P]SetThroughput:         530367.734 ops

[P]Valid Entries:         519445.088 / s
[P]set success:           523024.381 / s

[P]get found:             380678.224 / s

----------------------------------

[INFO]Current Time:       52.84 s

[P]indexs Load Factor:    88.6990 %

[P]full bucket LFactor:   61.5081 %

[P]set request:           85524154 
[P]get request:           74024195 

[P]Get Hit Rate:          83.5583 %
[P]ACC Hit Rate:          83.6220 %

[P]total cuckoo num:      7830764 
[P]total cuckoo path:     6816487 
[P]total cp perset:       0.080059 / set
[P]total cp percuckoo:    0.870475 / cuckoo num

[P]cuckoo path / s:       438754.279 / s
[P]cp per set * s:        0.869050 / set * s

[P]break loop / s:        0 / s
[P]break / set :          0 %

[P]Throughput:            941499.783 ops
[P]all request:           159548349 o

[P]GetThroughput:         435635.937 ops
[P]SetThroughput:         505863.845 ops

[P]Valid Entries:         495661.057 / s
[P]set success:           504866.687 / s

[P]get found:             364010.111 / s

----------------------------------

[INFO]Current Time:       53.68 s

[P]indexs Load Factor:    89.0711 %

[P]full bucket LFactor:   62.1473 %

[P]set request:           85917256 
[P]get request:           74362261 

[P]Get Hit Rate:          83.4281 %
[P]ACC Hit Rate:          83.6211 %

[P]total cuckoo num:      8026674 
[P]total cuckoo path:     7182803 
[P]total cp perset:       0.083975 / set
[P]total cp percuckoo:    0.894867 / cuckoo num

[P]cuckoo path / s:       435916.066 / s
[P]cp per set * s:        0.933415 / set * s

[P]break loop / s:        0 / s
[P]break / set :          0 %

[P]Throughput:            870089.972 ops
[P]all request:           160279517 o

[P]GetThroughput:         402298.564 ops
[P]SetThroughput:         467791.408 ops

[P]Valid Entries:         458468.947 / s
[P]set success:           467011.958 / s

[P]get found:             335630.000 / s

----------------------------------

[INFO]Current Time:       54.52 s

[P]indexs Load Factor:    89.4201 %

[P]full bucket LFactor:   62.7603 %

[P]set request:           86294339 
[P]get request:           74686642 

[P]Get Hit Rate:          83.5259 %
[P]ACC Hit Rate:          83.6207 %

[P]total cuckoo num:      8218510 
[P]total cuckoo path:     7557174 
[P]total cp perset:       0.087964 / set
[P]total cp percuckoo:    0.919531 / cuckoo num

[P]cuckoo path / s:       445889.387 / s
[P]cp per set * s:        0.994403 / set * s

[P]break loop / s:        0 / s
[P]break / set :          0 %

[P]Throughput:            835468.967 ops
[P]all request:           160980981 o

[P]GetThroughput:         386349.491 ops
[P]SetThroughput:         449119.477 ops

[P]Valid Entries:         440285.562 / s
[P]set success:           448398.900 / s

[P]get found:             322701.711 / s

----------------------------------

[INFO]Current Time:       55.36 s

[P]indexs Load Factor:    89.6654 %

[P]full bucket LFactor:   63.1915 %

[P]set request:           86578689 
[P]get request:           74930039 

[P]Get Hit Rate:          82.9908 %
[P]ACC Hit Rate:          83.6186 %

[P]total cuckoo num:      8365295 
[P]total cuckoo path:     7857404 
[P]total cp perset:       0.091157 / set
[P]total cp percuckoo:    0.939286 / cuckoo num

[P]cuckoo path / s:       359684.014 / s
[P]cp per set * s:        1.056999 / set * s

[P]break loop / s:        0 / s
[P]break / set :          0 %

[P]Throughput:            632255.801 ops
[P]all request:           161508728 o

[P]GetThroughput:         291596.476 ops
[P]SetThroughput:         340659.325 ops

[P]Valid Entries:         334148.042 / s
[P]set success:           340287.937 / s

[P]get found:             241998.107 / s

----------------------------------

[INFO]Current Time:       56.20 s

[P]indexs Load Factor:    89.9889 %

[P]full bucket LFactor:   63.7655 %

[P]set request:           86891067 
[P]get request:           75197948 

[P]Get Hit Rate:          83.1835 %
[P]ACC Hit Rate:          83.6171 %

[P]total cuckoo num:      8529500 
[P]total cuckoo path:     8206826 
[P]total cp perset:       0.094868 / set
[P]total cp percuckoo:    0.962170 / cuckoo num

[P]cuckoo path / s:       416752.570 / s
[P]cp per set * s:        1.119960 / set * s

[P]break loop / s:        0 / s
[P]break / set :          0 %

[P]Throughput:            692103.240 ops
[P]all request:           162089015 o

[P]GetThroughput:         319532.726 ops
[P]SetThroughput:         372570.514 ops

[P]Valid Entries:         365853.277 / s
[P]set success:           372113.713 / s

[P]get found:             265798.406 / s

----------------------------------

[INFO]Current Time:       57.03 s

[P]indexs Load Factor:    90.2963 %

[P]full bucket LFactor:   64.3185 %

[P]set request:           87218524 
[P]get request:           75478900 

[P]Get Hit Rate:          83.2900 %
[P]ACC Hit Rate:          83.6158 %

[P]total cuckoo num:      8704311 
[P]total cuckoo path:     8594417 
[P]total cp perset:       0.098974 / set
[P]total cp percuckoo:    0.987375 / cuckoo num

[P]cuckoo path / s:       463915.760 / s
[P]cp per set * s:        1.185975 / set * s

[P]break loop / s:        0 / s
[P]break / set :          0 %

[P]Throughput:            728217.434 ops
[P]all request:           162697424 o

[P]GetThroughput:         336277.314 ops
[P]SetThroughput:         391940.120 ops

[P]Valid Entries:         384501.256 / s
[P]set success:           391168.106 / s

[P]get found:             280085.470 / s

----------------------------------

[INFO]Current Time:       57.87 s

[P]indexs Load Factor:    90.5846 %

[P]full bucket LFactor:   64.8462 %

[P]set request:           87529973 
[P]get request:           75746514 

[P]Get Hit Rate:          83.3914 %
[P]ACC Hit Rate:          83.6151 %

[P]total cuckoo num:      8873432 
[P]total cuckoo path:     8985879 
[P]total cp perset:       0.103113 / set
[P]total cp percuckoo:    1.012672 / cuckoo num

[P]cuckoo path / s:       468775.787 / s
[P]cp per set * s:        1.258692 / set * s

[P]break loop / s:        0 / s
[P]break / set :          0 %

[P]Throughput:            693428.004 ops
[P]all request:           163276487 o

[P]GetThroughput:         320467.794 ops
[P]SetThroughput:         372960.211 ops

[P]Valid Entries:         366122.485 / s
[P]set success:           372430.916 / s

[P]get found:             267242.506 / s

----------------------------------

[INFO]Current Time:       58.70 s

[P]indexs Load Factor:    90.8511 %

[P]full bucket LFactor:   65.3378 %

[P]set request:           87822937 
[P]get request:           75993857 

[P]Get Hit Rate:          84.6735 %
[P]ACC Hit Rate:          83.6185 %

[P]total cuckoo num:      9034716 
[P]total cuckoo path:     9376369 
[P]total cp perset:       0.107234 / set
[P]total cp percuckoo:    1.037816 / cuckoo num

[P]cuckoo path / s:       471437.235 / s
[P]cp per set * s:        1.335136 / set * s

[P]break loop / s:        0 / s
[P]break / set :          0 %

[P]Throughput:            652310.784 ops
[P]all request:           163816794 o

[P]GetThroughput:         298616.354 ops
[P]SetThroughput:         353694.430 ops

[P]Valid Entries:         347204.004 / s
[P]set success:           353100.440 / s

[P]get found:             252848.948 / s

----------------------------------

[INFO]Current Time:       59.52 s

[P]indexs Load Factor:    91.1083 %

[P]full bucket LFactor:   65.8164 %

[P]set request:           88096975 
[P]get request:           76228971 

[P]Get Hit Rate:          83.2090 %
[P]ACC Hit Rate:          83.6172 %

[P]total cuckoo num:      9188677 
[P]total cuckoo path:     9764505 
[P]total cp perset:       0.111325 / set
[P]total cp percuckoo:    1.062667 / cuckoo num

[P]cuckoo path / s:       468776.204 / s
[P]cp per set * s:        1.417729 / set * s

[P]break loop / s:        0 / s
[P]break / set :          0 %

[P]Throughput:            614934.822 ops
[P]all request:           164325946 o

[P]GetThroughput:         283961.932 ops
[P]SetThroughput:         330972.890 ops

[P]Valid Entries:         325190.122 / s
[P]set success:           330652.833 / s

[P]get found:             236281.874 / s

----------------------------------

[INFO]Current Time:       60.35 s

[P]indexs Load Factor:    91.3509 %

[P]full bucket LFactor:   66.2710 %

[P]set request:           88361640 
[P]get request:           76456075 

[P]Get Hit Rate:          83.2200 %
[P]ACC Hit Rate:          83.6161 %

[P]total cuckoo num:      9339205 
[P]total cuckoo path:     10160791 
[P]total cp perset:       0.115495 / set
[P]total cp percuckoo:    1.087972 / cuckoo num

[P]cuckoo path / s:       478725.478 / s
[P]cp per set * s:        1.498846 / set * s

[P]break loop / s:        0 / s
[P]break / set :          0 %

[P]Throughput:            594071.831 ops
[P]all request:           164817715 o

[P]GetThroughput:         274348.503 ops
[P]SetThroughput:         319723.328 ops

[P]Valid Entries:         314323.432 / s
[P]set success:           319395.951 / s

[P]get found:             228312.886 / s

----------------------------------

[INFO]Current Time:       61.18 s

[P]indexs Load Factor:    91.5827 %

[P]full bucket LFactor:   66.7104 %

[P]set request:           88615770 
[P]get request:           76674060 

[P]Get Hit Rate:          83.2677 %
[P]ACC Hit Rate:          83.6151 %

[P]total cuckoo num:      9485443 
[P]total cuckoo path:     10562294 
[P]total cp perset:       0.119713 / set
[P]total cp percuckoo:    1.113527 / cuckoo num

[P]cuckoo path / s:       486368.359 / s
[P]cp per set * s:        1.582297 / set * s

[P]break loop / s:        0 / s
[P]break / set :          0 %

[P]Throughput:            571905.560 ops
[P]all request:           165289830 o

[P]GetThroughput:         264060.310 ops
[P]SetThroughput:         307845.249 ops

[P]Valid Entries:         302560.046 / s
[P]set success:           307381.295 / s

[P]get found:             219876.831 / s

----------------------------------

[INFO]Current Time:       62.00 s

[P]indexs Load Factor:    91.8029 %

[P]full bucket LFactor:   67.1326 %

[P]set request:           88859966 
[P]get request:           76883700 

[P]Get Hit Rate:          83.3896 %
[P]ACC Hit Rate:          83.6145 %

[P]total cuckoo num:      9627840 
[P]total cuckoo path:     10969462 
[P]total cp perset:       0.123985 / set
[P]total cp percuckoo:    1.139348 / cuckoo num

[P]cuckoo path / s:       492185.682 / s
[P]cp per set * s:        1.669700 / set * s

[P]break loop / s:        0 / s
[P]break / set :          0 %

[P]Throughput:            548598.075 ops
[P]all request:           165743666 o

[P]GetThroughput:         253413.349 ops
[P]SetThroughput:         295184.727 ops

[P]Valid Entries:         289940.942 / s
[P]set success:           294774.943 / s

[P]get found:             211320.429 / s

----------------------------------

[INFO]Current Time:       62.83 s

[P]indexs Load Factor:    92.0117 %

[P]full bucket LFactor:   67.5355 %

[P]set request:           89091870 
[P]get request:           77075596 

[P]Get Hit Rate:          85.8892 %
[P]ACC Hit Rate:          83.6201 %

[P]total cuckoo num:      9765075 
[P]total cuckoo path:     11377617 
[P]total cp perset:       0.128263 / set
[P]total cp percuckoo:    1.165134 / cuckoo num

[P]cuckoo path / s:       495998.421 / s
[P]cp per set * s:        1.762213 / set * s

[P]break loop / s:        0 / s
[P]break / set :          0 %

[P]Throughput:            515010.549 ops
[P]all request:           166167466 o

[P]GetThroughput:         233195.999 ops
[P]SetThroughput:         281814.550 ops

[P]Valid Entries:         277120.153 / s
[P]set success:           281463.351 / s

[P]get found:             200290.252 / s

----------------------------------

[INFO]Current Time:       63.65 s

[P]indexs Load Factor:    92.2091 %

[P]full bucket LFactor:   67.9216 %

[P]set request:           89314577 
[P]get request:           77266620 

[P]Get Hit Rate:          83.2932 %
[P]ACC Hit Rate:          83.6193 %

[P]total cuckoo num:      9898070 
[P]total cuckoo path:     11789110 
[P]total cp perset:       0.132569 / set
[P]total cp percuckoo:    1.191051 / cuckoo num

[P]cuckoo path / s:       498856.782 / s
[P]cp per set * s:        1.850322 / set * s

[P]break loop / s:        0 / s
[P]break / set :          0 %

[P]Throughput:            501569.930 ops
[P]all request:           166581197 o

[P]GetThroughput:         231580.168 ops
[P]SetThroughput:         269989.763 ops

[P]Valid Entries:         265453.301 / s
[P]set success:           269605.461 / s

[P]get found:             192890.529 / s

----------------------------------

[INFO]Current Time:       64.47 s

[P]indexs Load Factor:    92.3974 %

[P]full bucket LFactor:   68.2945 %

[P]set request:           89528976 
[P]get request:           77450339 

[P]Get Hit Rate:          83.1612 %
[P]ACC Hit Rate:          83.6182 %

[P]total cuckoo num:      10028020 
[P]total cuckoo path:     12205344 
[P]total cp perset:       0.136920 / set
[P]total cp percuckoo:    1.217124 / cuckoo num

[P]cuckoo path / s:       507815.982 / s
[P]cp per set * s:        1.943502 / set * s

[P]break loop / s:        0 / s
[P]break / set :          0 %

[P]Throughput:            485715.225 ops
[P]all request:           166979316 o

[P]GetThroughput:         224141.815 ops
[P]SetThroughput:         261572.189 ops

[P]Valid Entries:         257370.423 / s
[P]set success:           261289.144 / s

[P]get found:             186399.115 / s

----------------------------------

[INFO]Current Time:       65.29 s

[P]indexs Load Factor:    92.5752 %

[P]full bucket LFactor:   68.6462 %

[P]set request:           89732440 
[P]get request:           77624703 

[P]Get Hit Rate:          83.1668 %
[P]ACC Hit Rate:          83.6172 %

[P]total cuckoo num:      10152634 
[P]total cuckoo path:     12621204 
[P]total cp perset:       0.141263 / set
[P]total cp percuckoo:    1.243146 / cuckoo num

[P]cuckoo path / s:       508832.960 / s
[P]cp per set * s:        2.046666 / set * s

[P]break loop / s:        0 / s
[P]break / set :          0 %

[P]Throughput:            462297.001 ops
[P]all request:           167357143 o

[P]GetThroughput:         213346.199 ops
[P]SetThroughput:         248952.026 ops

[P]Valid Entries:         245024.373 / s
[P]set success:           248615.545 / s

[P]get found:             177433.257 / s

----------------------------------

[INFO]Current Time:       66.11 s

[P]indexs Load Factor:    92.7465 %

[P]full bucket LFactor:   68.9887 %

[P]set request:           89929179 
[P]get request:           77793242 

[P]Get Hit Rate:          83.0870 %
[P]ACC Hit Rate:          83.6161 %

[P]total cuckoo num:      10274206 
[P]total cuckoo path:     13038736 
[P]total cp perset:       0.145616 / set
[P]total cp percuckoo:    1.269075 / cuckoo num

[P]cuckoo path / s:       510227.572 / s
[P]cp per set * s:        2.124888 / set * s

[P]break loop / s:        0 / s
[P]break / set :          0 %

[P]Throughput:            446372.750 ops
[P]all request:           167722421 o

[P]GetThroughput:         205956.058 ops
[P]SetThroughput:         240416.692 ops

[P]Valid Entries:         236679.791 / s
[P]set success:           240119.744 / s

[P]get found:             171122.711 / s

----------------------------------

[INFO]Current Time:       66.92 s

[P]indexs Load Factor:    92.8770 %

[P]full bucket LFactor:   69.2565 %

[P]set request:           90104848 
[P]get request:           77943351 

[P]Get Hit Rate:          82.8318 %
[P]ACC Hit Rate:          83.6145 %

[P]total cuckoo num:      10383467 
[P]total cuckoo path:     13429422 
[P]total cp perset:       0.149686 / set
[P]total cp percuckoo:    1.293347 / cuckoo num

[P]cuckoo path / s:       479661.296 / s
[P]cp per set * s:        2.226245 / set * s

[P]break loop / s:        0 / s
[P]break / set :          0 %

[P]Throughput:            399971.070 ops
[P]all request:           168048199 o

[P]GetThroughput:         184295.003 ops
[P]SetThroughput:         215676.068 ops

[P]Valid Entries:         212378.355 / s
[P]set success:           215457.530 / s

[P]get found:             152654.884 / s

----------------------------------

[INFO]Current Time:       67.74 s

[P]indexs Load Factor:    92.9541 %

[P]full bucket LFactor:   69.4153 %

[P]set request:           90217499 
[P]get request:           78039491 

[P]Get Hit Rate:          82.7730 %
[P]ACC Hit Rate:          83.6135 %

[P]total cuckoo num:      10454058 
[P]total cuckoo path:     13688341 
[P]total cp perset:       0.152381 / set
[P]total cp percuckoo:    1.309381 / cuckoo num

[P]cuckoo path / s:       316336.193 / s
[P]cp per set * s:        2.299969 / set * s

[P]break loop / s:        0 / s
[P]break / set :          0 %

[P]Throughput:            255091.940 ops
[P]all request:           168256990 o

[P]GetThroughput:         117459.752 ops
[P]SetThroughput:         137632.188 ops

[P]Valid Entries:         135415.920 / s
[P]set success:           137539.334 / s

[P]get found:             97225.007 / s

----------------------------------

[INFO]Current Time:       68.56 s

[P]indexs Load Factor:    93.0210 %

[P]full bucket LFactor:   69.5518 %

[P]set request:           90296256 
[P]get request:           78106689 

[P]Get Hit Rate:          82.7837 %
[P]ACC Hit Rate:          83.6128 %

[P]total cuckoo num:      10503834 
[P]total cuckoo path:     13873747 
[P]total cp perset:       0.154309 / set
[P]total cp percuckoo:    1.320827 / cuckoo num

[P]cuckoo path / s:       226260.283 / s
[P]cp per set * s:        2.355139 / set * s

[P]break loop / s:        0 / s
[P]break / set :          0 %

[P]Throughput:            178116.240 ops
[P]all request:           168402945 o

[P]GetThroughput:         82005.105 ops
[P]SetThroughput:         96111.135 ops

[P]Valid Entries:         94658.918 / s
[P]set success:           96070.864 / s

[P]get found:             67886.872 / s

----------------------------------

[INFO]Current Time:       69.38 s

[P]indexs Load Factor:    93.0870 %

[P]full bucket LFactor:   69.6874 %

[P]set request:           90373756 
[P]get request:           78172886 

[P]Get Hit Rate:          82.8738 %
[P]ACC Hit Rate:          83.6122 %

[P]total cuckoo num:      10552608 
[P]total cuckoo path:     14056166 
[P]total cp perset:       0.156204 / set
[P]total cp percuckoo:    1.332009 / cuckoo num

[P]cuckoo path / s:       222456.715 / s
[P]cp per set * s:        2.354675 / set * s

[P]break loop / s:        0 / s
[P]break / set :          0 %

[P]Throughput:            175235.927 ops
[P]all request:           168546642 o

[P]GetThroughput:         80726.060 ops
[P]SetThroughput:         94509.867 ops

[P]Valid Entries:         93041.611 / s
[P]set success:           94474.502 / s

[P]get found:             66900.791 / s

----------------------------------

[INFO]Current Time:       70.20 s

[P]indexs Load Factor:    93.1508 %

[P]full bucket LFactor:   69.8183 %

[P]set request:           90449771 
[P]get request:           78237857 

[P]Get Hit Rate:          82.9447 %
[P]ACC Hit Rate:          83.6116 %

[P]total cuckoo num:      10600702 
[P]total cuckoo path:     14240792 
[P]total cp perset:       0.158122 / set
[P]total cp percuckoo:    1.343382 / cuckoo num

[P]cuckoo path / s:       226401.630 / s
[P]cp per set * s:        2.429673 / set * s

[P]break loop / s:        0 / s
[P]break / set :          0 %

[P]Throughput:            172887.135 ops
[P]all request:           168687628 o

[P]GetThroughput:         79672.096 ops
[P]SetThroughput:         93215.040 ops

[P]Valid Entries:         91804.827 / s
[P]set success:           93181.930 / s

[P]get found:             66083.779 / s

----------------------------------

[INFO]Current Time:       71.01 s

[P]indexs Load Factor:    93.2127 %

[P]full bucket LFactor:   69.9457 %

[P]set request:           90523978 
[P]get request:           78301176 

[P]Get Hit Rate:          82.7603 %
[P]ACC Hit Rate:          83.6109 %

[P]total cuckoo num:      10648134 
[P]total cuckoo path:     14424886 
[P]total cp perset:       0.160034 / set
[P]total cp percuckoo:    1.354687 / cuckoo num

[P]cuckoo path / s:       225678.456 / s
[P]cp per set * s:        2.482122 / set * s

[P]break loop / s:        0 / s
[P]break / set :          0 %

[P]Throughput:            168591.347 ops
[P]all request:           168825154 o

[P]GetThroughput:         77621.944 ops
[P]SetThroughput:         90969.403 ops

[P]Valid Entries:         89651.574 / s
[P]set success:           90921.593 / s

[P]get found:             64240.161 / s

----------------------------------

[INFO]Current Time:       71.83 s

[P]indexs Load Factor:    93.2696 %

[P]full bucket LFactor:   70.0636 %

[P]set request:           90597663 
[P]get request:           78363963 

[P]Get Hit Rate:          82.5967 %
[P]ACC Hit Rate:          83.6101 %

[P]total cuckoo num:      10695112 
[P]total cuckoo path:     14609622 
[P]total cp perset:       0.161951 / set
[P]total cp percuckoo:    1.366009 / cuckoo num

[P]cuckoo path / s:       226456.805 / s
[P]cp per set * s:        2.508466 / set * s

[P]break loop / s:        0 / s
[P]break / set :          0 %

[P]Throughput:            167292.857 ops
[P]all request:           168961626 o

[P]GetThroughput:         76966.825 ops
[P]SetThroughput:         90326.031 ops

[P]Valid Entries:         88989.865 / s
[P]set success:           90276.998 / s

[P]get found:             63572.070 / s

----------------------------------
[INFO]End rx_queue_3:476157

[INFO]Current Time:       72.64 s

[P]indexs Load Factor:    93.3049 %

[P]full bucket LFactor:   70.1381 %

[P]set request:           90649915 
[P]get request:           78408113 

[P]Get Hit Rate:          81.6149 %
[P]ACC Hit Rate:          83.6090 %

[P]total cuckoo num:      10728669 
[P]total cuckoo path:     14743575 
[P]total cp perset:       0.163342 / set
[P]total cp percuckoo:    1.374222 / cuckoo num

[P]cuckoo path / s:       163905.807 / s
[P]cp per set * s:        2.564528 / set * s

[P]break loop / s:        0 / s
[P]break / set :          0 %

[P]Throughput:            117958.147 ops
[P]all request:           169058028 o

[P]GetThroughput:         54022.242 ops
[P]SetThroughput:         63935.905 ops

[P]Valid Entries:         63035.330 / s
[P]set success:           63912.656 / s

[P]get found:             44090.225 / s

----------------------------------
[INFO]End rx_queue_2:895561

[INFO]Current Time:       73.46 s

[P]indexs Load Factor:    93.3059 %

[P]full bucket LFactor:   70.1407 %

[P]set request:           90666547 
[P]get request:           78422049 

[P]Get Hit Rate:          80.7118 %
[P]ACC Hit Rate:          83.6085 %

[P]total cuckoo num:      10739443 
[P]total cuckoo path:     14787228 
[P]total cp perset:       0.163795 / set
[P]total cp percuckoo:    1.376908 / cuckoo num

[P]cuckoo path / s:       53602.604 / s
[P]cp per set * s:        2.624481 / set * s

[P]break loop / s:        0 / s
[P]break / set :          0 %

[P]Throughput:            37535.207 ops
[P]all request:           169088596 o

[P]GetThroughput:         17112.361 ops
[P]SetThroughput:         20422.846 ops

[P]Valid Entries:         20115.865 / s
[P]set success:           20424.074 / s

[P]get found:       