EAL: Detected 44 lcore(s)
EAL: Detected 1 NUMA nodes
EAL: Multi-process socket /var/run/dpdk/rte/mp_socket
EAL: Selected IOVA mode 'PA'
EAL: No available hugepages reported in hugepages-1048576kB
[INFO] 单个Log Size为:-2147483648 GB
[INFO] 运行proto
[INFO] 运行cleanup
[INFO] 运行reload
[INFO] reload kv size 8
EAL: Probing VFIO support...
EAL: VFIO support initialized
EAL: PCI device 0000:03:00.0 on NUMA socket 0
EAL:   probe driver: 15b3:1017 net_mlx5
WEN: There are 1 device(s) available
starting port 0...
querying port 0...
port 0: 100 Gbps (full-duplex)
Adding UDP filter for each endpoint.
port_id/queue_id/udp_port = 0 0 0
Flow is created with src_port = 0, dst_port = 0
port_id/queue_id/udp_port = 0 1 1
Flow is created with src_port = 0, dst_port = 1
port_id/queue_id/udp_port = 0 2 2
Flow is created with src_port = 0, dst_port = 2
port_id/queue_id/udp_port = 0 3 3
Flow is created with src_port = 0, dst_port = 3
MEM: Initializing pages...
 == [STAT] Workers Start (4 threads in total) == 
trigger:100.000000 

[INFO]Current Time:       6.37 s

[P]indexs Load Factor:    0.0589 %

[P]full bucket LFactor:   0.0000 %

[P]set request:           50992 
[P]get request:           33546 

[P]Get Hit Rate:          46.7537 %
[P]ACC Hit Rate:          46.7537 %

[P]total cuckoo num:      0 
[P]total cuckoo path:     0 
[P]total cp perset:       0.000000 / set
[P]total cp percuckoo:    -nan / cuckoo num

[P]cuckoo path / s:       0 / s
[P]cp per set * s:        0 / set * s

[P]break loop / s:        0 / s
[P]break / set :          0 %

[P]Throughput:            119750.323 ops
[P]all request:           84538 o

[P]GetThroughput:         47518.800 ops
[P]SetThroughput:         72231.523 ops

[P]Valid Entries:         69790.847 / s
[P]set success:           72002.045 / s

[P]get found:             22216.803 / s

----------------------------------

[INFO]Current Time:       7.09 s

[P]indexs Load Factor:    0.1986 %

[P]full bucket LFactor:   0.0000 %

[P]set request:           157429 
[P]get request:           107763 

[P]Get Hit Rate:          54.5481 %
[P]ACC Hit Rate:          52.1218 %

[P]total cuckoo num:      0 
[P]total cuckoo path:     0 
[P]total cp perset:       0.000000 / set
[P]total cp percuckoo:    -nan / cuckoo num

[P]cuckoo path / s:       0 / s
[P]cp per set * s:        0 / set * s

[P]break loop / s:        0 / s
[P]break / set :          0 %

[P]Throughput:            250679.301 ops
[P]all request:           265192 o

[P]GetThroughput:         102985.075 ops
[P]SetThroughput:         147694.226 ops

[P]Valid Entries:         146674.325 / s
[P]set success:           148308.943 / s

[P]get found:             56176.452 / s

----------------------------------

[INFO]Current Time:       7.82 s

[P]indexs Load Factor:    1.4535 %

[P]full bucket LFactor:   0.0000 %

[P]set request:           859557 
[P]get request:           617588 

[P]Get Hit Rate:          57.6270 %
[P]ACC Hit Rate:          56.6664 %

[P]total cuckoo num:      0 
[P]total cuckoo path:     0 
[P]total cp perset:       0.000000 / set
[P]total cp percuckoo:    -nan / cuckoo num

[P]cuckoo path / s:       0 / s
[P]cp per set * s:        0 / set * s

[P]break loop / s:        0 / s
[P]break / set :          0 %

[P]Throughput:            1659907.039 ops
[P]all request:           1477145 o

[P]GetThroughput:         698263.139 ops
[P]SetThroughput:         961643.900 ops

[P]Valid Entries:         960728.998 / s
[P]set success:           962928.597 / s

[P]get found:             402388.301 / s

----------------------------------

[INFO]Current Time:       8.55 s

[P]indexs Load Factor:    4.0828 %

[P]full bucket LFactor:   0.0001 %

[P]set request:           3245295 
[P]get request:           2370406 

[P]Get Hit Rate:          64.6883 %
[P]ACC Hit Rate:          62.5983 %

[P]total cuckoo num:      0 
[P]total cuckoo path:     0 
[P]total cp perset:       0.000000 / set
[P]total cp percuckoo:    -nan / cuckoo num

[P]cuckoo path / s:       0 / s
[P]cp per set * s:        0 / set * s

[P]break loop / s:        0 / s
[P]break / set :          0 %

[P]Throughput:            5710785.878 ops
[P]all request:           5615701 o

[P]GetThroughput:         2418710.362 ops
[P]SetThroughput:         3292075.516 ops

[P]Valid Entries:         3250649.593 / s
[P]set success:           3149178.780 / s

[P]get found:             1564622.386 / s

----------------------------------

[INFO]Current Time:       9.33 s

[P]indexs Load Factor:    6.7689 %

[P]full bucket LFactor:   0.0021 %

[P]set request:           5663272 
[P]get request:           4282021 

[P]Get Hit Rate:          67.3796 %
[P]ACC Hit Rate:          64.7328 %

[P]total cuckoo num:      0 
[P]total cuckoo path:     0 
[P]total cp perset:       0.000000 / set
[P]total cp percuckoo:    -nan / cuckoo num

[P]cuckoo path / s:       0 / s
[P]cp per set * s:        0 / set * s

[P]break loop / s:        0 / s
[P]break / set :          0 %

[P]Throughput:            5524905.805 ops
[P]all request:           9945293 o

[P]GetThroughput:         2439373.689 ops
[P]SetThroughput:         3085532.116 ops

[P]Valid Entries:         3085593.368 / s
[P]set success:           3078609.382 / s

[P]get found:             1643640.821 / s

----------------------------------

[INFO]Current Time:       10.16 s

[P]indexs Load Factor:    9.4340 %

[P]full bucket LFactor:   0.0135 %

[P]set request:           8122909 
[P]get request:           6232961 

[P]Get Hit Rate:          73.3128 %
[P]ACC Hit Rate:          67.4184 %

[P]total cuckoo num:      0 
[P]total cuckoo path:     0 
[P]total cp perset:       0.000000 / set
[P]total cp percuckoo:    -nan / cuckoo num

[P]cuckoo path / s:       0 / s
[P]cp per set * s:        0 / set * s

[P]break loop / s:        0 / s
[P]break / set :          0 %

[P]Throughput:            5339351.949 ops
[P]all request:           14355870 o

[P]GetThroughput:         2361767.019 ops
[P]SetThroughput:         2977584.931 ops

[P]Valid Entries:         2899755.595 / s
[P]set success:           2959727.680 / s

[P]get found:             1731477.845 / s

----------------------------------

[INFO]Current Time:       11.02 s

[P]indexs Load Factor:    12.2204 %

[P]full bucket LFactor:   0.0522 %

[P]set request:           10664179 
[P]get request:           8286030 

[P]Get Hit Rate:          74.5591 %
[P]ACC Hit Rate:          69.1877 %

[P]total cuckoo num:      0 
[P]total cuckoo path:     0 
[P]total cp perset:       0.000000 / set
[P]total cp percuckoo:    -nan / cuckoo num

[P]cuckoo path / s:       0 / s
[P]cp per set * s:        0 / set * s

[P]break loop / s:        0 / s
[P]break / set :          0 %

[P]Throughput:            5307828.224 ops
[P]all request:           18950209 o

[P]GetThroughput:         2371905.422 ops
[P]SetThroughput:         2935922.802 ops

[P]Valid Entries:         2896135.513 / s
[P]set success:           2966761.158 / s

[P]get found:             1768470.447 / s

----------------------------------

[INFO]Current Time:       11.91 s

[P]indexs Load Factor:    14.9599 %

[P]full bucket LFactor:   0.1427 %

[P]set request:           13264217 
[P]get request:           10380438 

[P]Get Hit Rate:          79.1529 %
[P]ACC Hit Rate:          71.1983 %

[P]total cuckoo num:      2 
[P]total cuckoo path:     0 
[P]total cp perset:       0.000000 / set
[P]total cp percuckoo:    0.000000 / cuckoo num

[P]cuckoo path / s:       0 / s
[P]cp per set * s:        0 / set * s

[P]break loop / s:        0 / s
[P]break / set :          0 %

[P]Throughput:            5303907.270 ops
[P]all request:           23644655 o

[P]GetThroughput:         2366316.668 ops
[P]SetThroughput:         2937590.602 ops

[P]Valid Entries:         2883723.887 / s
[P]set success:           2822335.919 / s

[P]get found:             1873008.639 / s

----------------------------------

[INFO]Current Time:       12.81 s

[P]indexs Load Factor:    17.7337 %

[P]full bucket LFactor:   0.3201 %

[P]set request:           15798328 
[P]get request:           12477226 

[P]Get Hit Rate:          79.7775 %
[P]ACC Hit Rate:          72.6400 %

[P]total cuckoo num:      14 
[P]total cuckoo path:     0 
[P]total cp perset:       0.000000 / set
[P]total cp percuckoo:    0.000000 / cuckoo num

[P]cuckoo path / s:       0 / s
[P]cp per set * s:        0 / set * s

[P]break loop / s:        0 / s
[P]break / set :          0 %

[P]Throughput:            5165912.544 ops
[P]all request:           28275555 o

[P]GetThroughput:         2339032.031 ops
[P]SetThroughput:         2826879.398 ops

[P]Valid Entries:         2812927.451 / s
[P]set success:           2895013.800 / s

[P]get found:             1866021.226 / s

----------------------------------

[INFO]Current Time:       13.72 s

[P]indexs Load Factor:    20.5051 %

[P]full bucket LFactor:   0.6183 %

[P]set request:           18398201 
[P]get request:           14620864 

[P]Get Hit Rate:          82.3278 %
[P]ACC Hit Rate:          74.0604 %

[P]total cuckoo num:      78 
[P]total cuckoo path:     0 
[P]total cp perset:       0.000000 / set
[P]total cp percuckoo:    0.000000 / cuckoo num

[P]cuckoo path / s:       0 / s
[P]cp per set * s:        0 / set * s

[P]break loop / s:        0 / s
[P]break / set :          0 %

[P]Throughput:            5193496.180 ops
[P]all request:           33019065 o

[P]GetThroughput:         2346991.102 ops
[P]SetThroughput:         2846506.172 ops

[P]Valid Entries:         2780507.798 / s
[P]set success:           2816793.765 / s

[P]get found:             1932225.040 / s

----------------------------------

[INFO]Current Time:       14.65 s

[P]indexs Load Factor:    23.2494 %

[P]full bucket LFactor:   1.0596 %

[P]set request:           21027214 
[P]get request:           16876409 

[P]Get Hit Rate:          79.6584 %
[P]ACC Hit Rate:          74.8086 %

[P]total cuckoo num:      293 
[P]total cuckoo path:     1 
[P]total cp perset:       0.000000 / set
[P]total cp percuckoo:    0.003413 / cuckoo num

[P]cuckoo path / s:       1.076 / s
[P]cp per set * s:        0.000000 / set * s

[P]break loop / s:        0 / s
[P]break / set :          0 %

[P]Throughput:            5257576.984 ops
[P]all request:           37903623 o

[P]GetThroughput:         2427794.179 ops
[P]SetThroughput:         2829782.805 ops

[P]Valid Entries:         2757629.620 / s
[P]set success:           2847281.303 / s

[P]get found:             1933941.935 / s

----------------------------------

[INFO]Current Time:       15.59 s

[P]indexs Load Factor:    25.9833 %

[P]full bucket LFactor:   1.6762 %

[P]set request:           23579466 
[P]get request:           19118837 

[P]Get Hit Rate:          82.0742 %
[P]ACC Hit Rate:          75.6607 %

[P]total cuckoo num:      881 
[P]total cuckoo path:     11 
[P]total cp perset:       0.000000 / set
[P]total cp percuckoo:    0.012486 / cuckoo num

[P]cuckoo path / s:       10.659 / s
[P]cp per set * s:        0.000004 / set * s

[P]break loop / s:        0 / s
[P]break / set :          0 %

[P]Throughput:            5110738.084 ops
[P]all request:           42698303 o

[P]GetThroughput:         2390245.476 ops
[P]SetThroughput:         2720492.608 ops

[P]Valid Entries:         2686117.802 / s
[P]set success:           2689293.174 / s

[P]get found:             1961773.956 / s

----------------------------------

[INFO]Current Time:       16.52 s

[P]indexs Load Factor:    28.7581 %

[P]full bucket LFactor:   2.4981 %

[P]set request:           26117680 
[P]get request:           21395891 

[P]Get Hit Rate:          81.5097 %
[P]ACC Hit Rate:          76.2832 %

[P]total cuckoo num:      2244 
[P]total cuckoo path:     43 
[P]total cp perset:       0.000002 / set
[P]total cp percuckoo:    0.019162 / cuckoo num

[P]cuckoo path / s:       34.195 / s
[P]cp per set * s:        0.000012 / set * s

[P]break loop / s:        0 / s
[P]break / set :          0 %

[P]Throughput:            5145633.212 ops
[P]all request:           47513571 o

[P]GetThroughput:         2433277.792 ops
[P]SetThroughput:         2712355.420 ops

[P]Valid Entries:         2722251.797 / s
[P]set success:           2815603.242 / s

[P]get found:             1983357.552 / s

----------------------------------

[INFO]Current Time:       17.47 s

[P]indexs Load Factor:    31.5854 %

[P]full bucket LFactor:   3.5583 %

[P]set request:           28817032 
[P]get request:           23671219 

[P]Get Hit Rate:          80.9599 %
[P]ACC Hit Rate:          76.7327 %

[P]total cuckoo num:      5340 
[P]total cuckoo path:     220 
[P]total cp perset:       0.000008 / set
[P]total cp percuckoo:    0.041199 / cuckoo num

[P]cuckoo path / s:       186.327 / s
[P]cp per set * s:        0.000068 / set * s

[P]break loop / s:        0 / s
[P]break / set :          0 %

[P]Throughput:            5236814.906 ops
[P]all request:           52488252 o

[P]GetThroughput:         2395223.249 ops
[P]SetThroughput:         2841590.604 ops

[P]Valid Entries:         2745240.716 / s
[P]set success:           2749431.490 / s

[P]get found:             1939170.059 / s

----------------------------------

[INFO]Current Time:       18.43 s

[P]indexs Load Factor:    34.4547 %

[P]full bucket LFactor:   4.8677 %

[P]set request:           31547674 
[P]get request:           25995811 

[P]Get Hit Rate:          78.9607 %
[P]ACC Hit Rate:          76.9320 %

[P]total cuckoo num:      11493 
[P]total cuckoo path:     687 
[P]total cp perset:       0.000022 / set
[P]total cp percuckoo:    0.059776 / cuckoo num

[P]cuckoo path / s:       488.016 / s
[P]cp per set * s:        0.000171 / set * s

[P]break loop / s:        0 / s
[P]break / set :          0 %

[P]Throughput:            5282729.065 ops
[P]all request:           57543485 o

[P]GetThroughput:         2429203.505 ops
[P]SetThroughput:         2853526.605 ops

[P]Valid Entries:         2762873.718 / s
[P]set success:           2846901.292 / s

[P]get found:             1918114.926 / s

----------------------------------

[INFO]Current Time:       19.39 s

[P]indexs Load Factor:    37.3210 %

[P]full bucket LFactor:   6.4054 %

[P]set request:           34263785 
[P]get request:           28297233 

[P]Get Hit Rate:          77.2642 %
[P]ACC Hit Rate:          76.9590 %

[P]total cuckoo num:      22429 
[P]total cuckoo path:     1710 
[P]total cp perset:       0.000050 / set
[P]total cp percuckoo:    0.076241 / cuckoo num

[P]cuckoo path / s:       1068.011 / s
[P]cp per set * s:        0.000383 / set * s

[P]break loop / s:        0 / s
[P]break / set :          0 %

[P]Throughput:            5238301.280 ops
[P]all request:           62561018 o

[P]GetThroughput:         2402683.113 ops
[P]SetThroughput:         2835618.167 ops

[P]Valid Entries:         2749387.995 / s
[P]set success:           2784960.185 / s

[P]get found:             1856414.620 / s

----------------------------------

[INFO]Current Time:       20.35 s

[P]indexs Load Factor:    40.2205 %

[P]full bucket LFactor:   8.1858 %

[P]set request:           37009391 
[P]get request:           30546616 

[P]Get Hit Rate:          84.0431 %
[P]ACC Hit Rate:          77.4807 %

[P]total cuckoo num:      41746 
[P]total cuckoo path:     3800 
[P]total cp perset:       0.000103 / set
[P]total cp percuckoo:    0.091027 / cuckoo num

[P]cuckoo path / s:       2181.059 / s
[P]cp per set * s:        0.000763 / set * s

[P]break loop / s:        0 / s
[P]break / set :          0 %

[P]Throughput:            5212615.457 ops
[P]all request:           67556007 o

[P]GetThroughput:         2347386.269 ops
[P]SetThroughput:         2865229.187 ops

[P]Valid Entries:         2827880.898 / s
[P]set success:           2859312.151 / s

[P]get found:             1972815.977 / s

----------------------------------

[INFO]Current Time:       21.30 s

[P]indexs Load Factor:    43.1264 %

[P]full bucket LFactor:   10.1734 %

[P]set request:           39678460 
[P]get request:           32858418 

[P]Get Hit Rate:          77.7042 %
[P]ACC Hit Rate:          77.4964 %

[P]total cuckoo num:      72661 
[P]total cuckoo path:     7682 
[P]total cp perset:       0.000195 / set
[P]total cp percuckoo:    0.105724 / cuckoo num

[P]cuckoo path / s:       4062.476 / s
[P]cp per set * s:        0.001438 / set * s

[P]break loop / s:        0 / s
[P]break / set :          0 %

[P]Throughput:            5212433.410 ops
[P]all request:           72536878 o

[P]GetThroughput:         2419278.472 ops
[P]SetThroughput:         2793154.938 ops

[P]Valid Entries:         2800322.350 / s
[P]set success:           2825753.112 / s

[P]get found:             1879881.768 / s

----------------------------------

[INFO]Current Time:       22.26 s

[P]indexs Load Factor:    45.9965 %

[P]full bucket LFactor:   12.3254 %

[P]set request:           42349722 
[P]get request:           35168997 

[P]Get Hit Rate:          78.3642 %
[P]ACC Hit Rate:          77.5534 %

[P]total cuckoo num:      118977 
[P]total cuckoo path:     14599 
[P]total cp perset:       0.000346 / set
[P]total cp percuckoo:    0.122704 / cuckoo num

[P]cuckoo path / s:       7178.908 / s
[P]cp per set * s:        0.002555 / set * s

[P]break loop / s:        0 / s
[P]break / set :          0 %

[P]Throughput:            5170475.721 ops
[P]all request:           77518719 o

[P]GetThroughput:         2398067.827 ops
[P]SetThroughput:         2772407.894 ops

[P]Valid Entries:         2744707.292 / s
[P]set success:           2809338.225 / s

[P]get found:             1879225.891 / s

----------------------------------

[INFO]Current Time:       23.22 s

[P]indexs Load Factor:    48.8017 %

[P]full bucket LFactor:   14.6012 %

[P]set request:           45018524 
[P]get request:           37336534 

[P]Get Hit Rate:          81.6075 %
[P]ACC Hit Rate:          77.7887 %

[P]total cuckoo num:      183783 
[P]total cuckoo path:     25628 
[P]total cp perset:       0.000571 / set
[P]total cp percuckoo:    0.139447 / cuckoo num

[P]cuckoo path / s:       11557.744 / s
[P]cp per set * s:        0.004137 / set * s

[P]break loop / s:        0 / s
[P]break / set :          0 %

[P]Throughput:            5068198.942 ops
[P]all request:           82355058 o

[P]GetThroughput:         2271451.346 ops
[P]SetThroughput:         2796747.596 ops

[P]Valid Entries:         2731997.405 / s
[P]set success:           2793593.293 / s

[P]get found:             1853673.863 / s

----------------------------------

[INFO]Current Time:       24.17 s

[P]indexs Load Factor:    51.4648 %

[P]full bucket LFactor:   16.9027 %

[P]set request:           47548788 
[P]get request:           39487396 

[P]Get Hit Rate:          78.7974 %
[P]ACC Hit Rate:          77.8437 %

[P]total cuckoo num:      269731 
[P]total cuckoo path:     42502 
[P]total cp perset:       0.000896 / set
[P]total cp percuckoo:    0.157572 / cuckoo num

[P]cuckoo path / s:       17653.470 / s
[P]cp per set * s:        0.006557 / set * s

[P]break loop / s:        0 / s
[P]break / set :          0 %

[P]Throughput:            4897363.855 ops
[P]all request:           87036184 o

[P]GetThroughput:         2250217.964 ops
[P]SetThroughput:         2647145.891 ops

[P]Valid Entries:         2636366.959 / s
[P]set success:           2692265.081 / s

[P]get found:             1773113.947 / s

----------------------------------

[INFO]Current Time:       25.13 s

[P]indexs Load Factor:    54.0843 %

[P]full bucket LFactor:   19.2837 %

[P]set request:           50090216 
[P]get request:           41575928 

[P]Get Hit Rate:          79.7378 %
[P]ACC Hit Rate:          77.9388 %

[P]total cuckoo num:      381210 
[P]total cuckoo path:     67371 
[P]total cp perset:       0.001349 / set
[P]total cp percuckoo:    0.176729 / cuckoo num

[P]cuckoo path / s:       26039.832 / s
[P]cp per set * s:        0.009913 / set * s

[P]break loop / s:        0 / s
[P]break / set :          0 %

[P]Throughput:            4847938.445 ops
[P]all request:           91666144 o

[P]GetThroughput:         2186860.054 ops
[P]SetThroughput:         2661078.391 ops

[P]Valid Entries:         2613832.048 / s
[P]set success:           2626783.380 / s

[P]get found:             1743753.605 / s

----------------------------------

[INFO]Current Time:       26.08 s

[P]indexs Load Factor:    56.5766 %

[P]full bucket LFactor:   21.6493 %

[P]set request:           52437334 
[P]get request:           43589805 

[P]Get Hit Rate:          77.0599 %
[P]ACC Hit Rate:          77.8982 %

[P]total cuckoo num:      517787 
[P]total cuckoo path:     102307 
[P]total cp perset:       0.001956 / set
[P]total cp percuckoo:    0.197585 / cuckoo num

[P]cuckoo path / s:       36948.937 / s
[P]cp per set * s:        0.014822 / set * s

[P]break loop / s:        0 / s
[P]break / set :          0 %

[P]Throughput:            4612266.109 ops
[P]all request:           96027139 o

[P]GetThroughput:         2129912.241 ops
[P]SetThroughput:         2482353.868 ops

[P]Valid Entries:         2516764.522 / s
[P]set success:           2492796.786 / s

[P]get found:             1641308.664 / s

----------------------------------

[INFO]Current Time:       27.02 s

[P]indexs Load Factor:    58.9615 %

[P]full bucket LFactor:   24.0030 %

[P]set request:           54749109 
[P]get request:           45423878 

[P]Get Hit Rate:          79.2524 %
[P]ACC Hit Rate:          77.9529 %

[P]total cuckoo num:      680502 
[P]total cuckoo path:     149185 
[P]total cp perset:       0.002732 / set
[P]total cp percuckoo:    0.219228 / cuckoo num

[P]cuckoo path / s:       49686.581 / s
[P]cp per set * s:        0.020218 / set * s

[P]break loop / s:        0 / s
[P]break / set :          0 %

[P]Throughput:            4394236.366 ops
[P]all request:           100172987 o

[P]GetThroughput:         1943957.008 ops
[P]SetThroughput:         2450279.358 ops

[P]Valid Entries:         2412726.656 / s
[P]set success:           2457562.017 / s

[P]get found:             1540631.662 / s

----------------------------------

[INFO]Current Time:       27.96 s

[P]indexs Load Factor:    61.1944 %

[P]full bucket LFactor:   26.2787 %

[P]set request:           56921197 
[P]get request:           47252664 

[P]Get Hit Rate:          76.7242 %
[P]ACC Hit Rate:          77.9054 %

[P]total cuckoo num:      868467 
[P]total cuckoo path:     210055 
[P]total cp perset:       0.003701 / set
[P]total cp percuckoo:    0.241869 / cuckoo num

[P]cuckoo path / s:       64825.869 / s
[P]cp per set * s:        0.028374 / set * s

[P]break loop / s:        0 / s
[P]break / set :          0 %

[P]Throughput:            4260886.035 ops
[P]all request:           104173861 o

[P]GetThroughput:         1947636.624 ops
[P]SetThroughput:         2313249.412 ops

[P]Valid Entries:         2314385.755 / s
[P]set success:           2284660.852 / s

[P]get found:             1494308.162 / s

----------------------------------

[INFO]Current Time:       28.89 s

[P]indexs Load Factor:    63.2871 %

[P]full bucket LFactor:   28.4728 %

[P]set request:           58921440 
[P]get request:           48960211 

[P]Get Hit Rate:          76.5130 %
[P]ACC Hit Rate:          77.8568 %

[P]total cuckoo num:      1077406 
[P]total cuckoo path:     285672 
[P]total cp perset:       0.004856 / set
[P]total cp percuckoo:    0.265148 / cuckoo num

[P]cuckoo path / s:       81009.993 / s
[P]cp per set * s:        0.036529 / set * s

[P]break loop / s:        0 / s
[P]break / set :          0 %

[P]Throughput:            3972229.036 ops
[P]all request:           107881651 o

[P]GetThroughput:         1829329.000 ops
[P]SetThroughput:         2142900.036 ops

[P]Valid Entries:         2180334.094 / s
[P]set success:           2217695.303 / s

[P]get found:             1399675.102 / s

----------------------------------

[INFO]Current Time:       29.82 s

[P]indexs Load Factor:    65.2463 %

[P]full bucket LFactor:   30.5788 %

[P]set request:           60858937 
[P]get request:           50561341 

[P]Get Hit Rate:          75.1682 %
[P]ACC Hit Rate:          77.7717 %

[P]total cuckoo num:      1306272 
[P]total cuckoo path:     377873 
[P]total cp perset:       0.006221 / set
[P]total cp percuckoo:    0.289276 / cuckoo num

[P]cuckoo path / s:       99343.937 / s
[P]cp per set * s:        0.048168 / set * s

[P]break loop / s:        0 / s
[P]break / set :          0 %

[P]Throughput:            3812769.237 ops
[P]all request:           111420278 o

[P]GetThroughput:         1725171.715 ops
[P]SetThroughput:         2087597.523 ops

[P]Valid Entries:         2060189.884 / s
[P]set success:           2062460.116 / s

[P]get found:             1296779.878 / s

----------------------------------

[INFO]Current Time:       30.75 s

[P]indexs Load Factor:    67.0810 %

[P]full bucket LFactor:   32.6022 %

[P]set request:           62653924 
[P]get request:           52019732 

[P]Get Hit Rate:          79.7849 %
[P]ACC Hit Rate:          77.8281 %

[P]total cuckoo num:      1551422 
[P]total cuckoo path:     486432 
[P]total cp perset:       0.007774 / set
[P]total cp percuckoo:    0.313539 / cuckoo num

[P]cuckoo path / s:       117168.169 / s
[P]cp per set * s:        0.059339 / set * s

[P]break loop / s:        0 / s
[P]break / set :          0 %

[P]Throughput:            3511384.072 ops
[P]all request:           114673656 o

[P]GetThroughput:         1574047.322 ops
[P]SetThroughput:         1937336.750 ops

[P]Valid Entries:         1943613.983 / s
[P]set success:           1974558.709 / s

[P]get found:             1255852.297 / s

----------------------------------

[INFO]Current Time:       31.67 s

[P]indexs Load Factor:    68.7856 %

[P]full bucket LFactor:   34.5237 %

[P]set request:           64356849 
[P]get request:           53422901 

[P]Get Hit Rate:          77.3864 %
[P]ACC Hit Rate:          77.8165 %

[P]total cuckoo num:      1809814 
[P]total cuckoo path:     611787 
[P]total cp perset:       0.009518 / set
[P]total cp percuckoo:    0.338039 / cuckoo num

[P]cuckoo path / s:       135904.880 / s
[P]cp per set * s:        0.073342 / set * s

[P]break loop / s:        0 / s
[P]break / set :          0 %

[P]Throughput:            3367502.963 ops
[P]all request:           117779750 o

[P]GetThroughput:         1521259.744 ops
[P]SetThroughput:         1846243.218 ops

[P]Valid Entries:         1824509.062 / s
[P]set success:           1853033.312 / s

[P]get found:             1177248.178 / s

----------------------------------

[INFO]Current Time:       32.58 s

[P]indexs Load Factor:    70.3740 %

[P]full bucket LFactor:   36.3563 %

[P]set request:           65948707 
[P]get request:           54712968 

[P]Get Hit Rate:          78.4615 %
[P]ACC Hit Rate:          77.8317 %

[P]total cuckoo num:      2077949 
[P]total cuckoo path:     754079 
[P]total cp perset:       0.011447 / set
[P]total cp percuckoo:    0.362896 / cuckoo num

[P]cuckoo path / s:       155216.925 / s
[P]cp per set * s:        0.089065 / set * s

[P]break loop / s:        0 / s
[P]break / set :          0 %

[P]Throughput:            3143701.231 ops
[P]all request:           120661675 o

[P]GetThroughput:         1407248.702 ops
[P]SetThroughput:         1736452.529 ops

[P]Valid Entries:         1716788.068 / s
[P]set success:           1742744.458 / s

[P]get found:             1104148.529 / s

----------------------------------

[INFO]Current Time:       33.50 s

[P]indexs Load Factor:    71.8509 %

[P]full bucket LFactor:   38.0971 %

[P]set request:           67439743 
[P]get request:           55920598 

[P]Get Hit Rate:          78.3829 %
[P]ACC Hit Rate:          77.8436 %

[P]total cuckoo num:      2355612 
[P]total cuckoo path:     913591 
[P]total cp perset:       0.013560 / set
[P]total cp percuckoo:    0.387836 / cuckoo num

[P]cuckoo path / s:       174916.141 / s
[P]cp per set * s:        0.106624 / set * s

[P]break loop / s:        0 / s
[P]break / set :          0 %

[P]Throughput:            2959277.309 ops
[P]all request:           123360341 o

[P]GetThroughput:         1324251.336 ops
[P]SetThroughput:         1635025.973 ops

[P]Valid Entries:         1617111.302 / s
[P]set success:           1640492.376 / s

[P]get found:             1037986.145 / s

----------------------------------

[INFO]Current Time:       34.41 s

[P]indexs Load Factor:    73.2179 %

[P]full bucket LFactor:   39.7363 %

[P]set request:           68809991 
[P]get request:           57046517 

[P]Get Hit Rate:          77.2222 %
[P]ACC Hit Rate:          77.8313 %

[P]total cuckoo num:      2634176 
[P]total cuckoo path:     1086244 
[P]total cp perset:       0.015800 / set
[P]total cp percuckoo:    0.412366 / cuckoo num

[P]cuckoo path / s:       189671.903 / s
[P]cp per set * s:        0.125600 / set * s

[P]break loop / s:        0 / s
[P]break / set :          0 %

[P]Throughput:            2742221.359 ops
[P]all request:           125856508 o

[P]GetThroughput:         1236904.073 ops
[P]SetThroughput:         1505317.285 ops

[P]Valid Entries:         1489435.217 / s
[P]set success:           1510132.330 / s

[P]get found:             955164.074 / s

----------------------------------

[INFO]Current Time:       35.31 s

[P]indexs Load Factor:    74.4441 %

[P]full bucket LFactor:   41.2346 %

[P]set request:           70060852 
[P]get request:           58072138 

[P]Get Hit Rate:          75.7730 %
[P]ACC Hit Rate:          77.7950 %

[P]total cuckoo num:      2908824 
[P]total cuckoo path:     1269496 
[P]total cp perset:       0.018135 / set
[P]total cp percuckoo:    0.436429 / cuckoo num

[P]cuckoo path / s:       202635.262 / s
[P]cp per set * s:        0.146146 / set * s

[P]break loop / s:        0 / s
[P]break / set :          0 %

[P]Throughput:            2517274.172 ops
[P]all request:           128132990 o

[P]GetThroughput:         1134104.840 ops
[P]SetThroughput:         1383169.332 ops

[P]Valid Entries:         1367612.201 / s
[P]set success:           1386526.462 / s

[P]get found:             859345.481 / s

----------------------------------

[INFO]Current Time:       36.21 s

[P]indexs Load Factor:    75.6415 %

[P]full bucket LFactor:   42.7262 %

[P]set request:           71253691 
[P]get request:           59065732 

[P]Get Hit Rate:          77.0055 %
[P]ACC Hit Rate:          77.7817 %

[P]total cuckoo num:      3195679 
[P]total cuckoo path:     1475702 
[P]total cp perset:       0.020721 / set
[P]total cp percuckoo:    0.461780 / cuckoo num

[P]cuckoo path / s:       229067.630 / s
[P]cp per set * s:        0.169651 / set * s

[P]break loop / s:        0 / s
[P]break / set :          0 %

[P]Throughput:            2428838.276 ops
[P]all request:           130319423 o

[P]GetThroughput:         1103751.699 ops
[P]SetThroughput:         1325086.577 ops

[P]Valid Entries:         1332383.868 / s
[P]set success:           1350226.629 / s

[P]get found:             849949.484 / s

----------------------------------

[INFO]Current Time:       37.10 s

[P]indexs Load Factor:    76.7653 %

[P]full bucket LFactor:   44.1509 %

[P]set request:           72392172 
[P]get request:           59984151 

[P]Get Hit Rate:          78.2048 %
[P]ACC Hit Rate:          77.7882 %

[P]total cuckoo num:      3483557 
[P]total cuckoo path:     1696653 
[P]total cp perset:       0.023448 / set
[P]total cp percuckoo:    0.487046 / cuckoo num

[P]cuckoo path / s:       248330.436 / s
[P]cp per set * s:        0.193578 / set * s

[P]break loop / s:        0 / s
[P]break / set :          0 %

[P]Throughput:            2311783.491 ops
[P]all request:           132376323 o

[P]GetThroughput:         1032226.108 ops
[P]SetThroughput:         1279557.383 ops

[P]Valid Entries:         1266192.894 / s
[P]set success:           1282847.086 / s

[P]get found:             807250.653 / s

----------------------------------

[INFO]Current Time:       37.99 s

[P]indexs Load Factor:    77.8289 %

[P]full bucket LFactor:   45.5251 %

[P]set request:           73462291 
[P]get request:           60859748 

[P]Get Hit Rate:          76.9212 %
[P]ACC Hit Rate:          77.7757 %

[P]total cuckoo num:      3772753 
[P]total cuckoo path:     1933155 
[P]total cp perset:       0.026326 / set
[P]total cp percuckoo:    0.512399 / cuckoo num

[P]cuckoo path / s:       266850.371 / s
[P]cp per set * s:        0.220464 / set * s

[P]break loop / s:        0 / s
[P]break / set :          0 %

[P]Throughput:            2195393.854 ops
[P]all request:           134322039 o

[P]GetThroughput:         987955.217 ops
[P]SetThroughput:         1207438.637 ops

[P]Valid Entries:         1195398.315 / s
[P]set success:           1210403.867 / s

[P]get found:             759947.325 / s

----------------------------------

[INFO]Current Time:       38.88 s

[P]indexs Load Factor:    78.8244 %

[P]full bucket LFactor:   46.8366 %

[P]set request:           74460272 
[P]get request:           61688494 

[P]Get Hit Rate:          76.8595 %
[P]ACC Hit Rate:          77.7634 %

[P]total cuckoo num:      4062182 
[P]total cuckoo path:     2185490 
[P]total cp perset:       0.029356 / set
[P]total cp percuckoo:    0.538009 / cuckoo num

[P]cuckoo path / s:       283948.407 / s
[P]cp per set * s:        0.248371 / set * s

[P]break loop / s:        0 / s
[P]break / set :          0 %

[P]Throughput:            2055585.716 ops
[P]all request:           136148766 o

[P]GetThroughput:         932574.183 ops
[P]SetThroughput:         1123011.533 ops

[P]Valid Entries:         1129261.357 / s
[P]set success:           1143245.255 / s

[P]get found:             716771.818 / s

----------------------------------

[INFO]Current Time:       39.76 s

[P]indexs Load Factor:    79.7233 %

[P]full bucket LFactor:   48.0451 %

[P]set request:           75409084 
[P]get request:           62463861 

[P]Get Hit Rate:          76.8403 %
[P]ACC Hit Rate:          77.7519 %

[P]total cuckoo num:      4348339 
[P]total cuckoo path:     2452237 
[P]total cp perset:       0.032524 / set
[P]total cp percuckoo:    0.563948 / cuckoo num

[P]cuckoo path / s:       301115.711 / s
[P]cp per set * s:        0.280537 / set * s

[P]break loop / s:        0 / s
[P]break / set :          0 %

[P]Throughput:            1946328.866 ops
[P]all request:           137872945 o

[P]GetThroughput:         875268.272 ops
[P]SetThroughput:         1071060.594 ops

[P]Valid Entries:         1060456.235 / s
[P]set success:           1073355.534 / s

[P]get found:             672558.395 / s

----------------------------------

[INFO]Current Time:       40.64 s

[P]indexs Load Factor:    80.5620 %

[P]full bucket LFactor:   49.1818 %

[P]set request:           76250922 
[P]get request:           63150972 

[P]Get Hit Rate:          75.5686 %
[P]ACC Hit Rate:          77.7282 %

[P]total cuckoo num:      4615005 
[P]total cuckoo path:     2713775 
[P]total cp perset:       0.035594 / set
[P]total cp percuckoo:    0.588033 / cuckoo num

[P]cuckoo path / s:       297300.261 / s
[P]cp per set * s:        0.310168 / set * s

[P]break loop / s:        0 / s
[P]break / set :          0 %

[P]Throughput:            1738014.881 ops
[P]all request:           139401894 o

[P]GetThroughput:         781065.387 ops
[P]SetThroughput:         956949.494 ops

[P]Valid Entries:         947280.398 / s
[P]set success:           958512.509 / s

[P]get found:             590239.993 / s

----------------------------------

[INFO]Current Time:       41.52 s

[P]indexs Load Factor:    81.3839 %

[P]full bucket LFactor:   50.3162 %

[P]set request:           77050048 
[P]get request:           63824162 

[P]Get Hit Rate:          76.7798 %
[P]ACC Hit Rate:          77.7182 %

[P]total cuckoo num:      4887964 
[P]total cuckoo path:     2998449 
[P]total cp perset:       0.038907 / set
[P]total cp percuckoo:    0.613435 / cuckoo num

[P]cuckoo path / s:       324422.639 / s
[P]cp per set * s:        0.344578 / set * s

[P]break loop / s:        0 / s
[P]break / set :          0 %

[P]Throughput:            1677893.456 ops
[P]all request:           140874210 o

[P]GetThroughput:         767186.593 ops
[P]SetThroughput:         910706.863 ops

[P]Valid Entries:         930738.115 / s
[P]set success:           941507.606 / s

[P]get found:             589044.405 / s

----------------------------------

[INFO]Current Time:       42.40 s

[P]indexs Load Factor:    82.1516 %

[P]full bucket LFactor:   51.3982 %

[P]set request:           77847752 
[P]get request:           64474490 

[P]Get Hit Rate:          76.7179 %
[P]ACC Hit Rate:          77.7081 %

[P]total cuckoo num:      5163703 
[P]total cuckoo path:     3302579 
[P]total cp perset:       0.042413 / set
[P]total cp percuckoo:    0.639576 / cuckoo num

[P]cuckoo path / s:       346936.400 / s
[P]cp per set * s:        0.380805 / set * s

[P]break loop / s:        0 / s
[P]break / set :          0 %

[P]Throughput:            1651842.994 ops
[P]all request:           142322242 o

[P]GetThroughput:         741861.886 ops
[P]SetThroughput:         909981.108 ops

[P]Valid Entries:         901090.100 / s
[P]set success:           911060.258 / s

[P]get found:             569140.877 / s

----------------------------------

[INFO]Current Time:       43.26 s

[P]indexs Load Factor:    82.8822 %

[P]full bucket LFactor:   52.4492 %

[P]set request:           78588558 
[P]get request:           65078050 

[P]Get Hit Rate:          76.6191 %
[P]ACC Hit Rate:          77.6980 %

[P]total cuckoo num:      5430530 
[P]total cuckoo path:     3612410 
[P]total cp perset:       0.045955 / set
[P]total cp percuckoo:    0.665204 / cuckoo num

[P]cuckoo path / s:       360223.310 / s
[P]cp per set * s:        0.417672 / set * s

[P]break loop / s:        0 / s
[P]break / set :          0 %

[P]Throughput:            1563019.744 ops
[P]all request:           143666608 o

[P]GetThroughput:         701725.718 ops
[P]SetThroughput:         861294.026 ops

[P]Valid Entries:         853263.640 / s
[P]set success:           862454.345 / s

[P]get found:             537655.651 / s

----------------------------------

[INFO]Current Time:       44.12 s

[P]indexs Load Factor:    83.5384 %

[P]full bucket LFactor:   53.4086 %

[P]set request:           79264996 
[P]get request:           65629434 

[P]Get Hit Rate:          76.7059 %
[P]ACC Hit Rate:          77.6897 %

[P]total cuckoo num:      5683346 
[P]total cuckoo path:     3920648 
[P]total cp perset:       0.049450 / set
[P]total cp percuckoo:    0.689849 / cuckoo num

[P]cuckoo path / s:       356272.427 / s
[P]cp per set * s:        0.455079 / set * s

[P]break loop / s:        0 / s
[P]break / set :          0 %

[P]Throughput:            1419160.271 ops
[P]all request:           144894430 o

[P]GetThroughput:         637309.208 ops
[P]SetThroughput:         781851.063 ops

[P]Valid Entries:         774601.662 / s
[P]set success:           782879.756 / s

[P]get found:             488853.695 / s

----------------------------------

[INFO]Current Time:       44.99 s

[P]indexs Load Factor:    84.1837 %

[P]full bucket LFactor:   54.3669 %

[P]set request:           79926673 
[P]get request:           66168340 

[P]Get Hit Rate:          76.6772 %
[P]ACC Hit Rate:          77.6814 %

[P]total cuckoo num:      5939459 
[P]total cuckoo path:     4251405 
[P]total cp perset:       0.053184 / set
[P]total cp percuckoo:    0.715790 / cuckoo num

[P]cuckoo path / s:       382339.565 / s
[P]cp per set * s:        0.507298 / set * s

[P]break loop / s:        0 / s
[P]break / set :          0 %

[P]Throughput:            1387817.590 ops
[P]all request:           146095013 o

[P]GetThroughput:         622950.038 ops
[P]SetThroughput:         764867.551 ops

[P]Valid Entries:         757857.852 / s
[P]set success:           753677.926 / s

[P]get found:             477660.611 / s

----------------------------------

[INFO]Current Time:       45.85 s

[P]indexs Load Factor:    84.7848 %

[P]full bucket LFactor:   55.2770 %

[P]set request:           80552332 
[P]get request:           66677413 

[P]Get Hit Rate:          76.6151 %
[P]ACC Hit Rate:          77.6733 %

[P]total cuckoo num:      6190613 
[P]total cuckoo path:     4592719 
[P]total cp perset:       0.057007 / set
[P]total cp percuckoo:    0.741884 / cuckoo num

[P]cuckoo path / s:       397112.720 / s
[P]cp per set * s:        0.545202 / set * s

[P]break loop / s:        0 / s
[P]break / set :          0 %

[P]Throughput:            1320240.337 ops
[P]all request:           147229745 o

[P]GetThroughput:         592297.308 ops
[P]SetThroughput:         727943.029 ops

[P]Valid Entries:         720876.039 / s
[P]set success:           728377.008 / s

[P]get found:             453789.422 / s

----------------------------------

[INFO]Current Time:       46.70 s

[P]indexs Load Factor:    85.3592 %

[P]full bucket LFactor:   56.1575 %

[P]set request:           81139981 
[P]get request:           67155307 

[P]Get Hit Rate:          76.5048 %
[P]ACC Hit Rate:          77.6650 %

[P]total cuckoo num:      6434126 
[P]total cuckoo path:     4940552 
[P]total cp perset:       0.060881 / set
[P]total cp percuckoo:    0.767867 / cuckoo num

[P]cuckoo path / s:       409315.454 / s
[P]cp per set * s:        0.591526 / set * s

[P]break loop / s:        0 / s
[P]break / set :          0 %

[P]Throughput:            1253886.828 ops
[P]all request:           148295288 o

[P]GetThroughput:         562365.847 ops
[P]SetThroughput:         691520.981 ops

[P]Valid Entries:         685093.526 / s
[P]set success:           691965.796 / s

[P]get found:             430237.044 / s

----------------------------------

[INFO]Current Time:       47.55 s

[P]indexs Load Factor:    85.8999 %

[P]full bucket LFactor:   57.0028 %

[P]set request:           81697938 
[P]get request:           67608919 

[P]Get Hit Rate:          76.5319 %
[P]ACC Hit Rate:          77.6574 %

[P]total cuckoo num:      6672230 
[P]total cuckoo path:     5297885 
[P]total cp perset:       0.064838 / set
[P]total cp percuckoo:    0.794020 / cuckoo num

[P]cuckoo path / s:       417236.520 / s
[P]cp per set * s:        0.639962 / set * s

[P]break loop / s:        0 / s
[P]break / set :          0 %

[P]Throughput:            1181149.038 ops
[P]all request:           149306857 o

[P]GetThroughput:         529655.790 ops
[P]SetThroughput:         651493.249 ops

[P]Valid Entries:         645748.457 / s
[P]set success:           651970.814 / s

[P]get found:             405355.777 / s

----------------------------------

[INFO]Current Time:       48.41 s

[P]indexs Load Factor:    86.4018 %

[P]full bucket LFactor:   57.7966 %

[P]set request:           82226860 
[P]get request:           68038793 

[P]Get Hit Rate:          76.6066 %
[P]ACC Hit Rate:          77.6507 %

[P]total cuckoo num:      6904756 
[P]total cuckoo path:     5666962 
[P]total cp perset:       0.068908 / set
[P]total cp percuckoo:    0.820733 / cuckoo num

[P]cuckoo path / s:       430698.219 / s
[P]cp per set * s:        0.697591 / set * s

[P]break loop / s:        0 / s
[P]break / set :          0 %

[P]Throughput:            1118876.900 ops
[P]all request:           150265653 o

[P]GetThroughput:         501645.906 ops
[P]SetThroughput:         617230.993 ops

[P]Valid Entries:         611594.575 / s
[P]set success:           617408.371 / s

[P]get found:             384294.041 / s

----------------------------------

[INFO]Current Time:       49.25 s

[P]indexs Load Factor:    86.8820 %

[P]full bucket LFactor:   58.5653 %

[P]set request:           82718407 
[P]get request:           68438248 

[P]Get Hit Rate:          76.5270 %
[P]ACC Hit Rate:          77.6442 %

[P]total cuckoo num:      7126553 
[P]total cuckoo path:     6035612 
[P]total cp perset:       0.072955 / set
[P]total cp percuckoo:    0.846919 / cuckoo num

[P]cuckoo path / s:       437856.851 / s
[P]cp per set * s:        0.749545 / set * s

[P]break loop / s:        0 / s
[P]break / set :          0 %

[P]Throughput:            1058270.256 ops
[P]all request:           151156655 o

[P]GetThroughput:         474444.889 ops
[P]SetThroughput:         583825.367 ops

[P]Valid Entries:         578662.303 / s
[P]set success:           584163.870 / s

[P]get found:             363078.526 / s

----------------------------------

[INFO]Current Time:       50.10 s

[P]indexs Load Factor:    87.3055 %

[P]full bucket LFactor:   59.2562 %

[P]set request:           83170981 
[P]get request:           68805849 

[P]Get Hit Rate:          76.5518 %
[P]ACC Hit Rate:          77.6383 %

[P]total cuckoo num:      7335929 
[P]total cuckoo path:     6400594 
[P]total cp perset:       0.076945 / set
[P]total cp percuckoo:    0.872499 / cuckoo num

[P]cuckoo path / s:       429096.721 / s
[P]cp per set * s:        0.806237 / set * s

[P]break loop / s:        0 / s
[P]break / set :          0 %

[P]Throughput:            964251.397 ops
[P]all request:           151976830 o

[P]GetThroughput:         432175.789 ops
[P]SetThroughput:         532075.608 ops

[P]Valid Entries:         527267.136 / s
[P]set success:           532221.390 / s

[P]get found:             330838.131 / s

----------------------------------

[INFO]Current Time:       50.95 s

[P]indexs Load Factor:    87.7258 %

[P]full bucket LFactor:   59.9484 %

[P]set request:           83602115 
[P]get request:           69155871 

[P]Get Hit Rate:          76.4586 %
[P]ACC Hit Rate:          77.6324 %

[P]total cuckoo num:      7539822 
[P]total cuckoo path:     6772304 
[P]total cp perset:       0.080994 / set
[P]total cp percuckoo:    0.898205 / cuckoo num

[P]cuckoo path / s:       440402.696 / s
[P]cp per set * s:        0.862078 / set * s

[P]break loop / s:        0 / s
[P]break / set :          0 %

[P]Throughput:            925515.075 ops
[P]all request:           152757986 o

[P]GetThroughput:         414706.714 ops
[P]SetThroughput:         510808.361 ops

[P]Valid Entries:         506358.245 / s
[P]set success:           510861.677 / s

[P]get found:             317079.041 / s

----------------------------------

[INFO]Current Time:       51.80 s

[P]indexs Load Factor:    88.1261 %

[P]full bucket LFactor:   60.6154 %

[P]set request:           84020663 
[P]get request:           69495381 

[P]Get Hit Rate:          75.1442 %
[P]ACC Hit Rate:          77.6202 %

[P]total cuckoo num:      7742257 
[P]total cuckoo path:     7161412 
[P]total cp perset:       0.085221 / set
[P]total cp percuckoo:    0.924977 / cuckoo num

[P]cuckoo path / s:       457970.837 / s
[P]cp per set * s:        0.929746 / set * s

[P]break loop / s:        0 / s
[P]break / set :          0 %

[P]Throughput:            892216.189 ops
[P]all request:           153516044 o

[P]GetThroughput:         399595.174 ops
[P]SetThroughput:         492621.015 ops

[P]Valid Entries:         488247.372 / s
[P]set success:           492576.290 / s

[P]get found:             300272.510 / s

----------------------------------

[INFO]Current Time:       52.64 s

[P]indexs Load Factor:    88.5049 %

[P]full bucket LFactor:   61.2594 %

[P]set request:           84419596 
[P]get request:           69819551 

[P]Get Hit Rate:          76.5429 %
[P]ACC Hit Rate:          77.6152 %

[P]total cuckoo num:      7939122 
[P]total cuckoo path:     7556406 
[P]total cp perset:       0.089497 / set
[P]total cp percuckoo:    0.951794 / cuckoo num

[P]cuckoo path / s:       468896.265 / s
[P]cp per set * s:        0.989506 / set * s

[P]break loop / s:        0 / s
[P]break / set :          0 %

[P]Throughput:            858393.534 ops
[P]all request:           154239147 o

[P]GetThroughput:         384821.294 ops
[P]SetThroughput:         473572.241 ops

[P]Valid Entries:         469736.730 / s
[P]set success:           473869.015 / s

[P]get found:             294553.237 / s

----------------------------------

[INFO]Current Time:       53.48 s

[P]indexs Load Factor:    88.8591 %

[P]full bucket LFactor:   61.8645 %

[P]set request:           84795936 
[P]get request:           70124792 

[P]Get Hit Rate:          76.4291 %
[P]ACC Hit Rate:          77.6100 %

[P]total cuckoo num:      8129241 
[P]total cuckoo path:     7956903 
[P]total cp perset:       0.093822 / set
[P]total cp percuckoo:    0.978800 / cuckoo num

[P]cuckoo path / s:       475150.756 / s
[P]cp per set * s:        1.063760 / set * s

[P]break loop / s:        0 / s
[P]break / set :          0 %

[P]Throughput:            808629.596 ops
[P]all request:           154920728 o

[P]GetThroughput:         362138.772 ops
[P]SetThroughput:         446490.824 ops

[P]Valid Entries:         442771.451 / s
[P]set success:           446671.157 / s

[P]get found:             276779.465 / s

----------------------------------

[INFO]Current Time:       54.32 s

[P]indexs Load Factor:    89.1900 %

[P]full bucket LFactor:   62.4394 %

[P]set request:           85150329 
[P]get request:           70412400 

[P]Get Hit Rate:          75.2455 %
[P]ACC Hit Rate:          77.6004 %

[P]total cuckoo num:      8311645 
[P]total cuckoo path:     8359266 
[P]total cp perset:       0.098156 / set
[P]total cp percuckoo:    1.005729 / cuckoo num

[P]cuckoo path / s:       479628.202 / s
[P]cp per set * s:        1.135496 / set * s

[P]break loop / s:        0 / s
[P]break / set :          0 %

[P]Throughput:            765283.550 ops
[P]all request:           155562729 o

[P]GetThroughput:         342836.960 ops
[P]SetThroughput:         422446.590 ops

[P]Valid Entries:         418844.280 / s
[P]set success:           422395.333 / s

[P]get found:             257969.292 / s

----------------------------------

[INFO]Current Time:       55.15 s

[P]indexs Load Factor:    89.5043 %

[P]full bucket LFactor:   62.9895 %

[P]set request:           85482934 
[P]get request:           70682147 

[P]Get Hit Rate:          76.3968 %
[P]ACC Hit Rate:          77.5958 %

[P]total cuckoo num:      8485480 
[P]total cuckoo path:     8761161 
[P]total cp perset:       0.102475 / set
[P]total cp percuckoo:    1.032489 / cuckoo num

[P]cuckoo path / s:       486045.598 / s
[P]cp per set * s:        1.208115 / set * s

[P]break loop / s:        0 / s
[P]break / set :          0 %

[P]Throughput:            728475.194 ops
[P]all request:           156165081 o

[P]GetThroughput:         326227.850 ops
[P]SetThroughput:         402247.344 ops

[P]Valid Entries:         398990.471 / s
[P]set success:           402317.488 / s

[P]get found:             249227.546 / s

----------------------------------

[INFO]Current Time:       55.98 s

[P]indexs Load Factor:    89.7989 %

[P]full bucket LFactor:   63.5098 %

[P]set request:           85799490 
[P]get request:           70938425 

[P]Get Hit Rate:          76.2266 %
[P]ACC Hit Rate:          77.5908 %

[P]total cuckoo num:      8653929 
[P]total cuckoo path:     9168982 
[P]total cp perset:       0.106849 / set
[P]total cp percuckoo:    1.059517 / cuckoo num

[P]cuckoo path / s:       488060.527 / s
[P]cp per set * s:        1.288200 / set * s

[P]break loop / s:        0 / s
[P]break / set :          0 %

[P]Throughput:            685540.136 ops
[P]all request:           156737915 o

[P]GetThroughput:         306701.165 ops
[P]SetThroughput:         378838.972 ops

[P]Valid Entries:         375843.502 / s
[P]set success:           378870.087 / s

[P]get found:             233787.863 / s

----------------------------------

[INFO]Current Time:       56.81 s

[P]indexs Load Factor:    90.0774 %

[P]full bucket LFactor:   64.0133 %

[P]set request:           86102232 
[P]get request:           71183237 

[P]Get Hit Rate:          76.1290 %
[P]ACC Hit Rate:          77.5858 %

[P]total cuckoo num:      8817907 
[P]total cuckoo path:     9580023 
[P]total cp perset:       0.111247 / set
[P]total cp percuckoo:    1.086428 / cuckoo num

[P]cuckoo path / s:       495544.750 / s
[P]cp per set * s:        1.358068 / set * s

[P]break loop / s:        0 / s
[P]break / set :          0 %

[P]Throughput:            660122.738 ops
[P]all request:           157285469 o

[P]GetThroughput:         295141.607 ops
[P]SetThroughput:         364981.130 ops

[P]Valid Entries:         362067.232 / s
[P]set success:           364889.506 / s

[P]get found:             224688.442 / s

----------------------------------

[INFO]Current Time:       57.65 s

[P]indexs Load Factor:    90.3321 %

[P]full bucket LFactor:   64.4740 %

[P]set request:           86373431 
[P]get request:           71402830 

[P]Get Hit Rate:          76.2597 %
[P]ACC Hit Rate:          77.5817 %

[P]total cuckoo num:      8966730 
[P]total cuckoo path:     9970201 
[P]total cp perset:       0.115414 / set
[P]total cp percuckoo:    1.111910 / cuckoo num

[P]cuckoo path / s:       467789.386 / s
[P]cp per set * s:        1.438343 / set * s

[P]break loop / s:        0 / s
[P]break / set :          0 %

[P]Throughput:            588416.795 ops
[P]all request:           157776261 o

[P]GetThroughput:         263272.851 ops
[P]SetThroughput:         325143.944 ops

[P]Valid Entries:         322643.012 / s
[P]set success:           325227.867 / s

[P]get found:             200771.131 / s

----------------------------------

[INFO]Current Time:       58.48 s

[P]indexs Load Factor:    90.5855 %

[P]full bucket LFactor:   64.9392 %

[P]set request:           86651568 
[P]get request:           71628156 

[P]Get Hit Rate:          76.3334 %
[P]ACC Hit Rate:          77.5778 %

[P]total cuckoo num:      9121795 
[P]total cuckoo path:     10394659 
[P]total cp perset:       0.119941 / set
[P]total cp percuckoo:    1.139541 / cuckoo num

[P]cuckoo path / s:       509461.153 / s
[P]cp per set * s:        1.525905 / set * s

[P]break loop / s:        0 / s
[P]break / set :          0 %

[P]Throughput:            604287.917 ops
[P]all request:           158279724 o

[P]GetThroughput:         270450.419 ops
[P]SetThroughput:         333837.498 ops

[P]Valid Entries:         331340.952 / s
[P]set success:           333874.706 / s

[P]get found:             206444.004 / s

----------------------------------

[INFO]Current Time:       59.31 s

[P]indexs Load Factor:    90.8275 %

[P]full bucket LFactor:   65.3858 %

[P]set request:           86916496 
[P]get request:           71842757 

[P]Get Hit Rate:          76.2806 %
[P]ACC Hit Rate:          77.5739 %

[P]total cuckoo num:      9271711 
[P]total cuckoo path:     10819993 
[P]total cp perset:       0.124469 / set
[P]total cp percuckoo:    1.166990 / cuckoo num

[P]cuckoo path / s:       514042.862 / s
[P]cp per set * s:        1.605422 / set * s

[P]break loop / s:        0 / s
[P]break / set :          0 %

[P]Throughput:            579540.924 ops
[P]all request:           158759253 o

[P]GetThroughput:         259358.791 ops
[P]SetThroughput:         320182.133 ops

[P]Valid Entries:         317673.156 / s
[P]set success:           320191.801 / s

[P]get found:             197840.526 / s

----------------------------------

[INFO]Current Time:       60.14 s

[P]indexs Load Factor:    91.0532 %

[P]full bucket LFactor:   65.8058 %

[P]set request:           87170190 
[P]get request:           72047999 

[P]Get Hit Rate:          76.2256 %
[P]ACC Hit Rate:          77.5701 %

[P]total cuckoo num:      9416676 
[P]total cuckoo path:     11249216 
[P]total cp perset:       0.129030 / set
[P]total cp percuckoo:    1.194606 / cuckoo num

[P]cuckoo path / s:       516949.980 / s
[P]cp per set * s:        1.691786 / set * s

[P]break loop / s:        0 / s
[P]break / set :          0 %

[P]Throughput:            552735.888 ops
[P]all request:           159218189 o

[P]GetThroughput:         247190.500 ops
[P]SetThroughput:         305545.388 ops

[P]Valid Entries:         303200.450 / s
[P]set success:           305564.658 / s

[P]get found:             188422.507 / s

----------------------------------

[INFO]Current Time:       60.95 s

[P]indexs Load Factor:    91.2684 %

[P]full bucket LFactor:   66.2112 %

[P]set request:           87410301 
[P]get request:           72242382 

[P]Get Hit Rate:          76.2860 %
[P]ACC Hit Rate:          77.5666 %

[P]total cuckoo num:      9556252 
[P]total cuckoo path:     11677255 
[P]total cp perset:       0.133577 / set
[P]total cp percuckoo:    1.221949 / cuckoo num

[P]cuckoo path / s:       523711.725 / s
[P]cp per set * s:        1.812173 / set * s

[P]break loop / s:        0 / s
[P]break / set :          0 %

[P]Throughput:            531609.508 ops
[P]all request:           159652683 o

[P]GetThroughput:         237830.329 ops
[P]SetThroughput:         293779.179 ops

[P]Valid Entries:         291633.135 / s
[P]set success:           288996.463 / s

[P]get found:             181431.226 / s

----------------------------------

[INFO]Current Time:       61.77 s

[P]indexs Load Factor:    91.4257 %

[P]full bucket LFactor:   66.5135 %

[P]set request:           87612325 
[P]get request:           72405198 

[P]Get Hit Rate:          75.6523 %
[P]ACC Hit Rate:          77.5623 %

[P]total cuckoo num:      9674376 
[P]total cuckoo path:     12054436 
[P]total cp perset:       0.137574 / set
[P]total cp percuckoo:    1.246017 / cuckoo num

[P]cuckoo path / s:       461778.827 / s
[P]cp per set * s:        1.866512 / set * s

[P]break loop / s:        0 / s
[P]break / set :          0 %

[P]Throughput:            446669.867 ops
[P]all request:           160017523 o

[P]GetThroughput:         199333.958 ops
[P]SetThroughput:         247335.910 ops

[P]Valid Entries:         245517.839 / s
[P]set success:           247402.021 / s

[P]get found:             150800.664 / s

----------------------------------

[INFO]Current Time:       62.60 s

[P]indexs Load Factor:    91.5682 %

[P]full bucket LFactor:   66.7838 %

[P]set request:           87774111 
[P]get request:           72534938 

[P]Get Hit Rate:          75.1125 %
[P]ACC Hit Rate:          77.5579 %

[P]total cuckoo num:      9769950 
[P]total cuckoo path:     12368732 
[P]total cp perset:       0.140901 / set
[P]total cp percuckoo:    1.265997 / cuckoo num

[P]cuckoo path / s:       380323.608 / s
[P]cp per set * s:        1.942125 / set * s

[P]break loop / s:        0 / s
[P]break / set :          0 %

[P]Throughput:            352770.065 ops
[P]all request:           160309049 o

[P]GetThroughput:         156995.905 ops
[P]SetThroughput:         195774.160 ops

[P]Valid Entries:         194303.911 / s
[P]set success:           195828.613 / s

[P]get found:             117923.601 / s

----------------------------------

[INFO]Current Time:       63.42 s

[P]indexs Load Factor:    91.7057 %

[P]full bucket LFactor:   67.0481 %

[P]set request:           87929711 
[P]get request:           72659615 

[P]Get Hit Rate:          75.0579 %
[P]ACC Hit Rate:          77.5537 %

[P]total cuckoo num:      9862489 
[P]total cuckoo path:     12681334 
[P]total cp perset:       0.144206 / set
[P]total cp percuckoo:    1.285815 / cuckoo num

[P]cuckoo path / s:       380582.391 / s
[P]cp per set * s:        2.008997 / set * s

[P]break loop / s:        0 / s
[P]break / set :          0 %

[P]Throughput:            341227.793 ops
[P]all request:           160589326 o

[P]GetThroughput:         151790.042 ops
[P]SetThroughput:         189437.751 ops

[P]Valid Entries:         187996.271 / s
[P]set success:           189438.969 / s

[P]get found:             113930.493 / s

----------------------------------

[INFO]Current Time:       64.24 s

[P]indexs Load Factor:    91.8379 %

[P]full bucket LFactor:   67.3017 %

[P]set request:           88082911 
[P]get request:           72782064 

[P]Get Hit Rate:          74.7185 %
[P]ACC Hit Rate:          77.5489 %

[P]total cuckoo num:      9954030 
[P]total cuckoo path:     12997805 
[P]total cp perset:       0.147548 / set
[P]total cp percuckoo:    1.305783 / cuckoo num

[P]cuckoo path / s:       383697.439 / s
[P]cp per set * s:        2.066156 / set * s

[P]break loop / s:        0 / s
[P]break / set :          0 %

[P]Throughput:            334203.814 ops
[P]all request:           160864975 o

[P]GetThroughput:         148460.262 ops
[P]SetThroughput:         185743.552 ops

[P]Valid Entries:         184329.864 / s
[P]set success:           185705.967 / s

[P]get found:             110927.213 / s

----------------------------------

[INFO]Current Time:       65.06 s

[P]indexs Load Factor:    91.9811 %

[P]full bucket LFactor:   67.5782 %

[P]set request:           88229516 
[P]get request:           72899250 

[P]Get Hit Rate:          74.8622 %
[P]ACC Hit Rate:          77.5446 %

[P]total cuckoo num:      10042475 
[P]total cuckoo path:     13309836 
[P]total cp perset:       0.150839 / set
[P]total cp percuckoo:    1.325354 / cuckoo num

[P]cuckoo path / s:       384015.504 / s
[P]cp per set * s:        2.128553 / set * s

[P]break loop / s:        0 / s
[P]break / set :          0 %

[P]Throughput:            324646.698 ops
[P]all request:           161128766 o

[P]GetThroughput:         144220.417 ops
[P]SetThroughput:         180426.281 ops

[P]Valid Entries:         179081.130 / s
[P]set success:           180411.513 / s

[P]get found:             107966.555 / s

----------------------------------

[INFO]Current Time:       65.88 s

[P]indexs Load Factor:    92.1543 %

[P]full bucket LFactor:   67.9149 %

[P]set request:           88422719 
[P]get request:           73055318 

[P]Get Hit Rate:          75.9944 %
[P]ACC Hit Rate:          77.5413 %

[P]total cuckoo num:      10160588 
[P]total cuckoo path:     13738525 
[P]total cp perset:       0.155357 / set
[P]total cp percuckoo:    1.352139 / cuckoo num

[P]cuckoo path / s:       519558.737 / s
[P]cp per set * s:        2.219014 / set * s

[P]break loop / s:        0 / s
[P]break / set :          0 %

[P]Throughput:            423306.405 ops
[P]all request:           161478037 o

[P]GetThroughput:         189149.927 ops
[P]SetThroughput:         234156.479 ops

[P]Valid Entries:         232601.519 / s
[P]set success:           234139.511 / s

[P]get found:             143743.424 / s

----------------------------------

[INFO]Current Time:       66.70 s

[P]indexs Load Factor:    92.3074 %

[P]full bucket LFactor:   68.2165 %

[P]set request:           88615186 
[P]get request:           73211262 

[P]Get Hit Rate:          76.3768 %
[P]ACC Hit Rate:          77.5388 %

[P]total cuckoo num:      10279118 
[P]total cuckoo path:     14181394 
[P]total cp perset:       0.160017 / set
[P]total cp percuckoo:    1.379631 / cuckoo num

[P]cuckoo path / s:       541698.104 / s
[P]cp per set * s:        2.300738 / set * s

[P]break loop / s:        0 / s
[P]break / set :          0 %

[P]Throughput:            426161.186 ops
[P]all request:           161826448 o

[P]GetThroughput:         190743.920 ops
[P]SetThroughput:         235417.266 ops

[P]Valid Entries:         233810.038 / s
[P]set success:           235445.398 / s

[P]get found:             145684.057 / s

----------------------------------

[INFO]Current Time:       67.52 s

[P]indexs Load Factor:    92.4622 %

[P]full bucket LFactor:   68.5254 %

[P]set request:           88787774 
[P]get request:           73350626 

[P]Get Hit Rate:          75.9680 %
[P]ACC Hit Rate:          77.5358 %

[P]total cuckoo num:      10386523 
[P]total cuckoo path:     14595115 
[P]total cp perset:       0.164365 / set
[P]total cp percuckoo:    1.405197 / cuckoo num

[P]cuckoo path / s:       505820.144 / s
[P]cp per set * s:        2.397632 / set * s

[P]break loop / s:        0 / s
[P]break / set :          0 %

[P]Throughput:            381396.172 ops
[P]all request:           162138400 o

[P]GetThroughput:         170388.060 ops
[P]SetThroughput:         211008.112 ops

[P]Valid Entries:         209515.303 / s
[P]set success:           210966.543 / s

[P]get found:             129440.348 / s

----------------------------------

[INFO]Current Time:       68.33 s

[P]indexs Load Factor:    92.6127 %

[P]full bucket LFactor:   68.8259 %

[P]set request:           88968789 
[P]get request:           73496892 

[P]Get Hit Rate:          76.0717 %
[P]ACC Hit Rate:          77.5329 %

[P]total cuckoo num:      10500169 
[P]total cuckoo path:     15047481 
[P]total cp perset:       0.169115 / set
[P]total cp percuckoo:    1.433070 / cuckoo num

[P]cuckoo path / s:       554448.354 / s
[P]cp per set * s:        2.499412 / set * s

[P]break loop / s:        0 / s
[P]break / set :          0 %

[P]Throughput:            401136.274 ops
[P]all request:           162465681 o

[P]GetThroughput:         179272.852 ops
[P]SetThroughput:         221863.422 ops

[P]Valid Entries:         220435.524 / s
[P]set success:           221831.555 / s

[P]get found:             136375.866 / s

----------------------------------
[INFO]End rx_queue_1:892749

[INFO]Current Time:       69.15 s

[P]indexs Load Factor:    92.7261 %

[P]full bucket LFactor:   69.0554 %

[P]set request:           89127597 
[P]get request:           73623581 

[P]Get Hit Rate:          76.8591 %
[P]ACC Hit Rate:          77.5317 %

[P]total cuckoo num:      10600565 
[P]total cuckoo path:     15459352 
[P]total cp perset:       0.173434 / set
[P]total cp percuckoo:    1.458352 / cuckoo num

[P]cuckoo path / s:       506028.710 / s
[P]cp per set * s:        2.593434 / set * s

[P]break loop / s:        0 / s
[P]break / set :          0 %

[P]Throughput:            350764.386 ops
[P]all request:           162751178 o

[P]GetThroughput:         155651.335 ops
[P]SetThroughput:         195113.051 ops

[P]Valid Entries:         193874.612 / s
[P]set success:           195119.194 / s

[P]get found:             119632.185 / s

----------------------------------

[INFO]Current Time:       69.96 s

[P]indexs Load Factor:    92.8278 %

[P]full bucket LFactor:   69.2620 %

[P]set request:           89251219 
[P]get request:           73722827 

[P]Get Hit Rate:          75.3542 %
[P]ACC Hit Rate:          77.5288 %

[P]total cuckoo num:      10679205 
[P]total cuckoo path:     15787910 
[P]total cp perset:       0.176875 / set
[P]total cp percuckoo:    1.478379 / cuckoo num

[P]cuckoo path / s:       404725.862 / s
[P]cp per set * s:        2.659075 / set * s

[P]break loop / s:        0 / s
[P]break / set :          0 %

[P]Throughput:            274534.309 ops
[P]all request:           162974046 o

[P]GetThroughput:         122253.675 ops
[P]SetThroughput:         152280.634 ops

[P]Valid Entries:         151093.155 / s
[P]set success:           152205.493 / s

[P]get found:             92123.243 / s

----------------------------------

[INFO]Current Time:       70.77 s

[P]indexs Load Factor:    92.9257 %

[P]full bucket LFactor:   69.4609 %

[P]set request:           89371511 
[P]get request:           73819083 

[P]Get Hit Rate:          74.9553 %
[P]ACC Hit Rate:          77.5254 %

[P]total cuckoo num:      10756030 
[P]total cuckoo path:     16112540 
[P]total cp perset:       0.180269 / set
[P]total cp percuckoo:    1.498001 / cuckoo num

[P]cuckoo path / s:       401827.975 / s
[P]cp per set * s:        2.698549 / set * s

[P]break loop / s:        0 / s
[P]break / set :          0 %

[P]Throughput:            268043.756 ops
[P]all request:           163190594 o

[P]GetThroughput:         119145.962 ops
[P]SetThroughput:         148897.794 ops

[P]Valid Entries:         147922.405 / s
[P]set success:           148905.221 / s

[P]get found:             89306.246 / s

----------------------------------

[INFO]Current Time:       71.58 s

[P]indexs Load Factor:    93.0226 %

[P]full bucket LFactor:   69.6587 %

[P]set request:           89490877 
[P]get request:           73914557 

[P]Get Hit Rate:          74.8277 %
[P]ACC Hit Rate:          77.5219 %

[P]total cuckoo num:      10832756 
[P]total cuckoo path:     16444325 
[P]total cp perset:       0.183736 / set
[P]total cp percuckoo:    1.518019 / cuckoo num

[P]cuckoo path / s:       409768.902 / s
[P]cp per set * s:        2.778583 / set * s

[P]break loop / s:        0 / s
[P]break / set :          0 %

[P]Throughput:            265336.742 ops
[P]all request:           163405434 o

[P]GetThroughput:         117914.541 ops
[P]SetThroughput:         147422.200 ops

[P]Valid Entries:         146461.337 / s
[P]set success:           147474.072 / s

[P]get found:             88232.741 / s

----------------------------------

[INFO]Current Time:       72.39 s

[P]indexs Load Factor:    93.1153 %

[P]full bucket LFactor:   69.8489 %

[P]set request:           89608437 
[P]get request:           74008802 

[P]Get Hit Rate:          75.1679 %
[P]ACC Hit Rate:          77.5189 %

[P]total cuckoo num:      10908737 
[P]total cuckoo path:     16783534 
[P]total cp perset:       0.187280 / set
[P]total cp percuckoo:    1.538541 / cuckoo num

[P]cuckoo path / s:       417445.862 / s
[P]cp per set * s:        2.885878 / set * s

[P]break loop / s:        0 / s
[P]break / set :          0 %

[P]Throughput:            260656.766 ops
[P]all request:           163617239 o

[P]GetThroughput:         115982.139 ops
[P]SetThroughput:         144674.627 ops

[P]Valid Entries:         143677.804 / s
[P]set success:           144651.245 / s

[P]get found:             87181.354 / s

----------------------------------

[INFO]Current Time:       73.19 s

[P]indexs Load Factor:    93.2018 %

[P]full bucket LFactor:   70.0279 %

[P]set request:           89722603 
[P]get request:           74100232 

[P]Get Hit Rate:          75.0509 %
[P]ACC Hit Rate:          77.5159 %

[P]total cuckoo num:      10983259 
[P]total cuckoo path:     17120343 
[P]total cp perset:       0.190795 / set
[P]total cp percuckoo:    1.558767 / cuckoo num

[P]cuckoo path / s:       417396.144 / s
[P]cp per set * s:        2.950479 / set * s

[P]break loop / s:        0 / s
[P]break / set :          0 %

[P]Throughput:            254788.256 ops
[P]all request:           163822835 o

[P]GetThroughput:         113306.145 ops
[P]SetThroughput:         141482.111 ops

[P]Valid Entries:         140576.207 / s
[P]set success:           141467.239 / s

[P]get found:             85037.235 / s

----------------------------------
[INFO]End rx_queue_3:454269

[INFO]Current Time:       74.00 s

[P]indexs Load Factor:    93.2722 %

[P]full bucket LFactor:   70.1737 %

[P]set request:           89818230 
[P]get request:           74176468 

[P]Get Hit Rate:          74.5330 %
[P]ACC Hit Rate:          77.5128 %

[P]total cuckoo num:      11045573 
[P]total cuckoo path:     17408478 
[P]total cp perset:       0.193799 / set
[P]total cp percuckoo:    1.576059 / cuckoo num

[P]cuckoo path / s:       356369.346 / s
[P]cp per set * s:        3.014280 / set * s

[P]break loop / s:        0 / s
[P]break / set :          0 %

[P]Throughput:            212562.531 ops
[P]all request:           163994698 o

[P]GetThroughput:         94289.737 ops
[P]SetThroughput:         118272.794 ops

[P]Valid Entries:         117578.941 / s
[P]set success:           118227.032 / s

[P]get found:             70276.997 / s

----------------------------------
[INFO]End rx_queue_0:849085

[INFO]Current Time:       74.81 s

[P]indexs Load Factor:    93.2956 %

[P]full bucket LFactor:   70.2256 %

[P]set request:           89883737 
[P]get request:           74228588 

[P]Get Hit Rate:          74.2843 %
[P]ACC Hit Rate:          77.5106 %

[P]total cuckoo num:      11088680 
[P]total cuckoo path:     17608530 
[P]total cp perset:       0.195884 / set
[P]total cp percuckoo:    1.587974 / cuckoo num

[P]cuckoo path / s:       248332.909 / s
[P]cp per set * s:        3.054369 / set * s

[P]break loop / s:        0 / s
[P]break / set :          0 %

[P]Throughput:            146015.311 ops
[P]all request:           164112325 o

[P]GetThroughput:         64698.734 ops
[P]SetThroughput:         81316.577 ops

[P]Valid Entries:         80946.657 / s
[P]set success:           81304.164 / s

[P]get found:             48061.030 / s

----------------------------------
[INFO]End rx_queue_2:835725
Finish the job......

Total Index Entries:      88920258

indexs Load Factor:     93.295576 %

log_0 Load Factor:      56.010447 %

log_1 Load Factor:      56.975678 %

log_2 Load Factor:      55.551372 %

log_3 Load Factor:      56.881584 %

Get Hit Rate:           77.510503%

Max Throughput:         5710785.88

Calc Load Factor:       93.295576%

set request:              27082902 | set_success:              27082902
set_fail:                        0 | set_key_duplicate:          628613 | set_mica_evicted:                0
set_random:                      0 | set_cuckoo_evicted:        3238601 | set_expire_evicted:              0

get request:              22076184
get_found:                17069466 | get_notfound:              5006718 | get_hit_ratio:          77.320727%

clean up:                        0 | test_notfound:                   0
move_to_head_performed:    2047735 | move_to_head_skipped:     15021731 | move_to_head_failed:             0


set request:              27761862 | set_success:              27761862
set_fail:                        0 | set_key_duplicate:          533151 | set_mica_evicted:                0
set_random:                      0 | set_cuckoo_evicted:        2943174 | set_expire_evicted:              0

get request:              23211448
get_found:                18661034 | get_notfound:              4550414 | get_hit_ratio:          80.395820%

clean up:                        0 | test_notfound:                   0
move_to_head_performed:    1764644 | move_to_head_skipped:     16896390 | move_to_head_failed:             0


set request:              27090197 | set_success:              27090197
set_fail:                        0 | set_key_duplicate:          677249 | set_mica_evicted:                0
set_random:                      0 | set_cuckoo_evicted:        3268186 | set_expire_evicted:              0

get request:              21728824
get_found:                16367451 | get_notfound:              5361373 | get_hit_ratio:          75.325986%

clean up:                        0 | test_notfound:                   0
move_to_head_performed:    2216807 | move_to_head_skipped:     14150644 | move_to_head_failed:             0


set request:              14613485 | set_success:              14613485
set_fail:                        0 | set_key_duplicate:          249971 | set_mica_evicted:                0
set_random:                      0 | set_cuckoo_evicted:        1639361 | set_expire_evicted:              0

get request:              11810968
get_found:                 9008451 | get_notfound:              2802517 | get_hit_ratio:          76.271911%

clean up:                        0 | test_notfound:                   0
move_to_head_performed:    1118870 | move_to_head_skipped:      7889581 | move_to_head_failed:             0


[INFO] Everything works fine.
deleting piekv......
