EAL: Detected 44 lcore(s)
EAL: Detected 1 NUMA nodes
EAL: Multi-process socket /var/run/dpdk/rte/mp_socket
EAL: Selected IOVA mode 'PA'
EAL: No available hugepages reported in hugepages-1048576kB
[INFO] maxbytes Size为:1 GB
[INFO] 运行memc3
[INFO] table_power 参数值为 23
EAL: Probing VFIO support...
EAL: VFIO support initialized
EAL: PCI device 0000:03:00.0 on NUMA socket 0
EAL:   probe driver: 15b3:1017 net_mlx5
WEN: There are 1 device(s) available
starting port 0...
querying port 0...
port 0: 100 Gbps (full-duplex)
Adding UDP filter for each endpoint.
port_id/queue_id/udp_port = 0 0 0
Flow is created with src_port = 0, dst_port = 0
port_id/queue_id/udp_port = 0 1 1
Flow is created with src_port = 0, dst_port = 1
port_id/queue_id/udp_port = 0 2 2
Flow is created with src_port = 0, dst_port = 2
port_id/queue_id/udp_port = 0 3 3
Flow is created with src_port = 0, dst_port = 3
MEM: Initializing pages...
maxbytes:1073741824
alloc maxbytes:1073741824
memc3 settings:
	eviction = CLOCK
	+int_keycmp
	+cuckoo 
	+tag
	+opt lock

 == [STAT] Workers Start (4 threads in total) == 

[INFO]Current Time:       2.00 s

[P]indexs Load Factor:    0.0382 %

[P]slabs Load Factor:     0.0555 %

[P]EVICT Ratio:           0.0000 %

[P]set request:           9308 

[P]get request:           9308 

[P]Get Hit Rate:          56.2097 %

[P]ACC Hit Rate:          56.2097 %

[P]rx packet:             358.974 / s

[P]Throughput:            18614.660 ops

[P]all request:           18616 o

[P]Valid Entries:         9307.330 / s

[P]set success:           9307.330 / s

[P]get found:             5231.623 / s

----------------------------------

[INFO]Current Time:       3.00 s

[P]indexs Load Factor:    0.0774 %

[P]slabs Load Factor:     0.1163 %

[P]EVICT Ratio:           0.0000 %

[P]set request:           19507 

[P]get request:           19511 

[P]Get Hit Rate:          64.8731 %

[P]ACC Hit Rate:          60.7401 %

[P]rx packet:             392.961 / s

[P]Throughput:            20399.962 ops

[P]all request:           39018 o

[P]Valid Entries:         10197.981 / s

[P]set success:           10197.981 / s

[P]get found:             6618.339 / s

----------------------------------

[INFO]Current Time:       4.00 s

[P]indexs Load Factor:    0.1092 %

[P]slabs Load Factor:     0.1669 %

[P]EVICT Ratio:           0.0000 %

[P]set request:           28002 

[P]get request:           28008 

[P]Get Hit Rate:          68.3535 %

[P]ACC Hit Rate:          63.0498 %

[P]rx packet:             327.949 / s

[P]Throughput:            16989.347 ops

[P]all request:           56010 o

[P]Valid Entries:         8493.674 / s

[P]set success:           8493.674 / s

[P]get found:             5807.093 / s

----------------------------------

[INFO]Current Time:       5.00 s

[P]indexs Load Factor:    0.1416 %

[P]slabs Load Factor:     0.2186 %

[P]EVICT Ratio:           0.0000 %

[P]set request:           36672 

[P]get request:           36678 

[P]Get Hit Rate:          70.3922 %

[P]ACC Hit Rate:          64.7854 %

[P]rx packet:             331.946 / s

[P]Throughput:            17337.193 ops

[P]all request:           73350 o

[P]Valid Entries:         8668.597 / s

[P]set success:           8668.597 / s

[P]get found:             6102.012 / s

----------------------------------

[INFO]Current Time:       6.00 s

[P]indexs Load Factor:    0.1736 %

[P]slabs Load Factor:     0.2692 %

[P]EVICT Ratio:           0.0000 %

[P]set request:           45158 

[P]get request:           45152 

[P]Get Hit Rate:          69.9670 %

[P]ACC Hit Rate:          65.7579 %

[P]rx packet:             327.948 / s

[P]Throughput:            16957.303 ops

[P]all request:           90310 o

[P]Valid Entries:         8484.651 / s

[P]set success:           8484.651 / s

[P]get found:             5928.057 / s

----------------------------------

[INFO]Current Time:       7.00 s

[P]indexs Load Factor:    0.2614 %

[P]slabs Load Factor:     0.4096 %

[P]EVICT Ratio:           0.0000 %

[P]set request:           68718 

[P]get request:           68718 

[P]Get Hit Rate:          72.5325 %

[P]ACC Hit Rate:          68.0811 %

[P]rx packet:             902.858 / s

[P]Throughput:            47118.608 ops

[P]all request:           137436 o

[P]Valid Entries:         23556.305 / s

[P]set success:           23556.305 / s

[P]get found:             17090.319 / s

----------------------------------

[INFO]Current Time:       8.00 s

[P]indexs Load Factor:    0.3953 %

[P]slabs Load Factor:     0.6262 %

[P]EVICT Ratio:           0.0000 %

[P]set request:           105066 

[P]get request:           105067 

[P]Get Hit Rate:          73.6224 %

[P]ACC Hit Rate:          69.9982 %

[P]rx packet:             1398.789 / s

[P]Throughput:            72686.013 ops

[P]all request:           210133 o

[P]Valid Entries:         36342.507 / s

[P]set success:           36342.507 / s

[P]get found:             26756.955 / s

----------------------------------

[INFO]Current Time:       9.00 s

[P]indexs Load Factor:    0.5282 %

[P]slabs Load Factor:     0.8437 %

[P]EVICT Ratio:           0.0000 %

[P]set request:           141544 

[P]get request:           141544 

[P]Get Hit Rate:          74.6087 %

[P]ACC Hit Rate:          71.1863 %

[P]rx packet:             1401.702 / s

[P]Throughput:            72939.471 ops

[P]all request:           283088 o

[P]Valid Entries:         36470.235 / s

[P]set success:           36470.235 / s

[P]get found:             27209.207 / s

----------------------------------

[INFO]Current Time:       10.00 s

[P]indexs Load Factor:    0.6586 %

[P]slabs Load Factor:     1.0608 %

[P]EVICT Ratio:           0.0000 %

[P]set request:           177970 

[P]get request:           177970 

[P]Get Hit Rate:          76.2560 %

[P]ACC Hit Rate:          72.2240 %

[P]rx packet:             1400.790 / s

[P]Throughput:            72841.076 ops

[P]all request:           355940 o

[P]Valid Entries:         36420.538 / s

[P]set success:           36420.538 / s

[P]get found:             27772.835 / s

----------------------------------

[INFO]Current Time:       11.00 s

[P]indexs Load Factor:    0.7881 %

[P]slabs Load Factor:     1.2778 %

[P]EVICT Ratio:           0.0000 %

[P]set request:           214379 

[P]get request:           214386 

[P]Get Hit Rate:          76.9222 %

[P]ACC Hit Rate:          73.0220 %

[P]rx packet:             1400.790 / s

[P]Throughput:            72814.080 ops

[P]all request:           428765 o

[P]Valid Entries:         36403.541 / s

[P]set success:           36403.541 / s

[P]get found:             28007.800 / s

----------------------------------

[INFO]Current Time:       12.00 s

[P]indexs Load Factor:    0.9157 %

[P]slabs Load Factor:     1.4946 %

[P]EVICT Ratio:           0.0000 %

[P]set request:           250744 

[P]get request:           250744 

[P]Get Hit Rate:          78.2111 %

[P]ACC Hit Rate:          73.7744 %

[P]rx packet:             1397.787 / s

[P]Throughput:            72711.940 ops

[P]all request:           501488 o

[P]Valid Entries:         36359.469 / s

[P]set success:           36359.469 / s

[P]get found:             28431.675 / s

----------------------------------

[INFO]Current Time:       13.00 s

[P]indexs Load Factor:    1.0417 %

[P]slabs Load Factor:     1.7107 %

[P]EVICT Ratio:           0.0000 %

[P]set request:           287010 

[P]get request:           287007 

[P]Get Hit Rate:          79.0475 %

[P]ACC Hit Rate:          74.4407 %

[P]rx packet:             1397.794 / s

[P]Throughput:            72518.332 ops

[P]all request:           574017 o

[P]Valid Entries:         36260.666 / s

[P]set success:           36260.666 / s

[P]get found:             28660.784 / s

----------------------------------

[INFO]Current Time:       14.00 s

[P]indexs Load Factor:    1.1677 %

[P]slabs Load Factor:     1.9285 %

[P]EVICT Ratio:           0.0000 %

[P]set request:           323546 

[P]get request:           323545 

[P]Get Hit Rate:          79.8265 %

[P]ACC Hit Rate:          75.0489 %

[P]rx packet:             1402.787 / s

[P]Throughput:            73062.904 ops

[P]all request:           647091 o

[P]Valid Entries:         36530.452 / s

[P]set success:           36530.452 / s

[P]get found:             29162.571 / s

----------------------------------

[INFO]Current Time:       15.00 s

[P]indexs Load Factor:    1.2924 %

[P]slabs Load Factor:     2.1456 %

[P]EVICT Ratio:           0.0000 %

[P]set request:           359970 

[P]get request:           359970 

[P]Get Hit Rate:          80.5491 %

[P]ACC Hit Rate:          75.6055 %

[P]rx packet:             1399.791 / s

[P]Throughput:            72838.146 ops

[P]all request:           719940 o

[P]Valid Entries:         36418.573 / s

[P]set success:           36418.573 / s

[P]get found:             29335.629 / s

----------------------------------

[INFO]Current Time:       16.00 s

[P]indexs Load Factor:    1.4166 %

[P]slabs Load Factor:     2.3629 %

[P]EVICT Ratio:           0.0000 %

[P]set request:           396422 

[P]get request:           396422 

[P]Get Hit Rate:          80.8186 %

[P]ACC Hit Rate:          76.0848 %

[P]rx packet:             1401.711 / s

[P]Throughput:            72888.985 ops

[P]all request:           792844 o

[P]Valid Entries:         36444.493 / s

[P]set success:           36444.493 / s

[P]get found:             29453.933 / s

----------------------------------

[INFO]Current Time:       17.00 s

[P]indexs Load Factor:    1.5393 %

[P]slabs Load Factor:     2.5798 %

[P]EVICT Ratio:           0.0000 %

[P]set request:           432822 

[P]get request:           432822 

[P]Get Hit Rate:          81.9560 %

[P]ACC Hit Rate:          76.5786 %

[P]rx packet:             1399.789 / s

[P]Throughput:            72789.015 ops

[P]all request:           865644 o

[P]Valid Entries:         36394.507 / s

[P]set success:           36394.507 / s

[P]get found:             29827.498 / s

----------------------------------

[INFO]Current Time:       18.00 s

[P]indexs Load Factor:    1.6612 %

[P]slabs Load Factor:     2.7965 %

[P]EVICT Ratio:           0.0000 %

[P]set request:           469170 

[P]get request:           469170 

[P]Get Hit Rate:          82.6070 %

[P]ACC Hit Rate:          77.0456 %

[P]rx packet:             1397.793 / s

[P]Throughput:            72685.238 ops

[P]all request:           938340 o

[P]Valid Entries:         36342.619 / s

[P]set success:           36342.619 / s

[P]get found:             30021.555 / s

----------------------------------

[INFO]Current Time:       19.00 s

[P]indexs Load Factor:    1.7827 %

[P]slabs Load Factor:     3.0141 %

[P]EVICT Ratio:           0.0000 %

[P]set request:           505674 

[P]get request:           505674 

[P]Get Hit Rate:          83.2621 %

[P]ACC Hit Rate:          77.4944 %

[P]rx packet:             1403.789 / s

[P]Throughput:            72997.053 ops

[P]all request:           1011348 o

[P]Valid Entries:         36498.526 / s

[P]set success:           36498.526 / s

[P]get found:             30389.443 / s

----------------------------------

[INFO]Current Time:       20.00 s

[P]indexs Load Factor:    1.9038 %

[P]slabs Load Factor:     3.2309 %

[P]EVICT Ratio:           0.0000 %

[P]set request:           542048 

[P]get request:           542051 

[P]Get Hit Rate:          83.2559 %

[P]ACC Hit Rate:          77.8810 %

[P]rx packet:             1399.794 / s

[P]Throughput:            72740.300 ops

[P]all request:           1084099 o

[P]Valid Entries:         36368.650 / s

[P]set success:           36368.650 / s

[P]get found:             30281.545 / s

----------------------------------

[INFO]Current Time:       21.00 s

[P]indexs Load Factor:    2.0236 %

[P]slabs Load Factor:     3.4478 %

[P]EVICT Ratio:           0.0000 %

[P]set request:           578449 

[P]get request:           578451 

[P]Get Hit Rate:          84.0714 %

[P]ACC Hit Rate:          78.2706 %

[P]rx packet:             1399.791 / s

[P]Throughput:            72790.153 ops

[P]all request:           1156900 o

[P]Valid Entries:         36395.577 / s

[P]set success:           36395.577 / s

[P]get found:             30597.441 / s

----------------------------------

[INFO]Current Time:       22.00 s

[P]indexs Load Factor:    2.1425 %

[P]slabs Load Factor:     3.6645 %

[P]EVICT Ratio:           0.0000 %

[P]set request:           614796 

[P]get request:           614796 

[P]Get Hit Rate:          84.9113 %

[P]ACC Hit Rate:          78.6632 %

[P]rx packet:             1396.798 / s

[P]Throughput:            72681.464 ops

[P]all request:           1229592 o

[P]Valid Entries:         36341.732 / s

[P]set success:           36341.732 / s

[P]get found:             30856.527 / s

----------------------------------

[INFO]Current Time:       23.00 s

[P]indexs Load Factor:    2.2603 %

[P]slabs Load Factor:     3.8796 %

[P]EVICT Ratio:           0.0000 %

[P]set request:           650884 

[P]get request:           650885 

[P]Get Hit Rate:          85.0425 %

[P]ACC Hit Rate:          79.0169 %

[P]rx packet:             1388.714 / s

[P]Throughput:            72162.135 ops

[P]all request:           1301769 o

[P]Valid Entries:         36080.568 / s

[P]set success:           36080.568 / s

[P]get found:             30684.679 / s

----------------------------------

[INFO]Current Time:       24.00 s

[P]indexs Load Factor:    2.3792 %

[P]slabs Load Factor:     4.0985 %

[P]EVICT Ratio:           0.0000 %

[P]set request:           687622 

[P]get request:           687622 

[P]Get Hit Rate:          85.8862 %

[P]ACC Hit Rate:          79.3839 %

[P]rx packet:             1411.794 / s

[P]Throughput:            73464.281 ops

[P]all request:           1375244 o

[P]Valid Entries:         36732.640 / s

[P]set success:           36732.640 / s

[P]get found:             31547.397 / s

----------------------------------

[INFO]Current Time:       25.00 s

[P]indexs Load Factor:    2.4970 %

[P]slabs Load Factor:     4.3160 %

[P]EVICT Ratio:           0.0000 %

[P]set request:           724100 

[P]get request:           724104 

[P]Get Hit Rate:          86.2617 %

[P]ACC Hit Rate:          79.7304 %

[P]rx packet:             1403.789 / s

[P]Throughput:            72949.043 ops

[P]all request:           1448204 o

[P]Valid Entries:         36472.522 / s

[P]set success:           36472.522 / s

[P]get found:             31465.274 / s

----------------------------------

[INFO]Current Time:       26.00 s

[P]indexs Load Factor:    2.6136 %

[P]slabs Load Factor:     4.5329 %

[P]EVICT Ratio:           0.0000 %

[P]set request:           760479 

[P]get request:           760480 

[P]Get Hit Rate:          86.8677 %

[P]ACC Hit Rate:          80.0718 %

[P]rx packet:             1398.792 / s

[P]Throughput:            72744.178 ops

[P]all request:           1520959 o

[P]Valid Entries:         36373.589 / s

[P]set success:           36373.589 / s

[P]get found:             31594.300 / s

----------------------------------

[INFO]Current Time:       27.00 s

[P]indexs Load Factor:    2.7300 %

[P]slabs Load Factor:     4.7497 %

[P]EVICT Ratio:           0.0000 %

[P]set request:           796874 

[P]get request:           796874 

[P]Get Hit Rate:          86.9924 %

[P]ACC Hit Rate:          80.3879 %

[P]rx packet:             1398.793 / s

[P]Throughput:            72778.225 ops

[P]all request:           1593748 o

[P]Valid Entries:         36389.612 / s

[P]set success:           36389.612 / s

[P]get found:             31655.313 / s

----------------------------------

[INFO]Current Time:       28.00 s

[P]indexs Load Factor:    2.8457 %

[P]slabs Load Factor:     4.9662 %

[P]EVICT Ratio:           0.0000 %

[P]set request:           833181 

[P]get request:           833178 

[P]Get Hit Rate:          87.5193 %

[P]ACC Hit Rate:          80.6986 %

[P]rx packet:             1396.792 / s

[P]Throughput:            72600.182 ops

[P]all request:           1666359 o

[P]Valid Entries:         36301.591 / s

[P]set success:           36301.591 / s

[P]get found:             31768.266 / s

----------------------------------

[INFO]Current Time:       29.00 s

[P]indexs Load Factor:    2.9611 %

[P]slabs Load Factor:     5.1824 %

[P]EVICT Ratio:           0.0000 %

[P]set request:           869468 

[P]get request:           869469 

[P]Get Hit Rate:          87.6967 %

[P]ACC Hit Rate:          80.9907 %

[P]rx packet:             1395.798 / s

[P]Throughput:            72567.481 ops

[P]all request:           1738937 o

[P]Valid Entries:         36281.741 / s

[P]set success:           36281.741 / s

[P]get found:             31821.387 / s

----------------------------------

[INFO]Current Time:       30.00 s

[P]indexs Load Factor:    3.0769 %

[P]slabs Load Factor:     5.4006 %

[P]EVICT Ratio:           0.0000 %

[P]set request:           906074 

[P]get request:           906074 

[P]Get Hit Rate:          88.3595 %

[P]ACC Hit Rate:          81.2884 %

[P]rx packet:             1406.713 / s

[P]Throughput:            73196.062 ops

[P]all request:           1812148 o

[P]Valid Entries:         36598.531 / s

[P]set success:           36598.531 / s

[P]get found:             32337.400 / s

----------------------------------

[INFO]Current Time:       31.00 s

[P]indexs Load Factor:    3.1913 %

[P]slabs Load Factor:     5.6170 %

[P]EVICT Ratio:           0.0000 %

[P]set request:           942370 

[P]get request:           942371 

[P]Get Hit Rate:          88.5059 %

[P]ACC Hit Rate:          81.5664 %

[P]rx packet:             1396.792 / s

[P]Throughput:            72582.184 ops

[P]all request:           1884741 o

[P]Valid Entries:         36290.592 / s

[P]set success:           36290.592 / s

[P]get found:             32120.214 / s

----------------------------------

[INFO]Current Time:       32.00 s

[P]indexs Load Factor:    3.3066 %

[P]slabs Load Factor:     5.8350 %

[P]EVICT Ratio:           0.0000 %

[P]set request:           978952 

[P]get request:           978952 

[P]Get Hit Rate:          88.7319 %

[P]ACC Hit Rate:          81.8341 %

[P]rx packet:             1405.791 / s

[P]Throughput:            73152.099 ops

[P]all request:           1957904 o

[P]Valid Entries:         36576.550 / s

[P]set success:           36576.550 / s

[P]get found:             32454.164 / s

----------------------------------

[INFO]Current Time:       33.01 s

[P]indexs Load Factor:    3.4205 %

[P]slabs Load Factor:     6.0520 %

[P]EVICT Ratio:           0.0000 %

[P]set request:           1015352 

[P]get request:           1015352 

[P]Get Hit Rate:          89.2253 %

[P]ACC Hit Rate:          82.0991 %

[P]rx packet:             1399.783 / s

[P]Throughput:            72788.720 ops

[P]all request:           2030704 o

[P]Valid Entries:         36394.360 / s

[P]set success:           36394.360 / s

[P]get found:             32472.968 / s

----------------------------------

[INFO]Current Time:       34.01 s

[P]indexs Load Factor:    3.5338 %

[P]slabs Load Factor:     6.2688 %

[P]EVICT Ratio:           0.0000 %

[P]set request:           1051726 

[P]get request:           1051726 

[P]Get Hit Rate:          89.5145 %

[P]ACC Hit Rate:          82.3556 %

[P]rx packet:             1398.796 / s

[P]Throughput:            72737.387 ops

[P]all request:           2103452 o

[P]Valid Entries:         36368.693 / s

[P]set success:           36368.693 / s

[P]get found:             32555.250 / s

----------------------------------

[INFO]Current Time:       35.01 s

[P]indexs Load Factor:    3.6471 %

[P]slabs Load Factor:     6.4859 %

[P]EVICT Ratio:           0.0000 %

[P]set request:           1088158 

[P]get request:           1088159 

[P]Get Hit Rate:          89.8938 %

[P]ACC Hit Rate:          82.6080 %

[P]rx packet:             1401.794 / s

[P]Throughput:            72854.283 ops

[P]all request:           2176317 o

[P]Valid Entries:         36426.641 / s

[P]set success:           36426.641 / s

[P]get found:             32746.183 / s

----------------------------------

[INFO]Current Time:       36.01 s

[P]indexs Load Factor:    3.7603 %

[P]slabs Load Factor:     6.7027 %

[P]EVICT Ratio:           0.0000 %

[P]set request:           1124526 

[P]get request:           1124530 

[P]Get Hit Rate:          89.9755 %

[P]ACC Hit Rate:          82.8463 %

[P]rx packet:             1398.792 / s

[P]Throughput:            72728.163 ops

[P]all request:           2249056 o

[P]Valid Entries:         36362.582 / s

[P]set success:           36362.582 / s

[P]get found:             32720.124 / s

----------------------------------

[INFO]Current Time:       37.01 s

[P]indexs Load Factor:    3.8735 %

[P]slabs Load Factor:     6.9200 %

[P]EVICT Ratio:           0.0000 %

[P]set request:           1160978 

[P]get request:           1160980 

[P]Get Hit Rate:          90.1701 %

[P]ACC Hit Rate:          83.0762 %

[P]rx packet:             1401.794 / s

[P]Throughput:            72891.295 ops

[P]all request:           2321958 o

[P]Valid Entries:         36446.647 / s

[P]set success:           36446.647 / s

[P]get found:             32862.174 / s

----------------------------------

[INFO]Current Time:       38.01 s

[P]indexs Load Factor:    3.9859 %

[P]slabs Load Factor:     7.1366 %

[P]EVICT Ratio:           0.0000 %

[P]set request:           1197326 

[P]get request:           1197326 

[P]Get Hit Rate:          90.4776 %

[P]ACC Hit Rate:          83.3009 %

[P]rx packet:             1396.714 / s

[P]Throughput:            72679.098 ops

[P]all request:           2394652 o

[P]Valid Entries:         36340.549 / s

[P]set success:           36340.549 / s

[P]get found:             32878.259 / s

----------------------------------

[INFO]Current Time:       39.01 s

[P]indexs Load Factor:    4.0980 %

[P]slabs Load Factor:     7.3543 %

[P]EVICT Ratio:           0.0000 %

[P]set request:           1233840 

[P]get request:           1233840 

[P]Get Hit Rate:          90.9076 %

[P]ACC Hit Rate:          83.5260 %

[P]rx packet:             1404.793 / s

[P]Throughput:            73017.259 ops

[P]all request:           2467680 o

[P]Valid Entries:         36508.629 / s

[P]set success:           36508.629 / s

[P]get found:             33189.118 / s

----------------------------------

[INFO]Current Time:       40.01 s

[P]indexs Load Factor:    4.2093 %

[P]slabs Load Factor:     7.5705 %

[P]EVICT Ratio:           0.0000 %

[P]set request:           1270126 

[P]get request:           1270127 

[P]Get Hit Rate:          91.2696 %

[P]ACC Hit Rate:          83.7472 %

[P]rx packet:             1395.778 / s

[P]Throughput:            72561.461 ops

[P]all request:           2540253 o

[P]Valid Entries:         36280.231 / s

[P]set success:           36280.231 / s

[P]get found:             33113.734 / s

----------------------------------

[INFO]Current Time:       41.01 s

[P]indexs Load Factor:    4.3211 %

[P]slabs Load Factor:     7.7877 %

[P]EVICT Ratio:           0.0000 %

[P]set request:           1306553 

[P]get request:           1306555 

[P]Get Hit Rate:          91.3171 %

[P]ACC Hit Rate:          83.9583 %

[P]rx packet:             1400.790 / s

[P]Throughput:            72844.076 ops

[P]all request:           2613108 o

[P]Valid Entries:         36421.538 / s

[P]set success:           36421.538 / s

[P]get found:             33260.012 / s

----------------------------------

[INFO]Current Time:       42.01 s

[P]indexs Load Factor:    4.4318 %

[P]slabs Load Factor:     8.0033 %

[P]EVICT Ratio:           0.0000 %

[P]set request:           1342725 

[P]get request:           1342721 

[P]Get Hit Rate:          91.6579 %

[P]ACC Hit Rate:          84.1657 %

[P]rx packet:             1390.794 / s

[P]Throughput:            72327.291 ops

[P]all request:           2685446 o

[P]Valid Entries:         36166.645 / s

[P]set success:           36166.645 / s

[P]get found:             33144.093 / s

----------------------------------

[INFO]Current Time:       43.01 s

[P]indexs Load Factor:    4.5431 %

[P]slabs Load Factor:     8.2217 %

[P]EVICT Ratio:           0.0000 %

[P]set request:           1379378 

[P]get request:           1379380 

[P]Get Hit Rate:          92.1274 %

[P]ACC Hit Rate:          84.3773 %

[P]rx packet:             1409.777 / s

[P]Throughput:            73300.431 ops

[P]all request:           2758758 o

[P]Valid Entries:         36647.216 / s

[P]set success:           36647.216 / s

[P]get found:             33767.670 / s

----------------------------------

[INFO]Current Time:       44.01 s

[P]indexs Load Factor:    4.6539 %

[P]slabs Load Factor:     8.4387 %

[P]EVICT Ratio:           0.0000 %

[P]set request:           1415778 

[P]get request:           1415779 

[P]Get Hit Rate:          92.0904 %

[P]ACC Hit Rate:          84.5756 %

[P]rx packet:             1399.756 / s

[P]Throughput:            72786.332 ops

[P]all request:           2831557 o

[P]Valid Entries:         36393.666 / s

[P]set success:           36393.666 / s

[P]get found:             33514.167 / s

----------------------------------

[INFO]Current Time:       45.01 s

[P]indexs Load Factor:    4.7644 %

[P]slabs Load Factor:     8.6561 %

[P]EVICT Ratio:           0.0000 %

[P]set request:           1452245 

[P]get request:           1452241 

[P]Get Hit Rate:          92.4661 %

[P]ACC Hit Rate:          84.7737 %

[P]rx packet:             1401.710 / s

[P]Throughput:            72913.911 ops

[P]all request:           2904486 o

[P]Valid Entries:         36459.455 / s

[P]set success:           36459.455 / s

[P]get found:             33708.024 / s

----------------------------------

[INFO]Current Time:       46.01 s

[P]indexs Load Factor:    4.8742 %

[P]slabs Load Factor:     8.8721 %

[P]EVICT Ratio:           0.0000 %

[P]set request:           1488486 

[P]get request:           1488487 

[P]Get Hit Rate:          92.4543 %

[P]ACC Hit Rate:          84.9607 %

[P]rx packet:             1393.789 / s

[P]Throughput:            72476.045 ops

[P]all request:           2976973 o

[P]Valid Entries:         36235.523 / s

[P]set success:           36235.523 / s

[P]get found:             33505.935 / s

----------------------------------

[INFO]Current Time:       47.01 s

[P]indexs Load Factor:    4.9837 %

[P]slabs Load Factor:     9.0890 %

[P]EVICT Ratio:           0.0000 %

[P]set request:           1524874 

[P]get request:           1524875 

[P]Get Hit Rate:          92.8850 %

[P]ACC Hit Rate:          85.1498 %

[P]rx packet:             1399.787 / s

[P]Throughput:            72764.949 ops

[P]all request:           3049749 o

[P]Valid Entries:         36382.474 / s

[P]set success:           36382.474 / s

[P]get found:             33793.868 / s

----------------------------------

[INFO]Current Time:       48.01 s

[P]indexs Load Factor:    5.0940 %

[P]slabs Load Factor:     9.3069 %

[P]EVICT Ratio:           0.0000 %

[P]set request:           1561431 

[P]get request:           1561431 

[P]Get Hit Rate:          93.0654 %

[P]ACC Hit Rate:          85.3351 %

[P]rx packet:             1405.791 / s

[P]Throughput:            73102.107 ops

[P]all request:           3122862 o

[P]Valid Entries:         36551.553 / s

[P]set success:           36551.553 / s

[P]get found:             34015.931 / s

----------------------------------

[INFO]Current Time:       49.01 s

[P]indexs Load Factor:    5.2028 %

[P]slabs Load Factor:     9.5224 %

[P]EVICT Ratio:           0.0000 %

[P]set request:           1597596 

[P]get request:           1597597 

[P]Get Hit Rate:          93.2229 %

[P]ACC Hit Rate:          85.5137 %

[P]rx packet:             1390.787 / s

[P]Throughput:            72319.930 ops

[P]all request:           3195193 o

[P]Valid Entries:         36159.465 / s

[P]set success:           36159.465 / s

[P]get found:             33709.840 / s

----------------------------------

[INFO]Current Time:       50.01 s

[P]indexs Load Factor:    5.3131 %

[P]slabs Load Factor:     9.7412 %

[P]EVICT Ratio:           0.0000 %

[P]set request:           1634308 

[P]get request:           1634308 

[P]Get Hit Rate:          93.3181 %

[P]ACC Hit Rate:          85.6890 %

[P]rx packet:             1410.786 / s

[P]Throughput:            73411.851 ops

[P]all request:           3268616 o

[P]Valid Entries:         36706.425 / s

[P]set success:           36706.425 / s

[P]get found:             34252.798 / s

----------------------------------

[INFO]Current Time:       51.01 s

[P]indexs Load Factor:    5.4213 %

[P]slabs Load Factor:     9.9560 %

[P]EVICT Ratio:           0.0000 %

[P]set request:           1670344 

[P]get request:           1670348 

[P]Get Hit Rate:          93.3241 %

[P]ACC Hit Rate:          85.8537 %

[P]rx packet:             1386.790 / s

[P]Throughput:            72065.107 ops

[P]all request:           3340692 o

[P]Valid Entries:         36030.554 / s

[P]set success:           36030.554 / s

[P]get found:             33628.917 / s

----------------------------------

[INFO]Current Time:       52.01 s

[P]indexs Load Factor:    5.5315 %

[P]slabs Load Factor:     10.1753 %

[P]EVICT Ratio:           0.0000 %

[P]set request:           1707134 

[P]get request:           1707135 

[P]Get Hit Rate:          93.4705 %

[P]ACC Hit Rate:          86.0179 %

[P]rx packet:             1414.682 / s

[P]Throughput:            73560.444 ops

[P]all request:           3414269 o

[P]Valid Entries:         36781.722 / s

[P]set success:           36781.722 / s

[P]get found:             34377.263 / s

----------------------------------

[INFO]Current Time:       53.01 s

[P]indexs Load Factor:    5.6399 %

[P]slabs Load Factor:     10.3923 %

[P]EVICT Ratio:           0.0000 %

[P]set request:           1743534 

[P]get request:           1743534 

[P]Get Hit Rate:          93.9998 %

[P]ACC Hit Rate:          86.1845 %

[P]rx packet:             1398.790 / s

[P]Throughput:            72788.084 ops

[P]all request:           3487068 o

[P]Valid Entries:         36394.542 / s

[P]set success:           36394.542 / s

[P]get found:             34209.870 / s

----------------------------------

[INFO]Current Time:       54.01 s

[P]indexs Load Factor:    5.7477 %

[P]slabs Load Factor:     10.6083 %

[P]EVICT Ratio:           0.0000 %

[P]set request:           1779778 

[P]get request:           1779780 

[P]Get Hit Rate:          94.0987 %

[P]ACC Hit Rate:          86.3457 %

[P]rx packet:             1394.792 / s

[P]Throughput:            72479.200 ops

[P]all request:           3559558 o

[P]Valid Entries:         36238.600 / s

[P]set success:           36238.600 / s

[P]get found:             34101.918 / s

----------------------------------

[INFO]Current Time:       55.01 s

[P]indexs Load Factor:    5.8556 %

[P]slabs Load Factor:     10.8248 %

[P]EVICT Ratio:           0.0000 %

[P]set request:           1816104 

[P]get request:           1816108 

[P]Get Hit Rate:          94.3212 %

[P]ACC Hit Rate:          86.5052 %

[P]rx packet:             1396.791 / s

[P]Throughput:            72643.106 ops

[P]all request:           3632212 o

[P]Valid Entries:         36320.553 / s

[P]set success:           36320.553 / s

[P]get found:             34259.862 / s

----------------------------------

[INFO]Current Time:       56.01 s

[P]indexs Load Factor:    5.9639 %

[P]slabs Load Factor:     11.0433 %

[P]EVICT Ratio:           0.0000 %

[P]set request:           1852760 

[P]get request:           1852761 

[P]Get Hit Rate:          94.4889 %

[P]ACC Hit Rate:          86.6631 %

[P]rx packet:             1409.787 / s

[P]Throughput:            73297.938 ops

[P]all request:           3705521 o

[P]Valid Entries:         36650.469 / s

[P]set success:           36650.469 / s

[P]get found:             34627.774 / s

----------------------------------

[INFO]Current Time:       57.01 s

[P]indexs Load Factor:    6.0714 %

[P]slabs Load Factor:     11.2597 %

[P]EVICT Ratio:           0.0000 %

[P]set request:           1889056 

[P]get request:           1889058 

[P]Get Hit Rate:          94.5450 %

[P]ACC Hit Rate:          86.8146 %

[P]rx packet:             1395.789 / s

[P]Throughput:            72582.046 ops

[P]all request:           3778114 o

[P]Valid Entries:         36290.523 / s

[P]set success:           36290.523 / s

[P]get found:             34311.822 / s

----------------------------------

[INFO]Current Time:       58.01 s

[P]indexs Load Factor:    6.1794 %

[P]slabs Load Factor:     11.4772 %

[P]EVICT Ratio:           0.0000 %

[P]set request:           1925560 

[P]get request:           1925561 

[P]Get Hit Rate:          94.6908 %

[P]ACC Hit Rate:          86.9639 %

[P]rx packet:             1403.789 / s

[P]Throughput:            72996.036 ops

[P]all request:           3851121 o

[P]Valid Entries:         36498.518 / s

[P]set success:           36498.518 / s

[P]get found:             34559.809 / s

----------------------------------

[INFO]Current Time:       59.01 s

[P]indexs Load Factor:    6.2864 %

[P]slabs Load Factor:     11.6937 %

[P]EVICT Ratio:           0.0000 %

[P]set request:           1961882 

[P]get request:           1961882 

[P]Get Hit Rate:          95.1791 %

[P]ACC Hit Rate:          87.1160 %

[P]rx packet:             1395.719 / s

[P]Throughput:            72628.403 ops

[P]all request:           3923764 o

[P]Valid Entries:         36314.701 / s

[P]set success:           36314.701 / s

[P]get found:             34563.053 / s

----------------------------------

[INFO]Current Time:       60.01 s

[P]indexs Load Factor:    6.3937 %

[P]slabs Load Factor:     11.9113 %

[P]EVICT Ratio:           0.0000 %

[P]set request:           1998387 

[P]get request:           1998388 

[P]Get Hit Rate:          95.3295 %

[P]ACC Hit Rate:          87.2660 %

[P]rx packet:             1404.794 / s

[P]Throughput:            73000.279 ops

[P]all request:           3996775 o

[P]Valid Entries:         36499.639 / s

[P]set success:           36499.639 / s

[P]get found:             34795.890 / s

----------------------------------

[INFO]Current Time:       61.01 s

[P]indexs Load Factor:    6.4996 %

[P]slabs Load Factor:     12.1263 %

[P]EVICT Ratio:           0.0000 %

[P]set request:           2034449 

[P]get request:           2034450 

[P]Get Hit Rate:          95.4024 %

[P]ACC Hit Rate:          87.4103 %

[P]rx packet:             1386.795 / s

[P]Throughput:            72113.323 ops

[P]all request:           4068899 o

[P]Valid Entries:         36056.662 / s

[P]set success:           36056.662 / s

[P]get found:             34398.907 / s

----------------------------------

[INFO]Current Time:       62.01 s

[P]indexs Load Factor:    6.6067 %

[P]slabs Load Factor:     12.3435 %

[P]EVICT Ratio:           0.0000 %

[P]set request:           2070901 

[P]get request:           2070902 

[P]Get Hit Rate:          95.4680 %

[P]ACC Hit Rate:          87.5521 %

[P]rx packet:             1401.792 / s

[P]Throughput:            72893.208 ops

[P]all request:           4141803 o

[P]Valid Entries:         36446.604 / s

[P]set success:           36446.604 / s

[P]get found:             34794.848 / s

----------------------------------

[INFO]Current Time:       63.01 s

[P]indexs Load Factor:    6.7138 %

[P]slabs Load Factor:     12.5616 %

[P]EVICT Ratio:           0.0000 %

[P]set request:           2107482 

[P]get request:           2107482 

[P]Get Hit Rate:          95.6616 %

[P]ACC Hit Rate:          87.6928 %

[P]rx packet:             1405.792 / s

[P]Throughput:            73150.170 ops

[P]all request:           4214964 o

[P]Valid Entries:         36575.585 / s

[P]set success:           36575.585 / s

[P]get found:             34987.820 / s

----------------------------------

[INFO]Current Time:       64.01 s

[P]indexs Load Factor:    6.8205 %

[P]slabs Load Factor:     12.7793 %

[P]EVICT Ratio:           0.0000 %

[P]set request:           2144012 

[P]get request:           2144012 

[P]Get Hit Rate:          95.8171 %

[P]ACC Hit Rate:          87.8313 %

[P]rx packet:             1404.794 / s

[P]Throughput:            73049.272 ops

[P]all request:           4288024 o

[P]Valid Entries:         36524.636 / s

[P]set success:           36524.636 / s

[P]get found:             34996.860 / s

----------------------------------

[INFO]Current Time:       65.01 s

[P]indexs Load Factor:    6.9265 %

[P]slabs Load Factor:     12.9958 %

[P]EVICT Ratio:           0.0000 %

[P]set request:           2180335 

[P]get request:           2180337 

[P]Get Hit Rate:          95.9092 %

[P]ACC Hit Rate:          87.9659 %

[P]rx packet:             1397.789 / s

[P]Throughput:            72637.038 ops

[P]all request:           4360672 o

[P]Valid Entries:         36317.519 / s

[P]set success:           36317.519 / s

[P]get found:             34833.743 / s

----------------------------------

[INFO]Current Time:       66.01 s

[P]indexs Load Factor:    7.0327 %

[P]slabs Load Factor:     13.2132 %

[P]EVICT Ratio:           0.0000 %

[P]set request:           2216812 

[P]get request:           2216814 

[P]Get Hit Rate:          96.1346 %

[P]ACC Hit Rate:          88.1003 %

[P]rx packet:             1402.789 / s

[P]Throughput:            72943.044 ops

[P]all request:           4433626 o

[P]Valid Entries:         36471.522 / s

[P]set success:           36471.522 / s

[P]get found:             35061.734 / s

----------------------------------

[INFO]Current Time:       67.01 s

[P]indexs Load Factor:    7.1384 %

[P]slabs Load Factor:     13.4302 %

[P]EVICT Ratio:           0.0000 %

[P]set request:           2253212 

[P]get request:           2253212 

[P]Get Hit Rate:          96.3295 %

[P]ACC Hit Rate:          88.2332 %

[P]rx packet:             1398.709 / s

[P]Throughput:            72782.868 ops

[P]all request:           4506424 o

[P]Valid Entries:         36392.434 / s

[P]set success:           36392.434 / s

[P]get found:             35054.712 / s

----------------------------------

[INFO]Current Time:       68.01 s

[P]indexs Load Factor:    7.2439 %

[P]slabs Load Factor:     13.6470 %

[P]EVICT Ratio:           0.0000 %

[P]set request:           2289586 

[P]get request:           2289586 

[P]Get Hit Rate:          96.4068 %

[P]ACC Hit Rate:          88.3630 %

[P]rx packet:             1398.794 / s

[P]Throughput:            72737.300 ops

[P]all request:           4579172 o

[P]Valid Entries:         36368.650 / s

[P]set success:           36368.650 / s

[P]get found:             35061.842 / s

----------------------------------

[INFO]Current Time:       69.01 s

[P]indexs Load Factor:    7.3494 %

[P]slabs Load Factor:     13.8633 %

[P]EVICT Ratio:           0.0000 %

[P]set request:           2325882 

[P]get request:           2325883 

[P]Get Hit Rate:          96.2945 %

[P]ACC Hit Rate:          88.4868 %

[P]rx packet:             1396.789 / s

[P]Throughput:            72582.046 ops

[P]all request:           4651765 o

[P]Valid Entries:         36290.523 / s

[P]set success:           36290.523 / s

[P]get found:             34946.726 / s

----------------------------------

[INFO]Current Time:       70.01 s

[P]indexs Load Factor:    7.4550 %

[P]slabs Load Factor:     14.0806 %

[P]EVICT Ratio:           0.0000 %

[P]set request:           2362334 

[P]get request:           2362335 

[P]Get Hit Rate:          96.6367 %

[P]ACC Hit Rate:          88.6126 %

[P]rx packet:             1401.788 / s

[P]Throughput:            72892.999 ops

[P]all request:           4724669 o

[P]Valid Entries:         36446.500 / s

[P]set success:           36446.500 / s

[P]get found:             35220.685 / s

----------------------------------

[INFO]Current Time:       71.01 s

[P]indexs Load Factor:    7.5603 %

[P]slabs Load Factor:     14.2979 %

[P]EVICT Ratio:           0.0000 %

[P]set request:           2398794 

[P]get request:           2398793 

[P]Get Hit Rate:          96.8923 %

[P]ACC Hit Rate:          88.7384 %

[P]rx packet:             1401.790 / s

[P]Throughput:            72907.066 ops

[P]all request:           4797587 o

[P]Valid Entries:         36454.533 / s

[P]set success:           36454.533 / s

[P]get found:             35319.703 / s

----------------------------------

[INFO]Current Time:       72.01 s

[P]indexs Load Factor:    7.6660 %

[P]slabs Load Factor:     14.5156 %

[P]EVICT Ratio:           0.0000 %

[P]set request:           2435316 

[P]get request:           2435318 

[P]Get Hit Rate:          96.7830 %

[P]ACC Hit Rate:          88.8591 %

[P]rx packet:             1404.761 / s

[P]Throughput:            73034.585 ops

[P]all request:           4870634 o

[P]Valid Entries:         36515.793 / s

[P]set success:           36515.793 / s

[P]get found:             35343.992 / s

----------------------------------

[INFO]Current Time:       73.01 s

[P]indexs Load Factor:    7.7702 %

[P]slabs Load Factor:     14.7309 %

[P]EVICT Ratio:           0.0000 %

[P]set request:           2471431 

[P]get request:           2471435 

[P]Get Hit Rate:          96.9156 %

[P]ACC Hit Rate:          88.9768 %

[P]rx packet:             1388.797 / s

[P]Throughput:            72221.445 ops

[P]all request:           4942866 o

[P]Valid Entries:         36109.723 / s

[P]set success:           36109.723 / s

[P]get found:             34997.885 / s

----------------------------------

[INFO]Current Time:       74.01 s

[P]indexs Load Factor:    7.8759 %

[P]slabs Load Factor:     14.9498 %

[P]EVICT Ratio:           0.0000 %

[P]set request:           2508168 

[P]get request:           2508168 

[P]Get Hit Rate:          97.0871 %

[P]ACC Hit Rate:          89.0956 %

[P]rx packet:             1411.718 / s

[P]Throughput:            73455.307 ops

[P]all request:           5016336 o

[P]Valid Entries:         36729.653 / s

[P]set success:           36729.653 / s

[P]get found:             35655.868 / s

----------------------------------

[INFO]Current Time:       75.01 s

[P]indexs Load Factor:    7.9800 %

[P]slabs Load Factor:     15.1662 %

[P]EVICT Ratio:           0.0000 %

[P]set request:           2544464 

[P]get request:           2544466 

[P]Get Hit Rate:          97.3332 %

[P]ACC Hit Rate:          89.2131 %

[P]rx packet:             1396.777 / s

[P]Throughput:            72582.388 ops

[P]all request:           5088930 o

[P]Valid Entries:         36290.194 / s

[P]set success:           36290.194 / s

[P]get found:             35324.349 / s

----------------------------------

[INFO]Current Time:       76.01 s

[P]indexs Load Factor:    8.0845 %

[P]slabs Load Factor:     15.3833 %

[P]EVICT Ratio:           0.0000 %

[P]set request:           2580888 

[P]get request:           2580888 

[P]Get Hit Rate:          97.4054 %

[P]ACC Hit Rate:          89.3287 %

[P]rx packet:             1401.790 / s

[P]Throughput:            72835.077 ops

[P]all request:           5161776 o

[P]Valid Entries:         36418.538 / s

[P]set success:           36418.538 / s

[P]get found:             35471.680 / s

----------------------------------

[INFO]Current Time:       77.01 s

[P]indexs Load Factor:    8.1882 %

[P]slabs Load Factor:     15.5992 %

[P]EVICT Ratio:           0.0000 %

[P]set request:           2617110 

[P]get request:           2617110 

[P]Get Hit Rate:          97.4822 %

[P]ACC Hit Rate:          89.4416 %

[P]rx packet:             1391.794 / s

[P]Throughput:            72433.276 ops

[P]all request:           5234220 o

[P]Valid Entries:         36216.638 / s

[P]set success:           36216.638 / s

[P]get found:             35304.773 / s

----------------------------------

[INFO]Current Time:       78.01 s

[P]indexs Load Factor:    8.2936 %

[P]slabs Load Factor:     15.8175 %

[P]EVICT Ratio:           0.0000 %

[P]set request:           2653742 

[P]get request:           2653742 

[P]Get Hit Rate:          97.4776 %

[P]ACC Hit Rate:          89.5525 %

[P]rx packet:             1407.790 / s

[P]Throughput:            73253.084 ops

[P]all request:           5307484 o

[P]Valid Entries:         36626.542 / s

[P]set success:           36626.542 / s

[P]get found:             35702.680 / s

----------------------------------

[INFO]Current Time:       79.01 s

[P]indexs Load Factor:    8.3977 %

[P]slabs Load Factor:     16.0342 %

[P]EVICT Ratio:           0.0000 %

[P]set request:           2690090 

[P]get request:           2690090 

[P]Get Hit Rate:          97.6835 %

[P]ACC Hit Rate:          89.6624 %

[P]rx packet:             1397.792 / s

[P]Throughput:            72685.169 ops

[P]all request:           5380180 o

[P]Valid Entries:         36342.585 / s

[P]set success:           36342.585 / s

[P]get found:             35500.710 / s

----------------------------------

[INFO]Current Time:       80.01 s

[P]indexs Load Factor:    8.5024 %

[P]slabs Load Factor:     16.2518 %

[P]EVICT Ratio:           0.0000 %

[P]set request:           2726594 

[P]get request:           2726594 

[P]Get Hit Rate:          97.7482 %

[P]ACC Hit Rate:          89.7706 %

[P]rx packet:             1403.791 / s

[P]Throughput:            72997.140 ops

[P]all request:           5453188 o

[P]Valid Entries:         36498.570 / s

[P]set success:           36498.570 / s

[P]get found:             35676.692 / s

----------------------------------

[INFO]Current Time:       81.01 s

[P]indexs Load Factor:    8.6062 %

[P]slabs Load Factor:     16.4683 %

[P]EVICT Ratio:           0.0000 %

[P]set request:           2762916 

[P]get request:           2762916 

[P]Get Hit Rate:          97.8085 %

[P]ACC Hit Rate:          89.8763 %

[P]rx packet:             1396.711 / s

[P]Throughput:            72628.952 ops

[P]all request:           5525832 o

[P]Valid Entries:         36314.476 / s

[P]set success:           36314.476 / s

[P]get found:             35518.641 / s

----------------------------------

[INFO]Current Time:       82.01 s

[P]indexs Load Factor:    8.7104 %

[P]slabs Load Factor:     16.6854 %

[P]EVICT Ratio:           0.0000 %

[P]set request:           2799344 

[P]get request:           2799344 

[P]Get Hit Rate:          97.9878 %

[P]ACC Hit Rate:          89.9818 %

[P]rx packet:             1401.784 / s

[P]Throughput:            72844.781 ops

[P]all request:           5598688 o

[P]Valid Entries:         36422.390 / s

[P]set success:           36422.390 / s

[P]get found:             35689.503 / s

----------------------------------

[INFO]Current Time:       83.01 s

[P]indexs Load Factor:    8.8142 %

[P]slabs Load Factor:     16.9023 %

[P]EVICT Ratio:           0.0000 %

[P]set request:           2835742 

[P]get request:           2835742 

[P]Get Hit Rate:          97.8790 %

[P]ACC Hit Rate:          90.0832 %

[P]rx packet:             1398.793 / s

[P]Throughput:            72785.241 ops

[P]all request:           5671484 o

[P]Valid Entries:         36392.620 / s

[P]set success:           36392.620 / s

[P]get found:             35620.735 / s

----------------------------------

[INFO]Current Time:       84.01 s

[P]indexs Load Factor:    8.9175 %

[P]slabs Load Factor:     17.1187 %

[P]EVICT Ratio:           0.0000 %

[P]set request:           2872038 

[P]get request:           2872040 

[P]Get Hit Rate:          98.2175 %

[P]ACC Hit Rate:          90.1860 %

[P]rx packet:             1396.757 / s

[P]Throughput:            72581.368 ops

[P]all request:           5744078 o

[P]Valid Entries:         36289.684 / s

[P]set success:           36289.684 / s

[P]get found:             35644.796 / s

----------------------------------

[INFO]Current Time:       85.01 s

[P]indexs Load Factor:    9.0204 %

[P]slabs Load Factor:     17.3341 %

[P]EVICT Ratio:           0.0000 %

[P]set request:           2908179 

[P]get request:           2908180 

[P]Get Hit Rate:          98.3149 %

[P]ACC Hit Rate:          90.2870 %

[P]rx packet:             1389.794 / s

[P]Throughput:            72270.300 ops

[P]all request:           5816359 o

[P]Valid Entries:         36135.650 / s

[P]set success:           36135.650 / s

[P]get found:             35525.740 / s

----------------------------------

[INFO]Current Time:       86.01 s

[P]indexs Load Factor:    9.1249 %

[P]slabs Load Factor:     17.5534 %

[P]EVICT Ratio:           0.0000 %

[P]set request:           2944968 

[P]get request:           2944968 

[P]Get Hit Rate:          98.4207 %

[P]ACC Hit Rate:          90.3886 %

[P]rx packet:             1413.791 / s

[P]Throughput:            73566.108 ops

[P]all request:           5889936 o

[P]Valid Entries:         36783.554 / s

[P]set success:           36783.554 / s

[P]get found:             36201.640 / s

----------------------------------

[INFO]Current Time:       87.01 s

[P]indexs Load Factor:    9.2281 %

[P]slabs Load Factor:     17.7702 %

[P]EVICT Ratio:           0.0000 %

[P]set request:           2981342 

[P]get request:           2981342 

[P]Get Hit Rate:          98.5072 %

[P]ACC Hit Rate:          90.4877 %

[P]rx packet:             1398.786 / s

[P]Throughput:            72736.884 ops

[P]all request:           5962684 o

[P]Valid Entries:         36368.442 / s

[P]set success:           36368.442 / s

[P]get found:             35825.525 / s

----------------------------------

[INFO]Current Time:       88.01 s

[P]indexs Load Factor:    9.3309 %

[P]slabs Load Factor:     17.9867 %

[P]EVICT Ratio:           0.0000 %

[P]set request:           3017664 

[P]get request:           3017664 

[P]Get Hit Rate:          98.5216 %

[P]ACC Hit Rate:          90.5844 %

[P]rx packet:             1396.722 / s

[P]Throughput:            72629.541 ops

[P]all request:           6035328 o

[P]Valid Entries:         36314.770 / s

[P]set success:           36314.770 / s

[P]get found:             35777.877 / s

----------------------------------

[INFO]Current Time:       89.01 s

[P]indexs Load Factor:    9.4331 %

[P]slabs Load Factor:     18.2018 %

[P]EVICT Ratio:           0.0000 %

[P]set request:           3053752 

[P]get request:           3053754 

[P]Get Hit Rate:          98.7808 %

[P]ACC Hit Rate:          90.6812 %

[P]rx packet:             1388.851 / s

[P]Throughput:            72170.274 ops

[P]all request:           6107506 o

[P]Valid Entries:         36084.137 / s

[P]set success:           36084.137 / s

[P]get found:             35646.184 / s

----------------------------------

[INFO]Current Time:       90.01 s

[P]indexs Load Factor:    9.5372 %

[P]slabs Load Factor:     18.4209 %

[P]EVICT Ratio:           0.0000 %

[P]set request:           3090516 

[P]get request:           3090516 

[P]Get Hit Rate:          98.7650 %

[P]ACC Hit Rate:          90.7774 %

[P]rx packet:             1412.793 / s

[P]Throughput:            73515.203 ops

[P]all request:           6181032 o

[P]Valid Entries:         36758.601 / s

[P]set success:           36758.601 / s

[P]get found:             36302.668 / s

----------------------------------

[INFO]Current Time:       91.01 s

[P]indexs Load Factor:    9.6401 %

[P]slabs Load Factor:     18.6379 %

[P]EVICT Ratio:           0.0000 %

[P]set request:           3126922 

[P]get request:           3126922 

[P]Get Hit Rate:          98.9013 %

[P]ACC Hit Rate:          90.8720 %

[P]rx packet:             1400.861 / s

[P]Throughput:            72804.779 ops

[P]all request:           6253844 o

[P]Valid Entries:         36402.390 / s

[P]set success:           36402.390 / s

[P]get found:             36002.429 / s

----------------------------------

[INFO]Current Time:       92.01 s

[P]indexs Load Factor:    9.7429 %

[P]slabs Load Factor:     18.8547 %

[P]EVICT Ratio:           0.0000 %

[P]set request:           3163290 

[P]get request:           3163296 

[P]Get Hit Rate:          98.9773 %

[P]ACC Hit Rate:          90.9652 %

[P]rx packet:             1398.792 / s

[P]Throughput:            72731.162 ops

[P]all request:           6326586 o

[P]Valid Entries:         36362.582 / s

[P]set success:           36362.582 / s

[P]get found:             35996.636 / s

----------------------------------

[INFO]Current Time:       93.01 s

[P]indexs Load Factor:    9.8495 %

[P]slabs Load Factor:     19.0718 %

[P]EVICT Ratio:           0.0000 %

[P]set request:           3199716 

[P]get request:           3199716 

[P]Get Hit Rate:          98.9703 %

[P]ACC Hit Rate:          91.0563 %

[P]rx packet:             1399.860 / s

[P]Throughput:            72838.724 ops

[P]all request:           6399432 o

[P]Valid Entries:         36422.362 / s

[P]set success:           36422.362 / s

[P]get found:             36041.400 / s

----------------------------------

[INFO]Current Time:       94.01 s

[P]indexs Load Factor:    9.9440 %

[P]slabs Load Factor:     19.2588 %

[P]EVICT Ratio:           0.0000 %

[P]set request:           3231098 

[P]get request:           3231098 

[P]Get Hit Rate:          98.9962 %

[P]ACC Hit Rate:          91.1334 %

[P]rx packet:             1206.882 / s

[P]Throughput:            62757.850 ops

[P]all request:           6462196 o

[P]Valid Entries:         31378.925 / s

[P]set success:           31378.925 / s

[P]get found:             31063.956 / s

----------------------------------
[INFO]End rx_queue_0:12