[INFO] maxbytes Size为:8 GB
[INFO] 运行memc3
[INFO] table_power 参数值为 25
EAL: Probing VFIO support...
EAL: VFIO support initialized
EAL: PCI device 0000:03:00.0 on NUMA socket 0
EAL:   probe driver: 15b3:1017 net_mlx5
WEN: There are 1 device(s) available
starting port 0...
querying port 0...
port 0: 100 Gbps (full-duplex)
Adding UDP filter for each endpoint.
port_id/queue_id/udp_port = 0 0 0
Flow is created with src_port = 0, dst_port = 0
port_id/queue_id/udp_port = 0 1 1
Flow is created with src_port = 0, dst_port = 1
port_id/queue_id/udp_port = 0 2 2
Flow is created with src_port = 0, dst_port = 2
port_id/queue_id/udp_port = 0 3 3
Flow is created with src_port = 0, dst_port = 3
MEM: Initializing pages...
maxbytes:8589934592
alloc maxbytes:8589934592
memc3 settings:
	eviction = CLOCK
	+int_keycmp
	+cuckoo 
	+tag
	+opt lock

 == [STAT] Workers Start (4 threads in total) == 

[INFO]Current Time:       56.01 s

[P]indexs Load Factor:    0.0326 %

[P]slabs Load Factor:     0.0218 %

[P]EVICT Ratio:           0.0000 %

[P]set request:           29206 

[P]get request:           29137 

[P]Get Hit Rate:          45.3925 %

[P]ACC Hit Rate:          45.3925 %

[P]rx packet:             2104.729 / s

[P]Throughput:            58335.476 ops

[P]all request:           58343 o

[P]Valid Entries:         29202.233 / s

[P]set success:           29201.233 / s

[P]get found:             13224.294 / s

----------------------------------

[INFO]Current Time:       57.01 s

[P]indexs Load Factor:    0.0851 %

[P]slabs Load Factor:     0.0574 %

[P]EVICT Ratio:           0.0000 %

[P]set request:           77104 

[P]get request:           76889 

[P]Get Hit Rate:          51.6900 %

[P]ACC Hit Rate:          49.3035 %

[P]rx packet:             3681.415 / s

[P]Throughput:            95634.792 ops

[P]all request:           153993 o

[P]Valid Entries:         47890.384 / s

[P]set success:           47890.384 / s

[P]get found:             24679.075 / s

----------------------------------

[INFO]Current Time:       58.01 s

[P]indexs Load Factor:    0.1336 %

[P]slabs Load Factor:     0.0904 %

[P]EVICT Ratio:           0.0000 %

[P]set request:           121360 

[P]get request:           121043 

[P]Get Hit Rate:          52.9442 %

[P]ACC Hit Rate:          50.6316 %

[P]rx packet:             3407.656 / s

[P]Throughput:            88401.064 ops

[P]all request:           242403 o

[P]Valid Entries:         44251.527 / s

[P]set success:           44251.527 / s

[P]get found:             23374.637 / s

----------------------------------

[INFO]Current Time:       59.01 s

[P]indexs Load Factor:    0.3630 %

[P]slabs Load Factor:     0.2480 %

[P]EVICT Ratio:           0.0000 %

[P]set request:           332832 

[P]get request:           331349 

[P]Get Hit Rate:          54.3104 %

[P]ACC Hit Rate:          52.9665 %

[P]rx packet:             16270.309 / s

[P]Throughput:            421734.161 ops

[P]all request:           664181 o

[P]Valid Entries:         211454.019 / s

[P]set success:           211447.020 / s

[P]get found:             114206.128 / s

----------------------------------

[INFO]Current Time:       60.01 s

[P]indexs Load Factor:    0.6561 %

[P]slabs Load Factor:     0.4522 %

[P]EVICT Ratio:           0.0000 %

[P]set request:           606924 

[P]get request:           603974 

[P]Get Hit Rate:          56.3697 %

[P]ACC Hit Rate:          54.5027 %

[P]rx packet:             21072.292 / s

[P]Throughput:            546620.820 ops

[P]all request:           1210898 o

[P]Valid Entries:         274049.780 / s

[P]set success:           274039.782 / s

[P]get found:             153650.965 / s

----------------------------------

[INFO]Current Time:       61.01 s

[P]indexs Load Factor:    0.9179 %

[P]slabs Load Factor:     0.6363 %

[P]EVICT Ratio:           0.0000 %

[P]set request:           854009 

[P]get request:           849770 

[P]Get Hit Rate:          57.6055 %

[P]ACC Hit Rate:          55.4002 %

[P]rx packet:             19008.995 / s

[P]Throughput:            492803.102 ops

[P]all request:           1703779 o

[P]Valid Entries:         247056.947 / s

[P]set success:           247038.950 / s

[P]get found:             141569.622 / s

----------------------------------
link_flag:3
slab_flag:3
slab_flag:2
link_flag:3
slab_flag:3

[INFO]Current Time:       62.01 s

[P]indexs Load Factor:    1.2747 %

[P]slabs Load Factor:     0.8863 %

[P]EVICT Ratio:           0.0000 %

[P]set request:           1189351 

[P]get request:           1183053 

[P]Get Hit Rate:          57.0155 %

[P]ACC Hit Rate:          55.8552 %

[P]rx packet:             25799.922 / s

[P]Throughput:            668519.326 ops

[P]all request:           2372404 o

[P]Valid Entries:         335452.974 / s

[P]set success:           335173.019 / s

[P]get found:             189992.968 / s

----------------------------------
link_flag:3
slab_flag:3
link_flag:3
slab_flag:3
link_flag:3
slab_flag:3
link_flag:3
slab_flag:3

[INFO]Current Time:       63.01 s

[P]indexs Load Factor:    1.6328 %

[P]slabs Load Factor:     1.1401 %

[P]EVICT Ratio:           0.0000 %

[P]set request:           1529900 

[P]get request:           1521477 

[P]Get Hit Rate:          58.7062 %

[P]ACC Hit Rate:          56.4894 %

[P]rx packet:             26183.786 / s

[P]Throughput:            678863.749 ops

[P]all request:           3051377 o

[P]Valid Entries:         340672.175 / s

[P]set success:           340372.223 / s

[P]get found:             198644.032 / s

----------------------------------
link_flag:3
slab_flag:3
link_flag:3
slab_flag:3
link_flag:3
slab_flag:3

[INFO]Current Time:       64.01 s

[P]indexs Load Factor:    1.9826 %

[P]slabs Load Factor:     1.3907 %

[P]EVICT Ratio:           0.0000 %

[P]set request:           1866015 

[P]get request:           1855676 

[P]Get Hit Rate:          60.0370 %

[P]ACC Hit Rate:          57.1283 %

[P]rx packet:             25859.888 / s

[P]Throughput:            670207.420 ops

[P]all request:           3721691 o

[P]Valid Entries:         336270.525 / s

[P]set success:           335904.583 / s

[P]get found:             200611.098 / s

----------------------------------
slab_flag:2
link_flag:3
slab_flag:3
link_flag:3
slab_flag:3
link_flag:3
slab_flag:3
link_flag:3
slab_flag:3
link_flag:3
slab_flag:3

[INFO]Current Time:       65.01 s

[P]indexs Load Factor:    2.3205 %

[P]slabs Load Factor:     1.6343 %

[P]EVICT Ratio:           0.0000 %

[P]set request:           2192675 

[P]get request:           2180535 

[P]Get Hit Rate:          60.9677 %

[P]ACC Hit Rate:          57.7003 %

[P]rx packet:             25135.955 / s

[P]Throughput:            651414.166 ops

[P]all request:           4373210 o

[P]Valid Entries:         326919.388 / s

[P]set success:           326455.463 / s

[P]get found:             198027.131 / s

----------------------------------
link_flag:3
slab_flag:3
link_flag:3
slab_flag:3
slab_flag:3
link_flag:3
slab_flag:3
link_flag:3
slab_flag:3
link_flag:3
slab_flag:3

[INFO]Current Time:       66.01 s

[P]indexs Load Factor:    2.6537 %

[P]slabs Load Factor:     1.8768 %

[P]EVICT Ratio:           0.0000 %

[P]set request:           2517764 

[P]get request:           2503833 

[P]Get Hit Rate:          62.1946 %

[P]ACC Hit Rate:          58.2806 %

[P]rx packet:             25024.092 / s

[P]Throughput:            648285.761 ops

[P]all request:           5021597 o

[P]Valid Entries:         325389.186 / s

[P]set success:           324862.268 / s

[P]get found:             201042.604 / s

----------------------------------
slab_flag:2
link_flag:3
slab_flag:3
link_flag:3
slab_flag:3

[INFO]Current Time:       67.01 s

[P]indexs Load Factor:    2.9859 %

[P]slabs Load Factor:     2.1196 %

[P]EVICT Ratio:           0.0000 %

[P]set request:           2843237 

[P]get request:           2827640 

[P]Get Hit Rate:          62.7686 %

[P]ACC Hit Rate:          58.7945 %

[P]rx packet:             25048.023 / s

[P]Throughput:            649176.919 ops

[P]all request:           5670877 o

[P]Valid Entries:         325795.268 / s

[P]set success:           325253.354 / s

[P]get found:             203216.732 / s

----------------------------------
slab_flag:2
slab_flag:3
link_flag:3
slab_flag:3

[INFO]Current Time:       68.01 s

[P]indexs Load Factor:    3.3172 %

[P]slabs Load Factor:     2.3631 %

[P]EVICT Ratio:           0.0000 %

[P]set request:           3169481 

[P]get request:           3152266 

[P]Get Hit Rate:          63.4912 %

[P]ACC Hit Rate:          59.2782 %

[P]rx packet:             25135.571 / s

[P]Throughput:            650755.343 ops

[P]all request:           6321747 o

[P]Valid Entries:         326740.431 / s

[P]set success:           325986.564 / s

[P]get found:             206072.692 / s

----------------------------------
slab_flag:2
link_flag:3
slab_flag:3

[INFO]Current Time:       69.01 s

[P]indexs Load Factor:    3.6384 %

[P]slabs Load Factor:     2.6002 %

[P]EVICT Ratio:           0.0000 %

[P]set request:           3487275 

[P]get request:           3468436 

[P]Get Hit Rate:          64.1506 %

[P]ACC Hit Rate:          59.7224 %

[P]rx packet:             24474.521 / s

[P]Throughput:            633822.103 ops

[P]all request:           6955711 o

[P]Valid Entries:         318247.752 / s

[P]set success:           317552.908 / s

[P]get found:             202779.603 / s

----------------------------------
link_flag:3
slab_flag:3
link_flag:3
slab_flag:3
slab_flag:2
slab_flag:2
slab_flag:2
link_flag:3
slab_flag:3

[INFO]Current Time:       70.01 s

[P]indexs Load Factor:    3.9578 %

[P]slabs Load Factor:     2.8373 %

[P]EVICT Ratio:           0.0000 %

[P]set request:           3804985 

[P]get request:           3784498 

[P]Get Hit Rate:          64.8161 %

[P]ACC Hit Rate:          60.1478 %

[P]rx packet:             24468.086 / s

[P]Throughput:            633670.626 ops

[P]all request:           7589483 o

[P]Valid Entries:         318128.106 / s

[P]set success:           317471.211 / s

[P]get found:             204826.232 / s

----------------------------------
link_flag:3
slab_flag:3
slab_flag:2
slab_flag:2
link_flag:3
slab_flag:3
link_flag:3
slab_flag:3

[INFO]Current Time:       71.01 s

[P]indexs Load Factor:    4.2685 %

[P]slabs Load Factor:     3.0685 %

[P]EVICT Ratio:           0.0000 %

[P]set request:           4114983 

[P]get request:           4092708 

[P]Get Hit Rate:          65.1192 %

[P]ACC Hit Rate:          60.5222 %

[P]rx packet:             23856.206 / s

[P]Throughput:            618109.705 ops

[P]all request:           8207691 o

[P]Valid Entries:         310225.666 / s

[P]set success:           309805.733 / s

[P]get found:             200672.088 / s

----------------------------------
slab_flag:2
link_flag:3
slab_flag:3
link_flag:3
slab_flag:3
link_flag:3
slab_flag:3
link_flag:3
slab_flag:3

[INFO]Current Time:       72.01 s

[P]indexs Load Factor:    4.5803 %

[P]slabs Load Factor:     3.3014 %

[P]EVICT Ratio:           0.0000 %

[P]set request:           4427504 

[P]get request:           4403359 

[P]Get Hit Rate:          65.7233 %

[P]ACC Hit Rate:          60.8891 %

[P]rx packet:             24048.199 / s

[P]Throughput:            623073.510 ops

[P]all request:           8830863 o

[P]Valid Entries:         312661.577 / s

[P]set success:           312354.626 / s

[P]get found:             204137.732 / s

----------------------------------
slab_flag:2
slab_flag:2
link_flag:3
slab_flag:3
slab_flag:2
slab_flag:3
slab_flag:3
slab_flag:2

[INFO]Current Time:       73.01 s

[P]indexs Load Factor:    4.8924 %

[P]slabs Load Factor:     3.5352 %

[P]EVICT Ratio:           0.0000 %

[P]set request:           4740970 

[P]get request:           4714980 

[P]Get Hit Rate:          65.9956 %

[P]ACC Hit Rate:          61.2266 %

[P]rx packet:             24124.215 / s

[P]Throughput:            624988.952 ops

[P]all request:           9455950 o

[P]Valid Entries:         313644.796 / s

[P]set success:           313285.852 / s

[P]get found:             205623.742 / s

----------------------------------
slab_flag:2
slab_flag:2
slab_flag:2
slab_flag:2

[INFO]Current Time:       74.01 s

[P]indexs Load Factor:    5.2022 %

[P]slabs Load Factor:     3.7680 %

[P]EVICT Ratio:           0.0000 %

[P]set request:           5053237 

[P]get request:           5025482 

[P]Get Hit Rate:          66.4012 %

[P]ACC Hit Rate:          61.5463 %

[P]rx packet:             24028.156 / s

[P]Throughput:            622669.386 ops

[P]all request:           10078719 o

[P]Valid Entries:         312440.016 / s

[P]set success:           312070.075 / s

[P]get found:             206144.021 / s

----------------------------------
slab_flag:2
slab_flag:2
link_flag:3
slab_flag:3
link_flag:3
slab_flag:3

[INFO]Current Time:       75.01 s

[P]indexs Load Factor:    5.5074 %

[P]slabs Load Factor:     3.9981 %

[P]EVICT Ratio:           0.0000 %

[P]set request:           5361871 

[P]get request:           5332408 

[P]Get Hit Rate:          66.9090 %

[P]ACC Hit Rate:          61.8550 %

[P]rx packet:             23746.842 / s

[P]Throughput:            615426.330 ops

[P]all request:           10694279 o

[P]Valid Entries:         308780.933 / s

[P]set success:           308426.010 / s

[P]get found:             205316.405 / s

----------------------------------

[INFO]Current Time:       76.01 s

[P]indexs Load Factor:    5.8050 %

[P]slabs Load Factor:     4.2231 %

[P]EVICT Ratio:           0.0000 %

[P]set request:           5663589 

[P]get request:           5632412 

[P]Get Hit Rate:          67.1918 %

[P]ACC Hit Rate:          62.1392 %

[P]rx packet:             23212.287 / s

[P]Throughput:            601625.753 ops

[P]all request:           11296001 o

[P]Valid Entries:         301876.706 / s

[P]set success:           301534.761 / s

[P]get found:             201545.757 / s

----------------------------------
link_flag:3
slab_flag:3
slab_flag:2
link_flag:3
slab_flag:3
slab_flag:2
link_flag:3
slab_flag:3
link_flag:3
slab_flag:3
slab_flag:2
slab_flag:2

[INFO]Current Time:       77.01 s

[P]indexs Load Factor:    6.1056 %

[P]slabs Load Factor:     4.4511 %

[P]EVICT Ratio:           0.0000 %

[P]set request:           5969481 

[P]get request:           5936491 

[P]Get Hit Rate:          67.6653 %

[P]ACC Hit Rate:          62.4223 %

[P]rx packet:             23536.308 / s

[P]Throughput:            609875.323 ops

[P]all request:           11905972 o

[P]Valid Entries:         306021.991 / s

[P]set success:           305729.037 / s

[P]get found:             205723.726 / s

----------------------------------
link_flag:3
slab_flag:3
link_flag:3
slab_flag:3
slab_flag:2

[INFO]Current Time:       78.01 s

[P]indexs Load Factor:    6.4057 %

[P]slabs Load Factor:     4.6790 %

[P]EVICT Ratio:           0.0000 %

[P]set request:           6275188 

[P]get request:           6240467 

[P]Get Hit Rate:          67.8494 %

[P]ACC Hit Rate:          62.6866 %

[P]rx packet:             23524.186 / s

[P]Throughput:            609584.171 ops

[P]all request:           12515655 o

[P]Valid Entries:         305867.411 / s

[P]set success:           305523.467 / s

[P]get found:             206212.568 / s

----------------------------------
link_flag:3
slab_flag:3
slab_flag:2
link_flag:3
slab_flag:3

[INFO]Current Time:       79.01 s

[P]indexs Load Factor:    6.7013 %

[P]slabs Load Factor:     4.9042 %

[P]EVICT Ratio:           0.0000 %

[P]set request:           6577198 

[P]get request:           6540813 

[P]Get Hit Rate:          68.1374 %

[P]ACC Hit Rate:          62.9369 %

[P]rx packet:             23244.281 / s

[P]Throughput:            602259.651 ops

[P]all request:           13118011 o

[P]Valid Entries:         302157.661 / s

[P]set success:           301824.714 / s

[P]get found:             204615.266 / s

----------------------------------
link_flag:3
slab_flag:3
link_flag:3
slab_flag:3
link_flag:3
slab_flag:3
link_flag:3
slab_flag:3
link_flag:3
slab_flag:3
link_flag:3
slab_flag:3

[INFO]Current Time:       80.01 s

[P]indexs Load Factor:    6.9957 %

[P]slabs Load Factor:     5.1291 %

[P]EVICT Ratio:           0.0000 %

[P]set request:           6878833 

[P]get request:           6840694 

[P]Get Hit Rate:          68.6009 %

[P]ACC Hit Rate:          63.1852 %

[P]rx packet:             23209.493 / s

[P]Throughput:            601451.041 ops

[P]all request:           13719527 o

[P]Valid Entries:         301819.402 / s

[P]set success:           301487.438 / s

[P]get found:             205698.784 / s

----------------------------------
slab_flag:2
link_flag:3
slab_flag:3
link_flag:3
slab_flag:3
slab_flag:2

[INFO]Current Time:       81.01 s

[P]indexs Load Factor:    7.2893 %

[P]slabs Load Factor:     5.3537 %

[P]EVICT Ratio:           0.0000 %

[P]set request:           7180120 

[P]get request:           7140285 

[P]Get Hit Rate:          68.7614 %

[P]ACC Hit Rate:          63.4192 %

[P]rx packet:             23180.109 / s

[P]Throughput:            600777.162 ops

[P]all request:           14320405 o

[P]Valid Entries:         301446.403 / s

[P]set success:           301110.460 / s

[P]get found:             205968.429 / s

----------------------------------
slab_flag:2
link_flag:3
slab_flag:3
slab_flag:2
link_flag:3
slab_flag:3
link_flag:3
slab_flag:3
link_flag:3
slab_flag:3

[INFO]Current Time:       82.01 s

[P]indexs Load Factor:    7.5811 %

[P]slabs Load Factor:     5.5772 %

[P]EVICT Ratio:           0.0000 %

[P]set request:           7479741 

[P]get request:           7438270 

[P]Get Hit Rate:          68.9310 %

[P]ACC Hit Rate:          63.6400 %

[P]rx packet:             23069.393 / s

[P]Throughput:            597538.472 ops

[P]all request:           14918011 o

[P]Valid Entries:         299923.106 / s

[P]set success:           299428.162 / s

[P]get found:             205380.790 / s

----------------------------------
link_flag:3
slab_flag:3

[INFO]Current Time:       83.01 s

[P]indexs Load Factor:    7.8751 %

[P]slabs Load Factor:     5.8029 %

[P]EVICT Ratio:           0.0000 %

[P]set request:           7782328 

[P]get request:           7739280 

[P]Get Hit Rate:          69.2216 %

[P]ACC Hit Rate:          63.8571 %

[P]rx packet:             23296.295 / s

[P]Throughput:            603501.028 ops

[P]all request:           15521608 o

[P]Valid Entries:         302925.827 / s

[P]set success:           302368.916 / s

[P]get found:             208330.870 / s

----------------------------------
slab_flag:2
slab_flag:2
link_flag:3
slab_flag:3
link_flag:3
slab_flag:3
link_flag:3
slab_flag:3
link_flag:3
slab_flag:3

[INFO]Current Time:       84.01 s

[P]indexs Load Factor:    8.1646 %

[P]slabs Load Factor:     6.0254 %

[P]EVICT Ratio:           0.0000 %

[P]set request:           8080737 

[P]get request:           8035939 

[P]Get Hit Rate:          69.3355 %

[P]ACC Hit Rate:          64.0593 %

[P]rx packet:             22956.306 / s

[P]Throughput:            594972.250 ops

[P]all request:           16116676 o

[P]Valid Entries:         298534.956 / s

[P]set success:           298240.003 / s

[P]get found:             205656.903 / s

----------------------------------
link_flag:3
slab_flag:3
link_flag:3
slab_flag:3

[INFO]Current Time:       85.01 s

[P]indexs Load Factor:    8.4542 %

[P]slabs Load Factor:     6.2488 %

[P]EVICT Ratio:           0.0000 %

[P]set request:           8380293 

[P]get request:           8333744 

[P]Get Hit Rate:          69.8121 %

[P]ACC Hit Rate:          64.2649 %

[P]rx packet:             23048.307 / s

[P]Throughput:            597265.308 ops

[P]all request:           16714037 o

[P]Valid Entries:         299746.975 / s

[P]set success:           299369.036 / s

[P]get found:             207870.696 / s

----------------------------------
link_flag:3
slab_flag:3

[INFO]Current Time:       86.01 s

[P]indexs Load Factor:    8.7417 %

[P]slabs Load Factor:     6.4710 %

[P]EVICT Ratio:           0.0000 %

[P]set request:           8678369 

[P]get request:           8630100 

[P]Get Hit Rate:          70.0988 %

[P]ACC Hit Rate:          64.4652 %

[P]rx packet:             22936.402 / s

[P]Throughput:            594338.760 ops

[P]all request:           17308469 o

[P]Valid Entries:         298233.213 / s

[P]set success:           297890.267 / s

[P]get found:             207709.415 / s

----------------------------------
link_flag:3
slab_flag:3
link_flag:3
slab_flag:3

[INFO]Current Time:       87.01 s

[P]indexs Load Factor:    9.0315 %

[P]slabs Load Factor:     6.6947 %

[P]EVICT Ratio:           0.0000 %

[P]set request:           8978430 

[P]get request:           8928409 

[P]Get Hit Rate:          69.9107 %

[P]ACC Hit Rate:          64.6472 %

[P]rx packet:             23088.350 / s

[P]Throughput:            598275.430 ops

[P]all request:           17906839 o

[P]Valid Entries:         300207.546 / s

[P]set success:           299863.600 / s

[P]get found:             208517.039 / s

----------------------------------
link_flag:3
slab_flag:3
link_flag:3
slab_flag:3
slab_flag:2
slab_flag:2

[INFO]Current Time:       88.01 s

[P]indexs Load Factor:    9.3189 %

[P]slabs Load Factor:     6.9174 %

[P]EVICT Ratio:           0.0000 %

[P]set request:           9277086 

[P]get request:           9225377 

[P]Get Hit Rate:          70.3652 %

[P]ACC Hit Rate:          64.8312 %

[P]rx packet:             22975.059 / s

[P]Throughput:            595495.936 ops

[P]all request:           18502463 o

[P]Valid Entries:         298810.740 / s

[P]set success:           298462.815 / s

[P]get found:             208917.072 / s

----------------------------------
link_flag:3
slab_flag:3
link_flag:3
slab_flag:3

[INFO]Current Time:       89.01 s

[P]indexs Load Factor:    9.6023 %

[P]slabs Load Factor:     7.1372 %

[P]EVICT Ratio:           0.0000 %

[P]set request:           9571795 

[P]get request:           9518497 

[P]Get Hit Rate:          70.4943 %

[P]ACC Hit Rate:          65.0056 %

[P]rx packet:             22681.577 / s

[P]Throughput:            587766.220 ops

[P]all request:           19090292 o

[P]Valid Entries:         294948.496 / s

[P]set success:           294543.539 / s

[P]get found:             206610.932 / s

----------------------------------

[INFO]Current Time:       90.01 s

[P]indexs Load Factor:    9.8805 %

[P]slabs Load Factor:     7.3531 %

[P]EVICT Ratio:           0.0000 %

[P]set request:           9861317 

[P]get request:           9806469 

[P]Get Hit Rate:          70.5857 %

[P]ACC Hit Rate:          65.1695 %

[P]rx packet:             22277.567 / s

[P]Throughput:            577430.947 ops

[P]all request:           19667786 o

[P]Valid Entries:         289736.362 / s

[P]set success:           289360.403 / s

[P]get found:             203244.807 / s

----------------------------------
slab_flag:3
link_flag:3
slab_flag:3
link_flag:3
slab_flag:3
link_flag:3
slab_flag:3

[INFO]Current Time:       91.01 s

[P]indexs Load Factor:    10.1630 %

[P]slabs Load Factor:     7.5727 %

[P]EVICT Ratio:           0.0000 %

[P]set request:           10155921 

[P]get request:           10099362 

[P]Get Hit Rate:          70.8842 %

[P]ACC Hit Rate:          65.3352 %

[P]rx packet:             22673.530 / s

[P]Throughput:            587432.995 ops

[P]all request:           20255283 o

[P]Valid Entries:         294791.880 / s

[P]set success:           294458.917 / s

[P]get found:             207592.381 / s

----------------------------------
slab_flag:2
link_flag:3
slab_flag:3
link_flag:3
slab_flag:3

[INFO]Current Time:       92.01 s

[P]indexs Load Factor:    10.4457 %

[P]slabs Load Factor:     7.7930 %

[P]EVICT Ratio:           0.0000 %

[P]set request:           10451239 

[P]get request:           10393097 

[P]Get Hit Rate:          71.0998 %

[P]ACC Hit Rate:          65.4982 %

[P]rx packet:             22720.414 / s

[P]Throughput:            588960.043 ops

[P]all request:           20844336 o

[P]Valid Entries:         295565.350 / s

[P]set success:           295137.418 / s

[P]get found:             208812.043 / s

----------------------------------
slab_flag:3
slab_flag:2
link_flag:3
slab_flag:3

[INFO]Current Time:       93.01 s

[P]indexs Load Factor:    10.7241 %

[P]slabs Load Factor:     8.0100 %

[P]EVICT Ratio:           0.0000 %

[P]set request:           10742113 

[P]get request:           10682571 

[P]Get Hit Rate:          71.1712 %

[P]ACC Hit Rate:          65.6519 %

[P]rx packet:             22412.366 / s

[P]Throughput:            580253.927 ops

[P]all request:           21424684 o

[P]Valid Entries:         291274.777 / s

[P]set success:           290674.874 / s

[P]get found:             205988.604 / s

----------------------------------
slab_flag:3
link_flag:3
slab_flag:3
slab_flag:2

[INFO]Current Time:       94.01 s

[P]indexs Load Factor:    11.0032 %

[P]slabs Load Factor:     8.2278 %

[P]EVICT Ratio:           0.0000 %

[P]set request:           11033973 

[P]get request:           10973031 

[P]Get Hit Rate:          71.2983 %

[P]ACC Hit Rate:          65.8013 %

[P]rx packet:             22475.054 / s

[P]Throughput:            582191.883 ops

[P]all request:           22007004 o

[P]Valid Entries:         292279.681 / s

[P]set success:           291625.825 / s

[P]get found:             207047.437 / s

----------------------------------
link_flag:3
slab_flag:3
slab_flag:2

[INFO]Current Time:       95.01 s

[P]indexs Load Factor:    11.2831 %

[P]slabs Load Factor:     8.4466 %

[P]EVICT Ratio:           0.0000 %

[P]set request:           11327318 

[P]get request:           11264790 

[P]Get Hit Rate:          71.5313 %

[P]ACC Hit Rate:          65.9498 %

[P]rx packet:             22584.075 / s

[P]Throughput:            585002.322 ops

[P]all request:           22592108 o

[P]Valid Entries:         293548.979 / s

[P]set success:           293173.044 / s

[P]get found:             208662.733 / s

----------------------------------
link_flag:3
slab_flag:3

[INFO]Current Time:       96.01 s

[P]indexs Load Factor:    11.5614 %

[P]slabs Load Factor:     8.6645 %

[P]EVICT Ratio:           0.0000 %

[P]set request:           11619586 

[P]get request:           11555390 

[P]Get Hit Rate:          71.7395 %

[P]ACC Hit Rate:          66.0954 %

[P]rx packet:             22492.375 / s

[P]Throughput:            582774.074 ops

[P]all request:           23174976 o

[P]Valid Entries:         292443.867 / s

[P]set success:           292084.924 / s

[P]get found:             208441.405 / s

----------------------------------
link_flag:3
slab_flag:3
slab_flag:2
link_flag:3
slab_flag:3

[INFO]Current Time:       97.01 s

[P]indexs Load Factor:    11.8383 %

[P]slabs Load Factor:     8.8814 %

[P]EVICT Ratio:           0.0000 %

[P]set request:           11910482 

[P]get request:           11844603 

[P]Get Hit Rate:          71.7603 %

[P]ACC Hit Rate:          66.2337 %

[P]rx packet:             22384.440 / s

[P]Throughput:            580016.763 ops

[P]all request:           23755085 o

[P]Valid Entries:         291045.716 / s

[P]set success:           290717.769 / s

[P]get found:             207507.001 / s

----------------------------------
link_flag:3
slab_flag:3

[INFO]Current Time:       98.01 s

[P]indexs Load Factor:    12.1149 %

[P]slabs Load Factor:     9.0985 %

[P]EVICT Ratio:           0.0000 %

[P]set request:           12201746 

[P]get request:           12134225 

[P]Get Hit Rate:          72.0833 %

[P]ACC Hit Rate:          66.3733 %

[P]rx packet:             22408.436 / s

[P]Throughput:            580793.639 ops

[P]all request:           24335971 o

[P]Valid Entries:         291419.657 / s

[P]set success:           291081.711 / s

[P]get found:             208735.806 / s

----------------------------------

[INFO]Current Time:       99.01 s

[P]indexs Load Factor:    12.3930 %

[P]slabs Load Factor:     9.3168 %

[P]EVICT Ratio:           0.0000 %

[P]set request:           12494482 

[P]get request:           12425266 

[P]Get Hit Rate:          72.0507 %

[P]ACC Hit Rate:          66.5063 %

[P]rx packet:             22524.311 / s

[P]Throughput:            583681.397 ops

[P]all request:           24919748 o

[P]Valid Entries:         292876.029 / s

[P]set success:           292546.083 / s

[P]get found:             209662.659 / s

----------------------------------
slab_flag:2
link_flag:3
slab_flag:3

[INFO]Current Time:       100.01 s

[P]indexs Load Factor:    12.6678 %

[P]slabs Load Factor:     9.5330 %

[P]EVICT Ratio:           0.0000 %

[P]set request:           12784514 

[P]get request:           12713642 

[P]Get Hit Rate:          72.3569 %

[P]ACC Hit Rate:          66.6390 %

[P]rx packet:             22316.292 / s

[P]Throughput:            578311.897 ops

[P]all request:           25498156 o

[P]Valid Entries:         290170.780 / s

[P]set success:           289866.831 / s

[P]get found:             208625.331 / s

----------------------------------
slab_flag:2
slab_flag:2
slab_flag:2
link_flag:3
slab_flag:3

[INFO]Current Time:       101.01 s

[P]indexs Load Factor:    12.9412 %

[P]slabs Load Factor:     9.7481 %

[P]EVICT Ratio:           0.0000 %

[P]set request:           13073050 

[P]get request:           13000611 

[P]Get Hit Rate:          72.3395 %

[P]ACC Hit Rate:          66.7648 %

[P]rx packet:             22199.094 / s

[P]Throughput:            575377.833 ops

[P]all request:           26073661 o

[P]Valid Entries:         288647.205 / s

[P]set success:           288359.269 / s

[P]get found:             207546.129 / s

----------------------------------

[INFO]Current Time:       102.01 s

[P]indexs Load Factor:    13.2127 %

[P]slabs Load Factor:     9.9621 %

[P]EVICT Ratio:           0.0000 %

[P]set request:           13359995 

[P]get request:           13286016 

[P]Get Hit Rate:          72.5569 %

[P]ACC Hit Rate:          66.8892 %

[P]rx packet:             22076.426 / s

[P]Throughput:            572257.359 ops

[P]all request:           26646011 o

[P]Valid Entries:         287151.514 / s

[P]set success:           286770.576 / s

[P]get found:             207047.482 / s

----------------------------------
slab_flag:3
link_flag:3
slab_flag:3
slab_flag:2
link_flag:3
slab_flag:3
slab_flag:2

[INFO]Current Time:       103.01 s

[P]indexs Load Factor:    13.4867 %

[P]slabs Load Factor:     10.1779 %

[P]EVICT Ratio:           0.0000 %

[P]set request:           13649326 

[P]get request:           13573897 

[P]Get Hit Rate:          72.5112 %

[P]ACC Hit Rate:          67.0085 %

[P]rx packet:             22280.436 / s

[P]Throughput:            577119.673 ops

[P]all request:           27223223 o

[P]Valid Entries:         289646.663 / s

[P]set success:           289144.743 / s

[P]get found:             208712.610 / s

----------------------------------
slab_flag:2
slab_flag:2

[INFO]Current Time:       104.01 s

[P]indexs Load Factor:    13.7608 %

[P]slabs Load Factor:     10.3945 %

[P]EVICT Ratio:           0.0000 %

[P]set request:           13939555 

[P]get request:           13862618 

[P]Get Hit Rate:          72.8104 %

[P]ACC Hit Rate:          67.1293 %

[P]rx packet:             22340.335 / s

[P]Throughput:            578855.049 ops

[P]all request:           27802173 o

[P]Valid Entries:         290556.339 / s

[P]set success:           290063.420 / s

[P]get found:             210184.523 / s

----------------------------------

[INFO]Current Time:       105.01 s

[P]indexs Load Factor:    14.0329 %

[P]slabs Load Factor:     10.6099 %

[P]EVICT Ratio:           0.0000 %

[P]set request:           14228252 

[P]get request:           14149906 

[P]Get Hit Rate:          73.1625 %

[P]ACC Hit Rate:          67.2518 %

[P]rx packet:             22240.400 / s

[P]Throughput:            575891.771 ops

[P]all request:           28378158 o

[P]Valid Entries:         289129.194 / s

[P]set success:           288477.300 / s

[P]get found:             210152.979 / s

----------------------------------
link_flag:3
slab_flag:3
slab_flag:2
link_flag:3
slab_flag:3

[INFO]Current Time:       106.01 s

[P]indexs Load Factor:    14.3031 %

[P]slabs Load Factor:     10.8239 %

[P]EVICT Ratio:           0.0000 %

[P]set request:           14515231 

[P]get request:           14435154 

[P]Get Hit Rate:          73.1605 %

[P]ACC Hit Rate:          67.3686 %

[P]rx packet:             22088.398 / s

[P]Throughput:            572133.697 ops

[P]all request:           28950385 o

[P]Valid Entries:         287160.170 / s

[P]set success:           286804.228 / s

[P]get found:             208654.973 / s

----------------------------------
link_flag:3
slab_flag:3
link_flag:3
slab_flag:3
slab_flag:2
slab_flag:2
slab_flag:2

[INFO]Current Time:       107.01 s

[P]indexs Load Factor:    14.5734 %

[P]slabs Load Factor:     11.0381 %

[P]EVICT Ratio:           0.0000 %

[P]set request:           14802487 

[P]get request:           14720814 

[P]Get Hit Rate:          73.2668 %

[P]ACC Hit Rate:          67.4830 %

[P]rx packet:             22096.444 / s

[P]Throughput:            572823.814 ops

[P]all request:           29523301 o

[P]Valid Entries:         287428.743 / s

[P]set success:           287092.797 / s

[P]get found:             209260.323 / s

----------------------------------
link_flag:3
slab_flag:3

[INFO]Current Time:       108.01 s

[P]indexs Load Factor:    14.8448 %

[P]slabs Load Factor:     11.2531 %

[P]EVICT Ratio:           0.0000 %

[P]set request:           15090923 

[P]get request:           15007597 

[P]Get Hit Rate:          73.2292 %

[P]ACC Hit Rate:          67.5928 %

[P]rx packet:             22195.206 / s

[P]Throughput:            575094.775 ops

[P]all request:           30098520 o

[P]Valid Entries:         288596.661 / s

[P]set success:           288233.739 / s

[P]get found:             209963.646 / s

----------------------------------
link_flag:3
slab_flag:3
link_flag:3
slab_flag:3

[INFO]Current Time:       109.01 s

[P]indexs Load Factor:    15.1151 %

[P]slabs Load Factor:     11.4675 %

[P]EVICT Ratio:           0.0000 %

[P]set request:           15378351 

[P]get request:           15293411 

[P]Get Hit Rate:          73.3159 %

[P]ACC Hit Rate:          67.6998 %

[P]rx packet:             22120.482 / s

[P]Throughput:            573150.855 ops

[P]all request:           30671762 o

[P]Valid Entries:         287611.263 / s

[P]set success:           287248.320 / s

[P]get found:             209513.682 / s

----------------------------------
link_flag:3
slab_flag:3
slab_flag:2
slab_flag:2
link_flag:3
slab_flag:3
slab_flag:2

[INFO]Current Time:       110.01 s

[P]indexs Load Factor:    15.3821 %

[P]slabs Load Factor:     11.6797 %

[P]EVICT Ratio:           0.0000 %

[P]set request:           15662889 

[P]get request:           15576427 

[P]Get Hit Rate:          73.6089 %

[P]ACC Hit Rate:          67.8071 %

[P]rx packet:             21900.496 / s

[P]Throughput:            567463.218 ops

[P]all request:           31239316 o

[P]Valid Entries:         284774.442 / s

[P]set success:           284373.506 / s

[P]get found:             208291.678 / s

----------------------------------
slab_flag:2

[INFO]Current Time:       111.01 s

[P]indexs Load Factor:    15.6520 %

[P]slabs Load Factor:     11.8942 %

[P]EVICT Ratio:           0.0000 %

[P]set request:           15950464 

[P]get request:           15862576 

[P]Get Hit Rate:          73.6592 %

[P]ACC Hit Rate:          67.9127 %

[P]rx packet:             22144.431 / s

[P]Throughput:            573631.547 ops

[P]all request:           31813040 o

[P]Valid Entries:         287945.592 / s

[P]set success:           287400.679 / s

[P]get found:             210741.035 / s

----------------------------------
link_flag:3
slab_flag:3
slab_flag:2
link_flag:3
slab_flag:3

[INFO]Current Time:       112.01 s

[P]indexs Load Factor:    15.9189 %

[P]slabs Load Factor:     12.1066 %

[P]EVICT Ratio:           0.0000 %

[P]set request:           16235262 

[P]get request:           16145705 

[P]Get Hit Rate:          73.7342 %

[P]ACC Hit Rate:          68.0148 %

[P]rx packet:             21916.405 / s

[P]Throughput:            567833.857 ops

[P]all request:           32380967 o

[P]Valid Entries:         284917.264 / s

[P]set success:           284641.310 / s

[P]get found:             208728.762 / s

----------------------------------

[INFO]Current Time:       113.02 s

[P]indexs Load Factor:    16.1853 %

[P]slabs Load Factor:     12.3186 %

[P]EVICT Ratio:           0.0000 %

[P]set request:           16519576 

[P]get request:           16428456 

[P]Get Hit Rate:          73.8201 %

[P]ACC Hit Rate:          68.1147 %

[P]rx packet:             21884.478 / s

[P]Throughput:            566973.755 ops

[P]all request:           32948032 o

[P]Valid Entries:         284502.214 / s

[P]set success:           284154.270 / s

[P]get found:             208693.414 / s

----------------------------------
slab_flag:2
slab_flag:2

[INFO]Current Time:       114.02 s

[P]indexs Load Factor:    16.4523 %

[P]slabs Load Factor:     12.5313 %

[P]EVICT Ratio:           0.0000 %

[P]set request:           16804854 

[P]get request:           16712183 

[P]Get Hit Rate:          73.8950 %

[P]ACC Hit Rate:          68.2128 %

[P]rx packet:             21959.168 / s

[P]Throughput:            568879.812 ops

[P]all request:           33517037 o

[P]Valid Entries:         285458.182 / s

[P]set success:           285109.259 / s

[P]get found:             209613.872 / s

----------------------------------

[INFO]Current Time:       115.02 s

[P]indexs Load Factor:    16.7167 %

[P]slabs Load Factor:     12.7420 %

[P]EVICT Ratio:           0.0000 %

[P]set request:           17087474 

[P]get request:           16993261 

[P]Get Hit Rate:          73.9802 %

[P]ACC Hit Rate:          68.3082 %

[P]rx packet:             21744.501 / s

[P]Throughput:            563607.297 ops

[P]all request:           34080735 o

[P]Valid Entries:         282766.494 / s

[P]set success:           282456.544 / s

[P]get found:             207908.541 / s

----------------------------------
slab_flag:2

[INFO]Current Time:       116.02 s

[P]indexs Load Factor:    16.9834 %

[P]slabs Load Factor:     12.9550 %

[P]EVICT Ratio:           0.0000 %

[P]set request:           17373128 

[P]get request:           17277358 

[P]Get Hit Rate:          74.2141 %

[P]ACC Hit Rate:          68.4054 %

[P]rx packet:             21988.440 / s

[P]Throughput:            569658.780 ops

[P]all request:           34650486 o

[P]Valid Entries:         285814.731 / s

[P]set success:           285485.784 / s

[P]get found:             210805.873 / s

----------------------------------
slab_flag:2
link_flag:3
slab_flag:3
slab_flag:2
link_flag:3
slab_flag:3

[INFO]Current Time:       117.02 s

[P]indexs Load Factor:    17.2463 %

[P]slabs Load Factor:     13.1650 %

[P]EVICT Ratio:           0.0000 %

[P]set request:           17654813 

[P]get request:           17557382 

[P]Get Hit Rate:          74.2518 %

[P]ACC Hit Rate:          68.4986 %

[P]rx packet:             21672.554 / s

[P]Throughput:            561619.688 ops

[P]all request:           35212195 o

[P]Valid Entries:         281852.178 / s

[P]set success:           281541.228 / s

[P]get found:             207889.940 / s

----------------------------------
slab_flag:2
link_flag:3
slab_flag:3
link_flag:3
slab_flag:3
link_flag:3
slab_flag:3

[INFO]Current Time:       118.02 s

[P]indexs Load Factor:    17.5144 %

[P]slabs Load Factor:     13.3790 %

[P]EVICT Ratio:           0.0000 %

[P]set request:           17941819 

[P]get request:           17842773 

[P]Get Hit Rate:          74.1852 %

[P]ACC Hit Rate:          68.5896 %

[P]rx packet:             22084.377 / s

[P]Throughput:            572303.124 ops

[P]all request:           35784592 o

[P]Valid Entries:         287138.900 / s

[P]set success:           286849.947 / s

[P]get found:             211683.277 / s

----------------------------------
link_flag:3
slab_flag:3
link_flag:3
slab_flag:3

[INFO]Current Time:       119.02 s

[P]indexs Load Factor:    17.7780 %

[P]slabs Load Factor:     13.5900 %

[P]EVICT Ratio:           0.0000 %

[P]set request:           18224780 

[P]get request:           18124189 

[P]Get Hit Rate:          74.4865 %

[P]ACC Hit Rate:          68.6811 %

[P]rx packet:             21780.495 / s

[P]Throughput:            564286.188 ops

[P]all request:           36348969 o

[P]Valid Entries:         283133.435 / s

[P]set success:           282795.489 / s

[P]get found:             209583.271 / s

----------------------------------

[INFO]Current Time:       120.02 s

[P]indexs Load Factor:    18.0395 %

[P]slabs Load Factor:     13.7994 %

[P]EVICT Ratio:           0.0000 %

[P]set request:           18505637 

[P]get request:           18403461 

[P]Get Hit Rate:          74.5746 %

[P]ACC Hit Rate:          68.7706 %

[P]rx packet:             21608.517 / s

[P]Throughput:            560038.738 ops

[P]all request:           36909098 o

[P]Valid Entries:         281006.710 / s

[P]set success:           280718.756 / s

[P]get found:             208232.439 / s

----------------------------------
link_flag:3
slab_flag:3

[INFO]Current Time:       121.02 s

[P]indexs Load Factor:    18.3022 %

[P]slabs Load Factor:     14.0100 %

[P]EVICT Ratio:           0.0000 %

[P]set request:           18788072 

[P]get request:           18684247 

[P]Get Hit Rate:          74.7124 %

[P]ACC Hit Rate:          68.8598 %

[P]rx packet:             21731.197 / s

[P]Throughput:            563096.548 ops

[P]all request:           37472319 o

[P]Valid Entries:         282592.543 / s

[P]set success:           282271.614 / s

[P]get found:             209735.645 / s

----------------------------------
slab_flag:3
slab_flag:2
link_flag:3
slab_flag:3
link_flag:3
slab_flag:3

[INFO]Current Time:       122.02 s

[P]indexs Load Factor:    18.5658 %

[P]slabs Load Factor:     14.2212 %

[P]EVICT Ratio:           0.0000 %

[P]set request:           19071416 

[P]get request:           18966033 

[P]Get Hit Rate:          74.6542 %

[P]ACC Hit Rate:          68.9459 %

[P]rx packet:             21804.491 / s

[P]Throughput:            565039.067 ops

[P]all request:           38037449 o

[P]Valid Entries:         283534.370 / s

[P]set success:           283174.428 / s

[P]get found:             210331.151 / s

----------------------------------
link_flag:3
slab_flag:3

[INFO]Current Time:       123.02 s

[P]indexs Load Factor:    18.8266 %

[P]slabs Load Factor:     14.4305 %

[P]EVICT Ratio:           0.0000 %

[P]set request:           19351987 

[P]get request:           19245078 

[P]Get Hit Rate:          74.7568 %

[P]ACC Hit Rate:          69.0302 %

[P]rx packet:             21580.506 / s

[P]Throughput:            559525.421 ops

[P]all request:           38597065 o

[P]Valid Entries:         280748.551 / s

[P]set success:           280425.603 / s

[P]get found:             208571.235 / s

----------------------------------
link_flag:3
slab_flag:3

[INFO]Current Time:       124.02 s

[P]indexs Load Factor:    19.0875 %

[P]slabs Load Factor:     14.6400 %

[P]EVICT Ratio:           0.0000 %

[P]set request:           19632930 

[P]get request:           19524582 

[P]Get Hit Rate:          74.9617 %

[P]ACC Hit Rate:          69.1151 %

[P]rx packet:             21624.474 / s

[P]Throughput:            560355.618 ops

[P]all request:           39157512 o

[P]Valid Entries:         281252.134 / s

[P]set success:           280764.213 / s

[P]get found:             209486.837 / s

----------------------------------
slab_flag:2
link_flag:3
slab_flag:3
link_flag:3
slab_flag:3
slab_flag:2

[INFO]Current Time:       125.02 s

[P]indexs Load Factor:    19.3466 %

[P]slabs Load Factor:     14.8480 %

[P]EVICT Ratio:           0.0000 %

[P]set request:           19911829 

[P]get request:           19801899 

[P]Get Hit Rate:          74.8980 %

[P]ACC Hit Rate:          69.1961 %

[P]rx packet:             21472.544 / s

[P]Throughput:            556126.501 ops

[P]all request:           39713728 o

[P]Valid Entries:         279093.085 / s

[P]set success:           278734.143 / s

[P]get found:             207671.579 / s

----------------------------------
link_flag:3
slab_flag:3
link_flag:3
slab_flag:3

[INFO]Current Time:       126.02 s

[P]indexs Load Factor:    19.6049 %

[P]slabs Load Factor:     15.0559 %

[P]EVICT Ratio:           0.0000 %

[P]set request:           20190607 

[P]get request:           20079115 

[P]Get Hit Rate:          75.1154 %

[P]ACC Hit Rate:          69.2778 %

[P]rx packet:             21448.543 / s

[P]Throughput:            555904.404 ops

[P]all request:           40269722 o

[P]Valid Entries:         278915.047 / s

[P]set success:           278624.094 / s

[P]get found:             208198.444 / s

----------------------------------
link_flag:3
slab_flag:3
link_flag:3
slab_flag:3

[INFO]Current Time:       127.02 s

[P]indexs Load Factor:    19.8650 %

[P]slabs Load Factor:     15.2651 %

[P]EVICT Ratio:           0.0000 %

[P]set request:           20471195 

[P]get request:           20358095 

[P]Get Hit Rate:          75.1068 %

[P]ACC Hit Rate:          69.3577 %

[P]rx packet:             21592.546 / s

[P]Throughput:            559478.495 ops

[P]all request:           40829290 o

[P]Valid Entries:         280729.089 / s

[P]set success:           280443.135 / s

[P]get found:             209499.485 / s

----------------------------------
slab_flag:2
link_flag:3
slab_flag:3

[INFO]Current Time:       128.02 s

[P]indexs Load Factor:    20.1258 %

[P]slabs Load Factor:     15.4752 %

[P]EVICT Ratio:           0.0000 %

[P]set request:           20753027 

[P]get request:           20638389 

[P]Get Hit Rate:          75.3063 %

[P]ACC Hit Rate:          69.4385 %

[P]rx packet:             21687.383 / s

[P]Throughput:            562006.344 ops

[P]all request:           41391416 o

[P]Valid Entries:         281964.967 / s

[P]set success:           281662.032 / s

[P]get found:             211034.069 / s

----------------------------------
slab_flag:2

[INFO]Current Time:       129.02 s

[P]indexs Load Factor:    20.3884 %

[P]slabs Load Factor:     15.6867 %

[P]EVICT Ratio:           0.0000 %

[P]set request:           21036778 

[P]get request:           20920568 

[P]Get Hit Rate:          75.3043 %

[P]ACC Hit Rate:          69.5176 %

[P]rx packet:             21836.439 / s

[P]Throughput:            565837.724 ops

[P]all request:           41957346 o

[P]Valid Entries:         283923.698 / s

[P]set success:           283581.754 / s

[P]get found:             212458.353 / s

----------------------------------
slab_flag:2
slab_flag:2
link_flag:3
slab_flag:3

[INFO]Current Time:       130.02 s

[P]indexs Load Factor:    20.6477 %

[P]slabs Load Factor:     15.8956 %

[P]EVICT Ratio:           0.0000 %

[P]set request:           21316901 

[P]get request:           21199071 

[P]Get Hit Rate:          75.3306 %

[P]ACC Hit Rate:          69.5940 %

[P]rx packet:             21560.597 / s

[P]Throughput:            558537.844 ops

[P]all request:           42515972 o

[P]Valid Entries:         280284.762 / s

[P]set success:           279955.814 / s

[P]get found:             209764.892 / s

----------------------------------
link_flag:3
slab_flag:3

[INFO]Current Time:       131.02 s

[P]indexs Load Factor:    20.9052 %

[P]slabs Load Factor:     16.1034 %

[P]EVICT Ratio:           0.0000 %

[P]set request:           21595564 

[P]get request:           21476159 

[P]Get Hit Rate:          75.4825 %

[P]ACC Hit Rate:          69.6699 %

[P]rx packet:             21446.595 / s

[P]Throughput:            555610.981 ops

[P]all request:           43071723 o

[P]Valid Entries:         278829.733 / s

[P]set success:           278461.825 / s

[P]get found:             209100.305 / s

----------------------------------
link_flag:3
slab_flag:3
link_flag:3
slab_flag:3

[INFO]Current Time:       132.02 s

[P]indexs Load Factor:    21.1617 %

[P]slabs Load Factor:     16.3100 %

[P]EVICT Ratio:           0.0000 %

[P]set request:           21872430 

[P]get request:           21751753 

[P]Get Hit Rate:          75.3133 %

[P]ACC Hit Rate:          69.7414 %

[P]rx packet:             21321.651 / s

[P]Throughput:            552399.154 ops

[P]all request:           43624183 o

[P]Valid Entries:         277275.458 / s

[P]set success:           276707.521 / s

[P]get found:             207536.140 / s

----------------------------------

[INFO]Current Time:       133.02 s

[P]indexs Load Factor:    21.4186 %

[P]slabs Load Factor:     16.5175 %

[P]EVICT Ratio:           0.0000 %

[P]set request:           22150470 

[P]get request:           22028450 

[P]Get Hit Rate:          75.5838 %

[P]ACC Hit Rate:          69.8148 %

[P]rx packet:             21412.574 / s

[P]Throughput:            554648.268 ops

[P]all request:           44178920 o

[P]Valid Entries:         278371.466 / s

[P]set success:           277841.551 / s

[P]get found:             209104.548 / s

----------------------------------
link_flag:3
slab_flag:3
link_flag:3
slab_flag:3

[INFO]Current Time:       134.02 s

[P]indexs Load Factor:    21.6774 %

[P]slabs Load Factor:     16.7266 %

[P]EVICT Ratio:           0.0000 %

[P]set request:           22430834 

[P]get request:           22307419 

[P]Get Hit Rate:          75.6690 %

[P]ACC Hit Rate:          69.8880 %

[P]rx packet:             21592.525 / s

[P]Throughput:            559243.000 ops

[P]all request:           44738253 o

[P]Valid Entries:         280730.821 / s

[P]set success:           280156.914 / s

[P]get found:             211059.034 / s

----------------------------------
link_flag:3
slab_flag:3

[INFO]Current Time:       135.02 s

[P]indexs Load Factor:    21.9299 %

[P]slabs Load Factor:     16.9308 %

[P]EVICT Ratio:           0.0000 %

[P]set request:           22704696 

[P]get request:           22579678 

[P]Get Hit Rate:          75.7661 %

[P]ACC Hit Rate:          69.9589 %

[P]rx packet:             21069.639 / s

[P]Throughput:            546059.810 ops

[P]all request:           45284374 o

[P]Valid Entries:         273998.297 / s

[P]set success:           273751.324 / s

[P]get found:             206256.888 / s

----------------------------------
link_flag:3
slab_flag:3

[INFO]Current Time:       136.02 s

[P]indexs Load Factor:    22.1838 %

[P]slabs Load Factor:     17.1360 %

[P]EVICT Ratio:           0.0000 %

[P]set request:           22979879 

[P]get request:           22853362 

[P]Get Hit Rate:          75.7191 %

[P]ACC Hit Rate:          70.0279 %

[P]rx packet:             21177.587 / s

[P]Throughput:            548804.456 ops

[P]all request:           45833241 o

[P]Valid Entries:         275355.619 / s

[P]set success:           275040.655 / s

[P]get found:             207207.386 / s

----------------------------------
link_flag:3
slab_flag:3
link_flag:3
slab_flag:3

[INFO]Current Time:       137.02 s

[P]indexs Load Factor:    22.4406 %

[P]slabs Load Factor:     17.3439 %

[P]EVICT Ratio:           0.0000 %

[P]set request:           23258715 

[P]get request:           23130632 

[P]Get Hit Rate:          75.9076 %

[P]ACC Hit Rate:          70.0984 %

[P]rx packet:             21457.427 / s

[P]Throughput:            556039.317 ops

[P]all request:           46389347 o

[P]Valid Entries:         278983.543 / s

[P]set success:           278710.576 / s

[P]get found:             210443.763 / s

----------------------------------
link_flag:3
slab_flag:3
slab_flag:2

[INFO]Current Time:       138.02 s

[P]indexs Load Factor:    22.6963 %

[P]slabs Load Factor:     17.5510 %

[P]EVICT Ratio:           0.0000 %

[P]set request:           23536513 

[P]get request:           23406858 

[P]Get Hit Rate:          75.9780 %

[P]ACC Hit Rate:          70.1678 %

[P]rx packet:             21372.494 / s

[P]Throughput:            553933.137 ops

[P]all request:           46943371 o

[P]Valid Entries:         277922.412 / s

[P]set success:           277655.456 / s

[P]get found:             209836.580 / s

----------------------------------
link_flag:3
slab_flag:3

[INFO]Current Time:       139.02 s

[P]indexs Load Factor:    22.9259 %

[P]slabs Load Factor:     17.7369 %

[P]EVICT Ratio:           0.0000 %

[P]set request:           23785622 

[P]get request:           23655117 

[P]Get Hit Rate:          75.7910 %

[P]ACC Hit Rate:          70.2268 %

[P]rx packet:             10206.367 / s

[P]Throughput:            497288.444 ops

[P]all request:           47440739 o

[P]Valid Entries:         249437.095 / s

[P]set success:           249007.164 / s

[P]get found:             188127.904 / s

----------------------------------
link_flag:3
slab_flag:3
[INFO]End rx_queue_1:401469
link_flag:3
slab_flag:3

[INFO]Current Time:       140.02 s

[P]indexs Load Factor:    23.1483 %

[P]slabs Load Factor:     17.9168 %

[P]EVICT Ratio:           0.0000 %

[P]set request:           24026960 

[P]get request:           23895558 

[P]Get Hit Rate:          75.7283 %

[P]ACC Hit Rate:          70.2821 %

[P]rx packet:             16198.065 / s

[P]Throughput:            481691.718 ops

[P]all request:           47922518 o

[P]Valid Entries:         241518.237 / s

[P]set success:           241219.292 / s

[P]get found:             182049.013 / s

----------------------------------
link_flag:3
slab_flag:3
link_flag:3
slab_flag:3

[INFO]Current Time:       141.02 s

[P]indexs Load Factor:    23.3733 %

[P]slabs Load Factor:     18.0991 %

[P]EVICT Ratio:           0.0000 %

[P]set request:           24271449 

[P]get request:           24139002 

[P]Get Hit Rate:          75.8466 %

[P]ACC Hit Rate:          70.3383 %

[P]rx packet:             18807.866 / s

[P]Throughput:            487825.765 ops

[P]all request:           48410451 o

[P]Valid Entries:         244550.242 / s

[P]set success:           244350.286 / s

[P]get found:             184603.420 / s

----------------------------------
link_flag:3
slab_flag:3

[INFO]Current Time:       142.02 s

[P]indexs Load Factor:    23.6115 %

[P]slabs Load Factor:     18.2918 %

[P]EVICT Ratio:           0.0000 %

[P]set request:           24529915 

[P]get request:           24396372 

[P]Get Hit Rate:          75.7544 %

[P]ACC Hit Rate:          70.3954 %

[P]rx packet:             19888.538 / s

[P]Throughput:            515746.237 ops

[P]all request:           48926287 o

[P]Valid Entries:         258587.994 / s

[P]set success:           258374.031 / s

[P]get found:             194935.072 / s

----------------------------------
slab_flag:2
link_flag:3
slab_flag:3
link_flag:3
slab_flag:3
slab_flag:2
link_flag:3
slab_flag:3
slab_flag:2

[INFO]Current Time:       143.02 s

[P]indexs Load Factor:    23.8343 %

[P]slabs Load Factor:     18.4726 %

[P]EVICT Ratio:           0.0000 %

[P]set request:           24772382 

[P]get request:           24638049 

[P]Get Hit Rate:          76.1446 %

[P]ACC Hit Rate:          70.4518 %

[P]rx packet:             18664.996 / s

[P]Throughput:            484066.098 ops

[P]all request:           49410431 o

[P]Valid Entries:         242683.944 / s

[P]set success:           242335.000 / s

[P]get found:             183994.389 / s

----------------------------------
link_flag:3
slab_flag:3

[INFO]Current Time:       144.02 s

[P]indexs Load Factor:    24.0570 %

[P]slabs Load Factor:     18.6533 %

[P]EVICT Ratio:           0.0000 %

[P]set request:           25014634 

[P]get request:           24879499 

[P]Get Hit Rate:          76.0998 %

[P]ACC Hit Rate:          70.5066 %

[P]rx packet:             18656.957 / s

[P]Throughput:            483623.132 ops

[P]all request:           49894133 o

[P]Valid Entries:         242496.454 / s

[P]set success:           242106.518 / s

[P]get found:             183713.040 / s

----------------------------------
link_flag:3
slab_flag:3

[INFO]Current Time:       145.02 s

[P]indexs Load Factor:    24.2223 %

[P]slabs Load Factor:     18.7862 %

[P]EVICT Ratio:           0.0000 %

[P]set request:           25192822 

[P]get request:           25057181 

[P]Get Hit Rate:          74.9350 %

[P]ACC Hit Rate:          70.5380 %

[P]rx packet:             12030.027 / s

[P]Throughput:            355811.636 ops

[P]all request:           50250003 o

[P]Valid Entries:         178312.751 / s

[P]set success:           178110.784 / s

[P]get found:             133124.163 / s

----------------------------------
[INFO]End rx_queue_3:808929

[INFO]Current Time:       146.02 s

[P]indexs Load Factor:    24.3283 %

[P]slabs Load Factor:     18.8693 %

[P]EVICT Ratio:           0.0000 %

[P]set request:           25304391 

[P]get request:           25168559 

[P]Get Hit Rate:          72.3339 %

[P]ACC Hit Rate:          70.5459 %

[P]rx packet:             7027.869 / s

[P]Throughput:            222911.126 ops

[P]all request:           50472950 o

[P]Valid Entries:         111551.048 / s

[P]set success:           111551.048 / s

[P]get found:             80551.037 / s

----------------------------------
[INFO]End rx_queue_0:374513

[INFO]Current Time:       147.02 s

[P]indexs Load Factor:    24.3743 %

[P]slabs Load Factor:     18.9052 %

[P]EVICT Ratio:           0.0000 %

[P]set request:           25352603 

[P]get request:           25216771 

[P]Get Hit Rate:          71.4055 %

[P]ACC Hit Rate:          70.5476 %

[P]rx packet:             836.864 / s

[P]Throughput:            96408.278 ops

[P]all request:           50569374 o

[P]Valid Entries:         48204.139 / s

[P]set success:           48204.139 / s

[P]get found:             34420.387 / s

----------------------------------
Finish the job......
[INFO]End rx_queue_2:366953

valid count:           25374180

Set request:           25352603

Set success:           25342031

Get request:           25216771

Get found:             17789825

Get Hit Rate:          70.547593%

slabs load factor:     18.905237%

[INFO] Everything works fine.
deleting piekv......
