EAL: Detected 44 lcore(s)
EAL: Detected 1 NUMA nodes
EAL: Multi-process socket /var/run/dpdk/rte/mp_socket
EAL: Selected IOVA mode 'PA'
EAL: No available hugepages reported in hugepages-1048576kB
[INFO] 单个Log Size为:-2147483648 GB
[INFO] 运行proto
[INFO] 运行cleanup
[INFO] 运行reload
[INFO] reload kv size 8
EAL: Probing VFIO support...
EAL: VFIO support initialized
EAL: PCI device 0000:03:00.0 on NUMA socket 0
EAL:   probe driver: 15b3:1017 net_mlx5
WEN: There are 1 device(s) available
starting port 0...
querying port 0...
port 0: 100 Gbps (full-duplex)
Adding UDP filter for each endpoint.
port_id/queue_id/udp_port = 0 0 0
Flow is created with src_port = 0, dst_port = 0
port_id/queue_id/udp_port = 0 1 1
Flow is created with src_port = 0, dst_port = 1
port_id/queue_id/udp_port = 0 2 2
Flow is created with src_port = 0, dst_port = 2
port_id/queue_id/udp_port = 0 3 3
Flow is created with src_port = 0, dst_port = 3
MEM: Initializing pages...
 == [STAT] Workers Start (4 threads in total) == 
trigger:100.000000 

[INFO]Current Time:       6.37 s

[P]indexs Load Factor:    0.0521 %

[P]full bucket LFactor:   0.0000 %

[P]set request:           35125 
[P]get request:           22850 

[P]Get Hit Rate:          44.9322 %
[P]ACC Hit Rate:          44.9322 %

[P]total cuckoo num:      0 
[P]total cuckoo path:     0 
[P]total cp perset:       0.000000 / set
[P]total cp percuckoo:    -nan / cuckoo num

[P]cuckoo path / s:       0 / s
[P]cp per set * s:        0 / set * s

[P]break loop / s:        0 / s
[P]break / set :          0 %

[P]Throughput:            84472.015 ops
[P]all request:           57975 o

[P]GetThroughput:         33293.412 ops
[P]SetThroughput:         51178.603 ops

[P]Valid Entries:         49172.256 / s
[P]set success:           50745.862 / s

[P]get found:             14959.451 / s

----------------------------------

[INFO]Current Time:       7.11 s

[P]indexs Load Factor:    0.2045 %

[P]full bucket LFactor:   0.0000 %

[P]set request:           155809 
[P]get request:           107025 

[P]Get Hit Rate:          54.5007 %
[P]ACC Hit Rate:          52.4578 %

[P]total cuckoo num:      0 
[P]total cuckoo path:     0 
[P]total cp perset:       0.000000 / set
[P]total cp percuckoo:    -nan / cuckoo num

[P]cuckoo path / s:       0 / s
[P]cp per set * s:        0 / set * s

[P]break loop / s:        0 / s
[P]break / set :          0 %

[P]Throughput:            275784.803 ops
[P]all request:           262834 o

[P]GetThroughput:         113317.871 ops
[P]SetThroughput:         162466.932 ops

[P]Valid Entries:         160671.077 / s
[P]set success:           162858.681 / s

[P]get found:             61759.081 / s

----------------------------------

[INFO]Current Time:       7.86 s

[P]indexs Load Factor:    2.3151 %

[P]full bucket LFactor:   0.0000 %

[P]set request:           1581499 
[P]get request:           1183493 

[P]Get Hit Rate:          60.3496 %
[P]ACC Hit Rate:          59.6359 %

[P]total cuckoo num:      0 
[P]total cuckoo path:     0 
[P]total cp perset:       0.000000 / set
[P]total cp percuckoo:    -nan / cuckoo num

[P]cuckoo path / s:       0 / s
[P]cp per set * s:        0 / set * s

[P]break loop / s:        0 / s
[P]break / set :          0 %

[P]Throughput:            3357154.677 ops
[P]all request:           2764992 o

[P]GetThroughput:         1444301.112 ops
[P]SetThroughput:         1912853.566 ops

[P]Valid Entries:         1945736.040 / s
[P]set success:           1881888.386 / s

[P]get found:             871629.766 / s

----------------------------------

[INFO]Current Time:       8.60 s

[P]indexs Load Factor:    4.9953 %

[P]full bucket LFactor:   0.0004 %

[P]set request:           3993818 
[P]get request:           2980899 

[P]Get Hit Rate:          68.0915 %
[P]ACC Hit Rate:          64.7344 %

[P]total cuckoo num:      0 
[P]total cuckoo path:     0 
[P]total cp perset:       0.000000 / set
[P]total cp percuckoo:    -nan / cuckoo num

[P]cuckoo path / s:       0 / s
[P]cp per set * s:        0 / set * s

[P]break loop / s:        0 / s
[P]break / set :          0 %

[P]Throughput:            5643320.525 ops
[P]all request:           6974717 o

[P]GetThroughput:         2409501.374 ops
[P]SetThroughput:         3233819.151 ops

[P]Valid Entries:         3158201.760 / s
[P]set success:           3069487.255 / s

[P]get found:             1640666.022 / s

----------------------------------

[INFO]Current Time:       9.41 s

[P]indexs Load Factor:    7.7594 %

[P]full bucket LFactor:   0.0047 %

[P]set request:           6393925 
[P]get request:           4959411 

[P]Get Hit Rate:          70.2142 %
[P]ACC Hit Rate:          66.9205 %

[P]total cuckoo num:      0 
[P]total cuckoo path:     0 
[P]total cp perset:       0.000000 / set
[P]total cp percuckoo:    -nan / cuckoo num

[P]cuckoo path / s:       0 / s
[P]cp per set * s:        0 / set * s

[P]break loop / s:        0 / s
[P]break / set :          0 %

[P]Throughput:            5462055.145 ops
[P]all request:           11353336 o

[P]GetThroughput:         2468070.789 ops
[P]SetThroughput:         2993984.356 ops

[P]Valid Entries:         3058100.168 / s
[P]set success:           2999929.645 / s

[P]get found:             1732935.695 / s

----------------------------------

[INFO]Current Time:       10.25 s

[P]indexs Load Factor:    10.5137 %

[P]full bucket LFactor:   0.0242 %

[P]set request:           8965663 
[P]get request:           6982655 

[P]Get Hit Rate:          75.9178 %
[P]ACC Hit Rate:          69.5275 %

[P]total cuckoo num:      0 
[P]total cuckoo path:     0 
[P]total cp perset:       0.000000 / set
[P]total cp percuckoo:    -nan / cuckoo num

[P]cuckoo path / s:       0 / s
[P]cp per set * s:        0 / set * s

[P]break loop / s:        0 / s
[P]break / set :          0 %

[P]Throughput:            5411063.155 ops
[P]all request:           15948318 o

[P]GetThroughput:         2382577.573 ops
[P]SetThroughput:         3028485.582 ops

[P]Valid Entries:         2918459.808 / s
[P]set success:           2983219.712 / s

[P]get found:             1808800.084 / s

----------------------------------

[INFO]Current Time:       11.13 s

[P]indexs Load Factor:    13.3066 %

[P]full bucket LFactor:   0.0806 %

[P]set request:           11626533 
[P]get request:           9148001 

[P]Get Hit Rate:          77.2577 %
[P]ACC Hit Rate:          71.3573 %

[P]total cuckoo num:      0 
[P]total cuckoo path:     0 
[P]total cp perset:       0.000000 / set
[P]total cp percuckoo:    -nan / cuckoo num

[P]cuckoo path / s:       0 / s
[P]cp per set * s:        0 / set * s

[P]break loop / s:        0 / s
[P]break / set :          0 %

[P]Throughput:            5520336.859 ops
[P]all request:           20774534 o

[P]GetThroughput:         2476772.556 ops
[P]SetThroughput:         3043564.303 ops

[P]Valid Entries:         2920340.252 / s
[P]set success:           2946003.064 / s

[P]get found:             1913498.064 / s

----------------------------------

[INFO]Current Time:       12.02 s

[P]indexs Load Factor:    16.0716 %

[P]full bucket LFactor:   0.2025 %

[P]set request:           14219169 
[P]get request:           11284664 

[P]Get Hit Rate:          80.4764 %
[P]ACC Hit Rate:          73.0839 %

[P]total cuckoo num:      3 
[P]total cuckoo path:     0 
[P]total cp perset:       0.000000 / set
[P]total cp percuckoo:    0.000000 / cuckoo num

[P]cuckoo path / s:       0 / s
[P]cp per set * s:        0 / set * s

[P]break loop / s:        0 / s
[P]break / set :          0 %

[P]Throughput:            5290607.391 ops
[P]all request:           25503834 o

[P]GetThroughput:         2390257.556 ops
[P]SetThroughput:         2900348.716 ops

[P]Valid Entries:         2819758.490 / s
[P]set success:           2759290.091 / s

[P]get found:             1923593.833 / s

----------------------------------

[INFO]Current Time:       12.93 s

[P]indexs Load Factor:    18.8237 %

[P]full bucket LFactor:   0.4225 %

[P]set request:           16868624 
[P]get request:           13460775 

[P]Get Hit Rate:          79.6306 %
[P]ACC Hit Rate:          74.1423 %

[P]total cuckoo num:      27 
[P]total cuckoo path:     0 
[P]total cp perset:       0.000000 / set
[P]total cp percuckoo:    0.000000 / cuckoo num

[P]cuckoo path / s:       0 / s
[P]cp per set * s:        0 / set * s

[P]break loop / s:        0 / s
[P]break / set :          0 %

[P]Throughput:            5333636.536 ops
[P]all request:           30329399 o

[P]GetThroughput:         2405228.224 ops
[P]SetThroughput:         2928409.417 ops

[P]Valid Entries:         2794918.323 / s
[P]set success:           2830658.898 / s

[P]get found:             1915298.500 / s

----------------------------------

[INFO]Current Time:       13.84 s

[P]indexs Load Factor:    21.5674 %

[P]full bucket LFactor:   0.7716 %

[P]set request:           19208772 
[P]get request:           15578879 

[P]Get Hit Rate:          83.4102 %
[P]ACC Hit Rate:          75.4023 %

[P]total cuckoo num:      109 
[P]total cuckoo path:     0 
[P]total cp perset:       0.000000 / set
[P]total cp percuckoo:    0.000000 / cuckoo num

[P]cuckoo path / s:       0 / s
[P]cp per set * s:        0 / set * s

[P]break loop / s:        0 / s
[P]break / set :          0 %

[P]Throughput:            4903440.173 ops
[P]all request:           34787651 o

[P]GetThroughput:         2329611.750 ops
[P]SetThroughput:         2573828.423 ops

[P]Valid Entries:         2669358.712 / s
[P]set success:           2703196.916 / s

[P]get found:             1943134.059 / s

----------------------------------

[INFO]Current Time:       14.77 s

[P]indexs Load Factor:    24.3338 %

[P]full bucket LFactor:   1.2828 %

[P]set request:           21836122 
[P]get request:           17781174 

[P]Get Hit Rate:          85.8706 %
[P]ACC Hit Rate:          76.6989 %

[P]total cuckoo num:      435 
[P]total cuckoo path:     2 
[P]total cp perset:       0.000000 / set
[P]total cp percuckoo:    0.004598 / cuckoo num

[P]cuckoo path / s:       2.145 / s
[P]cp per set * s:        0.000001 / set * s

[P]break loop / s:        0 / s
[P]break / set :          0 %

[P]Throughput:            5178644.805 ops
[P]all request:           39617296 o

[P]GetThroughput:         2361437.240 ops
[P]SetThroughput:         2817207.564 ops

[P]Valid Entries:         2718381.465 / s
[P]set success:           2806330.539 / s

[P]get found:             2027781.474 / s

----------------------------------

[INFO]Current Time:       15.71 s

[P]indexs Load Factor:    27.1242 %

[P]full bucket LFactor:   1.9885 %

[P]set request:           24386209 
[P]get request:           19974043 

[P]Get Hit Rate:          85.4634 %
[P]ACC Hit Rate:          77.6611 %

[P]total cuckoo num:      1241 
[P]total cuckoo path:     16 
[P]total cp perset:       0.000001 / set
[P]total cp percuckoo:    0.012893 / cuckoo num

[P]cuckoo path / s:       14.939 / s
[P]cp per set * s:        0.000005 / set * s

[P]break loop / s:        0 / s
[P]break / set :          0 %

[P]Throughput:            5060949.811 ops
[P]all request:           44360252 o

[P]GetThroughput:         2339890.977 ops
[P]SetThroughput:         2721058.833 ops

[P]Valid Entries:         2711279.362 / s
[P]set success:           2758749.014 / s

[P]get found:             1999749.954 / s

----------------------------------

[INFO]Current Time:       16.66 s

[P]indexs Load Factor:    29.9430 %

[P]full bucket LFactor:   2.9141 %

[P]set request:           26994303 
[P]get request:           22253758 

[P]Get Hit Rate:          84.3280 %
[P]ACC Hit Rate:          78.3441 %

[P]total cuckoo num:      3146 
[P]total cuckoo path:     95 
[P]total cp perset:       0.000004 / set
[P]total cp percuckoo:    0.030197 / cuckoo num

[P]cuckoo path / s:       83.216 / s
[P]cp per set * s:        0.000031 / set * s

[P]break loop / s:        0 / s
[P]break / set :          0 %

[P]Throughput:            5148650.122 ops
[P]all request:           49248061 o

[P]GetThroughput:         2401373.481 ops
[P]SetThroughput:         2747276.641 ops

[P]Valid Entries:         2714851.939 / s
[P]set success:           2724297.469 / s

[P]get found:             2025029.107 / s

----------------------------------

[INFO]Current Time:       17.61 s

[P]indexs Load Factor:    32.8023 %

[P]full bucket LFactor:   4.0930 %

[P]set request:           29712901 
[P]get request:           24576640 

[P]Get Hit Rate:          83.1950 %
[P]ACC Hit Rate:          78.8026 %

[P]total cuckoo num:      7311 
[P]total cuckoo path:     372 
[P]total cp perset:       0.000013 / set
[P]total cp percuckoo:    0.050882 / cuckoo num

[P]cuckoo path / s:       290.909 / s
[P]cp per set * s:        0.000103 / set * s

[P]break loop / s:        0 / s
[P]break / set :          0 %

[P]Throughput:            5294631.911 ops
[P]all request:           54289541 o

[P]GetThroughput:         2439522.752 ops
[P]SetThroughput:         2855109.159 ops

[P]Valid Entries:         2702714.734 / s
[P]set success:           2835120.440 / s

[P]get found:             2029561.290 / s

----------------------------------

[INFO]Current Time:       18.57 s

[P]indexs Load Factor:    35.6347 %

[P]full bucket LFactor:   5.4816 %

[P]set request:           32251350 
[P]get request:           26839474 

[P]Get Hit Rate:          82.4213 %
[P]ACC Hit Rate:          79.1077 %

[P]total cuckoo num:      15048 
[P]total cuckoo path:     1062 
[P]total cp perset:       0.000033 / set
[P]total cp percuckoo:    0.070574 / cuckoo num

[P]cuckoo path / s:       721.021 / s
[P]cp per set * s:        0.000261 / set * s

[P]break loop / s:        0 / s
[P]break / set :          0 %

[P]Throughput:            5017140.782 ops
[P]all request:           59090824 o

[P]GetThroughput:         2364567.292 ops
[P]SetThroughput:         2652573.489 ops

[P]Valid Entries:         2680667.195 / s
[P]set success:           2763530.302 / s

[P]get found:             1948906.893 / s

----------------------------------

[INFO]Current Time:       19.52 s

[P]indexs Load Factor:    38.5520 %

[P]full bucket LFactor:   7.1544 %

[P]set request:           35002526 
[P]get request:           29163813 

[P]Get Hit Rate:          83.0939 %
[P]ACC Hit Rate:          79.4254 %

[P]total cuckoo num:      29541 
[P]total cuckoo path:     2567 
[P]total cp perset:       0.000074 / set
[P]total cp percuckoo:    0.086896 / cuckoo num

[P]cuckoo path / s:       1568.303 / s
[P]cp per set * s:        0.000551 / set * s

[P]break loop / s:        0 / s
[P]break / set :          0 %

[P]Throughput:            5289000.353 ops
[P]all request:           64166339 o

[P]GetThroughput:         2422104.908 ops
[P]SetThroughput:         2866895.445 ops

[P]Valid Entries:         2806442.313 / s
[P]set success:           2844430.677 / s

[P]get found:             2012622.551 / s

----------------------------------

[INFO]Current Time:       20.49 s

[P]indexs Load Factor:    41.4146 %

[P]full bucket LFactor:   9.0037 %

[P]set request:           37691555 
[P]get request:           31393445 

[P]Get Hit Rate:          83.8452 %
[P]ACC Hit Rate:          79.7393 %

[P]total cuckoo num:      53174 
[P]total cuckoo path:     5414 
[P]total cp perset:       0.000145 / set
[P]total cp percuckoo:    0.101817 / cuckoo num

[P]cuckoo path / s:       2951.008 / s
[P]cp per set * s:        0.001081 / set * s

[P]break loop / s:        0 / s
[P]break / set :          0 %

[P]Throughput:            5098352.123 ops
[P]all request:           69085000 o

[P]GetThroughput:         2311086.095 ops
[P]SetThroughput:         2787266.029 ops

[P]Valid Entries:         2736639.707 / s
[P]set success:           2728907.174 / s

[P]get found:             1937734.334 / s

----------------------------------

[INFO]Current Time:       21.45 s

[P]indexs Load Factor:    44.2351 %

[P]full bucket LFactor:   11.0136 %

[P]set request:           40362851 
[P]get request:           33636461 

[P]Get Hit Rate:          80.8218 %
[P]ACC Hit Rate:          79.8115 %

[P]total cuckoo num:      89760 
[P]total cuckoo path:     10410 
[P]total cp perset:       0.000260 / set
[P]total cp percuckoo:    0.115976 / cuckoo num

[P]cuckoo path / s:       5194.200 / s
[P]cp per set * s:        0.001883 / set * s

[P]break loop / s:        0 / s
[P]break / set :          0 %

[P]Throughput:            5109271.266 ops
[P]all request:           73999312 o

[P]GetThroughput:         2332000.328 ops
[P]SetThroughput:         2777270.938 ops

[P]Valid Entries:         2731366.312 / s
[P]set success:           2757977.749 / s

[P]get found:             1884764.740 / s

----------------------------------

[INFO]Current Time:       22.41 s

[P]indexs Load Factor:    47.0780 %

[P]full bucket LFactor:   13.2075 %

[P]set request:           42937522 
[P]get request:           35823194 

[P]Get Hit Rate:          80.3812 %
[P]ACC Hit Rate:          79.8462 %

[P]total cuckoo num:      142108 
[P]total cuckoo path:     18649 
[P]total cp perset:       0.000437 / set
[P]total cp percuckoo:    0.131231 / cuckoo num

[P]cuckoo path / s:       8575.219 / s
[P]cp per set * s:        0.003125 / set * s

[P]break loop / s:        0 / s
[P]break / set :          0 %

[P]Throughput:            4955708.271 ops
[P]all request:           78760716 o

[P]GetThroughput:         2275969.612 ops
[P]SetThroughput:         2679738.659 ops

[P]Valid Entries:         2679190.153 / s
[P]set success:           2744436.337 / s

[P]get found:             1829452.491 / s

----------------------------------

[INFO]Current Time:       23.37 s

[P]indexs Load Factor:    49.8040 %

[P]full bucket LFactor:   15.4864 %

[P]set request:           45565645 
[P]get request:           38053295 

[P]Get Hit Rate:          80.1106 %
[P]ACC Hit Rate:          79.8617 %

[P]total cuckoo num:      215531 
[P]total cuckoo path:     31770 
[P]total cp perset:       0.000702 / set
[P]total cp percuckoo:    0.147403 / cuckoo num

[P]cuckoo path / s:       13631.555 / s
[P]cp per set * s:        0.004940 / set * s

[P]break loop / s:        0 / s
[P]break / set :          0 %

[P]Throughput:            5047263.657 ops
[P]all request:           83618940 o

[P]GetThroughput:         2316877.058 ops
[P]SetThroughput:         2730386.599 ops

[P]Valid Entries:         2697253.641 / s
[P]set success:           2759621.562 / s

[P]get found:             1856063.809 / s

----------------------------------

[INFO]Current Time:       24.34 s

[P]indexs Load Factor:    52.4461 %

[P]full bucket LFactor:   17.8010 %

[P]set request:           47972350 
[P]get request:           40126831 

[P]Get Hit Rate:          79.7147 %
[P]ACC Hit Rate:          79.8541 %

[P]total cuckoo num:      308807 
[P]total cuckoo path:     51365 
[P]total cp perset:       0.001076 / set
[P]total cp percuckoo:    0.166334 / cuckoo num

[P]cuckoo path / s:       20388.945 / s
[P]cp per set * s:        0.008031 / set * s

[P]break loop / s:        0 / s
[P]break / set :          0 %

[P]Throughput:            4661770.108 ops
[P]all request:           88099181 o

[P]GetThroughput:         2157550.932 ops
[P]SetThroughput:         2504219.177 ops

[P]Valid Entries:         2522413.669 / s
[P]set success:           2538821.593 / s

[P]get found:             1719885.251 / s

----------------------------------

[INFO]Current Time:       25.29 s

[P]indexs Load Factor:    55.0089 %

[P]full bucket LFactor:   20.1639 %

[P]set request:           50452642 
[P]get request:           42161671 

[P]Get Hit Rate:          80.5771 %
[P]ACC Hit Rate:          79.8890 %

[P]total cuckoo num:      429685 
[P]total cuckoo path:     79927 
[P]total cp perset:       0.001593 / set
[P]total cp percuckoo:    0.186013 / cuckoo num

[P]cuckoo path / s:       29861.143 / s
[P]cp per set * s:        0.011696 / set * s

[P]break loop / s:        0 / s
[P]break / set :          0 %

[P]Throughput:            4720502.885 ops
[P]all request:           92614313 o

[P]GetThroughput:         2127394.745 ops
[P]SetThroughput:         2593108.140 ops

[P]Valid Entries:         2538292.315 / s
[P]set success:           2553155.975 / s

[P]get found:             1714192.927 / s

----------------------------------

[INFO]Current Time:       26.24 s

[P]indexs Load Factor:    57.4382 %

[P]full bucket LFactor:   22.5061 %

[P]set request:           52711278 
[P]get request:           44101914 

[P]Get Hit Rate:          80.0972 %
[P]ACC Hit Rate:          79.8982 %

[P]total cuckoo num:      575741 
[P]total cuckoo path:     119239 
[P]total cp perset:       0.002271 / set
[P]total cp percuckoo:    0.207105 / cuckoo num

[P]cuckoo path / s:       41461.182 / s
[P]cp per set * s:        0.016879 / set * s

[P]break loop / s:        0 / s
[P]break / set :          0 %

[P]Throughput:            4428431.222 ops
[P]all request:           96813192 o

[P]GetThroughput:         2046315.857 ops
[P]SetThroughput:         2382115.365 ops

[P]Valid Entries:         2444718.460 / s
[P]set success:           2456415.803 / s

[P]get found:             1639041.371 / s

----------------------------------

[INFO]Current Time:       27.18 s

[P]indexs Load Factor:    59.7406 %

[P]full bucket LFactor:   24.8062 %

[P]set request:           54916391 
[P]get request:           45960091 

[P]Get Hit Rate:          78.7628 %
[P]ACC Hit Rate:          79.8523 %

[P]total cuckoo num:      745479 
[P]total cuckoo path:     171532 
[P]total cp perset:       0.003136 / set
[P]total cp percuckoo:    0.230096 / cuckoo num

[P]cuckoo path / s:       55389.321 / s
[P]cp per set * s:        0.023699 / set * s

[P]break loop / s:        0 / s
[P]break / set :          0 %

[P]Throughput:            4303881.497 ops
[P]all request:           100876482 o

[P]GetThroughput:         1968201.533 ops
[P]SetThroughput:         2335679.964 ops

[P]Valid Entries:         2327395.874 / s
[P]set success:           2337244.418 / s

[P]get found:             1550210.389 / s

----------------------------------

[INFO]Current Time:       28.13 s

[P]indexs Load Factor:    61.8947 %

[P]full bucket LFactor:   27.0184 %

[P]set request:           57005013 
[P]get request:           47689421 

[P]Get Hit Rate:          78.5696 %
[P]ACC Hit Rate:          79.8058 %

[P]total cuckoo num:      938378 
[P]total cuckoo path:     237369 
[P]total cp perset:       0.004177 / set
[P]total cp percuckoo:    0.252957 / cuckoo num

[P]cuckoo path / s:       69774.216 / s
[P]cp per set * s:        0.031033 / set * s

[P]break loop / s:        0 / s
[P]break / set :          0 %

[P]Throughput:            4046275.028 ops
[P]all request:           104694434 o

[P]GetThroughput:         1832748.236 ops
[P]SetThroughput:         2213526.792 ops

[P]Valid Entries:         2207180.694 / s
[P]set success:           2248379.456 / s

[P]get found:             1439982.255 / s

----------------------------------

[INFO]Current Time:       29.06 s

[P]indexs Load Factor:    63.9199 %

[P]full bucket LFactor:   29.1625 %

[P]set request:           58993021 
[P]get request:           49333176 

[P]Get Hit Rate:          78.2978 %
[P]ACC Hit Rate:          79.7555 %

[P]total cuckoo num:      1151099 
[P]total cuckoo path:     317879 
[P]total cp perset:       0.005404 / set
[P]total cp percuckoo:    0.276153 / cuckoo num

[P]cuckoo path / s:       85973.974 / s
[P]cp per set * s:        0.040435 / set * s

[P]break loop / s:        0 / s
[P]break / set :          0 %

[P]Throughput:            3878239.924 ops
[P]all request:           108326197 o

[P]GetThroughput:         1755311.750 ops
[P]SetThroughput:         2122928.174 ops

[P]Valid Entries:         2088756.430 / s
[P]set success:           2126204.390 / s

[P]get found:             1374370.481 / s

----------------------------------

[INFO]Current Time:       30.00 s

[P]indexs Load Factor:    65.8041 %

[P]full bucket LFactor:   31.2072 %

[P]set request:           60870108 
[P]get request:           50882953 

[P]Get Hit Rate:          78.1278 %
[P]ACC Hit Rate:          79.7059 %

[P]total cuckoo num:      1383362 
[P]total cuckoo path:     414982 
[P]total cp perset:       0.006843 / set
[P]total cp percuckoo:    0.299981 / cuckoo num

[P]cuckoo path / s:       104089.042 / s
[P]cp per set * s:        0.053244 / set * s

[P]break loop / s:        0 / s
[P]break / set :          0 %

[P]Throughput:            3673408.571 ops
[P]all request:           111753061 o

[P]GetThroughput:         1661275.182 ops
[P]SetThroughput:         2012133.389 ops

[P]Valid Entries:         1981152.044 / s
[P]set success:           1954958.005 / s

[P]get found:             1297917.028 / s

----------------------------------

[INFO]Current Time:       30.92 s

[P]indexs Load Factor:    67.5718 %

[P]full bucket LFactor:   33.1647 %

[P]set request:           62595687 
[P]get request:           52327617 

[P]Get Hit Rate:          76.7998 %
[P]ACC Hit Rate:          79.6257 %

[P]total cuckoo num:      1629071 
[P]total cuckoo path:     527786 
[P]total cp perset:       0.008458 / set
[P]total cp percuckoo:    0.323980 / cuckoo num

[P]cuckoo path / s:       122001.313 / s
[P]cp per set * s:        0.064261 / set * s

[P]break loop / s:        0 / s
[P]break / set :          0 %

[P]Throughput:            3428724.238 ops
[P]all request:           114923304 o

[P]GetThroughput:         1562452.617 ops
[P]SetThroughput:         1866271.621 ops

[P]Valid Entries:         1867232.022 / s
[P]set success:           1898530.522 / s

[P]get found:             1199960.417 / s

----------------------------------

[INFO]Current Time:       31.85 s

[P]indexs Load Factor:    69.2137 %

[P]full bucket LFactor:   35.0273 %

[P]set request:           64245628 
[P]get request:           53645039 

[P]Get Hit Rate:          80.1657 %
[P]ACC Hit Rate:          79.6390 %

[P]total cuckoo num:      1888152 
[P]total cuckoo path:     657470 
[P]total cp perset:       0.010269 / set
[P]total cp percuckoo:    0.348208 / cuckoo num

[P]cuckoo path / s:       140383.464 / s
[P]cp per set * s:        0.079659 / set * s

[P]break loop / s:        0 / s
[P]break / set :          0 %

[P]Throughput:            3212182.657 ops
[P]all request:           117890667 o

[P]GetThroughput:         1426114.736 ops
[P]SetThroughput:         1786067.921 ops

[P]Valid Entries:         1761464.768 / s
[P]set success:           1762315.616 / s

[P]get found:             1143255.328 / s

----------------------------------

[INFO]Current Time:       32.76 s

[P]indexs Load Factor:    70.7509 %

[P]full bucket LFactor:   36.8062 %

[P]set request:           65774751 
[P]get request:           54902723 

[P]Get Hit Rate:          77.6530 %
[P]ACC Hit Rate:          79.5935 %

[P]total cuckoo num:      2153086 
[P]total cuckoo path:     801877 
[P]total cp perset:       0.012236 / set
[P]total cp percuckoo:    0.372431 / cuckoo num

[P]cuckoo path / s:       158652.085 / s
[P]cp per set * s:        0.095653 / set * s

[P]break loop / s:        0 / s
[P]break / set :          0 %

[P]Throughput:            3061712.664 ops
[P]all request:           120677474 o

[P]GetThroughput:         1381748.729 ops
[P]SetThroughput:         1679963.935 ops

[P]Valid Entries:         1657726.254 / s
[P]set success:           1658626.044 / s

[P]get found:             1072968.949 / s

----------------------------------

[INFO]Current Time:       33.67 s

[P]indexs Load Factor:    72.1903 %

[P]full bucket LFactor:   38.5062 %

[P]set request:           67218006 
[P]get request:           56088449 

[P]Get Hit Rate:          77.6289 %
[P]ACC Hit Rate:          79.5519 %

[P]total cuckoo num:      2428714 
[P]total cuckoo path:     964413 
[P]total cp perset:       0.014398 / set
[P]total cp percuckoo:    0.397088 / cuckoo num

[P]cuckoo path / s:       177964.218 / s
[P]cp per set * s:        0.112439 / set * s

[P]break loop / s:        0 / s
[P]break / set :          0 %

[P]Throughput:            2878528.746 ops
[P]all request:           123306455 o

[P]GetThroughput:         1298277.308 ops
[P]SetThroughput:         1580251.438 ops

[P]Valid Entries:         1559583.693 / s
[P]set success:           1582762.094 / s

[P]get found:             1007838.338 / s

----------------------------------

[INFO]Current Time:       34.58 s

[P]indexs Load Factor:    73.4784 %

[P]full bucket LFactor:   40.0643 %

[P]set request:           68530802 
[P]get request:           57165692 

[P]Get Hit Rate:          77.4314 %
[P]ACC Hit Rate:          79.5120 %

[P]total cuckoo num:      2701385 
[P]total cuckoo path:     1137963 
[P]total cp perset:       0.016662 / set
[P]total cp percuckoo:    0.421252 / cuckoo num

[P]cuckoo path / s:       190742.403 / s
[P]cp per set * s:        0.131971 / set * s

[P]break loop / s:        0 / s
[P]break / set :          0 %

[P]Throughput:            2626804.802 ops
[P]all request:           125696495 o

[P]GetThroughput:         1183958.045 ops
[P]SetThroughput:         1442845.658 ops

[P]Valid Entries:         1424637.479 / s
[P]set success:           1445331.739 / s

[P]get found:             916754.920 / s

----------------------------------

[INFO]Current Time:       35.49 s

[P]indexs Load Factor:    74.7032 %

[P]full bucket LFactor:   41.5613 %

[P]set request:           69758592 
[P]get request:           58172095 

[P]Get Hit Rate:          77.3782 %
[P]ACC Hit Rate:          79.4751 %

[P]total cuckoo num:      2976512 
[P]total cuckoo path:     1324904 
[P]total cp perset:       0.019056 / set
[P]total cp percuckoo:    0.445120 / cuckoo num

[P]cuckoo path / s:       205859.242 / s
[P]cp per set * s:        0.152100 / set * s

[P]break loop / s:        0 / s
[P]break / set :          0 %

[P]Throughput:            2460289.988 ops
[P]all request:           127930687 o

[P]GetThroughput:         1108249.974 ops
[P]SetThroughput:         1352041.116 ops

[P]Valid Entries:         1334470.385 / s
[P]set success:           1353445.145 / s

[P]get found:             857544.403 / s

----------------------------------

[INFO]Current Time:       36.39 s

[P]indexs Load Factor:    75.8392 %

[P]full bucket LFactor:   42.9882 %

[P]set request:           70920154 
[P]get request:           59123869 

[P]Get Hit Rate:          77.3446 %
[P]ACC Hit Rate:          79.4408 %

[P]total cuckoo num:      3255826 
[P]total cuckoo path:     1528322 
[P]total cp perset:       0.021621 / set
[P]total cp percuckoo:    0.469411 / cuckoo num

[P]cuckoo path / s:       226496.384 / s
[P]cp per set * s:        0.174896 / set * s

[P]break loop / s:        0 / s
[P]break / set :          0 %

[P]Throughput:            2353100.330 ops
[P]all request:           130044023 o

[P]GetThroughput:         1059755.625 ops
[P]SetThroughput:         1293344.705 ops

[P]Valid Entries:         1277401.171 / s
[P]set success:           1295031.586 / s

[P]get found:             819663.979 / s

----------------------------------

[INFO]Current Time:       37.28 s

[P]indexs Load Factor:    76.9335 %

[P]full bucket LFactor:   44.3791 %

[P]set request:           72000239 
[P]get request:           60022220 

[P]Get Hit Rate:          77.2580 %
[P]ACC Hit Rate:          79.4081 %

[P]total cuckoo num:      3537164 
[P]total cuckoo path:     1747046 
[P]total cp perset:       0.024337 / set
[P]total cp percuckoo:    0.493912 / cuckoo num

[P]cuckoo path / s:       244462.509 / s
[P]cp per set * s:        0.199161 / set * s

[P]break loop / s:        0 / s
[P]break / set :          0 %

[P]Throughput:            2211249.928 ops
[P]all request:           132022459 o

[P]GetThroughput:         1004065.122 ops
[P]SetThroughput:         1207184.806 ops

[P]Valid Entries:         1211003.904 / s
[P]set success:           1227459.444 / s

[P]get found:             775720.615 / s

----------------------------------

[INFO]Current Time:       38.17 s

[P]indexs Load Factor:    77.9558 %

[P]full bucket LFactor:   45.7035 %

[P]set request:           73049915 
[P]get request:           60865771 

[P]Get Hit Rate:          78.3055 %
[P]ACC Hit Rate:          79.3928 %

[P]total cuckoo num:      3823095 
[P]total cuckoo path:     1985318 
[P]total cp perset:       0.027258 / set
[P]total cp percuckoo:    0.519296 / cuckoo num

[P]cuckoo path / s:       267167.790 / s
[P]cp per set * s:        0.227663 / set * s

[P]break loop / s:        0 / s
[P]break / set :          0 %

[P]Throughput:            2122822.968 ops
[P]all request:           133915686 o

[P]GetThroughput:         945850.359 ops
[P]SetThroughput:         1176972.609 ops

[P]Valid Entries:         1163120.411 / s
[P]set success:           1173521.333 / s

[P]get found:             740653.045 / s

----------------------------------

[INFO]Current Time:       39.06 s

[P]indexs Load Factor:    78.9221 %

[P]full bucket LFactor:   46.9806 %

[P]set request:           74023692 
[P]get request:           61661567 

[P]Get Hit Rate:          75.8322 %
[P]ACC Hit Rate:          79.3469 %

[P]total cuckoo num:      4103962 
[P]total cuckoo path:     2233024 
[P]total cp perset:       0.030254 / set
[P]total cp percuckoo:    0.544114 / cuckoo num

[P]cuckoo path / s:       277888.284 / s
[P]cp per set * s:        0.254082 / set * s

[P]break loop / s:        0 / s
[P]break / set :          0 %

[P]Throughput:            1985190.527 ops
[P]all request:           135685259 o

[P]GetThroughput:         892761.520 ops
[P]SetThroughput:         1092429.007 ops

[P]Valid Entries:         1079918.167 / s
[P]set success:           1093696.695 / s

[P]get found:             677001.134 / s

----------------------------------

[INFO]Current Time:       39.95 s

[P]indexs Load Factor:    79.8223 %

[P]full bucket LFactor:   48.1876 %

[P]set request:           74945413 
[P]get request:           62414138 

[P]Get Hit Rate:          76.9511 %
[P]ACC Hit Rate:          79.3180 %

[P]total cuckoo num:      4383978 
[P]total cuckoo path:     2496650 
[P]total cp perset:       0.033409 / set
[P]total cp percuckoo:    0.569494 / cuckoo num

[P]cuckoo path / s:       298330.472 / s
[P]cp per set * s:        0.285803 / set * s

[P]break loop / s:        0 / s
[P]break / set :          0 %

[P]Throughput:            1894700.532 ops
[P]all request:           137359551 o

[P]GetThroughput:         851641.574 ops
[P]SetThroughput:         1043058.958 ops

[P]Valid Entries:         1031139.364 / s
[P]set success:           1043833.002 / s

[P]get found:             655347.941 / s

----------------------------------

[INFO]Current Time:       40.82 s

[P]indexs Load Factor:    80.6806 %

[P]full bucket LFactor:   49.3582 %

[P]set request:           75796304 
[P]get request:           63119666 

[P]Get Hit Rate:          76.9761 %
[P]ACC Hit Rate:          79.2918 %

[P]total cuckoo num:      4659738 
[P]total cuckoo path:     2770521 
[P]total cp perset:       0.036649 / set
[P]total cp percuckoo:    0.594566 / cuckoo num

[P]cuckoo path / s:       313803.790 / s
[P]cp per set * s:        0.316596 / set * s

[P]break loop / s:        0 / s
[P]break / set :          0 %

[P]Throughput:            1783358.522 ops
[P]all request:           138915970 o

[P]GetThroughput:         808400.162 ops
[P]SetThroughput:         974958.360 ops

[P]Valid Entries:         979455.660 / s
[P]set success:           991179.575 / s

[P]get found:             622274.987 / s

----------------------------------

[INFO]Current Time:       41.70 s

[P]indexs Load Factor:    81.4804 %

[P]full bucket LFactor:   50.4733 %

[P]set request:           76620423 
[P]get request:           63791571 

[P]Get Hit Rate:          76.8862 %
[P]ACC Hit Rate:          79.2665 %

[P]total cuckoo num:      4935411 
[P]total cuckoo path:     3060416 
[P]total cp perset:       0.040047 / set
[P]total cp percuckoo:    0.620093 / cuckoo num

[P]cuckoo path / s:       329288.793 / s
[P]cp per set * s:        0.351688 / set * s

[P]break loop / s:        0 / s
[P]break / set :          0 %

[P]Throughput:            1699318.501 ops
[P]all request:           140411994 o

[P]GetThroughput:         763210.081 ops
[P]SetThroughput:         936108.421 ops

[P]Valid Entries:         925400.387 / s
[P]set success:           936308.337 / s

[P]get found:             586802.977 / s

----------------------------------

[INFO]Current Time:       42.57 s

[P]indexs Load Factor:    82.2251 %

[P]full bucket LFactor:   51.5275 %

[P]set request:           77376042 
[P]get request:           64407408 

[P]Get Hit Rate:          76.8500 %
[P]ACC Hit Rate:          79.2434 %

[P]total cuckoo num:      5198644 
[P]total cuckoo path:     3353682 
[P]total cp perset:       0.043455 / set
[P]total cp percuckoo:    0.645107 / cuckoo num

[P]cuckoo path / s:       337973.122 / s
[P]cp per set * s:        0.388002 / set * s

[P]break loop / s:        0 / s
[P]break / set :          0 %

[P]Throughput:            1580528.484 ops
[P]all request:           141783450 o

[P]GetThroughput:         709718.664 ops
[P]SetThroughput:         870809.820 ops

[P]Valid Entries:         861209.948 / s
[P]set success:           871061.053 / s

[P]get found:             545419.099 / s

----------------------------------

[INFO]Current Time:       43.44 s

[P]indexs Load Factor:    82.9382 %

[P]full bucket LFactor:   52.5527 %

[P]set request:           78110474 
[P]get request:           65005773 

[P]Get Hit Rate:          76.8962 %
[P]ACC Hit Rate:          79.2218 %

[P]total cuckoo num:      5464388 
[P]total cuckoo path:     3666125 
[P]total cp perset:       0.047056 / set
[P]total cp percuckoo:    0.670912 / cuckoo num

[P]cuckoo path / s:       357018.957 / s
[P]cp per set * s:        0.425497 / set * s

[P]break loop / s:        0 / s
[P]break / set :          0 %

[P]Throughput:            1522945.930 ops
[P]all request:           143116247 o

[P]GetThroughput:         683733.188 ops
[P]SetThroughput:         839212.742 ops

[P]Valid Entries:         829870.280 / s
[P]set success:           839063.052 / s

[P]get found:             525764.900 / s

----------------------------------

[INFO]Current Time:       44.31 s

[P]indexs Load Factor:    83.6106 %

[P]full bucket LFactor:   53.5358 %

[P]set request:           78800300 
[P]get request:           65567357 

[P]Get Hit Rate:          76.7130 %
[P]ACC Hit Rate:          79.2003 %

[P]total cuckoo num:      5723391 
[P]total cuckoo path:     3986837 
[P]total cp perset:       0.050723 / set
[P]total cp percuckoo:    0.696587 / cuckoo num

[P]cuckoo path / s:       369667.440 / s
[P]cp per set * s:        0.464824 / set * s

[P]break loop / s:        0 / s
[P]break / set :          0 %

[P]Throughput:            1442432.871 ops
[P]all request:           144367657 o

[P]GetThroughput:         647307.614 ops
[P]SetThroughput:         795125.257 ops

[P]Valid Entries:         786783.557 / s
[P]set success:           795285.475 / s

[P]get found:             496569.166 / s

----------------------------------

[INFO]Current Time:       45.18 s

[P]indexs Load Factor:    84.2343 %

[P]full bucket LFactor:   54.4628 %

[P]set request:           79439207 
[P]get request:           66087377 

[P]Get Hit Rate:          76.6984 %
[P]ACC Hit Rate:          79.1806 %

[P]total cuckoo num:      5972719 
[P]total cuckoo path:     4311957 
[P]total cp perset:       0.054417 / set
[P]total cp percuckoo:    0.721942 / cuckoo num

[P]cuckoo path / s:       375148.211 / s
[P]cp per set * s:        0.508903 / set * s

[P]break loop / s:        0 / s
[P]break / set :          0 %

[P]Throughput:            1337258.214 ops
[P]all request:           145526584 o

[P]GetThroughput:         600038.671 ops
[P]SetThroughput:         737219.543 ops

[P]Valid Entries:         729502.420 / s
[P]set success:           737171.080 / s

[P]get found:             460220.037 / s

----------------------------------

[INFO]Current Time:       46.04 s

[P]indexs Load Factor:    84.8288 %

[P]full bucket LFactor:   55.3616 %

[P]set request:           80053897 
[P]get request:           66587098 

[P]Get Hit Rate:          76.6125 %
[P]ACC Hit Rate:          79.1613 %

[P]total cuckoo num:      6220618 
[P]total cuckoo path:     4651774 
[P]total cp perset:       0.058254 / set
[P]total cp percuckoo:    0.747799 / cuckoo num

[P]cuckoo path / s:       393050.165 / s
[P]cp per set * s:        0.552717 / set * s

[P]break loop / s:        0 / s
[P]break / set :          0 %

[P]Throughput:            1288986.211 ops
[P]all request:           146640995 o

[P]GetThroughput:         578003.518 ops
[P]SetThroughput:         710982.693 ops

[P]Valid Entries:         703989.573 / s
[P]set success:           711123.805 / s

[P]get found:             442823.233 / s

----------------------------------

[INFO]Current Time:       46.90 s

[P]indexs Load Factor:    85.3864 %

[P]full bucket LFactor:   56.2170 %

[P]set request:           80632267 
[P]get request:           67057263 

[P]Get Hit Rate:          76.6505 %
[P]ACC Hit Rate:          79.1437 %

[P]total cuckoo num:      6460782 
[P]total cuckoo path:     4999067 
[P]total cp perset:       0.062153 / set
[P]total cp percuckoo:    0.773756 / cuckoo num

[P]cuckoo path / s:       404060.660 / s
[P]cp per set * s:        0.600497 / set * s

[P]break loop / s:        0 / s
[P]break / set :          0 %

[P]Throughput:            1219925.955 ops
[P]all request:           147689530 o

[P]GetThroughput:         547017.016 ops
[P]SetThroughput:         672908.939 ops

[P]Valid Entries:         666142.270 / s
[P]set success:           672877.526 / s

[P]get found:             419291.483 / s

----------------------------------

[INFO]Current Time:       47.76 s

[P]indexs Load Factor:    85.9177 %

[P]full bucket LFactor:   57.0437 %

[P]set request:           81177734 
[P]get request:           67500574 

[P]Get Hit Rate:          76.5778 %
[P]ACC Hit Rate:          79.1269 %

[P]total cuckoo num:      6694694 
[P]total cuckoo path:     5354201 
[P]total cp perset:       0.066127 / set
[P]total cp percuckoo:    0.799768 / cuckoo num

[P]cuckoo path / s:       415213.308 / s
[P]cp per set * s:        0.661846 / set * s

[P]break loop / s:        0 / s
[P]break / set :          0 %

[P]Throughput:            1156053.163 ops
[P]all request:           148678308 o

[P]GetThroughput:         518307.531 ops
[P]SetThroughput:         637745.632 ops

[P]Valid Entries:         631338.561 / s
[P]set success:           627356.355 / s

[P]get found:             396908.725 / s

----------------------------------

[INFO]Current Time:       48.62 s

[P]indexs Load Factor:    86.4165 %

[P]full bucket LFactor:   57.8311 %

[P]set request:           81696139 
[P]get request:           67915426 

[P]Get Hit Rate:          77.8685 %
[P]ACC Hit Rate:          79.1192 %

[P]total cuckoo num:      6923689 
[P]total cuckoo path:     5716819 
[P]total cp perset:       0.070156 / set
[P]total cp percuckoo:    0.825690 / cuckoo num

[P]cuckoo path / s:       422445.622 / s
[P]cp per set * s:        0.699684 / set * s

[P]break loop / s:        0 / s
[P]break / set :          0 %

[P]Throughput:            1087233.215 ops
[P]all request:           149611565 o

[P]GetThroughput:         483297.606 ops
[P]SetThroughput:         603935.609 ops

[P]Valid Entries:         597878.836 / s
[P]set success:           603766.686 / s

[P]get found:             376336.562 / s

----------------------------------

[INFO]Current Time:       49.47 s

[P]indexs Load Factor:    86.8838 %

[P]full bucket LFactor:   58.5801 %

[P]set request:           82176415 
[P]get request:           68312457 

[P]Get Hit Rate:          76.6693 %
[P]ACC Hit Rate:          79.1049 %

[P]total cuckoo num:      7144994 
[P]total cuckoo path:     6087425 
[P]total cp perset:       0.074259 / set
[P]total cp percuckoo:    0.851985 / cuckoo num

[P]cuckoo path / s:       433181.166 / s
[P]cp per set * s:        0.758921 / set * s

[P]break loop / s:        0 / s
[P]break / set :          0 %

[P]Throughput:            1025436.365 ops
[P]all request:           150488872 o

[P]GetThroughput:         464067.909 ops
[P]SetThroughput:         561368.456 ops

[P]Valid Entries:         565544.741 / s
[P]set success:           570785.844 / s

[P]get found:             355797.748 / s

----------------------------------

[INFO]Current Time:       50.32 s

[P]indexs Load Factor:    87.3180 %

[P]full bucket LFactor:   59.2844 %

[P]set request:           82628889 
[P]get request:           68680087 

[P]Get Hit Rate:          76.6507 %
[P]ACC Hit Rate:          79.0918 %

[P]total cuckoo num:      7354943 
[P]total cuckoo path:     6456324 
[P]total cp perset:       0.078327 / set
[P]total cp percuckoo:    0.877821 / cuckoo num

[P]cuckoo path / s:       434577.145 / s
[P]cp per set * s:        0.815391 / set * s

[P]break loop / s:        0 / s
[P]break / set :          0 %

[P]Throughput:            966113.909 ops
[P]all request:           151308976 o

[P]GetThroughput:         433082.214 ops
[P]SetThroughput:         533031.695 ops

[P]Valid Entries:         528008.539 / s
[P]set success:           532968.081 / s

[P]get found:             331960.586 / s

----------------------------------

[INFO]Current Time:       51.17 s

[P]indexs Load Factor:    87.7342 %

[P]full bucket LFactor:   59.9726 %

[P]set request:           83064064 
[P]get request:           69033065 

[P]Get Hit Rate:          76.4362 %
[P]ACC Hit Rate:          79.0782 %

[P]total cuckoo num:      7561771 
[P]total cuckoo path:     6837209 
[P]total cp perset:       0.082513 / set
[P]total cp percuckoo:    0.904181 / cuckoo num

[P]cuckoo path / s:       449080.047 / s
[P]cp per set * s:        0.875700 / set * s

[P]break loop / s:        0 / s
[P]break / set :          0 %

[P]Throughput:            929266.803 ops
[P]all request:           152097129 o

[P]GetThroughput:         416176.475 ops
[P]SetThroughput:         513090.328 ops

[P]Valid Entries:         508225.593 / s
[P]set success:           512823.864 / s

[P]get found:             318109.518 / s

----------------------------------

[INFO]Current Time:       52.01 s

[P]indexs Load Factor:    88.1276 %

[P]full bucket LFactor:   60.6305 %

[P]set request:           83476037 
[P]get request:           69367408 

[P]Get Hit Rate:          76.5519 %
[P]ACC Hit Rate:          79.0660 %

[P]total cuckoo num:      7761179 
[P]total cuckoo path:     7223771 
[P]total cp perset:       0.086747 / set
[P]total cp percuckoo:    0.930757 / cuckoo num

[P]cuckoo path / s:       457761.188 / s
[P]cp per set * s:        0.938775 / set * s

[P]break loop / s:        0 / s
[P]break / set :          0 %

[P]Throughput:            883776.726 ops
[P]all request:           152843445 o

[P]GetThroughput:         395924.196 ops
[P]SetThroughput:         487852.531 ops

[P]Valid Entries:         483268.548 / s
[P]set success:           487615.694 / s

[P]get found:             303087.590 / s

----------------------------------

[INFO]Current Time:       52.86 s

[P]indexs Load Factor:    88.4962 %

[P]full bucket LFactor:   61.2549 %

[P]set request:           83864287 
[P]get request:           69682170 

[P]Get Hit Rate:          76.3596 %
[P]ACC Hit Rate:          79.0538 %

[P]total cuckoo num:      7953712 
[P]total cuckoo path:     7614441 
[P]total cp perset:       0.091014 / set
[P]total cp percuckoo:    0.957344 / cuckoo num

[P]cuckoo path / s:       461323.620 / s
[P]cp per set * s:        1.006477 / set * s

[P]break loop / s:        0 / s
[P]break / set :          0 %

[P]Throughput:            830153.430 ops
[P]all request:           153546457 o

[P]GetThroughput:         371687.473 ops
[P]SetThroughput:         458465.957 ops

[P]Valid Entries:         454342.420 / s
[P]set success:           458354.957 / s

[P]get found:             283819.063 / s

----------------------------------

[INFO]Current Time:       53.70 s

[P]indexs Load Factor:    88.8444 %

[P]full bucket LFactor:   61.8509 %

[P]set request:           84233645 
[P]get request:           69981852 

[P]Get Hit Rate:          76.4457 %
[P]ACC Hit Rate:          79.0426 %

[P]total cuckoo num:      8140155 
[P]total cuckoo path:     8010259 
[P]total cp perset:       0.095324 / set
[P]total cp percuckoo:    0.984043 / cuckoo num

[P]cuckoo path / s:       468933.048 / s
[P]cp per set * s:        1.071632 / set * s

[P]break loop / s:        0 / s
[P]break / set :          0 %

[P]Throughput:            792624.303 ops
[P]all request:           154215497 o

[P]GetThroughput:         355038.916 ops
[P]SetThroughput:         437585.387 ops

[P]Valid Entries:         433834.567 / s
[P]set success:           437587.757 / s

[P]get found:             271411.982 / s

----------------------------------

[INFO]Current Time:       54.54 s

[P]indexs Load Factor:    89.1744 %

[P]full bucket LFactor:   62.4230 %

[P]set request:           84583988 
[P]get request:           70265957 

[P]Get Hit Rate:          76.4189 %
[P]ACC Hit Rate:          79.0320 %

[P]total cuckoo num:      8321003 
[P]total cuckoo path:     8410047 
[P]total cp perset:       0.099666 / set
[P]total cp percuckoo:    1.010701 / cuckoo num

[P]cuckoo path / s:       475764.756 / s
[P]cp per set * s:        1.141521 / set * s

[P]break loop / s:        0 / s
[P]break / set :          0 %

[P]Throughput:            755020.156 ops
[P]all request:           154849945 o

[P]GetThroughput:         338097.057 ops
[P]SetThroughput:         416923.099 ops

[P]Valid Entries:         413258.958 / s
[P]set success:           416781.484 / s

[P]get found:             258370.152 / s

----------------------------------

[INFO]Current Time:       55.38 s

[P]indexs Load Factor:    89.4838 %

[P]full bucket LFactor:   62.9656 %

[P]set request:           84914295 
[P]get request:           70533504 

[P]Get Hit Rate:          76.3372 %
[P]ACC Hit Rate:          79.0218 %

[P]total cuckoo num:      8493939 
[P]total cuckoo path:     8812068 
[P]total cp perset:       0.104024 / set
[P]total cp percuckoo:    1.037454 / cuckoo num

[P]cuckoo path / s:       479826.818 / s
[P]cp per set * s:        1.217832 / set * s

[P]break loop / s:        0 / s
[P]break / set :          0 %

[P]Throughput:            713560.691 ops
[P]all request:           155447799 o

[P]GetThroughput:         319327.164 ops
[P]SetThroughput:         394233.527 ops

[P]Valid Entries:         390772.271 / s
[P]set success:           394000.788 / s

[P]get found:             243765.549 / s

----------------------------------

[INFO]Current Time:       56.22 s

[P]indexs Load Factor:    89.7773 %

[P]full bucket LFactor:   63.4844 %

[P]set request:           85229271 
[P]get request:           70788647 

[P]Get Hit Rate:          76.3783 %
[P]ACC Hit Rate:          79.0123 %

[P]total cuckoo num:      8662186 
[P]total cuckoo path:     9220384 
[P]total cp perset:       0.108441 / set
[P]total cp percuckoo:    1.064441 / cuckoo num

[P]cuckoo path / s:       487929.533 / s
[P]cp per set * s:        1.296921 / set * s

[P]break loop / s:        0 / s
[P]break / set :          0 %

[P]Throughput:            681280.913 ops
[P]all request:           156017918 o

[P]GetThroughput:         304890.831 ops
[P]SetThroughput:         376390.081 ops

[P]Valid Entries:         373207.849 / s
[P]set success:           376221.589 / s

[P]get found:             232870.570 / s

----------------------------------

[INFO]Current Time:       57.06 s

[P]indexs Load Factor:    90.0484 %

[P]full bucket LFactor:   63.9710 %

[P]set request:           85529091 
[P]get request:           71031420 

[P]Get Hit Rate:          76.3058 %
[P]ACC Hit Rate:          79.0030 %

[P]total cuckoo num:      8824983 
[P]total cuckoo path:     9633087 
[P]total cp perset:       0.112897 / set
[P]total cp percuckoo:    1.091570 / cuckoo num

[P]cuckoo path / s:       492062.297 / s
[P]cp per set * s:        1.377123 / set * s

[P]break loop / s:        0 / s
[P]break / set :          0 %

[P]Throughput:            646929.046 ops
[P]all request:           156560511 o

[P]GetThroughput:         289456.195 ops
[P]SetThroughput:         357472.851 ops

[P]Valid Entries:         354638.774 / s
[P]set success:           357311.891 / s

[P]get found:             220872.009 / s

----------------------------------

[INFO]Current Time:       57.88 s

[P]indexs Load Factor:    90.3083 %

[P]full bucket LFactor:   64.4404 %

[P]set request:           85802409 
[P]get request:           71252819 

[P]Get Hit Rate:          76.4087 %
[P]ACC Hit Rate:          78.9950 %

[P]total cuckoo num:      8975085 
[P]total cuckoo path:     10025818 
[P]total cp perset:       0.117124 / set
[P]total cp percuckoo:    1.117072 / cuckoo num

[P]cuckoo path / s:       476669.701 / s
[P]cp per set * s:        1.438317 / set * s

[P]break loop / s:        0 / s
[P]break / set :          0 %

[P]Throughput:            600453.247 ops
[P]all request:           157055228 o

[P]GetThroughput:         268718.780 ops
[P]SetThroughput:         331734.468 ops

[P]Valid Entries:         328757.186 / s
[P]set success:           331407.974 / s

[P]get found:             205324.408 / s

----------------------------------

[INFO]Current Time:       58.71 s

[P]indexs Load Factor:    90.5427 %

[P]full bucket LFactor:   64.8703 %

[P]set request:           86061624 
[P]get request:           71462667 

[P]Get Hit Rate:          76.3157 %
[P]ACC Hit Rate:          78.9871 %

[P]total cuckoo num:      9119529 
[P]total cuckoo path:     10421673 
[P]total cp perset:       0.121381 / set
[P]total cp percuckoo:    1.142786 / cuckoo num

[P]cuckoo path / s:       475215.030 / s
[P]cp per set * s:        1.527837 / set * s

[P]break loop / s:        0 / s
[P]break / set :          0 %

[P]Throughput:            563099.588 ops
[P]all request:           157524291 o

[P]GetThroughput:         251917.807 ops
[P]SetThroughput:         311181.781 ops

[P]Valid Entries:         308717.201 / s
[P]set success:           311037.724 / s

[P]get found:             192252.874 / s

----------------------------------

[INFO]Current Time:       59.55 s

[P]indexs Load Factor:    90.7784 %

[P]full bucket LFactor:   65.3044 %

[P]set request:           86320380 
[P]get request:           71672279 

[P]Get Hit Rate:          76.4284 %
[P]ACC Hit Rate:          78.9796 %

[P]total cuckoo num:      9265665 
[P]total cuckoo path:     10837476 
[P]total cp perset:       0.125845 / set
[P]total cp percuckoo:    1.169638 / cuckoo num

[P]cuckoo path / s:       499359.249 / s
[P]cp per set * s:        1.607670 / set * s

[P]break loop / s:        0 / s
[P]break / set :          0 %

[P]Throughput:            562487.266 ops
[P]all request:           157992659 o

[P]GetThroughput:         251733.852 ops
[P]SetThroughput:         310753.414 ops

[P]Valid Entries:         308271.047 / s
[P]set success:           310610.501 / s

[P]get found:             192396.038 / s

----------------------------------

[INFO]Current Time:       60.37 s

[P]indexs Load Factor:    91.0042 %

[P]full bucket LFactor:   65.7254 %

[P]set request:           86569369 
[P]get request:           71873822 

[P]Get Hit Rate:          76.2860 %
[P]ACC Hit Rate:          78.9721 %

[P]total cuckoo num:      9408028 
[P]total cuckoo path:     11259178 
[P]total cp perset:       0.130365 / set
[P]total cp percuckoo:    1.196763 / cuckoo num

[P]cuckoo path / s:       510812.758 / s
[P]cp per set * s:        1.694699 / set * s

[P]break loop / s:        0 / s
[P]break / set :          0 %

[P]Throughput:            545734.887 ops
[P]all request:           158443191 o

[P]GetThroughput:         244131.485 ops
[P]SetThroughput:         301603.402 ops

[P]Valid Entries:         299321.290 / s
[P]set success:           301418.071 / s

[P]get found:             186238.032 / s

----------------------------------

[INFO]Current Time:       61.20 s

[P]indexs Load Factor:    91.2193 %

[P]full bucket LFactor:   66.1289 %

[P]set request:           86807779 
[P]get request:           72066892 

[P]Get Hit Rate:          76.3345 %
[P]ACC Hit Rate:          78.9650 %

[P]total cuckoo num:      9546102 
[P]total cuckoo path:     11685904 
[P]total cp perset:       0.134934 / set
[P]total cp percuckoo:    1.224155 / cuckoo num

[P]cuckoo path / s:       514946.046 / s
[P]cp per set * s:        1.790747 / set * s

[P]break loop / s:        0 / s
[P]break / set :          0 %

[P]Throughput:            520682.873 ops
[P]all request:           158874671 o

[P]GetThroughput:         232984.709 ops
[P]SetThroughput:         287698.164 ops

[P]Valid Entries:         285541.725 / s
[P]set success:           287559.389 / s

[P]get found:             177847.690 / s

----------------------------------

[INFO]Current Time:       62.03 s

[P]indexs Load Factor:    91.4230 %

[P]full bucket LFactor:   66.5151 %

[P]set request:           87034658 
[P]get request:           72253833 

[P]Get Hit Rate:          76.2813 %
[P]ACC Hit Rate:          78.9581 %

[P]total cuckoo num:      9681127 
[P]total cuckoo path:     12117043 
[P]total cp perset:       0.139540 / set
[P]total cp percuckoo:    1.251615 / cuckoo num

[P]cuckoo path / s:       521818.482 / s
[P]cp per set * s:        1.868498 / set * s

[P]break loop / s:        0 / s
[P]break / set :          0 %

[P]Throughput:            500858.067 ops
[P]all request:           159288492 o

[P]GetThroughput:         226259.440 ops
[P]SetThroughput:         274597.416 ops

[P]Valid Entries:         277262.553 / s
[P]set success:           279271.693 / s

[P]get found:             172593.612 / s

----------------------------------

[INFO]Current Time:       62.85 s

[P]indexs Load Factor:    91.6072 %

[P]full bucket LFactor:   66.8658 %

[P]set request:           87254489 
[P]get request:           72431919 

[P]Get Hit Rate:          76.4473 %
[P]ACC Hit Rate:          78.9519 %

[P]total cuckoo num:      9811545 
[P]total cuckoo path:     12549216 
[P]total cp perset:       0.144153 / set
[P]total cp percuckoo:    1.279025 / cuckoo num

[P]cuckoo path / s:       523230.909 / s
[P]cp per set * s:        1.967016 / set * s

[P]break loop / s:        0 / s
[P]break / set :          0 %

[P]Throughput:            481756.034 ops
[P]all request:           159686408 o

[P]GetThroughput:         215608.332 ops
[P]SetThroughput:         266148.913 ops

[P]Valid Entries:         264049.563 / s
[P]set success:           266002.418 / s

[P]get found:             164826.823 / s

----------------------------------

[INFO]Current Time:       63.67 s

[P]indexs Load Factor:    91.7902 %

[P]full bucket LFactor:   67.2184 %

[P]set request:           87453108 
[P]get request:           72592392 

[P]Get Hit Rate:          76.0757 %
[P]ACC Hit Rate:          78.9455 %

[P]total cuckoo num:      9930457 
[P]total cuckoo path:     12956812 
[P]total cp perset:       0.148496 / set
[P]total cp percuckoo:    1.304755 / cuckoo num

[P]cuckoo path / s:       496869.547 / s
[P]cp per set * s:        2.053774 / set * s

[P]break loop / s:        0 / s
[P]break / set :          0 %

[P]Throughput:            437741.978 ops
[P]all request:           160045500 o

[P]GetThroughput:         195620.533 ops
[P]SetThroughput:         242121.445 ops

[P]Valid Entries:         240230.738 / s
[P]set success:           241930.058 / s

[P]get found:             148819.741 / s

----------------------------------

[INFO]Current Time:       64.50 s

[P]indexs Load Factor:    91.9679 %

[P]full bucket LFactor:   67.5629 %

[P]set request:           87656924 
[P]get request:           72757347 

[P]Get Hit Rate:          76.2584 %
[P]ACC Hit Rate:          78.9394 %

[P]total cuckoo num:      10053757 
[P]total cuckoo path:     13393845 
[P]total cp perset:       0.153147 / set
[P]total cp percuckoo:    1.332223 / cuckoo num

[P]cuckoo path / s:       530109.669 / s
[P]cp per set * s:        2.144905 / set * s

[P]break loop / s:        0 / s
[P]break / set :          0 %

[P]Throughput:            447309.637 ops
[P]all request:           160414271 o

[P]GetThroughput:         200086.127 ops
[P]SetThroughput:         247223.510 ops

[P]Valid Entries:         245435.586 / s
[P]set success:           247148.306 / s

[P]get found:             152582.426 / s

----------------------------------

[INFO]Current Time:       65.32 s

[P]indexs Load Factor:    92.1365 %

[P]full bucket LFactor:   67.8922 %

[P]set request:           87855323 
[P]get request:           72917717 

[P]Get Hit Rate:          76.1757 %
[P]ACC Hit Rate:          78.9334 %

[P]total cuckoo num:      10175054 
[P]total cuckoo path:     13837065 
[P]total cp perset:       0.157857 / set
[P]total cp percuckoo:    1.359901 / cuckoo num

[P]cuckoo path / s:       536585.353 / s
[P]cp per set * s:        2.235019 / set * s

[P]break loop / s:        0 / s
[P]break / set :          0 %

[P]Throughput:            434344.548 ops
[P]all request:           160773040 o

[P]GetThroughput:         194152.324 ops
[P]SetThroughput:         240192.224 ops

[P]Valid Entries:         238463.412 / s
[P]set success:           240080.844 / s

[P]get found:             147896.928 / s

----------------------------------

[INFO]Current Time:       66.14 s

[P]indexs Load Factor:    92.2956 %

[P]full bucket LFactor:   68.2041 %

[P]set request:           88046731 
[P]get request:           73072775 

[P]Get Hit Rate:          76.4172 %
[P]ACC Hit Rate:          78.9280 %

[P]total cuckoo num:      10292969 
[P]total cuckoo path:     14281049 
[P]total cp perset:       0.162567 / set
[P]total cp percuckoo:    1.387457 / cuckoo num

[P]cuckoo path / s:       542747.109 / s
[P]cp per set * s:        2.320308 / set * s

[P]break loop / s:        0 / s
[P]break / set :          0 %

[P]Throughput:            423536.479 ops
[P]all request:           161119506 o

[P]GetThroughput:         189550.257 ops
[P]SetThroughput:         233986.222 ops

[P]Valid Entries:         232421.489 / s
[P]set success:           233911.653 / s

[P]get found:             144849.021 / s

----------------------------------

[INFO]Current Time:       66.95 s

[P]indexs Load Factor:    92.4498 %

[P]full bucket LFactor:   68.5107 %

[P]set request:           88227727 
[P]get request:           73218973 

[P]Get Hit Rate:          76.1296 %
[P]ACC Hit Rate:          78.9224 %

[P]total cuckoo num:      10405495 
[P]total cuckoo path:     14719998 
[P]total cp perset:       0.167220 / set
[P]total cp percuckoo:    1.414637 / cuckoo num

[P]cuckoo path / s:       543967.280 / s
[P]cp per set * s:        2.426500 / set * s

[P]break loop / s:        0 / s
[P]break / set :          0 %

[P]Throughput:            405474.965 ops
[P]all request:           161446700 o

[P]GetThroughput:         181175.782 ops
[P]SetThroughput:         224299.183 ops

[P]Valid Entries:         222694.355 / s
[P]set success:           224177.736 / s

[P]get found:             137928.457 / s

----------------------------------

[INFO]Current Time:       67.77 s

[P]indexs Load Factor:    92.5753 %

[P]full bucket LFactor:   68.7647 %

[P]set request:           88400046 
[P]get request:           73358297 

[P]Get Hit Rate:          76.1814 %
[P]ACC Hit Rate:          78.9172 %

[P]total cuckoo num:      10513714 
[P]total cuckoo path:     15154363 
[P]total cp perset:       0.171818 / set
[P]total cp percuckoo:    1.441390 / cuckoo num

[P]cuckoo path / s:       530606.408 / s
[P]cp per set * s:        2.521830 / set * s

[P]break loop / s:        0 / s
[P]break / set :          0 %

[P]Throughput:            380693.133 ops
[P]all request:           161758343 o

[P]GetThroughput:         170193.748 ops
[P]SetThroughput:         210499.386 ops

[P]Valid Entries:         209004.186 / s
[P]set success:           210405.325 / s

[P]get found:             129656.012 / s

----------------------------------
[INFO]End rx_queue_1:888812

[INFO]Current Time:       68.58 s

[P]indexs Load Factor:    92.6659 %

[P]full bucket LFactor:   68.9469 %

[P]set request:           88519963 
[P]get request:           73454357 

[P]Get Hit Rate:          75.1343 %
[P]ACC Hit Rate:          78.9123 %

[P]total cuckoo num:      10589696 
[P]total cuckoo path:     15465663 
[P]total cp perset:       0.175110 / set
[P]total cp percuckoo:    1.460444 / cuckoo num

[P]cuckoo path / s:       381469.358 / s
[P]cp per set * s:        2.597175 / set * s

[P]break loop / s:        0 / s
[P]break / set :          0 %

[P]Throughput:            264659.838 ops
[P]all request:           161974320 o

[P]GetThroughput:         117712.646 ops
[P]SetThroughput:         146947.193 ops

[P]Valid Entries:         145778.154 / s
[P]set success:           146878.570 / s

[P]get found:             88442.562 / s

----------------------------------

[INFO]Current Time:       69.40 s

[P]indexs Load Factor:    92.7450 %

[P]full bucket LFactor:   69.1057 %

[P]set request:           88616935 
[P]get request:           73531739 

[P]Get Hit Rate:          74.5975 %
[P]ACC Hit Rate:          78.9077 %

[P]total cuckoo num:      10651130 
[P]total cuckoo path:     15723165 
[P]total cp perset:       0.177830 / set
[P]total cp percuckoo:    1.476197 / cuckoo num

[P]cuckoo path / s:       315935.237 / s
[P]cp per set * s:        2.655782 / set * s

[P]break loop / s:        0 / s
[P]break / set :          0 %

[P]Throughput:            213919.008 ops
[P]all request:           162148674 o

[P]GetThroughput:         94941.789 ops
[P]SetThroughput:         118977.219 ops

[P]Valid Entries:         118145.365 / s
[P]set success:           118961.269 / s

[P]get found:             70824.155 / s

----------------------------------

[INFO]Current Time:       70.21 s

[P]indexs Load Factor:    92.8223 %

[P]full bucket LFactor:   69.2628 %

[P]set request:           88712203 
[P]get request:           73607552 

[P]Get Hit Rate:          74.2815 %
[P]ACC Hit Rate:          78.9030 %

[P]total cuckoo num:      10711838 
[P]total cuckoo path:     15980474 
[P]total cp perset:       0.180546 / set
[P]total cp percuckoo:    1.491852 / cuckoo num

[P]cuckoo path / s:       318162.263 / s
[P]cp per set * s:        2.701605 / set * s

[P]break loop / s:        0 / s
[P]break / set :          0 %

[P]Throughput:            211541.447 ops
[P]all request:           162319755 o

[P]GetThroughput:         93742.682 ops
[P]SetThroughput:         117798.765 ops

[P]Valid Entries:         116998.751 / s
[P]set success:           117767.853 / s

[P]get found:             69633.428 / s

----------------------------------

[INFO]Current Time:       71.02 s

[P]indexs Load Factor:    92.8993 %

[P]full bucket LFactor:   69.4184 %

[P]set request:           88805109 
[P]get request:           73681766 

[P]Get Hit Rate:          74.7514 %
[P]ACC Hit Rate:          78.8988 %

[P]total cuckoo num:      10771186 
[P]total cuckoo path:     16237075 
[P]total cp perset:       0.183252 / set
[P]total cp percuckoo:    1.507455 / cuckoo num

[P]cuckoo path / s:       316743.646 / s
[P]cp per set * s:        2.761942 / set * s

[P]break loop / s:        0 / s
[P]break / set :          0 %

[P]Throughput:            206289.913 ops
[P]all request:           162486875 o

[P]GetThroughput:         91608.423 ops
[P]SetThroughput:         114681.491 ops

[P]Valid Entries:         113902.596 / s
[P]set success:           114681.491 / s

[P]get found:             68478.574 / s

----------------------------------

[INFO]Current Time:       71.83 s

[P]indexs Load Factor:    92.9922 %

[P]full bucket LFactor:   69.6070 %

[P]set request:           88912514 
[P]get request:           73767721 

[P]Get Hit Rate:          74.9427 %
[P]ACC Hit Rate:          78.8942 %

[P]total cuckoo num:      10840065 
[P]total cuckoo path:     16538795 
[P]total cp perset:       0.186432 / set
[P]total cp percuckoo:    1.525710 / cuckoo num

[P]cuckoo path / s:       370268.571 / s
[P]cp per set * s:        2.809494 / set * s

[P]break loop / s:        0 / s
[P]break / set :          0 %

[P]Throughput:            237289.974 ops
[P]all request:           162680235 o

[P]GetThroughput:         105483.346 ops
[P]SetThroughput:         131806.628 ops

[P]Valid Entries:         130945.139 / s
[P]set success:           131791.902 / s

[P]get found:             79052.070 / s

----------------------------------

[INFO]Current Time:       72.64 s

[P]indexs Load Factor:    93.0765 %

[P]full bucket LFactor:   69.7808 %

[P]set request:           89026009 
[P]get request:           73858463 

[P]Get Hit Rate:          74.8143 %
[P]ACC Hit Rate:          78.8892 %

[P]total cuckoo num:      10913350 
[P]total cuckoo path:     16866403 
[P]total cp perset:       0.189882 / set
[P]total cp percuckoo:    1.545484 / cuckoo num

[P]cuckoo path / s:       404819.205 / s
[P]cp per set * s:        2.886287 / set * s

[P]break loop / s:        0 / s
[P]break / set :          0 %

[P]Throughput:            252371.920 ops
[P]all request:           162884472 o

[P]GetThroughput:         112128.227 ops
[P]SetThroughput:         140243.693 ops

[P]Valid Entries:         139507.227 / s
[P]set success:           140256.050 / s

[P]get found:             83887.958 / s

----------------------------------
[INFO]End rx_queue_3:453853
[INFO]End rx_queue_0:845513

[INFO]Current Time:       73.46 s

[P]indexs Load Factor:    93.1058 %

[P]full bucket LFactor:   69.8435 %

[P]set request:           89093683 
[P]get request:           73912354 

[P]Get Hit Rate:          74.2907 %
[P]ACC Hit Rate:          78.8858 %

[P]total cuckoo num:      10957538 
[P]total cuckoo path:     17065313 
[P]total cp perset:       0.191975 / set
[P]total cp percuckoo:    1.557404 / cuckoo num

[P]cuckoo path / s:       244355.773 / s
[P]cp per set * s:        2.939933 / set * s

[P]break loop / s:        0 / s
[P]break / set :          0 %

[P]Throughput:            149339.447 ops
[P]all request:           163006037 o

[P]GetThroughput:         66203.695 ops
[P]SetThroughput:         83135.753 ops

[P]Valid Entries:         82745.098 / s
[P]set success:           83116.097 / s

[P]get found:             49183.187 / s

----------------------------------
[INFO]End rx_queue_2:842749
Finish the job......

[INFO]Current Time:       74.26 s

[P]indexs Load Factor:    93.1061 %

[P]full bucket LFactor:   69.8441 %

[P]set request:           89103124 
[P]get request:           73919803 

[P]Get Hit Rate:          73.2984 %
[P]ACC Hit Rate:          78.8853 %

[P]total cuckoo num:      10963676 
[P]total cuckoo path:     17093033 
[P]total cp perset:       0.192266 / set
[P]total cp percuckoo:    1.559060 / cuckoo num

[P]cuckoo path / s:       34346.929 / s
[P]cp per set * s:        2.935819 / set * s

[P]break loop / s:        0 / s
[P]break / set :          0 %

[P]Throughput:            20927.837 ops
[P]all request:           163022927 o

[P]GetThroughput:         9229.808 ops
[P]SetThroughput:         11698.029 ops

[P]Valid Entries:         11612.533 / s
[P]set success:           11699.268 / s

[P]get found:             6765.304 / s

----------------------------------

Total Index Entries:      88082847

indexs Load Factor:     93.106059 %

log_0 Load Factor:      55.713981 %

log_1 Load Factor:      56.714505 %

log_2 Load Factor:      55.252433 %

log_3 Load Factor:      56.768201 %

Get Hit Rate:           78.885256%

Max Throughput:         5643320.53

Calc Load Factor:       93.106059%

set request:              26915173 | set_success:              26915173
set_fail:                        0 | set_key_duplicate:          643276 | set_mica_evicted:                0
set_random:                      0 | set_cuckoo_evicted:        3063014 | set_expire_evicted:              0

get request:              21983312
get_found:                17051451 | get_notfound:              4931861 | get_hit_ratio:          77.565432%

clean up:                        0 | test_notfound:                   0
move_to_head_performed:    2078744 | move_to_head_skipped:     14972707 | move_to_head_failed:             0


set request:              27602940 | set_success:              27602940
set_fail:                        0 | set_key_duplicate:          535593 | set_mica_evicted:                0
set_random:                      0 | set_cuckoo_evicted:        3068099 | set_expire_evicted:              0

get request:              23109086
get_found:                18615232 | get_notfound:              4493854 | get_hit_ratio:          80.553735%

clean up:                        0 | test_notfound:                   0
move_to_head_performed:    1788113 | move_to_head_skipped:     16827118 | move_to_head_failed:             1


set request:              27269302 | set_success:              27269302
set_fail:                        0 | set_key_duplicate:          697115 | set_mica_evicted:                0
set_random:                      0 | set_cuckoo_evicted:        3244089 | set_expire_evicted:              0

get request:              21911448
get_found:                16553594 | get_notfound:              5357854 | get_hit_ratio:          75.547695%

clean up:                        0 | test_notfound:                   0
move_to_head_performed:    2268876 | move_to_head_skipped:     14284718 | move_to_head_failed:             0


set request:              14581322 | set_success:              14581322
set_fail:                        0 | set_key_duplicate:          254903 | set_mica_evicted:                0
set_random:                      0 | set_cuckoo_evicted:        1588474 | set_expire_evicted:              0

get request:              11800152
get_found:                 9018982 | get_notfound:              2781170 | get_hit_ratio:          76.431066%

clean up:                        0 | test_notfound:                   0
move_to_head_performed:    1133086 | move_to_head_skipped:      7885896 | move_to_head_failed:             0


[INFO] Everything works fine.
deleting piekv......
