EAL: Detected 44 lcore(s)
EAL: Detected 1 NUMA nodes
EAL: Multi-process socket /var/run/dpdk/rte/mp_socket
EAL: Selected IOVA mode 'PA'
EAL: No available hugepages reported in hugepages-1048576kB
[INFO] 单个Log Size为:8 GB
[INFO] 运行proto
[INFO] 运行cleanup
[INFO] 运行reload
[INFO] reload kv size 512
EAL: Probing VFIO support...
EAL: VFIO support initialized
EAL: PCI device 0000:03:00.0 on NUMA socket 0
EAL:   probe driver: 15b3:1017 net_mlx5
WEN: There are 1 device(s) available
starting port 0...
querying port 0...
port 0: 100 Gbps (full-duplex)
Adding UDP filter for each endpoint.
port_id/queue_id/udp_port = 0 0 0
Flow is created with src_port = 0, dst_port = 0
port_id/queue_id/udp_port = 0 1 1
Flow is created with src_port = 0, dst_port = 1
port_id/queue_id/udp_port = 0 2 2
Flow is created with src_port = 0, dst_port = 2
port_id/queue_id/udp_port = 0 3 3
Flow is created with src_port = 0, dst_port = 3
MEM: Initializing pages...
 == [STAT] Workers Start (4 threads in total) == 
trigger:50.000000 

[INFO]Current Time:       5.08 s

[P]indexs Load Factor:    0.0574 %

[P]full bucket LFactor:   0.0000 %

[P]set request:           32271 
[P]get request:           32274 

[P]Get Hit Rate:          43.1803 %
[P]ACC Hit Rate:          43.1803 %

[P]total cuckoo num:      0 
[P]total cuckoo path:     0 
[P]total cp perset:       0.000000 / set
[P]total cp percuckoo:    -nan / cuckoo num

[P]cuckoo path / s:       0 / s
[P]cp per set * s:        0 / set * s

[P]break loop / s:        0 / s
[P]break / set :          0 %

[P]Throughput:            90158.346 ops
[P]all request:           64545 o

[P]GetThroughput:         45081.268 ops
[P]SetThroughput:         45077.078 ops

[P]Valid Entries:         44662.220 / s
[P]set success:           45014.221 / s

[P]get found:             19466.213 / s

----------------------------------

[INFO]Current Time:       5.82 s

[P]indexs Load Factor:    0.1596 %

[P]full bucket LFactor:   0.0000 %

[P]set request:           96776 
[P]get request:           96709 

[P]Get Hit Rate:          47.4245 %
[P]ACC Hit Rate:          46.0081 %

[P]total cuckoo num:      0 
[P]total cuckoo path:     0 
[P]total cp perset:       0.000000 / set
[P]total cp percuckoo:    -nan / cuckoo num

[P]cuckoo path / s:       0 / s
[P]cp per set * s:        0 / set * s

[P]break loop / s:        0 / s
[P]break / set :          0 %

[P]Throughput:            174651.314 ops
[P]all request:           193485 o

[P]GetThroughput:         87278.249 ops
[P]SetThroughput:         87373.065 ops

[P]Valid Entries:         87447.564 / s
[P]set success:           87512.580 / s

[P]get found:             41391.305 / s

----------------------------------

[INFO]Current Time:       6.57 s

[P]indexs Load Factor:    1.1711 %

[P]full bucket LFactor:   0.0000 %

[P]set request:           677030 
[P]get request:           669712 

[P]Get Hit Rate:          55.3018 %
[P]ACC Hit Rate:          53.9598 %

[P]total cuckoo num:      0 
[P]total cuckoo path:     0 
[P]total cp perset:       0.000000 / set
[P]total cp percuckoo:    -nan / cuckoo num

[P]cuckoo path / s:       0 / s
[P]cp per set * s:        0 / set * s

[P]break loop / s:        0 / s
[P]break / set :          0 %

[P]Throughput:            1524316.964 ops
[P]all request:           1346742 o

[P]GetThroughput:         757366.479 ops
[P]SetThroughput:         766950.485 ops

[P]Valid Entries:         755728.831 / s
[P]set success:           758663.115 / s

[P]get found:             418837.331 / s

----------------------------------

[INFO]Current Time:       7.30 s

[P]indexs Load Factor:    2.5327 %

[P]full bucket LFactor:   0.0000 %

[P]set request:           1815988 
[P]get request:           1746342 

[P]Get Hit Rate:          64.4034 %
[P]ACC Hit Rate:          60.3983 %

[P]total cuckoo num:      0 
[P]total cuckoo path:     0 
[P]total cp perset:       0.000000 / set
[P]total cp percuckoo:    -nan / cuckoo num

[P]cuckoo path / s:       0 / s
[P]cp per set * s:        0 / set * s

[P]break loop / s:        0 / s
[P]break / set :          0 %

[P]Throughput:            3050417.428 ops
[P]all request:           3562330 o

[P]GetThroughput:         1482302.177 ops
[P]SetThroughput:         1568115.251 ops

[P]Valid Entries:         1529653.018 / s
[P]set success:           1546850.604 / s

[P]get found:             954652.552 / s

----------------------------------

[INFO]Current Time:       8.05 s

[P]indexs Load Factor:    3.9169 %

[P]full bucket LFactor:   0.0000 %

[P]set request:           2998287 
[P]get request:           2887993 

[P]Get Hit Rate:          68.9385 %
[P]ACC Hit Rate:          63.7743 %

[P]total cuckoo num:      0 
[P]total cuckoo path:     0 
[P]total cp perset:       0.000000 / set
[P]total cp percuckoo:    -nan / cuckoo num

[P]cuckoo path / s:       0 / s
[P]cp per set * s:        0 / set * s

[P]break loop / s:        0 / s
[P]break / set :          0 %

[P]Throughput:            3081774.526 ops
[P]all request:           5886281 o

[P]GetThroughput:         1513935.091 ops
[P]SetThroughput:         1567838.109 ops

[P]Valid Entries:         1522338.541 / s
[P]set success:           1548790.113 / s

[P]get found:             1043684.044 / s

----------------------------------

[INFO]Current Time:       8.84 s

[P]indexs Load Factor:    5.2850 %

[P]full bucket LFactor:   0.0001 %

[P]set request:           4215136 
[P]get request:           4063061 

[P]Get Hit Rate:          70.6802 %
[P]ACC Hit Rate:          65.7715 %

[P]total cuckoo num:      0 
[P]total cuckoo path:     0 
[P]total cp perset:       0.000000 / set
[P]total cp percuckoo:    -nan / cuckoo num

[P]cuckoo path / s:       0 / s
[P]cp per set * s:        0 / set * s

[P]break loop / s:        0 / s
[P]break / set :          0 %

[P]Throughput:            3051489.849 ops
[P]all request:           8278197 o

[P]GetThroughput:         1499094.481 ops
[P]SetThroughput:         1552396.644 ops

[P]Valid Entries:         1501587.299 / s
[P]set success:           1533162.142 / s

[P]get found:             1059562.451 / s

----------------------------------

[INFO]Current Time:       9.65 s

[P]indexs Load Factor:    6.6810 %

[P]full bucket LFactor:   0.0007 %

[P]set request:           5439280 
[P]get request:           5288265 

[P]Get Hit Rate:          72.8780 %
[P]ACC Hit Rate:          67.4180 %

[P]total cuckoo num:      0 
[P]total cuckoo path:     0 
[P]total cp perset:       0.000000 / set
[P]total cp percuckoo:    -nan / cuckoo num

[P]cuckoo path / s:       0 / s
[P]cp per set * s:        0 / set * s

[P]break loop / s:        0 / s
[P]break / set :          0 %

[P]Throughput:            3000107.500 ops
[P]all request:           10727545 o

[P]GetThroughput:         1500702.926 ops
[P]SetThroughput:         1499404.574 ops

[P]Valid Entries:         1472861.866 / s
[P]set success:           1506930.112 / s

[P]get found:             1093682.069 / s

----------------------------------

[INFO]Current Time:       10.49 s

[P]indexs Load Factor:    8.0362 %

[P]full bucket LFactor:   0.0021 %

[P]set request:           6656386 
[P]get request:           6528445 

[P]Get Hit Rate:          73.3618 %
[P]ACC Hit Rate:          68.5471 %

[P]total cuckoo num:      0 
[P]total cuckoo path:     0 
[P]total cp perset:       0.000000 / set
[P]total cp percuckoo:    -nan / cuckoo num

[P]cuckoo path / s:       0 / s
[P]cp per set * s:        0 / set * s

[P]break loop / s:        0 / s
[P]break / set :          0 %

[P]Throughput:            2936056.770 ops
[P]all request:           13184831 o

[P]GetThroughput:         1481813.222 ops
[P]SetThroughput:         1454243.548 ops

[P]Valid Entries:         1451809.665 / s
[P]set success:           1461781.776 / s

[P]get found:             1087084.409 / s

----------------------------------

[INFO]Current Time:       11.34 s

[P]indexs Load Factor:    9.4158 %

[P]full bucket LFactor:   0.0056 %

[P]set request:           7974188 
[P]get request:           7823509 

[P]Get Hit Rate:          76.0576 %
[P]ACC Hit Rate:          69.7903 %

[P]total cuckoo num:      0 
[P]total cuckoo path:     0 
[P]total cp perset:       0.000000 / set
[P]total cp percuckoo:    -nan / cuckoo num

[P]cuckoo path / s:       0 / s
[P]cp per set * s:        0 / set * s

[P]break loop / s:        0 / s
[P]break / set :          0 %

[P]Throughput:            3060454.595 ops
[P]all request:           15797697 o

[P]GetThroughput:         1516910.768 ops
[P]SetThroughput:         1543543.827 ops

[P]Valid Entries:         1484340.379 / s
[P]set success:           1523437.261 / s

[P]get found:             1153725.225 / s

----------------------------------

[INFO]Current Time:       12.21 s

[P]indexs Load Factor:    10.8002 %

[P]full bucket LFactor:   0.0131 %

[P]set request:           9273531 
[P]get request:           9105227 

[P]Get Hit Rate:          77.3751 %
[P]ACC Hit Rate:          70.8580 %

[P]total cuckoo num:      0 
[P]total cuckoo path:     0 
[P]total cp perset:       0.000000 / set
[P]total cp percuckoo:    -nan / cuckoo num

[P]cuckoo path / s:       0 / s
[P]cp per set * s:        0 / set * s

[P]break loop / s:        0 / s
[P]break / set :          0 %

[P]Throughput:            2991916.854 ops
[P]all request:           18378758 o

[P]GetThroughput:         1485743.144 ops
[P]SetThroughput:         1506173.709 ops

[P]Valid Entries:         1453158.567 / s
[P]set success:           1493035.552 / s

[P]get found:             1149595.726 / s

----------------------------------

[INFO]Current Time:       13.08 s

[P]indexs Load Factor:    12.1870 %

[P]full bucket LFactor:   0.0269 %

[P]set request:           10586538 
[P]get request:           10373783 

[P]Get Hit Rate:          79.8229 %
[P]ACC Hit Rate:          71.9543 %

[P]total cuckoo num:      0 
[P]total cuckoo path:     0 
[P]total cp perset:       0.000000 / set
[P]total cp percuckoo:    -nan / cuckoo num

[P]cuckoo path / s:       0 / s
[P]cp per set * s:        0 / set * s

[P]break loop / s:        0 / s
[P]break / set :          0 %

[P]Throughput:            2939711.519 ops
[P]all request:           20960321 o

[P]GetThroughput:         1444546.845 ops
[P]SetThroughput:         1495164.675 ops

[P]Valid Entries:         1436160.075 / s
[P]set success:           1476415.432 / s

[P]get found:             1153078.970 / s

----------------------------------

[INFO]Current Time:       13.97 s

[P]indexs Load Factor:    13.5779 %

[P]full bucket LFactor:   0.0496 %

[P]set request:           11898652 
[P]get request:           11662474 

[P]Get Hit Rate:          80.7871 %
[P]ACC Hit Rate:          72.9303 %

[P]total cuckoo num:      0 
[P]total cuckoo path:     0 
[P]total cp perset:       0.000000 / set
[P]total cp percuckoo:    -nan / cuckoo num

[P]cuckoo path / s:       0 / s
[P]cp per set * s:        0 / set * s

[P]break loop / s:        0 / s
[P]break / set :          0 %

[P]Throughput:            2941947.246 ops
[P]all request:           23561126 o

[P]GetThroughput:         1457725.950 ops
[P]SetThroughput:         1484221.297 ops

[P]Valid Entries:         1448822.527 / s
[P]set success:           1465842.080 / s

[P]get found:             1177654.423 / s

----------------------------------

[INFO]Current Time:       14.86 s

[P]indexs Load Factor:    14.9557 %

[P]full bucket LFactor:   0.0856 %

[P]set request:           13262123 
[P]get request:           13002303 

[P]Get Hit Rate:          78.9645 %
[P]ACC Hit Rate:          73.5521 %

[P]total cuckoo num:      2 
[P]total cuckoo path:     0 
[P]total cp perset:       0.000000 / set
[P]total cp percuckoo:    0.000000 / cuckoo num

[P]cuckoo path / s:       0 / s
[P]cp per set * s:        0 / set * s

[P]break loop / s:        0 / s
[P]break / set :          0 %

[P]Throughput:            3033206.345 ops
[P]all request:           26264426 o

[P]GetThroughput:         1503339.557 ops
[P]SetThroughput:         1529866.788 ops

[P]Valid Entries:         1467822.554 / s
[P]set success:           1510926.780 / s

[P]get found:             1187104.261 / s

----------------------------------

[INFO]Current Time:       15.76 s

[P]indexs Load Factor:    16.3692 %

[P]full bucket LFactor:   0.1411 %

[P]set request:           14629254 
[P]get request:           14323222 

[P]Get Hit Rate:          82.4591 %
[P]ACC Hit Rate:          74.3735 %

[P]total cuckoo num:      3 
[P]total cuckoo path:     0 
[P]total cp perset:       0.000000 / set
[P]total cp percuckoo:    0.000000 / cuckoo num

[P]cuckoo path / s:       0 / s
[P]cp per set * s:        0 / set * s

[P]break loop / s:        0 / s
[P]break / set :          0 %

[P]Throughput:            2995385.405 ops
[P]all request:           28952476 o

[P]GetThroughput:         1471944.902 ops
[P]SetThroughput:         1523440.503 ops

[P]Valid Entries:         1460455.004 / s
[P]set success:           1503931.858 / s

[P]get found:             1213752.609 / s

----------------------------------

[INFO]Current Time:       16.66 s

[P]indexs Load Factor:    17.7447 %

[P]full bucket LFactor:   0.2176 %

[P]set request:           15987834 
[P]get request:           15679219 

[P]Get Hit Rate:          80.5473 %
[P]ACC Hit Rate:          74.9075 %

[P]total cuckoo num:      6 
[P]total cuckoo path:     0 
[P]total cp perset:       0.000000 / set
[P]total cp percuckoo:    0.000000 / cuckoo num

[P]cuckoo path / s:       0 / s
[P]cp per set * s:        0 / set * s

[P]break loop / s:        0 / s
[P]break / set :          0 %

[P]Throughput:            2992123.808 ops
[P]all request:           31667053 o

[P]GetThroughput:         1494638.357 ops
[P]SetThroughput:         1497485.451 ops

[P]Valid Entries:         1458852.932 / s
[P]set success:           1502853.375 / s

[P]get found:             1203890.873 / s

----------------------------------

[INFO]Current Time:       17.58 s

[P]indexs Load Factor:    19.0925 %

[P]full bucket LFactor:   0.3168 %

[P]set request:           17316431 
[P]get request:           16984537 

[P]Get Hit Rate:          82.4996 %
[P]ACC Hit Rate:          75.4909 %

[P]total cuckoo num:      11 
[P]total cuckoo path:     0 
[P]total cp perset:       0.000000 / set
[P]total cp percuckoo:    0.000000 / cuckoo num

[P]cuckoo path / s:       0 / s
[P]cp per set * s:        0 / set * s

[P]break loop / s:        0 / s
[P]break / set :          0 %

[P]Throughput:            2889027.838 ops
[P]all request:           34300968 o

[P]GetThroughput:         1431747.053 ops
[P]SetThroughput:         1457280.785 ops

[P]Valid Entries:         1397379.236 / s
[P]set success:           1439807.854 / s

[P]get found:             1181185.451 / s

----------------------------------

[INFO]Current Time:       18.50 s

[P]indexs Load Factor:    20.4533 %

[P]full bucket LFactor:   0.4471 %

[P]set request:           18643924 
[P]get request:           18310461 

[P]Get Hit Rate:          82.9885 %
[P]ACC Hit Rate:          76.0339 %

[P]total cuckoo num:      31 
[P]total cuckoo path:     0 
[P]total cp perset:       0.000000 / set
[P]total cp percuckoo:    0.000000 / cuckoo num

[P]cuckoo path / s:       0 / s
[P]cp per set * s:        0 / set * s

[P]break loop / s:        0 / s
[P]break / set :          0 %

[P]Throughput:            2874372.666 ops
[P]all request:           36954385 o

[P]GetThroughput:         1436336.506 ops
[P]SetThroughput:         1438036.160 ops

[P]Valid Entries:         1400349.123 / s
[P]set success:           1443619.345 / s

[P]get found:             1191994.729 / s

----------------------------------

[INFO]Current Time:       19.42 s

[P]indexs Load Factor:    21.8062 %

[P]full bucket LFactor:   0.6130 %

[P]set request:           19994624 
[P]get request:           19658596 

[P]Get Hit Rate:          83.6375 %
[P]ACC Hit Rate:          76.5553 %

[P]total cuckoo num:      69 
[P]total cuckoo path:     1 
[P]total cp perset:       0.000000 / set
[P]total cp percuckoo:    0.014493 / cuckoo num

[P]cuckoo path / s:       1.085 / s
[P]cp per set * s:        0.000001 / set * s

[P]break loop / s:        0 / s
[P]break / set :          0 %

[P]Throughput:            2928658.694 ops
[P]all request:           39653220 o

[P]GetThroughput:         1462937.633 ops
[P]SetThroughput:         1465721.060 ops

[P]Valid Entries:         1427030.886 / s
[P]set success:           1471039.413 / s

[P]get found:             1223564.018 / s

----------------------------------

[INFO]Current Time:       20.34 s

[P]indexs Load Factor:    23.1853 %

[P]full bucket LFactor:   0.8223 %

[P]set request:           21388974 
[P]get request:           21027617 

[P]Get Hit Rate:          84.2113 %
[P]ACC Hit Rate:          77.0538 %

[P]total cuckoo num:      148 
[P]total cuckoo path:     1 
[P]total cp perset:       0.000000 / set
[P]total cp percuckoo:    0.006757 / cuckoo num

[P]cuckoo path / s:       0 / s
[P]cp per set * s:        0 / set * s

[P]break loop / s:        0 / s
[P]break / set :          0 %

[P]Throughput:            2992727.609 ops
[P]all request:           42416591 o

[P]GetThroughput:         1482648.165 ops
[P]SetThroughput:         1510079.443 ops

[P]Valid Entries:         1446087.207 / s
[P]set success:           1491076.062 / s

[P]get found:             1248556.881 / s

----------------------------------

[INFO]Current Time:       21.28 s

[P]indexs Load Factor:    24.5667 %

[P]full bucket LFactor:   1.0807 %

[P]set request:           22801292 
[P]get request:           22415043 

[P]Get Hit Rate:          84.6873 %
[P]ACC Hit Rate:          77.5262 %

[P]total cuckoo num:      284 
[P]total cuckoo path:     1 
[P]total cp perset:       0.000000 / set
[P]total cp percuckoo:    0.003521 / cuckoo num

[P]cuckoo path / s:       0 / s
[P]cp per set * s:        0 / set * s

[P]break loop / s:        0 / s
[P]break / set :          0 %

[P]Throughput:            2988593.152 ops
[P]all request:           45216335 o

[P]GetThroughput:         1481011.065 ops
[P]SetThroughput:         1507582.087 ops

[P]Valid Entries:         1443956.593 / s
[P]set success:           1489244.324 / s

[P]get found:             1254227.623 / s

----------------------------------

[INFO]Current Time:       22.21 s

[P]indexs Load Factor:    25.9454 %

[P]full bucket LFactor:   1.3837 %

[P]set request:           24174843 
[P]get request:           23763941 

[P]Get Hit Rate:          83.6939 %
[P]ACC Hit Rate:          77.8763 %

[P]total cuckoo num:      497 
[P]total cuckoo path:     5 
[P]total cp perset:       0.000000 / set
[P]total cp percuckoo:    0.010060 / cuckoo num

[P]cuckoo path / s:       4.286 / s
[P]cp per set * s:        0.000003 / set * s

[P]break loop / s:        0 / s
[P]break / set :          0 %

[P]Throughput:            2917232.862 ops
[P]all request:           47938784 o

[P]GetThroughput:         1445408.003 ops
[P]SetThroughput:         1471824.859 ops

[P]Valid Entries:         1409107.196 / s
[P]set success:           1453399.603 / s

[P]get found:             1209719.033 / s

----------------------------------

[INFO]Current Time:       23.15 s

[P]indexs Load Factor:    27.3247 %

[P]full bucket LFactor:   1.7438 %

[P]set request:           25590527 
[P]get request:           25153015 

[P]Get Hit Rate:          85.6292 %
[P]ACC Hit Rate:          78.3045 %

[P]total cuckoo num:      887 
[P]total cuckoo path:     12 
[P]total cp perset:       0.000000 / set
[P]total cp percuckoo:    0.013529 / cuckoo num

[P]cuckoo path / s:       7.469 / s
[P]cp per set * s:        0.000005 / set * s

[P]break loop / s:        0 / s
[P]break / set :          0 %

[P]Throughput:            2992705.399 ops
[P]all request:           50743542 o

[P]GetThroughput:         1482156.129 ops
[P]SetThroughput:         1510549.270 ops

[P]Valid Entries:         1445676.117 / s
[P]set success:           1491253.458 / s

[P]get found:             1269158.486 / s

----------------------------------

[INFO]Current Time:       24.09 s

[P]indexs Load Factor:    28.7005 %

[P]full bucket LFactor:   2.1622 %

[P]set request:           27011304 
[P]get request:           26547765 

[P]Get Hit Rate:          85.9964 %
[P]ACC Hit Rate:          78.7086 %

[P]total cuckoo num:      1483 
[P]total cuckoo path:     23 
[P]total cp perset:       0.000001 / set
[P]total cp percuckoo:    0.015509 / cuckoo num

[P]cuckoo path / s:       11.698 / s
[P]cp per set * s:        0.000008 / set * s

[P]break loop / s:        0 / s
[P]break / set :          0 %

[P]Throughput:            2994123.441 ops
[P]all request:           53559069 o

[P]GetThroughput:         1483222.739 ops
[P]SetThroughput:         1510900.702 ops

[P]Valid Entries:         1446354.591 / s
[P]set success:           1492238.522 / s

[P]get found:             1275518.384 / s

----------------------------------

[INFO]Current Time:       25.04 s

[P]indexs Load Factor:    30.0686 %

[P]full bucket LFactor:   2.6326 %

[P]set request:           28384712 
[P]get request:           27874950 

[P]Get Hit Rate:          89.0915 %
[P]ACC Hit Rate:          79.2030 %

[P]total cuckoo num:      2343 
[P]total cuckoo path:     41 
[P]total cp perset:       0.000001 / set
[P]total cp percuckoo:    0.017499 / cuckoo num

[P]cuckoo path / s:       18.994 / s
[P]cp per set * s:        0.000013 / set * s

[P]break loop / s:        0 / s
[P]break / set :          0 %

[P]Throughput:            2849781.928 ops
[P]all request:           56259662 o

[P]GetThroughput:         1400502.715 ops
[P]SetThroughput:         1449279.213 ops

[P]Valid Entries:         1408612.257 / s
[P]set success:           1453525.511 / s

[P]get found:             1247728.850 / s

----------------------------------

[INFO]Current Time:       25.99 s

[P]indexs Load Factor:    31.3615 %

[P]full bucket LFactor:   3.1380 %

[P]set request:           29777313 
[P]get request:           29221131 

[P]Get Hit Rate:          88.0773 %
[P]ACC Hit Rate:          79.6118 %

[P]total cuckoo num:      3547 
[P]total cuckoo path:     65 
[P]total cp perset:       0.000002 / set
[P]total cp percuckoo:    0.018325 / cuckoo num

[P]cuckoo path / s:       25.360 / s
[P]cp per set * s:        0.000018 / set * s

[P]break loop / s:        0 / s
[P]break / set :          0 %

[P]Throughput:            2893962.055 ops
[P]all request:           58998444 o

[P]GetThroughput:         1422455.943 ops
[P]SetThroughput:         1471506.112 ops

[P]Valid Entries:         1407953.281 / s
[P]set success:           1432395.946 / s

[P]get found:             1252860.917 / s

----------------------------------

[INFO]Current Time:       26.94 s

[P]indexs Load Factor:    32.6688 %

[P]full bucket LFactor:   3.7025 %

[P]set request:           31097235 
[P]get request:           30497945 

[P]Get Hit Rate:          86.9041 %
[P]ACC Hit Rate:          79.9171 %

[P]total cuckoo num:      5179 
[P]total cuckoo path:     108 
[P]total cp perset:       0.000004 / set
[P]total cp percuckoo:    0.020853 / cuckoo num

[P]cuckoo path / s:       45.283 / s
[P]cp per set * s:        0.000033 / set * s

[P]break loop / s:        0 / s
[P]break / set :          0 %

[P]Throughput:            2734624.362 ops
[P]all request:           61595180 o

[P]GetThroughput:         1344613.649 ops
[P]SetThroughput:         1390010.712 ops

[P]Valid Entries:         1331226.634 / s
[P]set success:           1373475.979 / s

[P]get found:             1168524.690 / s

----------------------------------

[INFO]Current Time:       27.88 s

[P]indexs Load Factor:    33.9878 %

[P]full bucket LFactor:   4.3221 %

[P]set request:           32421441 
[P]get request:           31778827 

[P]Get Hit Rate:          90.0545 %
[P]ACC Hit Rate:          80.3257 %

[P]total cuckoo num:      7519 
[P]total cuckoo path:     175 
[P]total cp perset:       0.000005 / set
[P]total cp percuckoo:    0.023274 / cuckoo num

[P]cuckoo path / s:       70.679 / s
[P]cp per set * s:        0.000050 / set * s

[P]break loop / s:        0 / s
[P]break / set :          0 %

[P]Throughput:            2748115.954 ops
[P]all request:           64200268 o

[P]GetThroughput:         1351206.662 ops
[P]SetThroughput:         1396909.293 ops

[P]Valid Entries:         1359873.747 / s
[P]set success:           1402701.767 / s

[P]get found:             1216822.529 / s

----------------------------------

[INFO]Current Time:       28.83 s

[P]indexs Load Factor:    35.3624 %

[P]full bucket LFactor:   5.0334 %

[P]set request:           33854852 
[P]get request:           33186490 

[P]Get Hit Rate:          87.7640 %
[P]ACC Hit Rate:          80.6412 %

[P]total cuckoo num:      10920 
[P]total cuckoo path:     298 
[P]total cp perset:       0.000009 / set
[P]total cp percuckoo:    0.027289 / cuckoo num

[P]cuckoo path / s:       129.362 / s
[P]cp per set * s:        0.000087 / set * s

[P]break loop / s:        0 / s
[P]break / set :          0 %

[P]Throughput:            2988035.962 ops
[P]all request:           67041343 o

[P]GetThroughput:         1480477.519 ops
[P]SetThroughput:         1507557.392 ops

[P]Valid Entries:         1442478.614 / s
[P]set success:           1489168.993 / s

[P]get found:             1299326.967 / s

----------------------------------

[INFO]Current Time:       29.79 s

[P]indexs Load Factor:    36.7424 %

[P]full bucket LFactor:   5.8108 %

[P]set request:           35254442 
[P]get request:           34579130 

[P]Get Hit Rate:          89.4196 %
[P]ACC Hit Rate:          80.9947 %

[P]total cuckoo num:      15435 
[P]total cuckoo path:     479 
[P]total cp perset:       0.000014 / set
[P]total cp percuckoo:    0.031033 / cuckoo num

[P]cuckoo path / s:       189.666 / s
[P]cp per set * s:        0.000127 / set * s

[P]break loop / s:        0 / s
[P]break / set :          0 %

[P]Throughput:            2925922.966 ops
[P]all request:           69833572 o

[P]GetThroughput:         1459320.621 ops
[P]SetThroughput:         1466603.392 ops

[P]Valid Entries:         1443482.952 / s
[P]set success:           1490226.816 / s

[P]get found:             1304918.539 / s

----------------------------------

[INFO]Current Time:       30.74 s

[P]indexs Load Factor:    38.1131 %

[P]full bucket LFactor:   6.6450 %

[P]set request:           36696325 
[P]get request:           35994938 

[P]Get Hit Rate:          88.3171 %
[P]ACC Hit Rate:          81.2827 %

[P]total cuckoo num:      21453 
[P]total cuckoo path:     766 
[P]total cp perset:       0.000021 / set
[P]total cp percuckoo:    0.035706 / cuckoo num

[P]cuckoo path / s:       300.274 / s
[P]cp per set * s:        0.000205 / set * s

[P]break loop / s:        0 / s
[P]break / set :          0 %

[P]Throughput:            2989857.502 ops
[P]all request:           72691263 o

[P]GetThroughput:         1481288.275 ops
[P]SetThroughput:         1508569.228 ops

[P]Valid Entries:         1443057.275 / s
[P]set success:           1467973.705 / s

[P]get found:             1308230.253 / s

----------------------------------

[INFO]Current Time:       31.70 s

[P]indexs Load Factor:    39.4457 %

[P]full bucket LFactor:   7.5316 %

[P]set request:           38134403 
[P]get request:           37406787 

[P]Get Hit Rate:          87.2692 %
[P]ACC Hit Rate:          81.5087 %

[P]total cuckoo num:      29014 
[P]total cuckoo path:     1163 
[P]total cp perset:       0.000031 / set
[P]total cp percuckoo:    0.040084 / cuckoo num

[P]cuckoo path / s:       415.719 / s
[P]cp per set * s:        0.000280 / set * s

[P]break loop / s:        0 / s
[P]break / set :          0 %

[P]Throughput:            2984302.229 ops
[P]all request:           75541191 o

[P]GetThroughput:         1478417.742 ops
[P]SetThroughput:         1505883.440 ops

[P]Valid Entries:         1440278.443 / s
[P]set success:           1487096.521 / s

[P]get found:             1290204.040 / s

----------------------------------

[INFO]Current Time:       32.66 s

[P]indexs Load Factor:    40.7481 %

[P]full bucket LFactor:   8.4335 %

[P]set request:           39471414 
[P]get request:           38741394 

[P]Get Hit Rate:          88.7514 %
[P]ACC Hit Rate:          81.7582 %

[P]total cuckoo num:      38330 
[P]total cuckoo path:     1773 
[P]total cp perset:       0.000045 / set
[P]total cp percuckoo:    0.046256 / cuckoo num

[P]cuckoo path / s:       637.580 / s
[P]cp per set * s:        0.000455 / set * s

[P]break loop / s:        0 / s
[P]break / set :          0 %

[P]Throughput:            2792410.979 ops
[P]all request:           78212808 o

[P]GetThroughput:         1394949.665 ops
[P]SetThroughput:         1397462.359 ops

[P]Valid Entries:         1358798.855 / s
[P]set success:           1402658.117 / s

[P]get found:             1238037.988 / s

----------------------------------

[INFO]Current Time:       33.61 s

[P]indexs Load Factor:    42.1351 %

[P]full bucket LFactor:   9.4368 %

[P]set request:           40869561 
[P]get request:           40115063 

[P]Get Hit Rate:          90.2064 %
[P]ACC Hit Rate:          82.0475 %

[P]total cuckoo num:      50449 
[P]total cuckoo path:     2614 
[P]total cp perset:       0.000064 / set
[P]total cp percuckoo:    0.051815 / cuckoo num

[P]cuckoo path / s:       878.917 / s
[P]cp per set * s:        0.000600 / set * s

[P]break loop / s:        0 / s
[P]break / set :          0 %

[P]Throughput:            2896783.752 ops
[P]all request:           80984624 o

[P]GetThroughput:         1435601.079 ops
[P]SetThroughput:         1461182.673 ops

[P]Valid Entries:         1418606.949 / s
[P]set success:           1464537.397 / s

[P]get found:             1295004.728 / s

----------------------------------

[INFO]Current Time:       34.57 s

[P]indexs Load Factor:    43.5856 %

[P]full bucket LFactor:   10.5843 %

[P]set request:           42374573 
[P]get request:           41569028 

[P]Get Hit Rate:          88.1332 %
[P]ACC Hit Rate:          82.2604 %

[P]total cuckoo num:      66833 
[P]total cuckoo path:     4164 
[P]total cp perset:       0.000099 / set
[P]total cp percuckoo:    0.062305 / cuckoo num

[P]cuckoo path / s:       1618.280 / s
[P]cp per set * s:        0.001062 / set * s

[P]break loop / s:        0 / s
[P]break / set :          0 %

[P]Throughput:            3089324.678 ops
[P]all request:           83943601 o

[P]GetThroughput:         1518014.488 ops
[P]SetThroughput:         1571310.190 ops

[P]Valid Entries:         1500828.355 / s
[P]set success:           1524380.071 / s

[P]get found:             1337874.869 / s

----------------------------------

[INFO]Current Time:       35.53 s

[P]indexs Load Factor:    44.9730 %

[P]full bucket LFactor:   11.7233 %

[P]set request:           43789541 
[P]get request:           42958327 

[P]Get Hit Rate:          87.5086 %
[P]ACC Hit Rate:          82.4301 %

[P]total cuckoo num:      85901 
[P]total cuckoo path:     6284 
[P]total cp perset:       0.000145 / set
[P]total cp percuckoo:    0.073154 / cuckoo num

[P]cuckoo path / s:       2215.589 / s
[P]cp per set * s:        0.001520 / set * s

[P]break loop / s:        0 / s
[P]break / set :          0 %

[P]Throughput:            2930709.494 ops
[P]all request:           86747868 o

[P]GetThroughput:         1451941.548 ops
[P]SetThroughput:         1478767.946 ops

[P]Valid Entries:         1414821.021 / s
[P]set success:           1458081.448 / s

[P]get found:             1270573.612 / s

----------------------------------

[INFO]Current Time:       36.49 s

[P]indexs Load Factor:    46.4373 %

[P]full bucket LFactor:   13.0014 %

[P]set request:           45300560 
[P]get request:           44440705 

[P]Get Hit Rate:          86.9553 %
[P]ACC Hit Rate:          82.5810 %

[P]total cuckoo num:      111505 
[P]total cuckoo path:     9549 
[P]total cp perset:       0.000213 / set
[P]total cp percuckoo:    0.085637 / cuckoo num

[P]cuckoo path / s:       3407.160 / s
[P]cp per set * s:        0.002193 / set * s

[P]break loop / s:        0 / s
[P]break / set :          0 %

[P]Throughput:            3123731.467 ops
[P]all request:           89741265 o

[P]GetThroughput:         1546921.710 ops
[P]SetThroughput:         1576809.758 ops

[P]Valid Entries:         1507952.771 / s
[P]set success:           1553441.752 / s

[P]get found:             1345130.166 / s

----------------------------------

[INFO]Current Time:       37.44 s

[P]indexs Load Factor:    47.8884 %

[P]full bucket LFactor:   14.3261 %

[P]set request:           46776284 
[P]get request:           45909908 

[P]Get Hit Rate:          86.5347 %
[P]ACC Hit Rate:          82.7076 %

[P]total cuckoo num:      142301 
[P]total cuckoo path:     13895 
[P]total cp perset:       0.000300 / set
[P]total cp percuckoo:    0.097645 / cuckoo num

[P]cuckoo path / s:       4539.426 / s
[P]cp per set * s:        0.002945 / set * s

[P]break loop / s:        0 / s
[P]break / set :          0 %

[P]Throughput:            3075996.739 ops
[P]all request:           92686193 o

[P]GetThroughput:         1534592.234 ops
[P]SetThroughput:         1541403.461 ops

[P]Valid Entries:         1497436.000 / s
[P]set success:           1541327.212 / s

[P]get found:             1327955.403 / s

----------------------------------

[INFO]Current Time:       38.40 s

[P]indexs Load Factor:    49.2846 %

[P]full bucket LFactor:   15.6511 %

[P]set request:           48210579 
[P]get request:           47295839 

[P]Get Hit Rate:          87.4474 %
[P]ACC Hit Rate:          82.8465 %

[P]total cuckoo num:      178182 
[P]total cuckoo path:     19255 
[P]total cp perset:       0.000403 / set
[P]total cp percuckoo:    0.108064 / cuckoo num

[P]cuckoo path / s:       5596.502 / s
[P]cp per set * s:        0.003793 / set * s

[P]break loop / s:        0 / s
[P]break / set :          0 %

[P]Throughput:            2944663.468 ops
[P]all request:           95506418 o

[P]GetThroughput:         1447083.259 ops
[P]SetThroughput:         1497581.253 ops

[P]Valid Entries:         1434668.630 / s
[P]set success:           1475537.716 / s

[P]get found:             1265436.033 / s

----------------------------------

[INFO]Current Time:       39.36 s

[P]indexs Load Factor:    50.6139 %

[P]full bucket LFactor:   16.9544 %

[P]set request:           49553743 
[P]get request:           48593331 

[P]Get Hit Rate:          85.7766 %
[P]ACC Hit Rate:          82.9247 %

[P]total cuckoo num:      218449 
[P]total cuckoo path:     25973 
[P]total cp perset:       0.000529 / set
[P]total cp percuckoo:    0.118897 / cuckoo num

[P]cuckoo path / s:       7027.511 / s
[P]cp per set * s:        0.005156 / set * s

[P]break loop / s:        0 / s
[P]break / set :          0 %

[P]Throughput:            2762316.211 ops
[P]all request:           98147074 o

[P]GetThroughput:         1357270.006 ops
[P]SetThroughput:         1405046.205 ops

[P]Valid Entries:         1348215.207 / s
[P]set success:           1362955.407 / s

[P]get found:             1164219.517 / s

----------------------------------

[INFO]Current Time:       40.31 s

[P]indexs Load Factor:    52.0540 %

[P]full bucket LFactor:   18.4154 %

[P]set request:           51010608 
[P]get request:           50029045 

[P]Get Hit Rate:          84.0449 %
[P]ACC Hit Rate:          82.9568 %

[P]total cuckoo num:      251951 
[P]total cuckoo path:     31957 
[P]total cp perset:       0.000632 / set
[P]total cp percuckoo:    0.126838 / cuckoo num

[P]cuckoo path / s:       6290.419 / s
[P]cp per set * s:        0.004152 / set * s

[P]break loop / s:        0 / s
[P]break / set :          0 %

[P]Throughput:            3040697.503 ops
[P]all request:           101039653 o

[P]GetThroughput:         1509231.718 ops
[P]SetThroughput:         1531465.784 ops

[P]Valid Entries:         1459490.735 / s
[P]set success:           1515005.995 / s

[P]expire scan persec:    1548041.207 / s
[P]total expire scan:     1472633
[P]expire hit persec:     16153.888 / s
[P]total expire hit:      15367

[P]expire hit rate:       1.043505 %
[P]total expire hit rate: 1.043505 %

[P]get found:             1268431.873 / s

----------------------------------

[INFO]Current Time:       41.26 s

[P]indexs Load Factor:    53.4980 %

[P]full bucket LFactor:   19.9703 %

[P]set request:           52525880 
[P]get request:           51518231 

[P]Get Hit Rate:          85.1327 %
[P]ACC Hit Rate:          83.0197 %

[P]total cuckoo num:      251998 
[P]total cuckoo path:     31964 
[P]total cp perset:       0.000614 / set
[P]total cp percuckoo:    0.126842 / cuckoo num

[P]cuckoo path / s:       7.348 / s
[P]cp per set * s:        0.000005 / set * s

[P]break loop / s:        0 / s
[P]break / set :          0 %

[P]Throughput:            3153952.325 ops
[P]all request:           104044111 o

[P]GetThroughput:         1563284.175 ops
[P]SetThroughput:         1590668.150 ops

[P]Valid Entries:         1500211.595 / s
[P]set success:           1570704.911 / s

[P]expire scan persec:    4902578.536 / s
[P]total expire scan:     6142834
[P]expire hit persec:     57594.945 / s
[P]total expire hit:      70232

[P]expire hit rate:       1.174789 %
[P]total expire hit rate: 1.143316 %

[P]get found:             1330865.765 / s

----------------------------------

[INFO]Current Time:       42.21 s

[P]indexs Load Factor:    54.9289 %

[P]full bucket LFactor:   21.5136 %

[P]set request:           53976053 
[P]get request:           52960004 

[P]Get Hit Rate:          84.8156 %
[P]ACC Hit Rate:          83.0686 %

[P]total cuckoo num:      252029 
[P]total cuckoo path:     31967 
[P]total cp perset:       0.000598 / set
[P]total cp percuckoo:    0.126839 / cuckoo num

[P]cuckoo path / s:       3.159 / s
[P]cp per set * s:        0.000002 / set * s

[P]break loop / s:        0 / s
[P]break / set :          0 %

[P]Throughput:            3045278.528 ops
[P]all request:           106936057 o

[P]GetThroughput:         1518216.578 ops
[P]SetThroughput:         1527061.950 ops

[P]Valid Entries:         1427847.408 / s
[P]set success:           1524945.379 / s

[P]expire scan persec:    4683968.027 / s
[P]total expire scan:     10590960
[P]expire hit persec:     63511.881 / s
[P]total expire hit:      130546

[P]expire hit rate:       1.355942 %
[P]total expire hit rate: 1.232617 %

[P]get found:             1287684.057 / s

----------------------------------

[INFO]Current Time:       43.16 s

[P]indexs Load Factor:    56.3810 %

[P]full bucket LFactor:   23.1492 %

[P]set request:           55497536 
[P]get request:           54471926 

[P]Get Hit Rate:          84.5696 %
[P]ACC Hit Rate:          83.1103 %

[P]total cuckoo num:      252081 
[P]total cuckoo path:     31980 
[P]total cp perset:       0.000581 / set
[P]total cp percuckoo:    0.126864 / cuckoo num

[P]cuckoo path / s:       13.708 / s
[P]cp per set * s:        0.000009 / set * s

[P]break loop / s:        0 / s
[P]break / set :          0 %

[P]Throughput:            3198677.873 ops
[P]all request:           109969462 o

[P]GetThroughput:         1594297.975 ops
[P]SetThroughput:         1604379.899 ops

[P]Valid Entries:         1489189.091 / s
[P]set success:           1601071.982 / s

[P]expire scan persec:    4865419.972 / s
[P]total expire scan:     15204988
[P]expire hit persec:     78108.814 / s
[P]total expire hit:      204619

[P]expire hit rate:       1.605387 %
[P]total expire hit rate: 1.345736 %

[P]get found:             1348292.066 / s

----------------------------------

[INFO]Current Time:       44.10 s

[P]indexs Load Factor:    57.7393 %

[P]full bucket LFactor:   24.7099 %

[P]set request:           56928838 
[P]get request:           55871137 

[P]Get Hit Rate:          85.6192 %
[P]ACC Hit Rate:          83.1731 %

[P]total cuckoo num:      252114 
[P]total cuckoo path:     31986 
[P]total cp perset:       0.000567 / set
[P]total cp percuckoo:    0.126871 / cuckoo num

[P]cuckoo path / s:       6.355 / s
[P]cp per set * s:        0.000004 / set * s

[P]break loop / s:        0 / s
[P]break / set :          0 %

[P]Throughput:            2998206.989 ops
[P]all request:           112799976 o

[P]GetThroughput:         1482106.854 ops
[P]SetThroughput:         1516099.076 ops

[P]Valid Entries:         1398489.017 / s
[P]set success:           1514029.312 / s

[P]expire scan persec:    4629955.462 / s
[P]total expire scan:     19575985
[P]expire hit persec:     85464.100 / s
[P]total expire hit:      285303

[P]expire hit rate:       1.845895 %
[P]total expire hit rate: 1.457413 %

[P]get found:             1268967.751 / s

----------------------------------

[INFO]Current Time:       45.05 s

[P]indexs Load Factor:    59.1443 %

[P]full bucket LFactor:   26.3751 %

[P]set request:           58413340 
[P]get request:           57323746 

[P]Get Hit Rate:          83.9719 %
[P]ACC Hit Rate:          83.1934 %

[P]total cuckoo num:      252140 
[P]total cuckoo path:     31993 
[P]total cp perset:       0.000552 / set
[P]total cp percuckoo:    0.126886 / cuckoo num

[P]cuckoo path / s:       7.416 / s
[P]cp per set * s:        0.000005 / set * s

[P]break loop / s:        0 / s
[P]break / set :          0 %

[P]Throughput:            3111647.886 ops
[P]all request:           115737086 o

[P]GetThroughput:         1538930.351 ops
[P]SetThroughput:         1572718.594 ops

[P]Valid Entries:         1439634.680 / s
[P]set success:           1570201.400 / s

[P]expire scan persec:    4754971.861 / s
[P]total expire scan:     24064242
[P]expire hit persec:     100859.383 / s
[P]total expire hit:      380505

[P]expire hit rate:       2.121135 %
[P]total expire hit rate: 1.581205 %

[P]get found:             1292268.656 / s

----------------------------------

[INFO]Current Time:       45.99 s

[P]indexs Load Factor:    60.4949 %

[P]full bucket LFactor:   28.0171 %

[P]set request:           59830637 
[P]get request:           58710170 

[P]Get Hit Rate:          84.9915 %
[P]ACC Hit Rate:          83.2358 %

[P]total cuckoo num:      252166 
[P]total cuckoo path:     31999 
[P]total cp perset:       0.000539 / set
[P]total cp percuckoo:    0.126897 / cuckoo num

[P]cuckoo path / s:       6.383 / s
[P]cp per set * s:        0.000004 / set * s

[P]break loop / s:        0 / s
[P]break / set :          0 %

[P]Throughput:            2982730.151 ops
[P]all request:           118540807 o

[P]GetThroughput:         1474943.002 ops
[P]SetThroughput:         1507787.150 ops

[P]Valid Entries:         1369498.743 / s
[P]set success:           1506263.721 / s

[P]expire scan persec:    4595034.949 / s
[P]total expire scan:     28383505
[P]expire hit persec:     109918.799 / s
[P]total expire hit:      483827

[P]expire hit rate:       2.392121 %
[P]total expire hit rate: 1.704606 %

[P]get found:             1253575.592 / s

----------------------------------

[INFO]Current Time:       46.92 s

[P]indexs Load Factor:    61.8670 %

[P]full bucket LFactor:   29.7175 %

[P]set request:           61253987 
[P]get request:           60169591 

[P]Get Hit Rate:          82.1005 %
[P]ACC Hit Rate:          83.2083 %

[P]total cuckoo num:      252194 
[P]total cuckoo path:     32004 
[P]total cp perset:       0.000526 / set
[P]total cp percuckoo:    0.126902 / cuckoo num

[P]cuckoo path / s:       5.350 / s
[P]cp per set * s:        0.000003 / set * s

[P]break loop / s:        0 / s
[P]break / set :          0 %

[P]Throughput:            3084450.308 ops
[P]all request:           121423578 o

[P]GetThroughput:         1561522.422 ops
[P]SetThroughput:         1522927.886 ops

[P]Valid Entries:         1413727.746 / s
[P]set success:           1568598.069 / s

[P]expire scan persec:    4766077.905 / s
[P]total expire scan:     32837949
[P]expire hit persec:     128820.001 / s
[P]total expire hit:      604224

[P]expire hit rate:       2.702851 %
[P]total expire hit rate: 1.840017 %

[P]get found:             1282017.782 / s

----------------------------------

[INFO]Current Time:       47.86 s

[P]indexs Load Factor:    63.1895 %

[P]full bucket LFactor:   31.4006 %

[P]set request:           62696290 
[P]get request:           61603042 

[P]Get Hit Rate:          84.4188 %
[P]ACC Hit Rate:          83.2364 %

[P]total cuckoo num:      252215 
[P]total cuckoo path:     32008 
[P]total cp perset:       0.000514 / set
[P]total cp percuckoo:    0.126908 / cuckoo num

[P]cuckoo path / s:       4.278 / s
[P]cp per set * s:        0.000003 / set * s

[P]break loop / s:        0 / s
[P]break / set :          0 %

[P]Throughput:            3075901.442 ops
[P]all request:           124299333 o

[P]GetThroughput:         1533216.146 ops
[P]SetThroughput:         1542684.226 ops

[P]Valid Entries:         1396409.229 / s
[P]set success:           1540105.426 / s

[P]expire scan persec:    4755557.303 / s
[P]total expire scan:     37284066
[P]expire hit persec:     144326.189 / s
[P]total expire hit:      739159

[P]expire hit rate:       3.034895 %
[P]total expire hit rate: 1.982506 %

[P]get found:             1294322.530 / s

----------------------------------

[INFO]Current Time:       48.78 s

[P]indexs Load Factor:    64.4956 %

[P]full bucket LFactor:   33.0630 %

[P]set request:           64089772 
[P]get request:           62965934 

[P]Get Hit Rate:          84.3312 %
[P]ACC Hit Rate:          83.2601 %

[P]total cuckoo num:      252233 
[P]total cuckoo path:     32012 
[P]total cp perset:       0.000503 / set
[P]total cp percuckoo:    0.126914 / cuckoo num

[P]cuckoo path / s:       4.314 / s
[P]cp per set * s:        0.000003 / set * s

[P]break loop / s:        0 / s
[P]break / set :          0 %

[P]Throughput:            2972962.814 ops
[P]all request:           127055707 o

[P]GetThroughput:         1469984.565 ops
[P]SetThroughput:         1502978.249 ops

[P]Valid Entries:         1325901.719 / s
[P]set success:           1501441.276 / s

[P]expire scan persec:    4593760.548 / s
[P]total expire scan:     41543158
[P]expire hit persec:     153623.942 / s
[P]total expire hit:      881591

[P]expire hit rate:       3.344187 %
[P]total expire hit rate: 2.122109 %

[P]get found:             1239655.431 / s

----------------------------------

[INFO]Current Time:       49.70 s

[P]indexs Load Factor:    65.8319 %

[P]full bucket LFactor:   34.8030 %

[P]set request:           65535545 
[P]get request:           64380491 

[P]Get Hit Rate:          84.0255 %
[P]ACC Hit Rate:          83.2770 %

[P]total cuckoo num:      252258 
[P]total cuckoo path:     32021 
[P]total cp perset:       0.000492 / set
[P]total cp percuckoo:    0.126938 / cuckoo num

[P]cuckoo path / s:       9.774 / s
[P]cp per set * s:        0.000006 / set * s

[P]break loop / s:        0 / s
[P]break / set :          0 %

[P]Throughput:            3106183.288 ops
[P]all request:           129916036 o

[P]GetThroughput:         1536142.630 ops
[P]SetThroughput:         1570041.744 ops

[P]Valid Entries:         1368034.910 / s
[P]set success:           1542436.814 / s

[P]expire scan persec:    4793422.181 / s
[P]total expire scan:     45957181
[P]expire hit persec:     178247.264 / s
[P]total expire hit:      1045730

[P]expire hit rate:       3.718581 %
[P]total expire hit rate: 2.275444 %

[P]get found:             1290751.969 / s

----------------------------------

[INFO]Current Time:       50.63 s

[P]indexs Load Factor:    67.1111 %

[P]full bucket LFactor:   36.5048 %

[P]set request:           66981168 
[P]get request:           65817528 

[P]Get Hit Rate:          82.5436 %
[P]ACC Hit Rate:          83.2609 %

[P]total cuckoo num:      252268 
[P]total cuckoo path:     32023 
[P]total cp perset:       0.000482 / set
[P]total cp percuckoo:    0.126940 / cuckoo num

[P]cuckoo path / s:       2.166 / s
[P]cp per set * s:        0.000001 / set * s

[P]break loop / s:        0 / s
[P]break / set :          0 %

[P]Throughput:            3121599.887 ops
[P]all request:           132798696 o

[P]GetThroughput:         1556151.102 ops
[P]SetThroughput:         1565448.784 ops

[P]Valid Entries:         1347527.183 / s
[P]set success:           1562878.007 / s

[P]expire scan persec:    4802914.511 / s
[P]total expire scan:     50392461
[P]expire hit persec:     196127.384 / s
[P]total expire hit:      1226845

[P]expire hit rate:       4.083508 %
[P]total expire hit rate: 2.434580 %

[P]get found:             1284503.062 / s

----------------------------------

[INFO]Current Time:       51.55 s

[P]indexs Load Factor:    68.4051 %

[P]full bucket LFactor:   38.2666 %

[P]set request:           68405280 
[P]get request:           67255682 

[P]Get Hit Rate:          82.4217 %
[P]ACC Hit Rate:          83.2430 %

[P]total cuckoo num:      252281 
[P]total cuckoo path:     32033 
[P]total cp perset:       0.000472 / set
[P]total cp percuckoo:    0.126973 / cuckoo num

[P]cuckoo path / s:       10.873 / s
[P]cp per set * s:        0.000007 / set * s

[P]break loop / s:        0 / s
[P]break / set :          0 %

[P]Throughput:            3112258.563 ops
[P]all request:           135660962 o

[P]GetThroughput:         1563763.501 ops
[P]SetThroughput:         1548495.062 ops

[P]Valid Entries:         1335838.388 / s
[P]set success:           1570612.661 / s

[P]expire scan persec:    4852175.621 / s
[P]total expire scan:     54854885
[P]expire hit persec:     217519.262 / s
[P]total expire hit:      1426892

[P]expire hit rate:       4.482922 %
[P]total expire hit rate: 2.601212 %

[P]get found:             1288880.488 / s

----------------------------------

[INFO]Current Time:       52.47 s

[P]indexs Load Factor:    69.6211 %

[P]full bucket LFactor:   39.9388 %

[P]set request:           69817055 
[P]get request:           68659445 

[P]Get Hit Rate:          79.6885 %
[P]ACC Hit Rate:          83.1703 %

[P]total cuckoo num:      252290 
[P]total cuckoo path:     32039 
[P]total cp perset:       0.000462 / set
[P]total cp percuckoo:    0.126993 / cuckoo num

[P]cuckoo path / s:       6.535 / s
[P]cp per set * s:        0.000004 / set * s

[P]break loop / s:        0 / s
[P]break / set :          0 %

[P]Throughput:            3066496.539 ops
[P]all request:           138476500 o

[P]GetThroughput:         1528885.201 ops
[P]SetThroughput:         1537611.338 ops

[P]Valid Entries:         1288029.879 / s
[P]set success:           1536258.634 / s

[P]expire scan persec:    4773032.470 / s
[P]total expire scan:     59237298
[P]expire hit persec:     233000.491 / s
[P]total expire hit:      1640824

[P]expire hit rate:       4.881603 %
[P]total expire hit rate: 2.769917 %

[P]get found:             1218344.945 / s

----------------------------------

[INFO]Current Time:       53.38 s

[P]indexs Load Factor:    70.8283 %

[P]full bucket LFactor:   41.6430 %

[P]set request:           71216999 
[P]get request:           70073391 

[P]Get Hit Rate:          82.2135 %
[P]ACC Hit Rate:          83.1510 %

[P]total cuckoo num:      252297 
[P]total cuckoo path:     32045 
[P]total cp perset:       0.000453 / set
[P]total cp percuckoo:    0.127013 / cuckoo num

[P]cuckoo path / s:       6.539 / s
[P]cp per set * s:        0.000004 / set * s

[P]break loop / s:        0 / s
[P]break / set :          0 %

[P]Throughput:            3066519.559 ops
[P]all request:           141290390 o

[P]GetThroughput:         1540889.325 ops
[P]SetThroughput:         1525630.233 ops

[P]Valid Entries:         1277747.905 / s
[P]set success:           1523299.195 / s

[P]expire scan persec:    4830535.782 / s
[P]total expire scan:     63669879
[P]expire hit persec:     255653.546 / s
[P]total expire hit:      1875416

[P]expire hit rate:       5.292447 %
[P]total expire hit rate: 2.945531 %

[P]get found:             1266818.506 / s

----------------------------------
[INFO]End rx_queue_1:10950741

[INFO]Current Time:       54.29 s

[P]indexs Load Factor:    71.6914 %

[P]full bucket LFactor:   42.9040 %

[P]set request:           72363277 
[P]get request:           71214475 

[P]Get Hit Rate:          81.8918 %
[P]ACC Hit Rate:          83.1308 %

[P]total cuckoo num:      252303 
[P]total cuckoo path:     32048 
[P]total cp perset:       0.000446 / set
[P]total cp percuckoo:    0.127022 / cuckoo num

[P]cuckoo path / s:       3.305 / s
[P]cp per set * s:        0.000003 / set * s

[P]break loop / s:        0 / s
[P]break / set :          0 %

[P]Throughput:            2519948.262 ops
[P]all request:           143577752 o

[P]GetThroughput:         1257113.060 ops
[P]SetThroughput:         1262835.202 ops

[P]Valid Entries:         1038986.399 / s
[P]set success:           1276501.582 / s

[P]expire scan persec:    4052157.123 / s
[P]total expire scan:     67348030
[P]expire hit persec:     222769.154 / s
[P]total expire hit:      2077624

[P]expire hit rate:       5.497545 %
[P]total expire hit rate: 3.084907 %

[P]get found:             1029472.263 / s

----------------------------------

[INFO]Current Time:       55.19 s

[P]indexs Load Factor:    72.5365 %

[P]full bucket LFactor:   44.1082 %

[P]set request:           73362128 
[P]get request:           72210157 

[P]Get Hit Rate:          81.2855 %
[P]ACC Hit Rate:          83.1054 %

[P]total cuckoo num:      252306 
[P]total cuckoo path:     32052 
[P]total cp perset:       0.000440 / set
[P]total cp percuckoo:    0.127036 / cuckoo num

[P]cuckoo path / s:       4.433 / s
[P]cp per set * s:        0.000004 / set * s

[P]break loop / s:        0 / s
[P]break / set :          0 %

[P]Throughput:            2210214.018 ops
[P]all request:           145572285 o

[P]GetThroughput:         1103351.167 ops
[P]SetThroughput:         1106862.851 ops

[P]Valid Entries:         886911.133 / s
[P]set success:           1104731.905 / s

[P]expire scan persec:    3523640.086 / s
[P]total expire scan:     70527820
[P]expire hit persec:     204450.002 / s
[P]total expire hit:      2262123

[P]expire hit rate:       5.802239 %
[P]total expire hit rate: 3.207419 %

[P]get found:             896864.411 / s

----------------------------------

[INFO]Current Time:       56.09 s

[P]indexs Load Factor:    73.3830 %

[P]full bucket LFactor:   45.3304 %

[P]set request:           74388962 
[P]get request:           73233240 

[P]Get Hit Rate:          79.9759 %
[P]ACC Hit Rate:          83.0617 %

[P]total cuckoo num:      252312 
[P]total cuckoo path:     32055 
[P]total cp perset:       0.000434 / set
[P]total cp percuckoo:    0.127045 / cuckoo num

[P]cuckoo path / s:       3.345 / s
[P]cp per set * s:        0.000003 / set * s

[P]break loop / s:        0 / s
[P]break / set :          0 %

[P]Throughput:            2285499.866 ops
[P]all request:           147622202 o

[P]GetThroughput:         1140658.894 ops
[P]SetThroughput:         1144840.971 ops

[P]Valid Entries:         906950.939 / s
[P]set success:           1110835.816 / s

[P]expire scan persec:    3610517.988 / s
[P]total expire scan:     73766176
[P]expire hit persec:     222994.659 / s
[P]total expire hit:      2462132

[P]expire hit rate:       6.176251 %
[P]total expire hit rate: 3.337752 %

[P]get found:             912252.399 / s

----------------------------------

[INFO]Current Time:       56.98 s

[P]indexs Load Factor:    73.9497 %

[P]full bucket LFactor:   46.2387 %

[P]set request:           75309401 
[P]get request:           74150912 

[P]Get Hit Rate:          80.3884 %
[P]ACC Hit Rate:          83.0286 %

[P]total cuckoo num:      252315 
[P]total cuckoo path:     32060 
[P]total cp perset:       0.000429 / set
[P]total cp percuckoo:    0.127063 / cuckoo num

[P]cuckoo path / s:       5.590 / s
[P]cp per set * s:        0.000005 / set * s

[P]break loop / s:        0 / s
[P]break / set :          0 %

[P]Throughput:            2055080.184 ops
[P]all request:           149460313 o

[P]GetThroughput:         1025993.285 ops
[P]SetThroughput:         1029086.899 ops

[P]Valid Entries:         810329.110 / s
[P]set success:           1029867.291 / s

[P]expire scan persec:    3264059.594 / s
[P]total expire scan:     76685626
[P]expire hit persec:     211184.192 / s
[P]total expire hit:      2651020

[P]expire hit rate:       6.469986 %
[P]total expire hit rate: 3.456997 %

[P]get found:             824779.767 / s

----------------------------------
[INFO]End rx_queue_0:11243229
[INFO]End rx_queue_3:5555005

[INFO]Current Time:       57.87 s

[P]indexs Load Factor:    74.2589 %

[P]full bucket LFactor:   46.7287 %

[P]set request:           75778960 
[P]get request:           74620310 

[P]Get Hit Rate:          79.7355 %
[P]ACC Hit Rate:          83.0079 %

[P]total cuckoo num:      252315 
[P]total cuckoo path:     32060 
[P]total cp perset:       0.000426 / set
[P]total cp percuckoo:    0.127063 / cuckoo num

[P]cuckoo path / s:       0 / s
[P]cp per set * s:        0 / set * s

[P]break loop / s:        0 / s
[P]break / set :          0 %

[P]Throughput:            1056674.731 ops
[P]all request:           150399270 o

[P]GetThroughput:         528246.773 ops
[P]SetThroughput:         528427.958 ops

[P]Valid Entries:         407110.741 / s
[P]set success:           528355.934 / s

[P]expire scan persec:    1584379.075 / s
[P]total expire scan:     78093499
[P]expire hit persec:     109853.064 / s
[P]total expire hit:      2748635

[P]expire hit rate:       6.933509 %
[P]total expire hit rate: 3.519672 %

[P]get found:             421200.383 / s

----------------------------------
Finish the job......
[INFO]End rx_queue_2:11602945

[INFO]Current Time:       58.76 s

[P]indexs Load Factor:    74.2702 %

[P]full bucket LFactor:   46.7629 %

[P]set request:           75919661 
[P]get request:           74761011 

[P]Get Hit Rate:          79.3022 %
[P]ACC Hit Rate:          83.0009 %

[P]total cuckoo num:      252315 
[P]total cuckoo path:     32060 
[P]total cp perset:       0.000425 / set
[P]total cp percuckoo:    0.127063 / cuckoo num

[P]cuckoo path / s:       0 / s
[P]cp per set * s:        0 / set * s

[P]break loop / s:        0 / s
[P]break / set :          0 %

[P]Throughput:            316077.245 ops
[P]all request:           150680672 o

[P]GetThroughput:         158038.623 ops
[P]SetThroughput:         158038.623 ops

[P]Valid Entries:         121623.728 / s
[P]set success:           158039.746 / s

[P]expire scan persec:    456614.928 / s
[P]total expire scan:     78500021
[P]expire hit persec:     32800.363 / s
[P]total expire hit:      2777837

[P]expire hit rate:       7.183375 %
[P]total expire hit rate: 3.538645 %

[P]get found:             125328.118 / s

----------------------------------

Total Index Entries:      71089101

indexs Load Factor:     74.270151 %

log_0 Load Factor:      4.029693 %

log_1 Load Factor:      4.519335 %

log_2 Load Factor:      3.673761 %

log_3 Load Factor:      4.892199 %

Get Hit Rate:           83.000907%

Max Throughput:         3198677.87

Calc Load Factor:       74.270151%

set request:              22486456 | set_success:              22486456
set_fail:                        0 | set_key_duplicate:          663898 | set_mica_evicted:                0
set_random:                      0 | set_cuckoo_evicted:          60300 | set_expire_evicted:         813751

get request:              22486456
get_found:                18526114 | get_notfound:              3960342 | get_hit_ratio:          82.387878%

clean up:                        0 | test_notfound:                   0
move_to_head_performed:    1563877 | move_to_head_skipped:     15996349 | move_to_head_failed:        965888


set request:              21901480 | set_success:              21901480
set_fail:                        0 | set_key_duplicate:          529126 | set_mica_evicted:                0
set_random:                      0 | set_cuckoo_evicted:          66748 | set_expire_evicted:         612318

get request:              21901480
get_found:                18533769 | get_notfound:              3367711 | get_hit_ratio:          84.623363%

clean up:                        0 | test_notfound:                   0
move_to_head_performed:    1295598 | move_to_head_skipped:     16484945 | move_to_head_failed:        753226


set request:              23205888 | set_success:              23205888
set_fail:                        0 | set_key_duplicate:          796850 | set_mica_evicted:                0
set_random:                      0 | set_cuckoo_evicted:          59807 | set_expire_evicted:         957948

get request:              23205888
get_found:                18802561 | get_notfound:              4403327 | get_hit_ratio:          81.024958%

clean up:                        0 | test_notfound:                   0
move_to_head_performed:    1758794 | move_to_head_skipped:     15908497 | move_to_head_failed:       1135270


set request:              11110008 | set_success:              11110008
set_fail:                        0 | set_key_duplicate:          198919 | set_mica_evicted:                0
set_random:                      0 | set_cuckoo_evicted:          31222 | set_expire_evicted:         405172

get request:              11110008
get_found:                 8760467 | get_notfound:              2349541 | get_hit_ratio:          78.852031%

clean up:                        0 | test_notfound:                   0
move_to_head_performed:     966639 | move_to_head_skipped:      7666439 | move_to_head_failed:        127389


[INFO] Everything works fine.
deleting piekv......
