EAL: Detected 44 lcore(s)
EAL: Detected 1 NUMA nodes
EAL: Multi-process socket /var/run/dpdk/rte/mp_socket
EAL: Selected IOVA mode 'PA'
EAL: No available hugepages reported in hugepages-1048576kB
[INFO] 单个Log Size为:8 GB
[INFO] 运行proto
[INFO] 运行cleanup
[INFO] 运行reload
[INFO] reload kv size 512
EAL: Probing VFIO support...
EAL: VFIO support initialized
EAL: PCI device 0000:03:00.0 on NUMA socket 0
EAL:   probe driver: 15b3:1017 net_mlx5
WEN: There are 1 device(s) available
starting port 0...
querying port 0...
port 0: 100 Gbps (full-duplex)
Adding UDP filter for each endpoint.
port_id/queue_id/udp_port = 0 0 0
Flow is created with src_port = 0, dst_port = 0
port_id/queue_id/udp_port = 0 1 1
Flow is created with src_port = 0, dst_port = 1
port_id/queue_id/udp_port = 0 2 2
Flow is created with src_port = 0, dst_port = 2
port_id/queue_id/udp_port = 0 3 3
Flow is created with src_port = 0, dst_port = 3
MEM: Initializing pages...
 == [STAT] Workers Start (4 threads in total) == 
trigger:50.000000 

[INFO]Current Time:       5.03 s

[P]indexs Load Factor:    0.0442 %

[P]full bucket LFactor:   0.0000 %

[P]set request:           23475 
[P]get request:           23435 

[P]Get Hit Rate:          42.5859 %
[P]ACC Hit Rate:          42.5859 %

[P]total cuckoo num:      0 
[P]total cuckoo path:     0 
[P]total cp perset:       0.000000 / set
[P]total cp percuckoo:    -nan / cuckoo num

[P]cuckoo path / s:       0 / s
[P]cp per set * s:        0 / set * s

[P]break loop / s:        0 / s
[P]break / set :          0 %

[P]Throughput:            68000.986 ops
[P]all request:           46910 o

[P]GetThroughput:         33971.501 ops
[P]SetThroughput:         34029.485 ops

[P]Valid Entries:         33542.418 / s
[P]set success:           33917.865 / s

[P]get found:             14467.061 / s

----------------------------------

[INFO]Current Time:       5.77 s

[P]indexs Load Factor:    0.1364 %

[P]full bucket LFactor:   0.0000 %

[P]set request:           85098 
[P]get request:           84804 

[P]Get Hit Rate:          46.7940 %
[P]ACC Hit Rate:          45.6311 %

[P]total cuckoo num:      0 
[P]total cuckoo path:     0 
[P]total cp perset:       0.000000 / set
[P]total cp percuckoo:    -nan / cuckoo num

[P]cuckoo path / s:       0 / s
[P]cp per set * s:        0 / set * s

[P]break loop / s:        0 / s
[P]break / set :          0 %

[P]Throughput:            165956.252 ops
[P]all request:           169903 o

[P]GetThroughput:         82806.089 ops
[P]SetThroughput:         83148.814 ops

[P]Valid Entries:         83085.397 / s
[P]set success:           83046.267 / s

[P]get found:             38748.268 / s

----------------------------------

[INFO]Current Time:       6.51 s

[P]indexs Load Factor:    0.5087 %

[P]full bucket LFactor:   0.0000 %

[P]set request:           217495 
[P]get request:           216346 

[P]Get Hit Rate:          51.1061 %
[P]ACC Hit Rate:          48.9600 %

[P]total cuckoo num:      0 
[P]total cuckoo path:     0 
[P]total cp perset:       0.000000 / set
[P]total cp percuckoo:    -nan / cuckoo num

[P]cuckoo path / s:       0 / s
[P]cp per set * s:        0 / set * s

[P]break loop / s:        0 / s
[P]break / set :          0 %

[P]Throughput:            358330.477 ops
[P]all request:           433841 o

[P]GetThroughput:         178585.530 ops
[P]SetThroughput:         179746.305 ops

[P]Valid Entries:         179322.724 / s
[P]set success:           179683.854 / s

[P]get found:             91268.118 / s

----------------------------------

[INFO]Current Time:       7.24 s

[P]indexs Load Factor:    1.8029 %

[P]full bucket LFactor:   0.0000 %

[P]set request:           1188460 
[P]get request:           1172955 

[P]Get Hit Rate:          58.9278 %
[P]ACC Hit Rate:          57.0893 %

[P]total cuckoo num:      0 
[P]total cuckoo path:     0 
[P]total cp perset:       0.000000 / set
[P]total cp percuckoo:    -nan / cuckoo num

[P]cuckoo path / s:       0 / s
[P]cp per set * s:        0 / set * s

[P]break loop / s:        0 / s
[P]break / set :          0 %

[P]Throughput:            2643659.430 ops
[P]all request:           2361415 o

[P]GetThroughput:         1311985.119 ops
[P]SetThroughput:         1331674.311 ops

[P]Valid Entries:         1308797.763 / s
[P]set success:           1316330.017 / s

[P]get found:             773124.463 / s

----------------------------------

[INFO]Current Time:       7.98 s

[P]indexs Load Factor:    3.1961 %

[P]full bucket LFactor:   0.0000 %

[P]set request:           2364400 
[P]get request:           2328870 

[P]Get Hit Rate:          65.2704 %
[P]ACC Hit Rate:          61.1499 %

[P]total cuckoo num:      0 
[P]total cuckoo path:     0 
[P]total cp perset:       0.000000 / set
[P]total cp percuckoo:    -nan / cuckoo num

[P]cuckoo path / s:       0 / s
[P]cp per set * s:        0 / set * s

[P]break loop / s:        0 / s
[P]break / set :          0 %

[P]Throughput:            3145129.147 ops
[P]all request:           4693270 o

[P]GetThroughput:         1559060.044 ops
[P]SetThroughput:         1586069.104 ops

[P]Valid Entries:         1546842.912 / s
[P]set success:           1566837.035 / s

[P]get found:             1017604.263 / s

----------------------------------

[INFO]Current Time:       8.75 s

[P]indexs Load Factor:    4.5866 %

[P]full bucket LFactor:   0.0000 %

[P]set request:           3526063 
[P]get request:           3515695 

[P]Get Hit Rate:          67.7182 %
[P]ACC Hit Rate:          63.3672 %

[P]total cuckoo num:      0 
[P]total cuckoo path:     0 
[P]total cp perset:       0.000000 / set
[P]total cp percuckoo:    -nan / cuckoo num

[P]cuckoo path / s:       0 / s
[P]cp per set * s:        0 / set * s

[P]break loop / s:        0 / s
[P]break / set :          0 %

[P]Throughput:            3047862.057 ops
[P]all request:           7041758 o

[P]GetThroughput:         1540258.620 ops
[P]SetThroughput:         1507603.437 ops

[P]Valid Entries:         1521280.926 / s
[P]set success:           1548264.733 / s

[P]get found:             1043036.027 / s

----------------------------------

[INFO]Current Time:       9.55 s

[P]indexs Load Factor:    6.0079 %

[P]full bucket LFactor:   0.0003 %

[P]set request:           4797852 
[P]get request:           4742283 

[P]Get Hit Rate:          72.8968 %
[P]ACC Hit Rate:          65.8320 %

[P]total cuckoo num:      0 
[P]total cuckoo path:     0 
[P]total cp perset:       0.000000 / set
[P]total cp percuckoo:    -nan / cuckoo num

[P]cuckoo path / s:       0 / s
[P]cp per set * s:        0 / set * s

[P]break loop / s:        0 / s
[P]break / set :          0 %

[P]Throughput:            3130810.024 ops
[P]all request:           9540135 o

[P]GetThroughput:         1537083.477 ops
[P]SetThroughput:         1593726.547 ops

[P]Valid Entries:         1542359.186 / s
[P]set success:           1574750.285 / s

[P]get found:             1120484.165 / s

----------------------------------

[INFO]Current Time:       10.37 s

[P]indexs Load Factor:    7.4007 %

[P]full bucket LFactor:   0.0013 %

[P]set request:           6034428 
[P]get request:           5979395 

[P]Get Hit Rate:          73.6221 %
[P]ACC Hit Rate:          67.4438 %

[P]total cuckoo num:      0 
[P]total cuckoo path:     0 
[P]total cp perset:       0.000000 / set
[P]total cp percuckoo:    -nan / cuckoo num

[P]cuckoo path / s:       0 / s
[P]cp per set * s:        0 / set * s

[P]break loop / s:        0 / s
[P]break / set :          0 %

[P]Throughput:            2992319.904 ops
[P]all request:           12013823 o

[P]GetThroughput:         1496484.141 ops
[P]SetThroughput:         1495835.763 ops

[P]Valid Entries:         1472104.666 / s
[P]set success:           1505914.645 / s

[P]get found:             1101743.252 / s

----------------------------------

[INFO]Current Time:       11.22 s

[P]indexs Load Factor:    8.7990 %

[P]full bucket LFactor:   0.0040 %

[P]set request:           7331998 
[P]get request:           7253688 

[P]Get Hit Rate:          75.2182 %
[P]ACC Hit Rate:          68.8095 %

[P]total cuckoo num:      0 
[P]total cuckoo path:     0 
[P]total cp perset:       0.000000 / set
[P]total cp percuckoo:    -nan / cuckoo num

[P]cuckoo path / s:       0 / s
[P]cp per set * s:        0 / set * s

[P]break loop / s:        0 / s
[P]break / set :          0 %

[P]Throughput:            3040753.173 ops
[P]all request:           14585686 o

[P]GetThroughput:         1506616.209 ops
[P]SetThroughput:         1534136.964 ops

[P]Valid Entries:         1479853.318 / s
[P]set success:           1516477.902 / s

[P]get found:             1133249.289 / s

----------------------------------

[INFO]Current Time:       12.08 s

[P]indexs Load Factor:    10.2313 %

[P]full bucket LFactor:   0.0097 %

[P]set request:           8667896 
[P]get request:           8587260 

[P]Get Hit Rate:          76.5911 %
[P]ACC Hit Rate:          70.0180 %

[P]total cuckoo num:      0 
[P]total cuckoo path:     0 
[P]total cp perset:       0.000000 / set
[P]total cp percuckoo:    -nan / cuckoo num

[P]cuckoo path / s:       0 / s
[P]cp per set * s:        0 / set * s

[P]break loop / s:        0 / s
[P]break / set :          0 %

[P]Throughput:            3099080.481 ops
[P]all request:           17255156 o

[P]GetThroughput:         1548190.073 ops
[P]SetThroughput:         1550890.408 ops

[P]Valid Entries:         1518399.327 / s
[P]set success:           1558024.352 / s

[P]get found:             1185776.429 / s

----------------------------------

[INFO]Current Time:       12.95 s

[P]indexs Load Factor:    11.6204 %

[P]full bucket LFactor:   0.0200 %

[P]set request:           9986997 
[P]get request:           9859858 

[P]Get Hit Rate:          79.1563 %
[P]ACC Hit Rate:          71.1975 %

[P]total cuckoo num:      0 
[P]total cuckoo path:     0 
[P]total cp perset:       0.000000 / set
[P]total cp percuckoo:    -nan / cuckoo num

[P]cuckoo path / s:       0 / s
[P]cp per set * s:        0 / set * s

[P]break loop / s:        0 / s
[P]break / set :          0 %

[P]Throughput:            2967819.913 ops
[P]all request:           19846855 o

[P]GetThroughput:         1457284.077 ops
[P]SetThroughput:         1510535.836 ops

[P]Valid Entries:         1453704.416 / s
[P]set success:           1492914.649 / s

[P]get found:             1153531.594 / s

----------------------------------

[INFO]Current Time:       13.84 s

[P]indexs Load Factor:    12.9361 %

[P]full bucket LFactor:   0.0379 %

[P]set request:           11267318 
[P]get request:           11095064 

[P]Get Hit Rate:          80.1760 %
[P]ACC Hit Rate:          72.1970 %

[P]total cuckoo num:      1 
[P]total cuckoo path:     0 
[P]total cp perset:       0.000000 / set
[P]total cp percuckoo:    0.000000 / cuckoo num

[P]cuckoo path / s:       0 / s
[P]cp per set * s:        0 / set * s

[P]break loop / s:        0 / s
[P]break / set :          0 %

[P]Throughput:            2853503.919 ops
[P]all request:           22362382 o

[P]GetThroughput:         1401163.717 ops
[P]SetThroughput:         1452340.202 ops

[P]Valid Entries:         1397475.925 / s
[P]set success:           1436429.720 / s

[P]get found:             1123397.291 / s

----------------------------------

[INFO]Current Time:       14.73 s

[P]indexs Load Factor:    14.3245 %

[P]full bucket LFactor:   0.0682 %

[P]set request:           12560674 
[P]get request:           12386290 

[P]Get Hit Rate:          78.2761 %
[P]ACC Hit Rate:          72.8308 %

[P]total cuckoo num:      1 
[P]total cuckoo path:     0 
[P]total cp perset:       0.000000 / set
[P]total cp percuckoo:    0.000000 / cuckoo num

[P]cuckoo path / s:       0 / s
[P]cp per set * s:        0 / set * s

[P]break loop / s:        0 / s
[P]break / set :          0 %

[P]Throughput:            2905667.553 ops
[P]all request:           24946964 o

[P]GetThroughput:         1451636.470 ops
[P]SetThroughput:         1454031.083 ops

[P]Valid Entries:         1422052.328 / s
[P]set success:           1462447.077 / s

[P]get found:             1136284.016 / s

----------------------------------

[INFO]Current Time:       15.62 s

[P]indexs Load Factor:    15.7351 %

[P]full bucket LFactor:   0.1139 %

[P]set request:           13935058 
[P]get request:           13735787 

[P]Get Hit Rate:          80.5831 %
[P]ACC Hit Rate:          73.5924 %

[P]total cuckoo num:      1 
[P]total cuckoo path:     0 
[P]total cp perset:       0.000000 / set
[P]total cp percuckoo:    0.000000 / cuckoo num

[P]cuckoo path / s:       0 / s
[P]cp per set * s:        0 / set * s

[P]break loop / s:        0 / s
[P]break / set :          0 %

[P]Throughput:            3031963.541 ops
[P]all request:           27670847 o

[P]GetThroughput:         1502129.755 ops
[P]SetThroughput:         1529831.560 ops

[P]Valid Entries:         1469569.253 / s
[P]set success:           1487689.464 / s

[P]get found:             1210463.260 / s

----------------------------------

[INFO]Current Time:       16.53 s

[P]indexs Load Factor:    17.1183 %

[P]full bucket LFactor:   0.1800 %

[P]set request:           15314037 
[P]get request:           15067324 

[P]Get Hit Rate:          82.7174 %
[P]ACC Hit Rate:          74.3988 %

[P]total cuckoo num:      2 
[P]total cuckoo path:     0 
[P]total cp perset:       0.000000 / set
[P]total cp percuckoo:    0.000000 / cuckoo num

[P]cuckoo path / s:       0 / s
[P]cp per set * s:        0 / set * s

[P]break loop / s:        0 / s
[P]break / set :          0 %

[P]Throughput:            3001351.344 ops
[P]all request:           30381361 o

[P]GetThroughput:         1474410.523 ops
[P]SetThroughput:         1526943.036 ops

[P]Valid Entries:         1443646.416 / s
[P]set success:           1485850.036 / s

[P]get found:             1219594.287 / s

----------------------------------

[INFO]Current Time:       17.44 s

[P]indexs Load Factor:    18.4169 %

[P]full bucket LFactor:   0.2626 %

[P]set request:           16565031 
[P]get request:           16296342 

[P]Get Hit Rate:          81.8567 %
[P]ACC Hit Rate:          74.9613 %

[P]total cuckoo num:      7 
[P]total cuckoo path:     0 
[P]total cp perset:       0.000000 / set
[P]total cp percuckoo:    0.000000 / cuckoo num

[P]cuckoo path / s:       0 / s
[P]cp per set * s:        0 / set * s

[P]break loop / s:        0 / s
[P]break / set :          0 %

[P]Throughput:            2729318.545 ops
[P]all request:           32861373 o

[P]GetThroughput:         1352566.689 ops
[P]SetThroughput:         1376751.856 ops

[P]Valid Entries:         1346028.462 / s
[P]set success:           1386010.584 / s

[P]get found:             1107166.922 / s

----------------------------------

[INFO]Current Time:       18.35 s

[P]indexs Load Factor:    19.8433 %

[P]full bucket LFactor:   0.3834 %

[P]set request:           17963193 
[P]get request:           17668418 

[P]Get Hit Rate:          81.2886 %
[P]ACC Hit Rate:          75.4526 %

[P]total cuckoo num:      24 
[P]total cuckoo path:     0 
[P]total cp perset:       0.000000 / set
[P]total cp percuckoo:    0.000000 / cuckoo num

[P]cuckoo path / s:       0 / s
[P]cp per set * s:        0 / set * s

[P]break loop / s:        0 / s
[P]break / set :          0 %

[P]Throughput:            3033799.189 ops
[P]all request:           35631611 o

[P]GetThroughput:         1502615.680 ops
[P]SetThroughput:         1531183.509 ops

[P]Valid Entries:         1469902.745 / s
[P]set success:           1514392.818 / s

[P]get found:             1221455.938 / s

----------------------------------

[INFO]Current Time:       19.27 s

[P]indexs Load Factor:    21.2427 %

[P]full bucket LFactor:   0.5391 %

[P]set request:           19316805 
[P]get request:           19039456 

[P]Get Hit Rate:          83.2271 %
[P]ACC Hit Rate:          76.0125 %

[P]total cuckoo num:      57 
[P]total cuckoo path:     0 
[P]total cp perset:       0.000000 / set
[P]total cp percuckoo:    0.000000 / cuckoo num

[P]cuckoo path / s:       0 / s
[P]cp per set * s:        0 / set * s

[P]break loop / s:        0 / s
[P]break / set :          0 %

[P]Throughput:            2963266.829 ops
[P]all request:           38356261 o

[P]GetThroughput:         1491109.473 ops
[P]SetThroughput:         1472157.355 ops

[P]Valid Entries:         1458478.899 / s
[P]set success:           1502435.501 / s

[P]get found:             1241006.990 / s

----------------------------------

[INFO]Current Time:       20.19 s

[P]indexs Load Factor:    22.5932 %

[P]full bucket LFactor:   0.7272 %

[P]set request:           20692307 
[P]get request:           20389406 

[P]Get Hit Rate:          83.7599 %
[P]ACC Hit Rate:          76.5254 %

[P]total cuckoo num:      114 
[P]total cuckoo path:     0 
[P]total cp perset:       0.000000 / set
[P]total cp percuckoo:    0.000000 / cuckoo num

[P]cuckoo path / s:       0 / s
[P]cp per set * s:        0 / set * s

[P]break loop / s:        0 / s
[P]break / set :          0 %

[P]Throughput:            2955557.234 ops
[P]all request:           41081713 o

[P]GetThroughput:         1463923.961 ops
[P]SetThroughput:         1491633.273 ops

[P]Valid Entries:         1432168.648 / s
[P]set success:           1475839.659 / s

[P]get found:             1226181.495 / s

----------------------------------

[INFO]Current Time:       21.12 s

[P]indexs Load Factor:    23.9591 %

[P]full bucket LFactor:   0.9590 %

[P]set request:           22063672 
[P]get request:           21734624 

[P]Get Hit Rate:          84.2751 %
[P]ACC Hit Rate:          77.0051 %

[P]total cuckoo num:      204 
[P]total cuckoo path:     0 
[P]total cp perset:       0.000000 / set
[P]total cp percuckoo:    0.000000 / cuckoo num

[P]cuckoo path / s:       0 / s
[P]cp per set * s:        0 / set * s

[P]break loop / s:        0 / s
[P]break / set :          0 %

[P]Throughput:            2933155.746 ops
[P]all request:           43798296 o

[P]GetThroughput:         1452462.121 ops
[P]SetThroughput:         1480693.625 ops

[P]Valid Entries:         1419613.724 / s
[P]set success:           1463696.634 / s

[P]get found:             1224064.105 / s

----------------------------------

[INFO]Current Time:       22.05 s

[P]indexs Load Factor:    25.3362 %

[P]full bucket LFactor:   1.2401 %

[P]set request:           23419704 
[P]get request:           23064899 

[P]Get Hit Rate:          86.1304 %
[P]ACC Hit Rate:          77.5314 %

[P]total cuckoo num:      377 
[P]total cuckoo path:     0 
[P]total cp perset:       0.000000 / set
[P]total cp percuckoo:    0.000000 / cuckoo num

[P]cuckoo path / s:       0 / s
[P]cp per set * s:        0 / set * s

[P]break loop / s:        0 / s
[P]break / set :          0 %

[P]Throughput:            2879449.888 ops
[P]all request:           46484604 o

[P]GetThroughput:         1425919.961 ops
[P]SetThroughput:         1453528.855 ops

[P]Valid Entries:         1417038.209 / s
[P]set success:           1460886.367 / s

[P]get found:             1228150.375 / s

----------------------------------

[INFO]Current Time:       22.99 s

[P]indexs Load Factor:    26.7564 %

[P]full bucket LFactor:   1.5910 %

[P]set request:           24841552 
[P]get request:           24480398 

[P]Get Hit Rate:          85.2559 %
[P]ACC Hit Rate:          77.9780 %

[P]total cuckoo num:      675 
[P]total cuckoo path:     8 
[P]total cp perset:       0.000000 / set
[P]total cp percuckoo:    0.011852 / cuckoo num

[P]cuckoo path / s:       8.549 / s
[P]cp per set * s:        0.000006 / set * s

[P]break loop / s:        0 / s
[P]break / set :          0 %

[P]Throughput:            3032187.907 ops
[P]all request:           49321950 o

[P]GetThroughput:         1512701.993 ops
[P]SetThroughput:         1519486.982 ops

[P]Valid Entries:         1479162.839 / s
[P]set success:           1525182.996 / s

[P]get found:             1289668.327 / s

----------------------------------

[INFO]Current Time:       23.93 s

[P]indexs Load Factor:    28.1647 %

[P]full bucket LFactor:   1.9956 %

[P]set request:           26289941 
[P]get request:           25879055 

[P]Get Hit Rate:          87.0384 %
[P]ACC Hit Rate:          78.4677 %

[P]total cuckoo num:      1150 
[P]total cuckoo path:     21 
[P]total cp perset:       0.000001 / set
[P]total cp percuckoo:    0.018261 / cuckoo num

[P]cuckoo path / s:       13.779 / s
[P]cp per set * s:        0.000009 / set * s

[P]break loop / s:        0 / s
[P]break / set :          0 %

[P]Throughput:            3017751.742 ops
[P]all request:           52168996 o

[P]GetThroughput:         1482518.933 ops
[P]SetThroughput:         1535232.809 ops

[P]Valid Entries:         1471091.516 / s
[P]set success:           1517420.200 / s

[P]get found:             1290361.104 / s

----------------------------------

[INFO]Current Time:       24.87 s

[P]indexs Load Factor:    29.4864 %

[P]full bucket LFactor:   2.4281 %

[P]set request:           27613695 
[P]get request:           27198525 

[P]Get Hit Rate:          86.0227 %
[P]ACC Hit Rate:          78.8342 %

[P]total cuckoo num:      1825 
[P]total cuckoo path:     37 
[P]total cp perset:       0.000001 / set
[P]total cp percuckoo:    0.020274 / cuckoo num

[P]cuckoo path / s:       16.992 / s
[P]cp per set * s:        0.000012 / set * s

[P]break loop / s:        0 / s
[P]break / set :          0 %

[P]Throughput:            2807174.109 ops
[P]all request:           54812220 o

[P]GetThroughput:         1401312.194 ops
[P]SetThroughput:         1405861.915 ops

[P]Valid Entries:         1369112.610 / s
[P]set success:           1412423.116 / s

[P]get found:             1205446.882 / s

----------------------------------

[INFO]Current Time:       25.82 s

[P]indexs Load Factor:    30.8670 %

[P]full bucket LFactor:   2.9390 %

[P]set request:           29014882 
[P]get request:           28573114 

[P]Get Hit Rate:          87.7934 %
[P]ACC Hit Rate:          79.2652 %

[P]total cuckoo num:      2882 
[P]total cuckoo path:     61 
[P]total cp perset:       0.000002 / set
[P]total cp percuckoo:    0.021166 / cuckoo num

[P]cuckoo path / s:       25.381 / s
[P]cp per set * s:        0.000017 / set * s

[P]break loop / s:        0 / s
[P]break / set :          0 %

[P]Throughput:            2935514.801 ops
[P]all request:           57587996 o

[P]GetThroughput:         1453693.077 ops
[P]SetThroughput:         1481821.724 ops

[P]Valid Entries:         1441937.380 / s
[P]set success:           1487526.135 / s

[P]get found:             1276247.192 / s

----------------------------------

[INFO]Current Time:       26.77 s

[P]indexs Load Factor:    32.2095 %

[P]full bucket LFactor:   3.4962 %

[P]set request:           30411651 
[P]get request:           29943394 

[P]Get Hit Rate:          86.8044 %
[P]ACC Hit Rate:          79.6102 %

[P]total cuckoo num:      4435 
[P]total cuckoo path:     101 
[P]total cp perset:       0.000003 / set
[P]total cp percuckoo:    0.022773 / cuckoo num

[P]cuckoo path / s:       42.115 / s
[P]cp per set * s:        0.000029 / set * s

[P]break loop / s:        0 / s
[P]break / set :          0 %

[P]Throughput:            2913352.018 ops
[P]all request:           60355045 o

[P]GetThroughput:         1442731.229 ops
[P]SetThroughput:         1470620.790 ops

[P]Valid Entries:         1409991.081 / s
[P]set success:           1454828.743 / s

[P]get found:             1252354.890 / s

----------------------------------

[INFO]Current Time:       27.72 s

[P]indexs Load Factor:    33.5728 %

[P]full bucket LFactor:   4.1176 %

[P]set request:           31788172 
[P]get request:           31315141 

[P]Get Hit Rate:          87.1408 %
[P]ACC Hit Rate:          79.9401 %

[P]total cuckoo num:      6511 
[P]total cuckoo path:     153 
[P]total cp perset:       0.000005 / set
[P]total cp percuckoo:    0.023499 / cuckoo num

[P]cuckoo path / s:       54.475 / s
[P]cp per set * s:        0.000038 / set * s

[P]break loop / s:        0 / s
[P]break / set :          0 %

[P]Throughput:            2879063.706 ops
[P]all request:           63103313 o

[P]GetThroughput:         1437031.251 ops
[P]SetThroughput:         1442032.455 ops

[P]Valid Entries:         1403723.061 / s
[P]set success:           1448379.815 / s

[P]get found:             1252240.204 / s

----------------------------------

[INFO]Current Time:       28.67 s

[P]indexs Load Factor:    34.8587 %

[P]full bucket LFactor:   4.7718 %

[P]set request:           33116784 
[P]get request:           32639232 

[P]Get Hit Rate:          88.8646 %
[P]ACC Hit Rate:          80.3021 %

[P]total cuckoo num:      9455 
[P]total cuckoo path:     262 
[P]total cp perset:       0.000008 / set
[P]total cp percuckoo:    0.027710 / cuckoo num

[P]cuckoo path / s:       114.574 / s
[P]cp per set * s:        0.000080 / set * s

[P]break loop / s:        0 / s
[P]break / set :          0 %

[P]Throughput:            2788344.744 ops
[P]all request:           65756016 o

[P]GetThroughput:         1391796.285 ops
[P]SetThroughput:         1396548.459 ops

[P]Valid Entries:         1381200.860 / s
[P]set success:           1425508.235 / s

[P]get found:             1236814.022 / s

----------------------------------

[INFO]Current Time:       29.62 s

[P]indexs Load Factor:    36.2059 %

[P]full bucket LFactor:   5.5040 %

[P]set request:           34484490 
[P]get request:           33959885 

[P]Get Hit Rate:          89.2192 %
[P]ACC Hit Rate:          80.6489 %

[P]total cuckoo num:      13269 
[P]total cuckoo path:     423 
[P]total cp perset:       0.000012 / set
[P]total cp percuckoo:    0.031879 / cuckoo num

[P]cuckoo path / s:       169.125 / s
[P]cp per set * s:        0.000119 / set * s

[P]break loop / s:        0 / s
[P]break / set :          0 %

[P]Throughput:            2824028.791 ops
[P]all request:           68444376 o

[P]GetThroughput:         1387300.099 ops
[P]SetThroughput:         1436727.641 ops

[P]Valid Entries:         1376915.200 / s
[P]set success:           1420788.932 / s

[P]get found:             1237738.007 / s

----------------------------------

[INFO]Current Time:       30.58 s

[P]indexs Load Factor:    37.5831 %

[P]full bucket LFactor:   6.3219 %

[P]set request:           35906567 
[P]get request:           35375852 

[P]Get Hit Rate:          88.0944 %
[P]ACC Hit Rate:          80.9469 %

[P]total cuckoo num:      18652 
[P]total cuckoo path:     678 
[P]total cp perset:       0.000019 / set
[P]total cp percuckoo:    0.036350 / cuckoo num

[P]cuckoo path / s:       267.987 / s
[P]cp per set * s:        0.000179 / set * s

[P]break loop / s:        0 / s
[P]break / set :          0 %

[P]Throughput:            2982582.525 ops
[P]all request:           71282419 o

[P]GetThroughput:         1488081.199 ops
[P]SetThroughput:         1494502.377 ops

[P]Valid Entries:         1431191.243 / s
[P]set success:           1499491.138 / s

[P]get found:             1310916.589 / s

----------------------------------

[INFO]Current Time:       31.54 s

[P]indexs Load Factor:    38.9022 %

[P]full bucket LFactor:   7.1628 %

[P]set request:           37316512 
[P]get request:           36759587 

[P]Get Hit Rate:          88.3775 %
[P]ACC Hit Rate:          81.2266 %

[P]total cuckoo num:      25436 
[P]total cuckoo path:     1071 
[P]total cp perset:       0.000029 / set
[P]total cp percuckoo:    0.042106 / cuckoo num

[P]cuckoo path / s:       409.409 / s
[P]cp per set * s:        0.000282 / set * s

[P]break loop / s:        0 / s
[P]break / set :          0 %

[P]Throughput:            2910325.351 ops
[P]all request:           74076099 o

[P]GetThroughput:         1441510.499 ops
[P]SetThroughput:         1468814.853 ops

[P]Valid Entries:         1406285.694 / s
[P]set success:           1452212.430 / s

[P]get found:             1273970.525 / s

----------------------------------

[INFO]Current Time:       32.49 s

[P]indexs Load Factor:    40.2131 %

[P]full bucket LFactor:   8.0600 %

[P]set request:           38703458 
[P]get request:           38120345 

[P]Get Hit Rate:          88.5687 %
[P]ACC Hit Rate:          81.4887 %

[P]total cuckoo num:      33925 
[P]total cuckoo path:     1570 
[P]total cp perset:       0.000041 / set
[P]total cp percuckoo:    0.046279 / cuckoo num

[P]cuckoo path / s:       521.876 / s
[P]cp per set * s:        0.000364 / set * s

[P]break loop / s:        0 / s
[P]break / set :          0 %

[P]Throughput:            2873668.293 ops
[P]all request:           76823803 o

[P]GetThroughput:         1423139.872 ops
[P]SetThroughput:         1450528.421 ops

[P]Valid Entries:         1389369.586 / s
[P]set success:           1434111.816 / s

[P]get found:             1260455.782 / s

----------------------------------

[INFO]Current Time:       33.45 s

[P]indexs Load Factor:    41.5473 %

[P]full bucket LFactor:   9.0014 %

[P]set request:           40006819 
[P]get request:           39400501 

[P]Get Hit Rate:          90.1037 %
[P]ACC Hit Rate:          81.7686 %

[P]total cuckoo num:      44294 
[P]total cuckoo path:     2283 
[P]total cp perset:       0.000057 / set
[P]total cp percuckoo:    0.051542 / cuckoo num

[P]cuckoo path / s:       747.422 / s
[P]cp per set * s:        0.000544 / set * s

[P]break loop / s:        0 / s
[P]break / set :          0 %

[P]Throughput:            2708242.750 ops
[P]all request:           79407320 o

[P]GetThroughput:         1341958.735 ops
[P]SetThroughput:         1366284.015 ops

[P]Valid Entries:         1330293.503 / s
[P]set success:           1372686.894 / s

[P]get found:             1209154.555 / s

----------------------------------

[INFO]Current Time:       34.40 s

[P]indexs Load Factor:    42.9778 %

[P]full bucket LFactor:   10.1099 %

[P]set request:           41525636 
[P]get request:           40887999 

[P]Get Hit Rate:          88.6023 %
[P]ACC Hit Rate:          82.0172 %

[P]total cuckoo num:      59265 
[P]total cuckoo path:     3516 
[P]total cp perset:       0.000085 / set
[P]total cp percuckoo:    0.059327 / cuckoo num

[P]cuckoo path / s:       1290.016 / s
[P]cp per set * s:        0.000823 / set * s

[P]break loop / s:        0 / s
[P]break / set :          0 %

[P]Throughput:            3145333.567 ops
[P]all request:           82413636 o

[P]GetThroughput:         1556282.636 ops
[P]SetThroughput:         1589049.884 ops

[P]Valid Entries:         1518720.462 / s
[P]set success:           1567277.592 / s

[P]get found:             1378902.796 / s

----------------------------------

[INFO]Current Time:       35.36 s

[P]indexs Load Factor:    44.3507 %

[P]full bucket LFactor:   11.2069 %

[P]set request:           42938976 
[P]get request:           42273611 

[P]Get Hit Rate:          86.4217 %
[P]ACC Hit Rate:          82.1616 %

[P]total cuckoo num:      76721 
[P]total cuckoo path:     5344 
[P]total cp perset:       0.000125 / set
[P]total cp percuckoo:    0.069655 / cuckoo num

[P]cuckoo path / s:       1911.564 / s
[P]cp per set * s:        0.001331 / set * s

[P]break loop / s:        0 / s
[P]break / set :          0 %

[P]Throughput:            2926900.454 ops
[P]all request:           85212587 o

[P]GetThroughput:         1448952.980 ops
[P]SetThroughput:         1477948.520 ops

[P]Valid Entries:         1414630.576 / s
[P]set success:           1436586.374 / s

[P]get found:             1252210.377 / s

----------------------------------

[INFO]Current Time:       36.32 s

[P]indexs Load Factor:    45.8033 %

[P]full bucket LFactor:   12.4438 %

[P]set request:           44391379 
[P]get request:           43719079 

[P]Get Hit Rate:          86.0210 %
[P]ACC Hit Rate:          82.2892 %

[P]total cuckoo num:      99297 
[P]total cuckoo path:     8000 
[P]total cp perset:       0.000181 / set
[P]total cp percuckoo:    0.080566 / cuckoo num

[P]cuckoo path / s:       2771.233 / s
[P]cp per set * s:        0.001826 / set * s

[P]break loop / s:        0 / s
[P]break / set :          0 %

[P]Throughput:            3023597.850 ops
[P]all request:           88110458 o

[P]GetThroughput:         1508180.984 ops
[P]SetThroughput:         1515416.866 ops

[P]Valid Entries:         1473587.524 / s
[P]set success:           1518008.636 / s

[P]get found:             1297352.335 / s

----------------------------------

[INFO]Current Time:       37.27 s

[P]indexs Load Factor:    47.2656 %

[P]full bucket LFactor:   13.7493 %

[P]set request:           45884816 
[P]get request:           45182409 

[P]Get Hit Rate:          88.1333 %
[P]ACC Hit Rate:          82.4785 %

[P]total cuckoo num:      128238 
[P]total cuckoo path:     11707 
[P]total cp perset:       0.000256 / set
[P]total cp percuckoo:    0.091291 / cuckoo num

[P]cuckoo path / s:       3867.735 / s
[P]cp per set * s:        0.002479 / set * s

[P]break loop / s:        0 / s
[P]break / set :          0 %

[P]Throughput:            3084972.366 ops
[P]all request:           91067225 o

[P]GetThroughput:         1526779.963 ops
[P]SetThroughput:         1558192.402 ops

[P]Valid Entries:         1515251.879 / s
[P]set success:           1560152.876 / s

[P]get found:             1345601.546 / s

----------------------------------

[INFO]Current Time:       38.22 s

[P]indexs Load Factor:    48.7051 %

[P]full bucket LFactor:   15.1005 %

[P]set request:           47365876 
[P]get request:           46612745 

[P]Get Hit Rate:          86.4802 %
[P]ACC Hit Rate:          82.6013 %

[P]total cuckoo num:      162463 
[P]total cuckoo path:     16691 
[P]total cp perset:       0.000354 / set
[P]total cp percuckoo:    0.102737 / cuckoo num

[P]cuckoo path / s:       5255.151 / s
[P]cp per set * s:        0.003412 / set * s

[P]break loop / s:        0 / s
[P]break / set :          0 %

[P]Throughput:            3069788.227 ops
[P]all request:           93978621 o

[P]GetThroughput:         1508152.313 ops
[P]SetThroughput:         1561635.913 ops

[P]Valid Entries:         1497164.367 / s
[P]set success:           1540153.482 / s

[P]get found:             1304253.734 / s

----------------------------------

[INFO]Current Time:       39.18 s

[P]indexs Load Factor:    50.0812 %

[P]full bucket LFactor:   16.4283 %

[P]set request:           48735749 
[P]get request:           47955872 

[P]Get Hit Rate:          87.3830 %
[P]ACC Hit Rate:          82.7352 %

[P]total cuckoo num:      201113 
[P]total cuckoo path:     22853 
[P]total cp perset:       0.000471 / set
[P]total cp percuckoo:    0.113633 / cuckoo num

[P]cuckoo path / s:       6449.120 / s
[P]cp per set * s:        0.004490 / set * s

[P]break loop / s:        0 / s
[P]break / set :          0 %

[P]Throughput:            2839413.099 ops
[P]all request:           96691621 o

[P]GetThroughput:         1405710.430 ops
[P]SetThroughput:         1433702.669 ops

[P]Valid Entries:         1397054.040 / s
[P]set success:           1436430.096 / s

[P]get found:             1228351.248 / s

----------------------------------

[INFO]Current Time:       40.13 s

[P]indexs Load Factor:    51.4084 %

[P]full bucket LFactor:   17.7822 %

[P]set request:           50160199 
[P]get request:           49357756 

[P]Get Hit Rate:          85.6997 %
[P]ACC Hit Rate:          82.8194 %

[P]total cuckoo num:      232441 
[P]total cuckoo path:     28223 
[P]total cp perset:       0.000565 / set
[P]total cp percuckoo:    0.121420 / cuckoo num

[P]cuckoo path / s:       5613.597 / s
[P]cp per set * s:        0.003807 / set * s

[P]break loop / s:        0 / s
[P]break / set :          0 %

[P]Throughput:            2954543.733 ops
[P]all request:           99517955 o

[P]GetThroughput:         1465477.041 ops
[P]SetThroughput:         1489066.692 ops

[P]Valid Entries:         1421878.105 / s
[P]set success:           1474654.279 / s

[P]expire scan persec:    1461518.253 / s
[P]total expire scan:     1398097
[P]expire hit persec:     14226.339 / s
[P]total expire hit:      13609

[P]expire hit rate:       0.973395 %
[P]total expire hit rate: 0.973395 %

[P]get found:             1255910.073 / s

----------------------------------

[INFO]Current Time:       41.09 s

[P]indexs Load Factor:    52.8614 %

[P]full bucket LFactor:   19.2734 %

[P]set request:           51573325 
[P]get request:           50735590 

[P]Get Hit Rate:          86.8393 %
[P]ACC Hit Rate:          82.9286 %

[P]total cuckoo num:      232483 
[P]total cuckoo path:     28229 
[P]total cp perset:       0.000550 / set
[P]total cp percuckoo:    0.121424 / cuckoo num

[P]cuckoo path / s:       6.312 / s
[P]cp per set * s:        0.000004 / set * s

[P]break loop / s:        0 / s
[P]break / set :          0 %

[P]Throughput:            2936291.704 ops
[P]all request:           102308915 o

[P]GetThroughput:         1449580.984 ops
[P]SetThroughput:         1486710.720 ops

[P]Valid Entries:         1398573.363 / s
[P]set success:           1483739.668 / s

[P]expire scan persec:    4627622.070 / s
[P]total expire scan:     5796675
[P]expire hit persec:     50248.025 / s
[P]total expire hit:      61370

[P]expire hit rate:       1.085828 %
[P]total expire hit rate: 1.058710 %

[P]get found:             1258805.558 / s

----------------------------------

[INFO]Current Time:       42.04 s

[P]indexs Load Factor:    54.3147 %

[P]full bucket LFactor:   20.8597 %

[P]set request:           53106065 
[P]get request:           52254946 

[P]Get Hit Rate:          85.1689 %
[P]ACC Hit Rate:          82.9937 %

[P]total cuckoo num:      232513 
[P]total cuckoo path:     28234 
[P]total cp perset:       0.000534 / set
[P]total cp percuckoo:    0.121430 / cuckoo num

[P]cuckoo path / s:       5.254 / s
[P]cp per set * s:        0.000003 / set * s

[P]break loop / s:        0 / s
[P]break / set :          0 %

[P]Throughput:            3207411.723 ops
[P]all request:           105361011 o

[P]GetThroughput:         1596673.318 ops
[P]SetThroughput:         1610738.405 ops

[P]Valid Entries:         1508336.705 / s
[P]set success:           1583135.776 / s

[P]expire scan persec:    4922418.206 / s
[P]total expire scan:     10480730
[P]expire hit persec:     62525.747 / s
[P]total expire hit:      120868

[P]expire hit rate:       1.270224 %
[P]total expire hit rate: 1.153240 %

[P]get found:             1359869.319 / s

----------------------------------

[INFO]Current Time:       42.99 s

[P]indexs Load Factor:    55.6857 %

[P]full bucket LFactor:   22.3806 %

[P]set request:           54541978 
[P]get request:           53700698 

[P]Get Hit Rate:          84.8682 %
[P]ACC Hit Rate:          83.0442 %

[P]total cuckoo num:      232559 
[P]total cuckoo path:     28247 
[P]total cp perset:       0.000520 / set
[P]total cp percuckoo:    0.121462 / cuckoo num

[P]cuckoo path / s:       13.679 / s
[P]cp per set * s:        0.000009 / set * s

[P]break loop / s:        0 / s
[P]break / set :          0 %

[P]Throughput:            3032093.353 ops
[P]all request:           108242676 o

[P]GetThroughput:         1521222.984 ops
[P]SetThroughput:         1510870.369 ops

[P]Valid Entries:         1427442.334 / s
[P]set success:           1531364.105 / s

[P]expire scan persec:    4685035.177 / s
[P]total expire scan:     14933331
[P]expire hit persec:     70481.743 / s
[P]total expire hit:      187853

[P]expire hit rate:       1.504402 %
[P]total expire hit rate: 1.257944 %

[P]get found:             1291033.829 / s

----------------------------------

[INFO]Current Time:       43.94 s

[P]indexs Load Factor:    57.1136 %

[P]full bucket LFactor:   23.9925 %

[P]set request:           55979602 
[P]get request:           55126067 

[P]Get Hit Rate:          84.5051 %
[P]ACC Hit Rate:          83.0819 %

[P]total cuckoo num:      232592 
[P]total cuckoo path:     28252 
[P]total cp perset:       0.000507 / set
[P]total cp percuckoo:    0.121466 / cuckoo num

[P]cuckoo path / s:       5.261 / s
[P]cp per set * s:        0.000003 / set * s

[P]break loop / s:        0 / s
[P]break / set :          0 %

[P]Throughput:            3012560.757 ops
[P]all request:           111105669 o

[P]GetThroughput:         1499832.767 ops
[P]SetThroughput:         1512727.990 ops

[P]Valid Entries:         1398710.231 / s
[P]set success:           1509494.451 / s

[P]expire scan persec:    4616256.097 / s
[P]total expire scan:     19320399
[P]expire hit persec:     79647.335 / s
[P]total expire hit:      263546

[P]expire hit rate:       1.725366 %
[P]total expire hit rate: 1.364082 %

[P]get found:             1267434.655 / s

----------------------------------

[INFO]Current Time:       44.88 s

[P]indexs Load Factor:    58.5282 %

[P]full bucket LFactor:   25.6623 %

[P]set request:           57502002 
[P]get request:           56589864 

[P]Get Hit Rate:          86.9153 %
[P]ACC Hit Rate:          83.1811 %

[P]total cuckoo num:      232626 
[P]total cuckoo path:     28266 
[P]total cp perset:       0.000494 / set
[P]total cp percuckoo:    0.121508 / cuckoo num

[P]cuckoo path / s:       14.787 / s
[P]cp per set * s:        0.000009 / set * s

[P]break loop / s:        0 / s
[P]break / set :          0 %

[P]Throughput:            3154109.181 ops
[P]all request:           114091866 o

[P]GetThroughput:         1546105.483 ops
[P]SetThroughput:         1608003.697 ops

[P]Valid Entries:         1475926.431 / s
[P]set success:           1604285.770 / s

[P]expire scan persec:    4845595.140 / s
[P]total expire scan:     23908034
[P]expire hit persec:     96816.103 / s
[P]total expire hit:      355208

[P]expire hit rate:       1.998023 %
[P]total expire hit rate: 1.485727 %

[P]get found:             1343802.690 / s

----------------------------------

[INFO]Current Time:       45.82 s

[P]indexs Load Factor:    59.9000 %

[P]full bucket LFactor:   27.2979 %

[P]set request:           58933437 
[P]get request:           58008405 

[P]Get Hit Rate:          84.0003 %
[P]ACC Hit Rate:          83.2011 %

[P]total cuckoo num:      232653 
[P]total cuckoo path:     28270 
[P]total cp perset:       0.000482 / set
[P]total cp percuckoo:    0.121511 / cuckoo num

[P]cuckoo path / s:       4.256 / s
[P]cp per set * s:        0.000003 / set * s

[P]break loop / s:        0 / s
[P]break / set :          0 %

[P]Throughput:            3032580.190 ops
[P]all request:           116941843 o

[P]GetThroughput:         1509429.492 ops
[P]SetThroughput:         1523149.634 ops

[P]Valid Entries:         1387131.462 / s
[P]set success:           1494750.621 / s

[P]expire scan persec:    4618840.987 / s
[P]total expire scan:     28248757
[P]expire hit persec:     104850.444 / s
[P]total expire hit:      453745

[P]expire hit rate:       2.270060 %
[P]total expire hit rate: 1.606248 %

[P]get found:             1267924.561 / s

----------------------------------

[INFO]Current Time:       46.76 s

[P]indexs Load Factor:    61.2739 %

[P]full bucket LFactor:   28.9641 %

[P]set request:           60385329 
[P]get request:           59447931 

[P]Get Hit Rate:          83.6450 %
[P]ACC Hit Rate:          83.2119 %

[P]total cuckoo num:      232677 
[P]total cuckoo path:     28274 
[P]total cp perset:       0.000470 / set
[P]total cp percuckoo:    0.121516 / cuckoo num

[P]cuckoo path / s:       4.280 / s
[P]cp per set * s:        0.000003 / set * s

[P]break loop / s:        0 / s
[P]break / set :          0 %

[P]Throughput:            3094172.407 ops
[P]all request:           119833260 o

[P]GetThroughput:         1540470.167 ops
[P]SetThroughput:         1553703.310 ops

[P]Valid Entries:         1402887.638 / s
[P]set success:           1525653.241 / s

[P]expire scan persec:    4719331.054 / s
[P]total expire scan:     32658839
[P]expire hit persec:     120553.659 / s
[P]total expire hit:      566399

[P]expire hit rate:       2.554465 %
[P]total expire hit rate: 1.734290 %

[P]get found:             1288526.782 / s

----------------------------------

[INFO]Current Time:       47.70 s

[P]indexs Load Factor:    62.6637 %

[P]full bucket LFactor:   30.7039 %

[P]set request:           61844031 
[P]get request:           60940018 

[P]Get Hit Rate:          83.3977 %
[P]ACC Hit Rate:          83.2164 %

[P]total cuckoo num:      232706 
[P]total cuckoo path:     28284 
[P]total cp perset:       0.000459 / set
[P]total cp percuckoo:    0.121544 / cuckoo num

[P]cuckoo path / s:       10.669 / s
[P]cp per set * s:        0.000007 / set * s

[P]break loop / s:        0 / s
[P]break / set :          0 %

[P]Throughput:            3148263.275 ops
[P]all request:           122784049 o

[P]GetThroughput:         1591941.242 ops
[P]SetThroughput:         1556322.033 ops

[P]Valid Entries:         1435423.706 / s
[P]set success:           1602037.530 / s

[P]expire scan persec:    4847448.369 / s
[P]total expire scan:     37202232
[P]expire hit persec:     140416.608 / s
[P]total expire hit:      698008

[P]expire hit rate:       2.896712 %
[P]total expire hit rate: 1.876253 %

[P]get found:             1327642.125 / s

----------------------------------

[INFO]Current Time:       48.62 s

[P]indexs Load Factor:    64.0377 %

[P]full bucket LFactor:   32.4582 %

[P]set request:           63307025 
[P]get request:           62413663 

[P]Get Hit Rate:          83.1792 %
[P]ACC Hit Rate:          83.2156 %

[P]total cuckoo num:      232717 
[P]total cuckoo path:     28293 
[P]total cp perset:       0.000448 / set
[P]total cp percuckoo:    0.121577 / cuckoo num

[P]cuckoo path / s:       9.703 / s
[P]cp per set * s:        0.000006 / set * s

[P]break loop / s:        0 / s
[P]break / set :          0 %

[P]Throughput:            3165921.451 ops
[P]all request:           125720688 o

[P]GetThroughput:         1588702.022 ops
[P]SetThroughput:         1577219.429 ops

[P]Valid Entries:         1417152.023 / s
[P]set success:           1598998.730 / s

[P]expire scan persec:    4851435.819 / s
[P]total expire scan:     41702317
[P]expire hit persec:     157168.458 / s
[P]total expire hit:      843794

[P]expire hit rate:       3.239628 %
[P]total expire hit rate: 2.023374 %

[P]get found:             1321469.501 / s

----------------------------------

[INFO]Current Time:       49.55 s

[P]indexs Load Factor:    65.3554 %

[P]full bucket LFactor:   34.1795 %

[P]set request:           64769048 
[P]get request:           63863390 

[P]Get Hit Rate:          82.9715 %
[P]ACC Hit Rate:          83.2100 %

[P]total cuckoo num:      232732 
[P]total cuckoo path:     28299 
[P]total cp perset:       0.000438 / set
[P]total cp percuckoo:    0.121595 / cuckoo num

[P]cuckoo path / s:       6.497 / s
[P]cp per set * s:        0.000004 / set * s

[P]break loop / s:        0 / s
[P]break / set :          0 %

[P]Throughput:            3152944.011 ops
[P]all request:           128632438 o

[P]GetThroughput:         1569814.737 ops
[P]SetThroughput:         1583129.273 ops

[P]Valid Entries:         1384483.243 / s
[P]set success:           1580525.056 / s

[P]expire scan persec:    4821445.056 / s
[P]total expire scan:     46154931
[P]expire hit persec:     173623.885 / s
[P]total expire hit:      1004136

[P]expire hit rate:       3.601076 %
[P]total expire hit rate: 2.175577 %

[P]get found:             1302498.577 / s

----------------------------------

[INFO]Current Time:       50.47 s

[P]indexs Load Factor:    66.6586 %

[P]full bucket LFactor:   35.8962 %

[P]set request:           66228706 
[P]get request:           65290472 

[P]Get Hit Rate:          83.9692 %
[P]ACC Hit Rate:          83.2266 %

[P]total cuckoo num:      232744 
[P]total cuckoo path:     28305 
[P]total cp perset:       0.000429 / set
[P]total cp percuckoo:    0.121614 / cuckoo num

[P]cuckoo path / s:       6.475 / s
[P]cp per set * s:        0.000004 / set * s

[P]break loop / s:        0 / s
[P]break / set :          0 %

[P]Throughput:            3115290.211 ops
[P]all request:           131519178 o

[P]GetThroughput:         1540067.545 ops
[P]SetThroughput:         1575222.666 ops

[P]Valid Entries:         1361631.780 / s
[P]set success:           1572571.140 / s

[P]expire scan persec:    4816155.528 / s
[P]total expire scan:     50617754
[P]expire hit persec:     190619.622 / s
[P]total expire hit:      1180771

[P]expire hit rate:       3.957921 %
[P]total expire hit rate: 2.332721 %

[P]get found:             1293182.032 / s

----------------------------------

[INFO]Current Time:       51.39 s

[P]indexs Load Factor:    67.9424 %

[P]full bucket LFactor:   37.6190 %

[P]set request:           67603721 
[P]get request:           66697893 

[P]Get Hit Rate:          82.5982 %
[P]ACC Hit Rate:          83.2133 %

[P]total cuckoo num:      232753 
[P]total cuckoo path:     28306 
[P]total cp perset:       0.000420 / set
[P]total cp percuckoo:    0.121614 / cuckoo num

[P]cuckoo path / s:       1.088 / s
[P]cp per set * s:        0.000001 / set * s

[P]break loop / s:        0 / s
[P]break / set :          0 %

[P]Throughput:            3026900.782 ops
[P]all request:           134301614 o

[P]GetThroughput:         1531076.986 ops
[P]SetThroughput:         1495823.796 ops

[P]Valid Entries:         1317261.370 / s
[P]set success:           1515833.892 / s

[P]expire scan persec:    4748086.740 / s
[P]total expire scan:     54982366
[P]expire hit persec:     202420.283 / s
[P]total expire hit:      1366843

[P]expire hit rate:       4.263197 %
[P]total expire hit rate: 2.485966 %

[P]get found:             1264642.671 / s

----------------------------------

[INFO]Current Time:       52.31 s

[P]indexs Load Factor:    69.2100 %

[P]full bucket LFactor:   39.3592 %

[P]set request:           69022648 
[P]get request:           68151569 

[P]Get Hit Rate:          82.4556 %
[P]ACC Hit Rate:          83.1972 %

[P]total cuckoo num:      232766 
[P]total cuckoo path:     28311 
[P]total cp perset:       0.000411 / set
[P]total cp percuckoo:    0.121629 / cuckoo num

[P]cuckoo path / s:       5.465 / s
[P]cp per set * s:        0.000003 / set * s

[P]break loop / s:        0 / s
[P]break / set :          0 %

[P]Throughput:            3139992.050 ops
[P]all request:           137174217 o

[P]GetThroughput:         1588987.787 ops
[P]SetThroughput:         1551004.263 ops

[P]Valid Entries:         1347226.359 / s
[P]set success:           1599222.318 / s

[P]expire scan persec:    4941476.166 / s
[P]total expire scan:     59503046
[P]expire hit persec:     234702.301 / s
[P]total expire hit:      1581559

[P]expire hit rate:       4.749639 %
[P]total expire hit rate: 2.657946 %

[P]get found:             1310209.121 / s

----------------------------------

[INFO]Current Time:       53.22 s

[P]indexs Load Factor:    70.4116 %

[P]full bucket LFactor:   41.0380 %

[P]set request:           70429990 
[P]get request:           69524332 

[P]Get Hit Rate:          83.7782 %
[P]ACC Hit Rate:          83.2087 %

[P]total cuckoo num:      232774 
[P]total cuckoo path:     28312 
[P]total cp perset:       0.000403 / set
[P]total cp percuckoo:    0.121629 / cuckoo num

[P]cuckoo path / s:       1.093 / s
[P]cp per set * s:        0.000001 / set * s

[P]break loop / s:        0 / s
[P]break / set :          0 %

[P]Throughput:            3039638.245 ops
[P]all request:           139954322 o

[P]GetThroughput:         1500915.583 ops
[P]SetThroughput:         1538722.662 ops

[P]Valid Entries:         1275007.923 / s
[P]set success:           1535914.930 / s

[P]expire scan persec:    4778292.669 / s
[P]total expire scan:     63873354
[P]expire hit persec:     246002.408 / s
[P]total expire hit:      1806557

[P]expire hit rate:       5.148333 %
[P]total expire hit rate: 2.828342 %

[P]get found:             1257439.915 / s

----------------------------------

[INFO]Current Time:       54.13 s

[P]indexs Load Factor:    71.3518 %

[P]full bucket LFactor:   42.4382 %

[P]set request:           71704762 
[P]get request:           70790137 

[P]Get Hit Rate:          82.1357 %
[P]ACC Hit Rate:          83.1895 %

[P]total cuckoo num:      232782 
[P]total cuckoo path:     28317 
[P]total cp perset:       0.000396 / set
[P]total cp percuckoo:    0.121646 / cuckoo num

[P]cuckoo path / s:       5.516 / s
[P]cp per set * s:        0.000004 / set * s

[P]break loop / s:        0 / s
[P]break / set :          0 %

[P]Throughput:            2802691.517 ops
[P]all request:           142494900 o

[P]GetThroughput:         1396399.141 ops
[P]SetThroughput:         1406291.274 ops

[P]Valid Entries:         1147914.326 / s
[P]set success:           1403886.361 / s

[P]expire scan persec:    4417669.615 / s
[P]total expire scan:     67877874
[P]expire hit persec:     242592.779 / s
[P]total expire hit:      2026462

[P]expire hit rate:       5.491420 %
[P]total expire hit rate: 2.985453 %

[P]get found:             1146942.433 / s

----------------------------------
[INFO]End rx_queue_1:10917633

[INFO]Current Time:       55.04 s

[P]indexs Load Factor:    72.1369 %

[P]full bucket LFactor:   43.5338 %

[P]set request:           72611062 
[P]get request:           71691964 

[P]Get Hit Rate:          80.2755 %
[P]ACC Hit Rate:          83.1528 %

[P]total cuckoo num:      232787 
[P]total cuckoo path:     28319 
[P]total cp perset:       0.000391 / set
[P]total cp percuckoo:    0.121652 / cuckoo num

[P]cuckoo path / s:       2.192 / s
[P]cp per set * s:        0.000002 / set * s

[P]break loop / s:        0 / s
[P]break / set :          0 %

[P]Throughput:            1981379.764 ops
[P]all request:           144303026 o

[P]GetThroughput:         988239.629 ops
[P]SetThroughput:         993141.230 ops

[P]Valid Entries:         800015.094 / s
[P]set success:           990969.316 / s

[P]expire scan persec:    3180468.218 / s
[P]total expire scan:     70780239
[P]expire hit persec:     176202.300 / s
[P]total expire hit:      2187257

[P]expire hit rate:       5.540137 %
[P]total expire hit rate: 3.090209 %

[P]get found:             793314.158 / s

----------------------------------

[INFO]Current Time:       55.94 s

[P]indexs Load Factor:    72.9881 %

[P]full bucket LFactor:   44.7527 %

[P]set request:           73633174 
[P]get request:           72708236 

[P]Get Hit Rate:          81.2359 %
[P]ACC Hit Rate:          83.1260 %

[P]total cuckoo num:      232789 
[P]total cuckoo path:     28319 
[P]total cp perset:       0.000385 / set
[P]total cp percuckoo:    0.121651 / cuckoo num

[P]cuckoo path / s:       0 / s
[P]cp per set * s:        0 / set * s

[P]break loop / s:        0 / s
[P]break / set :          0 %

[P]Throughput:            2259425.922 ops
[P]all request:           146341410 o

[P]GetThroughput:         1126476.317 ops
[P]SetThroughput:         1132949.605 ops

[P]Valid Entries:         901552.824 / s
[P]set success:           1133692.260 / s

[P]expire scan persec:    3575372.285 / s
[P]total expire scan:     74005829
[P]expire hit persec:     215058.379 / s
[P]total expire hit:      2381276

[P]expire hit rate:       6.014993 %
[P]total expire hit rate: 3.217687 %

[P]get found:             915103.500 / s

----------------------------------

[INFO]Current Time:       56.84 s

[P]indexs Load Factor:    73.8360 %

[P]full bucket LFactor:   45.9931 %

[P]set request:           74688820 
[P]get request:           73758025 

[P]Get Hit Rate:          81.1305 %
[P]ACC Hit Rate:          83.0976 %

[P]total cuckoo num:      232795 
[P]total cuckoo path:     28325 
[P]total cp perset:       0.000380 / set
[P]total cp percuckoo:    0.121674 / cuckoo num

[P]cuckoo path / s:       6.659 / s
[P]cp per set * s:        0.000006 / set * s

[P]break loop / s:        0 / s
[P]break / set :          0 %

[P]Throughput:            2336825.214 ops
[P]all request:           148446845 o

[P]GetThroughput:         1165162.261 ops
[P]SetThroughput:         1171662.953 ops

[P]Valid Entries:         921169.311 / s
[P]set success:           1172931.571 / s

[P]expire scan persec:    3689727.294 / s
[P]total expire scan:     77330203
[P]expire hit persec:     234431.150 / s
[P]total expire hit:      2592494

[P]expire hit rate:       6.353617 %
[P]total expire hit rate: 3.352499 %

[P]get found:             945301.896 / s

----------------------------------
[INFO]End rx_queue_3:5574273

[INFO]Current Time:       57.74 s

[P]indexs Load Factor:    74.3854 %

[P]full bucket LFactor:   46.8869 %

[P]set request:           75631691 
[P]get request:           74696341 

[P]Get Hit Rate:          80.8674 %
[P]ACC Hit Rate:          83.0696 %

[P]total cuckoo num:      232796 
[P]total cuckoo path:     28326 
[P]total cp perset:       0.000375 / set
[P]total cp percuckoo:    0.121677 / cuckoo num

[P]cuckoo path / s:       1.118 / s
[P]cp per set * s:        0.000001 / set * s

[P]break loop / s:        0 / s
[P]break / set :          0 %

[P]Throughput:            2102272.497 ops
[P]all request:           150328032 o

[P]GetThroughput:         1048591.087 ops
[P]SetThroughput:         1053681.411 ops

[P]Valid Entries:         821650.923 / s
[P]set success:           1053436.673 / s

[P]expire scan persec:    3217753.011 / s
[P]total expire scan:     80209561
[P]expire hit persec:     222272.264 / s
[P]total expire hit:      2791391

[P]expire hit rate:       6.907686 %
[P]total expire hit rate: 3.480123 %

[P]get found:             847968.624 / s

----------------------------------
[INFO]End rx_queue_0:11392175
[INFO]End rx_queue_2:11511117
Finish the job......

[INFO]Current Time:       58.63 s

[P]indexs Load Factor:    74.4258 %

[P]full bucket LFactor:   46.9898 %

[P]set request:           75840519 
[P]get request:           74905169 

[P]Get Hit Rate:          79.1441 %
[P]ACC Hit Rate:          83.0587 %

[P]total cuckoo num:      232796 
[P]total cuckoo path:     28326 
[P]total cp perset:       0.000374 / set
[P]total cp percuckoo:    0.121677 / cuckoo num

[P]cuckoo path / s:       0 / s
[P]cp per set * s:        0 / set * s

[P]break loop / s:        0 / s
[P]break / set :          0 %

[P]Throughput:            466471.843 ops
[P]all request:           150745688 o

[P]GetThroughput:         233235.922 ops
[P]SetThroughput:         233235.922 ops

[P]Valid Entries:         178471.920 / s
[P]set success:           233235.922 / s

[P]expire scan persec:    681616.534 / s
[P]total expire scan:     80819847
[P]expire hit persec:     49439.832 / s
[P]total expire hit:      2835657

[P]expire hit rate:       7.253321 %
[P]total expire hit rate: 3.508615 %

[P]get found:             184592.425 / s

----------------------------------

Total Index Entries:      71154443

indexs Load Factor:     74.425840 %

log_0 Load Factor:      3.968810 %

log_1 Load Factor:      4.524061 %

log_2 Load Factor:      3.696949 %

log_3 Load Factor:      4.909676 %

Get Hit Rate:           83.058663%

Max Throughput:         3207411.72

Calc Load Factor:       74.425840%

set request:              22784348 | set_success:              22784348
set_fail:                        0 | set_key_duplicate:          677158 | set_mica_evicted:                0
set_random:                      0 | set_cuckoo_evicted:          55269 | set_expire_evicted:         893665

get request:              22784348
get_found:                18752493 | get_notfound:              4031855 | get_hit_ratio:          82.304277%

clean up:                        0 | test_notfound:                   0
move_to_head_performed:    1560444 | move_to_head_skipped:     16221437 | move_to_head_failed:        970612


set request:              21835264 | set_success:              21835264
set_fail:                        0 | set_key_duplicate:          520254 | set_mica_evicted:                0
set_random:                      0 | set_cuckoo_evicted:          61530 | set_expire_evicted:         610845

get request:              21835264
get_found:                18434881 | get_notfound:              3400383 | get_hit_ratio:          84.427104%

clean up:                        0 | test_notfound:                   0
move_to_head_performed:    1267883 | move_to_head_skipped:     16429297 | move_to_head_failed:        737701


set request:              23022232 | set_success:              23022232
set_fail:                        0 | set_key_duplicate:          773352 | set_mica_evicted:                0
set_random:                      0 | set_cuckoo_evicted:          55418 | set_expire_evicted:         938722

get request:              23022232
get_found:                18591039 | get_notfound:              4431193 | get_hit_ratio:          80.752548%

clean up:                        0 | test_notfound:                   0
move_to_head_performed:    1716400 | move_to_head_skipped:     15768927 | move_to_head_failed:       1105712


set request:              11148544 | set_success:              11148544
set_fail:                        0 | set_key_duplicate:          198181 | set_mica_evicted:                0
set_random:                      0 | set_cuckoo_evicted:          29115 | set_expire_evicted:         406914

get request:              11148544
get_found:                 8781528 | get_notfound:              2367016 | get_hit_ratio:          78.768384%

clean up:                        0 | test_notfound:                   0
move_to_head_performed:     959806 | move_to_head_skipped:      7693969 | move_to_head_failed:        127753


[INFO] Everything works fine.
deleting piekv......
