EAL: Detected 44 lcore(s)
EAL: Detected 1 NUMA nodes
EAL: Multi-process socket /var/run/dpdk/rte/mp_socket
EAL: Selected IOVA mode 'PA'
EAL: No available hugepages reported in hugepages-1048576kB
[INFO] 单个Log Size为:-2147483648 GB
[INFO] 运行proto
[INFO] 运行cleanup
[INFO] 运行reload
[INFO] reload kv size 8
EAL: Probing VFIO support...
EAL: VFIO support initialized
EAL: PCI device 0000:03:00.0 on NUMA socket 0
EAL:   probe driver: 15b3:1017 net_mlx5
WEN: There are 1 device(s) available
starting port 0...
querying port 0...
port 0: 100 Gbps (full-duplex)
Adding UDP filter for each endpoint.
port_id/queue_id/udp_port = 0 0 0
Flow is created with src_port = 0, dst_port = 0
port_id/queue_id/udp_port = 0 1 1
Flow is created with src_port = 0, dst_port = 1
port_id/queue_id/udp_port = 0 2 2
Flow is created with src_port = 0, dst_port = 2
port_id/queue_id/udp_port = 0 3 3
Flow is created with src_port = 0, dst_port = 3
MEM: Initializing pages...
 == [STAT] Workers Start (4 threads in total) == 
trigger:40.000000 

[INFO]Current Time:       6.36 s

[P]indexs Load Factor:    0.0450 %

[P]full bucket LFactor:   0.0000 %

[P]set request:           31858 
[P]get request:           20638 

[P]Get Hit Rate:          44.2775 %
[P]ACC Hit Rate:          44.2775 %

[P]total cuckoo num:      0 
[P]total cuckoo path:     0 
[P]total cp perset:       0.000000 / set
[P]total cp percuckoo:    -nan / cuckoo num

[P]cuckoo path / s:       0 / s
[P]cp per set * s:        0 / set * s

[P]break loop / s:        0 / s
[P]break / set :          0 %

[P]Throughput:            76672.209 ops
[P]all request:           52496 o

[P]GetThroughput:         30142.507 ops
[P]SetThroughput:         46529.702 ops

[P]Valid Entries:         44851.548 / s
[P]set success:           46241.977 / s

[P]get found:             13346.362 / s

----------------------------------

[INFO]Current Time:       7.09 s

[P]indexs Load Factor:    0.1606 %

[P]full bucket LFactor:   0.0000 %

[P]set request:           129270 
[P]get request:           88057 

[P]Get Hit Rate:          53.7386 %
[P]ACC Hit Rate:          51.5212 %

[P]total cuckoo num:      0 
[P]total cuckoo path:     0 
[P]total cp perset:       0.000000 / set
[P]total cp percuckoo:    -nan / cuckoo num

[P]cuckoo path / s:       0 / s
[P]cp per set * s:        0 / set * s

[P]break loop / s:        0 / s
[P]break / set :          0 %

[P]Throughput:            224928.813 ops
[P]all request:           217327 o

[P]GetThroughput:         92000.144 ops
[P]SetThroughput:         132928.670 ops

[P]Valid Entries:         131276.136 / s
[P]set success:           133308.029 / s

[P]get found:             49439.553 / s

----------------------------------

[INFO]Current Time:       7.82 s

[P]indexs Load Factor:    1.1940 %

[P]full bucket LFactor:   0.0000 %

[P]set request:           634368 
[P]get request:           420184 

[P]Get Hit Rate:          62.2406 %
[P]ACC Hit Rate:          59.9942 %

[P]total cuckoo num:      0 
[P]total cuckoo path:     0 
[P]total cp perset:       0.000000 / set
[P]total cp percuckoo:    -nan / cuckoo num

[P]cuckoo path / s:       0 / s
[P]cp per set * s:        0 / set * s

[P]break loop / s:        0 / s
[P]break / set :          0 %

[P]Throughput:            1143323.438 ops
[P]all request:           1054552 o

[P]GetThroughput:         453556.193 ops
[P]SetThroughput:         689767.245 ops

[P]Valid Entries:         687254.521 / s
[P]set success:           636341.822 / s

[P]get found:             282296.317 / s

----------------------------------

[INFO]Current Time:       8.54 s

[P]indexs Load Factor:    3.8427 %

[P]full bucket LFactor:   0.0001 %

[P]set request:           3034093 
[P]get request:           2165260 

[P]Get Hit Rate:          64.2375 %
[P]ACC Hit Rate:          63.4141 %

[P]total cuckoo num:      0 
[P]total cuckoo path:     0 
[P]total cp perset:       0.000000 / set
[P]total cp percuckoo:    -nan / cuckoo num

[P]cuckoo path / s:       0 / s
[P]cp per set * s:        0 / set * s

[P]break loop / s:        0 / s
[P]break / set :          0 %

[P]Throughput:            5751938.509 ops
[P]all request:           5199353 o

[P]GetThroughput:         2421725.396 ops
[P]SetThroughput:         3330213.112 ops

[P]Valid Entries:         3257860.105 / s
[P]set success:           3024059.292 / s

[P]get found:             1555656.968 / s

----------------------------------

[INFO]Current Time:       9.31 s

[P]indexs Load Factor:    6.5004 %

[P]full bucket LFactor:   0.0017 %

[P]set request:           5478646 
[P]get request:           4042244 

[P]Get Hit Rate:          68.3777 %
[P]ACC Hit Rate:          65.7189 %

[P]total cuckoo num:      0 
[P]total cuckoo path:     0 
[P]total cp perset:       0.000000 / set
[P]total cp percuckoo:    -nan / cuckoo num

[P]cuckoo path / s:       0 / s
[P]cp per set * s:        0 / set * s

[P]break loop / s:        0 / s
[P]break / set :          0 %

[P]Throughput:            5626665.004 ops
[P]all request:           9520890 o

[P]GetThroughput:         2443843.518 ops
[P]SetThroughput:         3182821.486 ops

[P]Valid Entries:         3090146.036 / s
[P]set success:           3036657.045 / s

[P]get found:             1671044.655 / s

----------------------------------

[INFO]Current Time:       10.13 s

[P]indexs Load Factor:    9.2207 %

[P]full bucket LFactor:   0.0119 %

[P]set request:           7930709 
[P]get request:           5939720 

[P]Get Hit Rate:          70.4291 %
[P]ACC Hit Rate:          67.2236 %

[P]total cuckoo num:      0 
[P]total cuckoo path:     0 
[P]total cp perset:       0.000000 / set
[P]total cp percuckoo:    -nan / cuckoo num

[P]cuckoo path / s:       0 / s
[P]cp per set * s:        0 / set * s

[P]break loop / s:        0 / s
[P]break / set :          0 %

[P]Throughput:            5336012.800 ops
[P]all request:           13870429 o

[P]GetThroughput:         2327822.839 ops
[P]SetThroughput:         3008189.961 ops

[P]Valid Entries:         2902994.347 / s
[P]set success:           2960447.827 / s

[P]get found:             1639465.571 / s

----------------------------------

[INFO]Current Time:       10.99 s

[P]indexs Load Factor:    12.0353 %

[P]full bucket LFactor:   0.0490 %

[P]set request:           10551743 
[P]get request:           8077612 

[P]Get Hit Rate:          73.2242 %
[P]ACC Hit Rate:          68.8118 %

[P]total cuckoo num:      0 
[P]total cuckoo path:     0 
[P]total cp perset:       0.000000 / set
[P]total cp percuckoo:    -nan / cuckoo num

[P]cuckoo path / s:       0 / s
[P]cp per set * s:        0 / set * s

[P]break loop / s:        0 / s
[P]break / set :          0 %

[P]Throughput:            5514821.173 ops
[P]all request:           18629355 o

[P]GetThroughput:         2477469.090 ops
[P]SetThroughput:         3037352.083 ops

[P]Valid Entries:         2917309.281 / s
[P]set success:           2883537.284 / s

[P]get found:             1814106.558 / s

----------------------------------

[INFO]Current Time:       11.88 s

[P]indexs Load Factor:    14.8353 %

[P]full bucket LFactor:   0.1381 %

[P]set request:           13166212 
[P]get request:           10240542 

[P]Get Hit Rate:          76.5068 %
[P]ACC Hit Rate:          70.4371 %

[P]total cuckoo num:      3 
[P]total cuckoo path:     0 
[P]total cp perset:       0.000000 / set
[P]total cp percuckoo:    0.000000 / cuckoo num

[P]cuckoo path / s:       0 / s
[P]cp per set * s:        0 / set * s

[P]break loop / s:        0 / s
[P]break / set :          0 %

[P]Throughput:            5384840.471 ops
[P]all request:           23406754 o

[P]GetThroughput:         2437944.371 ops
[P]SetThroughput:         2946896.100 ops

[P]Valid Entries:         2866494.308 / s
[P]set success:           2802194.966 / s

[P]get found:             1865192.627 / s

----------------------------------

[INFO]Current Time:       12.78 s

[P]indexs Load Factor:    17.6228 %

[P]full bucket LFactor:   0.3123 %

[P]set request:           15787146 
[P]get request:           12434123 

[P]Get Hit Rate:          77.0467 %
[P]ACC Hit Rate:          71.6031 %

[P]total cuckoo num:      16 
[P]total cuckoo path:     0 
[P]total cp perset:       0.000000 / set
[P]total cp percuckoo:    0.000000 / cuckoo num

[P]cuckoo path / s:       0 / s
[P]cp per set * s:        0 / set * s

[P]break loop / s:        0 / s
[P]break / set :          0 %

[P]Throughput:            5336281.257 ops
[P]all request:           28221269 o

[P]GetThroughput:         2431307.240 ops
[P]SetThroughput:         2904974.017 ops

[P]Valid Entries:         2813716.078 / s
[P]set success:           2849159.648 / s

[P]get found:             1873241.139 / s

----------------------------------

[INFO]Current Time:       13.69 s

[P]indexs Load Factor:    20.4107 %

[P]full bucket LFactor:   0.6061 %

[P]set request:           18426336 
[P]get request:           14630440 

[P]Get Hit Rate:          79.6612 %
[P]ACC Hit Rate:          72.8128 %

[P]total cuckoo num:      81 
[P]total cuckoo path:     1 
[P]total cp perset:       0.000000 / set
[P]total cp percuckoo:    0.012346 / cuckoo num

[P]cuckoo path / s:       1.093 / s
[P]cp per set * s:        0.000000 / set * s

[P]break loop / s:        0 / s
[P]break / set :          0 %

[P]Throughput:            5283165.513 ops
[P]all request:           33056776 o

[P]GetThroughput:         2399646.248 ops
[P]SetThroughput:         2883519.265 ops

[P]Valid Entries:         2786390.229 / s
[P]set success:           2825656.367 / s

[P]get found:             1911587.567 / s

----------------------------------

[INFO]Current Time:       14.61 s

[P]indexs Load Factor:    23.1959 %

[P]full bucket LFactor:   1.0518 %

[P]set request:           21031247 
[P]get request:           16891559 

[P]Get Hit Rate:          78.3347 %
[P]ACC Hit Rate:          73.5520 %

[P]total cuckoo num:      282 
[P]total cuckoo path:     1 
[P]total cp perset:       0.000000 / set
[P]total cp percuckoo:    0.003546 / cuckoo num

[P]cuckoo path / s:       0 / s
[P]cp per set * s:        0 / set * s

[P]break loop / s:        0 / s
[P]break / set :          0 %

[P]Throughput:            5317210.949 ops
[P]all request:           37922806 o

[P]GetThroughput:         2470771.184 ops
[P]SetThroughput:         2846439.765 ops

[P]Valid Entries:         2748435.845 / s
[P]set success:           2704270.266 / s

[P]get found:             1935471.429 / s

----------------------------------

[INFO]Current Time:       15.54 s

[P]indexs Load Factor:    25.9820 %

[P]full bucket LFactor:   1.6770 %

[P]set request:           23702865 
[P]get request:           19194732 

[P]Get Hit Rate:          80.6378 %
[P]ACC Hit Rate:          74.4022 %

[P]total cuckoo num:      877 
[P]total cuckoo path:     13 
[P]total cp perset:       0.000001 / set
[P]total cp percuckoo:    0.014823 / cuckoo num

[P]cuckoo path / s:       12.868 / s
[P]cp per set * s:        0.000005 / set * s

[P]break loop / s:        0 / s
[P]break / set :          0 %

[P]Throughput:            5334507.091 ops
[P]all request:           42897597 o

[P]GetThroughput:         2469710.326 ops
[P]SetThroughput:         2864796.766 ops

[P]Valid Entries:         2718331.318 / s
[P]set success:           2807267.453 / s

[P]get found:             1991520.033 / s

----------------------------------

[INFO]Current Time:       16.48 s

[P]indexs Load Factor:    28.7206 %

[P]full bucket LFactor:   2.4857 %

[P]set request:           26275054 
[P]get request:           21464298 

[P]Get Hit Rate:          79.9207 %
[P]ACC Hit Rate:          74.9857 %

[P]total cuckoo num:      2217 
[P]total cuckoo path:     56 
[P]total cp perset:       0.000002 / set
[P]total cp percuckoo:    0.025259 / cuckoo num

[P]cuckoo path / s:       45.597 / s
[P]cp per set * s:        0.000017 / set * s

[P]break loop / s:        0 / s
[P]break / set :          0 %

[P]Throughput:            5134194.358 ops
[P]all request:           47739352 o

[P]GetThroughput:         2406646.547 ops
[P]SetThroughput:         2727547.811 ops

[P]Valid Entries:         2637229.348 / s
[P]set success:           2637559.132 / s

[P]get found:             1923409.791 / s

----------------------------------

[INFO]Current Time:       17.43 s

[P]indexs Load Factor:    31.5094 %

[P]full bucket LFactor:   3.5277 %

[P]set request:           28781552 
[P]get request:           23764691 

[P]Get Hit Rate:          79.4749 %
[P]ACC Hit Rate:          75.4203 %

[P]total cuckoo num:      5291 
[P]total cuckoo path:     230 
[P]total cp perset:       0.000008 / set
[P]total cp percuckoo:    0.043470 / cuckoo num

[P]cuckoo path / s:       184.265 / s
[P]cp per set * s:        0.000067 / set * s

[P]break loop / s:        0 / s
[P]break / set :          0 %

[P]Throughput:            5090480.869 ops
[P]all request:           52546243 o

[P]GetThroughput:         2436108.195 ops
[P]SetThroughput:         2654372.674 ops

[P]Valid Entries:         2699677.604 / s
[P]set success:           2745768.310 / s

[P]get found:             1936095.572 / s

----------------------------------

[INFO]Current Time:       18.38 s

[P]indexs Load Factor:    34.3812 %

[P]full bucket LFactor:   4.8387 %

[P]set request:           31426536 
[P]get request:           26111636 

[P]Get Hit Rate:          77.5608 %
[P]ACC Hit Rate:          75.6126 %

[P]total cuckoo num:      11314 
[P]total cuckoo path:     699 
[P]total cp perset:       0.000023 / set
[P]total cp percuckoo:    0.061782 / cuckoo num

[P]cuckoo path / s:       495.124 / s
[P]cp per set * s:        0.000174 / set * s

[P]break loop / s:        0 / s
[P]break / set :          0 %

[P]Throughput:            5269984.066 ops
[P]all request:           57538172 o

[P]GetThroughput:         2477672.009 ops
[P]SetThroughput:         2792312.057 ops

[P]Valid Entries:         2765675.667 / s
[P]set success:           2847680.403 / s

[P]get found:             1921701.896 / s

----------------------------------

[INFO]Current Time:       19.34 s

[P]indexs Load Factor:    37.2622 %

[P]full bucket LFactor:   6.3820 %

[P]set request:           34162425 
[P]get request:           28456835 

[P]Get Hit Rate:          79.4585 %
[P]ACC Hit Rate:          75.9296 %

[P]total cuckoo num:      22551 
[P]total cuckoo path:     1742 
[P]total cp perset:       0.000052 / set
[P]total cp percuckoo:    0.077247 / cuckoo num

[P]cuckoo path / s:       1087.975 / s
[P]cp per set * s:        0.000392 / set * s

[P]break loop / s:        0 / s
[P]break / set :          0 %

[P]Throughput:            5300186.953 ops
[P]all request:           62619260 o

[P]GetThroughput:         2446325.106 ops
[P]SetThroughput:         2853861.847 ops

[P]Valid Entries:         2747013.973 / s
[P]set success:           2778342.010 / s

[P]get found:             1943814.333 / s

----------------------------------

[INFO]Current Time:       20.29 s

[P]indexs Load Factor:    40.1255 %

[P]full bucket LFactor:   8.1393 %

[P]set request:           36822804 
[P]get request:           30762446 

[P]Get Hit Rate:          77.6956 %
[P]ACC Hit Rate:          76.0620 %

[P]total cuckoo num:      41454 
[P]total cuckoo path:     3808 
[P]total cp perset:       0.000106 / set
[P]total cp percuckoo:    0.091861 / cuckoo num

[P]cuckoo path / s:       2156.709 / s
[P]cp per set * s:        0.000786 / set * s

[P]break loop / s:        0 / s
[P]break / set :          0 %

[P]Throughput:            5184025.894 ops
[P]all request:           67585250 o

[P]GetThroughput:         2406840.756 ops
[P]SetThroughput:         2777185.138 ops

[P]Valid Entries:         2720186.836 / s
[P]set success:           2745443.094 / s

[P]get found:             1870009.053 / s

----------------------------------

[INFO]Current Time:       21.25 s

[P]indexs Load Factor:    43.0070 %

[P]full bucket LFactor:   10.1071 %

[P]set request:           39492595 
[P]get request:           33070209 

[P]Get Hit Rate:          77.2954 %
[P]ACC Hit Rate:          76.1480 %

[P]total cuckoo num:      60252 
[P]total cuckoo path:     6178 
[P]total cp perset:       0.000161 / set
[P]total cp percuckoo:    0.102536 / cuckoo num

[P]cuckoo path / s:       2463.551 / s
[P]cp per set * s:        0.000913 / set * s

[P]break loop / s:        0 / s
[P]break / set :          0 %

[P]Throughput:            5174032.077 ops
[P]all request:           72562804 o

[P]GetThroughput:         2398856.906 ops
[P]SetThroughput:         2775175.171 ops

[P]Valid Entries:         2710292.317 / s
[P]set success:           2698719.866 / s

[P]expire scan persec:    2469632.531 / s
[P]total expire scan:     2375851
[P]expire hit persec:     11558.938 / s
[P]total expire hit:      11120

[P]expire hit rate:       0.468043 %
[P]total expire hit rate: 0.468043 %

[P]get found:             1854206.413 / s

----------------------------------

[INFO]Current Time:       22.22 s

[P]indexs Load Factor:    45.9091 %

[P]full bucket LFactor:   12.2979 %

[P]set request:           42242615 
[P]get request:           35400222 

[P]Get Hit Rate:          78.1899 %
[P]ACC Hit Rate:          76.2824 %

[P]total cuckoo num:      60342 
[P]total cuckoo path:     6191 
[P]total cp perset:       0.000150 / set
[P]total cp percuckoo:    0.102599 / cuckoo num

[P]cuckoo path / s:       13.531 / s
[P]cp per set * s:        0.000005 / set * s

[P]break loop / s:        0 / s
[P]break / set :          0 %

[P]Throughput:            5287493.457 ops
[P]all request:           77642837 o

[P]GetThroughput:         2425167.020 ops
[P]SetThroughput:         2862326.437 ops

[P]Valid Entries:         2752941.606 / s
[P]set success:           2856176.123 / s

[P]expire scan persec:    7796701.933 / s
[P]total expire scan:     9866641
[P]expire hit persec:     48761.198 / s
[P]total expire hit:      57968

[P]expire hit rate:       0.625408 %
[P]total expire hit rate: 0.587515 %

[P]get found:             1896235.840 / s

----------------------------------

[INFO]Current Time:       23.18 s

[P]indexs Load Factor:    48.7386 %

[P]full bucket LFactor:   14.5959 %

[P]set request:           44961417 
[P]get request:           37698550 

[P]Get Hit Rate:          77.9848 %
[P]ACC Hit Rate:          76.3862 %

[P]total cuckoo num:      60447 
[P]total cuckoo path:     6199 
[P]total cp perset:       0.000142 / set
[P]total cp percuckoo:    0.102553 / cuckoo num

[P]cuckoo path / s:       8.330 / s
[P]cp per set * s:        0.000003 / set * s

[P]break loop / s:        0 / s
[P]break / set :          0 %

[P]Throughput:            5223831.262 ops
[P]all request:           82659967 o

[P]GetThroughput:         2393017.055 ops
[P]SetThroughput:         2830814.207 ops

[P]Valid Entries:         2666114.209 / s
[P]set success:           2736917.831 / s

[P]expire scan persec:    7590027.029 / s
[P]total expire scan:     17156339
[P]expire hit persec:     69138.744 / s
[P]total expire hit:      124371

[P]expire hit rate:       0.910916 %
[P]total expire hit rate: 0.724927 %

[P]get found:             1866189.050 / s

----------------------------------

[INFO]Current Time:       24.14 s

[P]indexs Load Factor:    51.6253 %

[P]full bucket LFactor:   17.1171 %

[P]set request:           47681291 
[P]get request:           40029025 

[P]Get Hit Rate:          77.7108 %
[P]ACC Hit Rate:          76.4633 %

[P]total cuckoo num:      60605 
[P]total cuckoo path:     6222 
[P]total cp perset:       0.000134 / set
[P]total cp percuckoo:    0.102665 / cuckoo num

[P]cuckoo path / s:       23.914 / s
[P]cp per set * s:        0.000008 / set * s

[P]break loop / s:        0 / s
[P]break / set :          0 %

[P]Throughput:            5251000.553 ops
[P]all request:           87710316 o

[P]GetThroughput:         2423065.320 ops
[P]SetThroughput:         2827935.233 ops

[P]Valid Entries:         2727604.385 / s
[P]set success:           2866639.191 / s

[P]expire scan persec:    7790488.626 / s
[P]total expire scan:     24649137
[P]expire hit persec:     99495.945 / s
[P]total expire hit:      220065

[P]expire hit rate:       1.277146 %
[P]total expire hit rate: 0.892790 %

[P]get found:             1882982.648 / s

----------------------------------

[INFO]Current Time:       25.10 s

[P]indexs Load Factor:    54.4479 %

[P]full bucket LFactor:   19.7268 %

[P]set request:           50476454 
[P]get request:           42278179 

[P]Get Hit Rate:          79.8348 %
[P]ACC Hit Rate:          76.6427 %

[P]total cuckoo num:      60722 
[P]total cuckoo path:     6241 
[P]total cp perset:       0.000127 / set
[P]total cp percuckoo:    0.102780 / cuckoo num

[P]cuckoo path / s:       19.793 / s
[P]cp per set * s:        0.000007 / set * s

[P]break loop / s:        0 / s
[P]break / set :          0 %

[P]Throughput:            5254912.984 ops
[P]all request:           92754633 o

[P]GetThroughput:         2343054.284 ops
[P]SetThroughput:         2911858.700 ops

[P]Valid Entries:         2700735.732 / s
[P]set success:           2780419.125 / s

[P]expire scan persec:    7701247.322 / s
[P]total expire scan:     32041749
[P]expire hit persec:     133583.494 / s
[P]total expire hit:      348295

[P]expire hit rate:       1.734570 %
[P]total expire hit rate: 1.087004 %

[P]get found:             1870573.121 / s

----------------------------------

[INFO]Current Time:       26.05 s

[P]indexs Load Factor:    57.1632 %

[P]full bucket LFactor:   22.3876 %

[P]set request:           53252539 
[P]get request:           44573976 

[P]Get Hit Rate:          77.1150 %
[P]ACC Hit Rate:          76.6670 %

[P]total cuckoo num:      60816 
[P]total cuckoo path:     6267 
[P]total cp perset:       0.000121 / set
[P]total cp percuckoo:    0.103049 / cuckoo num

[P]cuckoo path / s:       27.277 / s
[P]cp per set * s:        0.000010 / set * s

[P]break loop / s:        0 / s
[P]break / set :          0 %

[P]Throughput:            5320917.908 ops
[P]all request:           97826516 o

[P]GetThroughput:         2408523.101 ops
[P]SetThroughput:         2912393.758 ops

[P]Valid Entries:         2669095.679 / s
[P]set success:           2823966.078 / s

[P]expire scan persec:    7613423.019 / s
[P]total expire scan:     39298841
[P]expire hit persec:     175876.550 / s
[P]total expire hit:      515940

[P]expire hit rate:       2.310085 %
[P]total expire hit rate: 1.312863 %

[P]get found:             1857331.691 / s

----------------------------------

[INFO]Current Time:       27.00 s

[P]indexs Load Factor:    59.8756 %

[P]full bucket LFactor:   25.1397 %

[P]set request:           55895888 
[P]get request:           46825558 

[P]Get Hit Rate:          74.4797 %
[P]ACC Hit Rate:          76.5618 %

[P]total cuckoo num:      60879 
[P]total cuckoo path:     6275 
[P]total cp perset:       0.000115 / set
[P]total cp percuckoo:    0.103073 / cuckoo num

[P]cuckoo path / s:       8.446 / s
[P]cp per set * s:        0.000003 / set * s

[P]break loop / s:        0 / s
[P]break / set :          0 %

[P]Throughput:            5167925.532 ops
[P]all request:           102721446 o

[P]GetThroughput:         2377155.160 ops
[P]SetThroughput:         2790771.428 ops

[P]Valid Entries:         2559155.313 / s
[P]set success:           2745780.800 / s

[P]expire scan persec:    7394247.956 / s
[P]total expire scan:     46302488
[P]expire hit persec:     219114.730 / s
[P]total expire hit:      723480

[P]expire hit rate:       2.963313 %
[P]total expire hit rate: 1.562508 %

[P]get found:             1770498.539 / s

----------------------------------

[INFO]Current Time:       27.94 s

[P]indexs Load Factor:    62.4891 %

[P]full bucket LFactor:   27.9096 %

[P]set request:           58599284 
[P]get request:           49120609 

[P]Get Hit Rate:          76.6911 %
[P]ACC Hit Rate:          76.5679 %

[P]total cuckoo num:      60923 
[P]total cuckoo path:     6294 
[P]total cp perset:       0.000110 / set
[P]total cp percuckoo:    0.103311 / cuckoo num

[P]cuckoo path / s:       20.170 / s
[P]cp per set * s:        0.000007 / set * s

[P]break loop / s:        0 / s
[P]break / set :          0 %

[P]Throughput:            5306274.651 ops
[P]all request:           107719893 o

[P]GetThroughput:         2436390.932 ops
[P]SetThroughput:         2869883.719 ops

[P]Valid Entries:         2586870.557 / s
[P]set success:           2868312.574 / s

[P]expire scan persec:    7590230.519 / s
[P]total expire scan:     53452394
[P]expire hit persec:     278641.556 / s
[P]total expire hit:      985957

[P]expire hit rate:       3.671055 %
[P]total expire hit rate: 1.844552 %

[P]get found:             1868494.096 / s

----------------------------------

[INFO]Current Time:       28.87 s

[P]indexs Load Factor:    65.0237 %

[P]full bucket LFactor:   30.6962 %

[P]set request:           61175619 
[P]get request:           51339106 

[P]Get Hit Rate:          76.5218 %
[P]ACC Hit Rate:          76.5659 %

[P]total cuckoo num:      60963 
[P]total cuckoo path:     6313 
[P]total cp perset:       0.000106 / set
[P]total cp percuckoo:    0.103555 / cuckoo num

[P]cuckoo path / s:       20.489 / s
[P]cp per set * s:        0.000007 / set * s

[P]break loop / s:        0 / s
[P]break / set :          0 %

[P]Throughput:            5170689.470 ops
[P]all request:           112514725 o

[P]GetThroughput:         2392400.626 ops
[P]SetThroughput:         2778288.844 ops

[P]Valid Entries:         2495696.180 / s
[P]set success:           2824791.093 / s

[P]expire scan persec:    7521655.192 / s
[P]total expire scan:     60427300
[P]expire hit persec:     336963.910 / s
[P]total expire hit:      1298427

[P]expire hit rate:       4.479917 %
[P]total expire hit rate: 2.148742 %

[P]get found:             1830708.197 / s

----------------------------------

[INFO]Current Time:       29.80 s

[P]indexs Load Factor:    67.4769 %

[P]full bucket LFactor:   33.4869 %

[P]set request:           63857032 
[P]get request:           53573833 

[P]Get Hit Rate:          75.1027 %
[P]ACC Hit Rate:          76.5049 %

[P]total cuckoo num:      60994 
[P]total cuckoo path:     6323 
[P]total cp perset:       0.000101 / set
[P]total cp percuckoo:    0.103666 / cuckoo num

[P]cuckoo path / s:       10.765 / s
[P]cp per set * s:        0.000004 / set * s

[P]break loop / s:        0 / s
[P]break / set :          0 %

[P]Throughput:            5292187.389 ops
[P]all request:           117430865 o

[P]GetThroughput:         2405666.651 ops
[P]SetThroughput:         2886520.739 ops

[P]Valid Entries:         2456556.753 / s
[P]set success:           2845544.055 / s

[P]expire scan persec:    7620811.631 / s
[P]total expire scan:     67506599
[P]expire hit persec:     407678.440 / s
[P]total expire hit:      1677137

[P]expire hit rate:       5.349541 %
[P]total expire hit rate: 2.484405 %

[P]get found:             1806721.345 / s

----------------------------------

[INFO]Current Time:       30.72 s

[P]indexs Load Factor:    69.8001 %

[P]full bucket LFactor:   36.2277 %

[P]set request:           66536957 
[P]get request:           55759221 

[P]Get Hit Rate:          77.7323 %
[P]ACC Hit Rate:          76.5530 %

[P]total cuckoo num:      61018 
[P]total cuckoo path:     6328 
[P]total cp perset:       0.000097 / set
[P]total cp percuckoo:    0.103707 / cuckoo num

[P]cuckoo path / s:       5.440 / s
[P]cp per set * s:        0.000002 / set * s

[P]break loop / s:        0 / s
[P]break / set :          0 %

[P]Throughput:            5293452.063 ops
[P]all request:           122296178 o

[P]GetThroughput:         2377698.335 ops
[P]SetThroughput:         2915753.728 ops

[P]Valid Entries:         2419376.284 / s
[P]set success:           2875907.968 / s

[P]expire scan persec:    7758740.785 / s
[P]total expire scan:     74637806
[P]expire hit persec:     485420.214 / s
[P]total expire hit:      2123296

[P]expire hit rate:       6.256430 %
[P]total expire hit rate: 2.844800 %

[P]get found:             1848240.303 / s

----------------------------------

[INFO]Current Time:       31.62 s

[P]indexs Load Factor:    72.0956 %

[P]full bucket LFactor:   39.0134 %

[P]set request:           69032319 
[P]get request:           57903417 

[P]Get Hit Rate:          73.6405 %
[P]ACC Hit Rate:          76.4451 %

[P]total cuckoo num:      61028 
[P]total cuckoo path:     6335 
[P]total cp perset:       0.000094 / set
[P]total cp percuckoo:    0.103805 / cuckoo num

[P]cuckoo path / s:       7.758 / s
[P]cp per set * s:        0.000003 / set * s

[P]break loop / s:        0 / s
[P]break / set :          0 %

[P]Throughput:            5141678.742 ops
[P]all request:           126935736 o

[P]GetThroughput:         2376253.728 ops
[P]SetThroughput:         2765425.015 ops

[P]Valid Entries:         2306351.265 / s
[P]set success:           2822248.194 / s

[P]expire scan persec:    7691229.092 / s
[P]total expire scan:     81577933
[P]expire hit persec:     544521.297 / s
[P]total expire hit:      2614641

[P]expire hit rate:       7.079770 %
[P]total expire hit rate: 3.205084 %

[P]get found:             1749884.400 / s

----------------------------------

[INFO]Current Time:       32.52 s

[P]indexs Load Factor:    74.2484 %

[P]full bucket LFactor:   41.7099 %

[P]set request:           71577686 
[P]get request:           60014364 

[P]Get Hit Rate:          77.1684 %
[P]ACC Hit Rate:          76.4705 %

[P]total cuckoo num:      61039 
[P]total cuckoo path:     6347 
[P]total cp perset:       0.000090 / set
[P]total cp percuckoo:    0.103983 / cuckoo num

[P]cuckoo path / s:       13.259 / s
[P]cp per set * s:        0.000005 / set * s

[P]break loop / s:        0 / s
[P]break / set :          0 %

[P]Throughput:            5144803.033 ops
[P]all request:           131592050 o

[P]GetThroughput:         2332404.242 ops
[P]SetThroughput:         2812398.790 ops

[P]Valid Entries:         2237169.930 / s
[P]set success:           2825103.034 / s

[P]expire scan persec:    7772800.253 / s
[P]total expire scan:     88612721
[P]expire hit persec:     624182.957 / s
[P]total expire hit:      3179559

[P]expire hit rate:       8.030349 %
[P]total expire hit rate: 3.588152 %

[P]get found:             1799879.008 / s

----------------------------------

[INFO]Current Time:       33.42 s

[P]indexs Load Factor:    76.3290 %

[P]full bucket LFactor:   44.4065 %

[P]set request:           74146608 
[P]get request:           62176516 

[P]Get Hit Rate:          75.7969 %
[P]ACC Hit Rate:          76.4471 %

[P]total cuckoo num:      61051 
[P]total cuckoo path:     6362 
[P]total cp perset:       0.000087 / set
[P]total cp percuckoo:    0.104208 / cuckoo num

[P]cuckoo path / s:       16.788 / s
[P]cp per set * s:        0.000006 / set * s

[P]break loop / s:        0 / s
[P]break / set :          0 %

[P]Throughput:            5294878.339 ops
[P]all request:           136323124 o

[P]GetThroughput:         2419816.682 ops
[P]SetThroughput:         2875061.657 ops

[P]Valid Entries:         2209479.783 / s
[P]set success:           2841402.605 / s

[P]expire scan persec:    8040200.158 / s
[P]total expire scan:     95796792
[P]expire hit persec:     735569.199 / s
[P]total expire hit:      3836804

[P]expire hit rate:       9.148643 %
[P]total expire hit rate: 4.005149 %

[P]get found:             1834146.938 / s

----------------------------------

[INFO]Current Time:       34.31 s

[P]indexs Load Factor:    78.2669 %

[P]full bucket LFactor:   47.0029 %

[P]set request:           76710407 
[P]get request:           64299306 

[P]Get Hit Rate:          75.7173 %
[P]ACC Hit Rate:          76.4230 %

[P]total cuckoo num:      61054 
[P]total cuckoo path:     6363 
[P]total cp perset:       0.000085 / set
[P]total cp percuckoo:    0.104219 / cuckoo num

[P]cuckoo path / s:       1.124 / s
[P]cp per set * s:        0.000000 / set * s

[P]break loop / s:        0 / s
[P]break / set :          0 %

[P]Throughput:            5268653.925 ops
[P]all request:           141009713 o

[P]GetThroughput:         2386436.247 ops
[P]SetThroughput:         2882217.678 ops

[P]Valid Entries:         2098617.954 / s
[P]set success:           2855051.433 / s

[P]expire scan persec:    8035474.928 / s
[P]total expire scan:     102944532
[P]expire hit persec:     819646.008 / s
[P]total expire hit:      4565898

[P]expire hit rate:       10.200343 %
[P]total expire hit rate: 4.435299 %

[P]get found:             1806945.910 / s

----------------------------------

[INFO]Current Time:       35.19 s

[P]indexs Load Factor:    80.1162 %

[P]full bucket LFactor:   49.5608 %

[P]set request:           79210118 
[P]get request:           66330920 

[P]Get Hit Rate:          74.3315 %
[P]ACC Hit Rate:          76.3590 %

[P]total cuckoo num:      61061 
[P]total cuckoo path:     6369 
[P]total cp perset:       0.000082 / set
[P]total cp percuckoo:    0.104306 / cuckoo num

[P]cuckoo path / s:       6.817 / s
[P]cp per set * s:        0.000002 / set * s

[P]break loop / s:        0 / s
[P]break / set :          0 %

[P]Throughput:            5148624.101 ops
[P]all request:           145541038 o

[P]GetThroughput:         2308379.294 ops
[P]SetThroughput:         2840244.807 ops

[P]Valid Entries:         1984425.558 / s
[P]set success:           2817002.101 / s

[P]expire scan persec:    8031075.280 / s
[P]total expire scan:     110012714
[P]expire hit persec:     901467.260 / s
[P]total expire hit:      5359283

[P]expire hit rate:       11.224739 %
[P]total expire hit rate: 4.871512 %

[P]get found:             1715853.909 / s

----------------------------------

[INFO]Current Time:       36.05 s

[P]indexs Load Factor:    81.8828 %

[P]full bucket LFactor:   52.0840 %

[P]set request:           81663520 
[P]get request:           68356594 

[P]Get Hit Rate:          75.5108 %
[P]ACC Hit Rate:          76.3338 %

[P]total cuckoo num:      61065 
[P]total cuckoo path:     6374 
[P]total cp perset:       0.000079 / set
[P]total cp percuckoo:    0.104381 / cuckoo num

[P]cuckoo path / s:       5.801 / s
[P]cp per set * s:        0.000002 / set * s

[P]break loop / s:        0 / s
[P]break / set :          0 %

[P]Throughput:            5196987.688 ops
[P]all request:           150020114 o

[P]GetThroughput:         2350351.465 ops
[P]SetThroughput:         2846636.223 ops

[P]Valid Entries:         1935996.483 / s
[P]set success:           2827097.087 / s

[P]expire scan persec:    8289950.450 / s
[P]total expire scan:     117157491
[P]expire hit persec:     1014863.159 / s
[P]total expire hit:      6233953

[P]expire hit rate:       12.242090 %
[P]total expire hit rate: 5.321002 %

[P]get found:             1774768.448 / s

----------------------------------

[INFO]Current Time:       36.92 s

[P]indexs Load Factor:    83.5061 %

[P]full bucket LFactor:   54.4861 %

[P]set request:           84010491 
[P]get request:           70381940 

[P]Get Hit Rate:          75.4006 %
[P]ACC Hit Rate:          76.3070 %

[P]total cuckoo num:      61070 
[P]total cuckoo path:     6377 
[P]total cp perset:       0.000077 / set
[P]total cp percuckoo:    0.104421 / cuckoo num

[P]cuckoo path / s:       3.453 / s
[P]cp per set * s:        0.000001 / set * s

[P]break loop / s:        0 / s
[P]break / set :          0 %

[P]Throughput:            5032240.141 ops
[P]all request:           154392431 o

[P]GetThroughput:         2331035.797 ops
[P]SetThroughput:         2701204.345 ops

[P]Valid Entries:         1803768.465 / s
[P]set success:           2764690.912 / s

[P]expire scan persec:    8220704.265 / s
[P]total expire scan:     124300140
[P]expire hit persec:     1068544.960 / s
[P]total expire hit:      7162370

[P]expire hit rate:       12.998217 %
[P]total expire hit rate: 5.762158 %

[P]get found:             1757616.086 / s

----------------------------------

[INFO]Current Time:       37.78 s

[P]indexs Load Factor:    85.0421 %

[P]full bucket LFactor:   56.8369 %

[P]set request:           86449895 
[P]get request:           72373269 

[P]Get Hit Rate:          75.9082 %
[P]ACC Hit Rate:          76.2960 %

[P]total cuckoo num:      61073 
[P]total cuckoo path:     6384 
[P]total cp perset:       0.000075 / set
[P]total cp percuckoo:    0.104531 / cuckoo num

[P]cuckoo path / s:       8.132 / s
[P]cp per set * s:        0.000003 / set * s

[P]break loop / s:        0 / s
[P]break / set :          0 %

[P]Throughput:            5147387.934 ops
[P]all request:           158823164 o

[P]GetThroughput:         2313419.217 ops
[P]SetThroughput:         2833968.717 ops

[P]Valid Entries:         1746994.677 / s
[P]set success:           2824867.596 / s

[P]expire scan persec:    8478916.353 / s
[P]total expire scan:     131598563
[P]expire hit persec:     1185896.743 / s
[P]total expire hit:      8183158

[P]expire hit rate:       13.986419 %
[P]total expire hit rate: 6.218273 %

[P]get found:             1756074.886 / s

----------------------------------

[INFO]Current Time:       38.62 s

[P]indexs Load Factor:    86.4636 %

[P]full bucket LFactor:   59.0833 %

[P]set request:           88800677 
[P]get request:           74340186 

[P]Get Hit Rate:          75.2661 %
[P]ACC Hit Rate:          76.2688 %

[P]total cuckoo num:      61074 
[P]total cuckoo path:     6389 
[P]total cp perset:       0.000073 / set
[P]total cp percuckoo:    0.104611 / cuckoo num

[P]cuckoo path / s:       5.904 / s
[P]cp per set * s:        0.000002 / set * s

[P]break loop / s:        0 / s
[P]break / set :          0 %

[P]Throughput:            5098751.981 ops
[P]all request:           163140863 o

[P]GetThroughput:         2322723.735 ops
[P]SetThroughput:         2776028.245 ops

[P]Valid Entries:         1649712.408 / s
[P]set success:           2821534.059 / s

[P]expire scan persec:    8576420.006 / s
[P]total expire scan:     138861203
[P]expire hit persec:     1300945.505 / s
[P]total expire hit:      9284818

[P]expire hit rate:       15.168864 %
[P]total expire hit rate: 6.686402 %

[P]get found:             1748223.905 / s

----------------------------------

[INFO]Current Time:       39.46 s

[P]indexs Load Factor:    87.7966 %

[P]full bucket LFactor:   61.2769 %

[P]set request:           91139326 
[P]get request:           76261975 

[P]Get Hit Rate:          75.0706 %
[P]ACC Hit Rate:          76.2386 %

[P]total cuckoo num:      61077 
[P]total cuckoo path:     6394 
[P]total cp perset:       0.000071 / set
[P]total cp percuckoo:    0.104688 / cuckoo num

[P]cuckoo path / s:       5.993 / s
[P]cp per set * s:        0.000002 / set * s

[P]break loop / s:        0 / s
[P]break / set :          0 %

[P]Throughput:            5106883.353 ops
[P]all request:           167401301 o

[P]GetThroughput:         2303601.708 ops
[P]SetThroughput:         2803281.646 ops

[P]Valid Entries:         1542057.886 / s
[P]set success:           2853647.600 / s

[P]expire scan persec:    8626971.848 / s
[P]total expire scan:     146058289
[P]expire hit persec:     1390102.970 / s
[P]total expire hit:      10444517

[P]expire hit rate:       16.113452 %
[P]total expire hit rate: 7.150924 %

[P]get found:             1729328.183 / s

----------------------------------

[INFO]Current Time:       40.30 s

[P]indexs Load Factor:    89.0130 %

[P]full bucket LFactor:   63.3486 %

[P]set request:           93488176 
[P]get request:           78223272 

[P]Get Hit Rate:          73.6788 %
[P]ACC Hit Rate:          76.1744 %

[P]total cuckoo num:      61082 
[P]total cuckoo path:     6403 
[P]total cp perset:       0.000069 / set
[P]total cp percuckoo:    0.104826 / cuckoo num

[P]cuckoo path / s:       10.745 / s
[P]cp per set * s:        0.000004 / set * s

[P]break loop / s:        0 / s
[P]break / set :          0 %

[P]Throughput:            5145774.137 ops
[P]all request:           171711448 o

[P]GetThroughput:         2341542.267 ops
[P]SetThroughput:         2804231.870 ops

[P]Valid Entries:         1450220.716 / s
[P]set success:           2809065.867 / s

[P]expire scan persec:    8749396.842 / s
[P]total expire scan:     153386863
[P]expire hit persec:     1458879.887 / s
[P]total expire hit:      11666488

[P]expire hit rate:       16.674062 %
[P]total expire hit rate: 7.605924 %

[P]get found:             1725220.132 / s

----------------------------------

[INFO]Current Time:       41.13 s

[P]indexs Load Factor:    90.1393 %

[P]full bucket LFactor:   65.3179 %

[P]set request:           95815932 
[P]get request:           80030193 

[P]Get Hit Rate:          79.1154 %
[P]ACC Hit Rate:          76.2408 %

[P]total cuckoo num:      61083 
[P]total cuckoo path:     6404 
[P]total cp perset:       0.000068 / set
[P]total cp percuckoo:    0.104841 / cuckoo num

[P]cuckoo path / s:       1.203 / s
[P]cp per set * s:        0.000000 / set * s

[P]break loop / s:        0 / s
[P]break / set :          0 %

[P]Throughput:            4975777.509 ops
[P]all request:           175846125 o

[P]GetThroughput:         2174495.583 ops
[P]SetThroughput:         2801281.926 ops

[P]Valid Entries:         1333924.233 / s
[P]set success:           2712541.298 / s

[P]expire scan persec:    8709340.265 / s
[P]total expire scan:     160623985
[P]expire hit persec:     1551593.898 / s
[P]total expire hit:      12955802

[P]expire hit rate:       17.815286 %
[P]total expire hit rate: 8.065920 %

[P]get found:             1720361.147 / s

----------------------------------

[INFO]Current Time:       41.95 s

[P]indexs Load Factor:    91.1803 %

[P]full bucket LFactor:   67.2127 %

[P]set request:           98151284 
[P]get request:           81878476 

[P]Get Hit Rate:          76.0391 %
[P]ACC Hit Rate:          76.2362 %

[P]total cuckoo num:      61088 
[P]total cuckoo path:     6419 
[P]total cp perset:       0.000066 / set
[P]total cp percuckoo:    0.105078 / cuckoo num

[P]cuckoo path / s:       18.291 / s
[P]cp per set * s:        0.000006 / set * s

[P]break loop / s:        0 / s
[P]break / set :          0 %

[P]Throughput:            5101540.429 ops
[P]all request:           180029760 o

[P]GetThroughput:         2253803.319 ops
[P]SetThroughput:         2847737.110 ops

[P]Valid Entries:         1261539.082 / s
[P]set success:           2814470.555 / s

[P]expire scan persec:    8968622.297 / s
[P]total expire scan:     167978909
[P]expire hit persec:     1672178.190 / s
[P]total expire hit:      14327110

[P]expire hit rate:       18.644761 %
[P]total expire hit rate: 8.529112 %

[P]get found:             1713770.835 / s

----------------------------------

[INFO]Current Time:       42.77 s

[P]indexs Load Factor:    92.1061 %

[P]full bucket LFactor:   68.9528 %

[P]set request:           100335496 
[P]get request:           83733486 

[P]Get Hit Rate:          72.0094 %
[P]ACC Hit Rate:          76.1426 %

[P]total cuckoo num:      61089 
[P]total cuckoo path:     6422 
[P]total cp perset:       0.000065 / set
[P]total cp percuckoo:    0.105125 / cuckoo num

[P]cuckoo path / s:       3.668 / s
[P]cp per set * s:        0.000001 / set * s

[P]break loop / s:        0 / s
[P]break / set :          0 %

[P]Throughput:            4938678.007 ops
[P]all request:           184068982 o

[P]GetThroughput:         2268084.569 ops
[P]SetThroughput:         2670593.438 ops

[P]Valid Entries:         1140054.205 / s
[P]set success:           2742597.093 / s

[P]expire scan persec:    8848647.655 / s
[P]total expire scan:     175215998
[P]expire hit persec:     1713322.633 / s
[P]total expire hit:      15728394

[P]expire hit rate:       19.362537 %
[P]total expire hit rate: 8.976574 %

[P]get found:             1633233.392 / s

----------------------------------

[INFO]Current Time:       43.57 s

[P]indexs Load Factor:    92.9790 %

[P]full bucket LFactor:   70.6471 %

[P]set request:           102584989 
[P]get request:           85606426 

[P]Get Hit Rate:          73.2972 %
[P]ACC Hit Rate:          76.0803 %

[P]total cuckoo num:      61093 
[P]total cuckoo path:     6437 
[P]total cp perset:       0.000064 / set
[P]total cp percuckoo:    0.105364 / cuckoo num

[P]cuckoo path / s:       18.587 / s
[P]cp per set * s:        0.000007 / set * s

[P]break loop / s:        0 / s
[P]break / set :          0 %

[P]Throughput:            5108210.935 ops
[P]all request:           188191415 o

[P]GetThroughput:         2320807.297 ops
[P]SetThroughput:         2787403.638 ops

[P]Valid Entries:         1081066.175 / s
[P]set success:           2764932.101 / s

[P]expire scan persec:    9185418.836 / s
[P]total expire scan:     182628823
[P]expire hit persec:     1808160.105 / s
[P]total expire hit:      17187617

[P]expire hit rate:       19.685113 %
[P]total expire hit rate: 9.411229 %

[P]get found:             1701087.290 / s

----------------------------------

[INFO]Current Time:       44.38 s

[P]indexs Load Factor:    93.7627 %

[P]full bucket LFactor:   72.2159 %

[P]set request:           104831979 
[P]get request:           87475475 

[P]Get Hit Rate:          74.6250 %
[P]ACC Hit Rate:          76.0492 %

[P]total cuckoo num:      61095 
[P]total cuckoo path:     6439 
[P]total cp perset:       0.000062 / set
[P]total cp percuckoo:    0.105393 / cuckoo num

[P]cuckoo path / s:       2.466 / s
[P]cp per set * s:        0.000001 / set * s

[P]break loop / s:        0 / s
[P]break / set :          0 %

[P]Throughput:            5075939.171 ops
[P]all request:           192307454 o

[P]GetThroughput:         2304929.334 ops
[P]SetThroughput:         2771009.837 ops

[P]Valid Entries:         988397.834 / s
[P]set success:           2805730.856 / s

[P]expire scan persec:    9248348.767 / s
[P]total expire scan:     190128236
[P]expire hit persec:     1879301.809 / s
[P]total expire hit:      18711528

[P]expire hit rate:       20.320404 %
[P]total expire hit rate: 9.841530 %

[P]get found:             1720053.742 / s

----------------------------------

[INFO]Current Time:       45.18 s

[P]indexs Load Factor:    94.4772 %

[P]full bucket LFactor:   73.6922 %

[P]set request:           106995868 
[P]get request:           89275861 

[P]Get Hit Rate:          74.4858 %
[P]ACC Hit Rate:          76.0177 %

[P]total cuckoo num:      61097 
[P]total cuckoo path:     6446 
[P]total cp perset:       0.000061 / set
[P]total cp percuckoo:    0.105504 / cuckoo num

[P]cuckoo path / s:       8.782 / s
[P]cp per set * s:        0.000003 / set * s

[P]break loop / s:        0 / s
[P]break / set :          0 %

[P]Throughput:            4973722.897 ops
[P]all request:           196271729 o

[P]GetThroughput:         2258829.438 ops
[P]SetThroughput:         2714893.459 ops

[P]Valid Entries:         905452.122 / s
[P]set success:           2855963.498 / s

[P]expire scan persec:    9356421.814 / s
[P]total expire scan:     197585714
[P]expire hit persec:     1951468.664 / s
[P]total expire hit:      20266934

[P]expire hit rate:       20.856997 %
[P]total expire hit rate: 10.257287 %

[P]get found:             1682507.284 / s

----------------------------------

[INFO]Current Time:       45.98 s

[P]indexs Load Factor:    95.1207 %

[P]full bucket LFactor:   75.0603 %

[P]set request:           109125139 
[P]get request:           91113425 

[P]Get Hit Rate:          74.3953 %
[P]ACC Hit Rate:          75.9850 %

[P]total cuckoo num:      61102 
[P]total cuckoo path:     6479 
[P]total cp perset:       0.000060 / set
[P]total cp percuckoo:    0.106036 / cuckoo num

[P]cuckoo path / s:       41.353 / s
[P]cp per set * s:        0.000014 / set * s

[P]break loop / s:        0 / s
[P]break / set :          0 %

[P]Throughput:            4970976.513 ops
[P]all request:           200238564 o

[P]GetThroughput:         2302714.251 ops
[P]SetThroughput:         2668262.262 ops

[P]Valid Entries:         825479.583 / s
[P]set success:           2866150.946 / s

[P]expire scan persec:    9493962.570 / s
[P]total expire scan:     205161888
[P]expire hit persec:     1993436.976 / s
[P]total expire hit:      21857695

[P]expire hit rate:       20.996891 %
[P]total expire hit rate: 10.653877 %

[P]get found:             1713110.861 / s

----------------------------------

[INFO]Current Time:       46.77 s

[P]indexs Load Factor:    95.6723 %

[P]full bucket LFactor:   76.2658 %

[P]set request:           111226962 
[P]get request:           92893213 

[P]Get Hit Rate:          74.3382 %
[P]ACC Hit Rate:          75.9534 %

[P]total cuckoo num:      61111 
[P]total cuckoo path:     6512 
[P]total cp perset:       0.000059 / set
[P]total cp percuckoo:    0.106560 / cuckoo num

[P]cuckoo path / s:       41.608 / s
[P]cp per set * s:        0.000015 / set * s

[P]break loop / s:        0 / s
[P]break / set :          0 %

[P]Throughput:            4894085.743 ops
[P]all request:           204120176 o

[P]GetThroughput:         2244025.182 ops
[P]SetThroughput:         2650059.300 ops

[P]Valid Entries:         733449.913 / s
[P]set success:           2747339.292 / s

[P]expire scan persec:    9365361.912 / s
[P]total expire scan:     212589772
[P]expire hit persec:     2046286.624 / s
[P]total expire hit:      23480652

[P]expire hit rate:       21.849520 %
[P]total expire hit rate: 11.045053 %

[P]get found:             1668167.470 / s

----------------------------------

[INFO]Current Time:       47.55 s

[P]indexs Load Factor:    96.1924 %

[P]full bucket LFactor:   77.4343 %

[P]set request:           113370546 
[P]get request:           94573541 

[P]Get Hit Rate:          77.1383 %
[P]ACC Hit Rate:          75.9745 %

[P]total cuckoo num:      61117 
[P]total cuckoo path:     6534 
[P]total cp perset:       0.000058 / set
[P]total cp percuckoo:    0.106910 / cuckoo num

[P]cuckoo path / s:       28.194 / s
[P]cp per set * s:        0.000010 / set * s

[P]break loop / s:        0 / s
[P]break / set :          0 %

[P]Throughput:            4900496.906 ops
[P]all request:           207944087 o

[P]GetThroughput:         2153408.425 ops
[P]SetThroughput:         2747089.762 ops

[P]Valid Entries:         666225.501 / s
[P]set success:           2695749.967 / s

[P]expire scan persec:    9450116.987 / s
[P]total expire scan:     219963801
[P]expire hit persec:     2143007.442 / s
[P]total expire hit:      25152864

[P]expire hit rate:       22.677047 %
[P]total expire hit rate: 11.435002 %

[P]get found:             1661102.070 / s

----------------------------------

[INFO]Current Time:       48.34 s

[P]indexs Load Factor:    96.6516 %

[P]full bucket LFactor:   78.4926 %

[P]set request:           115436612 
[P]get request:           96337793 

[P]Get Hit Rate:          72.6727 %
[P]ACC Hit Rate:          75.9140 %

[P]total cuckoo num:      61126 
[P]total cuckoo path:     6589 
[P]total cp perset:       0.000058 / set
[P]total cp percuckoo:    0.107794 / cuckoo num

[P]cuckoo path / s:       69.645 / s
[P]cp per set * s:        0.000024 / set * s

[P]break loop / s:        0 / s
[P]break / set :          0 %

[P]Throughput:            4850228.362 ops
[P]all request:           211774405 o

[P]GetThroughput:         2234024.718 ops
[P]SetThroughput:         2616203.644 ops

[P]Valid Entries:         612235.410 / s
[P]set success:           2854431.388 / s

[P]expire scan persec:    9731300.602 / s
[P]total expire scan:     227648795
[P]expire hit persec:     2156860.572 / s
[P]total expire hit:      26856178

[P]expire hit rate:       22.164155 %
[P]total expire hit rate: 11.797198 %

[P]get found:             1623525.368 / s

----------------------------------

[INFO]Current Time:       49.11 s

[P]indexs Load Factor:    97.0574 %

[P]full bucket LFactor:   79.4537 %

[P]set request:           117549811 
[P]get request:           98057864 

[P]Get Hit Rate:          74.0898 %
[P]ACC Hit Rate:          75.8820 %

[P]total cuckoo num:      61132 
[P]total cuckoo path:     6618 
[P]total cp perset:       0.000057 / set
[P]total cp percuckoo:    0.108258 / cuckoo num

[P]cuckoo path / s:       37.607 / s
[P]cp per set * s:        0.000013 / set * s

[P]break loop / s:        0 / s
[P]break / set :          0 %

[P]Throughput:            4970896.709 ops
[P]all request:           215607677 o

[P]GetThroughput:         2230547.499 ops
[P]SetThroughput:         2740346.616 ops

[P]Valid Entries:         540115.156 / s
[P]set success:           2801369.024 / s

[P]expire scan persec:    9630388.124 / s
[P]total expire scan:     235075201
[P]expire hit persec:     2164704.974 / s
[P]total expire hit:      28525475

[P]expire hit rate:       22.477858 %
[P]total expire hit rate: 12.134617 %

[P]get found:             1652607.969 / s

----------------------------------

[INFO]Current Time:       49.89 s

[P]indexs Load Factor:    97.4252 %

[P]full bucket LFactor:   80.3447 %

[P]set request:           119678321 
[P]get request:           99789684 

[P]Get Hit Rate:          75.4245 %
[P]ACC Hit Rate:          75.8741 %

[P]total cuckoo num:      61140 
[P]total cuckoo path:     6676 
[P]total cp perset:       0.000056 / set
[P]total cp percuckoo:    0.109192 / cuckoo num

[P]cuckoo path / s:       74.620 / s
[P]cp per set * s:        0.000026 / set * s

[P]break loop / s:        0 / s
[P]break / set :          0 %

[P]Throughput:            4966482.698 ops
[P]all request:           219468005 o

[P]GetThroughput:         2228063.021 ops
[P]SetThroughput:         2738422.250 ops

[P]Valid Entries:         494325.028 / s
[P]set success:           2858540.452 / s

[P]expire scan persec:    9901330.560 / s
[P]total expire scan:     242771268
[P]expire hit persec:     2343298.787 / s
[P]total expire hit:      30346865

[P]expire hit rate:       23.666504 %
[P]total expire hit rate: 12.500188 %

[P]get found:             1680504.652 / s

----------------------------------

[INFO]Current Time:       50.66 s

[P]indexs Load Factor:    97.7514 %

[P]full bucket LFactor:   81.1531 %

[P]set request:           121760533 
[P]get request:           101478306 

[P]Get Hit Rate:          76.7602 %
[P]ACC Hit Rate:          75.8888 %

[P]total cuckoo num:      61155 
[P]total cuckoo path:     6751 
[P]total cp perset:       0.000056 / set
[P]total cp percuckoo:    0.110392 / cuckoo num

[P]cuckoo path / s:       96.772 / s
[P]cp per set * s:        0.000034 / set * s

[P]break loop / s:        0 / s
[P]break / set :          0 %

[P]Throughput:            4865485.386 ops
[P]all request:           223238839 o

[P]GetThroughput:         2178819.238 ops
[P]SetThroughput:         2686666.148 ops

[P]Valid Entries:         440617.418 / s
[P]set success:           2856574.674 / s

[P]expire scan persec:    9981566.559 / s
[P]total expire scan:     250507152
[P]expire hit persec:     2341824.690 / s
[P]total expire hit:      32161819

[P]expire hit rate:       23.461495 %
[P]total expire hit rate: 12.838683 %

[P]get found:             1672466.490 / s

----------------------------------

[INFO]Current Time:       51.43 s

[P]indexs Load Factor:    98.0403 %

[P]full bucket LFactor:   81.8853 %

[P]set request:           123867098 
[P]get request:           103222227 

[P]Get Hit Rate:          71.1172 %
[P]ACC Hit Rate:          75.8082 %

[P]total cuckoo num:      61167 
[P]total cuckoo path:     6835 
[P]total cp perset:       0.000055 / set
[P]total cp percuckoo:    0.111743 / cuckoo num

[P]cuckoo path / s:       109.280 / s
[P]cp per set * s:        0.000039 / set * s

[P]break loop / s:        0 / s
[P]break / set :          0 %

[P]Throughput:            5009276.818 ops
[P]all request:           227089325 o

[P]GetThroughput:         2268748.163 ops
[P]SetThroughput:         2740528.655 ops

[P]Valid Entries:         394647.367 / s
[P]set success:           2813169.613 / s

[P]expire scan persec:    10092218.438 / s
[P]total expire scan:     258264748
[P]expire hit persec:     2295820.862 / s
[P]total expire hit:      33926550

[P]expire hit rate:       22.748426 %
[P]total expire hit rate: 13.136346 %

[P]get found:             1613470.447 / s

----------------------------------

[INFO]Current Time:       52.20 s

[P]indexs Load Factor:    98.2952 %

[P]full bucket LFactor:   82.5472 %

[P]set request:           126002824 
[P]get request:           104923997 

[P]Get Hit Rate:          73.7676 %
[P]ACC Hit Rate:          75.7751 %

[P]total cuckoo num:      61176 
[P]total cuckoo path:     6896 
[P]total cp perset:       0.000055 / set
[P]total cp percuckoo:    0.112724 / cuckoo num

[P]cuckoo path / s:       79.539 / s
[P]cp per set * s:        0.000028 / set * s

[P]break loop / s:        0 / s
[P]break / set :          0 %

[P]Throughput:            5003756.891 ops
[P]all request:           230926821 o

[P]GetThroughput:         2218958.239 ops
[P]SetThroughput:         2784798.653 ops

[P]Valid Entries:         349543.588 / s
[P]set success:           2862334.473 / s

[P]expire scan persec:    10141115.209 / s
[P]total expire scan:     266042202
[P]expire hit persec:     2466959.684 / s
[P]total expire hit:      35818518

[P]expire hit rate:       24.326316 %
[P]total expire hit rate: 13.463472 %

[P]get found:             1636872.386 / s

----------------------------------

[INFO]Current Time:       52.97 s

[P]indexs Load Factor:    98.5189 %

[P]full bucket LFactor:   83.1380 %

[P]set request:           128066736 
[P]get request:           106622561 

[P]Get Hit Rate:          72.2529 %
[P]ACC Hit Rate:          75.7190 %

[P]total cuckoo num:      61191 
[P]total cuckoo path:     7018 
[P]total cp perset:       0.000055 / set
[P]total cp percuckoo:    0.114690 / cuckoo num

[P]cuckoo path / s:       159.201 / s
[P]cp per set * s:        0.000058 / set * s

[P]break loop / s:        0 / s
[P]break / set :          0 %

[P]Throughput:            4909739.491 ops
[P]all request:           234689297 o

[P]GetThroughput:         2216494.337 ops
[P]SetThroughput:         2693245.153 ops

[P]Valid Entries:         307592.411 / s
[P]set success:           2753075.849 / s

[P]expire scan persec:    10209966.592 / s
[P]total expire scan:     273866396
[P]expire hit persec:     2499961.341 / s
[P]total expire hit:      37734311

[P]expire hit rate:       24.485500 %
[P]total expire hit rate: 13.778365 %

[P]get found:             1601481.765 / s

----------------------------------

[INFO]Current Time:       53.73 s

[P]indexs Load Factor:    98.7089 %

[P]full bucket LFactor:   83.6469 %

[P]set request:           130152825 
[P]get request:           108315705 

[P]Get Hit Rate:          73.6643 %
[P]ACC Hit Rate:          75.6869 %

[P]total cuckoo num:      61206 
[P]total cuckoo path:     7118 
[P]total cp perset:       0.000055 / set
[P]total cp percuckoo:    0.116296 / cuckoo num

[P]cuckoo path / s:       131.032 / s
[P]cp per set * s:        0.000046 / set * s

[P]break loop / s:        0 / s
[P]break / set :          0 %

[P]Throughput:            4952019.839 ops
[P]all request:           238468530 o

[P]GetThroughput:         2218567.280 ops
[P]SetThroughput:         2733452.559 ops

[P]Valid Entries:         273388.628 / s
[P]set success:           2867606.154 / s

[P]expire scan persec:    10293515.154 / s
[P]total expire scan:     281722098
[P]expire hit persec:     2390704.549 / s
[P]total expire hit:      39558825

[P]expire hit rate:       23.225346 %
[P]total expire hit rate: 14.041790 %

[P]get found:             1634291.172 / s

----------------------------------

[INFO]Current Time:       54.49 s

[P]indexs Load Factor:    98.8814 %

[P]full bucket LFactor:   84.1188 %

[P]set request:           132127773 
[P]get request:           109950330 

[P]Get Hit Rate:          73.6870 %
[P]ACC Hit Rate:          75.6572 %

[P]total cuckoo num:      61225 
[P]total cuckoo path:     7253 
[P]total cp perset:       0.000055 / set
[P]total cp percuckoo:    0.118465 / cuckoo num

[P]cuckoo path / s:       177.087 / s
[P]cp per set * s:        0.000065 / set * s

[P]break loop / s:        0 / s
[P]break / set :          0 %

[P]Throughput:            4734878.597 ops
[P]all request:           242078103 o

[P]GetThroughput:         2144228.951 ops
[P]SetThroughput:         2590649.646 ops

[P]Valid Entries:         228809.578 / s
[P]set success:           2723416.394 / s

[P]expire scan persec:    9808452.562 / s
[P]total expire scan:     289199444
[P]expire hit persec:     2383573.240 / s
[P]total expire hit:      41375911

[P]expire hit rate:       24.301216 %
[P]total expire hit rate: 14.307051 %

[P]get found:             1580017.825 / s

----------------------------------

[INFO]Current Time:       55.26 s

[P]indexs Load Factor:    99.0329 %

[P]full bucket LFactor:   84.5408 %

[P]set request:           134204491 
[P]get request:           111665685 

[P]Get Hit Rate:          72.1122 %
[P]ACC Hit Rate:          75.6027 %

[P]total cuckoo num:      61256 
[P]total cuckoo path:     7506 
[P]total cp perset:       0.000056 / set
[P]total cp percuckoo:    0.122535 / cuckoo num

[P]cuckoo path / s:       330.560 / s
[P]cp per set * s:        0.000116 / set * s

[P]break loop / s:        0 / s
[P]break / set :          0 %

[P]Throughput:            4954581.065 ops
[P]all request:           245870176 o

[P]GetThroughput:         2241218.827 ops
[P]SetThroughput:         2713362.237 ops

[P]Valid Entries:         210743.334 / s
[P]set success:           2849097.115 / s

[P]expire scan persec:    10328053.965 / s
[P]total expire scan:     297104196
[P]expire hit persec:     2569283.651 / s
[P]total expire hit:      43342356

[P]expire hit rate:       24.876745 %
[P]total expire hit rate: 14.588268 %

[P]get found:             1616191.905 / s

----------------------------------

[INFO]Current Time:       56.02 s

[P]indexs Load Factor:    99.1637 %

[P]full bucket LFactor:   84.9102 %

[P]set request:           136322394 
[P]get request:           113382376 

[P]Get Hit Rate:          72.1055 %
[P]ACC Hit Rate:          75.5498 %

[P]total cuckoo num:      61280 
[P]total cuckoo path:     7721 
[P]total cp perset:       0.000057 / set
[P]total cp percuckoo:    0.125995 / cuckoo num

[P]cuckoo path / s:       281.938 / s
[P]cp per set * s:        0.000098 / set * s

[P]break loop / s:        0 / s
[P]break / set :          0 %

[P]Throughput:            5028456.304 ops
[P]all request:           249704771 o

[P]GetThroughput:         2251164.903 ops
[P]SetThroughput:         2777290.090 ops

[P]Valid Entries:         185339.495 / s
[P]set success:           2865151.155 / s

[P]expire scan persec:    10423045.183 / s
[P]total expire scan:     305052591
[P]expire hit persec:     2604723.043 / s
[P]total expire hit:      45328663

[P]expire hit rate:       24.990039 %
[P]total expire hit rate: 14.859295 %

[P]get found:             1623214.196 / s

----------------------------------

[INFO]Current Time:       56.78 s

[P]indexs Load Factor:    99.2791 %

[P]full bucket LFactor:   85.2424 %

[P]set request:           138319502 
[P]get request:           114998919 

[P]Get Hit Rate:          74.9361 %
[P]ACC Hit Rate:          75.5411 %

[P]total cuckoo num:      61297 
[P]total cuckoo path:     7877 
[P]total cp perset:       0.000057 / set
[P]total cp percuckoo:    0.128505 / cuckoo num

[P]cuckoo path / s:       204.605 / s
[P]cp per set * s:        0.000073 / set * s

[P]break loop / s:        0 / s
[P]break / set :          0 %

[P]Throughput:            4739561.080 ops
[P]all request:           253318421 o

[P]GetThroughput:         2120212.054 ops
[P]SetThroughput:         2619350.338 ops

[P]Valid Entries:         158684.437 / s
[P]set success:           2809189.850 / s

[P]expire scan persec:    10266612.107 / s
[P]total expire scan:     312880308
[P]expire hit persec:     2572158.677 / s
[P]total expire hit:      47289790

[P]expire hit rate:       25.053627 %
[P]total expire hit rate: 15.114339 %

[P]get found:             1588803.859 / s

----------------------------------

[INFO]Current Time:       57.54 s

[P]indexs Load Factor:    99.3768 %

[P]full bucket LFactor:   85.5290 %

[P]set request:           140424284 
[P]get request:           116701247 

[P]Get Hit Rate:          73.4184 %
[P]ACC Hit Rate:          75.5102 %

[P]total cuckoo num:      61326 
[P]total cuckoo path:     8142 
[P]total cp perset:       0.000058 / set
[P]total cp percuckoo:    0.132766 / cuckoo num

[P]cuckoo path / s:       348.968 / s
[P]cp per set * s:        0.000124 / set * s

[P]break loop / s:        0 / s
[P]break / set :          0 %

[P]Throughput:            5013425.616 ops
[P]all request:           257125531 o

[P]GetThroughput:         2241725.299 ops
[P]SetThroughput:         2771700.317 ops

[P]Valid Entries:         140533.835 / s
[P]set success:           2805199.884 / s

[P]expire scan persec:    10486229.460 / s
[P]total expire scan:     320843372
[P]expire hit persec:     2483737.576 / s
[P]total expire hit:      49175898

[P]expire hit rate:       23.685707 %
[P]total expire hit rate: 15.327073 %

[P]get found:             1645838.873 / s

----------------------------------

[INFO]Current Time:       58.30 s

[P]indexs Load Factor:    99.4645 %

[P]full bucket LFactor:   85.7883 %

[P]set request:           142473946 
[P]get request:           118327564 

[P]Get Hit Rate:          73.3937 %
[P]ACC Hit Rate:          75.4811 %

[P]total cuckoo num:      61362 
[P]total cuckoo path:     8477 
[P]total cp perset:       0.000059 / set
[P]total cp percuckoo:    0.138147 / cuckoo num

[P]cuckoo path / s:       441.754 / s
[P]cp per set * s:        0.000161 / set * s

[P]break loop / s:        0 / s
[P]break / set :          0 %

[P]Throughput:            4847402.976 ops
[P]all request:           260801510 o

[P]GetThroughput:         2144575.327 ops
[P]SetThroughput:         2702827.649 ops

[P]Valid Entries:         120270.610 / s
[P]set success:           2738506.901 / s

[P]expire scan persec:    10263651.149 / s
[P]total expire scan:     328626708
[P]expire hit persec:     2586502.500 / s
[P]total expire hit:      51137346

[P]expire hit rate:       25.200608 %
[P]total expire hit rate: 15.560922 %

[P]get found:             1573982.891 / s

----------------------------------

[INFO]Current Time:       59.06 s

[P]indexs Load Factor:    99.5402 %

[P]full bucket LFactor:   86.0158 %

[P]set request:           144578876 
[P]get request:           120031580 

[P]Get Hit Rate:          73.3791 %
[P]ACC Hit Rate:          75.4512 %

[P]total cuckoo num:      61390 
[P]total cuckoo path:     8731 
[P]total cp perset:       0.000060 / set
[P]total cp percuckoo:    0.142222 / cuckoo num

[P]cuckoo path / s:       335.877 / s
[P]cp per set * s:        0.000117 / set * s

[P]break loop / s:        0 / s
[P]break / set :          0 %

[P]Throughput:            5036761.593 ops
[P]all request:           264610456 o

[P]GetThroughput:         2253306.385 ops
[P]SetThroughput:         2783455.208 ops

[P]Valid Entries:         107361.636 / s
[P]set success:           2874543.999 / s

[P]expire scan persec:    10604712.699 / s
[P]total expire scan:     336646301
[P]expire hit persec:     2625840.287 / s
[P]total expire hit:      53123083

[P]expire hit rate:       24.761070 %
[P]total expire hit rate: 15.780088 %

[P]get found:             1653456.469 / s

----------------------------------

[INFO]Current Time:       59.82 s

[P]indexs Load Factor:    99.6043 %

[P]full bucket LFactor:   86.2107 %

[P]set request:           146591482 
[P]get request:           121626889 

[P]Get Hit Rate:          74.7841 %
[P]ACC Hit Rate:          75.4425 %

[P]total cuckoo num:      61427 
[P]total cuckoo path:     9068 
[P]total cp perset:       0.000062 / set
[P]total cp percuckoo:    0.147622 / cuckoo num

[P]cuckoo path / s:       442.485 / s
[P]cp per set * s:        0.000159 / set * s

[P]break loop / s:        0 / s
[P]break / set :          0 %

[P]Throughput:            4737240.235 ops
[P]all request:           268218371 o

[P]GetThroughput:         2094661.870 ops
[P]SetThroughput:         2642578.365 ops

[P]Valid Entries:         90488.935 / s
[P]set success:           2785597.021 / s

[P]expire scan persec:    10300456.408 / s
[P]total expire scan:     344491200
[P]expire hit persec:     2454477.398 / s
[P]total expire hit:      54992430

[P]expire hit rate:       23.828822 %
[P]total expire hit rate: 15.963377 %

[P]get found:             1566473.400 / s

----------------------------------

[INFO]Current Time:       60.57 s

[P]indexs Load Factor:    99.6610 %

[P]full bucket LFactor:   86.3853 %

[P]set request:           148616375 
[P]get request:           123263215 

[P]Get Hit Rate:          74.7198 %
[P]ACC Hit Rate:          75.4329 %

[P]total cuckoo num:      61451 
[P]total cuckoo path:     9289 
[P]total cp perset:       0.000062 / set
[P]total cp percuckoo:    0.151161 / cuckoo num

[P]cuckoo path / s:       292.444 / s
[P]cp per set * s:        0.000102 / set * s

[P]break loop / s:        0 / s
[P]break / set :          0 %

[P]Throughput:            4844804.103 ops
[P]all request:           271879590 o

[P]GetThroughput:         2165311.312 ops
[P]SetThroughput:         2679492.790 ops

[P]Valid Entries:         80763.519 / s
[P]set success:           2878807.304 / s

[P]expire scan persec:    10672588.079 / s
[P]total expire scan:     352556476
[P]expire hit persec:     2652130.084 / s
[P]total expire hit:      56996645

[P]expire hit rate:       24.849925 %
[P]total expire hit rate: 16.166671 %

[P]get found:             1617915.601 / s

----------------------------------

[INFO]Current Time:       61.33 s

[P]indexs Load Factor:    99.7098 %

[P]full bucket LFactor:   86.5368 %

[P]set request:           150713997 
[P]get request:           124927151 

[P]Get Hit Rate:          73.1868 %
[P]ACC Hit Rate:          75.4030 %

[P]total cuckoo num:      61479 
[P]total cuckoo path:     9553 
[P]total cp perset:       0.000063 / set
[P]total cp percuckoo:    0.155386 / cuckoo num

[P]cuckoo path / s:       349.135 / s
[P]cp per set * s:        0.000127 / set * s

[P]break loop / s:        0 / s
[P]break / set :          0 %

[P]Throughput:            4974593.649 ops
[P]all request:           275641148 o

[P]GetThroughput:         2200525.808 ops
[P]SetThroughput:         2774067.841 ops

[P]Valid Entries:         69551.986 / s
[P]set success:           2757686.253 / s

[P]expire scan persec:    10660155.072 / s
[P]total expire scan:     360617193
[P]expire hit persec:     2650813.818 / s
[P]total expire hit:      59001068

[P]expire hit rate:       24.866560 %
[P]total expire hit rate: 16.361136 %

[P]get found:             1610495.067 / s

----------------------------------

[INFO]Current Time:       62.09 s

[P]indexs Load Factor:    99.7513 %

[P]full bucket LFactor:   86.6682 %

[P]set request:           152770954 
[P]get request:           126556250 

[P]Get Hit Rate:          71.6780 %
[P]ACC Hit Rate:          75.3550 %

[P]total cuckoo num:      61508 
[P]total cuckoo path:     9830 
[P]total cp perset:       0.000064 / set
[P]total cp percuckoo:    0.159817 / cuckoo num

[P]cuckoo path / s:       366.884 / s
[P]cp per set * s:        0.000134 / set * s

[P]break loop / s:        0 / s
[P]break / set :          0 %

[P]Throughput:            4882141.761 ops
[P]all request:           279327204 o

[P]GetThroughput:         2157724.207 ops
[P]SetThroughput:         2724417.554 ops

[P]Valid Entries:         59306.658 / s
[P]set success:           2741186.913 / s

[P]expire scan persec:    10472387.294 / s
[P]total expire scan:     368523929
[P]expire hit persec:     2521231.622 / s
[P]total expire hit:      60904618

[P]expire hit rate:       24.075042 %
[P]total expire hit rate: 16.526639 %

[P]get found:             1546612.787 / s

----------------------------------

[INFO]Current Time:       62.84 s

[P]indexs Load Factor:    99.7877 %

[P]full bucket LFactor:   86.7839 %

[P]set request:           154860307 
[P]get request:           128244826 

[P]Get Hit Rate:          73.1518 %
[P]ACC Hit Rate:          75.3260 %

[P]total cuckoo num:      61541 
[P]total cuckoo path:     10154 
[P]total cp perset:       0.000065 / set
[P]total cp percuckoo:    0.164996 / cuckoo num

[P]cuckoo path / s:       429.935 / s
[P]cp per set * s:        0.000150 / set * s

[P]break loop / s:        0 / s
[P]break / set :          0 %

[P]Throughput:            5013155.590 ops
[P]all request:           283105133 o

[P]GetThroughput:         2240670.540 ops
[P]SetThroughput:         2772485.050 ops

[P]Valid Entries:         51508.554 / s
[P]set success:           2867048.105 / s

[P]expire scan persec:    10687396.676 / s
[P]total expire scan:     376577983
[P]expire hit persec:     2662924.708 / s
[P]total expire hit:      62911406

[P]expire hit rate:       24.916495 %
[P]total expire hit rate: 16.706077 %

[P]get found:             1639091.180 / s

----------------------------------

[INFO]Current Time:       63.59 s

[P]indexs Load Factor:    99.8192 %

[P]full bucket LFactor:   86.8849 %

[P]set request:           156915104 
[P]get request:           129882526 

[P]Get Hit Rate:          75.6206 %
[P]ACC Hit Rate:          75.3297 %

[P]total cuckoo num:      61579 
[P]total cuckoo path:     10522 
[P]total cp perset:       0.000067 / set
[P]total cp percuckoo:    0.170870 / cuckoo num

[P]cuckoo path / s:       487.593 / s
[P]cp per set * s:        0.000173 / set * s

[P]break loop / s:        0 / s
[P]break / set :          0 %

[P]Throughput:            4892486.584 ops
[P]all request:           286797630 o

[P]GetThroughput:         2169920.592 ops
[P]SetThroughput:         2722565.991 ops

[P]Valid Entries:         44873.115 / s
[P]set success:           2817121.901 / s

[P]expire scan persec:    10712932.547 / s
[P]total expire scan:     384663334
[P]expire hit persec:     2671979.560 / s
[P]total expire hit:      64928024

[P]expire hit rate:       24.941626 %
[P]total expire hit rate: 16.879182 %

[P]get found:             1640907.546 / s

----------------------------------

[INFO]Current Time:       64.35 s

[P]indexs Load Factor:    99.8455 %

[P]full bucket LFactor:   86.9701 %

[P]set request:           158971237 
[P]get request:           131575902 

[P]Get Hit Rate:          73.0287 %
[P]ACC Hit Rate:          75.3001 %

[P]total cuckoo num:      61621 
[P]total cuckoo path:     10915 
[P]total cp perset:       0.000068 / set
[P]total cp percuckoo:    0.177131 / cuckoo num

[P]cuckoo path / s:       521.930 / s
[P]cp per set * s:        0.000185 / set * s

[P]break loop / s:        0 / s
[P]break / set :          0 %

[P]Throughput:            4979593.034 ops
[P]all request:           290547139 o

[P]GetThroughput:         2248914.013 ops
[P]SetThroughput:         2730679.020 ops

[P]Valid Entries:         38687.872 / s
[P]set success:           2825627.726 / s

[P]expire scan persec:    10753367.827 / s
[P]total expire scan:     392760351
[P]expire hit persec:     2738728.425 / s
[P]total expire hit:      66990218

[P]expire hit rate:       25.468565 %
[P]total expire hit rate: 17.056258 %

[P]get found:             1642353.360 / s

----------------------------------

[INFO]Current Time:       65.10 s

[P]indexs Load Factor:    99.8685 %

[P]full bucket LFactor:   87.0447 %

[P]set request:           160978683 
[P]get request:           133230103 

[P]Get Hit Rate:          73.0389 %
[P]ACC Hit Rate:          75.2720 %

[P]total cuckoo num:      61674 
[P]total cuckoo path:     11437 
[P]total cp perset:       0.000071 / set
[P]total cp percuckoo:    0.185443 / cuckoo num

[P]cuckoo path / s:       689.878 / s
[P]cp per set * s:        0.000251 / set * s

[P]break loop / s:        0 / s
[P]break / set :          0 %

[P]Throughput:            4839255.813 ops
[P]all request:           294208786 o

[P]GetThroughput:         2186202.495 ops
[P]SetThroughput:         2653053.319 ops

[P]Valid Entries:         31960.406 / s
[P]set success:           2744402.748 / s

[P]expire scan persec:    10456286.197 / s
[P]total expire scan:     400672152
[P]expire hit persec:     2509903.530 / s
[P]total expire hit:      68889349

[P]expire hit rate:       24.003776 %
[P]total expire hit rate: 17.193446 %

[P]get found:             1596779.292 / s

----------------------------------

[INFO]Current Time:       65.86 s

[P]indexs Load Factor:    99.8880 %

[P]full bucket LFactor:   87.1103 %

[P]set request:           163031888 
[P]get request:           134888385 

[P]Get Hit Rate:          74.4650 %
[P]ACC Hit Rate:          75.2621 %

[P]total cuckoo num:      61708 
[P]total cuckoo path:     11772 
[P]total cp perset:       0.000072 / set
[P]total cp percuckoo:    0.190769 / cuckoo num

[P]cuckoo path / s:       444.731 / s
[P]cp per set * s:        0.000155 / set * s

[P]break loop / s:        0 / s
[P]break / set :          0 %

[P]Throughput:            4927198.659 ops
[P]all request:           297920273 o

[P]GetThroughput:         2201458.566 ops
[P]SetThroughput:         2725740.094 ops

[P]Valid Entries:         28429.565 / s
[P]set success:           2877056.003 / s

[P]expire scan persec:    10752398.516 / s
[P]total expire scan:     408771559
[P]expire hit persec:     2743474.885 / s
[P]total expire hit:      70955913

[P]expire hit rate:       25.515004 %
[P]total expire hit rate: 17.358329 %

[P]get found:             1639315.203 / s

----------------------------------

[INFO]Current Time:       66.61 s

[P]indexs Load Factor:    99.9048 %

[P]full bucket LFactor:   87.1661 %

[P]set request:           165006877 
[P]get request:           136548864 

[P]Get Hit Rate:          72.9953 %
[P]ACC Hit Rate:          75.2346 %

[P]total cuckoo num:      61739 
[P]total cuckoo path:     12079 
[P]total cp perset:       0.000073 / set
[P]total cp percuckoo:    0.195646 / cuckoo num

[P]cuckoo path / s:       406.739 / s
[P]cp per set * s:        0.000144 / set * s

[P]break loop / s:        0 / s
[P]break / set :          0 %

[P]Throughput:            4816570.876 ops
[P]all request:           301555743 o

[P]GetThroughput:         2199939.703 ops
[P]SetThroughput:         2616628.523 ops

[P]Valid Entries:         23961.826 / s
[P]set success:           2818337.922 / s

[P]expire scan persec:    10764851.153 / s
[P]total expire scan:     416896695
[P]expire hit persec:     2692038.190 / s
[P]total expire hit:      72987820

[P]expire hit rate:       25.007668 %
[P]total expire hit rate: 17.507412 %

[P]get found:             1605853.079 / s

----------------------------------

[INFO]Current Time:       67.36 s

[P]indexs Load Factor:    99.9190 %

[P]full bucket LFactor:   87.2145 %

[P]set request:           167092133 
[P]get request:           138233894 

[P]Get Hit Rate:          72.9977 %
[P]ACC Hit Rate:          75.2073 %

[P]total cuckoo num:      61779 
[P]total cuckoo path:     12474 
[P]total cp perset:       0.000074 / set
[P]total cp percuckoo:    0.201913 / cuckoo num

[P]cuckoo path / s:       528.079 / s
[P]cp per set * s:        0.000187 / set * s

[P]break loop / s:        0 / s
[P]break / set :          0 %

[P]Throughput:            5040527.426 ops
[P]all request:           305326027 o

[P]GetThroughput:         2252732.136 ops
[P]SetThroughput:         2787797.964 ops

[P]Valid Entries:         20867.816 / s
[P]set success:           2829839.748 / s

[P]expire scan persec:    10803416.314 / s
[P]total expire scan:     424977585
[P]expire hit persec:     2759285.701 / s
[P]total expire hit:      75051749

[P]expire hit rate:       25.540862 %
[P]total expire hit rate: 17.660166 %

[P]get found:             1644442.454 / s

----------------------------------

[INFO]Current Time:       68.11 s

[P]indexs Load Factor:    99.9302 %

[P]full bucket LFactor:   87.2528 %

[P]set request:           169082724 
[P]get request:           139840407 

[P]Get Hit Rate:          74.4991 %
[P]ACC Hit Rate:          75.1991 %

[P]total cuckoo num:      61812 
[P]total cuckoo path:     12804 
[P]total cp perset:       0.000075 / set
[P]total cp percuckoo:    0.207144 / cuckoo num

[P]cuckoo path / s:       439.711 / s
[P]cp per set * s:        0.000157 / set * s

[P]break loop / s:        0 / s
[P]break / set :          0 %

[P]Throughput:            4792987.759 ops
[P]all request:           308923131 o

[P]GetThroughput:         2140610.097 ops
[P]SetThroughput:         2652377.662 ops

[P]Valid Entries:         17455.192 / s
[P]set success:           2800036.591 / s

[P]expire scan persec:    10488807.330 / s
[P]total expire scan:     432849362
[P]expire hit persec:     2578245.063 / s
[P]total expire hit:      76986704

[P]expire hit rate:       24.580917 %
[P]total expire hit rate: 17.786027 %

[P]get found:             1594734.289 / s

----------------------------------
[INFO]End rx_queue_1:1730438

[INFO]Current Time:       68.86 s

[P]indexs Load Factor:    99.9375 %

[P]full bucket LFactor:   87.2773 %

[P]set request:           170615157 
[P]get request:           141024035 

[P]Get Hit Rate:          74.0139 %
[P]ACC Hit Rate:          75.1892 %

[P]total cuckoo num:      61835 
[P]total cuckoo path:     13033 
[P]total cp perset:       0.000076 / set
[P]total cp percuckoo:    0.210771 / cuckoo num

[P]cuckoo path / s:       303.772 / s
[P]cp per set * s:        0.000146 / set * s

[P]break loop / s:        0 / s
[P]break / set :          0 %

[P]Throughput:            3602891.272 ops
[P]all request:           311639192 o

[P]GetThroughput:         1570098.385 ops
[P]SetThroughput:         2032792.887 ops

[P]Valid Entries:         11296.588 / s
[P]set success:           2087036.672 / s

[P]expire scan persec:    7714420.837 / s
[P]total expire scan:     438664924
[P]expire hit persec:     1970016.967 / s
[P]total expire hit:      78471813

[P]expire hit rate:       25.536810 %
[P]total expire hit rate: 17.888782 %

[P]get found:             1162090.725 / s

----------------------------------

[INFO]Current Time:       69.61 s

[P]indexs Load Factor:    99.9448 %

[P]full bucket LFactor:   87.3027 %

[P]set request:           172162489 
[P]get request:           142171940 

[P]Get Hit Rate:          77.2573 %
[P]ACC Hit Rate:          75.2059 %

[P]total cuckoo num:      61859 
[P]total cuckoo path:     13273 
[P]total cp perset:       0.000077 / set
[P]total cp percuckoo:    0.214569 / cuckoo num

[P]cuckoo path / s:       320.767 / s
[P]cp per set * s:        0.000152 / set * s

[P]break loop / s:        0 / s
[P]break / set :          0 %

[P]Throughput:            3602260.695 ops
[P]all request:           314334429 o

[P]GetThroughput:         1534207.590 ops
[P]SetThroughput:         2068053.104 ops

[P]Valid Entries:         9725.917 / s
[P]set success:           2112702.507 / s

[P]expire scan persec:    7703216.208 / s
[P]total expire scan:     444428525
[P]expire hit persec:     2031142.201 / s
[P]total expire hit:      79991528

[P]expire hit rate:       26.367457 %
[P]total expire hit rate: 17.998738 %

[P]get found:             1185286.813 / s

----------------------------------

[INFO]Current Time:       70.36 s

[P]indexs Load Factor:    99.9516 %

[P]full bucket LFactor:   87.3259 %

[P]set request:           173814715 
[P]get request:           143513455 

[P]Get Hit Rate:          70.2800 %
[P]ACC Hit Rate:          75.1599 %

[P]total cuckoo num:      61895 
[P]total cuckoo path:     13628 
[P]total cp perset:       0.000078 / set
[P]total cp percuckoo:    0.220179 / cuckoo num

[P]cuckoo path / s:       474.190 / s
[P]cp per set * s:        0.000206 / set * s

[P]break loop / s:        0 / s
[P]break / set :          0 %

[P]Throughput:            3998880.285 ops
[P]all request:           317328171 o

[P]GetThroughput:         1791923.915 ops
[P]SetThroughput:         2206955.034 ops

[P]Valid Entries:         9625.389 / s
[P]set success:           2303984.993 / s

[P]expire scan persec:    8205853.841 / s
[P]total expire scan:     450571797
[P]expire hit persec:     2202587.143 / s
[P]total expire hit:      81640484

[P]expire hit rate:       26.841657 %
[P]total expire hit rate: 18.119306 %

[P]get found:             1259364.472 / s

----------------------------------

[INFO]Current Time:       71.11 s

[P]indexs Load Factor:    99.9575 %

[P]full bucket LFactor:   87.3468 %

[P]set request:           175509004 
[P]get request:           144833295 

[P]Get Hit Rate:          72.9144 %
[P]ACC Hit Rate:          75.1394 %

[P]total cuckoo num:      61920 
[P]total cuckoo path:     13878 
[P]total cp perset:       0.000078 / set
[P]total cp percuckoo:    0.224128 / cuckoo num

[P]cuckoo path / s:       334.961 / s
[P]cp per set * s:        0.000147 / set * s

[P]break loop / s:        0 / s
[P]break / set :          0 %

[P]Throughput:            4038458.802 ops
[P]all request:           320342299 o

[P]GetThroughput:         1768378.604 ops
[P]SetThroughput:         2270081.538 ops

[P]Valid Entries:         8391.438 / s
[P]set success:           2276137.629 / s

[P]expire scan persec:    8108016.704 / s
[P]total expire scan:     456623264
[P]expire hit persec:     2133003.523 / s
[P]total expire hit:      83232464

[P]expire hit rate:       26.307340 %
[P]total expire hit rate: 18.227819 %

[P]get found:             1289403.430 / s

----------------------------------

[INFO]Current Time:       71.86 s

[P]indexs Load Factor:    99.9626 %

[P]full bucket LFactor:   87.3641 %

[P]set request:           177203764 
[P]get request:           146156784 

[P]Get Hit Rate:          72.8607 %
[P]ACC Hit Rate:          75.1188 %

[P]total cuckoo num:      61933 
[P]total cuckoo path:     14008 
[P]total cp perset:       0.000078 / set
[P]total cp percuckoo:    0.226180 / cuckoo num

[P]cuckoo path / s:       173.349 / s
[P]cp per set * s:        0.000075 / set * s

[P]break loop / s:        0 / s
[P]break / set :          0 %

[P]Throughput:            4024703.031 ops
[P]all request:           323360548 o

[P]GetThroughput:         1764814.696 ops
[P]SetThroughput:         2259888.336 ops

[P]Valid Entries:         7547.362 / s
[P]set success:           2305893.910 / s

[P]expire scan persec:    7953137.188 / s
[P]total expire scan:     462587567
[P]expire hit persec:     2206522.083 / s
[P]total expire hit:      84887203

[P]expire hit rate:       27.744047 %
[P]total expire hit rate: 18.350515 %

[P]get found:             1285855.874 / s

----------------------------------

[INFO]Current Time:       72.60 s

[P]indexs Load Factor:    99.9665 %

[P]full bucket LFactor:   87.3780 %

[P]set request:           178776962 
[P]get request:           147405743 

[P]Get Hit Rate:          71.8684 %
[P]ACC Hit Rate:          75.0912 %

[P]total cuckoo num:      61948 
[P]total cuckoo path:     14158 
[P]total cp perset:       0.000079 / set
[P]total cp percuckoo:    0.228547 / cuckoo num

[P]cuckoo path / s:       200.612 / s
[P]cp per set * s:        0.000094 / set * s

[P]break loop / s:        0 / s
[P]break / set :          0 %

[P]Throughput:            3774394.538 ops
[P]all request:           326182705 o

[P]GetThroughput:         1670376.250 ops
[P]SetThroughput:         2104018.288 ops

[P]Valid Entries:         6021.041 / s
[P]set success:           2144618.189 / s

[P]expire scan persec:    7360102.584 / s
[P]total expire scan:     468090798
[P]expire hit persec:     2094731.279 / s
[P]total expire hit:      86453457

[P]expire hit rate:       28.460626 %
[P]total expire hit rate: 18.469378 %

[P]get found:             1200472.886 / s

----------------------------------
[INFO]End rx_queue_3:906237

[INFO]Current Time:       73.35 s

[P]indexs Load Factor:    99.9687 %

[P]full bucket LFactor:   87.3859 %

[P]set request:           180098726 
[P]get request:           148458831 

[P]Get Hit Rate:          73.0976 %
[P]ACC Hit Rate:          75.0771 %

[P]total cuckoo num:      61955 
[P]total cuckoo path:     14225 
[P]total cp perset:       0.000078 / set
[P]total cp percuckoo:    0.229602 / cuckoo num

[P]cuckoo path / s:       89.603 / s
[P]cp per set * s:        0.000050 / set * s

[P]break loop / s:        0 / s
[P]break / set :          0 %

[P]Throughput:            3176040.684 ops
[P]all request:           328557557 o

[P]GetThroughput:         1408361.587 ops
[P]SetThroughput:         1767679.097 ops

[P]Valid Entries:         4458.770 / s
[P]set success:           1789852.586 / s

[P]expire scan persec:    6412998.281 / s
[P]total expire scan:     472886052
[P]expire hit persec:     1768022.799 / s
[P]total expire hit:      87775478

[P]expire hit rate:       27.569363 %
[P]total expire hit rate: 18.561655 %

[P]get found:             1029478.447 / s

----------------------------------
[INFO]End rx_queue_0:1777665

[INFO]Current Time:       74.10 s

[P]indexs Load Factor:    99.9687 %

[P]full bucket LFactor:   87.3859 %

[P]set request:           180348350 
[P]get request:           148654407 

[P]Get Hit Rate:          72.1408 %
[P]ACC Hit Rate:          75.0732 %

[P]total cuckoo num:      61957 
[P]total cuckoo path:     14245 
[P]total cp perset:       0.000078 / set
[P]total cp percuckoo:    0.229918 / cuckoo num

[P]cuckoo path / s:       26.821 / s
[P]cp per set * s:        0.000080 / set * s

[P]break loop / s:        0 / s
[P]break / set :          0 %

[P]Throughput:            597029.325 ops
[P]all request:           329002757 o

[P]GetThroughput:         262274.500 ops
[P]SetThroughput:         334754.825 ops

[P]Valid Entries:         726.842 / s
[P]set success:           335402.546 / s

[P]expire scan persec:    1163098.146 / s
[P]total expire scan:     473753365
[P]expire hit persec:     332496.520 / s
[P]total expire hit:      88023418

[P]expire hit rate:       28.587142 %
[P]total expire hit rate: 18.580009 %

[P]get found:             189206.800 / s

----------------------------------
[INFO]End rx_queue_2:1759625
Finish the job......

Total Index Entries:      92612092

indexs Load Factor:     99.968749 %

log_0 Load Factor:      3435973836645.019043 %

log_1 Load Factor:      3435973836676.403320 %

log_2 Load Factor:      3435973836641.668945 %

log_3 Load Factor:      3435973836748.513184 %

Get Hit Rate:           75.073212%

Max Throughput:         5751938.51

Calc Load Factor:       99.968749%

set request:              57313912 | set_success:              57313912
set_fail:                        0 | set_key_duplicate:          902005 | set_mica_evicted:                0
set_random:                      0 | set_cuckoo_evicted:          16782 | set_expire_evicted:       28316589

get request:              46219264
get_found:                35124616 | get_notfound:             11094648 | get_hit_ratio:          75.995619%

clean up:                        0 | test_notfound:                   0
move_to_head_performed:    3689699 | move_to_head_skipped:     31434917 | move_to_head_failed:             0


set request:              54376338 | set_success:              54376338
set_fail:                        0 | set_key_duplicate:          720775 | set_mica_evicted:                0
set_random:                      0 | set_cuckoo_evicted:          18591 | set_expire_evicted:       24236371

get request:              44991362
get_found:                35606386 | get_notfound:              9384976 | get_hit_ratio:          79.140494%

clean up:                        0 | test_notfound:                   0
move_to_head_performed:    2941848 | move_to_head_skipped:     32664538 | move_to_head_failed:             0


set request:              57749057 | set_success:              57749057
set_fail:                        0 | set_key_duplicate:          968578 | set_mica_evicted:                0
set_random:                      0 | set_cuckoo_evicted:          16957 | set_expire_evicted:       28713257

get request:              45750224
get_found:                33751391 | get_notfound:             11998833 | get_hit_ratio:          73.773171%

clean up:                        0 | test_notfound:                   0
move_to_head_performed:    4003151 | move_to_head_skipped:     29748240 | move_to_head_failed:             0


set request:              29939439 | set_success:              29939439
set_fail:                        0 | set_key_duplicate:          337051 | set_mica_evicted:                0
set_random:                      0 | set_cuckoo_evicted:           9627 | set_expire_evicted:       14551568

get request:              23562136
get_found:                17184833 | get_notfound:              6377303 | get_hit_ratio:          72.934105%

clean up:                        0 | test_notfound:                   0
move_to_head_performed:    1592003 | move_to_head_skipped:     15592829 | move_to_head_failed:             1


[INFO] Everything works fine.
deleting piekv......
