EAL: Detected 44 lcore(s)
EAL: Detected 1 NUMA nodes
EAL: Multi-process socket /var/run/dpdk/rte/mp_socket
EAL: Selected IOVA mode 'PA'
EAL: No available hugepages reported in hugepages-1048576kB
[INFO] 单个Log Size为:-2147483648 GB
[INFO] 运行proto
[INFO] 运行cleanup
[INFO] 运行reload
[INFO] reload kv size 8
EAL: Probing VFIO support...
EAL: VFIO support initialized
EAL: PCI device 0000:03:00.0 on NUMA socket 0
EAL:   probe driver: 15b3:1017 net_mlx5
WEN: There are 1 device(s) available
starting port 0...
querying port 0...
port 0: 100 Gbps (full-duplex)
Adding UDP filter for each endpoint.
port_id/queue_id/udp_port = 0 0 0
Flow is created with src_port = 0, dst_port = 0
port_id/queue_id/udp_port = 0 1 1
Flow is created with src_port = 0, dst_port = 1
port_id/queue_id/udp_port = 0 2 2
Flow is created with src_port = 0, dst_port = 2
port_id/queue_id/udp_port = 0 3 3
Flow is created with src_port = 0, dst_port = 3
MEM: Initializing pages...
 == [STAT] Workers Start (4 threads in total) == 
trigger:60.000000 

[INFO]Current Time:       6.35 s

[P]indexs Load Factor:    0.0491 %

[P]full bucket LFactor:   0.0000 %

[P]set request:           34808 
[P]get request:           22645 

[P]Get Hit Rate:          44.9415 %
[P]ACC Hit Rate:          44.9415 %

[P]total cuckoo num:      0 
[P]total cuckoo path:     0 
[P]total cp perset:       0.000000 / set
[P]total cp percuckoo:    -nan / cuckoo num

[P]cuckoo path / s:       0 / s
[P]cp per set * s:        0 / set * s

[P]break loop / s:        0 / s
[P]break / set :          0 %

[P]Throughput:            83907.403 ops
[P]all request:           57453 o

[P]GetThroughput:         33071.957 ops
[P]SetThroughput:         50835.446 ops

[P]Valid Entries:         49053.693 / s
[P]set success:           50569.643 / s

[P]get found:             14863.030 / s

----------------------------------

[INFO]Current Time:       7.08 s

[P]indexs Load Factor:    0.1750 %

[P]full bucket LFactor:   0.0000 %

[P]set request:           138199 
[P]get request:           94328 

[P]Get Hit Rate:          53.8454 %
[P]ACC Hit Rate:          51.7079 %

[P]total cuckoo num:      0 
[P]total cuckoo path:     0 
[P]total cp perset:       0.000000 / set
[P]total cp percuckoo:    -nan / cuckoo num

[P]cuckoo path / s:       0 / s
[P]cp per set * s:        0 / set * s

[P]break loop / s:        0 / s
[P]break / set :          0 %

[P]Throughput:            240127.448 ops
[P]all request:           232527 o

[P]GetThroughput:         98318.744 ops
[P]SetThroughput:         141808.704 ops

[P]Valid Entries:         140040.741 / s
[P]set success:           142242.122 / s

[P]get found:             52940.124 / s

----------------------------------

[INFO]Current Time:       7.81 s

[P]indexs Load Factor:    1.6121 %

[P]full bucket LFactor:   0.0000 %

[P]set request:           985970 
[P]get request:           682071 

[P]Get Hit Rate:          60.6078 %
[P]ACC Hit Rate:          59.3770 %

[P]total cuckoo num:      0 
[P]total cuckoo path:     0 
[P]total cp perset:       0.000000 / set
[P]total cp percuckoo:    -nan / cuckoo num

[P]cuckoo path / s:       0 / s
[P]cp per set * s:        0 / set * s

[P]break loop / s:        0 / s
[P]break / set :          0 %

[P]Throughput:            1955975.672 ops
[P]all request:           1668041 o

[P]GetThroughput:         800835.805 ops
[P]SetThroughput:         1155139.867 ops

[P]Valid Entries:         1145298.088 / s
[P]set success:           1146965.863 / s

[P]get found:             485368.824 / s

----------------------------------

[INFO]Current Time:       8.55 s

[P]indexs Load Factor:    4.3312 %

[P]full bucket LFactor:   0.0002 %

[P]set request:           3388118 
[P]get request:           2493991 

[P]Get Hit Rate:          65.0462 %
[P]ACC Hit Rate:          63.4958 %

[P]total cuckoo num:      0 
[P]total cuckoo path:     0 
[P]total cp perset:       0.000000 / set
[P]total cp percuckoo:    -nan / cuckoo num

[P]cuckoo path / s:       0 / s
[P]cp per set * s:        0 / set * s

[P]break loop / s:        0 / s
[P]break / set :          0 %

[P]Throughput:            5766723.426 ops
[P]all request:           5882109 o

[P]GetThroughput:         2479514.215 ops
[P]SetThroughput:         3287209.211 ops

[P]Valid Entries:         3279812.762 / s
[P]set success:           3181021.926 / s

[P]get found:             1612830.998 / s

----------------------------------

[INFO]Current Time:       9.33 s

[P]indexs Load Factor:    7.0918 %

[P]full bucket LFactor:   0.0028 %

[P]set request:           5874457 
[P]get request:           4430523 

[P]Get Hit Rate:          70.1145 %
[P]ACC Hit Rate:          66.3888 %

[P]total cuckoo num:      0 
[P]total cuckoo path:     0 
[P]total cp perset:       0.000000 / set
[P]total cp percuckoo:    -nan / cuckoo num

[P]cuckoo path / s:       0 / s
[P]cp per set * s:        0 / set * s

[P]break loop / s:        0 / s
[P]break / set :          0 %

[P]Throughput:            5625072.744 ops
[P]all request:           10304980 o

[P]GetThroughput:         2462910.035 ops
[P]SetThroughput:         3162162.709 ops

[P]Valid Entries:         3124815.867 / s
[P]set success:           3119210.980 / s

[P]get found:             1726857.401 / s

----------------------------------

[INFO]Current Time:       10.17 s

[P]indexs Load Factor:    9.9055 %

[P]full bucket LFactor:   0.0176 %

[P]set request:           8369106 
[P]get request:           6523796 

[P]Get Hit Rate:          69.8950 %
[P]ACC Hit Rate:          67.5138 %

[P]total cuckoo num:      0 
[P]total cuckoo path:     0 
[P]total cp perset:       0.000000 / set
[P]total cp percuckoo:    -nan / cuckoo num

[P]cuckoo path / s:       0 / s
[P]cp per set * s:        0 / set * s

[P]break loop / s:        0 / s
[P]break / set :          0 %

[P]Throughput:            5486566.690 ops
[P]all request:           14892902 o

[P]GetThroughput:         2503286.219 ops
[P]SetThroughput:         2983280.471 ops

[P]Valid Entries:         3028092.181 / s
[P]set success:           3093987.110 / s

[P]get found:             1749671.707 / s

----------------------------------

[INFO]Current Time:       11.04 s

[P]indexs Load Factor:    12.7068 %

[P]full bucket LFactor:   0.0640 %

[P]set request:           10962832 
[P]get request:           8701379 

[P]Get Hit Rate:          71.2723 %
[P]ACC Hit Rate:          68.4544 %

[P]total cuckoo num:      0 
[P]total cuckoo path:     0 
[P]total cp perset:       0.000000 / set
[P]total cp percuckoo:    -nan / cuckoo num

[P]cuckoo path / s:       0 / s
[P]cp per set * s:        0 / set * s

[P]break loop / s:        0 / s
[P]break / set :          0 %

[P]Throughput:            5447663.962 ops
[P]all request:           19664211 o

[P]GetThroughput:         2486265.390 ops
[P]SetThroughput:         2961398.572 ops

[P]Valid Entries:         2940912.069 / s
[P]set success:           2862615.106 / s

[P]get found:             1772019.112 / s

----------------------------------

[INFO]Current Time:       11.93 s

[P]indexs Load Factor:    15.5061 %

[P]full bucket LFactor:   0.1696 %

[P]set request:           13610890 
[P]get request:           10884912 

[P]Get Hit Rate:          75.6649 %
[P]ACC Hit Rate:          69.9008 %

[P]total cuckoo num:      5 
[P]total cuckoo path:     0 
[P]total cp perset:       0.000000 / set
[P]total cp percuckoo:    0.000000 / cuckoo num

[P]cuckoo path / s:       0 / s
[P]cp per set * s:        0 / set * s

[P]break loop / s:        0 / s
[P]break / set :          0 %

[P]Throughput:            5444230.185 ops
[P]all request:           24495802 o

[P]GetThroughput:         2460402.023 ops
[P]SetThroughput:         2983828.162 ops

[P]Valid Entries:         2859162.541 / s
[P]set success:           2886881.788 / s

[P]get found:             1861661.788 / s

----------------------------------

[INFO]Current Time:       12.83 s

[P]indexs Load Factor:    18.3274 %

[P]full bucket LFactor:   0.3723 %

[P]set request:           16245983 
[P]get request:           13123985 

[P]Get Hit Rate:          77.3325 %
[P]ACC Hit Rate:          71.1687 %

[P]total cuckoo num:      17 
[P]total cuckoo path:     0 
[P]total cp perset:       0.000000 / set
[P]total cp percuckoo:    0.000000 / cuckoo num

[P]cuckoo path / s:       0 / s
[P]cp per set * s:        0 / set * s

[P]break loop / s:        0 / s
[P]break / set :          0 %

[P]Throughput:            5402916.553 ops
[P]all request:           29369968 o

[P]GetThroughput:         2481968.110 ops
[P]SetThroughput:         2920948.443 ops

[P]Valid Entries:         2839374.276 / s
[P]set success:           2829780.380 / s

[P]get found:             1919367.847 / s

----------------------------------

[INFO]Current Time:       13.75 s

[P]indexs Load Factor:    21.1985 %

[P]full bucket LFactor:   0.7166 %

[P]set request:           18972286 
[P]get request:           15388487 

[P]Get Hit Rate:          81.1878 %
[P]ACC Hit Rate:          72.6431 %

[P]total cuckoo num:      109 
[P]total cuckoo path:     0 
[P]total cp perset:       0.000000 / set
[P]total cp percuckoo:    0.000000 / cuckoo num

[P]cuckoo path / s:       0 / s
[P]cp per set * s:        0 / set * s

[P]break loop / s:        0 / s
[P]break / set :          0 %

[P]Throughput:            5420657.579 ops
[P]all request:           34360773 o

[P]GetThroughput:         2459541.082 ops
[P]SetThroughput:         2961116.497 ops

[P]Valid Entries:         2824318.562 / s
[P]set success:           2822932.661 / s

[P]get found:             1996847.995 / s

----------------------------------

[INFO]Current Time:       14.69 s

[P]indexs Load Factor:    24.0104 %

[P]full bucket LFactor:   1.2102 %

[P]set request:           21579184 
[P]get request:           17679441 

[P]Get Hit Rate:          81.1306 %
[P]ACC Hit Rate:          73.7429 %

[P]total cuckoo num:      392 
[P]total cuckoo path:     6 
[P]total cp perset:       0.000000 / set
[P]total cp percuckoo:    0.015306 / cuckoo num

[P]cuckoo path / s:       6.440 / s
[P]cp per set * s:        0.000002 / set * s

[P]break loop / s:        0 / s
[P]break / set :          0 %

[P]Throughput:            5257157.833 ops
[P]all request:           39258625 o

[P]GetThroughput:         2459018.110 ops
[P]SetThroughput:         2798139.723 ops

[P]Valid Entries:         2749177.339 / s
[P]set success:           2838374.619 / s

[P]get found:             1995016.441 / s

----------------------------------

[INFO]Current Time:       15.62 s

[P]indexs Load Factor:    26.8600 %

[P]full bucket LFactor:   1.9106 %

[P]set request:           24264673 
[P]get request:           20024173 

[P]Get Hit Rate:          79.6799 %
[P]ACC Hit Rate:          74.4381 %

[P]total cuckoo num:      1161 
[P]total cuckoo path:     17 
[P]total cp perset:       0.000001 / set
[P]total cp percuckoo:    0.014643 / cuckoo num

[P]cuckoo path / s:       11.772 / s
[P]cp per set * s:        0.000004 / set * s

[P]break loop / s:        0 / s
[P]break / set :          0 %

[P]Throughput:            5383140.225 ops
[P]all request:           44288846 o

[P]GetThroughput:         2509237.893 ops
[P]SetThroughput:         2873902.331 ops

[P]Valid Entries:         2775457.263 / s
[P]set success:           2824538.001 / s

[P]get found:             1999359.194 / s

----------------------------------

[INFO]Current Time:       16.57 s

[P]indexs Load Factor:    29.7227 %

[P]full bucket LFactor:   2.8277 %

[P]set request:           26914725 
[P]get request:           22380002 

[P]Get Hit Rate:          82.4875 %
[P]ACC Hit Rate:          75.2855 %

[P]total cuckoo num:      2990 
[P]total cuckoo path:     86 
[P]total cp perset:       0.000003 / set
[P]total cp percuckoo:    0.028763 / cuckoo num

[P]cuckoo path / s:       72.680 / s
[P]cp per set * s:        0.000026 / set * s

[P]break loop / s:        0 / s
[P]break / set :          0 %

[P]Throughput:            5272839.043 ops
[P]all request:           49294727 o

[P]GetThroughput:         2481462.730 ops
[P]SetThroughput:         2791376.314 ops

[P]Valid Entries:         2752426.318 / s
[P]set success:           2760106.139 / s

[P]get found:             2046896.099 / s

----------------------------------

[INFO]Current Time:       17.53 s

[P]indexs Load Factor:    32.6012 %

[P]full bucket LFactor:   3.9928 %

[P]set request:           29619078 
[P]get request:           24735300 

[P]Get Hit Rate:          82.6873 %
[P]ACC Hit Rate:          75.9903 %

[P]total cuckoo num:      7046 
[P]total cuckoo path:     346 
[P]total cp perset:       0.000012 / set
[P]total cp percuckoo:    0.049106 / cuckoo num

[P]cuckoo path / s:       272.083 / s
[P]cp per set * s:        0.000096 / set * s

[P]break loop / s:        0 / s
[P]break / set :          0 %

[P]Throughput:            5294782.124 ops
[P]all request:           54354378 o

[P]GetThroughput:         2464752.954 ops
[P]SetThroughput:         2830029.170 ops

[P]Valid Entries:         2799272.317 / s
[P]set success:           2843598.770 / s

[P]get found:             2038038.377 / s

----------------------------------

[INFO]Current Time:       18.47 s

[P]indexs Load Factor:    35.4284 %

[P]full bucket LFactor:   5.3828 %

[P]set request:           32358509 
[P]get request:           27074638 

[P]Get Hit Rate:          80.6482 %
[P]ACC Hit Rate:          76.3927 %

[P]total cuckoo num:      14846 
[P]total cuckoo path:     988 
[P]total cp perset:       0.000031 / set
[P]total cp percuckoo:    0.066550 / cuckoo num

[P]cuckoo path / s:       677.099 / s
[P]cp per set * s:        0.000237 / set * s

[P]break loop / s:        0 / s
[P]break / set :          0 %

[P]Throughput:            5356430.092 ops
[P]all request:           59433147 o

[P]GetThroughput:         2467231.815 ops
[P]SetThroughput:         2889198.277 ops

[P]Valid Entries:         2824492.105 / s
[P]set success:           2862360.066 / s

[P]get found:             1989777.006 / s

----------------------------------

[INFO]Current Time:       19.43 s

[P]indexs Load Factor:    38.3598 %

[P]full bucket LFactor:   7.0190 %

[P]set request:           34936654 
[P]get request:           29300750 

[P]Get Hit Rate:          81.6100 %
[P]ACC Hit Rate:          76.7891 %

[P]total cuckoo num:      28079 
[P]total cuckoo path:     2311 
[P]total cp perset:       0.000067 / set
[P]total cp percuckoo:    0.082304 / cuckoo num

[P]cuckoo path / s:       1384.082 / s
[P]cp per set * s:        0.000518 / set * s

[P]break loop / s:        0 / s
[P]break / set :          0 %

[P]Throughput:            5026067.377 ops
[P]all request:           64237404 o

[P]GetThroughput:         2328890.586 ops
[P]SetThroughput:         2697176.791 ops

[P]Valid Entries:         2686858.420 / s
[P]set success:           2672306.202 / s

[P]get found:             1900606.558 / s

----------------------------------

[INFO]Current Time:       20.39 s

[P]indexs Load Factor:    41.2475 %

[P]full bucket LFactor:   8.8801 %

[P]set request:           37630249 
[P]get request:           31646314 

[P]Get Hit Rate:          79.8147 %
[P]ACC Hit Rate:          77.0133 %

[P]total cuckoo num:      51384 
[P]total cuckoo path:     4982 
[P]total cp perset:       0.000134 / set
[P]total cp percuckoo:    0.096956 / cuckoo num

[P]cuckoo path / s:       2779.310 / s
[P]cp per set * s:        0.000987 / set * s

[P]break loop / s:        0 / s
[P]break / set :          0 %

[P]Throughput:            5243498.087 ops
[P]all request:           69276563 o

[P]GetThroughput:         2440677.174 ops
[P]SetThroughput:         2802820.913 ops

[P]Valid Entries:         2787398.918 / s
[P]set success:           2814904.823 / s

[P]get found:             1948018.259 / s

----------------------------------

[INFO]Current Time:       21.35 s

[P]indexs Load Factor:    44.1519 %

[P]full bucket LFactor:   10.9283 %

[P]set request:           40284779 
[P]get request:           33920721 

[P]Get Hit Rate:          80.5855 %
[P]ACC Hit Rate:          77.2529 %

[P]total cuckoo num:      86790 
[P]total cuckoo path:     9694 
[P]total cp perset:       0.000243 / set
[P]total cp percuckoo:    0.111695 / cuckoo num

[P]cuckoo path / s:       4902.915 / s
[P]cp per set * s:        0.001736 / set * s

[P]break loop / s:        0 / s
[P]break / set :          0 %

[P]Throughput:            5128642.194 ops
[P]all request:           74205501 o

[P]GetThroughput:         2366558.416 ops
[P]SetThroughput:         2762082.737 ops

[P]Valid Entries:         2759168.250 / s
[P]set success:           2824636.519 / s

[P]get found:             1907103.710 / s

----------------------------------

[INFO]Current Time:       22.31 s

[P]indexs Load Factor:    47.0412 %

[P]full bucket LFactor:   13.1654 %

[P]set request:           43036643 
[P]get request:           36200771 

[P]Get Hit Rate:          79.0667 %
[P]ACC Hit Rate:          77.3671 %

[P]total cuckoo num:      140206 
[P]total cuckoo path:     18067 
[P]total cp perset:       0.000425 / set
[P]total cp percuckoo:    0.128860 / cuckoo num

[P]cuckoo path / s:       8723.266 / s
[P]cp per set * s:        0.003162 / set * s

[P]break loop / s:        0 / s
[P]break / set :          0 %

[P]Throughput:            5242411.696 ops
[P]all request:           79237414 o

[P]GetThroughput:         2375430.733 ops
[P]SetThroughput:         2866982.005 ops

[P]Valid Entries:         2782154.941 / s
[P]set success:           2758802.260 / s

[P]get found:             1878174.386 / s

----------------------------------

[INFO]Current Time:       23.28 s

[P]indexs Load Factor:    49.6719 %

[P]full bucket LFactor:   15.3477 %

[P]set request:           45508608 
[P]get request:           38377816 

[P]Get Hit Rate:          78.8184 %
[P]ACC Hit Rate:          77.4494 %

[P]total cuckoo num:      211103 
[P]total cuckoo path:     30844 
[P]total cp perset:       0.000685 / set
[P]total cp percuckoo:    0.146109 / cuckoo num

[P]cuckoo path / s:       13240.072 / s
[P]cp per set * s:        0.005039 / set * s

[P]break loop / s:        0 / s
[P]break / set :          0 %

[P]Throughput:            4817502.396 ops
[P]all request:           83886424 o

[P]GetThroughput:         2255946.858 ops
[P]SetThroughput:         2561555.538 ops

[P]Valid Entries:         2613614.296 / s
[P]set success:           2627604.607 / s

[P]get found:             1778102.217 / s

----------------------------------

[INFO]Current Time:       24.22 s

[P]indexs Load Factor:    52.3406 %

[P]full bucket LFactor:   17.7037 %

[P]set request:           47995796 
[P]get request:           40484809 

[P]Get Hit Rate:          75.2545 %
[P]ACC Hit Rate:          77.3352 %

[P]total cuckoo num:      304724 
[P]total cuckoo path:     49958 
[P]total cp perset:       0.001051 / set
[P]total cp percuckoo:    0.163945 / cuckoo num

[P]cuckoo path / s:       20157.318 / s
[P]cp per set * s:        0.007728 / set * s

[P]break loop / s:        0 / s
[P]break / set :          0 %

[P]Throughput:            4844949.614 ops
[P]all request:           88480605 o

[P]GetThroughput:         2222001.032 ops
[P]SetThroughput:         2622948.582 ops

[P]Valid Entries:         2595937.523 / s
[P]set success:           2608217.099 / s

[P]get found:             1672155.717 / s

----------------------------------

[INFO]Current Time:       25.18 s

[P]indexs Load Factor:    54.8637 %

[P]full bucket LFactor:   20.0155 %

[P]set request:           50433931 
[P]get request:           42524828 

[P]Get Hit Rate:          77.0584 %
[P]ACC Hit Rate:          77.3219 %

[P]total cuckoo num:      421557 
[P]total cuckoo path:     77509 
[P]total cp perset:       0.001551 / set
[P]total cp percuckoo:    0.183864 / cuckoo num

[P]cuckoo path / s:       28860.608 / s
[P]cp per set * s:        0.011335 / set * s

[P]break loop / s:        0 / s
[P]break / set :          0 %

[P]Throughput:            4691018.418 ops
[P]all request:           92958759 o

[P]GetThroughput:         2136989.193 ops
[P]SetThroughput:         2554029.225 ops

[P]Valid Entries:         2497581.810 / s
[P]set success:           2546229.287 / s

[P]get found:             1646728.632 / s

----------------------------------

[INFO]Current Time:       26.12 s

[P]indexs Load Factor:    57.3397 %

[P]full bucket LFactor:   22.3952 %

[P]set request:           52811841 
[P]get request:           44507800 

[P]Get Hit Rate:          78.0582 %
[P]ACC Hit Rate:          77.3547 %

[P]total cuckoo num:      565854 
[P]total cuckoo path:     115358 
[P]total cp perset:       0.002204 / set
[P]total cp percuckoo:    0.203865 / cuckoo num

[P]cuckoo path / s:       40138.763 / s
[P]cp per set * s:        0.015963 / set * s

[P]break loop / s:        0 / s
[P]break / set :          0 %

[P]Throughput:            4624703.654 ops
[P]all request:           97319641 o

[P]GetThroughput:         2102936.483 ops
[P]SetThroughput:         2521767.171 ops

[P]Valid Entries:         2469123.024 / s
[P]set success:           2514551.548 / s

[P]get found:             1641515.161 / s

----------------------------------

[INFO]Current Time:       27.07 s

[P]indexs Load Factor:    59.6431 %

[P]full bucket LFactor:   24.6953 %

[P]set request:           55060845 
[P]get request:           46352362 

[P]Get Hit Rate:          80.2265 %
[P]ACC Hit Rate:          77.4690 %

[P]total cuckoo num:      736993 
[P]total cuckoo path:     167020 
[P]total cp perset:       0.003058 / set
[P]total cp percuckoo:    0.226624 / cuckoo num

[P]cuckoo path / s:       54596.499 / s
[P]cp per set * s:        0.022661 / set * s

[P]break loop / s:        0 / s
[P]break / set :          0 %

[P]Throughput:            4326088.251 ops
[P]all request:           101413207 o

[P]GetThroughput:         1949336.592 ops
[P]SetThroughput:         2376751.659 ops

[P]Valid Entries:         2366567.259 / s
[P]set success:           2409227.181 / s

[P]get found:             1563885.015 / s

----------------------------------

[INFO]Current Time:       28.00 s

[P]indexs Load Factor:    61.8039 %

[P]full bucket LFactor:   26.9196 %

[P]set request:           57167796 
[P]get request:           48102385 

[P]Get Hit Rate:          77.6580 %
[P]ACC Hit Rate:          77.4759 %

[P]total cuckoo num:      926974 
[P]total cuckoo path:     231104 
[P]total cp perset:       0.004081 / set
[P]total cp percuckoo:    0.249310 / cuckoo num

[P]cuckoo path / s:       68482.498 / s
[P]cp per set * s:        0.031848 / set * s

[P]break loop / s:        0 / s
[P]break / set :          0 %

[P]Throughput:            4121702.977 ops
[P]all request:           105270181 o

[P]GetThroughput:         1870138.354 ops
[P]SetThroughput:         2251564.623 ops

[P]Valid Entries:         2212596.795 / s
[P]set success:           2150268.574 / s

[P]get found:             1452312.191 / s

----------------------------------

[INFO]Current Time:       28.94 s

[P]indexs Load Factor:    64.1979 %

[P]full bucket LFactor:   29.4533 %

[P]set request:           59374299 
[P]get request:           49980117 

[P]Get Hit Rate:          76.1028 %
[P]ACC Hit Rate:          77.4243 %

[P]total cuckoo num:      1069083 
[P]total cuckoo path:     283483 
[P]total cp perset:       0.004815 / set
[P]total cp percuckoo:    0.265165 / cuckoo num

[P]cuckoo path / s:       56002.774 / s
[P]cp per set * s:        0.023259 / set * s

[P]break loop / s:        0 / s
[P]break / set :          0 %

[P]Throughput:            4366797.547 ops
[P]all request:           109354416 o

[P]GetThroughput:         2007640.474 ops
[P]SetThroughput:         2359157.073 ops

[P]Valid Entries:         2275050.805 / s
[P]set success:           2407745.058 / s

[P]expire scan persec:    2526673.570 / s
[P]total expire scan:     2363180
[P]expire hit persec:     110244.602 / s
[P]total expire hit:      103111

[P]expire hit rate:       4.363231 %
[P]total expire hit rate: 4.363231 %

[P]get found:             1527869.943 / s

----------------------------------

[INFO]Current Time:       29.86 s

[P]indexs Load Factor:    66.7436 %

[P]full bucket LFactor:   32.3398 %

[P]set request:           62021380 
[P]get request:           52206562 

[P]Get Hit Rate:          78.6541 %
[P]ACC Hit Rate:          77.4767 %

[P]total cuckoo num:      1069119 
[P]total cuckoo path:     283505 
[P]total cp perset:       0.004604 / set
[P]total cp percuckoo:    0.265176 / cuckoo num

[P]cuckoo path / s:       23.806 / s
[P]cp per set * s:        0.000008 / set * s

[P]break loop / s:        0 / s
[P]break / set :          0 %

[P]Throughput:            5273681.936 ops
[P]all request:           114227942 o

[P]GetThroughput:         2409254.158 ops
[P]SetThroughput:         2864427.779 ops

[P]Valid Entries:         2544562.036 / s
[P]set success:           2919605.552 / s

[P]expire scan persec:    7800422.734 / s
[P]total expire scan:     9571723
[P]expire hit persec:     379592.699 / s
[P]total expire hit:      453901

[P]expire hit rate:       4.866309 %
[P]total expire hit rate: 4.742103 %

[P]get found:             1894977.957 / s

----------------------------------

[INFO]Current Time:       30.78 s

[P]indexs Load Factor:    69.1942 %

[P]full bucket LFactor:   35.2155 %

[P]set request:           64667173 
[P]get request:           54462317 

[P]Get Hit Rate:          77.2352 %
[P]ACC Hit Rate:          77.4667 %

[P]total cuckoo num:      1069143 
[P]total cuckoo path:     283521 
[P]total cp perset:       0.004411 / set
[P]total cp percuckoo:    0.265185 / cuckoo num

[P]cuckoo path / s:       17.361 / s
[P]cp per set * s:        0.000006 / set * s

[P]break loop / s:        0 / s
[P]break / set :          0 %

[P]Throughput:            5318410.674 ops
[P]all request:           119129490 o

[P]GetThroughput:         2447600.528 ops
[P]SetThroughput:         2870810.147 ops

[P]Valid Entries:         2486513.573 / s
[P]set success:           2927503.860 / s

[P]expire scan persec:    7873479.697 / s
[P]total expire scan:     16828071
[P]expire hit persec:     462494.836 / s
[P]total expire hit:      880145

[P]expire hit rate:       5.874084 %
[P]total expire hit rate: 5.230219 %

[P]get found:             1890409.287 / s

----------------------------------

[INFO]Current Time:       31.70 s

[P]indexs Load Factor:    71.5424 %

[P]full bucket LFactor:   38.0676 %

[P]set request:           67366977 
[P]get request:           56690470 

[P]Get Hit Rate:          75.7899 %
[P]ACC Hit Rate:          77.4008 %

[P]total cuckoo num:      1069162 
[P]total cuckoo path:     283528 
[P]total cp perset:       0.004238 / set
[P]total cp percuckoo:    0.265187 / cuckoo num

[P]cuckoo path / s:       7.667 / s
[P]cp per set * s:        0.000003 / set * s

[P]break loop / s:        0 / s
[P]break / set :          0 %

[P]Throughput:            5397183.234 ops
[P]all request:           124057447 o

[P]GetThroughput:         2440311.475 ops
[P]SetThroughput:         2956871.759 ops

[P]Valid Entries:         2413934.264 / s
[P]set success:           2879174.861 / s

[P]expire scan persec:    7920093.799 / s
[P]total expire scan:     24059599
[P]expire hit persec:     543206.919 / s
[P]total expire hit:      1376126

[P]expire hit rate:       6.858592 %
[P]total expire hit rate: 5.719655 %

[P]get found:             1849510.798 / s

----------------------------------

[INFO]Current Time:       32.60 s

[P]indexs Load Factor:    73.7963 %

[P]full bucket LFactor:   40.8963 %

[P]set request:           69944191 
[P]get request:           58884418 

[P]Get Hit Rate:          76.9135 %
[P]ACC Hit Rate:          77.3827 %

[P]total cuckoo num:      1069182 
[P]total cuckoo path:     283536 
[P]total cp perset:       0.004077 / set
[P]total cp percuckoo:    0.265190 / cuckoo num

[P]cuckoo path / s:       8.874 / s
[P]cp per set * s:        0.000003 / set * s

[P]break loop / s:        0 / s
[P]break / set :          0 %

[P]Throughput:            5292152.694 ops
[P]all request:           128828609 o

[P]GetThroughput:         2433517.835 ops
[P]SetThroughput:         2858634.860 ops

[P]Valid Entries:         2338520.763 / s
[P]set success:           2924918.180 / s

[P]expire scan persec:    7985183.517 / s
[P]total expire scan:     31258674
[P]expire hit persec:     616211.490 / s
[P]total expire hit:      1931674

[P]expire hit rate:       7.716936 %
[P]total expire hit rate: 6.179642 %

[P]get found:             1871703.524 / s

----------------------------------

[INFO]Current Time:       33.51 s

[P]indexs Load Factor:    75.9308 %

[P]full bucket LFactor:   43.6682 %

[P]set request:           72564377 
[P]get request:           61079444 

[P]Get Hit Rate:          75.4782 %
[P]ACC Hit Rate:          77.3142 %

[P]total cuckoo num:      1069193 
[P]total cuckoo path:     283545 
[P]total cp perset:       0.003930 / set
[P]total cp percuckoo:    0.265195 / cuckoo num

[P]cuckoo path / s:       9.836 / s
[P]cp per set * s:        0.000003 / set * s

[P]break loop / s:        0 / s
[P]break / set :          0 %

[P]Throughput:            5262470.497 ops
[P]all request:           133643822 o

[P]GetThroughput:         2398909.366 ops
[P]SetThroughput:         2863560.038 ops

[P]Valid Entries:         2227013.972 / s
[P]set success:           2847279.341 / s

[P]expire scan persec:    7967057.405 / s
[P]total expire scan:     38548611
[P]expire hit persec:     708723.421 / s
[P]total expire hit:      2580163

[P]expire hit rate:       8.895674 %
[P]total expire hit rate: 6.693271 %

[P]get found:             1810653.484 / s

----------------------------------

[INFO]Current Time:       34.40 s

[P]indexs Load Factor:    77.8840 %

[P]full bucket LFactor:   46.2867 %

[P]set request:           74991484 
[P]get request:           63078141 

[P]Get Hit Rate:          77.8171 %
[P]ACC Hit Rate:          77.3302 %

[P]total cuckoo num:      1069199 
[P]total cuckoo path:     283550 
[P]total cp perset:       0.003799 / set
[P]total cp percuckoo:    0.265199 / cuckoo num

[P]cuckoo path / s:       5.637 / s
[P]cp per set * s:        0.000002 / set * s

[P]break loop / s:        0 / s
[P]break / set :          0 %

[P]Throughput:            4989553.083 ops
[P]all request:           138069625 o

[P]GetThroughput:         2253287.093 ops
[P]SetThroughput:         2736267.117 ops

[P]Valid Entries:         2085399.084 / s
[P]set success:           2810648.137 / s

[P]expire scan persec:    7860048.083 / s
[P]total expire scan:     45520583
[P]expire hit persec:     780362.056 / s
[P]total expire hit:      3272355

[P]expire hit rate:       9.928210 %
[P]total expire hit rate: 7.188737 %

[P]get found:             1753443.749 / s

----------------------------------

[INFO]Current Time:       35.28 s

[P]indexs Load Factor:    79.7661 %

[P]full bucket LFactor:   48.8930 %

[P]set request:           77587360 
[P]get request:           65209730 

[P]Get Hit Rate:          75.2432 %
[P]ACC Hit Rate:          77.2620 %

[P]total cuckoo num:      1069210 
[P]total cuckoo path:     283562 
[P]total cp perset:       0.003672 / set
[P]total cp percuckoo:    0.265207 / cuckoo num

[P]cuckoo path / s:       13.588 / s
[P]cp per set * s:        0.000005 / set * s

[P]break loop / s:        0 / s
[P]break / set :          0 %

[P]Throughput:            5352982.118 ops
[P]all request:           142797090 o

[P]GetThroughput:         2413631.365 ops
[P]SetThroughput:         2939350.753 ops

[P]Valid Entries:         2076358.723 / s
[P]set success:           2921132.928 / s

[P]expire scan persec:    8241904.065 / s
[P]total expire scan:     52799388
[P]expire hit persec:     907781.903 / s
[P]total expire hit:      4074059

[P]expire hit rate:       11.014226 %
[P]total expire hit rate: 7.716110 %

[P]get found:             1816093.730 / s

----------------------------------

[INFO]Current Time:       36.16 s

[P]indexs Load Factor:    81.4997 %

[P]full bucket LFactor:   51.3846 %

[P]set request:           80034745 
[P]get request:           67243015 

[P]Get Hit Rate:          75.2562 %
[P]ACC Hit Rate:          77.2013 %

[P]total cuckoo num:      1069216 
[P]total cuckoo path:     283571 
[P]total cp perset:       0.003562 / set
[P]total cp percuckoo:    0.265214 / cuckoo num

[P]cuckoo path / s:       10.272 / s
[P]cp per set * s:        0.000004 / set * s

[P]break loop / s:        0 / s
[P]break / set :          0 %

[P]Throughput:            5114166.100 ops
[P]all request:           147277760 o

[P]GetThroughput:         2320759.444 ops
[P]SetThroughput:         2793406.656 ops

[P]Valid Entries:         1915296.391 / s
[P]set success:           2720784.942 / s

[P]expire scan persec:    8062622.956 / s
[P]total expire scan:     59863287
[P]expire hit persec:     969322.844 / s
[P]total expire hit:      4923311

[P]expire hit rate:       12.022426 %
[P]total expire hit rate: 8.224258 %

[P]get found:             1746516.480 / s

----------------------------------

[INFO]Current Time:       37.02 s

[P]indexs Load Factor:    83.1867 %

[P]full bucket LFactor:   53.8745 %

[P]set request:           82455685 
[P]get request:           69260279 

[P]Get Hit Rate:          76.2488 %
[P]ACC Hit Rate:          77.1736 %

[P]total cuckoo num:      1069227 
[P]total cuckoo path:     283586 
[P]total cp perset:       0.003459 / set
[P]total cp percuckoo:    0.265225 / cuckoo num

[P]cuckoo path / s:       17.453 / s
[P]cp per set * s:        0.000006 / set * s

[P]break loop / s:        0 / s
[P]break / set :          0 %

[P]Throughput:            5164035.791 ops
[P]all request:           151715964 o

[P]GetThroughput:         2347170.949 ops
[P]SetThroughput:         2816864.842 ops

[P]Valid Entries:         1850556.191 / s
[P]set success:           2759337.009 / s

[P]expire scan persec:    8261140.834 / s
[P]total expire scan:     66963282
[P]expire hit persec:     1060488.050 / s
[P]total expire hit:      5834742

[P]expire hit rate:       12.837065 %
[P]total expire hit rate: 8.713345 %

[P]get found:             1789688.993 / s

----------------------------------

[INFO]Current Time:       37.88 s

[P]indexs Load Factor:    84.7407 %

[P]full bucket LFactor:   56.2628 %

[P]set request:           84831897 
[P]get request:           71238554 

[P]Get Hit Rate:          77.3571 %
[P]ACC Hit Rate:          77.1787 %

[P]total cuckoo num:      1069234 
[P]total cuckoo path:     283596 
[P]total cp perset:       0.003359 / set
[P]total cp percuckoo:    0.265233 / cuckoo num

[P]cuckoo path / s:       11.643 / s
[P]cp per set * s:        0.000004 / set * s

[P]break loop / s:        0 / s
[P]break / set :          0 %

[P]Throughput:            5070012.942 ops
[P]all request:           156070451 o

[P]GetThroughput:         2303343.621 ops
[P]SetThroughput:         2766669.321 ops

[P]Valid Entries:         1760147.950 / s
[P]set success:           2861687.085 / s

[P]expire scan persec:    8371128.075 / s
[P]total expire scan:     74153001
[P]expire hit persec:     1155244.524 / s
[P]total expire hit:      6826948

[P]expire hit rate:       13.800345 %
[P]total expire hit rate: 9.206570 %

[P]get found:             1781800.794 / s

----------------------------------

[INFO]Current Time:       38.73 s

[P]indexs Load Factor:    86.1866 %

[P]full bucket LFactor:   58.5429 %

[P]set request:           87202432 
[P]get request:           73230273 

[P]Get Hit Rate:          75.1607 %
[P]ACC Hit Rate:          77.1238 %

[P]total cuckoo num:      1069238 
[P]total cuckoo path:     283602 
[P]total cp perset:       0.003268 / set
[P]total cp percuckoo:    0.265237 / cuckoo num

[P]cuckoo path / s:       7.042 / s
[P]cp per set * s:        0.000003 / set * s

[P]break loop / s:        0 / s
[P]break / set :          0 %

[P]Throughput:            5119704.122 ops
[P]all request:           160432705 o

[P]GetThroughput:         2337555.762 ops
[P]SetThroughput:         2782148.360 ops

[P]Valid Entries:         1661513.669 / s
[P]set success:           2759627.433 / s

[P]expire scan persec:    8466997.584 / s
[P]total expire scan:     81367323
[P]expire hit persec:     1272292.106 / s
[P]total expire hit:      7911007

[P]expire hit rate:       15.026485 %
[P]total expire hit rate: 9.722585 %

[P]get found:             1756922.168 / s

----------------------------------

[INFO]Current Time:       39.57 s

[P]indexs Load Factor:    87.5337 %

[P]full bucket LFactor:   60.7516 %

[P]set request:           89565696 
[P]get request:           75193829 

[P]Get Hit Rate:          74.5503 %
[P]ACC Hit Rate:          77.0566 %

[P]total cuckoo num:      1069240 
[P]total cuckoo path:     283608 
[P]total cp perset:       0.003180 / set
[P]total cp percuckoo:    0.265243 / cuckoo num

[P]cuckoo path / s:       7.133 / s
[P]cp per set * s:        0.000002 / set * s

[P]break loop / s:        0 / s
[P]break / set :          0 %

[P]Throughput:            5144000.692 ops
[P]all request:           164759525 o

[P]GetThroughput:         2334401.113 ops
[P]SetThroughput:         2809599.579 ops

[P]Valid Entries:         1567060.709 / s
[P]set success:           2865712.773 / s

[P]expire scan persec:    8590433.125 / s
[P]total expire scan:     88593072
[P]expire hit persec:     1373777.571 / s
[P]total expire hit:      9066545

[P]expire hit rate:       15.991948 %
[P]total expire hit rate: 10.233921 %

[P]get found:             1740301.976 / s

----------------------------------

[INFO]Current Time:       40.41 s

[P]indexs Load Factor:    88.7995 %

[P]full bucket LFactor:   62.8946 %

[P]set request:           91904081 
[P]get request:           77136421 

[P]Get Hit Rate:          77.0803 %
[P]ACC Hit Rate:          77.0572 %

[P]total cuckoo num:      1069245 
[P]total cuckoo path:     283623 
[P]total cp perset:       0.003095 / set
[P]total cp percuckoo:    0.265255 / cuckoo num

[P]cuckoo path / s:       17.935 / s
[P]cp per set * s:        0.000006 / set * s

[P]break loop / s:        0 / s
[P]break / set :          0 %

[P]Throughput:            5118752.572 ops
[P]all request:           169040502 o

[P]GetThroughput:         2322751.979 ops
[P]SetThroughput:         2796000.594 ops

[P]Valid Entries:         1493384.059 / s
[P]set success:           2909633.685 / s

[P]expire scan persec:    8818210.077 / s
[P]total expire scan:     95968024
[P]expire hit persec:     1415419.813 / s
[P]total expire hit:      10250306

[P]expire hit rate:       16.051101 %
[P]total expire hit rate: 10.680960 %

[P]get found:             1790384.503 / s

----------------------------------

[INFO]Current Time:       41.24 s

[P]indexs Load Factor:    89.9338 %

[P]full bucket LFactor:   64.8883 %

[P]set request:           94233730 
[P]get request:           78969502 

[P]Get Hit Rate:          78.4071 %
[P]ACC Hit Rate:          77.0885 %

[P]total cuckoo num:      1069245 
[P]total cuckoo path:     283623 
[P]total cp perset:       0.003020 / set
[P]total cp percuckoo:    0.265255 / cuckoo num

[P]cuckoo path / s:       0 / s
[P]cp per set * s:        0 / set * s

[P]break loop / s:        0 / s
[P]break / set :          0 %

[P]Throughput:            5031177.338 ops
[P]all request:           173203232 o

[P]GetThroughput:         2215506.551 ops
[P]SetThroughput:         2815670.787 ops

[P]Valid Entries:         1357970.569 / s
[P]set success:           2783245.809 / s

[P]expire scan persec:    8683415.681 / s
[P]total expire scan:     103152568
[P]expire hit persec:     1543419.491 / s
[P]total expire hit:      11527311

[P]expire hit rate:       17.774336 %
[P]total expire hit rate: 11.175011 %

[P]get found:             1737114.857 / s

----------------------------------

[INFO]Current Time:       42.06 s

[P]indexs Load Factor:    91.0079 %

[P]full bucket LFactor:   66.8426 %

[P]set request:           96591353 
[P]get request:           80890355 

[P]Get Hit Rate:          76.8814 %
[P]ACC Hit Rate:          77.0836 %

[P]total cuckoo num:      1069248 
[P]total cuckoo path:     283630 
[P]total cp perset:       0.002945 / set
[P]total cp percuckoo:    0.265261 / cuckoo num

[P]cuckoo path / s:       8.448 / s
[P]cp per set * s:        0.000003 / set * s

[P]break loop / s:        0 / s
[P]break / set :          0 %

[P]Throughput:            5163617.692 ops
[P]all request:           177481708 o

[P]GetThroughput:         2318243.817 ops
[P]SetThroughput:         2845373.875 ops

[P]Valid Entries:         1301194.303 / s
[P]set success:           2867648.098 / s

[P]expire scan persec:    9058601.563 / s
[P]total expire scan:     110658354
[P]expire hit persec:     1684116.387 / s
[P]total expire hit:      12922738

[P]expire hit rate:       18.591351 %
[P]total expire hit rate: 11.678050 %

[P]get found:             1782297.483 / s

----------------------------------

[INFO]Current Time:       42.88 s

[P]indexs Load Factor:    91.9854 %

[P]full bucket LFactor:   68.6782 %

[P]set request:           98948644 
[P]get request:           82775206 

[P]Get Hit Rate:          75.5634 %
[P]ACC Hit Rate:          77.0490 %

[P]total cuckoo num:      1069252 
[P]total cuckoo path:     283640 
[P]total cp perset:       0.002875 / set
[P]total cp percuckoo:    0.265270 / cuckoo num

[P]cuckoo path / s:       12.250 / s
[P]cp per set * s:        0.000004 / set * s

[P]break loop / s:        0 / s
[P]break / set :          0 %

[P]Throughput:            5196486.799 ops
[P]all request:           181723850 o

[P]GetThroughput:         2308881.537 ops
[P]SetThroughput:         2887605.263 ops

[P]Valid Entries:         1202384.166 / s
[P]set success:           2864253.704 / s

[P]expire scan persec:    9163120.758 / s
[P]total expire scan:     118138650
[P]expire hit persec:     1774199.074 / s
[P]total expire hit:      14371102

[P]expire hit rate:       19.362389 %
[P]total expire hit rate: 12.164607 %

[P]get found:             1744668.778 / s

----------------------------------

[INFO]Current Time:       43.70 s

[P]indexs Load Factor:    92.8792 %

[P]full bucket LFactor:   70.4126 %

[P]set request:           101197271 
[P]get request:           84604704 

[P]Get Hit Rate:          75.3955 %
[P]ACC Hit Rate:          77.0132 %

[P]total cuckoo num:      1069255 
[P]total cuckoo path:     283646 
[P]total cp perset:       0.002809 / set
[P]total cp percuckoo:    0.265274 / cuckoo num

[P]cuckoo path / s:       7.367 / s
[P]cp per set * s:        0.000003 / set * s

[P]break loop / s:        0 / s
[P]break / set :          0 %

[P]Throughput:            5007159.066 ops
[P]all request:           185801975 o

[P]GetThroughput:         2246274.329 ops
[P]SetThroughput:         2760884.737 ops

[P]Valid Entries:         1101644.366 / s
[P]set success:           2846453.211 / s

[P]expire scan persec:    9211086.634 / s
[P]total expire scan:     125640701
[P]expire hit persec:     1817562.674 / s
[P]total expire hit:      15851432

[P]expire hit rate:       19.732337 %
[P]total expire hit rate: 12.616478 %

[P]get found:             1693589.560 / s

----------------------------------

[INFO]Current Time:       44.50 s

[P]indexs Load Factor:    93.6912 %

[P]full bucket LFactor:   72.0373 %

[P]set request:           103483340 
[P]get request:           86498644 

[P]Get Hit Rate:          72.6421 %
[P]ACC Hit Rate:          76.9175 %

[P]total cuckoo num:      1069265 
[P]total cuckoo path:     283688 
[P]total cp perset:       0.002746 / set
[P]total cp percuckoo:    0.265311 / cuckoo num

[P]cuckoo path / s:       51.973 / s
[P]cp per set * s:        0.000018 / set * s

[P]break loop / s:        0 / s
[P]break / set :          0 %

[P]Throughput:            5172600.230 ops
[P]all request:           189981984 o

[P]GetThroughput:         2343677.844 ops
[P]SetThroughput:         2828922.386 ops

[P]Valid Entries:         1019175.771 / s
[P]set success:           2921912.669 / s

[P]expire scan persec:    9388245.491 / s
[P]total expire scan:     133227398
[P]expire hit persec:     1948469.763 / s
[P]total expire hit:      17426002

[P]expire hit rate:       20.754355 %
[P]total expire hit rate: 13.079894 %

[P]get found:             1702495.827 / s

----------------------------------

[INFO]Current Time:       45.31 s

[P]indexs Load Factor:    94.4208 %

[P]full bucket LFactor:   73.5479 %

[P]set request:           105792631 
[P]get request:           88375211 

[P]Get Hit Rate:          75.2182 %
[P]ACC Hit Rate:          76.8814 %

[P]total cuckoo num:      1069273 
[P]total cuckoo path:     283725 
[P]total cp perset:       0.002686 / set
[P]total cp percuckoo:    0.265344 / cuckoo num

[P]cuckoo path / s:       46.051 / s
[P]cp per set * s:        0.000016 / set * s

[P]break loop / s:        0 / s
[P]break / set :          0 %

[P]Throughput:            5209790.617 ops
[P]all request:           194167843 o

[P]GetThroughput:         2335606.896 ops
[P]SetThroughput:         2874182.476 ops

[P]Valid Entries:         928095.845 / s
[P]set success:           2867327.126 / s

[P]expire scan persec:    9484017.687 / s
[P]total expire scan:     140847428
[P]expire hit persec:     1957537.106 / s
[P]total expire hit:      18998805

[P]expire hit rate:       20.640378 %
[P]total expire hit rate: 13.488926 %

[P]get found:             1756801.567 / s

----------------------------------

[INFO]Current Time:       46.10 s

[P]indexs Load Factor:    95.0794 %

[P]full bucket LFactor:   74.9520 %

[P]set request:           108036791 
[P]get request:           90231707 

[P]Get Hit Rate:          73.7281 %
[P]ACC Hit Rate:          76.8165 %

[P]total cuckoo num:      1069281 
[P]total cuckoo path:     283763 
[P]total cp perset:       0.002630 / set
[P]total cp percuckoo:    0.265377 / cuckoo num

[P]cuckoo path / s:       47.658 / s
[P]cp per set * s:        0.000017 / set * s

[P]break loop / s:        0 / s
[P]break / set :          0 %

[P]Throughput:            5142828.766 ops
[P]all request:           198268498 o

[P]GetThroughput:         2328320.971 ops
[P]SetThroughput:         2814509.049 ops

[P]Valid Entries:         846403.247 / s
[P]set success:           2866591.312 / s

[P]expire scan persec:    9583295.705 / s
[P]total expire scan:     148488707
[P]expire hit persec:     2101429.272 / s
[P]total expire hit:      20674388

[P]expire hit rate:       21.928044 %
[P]total expire hit rate: 13.923206 %

[P]get found:             1716626.529 / s

----------------------------------

[INFO]Current Time:       46.90 s

[P]indexs Load Factor:    95.6631 %

[P]full bucket LFactor:   76.2320 %

[P]set request:           110264274 
[P]get request:           92072038 

[P]Get Hit Rate:          74.9993 %
[P]ACC Hit Rate:          76.7802 %

[P]total cuckoo num:      1069291 
[P]total cuckoo path:     283815 
[P]total cp perset:       0.002578 / set
[P]total cp percuckoo:    0.265424 / cuckoo num

[P]cuckoo path / s:       65.701 / s
[P]cp per set * s:        0.000024 / set * s

[P]break loop / s:        0 / s
[P]break / set :          0 %

[P]Throughput:            5139639.034 ops
[P]all request:           202336312 o

[P]GetThroughput:         2325238.333 ops
[P]SetThroughput:         2814400.702 ops

[P]Valid Entries:         766713.040 / s
[P]set success:           2763763.845 / s

[P]expire scan persec:    9694914.316 / s
[P]total expire scan:     156161835
[P]expire hit persec:     2135899.423 / s
[P]total expire hit:      22364865

[P]expire hit rate:       22.031133 %
[P]total expire hit rate: 14.321595 %

[P]get found:             1743912.008 / s

----------------------------------

[INFO]Current Time:       47.68 s

[P]indexs Load Factor:    96.1849 %

[P]full bucket LFactor:   77.4059 %

[P]set request:           112453635 
[P]get request:           93847087 

[P]Get Hit Rate:          74.8557 %
[P]ACC Hit Rate:          76.7438 %

[P]total cuckoo num:      1069300 
[P]total cuckoo path:     283865 
[P]total cp perset:       0.002527 / set
[P]total cp percuckoo:    0.265468 / cuckoo num

[P]cuckoo path / s:       64.058 / s
[P]cp per set * s:        0.000022 / set * s

[P]break loop / s:        0 / s
[P]break / set :          0 %

[P]Throughput:            5079074.682 ops
[P]all request:           206300722 o

[P]GetThroughput:         2274135.731 ops
[P]SetThroughput:         2804938.950 ops

[P]Valid Entries:         680874.098 / s
[P]set success:           2866290.236 / s

[P]expire scan persec:    9603645.820 / s
[P]total expire scan:     163657844
[P]expire hit persec:     2112093.620 / s
[P]total expire hit:      24013434

[P]expire hit rate:       21.992623 %
[P]total expire hit rate: 14.672950 %

[P]get found:             1702321.048 / s

----------------------------------

[INFO]Current Time:       48.47 s

[P]indexs Load Factor:    96.6558 %

[P]full bucket LFactor:   78.4942 %

[P]set request:           114695999 
[P]get request:           95564481 

[P]Get Hit Rate:          79.1992 %
[P]ACC Hit Rate:          76.7879 %

[P]total cuckoo num:      1069311 
[P]total cuckoo path:     283927 
[P]total cp perset:       0.002477 / set
[P]total cp percuckoo:    0.265523 / cuckoo num

[P]cuckoo path / s:       78.500 / s
[P]cp per set * s:        0.000027 / set * s

[P]break loop / s:        0 / s
[P]break / set :          0 %

[P]Throughput:            5013550.491 ops
[P]all request:           210260480 o

[P]GetThroughput:         2174436.299 ops
[P]SetThroughput:         2839114.191 ops

[P]Valid Entries:         619726.639 / s
[P]set success:           2904783.055 / s

[P]expire scan persec:    9814120.950 / s
[P]total expire scan:     171409146
[P]expire hit persec:     2243195.776 / s
[P]total expire hit:      25785135

[P]expire hit rate:       22.856818 %
[P]total expire hit rate: 15.043033 %

[P]get found:             1722135.762 / s

----------------------------------

[INFO]Current Time:       49.25 s

[P]indexs Load Factor:    97.0709 %

[P]full bucket LFactor:   79.4800 %

[P]set request:           116928557 
[P]get request:           97339687 

[P]Get Hit Rate:          74.7084 %
[P]ACC Hit Rate:          76.7500 %

[P]total cuckoo num:      1069318 
[P]total cuckoo path:     283969 
[P]total cp perset:       0.002430 / set
[P]total cp percuckoo:    0.265561 / cuckoo num

[P]cuckoo path / s:       53.682 / s
[P]cp per set * s:        0.000019 / set * s

[P]break loop / s:        0 / s
[P]break / set :          0 %

[P]Throughput:            5122529.574 ops
[P]all request:           214268244 o

[P]GetThroughput:         2268982.214 ops
[P]SetThroughput:         2853547.360 ops

[P]Valid Entries:         560335.227 / s
[P]set success:           2870320.542 / s

[P]expire scan persec:    9977490.913 / s
[P]total expire scan:     179215334
[P]expire hit persec:     2311741.495 / s
[P]total expire hit:      27593795

[P]expire hit rate:       23.169568 %
[P]total expire hit rate: 15.397006 %

[P]get found:             1695120.309 / s

----------------------------------

[INFO]Current Time:       50.02 s

[P]indexs Load Factor:    97.4398 %

[P]full bucket LFactor:   80.3792 %

[P]set request:           119087116 
[P]get request:           99020569 

[P]Get Hit Rate:          74.6240 %
[P]ACC Hit Rate:          76.7139 %

[P]total cuckoo num:      1069327 
[P]total cuckoo path:     284029 
[P]total cp perset:       0.002385 / set
[P]total cp percuckoo:    0.265615 / cuckoo num

[P]cuckoo path / s:       78.079 / s
[P]cp per set * s:        0.000027 / set * s

[P]break loop / s:        0 / s
[P]break / set :          0 %

[P]Throughput:            4996356.850 ops
[P]all request:           218107685 o

[P]GetThroughput:         2187372.145 ops
[P]SetThroughput:         2808984.705 ops

[P]Valid Entries:         494544.775 / s
[P]set success:           2882505.609 / s

[P]expire scan persec:    9913435.738 / s
[P]total expire scan:     186833295
[P]expire hit persec:     2371375.459 / s
[P]total expire hit:      29416074

[P]expire hit rate:       23.920823 %
[P]total expire hit rate: 15.744557 %

[P]get found:             1632304.090 / s

----------------------------------

[INFO]Current Time:       50.79 s

[P]indexs Load Factor:    97.7715 %

[P]full bucket LFactor:   81.2048 %

[P]set request:           121299941 
[P]get request:           100812270 

[P]Get Hit Rate:          73.1124 %
[P]ACC Hit Rate:          76.6499 %

[P]total cuckoo num:      1069339 
[P]total cuckoo path:     284099 
[P]total cp perset:       0.002342 / set
[P]total cp percuckoo:    0.265677 / cuckoo num

[P]cuckoo path / s:       90.416 / s
[P]cp per set * s:        0.000032 / set * s

[P]break loop / s:        0 / s
[P]break / set :          0 %

[P]Throughput:            5172469.896 ops
[P]all request:           222112211 o

[P]GetThroughput:         2314261.285 ops
[P]SetThroughput:         2858208.611 ops

[P]Valid Entries:         449480.776 / s
[P]set success:           2829845.138 / s

[P]expire scan persec:    10182396.513 / s
[P]total expire scan:     194716506
[P]expire hit persec:     2463172.426 / s
[P]total expire hit:      31323062

[P]expire hit rate:       24.190498 %
[P]total expire hit rate: 16.086496 %

[P]get found:             1692011.190 / s

----------------------------------

[INFO]Current Time:       51.56 s

[P]indexs Load Factor:    98.0581 %

[P]full bucket LFactor:   81.9337 %

[P]set request:           123504126 
[P]get request:           102560743 

[P]Get Hit Rate:          75.9103 %
[P]ACC Hit Rate:          76.6373 %

[P]total cuckoo num:      1069359 
[P]total cuckoo path:     284234 
[P]total cp perset:       0.002301 / set
[P]total cp percuckoo:    0.265798 / cuckoo num

[P]cuckoo path / s:       174.619 / s
[P]cp per set * s:        0.000060 / set * s

[P]break loop / s:        0 / s
[P]break / set :          0 %

[P]Throughput:            5112664.887 ops
[P]all request:           226064869 o

[P]GetThroughput:         2261606.370 ops
[P]SetThroughput:         2851058.516 ops

[P]Valid Entries:         397902.705 / s
[P]set success:           2933293.786 / s

[P]expire scan persec:    10239534.718 / s
[P]total expire scan:     202632804
[P]expire hit persec:     2455092.144 / s
[P]total expire hit:      33221121

[P]expire hit rate:       23.976599 %
[P]total expire hit rate: 16.394740 %

[P]get found:             1716792.052 / s

----------------------------------

[INFO]Current Time:       52.33 s

[P]indexs Load Factor:    98.3132 %

[P]full bucket LFactor:   82.5948 %

[P]set request:           125639097 
[P]get request:           104253963 

[P]Get Hit Rate:          74.4245 %
[P]ACC Hit Rate:          76.6014 %

[P]total cuckoo num:      1069372 
[P]total cuckoo path:     284319 
[P]total cp perset:       0.002261 / set
[P]total cp percuckoo:    0.265875 / cuckoo num

[P]cuckoo path / s:       111.174 / s
[P]cp per set * s:        0.000039 / set * s

[P]break loop / s:        0 / s
[P]break / set :          0 %

[P]Throughput:            5006993.447 ops
[P]all request:           229893060 o

[P]GetThroughput:         2214607.747 ops
[P]SetThroughput:         2792385.700 ops

[P]Valid Entries:         345375.064 / s
[P]set success:           2875878.513 / s

[P]expire scan persec:    10118562.178 / s
[P]total expire scan:     210369141
[P]expire hit persec:     2490255.927 / s
[P]total expire hit:      35125093

[P]expire hit rate:       24.610769 %
[P]total expire hit rate: 16.696885 %

[P]get found:             1648210.064 / s

----------------------------------

[INFO]Current Time:       53.09 s

[P]indexs Load Factor:    98.5340 %

[P]full bucket LFactor:   83.1780 %

[P]set request:           127755456 
[P]get request:           105931798 

[P]Get Hit Rate:          75.8439 %
[P]ACC Hit Rate:          76.5894 %

[P]total cuckoo num:      1069385 
[P]total cuckoo path:     284423 
[P]total cp perset:       0.002223 / set
[P]total cp percuckoo:    0.265969 / cuckoo num

[P]cuckoo path / s:       136.614 / s
[P]cp per set * s:        0.000048 / set * s

[P]break loop / s:        0 / s
[P]break / set :          0 %

[P]Throughput:            4984050.375 ops
[P]all request:           233687254 o

[P]GetThroughput:         2204002.790 ops
[P]SetThroughput:         2780047.585 ops

[P]Valid Entries:         305524.794 / s
[P]set success:           2866403.600 / s

[P]expire scan persec:    10139754.018 / s
[P]total expire scan:     218088203
[P]expire hit persec:     2466995.868 / s
[P]total expire hit:      37003136

[P]expire hit rate:       24.329938 %
[P]total expire hit rate: 16.967051 %

[P]get found:             1671602.329 / s

----------------------------------

[INFO]Current Time:       53.86 s

[P]indexs Load Factor:    98.7271 %

[P]full bucket LFactor:   83.6981 %

[P]set request:           129799777 
[P]get request:           107650493 

[P]Get Hit Rate:          71.4037 %
[P]ACC Hit Rate:          76.5066 %

[P]total cuckoo num:      1069405 
[P]total cuckoo path:     284576 
[P]total cp perset:       0.002188 / set
[P]total cp percuckoo:    0.266107 / cuckoo num

[P]cuckoo path / s:       199.310 / s
[P]cp per set * s:        0.000071 / set * s

[P]break loop / s:        0 / s
[P]break / set :          0 %

[P]Throughput:            4902014.900 ops
[P]all request:           237450270 o

[P]GetThroughput:         2238913.812 ops
[P]SetThroughput:         2663101.087 ops

[P]Valid Entries:         267655.649 / s
[P]set success:           2803534.163 / s

[P]expire scan persec:    10165257.129 / s
[P]total expire scan:     225891530
[P]expire hit persec:     2489514.743 / s
[P]total expire hit:      38914204

[P]expire hit rate:       24.490426 %
[P]total expire hit rate: 17.226943 %

[P]get found:             1598666.231 / s

----------------------------------

[INFO]Current Time:       54.62 s

[P]indexs Load Factor:    98.8992 %

[P]full bucket LFactor:   84.1708 %

[P]set request:           131875113 
[P]get request:           109326239 

[P]Get Hit Rate:          77.2007 %
[P]ACC Hit Rate:          76.5172 %

[P]total cuckoo num:      1069426 
[P]total cuckoo path:     284762 
[P]total cp perset:       0.002152 / set
[P]total cp percuckoo:    0.266276 / cuckoo num

[P]cuckoo path / s:       245.222 / s
[P]cp per set * s:        0.000084 / set * s

[P]break loop / s:        0 / s
[P]break / set :          0 %

[P]Throughput:            4945426.856 ops
[P]all request:           241201352 o

[P]GetThroughput:         2209303.681 ops
[P]SetThroughput:         2736123.174 ops

[P]Valid Entries:         241694.379 / s
[P]set success:           2935978.126 / s

[P]expire scan persec:    10505110.817 / s
[P]total expire scan:     233859605
[P]expire hit persec:     2534790.296 / s
[P]total expire hit:      40836830

[P]expire hit rate:       24.129115 %
[P]total expire hit rate: 17.462114 %

[P]get found:             1705598.379 / s

----------------------------------

[INFO]Current Time:       55.38 s

[P]indexs Load Factor:    99.0512 %

[P]full bucket LFactor:   84.5952 %

[P]set request:           133968023 
[P]get request:           111048662 

[P]Get Hit Rate:          74.1804 %
[P]ACC Hit Rate:          76.4810 %

[P]total cuckoo num:      1069447 
[P]total cuckoo path:     284913 
[P]total cp perset:       0.002118 / set
[P]total cp percuckoo:    0.266412 / cuckoo num

[P]cuckoo path / s:       197.858 / s
[P]cp per set * s:        0.000068 / set * s

[P]break loop / s:        0 / s
[P]break / set :          0 %

[P]Throughput:            4999289.739 ops
[P]all request:           245016685 o

[P]GetThroughput:         2256917.451 ops
[P]SetThroughput:         2742372.288 ops

[P]Valid Entries:         209346.477 / s
[P]set success:           2888636.249 / s

[P]expire scan persec:    10377904.005 / s
[P]total expire scan:     241779762
[P]expire hit persec:     2565346.051 / s
[P]total expire hit:      42794638

[P]expire hit rate:       24.719308 %
[P]total expire hit rate: 17.699843 %

[P]get found:             1674190.038 / s

----------------------------------

[INFO]Current Time:       56.14 s

[P]indexs Load Factor:    99.1795 %

[P]full bucket LFactor:   84.9591 %

[P]set request:           136077880 
[P]get request:           112750988 

[P]Get Hit Rate:          72.6280 %
[P]ACC Hit Rate:          76.4228 %

[P]total cuckoo num:      1069469 
[P]total cuckoo path:     285114 
[P]total cp perset:       0.002086 / set
[P]total cp percuckoo:    0.266594 / cuckoo num

[P]cuckoo path / s:       264.070 / s
[P]cp per set * s:        0.000092 / set * s

[P]break loop / s:        0 / s
[P]break / set :          0 %

[P]Throughput:            5008378.720 ops
[P]all request:           248828868 o

[P]GetThroughput:         2236485.843 ops
[P]SetThroughput:         2771892.876 ops

[P]Valid Entries:         181023.442 / s
[P]set success:           2864613.065 / s

[P]expire scan persec:    10332563.125 / s
[P]total expire scan:     249644507
[P]expire hit persec:     2566421.259 / s
[P]total expire hit:      44748098

[P]expire hit rate:       24.838186 %
[P]total expire hit rate: 17.924728 %

[P]get found:             1624314.508 / s

----------------------------------

[INFO]Current Time:       56.89 s

[P]indexs Load Factor:    99.2919 %

[P]full bucket LFactor:   85.2823 %

[P]set request:           138172414 
[P]get request:           114406076 

[P]Get Hit Rate:          75.5452 %
[P]ACC Hit Rate:          76.4101 %

[P]total cuckoo num:      1069482 
[P]total cuckoo path:     285224 
[P]total cp perset:       0.002055 / set
[P]total cp percuckoo:    0.266694 / cuckoo num

[P]cuckoo path / s:       146.141 / s
[P]cp per set * s:        0.000052 / set * s

[P]break loop / s:        0 / s
[P]break / set :          0 %

[P]Throughput:            4981582.290 ops
[P]all request:           252578490 o

[P]GetThroughput:         2198876.865 ops
[P]SetThroughput:         2782705.425 ops

[P]Valid Entries:         158625.584 / s
[P]set success:           2819230.083 / s

[P]expire scan persec:    10418634.715 / s
[P]total expire scan:     257486582
[P]expire hit persec:     2647993.846 / s
[P]total expire hit:      46741235

[P]expire hit rate:       25.415939 %
[P]total expire hit rate: 18.152882 %

[P]get found:             1661146.537 / s

----------------------------------

[INFO]Current Time:       57.65 s

[P]indexs Load Factor:    99.3924 %

[P]full bucket LFactor:   85.5749 %

[P]set request:           140240358 
[P]get request:           116139412 

[P]Get Hit Rate:          72.2593 %
[P]ACC Hit Rate:          76.3482 %

[P]total cuckoo num:      1069509 
[P]total cuckoo path:     285467 
[P]total cp perset:       0.002024 / set
[P]total cp percuckoo:    0.266914 / cuckoo num

[P]cuckoo path / s:       321.977 / s
[P]cp per set * s:        0.000109 / set * s

[P]break loop / s:        0 / s
[P]break / set :          0 %

[P]Throughput:            5036730.134 ops
[P]all request:           256379770 o

[P]GetThroughput:         2296685.765 ops
[P]SetThroughput:         2740044.369 ops

[P]Valid Entries:         141675.260 / s
[P]set success:           2946128.316 / s

[P]expire scan persec:    10718089.062 / s
[P]total expire scan:     265575651
[P]expire hit persec:     2625416.518 / s
[P]total expire hit:      48722668

[P]expire hit rate:       24.495192 %
[P]total expire hit rate: 18.346060 %

[P]get found:             1659569.772 / s

----------------------------------

[INFO]Current Time:       58.41 s

[P]indexs Load Factor:    99.4792 %

[P]full bucket LFactor:   85.8327 %

[P]set request:           142392186 
[P]get request:           117840420 

[P]Get Hit Rate:          71.1368 %
[P]ACC Hit Rate:          76.2729 %

[P]total cuckoo num:      1069536 
[P]total cuckoo path:     285705 
[P]total cp perset:       0.001994 / set
[P]total cp percuckoo:    0.267130 / cuckoo num

[P]cuckoo path / s:       313.351 / s
[P]cp per set * s:        0.000107 / set * s

[P]break loop / s:        0 / s
[P]break / set :          0 %

[P]Throughput:            5072644.902 ops
[P]all request:           260232606 o

[P]GetThroughput:         2239547.585 ops
[P]SetThroughput:         2833097.317 ops

[P]Valid Entries:         122085.709 / s
[P]set success:           2928944.500 / s

[P]expire scan persec:    10689735.613 / s
[P]total expire scan:     273694847
[P]expire hit persec:     2728605.337 / s
[P]total expire hit:      50795131

[P]expire hit rate:       25.525471 %
[P]total expire hit rate: 18.559038 %

[P]get found:             1593142.936 / s

----------------------------------

[INFO]Current Time:       59.17 s

[P]indexs Load Factor:    99.5502 %

[P]full bucket LFactor:   86.0469 %

[P]set request:           144462516 
[P]get request:           119542078 

[P]Get Hit Rate:          73.9039 %
[P]ACC Hit Rate:          76.2392 %

[P]total cuckoo num:      1069561 
[P]total cuckoo path:     285936 
[P]total cp perset:       0.001966 / set
[P]total cp percuckoo:    0.267340 / cuckoo num

[P]cuckoo path / s:       303.001 / s
[P]cp per set * s:        0.000106 / set * s

[P]break loop / s:        0 / s
[P]break / set :          0 %

[P]Throughput:            4947695.086 ops
[P]all request:           264004595 o

[P]GetThroughput:         2232054.474 ops
[P]SetThroughput:         2715639.300 ops

[P]Valid Entries:         104042.251 / s
[P]set success:           2865939.749 / s

[P]expire scan persec:    10480064.625 / s
[P]total expire scan:     281684565
[P]expire hit persec:     2629897.802 / s
[P]total expire hit:      52800094

[P]expire hit rate:       25.094290 %
[P]total expire hit rate: 18.744404 %

[P]get found:             1649574.485 / s

----------------------------------

[INFO]Current Time:       59.91 s

[P]indexs Load Factor:    99.6149 %

[P]full bucket LFactor:   86.2437 %

[P]set request:           146526654 
[P]get request:           121205135 

[P]Get Hit Rate:          73.8728 %
[P]ACC Hit Rate:          76.2067 %

[P]total cuckoo num:      1069592 
[P]total cuckoo path:     286213 
[P]total cp perset:       0.001939 / set
[P]total cp percuckoo:    0.267591 / cuckoo num

[P]cuckoo path / s:       372.011 / s
[P]cp per set * s:        0.000130 / set * s

[P]break loop / s:        0 / s
[P]break / set :          0 %

[P]Throughput:            5005617.742 ops
[P]all request:           267731789 o

[P]GetThroughput:         2233483.856 ops
[P]SetThroughput:         2772135.230 ops

[P]Valid Entries:         90124.633 / s
[P]set success:           2870054.628 / s

[P]expire scan persec:    10522585.032 / s
[P]total expire scan:     289519705
[P]expire hit persec:     2645384.329 / s
[P]total expire hit:      54769853

[P]expire hit rate:       25.140061 %
[P]total expire hit rate: 18.917487 %

[P]get found:             1649936.025 / s

----------------------------------

[INFO]Current Time:       60.66 s

[P]indexs Load Factor:    99.6714 %

[P]full bucket LFactor:   86.4178 %

[P]set request:           148606359 
[P]get request:           122913396 

[P]Get Hit Rate:          71.0581 %
[P]ACC Hit Rate:          76.1352 %

[P]total cuckoo num:      1069621 
[P]total cuckoo path:     286492 
[P]total cp perset:       0.001913 / set
[P]total cp percuckoo:    0.267844 / cuckoo num

[P]cuckoo path / s:       373.392 / s
[P]cp per set * s:        0.000130 / set * s

[P]break loop / s:        0 / s
[P]break / set :          0 %

[P]Throughput:            5069521.680 ops
[P]all request:           271519755 o

[P]GetThroughput:         2286204.833 ops
[P]SetThroughput:         2783316.848 ops

[P]Valid Entries:         80348.893 / s
[P]set success:           2881741.129 / s

[P]expire scan persec:    10810943.024 / s
[P]total expire scan:     297597683
[P]expire hit persec:     2718971.620 / s
[P]total expire hit:      56801479

[P]expire hit rate:       25.150180 %
[P]total expire hit rate: 19.086667 %

[P]get found:             1624532.633 / s

----------------------------------

[INFO]Current Time:       61.42 s

[P]indexs Load Factor:    99.7196 %

[P]full bucket LFactor:   86.5678 %

[P]set request:           150709284 
[P]get request:           124606427 

[P]Get Hit Rate:          75.2736 %
[P]ACC Hit Rate:          76.1235 %

[P]total cuckoo num:      1069660 
[P]total cuckoo path:     286866 
[P]total cp perset:       0.001888 / set
[P]total cp percuckoo:    0.268184 / cuckoo num

[P]cuckoo path / s:       493.951 / s
[P]cp per set * s:        0.000171 / set * s

[P]break loop / s:        0 / s
[P]break / set :          0 %

[P]Throughput:            5013412.045 ops
[P]all request:           275315711 o

[P]GetThroughput:         2236027.501 ops
[P]SetThroughput:         2777384.544 ops

[P]Valid Entries:         68589.185 / s
[P]set success:           2882408.555 / s

[P]expire scan persec:    10794067.283 / s
[P]total expire scan:     305770521
[P]expire hit persec:     2722713.154 / s
[P]total expire hit:      58863009

[P]expire hit rate:       25.224163 %
[P]total expire hit rate: 19.250714 %

[P]get found:             1683137.891 / s

----------------------------------

[INFO]Current Time:       62.18 s

[P]indexs Load Factor:    99.7614 %

[P]full bucket LFactor:   86.7003 %

[P]set request:           152867797 
[P]get request:           126276665 

[P]Get Hit Rate:          75.2730 %
[P]ACC Hit Rate:          76.1122 %

[P]total cuckoo num:      1069690 
[P]total cuckoo path:     287147 
[P]total cp perset:       0.001863 / set
[P]total cp percuckoo:    0.268439 / cuckoo num

[P]cuckoo path / s:       370.341 / s
[P]cp per set * s:        0.000126 / set * s

[P]break loop / s:        0 / s
[P]break / set :          0 %

[P]Throughput:            5046063.477 ops
[P]all request:           279144462 o

[P]GetThroughput:         2201273.201 ops
[P]SetThroughput:         2844790.276 ops

[P]Valid Entries:         59236.124 / s
[P]set success:           2945870.990 / s

[P]expire scan persec:    10874184.547 / s
[P]total expire scan:     314021417
[P]expire hit persec:     2797144.115 / s
[P]total expire hit:      60985370

[P]expire hit rate:       25.722794 %
[P]total expire hit rate: 19.420768 %

[P]get found:             1656964.048 / s

----------------------------------

[INFO]Current Time:       62.94 s

[P]indexs Load Factor:    99.7969 %

[P]full bucket LFactor:   86.8130 %

[P]set request:           155023142 
[P]get request:           128009256 

[P]Get Hit Rate:          72.2570 %
[P]ACC Hit Rate:          76.0600 %

[P]total cuckoo num:      1069723 
[P]total cuckoo path:     287471 
[P]total cp perset:       0.001839 / set
[P]total cp percuckoo:    0.268734 / cuckoo num

[P]cuckoo path / s:       426.847 / s
[P]cp per set * s:        0.000148 / set * s

[P]break loop / s:        0 / s
[P]break / set :          0 %

[P]Throughput:            5122081.273 ops
[P]all request:           283032398 o

[P]GetThroughput:         2282566.358 ops
[P]SetThroughput:         2839514.915 ops

[P]Valid Entries:         51377.113 / s
[P]set success:           2885555.121 / s

[P]expire scan persec:    10870270.879 / s
[P]total expire scan:     322272539
[P]expire hit persec:     2799245.050 / s
[P]total expire hit:      63110148

[P]expire hit rate:       25.751383 %
[P]total expire hit rate: 19.582850 %

[P]get found:             1649314.923 / s

----------------------------------

[INFO]Current Time:       63.69 s

[P]indexs Load Factor:    99.8269 %

[P]full bucket LFactor:   86.9097 %

[P]set request:           157077523 
[P]get request:           129697152 

[P]Get Hit Rate:          73.6045 %
[P]ACC Hit Rate:          76.0281 %

[P]total cuckoo num:      1069758 
[P]total cuckoo path:     287808 
[P]total cp perset:       0.001817 / set
[P]total cp percuckoo:    0.269040 / cuckoo num

[P]cuckoo path / s:       448.531 / s
[P]cp per set * s:        0.000162 / set * s

[P]break loop / s:        0 / s
[P]break / set :          0 %

[P]Throughput:            4980797.889 ops
[P]all request:           286774675 o

[P]GetThroughput:         2246511.638 ops
[P]SetThroughput:         2734286.251 ops

[P]Valid Entries:         42654.408 / s
[P]set success:           2777216.167 / s

[P]expire scan persec:    10678084.159 / s
[P]total expire scan:     330295420
[P]expire hit persec:     2697928.585 / s
[P]total expire hit:      65137212

[P]expire hit rate:       25.266036 %
[P]total expire hit rate: 19.720895 %

[P]get found:             1653533.111 / s

----------------------------------

[INFO]Current Time:       64.44 s

[P]indexs Load Factor:    99.8528 %

[P]full bucket LFactor:   86.9939 %

[P]set request:           159122991 
[P]get request:           131342545 

[P]Get Hit Rate:          73.6958 %
[P]ACC Hit Rate:          75.9989 %

[P]total cuckoo num:      1069787 
[P]total cuckoo path:     288085 
[P]total cp perset:       0.001794 / set
[P]total cp percuckoo:    0.269292 / cuckoo num

[P]cuckoo path / s:       368.087 / s
[P]cp per set * s:        0.000128 / set * s

[P]break loop / s:        0 / s
[P]break / set :          0 %

[P]Throughput:            4904543.453 ops
[P]all request:           290465536 o

[P]GetThroughput:         2186454.994 ops
[P]SetThroughput:         2718088.459 ops

[P]Valid Entries:         37000.068 / s
[P]set success:           2872966.778 / s

[P]expire scan persec:    10637942.114 / s
[P]total expire scan:     338300888
[P]expire hit persec:     2692004.767 / s
[P]total expire hit:      67163051

[P]expire hit rate:       25.305691 %
[P]total expire hit rate: 19.853052 %

[P]get found:             1611326.118 / s

----------------------------------

[INFO]Current Time:       65.20 s

[P]indexs Load Factor:    99.8750 %

[P]full bucket LFactor:   87.0666 %

[P]set request:           161270527 
[P]get request:           133069748 

[P]Get Hit Rate:          73.7296 %
[P]ACC Hit Rate:          75.9694 %

[P]total cuckoo num:      1069818 
[P]total cuckoo path:     288383 
[P]total cp perset:       0.001771 / set
[P]total cp percuckoo:    0.269563 / cuckoo num

[P]cuckoo path / s:       393.968 / s
[P]cp per set * s:        0.000134 / set * s

[P]break loop / s:        0 / s
[P]break / set :          0 %

[P]Throughput:            5122566.279 ops
[P]all request:           294340275 o

[P]GetThroughput:         2283434.276 ops
[P]SetThroughput:         2839132.003 ops

[P]Valid Entries:         32027.781 / s
[P]set success:           2941949.825 / s

[P]expire scan persec:    10898152.379 / s
[P]total expire scan:     346544314
[P]expire hit persec:     2762792.030 / s
[P]total expire hit:      69252843

[P]expire hit rate:       25.351013 %
[P]total expire hit rate: 19.983835 %

[P]get found:             1683567.139 / s

----------------------------------

[INFO]Current Time:       65.95 s

[P]indexs Load Factor:    99.8939 %

[P]full bucket LFactor:   87.1297 %

[P]set request:           163331278 
[P]get request:           134759401 

[P]Get Hit Rate:          73.6199 %
[P]ACC Hit Rate:          75.9400 %

[P]total cuckoo num:      1069851 
[P]total cuckoo path:     288711 
[P]total cp perset:       0.001749 / set
[P]total cp percuckoo:    0.269861 / cuckoo num

[P]cuckoo path / s:       434.971 / s
[P]cp per set * s:        0.000148 / set * s

[P]break loop / s:        0 / s
[P]break / set :          0 %

[P]Throughput:            4973521.855 ops
[P]all request:           298090679 o

[P]GetThroughput:         2240698.901 ops
[P]SetThroughput:         2732822.953 ops

[P]Valid Entries:         27273.182 / s
[P]set success:           2944601.876 / s

[P]expire scan persec:    10929504.191 / s
[P]total expire scan:     354785970
[P]expire hit persec:     2823677.420 / s
[P]total expire hit:      71382105

[P]expire hit rate:       25.835366 %
[P]total expire hit rate: 20.119765 %

[P]get found:             1649600.491 / s

----------------------------------

[INFO]Current Time:       66.70 s

[P]indexs Load Factor:    99.9099 %

[P]full bucket LFactor:   87.1836 %

[P]set request:           165462819 
[P]get request:           136472908 

[P]Get Hit Rate:          72.1833 %
[P]ACC Hit Rate:          75.8928 %

[P]total cuckoo num:      1069888 
[P]total cuckoo path:     289077 
[P]total cp perset:       0.001729 / set
[P]total cp percuckoo:    0.270194 / cuckoo num

[P]cuckoo path / s:       487.448 / s
[P]cp per set * s:        0.000168 / set * s

[P]break loop / s:        0 / s
[P]break / set :          0 %

[P]Throughput:            5120933.711 ops
[P]all request:           301935727 o

[P]GetThroughput:         2282092.645 ops
[P]SetThroughput:         2838841.066 ops

[P]Valid Entries:         23301.622 / s
[P]set success:           2893050.367 / s

[P]expire scan persec:    10921858.998 / s
[P]total expire scan:     362986637
[P]expire hit persec:     2824385.430 / s
[P]total expire hit:      73502792

[P]expire hit rate:       25.859933 %
[P]total expire hit rate: 20.249448 %

[P]get found:             1647289.916 / s

----------------------------------

[INFO]Current Time:       67.45 s

[P]indexs Load Factor:    99.9222 %

[P]full bucket LFactor:   87.2254 %

[P]set request:           167600103 
[P]get request:           138158288 

[P]Get Hit Rate:          72.1797 %
[P]ACC Hit Rate:          75.8475 %

[P]total cuckoo num:      1069909 
[P]total cuckoo path:     289287 
[P]total cp perset:       0.001707 / set
[P]total cp percuckoo:    0.270385 / cuckoo num

[P]cuckoo path / s:       280.017 / s
[P]cp per set * s:        0.000095 / set * s

[P]break loop / s:        0 / s
[P]break / set :          0 %

[P]Throughput:            5097191.580 ops
[P]all request:           305758391 o

[P]GetThroughput:         2247308.355 ops
[P]SetThroughput:         2849883.225 ops

[P]Valid Entries:         19882.528 / s
[P]set success:           2953060.091 / s

[P]expire scan persec:    10971604.524 / s
[P]total expire scan:     371214846
[P]expire hit persec:     2783049.876 / s
[P]total expire hit:      75589954

[P]expire hit rate:       25.365933 %
[P]total expire hit rate: 20.362859 %

[P]get found:             1622100.125 / s

----------------------------------
[INFO]End rx_queue_1:1707568

[INFO]Current Time:       68.20 s

[P]indexs Load Factor:    99.9305 %

[P]full bucket LFactor:   87.2535 %

[P]set request:           169038363 
[P]get request:           139323319 

[P]Get Hit Rate:          73.1642 %
[P]ACC Hit Rate:          75.8251 %

[P]total cuckoo num:      1069927 
[P]total cuckoo path:     289458 
[P]total cp perset:       0.001693 / set
[P]total cp percuckoo:    0.270540 / cuckoo num

[P]cuckoo path / s:       228.266 / s
[P]cp per set * s:        0.000112 / set * s

[P]break loop / s:        0 / s
[P]break / set :          0 %

[P]Throughput:            3475098.989 ops
[P]all request:           308361682 o

[P]GetThroughput:         1555184.591 ops
[P]SetThroughput:         1919914.397 ops

[P]Valid Entries:         12179.508 / s
[P]set success:           2038830.125 / s

[P]expire scan persec:    7508972.279 / s
[P]total expire scan:     376840021
[P]expire hit persec:     1936568.446 / s
[P]total expire hit:      77040690

[P]expire hit rate:       25.790060 %
[P]total expire hit rate: 20.443872 %

[P]get found:             1137838.884 / s

----------------------------------

[INFO]Current Time:       68.94 s

[P]indexs Load Factor:    99.9387 %

[P]full bucket LFactor:   87.2817 %

[P]set request:           170619739 
[P]get request:           140551700 

[P]Get Hit Rate:          72.4656 %
[P]ACC Hit Rate:          75.7957 %

[P]total cuckoo num:      1069969 
[P]total cuckoo path:     289876 
[P]total cp perset:       0.001680 / set
[P]total cp percuckoo:    0.270920 / cuckoo num

[P]cuckoo path / s:       565.010 / s
[P]cp per set * s:        0.000263 / set * s

[P]break loop / s:        0 / s
[P]break / set :          0 %

[P]Throughput:            3797944.118 ops
[P]all request:           311171439 o

[P]GetThroughput:         1660400.666 ops
[P]SetThroughput:         2137543.452 ops

[P]Valid Entries:         11408.335 / s
[P]set success:           2152110.706 / s

[P]expire scan persec:    7971699.599 / s
[P]total expire scan:     382737564
[P]expire hit persec:     2103761.805 / s
[P]total expire hit:      78597074

[P]expire hit rate:       26.390380 %
[P]total expire hit rate: 20.535500 %

[P]get found:             1203219.762 / s

----------------------------------

[INFO]Current Time:       69.68 s

[P]indexs Load Factor:    99.9463 %

[P]full bucket LFactor:   87.3077 %

[P]set request:           172288404 
[P]get request:           141897867 

[P]Get Hit Rate:          70.7011 %
[P]ACC Hit Rate:          75.7474 %

[P]total cuckoo num:      1070000 
[P]total cuckoo path:     290178 
[P]total cp perset:       0.001665 / set
[P]total cp percuckoo:    0.271194 / cuckoo num

[P]cuckoo path / s:       409.122 / s
[P]cp per set * s:        0.000177 / set * s

[P]break loop / s:        0 / s
[P]break / set :          0 %

[P]Throughput:            4084220.339 ops
[P]all request:           314186271 o

[P]GetThroughput:         1823664.682 ops
[P]SetThroughput:         2260555.657 ops

[P]Valid Entries:         10595.180 / s
[P]set success:           2315357.704 / s

[P]expire scan persec:    8421923.006 / s
[P]total expire scan:     388954340
[P]expire hit persec:     2253114.240 / s
[P]total expire hit:      80260246

[P]expire hit rate:       26.752966 %
[P]total expire hit rate: 20.634876 %

[P]get found:             1289351.157 / s

----------------------------------

[INFO]Current Time:       70.43 s

[P]indexs Load Factor:    99.9528 %

[P]full bucket LFactor:   87.3301 %

[P]set request:           173982512 
[P]get request:           143264412 

[P]Get Hit Rate:          72.0422 %
[P]ACC Hit Rate:          75.7120 %

[P]total cuckoo num:      1070009 
[P]total cuckoo path:     290268 
[P]total cp perset:       0.001649 / set
[P]total cp percuckoo:    0.271276 / cuckoo num

[P]cuckoo path / s:       120.172 / s
[P]cp per set * s:        0.000052 / set * s

[P]break loop / s:        0 / s
[P]break / set :          0 %

[P]Throughput:            4086706.354 ops
[P]all request:           317246924 o

[P]GetThroughput:         1824665.565 ops
[P]SetThroughput:         2262040.789 ops

[P]Valid Entries:         9520.261 / s
[P]set success:           2314116.485 / s

[P]expire scan persec:    8293533.570 / s
[P]total expire scan:     395165608
[P]expire hit persec:     2297511.440 / s
[P]total expire hit:      81980919

[P]expire hit rate:       27.702443 %
[P]total expire hit rate: 20.745965 %

[P]get found:             1314529.106 / s

----------------------------------

[INFO]Current Time:       71.18 s

[P]indexs Load Factor:    99.9585 %

[P]full bucket LFactor:   87.3498 %

[P]set request:           175676578 
[P]get request:           144606644 

[P]Get Hit Rate:          73.4087 %
[P]ACC Hit Rate:          75.6906 %

[P]total cuckoo num:      1070023 
[P]total cuckoo path:     290408 
[P]total cp perset:       0.001634 / set
[P]total cp percuckoo:    0.271404 / cuckoo num

[P]cuckoo path / s:       186.836 / s
[P]cp per set * s:        0.000082 / set * s

[P]break loop / s:        0 / s
[P]break / set :          0 %

[P]Throughput:            4052060.734 ops
[P]all request:           320283222 o

[P]GetThroughput:         1791262.117 ops
[P]SetThroughput:         2260798.617 ops

[P]Valid Entries:         8143.362 / s
[P]set success:           2269824.110 / s

[P]expire scan persec:    8163763.388 / s
[P]total expire scan:     401282895
[P]expire hit persec:     2255975.590 / s
[P]total expire hit:      83671371

[P]expire hit rate:       27.634015 %
[P]total expire hit rate: 20.850969 %

[P]get found:             1314942.151 / s

----------------------------------

[INFO]Current Time:       71.92 s

[P]indexs Load Factor:    99.9618 %

[P]full bucket LFactor:   87.3611 %

[P]set request:           177106124 
[P]get request:           145765548 

[P]Get Hit Rate:          72.8824 %
[P]ACC Hit Rate:          75.6683 %

[P]total cuckoo num:      1070047 
[P]total cuckoo path:     290648 
[P]total cp perset:       0.001622 / set
[P]total cp percuckoo:    0.271622 / cuckoo num

[P]cuckoo path / s:       322.297 / s
[P]cp per set * s:        0.000165 / set * s

[P]break loop / s:        0 / s
[P]break / set :          0 %

[P]Throughput:            3476043.074 ops
[P]all request:           322871672 o

[P]GetThroughput:         1556298.257 ops
[P]SetThroughput:         1919744.817 ops

[P]Valid Entries:         6452.660 / s
[P]set success:           1950246.224 / s

[P]expire scan persec:    7122892.951 / s
[P]total expire scan:     406586987
[P]expire hit persec:     1961035.125 / s
[P]total expire hit:      85131664

[P]expire hit rate:       27.531442 %
[P]total expire hit rate: 20.938118 %

[P]get found:             1134267.455 / s

----------------------------------
[INFO]End rx_queue_3:899837
[INFO]End rx_queue_0:1740899

[INFO]Current Time:       72.66 s

[P]indexs Load Factor:    99.9632 %

[P]full bucket LFactor:   87.3661 %

[P]set request:           177834200 
[P]get request:           146337454 

[P]Get Hit Rate:          72.5303 %
[P]ACC Hit Rate:          75.6561 %

[P]total cuckoo num:      1070051 
[P]total cuckoo path:     290688 
[P]total cp perset:       0.001616 / set
[P]total cp percuckoo:    0.271658 / cuckoo num

[P]cuckoo path / s:       53.894 / s
[P]cp per set * s:        0.000055 / set * s

[P]break loop / s:        0 / s
[P]break / set :          0 %

[P]Throughput:            1751527.687 ops
[P]all request:           324171654 o

[P]GetThroughput:         770556.203 ops
[P]SetThroughput:         980971.485 ops

[P]Valid Entries:         2721.642 / s
[P]set success:           982999.243 / s

[P]expire scan persec:    3497822.276 / s
[P]total expire scan:     409183067
[P]expire hit persec:     974046.118 / s
[P]total expire hit:      85854600

[P]expire hit rate:       27.847216 %
[P]total expire hit rate: 20.981953 %

[P]get found:             558886.540 / s

----------------------------------
Finish the job......
[INFO]End rx_queue_2:1725441

[INFO]Current Time:       73.41 s

[P]indexs Load Factor:    99.9632 %

[P]full bucket LFactor:   87.3662 %

[P]set request:           177987782 
[P]get request:           146457779 

[P]Get Hit Rate:          72.3607 %
[P]ACC Hit Rate:          75.6533 %

[P]total cuckoo num:      1070051 
[P]total cuckoo path:     290688 
[P]total cp perset:       0.001615 / set
[P]total cp percuckoo:    0.271658 / cuckoo num

[P]cuckoo path / s:       0 / s
[P]cp per set * s:        0 / set * s

[P]break loop / s:        0 / s
[P]break / set :          0 %

[P]Throughput:            366285.696 ops
[P]all request:           324445561 o

[P]GetThroughput:         160906.170 ops
[P]SetThroughput:         205379.526 ops

[P]Valid Entries:         572.349 / s
[P]set success:           205380.863 / s

[P]expire scan persec:    713193.114 / s
[P]total expire scan:     409716390
[P]expire hit persec:     203530.091 / s
[P]total expire hit:      86006799

[P]expire hit rate:       28.537865 %
[P]total expire hit rate: 20.991789 %

[P]get found:             116432.815 / s

----------------------------------

Total Index Entries:      93354795

indexs Load Factor:     99.963202 %

log_0 Load Factor:      3435973836654.794922 %

log_1 Load Factor:      3435973836681.425781 %

log_2 Load Factor:      3435973836648.516113 %

log_3 Load Factor:      3435973836751.136230 %

Get Hit Rate:           75.653347%

Max Throughput:         5766723.43

Calc Load Factor:       99.963202%

set request:              56128447 | set_success:              56128447
set_fail:                        0 | set_key_duplicate:          880295 | set_mica_evicted:                0
set_random:                      0 | set_cuckoo_evicted:         297368 | set_expire_evicted:       26997801

get request:              45263348
get_found:                34398249 | get_notfound:             10865099 | get_hit_ratio:          75.995812%

clean up:                        0 | test_notfound:                   0
move_to_head_performed:    3626398 | move_to_head_skipped:     30771851 | move_to_head_failed:             0


set request:              53640603 | set_success:              53640603
set_fail:                        0 | set_key_duplicate:          713759 | set_mica_evicted:                0
set_random:                      0 | set_cuckoo_evicted:         321199 | set_expire_evicted:       23548542

get request:              44396742
get_found:                35152881 | get_notfound:              9243861 | get_hit_ratio:          79.178965%

clean up:                        0 | test_notfound:                   0
move_to_head_performed:    2919536 | move_to_head_skipped:     32233341 | move_to_head_failed:             4


set request:              56566211 | set_success:              56566211
set_fail:                        0 | set_key_duplicate:          959641 | set_mica_evicted:                0
set_random:                      0 | set_cuckoo_evicted:         297278 | set_expire_evicted:       27776849

get request:              44861440
get_found:                33156669 | get_notfound:             11704771 | get_hit_ratio:          73.909061%

clean up:                        0 | test_notfound:                   0
move_to_head_performed:    3958911 | move_to_head_skipped:     29197758 | move_to_head_failed:             0


set request:              29697018 | set_success:              29697018
set_fail:                        0 | set_key_duplicate:          334446 | set_mica_evicted:                0
set_random:                      0 | set_cuckoo_evicted:         154206 | set_expire_evicted:       14193744

get request:              23395736
get_found:                17094454 | get_notfound:              6301282 | get_hit_ratio:          73.066537%

clean up:                        0 | test_notfound:                   0
move_to_head_performed:    1601851 | move_to_head_skipped:     15492603 | move_to_head_failed:             0


[INFO] Everything works fine.
deleting piekv......
