[INFO] 单个Log Size为:4 GB
[INFO] 运行mica
EAL: Probing VFIO support...
EAL: VFIO support initialized
EAL: PCI device 0000:03:00.0 on NUMA socket 0
EAL:   probe driver: 15b3:1017 net_mlx5
WEN: There are 1 device(s) available
starting port 0...
querying port 0...
port 0: 100 Gbps (full-duplex)
Adding UDP filter for each endpoint.
port_id/queue_id/udp_port = 0 0 0
Flow is created with src_port = 0, dst_port = 0
port_id/queue_id/udp_port = 0 1 1
Flow is created with src_port = 0, dst_port = 1
port_id/queue_id/udp_port = 0 2 2
Flow is created with src_port = 0, dst_port = 2
port_id/queue_id/udp_port = 0 3 3
Flow is created with src_port = 0, dst_port = 3
MEM: Initializing pages...
 == [STAT] Workers Start (4 threads in total) == 

[INFO]Current Time:       6.84 s

[P]indexs Load Factor:    0.4975 %

[P]log_0 Load Factor:     0.179986 %

[P]log_1 Load Factor:     0.183297 %

[P]log_2 Load Factor:     0.174295 %

[P]log_3 Load Factor:     0.157006 %

[P]Get Hit Rate:         63.5644 %

[P]rx packet:       11065.459 / s

[P]Throughput:      744406.705 ops

[P]Valid Entries:   371811.888 / s

[P]set success:     380314.365 / s

[P]get found:       240092.086 / s

----------------------------------

[INFO]Current Time:       7.85 s

[P]indexs Load Factor:    1.2248 %

[P]log_0 Load Factor:     0.377648 %

[P]log_1 Load Factor:     0.386244 %

[P]log_2 Load Factor:     0.366364 %

[P]log_3 Load Factor:     0.355733 %

[P]Get Hit Rate:         72.9269 %

[P]rx packet:       6967.859 / s

[P]Throughput:      1631371.259 ops

[P]Valid Entries:   799927.161 / s

[P]set success:     842114.773 / s

[P]get found:       595423.329 / s

----------------------------------

[INFO]Current Time:       8.84 s

[P]indexs Load Factor:    1.9462 %

[P]log_0 Load Factor:     0.574559 %

[P]log_1 Load Factor:     0.590795 %

[P]log_2 Load Factor:     0.559546 %

[P]log_3 Load Factor:     0.554193 %

[P]Get Hit Rate:         77.0024 %

[P]rx packet:       5079.261 / s

[P]Throughput:      1595666.007 ops

[P]Valid Entries:   788909.716 / s

[P]set success:     828260.258 / s

[P]get found:       618737.183 / s

----------------------------------

[INFO]Current Time:       9.83 s

[P]indexs Load Factor:    2.6761 %

[P]log_0 Load Factor:     0.776313 %

[P]log_1 Load Factor:     0.799002 %

[P]log_2 Load Factor:     0.754690 %

[P]log_3 Load Factor:     0.755778 %

[P]Get Hit Rate:         79.4177 %

[P]rx packet:       5559.713 / s

[P]Throughput:      1599930.358 ops

[P]Valid Entries:   795203.508 / s

[P]set success:     825856.167 / s

[P]get found:       635925.049 / s

----------------------------------

[INFO]Current Time:       10.84 s

[P]indexs Load Factor:    3.4288 %

[P]log_0 Load Factor:     0.983211 %

[P]log_1 Load Factor:     1.009086 %

[P]log_2 Load Factor:     0.957037 %

[P]log_3 Load Factor:     0.962863 %

[P]Get Hit Rate:         81.1643 %

[P]rx packet:       5436.057 / s

[P]Throughput:      1617006.868 ops

[P]Valid Entries:   804137.876 / s

[P]set success:     835417.206 / s

[P]get found:       656598.923 / s

----------------------------------

[INFO]Current Time:       11.87 s

[P]indexs Load Factor:    4.1783 %

[P]log_0 Load Factor:     1.189193 %

[P]log_1 Load Factor:     1.222391 %

[P]log_2 Load Factor:     1.159530 %

[P]log_3 Load Factor:     1.168163 %

[P]Get Hit Rate:         82.4257 %

[P]rx packet:       5326.166 / s

[P]Throughput:      1601470.902 ops

[P]Valid Entries:   796681.745 / s

[P]set success:     827128.977 / s

[P]get found:       660544.198 / s

----------------------------------

[INFO]Current Time:       12.90 s

[P]indexs Load Factor:    4.9492 %

[P]log_0 Load Factor:     1.401965 %

[P]log_1 Load Factor:     1.438906 %

[P]log_2 Load Factor:     1.368403 %

[P]log_3 Load Factor:     1.380363 %

[P]Get Hit Rate:         83.6244 %

[P]rx packet:       5381.585 / s

[P]Throughput:      1615609.216 ops

[P]Valid Entries:   798846.398 / s

[P]set success:     840056.000 / s

[P]get found:       680148.538 / s

----------------------------------

[INFO]Current Time:       13.96 s

[P]indexs Load Factor:    5.7340 %

[P]log_0 Load Factor:     1.619094 %

[P]log_1 Load Factor:     1.658431 %

[P]log_2 Load Factor:     1.578657 %

[P]log_3 Load Factor:     1.594467 %

[P]Get Hit Rate:         84.4344 %

[P]rx packet:       5254.274 / s

[P]Throughput:      1634589.606 ops

[P]Valid Entries:   813545.823 / s

[P]set success:     844154.417 / s

[P]get found:       690694.258 / s

----------------------------------

[INFO]Current Time:       15.02 s

[P]indexs Load Factor:    6.5245 %

[P]log_0 Load Factor:     1.837944 %

[P]log_1 Load Factor:     1.880368 %

[P]log_2 Load Factor:     1.793586 %

[P]log_3 Load Factor:     1.814188 %

[P]Get Hit Rate:         85.3411 %

[P]rx packet:       5538.522 / s

[P]Throughput:      1617778.185 ops

[P]Valid Entries:   796150.305 / s

[P]set success:     836085.715 / s

[P]get found:       690786.878 / s

----------------------------------

[INFO]Current Time:       16.10 s

[P]indexs Load Factor:    7.3320 %

[P]log_0 Load Factor:     2.061200 %

[P]log_1 Load Factor:     2.105913 %

[P]log_2 Load Factor:     2.010592 %

[P]log_3 Load Factor:     2.035798 %

[P]Get Hit Rate:         87.1557 %

[P]rx packet:       5745.380 / s

[P]Throughput:      1620225.856 ops

[P]Valid Entries:   802054.706 / s

[P]mica evicted:      1.848 / s

[P]set success:     843223.926 / s

[P]get found:       702329.540 / s

----------------------------------

[INFO]Current Time:       17.20 s

[P]indexs Load Factor:    8.1390 %

[P]log_0 Load Factor:     2.283052 %

[P]log_1 Load Factor:     2.334169 %

[P]log_2 Load Factor:     2.225065 %

[P]log_3 Load Factor:     2.258256 %

[P]Get Hit Rate:         86.7302 %

[P]rx packet:       5404.658 / s

[P]Throughput:      1621566.750 ops

[P]Valid Entries:   789250.261 / s

[P]mica evicted:      1.829 / s

[P]set success:     838431.830 / s

[P]get found:       703788.241 / s

----------------------------------

[INFO]Current Time:       18.31 s

[P]indexs Load Factor:    8.9528 %

[P]log_0 Load Factor:     2.507422 %

[P]log_1 Load Factor:     2.565295 %

[P]log_2 Load Factor:     2.442477 %

[P]log_3 Load Factor:     2.480518 %

[P]Get Hit Rate:         88.3530 %

[P]rx packet:       5508.447 / s

[P]Throughput:      1586018.721 ops

[P]Valid Entries:   776534.080 / s

[P]mica evicted:      2.706 / s

[P]set success:     824082.431 / s

[P]get found:       697071.552 / s

----------------------------------

[INFO]Current Time:       19.43 s

[P]indexs Load Factor:    9.7842 %

[P]log_0 Load Factor:     2.734696 %

[P]log_1 Load Factor:     2.799605 %

[P]log_2 Load Factor:     2.663745 %

[P]log_3 Load Factor:     2.709273 %

[P]Get Hit Rate:         87.8892 %

[P]rx packet:       5455.031 / s

[P]Throughput:      1617114.622 ops

[P]Valid Entries:   797407.356 / s

[P]mica evicted:      1.774 / s

[P]set success:     835116.331 / s

[P]get found:       710939.222 / s

----------------------------------

[INFO]Current Time:       20.57 s

[P]indexs Load Factor:    10.6171 %

[P]log_0 Load Factor:     2.965846 %

[P]log_1 Load Factor:     3.035439 %

[P]log_2 Load Factor:     2.888232 %

[P]log_3 Load Factor:     2.939658 %

[P]Get Hit Rate:         88.4036 %

[P]rx packet:       5429.082 / s

[P]Throughput:      1592774.005 ops

[P]Valid Entries:   785719.625 / s

[P]mica evicted:      7.034 / s

[P]set success:     823003.132 / s

[P]get found:       704118.103 / s

----------------------------------

[INFO]Current Time:       21.72 s

[P]indexs Load Factor:    11.4614 %

[P]log_0 Load Factor:     3.197578 %

[P]log_1 Load Factor:     3.271694 %

[P]log_2 Load Factor:     3.113229 %

[P]log_3 Load Factor:     3.170378 %

[P]Get Hit Rate:         88.8156 %

[P]rx packet:       5616.933 / s

[P]Throughput:      1623437.666 ops

[P]Valid Entries:   791516.457 / s

[P]mica evicted:      7.852 / s

[P]set success:     820651.571 / s

[P]get found:       721234.121 / s

----------------------------------

[INFO]Current Time:       22.87 s

[P]indexs Load Factor:    12.3076 %

[P]log_0 Load Factor:     3.427440 %

[P]log_1 Load Factor:     3.508479 %

[P]log_2 Load Factor:     3.338799 %

[P]log_3 Load Factor:     3.401271 %

[P]Get Hit Rate:         90.1805 %

[P]rx packet:       5560.114 / s

[P]Throughput:      1615045.479 ops

[P]Valid Entries:   800363.527 / s

[P]mica evicted:     20.863 / s

[P]set success:     838438.489 / s

[P]get found:       724763.009 / s

----------------------------------

[INFO]Current Time:       24.02 s

[P]indexs Load Factor:    13.1557 %

[P]log_0 Load Factor:     3.659600 %

[P]log_1 Load Factor:     3.746058 %

[P]log_2 Load Factor:     3.565891 %

[P]log_3 Load Factor:     3.632804 %

[P]Get Hit Rate:         89.6755 %

[P]rx packet:       5751.941 / s

[P]Throughput:      1603880.099 ops

[P]Valid Entries:   803995.120 / s

[P]mica evicted:     39.896 / s

[P]set success:     823939.577 / s

[P]get found:       723685.634 / s

----------------------------------

[INFO]Current Time:       25.18 s

[P]indexs Load Factor:    13.9994 %

[P]log_0 Load Factor:     3.890395 %

[P]log_1 Load Factor:     3.982615 %

[P]log_2 Load Factor:     3.791720 %

[P]log_3 Load Factor:     3.863110 %

[P]Get Hit Rate:         90.0415 %

[P]rx packet:       5865.646 / s

[P]Throughput:      1622323.793 ops

[P]Valid Entries:   800045.216 / s

[P]mica evicted:     51.939 / s

[P]set success:     837816.133 / s

[P]get found:       730709.228 / s

----------------------------------

[INFO]Current Time:       26.32 s

[P]indexs Load Factor:    14.8504 %

[P]log_0 Load Factor:     4.124031 %

[P]log_1 Load Factor:     4.218436 %

[P]log_2 Load Factor:     4.020645 %

[P]log_3 Load Factor:     4.094846 %

[P]Get Hit Rate:         90.4513 %

[P]rx packet:       5900.932 / s

[P]Throughput:      1610248.535 ops

[P]Valid Entries:   803187.317 / s

[P]mica evicted:     81.812 / s

[P]set success:     832174.992 / s

[P]get found:       728624.083 / s

----------------------------------

[INFO]Current Time:       27.48 s

[P]indexs Load Factor:    15.7137 %

[P]log_0 Load Factor:     4.362689 %

[P]log_1 Load Factor:     4.461406 %

[P]log_2 Load Factor:     4.251678 %

[P]log_3 Load Factor:     4.334526 %

[P]Get Hit Rate:         90.8546 %

[P]rx packet:       6894.654 / s

[P]Throughput:      1624519.967 ops

[P]Valid Entries:   811351.225 / s

[P]mica evicted:     99.247 / s

[P]set success:     840650.700 / s

[P]get found:       738559.074 / s

----------------------------------

[INFO]Current Time:       28.65 s

[P]indexs Load Factor:    16.5786 %

[P]log_0 Load Factor:     4.601339 %

[P]log_1 Load Factor:     4.701671 %

[P]log_2 Load Factor:     4.484588 %

[P]log_3 Load Factor:     4.570312 %

[P]Get Hit Rate:         91.0466 %

[P]rx packet:       5737.096 / s

[P]Throughput:      1630533.300 ops

[P]Valid Entries:   803698.415 / s

[P]mica evicted:    158.028 / s

[P]set success:     842235.724 / s

[P]get found:       742702.265 / s

----------------------------------

[INFO]Current Time:       29.82 s

[P]indexs Load Factor:    17.4396 %

[P]log_0 Load Factor:     4.836710 %

[P]log_1 Load Factor:     4.943129 %

[P]log_2 Load Factor:     4.713514 %

[P]log_3 Load Factor:     4.805923 %

[P]Get Hit Rate:         92.4004 %

[P]rx packet:       5617.262 / s

[P]Throughput:      1618444.125 ops

[P]Valid Entries:   793632.727 / s

[P]mica evicted:    189.154 / s

[P]set success:     840337.396 / s

[P]get found:       744196.887 / s

----------------------------------

[INFO]Current Time:       30.99 s

[P]indexs Load Factor:    18.2895 %

[P]log_0 Load Factor:     5.067369 %

[P]log_1 Load Factor:     5.182195 %

[P]log_2 Load Factor:     4.937409 %

[P]log_3 Load Factor:     5.034780 %

[P]Get Hit Rate:         91.6508 %

[P]rx packet:       5468.777 / s

[P]Throughput:      1603476.722 ops

[P]Valid Entries:   782800.203 / s

[P]mica evicted:    260.987 / s

[P]set success:     827806.740 / s

[P]get found:       734971.430 / s

----------------------------------

[INFO]Current Time:       32.15 s

[P]indexs Load Factor:    19.1359 %

[P]log_0 Load Factor:     5.300371 %

[P]log_1 Load Factor:     5.421420 %

[P]log_2 Load Factor:     5.165041 %

[P]log_3 Load Factor:     5.267559 %

[P]Get Hit Rate:         92.0253 %

[P]rx packet:       6186.368 / s

[P]Throughput:      1593082.787 ops

[P]Valid Entries:   777642.800 / s

[P]mica evicted:    339.920 / s

[P]set success:     823493.338 / s

[P]get found:       733405.164 / s

----------------------------------

[INFO]Current Time:       33.32 s

[P]indexs Load Factor:    19.9984 %

[P]log_0 Load Factor:     5.537499 %

[P]log_1 Load Factor:     5.663992 %

[P]log_2 Load Factor:     5.396162 %

[P]log_3 Load Factor:     5.502948 %

[P]Get Hit Rate:         92.2892 %

[P]rx packet:       6060.197 / s

[P]Throughput:      1609481.392 ops

[P]Valid Entries:   802532.442 / s

[P]mica evicted:    438.488 / s

[P]set success:     832325.703 / s

[P]get found:       743038.235 / s

----------------------------------

[INFO]Current Time:       34.50 s

[P]indexs Load Factor:    20.8698 %

[P]log_0 Load Factor:     5.776000 %

[P]log_1 Load Factor:     5.907433 %

[P]log_2 Load Factor:     5.630614 %

[P]log_3 Load Factor:     5.742596 %

[P]Get Hit Rate:         92.4295 %

[P]rx packet:       6443.694 / s

[P]Throughput:      1607534.668 ops

[P]Valid Entries:   805758.420 / s

[P]mica evicted:    593.342 / s

[P]set success:     834889.816 / s

[P]get found:       747370.178 / s

----------------------------------

[INFO]Current Time:       35.69 s

[P]indexs Load Factor:    21.7394 %

[P]log_0 Load Factor:     6.013059 %

[P]log_1 Load Factor:     6.150590 %

[P]log_2 Load Factor:     5.863684 %

[P]log_3 Load Factor:     5.979825 %

[P]Get Hit Rate:         92.5915 %

[P]rx packet:       5984.683 / s

[P]Throughput:      1624016.792 ops

[P]Valid Entries:   809449.079 / s

[P]mica evicted:    735.213 / s

[P]set success:     837958.624 / s

[P]get found:       752295.777 / s

----------------------------------

[INFO]Current Time:       36.87 s

[P]indexs Load Factor:    22.6039 %

[P]log_0 Load Factor:     6.248626 %

[P]log_1 Load Factor:     6.392818 %

[P]log_2 Load Factor:     6.094125 %

[P]log_3 Load Factor:     6.214538 %

[P]Get Hit Rate:         92.8335 %

[P]rx packet:       5742.838 / s

[P]Throughput:      1621888.641 ops

[P]Valid Entries:   808250.358 / s

[P]mica evicted:    916.860 / s

[P]set success:     837087.078 / s

[P]get found:       753033.428 / s

----------------------------------

[INFO]Current Time:       38.05 s

[P]indexs Load Factor:    23.4680 %

[P]log_0 Load Factor:     6.487149 %

[P]log_1 Load Factor:     6.634135 %

[P]log_2 Load Factor:     6.324942 %

[P]log_3 Load Factor:     6.450659 %

[P]Get Hit Rate:         93.0644 %

[P]rx packet:       5518.629 / s

[P]Throughput:      1616026.109 ops

[P]Valid Entries:   796568.219 / s

[P]mica evicted:    1149.361 / s

[P]set success:     833517.417 / s

[P]get found:       752606.646 / s

----------------------------------

[INFO]Current Time:       39.23 s

[P]indexs Load Factor:    24.3355 %

[P]log_0 Load Factor:     6.725252 %

[P]log_1 Load Factor:     6.878273 %

[P]log_2 Load Factor:     6.555910 %

[P]log_3 Load Factor:     6.687399 %

[P]Get Hit Rate:         92.4271 %

[P]rx packet:       5909.880 / s

[P]Throughput:      1610632.953 ops

[P]Valid Entries:   807062.674 / s

[P]mica evicted:    1345.124 / s

[P]set success:     836462.519 / s

[P]get found:       748951.265 / s

----------------------------------

[INFO]Current Time:       40.42 s

[P]indexs Load Factor:    25.2125 %

[P]log_0 Load Factor:     6.967749 %

[P]log_1 Load Factor:     7.123372 %

[P]log_2 Load Factor:     6.790481 %

[P]log_3 Load Factor:     6.930225 %

[P]Get Hit Rate:         93.6265 %

[P]rx packet:       6228.112 / s

[P]Throughput:      1612663.017 ops

[P]Valid Entries:   803300.275 / s

[P]mica evicted:    1716.998 / s

[P]set success:     833256.929 / s

[P]get found:       755414.362 / s

----------------------------------

[INFO]Current Time:       41.61 s

[P]indexs Load Factor:    26.0913 %

[P]log_0 Load Factor:     7.207468 %

[P]log_1 Load Factor:     7.368163 %

[P]log_2 Load Factor:     7.023274 %

[P]log_3 Load Factor:     7.169127 %

[P]Get Hit Rate:         93.8126 %

[P]rx packet:       6319.517 / s

[P]Throughput:      1624945.440 ops

[P]Valid Entries:   809077.945 / s

[P]mica evicted:    2132.711 / s

[P]set success:     839944.552 / s

[P]get found:       762642.545 / s

----------------------------------

[INFO]Current Time:       42.81 s

[P]indexs Load Factor:    26.9606 %

[P]log_0 Load Factor:     7.445485 %

[P]log_1 Load Factor:     7.612672 %

[P]log_2 Load Factor:     7.254274 %

[P]log_3 Load Factor:     7.403980 %

[P]Get Hit Rate:         93.9916 %

[P]rx packet:       6291.277 / s

[P]Throughput:      1611880.099 ops

[P]Valid Entries:   778433.595 / s

[P]mica evicted:    2542.107 / s

[P]set success:     832849.247 / s

[P]get found:       757905.178 / s

----------------------------------

[INFO]Current Time:       44.00 s

[P]indexs Load Factor:    27.8362 %

[P]log_0 Load Factor:     7.686345 %

[P]log_1 Load Factor:     7.857017 %

[P]log_2 Load Factor:     7.490592 %

[P]log_3 Load Factor:     7.646577 %

[P]Get Hit Rate:         94.0548 %

[P]rx packet:       6015.826 / s

[P]Throughput:      1621843.940 ops

[P]Valid Entries:   790165.611 / s

[P]mica evicted:    2977.759 / s

[P]set success:     836942.805 / s

[P]get found:       763228.413 / s

----------------------------------

[INFO]Current Time:       45.19 s

[P]indexs Load Factor:    28.7096 %

[P]log_0 Load Factor:     7.924535 %

[P]log_1 Load Factor:     8.102261 %

[P]log_2 Load Factor:     7.721734 %

[P]log_3 Load Factor:     7.883327 %

[P]Get Hit Rate:         94.3235 %

[P]rx packet:       6252.396 / s

[P]Throughput:      1604157.224 ops

[P]Valid Entries:   768390.412 / s

[P]mica evicted:    3514.561 / s

[P]set success:     832154.950 / s

[P]get found:       760847.107 / s

----------------------------------

[INFO]Current Time:       46.39 s

[P]indexs Load Factor:    29.5895 %

[P]log_0 Load Factor:     8.165713 %

[P]log_1 Load Factor:     8.348589 %

[P]log_2 Load Factor:     7.958041 %

[P]log_3 Load Factor:     8.125104 %

[P]Get Hit Rate:         94.4204 %

[P]rx packet:       6265.476 / s

[P]Throughput:      1622892.674 ops

[P]Valid Entries:   797965.122 / s

[P]mica evicted:    4206.223 / s

[P]set success:     828927.431 / s

[P]get found:       766737.156 / s

----------------------------------

[INFO]Current Time:       47.59 s

[P]indexs Load Factor:    30.4716 %

[P]log_0 Load Factor:     8.407537 %

[P]log_1 Load Factor:     8.593258 %

[P]log_2 Load Factor:     8.194759 %

[P]log_3 Load Factor:     8.364907 %

[P]Get Hit Rate:         94.5916 %

[P]rx packet:       6447.611 / s

[P]Throughput:      1601253.960 ops

[P]Valid Entries:   795958.607 / s

[P]mica evicted:    4799.999 / s

[P]set success:     826461.854 / s

[P]get found:       757783.666 / s

----------------------------------

[INFO]Current Time:       48.80 s

[P]indexs Load Factor:    31.3530 %

[P]log_0 Load Factor:     8.646803 %

[P]log_1 Load Factor:     8.841114 %

[P]log_2 Load Factor:     8.428887 %

[P]log_3 Load Factor:     8.602589 %

[P]Get Hit Rate:         94.8726 %

[P]rx packet:       7718.934 / s

[P]Throughput:      1630181.782 ops

[P]Valid Entries:   802321.809 / s

[P]mica evicted:    5686.284 / s

[P]set success:     842975.632 / s

[P]get found:       773719.760 / s

----------------------------------

[INFO]Current Time:       50.00 s

[P]indexs Load Factor:    32.2270 %

[P]log_0 Load Factor:     8.888270 %

[P]log_1 Load Factor:     9.086670 %

[P]log_2 Load Factor:     8.663727 %

[P]log_3 Load Factor:     8.844674 %

[P]Get Hit Rate:         94.8686 %

[P]rx packet:       6279.361 / s

[P]Throughput:      1607087.412 ops

[P]Valid Entries:   783959.746 / s

[P]mica evicted:    6608.363 / s

[P]set success:     833180.973 / s

[P]get found:       766674.221 / s

----------------------------------

[INFO]Current Time:       51.21 s

[P]indexs Load Factor:    33.1078 %

[P]log_0 Load Factor:     9.127891 %

[P]log_1 Load Factor:     9.332063 %

[P]log_2 Load Factor:     8.898241 %

[P]log_3 Load Factor:     9.088435 %

[P]Get Hit Rate:         95.0688 %

[P]rx packet:       6204.042 / s

[P]Throughput:      1625492.147 ops

[P]Valid Entries:   788172.193 / s

[P]mica evicted:    7674.359 / s

[P]set success:     839164.489 / s

[P]get found:       772946.278 / s

----------------------------------

[INFO]Current Time:       52.41 s

[P]indexs Load Factor:    33.9878 %

[P]log_0 Load Factor:     9.368002 %

[P]log_1 Load Factor:     9.579155 %

[P]log_2 Load Factor:     9.132962 %

[P]log_3 Load Factor:     9.331045 %

[P]Get Hit Rate:         95.1681 %

[P]rx packet:       6100.932 / s

[P]Throughput:      1621867.480 ops

[P]Valid Entries:   801924.302 / s

[P]mica evicted:    8676.125 / s

[P]set success:     836104.962 / s

[P]get found:       772184.230 / s

----------------------------------

[INFO]Current Time:       53.63 s

[P]indexs Load Factor:    34.8715 %

[P]log_0 Load Factor:     9.610094 %

[P]log_1 Load Factor:     9.823759 %

[P]log_2 Load Factor:     9.368234 %

[P]log_3 Load Factor:     9.573032 %

[P]Get Hit Rate:         96.3237 %

[P]rx packet:       6964.937 / s

[P]Throughput:      1620893.319 ops

[P]Valid Entries:   788257.772 / s

[P]mica evicted:    10010.551 / s

[P]set success:     840473.368 / s

[P]get found:       777078.430 / s

----------------------------------

[INFO]Current Time:       54.83 s

[P]indexs Load Factor:    35.7527 %

[P]log_0 Load Factor:     9.850275 %

[P]log_1 Load Factor:     10.070208 %

[P]log_2 Load Factor:     9.605719 %

[P]log_3 Load Factor:     9.814993 %

[P]Get Hit Rate:         95.3820 %

[P]rx packet:       6502.190 / s

[P]Throughput:      1628966.127 ops

[P]Valid Entries:   795026.683 / s

[P]mica evicted:    11533.547 / s

[P]set success:     839931.446 / s

[P]get found:       777300.376 / s

----------------------------------

[INFO]Current Time:       56.04 s

[P]indexs Load Factor:    36.6281 %

[P]log_0 Load Factor:     10.089631 %

[P]log_1 Load Factor:     10.316383 %

[P]log_2 Load Factor:     9.837618 %

[P]log_3 Load Factor:     10.051425 %

[P]Get Hit Rate:         95.4750 %

[P]rx packet:       6322.765 / s

[P]Throughput:      1619424.178 ops

[P]Valid Entries:   789160.427 / s

[P]mica evicted:    12956.850 / s

[P]set success:     834693.063 / s

[P]get found:       773273.214 / s

----------------------------------

[INFO]Current Time:       57.26 s

[P]indexs Load Factor:    37.5054 %

[P]log_0 Load Factor:     10.329500 %

[P]log_1 Load Factor:     10.561519 %

[P]log_2 Load Factor:     10.071834 %

[P]log_3 Load Factor:     10.290903 %

[P]Get Hit Rate:         95.6904 %

[P]rx packet:       6200.126 / s

[P]Throughput:      1623081.007 ops

[P]Valid Entries:   797875.953 / s

[P]mica evicted:    14344.631 / s

[P]set success:     836917.408 / s

[P]get found:       777040.733 / s

----------------------------------

[INFO]Current Time:       58.47 s

[P]indexs Load Factor:    38.3701 %

[P]log_0 Load Factor:     10.566764 %

[P]log_1 Load Factor:     10.805675 %

[P]log_2 Load Factor:     10.302094 %

[P]log_3 Load Factor:     10.526563 %

[P]Get Hit Rate:         95.7781 %

[P]rx packet:       6395.121 / s

[P]Throughput:      1612017.318 ops

[P]Valid Entries:   790530.768 / s

[P]mica evicted:    16258.628 / s

[P]set success:     831417.661 / s

[P]get found:       772173.960 / s

----------------------------------

[INFO]Current Time:       59.69 s

[P]indexs Load Factor:    39.2455 %

[P]log_0 Load Factor:     10.807846 %

[P]log_1 Load Factor:     11.050507 %

[P]log_2 Load Factor:     10.536399 %

[P]log_3 Load Factor:     10.767663 %

[P]Get Hit Rate:         96.9001 %

[P]rx packet:       6306.347 / s

[P]Throughput:      1605433.202 ops

[P]Valid Entries:   781831.357 / s

[P]mica evicted:    17915.759 / s

[P]set success:     831894.988 / s

[P]get found:       774123.874 / s

----------------------------------

[INFO]Current Time:       60.90 s

[P]indexs Load Factor:    40.1213 %

[P]log_0 Load Factor:     11.047506 %

[P]log_1 Load Factor:     11.294384 %

[P]log_2 Load Factor:     10.768701 %

[P]log_3 Load Factor:     11.005479 %

[P]Get Hit Rate:         95.9052 %

[P]rx packet:       6880.262 / s

[P]Throughput:      1636481.267 ops

[P]Valid Entries:   799335.316 / s

[P]mica evicted:    20365.576 / s

[P]set success:     843149.647 / s

[P]get found:       785055.588 / s

----------------------------------

[INFO]Current Time:       62.12 s

[P]indexs Load Factor:    41.0002 %

[P]log_0 Load Factor:     11.288274 %

[P]log_1 Load Factor:     11.539772 %

[P]log_2 Load Factor:     11.004842 %

[P]log_3 Load Factor:     11.249398 %

[P]Get Hit Rate:         96.0640 %

[P]rx packet:       7257.143 / s

[P]Throughput:      1615432.455 ops

[P]Valid Entries:   791242.834 / s

[P]mica evicted:    22406.748 / s

[P]set success:     836841.622 / s

[P]get found:       779934.809 / s

----------------------------------

[INFO]Current Time:       63.34 s

[P]indexs Load Factor:    41.8673 %

[P]log_0 Load Factor:     11.525734 %

[P]log_1 Load Factor:     11.783438 %

[P]log_2 Load Factor:     11.237084 %

[P]log_3 Load Factor:     11.483984 %

[P]Get Hit Rate:         98.1590 %

[P]rx packet:       7067.761 / s

[P]Throughput:      1601126.471 ops

[P]Valid Entries:   770688.998 / s

[P]mica evicted:    24537.889 / s

[P]set success:     833942.768 / s

[P]get found:       778013.205 / s

----------------------------------

[INFO]Current Time:       64.56 s

[P]indexs Load Factor:    42.7471 %

[P]log_0 Load Factor:     11.766276 %

[P]log_1 Load Factor:     12.027422 %

[P]log_2 Load Factor:     11.470594 %

[P]log_3 Load Factor:     11.724556 %

[P]Get Hit Rate:         96.2175 %

[P]rx packet:       6817.129 / s

[P]Throughput:      1646235.806 ops

[P]Valid Entries:   797985.067 / s

[P]mica evicted:    27325.051 / s

[P]set success:     848075.395 / s

[P]get found:       792043.841 / s

----------------------------------

[INFO]Current Time:       65.79 s

[P]indexs Load Factor:    43.6110 %

[P]log_0 Load Factor:     12.002024 %

[P]log_1 Load Factor:     12.269284 %

[P]log_2 Load Factor:     11.702067 %

[P]log_3 Load Factor:     11.959836 %

[P]Get Hit Rate:         97.1998 %

[P]rx packet:       6674.186 / s

[P]Throughput:      1611577.961 ops

[P]Valid Entries:   782061.676 / s

[P]mica evicted:    29846.535 / s

[P]set success:     833241.888 / s

[P]get found:       779279.129 / s

----------------------------------

[INFO]Current Time:       67.01 s

[P]indexs Load Factor:    44.4650 %

[P]log_0 Load Factor:     12.235069 %

[P]log_1 Load Factor:     12.510449 %

[P]log_2 Load Factor:     11.929778 %

[P]log_3 Load Factor:     12.190369 %

[P]Get Hit Rate:         96.2918 %

[P]rx packet:       6637.578 / s

[P]Throughput:      1615158.370 ops

[P]Valid Entries:   777393.582 / s

[P]mica evicted:    32606.276 / s

[P]set success:     831194.915 / s

[P]get found:       777776.974 / s

----------------------------------

[INFO]Current Time:       68.23 s

[P]indexs Load Factor:    45.3230 %

[P]log_0 Load Factor:     12.469689 %

[P]log_1 Load Factor:     12.751069 %

[P]log_2 Load Factor:     12.158151 %

[P]log_3 Load Factor:     12.423009 %

[P]Get Hit Rate:         96.3873 %

[P]rx packet:       6936.541 / s

[P]Throughput:      1623479.455 ops

[P]Valid Entries:   778731.022 / s

[P]mica evicted:    35948.430 / s

[P]set success:     835646.166 / s

[P]get found:       782619.020 / s

----------------------------------

[INFO]Current Time:       69.46 s

[P]indexs Load Factor:    46.1801 %

[P]log_0 Load Factor:     12.705517 %

[P]log_1 Load Factor:     12.991074 %

[P]log_2 Load Factor:     12.389186 %

[P]log_3 Load Factor:     12.659740 %

[P]Get Hit Rate:         96.3285 %

[P]rx packet:       6619.118 / s

[P]Throughput:      1619595.479 ops

[P]Valid Entries:   773339.870 / s

[P]mica evicted:    39031.380 / s

[P]set success:     832748.456 / s

[P]get found:       780433.067 / s

----------------------------------

[INFO]Current Time:       70.68 s

[P]indexs Load Factor:    47.0357 %

[P]log_0 Load Factor:     12.938667 %

[P]log_1 Load Factor:     13.229806 %

[P]log_2 Load Factor:     12.614739 %

[P]log_3 Load Factor:     12.890462 %

[P]Get Hit Rate:         96.4833 %

[P]rx packet:       6780.869 / s

[P]Throughput:      1637532.452 ops

[P]Valid Entries:   763127.154 / s

[P]mica evicted:    42976.003 / s

[P]set success:     842019.705 / s

[P]get found:       790047.204 / s

----------------------------------

[INFO]Current Time:       71.91 s

[P]indexs Load Factor:    47.8870 %

[P]log_0 Load Factor:     13.169376 %

[P]log_1 Load Factor:     13.466975 %

[P]log_2 Load Factor:     12.842530 %

[P]log_3 Load Factor:     13.125139 %

[P]Get Hit Rate:         96.4877 %

[P]rx packet:       7178.925 / s

[P]Throughput:      1616442.343 ops

[P]Valid Entries:   762675.072 / s

[P]mica evicted:    45857.464 / s

[P]set success:     835695.087 / s

[P]get found:       784100.033 / s

----------------------------------

[INFO]Current Time:       73.13 s

[P]indexs Load Factor:    48.7260 %

[P]log_0 Load Factor:     13.398668 %

[P]log_1 Load Factor:     13.702176 %

[P]log_2 Load Factor:     13.066591 %

[P]log_3 Load Factor:     13.353065 %

[P]Get Hit Rate:         96.4617 %

[P]rx packet:       7193.111 / s

[P]Throughput:      1620105.336 ops

[P]Valid Entries:   756286.858 / s

[P]mica evicted:    49765.418 / s

[P]set success:     824712.878 / s

[P]get found:       781671.811 / s

----------------------------------

[INFO]Current Time:       74.35 s

[P]indexs Load Factor:    49.5670 %

[P]log_0 Load Factor:     13.628794 %

[P]log_1 Load Factor:     13.937633 %

[P]log_2 Load Factor:     13.289397 %

[P]log_3 Load Factor:     13.584063 %

[P]Get Hit Rate:         96.4741 %

[P]rx packet:       6905.095 / s

[P]Throughput:      1625337.330 ops

[P]Valid Entries:   762852.284 / s

[P]mica evicted:    53830.552 / s

[P]set success:     835143.429 / s

[P]get found:       784012.767 / s

----------------------------------

[INFO]Current Time:       75.58 s

[P]indexs Load Factor:    50.4059 %

[P]log_0 Load Factor:     13.857075 %

[P]log_1 Load Factor:     14.173173 %

[P]log_2 Load Factor:     13.513566 %

[P]log_3 Load Factor:     13.812268 %

[P]Get Hit Rate:         96.5710 %

[P]rx packet:       7408.320 / s

[P]Throughput:      1626888.951 ops

[P]Valid Entries:   752415.001 / s

[P]mica evicted:    58426.728 / s

[P]set success:     828137.059 / s

[P]get found:       785543.095 / s

----------------------------------

[INFO]Current Time:       76.80 s

[P]indexs Load Factor:    51.2331 %

[P]log_0 Load Factor:     14.083939 %

[P]log_1 Load Factor:     14.406299 %

[P]log_2 Load Factor:     13.733326 %

[P]log_3 Load Factor:     14.040936 %

[P]Get Hit Rate:         96.4879 %

[P]rx packet:       7127.874 / s

[P]Throughput:      1616691.916 ops

[P]Valid Entries:   750664.575 / s

[P]mica evicted:    62277.897 / s

[P]set success:     830042.692 / s

[P]get found:       779802.295 / s

----------------------------------

[INFO]Current Time:       78.03 s

[P]indexs Load Factor:    52.0657 %

[P]log_0 Load Factor:     14.310051 %

[P]log_1 Load Factor:     14.637879 %

[P]log_2 Load Factor:     13.955344 %

[P]log_3 Load Factor:     14.266047 %

[P]Get Hit Rate:         96.4907 %

[P]rx packet:       6749.362 / s

[P]Throughput:      1645526.546 ops

[P]Valid Entries:   752232.803 / s

[P]mica evicted:    67242.288 / s

[P]set success:     845015.115 / s

[P]get found:       793984.843 / s

----------------------------------

[INFO]Current Time:       79.25 s

[P]indexs Load Factor:    52.8828 %

[P]log_0 Load Factor:     14.531727 %

[P]log_1 Load Factor:     14.867317 %

[P]log_2 Load Factor:     14.173125 %

[P]log_3 Load Factor:     14.486811 %

[P]Get Hit Rate:         96.5200 %

[P]rx packet:       7273.004 / s

[P]Throughput:      1619978.444 ops

[P]Valid Entries:   729050.615 / s

[P]mica evicted:    71165.176 / s

[P]set success:     831882.147 / s

[P]get found:       781845.842 / s

----------------------------------

[INFO]Current Time:       80.48 s

[P]indexs Load Factor:    53.6904 %

[P]log_0 Load Factor:     14.752718 %

[P]log_1 Load Factor:     15.094874 %

[P]log_2 Load Factor:     14.387348 %

[P]log_3 Load Factor:     14.706968 %

[P]Get Hit Rate:         96.5503 %

[P]rx packet:       7052.233 / s

[P]Throughput:      1620012.967 ops

[P]Valid Entries:   732213.353 / s

[P]mica evicted:    76147.746 / s

[P]set success:     831772.221 / s

[P]get found:       782052.954 / s

----------------------------------

[INFO]Current Time:       81.70 s

[P]indexs Load Factor:    54.5030 %

[P]log_0 Load Factor:     14.974372 %

[P]log_1 Load Factor:     15.321666 %

[P]log_2 Load Factor:     14.604063 %

[P]log_3 Load Factor:     14.929472 %

[P]Get Hit Rate:         97.3900 %

[P]rx packet:       6931.149 / s

[P]Throughput:      1621316.428 ops

[P]Valid Entries:   738962.505 / s

[P]mica evicted:    81199.425 / s

[P]set success:     836087.030 / s

[P]get found:       786006.532 / s

----------------------------------

[INFO]Current Time:       82.92 s

[P]indexs Load Factor:    55.3109 %

[P]log_0 Load Factor:     15.196599 %

[P]log_1 Load Factor:     15.546262 %

[P]log_2 Load Factor:     14.820135 %

[P]log_3 Load Factor:     15.150690 %

[P]Get Hit Rate:         96.4919 %

[P]rx packet:       7355.234 / s

[P]Throughput:      1637297.210 ops

[P]Valid Entries:   737756.549 / s

[P]mica evicted:    86746.521 / s

[P]set success:     839846.343 / s

[P]get found:       789657.978 / s

----------------------------------

[INFO]Current Time:       84.14 s

[P]indexs Load Factor:    56.1025 %

[P]log_0 Load Factor:     15.411376 %

[P]log_1 Load Factor:     15.769816 %

[P]log_2 Load Factor:     15.027967 %

[P]log_3 Load Factor:     15.363690 %

[P]Get Hit Rate:         96.5072 %

[P]rx packet:       7360.583 / s

[P]Throughput:      1622391.504 ops

[P]Valid Entries:   725662.448 / s

[P]mica evicted:    92194.440 / s

[P]set success:     831966.242 / s

[P]get found:       782871.388 / s

----------------------------------

[INFO]Current Time:       85.36 s

[P]indexs Load Factor:    56.8906 %

[P]log_0 Load Factor:     15.626477 %

[P]log_1 Load Factor:     15.991048 %

[P]log_2 Load Factor:     15.240646 %

[P]log_3 Load Factor:     15.579092 %

[P]Get Hit Rate:         96.4619 %

[P]rx packet:       7060.609 / s

[P]Throughput:      1619523.678 ops

[P]Valid Entries:   704627.525 / s

[P]mica evicted:    96955.878 / s

[P]set success:     830452.904 / s

[P]get found:       780908.301 / s

----------------------------------

[INFO]Current Time:       86.58 s

[P]indexs Load Factor:    57.6723 %

[P]log_0 Load Factor:     15.839951 %

[P]log_1 Load Factor:     16.210346 %

[P]log_2 Load Factor:     15.449615 %

[P]log_3 Load Factor:     15.791694 %

[P]Get Hit Rate:         96.3771 %

[P]rx packet:       6963.056 / s

[P]Throughput:      1624270.812 ops

[P]Valid Entries:   712488.934 / s

[P]mica evicted:    103361.524 / s

[P]set success:     828706.214 / s

[P]get found:       786789.982 / s

----------------------------------

[INFO]Current Time:       87.80 s

[P]indexs Load Factor:    58.4556 %

[P]log_0 Load Factor:     16.054084 %

[P]log_1 Load Factor:     16.428424 %

[P]log_2 Load Factor:     15.657140 %

[P]log_3 Load Factor:     16.004802 %

[P]Get Hit Rate:         97.3883 %

[P]rx packet:       7543.950 / s

[P]Throughput:      1632468.084 ops

[P]Valid Entries:   711121.397 / s

[P]mica evicted:    109488.711 / s

[P]set success:     841059.675 / s

[P]get found:       790815.407 / s

----------------------------------

[INFO]Current Time:       89.02 s

[P]indexs Load Factor:    59.2271 %

[P]log_0 Load Factor:     16.265681 %

[P]log_1 Load Factor:     16.643303 %

[P]log_2 Load Factor:     15.862432 %

[P]log_3 Load Factor:     16.214819 %

[P]Get Hit Rate:         96.4388 %

[P]rx packet:       7384.248 / s

[P]Throughput:      1623954.056 ops

[P]Valid Entries:   709122.709 / s

[P]mica evicted:    115255.701 / s

[P]set success:     828847.391 / s

[P]get found:       786851.121 / s

----------------------------------

[INFO]Current Time:       90.23 s

[P]indexs Load Factor:    59.9873 %

[P]log_0 Load Factor:     16.471107 %

[P]log_1 Load Factor:     16.855436 %

[P]log_2 Load Factor:     16.064292 %

[P]log_3 Load Factor:     16.420470 %

[P]Get Hit Rate:         96.3978 %

[P]rx packet:       7499.935 / s

[P]Throughput:      1646683.422 ops

[P]Valid Entries:   709421.470 / s

[P]mica evicted:    122614.826 / s

[P]set success:     835497.488 / s

[P]get found:       793414.476 / s

----------------------------------

[INFO]Current Time:       91.44 s

[P]indexs Load Factor:    60.7494 %

[P]log_0 Load Factor:     16.682202 %

[P]log_1 Load Factor:     17.067240 %

[P]log_2 Load Factor:     16.269018 %

[P]log_3 Load Factor:     16.630510 %

[P]Get Hit Rate:         96.3394 %

[P]rx packet:       7406.863 / s

[P]Throughput:      1636697.282 ops

[P]Valid Entries:   691818.187 / s

[P]mica evicted:    128360.234 / s

[P]set success:     838558.996 / s

[P]get found:       788528.735 / s

----------------------------------

[INFO]Current Time:       92.65 s

[P]indexs Load Factor:    61.4988 %

[P]log_0 Load Factor:     16.885823 %

[P]log_1 Load Factor:     17.275985 %

[P]log_2 Load Factor:     16.468879 %

[P]log_3 Load Factor:     16.833023 %

[P]Get Hit Rate:         96.2847 %

[P]rx packet:       7529.549 / s

[P]Throughput:      1644235.401 ops

[P]Valid Entries:   681771.263 / s

[P]mica evicted:    135869.463 / s

[P]set success:     842286.107 / s

[P]get found:       791450.739 / s

----------------------------------

[INFO]Current Time:       93.86 s

[P]indexs Load Factor:    62.2379 %

[P]log_0 Load Factor:     17.085307 %

[P]log_1 Load Factor:     17.483543 %

[P]log_2 Load Factor:     16.666206 %

[P]log_3 Load Factor:     17.034440 %

[P]Get Hit Rate:         96.2401 %

[P]rx packet:       7666.725 / s

[P]Throughput:      1636045.710 ops

[P]Valid Entries:   686026.073 / s

[P]mica evicted:    141362.313 / s

[P]set success:     837291.273 / s

[P]get found:       787245.676 / s

----------------------------------

[INFO]Current Time:       95.07 s

[P]indexs Load Factor:    62.9741 %

[P]log_0 Load Factor:     17.286200 %

[P]log_1 Load Factor:     17.687949 %

[P]log_2 Load Factor:     16.862285 %

[P]log_3 Load Factor:     17.236984 %

[P]Get Hit Rate:         96.1883 %

[P]rx packet:       7279.837 / s

[P]Throughput:      1648742.143 ops

[P]Valid Entries:   685017.379 / s

[P]mica evicted:    149057.662 / s

[P]set success:     844089.881 / s

[P]get found:       792729.204 / s

----------------------------------

[INFO]Current Time:       96.28 s

[P]indexs Load Factor:    63.7012 %

[P]log_0 Load Factor:     17.484662 %

[P]log_1 Load Factor:     17.890366 %

[P]log_2 Load Factor:     17.057098 %

[P]log_3 Load Factor:     17.435325 %

[P]Get Hit Rate:         97.0961 %

[P]rx packet:       7588.696 / s

[P]Throughput:      1638943.645 ops

[P]Valid Entries:   677947.283 / s

[P]mica evicted:    155636.248 / s

[P]set success:     842796.244 / s

[P]get found:       791540.629 / s

----------------------------------

[INFO]Current Time:       97.49 s

[P]indexs Load Factor:    64.4218 %

[P]log_0 Load Factor:     17.681671 %

[P]log_1 Load Factor:     18.090245 %

[P]log_2 Load Factor:     17.247635 %

[P]log_3 Load Factor:     17.630459 %

[P]Get Hit Rate:         95.0592 %

[P]rx packet:       7758.204 / s

[P]Throughput:      1649201.123 ops

[P]Valid Entries:   672144.147 / s

[P]mica evicted:    163054.098 / s

[P]set success:     843419.056 / s

[P]get found:       783692.161 / s

----------------------------------

[INFO]Current Time:       98.69 s

[P]indexs Load Factor:    65.1315 %

[P]log_0 Load Factor:     17.876624 %

[P]log_1 Load Factor:     18.287336 %

[P]log_2 Load Factor:     17.437350 %

[P]log_3 Load Factor:     17.824191 %

[P]Get Hit Rate:         95.9904 %

[P]rx packet:       7773.876 / s

[P]Throughput:      1637398.965 ops

[P]Valid Entries:   647590.453 / s

[P]mica evicted:    169168.256 / s

[P]set success:     837456.974 / s

[P]get found:       785532.163 / s

----------------------------------

[INFO]Current Time:       99.89 s

[P]indexs Load Factor:    65.8309 %

[P]log_0 Load Factor:     18.065063 %

[P]log_1 Load Factor:     18.482296 %

[P]log_2 Load Factor:     17.624591 %

[P]log_3 Load Factor:     18.012149 %

[P]Get Hit Rate:         95.9174 %

[P]rx packet:       8338.615 / s

[P]Throughput:      1640082.538 ops

[P]Valid Entries:   651237.979 / s

[P]mica evicted:    177261.277 / s

[P]set success:     842971.211 / s

[P]get found:       790463.062 / s

----------------------------------

[INFO]Current Time:       101.09 s

[P]indexs Load Factor:    66.5173 %

[P]log_0 Load Factor:     18.251858 %

[P]log_1 Load Factor:     18.674583 %

[P]log_2 Load Factor:     17.807078 %

[P]log_3 Load Factor:     18.198990 %

[P]Get Hit Rate:         95.7412 %

[P]rx packet:       7462.064 / s

[P]Throughput:      1639487.071 ops

[P]Valid Entries:   640629.805 / s

[P]mica evicted:    183668.876 / s

[P]set success:     820208.142 / s

[P]get found:       784440.114 / s

----------------------------------

[INFO]Current Time:       102.29 s

[P]indexs Load Factor:    67.1874 %

[P]log_0 Load Factor:     18.434063 %

[P]log_1 Load Factor:     18.863971 %

[P]log_2 Load Factor:     17.985865 %

[P]log_3 Load Factor:     18.378859 %

[P]Get Hit Rate:         95.6568 %

[P]rx packet:       7704.891 / s

[P]Throughput:      1622945.795 ops

[P]Valid Entries:   628194.752 / s

[P]mica evicted:    189016.772 / s

[P]set success:     829020.796 / s

[P]get found:       776113.485 / s

----------------------------------

[INFO]Current Time:       103.48 s

[P]indexs Load Factor:    67.8589 %

[P]log_0 Load Factor:     18.618052 %

[P]log_1 Load Factor:     19.051074 %

[P]log_2 Load Factor:     18.164104 %

[P]log_3 Load Factor:     18.564341 %

[P]Get Hit Rate:         95.5385 %

[P]rx packet:       7803.521 / s

[P]Throughput:      1645645.194 ops

[P]Valid Entries:   636114.905 / s

[P]mica evicted:    199017.891 / s

[P]set success:     841038.503 / s

[P]get found:       785801.388 / s

----------------------------------

[INFO]Current Time:       104.67 s

[P]indexs Load Factor:    68.5198 %

[P]log_0 Load Factor:     18.798895 %

[P]log_1 Load Factor:     19.235301 %

[P]log_2 Load Factor:     18.339484 %

[P]log_3 Load Factor:     18.743818 %

[P]Get Hit Rate:         94.5253 %

[P]rx packet:       8102.100 / s

[P]Throughput:      1635870.745 ops

[P]Valid Entries:   618651.007 / s

[P]mica evicted:    205368.291 / s

[P]set success:     826793.921 / s

[P]get found:       772711.037 / s

----------------------------------

[INFO]Current Time:       105.86 s

[P]indexs Load Factor:    69.1780 %

[P]log_0 Load Factor:     18.978195 %

[P]log_1 Load Factor:     19.417560 %

[P]log_2 Load Factor:     18.513970 %

[P]log_3 Load Factor:     18.922539 %

[P]Get Hit Rate:         95.3300 %

[P]rx packet:       7859.605 / s

[P]Throughput:      1660225.253 ops

[P]Valid Entries:   626728.004 / s

[P]mica evicted:    216306.923 / s

[P]set success:     847857.503 / s

[P]get found:       790762.037 / s

----------------------------------

[INFO]Current Time:       107.05 s

[P]indexs Load Factor:    69.8192 %

[P]log_0 Load Factor:     19.152869 %

[P]log_1 Load Factor:     19.596319 %

[P]log_2 Load Factor:     18.683580 %

[P]log_3 Load Factor:     19.097588 %

[P]Get Hit Rate:         95.2666 %

[P]rx packet:       7716.818 / s

[P]Throughput:      1636724.465 ops

[P]Valid Entries:   603813.605 / s

[P]mica evicted:    221000.393 / s

[P]set success:     835391.521 / s

[P]get found:       779281.398 / s

----------------------------------

[INFO]Current Time:       108.23 s

[P]indexs Load Factor:    70.4501 %

[P]log_0 Load Factor:     19.324618 %

[P]log_1 Load Factor:     19.773026 %

[P]log_2 Load Factor:     18.851694 %

[P]log_3 Load Factor:     19.268275 %

[P]Get Hit Rate:         95.1267 %

[P]rx packet:       7582.542 / s

[P]Throughput:      1641133.597 ops

[P]Valid Entries:   607865.688 / s

[P]mica evicted:    229996.725 / s

[P]set success:     841646.079 / s

[P]get found:       784110.354 / s

----------------------------------

[INFO]Current Time:       109.41 s

[P]indexs Load Factor:    71.0721 %

[P]log_0 Load Factor:     19.494266 %

[P]log_1 Load Factor:     19.947475 %

[P]log_2 Load Factor:     19.018082 %

[P]log_3 Load Factor:     19.436967 %

[P]Get Hit Rate:         94.9973 %

[P]rx packet:       7325.480 / s

[P]Throughput:      1636373.372 ops

[P]Valid Entries:   594851.852 / s

[P]mica evicted:    236025.276 / s

[P]set success:     834364.564 / s

[P]get found:       776815.931 / s

----------------------------------

[INFO]Current Time:       110.59 s

[P]indexs Load Factor:    71.6861 %

[P]log_0 Load Factor:     19.660955 %

[P]log_1 Load Factor:     20.117048 %

[P]log_2 Load Factor:     19.180858 %

[P]log_3 Load Factor:     19.604379 %

[P]Get Hit Rate:         94.8394 %

[P]rx packet:       7874.803 / s

[P]Throughput:      1645341.433 ops

[P]Valid Entries:   590809.844 / s

[P]mica evicted:    245183.915 / s

[P]set success:     838364.913 / s

[P]get found:       779917.618 / s

----------------------------------

[INFO]Current Time:       111.77 s

[P]indexs Load Factor:    72.2884 %

[P]log_0 Load Factor:     19.822865 %

[P]log_1 Load Factor:     20.287228 %

[P]log_2 Load Factor:     19.339177 %

[P]log_3 Load Factor:     19.769594 %

[P]Get Hit Rate:         94.8024 %

[P]rx packet:       7882.774 / s

[P]Throughput:      1647775.719 ops

[P]Valid Entries:   583766.795 / s

[P]mica evicted:    253714.265 / s

[P]set success:     839827.892 / s

[P]get found:       780596.707 / s

----------------------------------

[INFO]Current Time:       112.94 s

[P]indexs Load Factor:    72.8849 %

[P]log_0 Load Factor:     19.984971 %

[P]log_1 Load Factor:     20.453437 %

[P]log_2 Load Factor:     19.498630 %

[P]log_3 Load Factor:     19.934897 %

[P]Get Hit Rate:         94.6741 %

[P]rx packet:       8075.783 / s

[P]Throughput:      1637473.783 ops

[P]Valid Entries:   573305.471 / s

[P]mica evicted:    259487.653 / s

[P]set success:     834555.594 / s

[P]get found:       774459.206 / s

----------------------------------

[INFO]Current Time:       114.11 s

[P]indexs Load Factor:    73.4667 %

[P]log_0 Load Factor:     20.141480 %

[P]log_1 Load Factor:     20.614579 %

[P]log_2 Load Factor:     19.652279 %

[P]log_3 Load Factor:     20.092527 %

[P]Get Hit Rate:         94.4426 %

[P]rx packet:       7799.399 / s

[P]Throughput:      1668408.351 ops

[P]Valid Entries:   569943.061 / s

[P]mica evicted:    272387.770 / s

[P]set success:     849954.838 / s

[P]get found:       787385.963 / s

----------------------------------

[INFO]Current Time:       115.27 s

[P]indexs Load Factor:    74.0372 %

[P]log_0 Load Factor:     20.297907 %

[P]log_1 Load Factor:     20.775267 %

[P]log_2 Load Factor:     19.804208 %

[P]log_3 Load Factor:     20.246828 %

[P]Get Hit Rate:         94.3296 %

[P]rx packet:       7545.700 / s

[P]Throughput:      1635527.676 ops

[P]Valid Entries:   557066.766 / s

[P]mica evicted:    274330.534 / s

[P]set success:     832655.349 / s

[P]get found:       770944.492 / s

----------------------------------

[INFO]Current Time:       116.44 s

[P]indexs Load Factor:    74.6011 %

[P]log_0 Load Factor:     20.451679 %

[P]log_1 Load Factor:     20.932277 %

[P]log_2 Load Factor:     19.953792 %

[P]log_3 Load Factor:     20.400918 %

[P]Get Hit Rate:         95.1013 %

[P]rx packet:       7920.766 / s

[P]Throughput:      1636117.314 ops

[P]Valid Entries:   551502.215 / s

[P]mica evicted:    284035.538 / s

[P]set success:     817539.994 / s

[P]get found:       773311.138 / s

----------------------------------

[INFO]Current Time:       117.59 s

[P]indexs Load Factor:    75.1547 %

[P]log_0 Load Factor:     20.600495 %

[P]log_1 Load Factor:     21.085263 %

[P]log_2 Load Factor:     20.100953 %

[P]log_3 Load Factor:     20.551631 %

[P]Get Hit Rate:         92.9769 %

[P]rx packet:       8572.379 / s

[P]Throughput:      1645519.814 ops

[P]Valid Entries:   537997.366 / s

[P]mica evicted:    292558.678 / s

[P]set success:     835997.520 / s

[P]get found:       764566.794 / s

----------------------------------

[INFO]Current Time:       118.75 s

[P]indexs Load Factor:    75.7053 %

[P]log_0 Load Factor:     20.750475 %

[P]log_1 Load Factor:     21.239875 %

[P]log_2 Load Factor:     20.247143 %

[P]log_3 Load Factor:     20.702686 %

[P]Get Hit Rate:         93.8964 %

[P]rx packet:       8206.806 / s

[P]Throughput:      1660059.690 ops

[P]Valid Entries:   542161.451 / s

[P]mica evicted:    302724.008 / s

[P]set success:     844364.543 / s

[P]get found:       778517.454 / s

----------------------------------

[INFO]Current Time:       119.91 s

[P]indexs Load Factor:    76.2416 %

[P]log_0 Load Factor:     20.896949 %

[P]log_1 Load Factor:     21.390160 %

[P]log_2 Load Factor:     20.389945 %

[P]log_3 Load Factor:     20.849300 %

[P]Get Hit Rate:         93.7236 %

[P]rx packet:       7963.108 / s

[P]Throughput:      1650042.620 ops

[P]Valid Entries:   531055.538 / s

[P]mica evicted:    308438.053 / s

[P]set success:     838926.900 / s

[P]get found:       772719.075 / s

----------------------------------

[INFO]Current Time:       121.06 s

[P]indexs Load Factor:    76.7727 %

[P]log_0 Load Factor:     21.039528 %

[P]log_1 Load Factor:     21.536851 %

[P]log_2 Load Factor:     20.531232 %

[P]log_3 Load Factor:     20.994435 %

[P]Get Hit Rate:         93.4067 %

[P]rx packet:       8138.493 / s

[P]Throughput:      1664666.505 ops

[P]Valid Entries:   522022.377 / s

[P]mica evicted:    319426.318 / s

[P]set success:     846181.972 / s

[P]get found:       776977.870 / s

----------------------------------

[INFO]Current Time:       122.20 s

[P]indexs Load Factor:    77.2876 %

[P]log_0 Load Factor:     21.180566 %

[P]log_1 Load Factor:     21.681511 %

[P]log_2 Load Factor:     20.667887 %

[P]log_3 Load Factor:     21.133373 %

[P]Get Hit Rate:         93.2445 %

[P]rx packet:       8719.298 / s

[P]Throughput:      1631999.968 ops

[P]Valid Entries:   507259.403 / s

[P]mica evicted:    322689.016 / s

[P]set success:     825023.646 / s

[P]get found:       764414.149 / s

----------------------------------

[INFO]Current Time:       123.35 s

[P]indexs Load Factor:    77.7992 %

[P]log_0 Load Factor:     21.318784 %

[P]log_1 Load Factor:     21.822235 %

[P]log_2 Load Factor:     20.803737 %

[P]log_3 Load Factor:     21.272770 %

[P]Get Hit Rate:         93.0886 %

[P]rx packet:       8141.545 / s

[P]Throughput:      1659071.122 ops

[P]Valid Entries:   504756.619 / s

[P]mica evicted:    333947.227 / s

[P]set success:     833979.535 / s

[P]get found:       771558.987 / s

----------------------------------

[INFO]Current Time:       124.50 s

[P]indexs Load Factor:    78.3018 %

[P]log_0 Load Factor:     21.454920 %

[P]log_1 Load Factor:     21.963060 %

[P]log_2 Load Factor:     20.936536 %

[P]log_3 Load Factor:     21.410321 %

[P]Get Hit Rate:         92.9990 %

[P]rx packet:       8926.112 / s

[P]Throughput:      1657292.003 ops

[P]Valid Entries:   502053.377 / s

[P]mica evicted:    342039.109 / s

[P]set success:     841569.148 / s

[P]get found:       769852.483 / s

----------------------------------

[INFO]Current Time:       125.64 s

[P]indexs Load Factor:    78.7882 %

[P]log_0 Load Factor:     21.588026 %

[P]log_1 Load Factor:     22.100221 %

[P]log_2 Load Factor:     21.066234 %

[P]log_3 Load Factor:     21.542924 %

[P]Get Hit Rate:         92.8245 %

[P]rx packet:       7913.016 / s

[P]Throughput:      1640014.625 ops

[P]Valid Entries:   489418.646 / s

[P]mica evicted:    345350.260 / s

[P]set success:     832529.687 / s

[P]get found:       760492.867 / s

----------------------------------

[INFO]Current Time:       126.78 s

[P]indexs Load Factor:    79.2727 %

[P]log_0 Load Factor:     21.719415 %

[P]log_1 Load Factor:     22.235224 %

[P]log_2 Load Factor:     21.194271 %

[P]log_3 Load Factor:     21.673920 %

[P]Get Hit Rate:         92.6626 %

[P]rx packet:       8130.659 / s

[P]Throughput:      1662866.914 ops

[P]Valid Entries:   488247.249 / s

[P]mica evicted:    358134.740 / s

[P]set success:     843914.585 / s

[P]get found:       769700.026 / s

----------------------------------

[INFO]Current Time:       127.91 s

[P]indexs Load Factor:    79.7508 %

[P]log_0 Load Factor:     21.851070 %

[P]log_1 Load Factor:     22.367108 %

[P]log_2 Load Factor:     21.321971 %

[P]log_3 Load Factor:     21.804274 %

[P]Get Hit Rate:         92.5235 %

[P]rx packet:       8927.850 / s

[P]Throughput:      1658929.096 ops

[P]Valid Entries:   474400.861 / s

[P]mica evicted:    365375.832 / s

[P]set success:     841892.456 / s

[P]get found:       766519.297 / s

----------------------------------

[INFO]Current Time:       129.05 s

[P]indexs Load Factor:    80.2153 %

[P]log_0 Load Factor:     21.978355 %

[P]log_1 Load Factor:     22.497579 %

[P]log_2 Load Factor:     21.445448 %

[P]log_3 Load Factor:     21.929856 %

[P]Get Hit Rate:         92.3065 %

[P]rx packet:       8675.269 / s

[P]Throughput:      1649469.650 ops

[P]Valid Entries:   472160.924 / s

[P]mica evicted:    372176.885 / s

[P]set success:     840891.178 / s

[P]get found:       764784.649 / s

----------------------------------

[INFO]Current Time:       130.18 s

[P]indexs Load Factor:    80.6738 %

[P]log_0 Load Factor:     22.102575 %

[P]log_1 Load Factor:     22.623970 %

[P]log_2 Load Factor:     21.567616 %

[P]log_3 Load Factor:     22.054848 %

[P]Get Hit Rate:         92.0971 %

[P]rx packet:       8174.268 / s

[P]Throughput:      1664117.586 ops

[P]Valid Entries:   459723.806 / s

[P]mica evicted:    382032.858 / s

[P]set success:     843828.553 / s

[P]get found:       765532.235 / s

----------------------------------

[INFO]Current Time:       131.30 s

[P]indexs Load Factor:    81.1211 %

[P]log_0 Load Factor:     22.222558 %

[P]log_1 Load Factor:     22.747993 %

[P]log_2 Load Factor:     21.687382 %

[P]log_3 Load Factor:     22.176294 %

[P]Get Hit Rate:         91.9264 %

[P]rx packet:       8483.486 / s

[P]Throughput:      1665036.295 ops

[P]Valid Entries:   452565.857 / s

[P]mica evicted:    389899.671 / s

[P]set success:     843973.782 / s

[P]get found:       764524.276 / s

----------------------------------

[INFO]Current Time:       132.42 s

[P]indexs Load Factor:    81.5574 %

[P]log_0 Load Factor:     22.340849 %

[P]log_1 Load Factor:     22.870014 %

[P]log_2 Load Factor:     21.802282 %

[P]log_3 Load Factor:     22.296231 %

[P]Get Hit Rate:         91.0606 %

[P]rx packet:       8105.351 / s

[P]Throughput:      1652710.982 ops

[P]Valid Entries:   446591.800 / s

[P]mica evicted:    394521.656 / s

[P]set success:     837208.864 / s

[P]get found:       751870.744 / s

----------------------------------

[INFO]Current Time:       133.55 s

[P]indexs Load Factor:    81.9833 %

[P]log_0 Load Factor:     22.457229 %

[P]log_1 Load Factor:     22.989456 %

[P]log_2 Load Factor:     21.915264 %

[P]log_3 Load Factor:     22.411464 %

[P]Get Hit Rate:         90.6170 %

[P]rx packet:       8292.813 / s

[P]Throughput:      1645931.593 ops

[P]Valid Entries:   437345.105 / s

[P]mica evicted:    400522.341 / s

[P]set success:     834053.644 / s

[P]get found:       744845.272 / s

----------------------------------

[INFO]Current Time:       134.66 s

[P]indexs Load Factor:    82.4055 %

[P]log_0 Load Factor:     22.570806 %

[P]log_1 Load Factor:     23.107213 %

[P]log_2 Load Factor:     22.026779 %

[P]log_3 Load Factor:     22.524755 %

[P]Get Hit Rate:         90.2515 %

[P]rx packet:       8572.606 / s

[P]Throughput:      1666860.756 ops

[P]Valid Entries:   434917.531 / s

[P]mica evicted:    413044.799 / s

[P]set success:     844011.531 / s

[P]get found:       751316.478 / s

----------------------------------

[INFO]Current Time:       135.78 s

[P]indexs Load Factor:    82.8148 %

[P]log_0 Load Factor:     22.682969 %

[P]log_1 Load Factor:     23.222115 %

[P]log_2 Load Factor:     22.135777 %

[P]log_3 Load Factor:     22.636733 %

[P]Get Hit Rate:         90.1533 %

[P]rx packet:       7664.502 / s

[P]Throughput:      1646329.926 ops

[P]Valid Entries:   422840.279 / s

[P]mica evicted:    414156.352 / s

[P]set success:     833520.014 / s

[P]get found:       741283.514 / s

----------------------------------

[INFO]Current Time:       136.89 s

[P]indexs Load Factor:    83.2174 %

[P]log_0 Load Factor:     22.791253 %

[P]log_1 Load Factor:     23.334737 %

[P]log_2 Load Factor:     22.244281 %

[P]log_3 Load Factor:     22.745630 %

[P]Get Hit Rate:         89.6822 %

[P]rx packet:       8017.721 / s

[P]Throughput:      1653455.676 ops

[P]Valid Entries:   417416.016 / s

[P]mica evicted:    423208.845 / s

[P]set success:     836393.061 / s

[P]get found:       740602.867 / s

----------------------------------

[INFO]Current Time:       138.00 s

[P]indexs Load Factor:    83.6163 %

[P]log_0 Load Factor:     22.899638 %

[P]log_1 Load Factor:     23.444613 %

[P]log_2 Load Factor:     22.351551 %

[P]log_3 Load Factor:     22.854782 %

[P]Get Hit Rate:         89.2312 %

[P]rx packet:       8045.098 / s

[P]Throughput:      1671382.661 ops

[P]Valid Entries:   414494.667 / s

[P]mica evicted:    435370.652 / s

[P]set success:     845408.436 / s

[P]get found:       745007.809 / s

----------------------------------

[INFO]Current Time:       139.10 s

[P]indexs Load Factor:    83.9959 %

[P]log_0 Load Factor:     23.004410 %

[P]log_1 Load Factor:     23.525728 %

[P]log_2 Load Factor:     22.456723 %

[P]log_3 Load Factor:     22.959078 %

[P]Get Hit Rate:         89.1205 %

[P]rx packet:       8414.112 / s

[P]Throughput:      1649477.777 ops

[P]Valid Entries:   399389.590 / s

[P]mica evicted:    439859.053 / s

[P]set success:     839057.886 / s

[P]get found:       738630.984 / s

----------------------------------
[INFO]End rx_queue_1:1129236

[INFO]Current Time:       140.21 s

[P]indexs Load Factor:    84.2910 %

[P]log_0 Load Factor:     23.111129 %

[P]log_1 Load Factor:     23.525728 %

[P]log_2 Load Factor:     22.560983 %

[P]log_3 Load Factor:     23.063998 %

[P]Get Hit Rate:         87.9384 %

[P]rx packet:       4439.916 / s

[P]Throughput:      1360535.048 ops

[P]Valid Entries:   321533.837 / s

[P]mica evicted:    364225.688 / s

[P]set success:     687242.524 / s

[P]get found:       597660.474 / s

----------------------------------

[INFO]Current Time:       141.31 s

[P]indexs Load Factor:    84.5772 %

[P]log_0 Load Factor:     23.215952 %

[P]log_1 Load Factor:     23.525728 %

[P]log_2 Load Factor:     22.663525 %

[P]log_3 Load Factor:     23.168331 %

[P]Get Hit Rate:         87.0793 %

[P]rx packet:       8175.313 / s

[P]Throughput:      1300855.118 ops

[P]Valid Entries:   305756.716 / s

[P]mica evicted:    350245.334 / s

[P]set success:     653977.773 / s

[P]get found:       565839.894 / s

----------------------------------

[INFO]Current Time:       142.40 s

[P]indexs Load Factor:    84.8333 %

[P]log_0 Load Factor:     23.276492 %

[P]log_1 Load Factor:     23.525728 %

[P]log_2 Load Factor:     22.766777 %

[P]log_3 Load Factor:     23.244082 %

[P]Get Hit Rate:         86.8013 %

[P]rx packet:       8908.709 / s

[P]Throughput:      1289280.168 ops

[P]Valid Entries:   295705.456 / s

[P]mica evicted:    350879.416 / s

[P]set success:     647323.007 / s

[P]get found:       559037.919 / s

----------------------------------
[INFO]End rx_queue_0:1129236
[INFO]End rx_queue_3:1128404

[INFO]Current Time:       143.50 s

[P]indexs Load Factor:    84.9343 %

[P]log_0 Load Factor:     23.276492 %

[P]log_1 Load Factor:     23.525728 %

[P]log_2 Load Factor:     22.873601 %

[P]log_3 Load Factor:     23.244082 %

[P]Get Hit Rate:         86.6243 %

[P]rx packet:       1625.531 / s

[P]Throughput:      555932.426 ops

[P]Valid Entries:   126915.596 / s

[P]mica evicted:    151774.344 / s

[P]set success:     278607.750 / s

[P]get found:       240674.437 / s

----------------------------------

[INFO]Current Time:       144.58 s

[P]indexs Load Factor:    85.0319 %

[P]log_0 Load Factor:     23.276492 %

[P]log_1 Load Factor:     23.525728 %

[P]log_2 Load Factor:     22.980460 %

[P]log_3 Load Factor:     23.244082 %

[P]Get Hit Rate:         87.2456 %

[P]rx packet:       8618.682 / s

[P]Throughput:      465295.667 ops

[P]Valid Entries:   105535.150 / s

[P]mica evicted:    127112.223 / s

[P]set success:     232647.374 / s

[P]get found:       202976.138 / s

----------------------------------

[INFO]Current Time:       145.67 s

[P]indexs Load Factor:    85.0846 %

[P]log_0 Load Factor:     23.276492 %

[P]log_1 Load Factor:     23.525728 %

[P]log_2 Load Factor:     23.015007 %

[P]log_3 Load Factor:     23.244082 %

[P]Get Hit Rate:         87.2065 %

[P]rx packet:       6944.375 / s

[P]Throughput:      361107.498 ops

[P]Valid Entries:   81327.881 / s

[P]mica evicted:    99225.868 / s

[P]set success:     180553.749 / s

[P]get found:       157454.614 / s

----------------------------------
Finish the job......
[INFO]End rx_queue_2:1129236

Total Index Entries:      93861303

indexs Load Factor:     85.084626 %

log_0 Load Factor:      23.276492 %

log_1 Load Factor:      23.525728 %

log_2 Load Factor:      23.015007 %

log_3 Load Factor:      23.244082 %

Get Hit Rate:           92.985753%

Max Throughput:         1671382.66

Calc Load Factor:       85.084626%

valid count:              24992943

set request:              29360110
set_success:              29360110 | set_fail:                        0 | set_mica_evicted:          4367083
set_random:                      0 | set_cuckoo_evicted:              0 | set_expire_evicted:              0

get request:              29360110
get_found:                26962385 | get_notfound:              2397725 | get_hit_ratio:          91.833392%

clean up:               18446744073709551532 | test_notfound:                   0
move_to_head_performed:    4351783 | move_to_head_skipped:     22610602 | move_to_head_failed:             0


valid count:              25260558

set request:              29360110
set_success:              29360110 | set_fail:                        0 | set_mica_evicted:          4099552
set_random:                      0 | set_cuckoo_evicted:              0 | set_expire_evicted:              0

get request:              29360110
get_found:                27379376 | get_notfound:              1980734 | get_hit_ratio:          93.253656%

clean up:                        0 | test_notfound:                   0
move_to_head_performed:    3817638 | move_to_head_skipped:     23561738 | move_to_head_failed:             0


valid count:              24712176

set request:              29360110
set_success:              29360110 | set_fail:                        0 | set_mica_evicted:          4647550
set_random:                      0 | set_cuckoo_evicted:              0 | set_expire_evicted:              0

get request:              29360110
get_found:                26580296 | get_notfound:              2779814 | get_hit_ratio:          90.532004%

clean up:               18446744073709551232 | test_notfound:                   0
move_to_head_performed:    4649449 | move_to_head_skipped:     21930847 | move_to_head_failed:             0


valid count:              24958143

set request:              29338478
set_success:              29338478 | set_fail:                        0 | set_mica_evicted:          4380034
set_random:                      0 | set_cuckoo_evicted:              0 | set_expire_evicted:              0

get request:              29338478
get_found:                25789260 | get_notfound:              3549218 | get_hit_ratio:          87.902515%

clean up:               18446744073709551315 | test_notfound:                   0
move_to_head_performed:    4240827 | move_to_head_skipped:     21548433 | move_to_head_failed:             0


[INFO] Everything works fine.
deleting piekv......
