EAL: Detected 44 lcore(s)
EAL: Detected 1 NUMA nodes
EAL: Multi-process socket /var/run/dpdk/rte/mp_socket
EAL: Selected IOVA mode 'PA'
EAL: No available hugepages reported in hugepages-1048576kB
[INFO] 单个Log Size为:1 GB
[INFO] 运行proto
[INFO] 运行cleanup
[INFO] 运行reload
[INFO] reload kv size 8
EAL: Probing VFIO support...
EAL: VFIO support initialized
EAL: PCI device 0000:03:00.0 on NUMA socket 0
EAL:   probe driver: 15b3:1017 net_mlx5
WEN: There are 1 device(s) available
starting port 0...
querying port 0...
port 0: 100 Gbps (full-duplex)
Adding UDP filter for each endpoint.
port_id/queue_id/udp_port = 0 0 0
Flow is created with src_port = 0, dst_port = 0
port_id/queue_id/udp_port = 0 1 1
Flow is created with src_port = 0, dst_port = 1
port_id/queue_id/udp_port = 0 2 2
Flow is created with src_port = 0, dst_port = 2
port_id/queue_id/udp_port = 0 3 3
Flow is created with src_port = 0, dst_port = 3
MEM: Initializing pages...
 == [STAT] Workers Start (4 threads in total) == 
trigger:80.000000 

[INFO]Current Time:       6.38 s

[P]indexs Load Factor:    0.0569 %

[P]full bucket LFactor:   0.0000 %

[P]set request:           41945 
[P]get request:           27464 

[P]Get Hit Rate:          45.7909 %
[P]ACC Hit Rate:          45.7909 %

[P]total cuckoo num:      0 
[P]total cuckoo path:     0 
[P]total cp perset:       0.000000 / set
[P]total cp percuckoo:    -nan / cuckoo num

[P]cuckoo path / s:       0 / s
[P]cp per set * s:        0 / set * s

[P]break loop / s:        0 / s
[P]break / set :          0 %

[P]Throughput:            99573.943 ops
[P]all request:           69409 o

[P]GetThroughput:         39399.772 ops
[P]SetThroughput:         60174.171 ops

[P]Valid Entries:         58323.541 / s
[P]set success:           60109.614 / s

[P]get found:             18041.492 / s

----------------------------------

[INFO]Current Time:       7.12 s

[P]indexs Load Factor:    0.2022 %

[P]full bucket LFactor:   0.0000 %

[P]set request:           156928 
[P]get request:           107464 

[P]Get Hit Rate:          54.3475 %
[P]ACC Hit Rate:          52.1607 %

[P]total cuckoo num:      0 
[P]total cuckoo path:     0 
[P]total cp perset:       0.000000 / set
[P]total cp percuckoo:    -nan / cuckoo num

[P]cuckoo path / s:       0 / s
[P]cp per set * s:        0 / set * s

[P]break loop / s:        0 / s
[P]break / set :          0 %

[P]Throughput:            264419.221 ops
[P]all request:           264392 o

[P]GetThroughput:         108489.138 ops
[P]SetThroughput:         155930.082 ops

[P]Valid Entries:         154862.820 / s
[P]set success:           156396.586 / s

[P]get found:             58961.134 / s

----------------------------------

[INFO]Current Time:       7.86 s

[P]indexs Load Factor:    2.1921 %

[P]full bucket LFactor:   0.0000 %

[P]set request:           1549794 
[P]get request:           1093452 

[P]Get Hit Rate:          60.9167 %
[P]ACC Hit Rate:          60.0561 %

[P]total cuckoo num:      0 
[P]total cuckoo path:     0 
[P]total cp perset:       0.000000 / set
[P]total cp percuckoo:    -nan / cuckoo num

[P]cuckoo path / s:       0 / s
[P]cp per set * s:        0 / set * s

[P]break loop / s:        0 / s
[P]break / set :          0 %

[P]Throughput:            3207446.139 ops
[P]all request:           2643246 o

[P]GetThroughput:         1329423.077 ops
[P]SetThroughput:         1878023.062 ops

[P]Valid Entries:         1861285.071 / s
[P]set success:           1868081.931 / s

[P]get found:             809840.193 / s

----------------------------------

[INFO]Current Time:       8.60 s

[P]indexs Load Factor:    4.8735 %

[P]full bucket LFactor:   0.0004 %

[P]set request:           3907648 
[P]get request:           2818674 

[P]Get Hit Rate:          67.3023 %
[P]ACC Hit Rate:          64.4913 %

[P]total cuckoo num:      0 
[P]total cuckoo path:     0 
[P]total cp perset:       0.000000 / set
[P]total cp percuckoo:    -nan / cuckoo num

[P]cuckoo path / s:       0 / s
[P]cp per set * s:        0 / set * s

[P]break loop / s:        0 / s
[P]break / set :          0 %

[P]Throughput:            5525540.724 ops
[P]all request:           6726322 o

[P]GetThroughput:         2334706.584 ops
[P]SetThroughput:         3190834.140 ops

[P]Valid Entries:         3131195.138 / s
[P]set success:           3042847.676 / s

[P]get found:             1571311.112 / s

----------------------------------

[INFO]Current Time:       9.40 s

[P]indexs Load Factor:    7.6697 %

[P]full bucket LFactor:   0.0043 %

[P]set request:           6392916 
[P]get request:           4881770 

[P]Get Hit Rate:          69.2821 %
[P]ACC Hit Rate:          66.5159 %

[P]total cuckoo num:      0 
[P]total cuckoo path:     0 
[P]total cp perset:       0.000000 / set
[P]total cp percuckoo:    -nan / cuckoo num

[P]cuckoo path / s:       0 / s
[P]cp per set * s:        0 / set * s

[P]break loop / s:        0 / s
[P]break / set :          0 %

[P]Throughput:            5653786.520 ops
[P]all request:           11274686 o

[P]GetThroughput:         2564505.469 ops
[P]SetThroughput:         3089281.051 ops

[P]Valid Entries:         3180304.950 / s
[P]set success:           3239528.223 / s

[P]get found:             1776742.953 / s

----------------------------------

[INFO]Current Time:       10.26 s

[P]indexs Load Factor:    10.5275 %

[P]full bucket LFactor:   0.0243 %

[P]set request:           9067031 
[P]get request:           6995804 

[P]Get Hit Rate:          73.7902 %
[P]ACC Hit Rate:          68.7141 %

[P]total cuckoo num:      0 
[P]total cuckoo path:     0 
[P]total cp perset:       0.000000 / set
[P]total cp percuckoo:    -nan / cuckoo num

[P]cuckoo path / s:       0 / s
[P]cp per set * s:        0 / set * s

[P]break loop / s:        0 / s
[P]break / set :          0 %

[P]Throughput:            5605727.690 ops
[P]all request:           16062836 o

[P]GetThroughput:         2475005.781 ops
[P]SetThroughput:         3130720.738 ops

[P]Valid Entries:         3030952.916 / s
[P]set success:           3101817.257 / s

[P]get found:             1826310.643 / s

----------------------------------

[INFO]Current Time:       11.14 s

[P]indexs Load Factor:    13.3755 %

[P]full bucket LFactor:   0.0821 %

[P]set request:           11741351 
[P]get request:           9100471 

[P]Get Hit Rate:          77.7405 %
[P]ACC Hit Rate:          70.8016 %

[P]total cuckoo num:      0 
[P]total cuckoo path:     0 
[P]total cp perset:       0.000000 / set
[P]total cp percuckoo:    -nan / cuckoo num

[P]cuckoo path / s:       0 / s
[P]cp per set * s:        0 / set * s

[P]break loop / s:        0 / s
[P]break / set :          0 %

[P]Throughput:            5428822.251 ops
[P]all request:           20841822 o

[P]GetThroughput:         2390855.098 ops
[P]SetThroughput:         3037968.289 ops

[P]Valid Entries:         2967693.291 / s
[P]set success:           3046307.502 / s

[P]get found:             1858663.106 / s

----------------------------------

[INFO]Current Time:       12.03 s

[P]indexs Load Factor:    16.1994 %

[P]full bucket LFactor:   0.2092 %

[P]set request:           14381303 
[P]get request:           11289229 

[P]Get Hit Rate:          77.1599 %
[P]ACC Hit Rate:          72.0344 %

[P]total cuckoo num:      6 
[P]total cuckoo path:     0 
[P]total cp perset:       0.000000 / set
[P]total cp percuckoo:    0.000000 / cuckoo num

[P]cuckoo path / s:       0 / s
[P]cp per set * s:        0 / set * s

[P]break loop / s:        0 / s
[P]break / set :          0 %

[P]Throughput:            5381875.076 ops
[P]all request:           25670532 o

[P]GetThroughput:         2439496.704 ops
[P]SetThroughput:         2942378.372 ops

[P]Valid Entries:         2874811.666 / s
[P]set success:           3005649.574 / s

[P]get found:             1882312.677 / s

----------------------------------

[INFO]Current Time:       12.94 s

[P]indexs Load Factor:    19.0355 %

[P]full bucket LFactor:   0.4437 %

[P]set request:           16974967 
[P]get request:           13539443 

[P]Get Hit Rate:          78.6970 %
[P]ACC Hit Rate:          73.1417 %

[P]total cuckoo num:      41 
[P]total cuckoo path:     0 
[P]total cp perset:       0.000000 / set
[P]total cp percuckoo:    0.000000 / cuckoo num

[P]cuckoo path / s:       0 / s
[P]cp per set * s:        0 / set * s

[P]break loop / s:        0 / s
[P]break / set :          0 %

[P]Throughput:            5346296.580 ops
[P]all request:           30514410 o

[P]GetThroughput:         2483611.563 ops
[P]SetThroughput:         2862685.017 ops

[P]Valid Entries:         2881503.483 / s
[P]set success:           2970882.922 / s

[P]get found:             1954528.993 / s

----------------------------------

[INFO]Current Time:       13.86 s

[P]indexs Load Factor:    21.8828 %

[P]full bucket LFactor:   0.8217 %

[P]set request:           19672711 
[P]get request:           15830424 

[P]Get Hit Rate:          78.3602 %
[P]ACC Hit Rate:          73.8969 %

[P]total cuckoo num:      161 
[P]total cuckoo path:     2 
[P]total cp perset:       0.000000 / set
[P]total cp percuckoo:    0.012422 / cuckoo num

[P]cuckoo path / s:       2.169 / s
[P]cp per set * s:        0.000001 / set * s

[P]break loop / s:        0 / s
[P]break / set :          0 %

[P]Throughput:            5410629.330 ops
[P]all request:           35503135 o

[P]GetThroughput:         2484732.871 ops
[P]SetThroughput:         2925896.459 ops

[P]Valid Entries:         2844235.811 / s
[P]set success:           2936570.812 / s

[P]get found:             1947042.413 / s

----------------------------------

[INFO]Current Time:       14.79 s

[P]indexs Load Factor:    24.7099 %

[P]full bucket LFactor:   1.3661 %

[P]set request:           22398547 
[P]get request:           18093105 

[P]Get Hit Rate:          83.5867 %
[P]ACC Hit Rate:          75.1087 %

[P]total cuckoo num:      509 
[P]total cuckoo path:     5 
[P]total cp perset:       0.000000 / set
[P]total cp percuckoo:    0.009823 / cuckoo num

[P]cuckoo path / s:       3.229 / s
[P]cp per set * s:        0.000001 / set * s

[P]break loop / s:        0 / s
[P]break / set :          0 %

[P]Throughput:            5368505.121 ops
[P]all request:           40491652 o

[P]GetThroughput:         2435035.209 ops
[P]SetThroughput:         2933469.912 ops

[P]Valid Entries:         2803079.768 / s
[P]set success:           2853698.621 / s

[P]get found:             2035365.167 / s

----------------------------------

[INFO]Current Time:       15.73 s

[P]indexs Load Factor:    27.5503 %

[P]full bucket LFactor:   2.1147 %

[P]set request:           25109671 
[P]get request:           20431844 

[P]Get Hit Rate:          83.3963 %
[P]ACC Hit Rate:          76.0573 %

[P]total cuckoo num:      1510 
[P]total cuckoo path:     22 
[P]total cp perset:       0.000001 / set
[P]total cp percuckoo:    0.014570 / cuckoo num

[P]cuckoo path / s:       18.082 / s
[P]cp per set * s:        0.000006 / set * s

[P]break loop / s:        0 / s
[P]break / set :          0 %

[P]Throughput:            5371207.724 ops
[P]all request:           45541516 o

[P]GetThroughput:         2487562.632 ops
[P]SetThroughput:         2883644.029 ops

[P]Valid Entries:         2793772.263 / s
[P]set success:           2891154.349 / s

[P]get found:             2074534.352 / s

----------------------------------

[INFO]Current Time:       16.68 s

[P]indexs Load Factor:    30.3331 %

[P]full bucket LFactor:   3.0532 %

[P]set request:           27803979 
[P]get request:           22698847 

[P]Get Hit Rate:          83.0691 %
[P]ACC Hit Rate:          76.7576 %

[P]total cuckoo num:      3655 
[P]total cuckoo path:     75 
[P]total cp perset:       0.000003 / set
[P]total cp percuckoo:    0.020520 / cuckoo num

[P]cuckoo path / s:       55.877 / s
[P]cp per set * s:        0.000021 / set * s

[P]break loop / s:        0 / s
[P]break / set :          0 %

[P]Throughput:            5230647.368 ops
[P]all request:           50502827 o

[P]GetThroughput:         2390072.558 ops
[P]SetThroughput:         2840574.809 ops

[P]Valid Entries:         2707958.114 / s
[P]set success:           2720721.316 / s

[P]get found:             1985412.829 / s

----------------------------------

[INFO]Current Time:       17.63 s

[P]indexs Load Factor:    33.1343 %

[P]full bucket LFactor:   4.2072 %

[P]set request:           30530674 
[P]get request:           25084970 

[P]Get Hit Rate:          81.0275 %
[P]ACC Hit Rate:          77.1638 %

[P]total cuckoo num:      8049 
[P]total cuckoo path:     238 
[P]total cp perset:       0.000008 / set
[P]total cp percuckoo:    0.029569 / cuckoo num

[P]cuckoo path / s:       171.404 / s
[P]cp per set * s:        0.000062 / set * s

[P]break loop / s:        0 / s
[P]break / set :          0 %

[P]Throughput:            5376428.783 ops
[P]all request:           55615644 o

[P]GetThroughput:         2509149.140 ops
[P]SetThroughput:         2867280.695 ops

[P]Valid Entries:         2731308.857 / s
[P]set success:           2785731.242 / s

[P]get found:             2033102.066 / s

----------------------------------

[INFO]Current Time:       18.59 s

[P]indexs Load Factor:    35.9309 %

[P]full bucket LFactor:   5.5677 %

[P]set request:           33148859 
[P]get request:           27352154 

[P]Get Hit Rate:          88.4754 %
[P]ACC Hit Rate:          78.1014 %

[P]total cuckoo num:      15743 
[P]total cuckoo path:     562 
[P]total cp perset:       0.000017 / set
[P]total cp percuckoo:    0.035698 / cuckoo num

[P]cuckoo path / s:       339.137 / s
[P]cp per set * s:        0.000122 / set * s

[P]break loop / s:        0 / s
[P]break / set :          0 %

[P]Throughput:            5113614.246 ops
[P]all request:           60501013 o

[P]GetThroughput:         2373107.211 ops
[P]SetThroughput:         2740507.036 ops

[P]Valid Entries:         2687573.350 / s
[P]set success:           2788044.879 / s

[P]get found:             2099617.026 / s

----------------------------------

[INFO]Current Time:       19.55 s

[P]indexs Load Factor:    38.7306 %

[P]full bucket LFactor:   7.1477 %

[P]set request:           35845525 
[P]get request:           29702103 

[P]Get Hit Rate:          87.8622 %
[P]ACC Hit Rate:          78.8737 %

[P]total cuckoo num:      29276 
[P]total cuckoo path:     1289 
[P]total cp perset:       0.000036 / set
[P]total cp percuckoo:    0.044029 / cuckoo num

[P]cuckoo path / s:       756.254 / s
[P]cp per set * s:        0.000277 / set * s

[P]break loop / s:        0 / s
[P]break / set :          0 %

[P]Throughput:            5249689.670 ops
[P]all request:           65547628 o

[P]GetThroughput:         2444510.427 ops
[P]SetThroughput:         2805179.242 ops

[P]Valid Entries:         2709791.335 / s
[P]set success:           2729517.402 / s

[P]get found:             2147801.795 / s

----------------------------------

[INFO]Current Time:       20.51 s

[P]indexs Load Factor:    41.4549 %

[P]full bucket LFactor:   8.8796 %

[P]set request:           38535128 
[P]get request:           32058872 

[P]Get Hit Rate:          85.7533 %
[P]ACC Hit Rate:          79.3794 %

[P]total cuckoo num:      50857 
[P]total cuckoo path:     2771 
[P]total cp perset:       0.000072 / set
[P]total cp percuckoo:    0.054486 / cuckoo num

[P]cuckoo path / s:       1538.720 / s
[P]cp per set * s:        0.000566 / set * s

[P]break loop / s:        0 / s
[P]break / set :          0 %

[P]Throughput:            5239510.286 ops
[P]all request:           70594000 o

[P]GetThroughput:         2446968.915 ops
[P]SetThroughput:         2792541.371 ops

[P]Valid Entries:         2654789.579 / s
[P]set success:           2716427.676 / s

[P]get found:             2098356.396 / s

----------------------------------

[INFO]Current Time:       21.47 s

[P]indexs Load Factor:    44.1980 %

[P]full bucket LFactor:   10.7982 %

[P]set request:           41093911 
[P]get request:           34343514 

[P]Get Hit Rate:          90.3938 %
[P]ACC Hit Rate:          80.1121 %

[P]total cuckoo num:      82827 
[P]total cuckoo path:     5501 
[P]total cp perset:       0.000134 / set
[P]total cp percuckoo:    0.066416 / cuckoo num

[P]cuckoo path / s:       2838.428 / s
[P]cp per set * s:        0.001049 / set * s

[P]break loop / s:        0 / s
[P]break / set :          0 %

[P]Throughput:            5035792.998 ops
[P]all request:           75437425 o

[P]GetThroughput:         2375381.922 ops
[P]SetThroughput:         2660411.076 ops

[P]Valid Entries:         2644005.376 / s
[P]set success:           2706529.818 / s

[P]get found:             2147197.235 / s

----------------------------------

[INFO]Current Time:       22.43 s

[P]indexs Load Factor:    46.8340 %

[P]full bucket LFactor:   12.8023 %

[P]set request:           43609400 
[P]get request:           36566016 

[P]Get Hit Rate:          90.9874 %
[P]ACC Hit Rate:          80.7731 %

[P]total cuckoo num:      128055 
[P]total cuckoo path:     10285 
[P]total cp perset:       0.000237 / set
[P]total cp percuckoo:    0.080317 / cuckoo num

[P]cuckoo path / s:       4994.670 / s
[P]cp per set * s:        0.001897 / set * s

[P]break loop / s:        0 / s
[P]break / set :          0 %

[P]Throughput:            4946634.448 ops
[P]all request:           80175416 o

[P]GetThroughput:         2320372.697 ops
[P]SetThroughput:         2626261.751 ops

[P]Valid Entries:         2571570.955 / s
[P]set success:           2633230.693 / s

[P]get found:             2111245.968 / s

----------------------------------

[INFO]Current Time:       23.39 s

[P]indexs Load Factor:    49.4426 %

[P]full bucket LFactor:   14.9352 %

[P]set request:           46143875 
[P]get request:           38853931 

[P]Get Hit Rate:          87.1917 %
[P]ACC Hit Rate:          81.1511 %

[P]total cuckoo num:      190153 
[P]total cuckoo path:     18047 
[P]total cp perset:       0.000393 / set
[P]total cp percuckoo:    0.094908 / cuckoo num

[P]cuckoo path / s:       8092.750 / s
[P]cp per set * s:        0.003098 / set * s

[P]break loop / s:        0 / s
[P]break / set :          0 %

[P]Throughput:            5027879.177 ops
[P]all request:           84997806 o

[P]GetThroughput:         2385406.445 ops
[P]SetThroughput:         2642472.732 ops

[P]Valid Entries:         2548456.284 / s
[P]set success:           2611963.835 / s

[P]get found:             2079876.449 / s

----------------------------------

[INFO]Current Time:       24.35 s

[P]indexs Load Factor:    52.0083 %

[P]full bucket LFactor:   17.1717 %

[P]set request:           48693466 
[P]get request:           41093704 

[P]Get Hit Rate:          87.7711 %
[P]ACC Hit Rate:          81.5119 %

[P]total cuckoo num:      272535 
[P]total cuckoo path:     30341 
[P]total cp perset:       0.000626 / set
[P]total cp percuckoo:    0.111329 / cuckoo num

[P]cuckoo path / s:       12843.390 / s
[P]cp per set * s:        0.004871 / set * s

[P]break loop / s:        0 / s
[P]break / set :          0 %

[P]Throughput:            5003389.530 ops
[P]all request:           89787170 o

[P]GetThroughput:         2339863.242 ops
[P]SetThroughput:         2663526.288 ops

[P]Valid Entries:         2532571.554 / s
[P]set success:           2636568.122 / s

[P]get found:             2053723.289 / s

----------------------------------

[INFO]Current Time:       25.30 s

[P]indexs Load Factor:    54.4975 %

[P]full bucket LFactor:   19.4487 %

[P]set request:           51087653 
[P]get request:           43332633 

[P]Get Hit Rate:          86.5665 %
[P]ACC Hit Rate:          81.7731 %

[P]total cuckoo num:      376454 
[P]total cuckoo path:     49046 
[P]total cp perset:       0.000964 / set
[P]total cp percuckoo:    0.130284 / cuckoo num

[P]cuckoo path / s:       19646.414 / s
[P]cp per set * s:        0.007747 / set * s

[P]break loop / s:        0 / s
[P]break / set :          0 %

[P]Throughput:            4866298.528 ops
[P]all request:           94420286 o

[P]GetThroughput:         2351613.233 ops
[P]SetThroughput:         2514685.295 ops

[P]Valid Entries:         2473374.784 / s
[P]set success:           2536055.299 / s

[P]get found:             2035708.773 / s

----------------------------------

[INFO]Current Time:       26.25 s

[P]indexs Load Factor:    56.8229 %

[P]full bucket LFactor:   21.6811 %

[P]set request:           53382003 
[P]get request:           45373289 

[P]Get Hit Rate:          89.9958 %
[P]ACC Hit Rate:          82.1429 %

[P]total cuckoo num:      501516 
[P]total cuckoo path:     75787 
[P]total cp perset:       0.001424 / set
[P]total cp percuckoo:    0.151116 / cuckoo num

[P]cuckoo path / s:       28122.052 / s
[P]cp per set * s:        0.011516 / set * s

[P]break loop / s:        0 / s
[P]break / set :          0 %

[P]Throughput:            4558889.510 ops
[P]all request:           98755292 o

[P]GetThroughput:         2146046.680 ops
[P]SetThroughput:         2412842.831 ops

[P]Valid Entries:         2348542.070 / s
[P]set success:           2442040.716 / s

[P]get found:             1931351.149 / s

----------------------------------

[INFO]Current Time:       27.20 s

[P]indexs Load Factor:    59.0624 %

[P]full bucket LFactor:   23.9044 %

[P]set request:           55622698 
[P]get request:           47354719 

[P]Get Hit Rate:          88.0367 %
[P]ACC Hit Rate:          82.3895 %

[P]total cuckoo num:      650064 
[P]total cuckoo path:     113122 
[P]total cp perset:       0.002041 / set
[P]total cp percuckoo:    0.174017 / cuckoo num

[P]cuckoo path / s:       39449.317 / s
[P]cp per set * s:        0.016969 / set * s

[P]break loop / s:        0 / s
[P]break / set :          0 %

[P]Throughput:            4461228.000 ops
[P]all request:           102977417 o

[P]GetThroughput:         2093640.287 ops
[P]SetThroughput:         2367587.713 ops

[P]Valid Entries:         2273664.844 / s
[P]set success:           2324725.478 / s

[P]get found:             1843171.201 / s

----------------------------------

[INFO]Current Time:       28.14 s

[P]indexs Load Factor:    61.2344 %

[P]full bucket LFactor:   26.1387 %

[P]set request:           57799626 
[P]get request:           49273696 

[P]Get Hit Rate:          86.2540 %
[P]ACC Hit Rate:          82.5400 %

[P]total cuckoo num:      824455 
[P]total cuckoo path:     162953 
[P]total cp perset:       0.002834 / set
[P]total cp percuckoo:    0.197649 / cuckoo num

[P]cuckoo path / s:       52952.671 / s
[P]cp per set * s:        0.024018 / set * s

[P]break loop / s:        0 / s
[P]break / set :          0 %

[P]Throughput:            4352493.609 ops
[P]all request:           107073322 o

[P]GetThroughput:         2039191.614 ops
[P]SetThroughput:         2313301.995 ops

[P]Valid Entries:         2227848.322 / s
[P]set success:           2204732.602 / s

[P]get found:             1758884.949 / s

----------------------------------

[INFO]Current Time:       29.08 s

[P]indexs Load Factor:    63.2603 %

[P]full bucket LFactor:   28.2829 %

[P]set request:           59864896 
[P]get request:           51113018 

[P]Get Hit Rate:          84.5835 %
[P]ACC Hit Rate:          82.6135 %

[P]total cuckoo num:      1021802 
[P]total cuckoo path:     226965 
[P]total cp perset:       0.003811 / set
[P]total cp percuckoo:    0.222122 / cuckoo num

[P]cuckoo path / s:       68197.553 / s
[P]cp per set * s:        0.031047 / set * s

[P]break loop / s:        0 / s
[P]break / set :          0 %

[P]Throughput:            4159901.588 ops
[P]all request:           110977914 o

[P]GetThroughput:         1959589.762 ops
[P]SetThroughput:         2200311.826 ops

[P]Valid Entries:         2121139.721 / s
[P]set success:           2196590.429 / s

[P]get found:             1657489.688 / s

----------------------------------

[INFO]Current Time:       30.00 s

[P]indexs Load Factor:    65.1812 %

[P]full bucket LFactor:   30.3682 %

[P]set request:           61728820 
[P]get request:           52817405 

[P]Get Hit Rate:          82.9752 %
[P]ACC Hit Rate:          82.6252 %

[P]total cuckoo num:      1235386 
[P]total cuckoo path:     304867 
[P]total cp perset:       0.004964 / set
[P]total cp percuckoo:    0.246779 / cuckoo num

[P]cuckoo path / s:       84336.636 / s
[P]cp per set * s:        0.041891 / set * s

[P]break loop / s:        0 / s
[P]break / set :          0 %

[P]Throughput:            3863050.323 ops
[P]all request:           114546225 o

[P]GetThroughput:         1845167.854 ops
[P]SetThroughput:         2017882.469 ops

[P]Valid Entries:         2007735.268 / s
[P]set success:           2013248.945 / s

[P]get found:             1531032.235 / s

----------------------------------

[INFO]Current Time:       30.92 s

[P]indexs Load Factor:    66.9742 %

[P]full bucket LFactor:   32.3595 %

[P]set request:           63565746 
[P]get request:           54443055 

[P]Get Hit Rate:          85.3165 %
[P]ACC Hit Rate:          82.7056 %

[P]total cuckoo num:      1469498 
[P]total cuckoo path:     398259 
[P]total cp perset:       0.006299 / set
[P]total cp percuckoo:    0.271017 / cuckoo num

[P]cuckoo path / s:       100853.020 / s
[P]cp per set * s:        0.051651 / set * s

[P]break loop / s:        0 / s
[P]break / set :          0 %

[P]Throughput:            3739198.702 ops
[P]all request:           118008801 o

[P]GetThroughput:         1755522.007 ops
[P]SetThroughput:         1983676.695 ops

[P]Valid Entries:         1917975.151 / s
[P]set success:           1952598.561 / s

[P]get found:             1497750.276 / s

----------------------------------

[INFO]Current Time:       31.84 s

[P]indexs Load Factor:    68.6421 %

[P]full bucket LFactor:   34.2547 %

[P]set request:           65251919 
[P]get request:           55931606 

[P]Get Hit Rate:          85.1458 %
[P]ACC Hit Rate:          82.7705 %

[P]total cuckoo num:      1711650 
[P]total cuckoo path:     505064 
[P]total cp perset:       0.007781 / set
[P]total cp percuckoo:    0.295074 / cuckoo num

[P]cuckoo path / s:       116817.153 / s
[P]cp per set * s:        0.063372 / set * s

[P]break loop / s:        0 / s
[P]break / set :          0 %

[P]Throughput:            3472330.134 ops
[P]all request:           121183525 o

[P]GetThroughput:         1628091.290 ops
[P]SetThroughput:         1844238.844 ops

[P]Valid Entries:         1785286.130 / s
[P]set success:           1843364.944 / s

[P]get found:             1386250.635 / s

----------------------------------

[INFO]Current Time:       32.75 s

[P]indexs Load Factor:    70.2308 %

[P]full bucket LFactor:   36.0991 %

[P]set request:           66840367 
[P]get request:           57329391 

[P]Get Hit Rate:          84.9662 %
[P]ACC Hit Rate:          82.8240 %

[P]total cuckoo num:      1969260 
[P]total cuckoo path:     629768 
[P]total cp perset:       0.009467 / set
[P]total cp percuckoo:    0.319799 / cuckoo num

[P]cuckoo path / s:       136326.965 / s
[P]cp per set * s:        0.077349 / set * s

[P]break loop / s:        0 / s
[P]break / set :          0 %

[P]Throughput:            3264563.148 ops
[P]all request:           124169758 o

[P]GetThroughput:         1528064.756 ops
[P]SetThroughput:         1736498.392 ops

[P]Valid Entries:         1708624.959 / s
[P]set success:           1762493.700 / s

[P]get found:             1298338.777 / s

----------------------------------

[INFO]Current Time:       33.67 s

[P]indexs Load Factor:    71.7144 %

[P]full bucket LFactor:   37.8505 %

[P]set request:           68364853 
[P]get request:           58669536 

[P]Get Hit Rate:          84.7844 %
[P]ACC Hit Rate:          82.8688 %

[P]total cuckoo num:      2238568 
[P]total cuckoo path:     771346 
[P]total cp perset:       0.011336 / set
[P]total cp percuckoo:    0.344571 / cuckoo num

[P]cuckoo path / s:       154967.330 / s
[P]cp per set * s:        0.092895 / set * s

[P]break loop / s:        0 / s
[P]break / set :          0 %

[P]Throughput:            3135545.196 ops
[P]all request:           127034389 o

[P]GetThroughput:         1466885.339 ops
[P]SetThroughput:         1668659.856 ops

[P]Valid Entries:         1618780.205 / s
[P]set success:           1668207.798 / s

[P]get found:             1243690.046 / s

----------------------------------

[INFO]Current Time:       34.57 s

[P]indexs Load Factor:    73.0444 %

[P]full bucket LFactor:   39.4538 %

[P]set request:           69716497 
[P]get request:           59855143 

[P]Get Hit Rate:          86.0737 %
[P]ACC Hit Rate:          82.9323 %

[P]total cuckoo num:      2504895 
[P]total cuckoo path:     923449 
[P]total cp perset:       0.013307 / set
[P]total cp percuckoo:    0.368658 / cuckoo num

[P]cuckoo path / s:       167779.087 / s
[P]cp per set * s:        0.112610 / set * s

[P]break loop / s:        0 / s
[P]break / set :          0 %

[P]Throughput:            2798745.961 ops
[P]all request:           129571640 o

[P]GetThroughput:         1307798.402 ops
[P]SetThroughput:         1490947.559 ops

[P]Valid Entries:         1471536.972 / s
[P]set success:           1489912.887 / s

[P]get found:             1125670.680 / s

----------------------------------

[INFO]Current Time:       35.48 s

[P]indexs Load Factor:    74.3349 %

[P]full bucket LFactor:   41.0354 %

[P]set request:           71028695 
[P]get request:           61004840 

[P]Get Hit Rate:          84.6019 %
[P]ACC Hit Rate:          82.9638 %

[P]total cuckoo num:      2781331 
[P]total cuckoo path:     1092249 
[P]total cp perset:       0.015448 / set
[P]total cp percuckoo:    0.392707 / cuckoo num

[P]cuckoo path / s:       186960.017 / s
[P]cp per set * s:        0.128715 / set * s

[P]break loop / s:        0 / s
[P]break / set :          0 %

[P]Throughput:            2726753.149 ops
[P]all request:           132033535 o

[P]GetThroughput:         1273384.899 ops
[P]SetThroughput:         1453368.250 ops

[P]Valid Entries:         1412093.061 / s
[P]set success:           1452512.089 / s

[P]get found:             1077308.365 / s

----------------------------------

[INFO]Current Time:       36.37 s

[P]indexs Load Factor:    75.5615 %

[P]full bucket LFactor:   42.5691 %

[P]set request:           72285592 
[P]get request:           62103575 

[P]Get Hit Rate:          84.3961 %
[P]ACC Hit Rate:          82.9891 %

[P]total cuckoo num:      3066296 
[P]total cuckoo path:     1278318 
[P]total cp perset:       0.017763 / set
[P]total cp percuckoo:    0.416893 / cuckoo num

[P]cuckoo path / s:       207705.944 / s
[P]cp per set * s:        0.148128 / set * s

[P]break loop / s:        0 / s
[P]break / set :          0 %

[P]Throughput:            2629555.528 ops
[P]all request:           134389167 o

[P]GetThroughput:         1226500.868 ops
[P]SetThroughput:         1403054.660 ops

[P]Valid Entries:         1363793.817 / s
[P]set success:           1402206.284 / s

[P]get found:             1035118.353 / s

----------------------------------

[INFO]Current Time:       37.27 s

[P]indexs Load Factor:    76.7119 %

[P]full bucket LFactor:   44.0324 %

[P]set request:           73468629 
[P]get request:           63120186 

[P]Get Hit Rate:          85.6654 %
[P]ACC Hit Rate:          83.0322 %

[P]total cuckoo num:      3353934 
[P]total cuckoo path:     1479920 
[P]total cp perset:       0.020238 / set
[P]total cp percuckoo:    0.441249 / cuckoo num

[P]cuckoo path / s:       225245.296 / s
[P]cp per set * s:        0.173269 / set * s

[P]break loop / s:        0 / s
[P]break / set :          0 %

[P]Throughput:            2457616.314 ops
[P]all request:           136588815 o

[P]GetThroughput:         1135836.179 ops
[P]SetThroughput:         1321780.135 ops

[P]Valid Entries:         1286080.898 / s
[P]set success:           1299972.004 / s

[P]get found:             973018.740 / s

----------------------------------

[INFO]Current Time:       38.16 s

[P]indexs Load Factor:    77.7894 %

[P]full bucket LFactor:   45.4308 %

[P]set request:           74579749 
[P]get request:           64088757 

[P]Get Hit Rate:          84.1925 %
[P]ACC Hit Rate:          83.0497 %

[P]total cuckoo num:      3642527 
[P]total cuckoo path:     1697555 
[P]total cp perset:       0.022867 / set
[P]total cp percuckoo:    0.466038 / cuckoo num

[P]cuckoo path / s:       244147.731 / s
[P]cp per set * s:        0.195969 / set * s

[P]break loop / s:        0 / s
[P]break / set :          0 %

[P]Throughput:            2333043.122 ops
[P]all request:           138668506 o

[P]GetThroughput:         1086564.258 ops
[P]SetThroughput:         1246478.863 ops

[P]Valid Entries:         1213598.260 / s
[P]set success:           1245846.155 / s

[P]get found:             914805.457 / s

----------------------------------

[INFO]Current Time:       39.05 s

[P]indexs Load Factor:    78.8033 %

[P]full bucket LFactor:   46.7688 %

[P]set request:           75625998 
[P]get request:           64999661 

[P]Get Hit Rate:          84.1091 %
[P]ACC Hit Rate:          83.0646 %

[P]total cuckoo num:      3931211 
[P]total cuckoo path:     1928123 
[P]total cp perset:       0.025612 / set
[P]total cp percuckoo:    0.490465 / cuckoo num

[P]cuckoo path / s:       259848.247 / s
[P]cp per set * s:        0.220541 / set * s

[P]break loop / s:        0 / s
[P]break / set :          0 %

[P]Throughput:            2205695.399 ops
[P]all request:           140625659 o

[P]GetThroughput:         1026581.346 ops
[P]SetThroughput:         1179114.052 ops

[P]Valid Entries:         1148198.413 / s
[P]set success:           1178232.745 / s

[P]get found:             863448.155 / s

----------------------------------

[INFO]Current Time:       39.93 s

[P]indexs Load Factor:    79.7537 %

[P]full bucket LFactor:   48.0446 %

[P]set request:           76609521 
[P]get request:           65855049 

[P]Get Hit Rate:          81.4342 %
[P]ACC Hit Rate:          83.0434 %

[P]total cuckoo num:      4218198 
[P]total cuckoo path:     2171490 
[P]total cp perset:       0.028473 / set
[P]total cp percuckoo:    0.514791 / cuckoo num

[P]cuckoo path / s:       275513.644 / s
[P]cp per set * s:        0.247639 / set * s

[P]break loop / s:        0 / s
[P]break / set :          0 %

[P]Throughput:            2081814.994 ops
[P]all request:           142464570 o

[P]GetThroughput:         968377.243 ops
[P]SetThroughput:         1113437.751 ops

[P]Valid Entries:         1084932.826 / s
[P]set success:           1112561.513 / s

[P]get found:             788589.837 / s

----------------------------------

[INFO]Current Time:       40.81 s

[P]indexs Load Factor:    80.6517 %

[P]full bucket LFactor:   49.2669 %

[P]set request:           77535111 
[P]get request:           66659241 

[P]Get Hit Rate:          83.9950 %
[P]ACC Hit Rate:          83.0549 %

[P]total cuckoo num:      4502458 
[P]total cuckoo path:     2428164 
[P]total cp perset:       0.031457 / set
[P]total cp percuckoo:    0.539297 / cuckoo num

[P]cuckoo path / s:       292332.098 / s
[P]cp per set * s:        0.277466 / set * s

[P]break loop / s:        0 / s
[P]break / set :          0 %

[P]Throughput:            1970089.688 ops
[P]all request:           144194352 o

[P]GetThroughput:         915913.315 ops
[P]SetThroughput:         1054176.372 ops

[P]Valid Entries:         1028421.891 / s
[P]set success:           1053577.299 / s

[P]get found:             769321.309 / s

----------------------------------

[INFO]Current Time:       41.68 s

[P]indexs Load Factor:    82.0109 %

[P]full bucket LFactor:   51.2042 %

[P]set request:           78892705 
[P]get request:           67803573 

[P]Get Hit Rate:          86.1690 %
[P]ACC Hit Rate:          83.1074 %

[P]total cuckoo num:      4688241 
[P]total cuckoo path:     2602709 
[P]total cp perset:       0.033153 / set
[P]total cp percuckoo:    0.555157 / cuckoo num

[P]cuckoo path / s:       199280.015 / s
[P]cp per set * s:        0.132646 / set * s

[P]break loop / s:        0 / s
[P]break / set :          0 %

[P]Throughput:            2856477.417 ops
[P]all request:           146696278 o

[P]GetThroughput:         1306496.881 ops
[P]SetThroughput:         1549980.536 ops

[P]Valid Entries:         1234180.881 / s
[P]set success:           1502340.345 / s

[P]expire scan persec:    3896469.174 / s
[P]total expire scan:     3412832
[P]expire hit persec:     301739.479 / s
[P]total expire hit:      264287

[P]expire hit rate:       7.743921 %
[P]total expire hit rate: 7.743921 %

[P]get found:             1125794.794 / s

----------------------------------

[INFO]Current Time:       42.55 s

[P]indexs Load Factor:    83.5938 %

[P]full bucket LFactor:   53.6635 %

[P]set request:           81247367 
[P]get request:           69844960 

[P]Get Hit Rate:          83.1052 %
[P]ACC Hit Rate:          83.1074 %

[P]total cuckoo num:      4692555 
[P]total cuckoo path:     2607004 
[P]total cp perset:       0.032276 / set
[P]total cp percuckoo:    0.555562 / cuckoo num

[P]cuckoo path / s:       4934.762 / s
[P]cp per set * s:        0.001896 / set * s

[P]break loop / s:        0 / s
[P]break / set :          0 %

[P]Throughput:            5050862.614 ops
[P]all request:           151092327 o

[P]GetThroughput:         2345461.863 ops
[P]SetThroughput:         2705400.751 ops

[P]Valid Entries:         1741627.398 / s
[P]set success:           2603169.030 / s

[P]expire scan persec:    11777391.117 / s
[P]total expire scan:     13663356
[P]expire hit persec:     973225.806 / s
[P]total expire hit:      1111340

[P]expire hit rate:       8.263509 %
[P]total expire hit rate: 8.133726 %

[P]get found:             1949199.912 / s

----------------------------------

[INFO]Current Time:       43.42 s

[P]indexs Load Factor:    85.0795 %

[P]full bucket LFactor:   56.0482 %

[P]set request:           83547696 
[P]get request:           71901433 

[P]Get Hit Rate:          82.7188 %
[P]ACC Hit Rate:          83.0963 %

[P]total cuckoo num:      4696770 
[P]total cuckoo path:     2612082 
[P]total cp perset:       0.031416 / set
[P]total cp percuckoo:    0.556144 / cuckoo num

[P]cuckoo path / s:       5871.287 / s
[P]cp per set * s:        0.002141 / set * s

[P]break loop / s:        0 / s
[P]break / set :          0 %

[P]Throughput:            5037423.391 ops
[P]all request:           155449129 o

[P]GetThroughput:         2377736.053 ops
[P]SetThroughput:         2659687.338 ops

[P]Valid Entries:         1684510.233 / s
[P]set success:           2742441.501 / s

[P]expire scan persec:    11935537.256 / s
[P]total expire scan:     23986247
[P]expire hit persec:     1045651.051 / s
[P]total expire hit:      2015710

[P]expire hit rate:       8.760821 %
[P]total expire hit rate: 8.403607 %

[P]get found:             1966834.976 / s

----------------------------------

[INFO]Current Time:       44.27 s

[P]indexs Load Factor:    86.4626 %

[P]full bucket LFactor:   58.3450 %

[P]set request:           85904450 
[P]get request:           73864073 

[P]Get Hit Rate:          82.4040 %
[P]ACC Hit Rate:          83.0779 %

[P]total cuckoo num:      4700605 
[P]total cuckoo path:     2617442 
[P]total cp perset:       0.030614 / set
[P]total cp percuckoo:    0.556831 / cuckoo num

[P]cuckoo path / s:       6267.138 / s
[P]cp per set * s:        0.002278 / set * s

[P]break loop / s:        0 / s
[P]break / set :          0 %

[P]Throughput:            5050417.201 ops
[P]all request:           159768523 o

[P]GetThroughput:         2294801.265 ops
[P]SetThroughput:         2755615.936 ops

[P]Valid Entries:         1597871.019 / s
[P]set success:           2751406.664 / s

[P]expire scan persec:    11942900.458 / s
[P]total expire scan:     34200471
[P]expire hit persec:     1178193.792 / s
[P]total expire hit:      3023366

[P]expire hit rate:       9.865223 %
[P]total expire hit rate: 8.840130 %

[P]get found:             1891007.022 / s

----------------------------------

[INFO]Current Time:       45.12 s

[P]indexs Load Factor:    87.7289 %

[P]full bucket LFactor:   60.5113 %

[P]set request:           88106419 
[P]get request:           75790975 

[P]Get Hit Rate:          83.5560 %
[P]ACC Hit Rate:          83.0900 %

[P]total cuckoo num:      4704086 
[P]total cuckoo path:     2622949 
[P]total cp perset:       0.029882 / set
[P]total cp percuckoo:    0.557590 / cuckoo num

[P]cuckoo path / s:       6501.993 / s
[P]cp per set * s:        0.002415 / set * s

[P]break loop / s:        0 / s
[P]break / set :          0 %

[P]Throughput:            4874866.825 ops
[P]all request:           163897394 o

[P]GetThroughput:         2275050.646 ops
[P]SetThroughput:         2599816.179 ops

[P]Valid Entries:         1474795.416 / s
[P]set success:           2692814.637 / s

[P]expire scan persec:    11678580.012 / s
[P]total expire scan:     44091890
[P]expire hit persec:     1244413.276 / s
[P]total expire hit:      4077348

[P]expire hit rate:       10.655519 %
[P]total expire hit rate: 9.247388 %

[P]get found:             1900941.040 / s

----------------------------------

[INFO]Current Time:       45.96 s

[P]indexs Load Factor:    88.9065 %

[P]full bucket LFactor:   62.5916 %

[P]set request:           90381687 
[P]get request:           77740274 

[P]Get Hit Rate:          83.2896 %
[P]ACC Hit Rate:          83.0950 %

[P]total cuckoo num:      4707397 
[P]total cuckoo path:     2628950 
[P]total cp perset:       0.029193 / set
[P]total cp percuckoo:    0.558472 / cuckoo num

[P]cuckoo path / s:       7132.822 / s
[P]cp per set * s:        0.002635 / set * s

[P]break loop / s:        0 / s
[P]break / set :          0 %

[P]Throughput:            5021344.117 ops
[P]all request:           168121961 o

[P]GetThroughput:         2316947.764 ops
[P]SetThroughput:         2704396.353 ops

[P]Valid Entries:         1417025.916 / s
[P]set success:           2706843.692 / s

[P]expire scan persec:    11913271.795 / s
[P]total expire scan:     54114787
[P]expire hit persec:     1338673.033 / s
[P]total expire hit:      5203603

[P]expire hit rate:       11.236821 %
[P]total expire hit rate: 9.615862 %

[P]get found:             1929776.121 / s

----------------------------------

[INFO]Current Time:       46.79 s

[P]indexs Load Factor:    89.9953 %

[P]full bucket LFactor:   64.5685 %

[P]set request:           92544171 
[P]get request:           79591314 

[P]Get Hit Rate:          82.1136 %
[P]ACC Hit Rate:          83.0722 %

[P]total cuckoo num:      4710402 
[P]total cuckoo path:     2634936 
[P]total cp perset:       0.028559 / set
[P]total cp percuckoo:    0.559387 / cuckoo num

[P]cuckoo path / s:       7194.685 / s
[P]cp per set * s:        0.002710 / set * s

[P]break loop / s:        0 / s
[P]break / set :          0 %

[P]Throughput:            4823929.045 ops
[P]all request:           172135485 o

[P]GetThroughput:         2224799.358 ops
[P]SetThroughput:         2599129.687 ops

[P]Valid Entries:         1279248.814 / s
[P]set success:           2654939.574 / s

[P]expire scan persec:    11518369.113 / s
[P]total expire scan:     63698106
[P]expire hit persec:     1400378.168 / s
[P]total expire hit:      6368722

[P]expire hit rate:       12.157782 %
[P]total expire hit rate: 9.998291 %

[P]get found:             1826862.147 / s

----------------------------------

[INFO]Current Time:       47.63 s

[P]indexs Load Factor:    90.9784 %

[P]full bucket LFactor:   66.4064 %

[P]set request:           94727902 
[P]get request:           81423661 

[P]Get Hit Rate:          82.9320 %
[P]ACC Hit Rate:          83.0690 %

[P]total cuckoo num:      4713217 
[P]total cuckoo path:     2641264 
[P]total cp perset:       0.027965 / set
[P]total cp percuckoo:    0.560395 / cuckoo num

[P]cuckoo path / s:       7609.391 / s
[P]cp per set * s:        0.002897 / set * s

[P]break loop / s:        0 / s
[P]break / set :          0 %

[P]Throughput:            4829317.778 ops
[P]all request:           176151565 o

[P]GetThroughput:         2203388.862 ops
[P]SetThroughput:         2625926.510 ops

[P]Valid Entries:         1187798.514 / s
[P]set success:           2626775.472 / s

[P]expire scan persec:    11441191.908 / s
[P]total expire scan:     73212647
[P]expire hit persec:     1471861.600 / s
[P]total expire hit:      7592728

[P]expire hit rate:       12.864583 %
[P]total expire hit rate: 10.370787 %

[P]get found:             1827314.434 / s

----------------------------------

[INFO]Current Time:       48.45 s

[P]indexs Load Factor:    91.9213 %

[P]full bucket LFactor:   68.2198 %

[P]set request:           96992026 
[P]get request:           83353103 

[P]Get Hit Rate:          81.1452 %
[P]ACC Hit Rate:          83.0245 %

[P]total cuckoo num:      4715882 
[P]total cuckoo path:     2647995 
[P]total cp perset:       0.027375 / set
[P]total cp percuckoo:    0.561506 / cuckoo num

[P]cuckoo path / s:       8171.953 / s
[P]cp per set * s:        0.002952 / set * s

[P]break loop / s:        0 / s
[P]break / set :          0 %

[P]Throughput:            5091310.356 ops
[P]all request:           180345129 o

[P]GetThroughput:         2342491.502 ops
[P]SetThroughput:         2748821.281 ops

[P]Valid Entries:         1156947.564 / s
[P]set success:           2768422.557 / s

[P]expire scan persec:    11971825.677 / s
[P]total expire scan:     83073491
[P]expire hit persec:     1626547.761 / s
[P]total expire hit:      8932468

[P]expire hit rate:       13.586464 %
[P]total expire hit rate: 10.752489 %

[P]get found:             1900818.723 / s

----------------------------------

[INFO]Current Time:       49.27 s

[P]indexs Load Factor:    92.7685 %

[P]full bucket LFactor:   69.9000 %

[P]set request:           99188250 
[P]get request:           85220906 

[P]Get Hit Rate:          80.9634 %
[P]ACC Hit Rate:          82.9793 %

[P]total cuckoo num:      4718345 
[P]total cuckoo path:     2654748 
[P]total cp perset:       0.026831 / set
[P]total cp percuckoo:    0.562644 / cuckoo num

[P]cuckoo path / s:       8276.942 / s
[P]cp per set * s:        0.003048 / set * s

[P]break loop / s:        0 / s
[P]break / set :          0 %

[P]Throughput:            4981152.804 ops
[P]all request:           184409157 o

[P]GetThroughput:         2289308.083 ops
[P]SetThroughput:         2691843.495 ops

[P]Valid Entries:         1050919.173 / s
[P]set success:           2715550.383 / s

[P]expire scan persec:    11724416.719 / s
[P]total expire scan:     92639220
[P]expire hit persec:     1676134.114 / s
[P]total expire hit:      10299994

[P]expire hit rate:       14.296098 %
[P]total expire hit rate: 11.118395 %

[P]get found:             1853500.663 / s

----------------------------------

[INFO]Current Time:       50.07 s

[P]indexs Load Factor:    93.5540 %

[P]full bucket LFactor:   71.5074 %

[P]set request:           101404748 
[P]get request:           87067405 

[P]Get Hit Rate:          80.6332 %
[P]ACC Hit Rate:          82.9296 %

[P]total cuckoo num:      4720717 
[P]total cuckoo path:     2662108 
[P]total cp perset:       0.026320 / set
[P]total cp percuckoo:    0.563920 / cuckoo num

[P]cuckoo path / s:       9096.289 / s
[P]cp per set * s:        0.003346 / set * s

[P]break loop / s:        0 / s
[P]break / set :          0 %

[P]Throughput:            5021492.876 ops
[P]all request:           188472153 o

[P]GetThroughput:         2282104.529 ops
[P]SetThroughput:         2739389.583 ops

[P]Valid Entries:         989289.451 / s
[P]set success:           2718569.462 / s

[P]expire scan persec:    11925663.068 / s
[P]total expire scan:     102288526
[P]expire hit persec:     1784830.408 / s
[P]total expire hit:      11744138

[P]expire hit rate:       14.966299 %
[P]total expire hit rate: 11.481384 %

[P]get found:             1840134.859 / s

----------------------------------

[INFO]Current Time:       50.88 s

[P]indexs Load Factor:    94.2684 %

[P]full bucket LFactor:   73.0126 %

[P]set request:           103571520 
[P]get request:           88928049 

[P]Get Hit Rate:          80.3662 %
[P]ACC Hit Rate:          82.8760 %

[P]total cuckoo num:      4722946 
[P]total cuckoo path:     2669773 
[P]total cp perset:       0.025838 / set
[P]total cp percuckoo:    0.565277 / cuckoo num

[P]cuckoo path / s:       9560.636 / s
[P]cp per set * s:        0.003509 / set * s

[P]break loop / s:        0 / s
[P]break / set :          0 %

[P]Throughput:            5023438.771 ops
[P]all request:           192499569 o

[P]GetThroughput:         2320801.032 ops
[P]SetThroughput:         2702637.739 ops

[P]Valid Entries:         909696.069 / s
[P]set success:           2724277.331 / s

[P]expire scan persec:    11926318.955 / s
[P]total expire scan:     111850153
[P]expire hit persec:     1830795.052 / s
[P]total expire hit:      13211932

[P]expire hit rate:       15.350881 %
[P]total expire hit rate: 11.812172 %

[P]get found:             1865138.503 / s

----------------------------------

[INFO]Current Time:       51.68 s

[P]indexs Load Factor:    94.9043 %

[P]full bucket LFactor:   74.3896 %

[P]set request:           105705919 
[P]get request:           90734525 

[P]Get Hit Rate:          77.2134 %
[P]ACC Hit Rate:          82.7632 %

[P]total cuckoo num:      4724994 
[P]total cuckoo path:     2677587 
[P]total cp perset:       0.025391 / set
[P]total cp percuckoo:    0.566686 / cuckoo num

[P]cuckoo path / s:       9776.043 / s
[P]cp per set * s:        0.003679 / set * s

[P]break loop / s:        0 / s
[P]break / set :          0 %

[P]Throughput:            4930402.250 ops
[P]all request:           196440444 o

[P]GetThroughput:         2260069.993 ops
[P]SetThroughput:         2670332.256 ops

[P]Valid Entries:         811560.443 / s
[P]set success:           2657200.781 / s

[P]expire scan persec:    11647808.597 / s
[P]total expire scan:     121160257
[P]expire hit persec:     1855243.730 / s
[P]total expire hit:      14694830

[P]expire hit rate:       15.927835 %
[P]total expire hit rate: 12.128424 %

[P]get found:             1745076.209 / s

----------------------------------

[INFO]Current Time:       52.47 s

[P]indexs Load Factor:    95.4926 %

[P]full bucket LFactor:   75.6947 %

[P]set request:           107888664 
[P]get request:           92544194 

[P]Get Hit Rate:          80.0111 %
[P]ACC Hit Rate:          82.7094 %

[P]total cuckoo num:      4726969 
[P]total cuckoo path:     2685710 
[P]total cp perset:       0.024944 / set
[P]total cp percuckoo:    0.568167 / cuckoo num

[P]cuckoo path / s:       10176.071 / s
[P]cp per set * s:        0.003661 / set * s

[P]break loop / s:        0 / s
[P]break / set :          0 %

[P]Throughput:            5001488.317 ops
[P]all request:           200432858 o

[P]GetThroughput:         2267059.068 ops
[P]SetThroughput:         2734429.249 ops

[P]Valid Entries:         759780.336 / s
[P]set success:           2779310.196 / s

[P]expire scan persec:    11963265.298 / s
[P]total expire scan:     130709876
[P]expire hit persec:     2003794.093 / s
[P]total expire hit:      16294349

[P]expire hit rate:       16.749558 %
[P]total expire hit rate: 12.466043 %

[P]get found:             1813898.806 / s

----------------------------------

[INFO]Current Time:       53.27 s

[P]indexs Load Factor:    96.0197 %

[P]full bucket LFactor:   76.8937 %

[P]set request:           110056130 
[P]get request:           94338558 

[P]Get Hit Rate:          79.8293 %
[P]ACC Hit Rate:          82.6546 %

[P]total cuckoo num:      4729004 
[P]total cuckoo path:     2694941 
[P]total cp perset:       0.024536 / set
[P]total cp percuckoo:    0.569875 / cuckoo num

[P]cuckoo path / s:       11590.388 / s
[P]cp per set * s:        0.004260 / set * s

[P]break loop / s:        0 / s
[P]break / set :          0 %

[P]Throughput:            4974449.712 ops
[P]all request:           204394688 o

[P]GetThroughput:         2252992.552 ops
[P]SetThroughput:         2721457.160 ops

[P]Valid Entries:         688822.598 / s
[P]set success:           2720958.689 / s

[P]expire scan persec:    11960397.317 / s
[P]total expire scan:     140235565
[P]expire hit persec:     2059450.281 / s
[P]total expire hit:      17934569

[P]expire hit rate:       17.218912 %
[P]total expire hit rate: 12.788888 %

[P]get found:             1798549.162 / s

----------------------------------

[INFO]Current Time:       54.06 s

[P]indexs Load Factor:    96.4863 %

[P]full bucket LFactor:   77.9807 %

[P]set request:           112106264 
[P]get request:           96131092 

[P]Get Hit Rate:          76.8704 %
[P]ACC Hit Rate:          82.5468 %

[P]total cuckoo num:      4731003 
[P]total cuckoo path:     2704675 
[P]total cp perset:       0.024147 / set
[P]total cp percuckoo:    0.571692 / cuckoo num

[P]cuckoo path / s:       12383.183 / s
[P]cp per set * s:        0.004488 / set * s

[P]break loop / s:        0 / s
[P]break / set :          0 %

[P]Throughput:            4888479.758 ops
[P]all request:           208237356 o

[P]GetThroughput:         2280385.965 ops
[P]SetThroughput:         2608093.793 ops

[P]Valid Entries:         618729.173 / s
[P]set success:           2758983.148 / s

[P]expire scan persec:    11990320.580 / s
[P]total expire scan:     149660749
[P]expire hit persec:     2110681.397 / s
[P]total expire hit:      19593704

[P]expire hit rate:       17.603211 %
[P]total expire hit rate: 13.092079 %

[P]get found:             1752941.742 / s

----------------------------------

[INFO]Current Time:       54.84 s

[P]indexs Load Factor:    96.8839 %

[P]full bucket LFactor:   78.9327 %

[P]set request:           114182581 
[P]get request:           97876419 

[P]Get Hit Rate:          79.4576 %
[P]ACC Hit Rate:          82.4917 %

[P]total cuckoo num:      4733023 
[P]total cuckoo path:     2715642 
[P]total cp perset:       0.023796 / set
[P]total cp percuckoo:    0.573765 / cuckoo num

[P]cuckoo path / s:       14068.862 / s
[P]cp per set * s:        0.005179 / set * s

[P]break loop / s:        0 / s
[P]break / set :          0 %

[P]Throughput:            4902542.338 ops
[P]all request:           212059000 o

[P]GetThroughput:         2238968.232 ops
[P]SetThroughput:         2663574.106 ops

[P]Valid Entries:         552071.020 / s
[P]set success:           2716518.028 / s

[P]expire scan persec:    11902980.720 / s
[P]total expire scan:     158939395
[P]expire hit persec:     2091298.420 / s
[P]total expire hit:      21223919

[P]expire hit rate:       17.569535 %
[P]total expire hit rate: 13.353467 %

[P]get found:             1779030.491 / s

----------------------------------

[INFO]Current Time:       55.61 s

[P]indexs Load Factor:    97.2494 %

[P]full bucket LFactor:   79.8229 %

[P]set request:           116142512 
[P]get request:           99522042 

[P]Get Hit Rate:          79.3109 %
[P]ACC Hit Rate:          82.4391 %

[P]total cuckoo num:      4735077 
[P]total cuckoo path:     2727236 
[P]total cp perset:       0.023493 / set
[P]total cp percuckoo:    0.575964 / cuckoo num

[P]cuckoo path / s:       14884.003 / s
[P]cp per set * s:        0.005908 / set * s

[P]break loop / s:        0 / s
[P]break / set :          0 %

[P]Throughput:            4628693.760 ops
[P]all request:           215664554 o

[P]GetThroughput:         2112597.651 ops
[P]SetThroughput:         2516096.109 ops

[P]Valid Entries:         472101.720 / s
[P]set success:           2519318.366 / s

[P]expire scan persec:    11340231.287 / s
[P]total expire scan:     167772949
[P]expire hit persec:     2018579.640 / s
[P]total expire hit:      22796306

[P]expire hit rate:       17.800163 %
[P]total expire hit rate: 13.587593 %

[P]get found:             1675520.965 / s

----------------------------------

[INFO]Current Time:       56.39 s

[P]indexs Load Factor:    97.5796 %

[P]full bucket LFactor:   80.6432 %

[P]set request:           118150800 
[P]get request:           101206189 

[P]Get Hit Rate:          79.1823 %
[P]ACC Hit Rate:          82.3849 %

[P]total cuckoo num:      4737200 
[P]total cuckoo path:     2740185 
[P]total cp perset:       0.023195 / set
[P]total cp percuckoo:    0.578440 / cuckoo num

[P]cuckoo path / s:       16638.098 / s
[P]cp per set * s:        0.006311 / set * s

[P]break loop / s:        0 / s
[P]break / set :          0 %

[P]Throughput:            4744390.431 ops
[P]all request:           219356990 o

[P]GetThroughput:         2163951.091 ops
[P]SetThroughput:         2580438.055 ops

[P]Valid Entries:         443581.533 / s
[P]set success:           2636401.632 / s

[P]expire scan persec:    11958119.237 / s
[P]total expire scan:     177079643
[P]expire hit persec:     2117277.301 / s
[P]total expire hit:      24444128

[P]expire hit rate:       17.705772 %
[P]total expire hit rate: 13.804031 %

[P]get found:             1713465.821 / s

----------------------------------

[INFO]Current Time:       57.17 s

[P]indexs Load Factor:    97.8799 %

[P]full bucket LFactor:   81.4085 %

[P]set request:           120221755 
[P]get request:           102876165 

[P]Get Hit Rate:          82.1123 %
[P]ACC Hit Rate:          82.3805 %

[P]total cuckoo num:      4739482 
[P]total cuckoo path:     2754946 
[P]total cp perset:       0.022916 / set
[P]total cp percuckoo:    0.581276 / cuckoo num

[P]cuckoo path / s:       19052.352 / s
[P]cp per set * s:        0.007100 / set * s

[P]break loop / s:        0 / s
[P]break / set :          0 %

[P]Throughput:            4828501.681 ops
[P]all request:           223097920 o

[P]GetThroughput:         2155475.222 ops
[P]SetThroughput:         2673027.749 ops

[P]Valid Entries:         405350.040 / s
[P]set success:           2683425.808 / s

[P]expire scan persec:    12246411.668 / s
[P]total expire scan:     186567673
[P]expire hit persec:     2276240.361 / s
[P]total expire hit:      26207668

[P]expire hit rate:       18.586999 %
[P]total expire hit rate: 14.047272 %

[P]get found:             1769910.664 / s

----------------------------------

[INFO]Current Time:       57.94 s

[P]indexs Load Factor:    98.1436 %

[P]full bucket LFactor:   82.0907 %

[P]set request:           122243898 
[P]get request:           104507085 

[P]Get Hit Rate:          80.3225 %
[P]ACC Hit Rate:          82.3483 %

[P]total cuckoo num:      4741799 
[P]total cuckoo path:     2770529 
[P]total cp perset:       0.022649 / set
[P]total cp percuckoo:    0.584278 / cuckoo num

[P]cuckoo path / s:       20215.848 / s
[P]cp per set * s:        0.007389 / set * s

[P]break loop / s:        0 / s
[P]break / set :          0 %

[P]Throughput:            4739123.903 ops
[P]all request:           226750983 o

[P]GetThroughput:         2115794.870 ops
[P]SetThroughput:         2623329.033 ops

[P]Valid Entries:         361980.833 / s
[P]set success:           2735845.285 / s

[P]expire scan persec:    12366519.525 / s
[P]total expire scan:     196100168
[P]expire hit persec:     2274207.052 / s
[P]total expire hit:      27960697

[P]expire hit rate:       18.390033 %
[P]total expire hit rate: 14.258375 %

[P]get found:             1699458.405 / s

----------------------------------

[INFO]Current Time:       58.71 s

[P]indexs Load Factor:    98.3720 %

[P]full bucket LFactor:   82.6959 %

[P]set request:           124287265 
[P]get request:           106151346 

[P]Get Hit Rate:          80.4031 %
[P]ACC Hit Rate:          82.3182 %

[P]total cuckoo num:      4744272 
[P]total cuckoo path:     2788319 
[P]total cp perset:       0.022411 / set
[P]total cp percuckoo:    0.587723 / cuckoo num

[P]cuckoo path / s:       23182.807 / s
[P]cp per set * s:        0.008503 / set * s

[P]break loop / s:        0 / s
[P]break / set :          0 %

[P]Throughput:            4805484.358 ops
[P]all request:           230438611 o

[P]GetThroughput:         2142697.288 ops
[P]SetThroughput:         2662787.070 ops

[P]Valid Entries:         322194.099 / s
[P]set success:           2726523.499 / s

[P]expire scan persec:    12403838.828 / s
[P]total expire scan:     205618614
[P]expire hit persec:     2300284.338 / s
[P]total expire hit:      29725887

[P]expire hit rate:       18.544939 %
[P]total expire hit rate: 14.456807 %

[P]get found:             1722795.283 / s

----------------------------------

[INFO]Current Time:       59.47 s

[P]indexs Load Factor:    98.5780 %

[P]full bucket LFactor:   83.2504 %

[P]set request:           126239171 
[P]get request:           107780229 

[P]Get Hit Rate:          80.1760 %
[P]ACC Hit Rate:          82.2858 %

[P]total cuckoo num:      4746834 
[P]total cuckoo path:     2807473 
[P]total cp perset:       0.022201 / set
[P]total cp percuckoo:    0.591441 / cuckoo num

[P]cuckoo path / s:       25030.744 / s
[P]cp per set * s:        0.009396 / set * s

[P]break loop / s:        0 / s
[P]break / set :          0 %

[P]Throughput:            4679430.497 ops
[P]all request:           234019400 o

[P]GetThroughput:         2128649.520 ops
[P]SetThroughput:         2550780.977 ops

[P]Valid Entries:         279542.206 / s
[P]set success:           2663951.198 / s

[P]expire scan persec:    12188133.498 / s
[P]total expire scan:     214945205
[P]expire hit persec:     2319741.227 / s
[P]total expire hit:      31500997

[P]expire hit rate:       19.032785 %
[P]total expire hit rate: 14.655362 %

[P]get found:             1706667.040 / s

----------------------------------

[INFO]Current Time:       60.24 s

[P]indexs Load Factor:    98.7595 %

[P]full bucket LFactor:   83.7471 %

[P]set request:           128264224 
[P]get request:           109469674 

[P]Get Hit Rate:          78.5850 %
[P]ACC Hit Rate:          82.2287 %

[P]total cuckoo num:      4749543 
[P]total cuckoo path:     2828600 
[P]total cp perset:       0.022010 / set
[P]total cp percuckoo:    0.595552 / cuckoo num

[P]cuckoo path / s:       27525.995 / s
[P]cp per set * s:        0.010277 / set * s

[P]break loop / s:        0 / s
[P]break / set :          0 %

[P]Throughput:            4839553.877 ops
[P]all request:           237733898 o

[P]GetThroughput:         2201148.069 ops
[P]SetThroughput:         2638405.808 ops

[P]Valid Entries:         252618.464 / s
[P]set success:           2678354.787 / s

[P]expire scan persec:    12461179.794 / s
[P]total expire scan:     224509522
[P]expire hit persec:     2338081.004 / s
[P]total expire hit:      33295542

[P]expire hit rate:       18.762918 %
[P]total expire hit rate: 14.830347 %

[P]get found:             1729771.750 / s

----------------------------------

[INFO]Current Time:       61.00 s

[P]indexs Load Factor:    98.9198 %

[P]full bucket LFactor:   84.1937 %

[P]set request:           130238380 
[P]get request:           111115159 

[P]Get Hit Rate:          79.9921 %
[P]ACC Hit Rate:          82.1956 %

[P]total cuckoo num:      4752314 
[P]total cuckoo path:     2851160 
[P]total cp perset:       0.021842 / set
[P]total cp percuckoo:    0.599952 / cuckoo num

[P]cuckoo path / s:       29471.592 / s
[P]cp per set * s:        0.011143 / set * s

[P]break loop / s:        0 / s
[P]break / set :          0 %

[P]Throughput:            4728571.975 ops
[P]all request:           241353539 o

[P]GetThroughput:         2149603.857 ops
[P]SetThroughput:         2578968.117 ops

[P]Valid Entries:         223308.711 / s
[P]set success:           2644863.776 / s

[P]expire scan persec:    12512438.839 / s
[P]total expire scan:     234087580
[P]expire hit persec:     2354253.758 / s
[P]total expire hit:      35097683

[P]expire hit rate:       18.815307 %
[P]total expire hit rate: 14.993398 %

[P]get found:             1719513.258 / s

----------------------------------

[INFO]Current Time:       61.77 s

[P]indexs Load Factor:    99.0533 %

[P]full bucket LFactor:   84.5706 %

[P]set request:           132124078 
[P]get request:           112688962 

[P]Get Hit Rate:          79.7367 %
[P]ACC Hit Rate:          82.1613 %

[P]total cuckoo num:      4755108 
[P]total cuckoo path:     2874510 
[P]total cp perset:       0.021693 / set
[P]total cp percuckoo:    0.604510 / cuckoo num

[P]cuckoo path / s:       30575.625 / s
[P]cp per set * s:        0.011834 / set * s

[P]break loop / s:        0 / s
[P]break / set :          0 %

[P]Throughput:            4530038.766 ops
[P]all request:           244813040 o

[P]GetThroughput:         2060814.146 ops
[P]SetThroughput:         2469224.620 ops

[P]Valid Entries:         189807.195 / s
[P]set success:           2583610.193 / s

[P]expire scan persec:    12004696.160 / s
[P]total expire scan:     243255329
[P]expire hit persec:     2277211.004 / s
[P]total expire hit:      36836744

[P]expire hit rate:       18.969335 %
[P]total expire hit rate: 15.143242 %

[P]get found:             1643224.438 / s

----------------------------------

[INFO]Current Time:       62.53 s

[P]indexs Load Factor:    99.1764 %

[P]full bucket LFactor:   84.9235 %

[P]set request:           134033671 
[P]get request:           114339157 

[P]Get Hit Rate:          78.2135 %
[P]ACC Hit Rate:          82.1043 %

[P]total cuckoo num:      4758181 
[P]total cuckoo path:     2900629 
[P]total cp perset:       0.021559 / set
[P]total cp percuckoo:    0.609609 / cuckoo num

[P]cuckoo path / s:       34421.410 / s
[P]cp per set * s:        0.012828 / set * s

[P]break loop / s:        0 / s
[P]break / set :          0 %

[P]Throughput:            4691332.876 ops
[P]all request:           248372828 o

[P]GetThroughput:         2174740.197 ops
[P]SetThroughput:         2516592.679 ops

[P]Valid Entries:         175285.751 / s
[P]set success:           2683376.860 / s

[P]expire scan persec:    12540197.242 / s
[P]total expire scan:     252770843
[P]expire hit persec:     2430202.438 / s
[P]total expire hit:      38680784

[P]expire hit rate:       19.379300 %
[P]total expire hit rate: 15.302708 %

[P]get found:             1700940.073 / s

----------------------------------

[INFO]Current Time:       63.29 s

[P]indexs Load Factor:    99.2847 %

[P]full bucket LFactor:   85.2374 %

[P]set request:           136014935 
[P]get request:           115987247 

[P]Get Hit Rate:          78.1643 %
[P]ACC Hit Rate:          82.0483 %

[P]total cuckoo num:      4761287 
[P]total cuckoo path:     2927614 
[P]total cp perset:       0.021435 / set
[P]total cp percuckoo:    0.614879 / cuckoo num

[P]cuckoo path / s:       35490.658 / s
[P]cp per set * s:        0.013268 / set * s

[P]break loop / s:        0 / s
[P]break / set :          0 %

[P]Throughput:            4773324.520 ops
[P]all request:           252002182 o

[P]GetThroughput:         2167567.123 ops
[P]SetThroughput:         2605757.397 ops

[P]Valid Entries:         153879.655 / s
[P]set success:           2674996.074 / s

[P]expire scan persec:    12560735.106 / s
[P]total expire scan:     262321284
[P]expire hit persec:     2441456.101 / s
[P]total expire hit:      40537123

[P]expire hit rate:       19.437207 %
[P]total expire hit rate: 15.453234 %

[P]get found:             1694263.653 / s

----------------------------------

[INFO]Current Time:       64.05 s

[P]indexs Load Factor:    99.3792 %

[P]full bucket LFactor:   85.5159 %

[P]set request:           137991219 
[P]get request:           117599039 

[P]Get Hit Rate:          79.5201 %
[P]ACC Hit Rate:          82.0136 %

[P]total cuckoo num:      4764371 
[P]total cuckoo path:     2955057 
[P]total cp perset:       0.021319 / set
[P]total cp percuckoo:    0.620241 / cuckoo num

[P]cuckoo path / s:       36108.543 / s
[P]cp per set * s:        0.013526 / set * s

[P]break loop / s:        0 / s
[P]break / set :          0 %

[P]Throughput:            4721065.310 ops
[P]all request:           255590258 o

[P]GetThroughput:         2120739.722 ops
[P]SetThroughput:         2600325.588 ops

[P]Valid Entries:         135406.706 / s
[P]set success:           2669567.728 / s

[P]expire scan persec:    12604160.291 / s
[P]total expire scan:     271900623
[P]expire hit persec:     2269681.704 / s
[P]total expire hit:      42262113

[P]expire hit rate:       18.007401 %
[P]total expire hit rate: 15.543220 %

[P]get found:             1686414.860 / s

----------------------------------

[INFO]Current Time:       64.81 s

[P]indexs Load Factor:    99.4595 %

[P]full bucket LFactor:   85.7579 %

[P]set request:           139957960 
[P]get request:           119202473 

[P]Get Hit Rate:          79.5603 %
[P]ACC Hit Rate:          81.9806 %

[P]total cuckoo num:      4767710 
[P]total cuckoo path:     2985191 
[P]total cp perset:       0.021227 / set
[P]total cp percuckoo:    0.626127 / cuckoo num

[P]cuckoo path / s:       39621.586 / s
[P]cp per set * s:        0.014915 / set * s

[P]break loop / s:        0 / s
[P]break / set :          0 %

[P]Throughput:            4694232.331 ops
[P]all request:           259160433 o

[P]GetThroughput:         2108269.685 ops
[P]SetThroughput:         2585962.646 ops

[P]Valid Entries:         119619.481 / s
[P]set success:           2656476.552 / s

[P]expire scan persec:    12578070.735 / s
[P]total expire scan:     281466812
[P]expire hit persec:     2411358.911 / s
[P]total expire hit:      44096060

[P]expire hit rate:       19.171135 %
[P]total expire hit rate: 15.666522 %

[P]get found:             1677345.817 / s

----------------------------------

[INFO]Current Time:       65.56 s

[P]indexs Load Factor:    99.5316 %

[P]full bucket LFactor:   85.9768 %

[P]set request:           141802606 
[P]get request:           120762754 

[P]Get Hit Rate:          79.3979 %
[P]ACC Hit Rate:          81.9473 %

[P]total cuckoo num:      4770995 
[P]total cuckoo path:     3015118 
[P]total cp perset:       0.021144 / set
[P]total cp percuckoo:    0.631968 / cuckoo num

[P]cuckoo path / s:       39611.973 / s
[P]cp per set * s:        0.015194 / set * s

[P]break loop / s:        0 / s
[P]break / set :          0 %

[P]Throughput:            4506829.193 ops
[P]all request:           262565360 o

[P]GetThroughput:         2065219.008 ops
[P]SetThroughput:         2441610.185 ops

[P]Valid Entries:         103103.373 / s
[P]set success:           2607041.497 / s

[P]expire scan persec:    12351200.421 / s
[P]total expire scan:     290798192
[P]expire hit persec:     2421305.856 / s
[P]total expire hit:      45925366

[P]expire hit rate:       19.603810 %
[P]total expire hit rate: 15.792865 %

[P]get found:             1639741.385 / s

----------------------------------

[INFO]Current Time:       66.32 s

[P]indexs Load Factor:    99.5944 %

[P]full bucket LFactor:   86.1694 %

[P]set request:           143681717 
[P]get request:           122381733 

[P]Get Hit Rate:          76.3813 %
[P]ACC Hit Rate:          81.8736 %

[P]total cuckoo num:      4774512 
[P]total cuckoo path:     3047684 
[P]total cp perset:       0.021082 / set
[P]total cp percuckoo:    0.638324 / cuckoo num

[P]cuckoo path / s:       42924.385 / s
[P]cp per set * s:        0.016558 / set * s

[P]break loop / s:        0 / s
[P]break / set :          0 %

[P]Throughput:            4610740.132 ops
[P]all request:           266063450 o

[P]GetThroughput:         2133933.503 ops
[P]SetThroughput:         2476806.629 ops

[P]Valid Entries:         91942.225 / s
[P]set success:           2592306.784 / s

[P]expire scan persec:    12586978.257 / s
[P]total expire scan:     300347718
[P]expire hit persec:     2418576.773 / s
[P]total expire hit:      47760299

[P]expire hit rate:       19.214912 %
[P]total expire hit rate: 15.901669 %

[P]get found:             1629927.196 / s

----------------------------------

[INFO]Current Time:       67.08 s

[P]indexs Load Factor:    99.6486 %

[P]full bucket LFactor:   86.3375 %

[P]set request:           145592308 
[P]get request:           123994799 

[P]Get Hit Rate:          76.3196 %
[P]ACC Hit Rate:          81.8014 %

[P]total cuckoo num:      4778067 
[P]total cuckoo path:     3081071 
[P]total cp perset:       0.021022 / set
[P]total cp percuckoo:    0.644836 / cuckoo num

[P]cuckoo path / s:       44045.238 / s
[P]cp per set * s:        0.016702 / set * s

[P]break loop / s:        0 / s
[P]break / set :          0 %

[P]Throughput:            4648525.217 ops
[P]all request:           269587107 o

[P]GetThroughput:         2128010.183 ops
[P]SetThroughput:         2520515.034 ops

[P]Valid Entries:         81341.279 / s
[P]set success:           2637193.293 / s

[P]expire scan persec:    12593725.754 / s
[P]total expire scan:     309893965
[P]expire hit persec:     2470522.693 / s
[P]total expire hit:      49632995

[P]expire hit rate:       19.617091 %
[P]total expire hit rate: 16.016122 %

[P]get found:             1624089.494 / s

----------------------------------

[INFO]Current Time:       67.83 s

[P]indexs Load Factor:    99.6882 %

[P]full bucket LFactor:   86.4620 %

[P]set request:           147482454 
[P]get request:           125560269 

[P]Get Hit Rate:          73.1665 %
[P]ACC Hit Rate:          81.6937 %

[P]total cuckoo num:      4781532 
[P]total cuckoo path:     3113748 
[P]total cp perset:       0.020967 / set
[P]total cp percuckoo:    0.651203 / cuckoo num

[P]cuckoo path / s:       43581.830 / s
[P]cp per set * s:        0.016830 / set * s

[P]break loop / s:        0 / s
[P]break / set :          0 %

[P]Throughput:            4608809.521 ops
[P]all request:           273042723 o

[P]GetThroughput:         2087892.011 ops
[P]SetThroughput:         2520917.510 ops

[P]Valid Entries:         70618.916 / s
[P]set success:           2589487.838 / s

[P]expire scan persec:    12341368.073 / s
[P]total expire scan:     319147337
[P]expire hit persec:     2388983.679 / s
[P]total expire hit:      51424219

[P]expire hit rate:       19.357527 %
[P]total expire hit rate: 16.113003 %

[P]get found:             1527638.032 / s

----------------------------------
[INFO]End rx_queue_1:1538799

[INFO]Current Time:       68.58 s

[P]indexs Load Factor:    99.7178 %

[P]full bucket LFactor:   86.5550 %

[P]set request:           148750604 
[P]get request:           126581672 

[P]Get Hit Rate:          80.3590 %
[P]ACC Hit Rate:          81.6830 %

[P]total cuckoo num:      4784224 
[P]total cuckoo path:     3139365 
[P]total cp perset:       0.020958 / set
[P]total cp percuckoo:    0.656191 / cuckoo num

[P]cuckoo path / s:       33968.992 / s
[P]cp per set * s:        0.019873 / set * s

[P]break loop / s:        0 / s
[P]break / set :          0 %

[P]Throughput:            3036024.611 ops
[P]all request:           275332277 o

[P]GetThroughput:         1354414.286 ops
[P]SetThroughput:         1681608.999 ops

[P]Valid Entries:         42601.469 / s
[P]set success:           1709308.506 / s

[P]expire scan persec:    8160303.538 / s
[P]total expire scan:     325301258
[P]expire hit persec:     1643591.627 / s
[P]total expire hit:      52663699

[P]expire hit rate:       20.141305 %
[P]total expire hit rate: 16.189209 %

[P]get found:             1088393.462 / s

----------------------------------

[INFO]Current Time:       69.34 s

[P]indexs Load Factor:    99.7473 %

[P]full bucket LFactor:   86.6484 %

[P]set request:           150172280 
[P]get request:           127784160 

[P]Get Hit Rate:          73.9751 %
[P]ACC Hit Rate:          81.6104 %

[P]total cuckoo num:      4787179 
[P]total cuckoo path:     3167541 
[P]total cp perset:       0.020937 / set
[P]total cp percuckoo:    0.661672 / cuckoo num

[P]cuckoo path / s:       37420.115 / s
[P]cp per set * s:        0.018862 / set * s

[P]break loop / s:        0 / s
[P]break / set :          0 %

[P]Throughput:            3485110.750 ops
[P]all request:           277956440 o

[P]GetThroughput:         1597005.924 ops
[P]SetThroughput:         1888106.155 ops

[P]Valid Entries:         44096.397 / s
[P]set success:           1983849.109 / s

[P]expire scan persec:    9200847.342 / s
[P]total expire scan:     332229165
[P]expire hit persec:     1896684.254 / s
[P]total expire hit:      54091834

[P]expire hit rate:       20.614235 %
[P]total expire hit rate: 16.281483 %

[P]get found:             1181387.127 / s

----------------------------------

[INFO]Current Time:       70.09 s

[P]indexs Load Factor:    99.7741 %

[P]full bucket LFactor:   86.7344 %

[P]set request:           151674873 
[P]get request:           129013863 

[P]Get Hit Rate:          76.5269 %
[P]ACC Hit Rate:          81.5620 %

[P]total cuckoo num:      4790209 
[P]total cuckoo path:     3196701 
[P]total cp perset:       0.020919 / set
[P]total cp percuckoo:    0.667341 / cuckoo num

[P]cuckoo path / s:       38877.565 / s
[P]cp per set * s:        0.019094 / set * s

[P]break loop / s:        0 / s
[P]break / set :          0 %

[P]Throughput:            3642833.202 ops
[P]all request:           280688736 o

[P]GetThroughput:         1639501.327 ops
[P]SetThroughput:         2003331.875 ops

[P]Valid Entries:         41374.742 / s
[P]set success:           2036092.490 / s

[P]expire scan persec:    9420038.074 / s
[P]total expire scan:     339294636
[P]expire hit persec:     1946319.446 / s
[P]total expire hit:      55551665

[P]expire hit rate:       20.661482 %
[P]total expire hit rate: 16.372692 %

[P]get found:             1254660.094 / s

----------------------------------

[INFO]Current Time:       70.84 s

[P]indexs Load Factor:    99.7979 %

[P]full bucket LFactor:   86.8116 %

[P]set request:           153186699 
[P]get request:           130250662 

[P]Get Hit Rate:          76.5287 %
[P]ACC Hit Rate:          81.5142 %

[P]total cuckoo num:      4793040 
[P]total cuckoo path:     3224123 
[P]total cp perset:       0.020888 / set
[P]total cp percuckoo:    0.672668 / cuckoo num

[P]cuckoo path / s:       36536.650 / s
[P]cp per set * s:        0.017850 / set * s

[P]break loop / s:        0 / s
[P]break / set :          0 %

[P]Throughput:            3662225.547 ops
[P]all request:           283437361 o

[P]GetThroughput:         1647891.908 ops
[P]SetThroughput:         2014333.640 ops

[P]Valid Entries:         37078.930 / s
[P]set success:           2046874.468 / s

[P]expire scan persec:    9404952.285 / s
[P]total expire scan:     346353373
[P]expire hit persec:     1960762.453 / s
[P]total expire hit:      57023284

[P]expire hit rate:       20.848191 %
[P]total expire hit rate: 16.463903 %

[P]get found:             1261109.993 / s

----------------------------------

[INFO]Current Time:       71.58 s

[P]indexs Load Factor:    99.8199 %

[P]full bucket LFactor:   86.8826 %

[P]set request:           154707691 
[P]get request:           131495669 

[P]Get Hit Rate:          75.1772 %
[P]ACC Hit Rate:          81.4542 %

[P]total cuckoo num:      4795566 
[P]total cuckoo path:     3248462 
[P]total cp perset:       0.020837 / set
[P]total cp percuckoo:    0.677389 / cuckoo num

[P]cuckoo path / s:       32668.434 / s
[P]cp per set * s:        0.015735 / set * s

[P]break loop / s:        0 / s
[P]break / set :          0 %

[P]Throughput:            3712595.262 ops
[P]all request:           286203360 o

[P]GetThroughput:         1671080.535 ops
[P]SetThroughput:         2041514.727 ops

[P]Valid Entries:         33950.260 / s
[P]set success:           2076165.628 / s

[P]expire scan persec:    9447238.949 / s
[P]total expire scan:     353391860
[P]expire hit persec:     1994644.201 / s
[P]total expire hit:      58509356

[P]expire hit rate:       21.113515 %
[P]total expire hit rate: 16.556509 %

[P]get found:             1256272.358 / s

----------------------------------

[INFO]Current Time:       72.33 s

[P]indexs Load Factor:    99.8319 %

[P]full bucket LFactor:   86.9223 %

[P]set request:           156072189 
[P]get request:           132609915 

[P]Get Hit Rate:          76.3980 %
[P]ACC Hit Rate:          81.4117 %

[P]total cuckoo num:      4797797 
[P]total cuckoo path:     3270169 
[P]total cp perset:       0.020791 / set
[P]total cp percuckoo:    0.681598 / cuckoo num

[P]cuckoo path / s:       29047.555 / s
[P]cp per set * s:        0.015665 / set * s

[P]break loop / s:        0 / s
[P]break / set :          0 %

[P]Throughput:            3316969.340 ops
[P]all request:           288682104 o

[P]GetThroughput:         1491045.392 ops
[P]SetThroughput:         1825923.948 ops

[P]Valid Entries:         27776.298 / s
[P]set success:           1854329.184 / s

[P]expire scan persec:    8373383.693 / s
[P]total expire scan:     359649221
[P]expire hit persec:     1686190.046 / s
[P]total expire hit:      59769432

[P]expire hit rate:       20.137499 %
[P]total expire hit rate: 16.618813 %

[P]get found:             1139129.315 / s

----------------------------------
[INFO]End rx_queue_0:1557003
[INFO]End rx_queue_3:840093

[INFO]Current Time:       73.08 s

[P]indexs Load Factor:    99.8358 %

[P]full bucket LFactor:   86.9350 %

[P]set request:           156639640 
[P]get request:           133072582 

[P]Get Hit Rate:          77.3528 %
[P]ACC Hit Rate:          81.3976 %

[P]total cuckoo num:      4798729 
[P]total cuckoo path:     3279285 
[P]total cp perset:       0.020774 / set
[P]total cp percuckoo:    0.683365 / cuckoo num

[P]cuckoo path / s:       12196.801 / s
[P]cp per set * s:        0.016065 / set * s

[P]break loop / s:        0 / s
[P]break / set :          0 %

[P]Throughput:            1378251.874 ops
[P]all request:           289712222 o

[P]GetThroughput:         619027.781 ops
[P]SetThroughput:         759224.093 ops

[P]Valid Entries:         10355.774 / s
[P]set success:           759222.755 / s

[P]expire scan persec:    3660312.646 / s
[P]total expire scan:     362384972
[P]expire hit persec:     739016.953 / s
[P]total expire hit:      60321780

[P]expire hit rate:       20.189995 %
[P]total expire hit rate: 16.645773 %

[P]get found:             478835.483 / s

----------------------------------
Finish the job......
[INFO]End rx_queue_2:1551745

[INFO]Current Time:       73.82 s

[P]indexs Load Factor:    99.8358 %

[P]full bucket LFactor:   86.9350 %

[P]set request:           156655190 
[P]get request:           133085311 

[P]Get Hit Rate:          77.8302 %
[P]ACC Hit Rate:          81.3972 %

[P]total cuckoo num:      4798750 
[P]total cuckoo path:     3279495 
[P]total cp perset:       0.020774 / set
[P]total cp percuckoo:    0.683406 / cuckoo num

[P]cuckoo path / s:       281.833 / s
[P]cp per set * s:        0.013504 / set * s

[P]break loop / s:        0 / s
[P]break / set :          0 %

[P]Throughput:            37952.225 ops
[P]all request:           289740501 o

[P]GetThroughput:         17083.131 ops
[P]SetThroughput:         20869.094 ops

[P]Valid Entries:         268.413 / s
[P]set success:           20870.436 / s

[P]expire scan persec:    99918.000 / s
[P]total expire scan:     362459423
[P]expire hit persec:     20338.978 / s
[P]total expire hit:      60336935

[P]expire hit rate:       20.355670 %
[P]total expire hit rate: 16.646535 %

[P]get found:             13295.827 / s

----------------------------------

Total Index Entries:      94634347

indexs Load Factor:     99.835761 %

log_0 Load Factor:      1717986918386.278564 %

log_1 Load Factor:      1717986918396.194580 %

log_2 Load Factor:      1717986918382.686279 %

log_3 Load Factor:      16.314413 %

Get Hit Rate:           81.397248%

Max Throughput:         5653786.52

Calc Load Factor:       99.835761%

set request:              47746517 | set_success:              47746517
set_fail:                        0 | set_key_duplicate:         1281176 | set_mica_evicted:                0
set_random:                      0 | set_cuckoo_evicted:        1356290 | set_expire_evicted:       18331182

get request:              40482052
get_found:                33217587 | get_notfound:              7264465 | get_hit_ratio:          82.055097%

clean up:                        0 | test_notfound:                   0
move_to_head_performed:    4022718 | move_to_head_skipped:     29194866 | move_to_head_failed:             3


set request:              46297872 | set_success:              46297872
set_fail:                        0 | set_key_duplicate:         1047557 | set_mica_evicted:                0
set_random:                      0 | set_cuckoo_evicted:        1398562 | set_expire_evicted:       15978159

get request:              40008748
get_found:                33719624 | get_notfound:              6289124 | get_hit_ratio:          84.280628%

clean up:                        0 | test_notfound:                   0
move_to_head_performed:    3319783 | move_to_head_skipped:     30399841 | move_to_head_failed:             0


set request:              48207766 | set_success:              48207766
set_fail:                        0 | set_key_duplicate:         1408803 | set_mica_evicted:                0
set_random:                      0 | set_cuckoo_evicted:        1339387 | set_expire_evicted:       19147573

get request:              40345344
get_found:                32482922 | get_notfound:              7862422 | get_hit_ratio:          80.512195%

clean up:                        0 | test_notfound:                   0
move_to_head_performed:    4374863 | move_to_head_skipped:     28108059 | move_to_head_failed:             0


set request:              26660470 | set_success:              26660470
set_fail:                        0 | set_key_duplicate:          444197 | set_mica_evicted:                0
set_random:                      0 | set_cuckoo_evicted:         704511 | set_expire_evicted:       10718543

get request:              21842392
get_found:                17024314 | get_notfound:              4818078 | get_hit_ratio:          77.941619%

clean up:                        0 | test_notfound:                   0
move_to_head_performed:    1917054 | move_to_head_skipped:     15107260 | move_to_head_failed:             0


[INFO] Everything works fine.
deleting piekv......
