[INFO] 单个Log Size为:4 GB
[INFO] 运行proto
EAL: Probing VFIO support...
EAL: VFIO support initialized
EAL: PCI device 0000:03:00.0 on NUMA socket 0
EAL:   probe driver: 15b3:1017 net_mlx5
WEN: There are 1 device(s) available
starting port 0...
querying port 0...
port 0: 100 Gbps (full-duplex)
Adding UDP filter for each endpoint.
port_id/queue_id/udp_port = 0 0 0
Flow is created with src_port = 0, dst_port = 0
port_id/queue_id/udp_port = 0 1 1
Flow is created with src_port = 0, dst_port = 1
port_id/queue_id/udp_port = 0 2 2
Flow is created with src_port = 0, dst_port = 2
port_id/queue_id/udp_port = 0 3 3
Flow is created with src_port = 0, dst_port = 3
MEM: Initializing pages...
alloc maxbytes:8589934592
memc3 settings:
	eviction = CLOCK
	+int_keycmp
	+cuckoo 
	+tag
	+opt lock

 == [STAT] Workers Start (4 threads in total) == 

[INFO]Current Time:       5.00 s

[P]index Load Factor:   0.5680 %

[P]slabs Load Factor:   0.4970 %

[P]Get Hit Rate:         0.1488 %

[P]rx packet:       25158.857 / s

[P]Throughput:      1313986.842 ops

[P]Valid Entries:   666919.681 / s

[P]set success:     666968.675 / s

[P]get found:       962.880 / s

----------------------------------

[INFO]Current Time:       6.00 s

[P]index Load Factor:   1.1261 %

[P]slabs Load Factor:   0.9853 %

[P]Get Hit Rate:         0.4319 %

[P]rx packet:       25212.141 / s

[P]Throughput:      1274198.965 ops

[P]Valid Entries:   655351.689 / s

[P]set success:     655372.686 / s

[P]get found:       2748.579 / s

----------------------------------

[INFO]Current Time:       7.00 s

[P]index Load Factor:   1.7540 %

[P]slabs Load Factor:   1.5347 %

[P]Get Hit Rate:         0.7423 %

[P]rx packet:       28331.697 / s

[P]Throughput:      1458061.560 ops

[P]Valid Entries:   737278.028 / s

[P]set success:     737306.023 / s

[P]get found:       5350.187 / s

----------------------------------

[INFO]Current Time:       8.00 s

[P]index Load Factor:   2.3490 %

[P]slabs Load Factor:   2.0553 %

[P]Get Hit Rate:         1.1034 %

[P]rx packet:       26875.861 / s

[P]Throughput:      1383029.988 ops

[P]Valid Entries:   698666.393 / s

[P]set success:     698689.389 / s

[P]get found:       7550.837 / s

----------------------------------

[INFO]Current Time:       9.00 s

[P]index Load Factor:   2.9260 %

[P]slabs Load Factor:   2.5602 %

[P]Get Hit Rate:         1.3327 %

[P]rx packet:       26068.066 / s

[P]Throughput:      1342668.366 ops

[P]Valid Entries:   677541.746 / s

[P]set success:     677566.742 / s

[P]get found:       8863.662 / s

----------------------------------

[INFO]Current Time:       10.00 s

[P]index Load Factor:   3.4058 %

[P]slabs Load Factor:   2.9801 %

[P]Get Hit Rate:         1.6008 %

[P]rx packet:       21664.725 / s

[P]Throughput:      1120616.611 ops

[P]Valid Entries:   563400.838 / s

[P]set success:     563414.836 / s

[P]get found:       8919.652 / s

----------------------------------

[INFO]Current Time:       11.00 s

[P]index Load Factor:   4.1134 %

[P]slabs Load Factor:   3.5992 %

[P]Get Hit Rate:         2.0060 %

[P]rx packet:       31847.065 / s

[P]Throughput:      1640941.700 ops

[P]Valid Entries:   830857.240 / s

[P]set success:     830907.233 / s

[P]get found:       16248.482 / s

----------------------------------

[INFO]Current Time:       12.00 s

[P]index Load Factor:   4.8481 %

[P]slabs Load Factor:   4.2421 %

[P]Get Hit Rate:         2.5003 %

[P]rx packet:       33186.722 / s

[P]Throughput:      1700396.594 ops

[P]Valid Entries:   862783.796 / s

[P]set success:     862824.789 / s

[P]get found:       20941.670 / s

----------------------------------

[INFO]Current Time:       13.00 s

[P]index Load Factor:   5.6625 %

[P]slabs Load Factor:   4.9547 %

[P]Get Hit Rate:         2.9638 %

[P]rx packet:       36790.149 / s

[P]Throughput:      1885058.228 ops

[P]Valid Entries:   956298.924 / s

[P]set success:     956334.919 / s

[P]get found:       27524.623 / s

----------------------------------

[INFO]Current Time:       14.00 s

[P]index Load Factor:   6.4322 %

[P]slabs Load Factor:   5.6282 %

[P]Get Hit Rate:         3.4135 %

[P]rx packet:       34766.753 / s

[P]Throughput:      1765306.582 ops

[P]Valid Entries:   903779.603 / s

[P]set success:     903833.594 / s

[P]get found:       29993.473 / s

----------------------------------

[INFO]Current Time:       15.00 s

[P]index Load Factor:   7.2863 %

[P]slabs Load Factor:   6.3755 %

[P]Get Hit Rate:         3.9889 %

[P]rx packet:       38572.018 / s

[P]Throughput:      1979215.407 ops

[P]Valid Entries:   1002783.477 / s

[P]set success:     1002825.468 / s

[P]get found:       38945.940 / s

----------------------------------

[INFO]Current Time:       16.00 s

[P]index Load Factor:   8.1336 %

[P]slabs Load Factor:   7.1169 %

[P]Get Hit Rate:         4.4579 %

[P]rx packet:       38274.105 / s

[P]Throughput:      1964536.425 ops

[P]Valid Entries:   995020.748 / s

[P]set success:     995065.742 / s

[P]get found:       43216.344 / s

----------------------------------

[INFO]Current Time:       17.00 s

[P]index Load Factor:   8.9195 %

[P]slabs Load Factor:   7.8046 %

[P]Get Hit Rate:         4.6663 %

[P]rx packet:       35498.643 / s

[P]Throughput:      1821304.131 ops

[P]Valid Entries:   922762.738 / s

[P]set success:     922800.732 / s

[P]get found:       41925.673 / s

----------------------------------

[INFO]Current Time:       18.00 s

[P]index Load Factor:   9.7214 %

[P]slabs Load Factor:   8.5062 %

[P]Get Hit Rate:         5.0760 %

[P]rx packet:       36214.310 / s

[P]Throughput:      1859045.911 ops

[P]Valid Entries:   941561.064 / s

[P]set success:     941595.059 / s

[P]get found:       46567.683 / s

----------------------------------

[INFO]Current Time:       19.00 s

[P]index Load Factor:   10.5186 %

[P]slabs Load Factor:   9.2038 %

[P]Get Hit Rate:         5.4257 %

[P]rx packet:       36014.419 / s

[P]Throughput:      1848567.524 ops

[P]Valid Entries:   936125.927 / s

[P]set success:     936169.920 / s

[P]get found:       49501.329 / s

----------------------------------

[INFO]Current Time:       20.00 s

[P]index Load Factor:   11.2985 %

[P]slabs Load Factor:   9.8862 %

[P]Get Hit Rate:         5.8192 %

[P]rx packet:       35226.574 / s

[P]Throughput:      1809406.318 ops

[P]Valid Entries:   915829.945 / s

[P]set success:     915873.939 / s

[P]get found:       51993.992 / s

----------------------------------

[INFO]Current Time:       21.00 s

[P]index Load Factor:   12.1215 %

[P]slabs Load Factor:   10.6063 %

[P]Get Hit Rate:         6.2464 %

[P]rx packet:       37174.310 / s

[P]Throughput:      1909605.707 ops

[P]Valid Entries:   966311.092 / s

[P]set success:     966359.085 / s

[P]get found:       58915.982 / s

----------------------------------

[INFO]Current Time:       22.00 s

[P]index Load Factor:   12.9428 %

[P]slabs Load Factor:   11.3249 %

[P]Get Hit Rate:         6.6651 %

[P]rx packet:       37106.143 / s

[P]Throughput:      1906585.078 ops

[P]Valid Entries:   964422.782 / s

[P]set success:     964468.775 / s

[P]get found:       62789.090 / s

----------------------------------

[INFO]Current Time:       23.00 s

[P]index Load Factor:   13.7708 %

[P]slabs Load Factor:   12.0494 %

[P]Get Hit Rate:         7.0834 %

[P]rx packet:       37402.195 / s

[P]Throughput:      1922530.603 ops

[P]Valid Entries:   972264.094 / s

[P]set success:     972303.088 / s

[P]get found:       67305.553 / s

----------------------------------

[INFO]Current Time:       24.00 s

[P]index Load Factor:   14.5681 %

[P]slabs Load Factor:   12.7471 %

[P]Get Hit Rate:         7.4468 %

[P]rx packet:       36026.529 / s

[P]Throughput:      1851804.762 ops

[P]Valid Entries:   936264.807 / s

[P]set success:     936322.798 / s

[P]get found:       68171.647 / s

----------------------------------

[INFO]Current Time:       25.00 s

[P]index Load Factor:   15.3450 %

[P]slabs Load Factor:   13.4268 %

[P]Get Hit Rate:         7.8085 %

[P]rx packet:       35090.595 / s

[P]Throughput:      1805211.964 ops

[P]Valid Entries:   912153.512 / s

[P]set success:     912203.504 / s

[P]get found:       69726.261 / s

----------------------------------

[INFO]Current Time:       26.00 s

[P]index Load Factor:   16.1183 %

[P]slabs Load Factor:   14.1036 %

[P]Get Hit Rate:         8.1938 %

[P]rx packet:       34938.585 / s

[P]Throughput:      1797756.398 ops

[P]Valid Entries:   908130.265 / s

[P]set success:     908202.254 / s

[P]get found:       72884.705 / s

----------------------------------

[INFO]Current Time:       27.00 s

[P]index Load Factor:   16.8224 %

[P]slabs Load Factor:   14.7196 %

[P]Get Hit Rate:         8.4699 %

[P]rx packet:       31788.717 / s

[P]Throughput:      1637343.851 ops

[P]Valid Entries:   826609.607 / s

[P]set success:     826732.579 / s

[P]get found:       68653.270 / s

----------------------------------

[INFO]Current Time:       28.00 s

[P]index Load Factor:   17.4957 %

[P]slabs Load Factor:   15.3088 %

[P]Get Hit Rate:         8.7806 %

[P]rx packet:       30423.314 / s

[P]Throughput:      1566457.737 ops

[P]Valid Entries:   790678.221 / s

[P]set success:     790810.201 / s

[P]get found:       68102.511 / s

----------------------------------

[INFO]Current Time:       29.00 s

[P]index Load Factor:   18.1584 %

[P]slabs Load Factor:   15.8886 %

[P]Get Hit Rate:         9.0462 %

[P]rx packet:       29943.303 / s

[P]Throughput:      1541629.150 ops

[P]Valid Entries:   778108.931 / s

[P]set success:     778272.905 / s

[P]get found:       69050.167 / s

----------------------------------

[INFO]Current Time:       30.00 s

[P]index Load Factor:   18.7920 %

[P]slabs Load Factor:   16.4430 %

[P]Get Hit Rate:         9.3330 %

[P]rx packet:       28631.618 / s

[P]Throughput:      1474366.327 ops

[P]Valid Entries:   744034.115 / s

[P]set success:     744233.084 / s

[P]get found:       68138.570 / s

----------------------------------

[INFO]Current Time:       31.00 s

[P]index Load Factor:   19.4091 %

[P]slabs Load Factor:   16.9829 %

[P]Get Hit Rate:         9.6300 %

[P]rx packet:       27880.736 / s

[P]Throughput:      1436248.868 ops

[P]Valid Entries:   724587.177 / s

[P]set success:     724818.150 / s

[P]get found:       68505.980 / s

----------------------------------

[INFO]Current Time:       32.00 s

[P]index Load Factor:   20.0331 %

[P]slabs Load Factor:   17.5289 %

[P]Get Hit Rate:         9.8148 %

[P]rx packet:       28201.068 / s

[P]Throughput:      1452449.017 ops

[P]Valid Entries:   732735.832 / s

[P]set success:     732987.806 / s

[P]get found:       70606.660 / s

----------------------------------

[INFO]Current Time:       33.00 s

[P]index Load Factor:   20.6196 %

[P]slabs Load Factor:   18.0421 %

[P]Get Hit Rate:         10.1625 %

[P]rx packet:       26513.244 / s

[P]Throughput:      1365988.005 ops

[P]Valid Entries:   688713.408 / s

[P]set success:     688978.380 / s

[P]get found:       68792.849 / s

----------------------------------

[INFO]Current Time:       34.01 s

[P]index Load Factor:   21.1914 %

[P]slabs Load Factor:   18.5425 %

[P]Get Hit Rate:         10.3257 %

[P]rx packet:       25857.287 / s

[P]Throughput:      1331902.278 ops

[P]Valid Entries:   671549.552 / s

[P]set success:     671862.519 / s

[P]get found:       68145.851 / s

----------------------------------

[INFO]Current Time:       35.01 s

[P]index Load Factor:   21.7502 %

[P]slabs Load Factor:   19.0315 %

[P]Get Hit Rate:         10.6241 %

[P]rx packet:       25273.421 / s

[P]Throughput:      1301688.172 ops

[P]Valid Entries:   656200.039 / s

[P]set success:     656553.003 / s

[P]get found:       68528.007 / s

----------------------------------

[INFO]Current Time:       36.01 s

[P]index Load Factor:   22.2949 %

[P]slabs Load Factor:   19.5080 %

[P]Get Hit Rate:         10.8489 %

[P]rx packet:       24625.241 / s

[P]Throughput:      1269254.771 ops

[P]Valid Entries:   639518.338 / s

[P]set success:     639894.296 / s

[P]get found:       68269.350 / s

----------------------------------

[INFO]Current Time:       37.01 s

[P]index Load Factor:   22.8392 %

[P]slabs Load Factor:   19.9843 %

[P]Get Hit Rate:         11.0994 %

[P]rx packet:       24621.587 / s

[P]Throughput:      1268519.698 ops

[P]Valid Entries:   639247.360 / s

[P]set success:     639620.324 / s

[P]get found:       69792.161 / s

----------------------------------

[INFO]Current Time:       38.01 s

[P]index Load Factor:   23.3479 %

[P]slabs Load Factor:   20.4294 %

[P]Get Hit Rate:         11.2913 %

[P]rx packet:       23028.107 / s

[P]Throughput:      1185900.537 ops

[P]Valid Entries:   597334.027 / s

[P]set success:     597802.948 / s

[P]get found:       66386.778 / s

----------------------------------

[INFO]Current Time:       39.01 s

[P]index Load Factor:   23.8636 %

[P]slabs Load Factor:   20.8806 %

[P]Get Hit Rate:         11.5098 %

[P]rx packet:       23325.575 / s

[P]Throughput:      1202069.044 ops

[P]Valid Entries:   605507.057 / s

[P]set success:     605887.018 / s

[P]get found:       68606.868 / s

----------------------------------

[INFO]Current Time:       40.01 s

[P]index Load Factor:   24.3635 %

[P]slabs Load Factor:   21.3181 %

[P]Get Hit Rate:         11.7600 %

[P]rx packet:       22629.626 / s

[P]Throughput:      1165732.710 ops

[P]Valid Entries:   587066.414 / s

[P]set success:     587491.370 / s

[P]get found:       67984.868 / s

----------------------------------

[INFO]Current Time:       41.01 s

[P]index Load Factor:   24.8651 %

[P]slabs Load Factor:   21.7570 %

[P]Get Hit Rate:         11.9868 %

[P]rx packet:       22709.634 / s

[P]Throughput:      1170039.095 ops

[P]Valid Entries:   588992.633 / s

[P]set success:     589469.584 / s

[P]get found:       69572.751 / s

----------------------------------

[INFO]Current Time:       42.01 s

[P]index Load Factor:   25.3457 %

[P]slabs Load Factor:   22.1775 %

[P]Get Hit Rate:         12.1641 %

[P]rx packet:       21773.695 / s

[P]Throughput:      1121894.239 ops

[P]Valid Entries:   564337.260 / s

[P]set success:     564813.210 / s

[P]get found:       67734.830 / s

----------------------------------

[INFO]Current Time:       43.01 s

[P]index Load Factor:   25.8530 %

[P]slabs Load Factor:   22.6214 %

[P]Get Hit Rate:         12.4047 %

[P]rx packet:       22977.518 / s

[P]Throughput:      1183615.165 ops

[P]Valid Entries:   595770.655 / s

[P]set success:     596225.605 / s

[P]get found:       72845.132 / s

----------------------------------

[INFO]Current Time:       44.01 s

[P]index Load Factor:   26.3307 %

[P]slabs Load Factor:   23.0394 %

[P]Get Hit Rate:         12.5740 %

[P]rx packet:       21652.469 / s

[P]Throughput:      1115457.093 ops

[P]Valid Entries:   560927.525 / s

[P]set success:     561510.430 / s

[P]get found:       69625.646 / s

----------------------------------

[INFO]Current Time:       45.01 s

[P]index Load Factor:   26.8116 %

[P]slabs Load Factor:   23.4602 %

[P]Get Hit Rate:         12.7810 %

[P]rx packet:       21808.662 / s

[P]Throughput:      1122820.136 ops

[P]Valid Entries:   564679.567 / s

[P]set success:     565254.479 / s

[P]get found:       71234.097 / s

----------------------------------

[INFO]Current Time:       46.01 s

[P]index Load Factor:   27.2786 %

[P]slabs Load Factor:   23.8688 %

[P]Get Hit Rate:         12.9980 %

[P]rx packet:       21184.717 / s

[P]Throughput:      1091022.922 ops

[P]Valid Entries:   548305.028 / s

[P]set success:     548955.927 / s

[P]get found:       70424.086 / s

----------------------------------

[INFO]Current Time:       47.01 s

[P]index Load Factor:   27.7512 %

[P]slabs Load Factor:   24.2823 %

[P]Get Hit Rate:         13.1936 %

[P]rx packet:       21420.640 / s

[P]Throughput:      1103389.901 ops

[P]Valid Entries:   555019.929 / s

[P]set success:     555584.840 / s

[P]get found:       72245.666 / s

----------------------------------

[INFO]Current Time:       48.01 s

[P]index Load Factor:   28.2051 %

[P]slabs Load Factor:   24.6795 %

[P]Get Hit Rate:         13.4637 %

[P]rx packet:       20552.790 / s

[P]Throughput:      1059347.568 ops

[P]Valid Entries:   532978.768 / s

[P]set success:     533495.687 / s

[P]get found:       70776.947 / s

----------------------------------

[INFO]Current Time:       49.01 s

[P]index Load Factor:   28.6468 %

[P]slabs Load Factor:   25.0659 %

[P]Get Hit Rate:         13.6138 %

[P]rx packet:       20004.723 / s

[P]Throughput:      1031236.090 ops

[P]Valid Entries:   518554.064 / s

[P]set success:     519037.985 / s

[P]get found:       69713.581 / s

----------------------------------

[INFO]Current Time:       50.01 s

[P]index Load Factor:   29.0921 %

[P]slabs Load Factor:   25.4556 %

[P]Get Hit Rate:         13.8345 %

[P]rx packet:       20175.416 / s

[P]Throughput:      1039764.752 ops

[P]Valid Entries:   522870.197 / s

[P]set success:     523357.087 / s

[P]get found:       71415.773 / s

----------------------------------

[INFO]Current Time:       51.01 s

[P]index Load Factor:   29.5369 %

[P]slabs Load Factor:   25.8448 %

[P]Get Hit Rate:         13.9682 %

[P]rx packet:       20152.877 / s

[P]Throughput:      1038787.017 ops

[P]Valid Entries:   522275.062 / s

[P]set success:     522755.987 / s

[P]get found:       72057.833 / s

----------------------------------

[INFO]Current Time:       52.01 s

[P]index Load Factor:   29.9774 %

[P]slabs Load Factor:   26.2302 %

[P]Get Hit Rate:         14.1335 %

[P]rx packet:       19964.906 / s

[P]Throughput:      1028601.595 ops

[P]Valid Entries:   517295.834 / s

[P]set success:     517768.760 / s

[P]get found:       72174.815 / s

----------------------------------

[INFO]Current Time:       53.01 s

[P]index Load Factor:   30.4146 %

[P]slabs Load Factor:   26.6128 %

[P]Get Hit Rate:         14.4066 %

[P]rx packet:       19820.891 / s

[P]Throughput:      1021553.739 ops

[P]Valid Entries:   513380.461 / s

[P]set success:     513970.369 / s

[P]get found:       73099.532 / s

----------------------------------

[INFO]Current Time:       54.01 s

[P]index Load Factor:   30.8355 %

[P]slabs Load Factor:   26.9811 %

[P]Get Hit Rate:         14.5209 %

[P]rx packet:       19085.079 / s

[P]Throughput:      983345.484 ops

[P]Valid Entries:   494251.348 / s

[P]set success:     494768.268 / s

[P]get found:       70918.145 / s

----------------------------------

[INFO]Current Time:       55.01 s

[P]index Load Factor:   31.2603 %

[P]slabs Load Factor:   27.3528 %

[P]Get Hit Rate:         14.7595 %

[P]rx packet:       19264.665 / s

[P]Throughput:      992709.170 ops

[P]Valid Entries:   498808.660 / s

[P]set success:     499331.570 / s

[P]get found:       72792.400 / s

----------------------------------

[INFO]Current Time:       56.01 s

[P]index Load Factor:   31.6813 %

[P]slabs Load Factor:   27.7212 %

[P]Get Hit Rate:         14.8613 %

[P]rx packet:       19096.927 / s

[P]Throughput:      983828.670 ops

[P]Valid Entries:   494335.445 / s

[P]set success:     494861.361 / s

[P]get found:       72635.311 / s

----------------------------------

[INFO]Current Time:       57.01 s

[P]index Load Factor:   32.0988 %

[P]slabs Load Factor:   28.0865 %

[P]Get Hit Rate:         15.1109 %

[P]rx packet:       18936.970 / s

[P]Throughput:      975792.894 ops

[P]Valid Entries:   490209.577 / s

[P]set success:     490738.492 / s

[P]get found:       73265.279 / s

----------------------------------

[INFO]Current Time:       58.01 s

[P]index Load Factor:   32.5153 %

[P]slabs Load Factor:   28.4509 %

[P]Get Hit Rate:         15.2722 %

[P]rx packet:       18889.055 / s

[P]Throughput:      973442.215 ops

[P]Valid Entries:   489030.748 / s

[P]set success:     489544.667 / s

[P]get found:       73870.482 / s

----------------------------------

[INFO]Current Time:       59.01 s

[P]index Load Factor:   32.9195 %

[P]slabs Load Factor:   28.8046 %

[P]Get Hit Rate:         15.5190 %

[P]rx packet:       18338.094 / s

[P]Throughput:      945061.760 ops

[P]Valid Entries:   474681.657 / s

[P]set success:     475146.608 / s

[P]get found:       72896.422 / s

----------------------------------

[INFO]Current Time:       60.01 s

[P]index Load Factor:   33.3285 %

[P]slabs Load Factor:   29.1624 %

[P]Get Hit Rate:         15.5711 %

[P]rx packet:       18541.122 / s

[P]Throughput:      956004.618 ops

[P]Valid Entries:   480203.467 / s

[P]set success:     480686.392 / s

[P]get found:       73980.517 / s

----------------------------------

[INFO]Current Time:       61.01 s

[P]index Load Factor:   33.7361 %

[P]slabs Load Factor:   29.5191 %

[P]Get Hit Rate:         15.8138 %

[P]rx packet:       18492.028 / s

[P]Throughput:      953073.265 ops

[P]Valid Entries:   478680.172 / s

[P]set success:     479173.066 / s

[P]get found:       74907.909 / s

----------------------------------

[INFO]Current Time:       62.01 s

[P]index Load Factor:   34.1448 %

[P]slabs Load Factor:   29.8767 %

[P]Get Hit Rate:         15.9708 %

[P]rx packet:       18541.127 / s

[P]Throughput:      955359.946 ops

[P]Valid Entries:   479892.630 / s

[P]set success:     480391.553 / s

[P]get found:       75823.250 / s

----------------------------------

[INFO]Current Time:       63.01 s

[P]index Load Factor:   34.5457 %

[P]slabs Load Factor:   30.2275 %

[P]Get Hit Rate:         16.0919 %

[P]rx packet:       18201.158 / s

[P]Throughput:      937654.572 ops

[P]Valid Entries:   470685.496 / s

[P]set success:     471223.412 / s

[P]get found:       75016.285 / s

----------------------------------

[INFO]Current Time:       64.01 s

[P]index Load Factor:   34.9525 %

[P]slabs Load Factor:   30.5834 %

[P]Get Hit Rate:         16.2808 %

[P]rx packet:       18469.120 / s

[P]Throughput:      951415.650 ops

[P]Valid Entries:   477684.517 / s

[P]set success:     478242.430 / s

[P]get found:       76996.994 / s

----------------------------------

[INFO]Current Time:       65.01 s

[P]index Load Factor:   35.3525 %

[P]slabs Load Factor:   30.9335 %

[P]Get Hit Rate:         16.5233 %

[P]rx packet:       18157.203 / s

[P]Throughput:      935536.910 ops

[P]Valid Entries:   469709.656 / s

[P]set success:     470267.570 / s

[P]get found:       76841.165 / s

----------------------------------

[INFO]Current Time:       66.01 s

[P]index Load Factor:   35.7474 %

[P]slabs Load Factor:   31.2790 %

[P]Get Hit Rate:         16.6220 %

[P]rx packet:       17925.256 / s

[P]Throughput:      923946.576 ops

[P]Valid Entries:   463672.028 / s

[P]set success:     464199.947 / s

[P]get found:       76376.309 / s

----------------------------------

[INFO]Current Time:       67.01 s

[P]index Load Factor:   36.1501 %

[P]slabs Load Factor:   31.6313 %

[P]Get Hit Rate:         16.7570 %

[P]rx packet:       18273.151 / s

[P]Throughput:      941794.150 ops

[P]Valid Entries:   472829.274 / s

[P]set success:     473384.187 / s

[P]get found:       78455.767 / s

----------------------------------

[INFO]Current Time:       68.01 s

[P]index Load Factor:   36.5459 %

[P]slabs Load Factor:   31.9777 %

[P]Get Hit Rate:         16.9370 %

[P]rx packet:       17977.197 / s

[P]Throughput:      926124.593 ops

[P]Valid Entries:   464805.525 / s

[P]set success:     465352.440 / s

[P]get found:       78002.837 / s

----------------------------------

[INFO]Current Time:       69.01 s

[P]index Load Factor:   36.9370 %

[P]slabs Load Factor:   32.3199 %

[P]Get Hit Rate:         17.2051 %

[P]rx packet:       17761.209 / s

[P]Throughput:      915082.224 ops

[P]Valid Entries:   459236.846 / s

[P]set success:     459798.757 / s

[P]get found:       78289.699 / s

----------------------------------

[INFO]Current Time:       70.01 s

[P]index Load Factor:   37.3260 %

[P]slabs Load Factor:   32.6602 %

[P]Get Hit Rate:         17.2731 %

[P]rx packet:       17669.262 / s

[P]Throughput:      910212.942 ops

[P]Valid Entries:   456727.220 / s

[P]set success:     457223.143 / s

[P]get found:       78197.882 / s

----------------------------------

[INFO]Current Time:       71.01 s

[P]index Load Factor:   37.7153 %

[P]slabs Load Factor:   33.0009 %

[P]Get Hit Rate:         17.3990 %

[P]rx packet:       17689.221 / s

[P]Throughput:      911158.841 ops

[P]Valid Entries:   457143.175 / s

[P]set success:     457638.097 / s

[P]get found:       78860.610 / s

----------------------------------

[INFO]Current Time:       72.01 s

[P]index Load Factor:   38.1000 %

[P]slabs Load Factor:   33.3375 %

[P]Get Hit Rate:         17.6694 %

[P]rx packet:       17477.258 / s

[P]Throughput:      900642.708 ops

[P]Valid Entries:   451714.135 / s

[P]set success:     452223.056 / s

[P]get found:       79182.578 / s

----------------------------------

[INFO]Current Time:       73.01 s

[P]index Load Factor:   38.4901 %

[P]slabs Load Factor:   33.6788 %

[P]Get Hit Rate:         17.8359 %

[P]rx packet:       17716.228 / s

[P]Throughput:      912963.623 ops

[P]Valid Entries:   458019.484 / s

[P]set success:     458521.377 / s

[P]get found:       81003.754 / s

----------------------------------

[INFO]Current Time:       74.01 s

[P]index Load Factor:   38.8798 %

[P]slabs Load Factor:   34.0199 %

[P]Get Hit Rate:         17.9295 %

[P]rx packet:       17709.218 / s

[P]Throughput:      912518.627 ops

[P]Valid Entries:   457702.087 / s

[P]set success:     458238.003 / s

[P]get found:       81395.211 / s

----------------------------------

[INFO]Current Time:       75.01 s

[P]index Load Factor:   39.2603 %

[P]slabs Load Factor:   34.3528 %

[P]Get Hit Rate:         18.2109 %

[P]rx packet:       17281.355 / s

[P]Throughput:      890414.709 ops

[P]Valid Entries:   446726.622 / s

[P]set success:     447208.548 / s

[P]get found:       80666.653 / s

----------------------------------

[INFO]Current Time:       76.01 s

[P]index Load Factor:   39.6425 %

[P]slabs Load Factor:   34.6872 %

[P]Get Hit Rate:         18.2518 %

[P]rx packet:       17365.325 / s

[P]Throughput:      894863.175 ops

[P]Valid Entries:   448851.869 / s

[P]set success:     449326.795 / s

[P]get found:       81273.482 / s

----------------------------------

[INFO]Current Time:       77.01 s

[P]index Load Factor:   40.0234 %

[P]slabs Load Factor:   35.0205 %

[P]Get Hit Rate:         18.3551 %

[P]rx packet:       17329.352 / s

[P]Throughput:      892117.661 ops

[P]Valid Entries:   447251.648 / s

[P]set success:     447802.564 / s

[P]get found:       81508.543 / s

----------------------------------

[INFO]Current Time:       78.01 s

[P]index Load Factor:   40.4011 %

[P]slabs Load Factor:   35.3510 %

[P]Get Hit Rate:         18.5256 %

[P]rx packet:       17165.303 / s

[P]Throughput:      884756.989 ops

[P]Valid Entries:   443485.321 / s

[P]set success:     444057.231 / s

[P]get found:       81589.181 / s

----------------------------------

[INFO]Current Time:       79.01 s

[P]index Load Factor:   40.7809 %

[P]slabs Load Factor:   35.6833 %

[P]Get Hit Rate:         18.7862 %

[P]rx packet:       17253.310 / s

[P]Throughput:      889615.286 ops

[P]Valid Entries:   445906.472 / s

[P]set success:     446434.389 / s

[P]get found:       83204.026 / s

----------------------------------

[INFO]Current Time:       80.01 s

[P]index Load Factor:   41.1599 %

[P]slabs Load Factor:   36.0149 %

[P]Get Hit Rate:         18.9206 %

[P]rx packet:       17212.934 / s

[P]Throughput:      887362.962 ops

[P]Valid Entries:   445050.737 / s

[P]set success:     445575.644 / s

[P]get found:       83545.121 / s

----------------------------------

[INFO]Current Time:       81.01 s

[P]index Load Factor:   41.5387 %

[P]slabs Load Factor:   36.3464 %

[P]Get Hit Rate:         18.9327 %

[P]rx packet:       17205.317 / s

[P]Throughput:      886844.718 ops

[P]Valid Entries:   444830.639 / s

[P]set success:     445372.555 / s

[P]get found:       83531.975 / s

----------------------------------

[INFO]Current Time:       82.01 s

[P]index Load Factor:   41.9179 %

[P]slabs Load Factor:   36.6782 %

[P]Get Hit Rate:         19.0858 %

[P]rx packet:       17213.332 / s

[P]Throughput:      887664.437 ops

[P]Valid Entries:   445258.997 / s

[P]set success:     445739.923 / s

[P]get found:       84299.936 / s

----------------------------------

[INFO]Current Time:       83.01 s

[P]index Load Factor:   42.2890 %

[P]slabs Load Factor:   37.0028 %

[P]Get Hit Rate:         19.3160 %

[P]rx packet:       16853.352 / s

[P]Throughput:      868703.511 ops

[P]Valid Entries:   435680.547 / s

[P]set success:     436133.476 / s

[P]get found:       83500.881 / s

----------------------------------

[INFO]Current Time:       84.01 s

[P]index Load Factor:   42.6611 %

[P]slabs Load Factor:   37.3285 %

[P]Get Hit Rate:         19.4423 %

[P]rx packet:       16896.387 / s

[P]Throughput:      871342.653 ops

[P]Valid Entries:   436958.551 / s

[P]set success:     437448.447 / s

[P]get found:       84313.968 / s

----------------------------------

[INFO]Current Time:       85.01 s

[P]index Load Factor:   43.0327 %

[P]slabs Load Factor:   37.6536 %

[P]Get Hit Rate:         19.4948 %

[P]rx packet:       16861.403 / s

[P]Throughput:      869611.064 ops

[P]Valid Entries:   436289.803 / s

[P]set success:     436767.730 / s

[P]get found:       84338.010 / s

----------------------------------

[INFO]Current Time:       86.01 s

[P]index Load Factor:   43.4027 %

[P]slabs Load Factor:   37.9774 %

[P]Get Hit Rate:         19.7533 %

[P]rx packet:       16805.396 / s

[P]Throughput:      866296.748 ops

[P]Valid Entries:   434513.663 / s

[P]set success:     434963.593 / s

[P]get found:       85152.804 / s

----------------------------------

[INFO]Current Time:       87.01 s

[P]index Load Factor:   43.7742 %

[P]slabs Load Factor:   38.3024 %

[P]Get Hit Rate:         19.9167 %

[P]rx packet:       16857.367 / s

[P]Throughput:      869654.191 ops

[P]Valid Entries:   436162.887 / s

[P]set success:     436655.810 / s

[P]get found:       86191.540 / s

----------------------------------

[INFO]Current Time:       88.01 s

[P]index Load Factor:   44.1433 %

[P]slabs Load Factor:   38.6254 %

[P]Get Hit Rate:         19.8642 %

[P]rx packet:       16773.385 / s

[P]Throughput:      864484.205 ops

[P]Valid Entries:   433483.409 / s

[P]set success:     433968.333 / s

[P]get found:       85469.673 / s

----------------------------------

[INFO]Current Time:       89.01 s

[P]index Load Factor:   44.5124 %

[P]slabs Load Factor:   38.9483 %

[P]Get Hit Rate:         20.0448 %

[P]rx packet:       16765.370 / s

[P]Throughput:      864254.416 ops

[P]Valid Entries:   433367.014 / s

[P]set success:     433866.935 / s

[P]get found:       86218.474 / s

----------------------------------

[INFO]Current Time:       90.01 s

[P]index Load Factor:   44.8817 %

[P]slabs Load Factor:   39.2715 %

[P]Get Hit Rate:         20.2298 %

[P]rx packet:       16773.381 / s

[P]Throughput:      864811.947 ops

[P]Valid Entries:   433693.273 / s

[P]set success:     434192.195 / s

[P]get found:       87058.405 / s

----------------------------------

[INFO]Current Time:       91.01 s

[P]index Load Factor:   45.2516 %

[P]slabs Load Factor:   39.5952 %

[P]Get Hit Rate:         20.3696 %

[P]rx packet:       16797.433 / s

[P]Throughput:      866215.619 ops

[P]Valid Entries:   434335.622 / s

[P]set success:     434812.549 / s

[P]get found:       87817.579 / s

----------------------------------

[INFO]Current Time:       92.01 s

[P]index Load Factor:   45.6168 %

[P]slabs Load Factor:   39.9147 %

[P]Get Hit Rate:         20.4830 %

[P]rx packet:       16589.409 / s

[P]Throughput:      855491.403 ops

[P]Valid Entries:   428842.030 / s

[P]set success:     429393.944 / s

[P]get found:       87217.380 / s

----------------------------------

[INFO]Current Time:       93.01 s

[P]index Load Factor:   45.9776 %

[P]slabs Load Factor:   40.2304 %

[P]Get Hit Rate:         20.6189 %

[P]rx packet:       16401.443 / s

[P]Throughput:      845244.205 ops

[P]Valid Entries:   423612.948 / s

[P]set success:     424111.870 / s

[P]get found:       86780.469 / s

----------------------------------

[INFO]Current Time:       94.01 s

[P]index Load Factor:   46.3359 %

[P]slabs Load Factor:   40.5439 %

[P]Get Hit Rate:         20.8124 %

[P]rx packet:       16281.477 / s

[P]Throughput:      839471.905 ops

[P]Valid Entries:   420694.804 / s

[P]set success:     421131.736 / s

[P]get found:       87002.517 / s

----------------------------------

[INFO]Current Time:       95.01 s

[P]index Load Factor:   46.6984 %

[P]slabs Load Factor:   40.8611 %

[P]Get Hit Rate:         20.9094 %

[P]rx packet:       16481.430 / s

[P]Throughput:      849457.548 ops

[P]Valid Entries:   425711.621 / s

[P]set success:     426266.534 / s

[P]get found:       88429.212 / s

----------------------------------

[INFO]Current Time:       96.01 s

[P]index Load Factor:   47.0581 %

[P]slabs Load Factor:   41.1758 %

[P]Get Hit Rate:         20.8487 %

[P]rx packet:       16356.416 / s

[P]Throughput:      842868.322 ops

[P]Valid Entries:   422305.470 / s

[P]set success:     422833.354 / s

[P]get found:       87517.824 / s

----------------------------------

[INFO]Current Time:       97.01 s

[P]index Load Factor:   47.4142 %

[P]slabs Load Factor:   41.4874 %

[P]Get Hit Rate:         21.0399 %

[P]rx packet:       16201.505 / s

[P]Throughput:      834939.404 ops

[P]Valid Entries:   418158.596 / s

[P]set success:     418724.509 / s

[P]get found:       87508.522 / s

----------------------------------

[INFO]Current Time:       98.01 s

[P]index Load Factor:   47.7672 %

[P]slabs Load Factor:   41.7963 %

[P]Get Hit Rate:         21.2899 %

[P]rx packet:       16065.399 / s

[P]Throughput:      827636.017 ops

[P]Valid Entries:   414513.896 / s

[P]set success:     415051.809 / s

[P]get found:       87766.792 / s

----------------------------------

[INFO]Current Time:       99.02 s

[P]index Load Factor:   48.1256 %

[P]slabs Load Factor:   42.1099 %

[P]Get Hit Rate:         21.3464 %

[P]rx packet:       16289.472 / s

[P]Throughput:      839577.689 ops

[P]Valid Entries:   420811.686 / s

[P]set success:     421266.615 / s

[P]get found:       89238.149 / s

----------------------------------

[INFO]Current Time:       100.02 s

[P]index Load Factor:   48.4835 %

[P]slabs Load Factor:   42.4230 %

[P]Get Hit Rate:         21.5226 %

[P]rx packet:       16253.466 / s

[P]Throughput:      838105.318 ops

[P]Valid Entries:   420225.476 / s

[P]set success:     420696.403 / s

[P]get found:       89784.000 / s

----------------------------------

[INFO]Current Time:       101.02 s

[P]index Load Factor:   48.8359 %

[P]slabs Load Factor:   42.7314 %

[P]Get Hit Rate:         21.6870 %

[P]rx packet:       16005.520 / s

[P]Throughput:      825362.092 ops

[P]Valid Entries:   413804.872 / s

[P]set success:     414299.795 / s

[P]get found:       89099.192 / s

----------------------------------

[INFO]Current Time:       102.02 s

[P]index Load Factor:   49.1877 %

[P]slabs Load Factor:   43.0392 %

[P]Get Hit Rate:         21.7405 %

[P]rx packet:       15977.539 / s

[P]Throughput:      823979.092 ops

[P]Valid Entries:   413097.375 / s

[P]set success:     413533.308 / s

[P]get found:       89179.265 / s

----------------------------------

[INFO]Current Time:       103.02 s

[P]index Load Factor:   49.5396 %

[P]slabs Load Factor:   43.3472 %

[P]Get Hit Rate:         21.8698 %

[P]rx packet:       15985.538 / s

[P]Throughput:      824246.051 ops

[P]Valid Entries:   413240.353 / s

[P]set success:     413654.290 / s

[P]get found:       89742.178 / s

----------------------------------

[INFO]Current Time:       104.02 s

[P]index Load Factor:   49.8917 %

[P]slabs Load Factor:   43.6552 %

[P]Get Hit Rate:         21.9154 %

[P]rx packet:       15977.539 / s

[P]Throughput:      824514.010 ops

[P]Valid Entries:   413408.328 / s

[P]set success:     413861.258 / s

[P]get found:       89949.146 / s

----------------------------------

[INFO]Current Time:       105.02 s

[P]index Load Factor:   50.2431 %

[P]slabs Load Factor:   43.9627 %

[P]Get Hit Rate:         21.9947 %

[P]rx packet:       15949.498 / s

[P]Throughput:      823064.878 ops

[P]Valid Entries:   412656.263 / s

[P]set success:     413105.192 / s

[P]get found:       90124.861 / s

----------------------------------

[INFO]Current Time:       106.02 s

[P]index Load Factor:   50.5949 %

[P]slabs Load Factor:   44.2706 %

[P]Get Hit Rate:         22.1423 %

[P]rx packet:       15981.523 / s

[P]Throughput:      823841.328 ops

[P]Valid Entries:   413111.979 / s

[P]set success:     413557.910 / s

[P]get found:       90795.929 / s

----------------------------------

[INFO]Current Time:       107.02 s

[P]index Load Factor:   50.9484 %

[P]slabs Load Factor:   44.5799 %

[P]Get Hit Rate:         22.3363 %

[P]rx packet:       16053.527 / s

[P]Throughput:      827833.498 ops

[P]Valid Entries:   415023.079 / s

[P]set success:     415434.016 / s

[P]get found:       92056.822 / s

----------------------------------

[INFO]Current Time:       108.02 s

[P]index Load Factor:   51.2976 %

[P]slabs Load Factor:   44.8854 %

[P]Get Hit Rate:         22.4942 %

[P]rx packet:       15852.685 / s

[P]Throughput:      817856.992 ops

[P]Valid Entries:   410111.249 / s

[P]set success:     410524.162 / s

[P]get found:       91573.853 / s

----------------------------------

[INFO]Current Time:       109.02 s

[P]index Load Factor:   51.6481 %

[P]slabs Load Factor:   45.1921 %

[P]Get Hit Rate:         22.4509 %

[P]rx packet:       15910.331 / s

[P]Throughput:      820819.893 ops

[P]Valid Entries:   411549.827 / s

[P]set success:     411989.781 / s

[P]get found:       91735.377 / s

----------------------------------

[INFO]Current Time:       110.02 s

[P]index Load Factor:   51.9928 %

[P]slabs Load Factor:   45.4937 %

[P]Get Hit Rate:         22.6716 %

[P]rx packet:       15654.369 / s

[P]Throughput:      807373.881 ops

[P]Valid Entries:   404713.833 / s

[P]set success:     405168.786 / s

[P]get found:       91127.506 / s

----------------------------------

[INFO]Current Time:       111.02 s

[P]index Load Factor:   52.3401 %

[P]slabs Load Factor:   45.7976 %

[P]Get Hit Rate:         22.7034 %

[P]rx packet:       15773.589 / s

[P]Throughput:      813480.679 ops

[P]Valid Entries:   407807.676 / s

[P]set success:     408287.603 / s

[P]get found:       91940.949 / s

----------------------------------

[INFO]Current Time:       112.02 s

[P]index Load Factor:   52.6837 %

[P]slabs Load Factor:   46.0982 %

[P]Get Hit Rate:         22.7868 %

[P]rx packet:       15601.582 / s

[P]Throughput:      804892.264 ops

[P]Valid Entries:   403507.468 / s

[P]set success:     403975.395 / s

[P]get found:       91303.850 / s

----------------------------------

[INFO]Current Time:       113.02 s

[P]index Load Factor:   53.0293 %

[P]slabs Load Factor:   46.4007 %

[P]Get Hit Rate:         22.9208 %

[P]rx packet:       15693.568 / s

[P]Throughput:      809472.554 ops

[P]Valid Entries:   405855.104 / s

[P]set success:     406277.038 / s

[P]get found:       92367.686 / s

----------------------------------

[INFO]Current Time:       114.02 s

[P]index Load Factor:   53.3741 %

[P]slabs Load Factor:   46.7023 %

[P]Get Hit Rate:         22.8862 %

[P]rx packet:       15657.570 / s

[P]Throughput:      807489.669 ops

[P]Valid Entries:   404821.168 / s

[P]set success:     405284.096 / s

[P]get found:       92005.720 / s

----------------------------------

[INFO]Current Time:       115.02 s

[P]index Load Factor:   53.7178 %

[P]slabs Load Factor:   47.0031 %

[P]Get Hit Rate:         23.0882 %

[P]rx packet:       15609.566 / s

[P]Throughput:      805153.456 ops

[P]Valid Entries:   403556.075 / s

[P]set success:     404010.004 / s

[P]get found:       92564.567 / s

----------------------------------

[INFO]Current Time:       116.02 s

[P]index Load Factor:   54.0592 %

[P]slabs Load Factor:   47.3018 %

[P]Get Hit Rate:         23.2944 %

[P]rx packet:       15513.596 / s

[P]Throughput:      799837.048 ops

[P]Valid Entries:   400909.870 / s

[P]set success:     401324.806 / s

[P]get found:       92786.621 / s

----------------------------------

[INFO]Current Time:       117.02 s

[P]index Load Factor:   54.4007 %

[P]slabs Load Factor:   47.6006 %

[P]Get Hit Rate:         23.4073 %

[P]rx packet:       15517.610 / s

[P]Throughput:      800331.734 ops

[P]Valid Entries:   401034.233 / s

[P]set success:     401427.173 / s

[P]get found:       93313.628 / s

----------------------------------

[INFO]Current Time:       118.02 s

[P]index Load Factor:   54.7387 %

[P]slabs Load Factor:   47.8963 %

[P]Get Hit Rate:         23.4602 %

[P]rx packet:       15373.618 / s

[P]Throughput:      792348.208 ops

[P]Valid Entries:   396795.508 / s

[P]set success:     397205.444 / s

[P]get found:       92632.645 / s

----------------------------------

[INFO]Current Time:       119.02 s

[P]index Load Factor:   55.0771 %

[P]slabs Load Factor:   48.1925 %

[P]Get Hit Rate:         23.4856 %

[P]rx packet:       15392.752 / s

[P]Throughput:      793595.551 ops

[P]Valid Entries:   397404.148 / s

[P]set success:     397899.043 / s

[P]get found:       92870.404 / s

----------------------------------

[INFO]Current Time:       120.02 s

[P]index Load Factor:   55.4165 %

[P]slabs Load Factor:   48.4895 %

[P]Get Hit Rate:         23.5547 %

[P]rx packet:       15409.612 / s

[P]Throughput:      795065.787 ops

[P]Valid Entries:   398535.238 / s

[P]set success:     398962.172 / s

[P]get found:       93250.549 / s

----------------------------------

[INFO]Current Time:       121.02 s

[P]index Load Factor:   55.7535 %

[P]slabs Load Factor:   48.7843 %

[P]Get Hit Rate:         23.7578 %

[P]rx packet:       15301.614 / s

[P]Throughput:      789177.947 ops

[P]Valid Entries:   395634.310 / s

[P]set success:     396016.251 / s

[P]get found:       93360.443 / s

----------------------------------

[INFO]Current Time:       122.02 s

[P]index Load Factor:   56.0905 %

[P]slabs Load Factor:   49.0792 %

[P]Get Hit Rate:         23.7730 %

[P]rx packet:       15297.276 / s

[P]Throughput:      789464.397 ops

[P]Valid Entries:   395761.515 / s

[P]set success:     396175.442 / s

[P]get found:       93449.357 / s

----------------------------------

[INFO]Current Time:       123.02 s

[P]index Load Factor:   56.4279 %

[P]slabs Load Factor:   49.3745 %

[P]Get Hit Rate:         23.8034 %

[P]rx packet:       15317.641 / s

[P]Throughput:      790324.276 ops

[P]Valid Entries:   396239.972 / s

[P]set success:     396602.916 / s

[P]get found:       93670.573 / s

----------------------------------

[INFO]Current Time:       124.02 s

[P]index Load Factor:   56.7593 %

[P]slabs Load Factor:   49.6644 %

[P]Get Hit Rate:         23.9817 %

[P]rx packet:       15033.624 / s

[P]Throughput:      775847.361 ops

[P]Valid Entries:   389059.501 / s

[P]set success:     389437.441 / s

[P]get found:       92618.360 / s

----------------------------------

[INFO]Current Time:       125.02 s

[P]index Load Factor:   57.0961 %

[P]slabs Load Factor:   49.9591 %

[P]Get Hit Rate:         23.9714 %

[P]rx packet:       15285.617 / s

[P]Throughput:      788859.996 ops

[P]Valid Entries:   395525.327 / s

[P]set success:     395937.263 / s

[P]get found:       94147.320 / s

----------------------------------

[INFO]Current Time:       126.02 s

[P]index Load Factor:   57.4321 %

[P]slabs Load Factor:   50.2531 %

[P]Get Hit Rate:         24.0691 %

[P]rx packet:       15249.622 / s

[P]Throughput:      787175.259 ops

[P]Valid Entries:   394505.486 / s

[P]set success:     394933.420 / s

[P]get found:       94358.287 / s

----------------------------------

[INFO]Current Time:       127.02 s

[P]index Load Factor:   57.7672 %

[P]slabs Load Factor:   50.5463 %

[P]Get Hit Rate:         24.1964 %

[P]rx packet:       15217.656 / s

[P]Throughput:      785148.073 ops

[P]Valid Entries:   393525.390 / s

[P]set success:     393979.320 / s

[P]get found:       94595.431 / s

----------------------------------

[INFO]Current Time:       128.02 s

[P]index Load Factor:   58.1009 %

[P]slabs Load Factor:   50.8383 %

[P]Get Hit Rate:         24.3472 %

[P]rx packet:       15153.225 / s

[P]Throughput:      782016.808 ops

[P]Valid Entries:   391832.253 / s

[P]set success:     392292.169 / s

[P]get found:       94832.636 / s

----------------------------------

[INFO]Current Time:       129.02 s

[P]index Load Factor:   58.4336 %

[P]slabs Load Factor:   51.1294 %

[P]Get Hit Rate:         24.2860 %

[P]rx packet:       15109.644 / s

[P]Throughput:      779442.465 ops

[P]Valid Entries:   390599.096 / s

[P]set success:     391071.022 / s

[P]get found:       94270.301 / s

----------------------------------

[INFO]Current Time:       130.02 s

[P]index Load Factor:   58.7644 %

[P]slabs Load Factor:   51.4188 %

[P]Get Hit Rate:         24.5455 %

[P]rx packet:       15013.641 / s

[P]Throughput:      774894.250 ops

[P]Valid Entries:   388403.975 / s

[P]set success:     388823.909 / s

[P]get found:       94705.120 / s

----------------------------------

[INFO]Current Time:       131.02 s

[P]index Load Factor:   59.0943 %

[P]slabs Load Factor:   51.7075 %

[P]Get Hit Rate:         24.6160 %

[P]rx packet:       14980.857 / s

[P]Throughput:      772834.853 ops

[P]Valid Entries:   387353.730 / s

[P]set success:     387781.640 / s

[P]get found:       94733.124 / s

----------------------------------

[INFO]Current Time:       132.02 s

[P]index Load Factor:   59.4241 %

[P]slabs Load Factor:   51.9960 %

[P]Get Hit Rate:         24.7084 %

[P]rx packet:       14973.647 / s

[P]Throughput:      772607.610 ops

[P]Valid Entries:   387250.156 / s

[P]set success:     387642.095 / s

[P]get found:       95070.063 / s

----------------------------------

[INFO]Current Time:       133.02 s

[P]index Load Factor:   59.7556 %

[P]slabs Load Factor:   52.2862 %

[P]Get Hit Rate:         24.7614 %

[P]rx packet:       15061.652 / s

[P]Throughput:      777016.843 ops

[P]Valid Entries:   389346.291 / s

[P]set success:     389764.226 / s

[P]get found:       95837.057 / s

----------------------------------

[INFO]Current Time:       134.02 s

[P]index Load Factor:   60.0820 %

[P]slabs Load Factor:   52.5718 %

[P]Get Hit Rate:         24.8361 %

[P]rx packet:       14817.704 / s

[P]Throughput:      764809.476 ops

[P]Valid Entries:   383232.610 / s

[P]set success:     383696.538 / s

[P]get found:       94607.339 / s

----------------------------------

[INFO]Current Time:       135.02 s

[P]index Load Factor:   60.4097 %

[P]slabs Load Factor:   52.8585 %

[P]Get Hit Rate:         24.9577 %

[P]rx packet:       14873.709 / s

[P]Throughput:      767569.780 ops

[P]Valid Entries:   384754.741 / s

[P]set success:     385181.675 / s

[P]get found:       95385.309 / s

----------------------------------

[INFO]Current Time:       136.02 s

[P]index Load Factor:   60.7354 %

[P]slabs Load Factor:   53.1435 %

[P]Get Hit Rate:         25.0157 %

[P]rx packet:       14789.708 / s

[P]Throughput:      763188.727 ops

[P]Valid Entries:   382473.727 / s

[P]set success:     382852.669 / s

[P]get found:       95092.263 / s

----------------------------------

[INFO]Current Time:       137.02 s

[P]index Load Factor:   61.0610 %

[P]slabs Load Factor:   53.4284 %

[P]Get Hit Rate:         25.0295 %

[P]rx packet:       14777.502 / s

[P]Throughput:      762678.078 ops

[P]Valid Entries:   382310.375 / s

[P]set success:     382672.314 / s

[P]get found:       95066.930 / s

----------------------------------

[INFO]Current Time:       138.02 s

[P]index Load Factor:   61.3630 %

[P]slabs Load Factor:   53.6926 %

[P]Get Hit Rate:         24.9234 %

[P]rx packet:       13392.924 / s

[P]Throughput:      707335.383 ops

[P]Valid Entries:   354602.047 / s

[P]set success:     354916.998 / s

[P]get found:       87792.395 / s

----------------------------------
[INFO]End rx_queue_3:850636

[INFO]Current Time:       139.02 s

[P]index Load Factor:   61.4681 %

[P]slabs Load Factor:   53.7846 %

[P]Get Hit Rate:         23.5581 %

[P]rx packet:       2767.557 / s

[P]Throughput:      246305.596 ops

[P]Valid Entries:   123460.249 / s

[P]set success:     123463.248 / s

[P]get found:       28939.370 / s

----------------------------------
[INFO]End rx_queue_1:648373
[INFO]End rx_queue_2:645241
[INFO]End rx_queue_0:641717
Finish the job......

valid count:           72188463

Set request:           72230043

Set success:           72240458

Get request:           71185690

Get found:             10058686

Get Hit Rate:          14.130208%

indexs load factor:     61.468110%

slabs load factor:     53.784596%

[INFO] Everything works fine.
deleting piekv......
