[INFO] 单个Log Size为:2 GB
[INFO] 运行proto
[INFO] 运行cleanup
[INFO] 运行reload
[INFO] reload kv size 64
EAL: Probing VFIO support...
EAL: VFIO support initialized
EAL: PCI device 0000:03:00.0 on NUMA socket 0
EAL:   probe driver: 15b3:1017 net_mlx5
WEN: There are 1 device(s) available
starting port 0...
querying port 0...
port 0: 100 Gbps (full-duplex)
Adding UDP filter for each endpoint.
port_id/queue_id/udp_port = 0 0 0
Flow is created with src_port = 0, dst_port = 0
port_id/queue_id/udp_port = 0 1 1
Flow is created with src_port = 0, dst_port = 1
port_id/queue_id/udp_port = 0 2 2
Flow is created with src_port = 0, dst_port = 2
port_id/queue_id/udp_port = 0 3 3
Flow is created with src_port = 0, dst_port = 3
MEM: Initializing pages...
 == [STAT] Workers Start (4 threads in total) == 

[INFO]Current Time:       4.86 s

[P]indexs Load Factor:    0.0485 %

[P]set request:           20629 

[P]get request:           20584 

[P]Get Hit Rate:          1.8704 %

[P]ACC Hit Rate:          1.8704 %

[P]rx packet:             1748.365 / s

[P]Throughput:            44643.972 ops

[P]all request:           41213 o

[P]GetThroughput:         22297.613 ops

[P]SetThroughput:         22346.359 ops

[P]Valid Entries:         22236.951 / s

[P]mica evicted:          0 / s

[P]set success:           22334.443 / s

[P]setsuccess rate:        99.947  %

[P]get found:             417.051 / s

----------------------------------

[INFO]Current Time:       5.85 s

[P]indexs Load Factor:    0.2920 %

[P]set request:           129177 

[P]get request:           129078 

[P]Get Hit Rate:          2.2831 %

[P]ACC Hit Rate:          2.2173 %

[P]rx packet:             8633.256 / s

[P]Throughput:            220004.608 ops

[P]all request:           258255 o

[P]GetThroughput:         109974.936 ops

[P]SetThroughput:         110029.673 ops

[P]Valid Entries:         110038.796 / s

[P]mica evicted:          0 / s

[P]set success:           110449.324 / s

[P]setsuccess rate:       100.381  %

[P]get found:             2510.811 / s

----------------------------------

[INFO]Current Time:       6.83 s

[P]indexs Load Factor:    2.7240 %

[P]set request:           1309481 

[P]get request:           1287857 

[P]Get Hit Rate:          3.1394 %

[P]ACC Hit Rate:          3.0470 %

[P]rx packet:             65904.411 / s

[P]Throughput:            2398417.516 ops

[P]all request:           2597338 o

[P]GetThroughput:         1188173.250 ops

[P]SetThroughput:         1210244.266 ops

[P]Valid Entries:         1181518.621 / s

[P]mica evicted:          0 / s

[P]set success:           1192358.796 / s

[P]setsuccess rate:        98.522  %

[P]get found:             37301.810 / s

----------------------------------

[INFO]Current Time:       7.81 s

[P]indexs Load Factor:    5.4602 %

[P]set request:           2861267 

[P]get request:           2816901 

[P]Get Hit Rate:          4.7857 %

[P]ACC Hit Rate:          3.9908 %

[P]rx packet:             73582.647 / s

[P]Throughput:            3118791.884 ops

[P]all request:           5678168 o

[P]GetThroughput:         1547884.829 ops

[P]SetThroughput:         1570907.055 ops

[P]Valid Entries:         1499352.089 / s

[P]mica evicted:          0 / s

[P]set success:           1576568.972 / s

[P]setsuccess rate:       100.360  %

[P]get found:             74077.672 / s

----------------------------------

[INFO]Current Time:       8.85 s

[P]indexs Load Factor:    8.2659 %

[P]set request:           4456293 

[P]get request:           4428389 

[P]Get Hit Rate:          6.6098 %

[P]ACC Hit Rate:          4.9439 %

[P]rx packet:             71032.625 / s

[P]Throughput:            3101953.070 ops

[P]all request:           8884682 o

[P]GetThroughput:         1558939.131 ops

[P]SetThroughput:         1543013.939 ops

[P]Valid Entries:         1498571.992 / s

[P]mica evicted:          0 / s

[P]set success:           1549024.340 / s

[P]setsuccess rate:       100.390  %

[P]get found:             103042.629 / s

----------------------------------

[INFO]Current Time:       9.91 s

[P]indexs Load Factor:    11.0949 %

[P]set request:           6101818 

[P]get request:           6051528 

[P]Get Hit Rate:          8.7613 %

[P]ACC Hit Rate:          5.9678 %

[P]rx packet:             74017.118 / s

[P]Throughput:            3063153.973 ops

[P]all request:           12153346 o

[P]GetThroughput:         1521087.722 ops

[P]SetThroughput:         1542066.251 ops

[P]Valid Entries:         1484077.757 / s

[P]mica evicted:          0 / s

[P]set success:           1567411.794 / s

[P]setsuccess rate:       101.644  %

[P]get found:             133266.986 / s

----------------------------------

[INFO]Current Time:       11.00 s

[P]indexs Load Factor:    13.9380 %

[P]set request:           7809342 

[P]get request:           7734840 

[P]Get Hit Rate:          10.6470 %

[P]ACC Hit Rate:          6.9861 %

[P]rx packet:             72438.431 / s

[P]Throughput:            3111760.813 ops

[P]all request:           15544182 o

[P]GetThroughput:         1544770.764 ops

[P]SetThroughput:         1566990.049 ops

[P]Valid Entries:         1459220.275 / s

[P]mica evicted:          0 / s

[P]set success:           1517906.095 / s

[P]setsuccess rate:        96.868  %

[P]get found:             164472.451 / s

----------------------------------

[INFO]Current Time:       12.11 s

[P]indexs Load Factor:    16.7597 %

[P]set request:           9506154 

[P]get request:           9447992 

[P]Get Hit Rate:          12.4479 %

[P]ACC Hit Rate:          7.9765 %

[P]rx packet:             72335.673 / s

[P]Throughput:            3094066.078 ops

[P]all request:           18954146 o

[P]GetThroughput:         1554446.173 ops

[P]SetThroughput:         1539619.905 ops

[P]Valid Entries:         1436985.656 / s

[P]mica evicted:          0 / s

[P]set success:           1564560.519 / s

[P]setsuccess rate:       101.620  %

[P]get found:             193496.406 / s

----------------------------------

[INFO]Current Time:       13.22 s

[P]indexs Load Factor:    19.5322 %

[P]set request:           11231601 

[P]get request:           11169231 

[P]Get Hit Rate:          14.4042 %

[P]ACC Hit Rate:          8.9670 %

[P]rx packet:             76713.149 / s

[P]Throughput:            3081979.884 ops

[P]all request:           22400832 o

[P]GetThroughput:         1539108.574 ops

[P]SetThroughput:         1542871.310 ops

[P]Valid Entries:         1409850.347 / s

[P]mica evicted:          0 / s

[P]set success:           1549081.435 / s

[P]setsuccess rate:       100.403  %

[P]get found:             221696.538 / s

----------------------------------

[INFO]Current Time:       14.35 s

[P]indexs Load Factor:    22.3023 %

[P]set request:           12953462 

[P]get request:           12906941 

[P]Get Hit Rate:          16.2324 %

[P]ACC Hit Rate:          9.9452 %

[P]rx packet:             77094.895 / s

[P]Throughput:            3084768.623 ops

[P]all request:           25860403 o

[P]GetThroughput:         1549450.289 ops

[P]SetThroughput:         1535318.335 ops

[P]Valid Entries:         1372781.694 / s

[P]mica evicted:          0 / s

[P]set success:           1559839.045 / s

[P]setsuccess rate:       101.597  %

[P]get found:             251512.935 / s

----------------------------------

[INFO]Current Time:       15.47 s

[P]indexs Load Factor:    25.0505 %

[P]set request:           14713250 

[P]get request:           14642123 

[P]Get Hit Rate:          18.3349 %

[P]ACC Hit Rate:          10.9394 %

[P]rx packet:             74229.714 / s

[P]Throughput:            3100529.740 ops

[P]all request:           29355373 o

[P]GetThroughput:         1539350.379 ops

[P]SetThroughput:         1561179.360 ops

[P]Valid Entries:         1384091.905 / s

[P]mica evicted:          0 / s

[P]set success:           1568712.958 / s

[P]setsuccess rate:       100.483  %

[P]get found:             282238.455 / s

----------------------------------

[INFO]Current Time:       16.61 s

[P]indexs Load Factor:    27.7833 %

[P]set request:           16481367 

[P]get request:           16345737 

[P]Get Hit Rate:          20.7636 %

[P]ACC Hit Rate:          11.9633 %

[P]rx packet:             76744.713 / s

[P]Throughput:            3058662.145 ops

[P]all request:           32827104 o

[P]GetThroughput:         1500916.877 ops

[P]SetThroughput:         1557745.268 ops

[P]Valid Entries:         1400607.540 / s

[P]mica evicted:          0 / s

[P]set success:           1547370.384 / s

[P]setsuccess rate:        99.334  %

[P]get found:             311644.732 / s

----------------------------------

[INFO]Current Time:       17.76 s

[P]indexs Load Factor:    30.4652 %

[P]set request:           18243503 

[P]get request:           18051741 

[P]Get Hit Rate:          22.8297 %

[P]ACC Hit Rate:          12.9903 %

[P]rx packet:             76899.362 / s

[P]Throughput:            3020633.279 ops

[P]all request:           36295244 o

[P]GetThroughput:         1485872.098 ops

[P]SetThroughput:         1534761.181 ops

[P]Valid Entries:         1336495.270 / s

[P]mica evicted:          0 / s

[P]set success:           1559918.174 / s

[P]setsuccess rate:       101.639  %

[P]get found:             339219.624 / s

----------------------------------

[INFO]Current Time:       18.90 s

[P]indexs Load Factor:    33.1191 %

[P]set request:           19998340 

[P]get request:           19781714 

[P]Get Hit Rate:          24.3158 %

[P]ACC Hit Rate:          13.9807 %

[P]rx packet:             78744.283 / s

[P]Throughput:            3041114.291 ops

[P]all request:           39780054 o

[P]GetThroughput:         1509708.023 ops

[P]SetThroughput:         1531406.269 ops

[P]Valid Entries:         1366851.635 / s

[P]mica evicted:          0 / s

[P]set success:           1556949.531 / s

[P]setsuccess rate:       101.668  %

[P]get found:             367096.907 / s

----------------------------------

[INFO]Current Time:       20.05 s

[P]indexs Load Factor:    35.7335 %

[P]set request:           21784759 

[P]get request:           21543187 

[P]Get Hit Rate:          25.7907 %

[P]ACC Hit Rate:          14.9464 %

[P]rx packet:             75394.891 / s

[P]Throughput:            3086124.536 ops

[P]all request:           43327946 o

[P]GetThroughput:         1532212.662 ops

[P]SetThroughput:         1553911.874 ops

[P]Valid Entries:         1357295.053 / s

[P]mica evicted:          0 / s

[P]set success:           1557710.498 / s

[P]setsuccess rate:       100.244  %

[P]get found:             395169.052 / s

----------------------------------

[INFO]Current Time:       21.21 s

[P]indexs Load Factor:    38.3083 %

[P]set request:           23555004 

[P]get request:           23329180 

[P]Get Hit Rate:          27.2579 %

[P]ACC Hit Rate:          15.8889 %

[P]rx packet:             78358.571 / s

[P]Throughput:            3079135.120 ops

[P]all request:           46884184 o

[P]GetThroughput:         1546385.189 ops

[P]SetThroughput:         1532749.931 ops

[P]Valid Entries:         1340894.381 / s

[P]mica evicted:          0 / s

[P]set success:           1522098.361 / s

[P]setsuccess rate:        99.305  %

[P]get found:             421512.833 / s

----------------------------------

[INFO]Current Time:       22.36 s

[P]indexs Load Factor:    40.8264 %

[P]set request:           25330158 

[P]get request:           25039887 

[P]Get Hit Rate:          30.0309 %

[P]ACC Hit Rate:          16.8551 %

[P]rx packet:             79940.465 / s

[P]Throughput:            3025540.427 ops

[P]all request:           50370045 o

[P]GetThroughput:         1484801.944 ops

[P]SetThroughput:         1540738.484 ops

[P]Valid Entries:         1306011.933 / s

[P]mica evicted:          0 / s

[P]set success:           1548129.915 / s

[P]setsuccess rate:       100.480  %

[P]get found:             445898.772 / s

----------------------------------

[INFO]Current Time:       23.51 s

[P]indexs Load Factor:    43.2974 %

[P]set request:           27059561 

[P]get request:           26792942 

[P]Get Hit Rate:          31.0458 %

[P]ACC Hit Rate:          17.7836 %

[P]rx packet:             80780.132 / s

[P]Throughput:            3021204.507 ops

[P]all request:           53852503 o

[P]GetThroughput:         1520861.893 ops

[P]SetThroughput:         1500342.614 ops

[P]Valid Entries:         1309708.166 / s

[P]mica evicted:          0 / s

[P]set success:           1550716.005 / s

[P]setsuccess rate:       103.357  %

[P]get found:             472163.786 / s

----------------------------------

[INFO]Current Time:       24.66 s

[P]indexs Load Factor:    45.7267 %

[P]set request:           28795390 

[P]get request:           28544859 

[P]Get Hit Rate:          32.7033 %

[P]ACC Hit Rate:          18.6992 %

[P]rx packet:             81237.946 / s

[P]Throughput:            3025524.267 ops

[P]all request:           57340249 o

[P]GetThroughput:         1519740.083 ops

[P]SetThroughput:         1505784.183 ops

[P]Valid Entries:         1280238.692 / s

[P]mica evicted:          0 / s

[P]set success:           1548991.261 / s

[P]setsuccess rate:       102.869  %

[P]get found:             497004.576 / s

----------------------------------

[INFO]Current Time:       25.81 s

[P]indexs Load Factor:    48.1045 %

[P]set request:           30564617 

[P]get request:           30309640 

[P]Get Hit Rate:          33.9627 %

[P]ACC Hit Rate:          19.5880 %

[P]rx packet:             80816.182 / s

[P]Throughput:            3075055.824 ops

[P]all request:           60874257 o

[P]GetThroughput:         1535593.607 ops

[P]SetThroughput:         1539462.217 ops

[P]Valid Entries:         1236541.190 / s

[P]mica evicted:          0 / s

[P]set success:           1547377.814 / s

[P]setsuccess rate:       100.514  %

[P]get found:             521528.809 / s

----------------------------------

[INFO]Current Time:       26.96 s

[P]indexs Load Factor:    50.4403 %

[P]set request:           32291028 

[P]get request:           32071318 

[P]Get Hit Rate:          35.5454 %

[P]ACC Hit Rate:          20.4645 %

[P]rx packet:             85613.105 / s

[P]Throughput:            3032722.622 ops

[P]all request:           64362346 o

[P]GetThroughput:         1531692.776 ops

[P]SetThroughput:         1501029.846 ops

[P]Valid Entries:         1265044.313 / s

[P]mica evicted:          0 / s

[P]set success:           1507692.449 / s

[P]setsuccess rate:       100.444  %

[P]get found:             544446.766 / s

----------------------------------

[INFO]Current Time:       28.12 s

[P]indexs Load Factor:    52.6678 %

[P]set request:           34024240 

[P]get request:           33799205 

[P]Get Hit Rate:          37.1784 %

[P]ACC Hit Rate:          21.3190 %

[P]rx packet:             87374.110 / s

[P]Throughput:            3007742.317 ops

[P]all request:           67823445 o

[P]GetThroughput:         1501557.410 ops

[P]SetThroughput:         1506184.908 ops

[P]Valid Entries:         1227905.008 / s

[P]mica evicted:          0 / s

[P]set success:           1512280.169 / s

[P]setsuccess rate:       100.405  %

[P]get found:             558255.246 / s

----------------------------------

[INFO]Current Time:       29.25 s

[P]indexs Load Factor:    54.8763 %

[P]set request:           35734856 

[P]get request:           35505485 

[P]Get Hit Rate:          39.1160 %

[P]ACC Hit Rate:          22.1742 %

[P]rx packet:             87963.321 / s

[P]Throughput:            3002402.626 ops

[P]all request:           71240341 o

[P]GetThroughput:         1499296.307 ops

[P]SetThroughput:         1503106.319 ops

[P]Valid Entries:         1228224.786 / s

[P]mica evicted:          0 / s

[P]set success:           1509414.457 / s

[P]setsuccess rate:       100.420  %

[P]get found:             586464.317 / s

----------------------------------

[INFO]Current Time:       30.39 s

[P]indexs Load Factor:    57.0330 %

[P]set request:           37413871 

[P]get request:           37200111 

[P]Get Hit Rate:          40.5573 %

[P]ACC Hit Rate:          23.0116 %

[P]rx packet:             94125.505 / s

[P]Throughput:            2961019.577 ops

[P]all request:           74613982 o

[P]GetThroughput:         1487360.618 ops

[P]SetThroughput:         1473658.959 ops

[P]Valid Entries:         1207475.873 / s

[P]mica evicted:          0 / s

[P]set success:           1493257.834 / s

[P]setsuccess rate:       101.330  %

[P]get found:             603232.825 / s

----------------------------------

[INFO]Current Time:       31.53 s

[P]indexs Load Factor:    59.1232 %

[P]set request:           39107630 

[P]get request:           38908720 

[P]Get Hit Rate:          41.5821 %

[P]ACC Hit Rate:          23.8271 %

[P]rx packet:             92733.063 / s

[P]Throughput:            2988397.376 ops

[P]all request:           78016350 o

[P]GetThroughput:         1500720.278 ops

[P]SetThroughput:         1487677.098 ops

[P]Valid Entries:         1189840.236 / s

[P]mica evicted:          0 / s

[P]set success:           1509270.808 / s

[P]setsuccess rate:       101.452  %

[P]get found:             624031.443 / s

----------------------------------

[INFO]Current Time:       32.66 s

[P]indexs Load Factor:    61.1619 %

[P]set request:           40798688 

[P]get request:           40595385 

[P]Get Hit Rate:          42.9417 %

[P]ACC Hit Rate:          24.6213 %

[P]rx packet:             96390.404 / s

[P]Throughput:            2983524.421 ops

[P]all request:           81394073 o

[P]GetThroughput:         1489822.054 ops

[P]SetThroughput:         1493702.367 ops

[P]Valid Entries:         1157041.704 / s

[P]mica evicted:          0 / s

[P]set success:           1498384.711 / s

[P]setsuccess rate:       100.313  %

[P]get found:             639754.365 / s

----------------------------------

[INFO]Current Time:       33.79 s

[P]indexs Load Factor:    63.1402 %

[P]set request:           42466226 

[P]get request:           42237583 

[P]Get Hit Rate:          44.8401 %

[P]ACC Hit Rate:          25.4074 %

[P]rx packet:             101128.557 / s

[P]Throughput:            2939936.463 ops

[P]all request:           84703809 o

[P]GetThroughput:         1458713.861 ops

[P]SetThroughput:         1481222.602 ops

[P]Valid Entries:         1135883.977 / s

[P]mica evicted:          0 / s

[P]set success:           1484634.444 / s

[P]setsuccess rate:       100.230  %

[P]get found:             654088.554 / s

----------------------------------

[INFO]Current Time:       34.92 s

[P]indexs Load Factor:    65.0751 %

[P]set request:           44132670 

[P]get request:           43895103 

[P]Get Hit Rate:          45.0876 %

[P]ACC Hit Rate:          26.1506 %

[P]rx packet:             109532.871 / s

[P]Throughput:            2949953.968 ops

[P]all request:           88027773 o

[P]GetThroughput:         1471017.045 ops

[P]SetThroughput:         1478936.923 ops

[P]Valid Entries:         1125306.030 / s

[P]mica evicted:          0 / s

[P]set success:           1479078.920 / s

[P]setsuccess rate:       100.010  %

[P]get found:             663246.292 / s

----------------------------------

[INFO]Current Time:       36.03 s

[P]indexs Load Factor:    66.9130 %

[P]set request:           45746185 

[P]get request:           45480166 

[P]Get Hit Rate:          45.9111 %

[P]ACC Hit Rate:          26.8392 %

[P]rx packet:             111928.765 / s

[P]Throughput:            2864882.332 ops

[P]all request:           91226351 o

[P]GetThroughput:         1419699.311 ops

[P]SetThroughput:         1445183.021 ops

[P]Valid Entries:         1112631.899 / s

[P]mica evicted:          0 / s

[P]set success:           1445298.563 / s

[P]setsuccess rate:       100.008  %

[P]get found:             651799.697 / s

----------------------------------

[INFO]Current Time:       37.15 s

[P]indexs Load Factor:    68.6040 %

[P]set request:           47205173 

[P]get request:           46933501 

[P]Get Hit Rate:          45.9404 %

[P]ACC Hit Rate:          27.4307 %

[P]rx packet:             104490.802 / s

[P]Throughput:            2614535.076 ops

[P]all request:           94138674 o

[P]GetThroughput:         1304730.050 ops

[P]SetThroughput:         1309805.025 ops

[P]Valid Entries:         1006704.313 / s

[P]mica evicted:          0 / s

[P]set success:           1324882.720 / s

[P]setsuccess rate:       101.151  %

[P]get found:             599398.283 / s

----------------------------------

[INFO]Current Time:       38.25 s

[P]indexs Load Factor:    70.2300 %

[P]set request:           48615819 

[P]get request:           48356450 

[P]Get Hit Rate:          45.5732 %

[P]ACC Hit Rate:          27.9646 %

[P]rx packet:             101507.196 / s

[P]Throughput:            2556895.443 ops

[P]all request:           96972269 o

[P]GetThroughput:         1283998.530 ops

[P]SetThroughput:         1272896.913 ops

[P]Valid Entries:         987692.843 / s

[P]mica evicted:          0 / s

[P]set success:           1287907.512 / s

[P]setsuccess rate:       101.179  %

[P]get found:             585159.765 / s

----------------------------------

[INFO]Current Time:       39.36 s

[P]indexs Load Factor:    71.8668 %

[P]set request:           50165815 

[P]get request:           49868645 

[P]Get Hit Rate:          47.2263 %

[P]ACC Hit Rate:          28.5487 %

[P]rx packet:             100459.413 / s

[P]Throughput:            2766046.928 ops

[P]all request:           100034460 o

[P]GetThroughput:         1365950.829 ops

[P]SetThroughput:         1400096.099 ops

[P]Valid Entries:         988657.378 / s

[P]mica evicted:          99563.349 / s

[P]set success:           1393436.141 / s

[P]setsuccess rate:        99.524  %

[P]get found:             645088.264 / s

----------------------------------

[INFO]Current Time:       40.45 s

[P]indexs Load Factor:    73.4895 %

[P]set request:           51812561 

[P]get request:           51525631 

[P]Get Hit Rate:          45.9569 %

[P]ACC Hit Rate:          29.1085 %

[P]rx packet:             99104.064 / s

[P]Throughput:            3023764.927 ops

[P]all request:           103338192 o

[P]GetThroughput:         1516568.581 ops

[P]SetThroughput:         1507196.346 ops

[P]Valid Entries:         977816.998 / s

[P]mica evicted:          202599.532 / s

[P]set success:           1504546.676 / s

[P]setsuccess rate:        99.824  %

[P]get found:             696968.456 / s

----------------------------------

[INFO]Current Time:       41.55 s

[P]indexs Load Factor:    75.0404 %

[P]set request:           53480020 

[P]get request:           53161902 

[P]Get Hit Rate:          47.2702 %

[P]ACC Hit Rate:          29.6675 %

[P]rx packet:             93354.060 / s

[P]Throughput:            3009823.456 ops

[P]all request:           106641922 o

[P]GetThroughput:         1490705.002 ops

[P]SetThroughput:         1519118.454 ops

[P]Valid Entries:         954236.652 / s

[P]mica evicted:          234182.309 / s

[P]set success:           1519333.459 / s

[P]setsuccess rate:       100.014  %

[P]get found:             704659.624 / s

----------------------------------

[INFO]Current Time:       42.64 s

[P]indexs Load Factor:    76.5409 %

[P]set request:           55130940 

[P]get request:           54822451 

[P]Get Hit Rate:          46.2674 %

[P]ACC Hit Rate:          30.1703 %

[P]rx packet:             93694.061 / s

[P]Throughput:            3031115.476 ops

[P]all request:           109953391 o

[P]GetThroughput:         1519964.636 ops

[P]SetThroughput:         1511150.840 ops

[P]Valid Entries:         919886.941 / s

[P]mica evicted:          262521.863 / s

[P]set success:           1510449.691 / s

[P]setsuccess rate:        99.954  %

[P]get found:             703248.257 / s

----------------------------------

[INFO]Current Time:       43.73 s

[P]indexs Load Factor:    77.9743 %

[P]set request:           56746369 

[P]get request:           56469139 

[P]Get Hit Rate:          46.4452 %

[P]ACC Hit Rate:          30.6449 %

[P]rx packet:             90617.702 / s

[P]Throughput:            3008095.507 ops

[P]all request:           113215508 o

[P]GetThroughput:         1518460.182 ops

[P]SetThroughput:         1489635.325 ops

[P]Valid Entries:         889364.746 / s

[P]mica evicted:          287447.243 / s

[P]set success:           1490445.877 / s

[P]setsuccess rate:       100.054  %

[P]get found:             705252.297 / s

----------------------------------

[INFO]Current Time:       44.81 s

[P]indexs Load Factor:    79.3505 %

[P]set request:           58401363 

[P]get request:           58113804 

[P]Get Hit Rate:          46.4686 %

[P]ACC Hit Rate:          31.0927 %

[P]rx packet:             92911.525 / s

[P]Throughput:            3056136.662 ops

[P]all request:           116515167 o

[P]GetThroughput:         1523284.983 ops

[P]SetThroughput:         1532851.679 ops

[P]Valid Entries:         863445.978 / s

[P]mica evicted:          321545.286 / s

[P]set success:           1531459.604 / s

[P]setsuccess rate:        99.909  %

[P]get found:             707848.464 / s

----------------------------------

[INFO]Current Time:       45.88 s

[P]indexs Load Factor:    80.6764 %

[P]set request:           60042485 

[P]get request:           59744728 

[P]Get Hit Rate:          46.5794 %

[P]ACC Hit Rate:          31.5155 %

[P]rx packet:             89016.800 / s

[P]Throughput:            3052665.914 ops

[P]all request:           119787213 o

[P]GetThroughput:         1521575.829 ops

[P]SetThroughput:         1531090.086 ops

[P]Valid Entries:         830857.367 / s

[P]mica evicted:          351737.365 / s

[P]set success:           1528266.969 / s

[P]setsuccess rate:        99.816  %

[P]get found:             708740.319 / s

----------------------------------

[INFO]Current Time:       46.95 s

[P]indexs Load Factor:    81.9446 %

[P]set request:           61683087 

[P]get request:           61354781 

[P]Get Hit Rate:          47.1743 %

[P]ACC Hit Rate:          31.9264 %

[P]rx packet:             91613.603 / s

[P]Throughput:            3033618.038 ops

[P]all request:           123037868 o

[P]GetThroughput:         1502554.354 ops

[P]SetThroughput:         1531063.684 ops

[P]Valid Entries:         792154.176 / s

[P]mica evicted:          380661.948 / s

[P]set success:           1527701.246 / s

[P]setsuccess rate:        99.780  %

[P]get found:             708820.215 / s

----------------------------------

[INFO]Current Time:       48.01 s

[P]indexs Load Factor:    83.1589 %

[P]set request:           63290128 

[P]get request:           62972049 

[P]Get Hit Rate:          46.5949 %

[P]ACC Hit Rate:          32.3031 %

[P]rx packet:             91933.826 / s

[P]Throughput:            3034043.961 ops

[P]all request:           126262177 o

[P]GetThroughput:         1521833.735 ops

[P]SetThroughput:         1512210.226 ops

[P]Valid Entries:         772299.088 / s

[P]mica evicted:          411040.623 / s

[P]set success:           1527777.031 / s

[P]setsuccess rate:       101.029  %

[P]get found:             709097.465 / s

----------------------------------

[INFO]Current Time:       49.08 s

[P]indexs Load Factor:    84.3203 %

[P]set request:           64900734 

[P]get request:           64572832 

[P]Get Hit Rate:          47.0588 %

[P]ACC Hit Rate:          32.6689 %

[P]rx packet:             90425.750 / s

[P]Throughput:            3018756.084 ops

[P]all request:           129473566 o

[P]GetThroughput:         1504761.155 ops

[P]SetThroughput:         1513994.929 ops

[P]Valid Entries:         743179.234 / s

[P]mica evicted:          442568.792 / s

[P]set success:           1528319.828 / s

[P]setsuccess rate:       100.946  %

[P]get found:             708123.228 / s

----------------------------------

[INFO]Current Time:       50.14 s

[P]indexs Load Factor:    85.4278 %

[P]set request:           66511286 

[P]get request:           66193447 

[P]Get Hit Rate:          46.4438 %

[P]ACC Hit Rate:          33.0062 %

[P]rx packet:             87887.987 / s

[P]Throughput:            3049752.593 ops

[P]all request:           132704733 o

[P]GetThroughput:         1529625.302 ops

[P]SetThroughput:         1520127.291 ops

[P]Valid Entries:         716169.676 / s

[P]mica evicted:          475116.703 / s

[P]set success:           1533941.550 / s

[P]setsuccess rate:       100.909  %

[P]get found:             710415.937 / s

----------------------------------

[INFO]Current Time:       51.19 s

[P]indexs Load Factor:    86.4791 %

[P]set request:           68125122 

[P]get request:           67797193 

[P]Get Hit Rate:          46.3017 %

[P]ACC Hit Rate:          33.3207 %

[P]rx packet:             87827.774 / s

[P]Throughput:            3068261.962 ops

[P]all request:           135922315 o

[P]GetThroughput:         1529320.107 ops

[P]SetThroughput:         1538941.855 ops

[P]Valid Entries:         676327.830 / s

[P]mica evicted:          500911.634 / s

[P]set success:           1512813.421 / s

[P]setsuccess rate:        98.302  %

[P]get found:             708100.577 / s

----------------------------------

[INFO]Current Time:       52.23 s

[P]indexs Load Factor:    87.4767 %

[P]set request:           69697443 

[P]get request:           69398221 

[P]Get Hit Rate:          46.2129 %

[P]ACC Hit Rate:          33.6181 %

[P]rx packet:             90007.095 / s

[P]Throughput:            3040072.433 ops

[P]all request:           139095664 o

[P]GetThroughput:         1533786.888 ops

[P]SetThroughput:         1506285.545 ops

[P]Valid Entries:         656069.939 / s

[P]mica evicted:          540917.226 / s

[P]set success:           1497502.589 / s

[P]setsuccess rate:        99.417  %

[P]get found:             708806.952 / s

----------------------------------

[INFO]Current Time:       53.27 s

[P]indexs Load Factor:    88.4267 %

[P]set request:           71285442 

[P]get request:           70975699 

[P]Get Hit Rate:          46.0530 %

[P]ACC Hit Rate:          33.8945 %

[P]rx packet:             91363.000 / s

[P]Throughput:            3058357.657 ops

[P]all request:           142261141 o

[P]GetThroughput:         1524096.343 ops

[P]SetThroughput:         1534261.314 ops

[P]Valid Entries:         622714.355 / s

[P]mica evicted:          568530.163 / s

[P]set success:           1506661.984 / s

[P]setsuccess rate:        98.201  %

[P]get found:             701892.144 / s

----------------------------------

[INFO]Current Time:       54.31 s

[P]indexs Load Factor:    89.3297 %

[P]set request:           72899124 

[P]get request:           72578952 

[P]Get Hit Rate:          45.9271 %

[P]ACC Hit Rate:          34.1603 %

[P]rx packet:             90453.795 / s

[P]Throughput:            3086511.735 ops

[P]all request:           145478076 o

[P]GetThroughput:         1538252.778 ops

[P]SetThroughput:         1548258.958 ops

[P]Valid Entries:         597660.337 / s

[P]mica evicted:          597791.783 / s

[P]set success:           1539942.382 / s

[P]setsuccess rate:        99.463  %

[P]get found:             706475.267 / s

----------------------------------

[INFO]Current Time:       55.34 s

[P]indexs Load Factor:    90.1718 %

[P]set request:           74477868 

[P]get request:           74168463 

[P]Get Hit Rate:          45.8136 %

[P]ACC Hit Rate:          34.4100 %

[P]rx packet:             87395.121 / s

[P]Throughput:            3061080.431 ops

[P]all request:           148646331 o

[P]GetThroughput:         1535741.605 ops

[P]SetThroughput:         1525338.827 ops

[P]Valid Entries:         565386.678 / s

[P]mica evicted:          634955.919 / s

[P]set success:           1535729.044 / s

[P]setsuccess rate:       100.681  %

[P]get found:             703578.311 / s

----------------------------------

[INFO]Current Time:       56.36 s

[P]indexs Load Factor:    90.9690 %

[P]set request:           76042173 

[P]get request:           75721637 

[P]Get Hit Rate:          46.3721 %

[P]ACC Hit Rate:          34.6554 %

[P]rx packet:             90043.619 / s

[P]Throughput:            3051517.453 ops

[P]all request:           151763810 o

[P]GetThroughput:         1520310.985 ops

[P]SetThroughput:         1531206.468 ops

[P]Valid Entries:         538107.283 / s

[P]mica evicted:          667708.818 / s

[P]set success:           1541878.776 / s

[P]setsuccess rate:       100.697  %

[P]get found:             704999.738 / s

----------------------------------

[INFO]Current Time:       57.38 s

[P]indexs Load Factor:    91.7190 %

[P]set request:           77611452 

[P]get request:           77260598 

[P]Get Hit Rate:          46.2090 %

[P]ACC Hit Rate:          34.8855 %

[P]rx packet:             91596.261 / s

[P]Throughput:            3048931.887 ops

[P]all request:           154872050 o

[P]GetThroughput:         1509596.191 ops

[P]SetThroughput:         1539335.696 ops

[P]Valid Entries:         504825.094 / s

[P]mica evicted:          693800.134 / s

[P]set success:           1482329.584 / s

[P]setsuccess rate:        96.297  %

[P]get found:             697568.825 / s

----------------------------------

[INFO]Current Time:       58.41 s

[P]indexs Load Factor:    92.4182 %

[P]set request:           79178148 

[P]get request:           78837720 

[P]Get Hit Rate:          45.4386 %

[P]ACC Hit Rate:          35.0966 %

[P]rx packet:             89617.145 / s

[P]Throughput:            3071940.963 ops

[P]all request:           158015868 o

[P]GetThroughput:         1541064.297 ops

[P]SetThroughput:         1530876.666 ops

[P]Valid Entries:         478303.687 / s

[P]mica evicted:          718803.492 / s

[P]set success:           1539473.518 / s

[P]setsuccess rate:       100.562  %

[P]get found:             700237.888 / s

----------------------------------

[INFO]Current Time:       59.42 s

[P]indexs Load Factor:    93.0734 %

[P]set request:           80728244 

[P]get request:           80398037 

[P]Get Hit Rate:          44.7045 %

[P]ACC Hit Rate:          35.2831 %

[P]rx packet:             90143.103 / s

[P]Throughput:            3070663.456 ops

[P]all request:           161126281 o

[P]GetThroughput:         1540376.918 ops

[P]SetThroughput:         1530286.538 ops

[P]Valid Entries:         449919.816 / s

[P]mica evicted:          757987.895 / s

[P]set success:           1538092.490 / s

[P]setsuccess rate:       100.510  %

[P]get found:             688617.885 / s

----------------------------------

[INFO]Current Time:       60.43 s

[P]indexs Load Factor:    93.6919 %

[P]set request:           82258432 

[P]get request:           81958898 

[P]Get Hit Rate:          45.1938 %

[P]ACC Hit Rate:          35.4718 %

[P]rx packet:             90375.210 / s

[P]Throughput:            3054386.637 ops

[P]all request:           164217330 o

[P]GetThroughput:         1542347.915 ops

[P]SetThroughput:         1512038.722 ops

[P]Valid Entries:         421148.873 / s

[P]mica evicted:          789246.529 / s

[P]set success:           1519722.492 / s

[P]setsuccess rate:       100.508  %

[P]get found:             697045.238 / s

----------------------------------

[INFO]Current Time:       61.44 s

[P]indexs Load Factor:    94.2637 %

[P]set request:           83835502 

[P]get request:           83505316 

[P]Get Hit Rate:          45.6213 %

[P]ACC Hit Rate:          35.6598 %

[P]rx packet:             88303.778 / s

[P]Throughput:            3085325.859 ops

[P]all request:           167340818 o

[P]GetThroughput:         1527524.179 ops

[P]SetThroughput:         1557801.680 ops

[P]Valid Entries:         395071.395 / s

[P]mica evicted:          818962.323 / s

[P]set success:           1523991.870 / s

[P]setsuccess rate:        97.830  %

[P]get found:             696876.393 / s

----------------------------------

[INFO]Current Time:       62.45 s

[P]indexs Load Factor:    94.7920 %

[P]set request:           85385740 

[P]get request:           85065598 

[P]Get Hit Rate:          44.8823 %

[P]ACC Hit Rate:          35.8289 %

[P]rx packet:             90578.011 / s

[P]Throughput:            3082546.121 ops

[P]all request:           170451338 o

[P]GetThroughput:         1546249.896 ops

[P]SetThroughput:         1536296.225 ops

[P]Valid Entries:         368442.412 / s

[P]mica evicted:          845327.713 / s

[P]set success:           1521317.159 / s

[P]setsuccess rate:        99.025  %

[P]get found:             693993.064 / s

----------------------------------

[INFO]Current Time:       63.46 s

[P]indexs Load Factor:    95.2800 %

[P]set request:           86930753 

[P]get request:           86600266 

[P]Get Hit Rate:          45.3801 %

[P]ACC Hit Rate:          35.9982 %

[P]rx packet:             90712.673 / s

[P]Throughput:            3063459.863 ops

[P]all request:           173531019 o

[P]GetThroughput:         1526584.676 ops

[P]SetThroughput:         1536875.187 ops

[P]Valid Entries:         342288.569 / s

[P]mica evicted:          871227.815 / s

[P]set success:           1542181.092 / s

[P]setsuccess rate:       100.345  %

[P]get found:             692765.779 / s

----------------------------------

[INFO]Current Time:       64.46 s

[P]indexs Load Factor:    95.7276 %

[P]set request:           88472223 

[P]get request:           88131792 

[P]Get Hit Rate:          45.2202 %

[P]ACC Hit Rate:          36.1585 %

[P]rx packet:             88551.299 / s

[P]Throughput:            3072139.028 ops

[P]all request:           176604015 o

[P]GetThroughput:         1531098.900 ops

[P]SetThroughput:         1541040.127 ops

[P]Valid Entries:         317288.492 / s

[P]mica evicted:          900642.766 / s

[P]set success:           1545572.863 / s

[P]setsuccess rate:       100.294  %

[P]get found:             692365.865 / s

----------------------------------

[INFO]Current Time:       65.46 s

[P]indexs Load Factor:    96.1377 %

[P]set request:           89989216 

[P]get request:           89658255 

[P]Get Hit Rate:          44.5274 %

[P]ACC Hit Rate:          36.3009 %

[P]rx packet:             94082.073 / s

[P]Throughput:            3053324.351 ops

[P]all request:           179647471 o

[P]GetThroughput:         1531412.529 ops

[P]SetThroughput:         1521911.822 ops

[P]Valid Entries:         290265.138 / s

[P]mica evicted:          913911.765 / s

[P]set success:           1506458.878 / s

[P]setsuccess rate:        98.985  %

[P]get found:             681898.899 / s

----------------------------------

[INFO]Current Time:       66.45 s

[P]indexs Load Factor:    96.5142 %

[P]set request:           91505780 

[P]get request:           91183979 

[P]Get Hit Rate:          44.4012 %

[P]ACC Hit Rate:          36.4365 %

[P]rx packet:             97057.641 / s

[P]Throughput:            3057618.725 ops

[P]all request:           182689759 o

[P]GetThroughput:         1533412.442 ops

[P]SetThroughput:         1524206.283 ops

[P]Valid Entries:         268192.703 / s

[P]mica evicted:          940064.429 / s

[P]set success:           1502510.502 / s

[P]setsuccess rate:        98.577  %

[P]get found:             680853.762 / s

----------------------------------

[INFO]Current Time:       67.44 s

[P]indexs Load Factor:    96.8594 %

[P]set request:           93044389 

[P]get request:           92712506 

[P]Get Hit Rate:          44.2521 %

[P]ACC Hit Rate:          36.5653 %

[P]rx packet:             92440.272 / s

[P]Throughput:            3099738.540 ops

[P]all request:           185756895 o

[P]GetThroughput:         1544774.686 ops

[P]SetThroughput:         1554963.854 ops

[P]Valid Entries:         248174.256 / s

[P]mica evicted:          966552.035 / s

[P]set success:           1538381.443 / s

[P]setsuccess rate:        98.934  %

[P]get found:             683594.939 / s

----------------------------------

[INFO]Current Time:       68.43 s

[P]indexs Load Factor:    97.1743 %

[P]set request:           94573096 

[P]get request:           94210250 

[P]Get Hit Rate:          44.6856 %

[P]ACC Hit Rate:          36.6944 %

[P]rx packet:             91756.710 / s

[P]Throughput:            3066444.214 ops

[P]all request:           188783346 o

[P]GetThroughput:         1517536.026 ops

[P]SetThroughput:         1548908.188 ops

[P]Valid Entries:         226544.643 / s

[P]mica evicted:          983278.121 / s

[P]set success:           1488895.490 / s

[P]setsuccess rate:        96.125  %

[P]get found:             678120.187 / s

----------------------------------

[INFO]Current Time:       69.41 s

[P]indexs Load Factor:    97.4621 %

[P]set request:           96116044 

[P]get request:           95742748 

[P]Get Hit Rate:          43.8945 %

[P]ACC Hit Rate:          36.8097 %

[P]rx packet:             88075.426 / s

[P]Throughput:            3116650.574 ops

[P]all request:           191858792 o

[P]GetThroughput:         1553030.283 ops

[P]SetThroughput:         1563620.291 ops

[P]Valid Entries:         208648.497 / s

[P]mica evicted:          1012908.447 / s

[P]set success:           1545027.479 / s

[P]setsuccess rate:        98.811  %

[P]get found:             681694.538 / s

----------------------------------
[INFO]出问题 ptr16:0

[INFO]Current Time:       70.40 s

[P]indexs Load Factor:    97.7217 %

[P]set request:           97654004 

[P]get request:           97269724 

[P]Get Hit Rate:          43.7456 %

[P]ACC Hit Rate:          36.9186 %

[P]rx packet:             90657.941 / s

[P]Throughput:            3111891.439 ops

[P]all request:           194923728 o

[P]GetThroughput:         1550369.581 ops

[P]SetThroughput:         1561521.858 ops

[P]Valid Entries:         190779.681 / s

[P]mica evicted:          1029632.156 / s

[P]set success:           1542093.706 / s

[P]setsuccess rate:        98.756  %

[P]get found:             678218.665 / s

----------------------------------

[INFO]Current Time:       71.38 s

[P]indexs Load Factor:    97.9009 %

[P]set request:           98872810 

[P]get request:           98516806 

[P]Get Hit Rate:          43.1066 %

[P]ACC Hit Rate:          36.9969 %

[P]rx packet:             77261.105 / s

[P]Throughput:            2516474.225 ops

[P]all request:           197389616 o

[P]GetThroughput:         1272665.145 ops

[P]SetThroughput:         1243809.080 ops

[P]Valid Entries:         142555.657 / s

[P]mica evicted:          840939.588 / s

[P]set success:           1266295.094 / s

[P]setsuccess rate:       101.808  %

[P]get found:             548603.031 / s

----------------------------------

[INFO]Current Time:       72.36 s

[P]indexs Load Factor:    98.0657 %

[P]set request:           100012919 

[P]get request:           99652619 

[P]Get Hit Rate:          42.7317 %

[P]ACC Hit Rate:          37.0623 %

[P]rx packet:             71091.686 / s

[P]Throughput:            2330459.353 ops

[P]all request:           199665538 o

[P]GetThroughput:         1163030.205 ops

[P]SetThroughput:         1167429.148 ops

[P]Valid Entries:         120442.595 / s

[P]mica evicted:          790182.840 / s

[P]set success:           1129425.795 / s

[P]setsuccess rate:        96.745  %

[P]get found:             496982.369 / s

----------------------------------

[INFO]Current Time:       73.33 s

[P]indexs Load Factor:    98.2191 %

[P]set request:           101113107 

[P]get request:           100761993 

[P]Get Hit Rate:          43.2069 %

[P]ACC Hit Rate:          37.1299 %

[P]rx packet:             72322.375 / s

[P]Throughput:            2259626.280 ops

[P]all request:           201875100 o

[P]GetThroughput:         1134510.208 ops

[P]SetThroughput:         1125116.072 ops

[P]Valid Entries:         111604.714 / s

[P]mica evicted:          789003.154 / s

[P]set success:           1143683.451 / s

[P]setsuccess rate:       101.650  %

[P]get found:             490186.574 / s

----------------------------------

[INFO]Current Time:       74.31 s

[P]indexs Load Factor:    98.3606 %

[P]set request:           102232910 

[P]get request:           101877544 

[P]Get Hit Rate:          43.0952 %

[P]ACC Hit Rate:          37.1952 %

[P]rx packet:             71689.003 / s

[P]Throughput:            2287329.440 ops

[P]all request:           204110454 o

[P]GetThroughput:         1141489.287 ops

[P]SetThroughput:         1145840.153 ops

[P]Valid Entries:         103494.731 / s

[P]mica evicted:          779097.589 / s

[P]set success:           1150687.295 / s

[P]setsuccess rate:       100.423  %

[P]get found:             491927.158 / s

----------------------------------

[INFO]Current Time:       75.28 s

[P]indexs Load Factor:    98.4916 %

[P]set request:           103356787 

[P]get request:           102983170 

[P]Get Hit Rate:          42.8253 %

[P]ACC Hit Rate:          37.2557 %

[P]rx packet:             71432.548 / s

[P]Throughput:            2302429.955 ops

[P]all request:           206339957 o

[P]GetThroughput:         1141790.983 ops

[P]SetThroughput:         1160638.972 ops

[P]Valid Entries:         96404.508 / s

[P]mica evicted:          802275.191 / s

[P]set success:           1150976.938 / s

[P]setsuccess rate:        99.168  %

[P]get found:             488975.774 / s

----------------------------------

[INFO]Current Time:       76.25 s

[P]indexs Load Factor:    98.6133 %

[P]set request:           104491493 

[P]get request:           104113531 

[P]Get Hit Rate:          42.2022 %

[P]ACC Hit Rate:          37.3094 %

[P]rx packet:             70828.487 / s

[P]Throughput:            2329141.515 ops

[P]all request:           208605024 o

[P]GetThroughput:         1162336.801 ops

[P]SetThroughput:         1166804.713 ops

[P]Valid Entries:         90312.490 / s

[P]mica evicted:          823280.384 / s

[P]set success:           1142799.327 / s

[P]setsuccess rate:        97.943  %

[P]get found:             490531.486 / s

----------------------------------

[INFO]Current Time:       77.22 s

[P]indexs Load Factor:    98.7257 %

[P]set request:           105617345 

[P]get request:           105234783 

[P]Get Hit Rate:          42.0779 %

[P]ACC Hit Rate:          37.3602 %

[P]rx packet:             70429.387 / s

[P]Throughput:            2307936.895 ops

[P]all request:           210852128 o

[P]GetThroughput:         1151606.183 ops

[P]SetThroughput:         1156330.712 ops

[P]Valid Entries:         82589.916 / s

[P]mica evicted:          823468.077 / s

[P]set success:           1146164.757 / s

[P]setsuccess rate:        99.121  %

[P]get found:             484571.395 / s

----------------------------------

[INFO]Current Time:       78.20 s

[P]indexs Load Factor:    98.8289 %

[P]set request:           106751607 

[P]get request:           106364735 

[P]Get Hit Rate:          41.9020 %

[P]ACC Hit Rate:          37.4084 %

[P]rx packet:             70514.695 / s

[P]Throughput:            2327376.552 ops

[P]all request:           213116342 o

[P]GetThroughput:         1161473.160 ops

[P]SetThroughput:         1165903.392 ops

[P]Valid Entries:         77178.545 / s

[P]mica evicted:          837325.123 / s

[P]set success:           1155658.352 / s

[P]setsuccess rate:        99.121  %

[P]get found:             486679.983 / s

----------------------------------

[INFO]Current Time:       79.17 s

[P]indexs Load Factor:    98.9243 %

[P]set request:           107859154 

[P]get request:           107481419 

[P]Get Hit Rate:          41.7494 %

[P]ACC Hit Rate:          37.4535 %

[P]rx packet:             70558.742 / s

[P]Throughput:            2293255.503 ops

[P]all request:           215340573 o

[P]GetThroughput:         1151338.025 ops

[P]SetThroughput:         1141917.477 ops

[P]Valid Entries:         70947.441 / s

[P]mica evicted:          836658.514 / s

[P]set success:           1145995.213 / s

[P]setsuccess rate:       100.357  %

[P]get found:             480676.852 / s

----------------------------------

[INFO]Current Time:       80.14 s

[P]indexs Load Factor:    99.0128 %

[P]set request:           108964498 

[P]get request:           108596482 

[P]Get Hit Rate:          41.5594 %

[P]ACC Hit Rate:          37.4957 %

[P]rx packet:             73322.261 / s

[P]Throughput:            2290354.399 ops

[P]all request:           217560980 o

[P]GetThroughput:         1150189.784 ops

[P]SetThroughput:         1140164.615 ops

[P]Valid Entries:         65601.468 / s

[P]mica evicted:          831719.711 / s

[P]set success:           1144594.917 / s

[P]setsuccess rate:       100.389  %

[P]get found:             478011.465 / s

----------------------------------

[INFO]Current Time:       81.11 s

[P]indexs Load Factor:    99.0941 %

[P]set request:           110092093 

[P]get request:           109719789 

[P]Get Hit Rate:          41.3377 %

[P]ACC Hit Rate:          37.5350 %

[P]rx packet:             70164.118 / s

[P]Throughput:            2321103.941 ops

[P]all request:           219811882 o

[P]GetThroughput:         1158341.103 ops

[P]SetThroughput:         1162762.838 ops

[P]Valid Entries:         60995.823 / s

[P]mica evicted:          834012.771 / s

[P]set success:           1152063.228 / s

[P]setsuccess rate:        99.080  %

[P]get found:             478831.284 / s

----------------------------------

[INFO]Current Time:       82.08 s

[P]indexs Load Factor:    99.1686 %

[P]set request:           111220194 

[P]get request:           110843703 

[P]Get Hit Rate:          41.1687 %

[P]ACC Hit Rate:          37.5719 %

[P]rx packet:             69886.433 / s

[P]Throughput:            2322687.360 ops

[P]all request:           222063897 o

[P]GetThroughput:         1159184.482 ops

[P]SetThroughput:         1163502.878 ops

[P]Valid Entries:         55778.161 / s

[P]mica evicted:          860861.412 / s

[P]set success:           1152788.883 / s

[P]setsuccess rate:        99.079  %

[P]get found:             477221.406 / s

----------------------------------

[INFO]Current Time:       83.05 s

[P]indexs Load Factor:    99.2376 %

[P]set request:           112343563 

[P]get request:           111962597 

[P]Get Hit Rate:          41.1500 %

[P]ACC Hit Rate:          37.6076 %

[P]rx packet:             70016.250 / s

[P]Throughput:            2313715.438 ops

[P]all request:           224306160 o

[P]GetThroughput:         1154548.918 ops

[P]SetThroughput:         1159166.520 ops

[P]Valid Entries:         51527.271 / s

[P]mica evicted:          841470.390 / s

[P]set success:           1134488.407 / s

[P]setsuccess rate:        97.871  %

[P]get found:             475097.003 / s

----------------------------------

[INFO]Current Time:       84.02 s

[P]indexs Load Factor:    99.3005 %

[P]set request:           113470395 

[P]get request:           113071445 

[P]Get Hit Rate:          41.2673 %

[P]ACC Hit Rate:          37.6435 %

[P]rx packet:             69679.835 / s

[P]Throughput:            2304907.954 ops

[P]all request:           226541840 o

[P]GetThroughput:         1143183.539 ops

[P]SetThroughput:         1161724.415 ops

[P]Valid Entries:         47580.068 / s

[P]mica evicted:          858552.645 / s

[P]set success:           1150942.582 / s

[P]setsuccess rate:        99.072  %

[P]get found:             471761.361 / s

----------------------------------

[INFO]Current Time:       84.98 s

[P]indexs Load Factor:    99.3586 %

[P]set request:           114596721 

[P]get request:           114193682 

[P]Get Hit Rate:          40.5544 %

[P]ACC Hit Rate:          37.6721 %

[P]rx packet:             69668.202 / s

[P]Throughput:            2324095.620 ops

[P]all request:           228790403 o

[P]GetThroughput:         1159934.632 ops

[P]SetThroughput:         1164160.988 ops

[P]Valid Entries:         43903.866 / s

[P]mica evicted:          866655.109 / s

[P]set success:           1153129.466 / s

[P]setsuccess rate:        99.052  %

[P]get found:             470405.066 / s

----------------------------------

[INFO]Current Time:       85.95 s

[P]indexs Load Factor:    99.4122 %

[P]set request:           115720725 

[P]get request:           115299597 

[P]Get Hit Rate:          40.8666 %

[P]ACC Hit Rate:          37.7028 %

[P]rx packet:             70068.789 / s

[P]Throughput:            2311904.068 ops

[P]all request:           231020322 o

[P]GetThroughput:         1146575.005 ops

[P]SetThroughput:         1165329.064 ops

[P]Valid Entries:         40583.166 / s

[P]mica evicted:          882814.492 / s

[P]set success:           1154468.940 / s

[P]setsuccess rate:        99.068  %

[P]get found:             468566.367 / s

----------------------------------

[INFO]Current Time:       86.92 s

[P]indexs Load Factor:    99.4615 %

[P]set request:           116829499 

[P]get request:           116390489 

[P]Get Hit Rate:          41.2523 %

[P]ACC Hit Rate:          37.7360 %

[P]rx packet:             69636.089 / s

[P]Throughput:            2273283.839 ops

[P]all request:           233219988 o

[P]GetThroughput:         1127401.685 ops

[P]SetThroughput:         1145882.155 ops

[P]Valid Entries:         37273.047 / s

[P]mica evicted:          872277.773 / s

[P]set success:           1135126.856 / s

[P]setsuccess rate:        99.061  %

[P]get found:             465079.083 / s

----------------------------------

[INFO]Current Time:       87.88 s

[P]indexs Load Factor:    99.5068 %

[P]set request:           117954008 

[P]get request:           117510644 

[P]Get Hit Rate:          40.0040 %

[P]ACC Hit Rate:          37.7577 %

[P]rx packet:             69206.317 / s

[P]Throughput:            2316092.095 ops

[P]all request:           235464652 o

[P]GetThroughput:         1155799.773 ops

[P]SetThroughput:         1160292.322 ops

[P]Valid Entries:         34370.999 / s

[P]mica evicted:          887651.089 / s

[P]set success:           1135034.369 / s

[P]setsuccess rate:        97.823  %

[P]get found:             462366.341 / s

----------------------------------

[INFO]Current Time:       88.85 s

[P]indexs Load Factor:    99.5481 %

[P]set request:           119052088 

[P]get request:           118617152 

[P]Get Hit Rate:          40.3005 %

[P]ACC Hit Rate:          37.7814 %

[P]rx packet:             69525.520 / s

[P]Throughput:            2274482.880 ops

[P]all request:           237669240 o

[P]GetThroughput:         1141589.042 ops

[P]SetThroughput:         1132893.838 ops

[P]Valid Entries:         31228.657 / s

[P]mica evicted:          891943.430 / s

[P]set success:           1148936.840 / s

[P]setsuccess rate:       101.416  %

[P]get found:             460065.827 / s

----------------------------------

[INFO]Current Time:       89.82 s

[P]indexs Load Factor:    99.5862 %

[P]set request:           120175652 

[P]get request:           119722563 

[P]Get Hit Rate:          39.9896 %

[P]ACC Hit Rate:          37.8018 %

[P]rx packet:             69434.555 / s

[P]Throughput:            2312246.215 ops

[P]all request:           239898215 o

[P]GetThroughput:         1146707.523 ops

[P]SetThroughput:         1165538.692 ops

[P]Valid Entries:         29530.485 / s

[P]mica evicted:          888123.089 / s

[P]set success:           1153896.418 / s

[P]setsuccess rate:        99.001  %

[P]get found:             458563.298 / s

----------------------------------

[INFO]Current Time:       90.79 s

[P]indexs Load Factor:    99.6206 %

[P]set request:           121300538 

[P]get request:           120843290 

[P]Get Hit Rate:          39.2564 %

[P]ACC Hit Rate:          37.8153 %

[P]rx packet:             70492.174 / s

[P]Throughput:            2318775.171 ops

[P]all request:           242143828 o

[P]GetThroughput:         1157240.335 ops

[P]SetThroughput:         1161534.836 ops

[P]Valid Entries:         26390.681 / s

[P]mica evicted:          900085.569 / s

[P]set success:           1150397.427 / s

[P]setsuccess rate:        99.041  %

[P]get found:             454290.819 / s

----------------------------------

[INFO]Current Time:       91.75 s

[P]indexs Load Factor:    99.6523 %

[P]set request:           122404403 

[P]get request:           121962850 

[P]Get Hit Rate:          39.1908 %

[P]ACC Hit Rate:          37.8279 %

[P]rx packet:             70349.604 / s

[P]Throughput:            2300555.488 ops

[P]all request:           244367253 o

[P]GetThroughput:         1158397.473 ops

[P]SetThroughput:         1142158.015 ops

[P]Valid Entries:         24104.137 / s

[P]mica evicted:          893366.818 / s

[P]set success:           1151268.460 / s

[P]setsuccess rate:       100.798  %

[P]get found:             453984.698 / s

----------------------------------

[INFO]Current Time:       92.72 s

[P]indexs Load Factor:    99.6814 %

[P]set request:           123506544 

[P]get request:           123074663 

[P]Get Hit Rate:          39.0545 %

[P]ACC Hit Rate:          37.8390 %

[P]rx packet:             69593.650 / s

[P]Throughput:            2287402.437 ops

[P]all request:           246581207 o

[P]GetThroughput:         1148697.654 ops

[P]SetThroughput:         1138704.783 ops

[P]Valid Entries:         22190.538 / s

[P]mica evicted:          899820.205 / s

[P]set success:           1141285.655 / s

[P]setsuccess rate:       100.227  %

[P]get found:             448618.117 / s

----------------------------------

[INFO]Current Time:       93.69 s

[P]indexs Load Factor:    99.7082 %

[P]set request:           124590876 

[P]get request:           124168744 

[P]Get Hit Rate:          38.6801 %

[P]ACC Hit Rate:          37.8464 %

[P]rx packet:             70623.573 / s

[P]Throughput:            2251929.352 ops

[P]all request:           248759620 o

[P]GetThroughput:         1131003.679 ops

[P]SetThroughput:         1120925.673 ops

[P]Valid Entries:         19961.667 / s

[P]mica evicted:          873978.862 / s

[P]set success:           1124083.772 / s

[P]setsuccess rate:       100.282  %

[P]get found:             437473.742 / s

----------------------------------

[INFO]Current Time:       94.74 s

[P]indexs Load Factor:    99.7325 %

[P]set request:           125761118 

[P]get request:           125316095 

[P]Get Hit Rate:          39.3338 %

[P]ACC Hit Rate:          37.8600 %

[P]rx packet:             72134.523 / s

[P]Throughput:            2211589.406 ops

[P]all request:           251077213 o

[P]GetThroughput:         1094872.705 ops

[P]SetThroughput:         1116716.701 ops

[P]Valid Entries:         17949.656 / s

[P]mica evicted:          876972.853 / s

[P]set success:           1105567.112 / s

[P]setsuccess rate:        99.002  %

[P]get found:             430655.281 / s

----------------------------------

[INFO]Current Time:       95.70 s

[P]indexs Load Factor:    99.7548 %

[P]set request:           126869972 

[P]get request:           126434523 

[P]Get Hit Rate:          38.3500 %

[P]ACC Hit Rate:          37.8643 %

[P]rx packet:             69092.631 / s

[P]Throughput:            2306348.156 ops

[P]all request:           253304495 o

[P]GetThroughput:         1158131.012 ops

[P]SetThroughput:         1148217.145 ops

[P]Valid Entries:         17294.903 / s

[P]mica evicted:          916044.820 / s

[P]set success:           1121310.740 / s

[P]setsuccess rate:        97.657  %

[P]get found:             444143.100 / s

----------------------------------

[INFO]Current Time:       96.67 s

[P]indexs Load Factor:    99.7749 %

[P]set request:           127983108 

[P]get request:           127557085 

[P]Get Hit Rate:          38.0986 %

[P]ACC Hit Rate:          37.8664 %

[P]rx packet:             68096.487 / s

[P]Throughput:            2312496.086 ops

[P]all request:           255540193 o

[P]GetThroughput:         1161122.938 ops

[P]SetThroughput:         1151373.147 ops

[P]Valid Entries:         15782.125 / s

[P]mica evicted:          910677.640 / s

[P]set success:           1153558.731 / s

[P]setsuccess rate:       100.190  %

[P]get found:             442371.164 / s

----------------------------------

[INFO]Current Time:       97.63 s

[P]indexs Load Factor:    99.7934 %

[P]set request:           129073440 

[P]get request:           128670892 

[P]Get Hit Rate:          37.7503 %

[P]ACC Hit Rate:          37.8654 %

[P]rx packet:             68773.541 / s

[P]Throughput:            2289790.842 ops

[P]all request:           257744332 o

[P]GetThroughput:         1157089.035 ops

[P]SetThroughput:         1132701.807 ops

[P]Valid Entries:         14376.777 / s

[P]mica evicted:          909713.722 / s

[P]set success:           1148941.260 / s

[P]setsuccess rate:       101.434  %

[P]get found:             436804.079 / s

----------------------------------

[INFO]Current Time:       98.59 s

[P]indexs Load Factor:    99.8107 %

[P]set request:           130191412 

[P]get request:           129784536 

[P]Get Hit Rate:          37.6310 %

[P]ACC Hit Rate:          37.8634 %

[P]rx packet:             68648.928 / s

[P]Throughput:            2314414.610 ops

[P]all request:           259975948 o

[P]GetThroughput:         1154963.015 ops

[P]SetThroughput:         1159451.595 ops

[P]Valid Entries:         13482.333 / s

[P]mica evicted:          921183.510 / s

[P]set success:           1147226.230 / s

[P]setsuccess rate:        98.946  %

[P]get found:             434623.745 / s

----------------------------------

[INFO]Current Time:       99.56 s

[P]indexs Load Factor:    99.8263 %

[P]set request:           131316700 

[P]get request:           130905493 

[P]Get Hit Rate:          37.4904 %

[P]ACC Hit Rate:          37.8602 %

[P]rx packet:             69225.133 / s

[P]Throughput:            2325009.091 ops

[P]all request:           262222193 o

[P]GetThroughput:         1160263.113 ops

[P]SetThroughput:         1164745.978 ops

[P]Valid Entries:         12267.588 / s

[P]mica evicted:          916744.457 / s

[P]set success:           1152121.293 / s

[P]setsuccess rate:        98.916  %

[P]get found:             434987.010 / s

----------------------------------

[INFO]Current Time:       100.52 s

[P]indexs Load Factor:    99.8405 %

[P]set request:           132424005 

[P]get request:           132022786 

[P]Get Hit Rate:          37.1477 %

[P]ACC Hit Rate:          37.8541 %

[P]rx packet:             69663.812 / s

[P]Throughput:            2319171.193 ops

[P]all request:           264446791 o

[P]GetThroughput:         1164791.904 ops

[P]SetThroughput:         1154379.289 ops

[P]Valid Entries:         11267.475 / s

[P]mica evicted:          933957.747 / s

[P]set success:           1128704.292 / s

[P]setsuccess rate:        97.776  %

[P]get found:             432693.765 / s

----------------------------------

[INFO]Current Time:       101.48 s

[P]indexs Load Factor:    99.8536 %

[P]set request:           133536143 

[P]get request:           133130834 

[P]Get Hit Rate:          37.1421 %

[P]ACC Hit Rate:          37.8482 %

[P]rx packet:             70023.321 / s

[P]Throughput:            2307763.514 ops

[P]all request:           266666977 o

[P]GetThroughput:         1151756.090 ops

[P]SetThroughput:         1156007.424 ops

[P]Valid Entries:         10240.622 / s

[P]mica evicted:          925247.288 / s

[P]set success:           1131206.242 / s

[P]setsuccess rate:        97.855  %

[P]get found:             427786.091 / s

----------------------------------

[INFO]Current Time:       102.45 s

[P]indexs Load Factor:    99.8656 %

[P]set request:           134636251 

[P]get request:           134254294 

[P]Get Hit Rate:          36.7423 %

[P]ACC Hit Rate:          37.8390 %

[P]rx packet:             69447.447 / s

[P]Throughput:            2303795.687 ops

[P]all request:           268890545 o

[P]GetThroughput:         1163995.121 ops

[P]SetThroughput:         1139800.566 ops

[P]Valid Entries:         9356.844 / s

[P]mica evicted:          938352.305 / s

[P]set success:           1155882.610 / s

[P]setsuccess rate:       101.411  %

[P]get found:             427678.534 / s

----------------------------------

[INFO]Current Time:       103.41 s

[P]indexs Load Factor:    99.8765 %

[P]set request:           135740668 

[P]get request:           135368138 

[P]Get Hit Rate:          36.7302 %

[P]ACC Hit Rate:          37.8298 %

[P]rx packet:             70643.513 / s

[P]Throughput:            2303513.946 ops

[P]all request:           271108806 o

[P]GetThroughput:         1156651.624 ops

[P]SetThroughput:         1146862.322 ops

[P]Valid Entries:         8708.294 / s

[P]mica evicted:          921699.039 / s

[P]set success:           1134882.967 / s

[P]setsuccess rate:        98.955  %

[P]get found:             424840.321 / s

----------------------------------

[INFO]Current Time:       104.37 s

[P]indexs Load Factor:    99.8864 %

[P]set request:           136851658 

[P]get request:           136474463 

[P]Get Hit Rate:          36.4414 %

[P]ACC Hit Rate:          37.8186 %

[P]rx packet:             70394.658 / s

[P]Throughput:            2315489.266 ops

[P]all request:           273326121 o

[P]GetThroughput:         1155308.859 ops

[P]SetThroughput:         1160180.407 ops

[P]Valid Entries:         7890.551 / s

[P]mica evicted:          935358.186 / s

[P]set success:           1147633.429 / s

[P]setsuccess rate:        98.919  %

[P]get found:             421010.390 / s

----------------------------------

[INFO]Current Time:       105.33 s

[P]indexs Load Factor:    99.8974 %

[P]set request:           138111181 

[P]get request:           137742184 

[P]Get Hit Rate:          36.6243 %

[P]ACC Hit Rate:          37.8076 %

[P]rx packet:             92789.457 / s

[P]Throughput:            2624293.267 ops

[P]all request:           275853365 o

[P]GetThroughput:         1316403.040 ops

[P]SetThroughput:         1307890.227 ops

[P]Valid Entries:         8065.262 / s

[P]mica evicted:          1063011.335 / s

[P]set success:           1309411.485 / s

[P]setsuccess rate:       100.116  %

[P]get found:             482123.459 / s

----------------------------------

[INFO]Current Time:       106.29 s

[P]indexs Load Factor:    99.8993 %

[P]set request:           138808439 

[P]get request:           138416985 

[P]Get Hit Rate:          37.5179 %

[P]ACC Hit Rate:          37.8062 %

[P]rx packet:             47890.539 / s

[P]Throughput:            1427734.924 ops

[P]all request:           277225424 o

[P]GetThroughput:         702183.328 ops

[P]SetThroughput:         725551.596 ops

[P]Valid Entries:         4286.142 / s

[P]mica evicted:          584187.984 / s

[P]set success:           719434.036 / s

[P]setsuccess rate:        99.157  %

[P]get found:             263444.268 / s

----------------------------------
[INFO]End rx_queue_1:3319624
[INFO]End rx_queue_3:2273521
[INFO]End rx_queue_2:3319446

[INFO]Current Time:       107.26 s

[P]indexs Load Factor:    99.8993 %

[P]set request:           138808439 

[P]get request:           138416985 

[P]Get Hit Rate:          -nan %

[P]ACC Hit Rate:          37.8062 %

[P]rx packet:               3.114 / s

----------------------------------
run finish job......

Total Index Entries:      62115973

indexs Load Factor:     99.899261 %

log_0 Load Factor:      858993459193.208740 %

log_1 Load Factor:      858993459154.701416 %

log_2 Load Factor:      858993459155.422119 %

log_3 Load Factor:      858993459176.822754 %

Get Hit Rate:           37.806183%

Max Throughput:         3118791.884035

Calc Load Factor:       99.899261%
valid count:            18446744073705905542

set request:              28181712 | set_success:              28172443
set_fail:                     9269 | set_key_duplicate:         5313922 | set_mica_evicted:                0
set_random:                      0 | set_cuckoo_evicted:         392219 | set_expire_evicted:        5542161

get request:              28181712
get_found:                10531914 | get_notfound:             17649798 | get_hit_ratio:          37.371449%

clean up:                        0 | test_notfound:                   0
move_to_head_performed:    4560139 | move_to_head_skipped:      5971775 | move_to_head_failed:             0


valid count:            18446744073685232127

set request:              43155099 | set_success:              43139623
set_fail:                    15476 | set_key_duplicate:         8284417 | set_mica_evicted:                0
set_random:                      0 | set_cuckoo_evicted:         414441 | set_expire_evicted:       17078629

get request:              43155099
get_found:                16280102 | get_notfound:             26874997 | get_hit_ratio:          37.724631%

clean up:                        0 | test_notfound:                   0
move_to_head_performed:    7030708 | move_to_head_skipped:      9249394 | move_to_head_failed:             0


valid count:            18446744073685619067

set request:              43152785 | set_success:              43137205
set_fail:                    15580 | set_key_duplicate:         8442763 | set_mica_evicted:                0
set_random:                      0 | set_cuckoo_evicted:         401170 | set_expire_evicted:       16966589

get request:              43152785
get_found:                16596627 | get_notfound:             26556158 | get_hit_ratio:          38.460153%

clean up:                        0 | test_notfound:                   0
move_to_head_performed:    7126482 | move_to_head_skipped:      9470143 | move_to_head_failed:             2


valid count:            18446744073697108404

set request:              29555760 | set_success:              29550883
set_fail:                     4877 | set_key_duplicate:         4859070 | set_mica_evicted:                0
set_random:                      0 | set_cuckoo_evicted:         231665 | set_expire_evicted:       12206038

get request:              29555760
get_found:                 9705898 | get_notfound:             19849862 | get_hit_ratio:          32.839277%

clean up:                        0 | test_notfound:                   0
move_to_head_performed:    3880316 | move_to_head_skipped:      5825582 | move_to_head_failed:             0


[INFO] Everything works fine.
