EAL: Detected 44 lcore(s)
EAL: Detected 1 NUMA nodes
EAL: Multi-process socket /var/run/dpdk/rte/mp_socket
EAL: Selected IOVA mode 'PA'
EAL: No available hugepages reported in hugepages-1048576kB
[INFO] 单个Log Size为:-2147483648 GB
[INFO] 运行proto
[INFO] 运行cleanup
[INFO] 运行reload
[INFO] reload kv size 8
EAL: Probing VFIO support...
EAL: VFIO support initialized
EAL: PCI device 0000:03:00.0 on NUMA socket 0
EAL:   probe driver: 15b3:1017 net_mlx5
WEN: There are 1 device(s) available
starting port 0...
querying port 0...
port 0: 100 Gbps (full-duplex)
Adding UDP filter for each endpoint.
port_id/queue_id/udp_port = 0 0 0
Flow is created with src_port = 0, dst_port = 0
port_id/queue_id/udp_port = 0 1 1
Flow is created with src_port = 0, dst_port = 1
port_id/queue_id/udp_port = 0 2 2
Flow is created with src_port = 0, dst_port = 2
port_id/queue_id/udp_port = 0 3 3
Flow is created with src_port = 0, dst_port = 3
MEM: Initializing pages...
 == [STAT] Workers Start (4 threads in total) == 
trigger:0.000000 

[INFO]Current Time:       6.34 s

[P]indexs Load Factor:    0.0510 %

[P]full bucket LFactor:   0.0000 %

[P]set request:           36765 
[P]get request:           23997 

[P]Get Hit Rate:          45.2307 %
[P]ACC Hit Rate:          45.2307 %

[P]total cuckoo num:      0 
[P]total cuckoo path:     0 
[P]total cp perset:       0.000000 / set
[P]total cp percuckoo:    -nan / cuckoo num

[P]cuckoo path / s:       0 / s
[P]cp per set * s:        0 / set * s

[P]break loop / s:        0 / s
[P]break / set :          0 %

[P]Throughput:            89593.575 ops
[P]all request:           60762 o

[P]GetThroughput:         35383.579 ops
[P]SetThroughput:         54209.996 ops

[P]Valid Entries:         52467.137 / s
[P]set success:           54093.511 / s

[P]get found:             16004.224 / s

----------------------------------

[INFO]Current Time:       7.08 s

[P]indexs Load Factor:    0.1856 %

[P]full bucket LFactor:   0.0000 %

[P]set request:           148718 
[P]get request:           102010 

[P]Get Hit Rate:          54.4153 %
[P]ACC Hit Rate:          52.2547 %

[P]total cuckoo num:      0 
[P]total cuckoo path:     0 
[P]total cp perset:       0.000000 / set
[P]total cp percuckoo:    -nan / cuckoo num

[P]cuckoo path / s:       0 / s
[P]cp per set * s:        0 / set * s

[P]break loop / s:        0 / s
[P]break / set :          0 %

[P]Throughput:            257948.614 ops
[P]all request:           250728 o

[P]GetThroughput:         105931.300 ops
[P]SetThroughput:         152017.315 ops

[P]Valid Entries:         150663.521 / s
[P]set success:           152692.175 / s

[P]expire scan persec:    1109.378 / s
[P]total expire scan:     817
[P]expire hit persec:       0.000 / s
[P]total expire hit:      0

[P]expire hit rate:       0.000000 %
[P]total expire hit rate: 0.000000 %

[P]get found:             57642.824 / s

----------------------------------

[INFO]Current Time:       7.80 s

[P]indexs Load Factor:    1.7088 %

[P]full bucket LFactor:   0.0000 %

[P]set request:           1037996 
[P]get request:           825039 

[P]Get Hit Rate:          58.2632 %
[P]ACC Hit Rate:          57.5203 %

[P]total cuckoo num:      0 
[P]total cuckoo path:     0 
[P]total cp perset:       0.000000 / set
[P]total cp percuckoo:    -nan / cuckoo num

[P]cuckoo path / s:       0 / s
[P]cp per set * s:        0 / set * s

[P]break loop / s:        0 / s
[P]break / set :          0 %

[P]Throughput:            2223071.501 ops
[P]all request:           1863035 o

[P]GetThroughput:         996922.524 ops
[P]SetThroughput:         1226148.977 ops

[P]Valid Entries:         1364594.314 / s
[P]set success:           1297483.299 / s

[P]expire scan persec:    122357.335 / s
[P]total expire scan:     89558
[P]expire hit persec:       0.000 / s
[P]total expire hit:      0

[P]expire hit rate:       0.000000 %
[P]total expire hit rate: 0.000000 %

[P]get found:             580839.195 / s

----------------------------------

[INFO]Current Time:       8.52 s

[P]indexs Load Factor:    4.3379 %

[P]full bucket LFactor:   0.0002 %

[P]set request:           3343775 
[P]get request:           2607213 

[P]Get Hit Rate:          62.4819 %
[P]ACC Hit Rate:          60.9119 %

[P]total cuckoo num:      0 
[P]total cuckoo path:     0 
[P]total cp perset:       0.000000 / set
[P]total cp percuckoo:    -nan / cuckoo num

[P]cuckoo path / s:       0 / s
[P]cp per set * s:        0 / set * s

[P]break loop / s:        0 / s
[P]break / set :          0 %

[P]Throughput:            5670687.522 ops
[P]all request:           5950988 o

[P]GetThroughput:         2472179.075 ops
[P]SetThroughput:         3198508.448 ops

[P]Valid Entries:         3231488.425 / s
[P]set success:           3191031.599 / s

[P]expire scan persec:    1076925.602 / s
[P]total expire scan:     865905
[P]expire hit persec:       0.000 / s
[P]total expire hit:      0

[P]expire hit rate:       0.000000 %
[P]total expire hit rate: 0.000000 %

[P]get found:             1544665.599 / s

----------------------------------

[INFO]Current Time:       9.31 s

[P]indexs Load Factor:    7.0403 %

[P]full bucket LFactor:   0.0026 %

[P]set request:           5769617 
[P]get request:           4497615 

[P]Get Hit Rate:          70.1758 %
[P]ACC Hit Rate:          64.8056 %

[P]total cuckoo num:      0 
[P]total cuckoo path:     0 
[P]total cp perset:       0.000000 / set
[P]total cp percuckoo:    -nan / cuckoo num

[P]cuckoo path / s:       0 / s
[P]cp per set * s:        0 / set * s

[P]break loop / s:        0 / s
[P]break / set :          0 %

[P]Throughput:            5509735.045 ops
[P]all request:           10267232 o

[P]GetThroughput:         2413119.867 ops
[P]SetThroughput:         3096615.178 ops

[P]Valid Entries:         3087545.564 / s
[P]set success:           3140836.089 / s

[P]expire scan persec:    2081731.103 / s
[P]total expire scan:     2496702
[P]expire hit persec:       0.000 / s
[P]total expire hit:      0

[P]expire hit rate:       0.000000 %
[P]total expire hit rate: 0.000000 %

[P]get found:             1693425.244 / s

----------------------------------

[INFO]Current Time:       10.14 s

[P]indexs Load Factor:    9.7984 %

[P]full bucket LFactor:   0.0164 %

[P]set request:           8356294 
[P]get request:           6562095 

[P]Get Hit Rate:          72.3527 %
[P]ACC Hit Rate:          67.1800 %

[P]total cuckoo num:      0 
[P]total cuckoo path:     0 
[P]total cp perset:       0.000000 / set
[P]total cp percuckoo:    -nan / cuckoo num

[P]cuckoo path / s:       0 / s
[P]cp per set * s:        0 / set * s

[P]break loop / s:        0 / s
[P]break / set :          0 %

[P]Throughput:            5554927.459 ops
[P]all request:           14918389 o

[P]GetThroughput:         2465630.948 ops
[P]SetThroughput:         3089296.512 ops

[P]Valid Entries:         2959895.315 / s
[P]set success:           3019883.163 / s

[P]expire scan persec:    3093131.444 / s
[P]total expire scan:     5086590
[P]expire hit persec:       0.000 / s
[P]total expire hit:      0

[P]expire hit rate:       0.000000 %
[P]total expire hit rate: 0.000000 %

[P]get found:             1783951.732 / s

----------------------------------

[INFO]Current Time:       11.01 s

[P]indexs Load Factor:    12.5232 %

[P]full bucket LFactor:   0.0598 %

[P]set request:           10994326 
[P]get request:           8601535 

[P]Get Hit Rate:          78.7123 %
[P]ACC Hit Rate:          69.9143 %

[P]total cuckoo num:      0 
[P]total cuckoo path:     0 
[P]total cp perset:       0.000000 / set
[P]total cp percuckoo:    -nan / cuckoo num

[P]cuckoo path / s:       0 / s
[P]cp per set * s:        0 / set * s

[P]break loop / s:        0 / s
[P]break / set :          0 %

[P]Throughput:            5380139.953 ops
[P]all request:           19595861 o

[P]GetThroughput:         2345812.573 ops
[P]SetThroughput:         3034327.380 ops

[P]Valid Entries:         2944665.129 / s
[P]set success:           2971529.758 / s

[P]expire scan persec:    4064359.759 / s
[P]total expire scan:     8620128
[P]expire hit persec:       0.000 / s
[P]total expire hit:      0

[P]expire hit rate:       0.000000 %
[P]total expire hit rate: 0.000000 %

[P]get found:             1846442.879 / s

----------------------------------

[INFO]Current Time:       11.89 s

[P]indexs Load Factor:    15.3102 %

[P]full bucket LFactor:   0.1601 %

[P]set request:           13535414 
[P]get request:           10695602 

[P]Get Hit Rate:          78.2695 %
[P]ACC Hit Rate:          71.5502 %

[P]total cuckoo num:      1 
[P]total cuckoo path:     0 
[P]total cp perset:       0.000000 / set
[P]total cp percuckoo:    0.000000 / cuckoo num

[P]cuckoo path / s:       0 / s
[P]cp per set * s:        0 / set * s

[P]break loop / s:        0 / s
[P]break / set :          0 %

[P]Throughput:            5271318.295 ops
[P]all request:           24231016 o

[P]GetThroughput:         2381472.397 ops
[P]SetThroughput:         2889845.898 ops

[P]Valid Entries:         2893066.583 / s
[P]set success:           2875784.970 / s

[P]expire scan persec:    5032864.794 / s
[P]total expire scan:     13045607
[P]expire hit persec:       1.137 / s
[P]total expire hit:      1

[P]expire hit rate:       0.000023 %
[P]total expire hit rate: 0.000008 %

[P]get found:             1863966.798 / s

----------------------------------

[INFO]Current Time:       12.80 s

[P]indexs Load Factor:    18.0087 %

[P]full bucket LFactor:   0.3451 %

[P]set request:           16138553 
[P]get request:           12838413 

[P]Get Hit Rate:          79.7826 %
[P]ACC Hit Rate:          72.9242 %

[P]total cuckoo num:      11 
[P]total cuckoo path:     0 
[P]total cp perset:       0.000000 / set
[P]total cp percuckoo:    0.000000 / cuckoo num

[P]cuckoo path / s:       0 / s
[P]cp per set * s:        0 / set * s

[P]break loop / s:        0 / s
[P]break / set :          0 %

[P]Throughput:            5250937.386 ops
[P]all request:           28976966 o

[P]GetThroughput:         2370814.356 ops
[P]SetThroughput:         2880123.030 ops

[P]Valid Entries:         2734037.891 / s
[P]set success:           2773402.634 / s

[P]expire scan persec:    5803475.472 / s
[P]total expire scan:     18290957
[P]expire hit persec:       5.532 / s
[P]total expire hit:      6

[P]expire hit rate:       0.000095 %
[P]total expire hit rate: 0.000033 %

[P]get found:             1891496.970 / s

----------------------------------

[INFO]Current Time:       13.71 s

[P]indexs Load Factor:    20.7930 %

[P]full bucket LFactor:   0.6594 %

[P]set request:           18723708 
[P]get request:           15054294 

[P]Get Hit Rate:          81.2833 %
[P]ACC Hit Rate:          74.1546 %

[P]total cuckoo num:      67 
[P]total cuckoo path:     0 
[P]total cp perset:       0.000000 / set
[P]total cp percuckoo:    0.000000 / cuckoo num

[P]cuckoo path / s:       0 / s
[P]cp per set * s:        0 / set * s

[P]break loop / s:        0 / s
[P]break / set :          0 %

[P]Throughput:            5228822.132 ops
[P]all request:           33778002 o

[P]GetThroughput:         2413322.378 ops
[P]SetThroughput:         2815499.755 ops

[P]Valid Entries:         2794817.691 / s
[P]set success:           2743389.164 / s

[P]expire scan persec:    6838019.557 / s
[P]total expire scan:     24569537
[P]expire hit persec:      22.871 / s
[P]total expire hit:      27

[P]expire hit rate:       0.000334 %
[P]total expire hit rate: 0.000110 %

[P]get found:             1961627.850 / s

----------------------------------

[INFO]Current Time:       14.64 s

[P]indexs Load Factor:    23.5376 %

[P]full bucket LFactor:   1.1197 %

[P]set request:           21345826 
[P]get request:           17318681 

[P]Get Hit Rate:          81.1699 %
[P]ACC Hit Rate:          75.0718 %

[P]total cuckoo num:      248 
[P]total cuckoo path:     1 
[P]total cp perset:       0.000000 / set
[P]total cp percuckoo:    0.004032 / cuckoo num

[P]cuckoo path / s:       1.078 / s
[P]cp per set * s:        0.000000 / set * s

[P]break loop / s:        0 / s
[P]break / set :          0 %

[P]Throughput:            5267901.564 ops
[P]all request:           38664507 o

[P]GetThroughput:         2441124.652 ops
[P]SetThroughput:         2826776.912 ops

[P]Valid Entries:         2752105.710 / s
[P]set success:           2844329.738 / s

[P]expire scan persec:    7675704.737 / s
[P]total expire scan:     31689520
[P]expire hit persec:      70.073 / s
[P]total expire hit:      92

[P]expire hit rate:       0.000913 %
[P]total expire hit rate: 0.000290 %

[P]get found:             1981457.724 / s

----------------------------------

[INFO]Current Time:       15.58 s

[P]indexs Load Factor:    26.2324 %

[P]full bucket LFactor:   1.7451 %

[P]set request:           23942330 
[P]get request:           19578265 

[P]Get Hit Rate:          77.2719 %
[P]ACC Hit Rate:          75.3257 %

[P]total cuckoo num:      753 
[P]total cuckoo path:     8 
[P]total cp perset:       0.000000 / set
[P]total cp percuckoo:    0.010624 / cuckoo num

[P]cuckoo path / s:       7.492 / s
[P]cp per set * s:        0.000003 / set * s

[P]break loop / s:        0 / s
[P]break / set :          0 %

[P]Throughput:            5197339.088 ops
[P]all request:           43520595 o

[P]GetThroughput:         2418371.382 ops
[P]SetThroughput:         2778967.706 ops

[P]Valid Entries:         2700138.901 / s
[P]set success:           2668327.181 / s

[P]expire scan persec:    8439830.188 / s
[P]total expire scan:     39575201
[P]expire hit persec:     154.119 / s
[P]total expire hit:      236

[P]expire hit rate:       0.001826 %
[P]total expire hit rate: 0.000596 %

[P]get found:             1868720.992 / s

----------------------------------

[INFO]Current Time:       16.51 s

[P]indexs Load Factor:    28.9600 %

[P]full bucket LFactor:   2.5687 %

[P]set request:           26467858 
[P]get request:           21795041 

[P]Get Hit Rate:          83.8784 %
[P]ACC Hit Rate:          76.1956 %

[P]total cuckoo num:      1617 
[P]total cuckoo path:     27 
[P]total cp perset:       0.000001 / set
[P]total cp percuckoo:    0.016698 / cuckoo num

[P]cuckoo path / s:       20.299 / s
[P]cp per set * s:        0.000007 / set * s

[P]break loop / s:        0 / s
[P]break / set :          0 %

[P]Throughput:            5066553.190 ops
[P]all request:           48262899 o

[P]GetThroughput:         2368345.326 ops
[P]SetThroughput:         2698207.863 ops

[P]Valid Entries:         2711784.757 / s
[P]set success:           2806424.511 / s

[P]expire scan persec:    9137390.575 / s
[P]total expire scan:     48127817
[P]expire hit persec:     643.161 / s
[P]total expire hit:      838

[P]expire hit rate:       0.007039 %
[P]total expire hit rate: 0.001741 %

[P]get found:             1986529.909 / s

----------------------------------

[INFO]Current Time:       17.45 s

[P]indexs Load Factor:    31.7959 %

[P]full bucket LFactor:   3.6489 %

[P]set request:           29046207 
[P]get request:           24045191 

[P]Get Hit Rate:          81.9360 %
[P]ACC Hit Rate:          76.7328 %

[P]total cuckoo num:      2337 
[P]total cuckoo path:     48 
[P]total cp perset:       0.000002 / set
[P]total cp percuckoo:    0.020539 / cuckoo num

[P]cuckoo path / s:       22.450 / s
[P]cp per set * s:        0.000008 / set * s

[P]break loop / s:        0 / s
[P]break / set :          0 %

[P]Throughput:            5161895.893 ops
[P]all request:           53091398 o

[P]GetThroughput:         2405517.749 ops
[P]SetThroughput:         2756378.144 ops

[P]Valid Entries:         2732769.294 / s
[P]set success:           2777395.623 / s

[P]expire scan persec:    8891373.664 / s
[P]total expire scan:     56444914
[P]expire hit persec:     2622.374 / s
[P]total expire hit:      3291

[P]expire hit rate:       0.029493 %
[P]total expire hit rate: 0.005830 %

[P]get found:             1970985.125 / s

----------------------------------

[INFO]Current Time:       18.40 s

[P]indexs Load Factor:    34.6066 %

[P]full bucket LFactor:   4.9537 %

[P]set request:           31661359 
[P]get request:           26384042 

[P]Get Hit Rate:          80.0445 %
[P]ACC Hit Rate:          77.0264 %

[P]total cuckoo num:      2792 
[P]total cuckoo path:     74 
[P]total cp perset:       0.000002 / set
[P]total cp percuckoo:    0.026504 / cuckoo num

[P]cuckoo path / s:       27.207 / s
[P]cp per set * s:        0.000010 / set * s

[P]break loop / s:        0 / s
[P]break / set :          0 %

[P]Throughput:            5183903.713 ops
[P]all request:           58045401 o

[P]GetThroughput:         2447390.198 ops
[P]SetThroughput:         2736513.515 ops

[P]Valid Entries:         2759795.026 / s
[P]set success:           2848655.913 / s

[P]expire scan persec:    8496359.674 / s
[P]total expire scan:     64564469
[P]expire hit persec:     6217.751 / s
[P]total expire hit:      9233

[P]expire hit rate:       0.073181 %
[P]total expire hit rate: 0.014300 %

[P]get found:             1959000.631 / s

----------------------------------

[INFO]Current Time:       19.35 s

[P]indexs Load Factor:    37.4907 %

[P]full bucket LFactor:   6.5180 %

[P]set request:           34332788 
[P]get request:           28618355 

[P]Get Hit Rate:          83.1451 %
[P]ACC Hit Rate:          77.5041 %

[P]total cuckoo num:      3038 
[P]total cuckoo path:     88 
[P]total cp perset:       0.000003 / set
[P]total cp percuckoo:    0.028966 / cuckoo num

[P]cuckoo path / s:       14.780 / s
[P]cp per set * s:        0.000005 / set * s

[P]break loop / s:        0 / s
[P]break / set :          0 %

[P]Throughput:            5179105.870 ops
[P]all request:           62951143 o

[P]GetThroughput:         2358816.174 ops
[P]SetThroughput:         2820289.696 ops

[P]Valid Entries:         2801175.827 / s
[P]set success:           2846986.826 / s

[P]expire scan persec:    8230554.617 / s
[P]total expire scan:     72360598
[P]expire hit persec:     11919.115 / s
[P]total expire hit:      20523

[P]expire hit rate:       0.144815 %
[P]total expire hit rate: 0.028362 %

[P]get found:             1961240.301 / s

----------------------------------

[INFO]Current Time:       20.31 s

[P]indexs Load Factor:    40.3527 %

[P]full bucket LFactor:   8.2933 %

[P]set request:           37093852 
[P]get request:           30987060 

[P]Get Hit Rate:          80.1787 %
[P]ACC Hit Rate:          77.7085 %

[P]total cuckoo num:      3185 
[P]total cuckoo path:     104 
[P]total cp perset:       0.000003 / set
[P]total cp percuckoo:    0.032653 / cuckoo num

[P]cuckoo path / s:       16.692 / s
[P]cp per set * s:        0.000006 / set * s

[P]break loop / s:        0 / s
[P]break / set :          0 %

[P]Throughput:            5351597.966 ops
[P]all request:           68080912 o

[P]GetThroughput:         2471136.002 ops
[P]SetThroughput:         2880461.964 ops

[P]Valid Entries:         2811957.382 / s
[P]set success:           2904126.898 / s

[P]expire scan persec:    8024827.962 / s
[P]total expire scan:     80052789
[P]expire hit persec:     21027.615 / s
[P]total expire hit:      40679

[P]expire hit rate:       0.262032 %
[P]total expire hit rate: 0.050815 %

[P]get found:             1981324.851 / s

----------------------------------

[INFO]Current Time:       21.26 s

[P]indexs Load Factor:    43.2525 %

[P]full bucket LFactor:   10.3028 %

[P]set request:           39769277 
[P]get request:           33250147 

[P]Get Hit Rate:          81.9942 %
[P]ACC Hit Rate:          78.0002 %

[P]total cuckoo num:      3282 
[P]total cuckoo path:     116 
[P]total cp perset:       0.000003 / set
[P]total cp percuckoo:    0.035344 / cuckoo num

[P]cuckoo path / s:       12.616 / s
[P]cp per set * s:        0.000005 / set * s

[P]break loop / s:        0 / s
[P]break / set :          0 %

[P]Throughput:            5191979.590 ops
[P]all request:           73019424 o

[P]GetThroughput:         2379239.235 ops
[P]SetThroughput:         2812740.354 ops

[P]Valid Entries:         2791508.852 / s
[P]set success:           2714415.213 / s

[P]expire scan persec:    7806423.287 / s
[P]total expire scan:     87478110
[P]expire hit persec:     33126.190 / s
[P]total expire hit:      72188

[P]expire hit rate:       0.424345 %
[P]total expire hit rate: 0.082521 %

[P]get found:             1950838.092 / s

----------------------------------

[INFO]Current Time:       22.22 s

[P]indexs Load Factor:    46.0690 %

[P]full bucket LFactor:   12.4348 %

[P]set request:           42478884 
[P]get request:           35422464 

[P]Get Hit Rate:          81.9857 %
[P]ACC Hit Rate:          78.2446 %

[P]total cuckoo num:      3382 
[P]total cuckoo path:     133 
[P]total cp perset:       0.000003 / set
[P]total cp percuckoo:    0.039326 / cuckoo num

[P]cuckoo path / s:       17.748 / s
[P]cp per set * s:        0.000006 / set * s

[P]break loop / s:        0 / s
[P]break / set :          0 %

[P]Throughput:            5096757.285 ops
[P]all request:           77901348 o

[P]GetThroughput:         2267911.687 ops
[P]SetThroughput:         2828845.598 ops

[P]Valid Entries:         2708392.377 / s
[P]set success:           2774653.342 / s

[P]expire scan persec:    7574871.201 / s
[P]total expire scan:     94733693
[P]expire hit persec:     48493.028 / s
[P]total expire hit:      118637

[P]expire hit rate:       0.640183 %
[P]total expire hit rate: 0.125232 %

[P]get found:             1859362.960 / s

----------------------------------

[INFO]Current Time:       23.18 s

[P]indexs Load Factor:    48.9653 %

[P]full bucket LFactor:   14.8069 %

[P]set request:           45241093 
[P]get request:           37776777 

[P]Get Hit Rate:          79.0665 %
[P]ACC Hit Rate:          78.2959 %

[P]total cuckoo num:      3493 
[P]total cuckoo path:     145 
[P]total cp perset:       0.000003 / set
[P]total cp percuckoo:    0.041512 / cuckoo num

[P]cuckoo path / s:       12.503 / s
[P]cp per set * s:        0.000004 / set * s

[P]break loop / s:        0 / s
[P]break / set :          0 %

[P]Throughput:            5331059.343 ops
[P]all request:           83017870 o

[P]GetThroughput:         2453030.069 ops
[P]SetThroughput:         2878029.274 ops

[P]Valid Entries:         2784194.073 / s
[P]set success:           2866619.095 / s

[P]expire scan persec:    7734289.312 / s
[P]total expire scan:     102156732
[P]expire hit persec:     72361.018 / s
[P]total expire hit:      188086

[P]expire hit rate:       0.935587 %
[P]total expire hit rate: 0.184115 %

[P]get found:             1939525.136 / s

----------------------------------

[INFO]Current Time:       24.13 s

[P]indexs Load Factor:    51.8208 %

[P]full bucket LFactor:   17.3121 %

[P]set request:           48007512 
[P]get request:           40057975 

[P]Get Hit Rate:          81.1667 %
[P]ACC Hit Rate:          78.4594 %

[P]total cuckoo num:      3620 
[P]total cuckoo path:     163 
[P]total cp perset:       0.000003 / set
[P]total cp percuckoo:    0.045028 / cuckoo num

[P]cuckoo path / s:       18.788 / s
[P]cp per set * s:        0.000007 / set * s

[P]break loop / s:        0 / s
[P]break / set :          0 %

[P]Throughput:            5268630.979 ops
[P]all request:           88065487 o

[P]GetThroughput:         2381082.093 ops
[P]SetThroughput:         2887548.886 ops

[P]Valid Entries:         2770034.261 / s
[P]set success:           2874790.692 / s

[P]expire scan persec:    7759264.655 / s
[P]total expire scan:     109590503
[P]expire hit persec:     102113.565 / s
[P]total expire hit:      285916

[P]expire hit rate:       1.316021 %
[P]total expire hit rate: 0.260895 %

[P]get found:             1932644.572 / s

----------------------------------

[INFO]Current Time:       25.09 s

[P]indexs Load Factor:    54.6199 %

[P]full bucket LFactor:   19.9118 %

[P]set request:           50742468 
[P]get request:           42373435 

[P]Get Hit Rate:          78.5169 %
[P]ACC Hit Rate:          78.4625 %

[P]total cuckoo num:      3736 
[P]total cuckoo path:     185 
[P]total cp perset:       0.000004 / set
[P]total cp percuckoo:    0.049518 / cuckoo num

[P]cuckoo path / s:       23.093 / s
[P]cp per set * s:        0.000008 / set * s

[P]break loop / s:        0 / s
[P]break / set :          0 %

[P]Throughput:            5301428.139 ops
[P]all request:           93115903 o

[P]GetThroughput:         2430541.325 ops
[P]SetThroughput:         2870886.813 ops

[P]Valid Entries:         2767801.949 / s
[P]set success:           2899537.360 / s

[P]expire scan persec:    7719346.806 / s
[P]total expire scan:     116944354
[P]expire hit persec:     137524.514 / s
[P]total expire hit:      416929

[P]expire hit rate:       1.781556 %
[P]total expire hit rate: 0.356519 %

[P]get found:             1908385.269 / s

----------------------------------

[INFO]Current Time:       26.03 s

[P]indexs Load Factor:    57.4065 %

[P]full bucket LFactor:   22.6321 %

[P]set request:           53492398 
[P]get request:           44629011 

[P]Get Hit Rate:          80.5966 %
[P]ACC Hit Rate:          78.5704 %

[P]total cuckoo num:      3828 
[P]total cuckoo path:     213 
[P]total cp perset:       0.000004 / set
[P]total cp percuckoo:    0.055643 / cuckoo num

[P]cuckoo path / s:       29.735 / s
[P]cp per set * s:        0.000010 / set * s

[P]break loop / s:        0 / s
[P]break / set :          0 %

[P]Throughput:            5315709.810 ops
[P]all request:           98121409 o

[P]GetThroughput:         2395359.724 ops
[P]SetThroughput:         2920350.086 ops

[P]Valid Entries:         2741037.088 / s
[P]set success:           2923360.778 / s

[P]expire scan persec:    7671102.198 / s
[P]total expire scan:     124167801
[P]expire hit persec:     178881.837 / s
[P]total expire hit:      585372

[P]expire hit rate:       2.331892 %
[P]total expire hit rate: 0.471436 %

[P]get found:             1930578.956 / s

----------------------------------

[INFO]Current Time:       26.97 s

[P]indexs Load Factor:    60.1036 %

[P]full bucket LFactor:   25.3883 %

[P]set request:           56151898 
[P]get request:           46907096 

[P]Get Hit Rate:          76.8668 %
[P]ACC Hit Rate:          78.4876 %

[P]total cuckoo num:      3896 
[P]total cuckoo path:     233 
[P]total cp perset:       0.000004 / set
[P]total cp percuckoo:    0.059805 / cuckoo num

[P]cuckoo path / s:       21.195 / s
[P]cp per set * s:        0.000008 / set * s

[P]break loop / s:        0 / s
[P]break / set :          0 %

[P]Throughput:            5232483.832 ops
[P]all request:           103058995 o

[P]GetThroughput:         2414143.861 ops
[P]SetThroughput:         2818338.911 ops

[P]Valid Entries:         2643653.825 / s
[P]set success:           2800157.208 / s

[P]expire scan persec:    7488925.761 / s
[P]total expire scan:     131234658
[P]expire hit persec:     226358.342 / s
[P]total expire hit:      798973

[P]expire hit rate:       3.022574 %
[P]total expire hit rate: 0.608812 %

[P]get found:             1855675.090 / s

----------------------------------

[INFO]Current Time:       27.91 s

[P]indexs Load Factor:    62.7553 %

[P]full bucket LFactor:   28.2158 %

[P]set request:           58960924 
[P]get request:           49238207 

[P]Get Hit Rate:          74.2531 %
[P]ACC Hit Rate:          78.2871 %

[P]total cuckoo num:      3951 
[P]total cuckoo path:     261 
[P]total cp perset:       0.000004 / set
[P]total cp percuckoo:    0.066059 / cuckoo num

[P]cuckoo path / s:       29.773 / s
[P]cp per set * s:        0.000010 / set * s

[P]break loop / s:        0 / s
[P]break / set :          0 %

[P]Throughput:            5465648.184 ops
[P]all request:           108199131 o

[P]GetThroughput:         2478734.532 ops
[P]SetThroughput:         2986914.715 ops

[P]Valid Entries:         2672530.230 / s
[P]set success:           2977327.754 / s

[P]expire scan persec:    7703847.392 / s
[P]total expire scan:     138479695
[P]expire hit persec:     291124.195 / s
[P]total expire hit:      1072759

[P]expire hit rate:       3.778946 %
[P]total expire hit rate: 0.774669 %

[P]get found:             1840537.037 / s

----------------------------------

[INFO]Current Time:       28.84 s

[P]indexs Load Factor:    65.3211 %

[P]full bucket LFactor:   31.0522 %

[P]set request:           61685682 
[P]get request:           51495257 

[P]Get Hit Rate:          78.7855 %
[P]ACC Hit Rate:          78.3090 %

[P]total cuckoo num:      3993 
[P]total cuckoo path:     278 
[P]total cp perset:       0.000005 / set
[P]total cp percuckoo:    0.069622 / cuckoo num

[P]cuckoo path / s:       18.271 / s
[P]cp per set * s:        0.000006 / set * s

[P]break loop / s:        0 / s
[P]break / set :          0 %

[P]Throughput:            5354313.008 ops
[P]all request:           113180939 o

[P]GetThroughput:         2425816.526 ops
[P]SetThroughput:         2928496.482 ops

[P]Valid Entries:         2605911.948 / s
[P]set success:           2922799.110 / s

[P]expire scan persec:    7704799.765 / s
[P]total expire scan:     145648464
[P]expire hit persec:     354247.349 / s
[P]total expire hit:      1402361

[P]expire hit rate:       4.597749 %
[P]total expire hit rate: 0.962840 %

[P]get found:             1911192.616 / s

----------------------------------

[INFO]Current Time:       29.77 s

[P]indexs Load Factor:    67.8167 %

[P]full bucket LFactor:   33.8962 %

[P]set request:           64419486 
[P]get request:           53754658 

[P]Get Hit Rate:          77.3390 %
[P]ACC Hit Rate:          78.2682 %

[P]total cuckoo num:      4020 
[P]total cuckoo path:     295 
[P]total cp perset:       0.000005 / set
[P]total cp percuckoo:    0.073383 / cuckoo num

[P]cuckoo path / s:       18.363 / s
[P]cp per set * s:        0.000006 / set * s

[P]break loop / s:        0 / s
[P]break / set :          0 %

[P]Throughput:            5393576.055 ops
[P]all request:           118174145 o

[P]GetThroughput:         2440566.468 ops
[P]SetThroughput:         2953008.507 ops

[P]Valid Entries:         2526570.636 / s
[P]set success:           2944826.121 / s

[P]expire scan persec:    7705341.507 / s
[P]total expire scan:     152781831
[P]expire hit persec:     423628.315 / s
[P]total expire hit:      1794543

[P]expire hit rate:       5.497853 %
[P]total expire hit rate: 1.174579 %

[P]get found:             1887509.550 / s

----------------------------------

[INFO]Current Time:       30.69 s

[P]indexs Load Factor:    70.1829 %

[P]full bucket LFactor:   36.6938 %

[P]set request:           67136833 
[P]get request:           55962463 

[P]Get Hit Rate:          78.4216 %
[P]ACC Hit Rate:          78.2743 %

[P]total cuckoo num:      4044 
[P]total cuckoo path:     310 
[P]total cp perset:       0.000005 / set
[P]total cp percuckoo:    0.076657 / cuckoo num

[P]cuckoo path / s:       16.353 / s
[P]cp per set * s:        0.000006 / set * s

[P]break loop / s:        0 / s
[P]break / set :          0 %

[P]Throughput:            5369428.089 ops
[P]all request:           123099296 o

[P]GetThroughput:         2406961.773 ops
[P]SetThroughput:         2962467.406 ops

[P]Valid Entries:         2468902.904 / s
[P]set success:           2956531.236 / s

[P]expire scan persec:    7788075.777 / s
[P]total expire scan:     159925506
[P]expire hit persec:     493141.502 / s
[P]total expire hit:      2246881

[P]expire hit rate:       6.332007 %
[P]total expire hit rate: 1.404955 %

[P]get found:             1887576.837 / s

----------------------------------

[INFO]Current Time:       31.59 s

[P]indexs Load Factor:    72.4789 %

[P]full bucket LFactor:   39.4950 %

[P]set request:           69775149 
[P]get request:           58103630 

[P]Get Hit Rate:          78.3291 %
[P]ACC Hit Rate:          78.2763 %

[P]total cuckoo num:      4057 
[P]total cuckoo path:     326 
[P]total cp perset:       0.000005 / set
[P]total cp percuckoo:    0.080355 / cuckoo num

[P]cuckoo path / s:       17.760 / s
[P]cp per set * s:        0.000006 / set * s

[P]break loop / s:        0 / s
[P]break / set :          0 %

[P]Throughput:            5305272.817 ops
[P]all request:           127878779 o

[P]GetThroughput:         2376716.285 ops
[P]SetThroughput:         2928556.531 ops

[P]Valid Entries:         2406064.943 / s
[P]set success:           2924709.238 / s

[P]expire scan persec:    7910765.445 / s
[P]total expire scan:     167052259
[P]expire hit persec:     587367.219 / s
[P]total expire hit:      2776036

[P]expire hit rate:       7.424910 %
[P]total expire hit rate: 1.661777 %

[P]get found:             1861660.653 / s

----------------------------------

[INFO]Current Time:       32.49 s

[P]indexs Load Factor:    74.6553 %

[P]full bucket LFactor:   42.2365 %

[P]set request:           72456570 
[P]get request:           60205612 

[P]Get Hit Rate:          80.7221 %
[P]ACC Hit Rate:          78.3617 %

[P]total cuckoo num:      4074 
[P]total cuckoo path:     341 
[P]total cp perset:       0.000005 / set
[P]total cp percuckoo:    0.083702 / cuckoo num

[P]cuckoo path / s:       16.630 / s
[P]cp per set * s:        0.000006 / set * s

[P]break loop / s:        0 / s
[P]break / set :          0 %

[P]Throughput:            5303196.141 ops
[P]all request:           132662182 o

[P]GetThroughput:         2330395.919 ops
[P]SetThroughput:         2972800.222 ops

[P]Valid Entries:         2328449.102 / s
[P]set success:           2972157.195 / s

[P]expire scan persec:    7983706.557 / s
[P]total expire scan:     174253442
[P]expire hit persec:     672802.815 / s
[P]total expire hit:      3382894

[P]expire hit rate:       8.427199 %
[P]total expire hit rate: 1.941364 %

[P]get found:             1881145.620 / s

----------------------------------

[INFO]Current Time:       33.37 s

[P]indexs Load Factor:    76.7539 %

[P]full bucket LFactor:   44.9713 %

[P]set request:           75089168 
[P]get request:           62299058 

[P]Get Hit Rate:          79.3185 %
[P]ACC Hit Rate:          78.3938 %

[P]total cuckoo num:      4082 
[P]total cuckoo path:     348 
[P]total cp perset:       0.000005 / set
[P]total cp percuckoo:    0.085252 / cuckoo num

[P]cuckoo path / s:       7.910 / s
[P]cp per set * s:        0.000003 / set * s

[P]break loop / s:        0 / s
[P]break / set :          0 %

[P]Throughput:            5340620.295 ops
[P]all request:           137388226 o

[P]GetThroughput:         2365678.397 ops
[P]SetThroughput:         2974941.898 ops

[P]Valid Entries:         2247177.849 / s
[P]set success:           2927420.312 / s

[P]expire scan persec:    8078083.089 / s
[P]total expire scan:     181401933
[P]expire hit persec:     764433.858 / s
[P]total expire hit:      4059360

[P]expire hit rate:       9.463060 %
[P]total expire hit rate: 2.237771 %

[P]get found:             1876421.788 / s

----------------------------------

[INFO]Current Time:       34.26 s

[P]indexs Load Factor:    78.7186 %

[P]full bucket LFactor:   47.6238 %

[P]set request:           77685396 
[P]get request:           64430656 

[P]Get Hit Rate:          76.7045 %
[P]ACC Hit Rate:          78.3379 %

[P]total cuckoo num:      4086 
[P]total cuckoo path:     356 
[P]total cp perset:       0.000005 / set
[P]total cp percuckoo:    0.087127 / cuckoo num

[P]cuckoo path / s:       9.004 / s
[P]cp per set * s:        0.000003 / set * s

[P]break loop / s:        0 / s
[P]break / set :          0 %

[P]Throughput:            5321115.260 ops
[P]all request:           142116052 o

[P]GetThroughput:         2399089.697 ops
[P]SetThroughput:         2922025.563 ops

[P]Valid Entries:         2154128.183 / s
[P]set success:           2924036.811 / s

[P]expire scan persec:    8165646.416 / s
[P]total expire scan:     188657133
[P]expire hit persec:     861891.452 / s
[P]total expire hit:      4825153

[P]expire hit rate:       10.555092 %
[P]total expire hit rate: 2.557631 %

[P]get found:             1840210.220 / s

----------------------------------

[INFO]Current Time:       35.14 s

[P]indexs Load Factor:    80.5930 %

[P]full bucket LFactor:   50.2302 %

[P]set request:           80223953 
[P]get request:           66477374 

[P]Get Hit Rate:          72.6504 %
[P]ACC Hit Rate:          78.1628 %

[P]total cuckoo num:      4091 
[P]total cuckoo path:     364 
[P]total cp perset:       0.000005 / set
[P]total cp percuckoo:    0.088976 / cuckoo num

[P]cuckoo path / s:       9.109 / s
[P]cp per set * s:        0.000003 / set * s

[P]break loop / s:        0 / s
[P]break / set :          0 %

[P]Throughput:            5221195.121 ops
[P]all request:           146701327 o

[P]GetThroughput:         2330572.111 ops
[P]SetThroughput:         2890623.010 ops

[P]Valid Entries:         2042982.930 / s
[P]set success:           2900115.109 / s

[P]expire scan persec:    8189732.820 / s
[P]total expire scan:     195849390
[P]expire hit persec:     920783.669 / s
[P]total expire hit:      5633789

[P]expire hit rate:       11.243147 %
[P]total expire hit rate: 2.876593 %

[P]get found:             1693169.034 / s

----------------------------------

[INFO]Current Time:       36.01 s

[P]indexs Load Factor:    82.3127 %

[P]full bucket LFactor:   52.7166 %

[P]set request:           82817580 
[P]get request:           68568229 

[P]Get Hit Rate:          77.6862 %
[P]ACC Hit Rate:          78.1483 %

[P]total cuckoo num:      4096 
[P]total cuckoo path:     368 
[P]total cp perset:       0.000004 / set
[P]total cp percuckoo:    0.089844 / cuckoo num

[P]cuckoo path / s:       4.585 / s
[P]cp per set * s:        0.000002 / set * s

[P]break loop / s:        0 / s
[P]break / set :          0 %

[P]Throughput:            5370105.387 ops
[P]all request:           151385809 o

[P]GetThroughput:         2396873.699 ops
[P]SetThroughput:         2973231.688 ops

[P]Valid Entries:         1971936.183 / s
[P]set success:           2836922.540 / s

[P]expire scan persec:    8388170.090 / s
[P]total expire scan:     203166608
[P]expire hit persec:     1046595.089 / s
[P]total expire hit:      6546761

[P]expire hit rate:       12.477037 %
[P]total expire hit rate: 3.222361 %

[P]get found:             1862040.328 / s

----------------------------------

[INFO]Current Time:       36.86 s

[P]indexs Load Factor:    83.9327 %

[P]full bucket LFactor:   55.1331 %

[P]set request:           85183842 
[P]get request:           70504929 

[P]Get Hit Rate:          76.3798 %
[P]ACC Hit Rate:          78.0997 %

[P]total cuckoo num:      4098 
[P]total cuckoo path:     372 
[P]total cp perset:       0.000004 / set
[P]total cp percuckoo:    0.090776 / cuckoo num

[P]cuckoo path / s:       4.703 / s
[P]cp per set * s:        0.000002 / set * s

[P]break loop / s:        0 / s
[P]break / set :          0 %

[P]Throughput:            5059361.306 ops
[P]all request:           155688771 o

[P]GetThroughput:         2277144.219 ops
[P]SetThroughput:         2782217.087 ops

[P]Valid Entries:         1819593.082 / s
[P]set success:           2898367.080 / s

[P]expire scan persec:    8239615.960 / s
[P]total expire scan:     210174361
[P]expire hit persec:     1133266.964 / s
[P]total expire hit:      7510599

[P]expire hit rate:       13.753881 %
[P]total expire hit rate: 3.573509 %

[P]get found:             1739277.510 / s

----------------------------------

[INFO]Current Time:       37.72 s

[P]indexs Load Factor:    85.4739 %

[P]full bucket LFactor:   57.5131 %

[P]set request:           87661393 
[P]get request:           72529321 

[P]Get Hit Rate:          77.4438 %
[P]ACC Hit Rate:          78.0814 %

[P]total cuckoo num:      4099 
[P]total cuckoo path:     373 
[P]total cp perset:       0.000004 / set
[P]total cp percuckoo:    0.090998 / cuckoo num

[P]cuckoo path / s:       1.169 / s
[P]cp per set * s:        0.000000 / set * s

[P]break loop / s:        0 / s
[P]break / set :          0 %

[P]Throughput:            5262686.046 ops
[P]all request:           160190714 o

[P]GetThroughput:         2366475.882 ops
[P]SetThroughput:         2896210.164 ops

[P]Valid Entries:         1763273.478 / s
[P]set success:           2964879.618 / s

[P]expire scan persec:    8517792.096 / s
[P]total expire scan:     217460871
[P]expire hit persec:     1258722.554 / s
[P]total expire hit:      8587368

[P]expire hit rate:       14.777568 %
[P]total expire hit rate: 3.948926 %

[P]get found:             1832689.911 / s

----------------------------------

[INFO]Current Time:       38.57 s

[P]indexs Load Factor:    86.8885 %

[P]full bucket LFactor:   59.7705 %

[P]set request:           90083984 
[P]get request:           74472982 

[P]Get Hit Rate:          78.7566 %
[P]ACC Hit Rate:          78.0990 %

[P]total cuckoo num:      4102 
[P]total cuckoo path:     383 
[P]total cp perset:       0.000004 / set
[P]total cp percuckoo:    0.093369 / cuckoo num

[P]cuckoo path / s:       11.791 / s
[P]cp per set * s:        0.000004 / set * s

[P]break loop / s:        0 / s
[P]break / set :          0 %

[P]Throughput:            5148178.055 ops
[P]all request:           164556967 o

[P]GetThroughput:         2291739.143 ops
[P]SetThroughput:         2856437.733 ops

[P]Valid Entries:         1643439.975 / s
[P]set success:           2928367.739 / s

[P]expire scan persec:    8504660.499 / s
[P]total expire scan:     224673811
[P]expire hit persec:     1342133.371 / s
[P]total expire hit:      9725653

[P]expire hit rate:       15.781152 %
[P]total expire hit rate: 4.328788 %

[P]get found:             1804896.632 / s

----------------------------------

[INFO]Current Time:       39.40 s

[P]indexs Load Factor:    88.2269 %

[P]full bucket LFactor:   61.9926 %

[P]set request:           92574072 
[P]get request:           76468854 

[P]Get Hit Rate:          75.9481 %
[P]ACC Hit Rate:          78.0429 %

[P]total cuckoo num:      4104 
[P]total cuckoo path:     396 
[P]total cp perset:       0.000004 / set
[P]total cp percuckoo:    0.096491 / cuckoo num

[P]cuckoo path / s:       15.553 / s
[P]cp per set * s:        0.000005 / set * s

[P]break loop / s:        0 / s
[P]break / set :          0 %

[P]Throughput:            5367020.706 ops
[P]all request:           169042926 o

[P]GetThroughput:         2387869.874 ops
[P]SetThroughput:         2979152.029 ops

[P]Valid Entries:         1583972.315 / s
[P]set success:           3006731.541 / s

[P]expire scan persec:    8831972.708 / s
[P]total expire scan:     232055908
[P]expire hit persec:     1480514.448 / s
[P]total expire hit:      10963123

[P]expire hit rate:       16.763123 %
[P]total expire hit rate: 4.724346 %

[P]get found:             1813541.964 / s

----------------------------------

[INFO]Current Time:       40.24 s

[P]indexs Load Factor:    89.4393 %

[P]full bucket LFactor:   64.0730 %

[P]set request:           95010827 
[P]get request:           78453017 

[P]Get Hit Rate:          73.1271 %
[P]ACC Hit Rate:          77.9186 %

[P]total cuckoo num:      4107 
[P]total cuckoo path:     398 
[P]total cp perset:       0.000004 / set
[P]total cp percuckoo:    0.096908 / cuckoo num

[P]cuckoo path / s:       2.395 / s
[P]cp per set * s:        0.000001 / set * s

[P]break loop / s:        0 / s
[P]break / set :          0 %

[P]Throughput:            5293446.765 ops
[P]all request:           173463844 o

[P]GetThroughput:         2375764.765 ops
[P]SetThroughput:         2917682.000 ops

[P]Valid Entries:         1449124.992 / s
[P]set success:           2793328.595 / s

[P]expire scan persec:    8759134.594 / s
[P]total expire scan:     239371258
[P]expire hit persec:     1526698.595 / s
[P]total expire hit:      12238173

[P]expire hit rate:       17.429788 %
[P]total expire hit rate: 5.112633 %

[P]get found:             1737326.844 / s

----------------------------------

[INFO]Current Time:       41.06 s

[P]indexs Load Factor:    90.5399 %

[P]full bucket LFactor:   66.0375 %

[P]set request:           97422972 
[P]get request:           80381689 

[P]Get Hit Rate:          75.7736 %
[P]ACC Hit Rate:          77.8671 %

[P]total cuckoo num:      4110 
[P]total cuckoo path:     412 
[P]total cp perset:       0.000004 / set
[P]total cp percuckoo:    0.100243 / cuckoo num

[P]cuckoo path / s:       16.965 / s
[P]cp per set * s:        0.000006 / set * s

[P]break loop / s:        0 / s
[P]break / set :          0 %

[P]Throughput:            5260027.309 ops
[P]all request:           177804661 o

[P]GetThroughput:         2337087.095 ops
[P]SetThroughput:         2922940.215 ops

[P]Valid Entries:         1380955.337 / s
[P]set success:           2852723.584 / s

[P]expire scan persec:    9046925.565 / s
[P]total expire scan:     246837198
[P]expire hit persec:     1684260.013 / s
[P]total expire hit:      13628102

[P]expire hit rate:       18.616932 %
[P]total expire hit rate: 5.521089 %

[P]get found:             1770894.776 / s

----------------------------------

[INFO]Current Time:       41.88 s

[P]indexs Load Factor:    91.5658 %

[P]full bucket LFactor:   67.9199 %

[P]set request:           99776676 
[P]get request:           82260461 

[P]Get Hit Rate:          76.9983 %
[P]ACC Hit Rate:          77.8473 %

[P]total cuckoo num:      4113 
[P]total cuckoo path:     423 
[P]total cp perset:       0.000004 / set
[P]total cp percuckoo:    0.102845 / cuckoo num

[P]cuckoo path / s:       13.419 / s
[P]cp per set * s:        0.000005 / set * s

[P]break loop / s:        0 / s
[P]break / set :          0 %

[P]Throughput:            5163168.822 ops
[P]all request:           182037137 o

[P]GetThroughput:         2291901.245 ops
[P]SetThroughput:         2871267.577 ops

[P]Valid Entries:         1235034.546 / s
[P]set success:           2912164.497 / s

[P]expire scan persec:    8847235.399 / s
[P]total expire scan:     254089665
[P]expire hit persec:     1725495.059 / s
[P]total expire hit:      15042566

[P]expire hit rate:       19.503212 %
[P]total expire hit rate: 5.920180 %

[P]get found:             1764724.385 / s

----------------------------------

[INFO]Current Time:       42.69 s

[P]indexs Load Factor:    92.5016 %

[P]full bucket LFactor:   69.7094 %

[P]set request:           102037954 
[P]get request:           84161531 

[P]Get Hit Rate:          75.5062 %
[P]ACC Hit Rate:          77.7944 %

[P]total cuckoo num:      4116 
[P]total cuckoo path:     429 
[P]total cp perset:       0.000004 / set
[P]total cp percuckoo:    0.104227 / cuckoo num

[P]cuckoo path / s:       7.450 / s
[P]cp per set * s:        0.000003 / set * s

[P]break loop / s:        0 / s
[P]break / set :          0 %

[P]Throughput:            5168537.879 ops
[P]all request:           186199485 o

[P]GetThroughput:         2360627.296 ops
[P]SetThroughput:         2807910.583 ops

[P]Valid Entries:         1176210.952 / s
[P]set success:           2954045.540 / s

[P]expire scan persec:    9220155.223 / s
[P]total expire scan:     261514878
[P]expire hit persec:     1871149.816 / s
[P]total expire hit:      16549448

[P]expire hit rate:       20.294125 %
[P]total expire hit rate: 6.328301 %

[P]get found:             1782419.078 / s

----------------------------------

[INFO]Current Time:       43.50 s

[P]indexs Load Factor:    93.3635 %

[P]full bucket LFactor:   71.4054 %

[P]set request:           104264627 
[P]get request:           86005943 

[P]Get Hit Rate:          76.7227 %
[P]ACC Hit Rate:          77.7714 %

[P]total cuckoo num:      4118 
[P]total cuckoo path:     433 
[P]total cp perset:       0.000004 / set
[P]total cp percuckoo:    0.105148 / cuckoo num

[P]cuckoo path / s:       4.933 / s
[P]cp per set * s:        0.000002 / set * s

[P]break loop / s:        0 / s
[P]break / set :          0 %

[P]Throughput:            5020867.570 ops
[P]all request:           190270570 o

[P]GetThroughput:         2274712.612 ops
[P]SetThroughput:         2746154.957 ops

[P]Valid Entries:         1062941.474 / s
[P]set success:           2955236.241 / s

[P]expire scan persec:    9162803.201 / s
[P]total expire scan:     268944381
[P]expire hit persec:     1926790.157 / s
[P]total expire hit:      18111753

[P]expire hit rate:       21.028392 %
[P]total expire hit rate: 6.734386 %

[P]get found:             1745220.088 / s

----------------------------------

[INFO]Current Time:       44.30 s

[P]indexs Load Factor:    94.1428 %

[P]full bucket LFactor:   72.9907 %

[P]set request:           106641235 
[P]get request:           87932644 

[P]Get Hit Rate:          75.2968 %
[P]ACC Hit Rate:          77.7172 %

[P]total cuckoo num:      4124 
[P]total cuckoo path:     448 
[P]total cp perset:       0.000004 / set
[P]total cp percuckoo:    0.108632 / cuckoo num

[P]cuckoo path / s:       18.650 / s
[P]cp per set * s:        0.000006 / set * s

[P]break loop / s:        0 / s
[P]break / set :          0 %

[P]Throughput:            5350385.434 ops
[P]all request:           194573879 o

[P]GetThroughput:         2395503.778 ops
[P]SetThroughput:         2954881.656 ops

[P]Valid Entries:         991166.371 / s
[P]set success:           2959177.323 / s

[P]expire scan persec:    9430889.698 / s
[P]total expire scan:     276529635
[P]expire hit persec:     2047519.953 / s
[P]total expire hit:      19758571

[P]expire hit rate:       21.710783 %
[P]total expire hit rate: 7.145191 %

[P]get found:             1803738.685 / s

----------------------------------

[INFO]Current Time:       45.11 s

[P]indexs Load Factor:    94.8399 %

[P]full bucket LFactor:   74.4539 %

[P]set request:           108964096 
[P]get request:           89781708 

[P]Get Hit Rate:          77.9746 %
[P]ACC Hit Rate:          77.7225 %

[P]total cuckoo num:      4126 
[P]total cuckoo path:     450 
[P]total cp perset:       0.000004 / set
[P]total cp percuckoo:    0.109064 / cuckoo num

[P]cuckoo path / s:       2.496 / s
[P]cp per set * s:        0.000001 / set * s

[P]break loop / s:        0 / s
[P]break / set :          0 %

[P]Throughput:            5207399.894 ops
[P]all request:           198745804 o

[P]GetThroughput:         2308003.063 ops
[P]SetThroughput:         2899396.831 ops

[P]Valid Entries:         900626.766 / s
[P]set success:           3015139.990 / s

[P]expire scan persec:    9534655.996 / s
[P]total expire scan:     284168355
[P]expire hit persec:     2093560.926 / s
[P]total expire hit:      21435834

[P]expire hit rate:       21.957383 %
[P]total expire hit rate: 7.543357 %

[P]get found:             1799655.834 / s

----------------------------------

[INFO]Current Time:       45.90 s

[P]indexs Load Factor:    95.4692 %

[P]full bucket LFactor:   75.8157 %

[P]set request:           111238671 
[P]get request:           91657485 

[P]Get Hit Rate:          73.7733 %
[P]ACC Hit Rate:          77.6417 %

[P]total cuckoo num:      4129 
[P]total cuckoo path:     467 
[P]total cp perset:       0.000004 / set
[P]total cp percuckoo:    0.113102 / cuckoo num

[P]cuckoo path / s:       21.473 / s
[P]cp per set * s:        0.000007 / set * s

[P]break loop / s:        0 / s
[P]break / set :          0 %

[P]Throughput:            5242290.450 ops
[P]all request:           202896156 o

[P]GetThroughput:         2369285.269 ops
[P]SetThroughput:         2873005.181 ops

[P]Valid Entries:         809689.612 / s
[P]set success:           2938905.920 / s

[P]expire scan persec:    9558543.783 / s
[P]total expire scan:     291735910
[P]expire hit persec:     2152314.533 / s
[P]total expire hit:      23139834

[P]expire hit rate:       22.517180 %
[P]total expire hit rate: 7.931774 %

[P]get found:             1747900.443 / s

----------------------------------

[INFO]Current Time:       46.70 s

[P]indexs Load Factor:    96.0380 %

[P]full bucket LFactor:   77.0819 %

[P]set request:           113610432 
[P]get request:           93575884 

[P]Get Hit Rate:          75.0263 %
[P]ACC Hit Rate:          77.5880 %

[P]total cuckoo num:      4133 
[P]total cuckoo path:     492 
[P]total cp perset:       0.000004 / set
[P]total cp percuckoo:    0.119042 / cuckoo num

[P]cuckoo path / s:       31.025 / s
[P]cp per set * s:        0.000010 / set * s

[P]break loop / s:        0 / s
[P]break / set :          0 %

[P]Throughput:            5324040.670 ops
[P]all request:           207186316 o

[P]GetThroughput:         2380711.744 ops
[P]SetThroughput:         2943328.926 ops

[P]Valid Entries:         734461.869 / s
[P]set success:           2960167.903 / s

[P]expire scan persec:    9712957.780 / s
[P]total expire scan:     299562699
[P]expire hit persec:     2239049.146 / s
[P]total expire hit:      24944080

[P]expire hit rate:       23.052187 %
[P]total expire hit rate: 8.326831 %

[P]get found:             1786158.956 / s

----------------------------------

[INFO]Current Time:       47.49 s

[P]indexs Load Factor:    96.5319 %

[P]full bucket LFactor:   78.2104 %

[P]set request:           115920440 
[P]get request:           95442704 

[P]Get Hit Rate:          72.1734 %
[P]ACC Hit Rate:          77.4821 %

[P]total cuckoo num:      4136 
[P]total cuckoo path:     512 
[P]total cp perset:       0.000004 / set
[P]total cp percuckoo:    0.123791 / cuckoo num

[P]cuckoo path / s:       25.410 / s
[P]cp per set * s:        0.000009 / set * s

[P]break loop / s:        0 / s
[P]break / set :          0 %

[P]Throughput:            5306711.171 ops
[P]all request:           211363144 o

[P]GetThroughput:         2371817.692 ops
[P]SetThroughput:         2934893.479 ops

[P]Valid Entries:         658683.104 / s
[P]set success:           2954891.342 / s

[P]expire scan persec:    9793074.176 / s
[P]total expire scan:     307270672
[P]expire hit persec:     2298039.046 / s
[P]total expire hit:      26752830

[P]expire hit rate:       23.465962 %
[P]total expire hit rate: 8.706601 %

[P]get found:             1711822.149 / s

----------------------------------

[INFO]Current Time:       48.26 s

[P]indexs Load Factor:    96.9756 %

[P]full bucket LFactor:   79.2542 %

[P]set request:           118201659 
[P]get request:           97250685 

[P]Get Hit Rate:          76.2204 %
[P]ACC Hit Rate:          77.4587 %

[P]total cuckoo num:      4138 
[P]total cuckoo path:     520 
[P]total cp perset:       0.000004 / set
[P]total cp percuckoo:    0.125665 / cuckoo num

[P]cuckoo path / s:       10.324 / s
[P]cp per set * s:        0.000003 / set * s

[P]break loop / s:        0 / s
[P]break / set :          0 %

[P]Throughput:            5277115.370 ops
[P]all request:           215452344 o

[P]GetThroughput:         2333200.705 ops
[P]SetThroughput:         2943914.665 ops

[P]Valid Entries:         593910.350 / s
[P]set success:           3023769.556 / s

[P]expire scan persec:    9918764.977 / s
[P]total expire scan:     314956654
[P]expire hit persec:     2411457.957 / s
[P]total expire hit:      28621452

[P]expire hit rate:       24.312079 %
[P]total expire hit rate: 9.087426 %

[P]get found:             1778375.749 / s

----------------------------------

[INFO]Current Time:       49.04 s

[P]indexs Load Factor:    97.3606 %

[P]full bucket LFactor:   80.1826 %

[P]set request:           120408065 
[P]get request:           99030864 

[P]Get Hit Rate:          76.1687 %
[P]ACC Hit Rate:          77.4355 %

[P]total cuckoo num:      4139 
[P]total cuckoo path:     523 
[P]total cp perset:       0.000004 / set
[P]total cp percuckoo:    0.126359 / cuckoo num

[P]cuckoo path / s:       3.868 / s
[P]cp per set * s:        0.000001 / set * s

[P]break loop / s:        0 / s
[P]break / set :          0 %

[P]Throughput:            5140327.084 ops
[P]all request:           219438929 o

[P]GetThroughput:         2295373.692 ops
[P]SetThroughput:         2844953.393 ops

[P]Valid Entries:         521979.963 / s
[P]set success:           2869760.277 / s

[P]expire scan persec:    9860123.390 / s
[P]total expire scan:     322603681
[P]expire hit persec:     2388330.847 / s
[P]total expire hit:      30473724

[P]expire hit rate:       24.222119 %
[P]total expire hit rate: 9.446180 %

[P]get found:             1748356.041 / s

----------------------------------

[INFO]Current Time:       49.81 s

[P]indexs Load Factor:    97.7077 %

[P]full bucket LFactor:   81.0410 %

[P]set request:           122683565 
[P]get request:           100866075 

[P]Get Hit Rate:          74.6599 %
[P]ACC Hit Rate:          77.3850 %

[P]total cuckoo num:      4142 
[P]total cuckoo path:     538 
[P]total cp perset:       0.000004 / set
[P]total cp percuckoo:    0.129889 / cuckoo num

[P]cuckoo path / s:       19.444 / s
[P]cp per set * s:        0.000007 / set * s

[P]break loop / s:        0 / s
[P]break / set :          0 %

[P]Throughput:            5328648.297 ops
[P]all request:           223549640 o

[P]GetThroughput:         2378954.388 ops
[P]SetThroughput:         2949693.909 ops

[P]Valid Entries:         472921.942 / s
[P]set success:           2978814.926 / s

[P]expire scan persec:    10117929.734 / s
[P]total expire scan:     330409016
[P]expire hit persec:     2529088.687 / s
[P]total expire hit:      32424754

[P]expire hit rate:       24.996108 %
[P]total expire hit rate: 9.813520 %

[P]get found:             1776124.063 / s

----------------------------------

[INFO]Current Time:       50.58 s

[P]indexs Load Factor:    98.0125 %

[P]full bucket LFactor:   81.8133 %

[P]set request:           124946006 
[P]get request:           102691052 

[P]Get Hit Rate:          74.5613 %
[P]ACC Hit Rate:          77.3348 %

[P]total cuckoo num:      4147 
[P]total cuckoo path:     578 
[P]total cp perset:       0.000005 / set
[P]total cp percuckoo:    0.139378 / cuckoo num

[P]cuckoo path / s:       52.020 / s
[P]cp per set * s:        0.000017 / set * s

[P]break loop / s:        0 / s
[P]break / set :          0 %

[P]Throughput:            5315728.728 ops
[P]all request:           227637058 o

[P]GetThroughput:         2373401.171 ops
[P]SetThroughput:         2942327.557 ops

[P]Valid Entries:         417493.680 / s
[P]set success:           2976794.979 / s

[P]expire scan persec:    10187438.570 / s
[P]total expire scan:     338242433
[P]expire hit persec:     2431872.109 / s
[P]total expire hit:      34294691

[P]expire hit rate:       23.871281 %
[P]total expire hit rate: 10.139086 %

[P]get found:             1769639.319 / s

----------------------------------

[INFO]Current Time:       51.35 s

[P]indexs Load Factor:    98.2814 %

[P]full bucket LFactor:   82.5089 %

[P]set request:           127105664 
[P]get request:           104465565 

[P]Get Hit Rate:          74.4221 %
[P]ACC Hit Rate:          77.2853 %

[P]total cuckoo num:      4154 
[P]total cuckoo path:     619 
[P]total cp perset:       0.000005 / set
[P]total cp percuckoo:    0.149013 / cuckoo num

[P]cuckoo path / s:       53.189 / s
[P]cp per set * s:        0.000018 / set * s

[P]break loop / s:        0 / s
[P]break / set :          0 %

[P]Throughput:            5103770.988 ops
[P]all request:           231571229 o

[P]GetThroughput:         2302062.612 ops
[P]SetThroughput:         2801708.377 ops

[P]Valid Entries:         365683.437 / s
[P]set success:           2948249.253 / s

[P]expire scan persec:    10159079.017 / s
[P]total expire scan:     346073418
[P]expire hit persec:     2590736.165 / s
[P]total expire hit:      36291724

[P]expire hit rate:       25.501683 %
[P]total expire hit rate: 10.486712 %

[P]get found:             1713242.250 / s

----------------------------------

[INFO]Current Time:       52.12 s

[P]indexs Load Factor:    98.5162 %

[P]full bucket LFactor:   83.1298 %

[P]set request:           129366852 
[P]get request:           106287581 

[P]Get Hit Rate:          74.4371 %
[P]ACC Hit Rate:          77.2365 %

[P]total cuckoo num:      4158 
[P]total cuckoo path:     649 
[P]total cp perset:       0.000005 / set
[P]total cp percuckoo:    0.156085 / cuckoo num

[P]cuckoo path / s:       39.066 / s
[P]cp per set * s:        0.000013 / set * s

[P]break loop / s:        0 / s
[P]break / set :          0 %

[P]Throughput:            5317149.695 ops
[P]all request:           235654433 o

[P]GetThroughput:         2372629.881 ops
[P]SetThroughput:         2944519.814 ops

[P]Valid Entries:         325873.034 / s
[P]set success:           2984450.486 / s

[P]expire scan persec:    10335409.249 / s
[P]total expire scan:     354010299
[P]expire hit persec:     2558608.833 / s
[P]total expire hit:      38256559

[P]expire hit rate:       24.755757 %
[P]total expire hit rate: 10.806623 %

[P]get found:             1766115.741 / s

----------------------------------

[INFO]Current Time:       52.88 s

[P]indexs Load Factor:    98.7135 %

[P]full bucket LFactor:   83.6612 %

[P]set request:           131568048 
[P]get request:           108059115 

[P]Get Hit Rate:          74.3339 %
[P]ACC Hit Rate:          77.1889 %

[P]total cuckoo num:      4165 
[P]total cuckoo path:     707 
[P]total cp perset:       0.000005 / set
[P]total cp percuckoo:    0.169748 / cuckoo num

[P]cuckoo path / s:       75.991 / s
[P]cp per set * s:        0.000026 / set * s

[P]break loop / s:        0 / s
[P]break / set :          0 %

[P]Throughput:            5205038.385 ops
[P]all request:           239627163 o

[P]GetThroughput:         2321049.371 ops
[P]SetThroughput:         2883989.013 ops

[P]Valid Entries:         280754.456 / s
[P]set success:           2922841.442 / s

[P]expire scan persec:    10187582.613 / s
[P]total expire scan:     361785941
[P]expire hit persec:     2586724.830 / s
[P]total expire hit:      40230869

[P]expire hit rate:       25.390958 %
[P]total expire hit rate: 11.120075 %

[P]get found:             1725326.110 / s

----------------------------------

[INFO]Current Time:       53.65 s

[P]indexs Load Factor:    98.8923 %

[P]full bucket LFactor:   84.1498 %

[P]set request:           133681098 
[P]get request:           109724565 

[P]Get Hit Rate:          72.8184 %
[P]ACC Hit Rate:          77.1226 %

[P]total cuckoo num:      4180 
[P]total cuckoo path:     816 
[P]total cp perset:       0.000006 / set
[P]total cp percuckoo:    0.195215 / cuckoo num

[P]cuckoo path / s:       142.691 / s
[P]cp per set * s:        0.000049 / set * s

[P]break loop / s:        0 / s
[P]break / set :          0 %

[P]Throughput:            4946414.003 ops
[P]all request:           243405664 o

[P]GetThroughput:         2180231.050 ops
[P]SetThroughput:         2766181.644 ops

[P]Valid Entries:         241095.891 / s
[P]set success:           2918634.835 / s

[P]expire scan persec:    10021095.680 / s
[P]total expire scan:     369440925
[P]expire hit persec:     2612745.323 / s
[P]total expire hit:      42226711

[P]expire hit rate:       26.072452 %
[P]total expire hit rate: 11.429895 %

[P]get found:             1587609.311 / s

----------------------------------

[INFO]Current Time:       54.41 s

[P]indexs Load Factor:    99.0490 %

[P]full bucket LFactor:   84.5867 %

[P]set request:           135927289 
[P]get request:           111531576 

[P]Get Hit Rate:          74.2723 %
[P]ACC Hit Rate:          77.0764 %

[P]total cuckoo num:      4187 
[P]total cuckoo path:     863 
[P]total cp perset:       0.000006 / set
[P]total cp percuckoo:    0.206114 / cuckoo num

[P]cuckoo path / s:       61.548 / s
[P]cp per set * s:        0.000020 / set * s

[P]break loop / s:        0 / s
[P]break / set :          0 %

[P]Throughput:            5307814.677 ops
[P]all request:           247458865 o

[P]GetThroughput:         2366346.872 ops
[P]SetThroughput:         2941469.115 ops

[P]Valid Entries:         219818.798 / s
[P]set success:           3042655.691 / s

[P]expire scan persec:    10503243.622 / s
[P]total expire scan:     377461506
[P]expire hit persec:     2750302.976 / s
[P]total expire hit:      44326922

[P]expire hit rate:       26.185273 %
[P]total expire hit rate: 11.743428 %

[P]get found:             1757540.731 / s

----------------------------------

[INFO]Current Time:       55.17 s

[P]indexs Load Factor:    99.1852 %

[P]full bucket LFactor:   84.9732 %

[P]set request:           138117501 
[P]get request:           113291469 

[P]Get Hit Rate:          75.6371 %
[P]ACC Hit Rate:          77.0540 %

[P]total cuckoo num:      4194 
[P]total cuckoo path:     926 
[P]total cp perset:       0.000007 / set
[P]total cp percuckoo:    0.220792 / cuckoo num

[P]cuckoo path / s:       82.830 / s
[P]cp per set * s:        0.000027 / set * s

[P]break loop / s:        0 / s
[P]break / set :          0 %

[P]Throughput:            5193467.769 ops
[P]all request:           251408970 o

[P]GetThroughput:         2313849.270 ops
[P]SetThroughput:         2879618.498 ops

[P]Valid Entries:         190396.671 / s
[P]set success:           3037681.104 / s

[P]expire scan persec:    10535918.362 / s
[P]total expire scan:     385475031
[P]expire hit persec:     2756180.282 / s
[P]total expire hit:      46423248

[P]expire hit rate:       26.159849 %
[P]total expire hit rate: 12.043127 %

[P]get found:             1750128.449 / s

----------------------------------

[INFO]Current Time:       55.93 s

[P]indexs Load Factor:    99.3047 %

[P]full bucket LFactor:   85.3176 %

[P]set request:           140315897 
[P]get request:           115059015 

[P]Get Hit Rate:          74.0689 %
[P]ACC Hit Rate:          77.0082 %

[P]total cuckoo num:      4208 
[P]total cuckoo path:     1062 
[P]total cp perset:       0.000008 / set
[P]total cp percuckoo:    0.252376 / cuckoo num

[P]cuckoo path / s:       178.169 / s
[P]cp per set * s:        0.000059 / set * s

[P]break loop / s:        0 / s
[P]break / set :          0 %

[P]Throughput:            5195641.677 ops
[P]all request:           255374912 o

[P]GetThroughput:         2315600.093 ops
[P]SetThroughput:         2880041.584 ops

[P]Valid Entries:         164983.032 / s
[P]set success:           3041611.897 / s

[P]expire scan persec:    10582110.038 / s
[P]total expire scan:     393552577
[P]expire hit persec:     2741853.311 / s
[P]total expire hit:      48516162

[P]expire hit rate:       25.910270 %
[P]total expire hit rate: 12.327746 %

[P]get found:             1715138.366 / s

----------------------------------

[INFO]Current Time:       56.71 s

[P]indexs Load Factor:    99.4061 %

[P]full bucket LFactor:   85.6144 %

[P]set request:           142550834 
[P]get request:           116853530 

[P]Get Hit Rate:          71.2116 %
[P]ACC Hit Rate:          76.9192 %

[P]total cuckoo num:      4220 
[P]total cuckoo path:     1165 
[P]total cp perset:       0.000008 / set
[P]total cp percuckoo:    0.276066 / cuckoo num

[P]cuckoo path / s:       132.176 / s
[P]cp per set * s:        0.000044 / set * s

[P]break loop / s:        0 / s
[P]break / set :          0 %

[P]Throughput:            5170829.197 ops
[P]all request:           259404364 o

[P]GetThroughput:         2302826.924 ops
[P]SetThroughput:         2868002.272 ops

[P]Valid Entries:         143079.491 / s
[P]set success:           3026965.939 / s

[P]expire scan persec:    10578938.053 / s
[P]total expire scan:     401796385
[P]expire hit persec:     2800221.833 / s
[P]total expire hit:      50698280

[P]expire hit rate:       26.469782 %
[P]total expire hit rate: 12.617903 %

[P]get found:             1639878.815 / s

----------------------------------

[INFO]Current Time:       57.47 s

[P]indexs Load Factor:    99.4931 %

[P]full bucket LFactor:   85.8738 %

[P]set request:           144782082 
[P]get request:           118644052 

[P]Get Hit Rate:          72.5483 %
[P]ACC Hit Rate:          76.8532 %

[P]total cuckoo num:      4228 
[P]total cuckoo path:     1233 
[P]total cp perset:       0.000008 / set
[P]total cp percuckoo:    0.291627 / cuckoo num

[P]cuckoo path / s:       89.747 / s
[P]cp per set * s:        0.000029 / set * s

[P]break loop / s:        0 / s
[P]break / set :          0 %

[P]Throughput:            5307971.368 ops
[P]all request:           263426134 o

[P]GetThroughput:         2363148.442 ops
[P]SetThroughput:         2944822.926 ops

[P]Valid Entries:         123495.921 / s
[P]set success:           3052209.249 / s

[P]expire scan persec:    10695483.713 / s
[P]total expire scan:     409900192
[P]expire hit persec:     2840202.925 / s
[P]total expire hit:      52850259

[P]expire hit rate:       26.555161 %
[P]total expire hit rate: 12.893446 %

[P]get found:             1714423.662 / s

----------------------------------

[INFO]Current Time:       58.23 s

[P]indexs Load Factor:    99.5680 %

[P]full bucket LFactor:   86.0994 %

[P]set request:           146910806 
[P]get request:           120352540 

[P]Get Hit Rate:          75.4009 %
[P]ACC Hit Rate:          76.8326 %

[P]total cuckoo num:      4241 
[P]total cuckoo path:     1346 
[P]total cp perset:       0.000009 / set
[P]total cp percuckoo:    0.317378 / cuckoo num

[P]cuckoo path / s:       149.759 / s
[P]cp per set * s:        0.000051 / set * s

[P]break loop / s:        0 / s
[P]break / set :          0 %

[P]Throughput:            5085458.502 ops
[P]all request:           267263346 o

[P]GetThroughput:         2264259.787 ops
[P]SetThroughput:         2821198.715 ops

[P]Valid Entries:         106592.584 / s
[P]set success:           2925992.867 / s

[P]expire scan persec:    10690168.366 / s
[P]total expire scan:     417966415
[P]expire hit persec:     2789745.361 / s
[P]total expire hit:      54955250

[P]expire hit rate:       26.096365 %
[P]total expire hit rate: 13.148245 %

[P]get found:             1707273.148 / s

----------------------------------

[INFO]Current Time:       58.98 s

[P]indexs Load Factor:    99.6316 %

[P]full bucket LFactor:   86.2937 %

[P]set request:           149120594 
[P]get request:           122058291 

[P]Get Hit Rate:          73.9499 %
[P]ACC Hit Rate:          76.7923 %

[P]total cuckoo num:      4257 
[P]total cuckoo path:     1484 
[P]total cp perset:       0.000010 / set
[P]total cp percuckoo:    0.348602 / cuckoo num

[P]cuckoo path / s:       182.463 / s
[P]cp per set * s:        0.000061 / set * s

[P]break loop / s:        0 / s
[P]break / set :          0 %

[P]Throughput:            5177112.616 ops
[P]all request:           271178885 o

[P]GetThroughput:         2255338.287 ops
[P]SetThroughput:         2921774.329 ops

[P]Valid Entries:         91636.162 / s
[P]set success:           2974449.322 / s

[P]expire scan persec:    10662995.174 / s
[P]total expire scan:     426031021
[P]expire hit persec:     2791452.014 / s
[P]total expire hit:      57066473

[P]expire hit rate:       26.178873 %
[P]total expire hit rate: 13.394910 %

[P]get found:             1667820.198 / s

----------------------------------

[INFO]Current Time:       59.73 s

[P]indexs Load Factor:    99.6871 %

[P]full bucket LFactor:   86.4651 %

[P]set request:           151317190 
[P]get request:           123821484 

[P]Get Hit Rate:          72.4702 %
[P]ACC Hit Rate:          76.7308 %

[P]total cuckoo num:      4269 
[P]total cuckoo path:     1576 
[P]total cp perset:       0.000010 / set
[P]total cp percuckoo:    0.369173 / cuckoo num

[P]cuckoo path / s:       123.025 / s
[P]cp per set * s:        0.000040 / set * s

[P]break loop / s:        0 / s
[P]break / set :          0 %

[P]Throughput:            5295159.448 ops
[P]all request:           275138674 o

[P]GetThroughput:         2357799.386 ops
[P]SetThroughput:         2937360.062 ops

[P]Valid Entries:         78245.499 / s
[P]set success:           3047854.265 / s

[P]expire scan persec:    10747455.776 / s
[P]total expire scan:     434068108
[P]expire hit persec:     2762424.614 / s
[P]total expire hit:      59132250

[P]expire hit rate:       25.703056 %
[P]total expire hit rate: 13.622805 %

[P]get found:             1708701.271 / s

----------------------------------

[INFO]Current Time:       60.49 s

[P]indexs Load Factor:    99.7338 %

[P]full bucket LFactor:   86.6121 %

[P]set request:           153459646 
[P]get request:           125574080 

[P]Get Hit Rate:          73.7969 %
[P]ACC Hit Rate:          76.6898 %

[P]total cuckoo num:      4281 
[P]total cuckoo path:     1683 
[P]total cp perset:       0.000011 / set
[P]total cp percuckoo:    0.393132 / cuckoo num

[P]cuckoo path / s:       141.203 / s
[P]cp per set * s:        0.000047 / set * s

[P]break loop / s:        0 / s
[P]break / set :          0 %

[P]Throughput:            5140137.350 ops
[P]all request:           279033726 o

[P]GetThroughput:         2312827.700 ops
[P]SetThroughput:         2827309.650 ops

[P]Valid Entries:         66996.408 / s
[P]set success:           2994485.272 / s

[P]expire scan persec:    10564551.513 / s
[P]total expire scan:     442073629
[P]expire hit persec:     2777055.746 / s
[P]total expire hit:      61236625

[P]expire hit rate:       26.286546 %
[P]total expire hit rate: 13.852133 %

[P]get found:             1706795.782 / s

----------------------------------

[INFO]Current Time:       61.24 s

[P]indexs Load Factor:    99.7742 %

[P]full bucket LFactor:   86.7395 %

[P]set request:           155626540 
[P]get request:           127312394 

[P]Get Hit Rate:          75.2141 %
[P]ACC Hit Rate:          76.6697 %

[P]total cuckoo num:      4292 
[P]total cuckoo path:     1788 
[P]total cp perset:       0.000011 / set
[P]total cp percuckoo:    0.416589 / cuckoo num

[P]cuckoo path / s:       138.893 / s
[P]cp per set * s:        0.000046 / set * s

[P]break loop / s:        0 / s
[P]break / set :          0 %

[P]Throughput:            5165762.123 ops
[P]all request:           282938934 o

[P]GetThroughput:         2299420.830 ops
[P]SetThroughput:         2866341.294 ops

[P]Valid Entries:         57692.074 / s
[P]set success:           3034744.106 / s

[P]expire scan persec:    10740132.125 / s
[P]total expire scan:     450192944
[P]expire hit persec:     2768597.846 / s
[P]total expire hit:      63329627

[P]expire hit rate:       25.778061 %
[P]total expire hit rate: 14.067219 %

[P]get found:             1729488.378 / s

----------------------------------

[INFO]Current Time:       62.00 s

[P]indexs Load Factor:    99.8079 %

[P]full bucket LFactor:   86.8477 %

[P]set request:           157803824 
[P]get request:           129057695 

[P]Get Hit Rate:          72.2795 %
[P]ACC Hit Rate:          76.6103 %

[P]total cuckoo num:      4301 
[P]total cuckoo path:     1875 
[P]total cp perset:       0.000012 / set
[P]total cp percuckoo:    0.435945 / cuckoo num

[P]cuckoo path / s:       114.975 / s
[P]cp per set * s:        0.000039 / set * s

[P]break loop / s:        0 / s
[P]break / set :          0 %

[P]Throughput:            5183894.245 ops
[P]all request:           286861519 o

[P]GetThroughput:         2306503.443 ops
[P]SetThroughput:         2877390.801 ops

[P]Valid Entries:         48827.327 / s
[P]set success:           2986348.677 / s

[P]expire scan persec:    10581463.385 / s
[P]total expire scan:     458199799
[P]expire hit persec:     2784539.983 / s
[P]total expire hit:      65436652

[P]expire hit rate:       26.315264 %
[P]total expire hit rate: 14.281249 %

[P]get found:             1667129.373 / s

----------------------------------

[INFO]Current Time:       62.75 s

[P]indexs Load Factor:    99.8372 %

[P]full bucket LFactor:   86.9435 %

[P]set request:           159921127 
[P]get request:           130823472 

[P]Get Hit Rate:          73.7533 %
[P]ACC Hit Rate:          76.5717 %

[P]total cuckoo num:      4316 
[P]total cuckoo path:     2024 
[P]total cp perset:       0.000013 / set
[P]total cp percuckoo:    0.468953 / cuckoo num

[P]cuckoo path / s:       198.908 / s
[P]cp per set * s:        0.000065 / set * s

[P]break loop / s:        0 / s
[P]break / set :          0 %

[P]Throughput:            5183736.494 ops
[P]all request:           290744599 o

[P]GetThroughput:         2357232.577 ops
[P]SetThroughput:         2826503.917 ops

[P]Valid Entries:         42056.418 / s
[P]set success:           3053004.372 / s

[P]expire scan persec:    10819801.081 / s
[P]total expire scan:     466304793
[P]expire hit persec:     2910583.378 / s
[P]total expire hit:      67616938

[P]expire hit rate:       26.900526 %
[P]total expire hit rate: 14.500588 %

[P]get found:             1738537.070 / s

----------------------------------

[INFO]Current Time:       63.50 s

[P]indexs Load Factor:    99.8627 %

[P]full bucket LFactor:   87.0267 %

[P]set request:           162087276 
[P]get request:           132498149 

[P]Get Hit Rate:          77.8985 %
[P]ACC Hit Rate:          76.5885 %

[P]total cuckoo num:      4326 
[P]total cuckoo path:     2115 
[P]total cp perset:       0.000013 / set
[P]total cp percuckoo:    0.488904 / cuckoo num

[P]cuckoo path / s:       120.926 / s
[P]cp per set * s:        0.000040 / set * s

[P]break loop / s:        0 / s
[P]break / set :          0 %

[P]Throughput:            5103890.034 ops
[P]all request:           294585425 o

[P]GetThroughput:         2225398.196 ops
[P]SetThroughput:         2878491.838 ops

[P]Valid Entries:         36263.047 / s
[P]set success:           3045442.183 / s

[P]expire scan persec:    10820853.999 / s
[P]total expire scan:     474447801
[P]expire hit persec:     2853235.674 / s
[P]total expire hit:      69764081

[P]expire hit rate:       26.367934 %
[P]total expire hit rate: 14.704269 %

[P]get found:             1733551.464 / s

----------------------------------

[INFO]Current Time:       64.26 s

[P]indexs Load Factor:    99.8837 %

[P]full bucket LFactor:   87.0965 %

[P]set request:           164308559 
[P]get request:           134242814 

[P]Get Hit Rate:          72.0586 %
[P]ACC Hit Rate:          76.5296 %

[P]total cuckoo num:      4340 
[P]total cuckoo path:     2251 
[P]total cp perset:       0.000014 / set
[P]total cp percuckoo:    0.518664 / cuckoo num

[P]cuckoo path / s:       180.482 / s
[P]cp per set * s:        0.000060 / set * s

[P]break loop / s:        0 / s
[P]break / set :          0 %

[P]Throughput:            5263116.923 ops
[P]all request:           298551373 o

[P]GetThroughput:         2315304.156 ops
[P]SetThroughput:         2947812.767 ops

[P]Valid Entries:         30708.553 / s
[P]set success:           3001714.639 / s

[P]expire scan persec:    10862143.484 / s
[P]total expire scan:     482632817
[P]expire hit persec:     2926539.729 / s
[P]total expire hit:      71969334

[P]expire hit rate:       26.942562 %
[P]total expire hit rate: 14.911819 %

[P]get found:             1668376.857 / s

----------------------------------

[INFO]Current Time:       65.00 s

[P]indexs Load Factor:    99.9021 %

[P]full bucket LFactor:   87.1578 %

[P]set request:           166452573 
[P]get request:           135925028 

[P]Get Hit Rate:          73.8511 %
[P]ACC Hit Rate:          76.4965 %

[P]total cuckoo num:      4350 
[P]total cuckoo path:     2343 
[P]total cp perset:       0.000014 / set
[P]total cp percuckoo:    0.538621 / cuckoo num

[P]cuckoo path / s:       123.032 / s
[P]cp per set * s:        0.000042 / set * s

[P]break loop / s:        0 / s
[P]break / set :          0 %

[P]Throughput:            5116831.375 ops
[P]all request:           302377601 o

[P]GetThroughput:         2249632.111 ops
[P]SetThroughput:         2867199.263 ops

[P]Valid Entries:         25744.446 / s
[P]set success:           2917465.860 / s

[P]expire scan persec:    10571043.242 / s
[P]total expire scan:     490537557
[P]expire hit persec:     2793079.169 / s
[P]total expire hit:      74057923

[P]expire hit rate:       26.421982 %
[P]total expire hit rate: 15.097299 %

[P]get found:             1661377.334 / s

----------------------------------

[INFO]Current Time:       65.77 s

[P]indexs Load Factor:    99.9175 %

[P]full bucket LFactor:   87.2104 %

[P]set request:           168700706 
[P]get request:           137725538 

[P]Get Hit Rate:          72.1646 %
[P]ACC Hit Rate:          76.4398 %

[P]total cuckoo num:      4370 
[P]total cuckoo path:     2543 
[P]total cp perset:       0.000015 / set
[P]total cp percuckoo:    0.581922 / cuckoo num

[P]cuckoo path / s:       261.544 / s
[P]cp per set * s:        0.000087 / set * s

[P]break loop / s:        0 / s
[P]break / set :          0 %

[P]Throughput:            5294496.411 ops
[P]all request:           306426244 o

[P]GetThroughput:         2354565.155 ops
[P]SetThroughput:         2939931.256 ops

[P]Valid Entries:         22525.498 / s
[P]set success:           2994478.924 / s

[P]expire scan persec:    10855278.865 / s
[P]total expire scan:     498838469
[P]expire hit persec:     2871163.427 / s
[P]total expire hit:      76253470

[P]expire hit rate:       26.449467 %
[P]total expire hit rate: 15.286205 %

[P]get found:             1699161.428 / s

----------------------------------

[INFO]Current Time:       66.52 s

[P]indexs Load Factor:    99.9301 %

[P]full bucket LFactor:   87.2530 %

[P]set request:           170788477 
[P]get request:           139500537 

[P]Get Hit Rate:          73.6424 %
[P]ACC Hit Rate:          76.4042 %

[P]total cuckoo num:      4385 
[P]total cuckoo path:     2693 
[P]total cp perset:       0.000016 / set
[P]total cp percuckoo:    0.614139 / cuckoo num

[P]cuckoo path / s:       198.523 / s
[P]cp per set * s:        0.000068 / set * s

[P]break loop / s:        0 / s
[P]break / set :          0 %

[P]Throughput:            5112324.656 ops
[P]all request:           310289014 o

[P]GetThroughput:         2349187.540 ops
[P]SetThroughput:         2763137.117 ops

[P]Valid Entries:         18557.930 / s
[P]set success:           2929193.667 / s

[P]expire scan persec:    10834264.484 / s
[P]total expire scan:     507024622
[P]expire hit persec:     2867748.151 / s
[P]total expire hit:      78420283

[P]expire hit rate:       26.469246 %
[P]total expire hit rate: 15.466760 %

[P]get found:             1729996.942 / s

----------------------------------

[INFO]Current Time:       67.28 s

[P]indexs Load Factor:    99.9410 %

[P]full bucket LFactor:   87.2905 %

[P]set request:           172963804 
[P]get request:           141207503 

[P]Get Hit Rate:          72.1986 %
[P]ACC Hit Rate:          76.3534 %

[P]total cuckoo num:      4400 
[P]total cuckoo path:     2843 
[P]total cp perset:       0.000016 / set
[P]total cp percuckoo:    0.646136 / cuckoo num

[P]cuckoo path / s:       198.250 / s
[P]cp per set * s:        0.000066 / set * s

[P]break loop / s:        0 / s
[P]break / set :          0 %

[P]Throughput:            5131092.545 ops
[P]all request:           314171307 o

[P]GetThroughput:         2256037.995 ops
[P]SetThroughput:         2875054.549 ops

[P]Valid Entries:         15381.543 / s
[P]set success:           2986085.021 / s

[P]expire scan persec:    10616670.302 / s
[P]total expire scan:     515057419
[P]expire hit persec:     2869551.134 / s
[P]total expire hit:      80591446

[P]expire hit rate:       27.028730 %
[P]total expire hit rate: 15.647080 %

[P]get found:             1628827.115 / s

----------------------------------

[INFO]Current Time:       68.02 s

[P]indexs Load Factor:    99.9504 %

[P]full bucket LFactor:   87.3224 %

[P]set request:           175149700 
[P]get request:           142887304 

[P]Get Hit Rate:          76.5834 %
[P]ACC Hit Rate:          76.3561 %

[P]total cuckoo num:      4415 
[P]total cuckoo path:     2993 
[P]total cp perset:       0.000017 / set
[P]total cp percuckoo:    0.677916 / cuckoo num

[P]cuckoo path / s:       201.962 / s
[P]cp per set * s:        0.000066 / set * s

[P]break loop / s:        0 / s
[P]break / set :          0 %

[P]Throughput:            5204826.318 ops
[P]all request:           318037004 o

[P]GetThroughput:         2261706.609 ops
[P]SetThroughput:         2943119.709 ops

[P]Valid Entries:         13623.011 / s
[P]set success:           3056307.299 / s

[P]expire scan persec:    10875140.068 / s
[P]total expire scan:     523134537
[P]expire hit persec:     2824515.497 / s
[P]total expire hit:      82689253

[P]expire hit rate:       25.972222 %
[P]total expire hit rate: 15.806499 %

[P]get found:             1732090.851 / s

----------------------------------

[INFO]Current Time:       68.77 s

[P]indexs Load Factor:    99.9563 %

[P]full bucket LFactor:   87.3427 %

[P]set request:           177113985 
[P]get request:           144421209 

[P]Get Hit Rate:          73.4325 %
[P]ACC Hit Rate:          76.3251 %

[P]total cuckoo num:      4426 
[P]total cuckoo path:     3095 
[P]total cp perset:       0.000017 / set
[P]total cp percuckoo:    0.699277 / cuckoo num

[P]cuckoo path / s:       135.828 / s
[P]cp per set * s:        0.000051 / set * s

[P]break loop / s:        0 / s
[P]break / set :          0 %

[P]Throughput:            4658365.456 ops
[P]all request:           321535194 o

[P]GetThroughput:         2042624.919 ops
[P]SetThroughput:         2615740.537 ops

[P]Valid Entries:         10346.922 / s
[P]set success:           2669081.118 / s

[P]expire scan persec:    9653944.695 / s
[P]total expire scan:     530384147
[P]expire hit persec:     2469390.847 / s
[P]total expire hit:      84543637

[P]expire hit rate:       25.579086 %
[P]total expire hit rate: 15.940076 %

[P]get found:             1499950.824 / s

----------------------------------
[INFO]End rx_queue_1:1814898

[INFO]Current Time:       69.52 s

[P]indexs Load Factor:    99.9614 %

[P]full bucket LFactor:   87.3604 %

[P]set request:           178581439 
[P]get request:           145606586 

[P]Get Hit Rate:          73.1319 %
[P]ACC Hit Rate:          76.2991 %

[P]total cuckoo num:      4439 
[P]total cuckoo path:     3225 
[P]total cp perset:       0.000018 / set
[P]total cp percuckoo:    0.726515 / cuckoo num

[P]cuckoo path / s:       173.103 / s
[P]cp per set * s:        0.000085 / set * s

[P]break loop / s:        0 / s
[P]break / set :          0 %

[P]Throughput:            3532411.934 ops
[P]all request:           324188025 o

[P]GetThroughput:         1578404.301 ops
[P]SetThroughput:         1954007.633 ops

[P]Valid Entries:         6784.314 / s
[P]set success:           2038450.040 / s

[P]expire scan persec:    7352858.282 / s
[P]total expire scan:     535906122
[P]expire hit persec:     1935227.266 / s
[P]total expire hit:      85996987

[P]expire hit rate:       26.319388 %
[P]total expire hit rate: 16.047025 %

[P]get found:             1154317.425 / s

----------------------------------

[INFO]Current Time:       70.27 s

[P]indexs Load Factor:    99.9664 %

[P]full bucket LFactor:   87.3778 %

[P]set request:           180299777 
[P]get request:           146965614 

[P]Get Hit Rate:          72.0483 %
[P]ACC Hit Rate:          76.2598 %

[P]total cuckoo num:      4455 
[P]total cuckoo path:     3385 
[P]total cp perset:       0.000019 / set
[P]total cp percuckoo:    0.759820 / cuckoo num

[P]cuckoo path / s:       214.456 / s
[P]cp per set * s:        0.000093 / set * s

[P]break loop / s:        0 / s
[P]break / set :          0 %

[P]Throughput:            4124757.098 ops
[P]all request:           327265391 o

[P]GetThroughput:         1821577.410 ops
[P]SetThroughput:         2303179.688 ops

[P]Valid Entries:         6936.327 / s
[P]set success:           2313578.147 / s

[P]expire scan persec:    8377512.557 / s
[P]total expire scan:     542156350
[P]expire hit persec:     2253996.770 / s
[P]total expire hit:      87678631

[P]expire hit rate:       26.905322 %
[P]total expire hit rate: 16.172204 %

[P]get found:             1312416.133 / s

----------------------------------

[INFO]Current Time:       71.02 s

[P]indexs Load Factor:    99.9706 %

[P]full bucket LFactor:   87.3928 %

[P]set request:           181995527 
[P]get request:           148332864 

[P]Get Hit Rate:          73.4065 %
[P]ACC Hit Rate:          76.2335 %

[P]total cuckoo num:      4477 
[P]total cuckoo path:     3601 
[P]total cp perset:       0.000020 / set
[P]total cp percuckoo:    0.804333 / cuckoo num

[P]cuckoo path / s:       287.275 / s
[P]cp per set * s:        0.000122 / set * s

[P]break loop / s:        0 / s
[P]break / set :          0 %

[P]Throughput:            4073724.159 ops
[P]all request:           330328391 o

[P]GetThroughput:         1818413.110 ops
[P]SetThroughput:         2255311.049 ops

[P]Valid Entries:         6168.440 / s
[P]set success:           2352894.232 / s

[P]expire scan persec:    8549794.745 / s
[P]total expire scan:     548584871
[P]expire hit persec:     2295851.454 / s
[P]total expire hit:      89404863

[P]expire hit rate:       26.852708 %
[P]total expire hit rate: 16.297362 %

[P]get found:             1334834.256 / s

----------------------------------

[INFO]Current Time:       71.78 s

[P]indexs Load Factor:    99.9742 %

[P]full bucket LFactor:   87.4055 %

[P]set request:           183744263 
[P]get request:           149716333 

[P]Get Hit Rate:          72.0685 %
[P]ACC Hit Rate:          76.1950 %

[P]total cuckoo num:      4498 
[P]total cuckoo path:     3811 
[P]total cp perset:       0.000020 / set
[P]total cp percuckoo:    0.847265 / cuckoo num

[P]cuckoo path / s:       279.038 / s
[P]cp per set * s:        0.000117 / set * s

[P]break loop / s:        0 / s
[P]break / set :          0 %

[P]Throughput:            4161922.324 ops
[P]all request:           333460596 o

[P]GetThroughput:         1838286.611 ops
[P]SetThroughput:         2323635.713 ops

[P]Valid Entries:         5269.829 / s
[P]set success:           2377818.216 / s

[P]expire scan persec:    8431400.444 / s
[P]total expire scan:     554930226
[P]expire hit persec:     2319046.205 / s
[P]total expire hit:      91150145

[P]expire hit rate:       27.504876 %
[P]total expire hit rate: 16.425515 %

[P]get found:             1324825.113 / s

----------------------------------

[INFO]Current Time:       72.51 s

[P]indexs Load Factor:    99.9772 %

[P]full bucket LFactor:   87.4161 %

[P]set request:           185383908 
[P]get request:           151088882 

[P]Get Hit Rate:          72.1560 %
[P]ACC Hit Rate:          76.1583 %

[P]total cuckoo num:      4511 
[P]total cuckoo path:     3941 
[P]total cp perset:       0.000021 / set
[P]total cp percuckoo:    0.873642 / cuckoo num

[P]cuckoo path / s:       175.855 / s
[P]cp per set * s:        0.000073 / set * s

[P]break loop / s:        0 / s
[P]break / set :          0 %

[P]Throughput:            4074684.803 ops
[P]all request:           336472790 o

[P]GetThroughput:         1856688.033 ops
[P]SetThroughput:         2217996.770 ops

[P]Valid Entries:         4661.507 / s
[P]set success:           2400459.739 / s

[P]expire scan persec:    8383375.641 / s
[P]total expire scan:     561127602
[P]expire hit persec:     2341614.637 / s
[P]total expire hit:      92881174

[P]expire hit rate:       27.931644 %
[P]total expire hit rate: 16.552594 %

[P]get found:             1339712.552 / s

----------------------------------
[INFO]End rx_queue_3:925077

[INFO]Current Time:       73.26 s

[P]indexs Load Factor:    99.9795 %

[P]full bucket LFactor:   87.4242 %

[P]set request:           186776355 
[P]get request:           152169343 

[P]Get Hit Rate:          74.9755 %
[P]ACC Hit Rate:          76.1499 %

[P]total cuckoo num:      4528 
[P]total cuckoo path:     4111 
[P]total cp perset:       0.000022 / set
[P]total cp percuckoo:    0.907906 / cuckoo num

[P]cuckoo path / s:       229.027 / s
[P]cp per set * s:        0.000120 / set * s

[P]break loop / s:        0 / s
[P]break / set :          0 %

[P]Throughput:            3331552.132 ops
[P]all request:           338945698 o

[P]GetThroughput:         1455619.112 ops
[P]SetThroughput:         1875933.020 ops

[P]Valid Entries:         3253.537 / s
[P]set success:           1903098.372 / s

[P]expire scan persec:    6973899.930 / s
[P]total expire scan:     566304112
[P]expire hit persec:     1876086.603 / s
[P]total expire hit:      94273735

[P]expire hit rate:       26.901542 %
[P]total expire hit rate: 16.647192 %

[P]get found:             1091357.658 / s

----------------------------------

[INFO]Current Time:       74.00 s

[P]indexs Load Factor:    99.9805 %

[P]full bucket LFactor:   87.4279 %

[P]set request:           187981438 
[P]get request:           153125089 

[P]Get Hit Rate:          73.1909 %
[P]ACC Hit Rate:          76.1314 %

[P]total cuckoo num:      4539 
[P]total cuckoo path:     4221 
[P]total cp perset:       0.000022 / set
[P]total cp percuckoo:    0.929941 / cuckoo num

[P]cuckoo path / s:       147.134 / s
[P]cp per set * s:        0.000090 / set * s

[P]break loop / s:        0 / s
[P]break / set :          0 %

[P]Throughput:            2890276.737 ops
[P]all request:           341106527 o

[P]GetThroughput:         1278384.560 ops
[P]SetThroughput:         1611892.177 ops

[P]Valid Entries:         2478.532 / s
[P]set success:           1629859.859 / s

[P]expire scan persec:    5960290.481 / s
[P]total expire scan:     570760145
[P]expire hit persec:     1611738.356 / s
[P]total expire hit:      95478703

[P]expire hit rate:       27.041272 %
[P]total expire hit rate: 16.728341 %

[P]get found:             935661.032 / s

----------------------------------
[INFO]End rx_queue_0:1833277
[INFO]End rx_queue_2:1805953
Finish the job......

[INFO]Current Time:       74.75 s

[P]indexs Load Factor:    99.9805 %

[P]full bucket LFactor:   87.4279 %

[P]set request:           188128446 
[P]get request:           153240067 

[P]Get Hit Rate:          72.1399 %
[P]ACC Hit Rate:          76.1284 %

[P]total cuckoo num:      4539 
[P]total cuckoo path:     4221 
[P]total cp perset:       0.000022 / set
[P]total cp percuckoo:    0.929941 / cuckoo num

[P]cuckoo path / s:       0 / s
[P]cp per set * s:        0 / set * s

[P]break loop / s:        0 / s
[P]break / set :          0 %

[P]Throughput:            350524.672 ops
[P]all request:           341368513 o

[P]GetThroughput:         153835.036 ops
[P]SetThroughput:         196689.636 ops

[P]Valid Entries:         280.970 / s
[P]set success:           196690.974 / s

[P]expire scan persec:    700425.858 / s
[P]total expire scan:     571283651
[P]expire hit persec:     195247.324 / s
[P]total expire hit:      95624633

[P]expire hit rate:       27.875516 %
[P]total expire hit rate: 16.738556 %

[P]get found:             110976.422 / s

----------------------------------

Total Index Entries:      94043339

indexs Load Factor:     99.980466 %

log_0 Load Factor:      3435973836629.460938 %

log_1 Load Factor:      3435973836659.972656 %

log_2 Load Factor:      3435973836628.261230 %

log_3 Load Factor:      3435973836743.787598 %

Get Hit Rate:           76.128415%

Max Throughput:         5670687.52

Calc Load Factor:       99.980466%

set request:              59125642 | set_success:              59125642
set_fail:                        0 | set_key_duplicate:          921542 | set_mica_evicted:                0
set_random:                      0 | set_cuckoo_evicted:           1414 | set_expire_evicted:       30391528

get request:              47665176
get_found:                36204710 | get_notfound:             11460466 | get_hit_ratio:          75.956312%

clean up:                        0 | test_notfound:                   0
move_to_head_performed:    3784198 | move_to_head_skipped:     32420511 | move_to_head_failed:             1


set request:              57163401 | set_success:              57163401
set_fail:                        0 | set_key_duplicate:          741337 | set_mica_evicted:                0
set_random:                      0 | set_cuckoo_evicted:            946 | set_expire_evicted:       26425452

get request:              47187322
get_found:                37211243 | get_notfound:              9976079 | get_hit_ratio:          78.858561%

clean up:                        0 | test_notfound:                   0
move_to_head_performed:    3012789 | move_to_head_skipped:     34198450 | move_to_head_failed:             4


set request:              59259256 | set_success:              59259256
set_fail:                        0 | set_key_duplicate:          993567 | set_mica_evicted:                0
set_random:                      0 | set_cuckoo_evicted:           1373 | set_expire_evicted:       30494223

get request:              46954752
get_found:                34650248 | get_notfound:             12304504 | get_hit_ratio:          73.794976%

clean up:                        0 | test_notfound:                   0
move_to_head_performed:    4098709 | move_to_head_skipped:     30551539 | move_to_head_failed:             0


set request:              30585243 | set_success:              30585243
set_fail:                        0 | set_key_duplicate:          342512 | set_mica_evicted:                0
set_random:                      0 | set_cuckoo_evicted:            806 | set_expire_evicted:       15179399

get request:              24051976
get_found:                17518709 | get_notfound:              6533267 | get_hit_ratio:          72.836880%

clean up:                        0 | test_notfound:                   0
move_to_head_performed:    1611727 | move_to_head_skipped:     15906981 | move_to_head_failed:             1


[INFO] Everything works fine.
deleting piekv......
