EAL: Detected 44 lcore(s)
EAL: Detected 1 NUMA nodes
EAL: Multi-process socket /var/run/dpdk/rte/mp_socket
EAL: Selected IOVA mode 'PA'
EAL: No available hugepages reported in hugepages-1048576kB
[INFO] 单个Log Size为:-2147483648 GB
[INFO] 运行proto
[INFO] 运行cleanup
[INFO] 运行reload
[INFO] reload kv size 8
EAL: Probing VFIO support...
EAL: VFIO support initialized
EAL: PCI device 0000:03:00.0 on NUMA socket 0
EAL:   probe driver: 15b3:1017 net_mlx5
WEN: There are 1 device(s) available
starting port 0...
querying port 0...
port 0: 100 Gbps (full-duplex)
Adding UDP filter for each endpoint.
port_id/queue_id/udp_port = 0 0 0
Flow is created with src_port = 0, dst_port = 0
port_id/queue_id/udp_port = 0 1 1
Flow is created with src_port = 0, dst_port = 1
port_id/queue_id/udp_port = 0 2 2
Flow is created with src_port = 0, dst_port = 2
port_id/queue_id/udp_port = 0 3 3
Flow is created with src_port = 0, dst_port = 3
MEM: Initializing pages...
 == [STAT] Workers Start (4 threads in total) == 
trigger:0.000000 

[INFO]Current Time:       6.37 s

[P]indexs Load Factor:    0.0702 %

[P]full bucket LFactor:   0.0000 %

[P]set request:           54622 
[P]get request:           35943 

[P]Get Hit Rate:          47.0523 %
[P]ACC Hit Rate:          47.0523 %

[P]total cuckoo num:      0 
[P]total cuckoo path:     0 
[P]total cp perset:       0.000000 / set
[P]total cp percuckoo:    -nan / cuckoo num

[P]cuckoo path / s:       0 / s
[P]cp per set * s:        0 / set * s

[P]break loop / s:        0 / s
[P]break / set :          0 %

[P]Throughput:            128493.250 ops
[P]all request:           90565 o

[P]GetThroughput:         50995.781 ops
[P]SetThroughput:         77497.469 ops

[P]Valid Entries:         74769.125 / s
[P]set success:           77147.027 / s

[P]get found:             23994.676 / s

----------------------------------

[INFO]Current Time:       7.10 s

[P]indexs Load Factor:    0.2214 %

[P]full bucket LFactor:   0.0000 %

[P]set request:           179375 
[P]get request:           123181 

[P]Get Hit Rate:          54.8969 %
[P]ACC Hit Rate:          52.6080 %

[P]total cuckoo num:      0 
[P]total cuckoo path:     0 
[P]total cp perset:       0.000000 / set
[P]total cp percuckoo:    -nan / cuckoo num

[P]cuckoo path / s:       0 / s
[P]cp per set * s:        0 / set * s

[P]break loop / s:        0 / s
[P]break / set :          0 %

[P]Throughput:            290973.853 ops
[P]all request:           302556 o

[P]GetThroughput:         119740.824 ops
[P]SetThroughput:         171233.029 ops

[P]Valid Entries:         170677.136 / s
[P]set success:           172229.520 / s

[P]expire scan persec:    1574.345 / s
[P]total expire scan:     1147
[P]expire hit persec:       0.000 / s
[P]total expire hit:      0

[P]expire hit rate:       0.000000 %
[P]total expire hit rate: 0.000000 %

[P]get found:             65734.058 / s

----------------------------------

[INFO]Current Time:       7.82 s

[P]indexs Load Factor:    2.1644 %

[P]full bucket LFactor:   0.0000 %

[P]set request:           1503824 
[P]get request:           1062381 

[P]Get Hit Rate:          61.0801 %
[P]ACC Hit Rate:          60.0977 %

[P]total cuckoo num:      0 
[P]total cuckoo path:     0 
[P]total cp perset:       0.000000 / set
[P]total cp percuckoo:    -nan / cuckoo num

[P]cuckoo path / s:       0 / s
[P]cp per set * s:        0 / set * s

[P]break loop / s:        0 / s
[P]break / set :          0 %

[P]Throughput:            3137759.019 ops
[P]all request:           2566205 o

[P]GetThroughput:         1301872.892 ops
[P]SetThroughput:         1835886.127 ops

[P]Valid Entries:         1824386.619 / s
[P]set success:           1831379.750 / s

[P]expire scan persec:    216021.909 / s
[P]total expire scan:     156990
[P]expire hit persec:       0.000 / s
[P]total expire hit:      0

[P]expire hit rate:       0.000000 %
[P]total expire hit rate: 0.000000 %

[P]get found:             795184.850 / s

----------------------------------

[INFO]Current Time:       8.56 s

[P]indexs Load Factor:    4.8348 %

[P]full bucket LFactor:   0.0003 %

[P]set request:           3856950 
[P]get request:           2884072 

[P]Get Hit Rate:          65.3112 %
[P]ACC Hit Rate:          63.3908 %

[P]total cuckoo num:      0 
[P]total cuckoo path:     0 
[P]total cp perset:       0.000000 / set
[P]total cp percuckoo:    -nan / cuckoo num

[P]cuckoo path / s:       0 / s
[P]cp per set * s:        0 / set * s

[P]break loop / s:        0 / s
[P]break / set :          0 %

[P]Throughput:            5651825.432 ops
[P]all request:           6741022 o

[P]GetThroughput:         2466187.026 ops
[P]SetThroughput:         3185638.406 ops

[P]Valid Entries:         3199177.659 / s
[P]set success:           3168041.843 / s

[P]expire scan persec:    1245608.625 / s
[P]total expire scan:     1077080
[P]expire hit persec:       0.000 / s
[P]total expire hit:      0

[P]expire hit rate:       0.000000 %
[P]total expire hit rate: 0.000000 %

[P]get found:             1610695.999 / s

----------------------------------

[INFO]Current Time:       9.36 s

[P]indexs Load Factor:    7.6290 %

[P]full bucket LFactor:   0.0043 %

[P]set request:           6446851 
[P]get request:           4906460 

[P]Get Hit Rate:          70.0353 %
[P]ACC Hit Rate:          66.1296 %

[P]total cuckoo num:      0 
[P]total cuckoo path:     0 
[P]total cp perset:       0.000000 / set
[P]total cp percuckoo:    -nan / cuckoo num

[P]cuckoo path / s:       0 / s
[P]cp per set * s:        0 / set * s

[P]break loop / s:        0 / s
[P]break / set :          0 %

[P]Throughput:            5778993.395 ops
[P]all request:           11353311 o

[P]GetThroughput:         2533962.398 ops
[P]SetThroughput:         3245030.997 ops

[P]Valid Entries:         3163720.443 / s
[P]set success:           3165074.888 / s

[P]expire scan persec:    2352441.706 / s
[P]total expire scan:     2954594
[P]expire hit persec:       0.000 / s
[P]total expire hit:      0

[P]expire hit rate:       0.000000 %
[P]total expire hit rate: 0.000000 %

[P]get found:             1774668.790 / s

----------------------------------

[INFO]Current Time:       10.20 s

[P]indexs Load Factor:    10.4054 %

[P]full bucket LFactor:   0.0224 %

[P]set request:           9038473 
[P]get request:           7014620 

[P]Get Hit Rate:          71.9008 %
[P]ACC Hit Rate:          67.8640 %

[P]total cuckoo num:      0 
[P]total cuckoo path:     0 
[P]total cp perset:       0.000000 / set
[P]total cp percuckoo:    -nan / cuckoo num

[P]cuckoo path / s:       0 / s
[P]cp per set * s:        0 / set * s

[P]break loop / s:        0 / s
[P]break / set :          0 %

[P]Throughput:            5549197.514 ops
[P]all request:           16053093 o

[P]GetThroughput:         2489178.483 ops
[P]SetThroughput:         3060019.030 ops

[P]Valid Entries:         3019806.735 / s
[P]set success:           3089969.557 / s

[P]expire scan persec:    3348822.110 / s
[P]total expire scan:     5790812
[P]expire hit persec:       0.000 / s
[P]total expire hit:      0

[P]expire hit rate:       0.000000 %
[P]total expire hit rate: 0.000000 %

[P]get found:             1789739.355 / s

----------------------------------

[INFO]Current Time:       11.09 s

[P]indexs Load Factor:    13.2367 %

[P]full bucket LFactor:   0.0782 %

[P]set request:           11717786 
[P]get request:           9230267 

[P]Get Hit Rate:          75.8443 %
[P]ACC Hit Rate:          69.7796 %

[P]total cuckoo num:      0 
[P]total cuckoo path:     0 
[P]total cp perset:       0.000000 / set
[P]total cp percuckoo:    -nan / cuckoo num

[P]cuckoo path / s:       0 / s
[P]cp per set * s:        0 / set * s

[P]break loop / s:        0 / s
[P]break / set :          0 %

[P]Throughput:            5534818.627 ops
[P]all request:           20948053 o

[P]GetThroughput:         2505271.603 ops
[P]SetThroughput:         3029547.024 ops

[P]Valid Entries:         2977510.258 / s
[P]set success:           3008082.607 / s

[P]expire scan persec:    4379948.648 / s
[P]total expire scan:     9664412
[P]expire hit persec:       1.131 / s
[P]total expire hit:      1

[P]expire hit rate:       0.000026 %
[P]total expire hit rate: 0.000010 %

[P]get found:             1900105.758 / s

----------------------------------

[INFO]Current Time:       11.97 s

[P]indexs Load Factor:    16.0376 %

[P]full bucket LFactor:   0.1999 %

[P]set request:           14373420 
[P]get request:           11387684 

[P]Get Hit Rate:          77.6303 %
[P]ACC Hit Rate:          71.2670 %

[P]total cuckoo num:      4 
[P]total cuckoo path:     0 
[P]total cp perset:       0.000000 / set
[P]total cp percuckoo:    0.000000 / cuckoo num

[P]cuckoo path / s:       0 / s
[P]cp per set * s:        0 / set * s

[P]break loop / s:        0 / s
[P]break / set :          0 %

[P]Throughput:            5477773.566 ops
[P]all request:           25761105 o

[P]GetThroughput:         2455373.807 ops
[P]SetThroughput:         3022398.621 ops

[P]Valid Entries:         2913804.896 / s
[P]set success:           2997873.529 / s

[P]expire scan persec:    5352297.146 / s
[P]total expire scan:     14367214
[P]expire hit persec:       0.000 / s
[P]total expire hit:      1

[P]expire hit rate:       0.000000 %
[P]total expire hit rate: 0.000007 %

[P]get found:             1906113.723 / s

----------------------------------

[INFO]Current Time:       12.87 s

[P]indexs Load Factor:    18.8669 %

[P]full bucket LFactor:   0.4266 %

[P]set request:           17047118 
[P]get request:           13514469 

[P]Get Hit Rate:          84.7375 %
[P]ACC Hit Rate:          73.3868 %

[P]total cuckoo num:      23 
[P]total cuckoo path:     1 
[P]total cp perset:       0.000000 / set
[P]total cp percuckoo:    0.043478 / cuckoo num

[P]cuckoo path / s:       1.107 / s
[P]cp per set * s:        0.000000 / set * s

[P]break loop / s:        0 / s
[P]break / set :          0 %

[P]Throughput:            5314931.050 ops
[P]all request:           30561587 o

[P]GetThroughput:         2354704.305 ops
[P]SetThroughput:         2960227.852 ops

[P]Valid Entries:         2890874.966 / s
[P]set success:           2980312.952 / s

[P]expire scan persec:    6339722.907 / s
[P]total expire scan:     20093295
[P]expire hit persec:       4.429 / s
[P]total expire hit:      5

[P]expire hit rate:       0.000070 %
[P]total expire hit rate: 0.000025 %

[P]get found:             1995318.181 / s

----------------------------------

[INFO]Current Time:       13.79 s

[P]indexs Load Factor:    21.6866 %

[P]full bucket LFactor:   0.7896 %

[P]set request:           19755129 
[P]get request:           15764846 

[P]Get Hit Rate:          81.9459 %
[P]ACC Hit Rate:          74.6086 %

[P]total cuckoo num:      111 
[P]total cuckoo path:     1 
[P]total cp perset:       0.000000 / set
[P]total cp percuckoo:    0.009009 / cuckoo num

[P]cuckoo path / s:       0 / s
[P]cp per set * s:        0 / set * s

[P]break loop / s:        0 / s
[P]break / set :          0 %

[P]Throughput:            5363829.045 ops
[P]all request:           35519975 o

[P]GetThroughput:         2434387.449 ops
[P]SetThroughput:         2929441.596 ops

[P]Valid Entries:         2809944.014 / s
[P]set success:           2852718.231 / s

[P]expire scan persec:    7182267.120 / s
[P]total expire scan:     26732669
[P]expire hit persec:      35.698 / s
[P]total expire hit:      38

[P]expire hit rate:       0.000497 %
[P]total expire hit rate: 0.000142 %

[P]get found:             1994881.044 / s

----------------------------------

[INFO]Current Time:       14.72 s

[P]indexs Load Factor:    24.4860 %

[P]full bucket LFactor:   1.3148 %

[P]set request:           22371990 
[P]get request:           18023467 

[P]Get Hit Rate:          84.5621 %
[P]ACC Hit Rate:          75.8559 %

[P]total cuckoo num:      363 
[P]total cuckoo path:     1 
[P]total cp perset:       0.000000 / set
[P]total cp percuckoo:    0.002755 / cuckoo num

[P]cuckoo path / s:       0 / s
[P]cp per set * s:        0 / set * s

[P]break loop / s:        0 / s
[P]break / set :          0 %

[P]Throughput:            5246791.298 ops
[P]all request:           40395457 o

[P]GetThroughput:         2430634.142 ops
[P]SetThroughput:         2816157.156 ops

[P]Valid Entries:         2819825.780 / s
[P]set success:           2914815.061 / s

[P]expire scan persec:    8210986.967 / s
[P]total expire scan:     34362574
[P]expire hit persec:      97.930 / s
[P]total expire hit:      129

[P]expire hit rate:       0.001193 %
[P]total expire hit rate: 0.000375 %

[P]get found:             2055395.975 / s

----------------------------------

[INFO]Current Time:       15.66 s

[P]indexs Load Factor:    27.2978 %

[P]full bucket LFactor:   2.0403 %

[P]set request:           25073686 
[P]get request:           20306354 

[P]Get Hit Rate:          80.3496 %
[P]ACC Hit Rate:          76.3611 %

[P]total cuckoo num:      1026 
[P]total cuckoo path:     12 
[P]total cp perset:       0.000000 / set
[P]total cp percuckoo:    0.011696 / cuckoo num

[P]cuckoo path / s:       11.705 / s
[P]cp per set * s:        0.000004 / set * s

[P]break loop / s:        0 / s
[P]break / set :          0 %

[P]Throughput:            5304135.924 ops
[P]all request:           45380040 o

[P]GetThroughput:         2429238.905 ops
[P]SetThroughput:         2874897.019 ops

[P]Valid Entries:         2747723.313 / s
[P]set success:           2756680.977 / s

[P]expire scan persec:    8937210.076 / s
[P]total expire scan:     42761353
[P]expire hit persec:     270.283 / s
[P]total expire hit:      383

[P]expire hit rate:       0.003024 %
[P]total expire hit rate: 0.000896 %

[P]get found:             1951884.197 / s

----------------------------------

[INFO]Current Time:       16.61 s

[P]indexs Load Factor:    30.1292 %

[P]full bucket LFactor:   2.9827 %

[P]set request:           27781013 
[P]get request:           22634889 

[P]Get Hit Rate:          81.4956 %
[P]ACC Hit Rate:          76.8893 %

[P]total cuckoo num:      1880 
[P]total cuckoo path:     30 
[P]total cp perset:       0.000001 / set
[P]total cp percuckoo:    0.015957 / cuckoo num

[P]cuckoo path / s:       19.077 / s
[P]cp per set * s:        0.000007 / set * s

[P]break loop / s:        0 / s
[P]break / set :          0 %

[P]Throughput:            5337217.318 ops
[P]all request:           50415902 o

[P]GetThroughput:         2467878.851 ops
[P]SetThroughput:         2869338.467 ops

[P]Valid Entries:         2748639.437 / s
[P]set success:           2796995.782 / s

[P]expire scan persec:    9240884.066 / s
[P]total expire scan:     51480469
[P]expire hit persec:     1274.990 / s
[P]total expire hit:      1586

[P]expire hit rate:       0.013797 %
[P]total expire hit rate: 0.003081 %

[P]get found:             2011213.134 / s

----------------------------------

[INFO]Current Time:       17.56 s

[P]indexs Load Factor:    33.0298 %

[P]full bucket LFactor:   4.1910 %

[P]set request:           30524897 
[P]get request:           25012812 

[P]Get Hit Rate:          82.0252 %
[P]ACC Hit Rate:          77.3776 %

[P]total cuckoo num:      2503 
[P]total cuckoo path:     60 
[P]total cp perset:       0.000002 / set
[P]total cp percuckoo:    0.023971 / cuckoo num

[P]cuckoo path / s:       31.450 / s
[P]cp per set * s:        0.000011 / set * s

[P]break loop / s:        0 / s
[P]break / set :          0 %

[P]Throughput:            5369406.519 ops
[P]all request:           55537709 o

[P]GetThroughput:         2492877.076 ops
[P]SetThroughput:         2876529.443 ops

[P]Valid Entries:         2803297.497 / s
[P]set success:           2894917.366 / s

[P]expire scan persec:    8908500.825 / s
[P]total expire scan:     59978172
[P]expire hit persec:     4153.532 / s
[P]total expire hit:      5548

[P]expire hit rate:       0.046624 %
[P]total expire hit rate: 0.009250 %

[P]get found:             2044788.354 / s

----------------------------------

[INFO]Current Time:       18.52 s

[P]indexs Load Factor:    35.9512 %

[P]full bucket LFactor:   5.6517 %

[P]set request:           33294147 
[P]get request:           27398247 

[P]Get Hit Rate:          78.9872 %
[P]ACC Hit Rate:          77.5177 %

[P]total cuckoo num:      2839 
[P]total cuckoo path:     76 
[P]total cp perset:       0.000002 / set
[P]total cp percuckoo:    0.026770 / cuckoo num

[P]cuckoo path / s:       16.727 / s
[P]cp per set * s:        0.000006 / set * s

[P]break loop / s:        0 / s
[P]break / set :          0 %

[P]Throughput:            5388757.481 ops
[P]all request:           60692395 o

[P]GetThroughput:         2493756.303 ops
[P]SetThroughput:         2895000.133 ops

[P]Valid Entries:         2822313.859 / s
[P]set success:           2912483.560 / s

[P]expire scan persec:    8521082.286 / s
[P]total expire scan:     68129124
[P]expire hit persec:     8563.994 / s
[P]total expire hit:      13740

[P]expire hit rate:       0.100504 %
[P]total expire hit rate: 0.020168 %

[P]get found:             1969747.950 / s

----------------------------------

[INFO]Current Time:       19.48 s

[P]indexs Load Factor:    38.8799 %

[P]full bucket LFactor:   7.3500 %

[P]set request:           36043603 
[P]get request:           29721267 

[P]Get Hit Rate:          80.8775 %
[P]ACC Hit Rate:          77.7803 %

[P]total cuckoo num:      3031 
[P]total cuckoo path:     90 
[P]total cp perset:       0.000003 / set
[P]total cp percuckoo:    0.029693 / cuckoo num

[P]cuckoo path / s:       14.539 / s
[P]cp per set * s:        0.000005 / set * s

[P]break loop / s:        0 / s
[P]break / set :          0 %

[P]Throughput:            5267695.929 ops
[P]all request:           65764870 o

[P]GetThroughput:         2412424.506 ops
[P]SetThroughput:         2855272.461 ops

[P]Valid Entries:         2786421.856 / s
[P]set success:           2875621.601 / s

[P]expire scan persec:    8116179.805 / s
[P]total expire scan:     75944518
[P]expire hit persec:     15800.569 / s
[P]total expire hit:      28955

[P]expire hit rate:       0.194680 %
[P]total expire hit rate: 0.038127 %

[P]get found:             1951108.110 / s

----------------------------------

[INFO]Current Time:       20.45 s

[P]indexs Load Factor:    41.8175 %

[P]full bucket LFactor:   9.2680 %

[P]set request:           38866741 
[P]get request:           32063426 

[P]Get Hit Rate:          80.2798 %
[P]ACC Hit Rate:          77.9629 %

[P]total cuckoo num:      3157 
[P]total cuckoo path:     104 
[P]total cp perset:       0.000003 / set
[P]total cp percuckoo:    0.032943 / cuckoo num

[P]cuckoo path / s:       14.516 / s
[P]cp per set * s:        0.000005 / set * s

[P]break loop / s:        0 / s
[P]break / set :          0 %

[P]Throughput:            5355536.274 ops
[P]all request:           70930167 o

[P]GetThroughput:         2428421.344 ops
[P]SetThroughput:         2927114.930 ops

[P]Valid Entries:         2809593.330 / s
[P]set success:           2903884.748 / s

[P]expire scan persec:    7980303.204 / s
[P]total expire scan:     83641345
[P]expire hit persec:     26626.838 / s
[P]total expire hit:      54636

[P]expire hit rate:       0.333657 %
[P]total expire hit rate: 0.065322 %

[P]get found:             1949531.217 / s

----------------------------------

[INFO]Current Time:       21.42 s

[P]indexs Load Factor:    44.7967 %

[P]full bucket LFactor:   11.4443 %

[P]set request:           41713769 
[P]get request:           34489953 

[P]Get Hit Rate:          78.6991 %
[P]ACC Hit Rate:          78.0147 %

[P]total cuckoo num:      3261 
[P]total cuckoo path:     122 
[P]total cp perset:       0.000003 / set
[P]total cp percuckoo:    0.037412 / cuckoo num

[P]cuckoo path / s:       18.384 / s
[P]cp per set * s:        0.000006 / set * s

[P]break loop / s:        0 / s
[P]break / set :          0 %

[P]Throughput:            5386097.531 ops
[P]all request:           76203722 o

[P]GetThroughput:         2478311.326 ops
[P]SetThroughput:         2907786.205 ops

[P]Valid Entries:         2825080.060 / s
[P]set success:           2885173.717 / s

[P]expire scan persec:    7913145.203 / s
[P]total expire scan:     91389145
[P]expire hit persec:     41842.295 / s
[P]total expire hit:      95604

[P]expire hit rate:       0.528769 %
[P]total expire hit rate: 0.104612 %

[P]get found:             1950408.800 / s

----------------------------------

[INFO]Current Time:       22.39 s

[P]indexs Load Factor:    47.6951 %

[P]full bucket LFactor:   13.7484 %

[P]set request:           44560235 
[P]get request:           36813672 

[P]Get Hit Rate:          80.3107 %
[P]ACC Hit Rate:          78.1596 %

[P]total cuckoo num:      3367 
[P]total cuckoo path:     133 
[P]total cp perset:       0.000003 / set
[P]total cp percuckoo:    0.039501 / cuckoo num

[P]cuckoo path / s:       11.446 / s
[P]cp per set * s:        0.000004 / set * s

[P]break loop / s:        0 / s
[P]break / set :          0 %

[P]Throughput:            5379921.307 ops
[P]all request:           81373907 o

[P]GetThroughput:         2417984.146 ops
[P]SetThroughput:         2961937.162 ops

[P]Valid Entries:         2819738.547 / s
[P]set success:           2894829.987 / s

[P]expire scan persec:    7858577.764 / s
[P]total expire scan:     98941356
[P]expire hit persec:     62761.768 / s
[P]total expire hit:      155919

[P]expire hit rate:       0.798640 %
[P]total expire hit rate: 0.157587 %

[P]get found:             1941899.999 / s

----------------------------------

[INFO]Current Time:       23.34 s

[P]indexs Load Factor:    50.5802 %

[P]full bucket LFactor:   16.2029 %

[P]set request:           47327372 
[P]get request:           39162309 

[P]Get Hit Rate:          79.2968 %
[P]ACC Hit Rate:          78.2278 %

[P]total cuckoo num:      3498 
[P]total cuckoo path:     158 
[P]total cp perset:       0.000003 / set
[P]total cp percuckoo:    0.045169 / cuckoo num

[P]cuckoo path / s:       26.124 / s
[P]cp per set * s:        0.000009 / set * s

[P]break loop / s:        0 / s
[P]break / set :          0 %

[P]Throughput:            5345704.189 ops
[P]all request:           86489681 o

[P]GetThroughput:         2454197.282 ops
[P]SetThroughput:         2891506.906 ops

[P]Valid Entries:         2778149.146 / s
[P]set success:           2871055.236 / s

[P]expire scan persec:    7814474.279 / s
[P]total expire scan:     106419713
[P]expire hit persec:     88388.791 / s
[P]total expire hit:      240506

[P]expire hit rate:       1.131091 %
[P]total expire hit rate: 0.225998 %

[P]get found:             1946099.927 / s

----------------------------------

[INFO]Current Time:       24.30 s

[P]indexs Load Factor:    53.4465 %

[P]full bucket LFactor:   18.8029 %

[P]set request:           50144800 
[P]get request:           41474943 

[P]Get Hit Rate:          78.8687 %
[P]ACC Hit Rate:          78.2636 %

[P]total cuckoo num:      3610 
[P]total cuckoo path:     185 
[P]total cp perset:       0.000004 / set
[P]total cp percuckoo:    0.051247 / cuckoo num

[P]cuckoo path / s:       28.232 / s
[P]cp per set * s:        0.000010 / set * s

[P]break loop / s:        0 / s
[P]break / set :          0 %

[P]Throughput:            5364191.877 ops
[P]all request:           91619743 o

[P]GetThroughput:         2418179.842 ops
[P]SetThroughput:         2946012.035 ops

[P]Valid Entries:         2763921.357 / s
[P]set success:           2925387.855 / s

[P]expire scan persec:    7775258.238 / s
[P]total expire scan:     113855606
[P]expire hit persec:     121322.333 / s
[P]total expire hit:      356533

[P]expire hit rate:       1.560364 %
[P]total expire hit rate: 0.313145 %

[P]get found:             1907186.617 / s

----------------------------------

[INFO]Current Time:       25.25 s

[P]indexs Load Factor:    56.2618 %

[P]full bucket LFactor:   21.4948 %

[P]set request:           52978160 
[P]get request:           43794355 

[P]Get Hit Rate:          79.8433 %
[P]ACC Hit Rate:          78.3472 %

[P]total cuckoo num:      3697 
[P]total cuckoo path:     200 
[P]total cp perset:       0.000004 / set
[P]total cp percuckoo:    0.054098 / cuckoo num

[P]cuckoo path / s:       15.789 / s
[P]cp per set * s:        0.000005 / set * s

[P]break loop / s:        0 / s
[P]break / set :          0 %

[P]Throughput:            5423662.632 ops
[P]all request:           96772515 o

[P]GetThroughput:         2441347.724 ops
[P]SetThroughput:         2982314.908 ops

[P]Valid Entries:         2765366.172 / s
[P]set success:           2961999.220 / s

[P]expire scan persec:    7759870.008 / s
[P]total expire scan:     121227901
[P]expire hit persec:     163472.825 / s
[P]total expire hit:      511841

[P]expire hit rate:       2.106644 %
[P]total expire hit rate: 0.422214 %

[P]get found:             1949252.501 / s

----------------------------------

[INFO]Current Time:       26.19 s

[P]indexs Load Factor:    59.0337 %

[P]full bucket LFactor:   24.2828 %

[P]set request:           55783905 
[P]get request:           46083924 

[P]Get Hit Rate:          78.3920 %
[P]ACC Hit Rate:          78.3495 %

[P]total cuckoo num:      3775 
[P]total cuckoo path:     225 
[P]total cp perset:       0.000004 / set
[P]total cp percuckoo:    0.059603 / cuckoo num

[P]cuckoo path / s:       26.537 / s
[P]cp per set * s:        0.000009 / set * s

[P]break loop / s:        0 / s
[P]break / set :          0 %

[P]Throughput:            5408630.784 ops
[P]all request:           101867829 o

[P]GetThroughput:         2430357.261 ops
[P]SetThroughput:         2978273.523 ops

[P]Valid Entries:         2723223.734 / s
[P]set success:           2959259.032 / s

[P]expire scan persec:    7695766.349 / s
[P]total expire scan:     128477859
[P]expire hit persec:     208422.728 / s
[P]total expire hit:      708190

[P]expire hit rate:       2.708278 %
[P]total expire hit rate: 0.551216 %

[P]get found:             1905204.676 / s

----------------------------------

[INFO]Current Time:       27.13 s

[P]indexs Load Factor:    61.6948 %

[P]full bucket LFactor:   27.0825 %

[P]set request:           58517124 
[P]get request:           48380566 

[P]Get Hit Rate:          78.1821 %
[P]ACC Hit Rate:          78.3415 %

[P]total cuckoo num:      3828 
[P]total cuckoo path:     244 
[P]total cp perset:       0.000004 / set
[P]total cp percuckoo:    0.063741 / cuckoo num

[P]cuckoo path / s:       20.135 / s
[P]cp per set * s:        0.000007 / set * s

[P]break loop / s:        0 / s
[P]break / set :          0 %

[P]Throughput:            5330319.795 ops
[P]all request:           106897690 o

[P]GetThroughput:         2433831.932 ops
[P]SetThroughput:         2896487.863 ops

[P]Valid Entries:         2684514.368 / s
[P]set success:           2876992.978 / s

[P]expire scan persec:    7698735.345 / s
[P]total expire scan:     135742633
[P]expire hit persec:     265864.200 / s
[P]total expire hit:      959068

[P]expire hit rate:       3.453349 %
[P]total expire hit rate: 0.706534 %

[P]get found:             1902819.913 / s

----------------------------------

[INFO]Current Time:       28.06 s

[P]indexs Load Factor:    64.2649 %

[P]full bucket LFactor:   29.8753 %

[P]set request:           61155553 
[P]get request:           50579734 

[P]Get Hit Rate:          78.4592 %
[P]ACC Hit Rate:          78.3466 %

[P]total cuckoo num:      3873 
[P]total cuckoo path:     261 
[P]total cp perset:       0.000004 / set
[P]total cp percuckoo:    0.067390 / cuckoo num

[P]cuckoo path / s:       18.433 / s
[P]cp per set * s:        0.000007 / set * s

[P]break loop / s:        0 / s
[P]break / set :          0 %

[P]Throughput:            5245338.076 ops
[P]all request:           111735287 o

[P]GetThroughput:         2384526.790 ops
[P]SetThroughput:         2860811.286 ops

[P]Valid Entries:         2561926.801 / s
[P]set success:           2796217.124 / s

[P]expire scan persec:    7550685.975 / s
[P]total expire scan:     142706374
[P]expire hit persec:     320543.095 / s
[P]total expire hit:      1254694

[P]expire hit rate:       4.245218 %
[P]total expire hit rate: 0.879214 %

[P]get found:             1870879.972 / s

----------------------------------

[INFO]Current Time:       28.98 s

[P]indexs Load Factor:    66.7499 %

[P]full bucket LFactor:   32.6680 %

[P]set request:           63767736 
[P]get request:           52836731 

[P]Get Hit Rate:          77.7803 %
[P]ACC Hit Rate:          78.3224 %

[P]total cuckoo num:      3903 
[P]total cuckoo path:     277 
[P]total cp perset:       0.000004 / set
[P]total cp percuckoo:    0.070971 / cuckoo num

[P]cuckoo path / s:       17.243 / s
[P]cp per set * s:        0.000006 / set * s

[P]break loop / s:        0 / s
[P]break / set :          0 %

[P]Throughput:            5247487.143 ops
[P]all request:           116604467 o

[P]GetThroughput:         2432352.622 ops
[P]SetThroughput:         2815134.521 ops

[P]Valid Entries:         2543933.848 / s
[P]set success:           2933741.236 / s

[P]expire scan persec:    7678654.301 / s
[P]total expire scan:     149831451
[P]expire hit persec:     392447.739 / s
[P]total expire hit:      1618849

[P]expire hit rate:       5.110892 %
[P]total expire hit rate: 1.080447 %

[P]get found:             1891890.048 / s

----------------------------------

[INFO]Current Time:       29.90 s

[P]indexs Load Factor:    69.1899 %

[P]full bucket LFactor:   35.5112 %

[P]set request:           66447094 
[P]get request:           55077160 

[P]Get Hit Rate:          76.3101 %
[P]ACC Hit Rate:          78.2406 %

[P]total cuckoo num:      3920 
[P]total cuckoo path:     290 
[P]total cp perset:       0.000004 / set
[P]total cp percuckoo:    0.073980 / cuckoo num

[P]cuckoo path / s:       14.255 / s
[P]cp per set * s:        0.000005 / set * s

[P]break loop / s:        0 / s
[P]break / set :          0 %

[P]Throughput:            5394912.643 ops
[P]all request:           121524254 o

[P]GetThroughput:         2456797.162 ops
[P]SetThroughput:         2938115.481 ops

[P]Valid Entries:         2510844.026 / s
[P]set success:           2970287.879 / s

[P]expire scan persec:    7830191.725 / s
[P]total expire scan:     156972044
[P]expire hit persec:     464334.575 / s
[P]total expire hit:      2042290

[P]expire hit rate:       5.930054 %
[P]total expire hit rate: 1.301053 %

[P]get found:             1874784.798 / s

----------------------------------

[INFO]Current Time:       30.81 s

[P]indexs Load Factor:    71.5691 %

[P]full bucket LFactor:   38.3680 %

[P]set request:           69113263 
[P]get request:           57303652 

[P]Get Hit Rate:          76.1666 %
[P]ACC Hit Rate:          78.1600 %

[P]total cuckoo num:      3935 
[P]total cuckoo path:     300 
[P]total cp perset:       0.000004 / set
[P]total cp percuckoo:    0.076239 / cuckoo num

[P]cuckoo path / s:       10.991 / s
[P]cp per set * s:        0.000004 / set * s

[P]break loop / s:        0 / s
[P]break / set :          0 %

[P]Throughput:            5377513.730 ops
[P]all request:           126416915 o

[P]GetThroughput:         2447132.818 ops
[P]SetThroughput:         2930380.912 ops

[P]Valid Entries:         2432714.851 / s
[P]set success:           2917387.376 / s

[P]expire scan persec:    7876109.612 / s
[P]total expire scan:     164138020
[P]expire hit persec:     534884.816 / s
[P]total expire hit:      2528948

[P]expire hit rate:       6.791231 %
[P]total expire hit rate: 1.540745 %

[P]get found:             1863898.683 / s

----------------------------------

[INFO]Current Time:       31.73 s

[P]indexs Load Factor:    73.8481 %

[P]full bucket LFactor:   41.2164 %

[P]set request:           71789939 
[P]get request:           59536447 

[P]Get Hit Rate:          78.3988 %
[P]ACC Hit Rate:          78.1689 %

[P]total cuckoo num:      3946 
[P]total cuckoo path:     306 
[P]total cp perset:       0.000004 / set
[P]total cp percuckoo:    0.077547 / cuckoo num

[P]cuckoo path / s:       6.501 / s
[P]cp per set * s:        0.000002 / set * s

[P]break loop / s:        0 / s
[P]break / set :          0 %

[P]Throughput:            5319220.392 ops
[P]all request:           131326386 o

[P]GetThroughput:         2419146.318 ops
[P]SetThroughput:         2900074.073 ops

[P]Valid Entries:         2369196.599 / s
[P]set success:           2934653.815 / s

[P]expire scan persec:    8006748.669 / s
[P]total expire scan:     171527994
[P]expire hit persec:     641625.608 / s
[P]total expire hit:      3121148

[P]expire hit rate:       8.013560 %
[P]total expire hit rate: 1.819614 %

[P]get found:             1896581.157 / s

----------------------------------

[INFO]Current Time:       32.63 s

[P]indexs Load Factor:    75.9981 %

[P]full bucket LFactor:   43.9868 %

[P]set request:           74400335 
[P]get request:           61711687 

[P]Get Hit Rate:          78.3413 %
[P]ACC Hit Rate:          78.1750 %

[P]total cuckoo num:      3955 
[P]total cuckoo path:     313 
[P]total cp perset:       0.000004 / set
[P]total cp percuckoo:    0.079140 / cuckoo num

[P]cuckoo path / s:       7.761 / s
[P]cp per set * s:        0.000003 / set * s

[P]break loop / s:        0 / s
[P]break / set :          0 %

[P]Throughput:            5305642.341 ops
[P]all request:           136112022 o

[P]GetThroughput:         2411601.184 ops
[P]SetThroughput:         2894041.157 ops

[P]Valid Entries:         2284544.335 / s
[P]set success:           2887545.519 / s

[P]expire scan persec:    8100951.797 / s
[P]total expire scan:     178834971
[P]expire hit persec:     734639.016 / s
[P]total expire hit:      3783785

[P]expire hit rate:       9.068552 %
[P]total expire hit rate: 2.115797 %

[P]get found:             1889279.393 / s

----------------------------------

[INFO]Current Time:       33.52 s

[P]indexs Load Factor:    78.0433 %

[P]full bucket LFactor:   46.7049 %

[P]set request:           77061138 
[P]get request:           63891421 

[P]Get Hit Rate:          76.9784 %
[P]ACC Hit Rate:          78.1342 %

[P]total cuckoo num:      3963 
[P]total cuckoo path:     322 
[P]total cp perset:       0.000004 / set
[P]total cp percuckoo:    0.081252 / cuckoo num

[P]cuckoo path / s:       10.119 / s
[P]cp per set * s:        0.000003 / set * s

[P]break loop / s:        0 / s
[P]break / set :          0 %

[P]Throughput:            5442414.519 ops
[P]all request:           140952560 o

[P]GetThroughput:         2450763.937 ops
[P]SetThroughput:         2991649.457 ops

[P]Valid Entries:         2200595.854 / s
[P]set success:           2938953.851 / s

[P]expire scan persec:    8201120.793 / s
[P]total expire scan:     186129130
[P]expire hit persec:     830766.445 / s
[P]total expire hit:      4522677

[P]expire hit rate:       10.129914 %
[P]total expire hit rate: 2.429860 %

[P]get found:             1886559.589 / s

----------------------------------

[INFO]Current Time:       34.41 s

[P]indexs Load Factor:    79.9476 %

[P]full bucket LFactor:   49.3382 %

[P]set request:           79718927 
[P]get request:           66030420 

[P]Get Hit Rate:          76.8523 %
[P]ACC Hit Rate:          78.0927 %

[P]total cuckoo num:      3976 
[P]total cuckoo path:     337 
[P]total cp perset:       0.000004 / set
[P]total cp percuckoo:    0.084759 / cuckoo num

[P]cuckoo path / s:       16.952 / s
[P]cp per set * s:        0.000006 / set * s

[P]break loop / s:        0 / s
[P]break / set :          0 %

[P]Throughput:            5421022.810 ops
[P]all request:           145749347 o

[P]GetThroughput:         2417360.281 ops
[P]SetThroughput:         3003663.659 ops

[P]Valid Entries:         2116954.247 / s
[P]set success:           2953730.850 / s

[P]expire scan persec:    8356956.274 / s
[P]total expire scan:     193523775
[P]expire hit persec:     938184.857 / s
[P]total expire hit:      5352829

[P]expire hit rate:       11.226394 %
[P]total expire hit rate: 2.765980 %

[P]get found:             1857797.056 / s

----------------------------------

[INFO]Current Time:       35.28 s

[P]indexs Load Factor:    81.7110 %

[P]full bucket LFactor:   51.8406 %

[P]set request:           82218517 
[P]get request:           68074936 

[P]Get Hit Rate:          75.3998 %
[P]ACC Hit Rate:          78.0118 %

[P]total cuckoo num:      3985 
[P]total cuckoo path:     353 
[P]total cp perset:       0.000004 / set
[P]total cp percuckoo:    0.088582 / cuckoo num

[P]cuckoo path / s:       18.369 / s
[P]cp per set * s:        0.000007 / set * s

[P]break loop / s:        0 / s
[P]break / set :          0 %

[P]Throughput:            5216910.575 ops
[P]all request:           150293453 o

[P]GetThroughput:         2347228.947 ops
[P]SetThroughput:         2869681.628 ops

[P]Valid Entries:         1933074.002 / s
[P]set success:           2821916.553 / s

[P]expire scan persec:    8082908.075 / s
[P]total expire scan:     200564262
[P]expire hit persec:     994339.018 / s
[P]total expire hit:      6218932

[P]expire hit rate:       12.301748 %
[P]total expire hit rate: 3.100718 %

[P]get found:             1769804.812 / s

----------------------------------

[INFO]Current Time:       36.14 s

[P]indexs Load Factor:    83.3874 %

[P]full bucket LFactor:   54.3119 %

[P]set request:           84737716 
[P]get request:           70097598 

[P]Get Hit Rate:          76.6142 %
[P]ACC Hit Rate:          77.9715 %

[P]total cuckoo num:      3988 
[P]total cuckoo path:     360 
[P]total cp perset:       0.000004 / set
[P]total cp percuckoo:    0.090271 / cuckoo num

[P]cuckoo path / s:       8.139 / s
[P]cp per set * s:        0.000003 / set * s

[P]break loop / s:        0 / s
[P]break / set :          0 %

[P]Throughput:            5281011.828 ops
[P]all request:           154835314 o

[P]GetThroughput:         2351833.741 ops
[P]SetThroughput:         2929178.087 ops

[P]Valid Entries:         1880310.530 / s
[P]set success:           2935405.732 / s

[P]expire scan persec:    8355132.662 / s
[P]total expire scan:     207749978
[P]expire hit persec:     1115303.138 / s
[P]total expire hit:      7178133

[P]expire hit rate:       13.348718 %
[P]total expire hit rate: 3.455179 %

[P]get found:             1801839.408 / s

----------------------------------

[INFO]Current Time:       37.00 s

[P]indexs Load Factor:    84.9803 %

[P]full bucket LFactor:   56.7428 %

[P]set request:           87319262 
[P]get request:           72203506 

[P]Get Hit Rate:          75.1473 %
[P]ACC Hit Rate:          77.8891 %

[P]total cuckoo num:      3994 
[P]total cuckoo path:     371 
[P]total cp perset:       0.000004 / set
[P]total cp percuckoo:    0.092889 / cuckoo num

[P]cuckoo path / s:       12.743 / s
[P]cp per set * s:        0.000004 / set * s

[P]break loop / s:        0 / s
[P]break / set :          0 %

[P]Throughput:            5430347.875 ops
[P]all request:           159522768 o

[P]GetThroughput:         2439664.055 ops
[P]SetThroughput:         2990683.820 ops

[P]Valid Entries:         1822543.419 / s
[P]set success:           2901065.692 / s

[P]expire scan persec:    8638926.614 / s
[P]total expire scan:     215207064
[P]expire hit persec:     1243088.625 / s
[P]total expire hit:      8251162

[P]expire hit rate:       14.389387 %
[P]total expire hit rate: 3.834057 %

[P]get found:             1833342.822 / s

----------------------------------

[INFO]Current Time:       37.85 s

[P]indexs Load Factor:    86.4199 %

[P]full bucket LFactor:   59.0199 %

[P]set request:           89809199 
[P]get request:           74162129 

[P]Get Hit Rate:          76.2533 %
[P]ACC Hit Rate:          77.8459 %

[P]total cuckoo num:      4002 
[P]total cuckoo path:     378 
[P]total cp perset:       0.000004 / set
[P]total cp percuckoo:    0.094453 / cuckoo num

[P]cuckoo path / s:       8.277 / s
[P]cp per set * s:        0.000003 / set * s

[P]break loop / s:        0 / s
[P]break / set :          0 %

[P]Throughput:            5260254.806 ops
[P]all request:           163971328 o

[P]GetThroughput:         2315997.997 ops
[P]SetThroughput:         2944256.809 ops

[P]Valid Entries:         1694739.362 / s
[P]set success:           2857649.718 / s

[P]expire scan persec:    8619124.309 / s
[P]total expire scan:     222496196
[P]expire hit persec:     1329604.441 / s
[P]total expire hit:      9375599

[P]expire hit rate:       15.426213 %
[P]total expire hit rate: 4.213824 %

[P]get found:             1766024.106 / s

----------------------------------

[INFO]Current Time:       38.69 s

[P]indexs Load Factor:    87.7905 %

[P]full bucket LFactor:   61.2655 %

[P]set request:           92190639 
[P]get request:           76172379 

[P]Get Hit Rate:          76.2176 %
[P]ACC Hit Rate:          77.8029 %

[P]total cuckoo num:      4004 
[P]total cuckoo path:     379 
[P]total cp perset:       0.000004 / set
[P]total cp percuckoo:    0.094655 / cuckoo num

[P]cuckoo path / s:       1.184 / s
[P]cp per set * s:        0.000000 / set * s

[P]break loop / s:        0 / s
[P]break / set :          0 %

[P]Throughput:            5198514.319 ops
[P]all request:           168363018 o

[P]GetThroughput:         2379565.363 ops
[P]SetThroughput:         2818948.956 ops

[P]Valid Entries:         1582598.882 / s
[P]set success:           2785774.128 / s

[P]expire scan persec:    8671300.720 / s
[P]total expire scan:     229821686
[P]expire hit persec:     1422601.890 / s
[P]total expire hit:      10577409

[P]expire hit rate:       16.405865 %
[P]total expire hit rate: 4.602442 %

[P]get found:             1813647.250 / s

----------------------------------

[INFO]Current Time:       39.53 s

[P]indexs Load Factor:    89.0433 %

[P]full bucket LFactor:   63.3915 %

[P]set request:           94627452 
[P]get request:           78085072 

[P]Get Hit Rate:          78.8448 %
[P]ACC Hit Rate:          77.8284 %

[P]total cuckoo num:      4009 
[P]total cuckoo path:     392 
[P]total cp perset:       0.000004 / set
[P]total cp percuckoo:    0.097780 / cuckoo num

[P]cuckoo path / s:       15.572 / s
[P]cp per set * s:        0.000005 / set * s

[P]break loop / s:        0 / s
[P]break / set :          0 %

[P]Throughput:            5210018.419 ops
[P]all request:           172712524 o

[P]GetThroughput:         2291102.888 ops
[P]SetThroughput:         2918915.530 ops

[P]Valid Entries:         1483448.732 / s
[P]set success:           2942820.851 / s

[P]expire scan persec:    8769574.275 / s
[P]total expire scan:     237142834
[P]expire hit persec:     1495022.276 / s
[P]total expire hit:      11825506

[P]expire hit rate:       17.047832 %
[P]total expire hit rate: 4.986660 %

[P]get found:             1806415.525 / s

----------------------------------

[INFO]Current Time:       40.36 s

[P]indexs Load Factor:    90.2047 %

[P]full bucket LFactor:   65.4335 %

[P]set request:           97063020 
[P]get request:           80099401 

[P]Get Hit Rate:          75.9088 %
[P]ACC Hit Rate:          77.7802 %

[P]total cuckoo num:      4011 
[P]total cuckoo path:     394 
[P]total cp perset:       0.000004 / set
[P]total cp percuckoo:    0.098230 / cuckoo num

[P]cuckoo path / s:       2.399 / s
[P]cp per set * s:        0.000001 / set * s

[P]break loop / s:        0 / s
[P]break / set :          0 %

[P]Throughput:            5337822.874 ops
[P]all request:           177162421 o

[P]GetThroughput:         2416265.233 ops
[P]SetThroughput:         2921557.641 ops

[P]Valid Entries:         1409331.813 / s
[P]set success:           3004325.799 / s

[P]expire scan persec:    9048745.237 / s
[P]total expire scan:     244686356
[P]expire hit persec:     1655258.802 / s
[P]total expire hit:      13205419

[P]expire hit rate:       18.292689 %
[P]total expire hit rate: 5.396876 %

[P]get found:             1834157.977 / s

----------------------------------

[INFO]Current Time:       41.17 s

[P]indexs Load Factor:    91.2715 %

[P]full bucket LFactor:   67.3800 %

[P]set request:           99440101 
[P]get request:           82063390 

[P]Get Hit Rate:          75.8363 %
[P]ACC Hit Rate:          77.7336 %

[P]total cuckoo num:      4015 
[P]total cuckoo path:     403 
[P]total cp perset:       0.000004 / set
[P]total cp percuckoo:    0.100374 / cuckoo num

[P]cuckoo path / s:       11.042 / s
[P]cp per set * s:        0.000004 / set * s

[P]break loop / s:        0 / s
[P]break / set :          0 %

[P]Throughput:            5326191.656 ops
[P]all request:           181503491 o

[P]GetThroughput:         2409678.218 ops
[P]SetThroughput:         2916513.437 ops

[P]Valid Entries:         1306023.463 / s
[P]set success:           2953056.338 / s

[P]expire scan persec:    9158699.585 / s
[P]total expire scan:     252151081
[P]expire hit persec:     1725475.457 / s
[P]total expire hit:      14611754

[P]expire hit rate:       18.839743 %
[P]total expire hit rate: 5.794841 %

[P]get found:             1827411.306 / s

----------------------------------

[INFO]Current Time:       42.01 s

[P]indexs Load Factor:    92.2441 %

[P]full bucket LFactor:   69.2114 %

[P]set request:           101798960 
[P]get request:           84012728 

[P]Get Hit Rate:          75.7359 %
[P]ACC Hit Rate:          77.6873 %

[P]total cuckoo num:      4019 
[P]total cuckoo path:     411 
[P]total cp perset:       0.000004 / set
[P]total cp percuckoo:    0.102264 / cuckoo num

[P]cuckoo path / s:       9.582 / s
[P]cp per set * s:        0.000003 / set * s

[P]break loop / s:        0 / s
[P]break / set :          0 %

[P]Throughput:            5160259.731 ops
[P]all request:           185811688 o

[P]GetThroughput:         2334872.426 ops
[P]SetThroughput:         2825387.304 ops

[P]Valid Entries:         1172173.422 / s
[P]set success:           2865787.128 / s

[P]expire scan persec:    8983143.831 / s
[P]total expire scan:     259650927
[P]expire hit persec:     1762198.424 / s
[P]total expire hit:      16082978

[P]expire hit rate:       19.616723 %
[P]total expire hit rate: 6.194077 %

[P]get found:             1768337.031 / s

----------------------------------

[INFO]Current Time:       42.82 s

[P]indexs Load Factor:    93.1165 %

[P]full bucket LFactor:   70.9128 %

[P]set request:           104150884 
[P]get request:           85886018 

[P]Get Hit Rate:          76.9720 %
[P]ACC Hit Rate:          77.6717 %

[P]total cuckoo num:      4021 
[P]total cuckoo path:     414 
[P]total cp perset:       0.000004 / set
[P]total cp percuckoo:    0.102959 / cuckoo num

[P]cuckoo path / s:       3.704 / s
[P]cp per set * s:        0.000001 / set * s

[P]break loop / s:        0 / s
[P]break / set :          0 %

[P]Throughput:            5216531.983 ops
[P]all request:           190036902 o

[P]GetThroughput:         2312800.535 ops
[P]SetThroughput:         2903731.448 ops

[P]Valid Entries:         1091408.657 / s
[P]set success:           2897201.545 / s

[P]expire scan persec:    9188269.875 / s
[P]total expire scan:     267093114
[P]expire hit persec:     1833578.002 / s
[P]total expire hit:      17568114

[P]expire hit rate:       19.955639 %
[P]total expire hit rate: 6.577524 %

[P]get found:             1780209.101 / s

----------------------------------

[INFO]Current Time:       43.63 s

[P]indexs Load Factor:    93.9200 %

[P]full bucket LFactor:   72.5327 %

[P]set request:           106489756 
[P]get request:           87781913 

[P]Get Hit Rate:          75.5960 %
[P]ACC Hit Rate:          77.6269 %

[P]total cuckoo num:      4023 
[P]total cuckoo path:     419 
[P]total cp perset:       0.000004 / set
[P]total cp percuckoo:    0.104151 / cuckoo num

[P]cuckoo path / s:       6.188 / s
[P]cp per set * s:        0.000002 / set * s

[P]break loop / s:        0 / s
[P]break / set :          0 %

[P]Throughput:            5241275.042 ops
[P]all request:           194271669 o

[P]GetThroughput:         2346506.229 ops
[P]SetThroughput:         2894768.813 ops

[P]Valid Entries:         996262.165 / s
[P]set success:           3000403.334 / s

[P]expire scan persec:    9440486.432 / s
[P]total expire scan:     274720697
[P]expire hit persec:     2020141.861 / s
[P]total expire hit:      19200318

[P]expire hit rate:       21.398705 %
[P]total expire hit rate: 6.989032 %

[P]get found:             1773863.879 / s

----------------------------------

[INFO]Current Time:       44.43 s

[P]indexs Load Factor:    94.6367 %

[P]full bucket LFactor:   74.0230 %

[P]set request:           108769122 
[P]get request:           89627653 

[P]Get Hit Rate:          78.2337 %
[P]ACC Hit Rate:          77.6394 %

[P]total cuckoo num:      4027 
[P]total cuckoo path:     442 
[P]total cp perset:       0.000004 / set
[P]total cp percuckoo:    0.109759 / cuckoo num

[P]cuckoo path / s:       28.664 / s
[P]cp per set * s:        0.000010 / set * s

[P]break loop / s:        0 / s
[P]break / set :          0 %

[P]Throughput:            5140946.682 ops
[P]all request:           198396775 o

[P]GetThroughput:         2300268.388 ops
[P]SetThroughput:         2840678.294 ops

[P]Valid Entries:         925221.998 / s
[P]set success:           2897434.133 / s

[P]expire scan persec:    9564290.485 / s
[P]total expire scan:     282395103
[P]expire hit persec:     2071612.433 / s
[P]total expire hit:      20862584

[P]expire hit rate:       21.659865 %
[P]total expire hit rate: 7.387729 %

[P]get found:             1799585.451 / s

----------------------------------

[INFO]Current Time:       45.22 s

[P]indexs Load Factor:    95.2568 %

[P]full bucket LFactor:   75.3551 %

[P]set request:           111100095 
[P]get request:           91478970 

[P]Get Hit Rate:          76.6733 %
[P]ACC Hit Rate:          77.6198 %

[P]total cuckoo num:      4029 
[P]total cuckoo path:     445 
[P]total cp perset:       0.000004 / set
[P]total cp percuckoo:    0.110449 / cuckoo num

[P]cuckoo path / s:       3.801 / s
[P]cp per set * s:        0.000001 / set * s

[P]break loop / s:        0 / s
[P]break / set :          0 %

[P]Throughput:            5299458.440 ops
[P]all request:           202579065 o

[P]GetThroughput:         2345838.644 ops
[P]SetThroughput:         2953619.796 ops

[P]Valid Entries:         840900.608 / s
[P]set success:           2961513.947 / s

[P]expire scan persec:    9692280.681 / s
[P]total expire scan:     290044173
[P]expire hit persec:     2195640.712 / s
[P]total expire hit:      22595366

[P]expire hit rate:       22.653499 %
[P]total expire hit rate: 7.790319 %

[P]get found:             1798632.107 / s

----------------------------------

[INFO]Current Time:       46.00 s

[P]indexs Load Factor:    95.8264 %

[P]full bucket LFactor:   76.6067 %

[P]set request:           113217716 
[P]get request:           93193365 

[P]Get Hit Rate:          76.6143 %
[P]ACC Hit Rate:          77.6013 %

[P]total cuckoo num:      4031 
[P]total cuckoo path:     453 
[P]total cp perset:       0.000004 / set
[P]total cp percuckoo:    0.112379 / cuckoo num

[P]cuckoo path / s:       10.197 / s
[P]cp per set * s:        0.000004 / set * s

[P]break loop / s:        0 / s
[P]break / set :          0 %

[P]Throughput:            4884448.743 ops
[P]all request:           206411081 o

[P]GetThroughput:         2185239.963 ops
[P]SetThroughput:         2699208.780 ops

[P]Valid Entries:         713610.903 / s
[P]set success:           2762948.530 / s

[P]expire scan persec:    9132964.544 / s
[P]total expire scan:     297209294
[P]expire hit persec:     2116557.151 / s
[P]total expire hit:      24255877

[P]expire hit rate:       23.174919 %
[P]total expire hit rate: 8.161211 %

[P]get found:             1674205.372 / s

----------------------------------

[INFO]Current Time:       46.79 s

[P]indexs Load Factor:    96.3469 %

[P]full bucket LFactor:   77.7858 %

[P]set request:           115445081 
[P]get request:           95053361 

[P]Get Hit Rate:          75.1359 %
[P]ACC Hit Rate:          77.5531 %

[P]total cuckoo num:      4036 
[P]total cuckoo path:     474 
[P]total cp perset:       0.000004 / set
[P]total cp percuckoo:    0.117443 / cuckoo num

[P]cuckoo path / s:       26.700 / s
[P]cp per set * s:        0.000009 / set * s

[P]break loop / s:        0 / s
[P]break / set :          0 %

[P]Throughput:            5196739.962 ops
[P]all request:           210498442 o

[P]GetThroughput:         2364830.398 ops
[P]SetThroughput:         2831909.563 ops

[P]Valid Entries:         686313.400 / s
[P]set success:           2997233.178 / s

[P]expire scan persec:    9810962.459 / s
[P]total expire scan:     304925852
[P]expire hit persec:     2230829.411 / s
[P]total expire hit:      26010478

[P]expire hit rate:       22.738130 %
[P]total expire hit rate: 8.530099 %

[P]get found:             1776836.941 / s

----------------------------------

[INFO]Current Time:       47.57 s

[P]indexs Load Factor:    96.8103 %

[P]full bucket LFactor:   78.8622 %

[P]set request:           117738709 
[P]get request:           96869395 

[P]Get Hit Rate:          76.4406 %
[P]ACC Hit Rate:          77.5322 %

[P]total cuckoo num:      4041 
[P]total cuckoo path:     495 
[P]total cp perset:       0.000004 / set
[P]total cp percuckoo:    0.122494 / cuckoo num

[P]cuckoo path / s:       26.839 / s
[P]cp per set * s:        0.000009 / set * s

[P]break loop / s:        0 / s
[P]break / set :          0 %

[P]Throughput:            5252333.700 ops
[P]all request:           214608104 o

[P]GetThroughput:         2320973.496 ops
[P]SetThroughput:         2931360.204 ops

[P]Valid Entries:         615249.670 / s
[P]set success:           2951135.397 / s

[P]expire scan persec:    9933100.036 / s
[P]total expire scan:     312697956
[P]expire hit persec:     2340275.812 / s
[P]total expire hit:      27841615

[P]expire hit rate:       23.560377 %
[P]total expire hit rate: 8.903677 %

[P]get found:             1774165.701 / s

----------------------------------

[INFO]Current Time:       48.35 s

[P]indexs Load Factor:    97.2209 %

[P]full bucket LFactor:   79.8406 %

[P]set request:           119943998 
[P]get request:           98717344 

[P]Get Hit Rate:          73.5258 %
[P]ACC Hit Rate:          77.4572 %

[P]total cuckoo num:      4049 
[P]total cuckoo path:     546 
[P]total cp perset:       0.000005 / set
[P]total cp percuckoo:    0.134848 / cuckoo num

[P]cuckoo path / s:       65.391 / s
[P]cp per set * s:        0.000022 / set * s

[P]break loop / s:        0 / s
[P]break / set :          0 %

[P]Throughput:            5196973.543 ops
[P]all request:           218661343 o

[P]GetThroughput:         2369399.402 ops
[P]SetThroughput:         2827572.859 ops

[P]Valid Entries:         553028.980 / s
[P]set success:           3015927.360 / s

[P]expire scan persec:    10044380.509 / s
[P]total expire scan:     320531799
[P]expire hit persec:     2448480.289 / s
[P]total expire hit:      29751241

[P]expire hit rate:       24.376618 %
[P]total expire hit rate: 9.281838 %

[P]get found:             1742120.781 / s

----------------------------------

[INFO]Current Time:       49.13 s

[P]indexs Load Factor:    97.5818 %

[P]full bucket LFactor:   80.7251 %

[P]set request:           122169336 
[P]get request:           100477620 

[P]Get Hit Rate:          77.7837 %
[P]ACC Hit Rate:          77.4629 %

[P]total cuckoo num:      4056 
[P]total cuckoo path:     579 
[P]total cp perset:       0.000005 / set
[P]total cp percuckoo:    0.142751 / cuckoo num

[P]cuckoo path / s:       42.619 / s
[P]cp per set * s:        0.000014 / set * s

[P]break loop / s:        0 / s
[P]break / set :          0 %

[P]Throughput:            5147362.360 ops
[P]all request:           222646956 o

[P]GetThroughput:         2273371.355 ops
[P]SetThroughput:         2873992.297 ops

[P]Valid Entries:         490148.543 / s
[P]set success:           3012127.029 / s

[P]expire scan persec:    10123854.700 / s
[P]total expire scan:     328370720
[P]expire hit persec:     2452181.430 / s
[P]total expire hit:      31649970

[P]expire hit rate:       24.221816 %
[P]total expire hit rate: 9.638487 %

[P]get found:             1768311.318 / s

----------------------------------

[INFO]Current Time:       49.89 s

[P]indexs Load Factor:    97.9002 %

[P]full bucket LFactor:   81.5248 %

[P]set request:           124371201 
[P]get request:           102287045 

[P]Get Hit Rate:          72.6445 %
[P]ACC Hit Rate:          77.3777 %

[P]total cuckoo num:      4061 
[P]total cuckoo path:     610 
[P]total cp perset:       0.000005 / set
[P]total cp percuckoo:    0.150209 / cuckoo num

[P]cuckoo path / s:       40.410 / s
[P]cp per set * s:        0.000014 / set * s

[P]break loop / s:        0 / s
[P]break / set :          0 %

[P]Throughput:            5228970.978 ops
[P]all request:           226658246 o

[P]GetThroughput:         2358700.272 ops
[P]SetThroughput:         2870270.707 ops

[P]Valid Entries:         437057.446 / s
[P]set success:           2956215.948 / s

[P]expire scan persec:    10195372.995 / s
[P]total expire scan:     336191876
[P]expire hit persec:     2547584.006 / s
[P]total expire hit:      33604293

[P]expire hit rate:       24.987649 %
[P]total expire hit rate: 9.995570 %

[P]get found:             1713465.049 / s

----------------------------------

[INFO]Current Time:       50.66 s

[P]indexs Load Factor:    98.1789 %

[P]full bucket LFactor:   82.2407 %

[P]set request:           126567111 
[P]get request:           104056685 

[P]Get Hit Rate:          74.8483 %
[P]ACC Hit Rate:          77.3347 %

[P]total cuckoo num:      4068 
[P]total cuckoo path:     665 
[P]total cp perset:       0.000005 / set
[P]total cp percuckoo:    0.163471 / cuckoo num

[P]cuckoo path / s:       71.689 / s
[P]cp per set * s:        0.000024 / set * s

[P]break loop / s:        0 / s
[P]break / set :          0 %

[P]Throughput:            5168846.382 ops
[P]all request:           230623796 o

[P]GetThroughput:         2306615.050 ops
[P]SetThroughput:         2862231.332 ops

[P]Valid Entries:         384712.170 / s
[P]set success:           2949977.438 / s

[P]expire scan persec:    10238323.907 / s
[P]total expire scan:     344046740
[P]expire hit persec:     2586447.429 / s
[P]total expire hit:      35588621

[P]expire hit rate:       25.262411 %
[P]total expire hit rate: 10.344124 %

[P]get found:             1726462.861 / s

----------------------------------

[INFO]Current Time:       51.42 s

[P]indexs Load Factor:    98.4315 %

[P]full bucket LFactor:   82.9032 %

[P]set request:           128781443 
[P]get request:           105838680 

[P]Get Hit Rate:          74.5511 %
[P]ACC Hit Rate:          77.2878 %

[P]total cuckoo num:      4074 
[P]total cuckoo path:     706 
[P]total cp perset:       0.000005 / set
[P]total cp percuckoo:    0.173294 / cuckoo num

[P]cuckoo path / s:       53.982 / s
[P]cp per set * s:        0.000018 / set * s

[P]break loop / s:        0 / s
[P]break / set :          0 %

[P]Throughput:            5261685.427 ops
[P]all request:           234620124 o

[P]GetThroughput:         2346228.118 ops
[P]SetThroughput:         2915455.992 ops

[P]Valid Entries:         338984.832 / s
[P]set success:           3005782.078 / s

[P]expire scan persec:    10317029.913 / s
[P]total expire scan:     351882677
[P]expire hit persec:     2625161.455 / s
[P]total expire hit:      37582470

[P]expire hit rate:       25.444934 %
[P]total expire hit rate: 10.680398 %

[P]get found:             1749137.719 / s

----------------------------------

[INFO]Current Time:       52.21 s

[P]indexs Load Factor:    98.6474 %

[P]full bucket LFactor:   83.4801 %

[P]set request:           131084933 
[P]get request:           107692872 

[P]Get Hit Rate:          73.2801 %
[P]ACC Hit Rate:          77.2188 %

[P]total cuckoo num:      4084 
[P]total cuckoo path:     775 
[P]total cp perset:       0.000006 / set
[P]total cp percuckoo:    0.189765 / cuckoo num

[P]cuckoo path / s:       87.246 / s
[P]cp per set * s:        0.000029 / set * s

[P]break loop / s:        0 / s
[P]break / set :          0 %

[P]Throughput:            5257129.900 ops
[P]all request:           238777805 o

[P]GetThroughput:         2344510.847 ops
[P]SetThroughput:         2912620.317 ops

[P]Valid Entries:         297282.021 / s
[P]set success:           3006764.050 / s

[P]expire scan persec:    10373861.661 / s
[P]total expire scan:     360087003
[P]expire hit persec:     2611385.663 / s
[P]total expire hit:      39647724

[P]expire hit rate:       25.172744 %
[P]total expire hit rate: 11.010596 %

[P]get found:             1718058.943 / s

----------------------------------

[INFO]Current Time:       52.98 s

[P]indexs Load Factor:    98.8328 %

[P]full bucket LFactor:   83.9840 %

[P]set request:           133274977 
[P]get request:           109420179 

[P]Get Hit Rate:          77.4618 %
[P]ACC Hit Rate:          77.2226 %

[P]total cuckoo num:      4090 
[P]total cuckoo path:     810 
[P]total cp perset:       0.000006 / set
[P]total cp percuckoo:    0.198044 / cuckoo num

[P]cuckoo path / s:       45.780 / s
[P]cp per set * s:        0.000015 / set * s

[P]break loop / s:        0 / s
[P]break / set :          0 %

[P]Throughput:            5123942.141 ops
[P]all request:           242695156 o

[P]GetThroughput:         2259338.295 ops
[P]SetThroughput:         2864603.847 ops

[P]Valid Entries:         262011.809 / s
[P]set success:           3015195.269 / s

[P]expire scan persec:    10470814.001 / s
[P]total expire scan:     368092139
[P]expire hit persec:     2649291.990 / s
[P]total expire hit:      41673158

[P]expire hit rate:       25.301681 %
[P]total expire hit rate: 11.321393 %

[P]get found:             1750123.989 / s

----------------------------------

[INFO]Current Time:       53.73 s

[P]indexs Load Factor:    98.9936 %

[P]full bucket LFactor:   84.4319 %

[P]set request:           135418591 
[P]get request:           111109947 

[P]Get Hit Rate:          74.3670 %
[P]ACC Hit Rate:          77.1792 %

[P]total cuckoo num:      4102 
[P]total cuckoo path:     910 
[P]total cp perset:       0.000007 / set
[P]total cp percuckoo:    0.221843 / cuckoo num

[P]cuckoo path / s:       132.922 / s
[P]cp per set * s:        0.000045 / set * s

[P]break loop / s:        0 / s
[P]break / set :          0 %

[P]Throughput:            5095421.913 ops
[P]all request:           246528538 o

[P]GetThroughput:         2246079.544 ops
[P]SetThroughput:         2849342.369 ops

[P]Valid Entries:         223365.396 / s
[P]set success:           2945112.931 / s

[P]expire scan persec:    10269767.807 / s
[P]total expire scan:     375818279
[P]expire hit persec:     2610459.616 / s
[P]total expire hit:      43637056

[P]expire hit rate:       25.418877 %
[P]total expire hit rate: 11.611212 %

[P]get found:             1670340.953 / s

----------------------------------

[INFO]Current Time:       54.49 s

[P]indexs Load Factor:    99.1357 %

[P]full bucket LFactor:   84.8332 %

[P]set request:           137601024 
[P]get request:           112830556 

[P]Get Hit Rate:          77.3972 %
[P]ACC Hit Rate:          77.1825 %

[P]total cuckoo num:      4109 
[P]total cuckoo path:     963 
[P]total cp perset:       0.000007 / set
[P]total cp percuckoo:    0.234364 / cuckoo num

[P]cuckoo path / s:       69.607 / s
[P]cp per set * s:        0.000023 / set * s

[P]break loop / s:        0 / s
[P]break / set :          0 %

[P]Throughput:            5126044.095 ops
[P]all request:           250431580 o

[P]GetThroughput:         2259754.726 ops
[P]SetThroughput:         2866289.369 ops

[P]Valid Entries:         200454.667 / s
[P]set success:           2963634.565 / s

[P]expire scan persec:    10588929.885 / s
[P]total expire scan:     383880839
[P]expire hit persec:     2651679.460 / s
[P]total expire hit:      45656082

[P]expire hit rate:       25.041997 %
[P]total expire hit rate: 11.893295 %

[P]get found:             1748987.950 / s

----------------------------------

[INFO]Current Time:       55.25 s

[P]indexs Load Factor:    99.2593 %

[P]full bucket LFactor:   85.1872 %

[P]set request:           139735618 
[P]get request:           114613531 

[P]Get Hit Rate:          74.2988 %
[P]ACC Hit Rate:          77.1377 %

[P]total cuckoo num:      4112 
[P]total cuckoo path:     985 
[P]total cp perset:       0.000007 / set
[P]total cp percuckoo:    0.239543 / cuckoo num

[P]cuckoo path / s:       29.014 / s
[P]cp per set * s:        0.000010 / set * s

[P]break loop / s:        0 / s
[P]break / set :          0 %

[P]Throughput:            5166573.025 ops
[P]all request:           254349150 o

[P]GetThroughput:         2351424.618 ops
[P]SetThroughput:         2815147.089 ops

[P]Valid Entries:         174108.092 / s
[P]set success:           3027729.141 / s

[P]expire scan persec:    10646400.293 / s
[P]total expire scan:     391953505
[P]expire hit persec:     2626753.529 / s
[P]total expire hit:      47647826

[P]expire hit rate:       24.672692 %
[P]total expire hit rate: 12.156500 %

[P]get found:             1747080.235 / s

----------------------------------

[INFO]Current Time:       56.01 s

[P]indexs Load Factor:    99.3647 %

[P]full bucket LFactor:   85.4933 %

[P]set request:           141912106 
[P]get request:           116395265 

[P]Get Hit Rate:          72.7811 %
[P]ACC Hit Rate:          77.0710 %

[P]total cuckoo num:      4126 
[P]total cuckoo path:     1110 
[P]total cp perset:       0.000008 / set
[P]total cp percuckoo:    0.269026 / cuckoo num

[P]cuckoo path / s:       164.707 / s
[P]cp per set * s:        0.000055 / set * s

[P]break loop / s:        0 / s
[P]break / set :          0 %

[P]Throughput:            5215563.070 ops
[P]all request:           258307371 o

[P]GetThroughput:         2347707.733 ops
[P]SetThroughput:         2867856.655 ops

[P]Valid Entries:         150473.375 / s
[P]set success:           2969355.490 / s

[P]expire scan persec:    10685674.363 / s
[P]total expire scan:     400063130
[P]expire hit persec:     2804662.001 / s
[P]total expire hit:      49776354

[P]expire hit rate:       26.246935 %
[P]total expire hit rate: 12.442125 %

[P]get found:             1708686.717 / s

----------------------------------

[INFO]Current Time:       56.76 s

[P]indexs Load Factor:    99.4573 %

[P]full bucket LFactor:   85.7668 %

[P]set request:           143922070 
[P]get request:           118145281 

[P]Get Hit Rate:          72.7812 %
[P]ACC Hit Rate:          77.0074 %

[P]total cuckoo num:      4135 
[P]total cuckoo path:     1191 
[P]total cp perset:       0.000008 / set
[P]total cp percuckoo:    0.288029 / cuckoo num

[P]cuckoo path / s:       108.170 / s
[P]cp per set * s:        0.000036 / set * s

[P]break loop / s:        0 / s
[P]break / set :          0 %

[P]Throughput:            5021199.858 ops
[P]all request:           262067351 o

[P]GetThroughput:         2337028.413 ops
[P]SetThroughput:         2684171.445 ops

[P]Valid Entries:         130513.163 / s
[P]set success:           3011869.244 / s

[P]expire scan persec:    10675472.223 / s
[P]total expire scan:     408057148
[P]expire hit persec:     2808323.943 / s
[P]total expire hit:      51879286

[P]expire hit rate:       26.306321 %
[P]total expire hit rate: 12.713730 %

[P]get found:             1700916.462 / s

----------------------------------

[INFO]Current Time:       57.51 s

[P]indexs Load Factor:    99.5348 %

[P]full bucket LFactor:   86.0000 %

[P]set request:           146121987 
[P]get request:           119875902 

[P]Get Hit Rate:          74.1018 %
[P]ACC Hit Rate:          76.9655 %

[P]total cuckoo num:      4146 
[P]total cuckoo path:     1301 
[P]total cp perset:       0.000009 / set
[P]total cp percuckoo:    0.313796 / cuckoo num

[P]cuckoo path / s:       145.667 / s
[P]cp per set * s:        0.000048 / set * s

[P]break loop / s:        0 / s
[P]break / set :          0 %

[P]Throughput:            5205003.882 ops
[P]all request:           265997889 o

[P]GetThroughput:         2291769.988 ops
[P]SetThroughput:         2913233.894 ops

[P]Valid Entries:         112406.074 / s
[P]set success:           3016848.291 / s

[P]expire scan persec:    10708674.501 / s
[P]total expire scan:     416143761
[P]expire hit persec:     2774247.531 / s
[P]total expire hit:      53974248

[P]expire hit rate:       25.906545 %
[P]total expire hit rate: 12.970097 %

[P]get found:             1698243.723 / s

----------------------------------

[INFO]Current Time:       58.26 s

[P]indexs Load Factor:    99.6029 %

[P]full bucket LFactor:   86.2060 %

[P]set request:           148277084 
[P]get request:           121605561 

[P]Get Hit Rate:          72.6018 %
[P]ACC Hit Rate:          76.9034 %

[P]total cuckoo num:      4158 
[P]total cuckoo path:     1413 
[P]total cp perset:       0.000009 / set
[P]total cp percuckoo:    0.339827 / cuckoo num

[P]cuckoo path / s:       148.485 / s
[P]cp per set * s:        0.000051 / set * s

[P]break loop / s:        0 / s
[P]break / set :          0 %

[P]Throughput:            5150250.539 ops
[P]all request:           269882645 o

[P]GetThroughput:         2293111.124 ops
[P]SetThroughput:         2857139.415 ops

[P]Valid Entries:         95519.616 / s
[P]set success:           2904549.886 / s

[P]expire scan persec:    10538724.075 / s
[P]total expire scan:     424092961
[P]expire hit persec:     2678306.447 / s
[P]total expire hit:      55994454

[P]expire hit rate:       25.413954 %
[P]total expire hit rate: 13.203344 %

[P]get found:             1664840.525 / s

----------------------------------

[INFO]Current Time:       59.01 s

[P]indexs Load Factor:    99.6618 %

[P]full bucket LFactor:   86.3879 %

[P]set request:           150465964 
[P]get request:           123327535 

[P]Get Hit Rate:          74.1070 %
[P]ACC Hit Rate:          76.8644 %

[P]total cuckoo num:      4165 
[P]total cuckoo path:     1478 
[P]total cp perset:       0.000010 / set
[P]total cp percuckoo:    0.354862 / cuckoo num

[P]cuckoo path / s:       86.685 / s
[P]cp per set * s:        0.000029 / set * s

[P]break loop / s:        0 / s
[P]break / set :          0 %

[P]Throughput:            5215569.586 ops
[P]all request:           273793499 o

[P]GetThroughput:         2296448.607 ops
[P]SetThroughput:         2919120.979 ops

[P]Valid Entries:         84581.800 / s
[P]set success:           3024860.564 / s

[P]expire scan persec:    10794467.632 / s
[P]total expire scan:     432187108
[P]expire hit persec:     2750717.539 / s
[P]total expire hit:      58057058

[P]expire hit rate:       25.482660 %
[P]total expire hit rate: 13.433316 %

[P]get found:             1701830.140 / s

----------------------------------

[INFO]Current Time:       59.77 s

[P]indexs Load Factor:    99.7116 %

[P]full bucket LFactor:   86.5431 %

[P]set request:           152568403 
[P]get request:           125046775 

[P]Get Hit Rate:          73.9920 %
[P]ACC Hit Rate:          76.8249 %

[P]total cuckoo num:      4183 
[P]total cuckoo path:     1630 
[P]total cp perset:       0.000011 / set
[P]total cp percuckoo:    0.389672 / cuckoo num

[P]cuckoo path / s:       201.999 / s
[P]cp per set * s:        0.000068 / set * s

[P]break loop / s:        0 / s
[P]break / set :          0 %

[P]Throughput:            5078793.782 ops
[P]all request:           277615179 o

[P]GetThroughput:         2284771.468 ops
[P]SetThroughput:         2794020.986 ops

[P]Valid Entries:         70569.516 / s
[P]set success:           2952993.100 / s

[P]expire scan persec:    10554783.291 / s
[P]total expire scan:     440129349
[P]expire hit persec:     2636579.814 / s
[P]total expire hit:      60041026

[P]expire hit rate:       24.979952 %
[P]total expire hit rate: 13.641677 %

[P]get found:             1690548.023 / s

----------------------------------

[INFO]Current Time:       60.52 s

[P]indexs Load Factor:    99.7549 %

[P]full bucket LFactor:   86.6798 %

[P]set request:           154779043 
[P]get request:           126817750 

[P]Get Hit Rate:          73.9472 %
[P]ACC Hit Rate:          76.7847 %

[P]total cuckoo num:      4194 
[P]total cuckoo path:     1733 
[P]total cp perset:       0.000011 / set
[P]total cp percuckoo:    0.413209 / cuckoo num

[P]cuckoo path / s:       136.625 / s
[P]cp per set * s:        0.000045 / set * s

[P]break loop / s:        0 / s
[P]break / set :          0 %

[P]Throughput:            5281418.728 ops
[P]all request:           281596793 o

[P]GetThroughput:         2349112.830 ops
[P]SetThroughput:         2932307.224 ops

[P]Valid Entries:         62623.112 / s
[P]set success:           3039305.452 / s

[P]expire scan persec:    10878994.570 / s
[P]total expire scan:     448330925
[P]expire hit persec:     2836549.349 / s
[P]total expire hit:      62179475

[P]expire hit rate:       26.073635 %
[P]total expire hit rate: 13.869102 %

[P]get found:             1737102.599 / s

----------------------------------

[INFO]Current Time:       61.27 s

[P]indexs Load Factor:    99.7914 %

[P]full bucket LFactor:   86.7962 %

[P]set request:           156883756 
[P]get request:           128538755 

[P]Get Hit Rate:          73.9190 %
[P]ACC Hit Rate:          76.7463 %

[P]total cuckoo num:      4208 
[P]total cuckoo path:     1870 
[P]total cp perset:       0.000012 / set
[P]total cp percuckoo:    0.444392 / cuckoo num

[P]cuckoo path / s:       182.515 / s
[P]cp per set * s:        0.000062 / set * s

[P]break loop / s:        0 / s
[P]break / set :          0 %

[P]Throughput:            5096717.263 ops
[P]all request:           285422511 o

[P]GetThroughput:         2292765.931 ops
[P]SetThroughput:         2803951.331 ops

[P]Valid Entries:         52320.473 / s
[P]set success:           2966088.446 / s

[P]expire scan persec:    10636732.403 / s
[P]total expire scan:     456315111
[P]expire hit persec:     2773820.398 / s
[P]total expire hit:      64261571

[P]expire hit rate:       26.077749 %
[P]total expire hit rate: 14.082718 %

[P]get found:             1694790.067 / s

----------------------------------

[INFO]Current Time:       62.02 s

[P]indexs Load Factor:    99.8229 %

[P]full bucket LFactor:   86.8982 %

[P]set request:           159062448 
[P]get request:           130250642 

[P]Get Hit Rate:          75.3658 %
[P]ACC Hit Rate:          76.7282 %

[P]total cuckoo num:      4225 
[P]total cuckoo path:     2037 
[P]total cp perset:       0.000013 / set
[P]total cp percuckoo:    0.482130 / cuckoo num

[P]cuckoo path / s:       221.974 / s
[P]cp per set * s:        0.000074 / set * s

[P]break loop / s:        0 / s
[P]break / set :          0 %

[P]Throughput:            5171303.659 ops
[P]all request:           289313090 o

[P]GetThroughput:         2275416.463 ops
[P]SetThroughput:         2895887.196 ops

[P]Valid Entries:         45517.979 / s
[P]set success:           3002769.711 / s

[P]expire scan persec:    10788045.504 / s
[P]total expire scan:     464431390
[P]expire hit persec:     2762117.904 / s
[P]total expire hit:      66339623

[P]expire hit rate:       25.603506 %
[P]total expire hit rate: 14.284052 %

[P]get found:             1714886.708 / s

----------------------------------

[INFO]Current Time:       62.77 s

[P]indexs Load Factor:    99.8493 %

[P]full bucket LFactor:   86.9843 %

[P]set request:           161181735 
[P]get request:           131914600 

[P]Get Hit Rate:          75.3851 %
[P]ACC Hit Rate:          76.7113 %

[P]total cuckoo num:      4240 
[P]total cuckoo path:     2187 
[P]total cp perset:       0.000013 / set
[P]total cp percuckoo:    0.515802 / cuckoo num

[P]cuckoo path / s:       202.077 / s
[P]cp per set * s:        0.000071 / set * s

[P]break loop / s:        0 / s
[P]break / set :          0 %

[P]Throughput:            5096707.725 ops
[P]all request:           293096335 o

[P]GetThroughput:         2241649.058 ops
[P]SetThroughput:         2855058.666 ops

[P]Valid Entries:         38395.945 / s
[P]set success:           2844464.452 / s

[P]expire scan persec:    10636926.941 / s
[P]total expire scan:     472327095
[P]expire hit persec:     2837855.192 / s
[P]total expire hit:      68446140

[P]expire hit rate:       26.679277 %
[P]total expire hit rate: 14.491258 %

[P]get found:             1689868.842 / s

----------------------------------

[INFO]Current Time:       63.52 s

[P]indexs Load Factor:    99.8720 %

[P]full bucket LFactor:   87.0586 %

[P]set request:           163183229 
[P]get request:           133619769 

[P]Get Hit Rate:          73.8971 %
[P]ACC Hit Rate:          76.6753 %

[P]total cuckoo num:      4261 
[P]total cuckoo path:     2397 
[P]total cp perset:       0.000015 / set
[P]total cp percuckoo:    0.562544 / cuckoo num

[P]cuckoo path / s:       280.285 / s
[P]cp per set * s:        0.000097 / set * s

[P]break loop / s:        0 / s
[P]break / set :          0 %

[P]Throughput:            4947244.974 ops
[P]all request:           296802999 o

[P]GetThroughput:         2275870.908 ops
[P]SetThroughput:         2671372.731 ops

[P]Valid Entries:         32450.302 / s
[P]set success:           2888007.494 / s

[P]expire scan persec:    10592823.441 / s
[P]total expire scan:     480263641
[P]expire hit persec:     2828631.169 / s
[P]total expire hit:      70565458

[P]expire hit rate:       26.703279 %
[P]total expire hit rate: 14.693067 %

[P]get found:             1681803.347 / s

----------------------------------

[INFO]Current Time:       64.27 s

[P]indexs Load Factor:    99.8918 %

[P]full bucket LFactor:   87.1240 %

[P]set request:           165352118 
[P]get request:           135360168 

[P]Get Hit Rate:          75.1426 %
[P]ACC Hit Rate:          76.6556 %

[P]total cuckoo num:      4268 
[P]total cuckoo path:     2467 
[P]total cp perset:       0.000015 / set
[P]total cp percuckoo:    0.578022 / cuckoo num

[P]cuckoo path / s:       92.751 / s
[P]cp per set * s:        0.000031 / set * s

[P]break loop / s:        0 / s
[P]break / set :          0 %

[P]Throughput:            5179879.652 ops
[P]all request:           300712286 o

[P]GetThroughput:         2306061.787 ops
[P]SetThroughput:         2873819.189 ops

[P]Valid Entries:         28514.409 / s
[P]set success:           2982579.401 / s

[P]expire scan persec:    10942178.041 / s
[P]total expire scan:     488521770
[P]expire hit persec:     2868338.911 / s
[P]total expire hit:      72730211

[P]expire hit rate:       26.213601 %
[P]total expire hit rate: 14.887814 %

[P]get found:             1732834.706 / s

----------------------------------

[INFO]Current Time:       65.02 s

[P]indexs Load Factor:    99.9086 %

[P]full bucket LFactor:   87.1794 %

[P]set request:           167525650 
[P]get request:           137066767 

[P]Get Hit Rate:          73.8270 %
[P]ACC Hit Rate:          76.6204 %

[P]total cuckoo num:      4281 
[P]total cuckoo path:     2590 
[P]total cp perset:       0.000015 / set
[P]total cp percuckoo:    0.604999 / cuckoo num

[P]cuckoo path / s:       164.946 / s
[P]cp per set * s:        0.000055 / set * s

[P]break loop / s:        0 / s
[P]break / set :          0 %

[P]Throughput:            5203334.651 ops
[P]all request:           304592417 o

[P]GetThroughput:         2288583.997 ops
[P]SetThroughput:         2914750.654 ops

[P]Valid Entries:         24335.496 / s
[P]set success:           3024585.585 / s

[P]expire scan persec:    10896558.788 / s
[P]total expire scan:     496647343
[P]expire hit persec:     2853731.546 / s
[P]total expire hit:      74858241

[P]expire hit rate:       26.189292 %
[P]total expire hit rate: 15.072715 %

[P]get found:             1689593.117 / s

----------------------------------

[INFO]Current Time:       65.77 s

[P]indexs Load Factor:    99.9224 %

[P]full bucket LFactor:   87.2260 %

[P]set request:           169645179 
[P]get request:           138832051 

[P]Get Hit Rate:          73.7887 %
[P]ACC Hit Rate:          76.5844 %

[P]total cuckoo num:      4296 
[P]total cuckoo path:     2740 
[P]total cp perset:       0.000016 / set
[P]total cp percuckoo:    0.637803 / cuckoo num

[P]cuckoo path / s:       199.142 / s
[P]cp per set * s:        0.000066 / set * s

[P]break loop / s:        0 / s
[P]break / set :          0 %

[P]Throughput:            5157516.994 ops
[P]all request:           308477230 o

[P]GetThroughput:         2343608.876 ops
[P]SetThroughput:         2813908.118 ops

[P]Valid Entries:         20892.600 / s
[P]set success:           3035528.728 / s

[P]expire scan persec:    10949255.904 / s
[P]total expire scan:     504894686
[P]expire hit persec:     2869234.941 / s
[P]total expire hit:      77019444

[P]expire hit rate:       26.204840 %
[P]total expire hit rate: 15.254556 %

[P]get found:             1729318.370 / s

----------------------------------

[INFO]Current Time:       66.51 s

[P]indexs Load Factor:    99.9306 %

[P]full bucket LFactor:   87.2541 %

[P]set request:           171373967 
[P]get request:           140188667 

[P]Get Hit Rate:          72.5751 %
[P]ACC Hit Rate:          76.5456 %

[P]total cuckoo num:      4315 
[P]total cuckoo path:     2930 
[P]total cp perset:       0.000017 / set
[P]total cp percuckoo:    0.679027 / cuckoo num

[P]cuckoo path / s:       255.508 / s
[P]cp per set * s:        0.000114 / set * s

[P]break loop / s:        0 / s
[P]break / set :          0 %

[P]Throughput:            4149185.333 ops
[P]all request:           311562634 o

[P]GetThroughput:         1824348.192 ops
[P]SetThroughput:         2324837.141 ops

[P]Valid Entries:         13927.872 / s
[P]set success:           2240144.328 / s

[P]expire scan persec:    8614234.957 / s
[P]total expire scan:     511300376
[P]expire hit persec:     2263764.019 / s
[P]total expire hit:      78702817

[P]expire hit rate:       26.279339 %
[P]total expire hit rate: 15.392677 %

[P]get found:             1324021.962 / s

----------------------------------
[INFO]End rx_queue_1:1734203

[INFO]Current Time:       67.26 s

[P]indexs Load Factor:    99.9389 %

[P]full bucket LFactor:   87.2824 %

[P]set request:           172953436 
[P]get request:           141438975 

[P]Get Hit Rate:          70.6286 %
[P]ACC Hit Rate:          76.4933 %

[P]total cuckoo num:      4328 
[P]total cuckoo path:     3053 
[P]total cp perset:       0.000017 / set
[P]total cp percuckoo:    0.705407 / cuckoo num

[P]cuckoo path / s:       163.585 / s
[P]cp per set * s:        0.000080 / set * s

[P]break loop / s:        0 / s
[P]break / set :          0 %

[P]Throughput:            3763497.371 ops
[P]all request:           314392412 o

[P]GetThroughput:         1662862.200 ops
[P]SetThroughput:         2100633.841 ops

[P]Valid Entries:         10839.191 / s
[P]set success:           2036589.518 / s

[P]expire scan persec:    7715802.805 / s
[P]total expire scan:     517101897
[P]expire hit persec:     2039560.653 / s
[P]total expire hit:      80236365

[P]expire hit rate:       26.433551 %
[P]total expire hit rate: 15.516548 %

[P]get found:             1174456.244 / s

----------------------------------

[INFO]Current Time:       68.00 s

[P]indexs Load Factor:    99.9463 %

[P]full bucket LFactor:   87.3073 %

[P]set request:           174694878 
[P]get request:           142816086 

[P]Get Hit Rate:          72.1650 %
[P]ACC Hit Rate:          76.4516 %

[P]total cuckoo num:      4346 
[P]total cuckoo path:     3233 
[P]total cp perset:       0.000018 / set
[P]total cp percuckoo:    0.743902 / cuckoo num

[P]cuckoo path / s:       243.781 / s
[P]cp per set * s:        0.000103 / set * s

[P]break loop / s:        0 / s
[P]break / set :          0 %

[P]Throughput:            4223573.956 ops
[P]all request:           317510964 o

[P]GetThroughput:         1865073.968 ops
[P]SetThroughput:         2358501.342 ops

[P]Valid Entries:         10891.587 / s
[P]set success:           2369972.586 / s

[P]expire scan persec:    8577400.030 / s
[P]total expire scan:     523435175
[P]expire hit persec:     2266900.681 / s
[P]total expire hit:      81910172

[P]expire hit rate:       26.428762 %
[P]total expire hit rate: 15.648580 %

[P]get found:             1345930.422 / s

----------------------------------

[INFO]Current Time:       68.74 s

[P]indexs Load Factor:    99.9531 %

[P]full bucket LFactor:   87.3309 %

[P]set request:           176383516 
[P]get request:           144174894 

[P]Get Hit Rate:          72.0508 %
[P]ACC Hit Rate:          76.4101 %

[P]total cuckoo num:      4364 
[P]total cuckoo path:     3413 
[P]total cp perset:       0.000019 / set
[P]total cp percuckoo:    0.782081 / cuckoo num

[P]cuckoo path / s:       245.156 / s
[P]cp per set * s:        0.000104 / set * s

[P]break loop / s:        0 / s
[P]break / set :          0 %

[P]Throughput:            4150555.889 ops
[P]all request:           320558410 o

[P]GetThroughput:         1850667.263 ops
[P]SetThroughput:         2299888.627 ops

[P]Valid Entries:         9652.342 / s
[P]set success:           2352478.702 / s

[P]expire scan persec:    8434672.836 / s
[P]total expire scan:     529628131
[P]expire hit persec:     2294523.793 / s
[P]total expire hit:      83594871

[P]expire hit rate:       27.203471 %
[P]total expire hit rate: 15.783692 %

[P]get found:             1333420.521 / s

----------------------------------

[INFO]Current Time:       69.49 s

[P]indexs Load Factor:    99.9590 %

[P]full bucket LFactor:   87.3515 %

[P]set request:           178139671 
[P]get request:           145537595 

[P]Get Hit Rate:          70.9583 %
[P]ACC Hit Rate:          76.3590 %

[P]total cuckoo num:      4381 
[P]total cuckoo path:     3583 
[P]total cp perset:       0.000020 / set
[P]total cp percuckoo:    0.817850 / cuckoo num

[P]cuckoo path / s:       226.983 / s
[P]cp per set * s:        0.000095 / set * s

[P]break loop / s:        0 / s
[P]break / set :          0 %

[P]Throughput:            4164272.862 ops
[P]all request:           323677267 o

[P]GetThroughput:         1819467.450 ops
[P]SetThroughput:         2344804.077 ops

[P]Valid Entries:         8454.436 / s
[P]set success:           2397602.908 / s

[P]expire scan persec:    8311078.742 / s
[P]total expire scan:     535852763
[P]expire hit persec:     2341045.511 / s
[P]total expire hit:      85348211

[P]expire hit rate:       28.167770 %
[P]total expire hit rate: 15.927549 %

[P]get found:             1291063.888 / s

----------------------------------

[INFO]Current Time:       70.23 s

[P]indexs Load Factor:    99.9640 %

[P]full bucket LFactor:   87.3687 %

[P]set request:           179902021 
[P]get request:           146905148 

[P]Get Hit Rate:          69.4554 %
[P]ACC Hit Rate:          76.2948 %

[P]total cuckoo num:      4390 
[P]total cuckoo path:     3673 
[P]total cp perset:       0.000020 / set
[P]total cp percuckoo:    0.836674 / cuckoo num

[P]cuckoo path / s:       120.466 / s
[P]cp per set * s:        0.000050 / set * s

[P]break loop / s:        0 / s
[P]break / set :          0 %

[P]Throughput:            4189402.380 ops
[P]all request:           326807169 o

[P]GetThroughput:         1830482.166 ops
[P]SetThroughput:         2358921.552 ops

[P]Valid Entries:         7451.480 / s
[P]set success:           2413207.467 / s

[P]expire scan persec:    8243033.086 / s
[P]total expire scan:     542011132
[P]expire hit persec:     2315594.012 / s
[P]total expire hit:      87078191

[P]expire hit rate:       28.091529 %
[P]total expire hit rate: 16.065757 %

[P]get found:             1271369.505 / s

----------------------------------
[INFO]End rx_queue_3:915663

[INFO]Current Time:       70.98 s

[P]indexs Load Factor:    99.9675 %

[P]full bucket LFactor:   87.3813 %

[P]set request:           181353388 
[P]get request:           148081856 

[P]Get Hit Rate:          72.9246 %
[P]ACC Hit Rate:          76.2680 %

[P]total cuckoo num:      4397 
[P]total cuckoo path:     3742 
[P]total cp perset:       0.000020 / set
[P]total cp percuckoo:    0.851035 / cuckoo num

[P]cuckoo path / s:       92.125 / s
[P]cp per set * s:        0.000046 / set * s

[P]break loop / s:        0 / s
[P]break / set :          0 %

[P]Throughput:            3508857.333 ops
[P]all request:           329435244 o

[P]GetThroughput:         1571074.073 ops
[P]SetThroughput:         1937783.260 ops

[P]Valid Entries:         5404.661 / s
[P]set success:           2012588.682 / s

[P]expire scan persec:    7098971.502 / s
[P]total expire scan:     547328142
[P]expire hit persec:     1979893.687 / s
[P]total expire hit:      88561098

[P]expire hit rate:       27.889867 %
[P]total expire hit rate: 16.180622 %

[P]get found:             1145700.015 / s

----------------------------------

[INFO]Current Time:       71.73 s

[P]indexs Load Factor:    99.9700 %

[P]full bucket LFactor:   87.3903 %

[P]set request:           182715187 
[P]get request:           149164285 

[P]Get Hit Rate:          73.3134 %
[P]ACC Hit Rate:          76.2466 %

[P]total cuckoo num:      4406 
[P]total cuckoo path:     3832 
[P]total cp perset:       0.000021 / set
[P]total cp percuckoo:    0.869723 / cuckoo num

[P]cuckoo path / s:       120.232 / s
[P]cp per set * s:        0.000065 / set * s

[P]break loop / s:        0 / s
[P]break / set :          0 %

[P]Throughput:            3265279.658 ops
[P]all request:           331879472 o

[P]GetThroughput:         1446032.610 ops
[P]SetThroughput:         1819247.048 ops

[P]Valid Entries:         4515.391 / s
[P]set success:           1841882.783 / s

[P]expire scan persec:    6613133.527 / s
[P]total expire scan:     552278409
[P]expire hit persec:     1821101.297 / s
[P]total expire hit:      89924285

[P]expire hit rate:       27.537646 %
[P]total expire hit rate: 16.282419 %

[P]get found:             1060135.000 / s

----------------------------------
[INFO]End rx_queue_0:1791197

[INFO]Current Time:       72.48 s

[P]indexs Load Factor:    99.9716 %

[P]full bucket LFactor:   87.3961 %

[P]set request:           183451548 
[P]get request:           149741084 

[P]Get Hit Rate:          72.3361 %
[P]ACC Hit Rate:          76.2315 %

[P]total cuckoo num:      4408 
[P]total cuckoo path:     3852 
[P]total cp perset:       0.000021 / set
[P]total cp percuckoo:    0.873866 / cuckoo num

[P]cuckoo path / s:       26.789 / s
[P]cp per set * s:        0.000027 / set * s

[P]break loop / s:        0 / s
[P]break / set :          0 %

[P]Throughput:            1758881.759 ops
[P]all request:           333192632 o

[P]GetThroughput:         772580.066 ops
[P]SetThroughput:         986301.693 ops

[P]Valid Entries:         2136.386 / s
[P]set success:           986303.032 / s

[P]expire scan persec:    3463172.498 / s
[P]total expire scan:     554863972
[P]expire hit persec:     977861.964 / s
[P]total expire hit:      90654345

[P]expire hit rate:       28.236017 %
[P]total expire hit rate: 16.338121 %

[P]get found:             558854.421 / s

----------------------------------

[INFO]Current Time:       73.22 s

[P]indexs Load Factor:    99.9718 %

[P]full bucket LFactor:   87.3965 %

[P]set request:           183884561 
[P]get request:           150080935 

[P]Get Hit Rate:          72.5868 %
[P]ACC Hit Rate:          76.2232 %

[P]total cuckoo num:      4410 
[P]total cuckoo path:     3872 
[P]total cp perset:       0.000021 / set
[P]total cp percuckoo:    0.878005 / cuckoo num

[P]cuckoo path / s:       26.800 / s
[P]cp per set * s:        0.000046 / set * s

[P]break loop / s:        0 / s
[P]break / set :          0 %

[P]Throughput:            1035649.874 ops
[P]all request:           333965496 o

[P]GetThroughput:         455405.667 ops
[P]SetThroughput:         580244.207 ops

[P]Valid Entries:         1215.394 / s
[P]set success:           580244.207 / s

[P]expire scan persec:    1980426.585 / s
[P]total expire scan:     556341885
[P]expire hit persec:     575401.390 / s
[P]total expire hit:      91083744

[P]expire hit rate:       29.054417 %
[P]total expire hit rate: 16.371901 %

[P]get found:             330564.447 / s

----------------------------------
[INFO]End rx_queue_2:1783808
Finish the job......

Total Index Entries:      93844891

indexs Load Factor:     99.971762 %

log_0 Load Factor:      3435973836642.315430 %

log_1 Load Factor:      3435973836677.064453 %

log_2 Load Factor:      3435973836632.061523 %

log_3 Load Factor:      3435973836747.449707 %

Get Hit Rate:           76.223245%

Max Throughput:         5778993.40

Calc Load Factor:       99.971762%

set request:              57783486 | set_success:              57783486
set_fail:                        0 | set_key_duplicate:          907650 | set_mica_evicted:                0
set_random:                      0 | set_cuckoo_evicted:           1306 | set_expire_evicted:       28663538

get request:              46571096
get_found:                35358706 | get_notfound:             11212390 | get_hit_ratio:          75.924144%

clean up:                        0 | test_notfound:                   0
move_to_head_performed:    3712361 | move_to_head_skipped:     31646343 | move_to_head_failed:             2


set request:              54543006 | set_success:              54543006
set_fail:                        0 | set_key_duplicate:          717599 | set_mica_evicted:                0
set_random:                      0 | set_cuckoo_evicted:            925 | set_expire_evicted:       24133408

get request:              45089252
get_found:                35635498 | get_notfound:              9453754 | get_hit_ratio:          79.033243%

clean up:                        0 | test_notfound:                   0
move_to_head_performed:    2931381 | move_to_head_skipped:     32704115 | move_to_head_failed:             2


set request:              58488029 | set_success:              58488029
set_fail:                        0 | set_key_duplicate:          998742 | set_mica_evicted:                0
set_random:                      0 | set_cuckoo_evicted:           1368 | set_expire_evicted:       29969222

get request:              46378982
get_found:                34269935 | get_notfound:             12109047 | get_hit_ratio:          73.891089%

clean up:                        0 | test_notfound:                   0
move_to_head_performed:    4077165 | move_to_head_skipped:     30192769 | move_to_head_failed:             1


set request:              30237267 | set_success:              30237267
set_fail:                        0 | set_key_duplicate:          342842 | set_mica_evicted:                0
set_random:                      0 | set_cuckoo_evicted:            811 | set_expire_evicted:       14683602

get request:              23807212
get_found:                17377157 | get_notfound:              6430055 | get_hit_ratio:          72.991147%

clean up:                        0 | test_notfound:                   0
move_to_head_performed:    1615984 | move_to_head_skipped:     15761173 | move_to_head_failed:             0


[INFO] Everything works fine.
deleting piekv......
